Torch: 2.12.0+cu130
/u/ibrahim.eisawy/Neural-Guided-Search/venv/lib/python3.10/site-packages/pymimir_rgnn/model.py:162: UserWarning: index_reduce() is in beta and the API may change at any time. (Triggered internally at /pytorch/aten/src/ATen/native/cuda/Indexing.cu:1541.)
  exps_max.index_reduce_(0, output_indices, output_messages, reduce="amax", include_self=False)
Using GPU:  NVIDIA L40S
  [sim 29] found goal path of length 19
[Final] Expanded: 127, Generated: 127
[search done] simulations=29, unique states generated=127
Found a solution of length 19!
   1: (load-truck p2 t0 l0-1)
   2: (load-truck p1 t0 l0-1)
   3: (load-truck p0 t0 l0-1)
   4: (drive-truck t0 l0-1 l0-0 c0)
   5: (unload-truck p0 t0 l0-0)
   6: (unload-truck p2 t0 l0-0)
   7: (load-airplane p2 a0 l0-0)
   8: (unload-truck p1 t0 l0-0)
   9: (load-airplane p1 a0 l0-0)
  10: (drive-truck t1 l1-1 l1-0 c1)
  11: (drive-truck t0 l0-0 l0-1 c0)
  12: (fly-airplane a0 l0-0 l1-0)
  13: (unload-airplane p1 a0 l1-0)
  14: (load-truck p1 t1 l1-0)
  15: (unload-airplane p2 a0 l1-0)
  16: (load-truck p2 t1 l1-0)
  17: (drive-truck t1 l1-0 l1-1 c1)
  18: (unload-truck p1 t1 l1-1)
  19: (unload-truck p2 t1 l1-1)
