Torch: 2.12.0+cu130
/u/ibrahim.eisawy/Neural-Guided-Search/venv/lib/python3.10/site-packages/pymimir_rgnn/model.py:162: UserWarning: index_reduce() is in beta and the API may change at any time. (Triggered internally at /pytorch/aten/src/ATen/native/cuda/Indexing.cu:1541.)
  exps_max.index_reduce_(0, output_indices, output_messages, reduce="amax", include_self=False)
Using GPU:  NVIDIA L40S
  [sim 25] found goal path of length 20
[Final] Expanded: 83, Generated: 83
[search done] simulations=25, unique states generated=83
Found a solution of length 20!
   1: (load-truck p2 t0 l0-1)
   2: (load-truck p0 t1 l1-1)
   3: (drive-truck t1 l1-1 l1-0 c1)
   4: (unload-truck p2 t0 l0-1)
   5: (unload-truck p0 t1 l1-0)
   6: (load-truck p2 t0 l0-1)
   7: (load-airplane p0 a0 l1-0)
   8: (unload-truck p2 t0 l0-1)
   9: (fly-airplane a0 l1-0 l0-0)
  10: (load-truck p2 t0 l0-1)
  11: (drive-truck t0 l0-1 l0-0 c0)
  12: (unload-airplane p0 a0 l0-0)
  13: (load-truck p0 t0 l0-0)
  14: (drive-truck t0 l0-0 l0-1 c0)
  15: (unload-truck p0 t0 l0-1)
  16: (drive-truck t0 l0-1 l0-0 c0)
  17: (unload-truck p2 t0 l0-0)
  18: (load-airplane p2 a0 l0-0)
  19: (fly-airplane a0 l0-0 l1-0)
  20: (unload-airplane p2 a0 l1-0)
