Torch: 2.12.0+cu130
/u/ibrahim.eisawy/Neural-Guided-Search/venv/lib/python3.10/site-packages/pymimir_rgnn/model.py:162: UserWarning: index_reduce() is in beta and the API may change at any time. (Triggered internally at /pytorch/aten/src/ATen/native/cuda/Indexing.cu:1541.)
  exps_max.index_reduce_(0, output_indices, output_messages, reduce="amax", include_self=False)
Using GPU:  NVIDIA L40S
  [sim 135] found goal path of length 31
[Final] Expanded: 842, Generated: 842
[search done] simulations=135, unique states generated=842
Found a solution of length 31!
   1: (fly-airplane a0 l2-0 l1-0)
   2: (load-airplane p2 a0 l1-0)
   3: (fly-airplane a0 l1-0 l0-0)
   4: (unload-airplane p2 a0 l0-0)
   5: (load-truck p4 t1 l1-1)
   6: (load-truck p0 t1 l1-1)
   7: (load-truck p3 t1 l1-1)
   8: (drive-truck t1 l1-1 l1-0 c1)
   9: (load-airplane p2 a0 l0-0)
  10: (fly-airplane a0 l0-0 l1-0)
  11: (fly-airplane a0 l1-0 l2-0)
  12: (unload-airplane p2 a0 l2-0)
  13: (unload-truck p0 t1 l1-0)
  14: (fly-airplane a0 l2-0 l1-0)
  15: (load-airplane p0 a0 l1-0)
  16: (fly-airplane a0 l1-0 l0-0)
  17: (unload-airplane p0 a0 l0-0)
  18: (fly-airplane a0 l0-0 l1-0)
  19: (unload-truck p3 t1 l1-0)
  20: (load-airplane p3 a0 l1-0)
  21: (fly-airplane a0 l1-0 l0-0)
  22: (unload-airplane p3 a0 l0-0)
  23: (drive-truck t0 l0-1 l0-0 c0)
  24: (load-truck p0 t0 l0-0)
  25: (drive-truck t0 l0-0 l0-1 c0)
  26: (unload-truck p0 t0 l0-1)
  27: (unload-truck p4 t1 l1-0)
  28: (fly-airplane a0 l0-0 l1-0)
  29: (load-airplane p4 a0 l1-0)
  30: (fly-airplane a0 l1-0 l2-0)
  31: (unload-airplane p4 a0 l2-0)
