Torch: 2.12.0+cu130
/u/ibrahim.eisawy/Neural-Guided-Search/venv/lib/python3.10/site-packages/pymimir_rgnn/model.py:162: UserWarning: index_reduce() is in beta and the API may change at any time. (Triggered internally at /pytorch/aten/src/ATen/native/cuda/Indexing.cu:1541.)
  exps_max.index_reduce_(0, output_indices, output_messages, reduce="amax", include_self=False)
Using GPU:  NVIDIA L40S
  [sim 472] found goal path of length 138
[Final] Expanded: 2627, Generated: 2627
[search done] simulations=472, unique states generated=2627
Found a solution of length 138!
   1: (load-truck p3 t0 l0-0)
   2: (load-truck p1 t0 l0-0)
   3: (unload-truck p3 t0 l0-0)
   4: (drive-truck t0 l0-0 l0-1 c0)
   5: (load-truck p4 t0 l0-1)
   6: (load-truck p2 t0 l0-1)
   7: (unload-truck p1 t0 l0-1)
   8: (drive-truck t0 l0-1 l0-0 c0)
   9: (load-truck p3 t0 l0-0)
  10: (unload-truck p2 t0 l0-0)
  11: (fly-airplane a0 l2-0 l0-0)
  12: (load-airplane p2 a0 l0-0)
  13: (fly-airplane a0 l0-0 l1-0)
  14: (unload-airplane p2 a0 l1-0)
  15: (unload-truck p3 t0 l0-0)
  16: (fly-airplane a0 l1-0 l0-0)
  17: (load-airplane p3 a0 l0-0)
  18: (fly-airplane a0 l0-0 l1-0)
  19: (unload-airplane p3 a0 l1-0)
  20: (load-airplane p2 a0 l1-0)
  21: (load-airplane p3 a0 l1-0)
  22: (unload-truck p4 t0 l0-0)
  23: (unload-airplane p2 a0 l1-0)
  24: (unload-airplane p3 a0 l1-0)
  25: (load-airplane p2 a0 l1-0)
  26: (drive-truck t0 l0-0 l0-1 c0)
  27: (unload-airplane p2 a0 l1-0)
  28: (load-airplane p3 a0 l1-0)
  29: (load-airplane p2 a0 l1-0)
  30: (fly-airplane a0 l1-0 l0-0)
  31: (unload-airplane p3 a0 l0-0)
  32: (unload-airplane p2 a0 l0-0)
  33: (load-airplane p3 a0 l0-0)
  34: (drive-truck t0 l0-1 l0-0 c0)
  35: (load-truck p2 t0 l0-0)
  36: (load-airplane p4 a0 l0-0)
  37: (unload-airplane p3 a0 l0-0)
  38: (unload-truck p2 t0 l0-0)
  39: (load-truck p3 t0 l0-0)
  40: (load-airplane p2 a0 l0-0)
  41: (unload-airplane p4 a0 l0-0)
  42: (unload-truck p3 t0 l0-0)
  43: (load-truck p4 t0 l0-0)
  44: (load-airplane p3 a0 l0-0)
  45: (unload-airplane p2 a0 l0-0)
  46: (load-truck p2 t0 l0-0)
  47: (unload-airplane p3 a0 l0-0)
  48: (load-truck p3 t0 l0-0)
  49: (unload-truck p4 t0 l0-0)
  50: (load-airplane p4 a0 l0-0)
  51: (fly-airplane a0 l0-0 l1-0)
  52: (unload-airplane p4 a0 l1-0)
  53: (unload-truck p3 t0 l0-0)
  54: (fly-airplane a0 l1-0 l0-0)
  55: (load-airplane p3 a0 l0-0)
  56: (fly-airplane a0 l0-0 l1-0)
  57: (unload-airplane p3 a0 l1-0)
  58: (load-airplane p4 a0 l1-0)
  59: (load-airplane p3 a0 l1-0)
  60: (unload-truck p2 t0 l0-0)
  61: (unload-airplane p4 a0 l1-0)
  62: (unload-airplane p3 a0 l1-0)
  63: (load-airplane p4 a0 l1-0)
  64: (drive-truck t0 l0-0 l0-1 c0)
  65: (unload-airplane p4 a0 l1-0)
  66: (load-airplane p3 a0 l1-0)
  67: (load-airplane p4 a0 l1-0)
  68: (fly-airplane a0 l1-0 l0-0)
  69: (unload-airplane p3 a0 l0-0)
  70: (load-airplane p2 a0 l0-0)
  71: (load-airplane p3 a0 l0-0)
  72: (drive-truck t0 l0-1 l0-0 c0)
  73: (unload-airplane p2 a0 l0-0)
  74: (drive-truck t1 l1-1 l1-0 c1)
  75: (load-truck p2 t0 l0-0)
  76: (unload-airplane p3 a0 l0-0)
  77: (load-truck p3 t0 l0-0)
  78: (unload-airplane p4 a0 l0-0)
  79: (load-truck p4 t0 l0-0)
  80: (unload-truck p2 t0 l0-0)
  81: (load-airplane p2 a0 l0-0)
  82: (fly-airplane a0 l0-0 l2-0)
  83: (unload-airplane p2 a0 l2-0)
  84: (unload-truck p3 t0 l0-0)
  85: (fly-airplane a0 l2-0 l0-0)
  86: (load-airplane p3 a0 l0-0)
  87: (unload-truck p4 t0 l0-0)
  88: (unload-airplane p3 a0 l0-0)
  89: (load-truck p3 t0 l0-0)
  90: (load-airplane p4 a0 l0-0)
  91: (unload-truck p3 t0 l0-0)
  92: (load-airplane p3 a0 l0-0)
  93: (fly-airplane a0 l0-0 l2-0)
  94: (unload-airplane p3 a0 l2-0)
  95: (load-truck p3 t2 l2-0)
  96: (unload-airplane p4 a0 l2-0)
  97: (load-truck p4 t2 l2-0)
  98: (drive-truck t2 l2-0 l2-1 c2)
  99: (load-truck p0 t2 l2-1)
 100: (load-truck p5 t2 l2-1)
 101: (unload-truck p3 t2 l2-1)
 102: (unload-truck p0 t2 l2-1)
 103: (unload-truck p4 t2 l2-1)
 104: (load-truck p0 t2 l2-1)
 105: (drive-truck t2 l2-1 l2-0 c2)
 106: (unload-truck p0 t2 l2-0)
 107: (load-airplane p0 a0 l2-0)
 108: (unload-truck p5 t2 l2-0)
 109: (load-airplane p5 a0 l2-0)
 110: (drive-truck t1 l1-0 l1-1 c1)
 111: (drive-truck t2 l2-0 l2-1 c2)
 112: (drive-truck t0 l0-0 l0-1 c0)
 113: (drive-truck t2 l2-1 l2-0 c2)
 114: (load-truck p1 t0 l0-1)
 115: (drive-truck t0 l0-1 l0-0 c0)
 116: (unload-truck p1 t0 l0-0)
 117: (drive-truck t0 l0-0 l0-1 c0)
 118: (drive-truck t2 l2-0 l2-1 c2)
 119: (fly-airplane a0 l2-0 l0-0)
 120: (unload-airplane p0 a0 l0-0)
 121: (drive-truck t0 l0-1 l0-0 c0)
 122: (load-truck p1 t0 l0-0)
 123: (unload-airplane p5 a0 l0-0)
 124: (load-truck p5 t0 l0-0)
 125: (drive-truck t0 l0-0 l0-1 c0)
 126: (unload-truck p1 t0 l0-1)
 127: (drive-truck t0 l0-1 l0-0 c0)
 128: (unload-truck p5 t0 l0-0)
 129: (load-airplane p5 a0 l0-0)
 130: (drive-truck t2 l2-1 l2-0 c2)
 131: (drive-truck t0 l0-0 l0-1 c0)
 132: (drive-truck t2 l2-0 l2-1 c2)
 133: (drive-truck t1 l1-1 l1-0 c1)
 134: (drive-truck t0 l0-1 l0-0 c0)
 135: (drive-truck t2 l2-1 l2-0 c2)
 136: (drive-truck t0 l0-0 l0-1 c0)
 137: (fly-airplane a0 l0-0 l1-0)
 138: (unload-airplane p5 a0 l1-0)
