Torch: 2.12.0+cu130
/u/ibrahim.eisawy/Neural-Guided-Search/venv/lib/python3.10/site-packages/pymimir_rgnn/model.py:162: UserWarning: index_reduce() is in beta and the API may change at any time. (Triggered internally at /pytorch/aten/src/ATen/native/cuda/Indexing.cu:1541.)
  exps_max.index_reduce_(0, output_indices, output_messages, reduce="amax", include_self=False)
Using GPU:  NVIDIA L40S
  [sim 500] root visits=500, unique states=2890, generated=2889
  [sim 617] found goal path of length 235
[Final] Expanded: 3595, Generated: 3595
[search done] simulations=617, unique states generated=3595
Found a solution of length 235!
   1: (load-truck p4 t2 l2-0)
   2: (load-truck p2 t0 l0-1)
   3: (drive-truck t1 l1-1 l1-0 c1)
   4: (load-truck p1 t1 l1-0)
   5: (load-truck p3 t1 l1-0)
   6: (drive-truck t1 l1-0 l1-1 c1)
   7: (unload-truck p3 t1 l1-1)
   8: (drive-truck t1 l1-1 l1-0 c1)
   9: (unload-truck p2 t0 l0-1)
  10: (drive-truck t2 l2-0 l2-1 c2)
  11: (load-truck p2 t0 l0-1)
  12: (unload-truck p4 t2 l2-1)
  13: (unload-truck p2 t0 l0-1)
  14: (unload-truck p1 t1 l1-0)
  15: (load-truck p4 t2 l2-1)
  16: (load-truck p2 t0 l0-1)
  17: (load-airplane p1 a0 l1-0)
  18: (fly-airplane a0 l1-0 l2-0)
  19: (unload-airplane p1 a0 l2-0)
  20: (drive-truck t2 l2-1 l2-0 c2)
  21: (load-truck p1 t2 l2-0)
  22: (unload-truck p2 t0 l0-1)
  23: (unload-truck p4 t2 l2-0)
  24: (load-truck p2 t0 l0-1)
  25: (load-airplane p4 a0 l2-0)
  26: (unload-truck p2 t0 l0-1)
  27: (fly-airplane a0 l2-0 l0-0)
  28: (load-truck p2 t0 l0-1)
  29: (drive-truck t0 l0-1 l0-0 c0)
  30: (load-truck p5 t0 l0-0)
  31: (load-truck p0 t0 l0-0)
  32: (unload-airplane p4 a0 l0-0)
  33: (load-truck p4 t0 l0-0)
  34: (unload-truck p1 t2 l2-0)
  35: (unload-truck p5 t0 l0-0)
  36: (load-truck p1 t2 l2-0)
  37: (load-airplane p5 a0 l0-0)
  38: (unload-truck p1 t2 l2-0)
  39: (fly-airplane a0 l0-0 l2-0)
  40: (load-truck p1 t2 l2-0)
  41: (unload-airplane p5 a0 l2-0)
  42: (load-truck p5 t2 l2-0)
  43: (unload-truck p0 t0 l0-0)
  44: (unload-truck p1 t2 l2-0)
  45: (load-truck p0 t0 l0-0)
  46: (load-airplane p1 a0 l2-0)
  47: (unload-truck p2 t0 l0-0)
  48: (unload-airplane p1 a0 l2-0)
  49: (load-truck p1 t2 l2-0)
  50: (unload-truck p0 t0 l0-0)
  51: (unload-truck p1 t2 l2-0)
  52: (load-airplane p1 a0 l2-0)
  53: (load-truck p2 t0 l0-0)
  54: (unload-truck p4 t0 l0-0)
  55: (load-truck p0 t0 l0-0)
  56: (unload-airplane p1 a0 l2-0)
  57: (load-truck p1 t2 l2-0)
  58: (unload-truck p2 t0 l0-0)
  59: (unload-truck p1 t2 l2-0)
  60: (load-airplane p1 a0 l2-0)
  61: (unload-truck p0 t0 l0-0)
  62: (unload-airplane p1 a0 l2-0)
  63: (load-truck p2 t0 l0-0)
  64: (load-truck p1 t2 l2-0)
  65: (unload-truck p2 t0 l0-0)
  66: (unload-truck p5 t2 l2-0)
  67: (load-truck p0 t0 l0-0)
  68: (load-truck p2 t0 l0-0)
  69: (load-airplane p5 a0 l2-0)
  70: (unload-truck p1 t2 l2-0)
  71: (unload-airplane p5 a0 l2-0)
  72: (load-truck p4 t0 l0-0)
  73: (unload-truck p2 t0 l0-0)
  74: (load-truck p1 t2 l2-0)
  75: (drive-truck t0 l0-0 l0-1 c0)
  76: (load-truck p5 t2 l2-0)
  77: (unload-truck p4 t0 l0-1)
  78: (drive-truck t0 l0-1 l0-0 c0)
  79: (fly-airplane a0 l2-0 l0-0)
  80: (load-airplane p2 a0 l0-0)
  81: (unload-truck p1 t2 l2-0)
  82: (unload-airplane p2 a0 l0-0)
  83: (load-truck p2 t0 l0-0)
  84: (load-truck p1 t2 l2-0)
  85: (unload-truck p0 t0 l0-0)
  86: (load-airplane p0 a0 l0-0)
  87: (unload-truck p1 t2 l2-0)
  88: (unload-airplane p0 a0 l0-0)
  89: (unload-truck p2 t0 l0-0)
  90: (load-truck p1 t2 l2-0)
  91: (unload-truck p5 t2 l2-0)
  92: (load-truck p0 t0 l0-0)
  93: (load-airplane p2 a0 l0-0)
  94: (unload-truck p0 t0 l0-0)
  95: (load-truck p5 t2 l2-0)
  96: (unload-truck p1 t2 l2-0)
  97: (unload-truck p5 t2 l2-0)
  98: (load-truck p0 t0 l0-0)
  99: (unload-airplane p2 a0 l0-0)
 100: (unload-truck p0 t0 l0-0)
 101: (load-truck p2 t0 l0-0)
 102: (load-truck p1 t2 l2-0)
 103: (load-airplane p0 a0 l0-0)
 104: (unload-truck p2 t0 l0-0)
 105: (load-truck p5 t2 l2-0)
 106: (unload-truck p1 t2 l2-0)
 107: (unload-truck p5 t2 l2-0)
 108: (load-truck p2 t0 l0-0)
 109: (fly-airplane a0 l0-0 l2-0)
 110: (load-truck p5 t2 l2-0)
 111: (load-truck p1 t2 l2-0)
 112: (unload-airplane p0 a0 l2-0)
 113: (unload-truck p1 t2 l2-0)
 114: (load-airplane p1 a0 l2-0)
 115: (unload-truck p2 t0 l0-0)
 116: (unload-airplane p1 a0 l2-0)
 117: (load-truck p1 t2 l2-0)
 118: (unload-truck p5 t2 l2-0)
 119: (load-truck p2 t0 l0-0)
 120: (load-airplane p5 a0 l2-0)
 121: (unload-truck p1 t2 l2-0)
 122: (unload-airplane p5 a0 l2-0)
 123: (unload-truck p2 t0 l0-0)
 124: (load-airplane p1 a0 l2-0)
 125: (load-truck p2 t0 l0-0)
 126: (load-airplane p5 a0 l2-0)
 127: (unload-truck p2 t0 l0-0)
 128: (unload-airplane p1 a0 l2-0)
 129: (load-truck p1 t2 l2-0)
 130: (drive-truck t2 l2-0 l2-1 c2)
 131: (load-truck p2 t0 l0-0)
 132: (unload-airplane p5 a0 l2-0)
 133: (unload-truck p1 t2 l2-1)
 134: (unload-truck p2 t0 l0-0)
 135: (load-truck p1 t2 l2-1)
 136: (drive-truck t1 l1-0 l1-1 c1)
 137: (load-truck p2 t0 l0-0)
 138: (drive-truck t2 l2-1 l2-0 c2)
 139: (load-truck p5 t2 l2-0)
 140: (unload-truck p1 t2 l2-0)
 141: (load-airplane p1 a0 l2-0)
 142: (unload-truck p2 t0 l0-0)
 143: (unload-airplane p1 a0 l2-0)
 144: (load-truck p1 t2 l2-0)
 145: (unload-truck p5 t2 l2-0)
 146: (load-airplane p5 a0 l2-0)
 147: (load-truck p2 t0 l0-0)
 148: (unload-truck p1 t2 l2-0)
 149: (unload-airplane p5 a0 l2-0)
 150: (unload-truck p2 t0 l0-0)
 151: (load-airplane p1 a0 l2-0)
 152: (load-truck p2 t0 l0-0)
 153: (load-airplane p5 a0 l2-0)
 154: (unload-truck p2 t0 l0-0)
 155: (unload-airplane p1 a0 l2-0)
 156: (fly-airplane a0 l2-0 l1-0)
 157: (load-truck p1 t2 l2-0)
 158: (fly-airplane a0 l1-0 l0-0)
 159: (load-truck p2 t0 l0-0)
 160: (unload-airplane p5 a0 l0-0)
 161: (load-truck p5 t0 l0-0)
 162: (unload-truck p1 t2 l2-0)
 163: (unload-truck p5 t0 l0-0)
 164: (load-airplane p5 a0 l0-0)
 165: (unload-truck p2 t0 l0-0)
 166: (unload-airplane p5 a0 l0-0)
 167: (load-truck p1 t2 l2-0)
 168: (load-truck p5 t0 l0-0)
 169: (load-airplane p2 a0 l0-0)
 170: (unload-truck p1 t2 l2-0)
 171: (unload-airplane p2 a0 l0-0)
 172: (drive-truck t1 l1-1 l1-0 c1)
 173: (load-truck p1 t2 l2-0)
 174: (load-airplane p2 a0 l0-0)
 175: (unload-truck p1 t2 l2-0)
 176: (unload-truck p5 t0 l0-0)
 177: (load-truck p1 t2 l2-0)
 178: (unload-airplane p2 a0 l0-0)
 179: (load-truck p2 t0 l0-0)
 180: (load-airplane p5 a0 l0-0)
 181: (unload-truck p1 t2 l2-0)
 182: (unload-airplane p5 a0 l0-0)
 183: (load-truck p5 t0 l0-0)
 184: (load-truck p1 t2 l2-0)
 185: (drive-truck t2 l2-0 l2-1 c2)
 186: (unload-truck p1 t2 l2-1)
 187: (unload-truck p5 t0 l0-0)
 188: (load-truck p1 t2 l2-1)
 189: (load-airplane p5 a0 l0-0)
 190: (unload-truck p1 t2 l2-1)
 191: (unload-truck p2 t0 l0-0)
 192: (load-truck p1 t2 l2-1)
 193: (unload-airplane p5 a0 l0-0)
 194: (load-truck p5 t0 l0-0)
 195: (load-airplane p2 a0 l0-0)
 196: (unload-truck p1 t2 l2-1)
 197: (unload-airplane p2 a0 l0-0)
 198: (unload-truck p5 t0 l0-0)
 199: (load-airplane p2 a0 l0-0)
 200: (load-truck p1 t2 l2-1)
 201: (load-airplane p5 a0 l0-0)
 202: (unload-truck p1 t2 l2-1)
 203: (fly-airplane a0 l0-0 l1-0)
 204: (load-truck p1 t2 l2-1)
 205: (fly-airplane a0 l1-0 l2-0)
 206: (unload-airplane p5 a0 l2-0)
 207: (drive-truck t2 l2-1 l2-0 c2)
 208: (load-truck p5 t2 l2-0)
 209: (unload-airplane p2 a0 l2-0)
 210: (drive-truck t2 l2-0 l2-1 c2)
 211: (unload-truck p5 t2 l2-1)
 212: (drive-truck t2 l2-1 l2-0 c2)
 213: (unload-truck p1 t2 l2-0)
 214: (load-airplane p1 a0 l2-0)
 215: (drive-truck t1 l1-0 l1-1 c1)
 216: (drive-truck t0 l0-0 l0-1 c0)
 217: (drive-truck t1 l1-1 l1-0 c1)
 218: (drive-truck t2 l2-0 l2-1 c2)
 219: (drive-truck t1 l1-0 l1-1 c1)
 220: (load-truck p4 t0 l0-1)
 221: (drive-truck t0 l0-1 l0-0 c0)
 222: (unload-truck p4 t0 l0-0)
 223: (drive-truck t1 l1-1 l1-0 c1)
 224: (load-truck p4 t0 l0-0)
 225: (drive-truck t0 l0-0 l0-1 c0)
 226: (drive-truck t2 l2-1 l2-0 c2)
 227: (drive-truck t0 l0-1 l0-0 c0)
 228: (unload-truck p4 t0 l0-0)
 229: (drive-truck t1 l1-0 l1-1 c1)
 230: (load-truck p4 t0 l0-0)
 231: (drive-truck t0 l0-0 l0-1 c0)
 232: (fly-airplane a0 l2-0 l1-0)
 233: (fly-airplane a0 l1-0 l0-0)
 234: (unload-airplane p1 a0 l0-0)
 235: (unload-truck p4 t0 l0-1)
