Torch: 2.12.0+cu130
/u/ibrahim.eisawy/Neural-Guided-Search/venv/lib/python3.10/site-packages/pymimir_rgnn/model.py:162: UserWarning: index_reduce() is in beta and the API may change at any time. (Triggered internally at /pytorch/aten/src/ATen/native/cuda/Indexing.cu:1541.)
  exps_max.index_reduce_(0, output_indices, output_messages, reduce="amax", include_self=False)
Using GPU:  NVIDIA L40S
  [sim 171] found goal path of length 60
[Final] Expanded: 1296, Generated: 1296
[search done] simulations=171, unique states generated=1296
Found a solution of length 60!
   1: (load-truck p0 t1 l1-0)
   2: (load-truck p2 t1 l1-0)
   3: (load-truck p4 t1 l1-0)
   4: (drive-truck t1 l1-0 l1-1 c1)
   5: (load-truck p5 t1 l1-1)
   6: (unload-truck p2 t1 l1-1)
   7: (drive-truck t1 l1-1 l1-0 c1)
   8: (load-airplane p1 a0 l2-0)
   9: (load-airplane p3 a0 l2-0)
  10: (unload-airplane p1 a0 l2-0)
  11: (fly-airplane a0 l2-0 l1-0)
  12: (fly-airplane a0 l1-0 l0-0)
  13: (unload-airplane p3 a0 l0-0)
  14: (unload-truck p4 t1 l1-0)
  15: (fly-airplane a0 l0-0 l1-0)
  16: (load-airplane p4 a0 l1-0)
  17: (fly-airplane a0 l1-0 l2-0)
  18: (unload-airplane p4 a0 l2-0)
  19: (load-airplane p1 a0 l2-0)
  20: (load-airplane p4 a0 l2-0)
  21: (fly-airplane a0 l2-0 l1-0)
  22: (fly-airplane a0 l1-0 l0-0)
  23: (unload-airplane p4 a0 l0-0)
  24: (unload-airplane p1 a0 l0-0)
  25: (drive-truck t0 l0-1 l0-0 c0)
  26: (load-truck p3 t0 l0-0)
  27: (load-truck p4 t0 l0-0)
  28: (drive-truck t0 l0-0 l0-1 c0)
  29: (unload-truck p4 t0 l0-1)
  30: (drive-truck t0 l0-1 l0-0 c0)
  31: (unload-truck p5 t1 l1-0)
  32: (fly-airplane a0 l0-0 l1-0)
  33: (load-airplane p5 a0 l1-0)
  34: (fly-airplane a0 l1-0 l2-0)
  35: (unload-airplane p5 a0 l2-0)
  36: (unload-truck p0 t1 l1-0)
  37: (fly-airplane a0 l2-0 l1-0)
  38: (load-airplane p0 a0 l1-0)
  39: (fly-airplane a0 l1-0 l2-0)
  40: (drive-truck t2 l2-1 l2-0 c2)
  41: (unload-airplane p0 a0 l2-0)
  42: (load-truck p0 t2 l2-0)
  43: (drive-truck t2 l2-0 l2-1 c2)
  44: (unload-truck p0 t2 l2-1)
  45: (unload-truck p3 t0 l0-0)
  46: (fly-airplane a0 l2-0 l0-0)
  47: (load-airplane p3 a0 l0-0)
  48: (drive-truck t2 l2-1 l2-0 c2)
  49: (drive-truck t0 l0-0 l0-1 c0)
  50: (drive-truck t2 l2-0 l2-1 c2)
  51: (drive-truck t1 l1-0 l1-1 c1)
  52: (drive-truck t0 l0-1 l0-0 c0)
  53: (drive-truck t2 l2-1 l2-0 c2)
  54: (drive-truck t0 l0-0 l0-1 c0)
  55: (fly-airplane a0 l0-0 l1-0)
  56: (fly-airplane a0 l1-0 l2-0)
  57: (unload-airplane p3 a0 l2-0)
  58: (load-truck p3 t2 l2-0)
  59: (drive-truck t2 l2-0 l2-1 c2)
  60: (unload-truck p3 t2 l2-1)
