Torch: 2.12.0+cu130
/u/ibrahim.eisawy/Neural-Guided-Search/venv/lib/python3.10/site-packages/pymimir_rgnn/model.py:162: UserWarning: index_reduce() is in beta and the API may change at any time. (Triggered internally at /pytorch/aten/src/ATen/native/cuda/Indexing.cu:1541.)
  exps_max.index_reduce_(0, output_indices, output_messages, reduce="amax", include_self=False)
Using GPU:  NVIDIA L40S
  [sim 500] root visits=500, unique states=12224, generated=12223
  [sim 1000] root visits=1000, unique states=23979, generated=23978
  [sim 1500] root visits=1500, unique states=35659, generated=35658
  [sim 2000] root visits=2000, unique states=47406, generated=47405
  [sim 2500] root visits=2500, unique states=59220, generated=59219
  [sim 3000] root visits=3000, unique states=70650, generated=70649
  [sim 3500] root visits=3500, unique states=82064, generated=82063
  [sim 4000] root visits=4000, unique states=93350, generated=93349
  [sim 4500] root visits=4500, unique states=104523, generated=104522
  [sim 5000] root visits=5000, unique states=115604, generated=115603
  [sim 5500] root visits=5500, unique states=126605, generated=126604
  [sim 6000] root visits=6000, unique states=137442, generated=137441
  [sim 6500] root visits=6500, unique states=148112, generated=148111
  [sim 7000] root visits=7000, unique states=158734, generated=158733
  [sim 7500] root visits=7500, unique states=169307, generated=169306
  [sim 8000] root visits=8000, unique states=180055, generated=180054
  [sim 8500] root visits=8500, unique states=190853, generated=190852
  [sim 9000] root visits=9000, unique states=201471, generated=201470
  [sim 9500] root visits=9500, unique states=212070, generated=212069
  [sim 10000] root visits=10000, unique states=222700, generated=222699
  [sim 10500] root visits=10500, unique states=233120, generated=233119
  [sim 11000] root visits=11000, unique states=243527, generated=243526
  [sim 11500] root visits=11500, unique states=253802, generated=253801
  [sim 12000] root visits=12000, unique states=264158, generated=264157
  [sim 12500] root visits=12500, unique states=274571, generated=274570
[Final] Expanded: 276090, Generated: 276090
[search done] simulations=12573, unique states generated=276090
Failed to find a solution!
