Torch: 2.12.0+cu130
/u/ibrahim.eisawy/Neural-Guided-Search/venv/lib/python3.10/site-packages/pymimir_rgnn/model.py:162: UserWarning: index_reduce() is in beta and the API may change at any time. (Triggered internally at /pytorch/aten/src/ATen/native/cuda/Indexing.cu:1541.)
  exps_max.index_reduce_(0, output_indices, output_messages, reduce="amax", include_self=False)
Using GPU:  NVIDIA L40S
    [timing] select=0.0000s expand=0.4976s depth=1
    [timing] select=0.0000s expand=0.1847s depth=2
    [timing] select=0.0000s expand=0.1822s depth=2
    [timing] select=0.0000s expand=0.1785s depth=3
    [timing] select=0.0000s expand=0.1851s depth=4
    [timing] select=0.0000s expand=0.1884s depth=5
    [timing] select=0.0000s expand=0.1882s depth=3
    [timing] select=0.0000s expand=0.1582s depth=4
    [timing] select=0.0000s expand=0.1543s depth=4
    [timing] select=0.0000s expand=0.1514s depth=4
    [timing] select=0.0000s expand=0.1574s depth=6
    [timing] select=0.0000s expand=0.1523s depth=7
    [timing] select=0.0000s expand=0.1497s depth=5
    [timing] select=0.0000s expand=0.1553s depth=8
    [timing] select=0.0000s expand=0.1484s depth=5
    [timing] select=0.0000s expand=0.1533s depth=6
    [timing] select=0.0000s expand=0.1525s depth=5
    [timing] select=0.0000s expand=0.1445s depth=5
    [timing] select=0.0000s expand=0.1558s depth=6
    [timing] select=0.0000s expand=0.1495s depth=6
    [timing] select=0.0000s expand=0.1538s depth=7
    [timing] select=0.0000s expand=0.1560s depth=8
    [timing] select=0.0000s expand=0.1494s depth=5
    [timing] select=0.0000s expand=0.1443s depth=7
    [timing] select=0.0000s expand=0.1561s depth=8
    [timing] select=0.0000s expand=0.1478s depth=5
    [timing] select=0.0001s expand=0.1561s depth=9
    [timing] select=0.0001s expand=0.1579s depth=10
    [timing] select=0.0001s expand=0.1547s depth=11
    [timing] select=0.0000s expand=0.1609s depth=8
    [timing] select=0.0001s expand=0.1840s depth=9
    [timing] select=0.0000s expand=0.1755s depth=6
    [timing] select=0.0001s expand=0.1761s depth=9
    [timing] select=0.0001s expand=0.1722s depth=10
    [timing] select=0.0001s expand=0.1799s depth=11
    [timing] select=0.0000s expand=0.1825s depth=8
    [timing] select=0.0001s expand=0.1798s depth=9
    [timing] select=0.0000s expand=0.1725s depth=6
    [timing] select=0.0001s expand=0.1688s depth=12
    [timing] select=0.0001s expand=0.1678s depth=13
    [timing] select=0.0001s expand=0.1759s depth=11
    [timing] select=0.0001s expand=0.1769s depth=10
    [timing] select=0.0001s expand=0.1531s depth=12
    [timing] select=0.0001s expand=0.1495s depth=13
    [timing] select=0.0001s expand=0.1523s depth=14
  [sim 45] found goal path of length 14
[search done] simulations=45, states generated=163
Found a solution of length 14!
   1: (calibrate rover0 camera0 objective0 waypoint1)
   2: (take_image rover0 waypoint1 objective0 camera0 high_res)
   3: (navigate rover0 waypoint1 waypoint2)
   4: (sample_soil rover0 rover0store waypoint2)
   5: (communicate_image_data rover0 general objective0 high_res waypoint2 waypoint1)
   6: (navigate rover0 waypoint2 waypoint1)
   7: (calibrate rover0 camera0 objective0 waypoint1)
   8: (navigate rover0 waypoint1 waypoint0)
   9: (take_image rover0 waypoint0 objective1 camera0 high_res)
  10: (communicate_image_data rover0 general objective1 high_res waypoint0 waypoint1)
  11: (drop rover0 rover0store)
  12: (sample_soil rover0 rover0store waypoint0)
  13: (communicate_soil_data rover0 general waypoint0 waypoint0 waypoint1)
  14: (communicate_soil_data rover0 general waypoint2 waypoint0 waypoint1)
