Torch: 2.12.0+cu130
/u/ibrahim.eisawy/Neural-Guided-Search/venv/lib/python3.10/site-packages/pymimir_rgnn/model.py:162: UserWarning: index_reduce() is in beta and the API may change at any time. (Triggered internally at /pytorch/aten/src/ATen/native/cuda/Indexing.cu:1541.)
  exps_max.index_reduce_(0, output_indices, output_messages, reduce="amax", include_self=False)
Using GPU:  NVIDIA L40S
    [timing] select=0.0000s expand=0.6048s depth=1
    [timing] select=0.0000s expand=0.1664s depth=2
    [timing] select=0.0000s expand=0.1841s depth=2
    [timing] select=0.0000s expand=0.1818s depth=3
    [timing] select=0.0000s expand=0.1991s depth=4
    [timing] select=0.0000s expand=0.1977s depth=5
    [timing] select=0.0000s expand=0.1984s depth=6
    [timing] select=0.0001s expand=0.1711s depth=7
    [timing] select=0.0001s expand=0.1437s depth=8
  [sim 9] found goal path of length 8
[search done] simulations=9, states generated=36
Found a solution of length 8!
   1: (navigate rover1 waypoint1 waypoint2)
   2: (calibrate rover1 camera1 objective0 waypoint2)
   3: (take_image rover1 waypoint2 objective0 camera1 high_res)
   4: (communicate_image_data rover1 general objective0 high_res waypoint2 waypoint1)
   5: (navigate rover1 waypoint2 waypoint1)
   6: (navigate rover1 waypoint1 waypoint0)
   7: (sample_rock rover1 rover1store waypoint0)
   8: (communicate_rock_data rover1 general waypoint0 waypoint0 waypoint1)
