Torch: 2.12.0+cu130
/u/ibrahim.eisawy/Neural-Guided-Search/venv/lib/python3.10/site-packages/pymimir_rgnn/model.py:162: UserWarning: index_reduce() is in beta and the API may change at any time. (Triggered internally at /pytorch/aten/src/ATen/native/cuda/Indexing.cu:1541.)
  exps_max.index_reduce_(0, output_indices, output_messages, reduce="amax", include_self=False)
Using GPU:  NVIDIA L40S
    [timing] select=0.0000s expand=0.6042s depth=1
    [timing] select=0.0000s expand=0.2270s depth=2
    [timing] select=0.0000s expand=0.2444s depth=2
    [timing] select=0.0000s expand=0.2702s depth=3
    [timing] select=0.0000s expand=0.2533s depth=4
    [timing] select=0.0000s expand=0.2516s depth=5
    [timing] select=0.0001s expand=0.1529s depth=6
    [timing] select=0.0000s expand=0.1514s depth=3
    [timing] select=0.0000s expand=0.1341s depth=3
    [timing] select=0.0000s expand=0.1406s depth=2
    [timing] select=0.0000s expand=0.1457s depth=4
    [timing] select=0.0000s expand=0.1361s depth=5
    [timing] select=0.0001s expand=0.1307s depth=6
    [timing] select=0.0001s expand=0.1300s depth=7
    [timing] select=0.0001s expand=0.1300s depth=8
  [sim 15] found goal path of length 8
[search done] simulations=15, states generated=91
Found a solution of length 8!
   1: (calibrate rover1 camera1 objective0 waypoint1)
   2: (take_image rover1 waypoint1 objective0 camera1 colour)
   3: (sample_soil rover0 rover0store waypoint0)
   4: (navigate rover1 waypoint1 waypoint0)
   5: (sample_rock rover1 rover1store waypoint0)
   6: (communicate_soil_data rover0 general waypoint0 waypoint0 waypoint1)
   7: (communicate_image_data rover1 general objective0 colour waypoint0 waypoint1)
   8: (communicate_rock_data rover1 general waypoint0 waypoint0 waypoint1)
