Torch: 2.12.0+cu130
/u/ibrahim.eisawy/Neural-Guided-Search/venv/lib/python3.10/site-packages/pymimir_rgnn/model.py:162: UserWarning: index_reduce() is in beta and the API may change at any time. (Triggered internally at /pytorch/aten/src/ATen/native/cuda/Indexing.cu:1541.)
  exps_max.index_reduce_(0, output_indices, output_messages, reduce="amax", include_self=False)
Using GPU:  NVIDIA L40S
    [timing] select=0.0000s expand=0.6322s depth=1
    [timing] select=0.0000s expand=0.2119s depth=2
    [timing] select=0.0000s expand=0.2088s depth=2
    [timing] select=0.0000s expand=0.2026s depth=3
    [timing] select=0.0000s expand=0.2057s depth=4
    [timing] select=0.0000s expand=0.1997s depth=5
    [timing] select=0.0000s expand=0.1915s depth=3
    [timing] select=0.0000s expand=0.1882s depth=4
    [timing] select=0.0000s expand=0.1854s depth=5
    [timing] select=0.0001s expand=0.1872s depth=6
    [timing] select=0.0001s expand=0.1809s depth=7
    [timing] select=0.0000s expand=0.1819s depth=4
    [timing] select=0.0001s expand=0.1893s depth=8
    [timing] select=0.0001s expand=0.1934s depth=9
    [timing] select=0.0001s expand=0.1896s depth=5
    [timing] select=0.0000s expand=0.1835s depth=4
    [timing] select=0.0001s expand=0.1902s depth=10
    [timing] select=0.0001s expand=0.2265s depth=11
    [timing] select=0.0001s expand=0.2220s depth=12
    [timing] select=0.0001s expand=0.2455s depth=13
  [sim 20] found goal path of length 13
[Final] Expanded: 0, Generated: 125
[search done] simulations=20, states generated=125
Found a solution of length 13!
   1: (sample_rock rover1 rover1store waypoint1)
   2: (sample_rock rover0 rover0store waypoint0)
   3: (drop rover0 rover0store)
   4: (navigate rover1 waypoint1 waypoint0)
   5: (calibrate rover1 camera0 objective0 waypoint0)
   6: (take_image rover1 waypoint0 objective0 camera0 low_res)
   7: (navigate rover0 waypoint0 waypoint2)
   8: (sample_soil rover0 rover0store waypoint2)
   9: (communicate_soil_data rover0 general waypoint2 waypoint2 waypoint0)
  10: (communicate_rock_data rover0 general waypoint0 waypoint2 waypoint0)
  11: (navigate rover1 waypoint0 waypoint1)
  12: (communicate_image_data rover1 general objective0 low_res waypoint1 waypoint0)
  13: (communicate_rock_data rover1 general waypoint1 waypoint1 waypoint0)
