Torch: 2.12.0+cu130
/u/ibrahim.eisawy/Neural-Guided-Search/venv/lib/python3.10/site-packages/pymimir_rgnn/model.py:162: UserWarning: index_reduce() is in beta and the API may change at any time. (Triggered internally at /pytorch/aten/src/ATen/native/cuda/Indexing.cu:1541.)
  exps_max.index_reduce_(0, output_indices, output_messages, reduce="amax", include_self=False)
Using GPU:  NVIDIA L40S
    [timing] select=0.0000s expand=0.5594s depth=1
    [timing] select=0.0000s expand=0.1872s depth=2
    [timing] select=0.0000s expand=0.1868s depth=2
    [timing] select=0.0000s expand=0.2033s depth=3
    [timing] select=0.0000s expand=0.2064s depth=4
    [timing] select=0.0000s expand=0.2091s depth=5
    [timing] select=0.0000s expand=0.2136s depth=6
  [sim 7] found goal path of length 6
[Final] Expanded: 7, Generated: 39
[search done] simulations=7, states generated=39
Found a solution of length 6!
   1: (sample_soil rover0 rover0store waypoint0)
   2: (navigate rover0 waypoint0 waypoint1)
   3: (calibrate rover0 camera1 objective1 waypoint1)
   4: (take_image rover0 waypoint1 objective1 camera1 colour)
   5: (communicate_image_data rover0 general objective1 colour waypoint1 waypoint0)
   6: (communicate_soil_data rover0 general waypoint0 waypoint1 waypoint0)
