Torch: 2.12.0+cu130
/u/ibrahim.eisawy/Neural-Guided-Search/venv/lib/python3.10/site-packages/pymimir_rgnn/model.py:162: UserWarning: index_reduce() is in beta and the API may change at any time. (Triggered internally at /pytorch/aten/src/ATen/native/cuda/Indexing.cu:1541.)
  exps_max.index_reduce_(0, output_indices, output_messages, reduce="amax", include_self=False)
Using GPU:  NVIDIA L40S
    [timing] select=0.0000s expand=0.4555s depth=1
    [timing] select=0.0000s expand=0.1965s depth=2
    [timing] select=0.0000s expand=0.2133s depth=2
    [timing] select=0.0000s expand=0.2025s depth=3
    [timing] select=0.0000s expand=0.1924s depth=4
    [timing] select=0.0000s expand=0.1967s depth=5
    [timing] select=0.0000s expand=0.1984s depth=6
    [timing] select=0.0001s expand=0.1952s depth=7
    [timing] select=0.0000s expand=0.1934s depth=5
    [timing] select=0.0000s expand=0.1879s depth=6
    [timing] select=0.0001s expand=0.1880s depth=7
    [timing] select=0.0001s expand=0.2112s depth=8
    [timing] select=0.0001s expand=0.1733s depth=8
    [timing] select=0.0001s expand=0.1478s depth=9
    [timing] select=0.0001s expand=0.1648s depth=9
    [timing] select=0.0001s expand=0.1918s depth=10
    [timing] select=0.0001s expand=0.1609s depth=10
    [timing] select=0.0000s expand=0.1620s depth=6
    [timing] select=0.0001s expand=0.1685s depth=11
    [timing] select=0.0001s expand=0.1345s depth=7
    [timing] select=0.0001s expand=0.1366s depth=7
    [timing] select=0.0001s expand=0.1224s depth=8
    [timing] select=0.0001s expand=0.1034s depth=9
    [timing] select=0.0001s expand=0.1178s depth=8
    [timing] select=0.0001s expand=0.1247s depth=10
    [timing] select=0.0001s expand=0.1203s depth=11
    [timing] select=0.0001s expand=0.0969s depth=9
    [timing] select=0.0001s expand=0.1156s depth=12
    [timing] select=0.0001s expand=0.1193s depth=12
  [sim 29] found goal path of length 12
[Final] Expanded: 29, Generated: 273
[search done] simulations=29, states generated=273
Found a solution of length 12!
   1: (sample_soil rover0 rover0store waypoint2)
   2: (drop rover0 rover0store)
   3: (navigate rover0 waypoint2 waypoint0)
   4: (sample_soil rover0 rover0store waypoint0)
   5: (calibrate rover0 camera1 objective0 waypoint0)
   6: (take_image rover0 waypoint0 objective1 camera1 high_res)
   7: (calibrate rover0 camera1 objective0 waypoint0)
   8: (take_image rover0 waypoint0 objective0 camera1 colour)
   9: (communicate_image_data rover0 general objective1 high_res waypoint0 waypoint2)
  10: (communicate_soil_data rover0 general waypoint2 waypoint0 waypoint2)
  11: (communicate_image_data rover0 general objective0 colour waypoint0 waypoint2)
  12: (communicate_soil_data rover0 general waypoint0 waypoint0 waypoint2)
