Torch: 2.12.0+cu130
/u/ibrahim.eisawy/Neural-Guided-Search/venv/lib/python3.10/site-packages/pymimir_rgnn/model.py:162: UserWarning: index_reduce() is in beta and the API may change at any time. (Triggered internally at /pytorch/aten/src/ATen/native/cuda/Indexing.cu:1541.)
  exps_max.index_reduce_(0, output_indices, output_messages, reduce="amax", include_self=False)
Using GPU:  NVIDIA L40S
    [timing] select=0.0000s expand=0.4595s depth=1
    [timing] select=0.0000s expand=0.1353s depth=2
    [timing] select=0.0000s expand=0.1382s depth=2
    [timing] select=0.0000s expand=0.1312s depth=3
    [timing] select=0.0000s expand=0.1164s depth=3
    [timing] select=0.0000s expand=0.1257s depth=2
    [timing] select=0.0000s expand=0.1307s depth=4
    [timing] select=0.0000s expand=0.1229s depth=5
    [timing] select=0.0001s expand=0.1292s depth=6
    [timing] select=0.0001s expand=0.1286s depth=7
    [timing] select=0.0000s expand=0.1229s depth=3
    [timing] select=0.0000s expand=0.1395s depth=4
    [timing] select=0.0000s expand=0.1243s depth=3
    [timing] select=0.0000s expand=0.1370s depth=5
    [timing] select=0.0000s expand=0.1315s depth=4
    [timing] select=0.0000s expand=0.1120s depth=6
    [timing] select=0.0000s expand=0.1123s depth=4
    [timing] select=0.0000s expand=0.1050s depth=3
    [timing] select=0.0000s expand=0.1073s depth=4
    [timing] select=0.0001s expand=0.1212s depth=5
    [timing] select=0.0000s expand=0.1223s depth=5
    [timing] select=0.0001s expand=0.1342s depth=6
    [timing] select=0.0001s expand=0.1168s depth=7
    [timing] select=0.0001s expand=0.1328s depth=8
    [timing] select=0.0000s expand=0.1276s depth=5
    [timing] select=0.0001s expand=0.1437s depth=7
    [timing] select=0.0001s expand=0.1461s depth=6
    [timing] select=0.0001s expand=0.1433s depth=9
    [timing] select=0.0000s expand=0.1525s depth=4
    [timing] select=0.0001s expand=0.1464s depth=10
  [sim 30] found goal path of length 10
[Final] Expanded: 0, Generated: 263
[search done] simulations=30, states generated=263
Found a solution of length 10!
   1: (calibrate rover0 camera2 objective0 waypoint2)
   2: (take_image rover0 waypoint2 objective0 camera2 colour)
   3: (communicate_image_data rover0 general objective0 colour waypoint2 waypoint0)
   4: (calibrate rover1 camera1 objective0 waypoint1)
   5: (take_image rover1 waypoint1 objective0 camera1 high_res)
   6: (communicate_image_data rover1 general objective0 high_res waypoint1 waypoint0)
   7: (navigate rover1 waypoint1 waypoint0)
   8: (sample_rock rover1 rover1store waypoint0)
   9: (navigate rover1 waypoint0 waypoint1)
  10: (communicate_rock_data rover1 general waypoint0 waypoint1 waypoint0)
