Torch: 2.12.0+cu130
/u/ibrahim.eisawy/Neural-Guided-Search/venv/lib/python3.10/site-packages/pymimir_rgnn/model.py:162: UserWarning: index_reduce() is in beta and the API may change at any time. (Triggered internally at /pytorch/aten/src/ATen/native/cuda/Indexing.cu:1541.)
  exps_max.index_reduce_(0, output_indices, output_messages, reduce="amax", include_self=False)
Using GPU:  NVIDIA L40S
    [timing] select=0.0000s expand=0.4772s depth=1
    [timing] select=0.0000s expand=0.1950s depth=2
    [timing] select=0.0000s expand=0.1850s depth=2
    [timing] select=0.0000s expand=0.1772s depth=3
    [timing] select=0.0000s expand=0.1628s depth=4
    [timing] select=0.0000s expand=0.1484s depth=5
    [timing] select=0.0000s expand=0.1659s depth=3
    [timing] select=0.0000s expand=0.1660s depth=6
    [timing] select=0.0000s expand=0.1327s depth=7
    [timing] select=0.0000s expand=0.1451s depth=4
    [timing] select=0.0000s expand=0.1338s depth=4
    [timing] select=0.0000s expand=0.1539s depth=8
    [timing] select=0.0001s expand=0.1618s depth=9
    [timing] select=0.0000s expand=0.1224s depth=5
    [timing] select=0.0000s expand=0.1223s depth=5
    [timing] select=0.0000s expand=0.1167s depth=6
    [timing] select=0.0000s expand=0.1371s depth=4
    [timing] select=0.0001s expand=0.1761s depth=10
  [sim 18] found goal path of length 10
[search done] simulations=18, states generated=80
Found a solution of length 10!
   1: (calibrate rover0 camera0 objective0 waypoint0)
   2: (take_image rover0 waypoint0 objective0 camera0 colour)
   3: (navigate rover0 waypoint0 waypoint2)
   4: (sample_soil rover0 rover0store waypoint2)
   5: (drop rover0 rover0store)
   6: (sample_rock rover0 rover0store waypoint2)
   7: (navigate rover0 waypoint2 waypoint0)
   8: (communicate_soil_data rover0 general waypoint2 waypoint0 waypoint2)
   9: (communicate_image_data rover0 general objective0 colour waypoint0 waypoint2)
  10: (communicate_rock_data rover0 general waypoint2 waypoint0 waypoint2)
