Torch: 2.12.0+cu130
/u/ibrahim.eisawy/Neural-Guided-Search/venv/lib/python3.10/site-packages/pymimir_rgnn/model.py:162: UserWarning: index_reduce() is in beta and the API may change at any time. (Triggered internally at /pytorch/aten/src/ATen/native/cuda/Indexing.cu:1541.)
  exps_max.index_reduce_(0, output_indices, output_messages, reduce="amax", include_self=False)
Using GPU:  NVIDIA L40S
    [timing] select=0.0000s expand=0.6687s depth=1
    [timing] select=0.0000s expand=0.2061s depth=2
    [timing] select=0.0000s expand=0.2041s depth=2
    [timing] select=0.0000s expand=0.2210s depth=3
    [timing] select=0.0000s expand=0.2092s depth=2
    [timing] select=0.0000s expand=0.2169s depth=4
    [timing] select=0.0000s expand=0.2069s depth=3
    [timing] select=0.0000s expand=0.1813s depth=4
    [timing] select=0.0000s expand=0.1758s depth=5
    [timing] select=0.0000s expand=0.1627s depth=3
    [timing] select=0.0000s expand=0.1803s depth=6
    [timing] select=0.0000s expand=0.1766s depth=3
    [timing] select=0.0000s expand=0.1916s depth=4
    [timing] select=0.0000s expand=0.2135s depth=5
    [timing] select=0.0000s expand=0.1887s depth=6
    [timing] select=0.0001s expand=0.1905s depth=7
    [timing] select=0.0000s expand=0.1707s depth=3
    [timing] select=0.0000s expand=0.1694s depth=4
    [timing] select=0.0001s expand=0.1636s depth=8
  [sim 19] found goal path of length 8
[Final] Expanded: 0, Generated: 130
[search done] simulations=19, states generated=130
Found a solution of length 8!
   1: (sample_soil rover0 rover0store waypoint2)
   2: (calibrate rover0 camera1 objective0 waypoint2)
   3: (take_image rover0 waypoint2 objective0 camera1 high_res)
   4: (calibrate rover0 camera0 objective0 waypoint2)
   5: (take_image rover0 waypoint2 objective0 camera0 colour)
   6: (communicate_image_data rover0 general objective0 high_res waypoint2 waypoint0)
   7: (communicate_image_data rover0 general objective0 colour waypoint2 waypoint0)
   8: (communicate_soil_data rover0 general waypoint2 waypoint2 waypoint0)
