Torch: 2.12.0+cu130
/u/ibrahim.eisawy/Neural-Guided-Search/venv/lib/python3.10/site-packages/pymimir_rgnn/model.py:162: UserWarning: index_reduce() is in beta and the API may change at any time. (Triggered internally at /pytorch/aten/src/ATen/native/cuda/Indexing.cu:1541.)
  exps_max.index_reduce_(0, output_indices, output_messages, reduce="amax", include_self=False)
Using GPU:  NVIDIA L40S
    [timing] select=0.0000s expand=0.4768s depth=1
    [timing] select=0.0000s expand=0.1484s depth=2
    [timing] select=0.0000s expand=0.1485s depth=2
    [timing] select=0.0000s expand=0.1536s depth=3
    [timing] select=0.0000s expand=0.1471s depth=4
    [timing] select=0.0000s expand=0.1310s depth=5
    [timing] select=0.0000s expand=0.1190s depth=6
  [sim 7] found goal path of length 6
[Final] Expanded: 0, Generated: 34
[search done] simulations=7, states generated=34
Found a solution of length 6!
   1: (navigate rover0 waypoint1 waypoint2)
   2: (sample_rock rover0 rover0store waypoint2)
   3: (calibrate rover0 camera0 objective0 waypoint2)
   4: (take_image rover0 waypoint2 objective1 camera0 low_res)
   5: (communicate_image_data rover0 general objective1 low_res waypoint2 waypoint1)
   6: (communicate_rock_data rover0 general waypoint2 waypoint2 waypoint1)
