Torch: 2.12.0+cu130
/u/ibrahim.eisawy/Neural-Guided-Search/venv/lib/python3.10/site-packages/pymimir_rgnn/model.py:162: UserWarning: index_reduce() is in beta and the API may change at any time. (Triggered internally at /pytorch/aten/src/ATen/native/cuda/Indexing.cu:1541.)
  exps_max.index_reduce_(0, output_indices, output_messages, reduce="amax", include_self=False)
Using GPU:  NVIDIA L40S
    [timing] select=0.0000s expand=0.3722s depth=1
    [timing] select=0.0000s expand=0.0780s depth=2
    [timing] select=0.0000s expand=0.1028s depth=2
    [timing] select=0.0000s expand=0.1178s depth=3
    [timing] select=0.0000s expand=0.1359s depth=4
    [timing] select=0.0000s expand=0.1286s depth=5
    [timing] select=0.0000s expand=0.1182s depth=3
    [timing] select=0.0000s expand=0.1462s depth=6
  [sim 8] found goal path of length 6
[Final] Expanded: 8, Generated: 55
[search done] simulations=8, states generated=55
Found a solution of length 6!
   1: (navigate rover1 waypoint1 waypoint0)
   2: (sample_rock rover1 rover1store waypoint0)
   3: (calibrate rover0 camera0 objective1 waypoint0)
   4: (take_image rover0 waypoint0 objective1 camera0 high_res)
   5: (communicate_image_data rover0 general objective1 high_res waypoint0 waypoint1)
   6: (communicate_rock_data rover1 general waypoint0 waypoint0 waypoint1)
