/u/ibrahim.eisawy/Neural-Guided-Search/venv/lib/python3.10/site-packages/pymimir_rgnn/model.py:151: UserWarning: index_reduce() is in beta and the API may change at any time. (Triggered internally at /pytorch/aten/src/ATen/native/cuda/Indexing.cu:1541.)
  max_msg.index_reduce_(0, output_indices, output_messages, reduce='amax', include_self=True)
Torch: 2.12.0+cu130
Using GPU:  NVIDIA L40S
16.008: (switch_on instrument0 satellite0)
17.314: (turn_to satellite0 star3 star6)
17.314: (turn_to satellite0 groundstation0 star6)
19.361: (turn_to satellite0 groundstation9 star6)
19.362: (turn_to satellite0 star5 star6)
19.362: (turn_to satellite0 star1 star6)
19.362: (turn_to satellite0 groundstation8 star6)
19.362: (turn_to satellite0 groundstation2 star6)
19.362: (turn_to satellite0 star4 star6)
19.536: (turn_to satellite0 star7 star6)
13.781: (switch_on instrument0 satellite0)
13.781: (switch_on instrument0 satellite0)
13.781: (turn_to satellite0 groundstation0 star6)
13.781: (turn_to satellite0 star3 star6)
16.007: (switch_on instrument0 satellite0)
16.007: (switch_on instrument0 satellite0)
16.008: (switch_on instrument0 satellite0)
16.008: (turn_to satellite0 groundstation8 star6)
16.008: (turn_to satellite0 star5 star6)
16.008: (turn_to satellite0 groundstation9 star6)
8.945: (calibrate satellite0 instrument0 groundstation0)
8.945: (calibrate satellite0 instrument0 star3)
16.007: (turn_to satellite0 groundstation2 groundstation9)
16.007: (turn_to satellite0 star4 groundstation9)
16.007: (turn_to satellite0 star4 groundstation8)
16.007: (turn_to satellite0 groundstation2 groundstation8)
16.007: (turn_to satellite0 star4 star1)
16.007: (turn_to satellite0 groundstation2 star1)
16.008: (turn_to satellite0 star4 star5)
16.008: (turn_to satellite0 groundstation2 star5)
8.099: (turn_to satellite0 planet11 star3)
8.099: (turn_to satellite0 planet11 groundstation0)
8.181: (turn_to satellite0 phenomenon12 star3)
8.182: (turn_to satellite0 star13 star3)
8.182: (turn_to satellite0 planet10 star3)
8.182: (turn_to satellite0 star14 star3)
8.182: (turn_to satellite0 planet10 groundstation0)
8.182: (turn_to satellite0 phenomenon12 groundstation0)
8.182: (turn_to satellite0 star14 groundstation0)
8.182: (turn_to satellite0 star13 groundstation0)
7.144: (take_image satellite0 planet11 instrument0 thermograph0)
7.699: (take_image satellite0 star14 instrument0 image1)
7.699: (take_image satellite0 planet10 instrument0 thermograph2)
7.700: (take_image satellite0 star13 instrument0 image1)
7.700: (take_image satellite0 phenomenon12 instrument0 thermograph2)
8.127: (take_image satellite0 planet11 instrument0 thermograph2)
8.127: (take_image satellite0 planet11 instrument0 image1)
8.209: (take_image satellite0 star14 instrument0 thermograph2)
8.210: (take_image satellite0 phenomenon12 instrument0 image1)
8.210: (take_image satellite0 planet10 instrument0 image1)
6.444: (turn_to satellite0 planet10 planet11)
6.444: (turn_to satellite0 star13 planet11)
6.444: (turn_to satellite0 star14 planet11)
6.444: (turn_to satellite0 phenomenon12 planet11)
6.946: (turn_to satellite0 planet11 phenomenon12)
6.947: (turn_to satellite0 planet11 star14)
6.947: (turn_to satellite0 planet11 planet10)
6.948: (turn_to satellite0 planet11 star13)
6.983: (turn_to satellite0 planet10 phenomenon12)
6.984: (turn_to satellite0 star13 star14)
5.731: (take_image satellite0 star13 instrument0 image1)
5.731: (take_image satellite0 star14 instrument0 image1)
5.731: (take_image satellite0 phenomenon12 instrument0 thermograph2)
5.731: (take_image satellite0 planet10 instrument0 thermograph2)
5.772: (take_image satellite0 planet11 instrument0 thermograph0)
5.772: (take_image satellite0 planet11 instrument0 thermograph0)
5.772: (take_image satellite0 planet11 instrument0 thermograph0)
5.772: (take_image satellite0 planet11 instrument0 thermograph0)
6.025: (take_image satellite0 star13 instrument0 image1)
6.025: (take_image satellite0 planet10 instrument0 thermograph2)
5.011: (turn_to satellite0 phenomenon12 planet11)
5.012: (turn_to satellite0 planet10 planet11)
5.012: (turn_to satellite0 star13 star14)
5.012: (turn_to satellite0 phenomenon12 planet10)
5.012: (turn_to satellite0 star14 planet11)
5.012: (turn_to satellite0 planet10 phenomenon12)
5.012: (turn_to satellite0 star13 planet11)
5.013: (turn_to satellite0 star14 star13)
5.086: (turn_to satellite0 star14 planet11)
5.086: (turn_to satellite0 star13 planet11)
3.959: (take_image satellite0 planet10 instrument0 thermograph2)
3.959: (take_image satellite0 star13 instrument0 image1)
3.960: (take_image satellite0 phenomenon12 instrument0 thermograph2)
3.961: (take_image satellite0 star14 instrument0 image1)
4.317: (take_image satellite0 star14 instrument0 image1)
4.320: (take_image satellite0 star13 instrument0 image1)
5.042: (take_image satellite0 planet10 instrument0 image1)
5.042: (take_image satellite0 star13 instrument0 thermograph2)
5.042: (take_image satellite0 phenomenon12 instrument0 image1)
5.042: (take_image satellite0 star14 instrument0 thermograph2)
3.209: (turn_to satellite0 phenomenon12 star13)
3.209: (turn_to satellite0 star14 phenomenon12)
3.209: (turn_to satellite0 star13 phenomenon12)
3.209: (turn_to satellite0 planet10 star13)
3.210: (turn_to satellite0 planet10 star14)
3.210: (turn_to satellite0 phenomenon12 star14)
3.210: (turn_to satellite0 star13 planet10)
3.210: (turn_to satellite0 star14 planet10)
3.606: (turn_to satellite0 phenomenon12 star14)
3.606: (turn_to satellite0 star13 star14)
2.547: (take_image satellite0 star14 instrument0 image1)
2.547: (take_image satellite0 star13 instrument0 image1)
2.548: (take_image satellite0 phenomenon12 instrument0 thermograph2)
2.548: (take_image satellite0 planet10 instrument0 thermograph2)
2.595: (take_image satellite0 phenomenon12 instrument0 thermograph2)
2.597: (take_image satellite0 star13 instrument0 image1)
3.275: (take_image satellite0 star14 instrument0 thermograph0)
3.275: (take_image satellite0 star14 instrument0 thermograph2)
3.275: (take_image satellite0 planet10 instrument0 thermograph0)
3.275: (take_image satellite0 star13 instrument0 thermograph0)
1.794: (turn_to satellite0 star13 phenomenon12)
1.794: (turn_to satellite0 phenomenon12 star13)
1.795: (turn_to satellite0 star14 star13)
1.795: (turn_to satellite0 planet10 phenomenon12)
1.796: (turn_to satellite0 phenomenon12 planet10)
1.796: (turn_to satellite0 star13 star14)
2.567: (take_image satellite0 star13 instrument0 thermograph0)
2.567: (take_image satellite0 phenomenon12 instrument0 thermograph0)
2.567: (take_image satellite0 star13 instrument0 image1)
2.567: (take_image satellite0 planet10 instrument0 thermograph2)
1.016: (take_image satellite0 phenomenon12 instrument0 thermograph2)
1.016: (take_image satellite0 star14 instrument0 image1)
1.017: (take_image satellite0 planet10 instrument0 thermograph2)
1.017: (take_image satellite0 star13 instrument0 image1)
1.801: (turn_to satellite0 star14 star13)
1.801: (turn_to satellite0 planet10 phenomenon12)
1.803: (turn_to satellite0 phenomenon12 planet10)
1.860: (take_image satellite0 star14 instrument0 thermograph0)
1.860: (take_image satellite0 phenomenon12 instrument0 thermograph0)
1.860: (take_image satellite0 star14 instrument0 thermograph2)
0.300: (turn_to satellite0 star7 star14)
[Final] Expanded: 105, Generated: 1942
Found a solution of length 14!
   1: (turn_to satellite0 star3 star6)
   2: (switch_on instrument0 satellite0)
   3: (calibrate satellite0 instrument0 star3)
   4: (turn_to satellite0 planet10 star3)
   5: (take_image satellite0 planet10 instrument0 thermograph2)
   6: (turn_to satellite0 planet11 planet10)
   7: (take_image satellite0 planet11 instrument0 thermograph0)
   8: (turn_to satellite0 phenomenon12 planet11)
   9: (take_image satellite0 phenomenon12 instrument0 thermograph2)
  10: (turn_to satellite0 star13 phenomenon12)
  11: (take_image satellite0 star13 instrument0 image1)
  12: (turn_to satellite0 star14 star13)
  13: (take_image satellite0 star14 instrument0 image1)
  14: (turn_to satellite0 star7 star14)
