/u/ibrahim.eisawy/Neural-Guided-Search/venv/lib/python3.10/site-packages/pymimir_rgnn/model.py:151: UserWarning: index_reduce() is in beta and the API may change at any time. (Triggered internally at /pytorch/aten/src/ATen/native/cuda/Indexing.cu:1541.)
  max_msg.index_reduce_(0, output_indices, output_messages, reduce='amax', include_self=True)
Torch: 2.12.0+cu130
Using GPU:  NVIDIA L40S
15.567: (switch_on instrument1 satellite0)
16.550: (turn_to satellite0 star5 planet13)
16.612: (switch_on instrument2 satellite0)
16.614: (turn_to satellite0 groundstation8 planet13)
16.939: (switch_on instrument0 satellite0)
17.045: (turn_to satellite0 star0 planet13)
17.088: (turn_to satellite0 groundstation1 planet13)
17.088: (turn_to satellite0 groundstation7 planet13)
18.549: (turn_to satellite0 star2 planet13)
18.549: (turn_to satellite0 groundstation4 planet13)
12.813: (switch_on instrument1 satellite0)
12.813: (turn_to satellite0 star5 planet13)
12.857: (turn_to satellite0 groundstation8 planet13)
12.857: (switch_on instrument1 satellite0)
14.377: (turn_to satellite0 star5 planet13)
14.378: (switch_on instrument2 satellite0)
14.638: (switch_on instrument2 satellite0)
14.640: (turn_to satellite0 star0 planet13)
14.736: (turn_to satellite0 star0 planet13)
14.736: (switch_on instrument1 satellite0)
7.943: (calibrate satellite0 instrument1 groundstation8)
7.992: (calibrate satellite0 instrument1 star5)
10.952: (calibrate satellite0 instrument2 star5)
11.183: (calibrate satellite0 instrument2 star0)
14.757: (turn_to satellite0 groundstation7 star5)
14.757: (turn_to satellite0 groundstation1 star5)
14.757: (turn_to satellite0 groundstation7 groundstation8)
14.757: (turn_to satellite0 groundstation1 groundstation8)
14.757: (turn_to satellite0 groundstation1 star0)
14.757: (turn_to satellite0 groundstation7 star0)
7.070: (turn_to satellite0 star10 star5)
7.071: (turn_to satellite0 star10 groundstation8)
7.071: (turn_to satellite0 phenomenon11 star5)
7.071: (turn_to satellite0 phenomenon11 groundstation8)
7.145: (turn_to satellite0 planet13 star5)
7.145: (turn_to satellite0 star12 star5)
7.145: (turn_to satellite0 phenomenon14 star5)
7.145: (turn_to satellite0 planet13 groundstation8)
7.145: (turn_to satellite0 phenomenon14 groundstation8)
7.145: (turn_to satellite0 star12 groundstation8)
6.174: (take_image satellite0 star10 instrument1 image2)
6.175: (take_image satellite0 phenomenon11 instrument1 infrared1)
6.727: (take_image satellite0 star12 instrument1 spectrograph0)
6.727: (take_image satellite0 planet13 instrument1 spectrograph0)
6.728: (take_image satellite0 phenomenon14 instrument1 spectrograph0)
7.084: (take_image satellite0 star10 instrument1 infrared1)
7.084: (take_image satellite0 star10 instrument1 spectrograph0)
7.084: (take_image satellite0 phenomenon11 instrument1 image2)
7.085: (take_image satellite0 phenomenon11 instrument1 spectrograph0)
7.158: (take_image satellite0 phenomenon14 instrument1 image2)
5.389: (turn_to satellite0 phenomenon11 star10)
5.393: (turn_to satellite0 star10 phenomenon11)
5.471: (turn_to satellite0 phenomenon14 star10)
5.471: (turn_to satellite0 star12 star10)
5.471: (turn_to satellite0 planet13 star10)
5.475: (turn_to satellite0 planet13 phenomenon11)
5.475: (turn_to satellite0 star12 phenomenon11)
5.475: (turn_to satellite0 phenomenon14 phenomenon11)
5.946: (turn_to satellite0 phenomenon11 phenomenon14)
5.946: (turn_to satellite0 star10 phenomenon14)
4.104: (take_image satellite0 star10 instrument1 image2)
4.106: (take_image satellite0 phenomenon11 instrument1 infrared1)
4.747: (take_image satellite0 star12 instrument1 spectrograph0)
4.747: (take_image satellite0 planet13 instrument1 spectrograph0)
4.748: (take_image satellite0 phenomenon14 instrument1 spectrograph0)
4.752: (take_image satellite0 star12 instrument1 spectrograph0)
4.752: (take_image satellite0 planet13 instrument1 spectrograph0)
4.753: (take_image satellite0 phenomenon14 instrument1 spectrograph0)
4.771: (take_image satellite0 star10 instrument1 image2)
4.778: (take_image satellite0 phenomenon11 instrument1 infrared1)
3.365: (turn_to satellite0 planet13 phenomenon11)
3.365: (turn_to satellite0 phenomenon14 phenomenon11)
3.365: (turn_to satellite0 star12 phenomenon11)
3.366: (turn_to satellite0 star12 star10)
3.366: (turn_to satellite0 planet13 star10)
3.366: (turn_to satellite0 phenomenon14 star10)
3.998: (turn_to satellite0 phenomenon11 star10)
3.999: (turn_to satellite0 phenomenon11 phenomenon14)
3.999: (turn_to satellite0 phenomenon11 star12)
4.000: (turn_to satellite0 phenomenon11 planet13)
2.691: (take_image satellite0 star12 instrument1 spectrograph0)
2.691: (take_image satellite0 phenomenon14 instrument1 spectrograph0)
2.691: (take_image satellite0 planet13 instrument1 spectrograph0)
2.714: (take_image satellite0 phenomenon11 instrument1 infrared1)
2.715: (take_image satellite0 phenomenon11 instrument1 infrared1)
2.716: (take_image satellite0 phenomenon11 instrument1 infrared1)
3.423: (take_image satellite0 phenomenon14 instrument1 infrared1)
3.423: (take_image satellite0 star12 instrument1 infrared1)
3.423: (take_image satellite0 phenomenon14 instrument1 image2)
3.424: (take_image satellite0 star12 instrument1 image2)
1.988: (turn_to satellite0 planet13 phenomenon11)
1.988: (turn_to satellite0 phenomenon14 phenomenon11)
1.989: (turn_to satellite0 phenomenon14 phenomenon11)
1.989: (turn_to satellite0 planet13 phenomenon11)
1.989: (turn_to satellite0 star12 phenomenon11)
1.989: (turn_to satellite0 star12 phenomenon11)
1.990: (turn_to satellite0 star12 planet13)
1.990: (turn_to satellite0 phenomenon14 planet13)
1.990: (turn_to satellite0 planet13 phenomenon14)
1.990: (turn_to satellite0 star12 phenomenon14)
1.536: (take_image satellite0 star12 instrument1 spectrograph0)
1.536: (take_image satellite0 planet13 instrument1 spectrograph0)
1.536: (take_image satellite0 phenomenon14 instrument1 spectrograph0)
1.537: (take_image satellite0 phenomenon14 instrument1 spectrograph0)
1.537: (take_image satellite0 star12 instrument1 spectrograph0)
1.538: (take_image satellite0 planet13 instrument1 spectrograph0)
2.042: (take_image satellite0 planet13 instrument1 infrared1)
2.042: (take_image satellite0 star12 instrument1 infrared1)
2.043: (take_image satellite0 star12 instrument1 image2)
2.043: (take_image satellite0 planet13 instrument1 image2)
0.772: (turn_to satellite0 phenomenon14 star12)
0.772: (turn_to satellite0 planet13 phenomenon14)
0.773: (turn_to satellite0 star12 phenomenon14)
0.773: (turn_to satellite0 phenomenon14 planet13)
0.774: (turn_to satellite0 star12 planet13)
0.774: (turn_to satellite0 planet13 star12)
1.553: (take_image satellite0 star12 instrument1 image2)
1.553: (take_image satellite0 phenomenon14 instrument1 image2)
1.553: (take_image satellite0 planet13 instrument1 image2)
1.553: (take_image satellite0 phenomenon14 instrument1 image2)
0.025: (take_image satellite0 phenomenon14 instrument1 spectrograph0)
[Final] Expanded: 96, Generated: 1792
Found a solution of length 13!
   1: (turn_to satellite0 star5 planet13)
   2: (switch_on instrument1 satellite0)
   3: (calibrate satellite0 instrument1 star5)
   4: (turn_to satellite0 star10 star5)
   5: (take_image satellite0 star10 instrument1 image2)
   6: (turn_to satellite0 planet13 star10)
   7: (take_image satellite0 planet13 instrument1 spectrograph0)
   8: (turn_to satellite0 phenomenon11 planet13)
   9: (take_image satellite0 phenomenon11 instrument1 infrared1)
  10: (turn_to satellite0 star12 phenomenon11)
  11: (take_image satellite0 star12 instrument1 spectrograph0)
  12: (turn_to satellite0 phenomenon14 star12)
  13: (take_image satellite0 phenomenon14 instrument1 spectrograph0)
