/u/ibrahim.eisawy/Neural-Guided-Search/venv/lib/python3.10/site-packages/pymimir_rgnn/model.py:151: UserWarning: index_reduce() is in beta and the API may change at any time. (Triggered internally at /pytorch/aten/src/ATen/native/cuda/Indexing.cu:1541.)
  max_msg.index_reduce_(0, output_indices, output_messages, reduce='amax', include_self=True)
Torch: 2.12.0+cu130
Using GPU:  NVIDIA L40S
21.545: (switch_on instrument0 satellite0)
21.551: (switch_on instrument1 satellite0)
22.207: (switch_on instrument2 satellite1)
22.733: (turn_to satellite1 groundstation6 phenomenon16)
22.733: (turn_to satellite1 star5 phenomenon16)
22.946: (turn_to satellite0 groundstation14 star18)
22.946: (turn_to satellite0 star2 star18)
22.961: (turn_to satellite0 groundstation7 star18)
22.961: (turn_to satellite0 groundstation1 star18)
22.961: (turn_to satellite0 star0 star18)
18.351: (turn_to satellite1 star5 phenomenon16)
18.352: (turn_to satellite1 groundstation6 phenomenon16)
18.356: (switch_on instrument2 satellite1)
18.360: (switch_on instrument2 satellite1)
18.526: (turn_to satellite1 groundstation4 phenomenon16)
18.739: (turn_to satellite0 groundstation6 star18)
18.739: (turn_to satellite0 star5 star18)
18.790: (turn_to satellite0 star2 star18)
18.790: (turn_to satellite0 groundstation14 star18)
18.791: (turn_to satellite0 groundstation10 star18)
12.680: (calibrate satellite0 instrument1 groundstation6)
12.682: (calibrate satellite0 instrument1 star5)
12.728: (calibrate satellite0 instrument1 groundstation14)
12.733: (calibrate satellite0 instrument1 star2)
12.766: (calibrate satellite0 instrument0 groundstation10)
12.794: (calibrate satellite1 instrument2 star5)
12.794: (calibrate satellite1 instrument2 groundstation6)
12.848: (calibrate satellite1 instrument2 groundstation4)
17.436: (turn_to satellite0 groundstation4 star18)
17.503: (turn_to satellite0 groundstation4 star18)
11.883: (calibrate satellite1 instrument2 groundstation4)
11.889: (turn_to satellite0 groundstation4 star18)
11.946: (calibrate satellite1 instrument2 star5)
11.961: (turn_to satellite0 groundstation4 star18)
11.962: (turn_to satellite0 planet15 groundstation6)
11.963: (turn_to satellite0 planet15 star5)
11.963: (turn_to satellite0 groundstation4 star18)
11.965: (turn_to satellite0 planet15 groundstation14)
11.968: (turn_to satellite0 planet15 star2)
12.011: (turn_to satellite0 planet15 groundstation10)
10.971: (take_image satellite0 planet15 instrument1 spectrograph1)
11.004: (take_image satellite0 planet15 instrument0 spectrograph1)
11.225: (turn_to satellite1 planet15 star5)
11.225: (turn_to satellite1 planet15 groundstation4)
11.228: (turn_to satellite1 planet15 groundstation6)
11.298: (turn_to satellite1 planet17 star5)
11.298: (turn_to satellite1 planet21 star5)
11.298: (turn_to satellite1 phenomenon19 star5)
11.301: (turn_to satellite1 phenomenon19 groundstation4)
11.301: (turn_to satellite1 planet17 groundstation4)
10.100: (take_image satellite1 planet15 instrument2 spectrograph1)
10.326: (turn_to satellite0 planet17 planet15)
10.326: (turn_to satellite0 planet21 planet15)
10.326: (turn_to satellite0 phenomenon19 planet15)
10.331: (turn_to satellite0 planet22 planet15)
10.332: (turn_to satellite0 star18 planet15)
10.332: (turn_to satellite0 planet20 planet15)
10.344: (turn_to satellite0 planet21 planet15)
10.344: (turn_to satellite0 phenomenon19 planet15)
10.344: (turn_to satellite0 planet17 planet15)
9.234: (take_image satellite0 planet21 instrument1 spectrograph0)
9.236: (take_image satellite0 planet17 instrument1 spectrograph0)
9.237: (take_image satellite0 phenomenon19 instrument1 spectrograph0)
9.239: (take_image satellite0 planet20 instrument1 spectrograph2)
9.240: (take_image satellite0 planet22 instrument1 spectrograph2)
9.247: (take_image satellite0 star18 instrument1 spectrograph2)
9.256: (take_image satellite0 phenomenon19 instrument0 spectrograph0)
9.256: (take_image satellite0 planet17 instrument0 spectrograph0)
9.259: (take_image satellite0 planet21 instrument0 spectrograph0)
9.496: (turn_to satellite1 planet17 planet15)
8.343: (take_image satellite1 planet17 instrument2 spectrograph0)
8.677: (turn_to satellite0 planet22 phenomenon19)
8.677: (turn_to satellite0 planet20 phenomenon19)
8.677: (turn_to satellite0 star18 phenomenon19)
8.679: (turn_to satellite0 planet22 planet21)
8.679: (turn_to satellite0 star18 planet21)
8.679: (turn_to satellite0 planet20 planet21)
8.680: (turn_to satellite0 planet22 planet17)
8.680: (turn_to satellite0 star18 planet17)
8.680: (turn_to satellite0 planet20 planet17)
7.557: (take_image satellite0 planet20 instrument1 spectrograph2)
7.558: (take_image satellite0 planet22 instrument1 spectrograph2)
7.559: (take_image satellite0 planet20 instrument1 spectrograph2)
7.560: (take_image satellite0 star18 instrument1 spectrograph2)
7.563: (take_image satellite0 planet20 instrument1 spectrograph2)
7.564: (take_image satellite0 planet22 instrument1 spectrograph2)
7.565: (take_image satellite0 planet22 instrument1 spectrograph2)
7.566: (take_image satellite0 star18 instrument1 spectrograph2)
7.566: (take_image satellite0 star18 instrument1 spectrograph2)
7.852: (turn_to satellite1 planet21 planet17)
7.017: (turn_to satellite0 planet22 star18)
7.017: (turn_to satellite0 planet20 star18)
7.017: (take_image satellite1 planet21 instrument2 spectrograph0)
7.017: (turn_to satellite0 planet20 star18)
7.019: (turn_to satellite0 planet22 star18)
7.021: (turn_to satellite0 planet22 planet20)
7.021: (turn_to satellite0 star18 planet20)
7.022: (turn_to satellite0 planet22 planet20)
7.022: (turn_to satellite0 planet20 star18)
7.022: (turn_to satellite0 star18 planet20)
6.392: (take_image satellite0 star18 instrument1 spectrograph2)
6.392: (take_image satellite0 planet22 instrument1 spectrograph2)
6.394: (take_image satellite0 planet20 instrument1 spectrograph2)
6.394: (take_image satellite0 star18 instrument1 spectrograph2)
6.396: (take_image satellite0 planet20 instrument1 spectrograph2)
6.396: (take_image satellite0 planet22 instrument1 spectrograph2)
6.398: (take_image satellite0 planet22 instrument1 spectrograph2)
6.400: (take_image satellite0 planet20 instrument1 spectrograph2)
6.403: (take_image satellite0 planet22 instrument1 spectrograph2)
6.459: (turn_to satellite1 phenomenon19 planet21)
5.313: (take_image satellite1 phenomenon19 instrument2 spectrograph0)
5.784: (turn_to satellite0 planet22 planet20)
5.788: (turn_to satellite0 planet20 planet22)
5.789: (turn_to satellite0 star18 planet22)
5.792: (turn_to satellite0 star18 planet22)
5.792: (turn_to satellite0 planet22 star18)
5.794: (turn_to satellite0 planet22 planet20)
5.798: (turn_to satellite0 planet22 star18)
5.799: (turn_to satellite0 planet20 planet22)
5.799: (turn_to satellite0 planet22 planet20)
4.714: (turn_to satellite1 planet22 phenomenon19)
4.714: (turn_to satellite1 planet20 phenomenon19)
4.715: (turn_to satellite1 star18 phenomenon19)
5.190: (take_image satellite0 planet20 instrument1 spectrograph2)
5.193: (take_image satellite0 planet22 instrument1 spectrograph2)
5.195: (take_image satellite0 star18 instrument1 spectrograph2)
5.198: (take_image satellite0 planet20 instrument1 spectrograph2)
5.199: (take_image satellite0 planet22 instrument1 spectrograph2)
5.201: (take_image satellite0 star18 instrument1 spectrograph2)
5.203: (take_image satellite0 planet22 instrument1 spectrograph2)
3.949: (take_image satellite1 star18 instrument2 spectrograph2)
3.949: (take_image satellite1 planet20 instrument2 spectrograph2)
3.951: (take_image satellite1 planet22 instrument2 spectrograph2)
4.658: (turn_to satellite0 planet17 planet22)
4.658: (turn_to satellite0 planet21 planet22)
4.659: (turn_to satellite0 phenomenon19 star18)
4.660: (turn_to satellite0 planet17 planet20)
4.660: (turn_to satellite0 planet21 planet20)
4.660: (turn_to satellite0 phenomenon19 planet22)
4.660: (turn_to satellite0 planet21 planet22)
3.372: (turn_to satellite1 star18 planet20)
3.372: (turn_to satellite1 planet20 planet22)
3.372: (turn_to satellite1 star18 planet22)
3.372: (turn_to satellite1 planet22 planet20)
3.373: (turn_to satellite1 planet22 star18)
3.373: (turn_to satellite1 planet20 star18)
3.812: (turn_to satellite1 phenomenon16 planet22)
3.814: (turn_to satellite1 phenomenon16 star18)
3.814: (turn_to satellite1 phenomenon16 planet20)
3.971: (take_image satellite1 planet22 instrument2 spectrograph1)
2.792: (take_image satellite1 star18 instrument2 spectrograph2)
2.794: (take_image satellite1 star18 instrument2 spectrograph2)
2.794: (take_image satellite1 planet20 instrument2 spectrograph2)
2.796: (take_image satellite1 planet22 instrument2 spectrograph2)
2.803: (take_image satellite1 planet22 instrument2 spectrograph2)
2.806: (take_image satellite1 planet20 instrument2 spectrograph2)
3.379: (turn_to satellite1 planet20 planet22)
3.379: (turn_to satellite1 star18 planet22)
3.391: (switch_on instrument0 satellite0)
3.392: (switch_on instrument0 satellite0)
2.198: (turn_to satellite1 planet22 star18)
2.199: (turn_to satellite1 star18 planet20)
2.199: (turn_to satellite1 planet20 star18)
2.200: (turn_to satellite1 star18 planet22)
2.208: (turn_to satellite1 planet22 planet20)
2.208: (turn_to satellite1 planet20 planet22)
2.635: (turn_to satellite1 phenomenon16 planet20)
2.637: (turn_to satellite1 phenomenon16 star18)
2.637: (turn_to satellite1 phenomenon16 star18)
2.637: (turn_to satellite1 phenomenon16 planet22)
1.612: (take_image satellite1 planet20 instrument2 spectrograph2)
1.617: (take_image satellite1 star18 instrument2 spectrograph2)
1.618: (take_image satellite1 planet22 instrument2 spectrograph2)
2.219: (switch_on instrument0 satellite0)
2.220: (switch_on instrument0 satellite0)
2.221: (switch_on instrument0 satellite0)
2.258: (take_image satellite1 planet20 instrument2 spectrograph0)
2.259: (take_image satellite1 star18 instrument2 spectrograph1)
2.259: (take_image satellite1 planet20 instrument2 spectrograph1)
2.260: (take_image satellite1 star18 instrument2 spectrograph0)
1.384: (turn_to satellite1 phenomenon16 planet20)
1.385: (turn_to satellite1 phenomenon16 planet22)
1.385: (turn_to satellite1 phenomenon16 star18)
1.633: (take_image satellite1 star18 instrument2 spectrograph2)
1.633: (take_image satellite1 planet20 instrument2 spectrograph2)
1.634: (take_image satellite1 planet22 instrument2 spectrograph1)
1.637: (take_image satellite1 planet22 instrument2 spectrograph0)
1.638: (take_image satellite1 star18 instrument2 spectrograph2)
1.638: (take_image satellite1 planet20 instrument2 spectrograph1)
1.639: (take_image satellite1 star18 instrument2 spectrograph1)
0.525: (take_image satellite1 phenomenon16 instrument2 spectrograph2)
[Final] Expanded: 168, Generated: 8606
Found a solution of length 20!
   1: (switch_on instrument2 satellite1)
   2: (turn_to satellite1 star5 phenomenon16)
   3: (turn_to satellite0 groundstation4 star18)
   4: (calibrate satellite1 instrument2 star5)
   5: (turn_to satellite1 planet15 star5)
   6: (take_image satellite1 planet15 instrument2 spectrograph1)
   7: (turn_to satellite1 planet17 planet15)
   8: (take_image satellite1 planet17 instrument2 spectrograph0)
   9: (turn_to satellite1 planet21 planet17)
  10: (take_image satellite1 planet21 instrument2 spectrograph0)
  11: (turn_to satellite1 phenomenon19 planet21)
  12: (take_image satellite1 phenomenon19 instrument2 spectrograph0)
  13: (turn_to satellite1 planet22 phenomenon19)
  14: (take_image satellite1 planet22 instrument2 spectrograph2)
  15: (turn_to satellite1 star18 planet22)
  16: (take_image satellite1 star18 instrument2 spectrograph2)
  17: (turn_to satellite1 planet20 star18)
  18: (take_image satellite1 planet20 instrument2 spectrograph2)
  19: (turn_to satellite1 phenomenon16 planet20)
  20: (take_image satellite1 phenomenon16 instrument2 spectrograph2)
