/u/ibrahim.eisawy/Neural-Guided-Search/venv/lib/python3.10/site-packages/pymimir_rgnn/model.py:151: UserWarning: index_reduce() is in beta and the API may change at any time. (Triggered internally at /pytorch/aten/src/ATen/native/cuda/Indexing.cu:1541.)
  max_msg.index_reduce_(0, output_indices, output_messages, reduce='amax', include_self=True)
Torch: 2.12.0+cu130
Using GPU:  NVIDIA L40S
18.282: (switch_on instrument5 satellite1)
18.351: (switch_on instrument4 satellite1)
21.238: (switch_on instrument2 satellite0)
21.471: (turn_to satellite0 groundstation3 planet22)
21.478: (turn_to satellite0 star5 planet22)
21.596: (switch_on instrument1 satellite0)
22.041: (switch_on instrument0 satellite0)
22.176: (turn_to satellite0 star8 planet22)
22.438: (turn_to satellite0 groundstation12 planet22)
22.489: (turn_to satellite0 star7 planet22)
12.563: (calibrate satellite1 instrument4 groundstation14)
12.639: (calibrate satellite1 instrument5 groundstation14)
17.263: (switch_on instrument2 satellite0)
17.273: (turn_to satellite0 star5 planet22)
17.451: (turn_to satellite0 groundstation3 planet22)
17.452: (switch_on instrument5 satellite1)
18.014: (turn_to satellite0 star5 planet22)
18.015: (switch_on instrument5 satellite1)
18.022: (switch_on instrument5 satellite1)
18.034: (turn_to satellite0 groundstation12 planet22)
11.782: (turn_to satellite1 planet20 groundstation14)
11.792: (turn_to satellite1 star18 groundstation14)
11.826: (turn_to satellite1 planet20 groundstation14)
11.835: (turn_to satellite1 star18 groundstation14)
11.861: (turn_to satellite1 phenomenon19 groundstation14)
11.861: (turn_to satellite1 star17 groundstation14)
11.861: (turn_to satellite1 planet16 groundstation14)
11.861: (turn_to satellite1 planet15 groundstation14)
11.861: (turn_to satellite1 phenomenon21 groundstation14)
11.876: (turn_to satellite1 planet22 groundstation14)
10.854: (take_image satellite1 planet20 instrument4 infrared2)
10.905: (take_image satellite1 planet20 instrument5 infrared2)
11.076: (take_image satellite1 phenomenon21 instrument4 spectrograph1)
11.085: (take_image satellite1 planet15 instrument4 spectrograph1)
11.094: (take_image satellite1 star17 instrument4 spectrograph1)
11.094: (take_image satellite1 planet16 instrument4 spectrograph1)
11.095: (take_image satellite1 phenomenon19 instrument4 spectrograph1)
11.168: (take_image satellite1 planet22 instrument4 infrared0)
11.172: (take_image satellite1 star18 instrument4 infrared0)
11.221: (take_image satellite1 star18 instrument5 infrared0)
10.090: (turn_to satellite1 star18 planet20)
10.144: (turn_to satellite1 star18 planet20)
10.168: (turn_to satellite1 planet15 planet20)
10.169: (turn_to satellite1 planet16 planet20)
10.169: (turn_to satellite1 planet22 planet20)
10.170: (turn_to satellite1 phenomenon19 planet20)
10.170: (turn_to satellite1 phenomenon21 planet20)
10.170: (turn_to satellite1 star17 planet20)
10.222: (turn_to satellite1 planet22 planet20)
10.225: (turn_to satellite1 planet16 planet20)
9.028: (take_image satellite1 planet15 instrument4 spectrograph1)
9.029: (take_image satellite1 planet16 instrument4 spectrograph1)
9.033: (take_image satellite1 phenomenon19 instrument4 spectrograph1)
9.039: (take_image satellite1 phenomenon21 instrument4 spectrograph1)
9.042: (take_image satellite1 star17 instrument4 spectrograph1)
9.090: (take_image satellite1 planet16 instrument5 spectrograph1)
9.106: (take_image satellite1 star18 instrument4 infrared0)
9.159: (take_image satellite1 star18 instrument5 infrared0)
9.218: (take_image satellite1 planet22 instrument4 infrared0)
9.291: (take_image satellite1 planet22 instrument5 infrared0)
8.370: (turn_to satellite1 star18 planet15)
8.370: (turn_to satellite1 star18 phenomenon19)
8.370: (turn_to satellite1 star18 planet16)
8.375: (turn_to satellite1 star18 phenomenon21)
8.376: (turn_to satellite1 star18 star17)
8.430: (turn_to satellite1 star18 planet16)
8.444: (turn_to satellite1 planet22 phenomenon19)
8.445: (turn_to satellite1 planet22 planet15)
8.445: (turn_to satellite1 planet22 planet16)
8.448: (turn_to satellite1 planet22 phenomenon21)
7.558: (take_image satellite1 star18 instrument4 infrared0)
7.559: (take_image satellite1 star18 instrument4 infrared0)
7.562: (take_image satellite1 star18 instrument4 infrared0)
7.563: (take_image satellite1 star18 instrument4 infrared0)
7.564: (take_image satellite1 star18 instrument4 infrared0)
7.630: (take_image satellite1 star18 instrument5 infrared0)
7.752: (take_image satellite1 planet22 instrument4 infrared0)
7.754: (take_image satellite1 planet22 instrument4 infrared0)
7.755: (take_image satellite1 planet22 instrument4 infrared0)
7.760: (take_image satellite1 planet22 instrument4 infrared0)
6.976: (turn_to satellite1 planet22 star18)
6.977: (turn_to satellite1 planet22 star18)
6.979: (turn_to satellite1 planet22 star18)
6.981: (turn_to satellite1 planet22 star18)
6.985: (turn_to satellite1 planet22 star18)
7.002: (turn_to satellite1 phenomenon21 star18)
7.003: (turn_to satellite1 phenomenon21 star18)
7.003: (turn_to satellite1 phenomenon19 star18)
7.003: (turn_to satellite1 star17 star18)
7.003: (turn_to satellite1 planet16 star18)
5.962: (take_image satellite1 planet22 instrument4 infrared0)
5.962: (take_image satellite1 planet22 instrument4 infrared0)
5.963: (take_image satellite1 planet22 instrument4 infrared0)
5.964: (take_image satellite1 planet22 instrument4 infrared0)
5.966: (take_image satellite1 planet22 instrument4 infrared0)
6.409: (take_image satellite1 star17 instrument4 spectrograph1)
6.409: (take_image satellite1 planet16 instrument4 spectrograph1)
6.412: (take_image satellite1 phenomenon19 instrument4 spectrograph1)
6.414: (take_image satellite1 phenomenon21 instrument4 spectrograph1)
6.418: (take_image satellite1 phenomenon21 instrument4 spectrograph1)
5.292: (turn_to satellite1 phenomenon21 planet22)
5.292: (turn_to satellite1 phenomenon19 planet22)
5.292: (turn_to satellite1 star17 planet22)
5.292: (turn_to satellite1 planet16 planet22)
5.292: (turn_to satellite1 phenomenon21 planet22)
5.293: (turn_to satellite1 star17 planet22)
5.293: (turn_to satellite1 planet16 planet22)
5.293: (turn_to satellite1 planet15 planet22)
5.293: (turn_to satellite1 phenomenon19 planet22)
5.293: (turn_to satellite1 planet15 planet22)
4.748: (take_image satellite1 planet15 instrument4 spectrograph1)
4.748: (take_image satellite1 phenomenon19 instrument4 spectrograph1)
4.749: (take_image satellite1 planet16 instrument4 spectrograph1)
4.750: (take_image satellite1 star17 instrument4 spectrograph1)
4.751: (take_image satellite1 phenomenon21 instrument4 spectrograph1)
4.752: (take_image satellite1 phenomenon19 instrument4 spectrograph1)
4.752: (take_image satellite1 phenomenon21 instrument4 spectrograph1)
4.753: (take_image satellite1 star17 instrument4 spectrograph1)
4.756: (take_image satellite1 planet15 instrument4 spectrograph1)
4.757: (take_image satellite1 planet16 instrument4 spectrograph1)
4.131: (turn_to satellite1 phenomenon21 planet16)
4.131: (turn_to satellite1 star17 planet16)
4.131: (turn_to satellite1 planet15 planet16)
4.132: (turn_to satellite1 phenomenon21 planet15)
4.132: (turn_to satellite1 star17 planet15)
4.132: (turn_to satellite1 planet16 planet15)
4.138: (turn_to satellite1 planet16 phenomenon21)
4.138: (turn_to satellite1 planet15 phenomenon21)
4.138: (turn_to satellite1 planet15 star17)
4.138: (turn_to satellite1 planet16 star17)
3.609: (take_image satellite1 planet16 instrument4 spectrograph1)
3.609: (take_image satellite1 planet15 instrument4 spectrograph1)
3.610: (take_image satellite1 phenomenon21 instrument4 spectrograph1)
3.612: (take_image satellite1 planet16 instrument4 spectrograph1)
3.613: (take_image satellite1 star17 instrument4 spectrograph1)
3.613: (take_image satellite1 phenomenon21 instrument4 spectrograph1)
3.613: (take_image satellite1 planet15 instrument4 spectrograph1)
3.614: (take_image satellite1 star17 instrument4 spectrograph1)
3.619: (take_image satellite1 planet15 instrument4 spectrograph1)
3.619: (take_image satellite1 planet16 instrument4 spectrograph1)
2.985: (turn_to satellite1 star17 planet16)
2.985: (turn_to satellite1 planet15 planet16)
2.987: (turn_to satellite1 planet16 planet15)
2.987: (turn_to satellite1 star17 planet15)
2.991: (turn_to satellite1 star17 planet15)
2.992: (turn_to satellite1 phenomenon21 star17)
2.992: (turn_to satellite1 planet15 star17)
2.992: (turn_to satellite1 phenomenon21 planet15)
2.999: (turn_to satellite1 planet16 phenomenon21)
2.999: (turn_to satellite1 star17 phenomenon21)
2.471: (take_image satellite1 star17 instrument4 spectrograph1)
2.474: (take_image satellite1 phenomenon21 instrument4 spectrograph1)
2.474: (take_image satellite1 star17 instrument4 spectrograph1)
2.475: (take_image satellite1 planet16 instrument4 spectrograph1)
2.475: (take_image satellite1 star17 instrument4 spectrograph1)
2.477: (take_image satellite1 planet15 instrument4 spectrograph1)
2.477: (take_image satellite1 planet15 instrument4 spectrograph1)
2.481: (take_image satellite1 phenomenon21 instrument4 spectrograph1)
2.834: (switch_on instrument2 satellite0)
2.835: (switch_on instrument2 satellite0)
1.779: (turn_to satellite1 phenomenon21 planet15)
1.781: (turn_to satellite1 star17 phenomenon21)
1.789: (turn_to satellite1 planet15 phenomenon21)
1.790: (turn_to satellite1 planet16 star17)
1.791: (turn_to satellite1 star17 planet15)
1.792: (turn_to satellite1 planet15 star17)
1.794: (turn_to satellite1 phenomenon21 star17)
1.800: (turn_to satellite1 star17 planet16)
2.302: (switch_on instrument2 satellite0)
2.306: (switch_on instrument2 satellite0)
1.120: (take_image satellite1 planet15 instrument4 spectrograph1)
1.121: (take_image satellite1 planet16 instrument4 spectrograph1)
1.122: (take_image satellite1 phenomenon21 instrument4 spectrograph1)
1.124: (take_image satellite1 star17 instrument4 spectrograph1)
1.626: (switch_on instrument2 satellite0)
1.627: (switch_on instrument2 satellite0)
1.628: (switch_on instrument2 satellite0)
1.629: (turn_to satellite1 star17 phenomenon21)
1.630: (turn_to satellite1 phenomenon21 planet15)
1.638: (switch_on instrument2 satellite0)
0.527: (turn_to satellite1 groundstation6 planet15)
[Final] Expanded: 169, Generated: 8916
Found a solution of length 19!
   1: (switch_on instrument4 satellite1)
   2: (calibrate satellite1 instrument4 groundstation14)
   3: (turn_to satellite1 planet20 groundstation14)
   4: (take_image satellite1 planet20 instrument4 infrared2)
   5: (turn_to satellite1 phenomenon19 planet20)
   6: (take_image satellite1 phenomenon19 instrument4 spectrograph1)
   7: (turn_to satellite1 star18 phenomenon19)
   8: (take_image satellite1 star18 instrument4 infrared0)
   9: (turn_to satellite1 planet22 star18)
  10: (take_image satellite1 planet22 instrument4 infrared0)
  11: (turn_to satellite1 planet16 planet22)
  12: (take_image satellite1 planet16 instrument4 spectrograph1)
  13: (turn_to satellite1 star17 planet16)
  14: (take_image satellite1 star17 instrument4 spectrograph1)
  15: (turn_to satellite1 phenomenon21 star17)
  16: (take_image satellite1 phenomenon21 instrument4 spectrograph1)
  17: (turn_to satellite1 planet15 phenomenon21)
  18: (take_image satellite1 planet15 instrument4 spectrograph1)
  19: (turn_to satellite1 groundstation6 planet15)
