/u/ibrahim.eisawy/Neural-Guided-Search/venv/lib/python3.10/site-packages/pymimir_rgnn/model.py:151: UserWarning: index_reduce() is in beta and the API may change at any time. (Triggered internally at /pytorch/aten/src/ATen/native/cuda/Indexing.cu:1541.)
  max_msg.index_reduce_(0, output_indices, output_messages, reduce='amax', include_self=True)
Torch: 2.12.0+cu130
Using GPU:  NVIDIA L40S
20.937: (switch_on instrument2 satellite1)
21.295: (switch_on instrument1 satellite0)
21.691: (turn_to satellite0 groundstation5 planet15)
21.759: (turn_to satellite0 star1 planet15)
21.787: (turn_to satellite0 star14 planet15)
21.787: (turn_to satellite0 groundstation3 planet15)
22.165: (switch_on instrument3 satellite1)
22.326: (turn_to satellite0 groundstation11 planet15)
22.326: (turn_to satellite0 groundstation6 planet15)
22.326: (turn_to satellite0 groundstation13 planet15)
19.259: (turn_to satellite0 groundstation5 planet15)
19.263: (switch_on instrument2 satellite1)
19.360: (turn_to satellite0 groundstation3 planet15)
19.360: (turn_to satellite0 star14 planet15)
19.363: (switch_on instrument2 satellite1)
19.372: (switch_on instrument2 satellite1)
19.465: (turn_to satellite0 groundstation5 planet15)
19.467: (switch_on instrument1 satellite0)
19.469: (switch_on instrument3 satellite1)
19.481: (switch_on instrument1 satellite0)
15.945: (calibrate satellite0 instrument1 groundstation5)
17.557: (turn_to satellite0 star1 planet15)
17.561: (turn_to satellite0 groundstation5 planet15)
17.562: (switch_on instrument3 satellite1)
17.602: (switch_on instrument2 satellite1)
17.604: (switch_on instrument1 satellite0)
17.612: (switch_on instrument1 satellite0)
17.612: (switch_on instrument1 satellite0)
17.771: (switch_on instrument0 satellite0)
18.332: (turn_to satellite0 groundstation6 planet15)
14.368: (calibrate satellite0 instrument1 groundstation5)
14.369: (switch_on instrument3 satellite1)
14.568: (switch_on instrument2 satellite1)
14.573: (calibrate satellite0 instrument1 groundstation5)
15.016: (calibrate satellite0 instrument1 groundstation6)
15.210: (turn_to satellite1 star1 star12)
15.414: (turn_to satellite0 star1 groundstation5)
15.472: (turn_to satellite0 star20 groundstation5)
15.472: (turn_to satellite0 planet15 groundstation5)
15.472: (turn_to satellite0 star19 groundstation5)
13.646: (turn_to satellite1 star1 star12)
13.650: (switch_on instrument3 satellite1)
13.954: (turn_to satellite1 star1 star12)
13.970: (turn_to satellite0 star1 groundstation6)
13.971: (turn_to satellite0 star1 groundstation5)
13.973: (switch_on instrument3 satellite1)
14.089: (turn_to satellite0 star20 groundstation6)
14.089: (turn_to satellite0 planet15 groundstation6)
14.090: (turn_to satellite0 star19 groundstation6)
14.090: (turn_to satellite0 planet18 groundstation6)
11.896: (calibrate satellite1 instrument3 star1)
11.947: (calibrate satellite1 instrument3 star1)
13.194: (turn_to satellite0 star19 groundstation6)
13.194: (turn_to satellite0 planet18 groundstation6)
13.194: (turn_to satellite0 planet15 groundstation6)
13.194: (turn_to satellite0 star20 groundstation6)
13.195: (turn_to satellite0 planet18 groundstation5)
13.195: (turn_to satellite0 star19 groundstation5)
13.195: (turn_to satellite0 planet15 groundstation5)
13.195: (turn_to satellite0 star20 groundstation5)
10.959: (turn_to satellite1 planet18 star1)
10.961: (turn_to satellite1 star19 star1)
10.962: (turn_to satellite1 planet15 star1)
10.962: (turn_to satellite1 star20 star1)
10.964: (turn_to satellite1 planet17 star1)
10.964: (turn_to satellite1 planet16 star1)
10.965: (turn_to satellite1 phenomenon21 star1)
10.965: (turn_to satellite1 phenomenon22 star1)
11.026: (turn_to satellite1 star20 star1)
11.027: (turn_to satellite1 planet15 star1)
10.100: (take_image satellite1 phenomenon22 instrument3 infrared2)
10.101: (take_image satellite1 phenomenon21 instrument3 infrared2)
10.104: (take_image satellite1 planet17 instrument3 infrared2)
10.107: (take_image satellite1 planet16 instrument3 infrared2)
10.187: (turn_to satellite0 planet18 groundstation5)
10.188: (turn_to satellite0 star20 groundstation5)
10.188: (turn_to satellite0 star19 groundstation5)
10.189: (turn_to satellite0 planet15 groundstation6)
10.190: (turn_to satellite0 planet15 groundstation5)
10.190: (turn_to satellite0 star20 groundstation6)
9.297: (turn_to satellite1 star20 phenomenon22)
9.298: (turn_to satellite1 star19 phenomenon22)
9.298: (turn_to satellite1 planet15 phenomenon22)
9.299: (turn_to satellite1 planet18 phenomenon22)
9.300: (turn_to satellite1 star19 phenomenon21)
9.300: (turn_to satellite1 planet18 phenomenon21)
9.300: (turn_to satellite1 star19 planet17)
9.300: (turn_to satellite1 planet18 planet17)
9.300: (turn_to satellite1 planet18 planet16)
9.301: (turn_to satellite1 planet15 planet16)
8.558: (turn_to satellite0 planet15 groundstation5)
8.559: (turn_to satellite0 star20 groundstation5)
8.561: (turn_to satellite0 planet18 groundstation5)
8.562: (turn_to satellite0 star19 groundstation5)
8.562: (turn_to satellite0 planet18 groundstation5)
8.563: (turn_to satellite0 star19 groundstation5)
8.564: (turn_to satellite0 planet18 groundstation5)
8.568: (turn_to satellite0 star19 groundstation5)
8.570: (turn_to satellite0 star20 groundstation5)
8.571: (turn_to satellite0 star19 groundstation5)
7.900: (take_image satellite0 planet15 instrument1 thermograph0)
7.901: (take_image satellite0 star20 instrument1 thermograph0)
7.903: (take_image satellite0 planet18 instrument1 infrared1)
7.904: (take_image satellite0 star19 instrument1 infrared1)
7.905: (take_image satellite0 planet18 instrument1 infrared1)
7.908: (take_image satellite0 star19 instrument1 infrared1)
7.909: (take_image satellite0 planet18 instrument1 infrared1)
7.910: (take_image satellite0 star19 instrument1 infrared1)
7.912: (take_image satellite0 star20 instrument1 thermograph0)
7.913: (take_image satellite0 star19 instrument1 infrared1)
7.206: (turn_to satellite0 planet18 star20)
7.207: (turn_to satellite0 star19 star20)
7.207: (turn_to satellite0 planet18 planet15)
7.207: (turn_to satellite0 star19 planet15)
7.207: (turn_to satellite0 star20 planet18)
7.207: (turn_to satellite0 planet15 planet18)
7.208: (turn_to satellite0 star20 star19)
7.208: (turn_to satellite0 planet15 star19)
7.209: (turn_to satellite0 planet15 planet18)
7.209: (turn_to satellite0 star20 planet18)
6.509: (take_image satellite0 star19 instrument1 infrared1)
6.513: (take_image satellite0 planet18 instrument1 infrared1)
6.514: (take_image satellite0 planet18 instrument1 infrared1)
6.514: (take_image satellite0 star19 instrument1 infrared1)
6.515: (take_image satellite0 star20 instrument1 thermograph0)
6.522: (take_image satellite0 planet15 instrument1 thermograph0)
6.523: (take_image satellite0 planet15 instrument1 thermograph0)
6.524: (take_image satellite0 star20 instrument1 thermograph0)
6.526: (take_image satellite0 planet15 instrument1 thermograph0)
6.527: (take_image satellite0 star20 instrument1 thermograph0)
5.731: (turn_to satellite0 star20 planet15)
5.733: (turn_to satellite0 star19 planet18)
5.734: (turn_to satellite0 planet18 star19)
5.735: (turn_to satellite0 planet18 star19)
5.735: (turn_to satellite0 star20 planet15)
5.736: (turn_to satellite0 star19 planet18)
5.736: (turn_to satellite0 planet15 star20)
5.736: (turn_to satellite0 planet15 star20)
5.737: (turn_to satellite0 star20 planet15)
5.741: (turn_to satellite0 planet15 star20)
4.811: (take_image satellite0 star20 instrument1 thermograph0)
4.811: (take_image satellite0 star20 instrument1 thermograph0)
4.812: (take_image satellite0 planet15 instrument1 thermograph0)
4.814: (take_image satellite0 star20 instrument1 thermograph0)
4.816: (take_image satellite0 planet15 instrument1 thermograph0)
4.820: (take_image satellite0 planet15 instrument1 thermograph0)
4.835: (take_image satellite0 planet18 instrument1 infrared1)
4.836: (take_image satellite0 star19 instrument1 infrared1)
4.836: (take_image satellite0 planet18 instrument1 infrared1)
4.840: (take_image satellite0 star19 instrument1 infrared1)
4.085: (turn_to satellite0 phenomenon21 star20)
4.085: (turn_to satellite0 phenomenon22 star20)
4.085: (turn_to satellite0 planet16 star20)
4.086: (turn_to satellite0 phenomenon22 star20)
4.086: (turn_to satellite0 planet17 star20)
4.086: (turn_to satellite0 planet16 star20)
4.086: (turn_to satellite0 planet17 star20)
4.086: (turn_to satellite0 planet16 star20)
4.086: (turn_to satellite0 phenomenon22 star20)
4.087: (turn_to satellite0 phenomenon22 planet15)
4.132: (take_image satellite0 planet16 instrument1 thermograph0)
4.136: (take_image satellite0 phenomenon22 instrument1 thermograph0)
4.138: (take_image satellite0 planet17 instrument1 thermograph0)
4.139: (take_image satellite0 phenomenon21 instrument1 thermograph0)
4.139: (take_image satellite0 phenomenon22 instrument1 thermograph0)
4.140: (take_image satellite0 planet16 instrument1 thermograph0)
4.141: (take_image satellite0 planet16 instrument1 infrared1)
4.141: (take_image satellite0 phenomenon22 instrument1 thermograph0)
4.142: (take_image satellite0 planet16 instrument1 thermograph0)
4.142: (take_image satellite0 phenomenon22 instrument1 infrared1)
4.107: (turn_to satellite0 planet17 planet16)
4.108: (turn_to satellite0 phenomenon22 planet16)
4.112: (turn_to satellite0 planet16 phenomenon22)
4.112: (turn_to satellite0 planet17 phenomenon22)
4.113: (turn_to satellite0 planet16 phenomenon22)
4.113: (turn_to satellite0 planet17 phenomenon22)
4.113: (turn_to satellite0 phenomenon22 planet17)
4.113: (turn_to satellite0 planet16 planet17)
4.114: (turn_to satellite0 phenomenon22 planet16)
4.115: (turn_to satellite0 planet16 phenomenon22)
4.115: (turn_to satellite0 phenomenon21 planet16)
4.124: (turn_to satellite0 planet17 phenomenon22)
4.136: (take_image satellite0 planet16 instrument1 thermograph0)
4.141: (take_image satellite0 planet16 instrument1 thermograph0)
4.142: (take_image satellite0 planet17 instrument1 thermograph0)
4.142: (take_image satellite0 planet16 instrument1 thermograph0)
4.143: (take_image satellite0 phenomenon22 instrument1 thermograph0)
4.145: (take_image satellite0 planet17 instrument1 thermograph0)
4.146: (take_image satellite0 phenomenon22 instrument1 thermograph0)
4.152: (take_image satellite0 planet16 instrument1 thermograph0)
4.109: (turn_to satellite0 planet16 planet17)
4.113: (turn_to satellite0 phenomenon22 planet16)
4.115: (turn_to satellite0 planet17 planet16)
4.115: (turn_to satellite0 planet16 planet17)
4.116: (turn_to satellite0 planet16 phenomenon22)
4.116: (turn_to satellite0 planet17 planet16)
4.117: (turn_to satellite0 planet17 phenomenon22)
4.132: (turn_to satellite0 phenomenon21 planet16)
4.137: (take_image satellite0 planet17 instrument1 thermograph0)
4.141: (turn_to satellite0 planet17 planet16)
4.136: (take_image satellite0 phenomenon22 instrument1 thermograph0)
4.139: (take_image satellite0 planet16 instrument1 thermograph0)
4.140: (take_image satellite0 planet17 instrument1 thermograph0)
4.140: (take_image satellite0 planet17 instrument1 thermograph0)
4.142: (take_image satellite0 planet16 instrument1 thermograph0)
4.142: (turn_to satellite0 phenomenon22 planet17)
4.145: (turn_to satellite0 phenomenon22 planet16)
4.158: (take_image satellite0 phenomenon21 instrument1 thermograph0)
4.170: (take_image satellite0 planet17 instrument1 infrared1)
4.172: (take_image satellite0 phenomenon22 instrument1 infrared1)
4.140: (turn_to satellite0 phenomenon22 planet16)
4.140: (turn_to satellite0 phenomenon22 planet17)
4.151: (turn_to satellite0 planet16 phenomenon21)
4.152: (turn_to satellite0 planet17 phenomenon22)
4.152: (turn_to satellite0 planet16 phenomenon22)
4.154: (turn_to satellite0 phenomenon22 planet17)
4.154: (turn_to satellite0 planet16 planet17)
4.168: (turn_to satellite0 phenomenon22 phenomenon21)
4.186: (take_image satellite0 planet16 instrument1 infrared1)
4.188: (take_image satellite0 planet17 instrument1 infrared1)
4.149: (turn_to satellite0 planet17 planet16)
4.149: (turn_to satellite0 phenomenon22 planet16)
4.153: (turn_to satellite0 phenomenon22 planet17)
4.153: (turn_to satellite0 planet16 planet17)
4.189: (take_image satellite0 phenomenon22 instrument1 infrared1)
4.193: (take_image satellite0 phenomenon22 instrument1 thermograph0)
4.198: (take_image satellite1 planet18 instrument3 infrared2)
4.200: (take_image satellite0 planet16 instrument1 infrared1)
4.201: (take_image satellite0 planet17 instrument1 infrared1)
4.205: (take_image satellite0 planet16 instrument1 infrared1)
4.158: (turn_to satellite0 planet16 phenomenon22)
4.158: (turn_to satellite0 planet17 phenomenon22)
4.158: (turn_to satellite0 planet16 phenomenon22)
4.158: (turn_to satellite0 phenomenon21 phenomenon22)
4.161: (turn_to satellite0 planet17 planet16)
4.163: (turn_to satellite0 phenomenon21 planet16)
4.166: (turn_to satellite0 planet16 planet17)
4.183: (turn_to satellite0 phenomenon22 planet16)
4.189: (turn_to satellite0 phenomenon22 planet17)
4.190: (turn_to satellite0 phenomenon22 planet16)
4.200: (take_image satellite0 planet17 instrument1 infrared1)
4.201: (take_image satellite0 planet16 instrument1 infrared1)
4.202: (take_image satellite0 phenomenon22 instrument1 thermograph0)
4.203: (take_image satellite0 planet16 instrument1 infrared1)
4.205: (take_image satellite0 phenomenon21 instrument1 infrared1)
4.206: (take_image satellite0 phenomenon22 instrument1 thermograph0)
4.208: (take_image satellite0 phenomenon22 instrument1 thermograph0)
4.215: (take_image satellite1 planet18 instrument3 infrared2)
4.215: (take_image satellite1 planet18 instrument3 infrared2)
4.216: (take_image satellite1 star19 instrument3 infrared2)
4.167: (turn_to satellite0 phenomenon21 planet16)
4.169: (turn_to satellite0 planet16 planet17)
4.170: (turn_to satellite0 phenomenon21 phenomenon22)
4.171: (turn_to satellite0 planet17 planet16)
4.172: (turn_to satellite0 planet17 phenomenon22)
4.173: (turn_to satellite0 planet16 phenomenon22)
4.173: (turn_to satellite0 planet16 phenomenon21)
4.203: (turn_to satellite0 phenomenon22 planet17)
4.205: (turn_to satellite0 phenomenon22 planet16)
4.207: (turn_to satellite0 planet16 phenomenon22)
4.207: (turn_to satellite0 planet17 planet16)
4.207: (turn_to satellite0 phenomenon22 planet16)
4.213: (take_image satellite0 planet17 instrument1 infrared1)
4.213: (take_image satellite0 planet16 instrument1 infrared1)
4.216: (take_image satellite0 phenomenon21 instrument1 infrared1)
4.218: (take_image satellite0 planet17 instrument1 infrared1)
4.221: (take_image satellite0 planet16 instrument1 infrared1)
4.221: (take_image satellite0 planet16 instrument1 infrared1)
4.225: (take_image satellite1 star19 instrument3 infrared2)
4.226: (take_image satellite1 planet18 instrument3 infrared2)
4.208: (turn_to satellite0 phenomenon22 planet16)
4.213: (turn_to satellite0 phenomenon22 planet17)
4.218: (turn_to satellite0 phenomenon22 planet16)
4.219: (turn_to satellite0 phenomenon22 planet16)
4.221: (turn_to satellite0 phenomenon22 phenomenon21)
4.221: (turn_to satellite0 phenomenon22 planet17)
4.262: (take_image satellite1 star19 instrument3 infrared2)
4.263: (take_image satellite1 star19 instrument3 infrared2)
4.273: (take_image satellite1 planet18 instrument3 infrared2)
4.273: (turn_to satellite0 planet17 planet16)
4.229: (turn_to satellite0 planet16 phenomenon22)
4.265: (turn_to satellite0 phenomenon22 planet17)
4.266: (turn_to satellite0 phenomenon21 phenomenon22)
4.271: (turn_to satellite0 phenomenon22 planet17)
4.275: (take_image satellite1 planet18 instrument3 infrared2)
4.275: (take_image satellite1 star19 instrument3 infrared2)
4.276: (take_image satellite1 star19 instrument3 infrared2)
4.278: (turn_to satellite0 planet17 planet16)
4.278: (turn_to satellite0 phenomenon22 planet16)
4.317: (turn_to satellite1 planet16 star19)
3.897: (take_image satellite1 planet16 instrument3 infrared2)
4.242: (turn_to satellite0 star19 phenomenon22)
4.276: (take_image satellite0 planet16 instrument1 infrared1)
4.278: (turn_to satellite0 planet16 phenomenon22)
4.278: (turn_to satellite0 phenomenon21 phenomenon22)
4.279: (turn_to satellite0 planet17 phenomenon22)
4.279: (turn_to satellite0 planet16 phenomenon22)
4.316: (turn_to satellite1 planet16 star19)
4.317: (turn_to satellite1 planet16 planet18)
4.318: (turn_to satellite1 phenomenon21 star19)
3.119: (turn_to satellite1 phenomenon21 planet16)
3.123: (turn_to satellite1 star19 planet16)
3.346: (take_image satellite0 star19 instrument1 infrared1)
3.591: (turn_to satellite1 phenomenon22 planet16)
3.801: (take_image satellite1 planet16 instrument3 infrared2)
3.803: (turn_to satellite0 star19 phenomenon22)
3.851: (take_image satellite1 phenomenon21 instrument3 infrared2)
3.893: (take_image satellite1 planet16 instrument3 infrared2)
3.895: (turn_to satellite1 planet17 planet16)
3.897: (turn_to satellite0 phenomenon21 phenomenon22)
2.664: (take_image satellite1 phenomenon21 instrument3 infrared2)
2.681: (turn_to satellite0 phenomenon21 star19)
2.681: (turn_to satellite0 phenomenon22 star19)
2.921: (take_image satellite1 planet16 instrument3 infrared2)
2.925: (take_image satellite0 star19 instrument1 infrared1)
3.070: (turn_to satellite0 planet16 star19)
3.078: (turn_to satellite1 phenomenon22 phenomenon21)
3.082: (turn_to satellite1 star19 phenomenon21)
3.114: (turn_to satellite1 phenomenon22 planet16)
3.117: (turn_to satellite1 planet17 planet16)
1.905: (turn_to satellite1 star19 phenomenon21)
2.214: (turn_to satellite1 phenomenon22 planet16)
2.215: (turn_to satellite1 phenomenon21 planet16)
2.259: (turn_to satellite0 phenomenon21 star19)
2.259: (turn_to satellite0 phenomenon22 star19)
2.262: (take_image satellite1 planet16 instrument3 infrared2)
2.263: (take_image satellite1 planet16 instrument3 infrared2)
2.365: (turn_to satellite1 phenomenon22 phenomenon21)
2.615: (take_image satellite1 phenomenon22 instrument3 infrared2)
2.657: (take_image satellite1 phenomenon22 instrument3 infrared2)
1.467: (turn_to satellite0 phenomenon21 star19)
1.468: (turn_to satellite1 phenomenon22 planet16)
1.469: (turn_to satellite1 phenomenon21 planet16)
1.470: (turn_to satellite0 phenomenon22 star19)
1.790: (take_image satellite1 phenomenon21 instrument3 infrared2)
1.795: (take_image satellite1 phenomenon22 instrument3 infrared2)
1.853: (turn_to satellite1 star19 phenomenon22)
1.892: (turn_to satellite1 star19 phenomenon22)
1.894: (take_image satellite1 phenomenon22 instrument3 infrared2)
1.907: (turn_to satellite0 star19 phenomenon22)
1.008: (take_image satellite0 star19 instrument1 infrared1)
1.012: (turn_to satellite1 phenomenon22 phenomenon21)
1.016: (turn_to satellite1 phenomenon21 phenomenon22)
1.052: (turn_to satellite0 phenomenon21 star19)
1.057: (turn_to satellite0 phenomenon22 star19)
1.059: (take_image satellite1 phenomenon22 instrument3 infrared2)
1.061: (take_image satellite1 phenomenon21 instrument3 infrared2)
1.132: (take_image satellite1 phenomenon22 instrument3 infrared2)
1.133: (turn_to satellite0 star19 phenomenon22)
1.172: (turn_to satellite1 star19 phenomenon22)
0.275: (take_image satellite1 phenomenon22 instrument3 infrared2)
[Final] Expanded: 312, Generated: 15898
Found a solution of length 36!
   1: (switch_on instrument1 satellite0)
   2: (switch_on instrument3 satellite1)
   3: (turn_to satellite0 groundstation5 planet15)
   4: (calibrate satellite0 instrument1 groundstation5)
   5: (turn_to satellite1 star1 star12)
   6: (calibrate satellite1 instrument3 star1)
   7: (turn_to satellite1 planet17 star1)
   8: (take_image satellite1 planet17 instrument3 infrared2)
   9: (turn_to satellite1 star19 planet17)
  10: (turn_to satellite0 planet18 groundstation5)
  11: (take_image satellite0 planet18 instrument1 infrared1)
  12: (turn_to satellite0 planet15 planet18)
  13: (take_image satellite0 planet15 instrument1 thermograph0)
  14: (turn_to satellite0 star20 planet15)
  15: (take_image satellite0 star20 instrument1 thermograph0)
  16: (turn_to satellite0 phenomenon22 star20)
  17: (take_image satellite0 phenomenon22 instrument1 infrared1)
  18: (turn_to satellite0 planet16 phenomenon22)
  19: (take_image satellite0 planet16 instrument1 thermograph0)
  20: (turn_to satellite0 phenomenon21 planet16)
  21: (take_image satellite0 phenomenon21 instrument1 thermograph0)
  22: (turn_to satellite0 phenomenon22 phenomenon21)
  23: (take_image satellite0 phenomenon22 instrument1 thermograph0)
  24: (turn_to satellite0 phenomenon21 phenomenon22)
  25: (take_image satellite0 phenomenon21 instrument1 infrared1)
  26: (turn_to satellite0 planet16 phenomenon21)
  27: (turn_to satellite0 phenomenon22 planet16)
  28: (take_image satellite1 star19 instrument3 infrared2)
  29: (turn_to satellite1 planet16 star19)
  30: (take_image satellite1 planet16 instrument3 infrared2)
  31: (turn_to satellite1 phenomenon21 planet16)
  32: (take_image satellite1 phenomenon21 instrument3 infrared2)
  33: (turn_to satellite1 phenomenon22 phenomenon21)
  34: (turn_to satellite0 star19 phenomenon22)
  35: (take_image satellite0 star19 instrument1 infrared1)
  36: (take_image satellite1 phenomenon22 instrument3 infrared2)
