/u/ibrahim.eisawy/Neural-Guided-Search/venv/lib/python3.10/site-packages/pymimir_rgnn/model.py:151: UserWarning: index_reduce() is in beta and the API may change at any time. (Triggered internally at /pytorch/aten/src/ATen/native/cuda/Indexing.cu:1541.)
  max_msg.index_reduce_(0, output_indices, output_messages, reduce='amax', include_self=True)
Torch: 2.12.0+cu130
Using GPU:  NVIDIA L40S
37.275: (switch_on instrument2 satellite1)
37.748: (switch_on instrument0 satellite0)
37.976: (turn_to satellite0 star13 planet37)
37.984: (switch_on instrument1 satellite1)
38.007: (turn_to satellite1 star10 groundstation9)
38.113: (turn_to satellite0 star16 planet37)
38.195: (turn_to satellite0 star10 planet37)
38.240: (turn_to satellite2 star10 groundstation2)
38.695: (turn_to satellite0 groundstation19 planet37)
38.695: (turn_to satellite0 star24 planet37)
34.771: (switch_on instrument2 satellite1)
34.819: (turn_to satellite1 star10 groundstation9)
35.039: (switch_on instrument0 satellite0)
35.065: (turn_to satellite0 star13 planet37)
35.175: (switch_on instrument0 satellite0)
35.183: (turn_to satellite0 star16 planet37)
35.256: (switch_on instrument0 satellite0)
35.294: (switch_on instrument1 satellite1)
35.411: (turn_to satellite0 star10 planet37)
35.424: (switch_on instrument2 satellite1)
30.521: (calibrate satellite0 instrument0 star13)
30.523: (calibrate satellite0 instrument0 star16)
31.523: (calibrate satellite1 instrument2 star10)
31.932: (turn_to satellite0 star13 planet37)
31.965: (switch_on instrument1 satellite1)
32.651: (turn_to satellite1 star13 groundstation9)
33.114: (turn_to satellite0 star16 planet37)
33.137: (switch_on instrument1 satellite1)
33.252: (turn_to satellite0 star21 planet37)
33.253: (turn_to satellite0 groundstation19 planet37)
27.433: (calibrate satellite0 instrument0 star13)
27.482: (switch_on instrument1 satellite1)
28.126: (calibrate satellite1 instrument1 star13)
28.515: (calibrate satellite0 instrument0 star16)
28.533: (switch_on instrument1 satellite1)
28.722: (calibrate satellite0 instrument0 star21)
28.726: (calibrate satellite0 instrument0 groundstation19)
28.992: (switch_on instrument3 satellite2)
29.087: (switch_on instrument2 satellite1)
29.116: (turn_to satellite1 star1 groundstation9)
26.123: (switch_on instrument1 satellite1)
26.158: (turn_to satellite1 star1 groundstation9)
26.587: (turn_to satellite2 star38 groundstation2)
26.700: (turn_to satellite1 star1 groundstation9)
26.774: (turn_to satellite2 star1 groundstation2)
26.812: (turn_to satellite1 star1 groundstation9)
26.856: (turn_to satellite1 star1 groundstation9)
26.929: (turn_to satellite1 star20 groundstation9)
27.004: (turn_to satellite1 star10 groundstation9)
27.043: (turn_to satellite0 star16 planet37)
22.502: (calibrate satellite0 instrument0 star16)
22.524: (calibrate satellite1 instrument1 star1)
22.630: (calibrate satellite1 instrument1 star1)
22.685: (calibrate satellite1 instrument1 star1)
22.794: (calibrate satellite1 instrument1 star1)
25.230: (turn_to satellite2 star38 groundstation2)
25.243: (turn_to satellite1 star1 groundstation9)
25.788: (turn_to satellite2 star20 groundstation2)
25.865: (turn_to satellite2 star10 groundstation2)
25.894: (turn_to satellite2 star38 groundstation2)
21.597: (turn_to satellite1 star38 star1)
21.656: (turn_to satellite0 star38 star16)
21.672: (turn_to satellite1 phenomenon36 star1)
21.672: (turn_to satellite1 planet34 star1)
21.672: (turn_to satellite1 phenomenon27 star1)
21.681: (turn_to satellite1 planet25 star1)
21.681: (turn_to satellite1 planet26 star1)
21.681: (turn_to satellite1 phenomenon29 star1)
21.681: (turn_to satellite1 planet30 star1)
21.688: (turn_to satellite1 star38 star13)
20.887: (take_image satellite1 star38 instrument1 thermograph1)
20.897: (take_image satellite1 star38 instrument1 thermograph1)
21.266: (turn_to satellite2 star20 groundstation2)
21.272: (turn_to satellite2 star20 groundstation2)
21.280: (turn_to satellite2 star20 groundstation2)
21.300: (turn_to satellite2 star20 groundstation2)
21.309: (turn_to satellite2 star20 groundstation2)
21.322: (turn_to satellite2 star20 groundstation2)
21.335: (turn_to satellite2 star10 groundstation2)
21.347: (turn_to satellite2 star20 groundstation2)
20.243: (turn_to satellite1 phenomenon36 star38)
20.243: (turn_to satellite1 planet34 star38)
20.246: (turn_to satellite1 planet25 star38)
20.246: (turn_to satellite1 planet26 star38)
20.248: (turn_to satellite1 phenomenon29 star38)
20.250: (turn_to satellite1 phenomenon27 star38)
20.251: (turn_to satellite1 planet30 star38)
20.270: (turn_to satellite1 planet37 star38)
20.270: (turn_to satellite1 phenomenon35 star38)
20.270: (turn_to satellite1 planet33 star38)
19.122: (take_image satellite1 phenomenon35 instrument1 infrared3)
19.123: (take_image satellite1 planet33 instrument1 infrared3)
19.126: (take_image satellite1 planet37 instrument1 infrared3)
19.857: (turn_to satellite2 star20 groundstation2)
19.867: (turn_to satellite2 star20 groundstation2)
19.870: (turn_to satellite2 star20 groundstation2)
19.872: (turn_to satellite2 star20 groundstation2)
19.882: (turn_to satellite2 star20 groundstation2)
19.928: (turn_to satellite2 star20 groundstation2)
19.932: (turn_to satellite2 star10 groundstation2)
18.450: (turn_to satellite1 planet34 planet37)
18.450: (turn_to satellite1 phenomenon27 planet37)
18.450: (turn_to satellite1 phenomenon36 planet37)
18.459: (turn_to satellite1 phenomenon29 planet37)
18.459: (turn_to satellite1 planet25 planet37)
18.459: (turn_to satellite1 planet26 planet37)
18.459: (turn_to satellite1 planet30 planet37)
18.468: (turn_to satellite2 star38 groundstation2)
18.478: (turn_to satellite1 phenomenon27 phenomenon35)
18.478: (turn_to satellite1 planet30 phenomenon35)
17.709: (turn_to satellite2 star38 groundstation2)
17.731: (turn_to satellite2 star38 groundstation2)
17.740: (turn_to satellite2 star38 groundstation2)
17.763: (turn_to satellite1 planet25 phenomenon35)
17.763: (turn_to satellite1 planet26 phenomenon35)
17.763: (turn_to satellite1 planet30 phenomenon35)
17.763: (turn_to satellite1 phenomenon29 phenomenon35)
17.778: (turn_to satellite1 phenomenon36 phenomenon35)
17.778: (turn_to satellite1 planet34 phenomenon35)
17.778: (turn_to satellite1 phenomenon27 phenomenon35)
17.676: (take_image satellite0 star16 instrument0 spectrograph2)
17.688: (take_image satellite0 star16 instrument0 spectrograph2)
17.694: (take_image satellite0 star16 instrument0 image0)
17.694: (turn_to satellite0 star20 star16)
17.695: (take_image satellite1 phenomenon29 instrument1 thermograph1)
17.699: (take_image satellite0 star16 instrument0 image0)
17.701: (take_image satellite1 phenomenon29 instrument1 infrared3)
17.706: (take_image satellite0 star16 instrument0 spectrograph2)
17.707: (take_image satellite0 star16 instrument0 image0)
17.714: (turn_to satellite0 star20 star16)
17.675: (take_image satellite0 star20 instrument0 spectrograph2)
17.683: (turn_to satellite0 star20 star16)
17.692: (turn_to satellite0 star20 star16)
17.697: (take_image satellite0 star20 instrument0 spectrograph2)
17.704: (take_image satellite0 star16 instrument0 spectrograph2)
17.707: (take_image satellite0 star16 instrument0 image0)
17.709: (take_image satellite0 star16 instrument0 image0)
17.709: (take_image satellite0 star20 instrument0 image0)
17.711: (take_image satellite1 phenomenon29 instrument1 thermograph1)
17.713: (take_image satellite0 star20 instrument0 image0)
17.652: (turn_to satellite0 star20 star16)
17.665: (switch_on instrument3 satellite2)
17.687: (turn_to satellite0 star16 star20)
17.688: (turn_to satellite1 planet26 planet34)
17.688: (turn_to satellite1 planet25 planet34)
17.689: (turn_to satellite1 planet39 planet34)
17.689: (turn_to satellite1 star32 planet34)
17.689: (turn_to satellite1 planet31 planet34)
17.693: (take_image satellite0 star20 instrument0 spectrograph2)
17.695: (turn_to satellite0 star10 star16)
17.028: (take_image satellite1 star32 instrument1 thermograph1)
17.066: (take_image satellite1 planet31 instrument1 thermograph1)
17.085: (take_image satellite1 planet39 instrument1 thermograph1)
17.663: (turn_to satellite1 phenomenon29 star32)
17.663: (turn_to satellite1 planet30 star32)
17.672: (turn_to satellite1 planet28 star32)
17.672: (turn_to satellite1 planet33 star32)
17.672: (turn_to satellite1 planet37 star32)
17.676: (turn_to satellite1 phenomenon27 star32)
17.677: (take_image satellite0 star20 instrument0 spectrograph2)
16.379: (turn_to satellite1 planet34 planet39)
16.379: (turn_to satellite1 phenomenon36 planet39)
16.379: (turn_to satellite1 planet30 planet39)
16.383: (turn_to satellite1 phenomenon27 planet39)
16.384: (turn_to satellite1 phenomenon29 planet39)
16.384: (turn_to satellite1 planet25 star32)
16.384: (turn_to satellite1 phenomenon29 star32)
16.384: (turn_to satellite1 planet26 star32)
16.384: (turn_to satellite1 planet30 star32)
16.384: (turn_to satellite1 planet25 planet39)
16.130: (turn_to satellite0 star32 star20)
16.130: (turn_to satellite0 planet31 star20)
16.147: (turn_to satellite0 planet37 star20)
16.147: (turn_to satellite0 planet28 star20)
16.147: (turn_to satellite0 planet33 star20)
16.154: (turn_to satellite0 planet26 star20)
16.154: (turn_to satellite0 planet30 star20)
16.154: (turn_to satellite0 phenomenon29 star20)
16.161: (turn_to satellite0 planet31 star20)
16.162: (turn_to satellite0 planet39 star20)
14.922: (take_image satellite0 planet26 instrument0 spectrograph2)
14.924: (take_image satellite0 planet30 instrument0 spectrograph2)
14.938: (take_image satellite0 phenomenon29 instrument0 spectrograph2)
16.008: (turn_to satellite2 star13 star38)
16.012: (take_image satellite1 phenomenon29 instrument1 thermograph1)
16.012: (turn_to satellite2 star13 star38)
16.016: (turn_to satellite2 star13 star38)
16.024: (turn_to satellite1 planet31 phenomenon29)
16.026: (take_image satellite1 phenomenon29 instrument1 infrared3)
16.031: (switch_on instrument3 satellite2)
14.263: (turn_to satellite0 planet34 phenomenon29)
14.264: (turn_to satellite0 phenomenon36 phenomenon29)
14.265: (turn_to satellite0 phenomenon27 phenomenon29)
14.271: (turn_to satellite0 planet30 phenomenon29)
14.272: (turn_to satellite0 planet33 phenomenon29)
14.273: (turn_to satellite0 planet37 phenomenon29)
14.274: (turn_to satellite0 planet28 phenomenon29)
14.276: (turn_to satellite0 planet26 phenomenon29)
14.276: (turn_to satellite0 star32 phenomenon29)
14.277: (turn_to satellite0 planet31 phenomenon29)
13.276: (take_image satellite0 phenomenon27 instrument0 image0)
13.315: (take_image satellite0 planet34 instrument0 image0)
13.316: (take_image satellite0 phenomenon36 instrument0 image0)
13.611: (take_image satellite0 planet30 instrument0 spectrograph2)
13.657: (take_image satellite0 planet26 instrument0 spectrograph2)
14.182: (turn_to satellite1 star32 planet25)
14.213: (turn_to satellite1 planet31 planet25)
14.253: (turn_to satellite1 phenomenon27 planet25)
14.258: (turn_to satellite1 phenomenon36 planet25)
14.259: (turn_to satellite1 planet34 planet25)
12.594: (turn_to satellite0 planet37 phenomenon36)
12.595: (turn_to satellite0 planet30 phenomenon36)
12.596: (turn_to satellite0 planet33 phenomenon36)
12.598: (turn_to satellite0 planet31 phenomenon36)
12.598: (turn_to satellite0 planet26 phenomenon36)
12.599: (turn_to satellite0 planet28 phenomenon36)
12.599: (turn_to satellite0 planet34 phenomenon36)
12.600: (turn_to satellite0 star32 phenomenon36)
12.603: (turn_to satellite0 phenomenon27 phenomenon36)
12.608: (turn_to satellite0 planet30 phenomenon27)
11.869: (take_image satellite0 planet30 instrument0 spectrograph2)
11.921: (take_image satellite0 planet34 instrument0 image0)
11.956: (take_image satellite0 planet26 instrument0 spectrograph2)
11.967: (take_image satellite0 phenomenon27 instrument0 image0)
11.991: (take_image satellite0 planet30 instrument0 spectrograph2)
12.487: (turn_to satellite1 phenomenon27 planet25)
12.491: (turn_to satellite1 planet31 planet25)
12.511: (turn_to satellite0 planet37 planet30)
12.517: (turn_to satellite1 planet34 planet25)
12.519: (turn_to satellite1 star32 planet25)
11.179: (turn_to satellite0 planet34 phenomenon27)
11.207: (turn_to satellite0 planet26 planet30)
11.207: (turn_to satellite0 planet30 planet26)
11.215: (turn_to satellite0 planet26 planet30)
11.228: (turn_to satellite0 phenomenon27 planet34)
11.261: (turn_to satellite0 planet28 planet30)
11.261: (turn_to satellite0 planet37 phenomenon27)
11.267: (turn_to satellite0 planet33 phenomenon27)
11.270: (turn_to satellite0 planet31 planet30)
11.270: (turn_to satellite0 star32 planet30)
10.246: (take_image satellite0 planet34 instrument0 image0)
10.247: (take_image satellite0 phenomenon27 instrument0 image0)
10.536: (take_image satellite0 planet26 instrument0 spectrograph2)
10.591: (take_image satellite0 planet30 instrument0 spectrograph2)
10.597: (take_image satellite0 planet26 instrument0 spectrograph2)
11.166: (turn_to satellite1 planet31 planet25)
11.172: (turn_to satellite1 planet31 planet25)
11.172: (turn_to satellite1 star32 planet25)
11.179: (turn_to satellite1 planet30 planet25)
11.179: (turn_to satellite1 planet26 planet25)
9.525: (turn_to satellite0 planet30 phenomenon27)
9.525: (turn_to satellite0 planet26 phenomenon27)
9.525: (turn_to satellite0 planet26 planet34)
9.528: (turn_to satellite0 planet37 phenomenon27)
9.528: (turn_to satellite0 planet33 phenomenon27)
9.528: (turn_to satellite0 planet28 phenomenon27)
9.529: (turn_to satellite0 star32 phenomenon27)
9.529: (turn_to satellite0 planet31 phenomenon27)
9.531: (turn_to satellite0 planet30 planet34)
9.533: (turn_to satellite0 planet31 planet34)
8.871: (take_image satellite0 planet30 instrument0 spectrograph2)
8.877: (take_image satellite0 planet26 instrument0 spectrograph2)
9.385: (turn_to satellite1 star32 planet25)
9.432: (turn_to satellite1 planet31 planet25)
9.448: (turn_to satellite1 planet30 planet25)
9.450: (turn_to satellite1 planet26 planet25)
9.464: (turn_to satellite1 star32 planet25)
9.464: (turn_to satellite1 planet31 planet25)
9.468: (turn_to satellite1 planet33 planet25)
9.468: (turn_to satellite1 planet37 planet25)
8.112: (turn_to satellite0 planet30 planet26)
8.118: (turn_to satellite0 planet26 planet30)
8.204: (turn_to satellite0 planet37 planet26)
8.204: (turn_to satellite0 planet33 planet26)
8.204: (turn_to satellite0 planet28 planet26)
8.205: (turn_to satellite0 star32 planet26)
8.205: (turn_to satellite0 planet31 planet26)
8.211: (turn_to satellite0 planet31 planet30)
8.211: (turn_to satellite0 star32 planet30)
8.212: (turn_to satellite0 planet28 planet30)
7.639: (take_image satellite0 planet30 instrument0 spectrograph2)
7.647: (take_image satellite0 planet26 instrument0 spectrograph2)
8.060: (turn_to satellite1 star32 planet25)
8.085: (turn_to satellite0 planet37 planet28)
8.085: (turn_to satellite0 planet33 planet28)
8.091: (turn_to satellite1 planet37 planet25)
8.099: (turn_to satellite1 star32 planet25)
8.102: (turn_to satellite1 planet31 planet25)
8.106: (take_image satellite0 planet28 instrument0 image0)
8.114: (turn_to satellite1 planet31 planet25)
6.971: (turn_to satellite0 planet28 planet26)
6.971: (turn_to satellite0 planet33 planet26)
6.971: (turn_to satellite0 planet37 planet26)
6.973: (turn_to satellite0 planet31 planet26)
6.973: (turn_to satellite0 star32 planet26)
6.976: (turn_to satellite0 planet31 planet30)
6.976: (turn_to satellite0 star32 planet30)
6.982: (turn_to satellite0 planet28 planet30)
6.985: (turn_to satellite0 planet37 planet30)
6.985: (turn_to satellite0 planet33 planet30)
6.886: (turn_to satellite1 planet31 planet25)
6.907: (switch_on instrument3 satellite2)
6.917: (turn_to satellite1 star32 planet25)
6.937: (switch_on instrument3 satellite2)
6.965: (take_image satellite0 planet31 instrument0 image0)
6.971: (take_image satellite0 planet31 instrument0 spectrograph2)
6.972: (take_image satellite1 planet25 instrument1 thermograph1)
6.976: (take_image satellite1 planet25 instrument1 infrared3)
6.976: (switch_on instrument3 satellite2)
6.977: (switch_on instrument3 satellite2)
6.474: (take_image satellite1 star32 instrument1 thermograph1)
6.512: (take_image satellite1 planet31 instrument1 thermograph1)
6.843: (turn_to satellite0 planet33 planet28)
6.865: (turn_to satellite1 star32 planet25)
6.865: (turn_to satellite1 planet31 planet25)
6.874: (turn_to satellite1 planet37 planet25)
6.874: (turn_to satellite1 planet33 planet25)
6.885: (take_image satellite1 planet25 instrument1 infrared3)
6.890: (take_image satellite1 planet25 instrument1 thermograph1)
6.894: (take_image satellite0 planet28 instrument0 image0)
5.762: (turn_to satellite1 planet25 planet31)
5.762: (turn_to satellite1 planet25 star32)
5.832: (turn_to satellite1 planet28 planet31)
5.832: (turn_to satellite1 planet33 planet31)
5.832: (turn_to satellite1 planet37 planet31)
5.838: (turn_to satellite1 planet28 star32)
5.840: (turn_to satellite1 planet33 star32)
5.840: (turn_to satellite1 planet37 star32)
6.223: (turn_to satellite1 star32 planet31)
6.227: (turn_to satellite1 planet31 star32)
5.290: (take_image satellite1 planet33 instrument1 infrared3)
5.315: (take_image satellite1 planet37 instrument1 infrared3)
5.318: (take_image satellite1 planet37 instrument1 infrared3)
5.327: (take_image satellite1 planet33 instrument1 infrared3)
5.327: (take_image satellite1 planet28 instrument1 infrared3)
5.341: (take_image satellite1 planet28 instrument1 infrared3)
5.484: (take_image satellite1 planet31 instrument1 thermograph1)
5.647: (take_image satellite1 star32 instrument1 thermograph1)
5.669: (turn_to satellite0 planet25 planet31)
5.717: (turn_to satellite0 planet37 planet31)
4.555: (turn_to satellite1 planet25 planet28)
4.594: (turn_to satellite1 planet25 planet37)
4.599: (turn_to satellite1 planet25 planet28)
4.613: (turn_to satellite1 planet37 planet28)
4.613: (turn_to satellite1 planet33 planet28)
4.619: (turn_to satellite1 planet25 planet33)
4.619: (turn_to satellite1 planet25 planet37)
4.620: (turn_to satellite1 planet25 planet33)
4.647: (turn_to satellite1 planet28 planet33)
4.647: (turn_to satellite1 planet37 planet33)
4.110: (take_image satellite1 planet37 instrument1 infrared3)
4.180: (take_image satellite1 planet33 instrument1 infrared3)
4.190: (take_image satellite1 planet37 instrument1 infrared3)
4.206: (take_image satellite1 planet28 instrument1 infrared3)
4.553: (turn_to satellite0 planet28 star32)
4.570: (turn_to satellite0 planet25 star32)
4.588: (take_image satellite0 star32 instrument0 spectrograph2)
4.590: (take_image satellite0 star32 instrument0 image0)
4.591: (switch_on instrument3 satellite2)
4.594: (take_image satellite1 planet37 instrument1 thermograph1)
3.432: (turn_to satellite1 planet33 planet37)
3.441: (turn_to satellite1 planet25 planet28)
3.443: (turn_to satellite1 planet37 planet28)
3.447: (turn_to satellite1 planet37 planet33)
3.456: (turn_to satellite1 planet25 planet37)
3.472: (turn_to satellite1 planet28 planet37)
3.476: (turn_to satellite1 planet25 planet33)
3.477: (turn_to satellite1 planet25 planet37)
3.907: (turn_to satellite1 star32 planet28)
3.915: (take_image satellite0 planet25 instrument0 spectrograph2)
2.628: (take_image satellite1 planet37 instrument1 infrared3)
2.660: (take_image satellite1 planet28 instrument1 infrared3)
2.663: (take_image satellite1 planet33 instrument1 infrared3)
3.164: (turn_to satellite0 planet28 planet25)
3.185: (turn_to satellite0 star32 planet25)
3.329: (take_image satellite1 star32 instrument1 thermograph1)
3.393: (switch_on instrument3 satellite2)
3.417: (turn_to satellite0 planet37 star32)
3.431: (turn_to satellite0 planet25 star32)
3.443: (switch_on instrument3 satellite2)
1.824: (turn_to satellite1 planet25 planet33)
1.860: (turn_to satellite1 planet25 planet28)
1.861: (turn_to satellite1 planet25 planet37)
2.281: (turn_to satellite1 star32 planet33)
2.316: (turn_to satellite1 star32 planet28)
2.322: (turn_to satellite1 star32 planet37)
2.472: (turn_to satellite1 star13 planet33)
2.508: (turn_to satellite1 star13 planet28)
2.510: (turn_to satellite1 star13 planet37)
2.528: (turn_to satellite1 star38 planet33)
1.852: (turn_to satellite0 planet25 star32)
1.853: (switch_on instrument3 satellite2)
1.873: (take_image satellite1 star32 instrument1 thermograph1)
1.915: (take_image satellite1 planet25 instrument1 infrared3)
1.916: (take_image satellite1 planet25 instrument1 thermograph1)
1.917: (take_image satellite0 star32 instrument0 image0)
1.923: (take_image satellite0 star32 instrument0 spectrograph2)
2.323: (turn_to satellite0 planet25 star32)
2.331: (switch_on instrument3 satellite2)
2.371: (take_image satellite1 star32 instrument1 infrared3)
1.098: (turn_to satellite0 planet25 star32)
1.102: (take_image satellite0 planet25 instrument0 spectrograph2)
1.120: (take_image satellite1 star32 instrument1 thermograph1)
1.138: (turn_to satellite1 planet25 star32)
1.665: (take_image satellite1 star32 instrument1 thermograph1)
1.781: (turn_to satellite0 planet25 star32)
1.788: (switch_off instrument1 satellite1)
1.803: (turn_to satellite1 planet25 star32)
1.831: (turn_to satellite0 planet25 star32)
1.834: (turn_to satellite1 star38 star32)
0.355: (take_image satellite1 star32 instrument1 thermograph1)
[Final] Expanded: 382, Generated: 48520
Found a solution of length 42!
   1: (switch_on instrument1 satellite1)
   2: (switch_on instrument0 satellite0)
   3: (turn_to satellite1 star13 groundstation9)
   4: (calibrate satellite1 instrument1 star13)
   5: (turn_to satellite0 star16 planet37)
   6: (calibrate satellite0 instrument0 star16)
   7: (turn_to satellite1 star38 star13)
   8: (take_image satellite1 star38 instrument1 thermograph1)
   9: (turn_to satellite1 phenomenon35 star38)
  10: (take_image satellite1 phenomenon35 instrument1 infrared3)
  11: (turn_to satellite2 star38 groundstation2)
  12: (turn_to satellite1 planet34 phenomenon35)
  13: (turn_to satellite0 star20 star16)
  14: (take_image satellite0 star20 instrument0 image0)
  15: (turn_to satellite1 planet39 planet34)
  16: (take_image satellite1 planet39 instrument1 thermograph1)
  17: (turn_to satellite1 planet25 planet39)
  18: (turn_to satellite0 phenomenon29 star20)
  19: (take_image satellite0 phenomenon29 instrument0 spectrograph2)
  20: (turn_to satellite0 phenomenon36 phenomenon29)
  21: (take_image satellite0 phenomenon36 instrument0 image0)
  22: (turn_to satellite0 planet34 phenomenon36)
  23: (take_image satellite0 planet34 instrument0 image0)
  24: (turn_to satellite0 phenomenon27 planet34)
  25: (take_image satellite0 phenomenon27 instrument0 image0)
  26: (turn_to satellite0 planet30 phenomenon27)
  27: (take_image satellite0 planet30 instrument0 spectrograph2)
  28: (turn_to satellite0 planet26 planet30)
  29: (take_image satellite0 planet26 instrument0 spectrograph2)
  30: (turn_to satellite0 star32 planet26)
  31: (turn_to satellite1 planet31 planet25)
  32: (take_image satellite1 planet31 instrument1 thermograph1)
  33: (turn_to satellite1 planet28 planet31)
  34: (take_image satellite1 planet28 instrument1 infrared3)
  35: (turn_to satellite1 planet37 planet28)
  36: (take_image satellite1 planet37 instrument1 infrared3)
  37: (turn_to satellite1 planet33 planet37)
  38: (take_image satellite1 planet33 instrument1 infrared3)
  39: (turn_to satellite1 star32 planet33)
  40: (turn_to satellite0 planet25 star32)
  41: (take_image satellite0 planet25 instrument0 spectrograph2)
  42: (take_image satellite1 star32 instrument1 thermograph1)
