/u/ibrahim.eisawy/Neural-Guided-Search/venv/lib/python3.10/site-packages/pymimir_rgnn/model.py:151: UserWarning: index_reduce() is in beta and the API may change at any time. (Triggered internally at /pytorch/aten/src/ATen/native/cuda/Indexing.cu:1541.)
  max_msg.index_reduce_(0, output_indices, output_messages, reduce='amax', include_self=True)
Torch: 2.12.0+cu130
Using GPU:  NVIDIA L40S
42.167: (switch_on instrument1 satellite1)
42.359: (switch_on instrument3 satellite1)
42.860: (switch_on instrument0 satellite0)
44.134: (turn_to satellite2 star18 groundstation15)
44.315: (turn_to satellite1 star18 star4)
44.378: (turn_to satellite0 star18 groundstation26)
44.750: (switch_on instrument2 satellite1)
45.198: (switch_on instrument5 satellite2)
45.648: (turn_to satellite2 star8 groundstation15)
45.650: (turn_to satellite2 star6 groundstation15)
36.472: (calibrate satellite0 instrument0 groundstation26)
38.723: (turn_to satellite2 star18 groundstation15)
38.793: (switch_on instrument3 satellite1)
38.838: (turn_to satellite1 star18 star4)
38.864: (switch_on instrument3 satellite1)
39.084: (turn_to satellite0 star18 groundstation26)
39.089: (switch_on instrument3 satellite1)
39.418: (turn_to satellite1 star18 star4)
39.421: (switch_on instrument1 satellite1)
39.467: (turn_to satellite1 groundstation29 star4)
31.757: (calibrate satellite1 instrument1 groundstation29)
31.802: (calibrate satellite1 instrument1 star18)
33.853: (calibrate satellite1 instrument3 star18)
34.413: (switch_on instrument1 satellite1)
34.719: (switch_on instrument2 satellite1)
35.203: (switch_on instrument5 satellite2)
35.656: (turn_to satellite2 star18 groundstation15)
35.714: (turn_to satellite0 star18 groundstation26)
35.770: (turn_to satellite0 phenomenon46 groundstation26)
35.770: (turn_to satellite0 star48 groundstation26)
30.765: (switch_on instrument0 satellite0)
30.767: (switch_on instrument0 satellite0)
30.952: (calibrate satellite1 instrument2 star4)
31.035: (switch_on instrument4 satellite2)
31.050: (switch_on instrument4 satellite2)
31.341: (turn_to satellite1 star35 star18)
31.347: (turn_to satellite1 star35 groundstation29)
31.348: (turn_to satellite2 groundstation12 groundstation15)
31.348: (turn_to satellite2 groundstation12 groundstation15)
31.352: (turn_to satellite2 star0 groundstation15)
27.611: (calibrate satellite0 instrument0 groundstation26)
27.762: (calibrate satellite0 instrument0 groundstation26)
29.855: (switch_on instrument4 satellite2)
29.860: (turn_to satellite2 groundstation12 groundstation15)
29.863: (switch_on instrument4 satellite2)
29.894: (turn_to satellite2 groundstation12 groundstation15)
29.895: (turn_to satellite2 star0 groundstation15)
29.923: (turn_to satellite2 star0 groundstation15)
29.994: (turn_to satellite2 star13 groundstation15)
30.018: (turn_to satellite2 star13 groundstation15)
26.733: (turn_to satellite0 star35 groundstation26)
26.736: (turn_to satellite0 star35 groundstation26)
26.783: (turn_to satellite0 planet49 groundstation26)
26.786: (turn_to satellite0 star48 groundstation26)
26.792: (turn_to satellite0 planet41 groundstation26)
26.792: (turn_to satellite0 phenomenon46 groundstation26)
26.792: (turn_to satellite0 phenomenon39 groundstation26)
26.793: (turn_to satellite0 star42 groundstation26)
26.793: (turn_to satellite0 planet40 groundstation26)
26.793: (turn_to satellite0 phenomenon44 groundstation26)
25.855: (take_image satellite0 phenomenon39 instrument0 image2)
25.890: (take_image satellite0 star48 instrument0 image2)
25.897: (take_image satellite0 planet41 instrument0 image2)
25.923: (take_image satellite0 phenomenon46 instrument0 image2)
25.978: (take_image satellite0 planet49 instrument0 image2)
26.280: (turn_to satellite1 star35 groundstation29)
26.315: (turn_to satellite1 star35 groundstation29)
26.321: (turn_to satellite1 phenomenon44 groundstation29)
26.321: (turn_to satellite1 phenomenon31 groundstation29)
26.321: (turn_to satellite1 phenomenon33 groundstation29)
25.064: (turn_to satellite0 star35 planet49)
25.073: (turn_to satellite0 star35 phenomenon46)
25.095: (turn_to satellite0 star35 planet41)
25.103: (turn_to satellite0 star35 star48)
25.124: (turn_to satellite0 star35 phenomenon39)
25.145: (turn_to satellite0 phenomenon44 planet49)
25.145: (turn_to satellite0 star42 planet49)
25.145: (turn_to satellite0 planet40 planet49)
25.145: (turn_to satellite0 planet38 planet49)
25.145: (turn_to satellite0 phenomenon33 planet49)
24.781: (turn_to satellite1 star35 groundstation29)
24.785: (turn_to satellite1 star35 groundstation29)
24.792: (turn_to satellite1 star35 groundstation29)
24.805: (turn_to satellite2 star0 groundstation15)
24.831: (turn_to satellite2 star0 groundstation15)
24.861: (turn_to satellite2 star0 groundstation15)
24.863: (turn_to satellite2 star0 groundstation15)
24.864: (turn_to satellite1 star35 groundstation29)
24.866: (turn_to satellite2 star0 groundstation15)
24.868: (turn_to satellite1 phenomenon44 groundstation29)
23.475: (take_image satellite1 star35 instrument1 image3)
23.488: (take_image satellite1 star35 instrument1 image3)
23.499: (take_image satellite1 star35 instrument1 image3)
23.520: (take_image satellite1 star35 instrument1 image3)
23.560: (take_image satellite1 phenomenon44 instrument1 spectrograph0)
24.354: (turn_to satellite2 star8 groundstation15)
24.385: (turn_to satellite2 star8 groundstation15)
24.392: (turn_to satellite2 star17 groundstation15)
24.392: (turn_to satellite2 groundstation29 groundstation15)
24.442: (turn_to satellite2 star8 groundstation15)
22.975: (take_image satellite1 star35 instrument1 image3)
22.976: (take_image satellite1 star35 instrument1 image3)
22.991: (take_image satellite1 star35 instrument1 image3)
23.020: (turn_to satellite1 phenomenon31 star35)
23.021: (turn_to satellite1 phenomenon33 star35)
23.025: (turn_to satellite1 phenomenon31 star35)
23.025: (turn_to satellite1 phenomenon33 star35)
23.027: (turn_to satellite1 planet38 star35)
23.028: (turn_to satellite1 star42 star35)
23.030: (turn_to satellite1 planet40 star35)
21.540: (take_image satellite1 star42 instrument1 spectrograph0)
21.549: (take_image satellite1 planet38 instrument1 spectrograph0)
21.558: (take_image satellite1 phenomenon33 instrument1 spectrograph0)
21.564: (take_image satellite1 planet40 instrument1 spectrograph0)
21.598: (take_image satellite1 phenomenon31 instrument1 spectrograph0)
21.625: (take_image satellite1 phenomenon33 instrument1 spectrograph0)
21.659: (take_image satellite1 phenomenon31 instrument1 spectrograph0)
22.348: (turn_to satellite2 star8 groundstation15)
22.377: (turn_to satellite2 star8 groundstation15)
22.422: (turn_to satellite2 groundstation29 groundstation15)
21.067: (take_image satellite1 star42 instrument1 spectrograph0)
21.108: (take_image satellite1 star42 instrument1 spectrograph0)
21.113: (turn_to satellite1 star42 phenomenon31)
21.113: (turn_to satellite1 phenomenon33 phenomenon31)
21.113: (turn_to satellite1 planet38 phenomenon31)
21.113: (turn_to satellite1 phenomenon44 phenomenon31)
21.142: (take_image satellite1 planet40 instrument1 spectrograph0)
21.154: (turn_to satellite2 star8 groundstation15)
21.156: (turn_to satellite1 planet37 phenomenon31)
21.156: (turn_to satellite1 star43 phenomenon31)
20.299: (take_image satellite1 planet38 instrument1 spectrograph0)
20.304: (take_image satellite1 phenomenon44 instrument1 spectrograph0)
20.341: (take_image satellite1 phenomenon33 instrument1 spectrograph0)
20.346: (take_image satellite1 star42 instrument1 spectrograph0)
20.583: (turn_to satellite1 phenomenon46 phenomenon31)
20.592: (turn_to satellite1 phenomenon44 phenomenon31)
20.592: (turn_to satellite1 star42 phenomenon31)
20.592: (turn_to satellite1 planet38 phenomenon31)
20.592: (turn_to satellite1 phenomenon33 phenomenon31)
20.601: (turn_to satellite1 star48 phenomenon31)
19.738: (take_image satellite1 star42 instrument1 spectrograph0)
19.751: (take_image satellite1 planet38 instrument1 spectrograph0)
19.781: (take_image satellite1 phenomenon33 instrument1 spectrograph0)
19.850: (take_image satellite1 star48 instrument1 image2)
19.852: (take_image satellite1 phenomenon44 instrument1 spectrograph0)
19.891: (turn_to satellite2 star17 groundstation15)
19.891: (turn_to satellite2 groundstation29 groundstation15)
19.901: (take_image satellite1 phenomenon46 instrument1 image2)
19.919: (turn_to satellite2 star17 groundstation15)
19.919: (turn_to satellite2 groundstation29 groundstation15)
19.245: (turn_to satellite1 planet38 phenomenon33)
19.254: (turn_to satellite1 phenomenon44 phenomenon33)
19.254: (turn_to satellite1 star42 phenomenon33)
19.256: (turn_to satellite1 phenomenon30 phenomenon33)
19.256: (turn_to satellite1 star32 phenomenon33)
19.256: (turn_to satellite1 star34 phenomenon33)
19.264: (turn_to satellite1 phenomenon39 phenomenon33)
19.267: (turn_to satellite1 phenomenon46 phenomenon33)
19.267: (turn_to satellite1 planet41 phenomenon33)
19.267: (turn_to satellite1 star48 phenomenon33)
18.460: (take_image satellite1 star48 instrument1 image2)
18.482: (take_image satellite1 phenomenon39 instrument1 image2)
18.506: (take_image satellite1 phenomenon46 instrument1 image2)
18.532: (take_image satellite1 planet41 instrument1 image2)
18.584: (take_image satellite1 star42 instrument1 spectrograph0)
18.613: (take_image satellite1 phenomenon44 instrument1 spectrograph0)
18.624: (take_image satellite1 phenomenon30 instrument1 image2)
18.651: (take_image satellite1 star32 instrument1 image2)
18.657: (take_image satellite1 planet38 instrument1 spectrograph0)
18.668: (take_image satellite1 star34 instrument1 image2)
17.945: (turn_to satellite1 phenomenon44 star34)
17.945: (turn_to satellite1 planet38 star34)
17.945: (turn_to satellite1 star42 star34)
17.964: (turn_to satellite1 star48 star32)
17.968: (turn_to satellite1 star32 star34)
17.968: (turn_to satellite1 star48 star34)
17.968: (turn_to satellite1 phenomenon46 star34)
17.968: (turn_to satellite1 phenomenon30 star34)
17.968: (turn_to satellite1 planet41 star34)
17.968: (turn_to satellite1 phenomenon39 star34)
17.169: (take_image satellite1 phenomenon39 instrument1 image2)
17.177: (take_image satellite1 phenomenon46 instrument1 image2)
17.208: (take_image satellite1 phenomenon30 instrument1 image2)
17.230: (take_image satellite1 planet41 instrument1 image2)
17.286: (take_image satellite1 star42 instrument1 spectrograph0)
17.310: (take_image satellite1 planet38 instrument1 spectrograph0)
17.329: (take_image satellite1 star48 instrument1 image2)
17.352: (take_image satellite1 star32 instrument1 image2)
17.352: (take_image satellite1 phenomenon44 instrument1 spectrograph0)
17.366: (take_image satellite1 star48 instrument1 image2)
16.658: (turn_to satellite1 planet38 star48)
16.658: (turn_to satellite1 phenomenon44 star48)
16.658: (turn_to satellite1 star42 star48)
16.671: (turn_to satellite1 phenomenon30 star32)
16.671: (turn_to satellite1 planet41 star32)
16.671: (turn_to satellite1 phenomenon39 star32)
16.671: (turn_to satellite1 phenomenon46 star32)
16.672: (turn_to satellite1 star34 star48)
16.672: (turn_to satellite1 planet41 star48)
16.672: (turn_to satellite1 phenomenon39 star48)
15.871: (take_image satellite1 phenomenon46 instrument1 image2)
15.871: (take_image satellite1 phenomenon39 instrument1 image2)
15.901: (take_image satellite1 star34 instrument1 image2)
15.919: (take_image satellite1 planet41 instrument1 image2)
15.984: (take_image satellite1 star42 instrument1 spectrograph0)
16.010: (take_image satellite1 phenomenon44 instrument1 spectrograph0)
16.036: (take_image satellite1 phenomenon30 instrument1 image2)
16.053: (take_image satellite1 planet41 instrument1 image2)
16.053: (take_image satellite1 planet38 instrument1 spectrograph0)
16.063: (take_image satellite1 phenomenon39 instrument1 image2)
15.353: (turn_to satellite1 phenomenon46 phenomenon30)
15.353: (turn_to satellite1 star48 phenomenon30)
15.353: (turn_to satellite1 planet41 phenomenon30)
15.353: (turn_to satellite1 phenomenon39 phenomenon30)
15.363: (turn_to satellite1 phenomenon46 planet41)
15.363: (turn_to satellite1 phenomenon30 planet41)
15.363: (turn_to satellite1 phenomenon39 planet41)
15.368: (turn_to satellite1 planet38 phenomenon39)
15.368: (turn_to satellite1 star42 phenomenon39)
15.368: (turn_to satellite1 phenomenon44 phenomenon39)
14.553: (take_image satellite1 phenomenon39 instrument1 image2)
14.582: (take_image satellite1 planet38 instrument1 spectrograph0)
14.589: (take_image satellite1 phenomenon44 instrument1 spectrograph0)
14.617: (take_image satellite1 star42 instrument1 spectrograph0)
14.684: (take_image satellite1 planet41 instrument1 image2)
14.725: (take_image satellite1 star48 instrument1 image2)
14.740: (take_image satellite1 phenomenon39 instrument1 image2)
14.753: (take_image satellite1 phenomenon46 instrument1 image2)
14.760: (take_image satellite1 phenomenon30 instrument1 image2)
14.761: (take_image satellite1 phenomenon46 instrument1 image2)
14.040: (turn_to satellite1 planet41 phenomenon39)
14.040: (turn_to satellite1 phenomenon46 phenomenon39)
14.040: (turn_to satellite1 star48 phenomenon39)
14.049: (turn_to satellite1 phenomenon30 phenomenon46)
14.050: (turn_to satellite1 phenomenon39 phenomenon46)
14.076: (turn_to satellite1 phenomenon44 phenomenon46)
14.076: (turn_to satellite1 star42 phenomenon46)
14.078: (turn_to satellite1 star42 phenomenon39)
14.078: (turn_to satellite1 phenomenon44 phenomenon39)
14.084: (turn_to satellite1 planet38 phenomenon46)
13.266: (take_image satellite1 star42 instrument1 spectrograph0)
13.282: (take_image satellite1 star42 instrument1 spectrograph0)
13.295: (take_image satellite1 planet38 instrument1 spectrograph0)
13.305: (take_image satellite1 phenomenon44 instrument1 spectrograph0)
13.384: (take_image satellite1 star48 instrument1 image2)
13.426: (take_image satellite1 phenomenon46 instrument1 image2)
13.445: (take_image satellite1 phenomenon30 instrument1 image2)
13.446: (take_image satellite1 phenomenon44 instrument1 spectrograph0)
13.459: (take_image satellite1 planet41 instrument1 image2)
13.459: (take_image satellite1 phenomenon39 instrument1 image2)
12.729: (turn_to satellite1 star48 phenomenon30)
12.739: (turn_to satellite1 planet41 phenomenon44)
12.739: (turn_to satellite1 phenomenon39 phenomenon44)
12.739: (turn_to satellite1 star48 phenomenon44)
12.740: (turn_to satellite1 phenomenon39 phenomenon30)
12.773: (turn_to satellite1 star42 phenomenon44)
12.773: (turn_to satellite1 planet38 phenomenon44)
12.777: (turn_to satellite1 phenomenon44 phenomenon30)
12.783: (turn_to satellite1 planet38 phenomenon30)
12.783: (turn_to satellite1 star42 phenomenon30)
11.958: (take_image satellite1 planet38 instrument1 spectrograph0)
11.960: (take_image satellite1 phenomenon44 instrument1 spectrograph0)
11.990: (take_image satellite1 planet38 instrument1 spectrograph0)
12.001: (take_image satellite1 star42 instrument1 spectrograph0)
12.080: (take_image satellite1 phenomenon39 instrument1 image2)
12.117: (take_image satellite1 planet41 instrument1 image2)
12.139: (take_image satellite1 star48 instrument1 image2)
12.144: (take_image satellite1 star42 instrument1 spectrograph0)
12.156: (take_image satellite1 star48 instrument1 image2)
12.161: (take_image satellite1 phenomenon39 instrument1 image2)
11.337: (turn_to satellite1 phenomenon39 star48)
11.348: (turn_to satellite1 star48 phenomenon39)
11.423: (turn_to satellite1 planet38 star42)
11.430: (turn_to satellite1 planet41 star42)
11.430: (turn_to satellite1 phenomenon39 star42)
11.431: (turn_to satellite1 planet41 star48)
11.431: (turn_to satellite1 phenomenon39 star48)
11.473: (turn_to satellite1 star42 star48)
11.473: (turn_to satellite1 planet38 star48)
11.484: (turn_to satellite1 phenomenon45 star42)
10.637: (take_image satellite1 phenomenon39 instrument1 image2)
10.684: (take_image satellite1 star42 instrument1 spectrograph0)
10.696: (take_image satellite1 planet38 instrument1 spectrograph0)
10.704: (take_image satellite1 planet38 instrument1 spectrograph0)
10.727: (take_image satellite1 star48 instrument1 image2)
10.763: (take_image satellite1 phenomenon39 instrument1 image2)
10.834: (take_image satellite1 planet41 instrument1 image2)
10.848: (take_image satellite1 phenomenon39 instrument1 image2)
10.853: (take_image satellite1 planet41 instrument1 image2)
11.425: (turn_to satellite0 planet41 planet40)
10.045: (turn_to satellite1 phenomenon39 planet41)
10.117: (turn_to satellite1 planet38 phenomenon39)
10.119: (turn_to satellite1 star48 planet41)
10.119: (turn_to satellite1 phenomenon39 planet41)
10.119: (turn_to satellite1 planet38 planet41)
10.142: (turn_to satellite1 star42 star48)
10.142: (turn_to satellite1 phenomenon44 star48)
10.142: (turn_to satellite1 planet38 star48)
10.146: (turn_to satellite1 planet47 star48)
10.146: (turn_to satellite1 planet37 star48)
9.383: (take_image satellite1 planet38 instrument1 spectrograph0)
9.390: (take_image satellite1 phenomenon44 instrument1 spectrograph0)
9.432: (take_image satellite1 planet38 instrument1 spectrograph0)
9.456: (take_image satellite1 phenomenon39 instrument1 image2)
9.475: (take_image satellite1 star48 instrument1 image2)
9.486: (take_image satellite1 star42 instrument1 spectrograph0)
9.498: (take_image satellite1 planet38 instrument1 spectrograph0)
9.541: (take_image satellite1 phenomenon39 instrument1 image2)
10.018: (take_image satellite1 planet47 instrument1 image2)
10.021: (take_image satellite1 planet37 instrument1 image2)
8.783: (turn_to satellite1 star48 planet38)
8.783: (turn_to satellite1 phenomenon39 planet38)
8.817: (turn_to satellite1 planet38 phenomenon39)
8.829: (turn_to satellite1 phenomenon45 phenomenon39)
8.829: (turn_to satellite1 star43 phenomenon39)
8.829: (turn_to satellite1 planet47 phenomenon39)
8.862: (turn_to satellite1 phenomenon44 planet38)
8.862: (turn_to satellite1 star42 planet38)
8.865: (turn_to satellite1 planet38 phenomenon39)
8.866: (turn_to satellite1 planet37 phenomenon39)
8.013: (take_image satellite1 planet38 instrument1 spectrograph0)
8.082: (take_image satellite1 phenomenon44 instrument1 spectrograph0)
8.083: (take_image satellite1 star42 instrument1 spectrograph0)
8.102: (take_image satellite1 planet38 instrument1 spectrograph0)
8.131: (take_image satellite1 phenomenon39 instrument1 image2)
8.156: (take_image satellite1 star48 instrument1 image2)
8.727: (take_image satellite1 planet37 instrument1 image2)
8.732: (turn_to satellite2 star8 groundstation29)
8.743: (turn_to satellite2 groundstation12 groundstation29)
8.745: (take_image satellite1 planet38 instrument1 image2)
7.432: (turn_to satellite1 phenomenon44 star42)
7.456: (turn_to satellite1 star42 planet38)
7.478: (turn_to satellite1 star42 phenomenon44)
7.525: (turn_to satellite1 planet37 star42)
7.525: (turn_to satellite1 planet47 star42)
7.525: (turn_to satellite1 phenomenon45 star42)
7.525: (turn_to satellite1 star43 star42)
7.572: (turn_to satellite1 planet37 planet38)
7.572: (turn_to satellite1 planet47 planet38)
7.572: (turn_to satellite1 phenomenon45 planet38)
6.846: (take_image satellite1 phenomenon44 instrument1 spectrograph0)
6.850: (take_image satellite1 star42 instrument1 spectrograph0)
7.430: (take_image satellite1 phenomenon45 instrument1 image2)
7.431: (take_image satellite1 planet47 instrument1 image2)
7.437: (take_image satellite1 planet37 instrument1 image2)
7.442: (turn_to satellite2 star17 groundstation29)
7.442: (turn_to satellite1 star43 planet37)
7.449: (turn_to satellite0 star42 planet40)
7.453: (turn_to satellite2 star17 groundstation29)
7.466: (take_image satellite0 planet40 instrument0 image2)
6.331: (turn_to satellite1 planet37 phenomenon44)
6.334: (turn_to satellite1 star43 phenomenon44)
6.334: (turn_to satellite1 phenomenon45 phenomenon44)
6.334: (turn_to satellite1 planet47 phenomenon44)
6.342: (turn_to satellite1 planet47 star42)
6.349: (turn_to satellite1 phenomenon45 star42)
6.349: (turn_to satellite1 star43 star42)
6.349: (turn_to satellite1 planet37 star42)
6.629: (turn_to satellite1 planet36 star42)
6.664: (turn_to satellite1 planet36 phenomenon44)
6.310: (turn_to satellite2 star17 groundstation29)
6.312: (switch_on instrument5 satellite2)
6.318: (turn_to satellite2 star17 groundstation29)
6.319: (switch_on instrument4 satellite2)
6.329: (take_image satellite0 planet40 instrument0 infrared1)
6.331: (turn_to satellite2 star17 groundstation29)
6.335: (turn_to satellite2 star8 groundstation29)
6.343: (take_image satellite0 planet40 instrument0 infrared1)
6.349: (take_image satellite1 phenomenon45 instrument1 image3)
6.363: (take_image satellite0 planet40 instrument0 infrared1)
6.140: (take_image satellite1 phenomenon45 instrument1 image2)
6.166: (take_image satellite1 phenomenon45 instrument1 image2)
6.178: (turn_to satellite1 star43 phenomenon45)
6.203: (take_image satellite0 planet40 instrument0 image2)
6.212: (turn_to satellite2 star17 groundstation29)
6.213: (take_image satellite1 phenomenon45 instrument1 spectrograph0)
6.220: (take_image satellite1 phenomenon45 instrument1 image3)
6.222: (turn_to satellite1 planet37 phenomenon45)
6.222: (turn_to satellite1 star43 phenomenon45)
6.222: (turn_to satellite1 planet47 phenomenon45)
6.176: (take_image satellite1 planet47 instrument1 image2)
6.177: (take_image satellite1 star43 instrument1 image2)
6.215: (take_image satellite1 planet47 instrument1 image3)
6.227: (turn_to satellite2 star17 groundstation29)
6.229: (take_image satellite0 planet40 instrument0 image2)
6.242: (take_image satellite1 star43 instrument1 image3)
6.254: (take_image satellite1 planet47 instrument1 spectrograph0)
6.262: (take_image satellite0 planet40 instrument0 infrared1)
6.265: (take_image satellite1 planet37 instrument1 image2)
6.275: (take_image satellite1 star43 instrument1 spectrograph0)
6.184: (take_image satellite1 planet37 instrument1 image3)
6.218: (take_image satellite1 planet37 instrument1 spectrograph0)
6.219: (turn_to satellite2 star17 groundstation29)
6.221: (take_image satellite1 star43 instrument1 image2)
6.229: (turn_to satellite1 phenomenon45 star43)
6.248: (take_image satellite0 planet40 instrument0 image2)
6.252: (turn_to satellite1 planet37 star43)
6.252: (turn_to satellite1 planet47 star43)
6.269: (turn_to satellite1 phenomenon45 planet37)
6.271: (take_image satellite1 star43 instrument1 image3)
6.194: (take_image satellite1 phenomenon45 instrument1 image2)
6.230: (take_image satellite1 star43 instrument1 image2)
6.232: (turn_to satellite1 phenomenon45 star43)
6.244: (turn_to satellite1 planet47 star43)
6.244: (turn_to satellite1 planet37 star43)
6.288: (take_image satellite0 planet40 instrument0 image2)
6.288: (turn_to satellite1 planet47 phenomenon45)
6.288: (turn_to satellite1 star43 phenomenon45)
6.295: (take_image satellite0 planet40 instrument0 image2)
6.304: (turn_to satellite2 star17 groundstation29)
6.230: (take_image satellite1 star43 instrument1 image2)
6.232: (turn_to satellite1 phenomenon45 star43)
6.244: (turn_to satellite1 planet47 star43)
6.244: (turn_to satellite1 planet37 star43)
6.249: (take_image satellite1 star43 instrument1 image2)
6.260: (turn_to satellite1 phenomenon45 star43)
6.264: (turn_to satellite1 planet37 star43)
6.264: (turn_to satellite1 planet47 star43)
6.274: (turn_to satellite2 star17 groundstation29)
6.283: (take_image satellite0 planet40 instrument0 image2)
6.194: (take_image satellite1 planet47 instrument1 image2)
6.216: (take_image satellite0 planet40 instrument0 infrared1)
6.220: (take_image satellite1 planet47 instrument1 image2)
6.221: (turn_to satellite1 star43 planet47)
6.227: (take_image satellite1 planet47 instrument1 image3)
6.231: (turn_to satellite2 star17 groundstation29)
6.262: (switch_on instrument5 satellite2)
6.266: (take_image satellite1 planet47 instrument1 spectrograph0)
6.269: (turn_to satellite1 phenomenon45 planet47)
6.276: (take_image satellite1 planet47 instrument1 image2)
6.194: (take_image satellite1 phenomenon45 instrument1 image2)
6.218: (take_image satellite0 planet40 instrument0 infrared1)
6.225: (turn_to satellite1 planet37 planet47)
6.236: (turn_to satellite2 star17 groundstation29)
6.240: (take_image satellite1 planet47 instrument1 image3)
6.245: (turn_to satellite1 phenomenon45 planet47)
6.276: (turn_to satellite1 star43 planet47)
6.278: (take_image satellite1 planet47 instrument1 spectrograph0)
6.288: (take_image satellite0 planet40 instrument0 image2)
6.288: (turn_to satellite1 planet37 planet47)
6.198: (turn_to satellite1 planet37 phenomenon45)
6.215: (take_image satellite1 phenomenon45 instrument1 image2)
6.229: (turn_to satellite1 star43 phenomenon45)
6.266: (take_image satellite1 phenomenon45 instrument1 spectrograph0)
6.269: (turn_to satellite2 star17 groundstation29)
6.269: (turn_to satellite1 star43 planet37)
6.276: (turn_to satellite1 phenomenon45 planet37)
6.281: (take_image satellite1 planet37 instrument1 image3)
6.293: (take_image satellite0 planet40 instrument0 infrared1)
6.297: (switch_on instrument5 satellite2)
6.269: (turn_to satellite1 planet47 phenomenon45)
6.269: (turn_to satellite1 star43 phenomenon45)
6.278: (take_image satellite1 planet37 instrument1 image3)
6.278: (take_image satellite1 phenomenon45 instrument1 image2)
6.284: (turn_to satellite1 phenomenon45 planet37)
6.284: (take_image satellite0 planet40 instrument0 infrared1)
6.285: (switch_off instrument5 satellite2)
6.286: (turn_to satellite2 star17 groundstation29)
6.295: (switch_off instrument5 satellite2)
6.308: (turn_to satellite1 phenomenon45 planet37)
6.179: (take_image satellite1 planet37 instrument1 image3)
6.194: (turn_to satellite1 phenomenon45 planet37)
6.216: (turn_to satellite1 star43 planet37)
6.218: (switch_off instrument5 satellite2)
6.231: (turn_to satellite2 star17 groundstation29)
6.238: (turn_to satellite2 star17 groundstation29)
6.245: (take_image satellite1 planet37 instrument1 spectrograph0)
6.269: (turn_to satellite1 planet47 phenomenon45)
6.269: (turn_to satellite1 star43 phenomenon45)
6.269: (take_image satellite0 planet40 instrument0 infrared1)
6.258: (turn_to satellite2 star17 groundstation29)
6.282: (take_image satellite1 star43 instrument1 image3)
6.287: (take_image satellite1 star43 instrument1 image2)
6.299: (turn_to satellite2 star17 groundstation29)
6.308: (turn_to satellite1 star43 planet37)
6.319: (turn_to satellite0 star43 planet40)
6.319: (turn_to satellite0 planet47 planet40)
6.324: (take_image satellite1 star43 instrument1 spectrograph0)
6.324: (take_image satellite1 planet47 instrument1 image2)
6.324: (switch_off instrument5 satellite2)
5.669: (take_image satellite0 planet47 instrument0 infrared1)
5.779: (take_image satellite0 star43 instrument0 infrared1)
6.213: (take_image satellite1 planet47 instrument1 image2)
6.216: (take_image satellite0 planet40 instrument0 infrared1)
6.221: (turn_to satellite1 star43 planet47)
6.228: (take_image satellite1 planet47 instrument1 image3)
6.231: (turn_to satellite2 star17 groundstation29)
6.259: (take_image satellite1 planet47 instrument1 spectrograph0)
6.270: (turn_to satellite1 star43 planet47)
6.277: (turn_to satellite2 star8 groundstation29)
5.197: (turn_to satellite0 planet40 planet47)
5.200: (turn_to satellite0 planet40 star43)
5.232: (turn_to satellite0 star43 planet47)
5.250: (turn_to satellite0 phenomenon45 planet47)
5.259: (turn_to satellite0 planet47 star43)
5.259: (turn_to satellite0 phenomenon45 star43)
5.649: (turn_to satellite0 planet37 planet47)
5.663: (turn_to satellite0 planet37 star43)
5.819: (switch_on instrument4 satellite2)
5.825: (switch_on instrument4 satellite2)
4.590: (take_image satellite0 phenomenon45 instrument0 infrared1)
4.693: (take_image satellite0 planet47 instrument0 infrared1)
4.717: (take_image satellite0 phenomenon45 instrument0 infrared1)
4.790: (take_image satellite0 star43 instrument0 infrared1)
4.883: (turn_to satellite0 planet40 planet47)
4.893: (turn_to satellite0 planet40 star43)
4.955: (turn_to satellite0 star43 planet47)
4.967: (turn_to satellite1 star43 planet37)
4.968: (turn_to satellite1 phenomenon45 planet37)
4.975: (turn_to satellite0 planet47 star43)
4.004: (turn_to satellite0 phenomenon45 star43)
4.014: (turn_to satellite0 planet40 phenomenon45)
4.018: (turn_to satellite0 star43 phenomenon45)
4.022: (turn_to satellite0 planet47 phenomenon45)
4.037: (turn_to satellite0 planet40 phenomenon45)
4.046: (turn_to satellite0 planet40 planet47)
4.059: (turn_to satellite0 planet40 star43)
4.073: (turn_to satellite0 phenomenon45 planet47)
4.466: (turn_to satellite0 planet37 phenomenon45)
4.467: (turn_to satellite0 planet37 phenomenon45)
3.524: (take_image satellite0 planet47 instrument0 infrared1)
3.576: (take_image satellite0 star43 instrument0 infrared1)
3.591: (take_image satellite0 phenomenon45 instrument0 infrared1)
3.785: (turn_to satellite1 star43 planet37)
3.797: (turn_to satellite1 planet47 planet37)
3.843: (turn_to satellite1 planet40 planet37)
3.861: (take_image satellite0 planet37 instrument0 infrared1)
3.866: (turn_to satellite1 phenomenon45 planet37)
3.870: (switch_on instrument4 satellite2)
3.879: (turn_to satellite1 planet40 planet37)
2.834: (turn_to satellite0 planet40 planet47)
2.844: (turn_to satellite0 planet40 star43)
2.850: (turn_to satellite0 planet40 phenomenon45)
3.129: (turn_to satellite0 star43 planet37)
3.150: (turn_to satellite0 planet40 planet37)
3.190: (take_image satellite1 planet40 instrument1 spectrograph0)
3.278: (take_image satellite1 planet40 instrument1 spectrograph0)
3.280: (turn_to satellite0 planet37 planet47)
3.296: (turn_to satellite0 planet37 phenomenon45)
3.296: (take_image satellite0 planet37 instrument0 infrared1)
2.542: (turn_to satellite1 planet36 planet40)
2.559: (turn_to satellite1 planet36 planet40)
2.674: (turn_to satellite0 planet47 planet37)
2.696: (turn_to satellite1 star43 planet40)
2.714: (switch_on instrument4 satellite2)
2.721: (turn_to satellite1 planet47 planet40)
2.762: (turn_to satellite1 star43 planet37)
2.773: (take_image satellite0 planet37 instrument0 infrared1)
2.774: (switch_on instrument5 satellite2)
2.786: (take_image satellite0 planet37 instrument0 infrared1)
1.939: (turn_to satellite1 planet36 planet40)
1.976: (turn_to satellite0 planet40 planet37)
2.044: (take_image satellite0 planet37 instrument0 infrared1)
2.063: (turn_to satellite0 star43 planet37)
2.078: (take_image satellite0 planet37 instrument0 infrared1)
2.113: (take_image satellite1 planet40 instrument1 spectrograph0)
2.121: (take_image satellite0 planet37 instrument0 infrared1)
2.198: (turn_to satellite1 planet40 planet37)
2.215: (take_image satellite0 planet37 instrument0 infrared1)
2.253: (turn_to satellite1 star43 planet40)
1.285: (turn_to satellite0 star43 planet37)
1.295: (turn_to satellite0 planet47 planet37)
1.324: (turn_to satellite1 planet36 planet40)
1.329: (turn_to satellite1 planet36 planet40)
1.606: (take_image satellite0 planet47 instrument0 infrared1)
1.629: (take_image satellite1 planet40 instrument1 spectrograph0)
1.678: (take_image satellite0 star43 instrument0 infrared1)
1.827: (turn_to satellite1 planet36 planet37)
1.844: (turn_to satellite1 planet47 planet40)
1.849: (turn_to satellite0 planet47 planet37)
0.792: (turn_to satellite1 planet36 planet40)
0.796: (take_image satellite0 planet47 instrument0 infrared1)
0.838: (take_image satellite0 star43 instrument0 infrared1)
0.908: (turn_to satellite1 planet36 planet40)
0.926: (turn_to satellite1 planet36 planet40)
1.206: (switch_on instrument4 satellite2)
1.214: (switch_on instrument4 satellite2)
1.261: (turn_to satellite2 star17 groundstation29)
1.268: (turn_to satellite2 star17 groundstation29)
1.273: (switch_on instrument5 satellite2)
0.580: (turn_to satellite0 planet36 star43)
0.628: (turn_to satellite0 planet36 planet47)
0.633: (turn_to satellite0 planet36 planet37)
0.701: (take_image satellite0 star43 instrument0 infrared1)
0.763: (take_image satellite0 star43 instrument0 infrared1)
0.781: (switch_on instrument4 satellite2)
0.784: (switch_on instrument4 satellite2)
0.799: (switch_on instrument4 satellite2)
0.803: (turn_to satellite0 phenomenon45 star43)
0.806: (take_image satellite0 planet47 instrument0 infrared1)
0.389: (take_image satellite0 planet36 instrument0 infrared1)
[Final] Expanded: 563, Generated: 89424
Found a solution of length 60!
   1: (switch_on instrument1 satellite1)
   2: (turn_to satellite1 groundstation29 star4)
   3: (calibrate satellite1 instrument1 groundstation29)
   4: (switch_on instrument0 satellite0)
   5: (calibrate satellite0 instrument0 groundstation26)
   6: (turn_to satellite0 planet49 groundstation26)
   7: (take_image satellite0 planet49 instrument0 image2)
   8: (turn_to satellite0 planet40 planet49)
   9: (turn_to satellite1 star35 groundstation29)
  10: (take_image satellite1 star35 instrument1 image3)
  11: (turn_to satellite1 phenomenon31 star35)
  12: (take_image satellite1 phenomenon31 instrument1 spectrograph0)
  13: (turn_to satellite1 phenomenon33 phenomenon31)
  14: (take_image satellite1 phenomenon33 instrument1 spectrograph0)
  15: (turn_to satellite2 groundstation29 groundstation15)
  16: (turn_to satellite1 star34 phenomenon33)
  17: (take_image satellite1 star34 instrument1 image2)
  18: (turn_to satellite1 star32 star34)
  19: (take_image satellite1 star32 instrument1 image2)
  20: (turn_to satellite1 planet41 star32)
  21: (take_image satellite1 planet41 instrument1 image2)
  22: (turn_to satellite1 phenomenon46 planet41)
  23: (take_image satellite1 phenomenon46 instrument1 image2)
  24: (turn_to satellite1 phenomenon30 phenomenon46)
  25: (take_image satellite1 phenomenon30 instrument1 image2)
  26: (turn_to satellite1 phenomenon39 phenomenon30)
  27: (take_image satellite1 phenomenon39 instrument1 image2)
  28: (turn_to satellite1 star48 phenomenon39)
  29: (take_image satellite1 star48 instrument1 image2)
  30: (turn_to satellite1 planet38 star48)
  31: (take_image satellite1 planet38 instrument1 spectrograph0)
  32: (turn_to satellite1 star42 planet38)
  33: (take_image satellite1 star42 instrument1 spectrograph0)
  34: (turn_to satellite1 phenomenon44 star42)
  35: (take_image satellite1 phenomenon44 instrument1 spectrograph0)
  36: (turn_to satellite1 phenomenon45 phenomenon44)
  37: (take_image satellite1 phenomenon45 instrument1 image3)
  38: (turn_to satellite1 planet37 phenomenon45)
  39: (take_image satellite1 planet37 instrument1 image2)
  40: (turn_to satellite1 phenomenon45 planet37)
  41: (turn_to satellite1 planet47 phenomenon45)
  42: (take_image satellite0 planet40 instrument0 image2)
  43: (switch_on instrument5 satellite2)
  44: (turn_to satellite1 planet37 planet47)
  45: (take_image satellite0 planet40 instrument0 infrared1)
  46: (switch_off instrument5 satellite2)
  47: (take_image satellite1 planet37 instrument1 spectrograph0)
  48: (turn_to satellite0 planet47 planet40)
  49: (take_image satellite0 planet47 instrument0 infrared1)
  50: (turn_to satellite0 phenomenon45 planet47)
  51: (take_image satellite0 phenomenon45 instrument0 infrared1)
  52: (turn_to satellite0 planet37 phenomenon45)
  53: (turn_to satellite1 planet40 planet37)
  54: (take_image satellite1 planet40 instrument1 spectrograph0)
  55: (take_image satellite0 planet37 instrument0 infrared1)
  56: (turn_to satellite1 planet36 planet40)
  57: (turn_to satellite0 star43 planet37)
  58: (take_image satellite0 star43 instrument0 infrared1)
  59: (turn_to satellite0 planet36 star43)
  60: (take_image satellite0 planet36 instrument0 infrared1)
