/u/ibrahim.eisawy/Neural-Guided-Search/venv/lib/python3.10/site-packages/pymimir_rgnn/model.py:151: UserWarning: index_reduce() is in beta and the API may change at any time. (Triggered internally at /pytorch/aten/src/ATen/native/cuda/Indexing.cu:1541.)
  max_msg.index_reduce_(0, output_indices, output_messages, reduce='amax', include_self=True)
Torch: 2.12.0+cu130
Using GPU:  NVIDIA L40S
44.743: (switch_on instrument0 satellite0)
47.179: (switch_on instrument3 satellite1)
47.784: (switch_on instrument4 satellite2)
47.995: (switch_on instrument2 satellite1)
48.547: (turn_to satellite1 groundstation25 star6)
48.548: (turn_to satellite1 star5 star6)
48.559: (turn_to satellite2 groundstation25 star24)
48.559: (turn_to satellite2 star5 star24)
48.683: (turn_to satellite1 star29 star6)
48.725: (turn_to satellite2 star20 star24)
42.027: (turn_to satellite0 star5 groundstation0)
42.027: (turn_to satellite0 groundstation25 groundstation0)
42.447: (switch_on instrument0 satellite0)
42.519: (switch_on instrument0 satellite0)
42.559: (turn_to satellite1 star5 star6)
42.561: (turn_to satellite1 groundstation25 star6)
42.579: (turn_to satellite2 star5 star24)
42.579: (turn_to satellite2 groundstation25 star24)
42.585: (switch_on instrument0 satellite0)
42.614: (switch_on instrument0 satellite0)
34.046: (calibrate satellite0 instrument0 groundstation25)
34.118: (calibrate satellite0 instrument0 star5)
40.836: (turn_to satellite0 star5 groundstation0)
40.885: (turn_to satellite1 groundstation25 star6)
40.888: (turn_to satellite0 groundstation25 groundstation0)
40.892: (turn_to satellite1 star5 star6)
40.912: (turn_to satellite0 groundstation25 groundstation0)
40.925: (turn_to satellite0 star5 groundstation0)
40.925: (turn_to satellite2 groundstation25 star24)
40.934: (turn_to satellite2 star5 star24)
33.101: (turn_to satellite2 groundstation11 star24)
33.101: (turn_to satellite2 groundstation11 star24)
33.190: (switch_on instrument2 satellite1)
33.215: (switch_on instrument2 satellite1)
33.393: (turn_to satellite0 planet48 star5)
33.393: (turn_to satellite0 planet47 star5)
33.396: (turn_to satellite0 planet33 star5)
33.396: (turn_to satellite0 phenomenon34 star5)
33.396: (turn_to satellite0 planet35 star5)
33.396: (turn_to satellite0 phenomenon36 star5)
32.163: (turn_to satellite2 groundstation11 star24)
32.188: (turn_to satellite2 groundstation11 star24)
32.211: (switch_on instrument2 satellite1)
32.213: (switch_on instrument2 satellite1)
32.313: (take_image satellite0 phenomenon36 instrument0 infrared2)
32.325: (take_image satellite0 phenomenon34 instrument0 infrared2)
32.328: (take_image satellite0 planet35 instrument0 infrared2)
32.381: (turn_to satellite2 groundstation11 star24)
32.417: (take_image satellite0 planet47 instrument0 infrared2)
32.429: (turn_to satellite2 groundstation11 star24)
31.401: (take_image satellite0 planet47 instrument0 infrared2)
31.412: (take_image satellite0 planet48 instrument0 infrared2)
31.424: (turn_to satellite2 groundstation11 star24)
31.424: (turn_to satellite2 groundstation11 star24)
31.450: (turn_to satellite2 groundstation11 star24)
31.461: (turn_to satellite2 groundstation11 star24)
31.472: (switch_on instrument2 satellite1)
31.495: (switch_on instrument2 satellite1)
31.568: (turn_to satellite0 star32 star5)
31.573: (turn_to satellite0 phenomenon41 groundstation25)
30.575: (take_image satellite0 planet48 instrument0 infrared2)
30.580: (take_image satellite0 planet47 instrument0 infrared2)
30.588: (switch_on instrument2 satellite1)
30.589: (switch_on instrument2 satellite1)
30.599: (switch_on instrument2 satellite1)
30.601: (switch_on instrument2 satellite1)
30.616: (take_image satellite0 star32 instrument0 infrared0)
30.619: (switch_on instrument2 satellite1)
30.744: (turn_to satellite1 star27 star6)
30.752: (turn_to satellite1 star27 star6)
28.371: (calibrate satellite1 instrument2 star27)
29.871: (switch_on instrument2 satellite1)
29.918: (turn_to satellite1 star27 star6)
29.929: (turn_to satellite1 groundstation26 star6)
29.929: (turn_to satellite1 groundstation3 star6)
29.929: (turn_to satellite1 groundstation22 star6)
29.929: (turn_to satellite1 star27 star6)
29.934: (turn_to satellite1 groundstation26 star6)
29.934: (turn_to satellite1 groundstation22 star6)
29.934: (turn_to satellite1 groundstation3 star6)
27.187: (calibrate satellite1 instrument2 groundstation3)
27.258: (calibrate satellite1 instrument2 groundstation22)
27.261: (calibrate satellite1 instrument2 groundstation22)
27.266: (calibrate satellite1 instrument2 groundstation26)
27.278: (calibrate satellite1 instrument2 groundstation3)
27.288: (calibrate satellite1 instrument2 groundstation26)
27.323: (calibrate satellite1 instrument2 star27)
27.384: (calibrate satellite1 instrument2 star27)
27.553: (take_image satellite0 star32 instrument0 infrared0)
27.648: (turn_to satellite1 planet31 star27)
26.551: (turn_to satellite1 phenomenon49 star27)
26.551: (turn_to satellite1 phenomenon46 star27)
26.551: (turn_to satellite1 phenomenon45 star27)
26.554: (turn_to satellite1 planet31 groundstation22)
26.554: (turn_to satellite1 star30 groundstation22)
26.555: (turn_to satellite1 planet42 groundstation22)
26.555: (turn_to satellite1 phenomenon41 groundstation22)
26.558: (turn_to satellite1 star32 star27)
26.562: (turn_to satellite1 planet38 star27)
26.562: (turn_to satellite1 phenomenon43 star27)
25.870: (turn_to satellite0 planet31 phenomenon34)
25.883: (take_image satellite1 planet31 instrument2 spectrograph1)
25.889: (turn_to satellite0 star30 phenomenon34)
25.918: (take_image satellite1 star30 instrument2 spectrograph1)
25.926: (turn_to satellite0 phenomenon49 phenomenon36)
25.926: (turn_to satellite0 planet38 phenomenon36)
25.926: (turn_to satellite0 phenomenon46 phenomenon36)
25.926: (turn_to satellite0 phenomenon45 phenomenon36)
25.926: (turn_to satellite0 phenomenon43 phenomenon36)
25.926: (turn_to satellite0 star30 phenomenon36)
24.654: (take_image satellite0 phenomenon45 instrument0 infrared0)
24.658: (take_image satellite0 phenomenon43 instrument0 infrared0)
24.673: (take_image satellite0 phenomenon46 instrument0 infrared0)
24.703: (take_image satellite0 planet38 instrument0 infrared0)
24.715: (take_image satellite0 phenomenon49 instrument0 infrared0)
25.067: (turn_to satellite1 planet31 star30)
25.107: (turn_to satellite1 star30 planet31)
25.116: (turn_to satellite1 planet42 star30)
25.116: (turn_to satellite1 phenomenon41 star30)
25.152: (turn_to satellite1 phenomenon46 star30)
23.992: (take_image satellite1 star30 instrument2 spectrograph1)
24.013: (take_image satellite1 planet31 instrument2 spectrograph1)
24.046: (turn_to satellite0 planet31 phenomenon49)
24.046: (turn_to satellite0 star30 phenomenon49)
24.054: (turn_to satellite0 planet42 phenomenon49)
24.054: (turn_to satellite0 phenomenon41 phenomenon49)
24.088: (turn_to satellite0 planet38 phenomenon49)
24.089: (turn_to satellite0 phenomenon45 phenomenon49)
24.089: (turn_to satellite0 phenomenon46 phenomenon49)
24.089: (turn_to satellite0 phenomenon43 phenomenon49)
23.249: (take_image satellite0 phenomenon43 instrument0 infrared0)
23.249: (turn_to satellite1 phenomenon49 planet31)
23.253: (turn_to satellite1 planet38 planet31)
23.254: (turn_to satellite1 phenomenon43 planet31)
23.254: (turn_to satellite1 phenomenon45 planet31)
23.254: (turn_to satellite1 phenomenon46 planet31)
23.256: (turn_to satellite1 planet42 planet31)
23.256: (turn_to satellite1 phenomenon41 planet31)
23.259: (turn_to satellite1 star32 planet31)
23.282: (turn_to satellite1 star32 star30)
22.271: (take_image satellite1 phenomenon41 instrument2 image3)
22.370: (take_image satellite1 planet42 instrument2 image3)
22.540: (turn_to satellite0 phenomenon41 phenomenon34)
22.557: (turn_to satellite0 planet42 phenomenon34)
22.610: (turn_to satellite0 phenomenon45 phenomenon34)
22.610: (turn_to satellite0 phenomenon49 phenomenon34)
22.610: (turn_to satellite0 phenomenon43 phenomenon34)
22.610: (turn_to satellite0 planet38 phenomenon34)
22.610: (turn_to satellite0 phenomenon46 phenomenon34)
22.625: (turn_to satellite0 phenomenon46 phenomenon34)
21.186: (take_image satellite0 phenomenon46 instrument0 infrared0)
21.233: (take_image satellite0 planet38 instrument0 infrared0)
21.237: (take_image satellite0 phenomenon46 instrument0 infrared0)
21.271: (take_image satellite0 phenomenon43 instrument0 infrared0)
21.330: (take_image satellite0 phenomenon49 instrument0 infrared0)
21.384: (take_image satellite0 phenomenon45 instrument0 infrared0)
21.650: (take_image satellite0 planet42 instrument0 image3)
21.659: (take_image satellite0 phenomenon41 instrument0 image3)
21.666: (turn_to satellite1 phenomenon41 planet42)
21.677: (turn_to satellite1 planet42 phenomenon41)
20.496: (take_image satellite1 planet42 instrument2 image3)
20.543: (take_image satellite1 planet42 instrument2 image3)
20.558: (take_image satellite1 planet42 instrument2 image3)
20.573: (take_image satellite1 planet42 instrument2 image3)
20.579: (take_image satellite1 phenomenon41 instrument2 image3)
20.587: (take_image satellite1 planet42 instrument2 image3)
20.672: (turn_to satellite0 phenomenon41 phenomenon46)
20.687: (turn_to satellite0 phenomenon41 phenomenon45)
20.700: (turn_to satellite0 phenomenon41 phenomenon43)
20.723: (turn_to satellite0 phenomenon41 planet38)
19.531: (take_image satellite0 phenomenon41 instrument0 image3)
19.636: (take_image satellite0 phenomenon41 instrument0 image3)
19.651: (take_image satellite0 phenomenon41 instrument0 image3)
19.675: (take_image satellite0 phenomenon41 instrument0 image3)
19.741: (turn_to satellite1 phenomenon41 planet42)
19.777: (turn_to satellite1 planet42 phenomenon41)
19.779: (turn_to satellite1 phenomenon41 planet42)
19.785: (turn_to satellite1 phenomenon41 planet42)
19.794: (turn_to satellite1 phenomenon41 planet42)
19.801: (turn_to satellite1 phenomenon41 planet42)
18.949: (take_image satellite1 phenomenon41 instrument2 image3)
19.022: (take_image satellite1 phenomenon41 instrument2 image3)
19.024: (take_image satellite1 phenomenon41 instrument2 image3)
19.051: (take_image satellite1 phenomenon41 instrument2 image3)
19.070: (take_image satellite1 planet42 instrument2 image3)
19.102: (turn_to satellite0 phenomenon43 phenomenon46)
19.102: (turn_to satellite0 planet38 phenomenon46)
19.102: (turn_to satellite0 star32 phenomenon46)
19.103: (take_image satellite1 planet42 instrument2 image3)
19.103: (turn_to satellite0 phenomenon43 phenomenon49)
18.207: (take_image satellite0 phenomenon43 instrument0 infrared0)
18.299: (take_image satellite0 star32 instrument0 infrared0)
18.317: (take_image satellite0 planet38 instrument0 infrared0)
18.346: (turn_to satellite1 phenomenon46 phenomenon41)
18.346: (turn_to satellite1 phenomenon45 phenomenon41)
18.346: (turn_to satellite1 phenomenon43 phenomenon41)
18.346: (turn_to satellite1 planet38 phenomenon41)
18.348: (turn_to satellite1 star32 phenomenon41)
18.354: (take_image satellite1 phenomenon41 instrument2 image3)
18.373: (turn_to satellite1 phenomenon49 phenomenon41)
17.695: (turn_to satellite0 phenomenon43 phenomenon46)
17.695: (turn_to satellite0 planet38 phenomenon46)
17.695: (turn_to satellite0 phenomenon45 phenomenon46)
17.696: (turn_to satellite0 star32 phenomenon46)
17.707: (take_image satellite1 phenomenon41 instrument2 image3)
17.728: (take_image satellite1 phenomenon41 instrument2 image3)
17.760: (take_image satellite1 phenomenon41 instrument2 image3)
17.843: (take_image satellite0 phenomenon43 instrument0 infrared0)
17.843: (turn_to satellite0 planet38 phenomenon49)
17.848: (turn_to satellite0 phenomenon45 phenomenon49)
17.005: (take_image satellite0 phenomenon45 instrument0 infrared0)
17.016: (turn_to satellite1 star32 phenomenon41)
17.016: (turn_to satellite1 phenomenon45 phenomenon41)
17.016: (turn_to satellite1 phenomenon43 phenomenon41)
17.026: (turn_to satellite1 star32 phenomenon41)
17.030: (turn_to satellite1 phenomenon46 phenomenon41)
17.030: (turn_to satellite1 phenomenon45 phenomenon41)
17.030: (turn_to satellite1 planet38 phenomenon41)
17.035: (turn_to satellite1 planet33 phenomenon41)
17.037: (turn_to satellite1 phenomenon37 phenomenon41)
16.514: (turn_to satellite0 star32 phenomenon43)
16.520: (turn_to satellite0 phenomenon46 phenomenon43)
16.520: (turn_to satellite0 star32 phenomenon43)
16.520: (turn_to satellite0 planet38 phenomenon43)
16.531: (turn_to satellite0 planet35 planet38)
16.531: (turn_to satellite0 phenomenon36 planet38)
16.531: (turn_to satellite0 phenomenon37 planet38)
16.531: (turn_to satellite0 phenomenon39 planet38)
16.531: (turn_to satellite0 phenomenon40 planet38)
16.531: (turn_to satellite0 star44 planet38)
15.571: (take_image satellite0 star44 instrument0 infrared2)
15.659: (take_image satellite0 phenomenon39 instrument0 infrared2)
15.691: (take_image satellite0 phenomenon40 instrument0 infrared2)
15.694: (take_image satellite0 phenomenon37 instrument0 infrared2)
15.701: (take_image satellite0 star32 instrument0 infrared0)
15.719: (take_image satellite0 planet38 instrument0 infrared0)
15.734: (take_image satellite0 phenomenon46 instrument0 infrared0)
15.772: (take_image satellite0 phenomenon36 instrument0 infrared2)
15.783: (take_image satellite0 planet35 instrument0 infrared2)
15.783: (take_image satellite0 star32 instrument0 infrared0)
15.092: (turn_to satellite0 phenomenon45 star32)
15.092: (turn_to satellite0 phenomenon46 star32)
15.191: (turn_to satellite0 star32 phenomenon36)
15.191: (turn_to satellite0 phenomenon43 phenomenon36)
15.191: (turn_to satellite0 phenomenon49 phenomenon36)
15.193: (turn_to satellite0 star32 phenomenon46)
15.193: (turn_to satellite0 planet38 phenomenon46)
15.220: (turn_to satellite0 planet35 phenomenon40)
15.220: (turn_to satellite0 planet48 phenomenon40)
15.220: (turn_to satellite0 phenomenon36 phenomenon40)
14.271: (take_image satellite0 phenomenon36 instrument0 infrared2)
14.342: (take_image satellite0 planet35 instrument0 infrared2)
14.356: (take_image satellite0 planet48 instrument0 infrared2)
14.392: (take_image satellite0 star32 instrument0 infrared0)
14.400: (take_image satellite0 planet38 instrument0 infrared0)
14.407: (take_image satellite0 phenomenon43 instrument0 infrared0)
14.424: (take_image satellite0 phenomenon46 instrument0 infrared0)
14.477: (take_image satellite0 phenomenon45 instrument0 infrared0)
14.503: (take_image satellite0 phenomenon49 instrument0 infrared0)
14.505: (take_image satellite0 star32 instrument0 infrared0)
13.644: (turn_to satellite0 planet38 star32)
13.853: (turn_to satellite0 phenomenon45 phenomenon46)
13.898: (turn_to satellite0 planet35 planet48)
13.898: (turn_to satellite0 phenomenon36 planet48)
13.898: (turn_to satellite0 phenomenon37 planet48)
13.899: (turn_to satellite0 phenomenon39 planet48)
13.899: (turn_to satellite0 planet47 planet48)
13.899: (turn_to satellite0 star44 planet48)
13.900: (turn_to satellite0 planet33 planet48)
13.903: (turn_to satellite0 star32 planet38)
12.932: (take_image satellite0 star32 instrument0 infrared0)
13.043: (take_image satellite0 phenomenon45 instrument0 infrared0)
13.048: (take_image satellite0 planet33 instrument0 infrared2)
13.050: (take_image satellite0 star44 instrument0 infrared2)
13.065: (take_image satellite0 planet47 instrument0 infrared2)
13.085: (take_image satellite0 planet38 instrument0 infrared0)
13.129: (take_image satellite0 planet35 instrument0 infrared2)
13.154: (take_image satellite0 phenomenon39 instrument0 infrared2)
13.158: (take_image satellite0 phenomenon37 instrument0 infrared2)
13.160: (take_image satellite0 phenomenon36 instrument0 infrared2)
12.490: (turn_to satellite0 phenomenon43 phenomenon36)
12.490: (turn_to satellite0 star32 phenomenon36)
12.502: (turn_to satellite0 phenomenon49 phenomenon36)
12.539: (turn_to satellite0 planet48 phenomenon45)
12.544: (turn_to satellite0 star32 phenomenon39)
12.547: (turn_to satellite0 star32 planet35)
12.547: (turn_to satellite0 phenomenon49 planet35)
12.547: (turn_to satellite0 phenomenon43 planet35)
12.553: (turn_to satellite0 planet47 phenomenon45)
12.553: (turn_to satellite0 phenomenon39 phenomenon45)
11.535: (take_image satellite0 phenomenon39 instrument0 infrared2)
11.710: (take_image satellite0 planet47 instrument0 infrared2)
11.744: (take_image satellite0 phenomenon49 instrument0 infrared0)
11.768: (take_image satellite0 phenomenon49 instrument0 infrared0)
11.772: (take_image satellite0 planet48 instrument0 infrared2)
11.808: (take_image satellite0 star32 instrument0 infrared0)
11.838: (take_image satellite0 phenomenon43 instrument0 infrared0)
11.857: (take_image satellite0 phenomenon43 instrument0 infrared0)
11.874: (take_image satellite0 star32 instrument0 infrared0)
11.875: (take_image satellite0 star32 instrument0 infrared0)
11.191: (turn_to satellite0 phenomenon43 star32)
11.191: (turn_to satellite0 phenomenon49 star32)
11.219: (turn_to satellite0 phenomenon49 phenomenon43)
11.219: (turn_to satellite0 star32 phenomenon43)
11.234: (turn_to satellite0 star44 planet47)
11.235: (turn_to satellite0 planet48 planet47)
11.249: (turn_to satellite0 star32 phenomenon43)
11.251: (turn_to satellite0 phenomenon37 planet47)
11.251: (turn_to satellite0 phenomenon36 planet47)
11.251: (turn_to satellite0 planet35 planet47)
10.247: (take_image satellite0 planet35 instrument0 infrared2)
10.404: (take_image satellite0 phenomenon36 instrument0 infrared2)
10.411: (take_image satellite0 phenomenon37 instrument0 infrared2)
10.429: (take_image satellite0 star32 instrument0 infrared0)
10.462: (take_image satellite0 phenomenon49 instrument0 infrared0)
10.495: (take_image satellite0 phenomenon49 instrument0 infrared0)
10.499: (take_image satellite0 star44 instrument0 infrared2)
10.502: (take_image satellite0 planet48 instrument0 infrared2)
10.518: (take_image satellite0 star32 instrument0 infrared0)
10.549: (take_image satellite0 phenomenon43 instrument0 infrared0)
9.720: (turn_to satellite0 phenomenon49 phenomenon43)
9.905: (turn_to satellite0 planet33 phenomenon37)
9.905: (turn_to satellite0 planet35 phenomenon37)
9.905: (turn_to satellite0 phenomenon36 phenomenon37)
9.905: (turn_to satellite0 phenomenon39 phenomenon37)
9.905: (turn_to satellite0 phenomenon40 phenomenon37)
9.905: (turn_to satellite0 star44 phenomenon37)
9.905: (turn_to satellite0 planet48 phenomenon37)
9.917: (turn_to satellite0 planet48 phenomenon36)
9.917: (turn_to satellite0 star44 phenomenon36)
8.918: (take_image satellite0 star44 instrument0 infrared2)
9.093: (take_image satellite0 planet48 instrument0 infrared2)
9.096: (take_image satellite0 planet48 instrument0 infrared2)
9.111: (take_image satellite0 star44 instrument0 infrared2)
9.124: (take_image satellite0 planet33 instrument0 infrared2)
9.140: (take_image satellite0 planet35 instrument0 infrared2)
9.151: (take_image satellite0 phenomenon49 instrument0 infrared0)
9.157: (take_image satellite0 phenomenon36 instrument0 infrared2)
9.189: (take_image satellite0 phenomenon39 instrument0 infrared2)
9.195: (take_image satellite0 phenomenon40 instrument0 infrared2)
8.558: (turn_to satellite0 planet48 phenomenon40)
8.558: (turn_to satellite0 planet33 phenomenon40)
8.558: (turn_to satellite0 planet35 phenomenon40)
8.558: (turn_to satellite0 star44 phenomenon40)
8.558: (turn_to satellite0 phenomenon36 phenomenon40)
8.558: (turn_to satellite0 phenomenon39 phenomenon40)
8.579: (turn_to satellite0 phenomenon37 planet48)
8.579: (turn_to satellite0 planet35 planet48)
8.579: (turn_to satellite0 planet33 planet48)
8.582: (turn_to satellite0 star44 planet48)
7.780: (take_image satellite0 star44 instrument0 infrared2)
7.895: (take_image satellite0 planet33 instrument0 infrared2)
7.932: (take_image satellite0 planet35 instrument0 infrared2)
7.938: (take_image satellite0 phenomenon37 instrument0 infrared2)
7.967: (take_image satellite0 planet33 instrument0 infrared2)
7.978: (take_image satellite0 planet35 instrument0 infrared2)
7.983: (take_image satellite0 planet48 instrument0 infrared2)
8.002: (take_image satellite0 star44 instrument0 infrared2)
8.031: (take_image satellite0 phenomenon36 instrument0 infrared2)
8.038: (take_image satellite0 phenomenon39 instrument0 infrared2)
7.374: (turn_to satellite0 planet33 phenomenon39)
7.374: (turn_to satellite0 planet35 phenomenon39)
7.374: (turn_to satellite0 phenomenon36 phenomenon39)
7.374: (turn_to satellite0 planet48 phenomenon39)
7.374: (turn_to satellite0 star44 phenomenon39)
7.408: (turn_to satellite0 star44 planet35)
7.408: (turn_to satellite0 phenomenon40 planet35)
7.408: (turn_to satellite0 phenomenon39 planet35)
7.408: (turn_to satellite0 phenomenon37 planet35)
7.408: (turn_to satellite0 planet33 planet35)
6.661: (take_image satellite0 planet33 instrument0 infrared2)
6.731: (take_image satellite0 phenomenon37 instrument0 infrared2)
6.792: (take_image satellite0 phenomenon40 instrument0 infrared2)
6.809: (take_image satellite0 phenomenon39 instrument0 infrared2)
6.827: (take_image satellite0 planet35 instrument0 infrared2)
6.836: (take_image satellite0 phenomenon36 instrument0 infrared2)
6.843: (take_image satellite0 planet33 instrument0 infrared2)
6.859: (take_image satellite0 planet48 instrument0 infrared2)
6.899: (take_image satellite0 star44 instrument0 infrared2)
6.902: (take_image satellite0 star44 instrument0 infrared2)
6.203: (turn_to satellite0 planet33 star44)
6.203: (turn_to satellite0 phenomenon37 star44)
6.203: (turn_to satellite0 phenomenon39 star44)
6.203: (turn_to satellite0 phenomenon40 star44)
6.251: (turn_to satellite0 phenomenon36 planet33)
6.251: (turn_to satellite0 planet35 planet33)
6.251: (turn_to satellite0 star44 planet33)
6.251: (turn_to satellite0 planet48 planet33)
6.262: (turn_to satellite0 planet35 planet48)
6.262: (turn_to satellite0 planet33 planet48)
5.519: (take_image satellite0 planet33 instrument0 infrared2)
5.632: (take_image satellite0 planet35 instrument0 infrared2)
5.649: (take_image satellite0 planet48 instrument0 infrared2)
5.651: (take_image satellite0 star44 instrument0 infrared2)
5.683: (take_image satellite0 phenomenon37 instrument0 infrared2)
5.683: (take_image satellite0 phenomenon39 instrument0 infrared2)
5.703: (take_image satellite0 planet33 instrument0 infrared2)
5.734: (take_image satellite0 phenomenon40 instrument0 infrared2)
5.762: (take_image satellite0 planet35 instrument0 infrared2)
5.765: (take_image satellite0 phenomenon36 instrument0 infrared2)
5.046: (turn_to satellite0 planet35 phenomenon36)
5.046: (turn_to satellite0 planet48 phenomenon36)
5.046: (turn_to satellite0 star44 phenomenon36)
5.090: (turn_to satellite0 phenomenon39 planet33)
5.090: (turn_to satellite0 phenomenon40 planet33)
5.090: (turn_to satellite0 phenomenon37 planet33)
5.122: (turn_to satellite0 star44 planet35)
5.127: (turn_to satellite0 star44 planet48)
5.127: (turn_to satellite0 planet35 planet48)
5.127: (turn_to satellite0 phenomenon36 planet48)
4.402: (take_image satellite0 phenomenon36 instrument0 infrared2)
4.501: (take_image satellite0 planet35 instrument0 infrared2)
4.508: (take_image satellite0 star44 instrument0 infrared2)
4.535: (take_image satellite0 star44 instrument0 infrared2)
4.547: (take_image satellite0 planet48 instrument0 infrared2)
4.563: (take_image satellite0 phenomenon37 instrument0 infrared2)
4.565: (take_image satellite0 planet35 instrument0 infrared2)
4.575: (take_image satellite0 star44 instrument0 infrared2)
4.600: (take_image satellite0 phenomenon39 instrument0 infrared2)
4.622: (take_image satellite0 phenomenon40 instrument0 infrared2)
3.890: (turn_to satellite0 phenomenon37 phenomenon39)
3.897: (turn_to satellite0 phenomenon40 phenomenon39)
3.900: (turn_to satellite0 phenomenon39 phenomenon40)
3.900: (turn_to satellite0 phenomenon37 phenomenon40)
3.931: (turn_to satellite0 planet48 planet35)
3.931: (turn_to satellite0 star44 planet35)
3.974: (turn_to satellite0 star44 planet35)
3.983: (turn_to satellite0 phenomenon39 phenomenon37)
3.983: (turn_to satellite0 phenomenon40 phenomenon37)
3.993: (turn_to satellite0 phenomenon36 planet35)
3.287: (take_image satellite0 phenomenon36 instrument0 infrared2)
3.290: (take_image satellite0 phenomenon40 instrument0 infrared2)
3.364: (take_image satellite0 star44 instrument0 infrared2)
3.399: (take_image satellite0 phenomenon40 instrument0 infrared2)
3.400: (take_image satellite0 phenomenon39 instrument0 infrared2)
3.419: (take_image satellite0 star44 instrument0 infrared2)
3.434: (take_image satellite0 phenomenon37 instrument0 infrared2)
3.437: (take_image satellite0 phenomenon39 instrument0 infrared2)
3.466: (take_image satellite0 phenomenon37 instrument0 infrared2)
3.493: (take_image satellite0 planet48 instrument0 infrared2)
2.644: (turn_to satellite0 star44 planet48)
2.689: (turn_to satellite0 phenomenon39 phenomenon37)
2.753: (turn_to satellite0 phenomenon36 star44)
2.762: (turn_to satellite0 phenomenon39 phenomenon40)
2.789: (turn_to satellite0 phenomenon37 phenomenon40)
2.806: (turn_to satellite0 phenomenon40 phenomenon37)
2.823: (turn_to satellite0 planet48 star44)
2.823: (turn_to satellite0 star44 phenomenon36)
2.832: (turn_to satellite0 phenomenon37 phenomenon39)
2.864: (turn_to satellite0 phenomenon40 phenomenon39)
2.145: (take_image satellite0 phenomenon39 instrument0 infrared2)
2.182: (take_image satellite0 phenomenon36 instrument0 infrared2)
2.190: (take_image satellite0 star44 instrument0 infrared2)
2.245: (take_image satellite0 planet48 instrument0 infrared2)
2.245: (take_image satellite0 phenomenon40 instrument0 infrared2)
2.307: (take_image satellite0 phenomenon37 instrument0 infrared2)
2.801: (take_image satellite1 planet38 instrument2 spectrograph1)
2.808: (take_image satellite1 planet38 instrument2 image3)
2.813: (take_image satellite1 planet38 instrument2 image3)
2.818: (take_image satellite1 planet38 instrument2 spectrograph1)
1.882: (turn_to satellite0 planet38 phenomenon37)
1.896: (turn_to satellite0 planet38 phenomenon36)
1.909: (turn_to satellite0 planet38 star44)
1.912: (turn_to satellite0 planet38 phenomenon39)
1.942: (turn_to satellite0 planet38 planet48)
1.968: (turn_to satellite0 planet38 phenomenon40)
2.056: (turn_to satellite0 star32 phenomenon37)
2.056: (turn_to satellite0 phenomenon43 phenomenon37)
2.056: (turn_to satellite0 phenomenon45 phenomenon37)
2.056: (turn_to satellite0 phenomenon46 phenomenon37)
1.541: (take_image satellite0 planet38 instrument0 infrared0)
1.977: (switch_on instrument4 satellite2)
1.980: (take_image satellite0 planet38 instrument0 image3)
1.996: (take_image satellite1 planet38 instrument2 spectrograph1)
1.997: (take_image satellite1 planet38 instrument2 image3)
1.998: (take_image satellite0 planet38 instrument0 infrared2)
2.105: (take_image satellite0 star32 instrument0 infrared2)
2.108: (turn_to satellite0 phenomenon49 star32)
2.115: (turn_to satellite1 star32 planet38)
2.121: (turn_to satellite1 phenomenon43 planet38)
0.597: (turn_to satellite0 star28 planet38)
[Final] Expanded: 455, Generated: 71780
Found a solution of length 49!
   1: (switch_on instrument0 satellite0)
   2: (turn_to satellite0 star5 groundstation0)
   3: (calibrate satellite0 instrument0 star5)
   4: (turn_to satellite0 phenomenon34 star5)
   5: (take_image satellite0 phenomenon34 instrument0 infrared2)
   6: (turn_to satellite2 groundstation11 star24)
   7: (switch_on instrument2 satellite1)
   8: (turn_to satellite1 groundstation22 star6)
   9: (calibrate satellite1 instrument2 groundstation22)
  10: (turn_to satellite1 star30 groundstation22)
  11: (take_image satellite1 star30 instrument2 spectrograph1)
  12: (turn_to satellite1 planet31 star30)
  13: (take_image satellite1 planet31 instrument2 spectrograph1)
  14: (turn_to satellite1 planet42 planet31)
  15: (turn_to satellite0 phenomenon49 phenomenon34)
  16: (take_image satellite0 phenomenon49 instrument0 infrared0)
  17: (take_image satellite1 planet42 instrument2 image3)
  18: (turn_to satellite1 phenomenon41 planet42)
  19: (turn_to satellite0 phenomenon43 phenomenon49)
  20: (take_image satellite0 phenomenon43 instrument0 infrared0)
  21: (take_image satellite1 phenomenon41 instrument2 image3)
  22: (turn_to satellite1 planet38 phenomenon41)
  23: (turn_to satellite0 star32 phenomenon43)
  24: (take_image satellite0 star32 instrument0 infrared0)
  25: (turn_to satellite0 phenomenon46 star32)
  26: (take_image satellite0 phenomenon46 instrument0 infrared0)
  27: (turn_to satellite0 phenomenon45 phenomenon46)
  28: (take_image satellite0 phenomenon45 instrument0 infrared0)
  29: (turn_to satellite0 planet47 phenomenon45)
  30: (take_image satellite0 planet47 instrument0 infrared2)
  31: (turn_to satellite0 phenomenon36 planet47)
  32: (take_image satellite0 phenomenon36 instrument0 infrared2)
  33: (turn_to satellite0 planet48 phenomenon36)
  34: (take_image satellite0 planet48 instrument0 infrared2)
  35: (turn_to satellite0 planet35 planet48)
  36: (take_image satellite0 planet35 instrument0 infrared2)
  37: (turn_to satellite0 star44 planet35)
  38: (take_image satellite0 star44 instrument0 infrared2)
  39: (turn_to satellite0 planet33 star44)
  40: (take_image satellite0 planet33 instrument0 infrared2)
  41: (turn_to satellite0 phenomenon39 planet33)
  42: (take_image satellite0 phenomenon39 instrument0 infrared2)
  43: (turn_to satellite0 phenomenon40 phenomenon39)
  44: (take_image satellite0 phenomenon40 instrument0 infrared2)
  45: (turn_to satellite0 phenomenon37 phenomenon40)
  46: (take_image satellite0 phenomenon37 instrument0 infrared2)
  47: (turn_to satellite0 planet38 phenomenon37)
  48: (take_image satellite0 planet38 instrument0 infrared0)
  49: (turn_to satellite0 star28 planet38)
