/u/ibrahim.eisawy/Neural-Guided-Search/venv/lib/python3.10/site-packages/pymimir_rgnn/model.py:151: UserWarning: index_reduce() is in beta and the API may change at any time. (Triggered internally at /pytorch/aten/src/ATen/native/cuda/Indexing.cu:1541.)
  max_msg.index_reduce_(0, output_indices, output_messages, reduce='amax', include_self=True)
Torch: 2.12.0+cu130
Using GPU:  NVIDIA L40S
52.333: (switch_on instrument9 satellite3)
53.364: (switch_on instrument8 satellite3)
53.621: (switch_on instrument4 satellite2)
54.442: (switch_on instrument1 satellite0)
55.251: (switch_on instrument7 satellite3)
55.798: (switch_on instrument10 satellite3)
56.041: (switch_on instrument6 satellite2)
56.120: (switch_on instrument3 satellite1)
56.710: (turn_to satellite1 star0 phenomenon52)
56.989: (turn_to satellite2 star0 groundstation3)
47.800: (calibrate satellite0 instrument1 groundstation27)
48.268: (switch_on instrument9 satellite3)
48.443: (switch_on instrument1 satellite0)
50.110: (switch_on instrument9 satellite3)
50.345: (switch_on instrument3 satellite1)
50.391: (switch_on instrument1 satellite0)
50.546: (switch_on instrument8 satellite3)
50.642: (switch_on instrument1 satellite0)
50.768: (turn_to satellite3 groundstation22 star24)
50.796: (turn_to satellite3 star7 star24)
41.967: (calibrate satellite0 instrument1 groundstation27)
42.004: (calibrate satellite3 instrument8 star7)
42.035: (switch_on instrument9 satellite3)
42.099: (calibrate satellite3 instrument8 groundstation22)
43.622: (calibrate satellite0 instrument1 groundstation27)
43.735: (switch_on instrument8 satellite3)
44.003: (switch_on instrument4 satellite2)
44.083: (calibrate satellite0 instrument1 groundstation27)
45.621: (switch_on instrument7 satellite3)
46.243: (switch_on instrument10 satellite3)
39.651: (switch_on instrument1 satellite0)
39.684: (switch_on instrument1 satellite0)
40.456: (switch_on instrument3 satellite1)
40.570: (switch_on instrument3 satellite1)
41.313: (turn_to satellite3 planet63 star7)
41.373: (turn_to satellite1 groundstation32 phenomenon52)
41.376: (turn_to satellite1 groundstation25 phenomenon52)
41.394: (turn_to satellite3 planet63 groundstation22)
41.398: (turn_to satellite0 groundstation22 groundstation27)
41.415: (turn_to satellite3 phenomenon54 star7)
34.280: (calibrate satellite0 instrument1 groundstation27)
34.325: (calibrate satellite0 instrument1 groundstation27)
39.030: (turn_to satellite3 planet63 groundstation22)
39.063: (turn_to satellite3 planet63 star7)
39.103: (turn_to satellite3 star59 groundstation22)
39.105: (turn_to satellite3 phenomenon54 groundstation22)
39.110: (turn_to satellite3 planet43 groundstation22)
39.113: (turn_to satellite3 phenomenon60 groundstation22)
39.113: (turn_to satellite3 planet56 groundstation22)
39.113: (turn_to satellite3 planet55 groundstation22)
33.161: (calibrate satellite0 instrument1 groundstation27)
33.501: (turn_to satellite3 planet63 star7)
33.509: (turn_to satellite0 planet63 groundstation27)
33.511: (calibrate satellite0 instrument1 groundstation27)
33.547: (turn_to satellite0 planet63 groundstation27)
33.570: (calibrate satellite0 instrument1 groundstation27)
33.570: (calibrate satellite0 instrument1 groundstation27)
33.576: (turn_to satellite0 star59 groundstation27)
33.582: (turn_to satellite0 planet42 groundstation27)
33.582: (turn_to satellite3 planet63 groundstation22)
32.559: (take_image satellite3 planet55 instrument8 infrared2)
32.723: (take_image satellite3 phenomenon60 instrument8 infrared2)
32.738: (take_image satellite3 planet56 instrument8 infrared2)
32.744: (take_image satellite3 planet43 instrument8 image4)
32.815: (turn_to satellite3 planet63 star7)
32.853: (turn_to satellite0 planet63 groundstation27)
32.873: (turn_to satellite0 star57 groundstation27)
32.885: (turn_to satellite0 star59 groundstation27)
32.892: (turn_to satellite0 star45 groundstation27)
32.894: (turn_to satellite0 star47 groundstation27)
31.877: (turn_to satellite3 planet63 planet56)
31.901: (turn_to satellite3 planet63 phenomenon60)
31.938: (turn_to satellite3 planet63 planet55)
31.956: (turn_to satellite3 planet51 planet56)
31.956: (turn_to satellite3 phenomenon48 planet56)
31.956: (turn_to satellite3 star47 planet56)
31.960: (turn_to satellite0 planet63 groundstation27)
31.963: (turn_to satellite3 planet64 planet56)
31.963: (turn_to satellite3 phenomenon62 planet56)
31.963: (turn_to satellite3 phenomenon61 planet56)
30.972: (take_image satellite3 planet63 instrument8 infrared3)
30.997: (turn_to satellite0 planet63 groundstation27)
31.042: (take_image satellite3 planet63 instrument8 infrared3)
31.047: (take_image satellite3 planet64 instrument8 infrared2)
31.071: (take_image satellite3 planet63 instrument8 infrared3)
31.076: (turn_to satellite0 phenomenon52 groundstation27)
31.086: (turn_to satellite0 planet51 groundstation27)
31.086: (turn_to satellite0 star47 groundstation27)
31.086: (turn_to satellite0 phenomenon48 groundstation27)
31.108: (turn_to satellite0 planet46 groundstation27)
30.363: (turn_to satellite3 star45 planet63)
30.363: (turn_to satellite3 star57 planet63)
30.370: (turn_to satellite3 phenomenon52 planet63)
30.375: (turn_to satellite3 star47 planet63)
30.375: (turn_to satellite3 phenomenon48 planet63)
30.375: (turn_to satellite3 planet51 planet63)
30.391: (turn_to satellite3 star44 planet63)
30.391: (turn_to satellite3 phenomenon58 planet63)
30.391: (turn_to satellite3 planet56 planet63)
30.391: (turn_to satellite3 phenomenon41 planet63)
29.508: (take_image satellite3 phenomenon52 instrument8 infrared2)
29.577: (take_image satellite3 star44 instrument8 infrared2)
29.782: (turn_to satellite1 star21 phenomenon52)
29.791: (take_image satellite3 phenomenon58 instrument8 infrared2)
29.801: (turn_to satellite1 groundstation6 phenomenon52)
29.805: (turn_to satellite1 star21 phenomenon52)
29.811: (turn_to satellite1 groundstation6 phenomenon52)
29.822: (turn_to satellite1 star7 phenomenon52)
29.831: (turn_to satellite1 groundstation22 phenomenon52)
29.832: (turn_to satellite1 star7 phenomenon52)
28.991: (turn_to satellite3 star57 phenomenon52)
28.991: (turn_to satellite3 star45 phenomenon52)
29.008: (turn_to satellite3 phenomenon48 phenomenon52)
29.008: (turn_to satellite3 star47 phenomenon52)
29.008: (turn_to satellite3 planet51 phenomenon52)
29.012: (take_image satellite3 phenomenon58 instrument8 infrared2)
29.016: (turn_to satellite3 planet40 phenomenon52)
29.025: (turn_to satellite3 star59 phenomenon52)
29.030: (turn_to satellite3 phenomenon49 phenomenon52)
29.030: (turn_to satellite3 phenomenon54 phenomenon52)
27.661: (take_image satellite3 planet40 instrument8 image4)
27.935: (take_image satellite3 star59 instrument8 image4)
27.973: (take_image satellite3 phenomenon54 instrument8 image4)
28.117: (take_image satellite3 phenomenon49 instrument8 image4)
28.381: (turn_to satellite0 phenomenon48 groundstation27)
28.381: (turn_to satellite0 star47 groundstation27)
28.381: (turn_to satellite0 planet51 groundstation27)
28.394: (turn_to satellite0 phenomenon48 groundstation27)
28.394: (turn_to satellite0 star47 groundstation27)
28.394: (turn_to satellite0 planet51 groundstation27)
27.154: (turn_to satellite3 star45 phenomenon54)
27.155: (turn_to satellite3 star47 star59)
27.155: (turn_to satellite3 phenomenon48 star59)
27.155: (turn_to satellite3 star57 phenomenon54)
27.159: (turn_to satellite3 star45 star59)
27.168: (turn_to satellite3 planet51 star59)
27.169: (turn_to satellite3 star57 planet40)
27.169: (turn_to satellite3 star45 planet40)
27.170: (turn_to satellite3 star57 star59)
27.177: (turn_to satellite3 planet51 phenomenon54)
26.450: (turn_to satellite0 star57 groundstation27)
26.481: (turn_to satellite0 star45 groundstation27)
26.523: (turn_to satellite0 star47 groundstation27)
26.523: (turn_to satellite0 phenomenon48 groundstation27)
26.523: (turn_to satellite0 planet51 groundstation27)
26.553: (turn_to satellite2 groundstation22 groundstation3)
26.553: (turn_to satellite0 phenomenon48 groundstation27)
26.553: (turn_to satellite0 star47 groundstation27)
26.553: (turn_to satellite0 planet51 groundstation27)
26.564: (turn_to satellite0 phenomenon54 groundstation27)
25.447: (take_image satellite0 star47 instrument1 spectrograph0)
25.627: (take_image satellite0 phenomenon48 instrument1 spectrograph0)
25.697: (take_image satellite0 planet51 instrument1 spectrograph0)
25.702: (take_image satellite0 star47 instrument1 spectrograph0)
25.707: (take_image satellite0 planet51 instrument1 spectrograph0)
25.719: (take_image satellite0 star57 instrument1 thermograph1)
25.746: (take_image satellite0 star45 instrument1 thermograph1)
25.836: (take_image satellite0 phenomenon48 instrument1 spectrograph0)
25.980: (turn_to satellite2 groundstation27 groundstation3)
25.987: (turn_to satellite2 groundstation33 groundstation3)
24.784: (turn_to satellite0 star45 phenomenon48)
24.855: (turn_to satellite0 planet51 phenomenon48)
24.855: (turn_to satellite0 star47 phenomenon48)
24.888: (turn_to satellite0 planet43 phenomenon48)
24.888: (turn_to satellite0 phenomenon54 phenomenon48)
24.888: (turn_to satellite0 star59 phenomenon48)
24.888: (turn_to satellite0 phenomenon49 phenomenon48)
24.888: (turn_to satellite0 planet46 phenomenon48)
24.888: (turn_to satellite0 planet42 phenomenon48)
24.913: (turn_to satellite0 star47 star57)
24.049: (take_image satellite0 star45 instrument1 thermograph1)
24.055: (take_image satellite0 star47 instrument1 spectrograph0)
24.358: (turn_to satellite1 groundstation27 phenomenon52)
24.398: (turn_to satellite1 groundstation10 phenomenon52)
24.408: (turn_to satellite1 groundstation17 phenomenon52)
24.417: (take_image satellite0 star47 instrument1 spectrograph0)
24.426: (turn_to satellite2 star16 groundstation3)
24.426: (turn_to satellite2 star23 groundstation3)
24.426: (turn_to satellite1 groundstation32 phenomenon52)
24.431: (turn_to satellite1 star31 phenomenon52)
23.446: (take_image satellite0 star47 instrument1 spectrograph0)
23.457: (turn_to satellite0 star47 star45)
23.459: (turn_to satellite0 planet51 star45)
23.466: (turn_to satellite0 phenomenon60 star45)
23.466: (turn_to satellite0 planet56 star45)
23.466: (turn_to satellite0 phenomenon62 star45)
23.466: (turn_to satellite0 phenomenon61 star45)
23.466: (turn_to satellite0 phenomenon58 star45)
23.466: (turn_to satellite0 planet53 star45)
23.467: (turn_to satellite0 planet64 star45)
22.676: (turn_to satellite1 groundstation10 phenomenon52)
22.684: (turn_to satellite1 groundstation27 phenomenon52)
22.686: (turn_to satellite2 groundstation27 groundstation3)
22.706: (turn_to satellite1 groundstation17 phenomenon52)
22.718: (turn_to satellite1 star24 phenomenon52)
22.718: (take_image satellite0 planet51 instrument1 spectrograph0)
22.718: (turn_to satellite1 star31 phenomenon52)
22.718: (turn_to satellite1 star2 phenomenon52)
22.724: (turn_to satellite1 groundstation32 phenomenon52)
22.729: (turn_to satellite2 groundstation27 groundstation3)
21.936: (turn_to satellite0 star47 planet51)
22.008: (turn_to satellite0 star59 planet51)
22.008: (turn_to satellite0 planet42 planet51)
22.008: (turn_to satellite0 planet43 planet51)
22.008: (turn_to satellite0 phenomenon54 planet51)
22.008: (turn_to satellite0 phenomenon49 planet51)
22.008: (turn_to satellite0 planet46 planet51)
22.262: (turn_to satellite0 phenomenon58 planet51)
22.262: (turn_to satellite0 planet50 planet51)
22.262: (turn_to satellite0 planet64 planet51)
20.936: (take_image satellite0 star47 instrument1 spectrograph0)
21.369: (turn_to satellite1 groundstation10 phenomenon52)
21.376: (turn_to satellite2 groundstation27 groundstation3)
21.382: (turn_to satellite1 groundstation27 phenomenon52)
21.403: (turn_to satellite1 groundstation17 phenomenon52)
21.415: (turn_to satellite1 star24 phenomenon52)
21.415: (turn_to satellite1 star2 phenomenon52)
21.415: (turn_to satellite1 star31 phenomenon52)
21.419: (turn_to satellite1 groundstation32 phenomenon52)
21.422: (turn_to satellite1 groundstation10 phenomenon52)
20.257: (turn_to satellite0 planet56 star47)
20.257: (turn_to satellite0 phenomenon62 star47)
20.257: (turn_to satellite0 phenomenon60 star47)
20.257: (turn_to satellite0 phenomenon58 star47)
20.257: (turn_to satellite0 phenomenon61 star47)
20.257: (turn_to satellite0 planet64 star47)
20.258: (turn_to satellite0 planet50 star47)
20.258: (turn_to satellite0 planet53 star47)
20.260: (turn_to satellite0 phenomenon41 star47)
20.260: (turn_to satellite0 star44 star47)
19.543: (turn_to satellite2 groundstation27 groundstation3)
19.556: (turn_to satellite1 groundstation27 phenomenon52)
19.562: (turn_to satellite1 groundstation27 phenomenon52)
19.583: (turn_to satellite2 groundstation27 groundstation3)
19.596: (turn_to satellite1 groundstation17 phenomenon52)
19.607: (turn_to satellite1 groundstation17 phenomenon52)
19.611: (turn_to satellite1 star24 phenomenon52)
19.611: (turn_to satellite1 star31 phenomenon52)
19.611: (turn_to satellite1 star2 phenomenon52)
19.616: (turn_to satellite1 groundstation10 phenomenon52)
19.359: (turn_to satellite2 star21 groundstation3)
19.374: (turn_to satellite2 star21 groundstation3)
19.443: (turn_to satellite2 groundstation6 groundstation3)
19.448: (turn_to satellite2 groundstation22 groundstation3)
19.465: (turn_to satellite2 groundstation6 groundstation3)
19.503: (turn_to satellite2 star7 groundstation3)
19.531: (turn_to satellite2 star2 groundstation3)
19.558: (turn_to satellite2 groundstation27 groundstation3)
19.570: (turn_to satellite2 groundstation38 groundstation3)
19.580: (turn_to satellite0 phenomenon54 star44)
19.256: (turn_to satellite1 star21 star2)
19.323: (turn_to satellite1 groundstation6 star2)
19.330: (turn_to satellite1 groundstation22 star2)
19.370: (turn_to satellite2 star21 groundstation3)
19.441: (turn_to satellite2 groundstation6 groundstation3)
19.450: (turn_to satellite2 groundstation22 groundstation3)
19.484: (turn_to satellite2 star7 groundstation3)
19.489: (turn_to satellite2 star2 groundstation3)
19.498: (turn_to satellite1 groundstation39 star2)
19.504: (turn_to satellite1 star7 star2)
19.279: (turn_to satellite1 star21 star2)
19.366: (turn_to satellite1 groundstation6 star2)
19.419: (turn_to satellite1 groundstation3 star7)
19.419: (turn_to satellite1 groundstation13 star7)
19.432: (turn_to satellite1 groundstation3 groundstation39)
19.432: (turn_to satellite1 groundstation13 groundstation39)
19.455: (turn_to satellite1 groundstation27 star7)
19.461: (turn_to satellite2 star24 groundstation27)
19.462: (turn_to satellite2 star2 groundstation27)
19.462: (turn_to satellite2 star31 groundstation27)
19.306: (turn_to satellite1 star21 star7)
19.403: (turn_to satellite1 groundstation6 star7)
19.439: (turn_to satellite0 planet50 star44)
19.439: (turn_to satellite0 phenomenon41 star44)
19.453: (turn_to satellite1 groundstation22 star7)
19.470: (turn_to satellite0 planet46 star44)
19.470: (turn_to satellite0 phenomenon49 star44)
19.470: (turn_to satellite0 planet43 star44)
19.470: (turn_to satellite0 planet42 star44)
19.536: (turn_to satellite0 planet64 star44)
19.334: (turn_to satellite1 star21 star7)
19.346: (turn_to satellite1 star21 star7)
19.351: (turn_to satellite1 star21 star7)
19.410: (turn_to satellite1 groundstation22 star7)
19.414: (turn_to satellite1 groundstation6 star7)
19.428: (turn_to satellite1 groundstation6 star7)
19.431: (turn_to satellite1 groundstation6 star7)
19.448: (turn_to satellite1 groundstation22 star7)
19.461: (turn_to satellite2 star24 star31)
19.461: (turn_to satellite2 star2 star31)
19.334: (turn_to satellite1 star21 star7)
19.359: (turn_to satellite1 star21 star7)
19.404: (turn_to satellite2 groundstation27 star31)
19.410: (turn_to satellite1 groundstation22 star7)
19.414: (turn_to satellite1 groundstation6 star7)
19.416: (turn_to satellite2 groundstation33 star31)
19.439: (turn_to satellite2 star23 star31)
19.442: (turn_to satellite1 groundstation6 star7)
19.451: (turn_to satellite0 planet53 planet42)
19.451: (turn_to satellite0 phenomenon41 planet42)
19.335: (turn_to satellite1 star21 groundstation22)
19.338: (turn_to satellite0 phenomenon41 planet64)
19.338: (turn_to satellite0 star44 planet64)
19.338: (turn_to satellite0 planet50 planet64)
19.359: (turn_to satellite1 star21 groundstation22)
19.366: (turn_to satellite0 planet43 planet64)
19.366: (turn_to satellite0 phenomenon49 planet64)
19.366: (turn_to satellite0 planet46 planet64)
19.366: (turn_to satellite0 planet42 planet64)
19.409: (turn_to satellite0 planet56 phenomenon41)
19.279: (turn_to satellite1 star21 groundstation6)
19.334: (turn_to satellite1 star21 groundstation22)
19.351: (turn_to satellite1 star21 groundstation6)
19.402: (turn_to satellite0 planet53 planet46)
19.402: (turn_to satellite0 planet56 planet46)
19.402: (turn_to satellite0 phenomenon58 planet46)
19.402: (turn_to satellite0 phenomenon60 planet46)
19.402: (turn_to satellite0 phenomenon61 planet46)
19.402: (turn_to satellite0 phenomenon62 planet46)
19.402: (turn_to satellite2 groundstation27 star24)
19.306: (turn_to satellite1 star21 groundstation6)
19.359: (turn_to satellite1 star21 groundstation6)
19.361: (turn_to satellite1 star21 groundstation6)
19.372: (turn_to satellite2 groundstation27 star24)
19.386: (turn_to satellite0 planet50 planet42)
19.386: (turn_to satellite0 planet53 planet42)
19.386: (turn_to satellite0 phenomenon41 planet42)
19.386: (turn_to satellite0 planet64 planet42)
19.386: (turn_to satellite0 phenomenon62 planet42)
19.386: (turn_to satellite0 planet56 planet42)
19.326: (turn_to satellite1 star21 groundstation6)
19.330: (turn_to satellite1 groundstation22 groundstation6)
19.343: (turn_to satellite2 star16 groundstation27)
19.349: (turn_to satellite1 star21 groundstation6)
19.372: (turn_to satellite2 star4 groundstation27)
19.376: (turn_to satellite0 phenomenon61 planet56)
19.376: (turn_to satellite0 phenomenon60 planet56)
19.376: (turn_to satellite0 phenomenon58 planet56)
19.398: (turn_to satellite0 phenomenon58 planet64)
19.398: (turn_to satellite0 phenomenon60 planet64)
19.326: (turn_to satellite1 star21 groundstation6)
19.330: (turn_to satellite1 groundstation22 groundstation6)
19.343: (turn_to satellite2 star16 groundstation27)
19.372: (turn_to satellite2 star4 groundstation27)
19.403: (turn_to satellite2 star31 groundstation27)
19.403: (turn_to satellite2 star2 groundstation27)
19.404: (turn_to satellite2 groundstation33 groundstation27)
19.410: (turn_to satellite2 star23 groundstation27)
19.425: (turn_to satellite2 groundstation10 groundstation27)
19.430: (turn_to satellite2 groundstation17 groundstation27)
19.315: (turn_to satellite1 star21 groundstation6)
19.335: (turn_to satellite1 groundstation22 groundstation6)
19.353: (turn_to satellite1 star21 groundstation6)
19.393: (turn_to satellite1 star21 groundstation6)
19.431: (turn_to satellite2 groundstation32 star23)
19.442: (turn_to satellite2 groundstation32 groundstation10)
19.444: (turn_to satellite0 planet64 phenomenon58)
19.444: (turn_to satellite0 phenomenon62 phenomenon58)
19.444: (turn_to satellite0 phenomenon61 phenomenon58)
19.444: (turn_to satellite0 phenomenon41 phenomenon58)
19.337: (turn_to satellite1 star21 groundstation6)
19.368: (turn_to satellite0 planet50 phenomenon61)
19.368: (turn_to satellite0 star44 phenomenon61)
19.375: (turn_to satellite1 star21 groundstation6)
19.410: (turn_to satellite2 star31 groundstation17)
19.410: (turn_to satellite2 star2 groundstation17)
19.413: (turn_to satellite0 planet43 phenomenon61)
19.413: (turn_to satellite0 planet42 phenomenon61)
19.413: (turn_to satellite0 planet46 phenomenon61)
19.413: (turn_to satellite0 phenomenon49 phenomenon61)
19.324: (turn_to satellite1 star21 groundstation6)
19.380: (turn_to satellite1 star21 groundstation6)
19.402: (turn_to satellite2 groundstation27 groundstation17)
19.402: (turn_to satellite1 star21 groundstation6)
19.427: (turn_to satellite2 groundstation27 groundstation17)
19.428: (turn_to satellite2 star2 groundstation17)
19.428: (turn_to satellite2 star31 groundstation17)
19.429: (turn_to satellite0 planet56 planet42)
19.429: (turn_to satellite0 planet53 planet42)
19.429: (turn_to satellite0 phenomenon60 planet42)
19.337: (turn_to satellite1 star21 groundstation6)
19.353: (turn_to satellite1 star21 groundstation6)
19.375: (turn_to satellite1 star21 groundstation6)
19.410: (turn_to satellite2 star31 groundstation17)
19.410: (turn_to satellite2 star2 groundstation17)
19.414: (turn_to satellite2 star2 groundstation17)
19.414: (turn_to satellite2 star31 groundstation17)
19.416: (turn_to satellite2 star23 groundstation17)
19.416: (turn_to satellite2 star16 groundstation17)
19.421: (turn_to satellite2 star16 groundstation17)
19.315: (turn_to satellite1 star21 groundstation6)
19.335: (turn_to satellite1 groundstation22 groundstation6)
19.342: (turn_to satellite1 star21 groundstation6)
19.366: (turn_to satellite1 star21 groundstation6)
19.372: (turn_to satellite2 star4 star23)
19.404: (turn_to satellite2 groundstation33 star23)
19.416: (turn_to satellite0 phenomenon61 planet53)
19.416: (turn_to satellite0 planet50 planet53)
19.416: (turn_to satellite0 phenomenon41 planet53)
19.416: (turn_to satellite0 star44 planet53)
19.315: (turn_to satellite1 star21 groundstation6)
19.335: (turn_to satellite1 groundstation22 groundstation6)
19.342: (turn_to satellite1 star21 groundstation6)
19.366: (turn_to satellite1 star21 groundstation6)
19.372: (turn_to satellite2 star4 star16)
19.403: (turn_to satellite2 star31 star16)
19.403: (turn_to satellite2 star2 star16)
19.404: (turn_to satellite2 groundstation33 star16)
19.410: (turn_to satellite2 star23 star16)
19.414: (turn_to satellite2 star2 star16)
19.300: (turn_to satellite1 groundstation22 groundstation6)
19.305: (turn_to satellite1 star21 groundstation6)
19.334: (turn_to satellite1 star21 groundstation6)
19.366: (turn_to satellite1 star21 groundstation6)
19.410: (turn_to satellite1 groundstation22 groundstation6)
19.415: (turn_to satellite0 planet56 star44)
19.415: (turn_to satellite0 phenomenon62 star44)
19.415: (turn_to satellite0 phenomenon61 star44)
19.416: (turn_to satellite0 planet56 planet50)
19.416: (turn_to satellite0 star44 planet50)
19.306: (turn_to satellite1 star21 groundstation6)
19.342: (turn_to satellite1 star21 groundstation6)
19.366: (turn_to satellite1 star21 groundstation6)
19.366: (turn_to satellite0 phenomenon49 phenomenon61)
19.366: (turn_to satellite0 planet43 phenomenon61)
19.366: (turn_to satellite0 planet42 phenomenon61)
19.389: (turn_to satellite2 star4 star2)
19.410: (turn_to satellite2 star31 star23)
19.416: (turn_to satellite2 star16 star23)
19.416: (turn_to satellite0 phenomenon41 planet56)
19.342: (turn_to satellite1 star21 groundstation6)
19.366: (turn_to satellite1 star21 groundstation6)
19.366: (turn_to satellite0 phenomenon49 planet56)
19.421: (turn_to satellite0 phenomenon62 planet56)
19.421: (turn_to satellite0 phenomenon62 phenomenon41)
19.421: (turn_to satellite0 phenomenon61 phenomenon41)
19.421: (turn_to satellite0 phenomenon60 phenomenon41)
19.426: (turn_to satellite0 planet64 phenomenon41)
19.427: (turn_to satellite2 star4 star16)
19.433: (turn_to satellite2 groundstation33 star16)
19.315: (turn_to satellite1 star21 groundstation6)
19.335: (turn_to satellite1 groundstation22 groundstation6)
19.348: (turn_to satellite1 star21 groundstation6)
19.404: (turn_to satellite2 groundstation33 star23)
19.427: (turn_to satellite0 phenomenon62 planet56)
19.427: (turn_to satellite0 phenomenon41 planet56)
19.427: (turn_to satellite0 star44 planet56)
19.427: (turn_to satellite0 phenomenon60 planet56)
19.430: (turn_to satellite1 groundstation22 groundstation6)
19.431: (turn_to satellite2 groundstation32 star23)
19.398: (turn_to satellite0 planet42 phenomenon60)
19.398: (turn_to satellite0 planet43 phenomenon60)
19.398: (turn_to satellite0 planet46 phenomenon60)
19.398: (turn_to satellite0 phenomenon49 phenomenon60)
19.417: (turn_to satellite2 star24 groundstation33)
19.417: (turn_to satellite2 star2 groundstation33)
19.418: (turn_to satellite2 groundstation27 groundstation33)
19.428: (turn_to satellite3 phenomenon49 star57)
19.428: (turn_to satellite3 planet46 star57)
19.428: (turn_to satellite3 phenomenon54 star57)
19.111: (take_image satellite3 phenomenon49 instrument8 image4)
19.171: (take_image satellite3 phenomenon54 instrument8 image4)
19.171: (take_image satellite3 planet46 instrument8 image4)
19.417: (turn_to satellite2 groundstation27 groundstation32)
19.421: (turn_to satellite2 star4 groundstation32)
19.424: (turn_to satellite2 groundstation27 groundstation32)
19.428: (turn_to satellite0 phenomenon58 planet64)
19.428: (turn_to satellite0 phenomenon62 planet64)
19.428: (turn_to satellite0 phenomenon41 planet64)
19.428: (turn_to satellite0 phenomenon61 planet64)
18.545: (turn_to satellite3 star57 phenomenon49)
18.547: (turn_to satellite3 star57 planet46)
18.592: (turn_to satellite3 star57 phenomenon54)
18.610: (turn_to satellite3 phenomenon49 planet46)
18.610: (turn_to satellite3 phenomenon54 planet46)
18.610: (turn_to satellite3 planet43 planet46)
18.610: (turn_to satellite3 planet42 planet46)
18.611: (turn_to satellite3 star59 planet46)
18.616: (turn_to satellite3 phenomenon60 phenomenon49)
18.616: (turn_to satellite3 phenomenon61 phenomenon49)
17.827: (take_image satellite3 star59 instrument8 image4)
17.833: (take_image satellite3 phenomenon61 instrument8 infrared2)
17.834: (take_image satellite3 phenomenon60 instrument8 infrared2)
17.952: (take_image satellite3 phenomenon49 instrument8 image4)
17.997: (take_image satellite3 phenomenon54 instrument8 image4)
18.071: (take_image satellite3 planet42 instrument8 image4)
18.125: (turn_to satellite3 planet43 phenomenon61)
18.125: (turn_to satellite3 star59 phenomenon61)
18.125: (turn_to satellite3 phenomenon54 phenomenon61)
18.125: (turn_to satellite3 planet42 phenomenon61)
17.210: (turn_to satellite3 star57 phenomenon60)
17.211: (turn_to satellite3 star57 planet42)
17.234: (turn_to satellite3 star57 phenomenon49)
17.239: (turn_to satellite3 star57 star59)
17.251: (turn_to satellite3 planet42 phenomenon60)
17.251: (turn_to satellite3 planet43 phenomenon60)
17.251: (turn_to satellite3 planet46 phenomenon60)
17.251: (turn_to satellite3 phenomenon54 phenomenon60)
17.251: (turn_to satellite3 star59 phenomenon60)
17.278: (turn_to satellite3 star57 phenomenon61)
16.537: (take_image satellite3 phenomenon54 instrument8 image4)
16.569: (take_image satellite3 star59 instrument8 image4)
16.702: (take_image satellite3 planet42 instrument8 image4)
16.777: (turn_to satellite2 groundstation27 groundstation32)
16.781: (take_image satellite3 planet46 instrument8 image4)
16.803: (turn_to satellite2 star31 groundstation32)
16.803: (turn_to satellite2 star2 groundstation32)
16.803: (turn_to satellite2 star24 groundstation32)
16.809: (turn_to satellite2 star23 groundstation32)
16.809: (turn_to satellite2 star16 groundstation32)
15.914: (turn_to satellite3 star57 planet42)
15.923: (turn_to satellite3 star57 phenomenon54)
15.965: (turn_to satellite3 star59 planet42)
15.966: (turn_to satellite3 phenomenon54 planet42)
15.967: (turn_to satellite3 planet46 planet42)
15.967: (turn_to satellite3 planet43 planet42)
15.969: (turn_to satellite3 star57 star59)
15.985: (turn_to satellite3 phenomenon62 planet42)
15.988: (turn_to satellite3 phenomenon61 planet42)
15.989: (turn_to satellite3 phenomenon58 planet42)
15.213: (take_image satellite3 phenomenon61 instrument8 infrared2)
15.217: (take_image satellite3 phenomenon58 instrument8 infrared2)
15.251: (take_image satellite3 phenomenon62 instrument8 infrared2)
15.325: (take_image satellite3 phenomenon54 instrument8 image4)
15.333: (take_image satellite3 star59 instrument8 image4)
15.440: (take_image satellite3 planet46 instrument8 image4)
15.519: (turn_to satellite0 star57 planet64)
15.522: (turn_to satellite0 planet43 planet64)
15.522: (turn_to satellite0 planet46 planet64)
15.522: (turn_to satellite0 phenomenon54 planet64)
14.576: (turn_to satellite3 star57 phenomenon62)
14.597: (turn_to satellite3 star57 phenomenon54)
14.611: (turn_to satellite3 star57 phenomenon61)
14.612: (turn_to satellite3 star59 phenomenon62)
14.613: (turn_to satellite3 phenomenon54 phenomenon62)
14.620: (turn_to satellite3 planet46 phenomenon62)
14.620: (turn_to satellite3 planet43 phenomenon62)
14.645: (turn_to satellite3 planet43 phenomenon54)
14.645: (turn_to satellite3 planet46 phenomenon54)
14.645: (turn_to satellite3 star59 phenomenon54)
13.929: (take_image satellite3 planet46 instrument8 image4)
13.929: (take_image satellite3 star59 instrument8 image4)
13.957: (take_image satellite3 planet43 instrument8 image4)
14.003: (take_image satellite3 star59 instrument8 image4)
14.106: (take_image satellite3 phenomenon54 instrument8 image4)
14.129: (turn_to satellite2 star24 groundstation32)
14.145: (turn_to satellite2 groundstation27 groundstation32)
14.166: (turn_to satellite2 star4 groundstation32)
14.168: (turn_to satellite2 star2 groundstation32)
14.168: (turn_to satellite2 star31 groundstation32)
13.274: (turn_to satellite3 star57 star59)
13.275: (turn_to satellite3 star57 planet43)
13.297: (turn_to satellite3 star59 planet43)
13.306: (turn_to satellite3 planet46 planet43)
13.313: (turn_to satellite3 star57 planet46)
13.321: (turn_to satellite3 planet43 star59)
13.322: (turn_to satellite3 planet46 star59)
13.322: (turn_to satellite3 phenomenon54 star59)
13.350: (turn_to satellite3 phenomenon41 star59)
13.350: (turn_to satellite3 star44 star59)
12.584: (take_image satellite3 phenomenon41 instrument8 infrared2)
12.591: (take_image satellite3 star44 instrument8 infrared2)
12.665: (take_image satellite3 phenomenon54 instrument8 image4)
12.719: (take_image satellite3 star59 instrument8 image4)
12.807: (take_image satellite3 planet46 instrument8 image4)
12.883: (turn_to satellite0 planet43 planet64)
12.885: (turn_to satellite0 star57 planet64)
12.887: (turn_to satellite0 planet46 planet64)
12.887: (turn_to satellite0 phenomenon54 planet64)
12.902: (turn_to satellite2 star31 groundstation32)
11.958: (turn_to satellite3 star57 phenomenon54)
11.968: (turn_to satellite3 star57 star59)
11.969: (turn_to satellite3 planet46 star59)
11.980: (turn_to satellite3 planet46 phenomenon54)
11.985: (turn_to satellite3 star57 phenomenon41)
11.990: (turn_to satellite3 planet43 phenomenon54)
12.034: (turn_to satellite3 planet53 phenomenon54)
12.034: (turn_to satellite3 planet56 phenomenon54)
12.034: (turn_to satellite3 planet50 phenomenon54)
12.034: (turn_to satellite3 phenomenon58 phenomenon54)
11.247: (take_image satellite3 planet46 instrument8 image4)
11.379: (take_image satellite3 phenomenon58 instrument8 infrared2)
11.379: (take_image satellite3 planet50 instrument8 infrared2)
11.478: (take_image satellite3 planet56 instrument8 infrared2)
11.572: (turn_to satellite0 star57 planet64)
11.581: (turn_to satellite0 planet46 planet64)
11.581: (turn_to satellite0 planet43 planet64)
11.587: (turn_to satellite2 star24 groundstation32)
11.587: (turn_to satellite2 star2 groundstation32)
11.587: (turn_to satellite2 star31 groundstation32)
10.389: (turn_to satellite3 star57 planet46)
10.456: (turn_to satellite3 planet56 planet46)
10.456: (turn_to satellite3 planet53 planet46)
10.456: (turn_to satellite3 planet50 planet46)
10.457: (turn_to satellite3 phenomenon41 planet46)
10.457: (turn_to satellite3 phenomenon58 planet46)
10.459: (turn_to satellite3 star44 planet46)
10.467: (turn_to satellite3 phenomenon61 planet46)
10.467: (turn_to satellite3 phenomenon62 planet46)
10.708: (turn_to satellite3 star57 planet50)
9.905: (take_image satellite3 phenomenon62 instrument8 infrared2)
9.987: (take_image satellite3 planet56 instrument8 infrared2)
9.990: (take_image satellite3 planet53 instrument8 infrared2)
10.026: (take_image satellite3 planet50 instrument8 infrared2)
10.063: (take_image satellite3 phenomenon41 instrument8 infrared2)
10.087: (turn_to satellite0 star57 planet64)
10.088: (turn_to satellite2 groundstation27 groundstation32)
10.090: (take_image satellite3 phenomenon61 instrument8 infrared2)
10.096: (turn_to satellite2 star31 groundstation32)
10.096: (turn_to satellite2 star2 groundstation32)
9.093: (turn_to satellite3 star57 phenomenon61)
9.155: (turn_to satellite3 star57 planet53)
9.205: (turn_to satellite3 phenomenon58 phenomenon61)
9.205: (turn_to satellite3 phenomenon62 phenomenon61)
9.205: (turn_to satellite3 planet56 phenomenon61)
9.205: (turn_to satellite3 planet53 phenomenon61)
9.228: (turn_to satellite3 phenomenon41 phenomenon61)
9.228: (turn_to satellite3 star44 phenomenon61)
9.228: (turn_to satellite3 planet50 phenomenon61)
9.230: (turn_to satellite3 phenomenon61 planet53)
8.769: (take_image satellite3 phenomenon61 instrument8 infrared2)
8.800: (take_image satellite3 phenomenon58 instrument8 infrared2)
8.803: (take_image satellite3 planet50 instrument8 infrared2)
8.854: (take_image satellite3 phenomenon62 instrument8 infrared2)
8.873: (turn_to satellite0 star57 planet64)
8.877: (turn_to satellite0 star57 planet64)
8.903: (turn_to satellite2 star4 groundstation32)
8.904: (turn_to satellite0 planet56 planet64)
8.904: (turn_to satellite0 phenomenon58 planet64)
8.904: (turn_to satellite0 phenomenon62 planet64)
7.987: (turn_to satellite3 star57 phenomenon62)
8.002: (turn_to satellite3 star57 planet50)
8.065: (turn_to satellite3 star44 phenomenon62)
8.065: (turn_to satellite3 planet50 phenomenon62)
8.065: (turn_to satellite3 planet53 phenomenon62)
8.065: (turn_to satellite3 phenomenon41 phenomenon62)
8.065: (turn_to satellite3 phenomenon58 phenomenon62)
8.065: (turn_to satellite3 planet56 phenomenon62)
8.077: (turn_to satellite3 phenomenon41 planet50)
8.077: (turn_to satellite3 star44 planet50)
7.568: (take_image satellite3 star44 instrument8 infrared2)
7.622: (take_image satellite3 phenomenon41 instrument8 infrared2)
7.643: (take_image satellite3 star44 instrument8 infrared2)
7.745: (turn_to satellite0 star57 planet64)
7.770: (turn_to satellite2 star4 groundstation32)
7.771: (turn_to satellite3 planet53 star44)
7.771: (turn_to satellite3 planet56 star44)
7.771: (turn_to satellite3 phenomenon58 star44)
7.771: (turn_to satellite3 phenomenon62 star44)
7.771: (turn_to satellite0 planet56 planet64)
6.892: (turn_to satellite3 star57 star44)
6.942: (turn_to satellite3 star57 star44)
6.943: (turn_to satellite3 phenomenon41 star44)
6.950: (turn_to satellite3 phenomenon58 star44)
6.950: (turn_to satellite3 planet56 star44)
6.950: (turn_to satellite3 planet50 star44)
6.950: (turn_to satellite3 planet53 star44)
6.978: (turn_to satellite3 star57 phenomenon41)
7.014: (turn_to satellite3 phenomenon62 star44)
7.014: (turn_to satellite3 planet56 star44)
6.423: (take_image satellite3 planet56 instrument8 infrared2)
6.452: (take_image satellite3 phenomenon62 instrument8 infrared2)
6.498: (take_image satellite3 phenomenon41 instrument8 infrared2)
6.556: (take_image satellite3 phenomenon58 instrument8 infrared2)
6.612: (turn_to satellite0 star57 planet64)
6.622: (turn_to satellite2 groundstation27 groundstation32)
6.632: (turn_to satellite2 groundstation33 groundstation32)
6.637: (turn_to satellite2 star16 groundstation32)
6.637: (turn_to satellite2 star23 groundstation32)
6.637: (turn_to satellite2 star24 groundstation32)
5.680: (turn_to satellite3 star57 phenomenon58)
5.748: (turn_to satellite3 star57 phenomenon41)
5.758: (turn_to satellite3 planet50 phenomenon58)
5.758: (turn_to satellite3 planet56 phenomenon58)
5.758: (turn_to satellite3 planet53 phenomenon58)
5.758: (turn_to satellite3 phenomenon41 phenomenon58)
5.798: (turn_to satellite3 star57 planet56)
5.805: (turn_to satellite3 planet50 phenomenon41)
5.805: (turn_to satellite3 planet53 phenomenon41)
5.805: (turn_to satellite3 planet56 phenomenon41)
5.278: (take_image satellite3 planet53 instrument8 infrared2)
5.278: (take_image satellite3 planet56 instrument8 infrared2)
5.307: (take_image satellite3 planet50 instrument8 infrared2)
5.394: (take_image satellite3 planet50 instrument8 infrared2)
5.408: (take_image satellite3 planet56 instrument8 infrared2)
5.481: (turn_to satellite0 star57 planet64)
5.507: (turn_to satellite2 star4 groundstation32)
5.507: (turn_to satellite0 phenomenon58 planet64)
5.508: (turn_to satellite3 phenomenon58 planet56)
5.508: (turn_to satellite0 planet50 planet64)
4.540: (turn_to satellite3 star57 planet50)
4.616: (turn_to satellite3 phenomenon58 planet50)
4.616: (turn_to satellite3 planet56 planet50)
4.616: (turn_to satellite3 planet53 planet50)
4.677: (turn_to satellite3 star57 planet53)
4.690: (turn_to satellite3 star57 planet56)
4.730: (turn_to satellite3 planet50 planet53)
4.731: (turn_to satellite3 star57 planet50)
4.748: (turn_to satellite3 star57 planet56)
4.749: (turn_to satellite3 phenomenon58 planet53)
4.133: (take_image satellite3 phenomenon58 instrument8 infrared2)
4.208: (take_image satellite3 planet56 instrument8 infrared2)
4.326: (turn_to satellite2 star16 groundstation32)
4.326: (turn_to satellite2 star23 groundstation32)
4.330: (turn_to satellite2 star24 groundstation32)
4.330: (turn_to satellite2 star2 groundstation32)
4.330: (turn_to satellite2 star31 groundstation32)
4.331: (turn_to satellite2 groundstation33 groundstation32)
4.345: (turn_to satellite2 star4 groundstation32)
4.346: (take_image satellite3 phenomenon58 instrument8 infrared2)
3.215: (turn_to satellite3 star57 phenomenon58)
3.244: (turn_to satellite3 planet56 phenomenon58)
3.244: (turn_to satellite3 planet53 phenomenon58)
3.510: (turn_to satellite3 star57 phenomenon58)
3.547: (turn_to satellite3 star57 planet56)
3.582: (turn_to satellite3 planet56 phenomenon58)
3.586: (turn_to satellite3 planet50 phenomenon58)
3.614: (turn_to satellite3 planet64 phenomenon58)
3.616: (turn_to satellite3 planet53 planet56)
3.617: (turn_to satellite3 phenomenon58 planet56)
2.986: (take_image satellite3 planet53 instrument8 infrared2)
2.986: (take_image satellite3 phenomenon58 instrument8 infrared2)
3.111: (take_image satellite3 planet53 instrument8 infrared2)
3.208: (take_image satellite3 planet56 instrument8 infrared2)
3.209: (turn_to satellite0 star57 planet64)
3.229: (turn_to satellite1 groundstation22 groundstation6)
3.234: (turn_to satellite2 star4 groundstation32)
3.234: (turn_to satellite0 planet53 planet64)
3.235: (turn_to satellite2 star23 groundstation32)
3.235: (turn_to satellite2 star16 groundstation32)
2.235: (turn_to satellite3 star57 planet56)
2.248: (turn_to satellite3 star57 planet53)
2.371: (turn_to satellite3 planet53 phenomenon58)
2.376: (turn_to satellite3 phenomenon58 planet53)
2.394: (turn_to satellite3 star57 planet53)
2.403: (turn_to satellite3 star57 phenomenon58)
2.404: (turn_to satellite3 planet56 planet53)
2.415: (turn_to satellite3 planet53 planet56)
2.723: (turn_to satellite3 planet64 planet56)
2.736: (turn_to satellite3 planet64 planet53)
2.090: (take_image satellite3 planet53 instrument8 infrared2)
2.119: (take_image satellite3 phenomenon58 instrument8 infrared2)
2.159: (turn_to satellite0 star57 planet64)
2.192: (turn_to satellite1 star57 groundstation6)
2.196: (turn_to satellite0 planet56 planet64)
2.233: (turn_to satellite1 groundstation22 groundstation6)
2.253: (turn_to satellite1 phenomenon58 groundstation6)
2.269: (turn_to satellite1 planet56 groundstation6)
2.273: (turn_to satellite1 groundstation32 groundstation6)
2.275: (turn_to satellite1 star59 groundstation6)
1.168: (turn_to satellite3 star57 phenomenon58)
1.176: (turn_to satellite3 star57 planet53)
1.557: (take_image satellite0 star57 instrument1 thermograph1)
1.655: (turn_to satellite3 planet64 planet53)
1.656: (turn_to satellite3 planet64 phenomenon58)
1.758: (take_image satellite3 phenomenon58 instrument8 infrared2)
1.845: (turn_to satellite1 star57 groundstation6)
1.873: (turn_to satellite1 star57 groundstation6)
1.882: (turn_to satellite1 groundstation32 groundstation6)
1.885: (turn_to satellite1 planet64 groundstation6)
0.843: (turn_to satellite0 planet56 star57)
1.089: (turn_to satellite3 star57 planet53)
1.095: (turn_to satellite3 star57 phenomenon58)
1.120: (turn_to satellite1 groundstation32 groundstation6)
1.129: (turn_to satellite1 groundstation22 groundstation6)
1.131: (turn_to satellite1 planet64 groundstation6)
1.134: (turn_to satellite1 star57 groundstation6)
1.154: (turn_to satellite2 star4 groundstation32)
1.167: (turn_to satellite1 phenomenon49 groundstation6)
1.167: (turn_to satellite1 planet46 groundstation6)
0.503: (take_image satellite3 planet64 instrument8 infrared2)
0.804: (turn_to satellite1 planet64 groundstation6)
0.807: (turn_to satellite1 groundstation22 groundstation6)
0.811: (turn_to satellite1 groundstation32 groundstation6)
0.814: (turn_to satellite1 planet56 groundstation6)
0.844: (turn_to satellite1 star59 groundstation6)
0.846: (turn_to satellite1 planet63 groundstation6)
0.850: (turn_to satellite1 planet46 groundstation6)
0.850: (turn_to satellite1 phenomenon49 groundstation6)
0.850: (turn_to satellite1 star9 groundstation6)
0.151: (turn_to satellite3 planet56 planet64)
0.305: (take_image satellite3 planet64 instrument8 infrared2)
0.377: (turn_to satellite1 planet56 groundstation6)
0.398: (turn_to satellite1 groundstation32 groundstation6)
0.413: (take_image satellite3 planet64 instrument8 infrared2)
0.416: (turn_to satellite1 planet64 groundstation6)
0.417: (take_image satellite3 planet64 instrument8 infrared2)
0.421: (turn_to satellite1 planet63 groundstation6)
0.429: (turn_to satellite1 star57 groundstation6)
0.431: (take_image satellite3 planet64 instrument8 infrared2)
0.072: (turn_to satellite1 groundstation32 groundstation6)
0.075: (turn_to satellite1 planet56 groundstation6)
0.081: (turn_to satellite1 groundstation22 groundstation6)
0.101: (turn_to satellite3 planet56 planet64)
0.104: (turn_to satellite3 planet56 planet64)
0.106: (turn_to satellite3 planet56 planet64)
0.107: (turn_to satellite1 planet63 groundstation6)
0.108: (turn_to satellite1 star59 groundstation6)
0.108: (turn_to satellite1 phenomenon54 groundstation6)
0.112: (turn_to satellite1 groundstation29 groundstation6)
-0.134: (turn_to satellite2 groundstation22 groundstation32)
-0.127: (turn_to satellite2 star36 groundstation32)
-0.127: (turn_to satellite2 star35 groundstation32)
-0.094: (turn_to satellite2 planet51 groundstation32)
-0.094: (turn_to satellite2 phenomenon48 groundstation32)
-0.094: (turn_to satellite2 star47 groundstation32)
-0.087: (turn_to satellite2 star7 groundstation32)
-0.081: (turn_to satellite2 star45 groundstation32)
-0.081: (turn_to satellite2 planet63 groundstation32)
-0.077: (turn_to satellite2 groundstation29 groundstation32)
-0.282: (take_image satellite3 planet56 instrument8 infrared2)
[Final] Expanded: 784, Generated: 213242
Found a solution of length 82!
   1: (switch_on instrument8 satellite3)
   2: (turn_to satellite3 groundstation22 star24)
   3: (calibrate satellite3 instrument8 groundstation22)
   4: (switch_on instrument1 satellite0)
   5: (turn_to satellite3 planet55 groundstation22)
   6: (calibrate satellite0 instrument1 groundstation27)
   7: (take_image satellite3 planet55 instrument8 infrared2)
   8: (turn_to satellite3 planet63 planet55)
   9: (take_image satellite3 planet63 instrument8 infrared3)
  10: (turn_to satellite3 phenomenon52 planet63)
  11: (take_image satellite3 phenomenon52 instrument8 infrared2)
  12: (turn_to satellite3 planet40 phenomenon52)
  13: (take_image satellite3 planet40 instrument8 image4)
  14: (turn_to satellite3 star57 planet40)
  15: (turn_to satellite0 phenomenon48 groundstation27)
  16: (take_image satellite0 phenomenon48 instrument1 spectrograph0)
  17: (turn_to satellite0 star45 phenomenon48)
  18: (take_image satellite0 star45 instrument1 thermograph1)
  19: (turn_to satellite0 planet51 star45)
  20: (take_image satellite0 planet51 instrument1 spectrograph0)
  21: (turn_to satellite0 star47 planet51)
  22: (take_image satellite0 star47 instrument1 spectrograph0)
  23: (turn_to satellite0 star44 star47)
  24: (turn_to satellite1 star2 phenomenon52)
  25: (turn_to satellite2 groundstation27 groundstation3)
  26: (turn_to satellite1 star7 star2)
  27: (turn_to satellite2 star31 groundstation27)
  28: (turn_to satellite0 planet64 star44)
  29: (turn_to satellite2 star24 star31)
  30: (turn_to satellite1 groundstation6 star7)
  31: (turn_to satellite0 planet42 planet64)
  32: (turn_to satellite2 groundstation27 star24)
  33: (turn_to satellite0 planet56 planet42)
  34: (turn_to satellite0 phenomenon58 planet56)
  35: (turn_to satellite2 groundstation17 groundstation27)
  36: (turn_to satellite0 phenomenon61 phenomenon58)
  37: (turn_to satellite0 planet42 phenomenon61)
  38: (turn_to satellite0 planet53 planet42)
  39: (turn_to satellite2 star16 groundstation17)
  40: (turn_to satellite0 planet50 planet53)
  41: (turn_to satellite2 star23 star16)
  42: (turn_to satellite0 planet56 planet50)
  43: (turn_to satellite0 phenomenon41 planet56)
  44: (turn_to satellite0 planet64 phenomenon41)
  45: (turn_to satellite2 groundstation32 star23)
  46: (turn_to satellite3 phenomenon49 star57)
  47: (take_image satellite3 phenomenon49 instrument8 image4)
  48: (turn_to satellite3 phenomenon60 phenomenon49)
  49: (take_image satellite3 phenomenon60 instrument8 infrared2)
  50: (turn_to satellite3 planet42 phenomenon60)
  51: (take_image satellite3 planet42 instrument8 image4)
  52: (turn_to satellite3 phenomenon54 planet42)
  53: (take_image satellite3 phenomenon54 instrument8 image4)
  54: (turn_to satellite3 planet43 phenomenon54)
  55: (take_image satellite3 planet43 instrument8 image4)
  56: (turn_to satellite3 star59 planet43)
  57: (take_image satellite3 star59 instrument8 image4)
  58: (turn_to satellite3 planet46 star59)
  59: (take_image satellite3 planet46 instrument8 image4)
  60: (turn_to satellite3 phenomenon61 planet46)
  61: (take_image satellite3 phenomenon61 instrument8 infrared2)
  62: (turn_to satellite3 phenomenon62 phenomenon61)
  63: (take_image satellite3 phenomenon62 instrument8 infrared2)
  64: (turn_to satellite3 star44 phenomenon62)
  65: (take_image satellite3 star44 instrument8 infrared2)
  66: (turn_to satellite3 phenomenon41 star44)
  67: (take_image satellite3 phenomenon41 instrument8 infrared2)
  68: (turn_to satellite3 planet50 phenomenon41)
  69: (take_image satellite3 planet50 instrument8 infrared2)
  70: (turn_to satellite3 phenomenon58 planet50)
  71: (take_image satellite3 phenomenon58 instrument8 infrared2)
  72: (turn_to satellite3 planet53 phenomenon58)
  73: (take_image satellite3 planet53 instrument8 infrared2)
  74: (turn_to satellite3 planet64 planet53)
  75: (turn_to satellite0 star57 planet64)
  76: (take_image satellite0 star57 instrument1 thermograph1)
  77: (turn_to satellite0 planet56 star57)
  78: (take_image satellite3 planet64 instrument8 infrared2)
  79: (turn_to satellite3 planet56 planet64)
  80: (turn_to satellite1 groundstation29 groundstation6)
  81: (turn_to satellite2 planet63 groundstation32)
  82: (take_image satellite3 planet56 instrument8 infrared2)
