/u/ibrahim.eisawy/Neural-Guided-Search/venv/lib/python3.10/site-packages/pymimir_rgnn/model.py:151: UserWarning: index_reduce() is in beta and the API may change at any time. (Triggered internally at /pytorch/aten/src/ATen/native/cuda/Indexing.cu:1541.)
  max_msg.index_reduce_(0, output_indices, output_messages, reduce='amax', include_self=True)
Torch: 2.12.0+cu130
Loading model... (models/rovers_supervised.pth)
Using GPU:  NVIDIA L40S
[f=55.630] Expanded: 0, Generated: 0
[Final] Expanded: 19, Generated: 102
Found a solution of length 17!
   1: (navigate rover0 waypoint4 waypoint8)
   2: (calibrate rover0 camera1 objective0 waypoint8)
   3: (take_image rover0 waypoint8 objective0 camera1 high_res)
   4: (calibrate rover0 camera1 objective0 waypoint8)
   5: (take_image rover0 waypoint8 objective1 camera1 high_res)
   6: (navigate rover0 waypoint8 waypoint4)
   7: (communicate_image_data rover0 general objective0 high_res waypoint4 waypoint5)
   8: (communicate_image_data rover0 general objective1 high_res waypoint4 waypoint5)
   9: (sample_rock rover0 rover0store waypoint4)
  10: (drop rover0 rover0store)
  11: (communicate_rock_data rover0 general waypoint4 waypoint4 waypoint5)
  12: (navigate rover0 waypoint4 waypoint0)
  13: (navigate rover0 waypoint0 waypoint6)
  14: (navigate rover0 waypoint6 waypoint9)
  15: (sample_rock rover0 rover0store waypoint9)
  16: (navigate rover0 waypoint9 waypoint6)
  17: (communicate_rock_data rover0 general waypoint9 waypoint6 waypoint5)
