/u/ibrahim.eisawy/Neural-Guided-Search/venv/lib/python3.10/site-packages/pymimir_rgnn/model.py:151: UserWarning: index_reduce() is in beta and the API may change at any time. (Triggered internally at /pytorch/aten/src/ATen/native/cuda/Indexing.cu:1541.)
  max_msg.index_reduce_(0, output_indices, output_messages, reduce='amax', include_self=True)
Torch: 2.12.0+cu130
Loading model... (models/rovers_supervised.pth)
Using GPU:  NVIDIA L40S
[f=135.937] Expanded: 0, Generated: 0
[Final] Expanded: 406, Generated: 5699
Found a solution of length 46!
   1: (navigate rover0 waypoint15 waypoint14)
   2: (calibrate rover0 camera1 objective3 waypoint14)
   3: (navigate rover1 waypoint8 waypoint17)
   4: (sample_soil rover1 rover1store waypoint17)
   5: (drop rover1 rover1store)
   6: (take_image rover0 waypoint14 objective2 camera1 low_res)
   7: (calibrate rover0 camera1 objective3 waypoint14)
   8: (communicate_image_data rover0 general objective2 low_res waypoint14 waypoint19)
   9: (take_image rover0 waypoint14 objective3 camera1 colour)
  10: (calibrate rover0 camera1 objective3 waypoint14)
  11: (navigate rover1 waypoint17 waypoint8)
  12: (sample_soil rover0 rover0store waypoint14)
  13: (communicate_soil_data rover0 general waypoint14 waypoint14 waypoint19)
  14: (drop rover0 rover0store)
  15: (navigate rover1 waypoint8 waypoint7)
  16: (navigate rover1 waypoint7 waypoint12)
  17: (calibrate rover1 camera4 objective1 waypoint12)
  18: (take_image rover1 waypoint12 objective0 camera4 high_res)
  19: (calibrate rover1 camera4 objective1 waypoint12)
  20: (navigate rover0 waypoint14 waypoint15)
  21: (navigate rover0 waypoint15 waypoint1)
  22: (navigate rover0 waypoint1 waypoint5)
  23: (sample_soil rover0 rover0store waypoint5)
  24: (drop rover0 rover0store)
  25: (communicate_soil_data rover0 general waypoint5 waypoint5 waypoint19)
  26: (navigate rover1 waypoint12 waypoint7)
  27: (take_image rover1 waypoint7 objective2 camera4 high_res)
  28: (navigate rover1 waypoint7 waypoint8)
  29: (navigate rover1 waypoint8 waypoint0)
  30: (navigate rover1 waypoint0 waypoint5)
  31: (communicate_soil_data rover1 general waypoint17 waypoint5 waypoint19)
  32: (communicate_image_data rover1 general objective2 high_res waypoint5 waypoint19)
  33: (navigate rover0 waypoint5 waypoint1)
  34: (navigate rover0 waypoint1 waypoint3)
  35: (navigate rover0 waypoint3 waypoint4)
  36: (sample_soil rover0 rover0store waypoint4)
  37: (navigate rover0 waypoint4 waypoint3)
  38: (communicate_soil_data rover0 general waypoint4 waypoint3 waypoint19)
  39: (navigate rover0 waypoint3 waypoint1)
  40: (calibrate rover0 camera3 objective0 waypoint1)
  41: (take_image rover0 waypoint1 objective0 camera1 colour)
  42: (navigate rover0 waypoint1 waypoint5)
  43: (take_image rover0 waypoint5 objective3 camera3 high_res)
  44: (communicate_image_data rover0 general objective3 high_res waypoint5 waypoint19)
  45: (communicate_image_data rover0 general objective3 colour waypoint5 waypoint19)
  46: (communicate_image_data rover0 general objective0 colour waypoint5 waypoint19)
