/u/ibrahim.eisawy/Neural-Guided-Search/venv/lib/python3.10/site-packages/pymimir_rgnn/model.py:151: UserWarning: index_reduce() is in beta and the API may change at any time. (Triggered internally at /pytorch/aten/src/ATen/native/cuda/Indexing.cu:1541.)
  max_msg.index_reduce_(0, output_indices, output_messages, reduce='amax', include_self=True)
Torch: 2.12.0+cu130
Loading model... (models/rovers_supervised.pth)
Using GPU:  NVIDIA L40S
[f=181.880] Expanded: 0, Generated: 0
[Final] Expanded: 897, Generated: 14492
Found a solution of length 49!
   1: (calibrate rover0 camera1 objective0 waypoint0)
   2: (take_image rover0 waypoint0 objective0 camera1 low_res)
   3: (communicate_image_data rover0 general objective0 low_res waypoint0 waypoint13)
   4: (calibrate rover0 camera1 objective0 waypoint0)
   5: (navigate rover0 waypoint0 waypoint1)
   6: (navigate rover1 waypoint2 waypoint8)
   7: (navigate rover1 waypoint8 waypoint6)
   8: (sample_soil rover1 rover1store waypoint6)
   9: (communicate_soil_data rover1 general waypoint6 waypoint6 waypoint13)
  10: (drop rover1 rover1store)
  11: (navigate rover1 waypoint6 waypoint8)
  12: (calibrate rover1 camera0 objective0 waypoint8)
  13: (navigate rover0 waypoint1 waypoint18)
  14: (take_image rover0 waypoint18 objective3 camera1 high_res)
  15: (communicate_image_data rover0 general objective3 high_res waypoint18 waypoint13)
  16: (navigate rover0 waypoint18 waypoint1)
  17: (sample_rock rover1 rover1store waypoint8)
  18: (drop rover1 rover1store)
  19: (navigate rover1 waypoint8 waypoint2)
  20: (navigate rover1 waypoint2 waypoint12)
  21: (sample_rock rover1 rover1store waypoint12)
  22: (drop rover1 rover1store)
  23: (navigate rover1 waypoint12 waypoint14)
  24: (communicate_rock_data rover1 general waypoint12 waypoint14 waypoint13)
  25: (communicate_rock_data rover1 general waypoint8 waypoint14 waypoint13)
  26: (sample_rock rover1 rover1store waypoint14)
  27: (drop rover1 rover1store)
  28: (communicate_rock_data rover1 general waypoint14 waypoint14 waypoint13)
  29: (navigate rover1 waypoint14 waypoint12)
  30: (navigate rover1 waypoint12 waypoint2)
  31: (navigate rover1 waypoint2 waypoint3)
  32: (navigate rover1 waypoint3 waypoint1)
  33: (navigate rover1 waypoint1 waypoint13)
  34: (sample_soil rover1 rover1store waypoint13)
  35: (navigate rover1 waypoint13 waypoint1)
  36: (drop rover1 rover1store)
  37: (communicate_soil_data rover1 general waypoint13 waypoint1 waypoint13)
  38: (navigate rover1 waypoint1 waypoint18)
  39: (sample_soil rover1 rover1store waypoint18)
  40: (drop rover1 rover1store)
  41: (communicate_soil_data rover1 general waypoint18 waypoint18 waypoint13)
  42: (sample_rock rover1 rover1store waypoint18)
  43: (drop rover1 rover1store)
  44: (communicate_rock_data rover1 general waypoint18 waypoint18 waypoint13)
  45: (navigate rover1 waypoint18 waypoint1)
  46: (navigate rover1 waypoint1 waypoint10)
  47: (sample_soil rover1 rover1store waypoint10)
  48: (navigate rover1 waypoint10 waypoint1)
  49: (communicate_soil_data rover1 general waypoint10 waypoint1 waypoint13)
