/u/ibrahim.eisawy/Neural-Guided-Search/venv/lib/python3.10/site-packages/pymimir_rgnn/model.py:162: UserWarning: index_reduce() is in beta and the API may change at any time. (Triggered internally at /pytorch/aten/src/ATen/native/cuda/Indexing.cu:1541.)
  exps_max.index_reduce_(0, output_indices, output_messages, reduce="amax", include_self=False)
Torch: 2.12.0+cu130
Loading model... (models/logistics_dqn.pth)
Using GPU:  NVIDIA L40S
Starting Q* search...
[f=4.662] Expanded: 5, Generated: 4
[f=4.709] Expanded: 5, Generated: 5
[f=5.415] Expanded: 5, Generated: 6
[f=5.416] Expanded: 5, Generated: 7
[f=5.421] Expanded: 5, Generated: 8
[f=5.496] Expanded: 6, Generated: 9
[f=5.515] Expanded: 7, Generated: 10
[f=5.559] Expanded: 8, Generated: 11
[f=6.149] Expanded: 9, Generated: 12
[f=6.157] Expanded: 10, Generated: 13
[f=6.247] Expanded: 10, Generated: 14
[f=6.259] Expanded: 10, Generated: 15
[f=6.309] Expanded: 10, Generated: 16
[f=6.351] Expanded: 11, Generated: 17
[f=6.365] Expanded: 11, Generated: 18
[f=6.418] Expanded: 11, Generated: 19
[f=6.614] Expanded: 12, Generated: 20
[f=7.046] Expanded: 13, Generated: 21
[f=7.123] Expanded: 13, Generated: 22
[f=7.140] Expanded: 14, Generated: 23
[f=7.148] Expanded: 14, Generated: 24
[f=7.170] Expanded: 15, Generated: 25
[f=7.197] Expanded: 15, Generated: 26
[f=7.246] Expanded: 15, Generated: 27
[f=7.268] Expanded: 15, Generated: 28
[f=7.373] Expanded: 15, Generated: 29
[f=7.446] Expanded: 15, Generated: 30
[f=7.468] Expanded: 15, Generated: 31
[f=5.148] Expanded: 16, Generated: 33
[f=5.630] Expanded: 17, Generated: 35
[f=5.932] Expanded: 18, Generated: 36
[f=6.022] Expanded: 18, Generated: 37
[f=6.035] Expanded: 18, Generated: 38
[f=6.354] Expanded: 18, Generated: 39
[f=6.423] Expanded: 19, Generated: 40
[f=6.458] Expanded: 19, Generated: 41
[f=6.526] Expanded: 19, Generated: 42
[f=6.609] Expanded: 19, Generated: 43
[f=6.666] Expanded: 19, Generated: 44
[f=6.690] Expanded: 20, Generated: 45
[f=6.746] Expanded: 20, Generated: 46
[f=7.225] Expanded: 21, Generated: 47
[f=6.574] Expanded: 22, Generated: 49
[f=6.633] Expanded: 22, Generated: 50
[f=7.491] Expanded: 23, Generated: 51
[f=7.501] Expanded: 23, Generated: 52
[f=7.169] Expanded: 24, Generated: 54
[f=7.183] Expanded: 24, Generated: 55
[f=7.580] Expanded: 24, Generated: 56
[f=7.600] Expanded: 24, Generated: 57
[f=7.688] Expanded: 25, Generated: 58
[f=7.712] Expanded: 25, Generated: 59
[f=7.715] Expanded: 25, Generated: 60
[f=7.717] Expanded: 25, Generated: 61
[f=7.654] Expanded: 26, Generated: 63
[f=7.726] Expanded: 27, Generated: 64
[f=7.883] Expanded: 27, Generated: 65
[f=7.990] Expanded: 27, Generated: 66
[f=5.717] Expanded: 28, Generated: 68
[f=5.501] Expanded: 29, Generated: 70
[f=6.692] Expanded: 29, Generated: 71
[f=6.804] Expanded: 29, Generated: 72
[f=6.850] Expanded: 29, Generated: 73
[f=6.952] Expanded: 29, Generated: 74
[f=7.029] Expanded: 29, Generated: 75
[f=7.134] Expanded: 30, Generated: 76
[f=7.175] Expanded: 30, Generated: 77
[f=7.226] Expanded: 30, Generated: 78
[f=7.574] Expanded: 31, Generated: 79
[f=7.585] Expanded: 31, Generated: 80
[f=7.611] Expanded: 32, Generated: 82
[f=7.759] Expanded: 32, Generated: 83
[f=7.815] Expanded: 32, Generated: 84
[f=7.828] Expanded: 33, Generated: 85
[f=7.679] Expanded: 34, Generated: 87
[f=7.702] Expanded: 34, Generated: 88
[f=7.908] Expanded: 35, Generated: 90
[f=7.125] Expanded: 36, Generated: 92
[f=7.169] Expanded: 36, Generated: 93
[f=7.859] Expanded: 36, Generated: 94
[f=8.013] Expanded: 36, Generated: 95
[f=8.031] Expanded: 36, Generated: 96
[f=8.080] Expanded: 36, Generated: 97
[f=8.093] Expanded: 36, Generated: 98
[f=8.116] Expanded: 36, Generated: 99
[f=8.144] Expanded: 36, Generated: 100
[f=8.162] Expanded: 36, Generated: 101
[f=8.188] Expanded: 36, Generated: 102
[f=8.221] Expanded: 36, Generated: 103
[f=8.223] Expanded: 36, Generated: 104
[f=8.313] Expanded: 36, Generated: 105
[f=8.378] Expanded: 36, Generated: 106
[f=8.389] Expanded: 36, Generated: 107
[f=8.391] Expanded: 36, Generated: 108
[f=8.399] Expanded: 36, Generated: 109
[f=8.435] Expanded: 36, Generated: 110
[f=8.473] Expanded: 36, Generated: 111
[f=8.476] Expanded: 36, Generated: 112
[f=8.492] Expanded: 37, Generated: 113
[f=8.201] Expanded: 38, Generated: 115
[f=8.396] Expanded: 38, Generated: 116
[f=8.518] Expanded: 38, Generated: 117
[f=8.519] Expanded: 38, Generated: 118
[f=8.379] Expanded: 39, Generated: 120
[f=8.537] Expanded: 39, Generated: 121
[f=8.539] Expanded: 39, Generated: 122
[f=8.543] Expanded: 39, Generated: 123
[f=8.550] Expanded: 39, Generated: 124
[f=8.561] Expanded: 40, Generated: 125
[f=8.576] Expanded: 40, Generated: 126
[f=8.584] Expanded: 40, Generated: 127
[f=8.588] Expanded: 40, Generated: 128
[f=8.606] Expanded: 40, Generated: 129
[f=8.615] Expanded: 40, Generated: 130
[f=8.624] Expanded: 41, Generated: 131
[f=8.639] Expanded: 41, Generated: 132
[f=8.667] Expanded: 41, Generated: 133
[f=8.688] Expanded: 41, Generated: 134
[f=8.746] Expanded: 41, Generated: 135
[f=8.816] Expanded: 41, Generated: 136
[f=8.822] Expanded: 41, Generated: 137
[f=8.833] Expanded: 41, Generated: 138
[f=8.837] Expanded: 41, Generated: 139
[f=8.840] Expanded: 41, Generated: 140
[f=8.847] Expanded: 41, Generated: 141
[f=8.851] Expanded: 41, Generated: 142
[f=8.869] Expanded: 41, Generated: 143
[f=8.873] Expanded: 41, Generated: 144
[f=8.906] Expanded: 42, Generated: 145
[f=6.084] Expanded: 43, Generated: 147
[f=6.289] Expanded: 43, Generated: 148
[f=6.468] Expanded: 44, Generated: 149
[f=6.483] Expanded: 45, Generated: 150
[f=7.089] Expanded: 45, Generated: 151
[f=7.179] Expanded: 45, Generated: 152
[f=7.190] Expanded: 46, Generated: 153
[f=7.245] Expanded: 46, Generated: 154
[f=7.571] Expanded: 47, Generated: 155
[f=7.626] Expanded: 48, Generated: 156
[f=7.729] Expanded: 49, Generated: 157
[f=7.752] Expanded: 50, Generated: 159
[f=7.975] Expanded: 50, Generated: 160
[f=8.031] Expanded: 50, Generated: 161
[f=8.065] Expanded: 50, Generated: 162
[f=8.131] Expanded: 50, Generated: 163
[f=8.206] Expanded: 50, Generated: 164
[f=8.231] Expanded: 50, Generated: 165
[f=8.311] Expanded: 51, Generated: 166
[f=8.390] Expanded: 51, Generated: 167
[f=8.888] Expanded: 51, Generated: 168
[f=8.927] Expanded: 51, Generated: 169
[f=8.209] Expanded: 52, Generated: 171
[f=8.333] Expanded: 53, Generated: 172
[f=8.944] Expanded: 54, Generated: 173
[f=8.947] Expanded: 54, Generated: 174
[f=8.952] Expanded: 54, Generated: 175
[f=8.952] Expanded: 54, Generated: 176
[f=8.959] Expanded: 54, Generated: 177
[f=8.977] Expanded: 54, Generated: 178
[f=8.981] Expanded: 55, Generated: 179
[f=8.724] Expanded: 56, Generated: 181
[f=8.990] Expanded: 57, Generated: 182
[f=8.996] Expanded: 57, Generated: 183
[f=9.003] Expanded: 58, Generated: 184
[f=9.006] Expanded: 58, Generated: 185
[f=9.038] Expanded: 58, Generated: 186
[f=9.040] Expanded: 58, Generated: 187
[f=9.043] Expanded: 58, Generated: 188
[f=9.050] Expanded: 59, Generated: 189
[f=9.056] Expanded: 60, Generated: 190
[f=9.057] Expanded: 60, Generated: 191
[f=9.060] Expanded: 60, Generated: 192
[f=9.071] Expanded: 60, Generated: 193
[f=9.074] Expanded: 61, Generated: 194
[f=9.082] Expanded: 61, Generated: 195
[f=9.084] Expanded: 61, Generated: 196
[f=9.094] Expanded: 61, Generated: 197
[f=9.095] Expanded: 61, Generated: 198
[f=9.100] Expanded: 61, Generated: 199
[f=9.137] Expanded: 61, Generated: 200
[f=9.142] Expanded: 61, Generated: 201
[f=9.143] Expanded: 61, Generated: 202
[f=9.154] Expanded: 61, Generated: 203
[f=9.161] Expanded: 61, Generated: 204
[f=9.161] Expanded: 62, Generated: 205
[f=9.168] Expanded: 62, Generated: 206
[f=9.182] Expanded: 63, Generated: 207
[f=9.207] Expanded: 63, Generated: 208
[f=9.214] Expanded: 63, Generated: 209
[f=9.249] Expanded: 63, Generated: 210
[f=9.269] Expanded: 63, Generated: 211
[f=9.270] Expanded: 64, Generated: 212
[f=9.275] Expanded: 65, Generated: 213
[f=9.281] Expanded: 66, Generated: 214
[f=9.283] Expanded: 66, Generated: 215
[f=9.289] Expanded: 66, Generated: 216
[f=9.302] Expanded: 66, Generated: 217
[f=9.311] Expanded: 66, Generated: 218
[f=9.318] Expanded: 66, Generated: 219
[f=9.326] Expanded: 67, Generated: 220
[f=9.332] Expanded: 67, Generated: 221
[f=9.340] Expanded: 67, Generated: 222
[f=9.356] Expanded: 67, Generated: 223
[f=9.362] Expanded: 67, Generated: 224
[f=9.375] Expanded: 67, Generated: 225
[f=9.389] Expanded: 68, Generated: 226
[f=9.412] Expanded: 68, Generated: 227
[f=8.885] Expanded: 69, Generated: 229
[f=9.283] Expanded: 69, Generated: 230
[f=9.421] Expanded: 69, Generated: 231
[f=9.424] Expanded: 69, Generated: 232
[f=9.447] Expanded: 69, Generated: 233
[f=9.453] Expanded: 69, Generated: 234
[f=9.455] Expanded: 69, Generated: 235
[f=9.463] Expanded: 70, Generated: 236
[f=9.467] Expanded: 70, Generated: 237
[f=9.475] Expanded: 70, Generated: 238
[f=9.481] Expanded: 70, Generated: 239
[f=9.496] Expanded: 70, Generated: 240
[f=9.507] Expanded: 70, Generated: 241
[f=9.510] Expanded: 70, Generated: 242
[f=9.541] Expanded: 70, Generated: 243
[f=8.824] Expanded: 72, Generated: 245
[f=8.905] Expanded: 73, Generated: 246
[f=9.599] Expanded: 74, Generated: 247
[f=9.602] Expanded: 74, Generated: 248
[f=9.606] Expanded: 74, Generated: 249
[f=9.328] Expanded: 75, Generated: 251
[f=9.610] Expanded: 75, Generated: 252
[f=9.629] Expanded: 75, Generated: 253
[f=9.629] Expanded: 75, Generated: 254
[f=9.630] Expanded: 75, Generated: 255
[f=9.669] Expanded: 75, Generated: 256
[f=9.673] Expanded: 75, Generated: 257
[f=9.673] Expanded: 75, Generated: 258
[f=9.674] Expanded: 75, Generated: 259
[f=9.689] Expanded: 75, Generated: 260
[f=9.696] Expanded: 75, Generated: 261
[f=9.696] Expanded: 75, Generated: 262
[f=9.702] Expanded: 75, Generated: 263
[f=9.718] Expanded: 75, Generated: 264
[f=9.719] Expanded: 75, Generated: 265
[f=8.298] Expanded: 77, Generated: 267
[f=8.762] Expanded: 77, Generated: 268
[f=9.318] Expanded: 77, Generated: 269
[f=9.341] Expanded: 78, Generated: 270
[f=9.414] Expanded: 78, Generated: 271
[f=9.532] Expanded: 78, Generated: 272
[f=9.582] Expanded: 79, Generated: 273
[f=9.736] Expanded: 80, Generated: 274
[f=9.742] Expanded: 81, Generated: 275
[f=9.760] Expanded: 82, Generated: 276
[f=9.771] Expanded: 83, Generated: 277
[f=9.772] Expanded: 83, Generated: 278
[f=9.782] Expanded: 83, Generated: 279
[f=9.785] Expanded: 83, Generated: 280
[f=9.786] Expanded: 83, Generated: 281
[f=9.790] Expanded: 83, Generated: 282
[f=9.808] Expanded: 84, Generated: 283
[f=9.818] Expanded: 84, Generated: 284
[f=9.819] Expanded: 84, Generated: 285
[f=9.837] Expanded: 84, Generated: 286
[f=9.855] Expanded: 85, Generated: 287
[f=9.862] Expanded: 86, Generated: 288
[f=9.863] Expanded: 87, Generated: 289
[f=9.897] Expanded: 88, Generated: 290
[f=9.905] Expanded: 88, Generated: 291
[f=9.905] Expanded: 88, Generated: 292
[f=9.905] Expanded: 89, Generated: 293
[f=9.906] Expanded: 90, Generated: 294
[f=9.907] Expanded: 91, Generated: 295
[f=9.916] Expanded: 91, Generated: 296
[f=8.931] Expanded: 92, Generated: 298
[f=9.206] Expanded: 92, Generated: 299
[f=9.932] Expanded: 93, Generated: 300
[f=9.941] Expanded: 93, Generated: 301
[f=9.944] Expanded: 93, Generated: 302
[f=9.962] Expanded: 93, Generated: 303
[f=9.966] Expanded: 93, Generated: 304
[f=9.967] Expanded: 93, Generated: 305
[f=9.973] Expanded: 93, Generated: 306
[f=8.071] Expanded: 95, Generated: 308
[f=8.187] Expanded: 96, Generated: 309
[f=8.879] Expanded: 96, Generated: 310
[f=8.973] Expanded: 96, Generated: 311
[f=9.021] Expanded: 96, Generated: 312
[f=9.035] Expanded: 96, Generated: 313
[f=9.441] Expanded: 96, Generated: 314
[f=9.495] Expanded: 96, Generated: 315
[f=9.607] Expanded: 97, Generated: 316
[f=9.728] Expanded: 98, Generated: 318
[f=9.825] Expanded: 99, Generated: 319
[f=9.827] Expanded: 100, Generated: 320
[f=9.984] Expanded: 100, Generated: 321
[f=9.994] Expanded: 100, Generated: 322
[f=10.011] Expanded: 100, Generated: 323
[f=10.013] Expanded: 100, Generated: 324
[f=10.023] Expanded: 100, Generated: 325
[f=10.028] Expanded: 100, Generated: 326
[f=10.031] Expanded: 100, Generated: 327
[f=10.045] Expanded: 100, Generated: 328
[f=10.049] Expanded: 100, Generated: 329
[f=10.053] Expanded: 100, Generated: 330
[f=10.057] Expanded: 100, Generated: 331
[f=10.057] Expanded: 100, Generated: 332
[f=10.064] Expanded: 100, Generated: 333
[f=10.066] Expanded: 100, Generated: 334
[f=10.068] Expanded: 100, Generated: 335
[f=10.082] Expanded: 100, Generated: 336
[f=9.301] Expanded: 102, Generated: 338
[f=9.471] Expanded: 102, Generated: 339
[f=9.567] Expanded: 103, Generated: 340
[f=10.031] Expanded: 103, Generated: 341
[f=10.101] Expanded: 103, Generated: 342
[f=10.105] Expanded: 103, Generated: 343
[f=10.115] Expanded: 104, Generated: 344
[f=10.120] Expanded: 105, Generated: 345
[f=10.122] Expanded: 105, Generated: 346
[f=10.123] Expanded: 106, Generated: 347
[f=10.127] Expanded: 107, Generated: 348
[f=10.129] Expanded: 107, Generated: 349
[f=10.129] Expanded: 107, Generated: 350
[f=10.141] Expanded: 107, Generated: 351
[f=10.157] Expanded: 107, Generated: 352
[f=10.163] Expanded: 108, Generated: 353
[f=10.164] Expanded: 108, Generated: 354
[f=10.165] Expanded: 108, Generated: 355
[f=10.170] Expanded: 108, Generated: 356
[f=10.171] Expanded: 108, Generated: 357
[f=9.580] Expanded: 109, Generated: 359
[f=9.862] Expanded: 109, Generated: 360
[f=10.138] Expanded: 109, Generated: 361
[f=10.180] Expanded: 109, Generated: 362
[f=10.182] Expanded: 109, Generated: 363
[f=10.187] Expanded: 109, Generated: 364
[f=9.939] Expanded: 110, Generated: 366
[f=10.152] Expanded: 111, Generated: 368
[f=10.209] Expanded: 111, Generated: 369
[f=9.779] Expanded: 112, Generated: 371
[f=10.017] Expanded: 112, Generated: 372
[f=10.217] Expanded: 112, Generated: 373
[f=10.228] Expanded: 112, Generated: 374
[f=10.231] Expanded: 113, Generated: 375
[f=10.236] Expanded: 114, Generated: 376
[f=10.242] Expanded: 114, Generated: 377
[f=10.263] Expanded: 114, Generated: 378
[f=10.270] Expanded: 114, Generated: 379
[f=10.277] Expanded: 114, Generated: 380
[f=10.285] Expanded: 115, Generated: 381
[f=10.291] Expanded: 115, Generated: 382
[f=10.293] Expanded: 115, Generated: 383
[f=10.316] Expanded: 115, Generated: 384
[f=10.318] Expanded: 115, Generated: 385
[f=10.320] Expanded: 115, Generated: 386
[f=10.323] Expanded: 115, Generated: 387
[f=10.349] Expanded: 115, Generated: 388
[f=10.356] Expanded: 116, Generated: 389
[f=10.363] Expanded: 116, Generated: 390
[f=10.367] Expanded: 116, Generated: 391
[f=10.371] Expanded: 116, Generated: 392
[f=10.378] Expanded: 116, Generated: 393
[f=10.379] Expanded: 116, Generated: 394
[f=10.379] Expanded: 116, Generated: 395
[f=9.330] Expanded: 117, Generated: 397
[f=9.606] Expanded: 117, Generated: 398
[f=10.279] Expanded: 118, Generated: 399
[f=10.382] Expanded: 118, Generated: 400
[f=10.390] Expanded: 118, Generated: 401
[f=10.398] Expanded: 118, Generated: 402
[f=10.405] Expanded: 118, Generated: 403
[f=10.428] Expanded: 118, Generated: 404
[f=10.435] Expanded: 118, Generated: 405
[f=10.438] Expanded: 118, Generated: 406
[f=10.279] Expanded: 119, Generated: 408
[f=10.484] Expanded: 119, Generated: 409
[f=10.494] Expanded: 119, Generated: 410
[f=10.506] Expanded: 119, Generated: 411
[f=10.509] Expanded: 119, Generated: 412
[f=10.512] Expanded: 119, Generated: 413
[f=10.532] Expanded: 119, Generated: 414
[f=10.546] Expanded: 119, Generated: 415
[f=10.547] Expanded: 119, Generated: 416
[f=10.548] Expanded: 119, Generated: 417
[f=10.569] Expanded: 119, Generated: 418
[f=10.575] Expanded: 119, Generated: 419
[f=10.577] Expanded: 119, Generated: 420
[f=10.580] Expanded: 119, Generated: 421
[f=5.975] Expanded: 120, Generated: 423
[f=6.031] Expanded: 120, Generated: 424
[f=6.888] Expanded: 120, Generated: 425
[f=6.990] Expanded: 121, Generated: 426
[f=7.362] Expanded: 121, Generated: 427
[f=7.455] Expanded: 121, Generated: 428
[f=6.927] Expanded: 122, Generated: 430
[f=7.003] Expanded: 122, Generated: 431
[f=7.771] Expanded: 123, Generated: 432
[f=7.905] Expanded: 123, Generated: 433
[f=7.580] Expanded: 124, Generated: 435
[f=7.862] Expanded: 124, Generated: 436
[f=8.138] Expanded: 124, Generated: 437
[f=8.180] Expanded: 124, Generated: 438
[f=8.217] Expanded: 124, Generated: 439
[f=8.277] Expanded: 124, Generated: 440
[f=8.688] Expanded: 125, Generated: 441
[f=8.464] Expanded: 127, Generated: 443
[f=8.705] Expanded: 127, Generated: 444
[f=8.982] Expanded: 127, Generated: 445
[f=9.134] Expanded: 127, Generated: 446
[f=9.265] Expanded: 127, Generated: 447
[f=9.333] Expanded: 128, Generated: 448
[f=9.361] Expanded: 128, Generated: 449
[f=9.458] Expanded: 129, Generated: 450
[f=9.972] Expanded: 129, Generated: 451
[f=10.009] Expanded: 130, Generated: 452
[f=10.061] Expanded: 130, Generated: 453
[f=10.067] Expanded: 130, Generated: 454
[f=10.093] Expanded: 130, Generated: 455
[f=10.144] Expanded: 130, Generated: 456
[f=10.177] Expanded: 130, Generated: 457
[f=10.204] Expanded: 130, Generated: 458
[f=10.322] Expanded: 130, Generated: 459
[f=10.427] Expanded: 130, Generated: 460
[f=10.590] Expanded: 130, Generated: 461
[f=10.593] Expanded: 130, Generated: 462
[f=10.595] Expanded: 131, Generated: 463
[f=10.598] Expanded: 131, Generated: 464
[f=10.599] Expanded: 131, Generated: 465
[f=10.603] Expanded: 131, Generated: 466
[f=10.613] Expanded: 131, Generated: 467
[f=10.615] Expanded: 131, Generated: 468
[f=10.617] Expanded: 132, Generated: 469
[f=10.622] Expanded: 133, Generated: 470
[f=10.623] Expanded: 133, Generated: 471
[f=10.631] Expanded: 133, Generated: 472
[f=10.633] Expanded: 133, Generated: 473
[f=10.633] Expanded: 133, Generated: 474
[f=10.637] Expanded: 133, Generated: 475
[f=10.648] Expanded: 133, Generated: 476
[f=10.653] Expanded: 133, Generated: 477
[f=10.668] Expanded: 134, Generated: 478
[f=10.680] Expanded: 135, Generated: 479
[f=10.682] Expanded: 136, Generated: 480
[f=10.694] Expanded: 136, Generated: 481
[f=10.695] Expanded: 136, Generated: 482
[f=10.706] Expanded: 136, Generated: 483
[f=10.719] Expanded: 136, Generated: 484
[f=10.722] Expanded: 136, Generated: 485
[f=10.729] Expanded: 136, Generated: 486
[f=10.741] Expanded: 136, Generated: 487
[f=10.753] Expanded: 136, Generated: 488
[f=10.757] Expanded: 136, Generated: 489
[f=10.758] Expanded: 136, Generated: 490
[f=10.765] Expanded: 136, Generated: 491
[f=10.769] Expanded: 136, Generated: 492
[f=10.789] Expanded: 136, Generated: 493
[f=10.799] Expanded: 136, Generated: 494
[f=10.800] Expanded: 136, Generated: 495
[f=9.059] Expanded: 138, Generated: 497
[f=9.302] Expanded: 138, Generated: 498
[f=9.898] Expanded: 138, Generated: 499
[f=9.982] Expanded: 139, Generated: 500
[f=10.200] Expanded: 140, Generated: 501
[f=10.339] Expanded: 141, Generated: 502
[f=10.566] Expanded: 141, Generated: 503
[f=10.576] Expanded: 141, Generated: 504
[f=10.617] Expanded: 141, Generated: 505
[f=10.478] Expanded: 143, Generated: 507
[f=10.678] Expanded: 143, Generated: 508
[f=10.711] Expanded: 144, Generated: 509
[f=10.820] Expanded: 144, Generated: 510
[f=10.823] Expanded: 144, Generated: 511
[f=10.824] Expanded: 144, Generated: 512
[f=10.827] Expanded: 144, Generated: 513
[f=10.831] Expanded: 144, Generated: 514
[f=10.832] Expanded: 144, Generated: 515
[f=10.840] Expanded: 145, Generated: 516
[f=10.843] Expanded: 145, Generated: 517
[f=10.845] Expanded: 145, Generated: 518
[f=10.846] Expanded: 145, Generated: 519
[f=10.853] Expanded: 146, Generated: 520
[f=10.858] Expanded: 147, Generated: 521
[f=10.753] Expanded: 148, Generated: 523
[f=10.882] Expanded: 148, Generated: 524
[f=10.893] Expanded: 148, Generated: 525
[f=10.894] Expanded: 148, Generated: 526
[f=10.896] Expanded: 148, Generated: 527
[f=10.898] Expanded: 148, Generated: 528
[f=10.905] Expanded: 148, Generated: 529
[f=10.905] Expanded: 148, Generated: 530
[f=10.911] Expanded: 148, Generated: 531
[f=10.913] Expanded: 148, Generated: 532
[f=10.931] Expanded: 148, Generated: 533
[f=10.936] Expanded: 148, Generated: 534
[f=10.943] Expanded: 149, Generated: 535
[f=10.943] Expanded: 150, Generated: 536
[f=10.944] Expanded: 151, Generated: 537
[f=10.945] Expanded: 151, Generated: 538
[f=10.949] Expanded: 152, Generated: 539
[f=10.949] Expanded: 153, Generated: 540
[f=10.951] Expanded: 153, Generated: 541
[f=10.961] Expanded: 153, Generated: 542
[f=10.968] Expanded: 153, Generated: 543
[f=10.971] Expanded: 153, Generated: 544
[f=10.971] Expanded: 153, Generated: 545
[f=10.980] Expanded: 153, Generated: 546
[f=11.003] Expanded: 153, Generated: 547
[f=11.006] Expanded: 153, Generated: 548
[f=11.013] Expanded: 153, Generated: 549
[f=11.016] Expanded: 153, Generated: 550
[f=11.024] Expanded: 154, Generated: 551
[f=11.025] Expanded: 154, Generated: 552
[f=11.028] Expanded: 154, Generated: 553
[f=11.030] Expanded: 155, Generated: 554
[f=11.034] Expanded: 155, Generated: 555
[f=11.046] Expanded: 155, Generated: 556
[f=11.047] Expanded: 155, Generated: 557
[f=11.051] Expanded: 155, Generated: 558
[f=11.054] Expanded: 156, Generated: 559
[f=11.060] Expanded: 156, Generated: 560
[f=11.061] Expanded: 157, Generated: 561
[f=11.063] Expanded: 158, Generated: 562
[f=11.064] Expanded: 158, Generated: 563
[f=11.064] Expanded: 159, Generated: 564
[f=11.067] Expanded: 160, Generated: 565
[f=11.076] Expanded: 160, Generated: 566
[f=11.077] Expanded: 160, Generated: 567
[f=11.087] Expanded: 160, Generated: 568
[f=11.089] Expanded: 160, Generated: 569
[f=11.102] Expanded: 161, Generated: 570
[f=11.103] Expanded: 161, Generated: 571
[f=11.114] Expanded: 161, Generated: 572
[f=11.141] Expanded: 162, Generated: 573
[f=11.144] Expanded: 162, Generated: 574
[f=11.145] Expanded: 162, Generated: 575
[f=11.159] Expanded: 162, Generated: 576
[f=11.161] Expanded: 162, Generated: 577
[f=11.168] Expanded: 162, Generated: 578
[f=11.168] Expanded: 162, Generated: 579
[f=11.178] Expanded: 162, Generated: 580
[f=11.179] Expanded: 162, Generated: 581
[f=11.179] Expanded: 162, Generated: 582
[f=11.186] Expanded: 162, Generated: 583
[f=11.191] Expanded: 162, Generated: 584
[f=11.196] Expanded: 163, Generated: 585
[f=11.196] Expanded: 163, Generated: 586
[f=11.215] Expanded: 164, Generated: 587
[f=11.222] Expanded: 165, Generated: 588
[f=11.223] Expanded: 166, Generated: 589
[f=11.225] Expanded: 166, Generated: 590
[f=11.232] Expanded: 167, Generated: 591
[f=11.234] Expanded: 167, Generated: 592
[f=11.238] Expanded: 167, Generated: 593
[f=11.241] Expanded: 167, Generated: 594
[f=11.256] Expanded: 167, Generated: 595
[f=11.264] Expanded: 167, Generated: 596
[f=11.267] Expanded: 167, Generated: 597
[f=11.276] Expanded: 168, Generated: 598
[f=11.281] Expanded: 168, Generated: 599
[f=11.288] Expanded: 168, Generated: 600
[f=11.288] Expanded: 168, Generated: 601
[f=11.292] Expanded: 168, Generated: 602
[f=11.297] Expanded: 168, Generated: 603
[f=11.297] Expanded: 168, Generated: 604
[f=11.300] Expanded: 168, Generated: 605
[f=11.303] Expanded: 168, Generated: 606
[f=11.307] Expanded: 168, Generated: 607
[f=11.313] Expanded: 168, Generated: 608
[f=11.316] Expanded: 168, Generated: 609
[f=11.323] Expanded: 168, Generated: 610
[f=11.327] Expanded: 168, Generated: 611
[f=11.329] Expanded: 169, Generated: 612
[f=11.339] Expanded: 169, Generated: 613
[f=11.344] Expanded: 169, Generated: 614
[f=11.347] Expanded: 169, Generated: 615
[f=11.353] Expanded: 169, Generated: 616
[f=11.353] Expanded: 169, Generated: 617
[f=11.360] Expanded: 169, Generated: 618
[f=11.366] Expanded: 169, Generated: 619
[f=11.372] Expanded: 169, Generated: 620
[f=11.394] Expanded: 169, Generated: 621
[f=11.162] Expanded: 170, Generated: 623
[f=11.318] Expanded: 170, Generated: 624
[f=11.397] Expanded: 170, Generated: 625
[f=11.398] Expanded: 170, Generated: 626
[f=11.399] Expanded: 170, Generated: 627
[f=11.253] Expanded: 172, Generated: 629
[f=11.364] Expanded: 172, Generated: 630
[f=11.406] Expanded: 172, Generated: 631
[f=11.408] Expanded: 172, Generated: 632
[f=11.409] Expanded: 172, Generated: 633
[f=11.240] Expanded: 173, Generated: 635
[f=11.415] Expanded: 173, Generated: 636
[f=11.423] Expanded: 173, Generated: 637
[f=11.429] Expanded: 174, Generated: 638
[f=11.439] Expanded: 175, Generated: 639
[f=11.446] Expanded: 175, Generated: 640
[f=11.448] Expanded: 175, Generated: 641
[f=11.455] Expanded: 175, Generated: 642
[f=11.457] Expanded: 176, Generated: 643
[f=11.457] Expanded: 176, Generated: 644
[f=11.460] Expanded: 176, Generated: 645
[f=11.468] Expanded: 176, Generated: 646
[f=11.473] Expanded: 176, Generated: 647
[f=11.483] Expanded: 176, Generated: 648
[f=11.483] Expanded: 176, Generated: 649
[f=11.484] Expanded: 176, Generated: 650
[f=11.490] Expanded: 176, Generated: 651
[f=11.494] Expanded: 176, Generated: 652
[f=11.507] Expanded: 176, Generated: 653
[f=11.516] Expanded: 176, Generated: 654
[f=11.517] Expanded: 176, Generated: 655
[f=11.517] Expanded: 177, Generated: 656
[f=11.524] Expanded: 178, Generated: 657
[f=11.526] Expanded: 178, Generated: 658
[f=11.536] Expanded: 178, Generated: 659
[f=11.537] Expanded: 178, Generated: 660
[f=11.538] Expanded: 178, Generated: 661
[f=11.544] Expanded: 178, Generated: 662
[f=11.550] Expanded: 178, Generated: 663
[f=11.562] Expanded: 178, Generated: 664
[f=11.244] Expanded: 180, Generated: 666
[f=11.397] Expanded: 180, Generated: 667
[f=11.571] Expanded: 181, Generated: 668
[f=11.577] Expanded: 181, Generated: 669
[f=11.580] Expanded: 181, Generated: 670
[f=11.587] Expanded: 181, Generated: 671
[f=11.590] Expanded: 181, Generated: 672
[f=11.596] Expanded: 181, Generated: 673
[f=11.596] Expanded: 181, Generated: 674
[f=11.601] Expanded: 182, Generated: 675
[f=11.613] Expanded: 182, Generated: 676
[f=11.614] Expanded: 182, Generated: 677
[f=11.615] Expanded: 182, Generated: 678
[f=9.234] Expanded: 183, Generated: 680
[f=9.398] Expanded: 183, Generated: 681
[f=9.676] Expanded: 184, Generated: 682
[f=9.719] Expanded: 184, Generated: 683
[f=10.199] Expanded: 185, Generated: 684
[f=10.488] Expanded: 185, Generated: 685
[f=10.913] Expanded: 185, Generated: 686
[f=11.322] Expanded: 186, Generated: 687
[f=11.422] Expanded: 186, Generated: 688
[f=11.509] Expanded: 187, Generated: 689
[f=11.625] Expanded: 187, Generated: 690
[f=11.626] Expanded: 187, Generated: 691
[f=11.634] Expanded: 187, Generated: 692
[f=11.635] Expanded: 187, Generated: 693
[f=11.642] Expanded: 187, Generated: 694
[f=11.640] Expanded: 188, Generated: 696
[f=11.650] Expanded: 188, Generated: 697
[f=11.662] Expanded: 189, Generated: 698
[f=11.662] Expanded: 189, Generated: 699
[f=11.457] Expanded: 190, Generated: 701
[f=11.583] Expanded: 190, Generated: 702
[f=11.667] Expanded: 190, Generated: 703
[f=11.669] Expanded: 190, Generated: 704
[f=11.669] Expanded: 190, Generated: 705
[f=11.672] Expanded: 190, Generated: 706
[f=11.673] Expanded: 190, Generated: 707
[f=11.677] Expanded: 190, Generated: 708
[f=11.682] Expanded: 191, Generated: 709
[f=11.682] Expanded: 191, Generated: 710
[f=11.697] Expanded: 191, Generated: 711
[f=11.700] Expanded: 191, Generated: 712
[f=11.703] Expanded: 192, Generated: 713
[f=11.703] Expanded: 192, Generated: 714
[f=11.708] Expanded: 192, Generated: 715
[f=11.711] Expanded: 192, Generated: 716
[f=11.715] Expanded: 192, Generated: 717
[f=11.715] Expanded: 193, Generated: 718
[f=11.722] Expanded: 193, Generated: 719
[f=11.726] Expanded: 193, Generated: 720
[f=11.734] Expanded: 193, Generated: 721
[f=11.736] Expanded: 193, Generated: 722
[f=11.362] Expanded: 194, Generated: 724
[f=11.513] Expanded: 194, Generated: 725
[f=11.742] Expanded: 194, Generated: 726
[f=11.745] Expanded: 194, Generated: 727
[f=11.755] Expanded: 195, Generated: 728
[f=11.755] Expanded: 196, Generated: 729
[f=11.756] Expanded: 196, Generated: 730
[f=11.649] Expanded: 198, Generated: 732
[f=11.759] Expanded: 198, Generated: 733
[f=11.761] Expanded: 199, Generated: 734
[f=11.767] Expanded: 199, Generated: 735
[f=11.776] Expanded: 199, Generated: 736
[f=11.779] Expanded: 199, Generated: 737
[f=11.783] Expanded: 199, Generated: 738
[f=11.784] Expanded: 199, Generated: 739
[f=11.784] Expanded: 199, Generated: 740
[f=11.789] Expanded: 199, Generated: 741
[f=11.792] Expanded: 200, Generated: 742
[f=11.797] Expanded: 200, Generated: 743
[f=11.799] Expanded: 201, Generated: 744
[f=11.810] Expanded: 201, Generated: 745
[f=11.810] Expanded: 202, Generated: 746
[f=11.654] Expanded: 203, Generated: 748
[f=11.831] Expanded: 203, Generated: 749
[f=11.833] Expanded: 203, Generated: 750
[f=11.834] Expanded: 204, Generated: 751
[f=11.841] Expanded: 204, Generated: 752
[f=11.841] Expanded: 204, Generated: 753
[f=11.844] Expanded: 204, Generated: 754
[f=11.845] Expanded: 204, Generated: 755
[f=11.847] Expanded: 204, Generated: 756
[f=11.851] Expanded: 204, Generated: 757
[f=11.859] Expanded: 204, Generated: 758
[f=11.859] Expanded: 204, Generated: 759
[f=11.860] Expanded: 204, Generated: 760
[f=9.996] Expanded: 205, Generated: 762
[f=10.154] Expanded: 205, Generated: 763
[f=10.274] Expanded: 206, Generated: 764
[f=10.530] Expanded: 207, Generated: 765
[f=9.855] Expanded: 208, Generated: 767
[f=9.978] Expanded: 208, Generated: 768
[f=10.324] Expanded: 209, Generated: 769
[f=10.372] Expanded: 210, Generated: 770
[f=10.392] Expanded: 211, Generated: 771
[f=10.916] Expanded: 212, Generated: 772
[f=10.962] Expanded: 212, Generated: 773
[f=10.964] Expanded: 212, Generated: 774
[f=11.237] Expanded: 212, Generated: 775
[f=11.434] Expanded: 212, Generated: 776
[f=11.534] Expanded: 212, Generated: 777
[f=11.628] Expanded: 214, Generated: 779
[f=11.820] Expanded: 214, Generated: 780
[f=11.863] Expanded: 214, Generated: 781
[f=11.873] Expanded: 215, Generated: 782
[f=11.890] Expanded: 215, Generated: 783
[f=11.894] Expanded: 215, Generated: 784
[f=11.895] Expanded: 216, Generated: 785
[f=11.895] Expanded: 216, Generated: 786
[f=11.899] Expanded: 216, Generated: 787
[f=11.908] Expanded: 216, Generated: 788
[f=11.914] Expanded: 216, Generated: 789
[f=11.916] Expanded: 216, Generated: 790
[f=11.916] Expanded: 216, Generated: 791
[f=11.927] Expanded: 216, Generated: 792
[f=11.934] Expanded: 216, Generated: 793
[f=11.942] Expanded: 216, Generated: 794
[f=11.947] Expanded: 216, Generated: 795
[f=11.948] Expanded: 216, Generated: 796
[f=11.958] Expanded: 217, Generated: 797
[f=11.958] Expanded: 217, Generated: 798
[f=11.968] Expanded: 217, Generated: 799
[f=11.969] Expanded: 217, Generated: 800
[f=11.971] Expanded: 217, Generated: 801
[f=11.957] Expanded: 218, Generated: 803
[f=11.979] Expanded: 218, Generated: 804
[f=11.980] Expanded: 218, Generated: 805
[f=11.984] Expanded: 218, Generated: 806
[f=11.985] Expanded: 218, Generated: 807
[f=11.985] Expanded: 218, Generated: 808
[f=11.986] Expanded: 218, Generated: 809
[f=11.986] Expanded: 218, Generated: 810
[f=11.986] Expanded: 218, Generated: 811
[f=11.990] Expanded: 219, Generated: 812
[f=11.992] Expanded: 219, Generated: 813
[f=11.993] Expanded: 219, Generated: 814
[f=11.994] Expanded: 219, Generated: 815
[f=11.997] Expanded: 219, Generated: 816
[f=11.997] Expanded: 219, Generated: 817
[f=12.004] Expanded: 219, Generated: 818
[f=12.004] Expanded: 220, Generated: 819
[f=12.005] Expanded: 220, Generated: 820
[f=12.008] Expanded: 220, Generated: 821
[f=12.009] Expanded: 220, Generated: 822
[f=12.016] Expanded: 220, Generated: 823
[f=12.018] Expanded: 220, Generated: 824
[f=12.025] Expanded: 220, Generated: 825
[f=12.027] Expanded: 221, Generated: 826
[f=12.027] Expanded: 221, Generated: 827
[f=12.031] Expanded: 221, Generated: 828
[f=12.033] Expanded: 221, Generated: 829
[f=12.041] Expanded: 221, Generated: 830
[f=12.042] Expanded: 221, Generated: 831
[f=12.042] Expanded: 221, Generated: 832
[f=12.048] Expanded: 222, Generated: 833
[f=12.055] Expanded: 222, Generated: 834
[f=12.059] Expanded: 222, Generated: 835
[f=12.063] Expanded: 222, Generated: 836
[f=12.072] Expanded: 222, Generated: 837
[f=12.075] Expanded: 222, Generated: 838
[f=12.077] Expanded: 222, Generated: 839
[f=12.082] Expanded: 222, Generated: 840
[f=12.083] Expanded: 222, Generated: 841
[f=12.084] Expanded: 222, Generated: 842
[f=12.089] Expanded: 222, Generated: 843
[f=12.089] Expanded: 222, Generated: 844
[f=12.091] Expanded: 222, Generated: 845
[f=12.111] Expanded: 222, Generated: 846
[f=12.113] Expanded: 222, Generated: 847
[f=12.116] Expanded: 222, Generated: 848
[f=12.123] Expanded: 223, Generated: 849
[f=12.127] Expanded: 223, Generated: 850
[f=12.130] Expanded: 223, Generated: 851
[f=12.134] Expanded: 223, Generated: 852
[f=12.138] Expanded: 223, Generated: 853
[f=12.138] Expanded: 223, Generated: 854
[f=12.140] Expanded: 223, Generated: 855
[f=12.148] Expanded: 223, Generated: 856
[f=12.150] Expanded: 223, Generated: 857
[f=12.152] Expanded: 223, Generated: 858
[f=12.152] Expanded: 223, Generated: 859
[f=12.153] Expanded: 223, Generated: 860
[f=12.156] Expanded: 223, Generated: 861
[f=12.169] Expanded: 223, Generated: 862
[f=12.179] Expanded: 223, Generated: 863
[f=12.185] Expanded: 223, Generated: 864
[f=12.189] Expanded: 223, Generated: 865
[f=12.192] Expanded: 223, Generated: 866
[f=12.196] Expanded: 223, Generated: 867
[f=12.201] Expanded: 223, Generated: 868
[f=12.203] Expanded: 224, Generated: 869
[f=12.206] Expanded: 224, Generated: 870
[f=12.212] Expanded: 225, Generated: 871
[f=12.218] Expanded: 225, Generated: 872
[f=12.223] Expanded: 225, Generated: 873
[f=12.226] Expanded: 225, Generated: 874
[f=12.228] Expanded: 225, Generated: 875
[f=12.231] Expanded: 226, Generated: 876
[f=12.232] Expanded: 227, Generated: 877
[f=12.236] Expanded: 228, Generated: 878
[f=12.238] Expanded: 228, Generated: 879
[f=12.240] Expanded: 228, Generated: 880
[f=12.252] Expanded: 228, Generated: 881
[f=10.865] Expanded: 229, Generated: 883
[f=10.944] Expanded: 230, Generated: 884
[f=11.415] Expanded: 230, Generated: 885
[f=11.872] Expanded: 230, Generated: 886
[f=12.011] Expanded: 230, Generated: 887
[f=12.014] Expanded: 230, Generated: 888
[f=11.999] Expanded: 231, Generated: 890
[f=12.081] Expanded: 232, Generated: 891
[f=12.258] Expanded: 233, Generated: 892
[f=12.260] Expanded: 234, Generated: 893
[f=12.264] Expanded: 234, Generated: 894
[f=12.264] Expanded: 235, Generated: 895
[f=12.265] Expanded: 235, Generated: 896
[f=12.272] Expanded: 236, Generated: 897
[f=12.277] Expanded: 236, Generated: 898
[f=12.278] Expanded: 236, Generated: 899
[f=12.279] Expanded: 237, Generated: 900
[f=11.889] Expanded: 238, Generated: 902
[f=12.006] Expanded: 238, Generated: 903
[f=12.009] Expanded: 238, Generated: 904
[f=12.220] Expanded: 238, Generated: 905
[f=12.287] Expanded: 238, Generated: 906
[f=12.294] Expanded: 239, Generated: 907
[f=12.297] Expanded: 239, Generated: 908
[f=12.298] Expanded: 240, Generated: 909
[f=12.302] Expanded: 240, Generated: 910
[f=12.303] Expanded: 240, Generated: 911
[f=12.310] Expanded: 241, Generated: 912
[f=12.312] Expanded: 242, Generated: 913
[f=12.315] Expanded: 242, Generated: 914
[f=12.316] Expanded: 242, Generated: 915
[f=12.318] Expanded: 242, Generated: 916
[f=12.318] Expanded: 242, Generated: 917
[f=12.318] Expanded: 242, Generated: 918
[f=12.330] Expanded: 242, Generated: 919
[f=12.334] Expanded: 242, Generated: 920
[f=12.337] Expanded: 242, Generated: 921
[f=12.340] Expanded: 242, Generated: 922
[f=12.340] Expanded: 242, Generated: 923
[f=12.341] Expanded: 242, Generated: 924
[f=12.342] Expanded: 242, Generated: 925
[f=11.936] Expanded: 243, Generated: 927
[f=12.031] Expanded: 243, Generated: 928
[f=12.141] Expanded: 244, Generated: 929
[f=12.351] Expanded: 245, Generated: 930
[f=12.353] Expanded: 245, Generated: 931
[f=12.355] Expanded: 245, Generated: 932
[f=12.356] Expanded: 245, Generated: 933
[f=12.370] Expanded: 245, Generated: 934
[f=12.371] Expanded: 245, Generated: 935
[f=12.383] Expanded: 245, Generated: 936
[f=12.386] Expanded: 245, Generated: 937
[f=12.392] Expanded: 245, Generated: 938
[f=12.395] Expanded: 245, Generated: 939
[f=12.401] Expanded: 245, Generated: 940
[f=12.405] Expanded: 245, Generated: 941
[f=12.416] Expanded: 245, Generated: 942
[f=12.416] Expanded: 245, Generated: 943
[f=12.419] Expanded: 245, Generated: 944
[f=12.423] Expanded: 245, Generated: 945
[f=12.424] Expanded: 245, Generated: 946
[f=12.431] Expanded: 245, Generated: 947
[f=12.438] Expanded: 245, Generated: 948
[f=11.852] Expanded: 247, Generated: 950
[f=12.135] Expanded: 247, Generated: 951
[f=12.374] Expanded: 247, Generated: 952
[f=12.441] Expanded: 247, Generated: 953
[f=12.451] Expanded: 248, Generated: 954
[f=12.453] Expanded: 248, Generated: 955
[f=12.460] Expanded: 248, Generated: 956
[f=12.465] Expanded: 248, Generated: 957
[f=12.470] Expanded: 248, Generated: 958
[f=12.472] Expanded: 248, Generated: 959
[f=12.475] Expanded: 248, Generated: 960
[f=12.481] Expanded: 249, Generated: 961
[f=12.488] Expanded: 249, Generated: 962
[f=12.489] Expanded: 249, Generated: 963
[f=12.490] Expanded: 249, Generated: 964
[f=12.497] Expanded: 249, Generated: 965
[f=12.502] Expanded: 249, Generated: 966
[f=12.509] Expanded: 250, Generated: 967
[f=12.510] Expanded: 250, Generated: 968
[f=12.513] Expanded: 250, Generated: 969
[f=12.513] Expanded: 250, Generated: 970
[f=12.517] Expanded: 250, Generated: 971
[f=12.518] Expanded: 250, Generated: 972
[f=12.520] Expanded: 251, Generated: 973
[f=12.523] Expanded: 252, Generated: 974
[f=12.527] Expanded: 253, Generated: 975
[f=12.531] Expanded: 253, Generated: 976
[f=12.537] Expanded: 253, Generated: 977
[f=12.538] Expanded: 253, Generated: 978
[f=12.540] Expanded: 254, Generated: 979
[f=12.544] Expanded: 254, Generated: 980
[f=12.550] Expanded: 254, Generated: 981
[f=12.556] Expanded: 254, Generated: 982
[f=12.558] Expanded: 254, Generated: 983
[f=12.560] Expanded: 254, Generated: 984
[f=12.562] Expanded: 254, Generated: 985
[f=12.563] Expanded: 254, Generated: 986
[f=9.325] Expanded: 255, Generated: 988
[f=9.519] Expanded: 255, Generated: 989
[f=9.618] Expanded: 256, Generated: 990
[f=10.114] Expanded: 257, Generated: 991
[f=10.179] Expanded: 257, Generated: 992
[f=10.327] Expanded: 258, Generated: 993
[f=10.355] Expanded: 258, Generated: 994
[f=10.451] Expanded: 259, Generated: 995
[f=10.592] Expanded: 259, Generated: 996
[f=10.603] Expanded: 259, Generated: 997
[f=10.994] Expanded: 259, Generated: 998
[f=11.126] Expanded: 260, Generated: 999
[f=11.522] Expanded: 260, Generated: 1000
[f=11.487] Expanded: 261, Generated: 1002
[f=11.702] Expanded: 261, Generated: 1003
[f=11.711] Expanded: 261, Generated: 1004
[f=11.791] Expanded: 261, Generated: 1005
[f=11.837] Expanded: 261, Generated: 1006
[f=12.211] Expanded: 262, Generated: 1007
[f=12.283] Expanded: 264, Generated: 1009
[f=12.374] Expanded: 264, Generated: 1010
[f=12.451] Expanded: 264, Generated: 1011
[f=12.491] Expanded: 264, Generated: 1012
[f=12.505] Expanded: 264, Generated: 1013
[f=12.568] Expanded: 264, Generated: 1014
[f=12.569] Expanded: 265, Generated: 1015
[f=12.573] Expanded: 265, Generated: 1016
[f=12.574] Expanded: 265, Generated: 1017
[f=12.575] Expanded: 265, Generated: 1018
[f=12.576] Expanded: 265, Generated: 1019
[f=12.580] Expanded: 265, Generated: 1020
[f=12.591] Expanded: 265, Generated: 1021
[f=12.592] Expanded: 265, Generated: 1022
[f=12.594] Expanded: 265, Generated: 1023
[f=12.594] Expanded: 265, Generated: 1024
[f=12.597] Expanded: 265, Generated: 1025
[f=12.599] Expanded: 265, Generated: 1026
[f=12.606] Expanded: 266, Generated: 1027
[f=12.610] Expanded: 266, Generated: 1028
[f=12.612] Expanded: 267, Generated: 1029
[f=12.612] Expanded: 267, Generated: 1030
[f=12.613] Expanded: 267, Generated: 1031
[f=12.615] Expanded: 267, Generated: 1032
[f=12.620] Expanded: 267, Generated: 1033
[f=12.622] Expanded: 267, Generated: 1034
[f=12.626] Expanded: 268, Generated: 1035
[f=12.627] Expanded: 269, Generated: 1036
[f=12.642] Expanded: 269, Generated: 1037
[f=12.642] Expanded: 269, Generated: 1038
[f=12.108] Expanded: 271, Generated: 1040
[f=12.137] Expanded: 271, Generated: 1041
[f=12.382] Expanded: 271, Generated: 1042
[f=12.644] Expanded: 271, Generated: 1043
[f=12.650] Expanded: 271, Generated: 1044
[f=12.659] Expanded: 272, Generated: 1045
[f=12.671] Expanded: 272, Generated: 1046
[f=12.685] Expanded: 272, Generated: 1047
[f=12.686] Expanded: 272, Generated: 1048
[f=12.694] Expanded: 272, Generated: 1049
[f=12.699] Expanded: 272, Generated: 1050
[f=12.700] Expanded: 272, Generated: 1051
[f=12.704] Expanded: 272, Generated: 1052
[f=12.705] Expanded: 272, Generated: 1053
[f=12.709] Expanded: 273, Generated: 1054
[f=12.711] Expanded: 273, Generated: 1055
[f=12.716] Expanded: 273, Generated: 1056
[f=12.720] Expanded: 273, Generated: 1057
[f=12.722] Expanded: 273, Generated: 1058
[f=12.726] Expanded: 273, Generated: 1059
[f=12.732] Expanded: 273, Generated: 1060
[f=12.737] Expanded: 273, Generated: 1061
[f=11.092] Expanded: 274, Generated: 1063
[f=11.192] Expanded: 274, Generated: 1064
[f=11.750] Expanded: 274, Generated: 1065
[f=12.103] Expanded: 274, Generated: 1066
[f=12.294] Expanded: 274, Generated: 1067
[f=12.310] Expanded: 274, Generated: 1068
[f=12.336] Expanded: 275, Generated: 1070
[f=12.749] Expanded: 275, Generated: 1071
[f=12.752] Expanded: 275, Generated: 1072
[f=12.755] Expanded: 275, Generated: 1073
[f=12.756] Expanded: 275, Generated: 1074
[f=12.758] Expanded: 276, Generated: 1075
[f=12.434] Expanded: 277, Generated: 1077
[f=12.763] Expanded: 277, Generated: 1078
[f=12.735] Expanded: 278, Generated: 1080
[f=12.767] Expanded: 278, Generated: 1081
[f=12.767] Expanded: 278, Generated: 1082
[f=12.773] Expanded: 278, Generated: 1083
[f=12.774] Expanded: 278, Generated: 1084
[f=12.786] Expanded: 278, Generated: 1085
[f=12.787] Expanded: 278, Generated: 1086
[f=12.789] Expanded: 278, Generated: 1087
[f=12.793] Expanded: 278, Generated: 1088
[f=12.802] Expanded: 278, Generated: 1089
[f=12.817] Expanded: 278, Generated: 1090
[f=12.823] Expanded: 278, Generated: 1091
[f=12.825] Expanded: 278, Generated: 1092
[f=12.825] Expanded: 278, Generated: 1093
[f=12.828] Expanded: 278, Generated: 1094
[f=12.828] Expanded: 279, Generated: 1095
[f=12.833] Expanded: 279, Generated: 1096
[f=12.835] Expanded: 279, Generated: 1097
[f=12.836] Expanded: 279, Generated: 1098
[f=12.838] Expanded: 280, Generated: 1099
[f=12.846] Expanded: 280, Generated: 1100
[f=12.850] Expanded: 280, Generated: 1101
[f=12.850] Expanded: 281, Generated: 1102
[f=12.761] Expanded: 282, Generated: 1104
[f=12.863] Expanded: 282, Generated: 1105
[f=12.864] Expanded: 282, Generated: 1106
[f=12.865] Expanded: 282, Generated: 1107
[f=12.865] Expanded: 282, Generated: 1108
[f=12.869] Expanded: 282, Generated: 1109
[f=12.870] Expanded: 282, Generated: 1110
[f=12.878] Expanded: 282, Generated: 1111
[f=12.878] Expanded: 282, Generated: 1112
[f=12.879] Expanded: 282, Generated: 1113
[f=12.883] Expanded: 283, Generated: 1114
[f=12.885] Expanded: 283, Generated: 1115
[f=12.892] Expanded: 283, Generated: 1116
[f=12.900] Expanded: 283, Generated: 1117
[f=12.902] Expanded: 283, Generated: 1118
[f=12.905] Expanded: 283, Generated: 1119
[f=12.908] Expanded: 284, Generated: 1120
[f=12.908] Expanded: 284, Generated: 1121
[f=12.914] Expanded: 284, Generated: 1122
[f=12.919] Expanded: 285, Generated: 1123
[f=12.919] Expanded: 285, Generated: 1124
[f=12.922] Expanded: 285, Generated: 1125
[f=12.924] Expanded: 285, Generated: 1126
[f=12.924] Expanded: 285, Generated: 1127
[f=12.927] Expanded: 285, Generated: 1128
[f=12.930] Expanded: 285, Generated: 1129
[f=12.678] Expanded: 286, Generated: 1131
[f=12.758] Expanded: 287, Generated: 1132
[f=12.797] Expanded: 287, Generated: 1133
[f=12.934] Expanded: 287, Generated: 1134
[f=12.935] Expanded: 287, Generated: 1135
[f=12.941] Expanded: 287, Generated: 1136
[f=12.951] Expanded: 287, Generated: 1137
[f=12.957] Expanded: 287, Generated: 1138
[f=12.964] Expanded: 287, Generated: 1139
[f=11.965] Expanded: 288, Generated: 1141
[f=11.971] Expanded: 288, Generated: 1142
[f=12.147] Expanded: 288, Generated: 1143
[f=12.271] Expanded: 289, Generated: 1144
[f=12.942] Expanded: 290, Generated: 1145
[f=12.969] Expanded: 290, Generated: 1146
[f=12.972] Expanded: 290, Generated: 1147
[f=12.976] Expanded: 291, Generated: 1148
[f=12.980] Expanded: 292, Generated: 1149
[f=12.980] Expanded: 292, Generated: 1150
[f=12.982] Expanded: 292, Generated: 1151
[f=12.983] Expanded: 292, Generated: 1152
[f=12.985] Expanded: 292, Generated: 1153
[f=12.987] Expanded: 293, Generated: 1154
[f=12.987] Expanded: 293, Generated: 1155
[f=12.988] Expanded: 293, Generated: 1156
[f=12.993] Expanded: 293, Generated: 1157
[f=12.995] Expanded: 293, Generated: 1158
[f=12.996] Expanded: 293, Generated: 1159
[f=12.996] Expanded: 293, Generated: 1160
[f=12.997] Expanded: 293, Generated: 1161
[f=12.999] Expanded: 293, Generated: 1162
[f=13.000] Expanded: 293, Generated: 1163
[f=13.001] Expanded: 293, Generated: 1164
[f=13.003] Expanded: 293, Generated: 1165
[f=13.007] Expanded: 293, Generated: 1166
[f=13.008] Expanded: 293, Generated: 1167
[f=13.010] Expanded: 293, Generated: 1168
[f=13.014] Expanded: 293, Generated: 1169
[f=13.014] Expanded: 293, Generated: 1170
[f=13.015] Expanded: 293, Generated: 1171
[f=13.016] Expanded: 293, Generated: 1172
[f=13.019] Expanded: 293, Generated: 1173
[f=13.020] Expanded: 293, Generated: 1174
[f=13.021] Expanded: 293, Generated: 1175
[f=13.021] Expanded: 293, Generated: 1176
[f=13.024] Expanded: 293, Generated: 1177
[f=13.025] Expanded: 294, Generated: 1178
[f=13.025] Expanded: 295, Generated: 1179
[f=13.027] Expanded: 295, Generated: 1180
[f=13.030] Expanded: 295, Generated: 1181
[f=13.038] Expanded: 295, Generated: 1182
[f=13.040] Expanded: 295, Generated: 1183
[f=13.046] Expanded: 296, Generated: 1184
[f=13.047] Expanded: 296, Generated: 1185
[f=13.048] Expanded: 296, Generated: 1186
[f=13.049] Expanded: 296, Generated: 1187
[f=13.054] Expanded: 296, Generated: 1188
[f=13.056] Expanded: 296, Generated: 1189
[f=13.059] Expanded: 296, Generated: 1190
[f=13.063] Expanded: 296, Generated: 1191
[f=13.063] Expanded: 296, Generated: 1192
[f=13.065] Expanded: 296, Generated: 1193
[f=13.069] Expanded: 297, Generated: 1194
[f=13.071] Expanded: 298, Generated: 1195
[f=13.071] Expanded: 298, Generated: 1196
[f=13.072] Expanded: 298, Generated: 1197
[f=13.074] Expanded: 298, Generated: 1198
[f=13.075] Expanded: 298, Generated: 1199
[f=13.075] Expanded: 298, Generated: 1200
[f=13.075] Expanded: 298, Generated: 1201
[f=13.077] Expanded: 298, Generated: 1202
[f=13.077] Expanded: 299, Generated: 1203
[f=13.080] Expanded: 300, Generated: 1204
[f=13.081] Expanded: 301, Generated: 1205
[f=13.085] Expanded: 301, Generated: 1206
[f=13.088] Expanded: 302, Generated: 1207
[f=13.092] Expanded: 302, Generated: 1208
[f=13.095] Expanded: 302, Generated: 1209
[f=13.098] Expanded: 302, Generated: 1210
[f=13.103] Expanded: 302, Generated: 1211
[f=13.103] Expanded: 302, Generated: 1212
[f=13.110] Expanded: 302, Generated: 1213
[f=13.110] Expanded: 302, Generated: 1214
[f=13.110] Expanded: 302, Generated: 1215
[f=13.112] Expanded: 302, Generated: 1216
[f=13.114] Expanded: 303, Generated: 1217
[f=13.115] Expanded: 303, Generated: 1218
[f=13.118] Expanded: 303, Generated: 1219
[f=13.121] Expanded: 304, Generated: 1220
[f=13.125] Expanded: 304, Generated: 1221
[f=13.125] Expanded: 304, Generated: 1222
[f=13.125] Expanded: 304, Generated: 1223
[f=13.130] Expanded: 304, Generated: 1224
[f=13.131] Expanded: 304, Generated: 1225
[f=13.132] Expanded: 304, Generated: 1226
[f=13.134] Expanded: 305, Generated: 1227
[f=13.143] Expanded: 305, Generated: 1228
[f=13.153] Expanded: 305, Generated: 1229
[f=13.156] Expanded: 305, Generated: 1230
[f=13.160] Expanded: 305, Generated: 1231
[f=13.167] Expanded: 305, Generated: 1232
[f=13.169] Expanded: 305, Generated: 1233
[f=13.170] Expanded: 305, Generated: 1234
[f=13.171] Expanded: 305, Generated: 1235
[f=13.172] Expanded: 305, Generated: 1236
[f=13.175] Expanded: 305, Generated: 1237
[f=13.178] Expanded: 305, Generated: 1238
[f=12.645] Expanded: 307, Generated: 1240
[f=12.878] Expanded: 307, Generated: 1241
[f=13.168] Expanded: 307, Generated: 1242
[f=13.184] Expanded: 307, Generated: 1243
[f=13.185] Expanded: 307, Generated: 1244
[f=13.188] Expanded: 307, Generated: 1245
[f=13.189] Expanded: 307, Generated: 1246
[f=13.190] Expanded: 307, Generated: 1247
[f=13.194] Expanded: 307, Generated: 1248
[f=13.198] Expanded: 307, Generated: 1249
[f=13.204] Expanded: 308, Generated: 1250
[f=13.205] Expanded: 308, Generated: 1251
[f=13.206] Expanded: 308, Generated: 1252
[f=13.208] Expanded: 308, Generated: 1253
[f=13.210] Expanded: 308, Generated: 1254
[f=13.214] Expanded: 308, Generated: 1255
[f=13.216] Expanded: 308, Generated: 1256
[f=13.218] Expanded: 308, Generated: 1257
[f=13.218] Expanded: 308, Generated: 1258
[f=13.221] Expanded: 309, Generated: 1259
[f=13.221] Expanded: 310, Generated: 1260
[f=13.223] Expanded: 310, Generated: 1261
[f=13.224] Expanded: 310, Generated: 1262
[f=13.229] Expanded: 310, Generated: 1263
[f=13.230] Expanded: 310, Generated: 1264
[f=13.230] Expanded: 310, Generated: 1265
[f=13.239] Expanded: 310, Generated: 1266
[f=13.240] Expanded: 310, Generated: 1267
[f=13.240] Expanded: 310, Generated: 1268
[f=12.444] Expanded: 311, Generated: 1270
[f=12.668] Expanded: 312, Generated: 1271
[f=12.846] Expanded: 312, Generated: 1272
[f=13.239] Expanded: 312, Generated: 1273
[f=13.242] Expanded: 312, Generated: 1274
[f=13.243] Expanded: 312, Generated: 1275
[f=13.245] Expanded: 312, Generated: 1276
[f=13.252] Expanded: 313, Generated: 1277
[f=13.254] Expanded: 313, Generated: 1278
[f=13.256] Expanded: 313, Generated: 1279
[f=13.256] Expanded: 314, Generated: 1280
[f=13.259] Expanded: 314, Generated: 1281
[f=13.261] Expanded: 314, Generated: 1282
[f=13.264] Expanded: 314, Generated: 1283
[f=13.264] Expanded: 314, Generated: 1284
[f=13.274] Expanded: 314, Generated: 1285
[f=13.280] Expanded: 314, Generated: 1286
[f=13.280] Expanded: 315, Generated: 1287
[f=13.280] Expanded: 315, Generated: 1288
[f=13.283] Expanded: 315, Generated: 1289
[f=13.290] Expanded: 316, Generated: 1290
[f=13.292] Expanded: 316, Generated: 1291
[f=13.298] Expanded: 316, Generated: 1292
[f=13.302] Expanded: 316, Generated: 1293
[f=13.303] Expanded: 316, Generated: 1294
[f=13.306] Expanded: 316, Generated: 1295
[f=13.308] Expanded: 316, Generated: 1296
[f=13.312] Expanded: 316, Generated: 1297
[f=13.315] Expanded: 316, Generated: 1298
[f=13.318] Expanded: 316, Generated: 1299
[f=13.320] Expanded: 316, Generated: 1300
[f=13.323] Expanded: 316, Generated: 1301
[f=13.325] Expanded: 316, Generated: 1302
[f=13.325] Expanded: 316, Generated: 1303
[f=13.326] Expanded: 316, Generated: 1304
[f=13.337] Expanded: 316, Generated: 1305
[f=13.339] Expanded: 316, Generated: 1306
[f=13.343] Expanded: 316, Generated: 1307
[f=13.348] Expanded: 316, Generated: 1308
[f=13.350] Expanded: 316, Generated: 1309
[f=13.352] Expanded: 316, Generated: 1310
[f=13.358] Expanded: 316, Generated: 1311
[f=13.364] Expanded: 316, Generated: 1312
[f=13.366] Expanded: 316, Generated: 1313
[f=13.376] Expanded: 316, Generated: 1314
[f=13.377] Expanded: 317, Generated: 1315
[f=13.380] Expanded: 318, Generated: 1316
[f=13.380] Expanded: 318, Generated: 1317
[f=13.386] Expanded: 319, Generated: 1318
[f=13.401] Expanded: 319, Generated: 1319
[f=13.405] Expanded: 319, Generated: 1320
[f=13.409] Expanded: 319, Generated: 1321
[f=13.409] Expanded: 319, Generated: 1322
[f=13.414] Expanded: 319, Generated: 1323
[f=13.415] Expanded: 319, Generated: 1324
[f=13.416] Expanded: 319, Generated: 1325
[f=13.419] Expanded: 319, Generated: 1326
[f=13.429] Expanded: 319, Generated: 1327
[f=13.430] Expanded: 320, Generated: 1328
[f=13.431] Expanded: 320, Generated: 1329
[f=13.431] Expanded: 321, Generated: 1330
[f=13.433] Expanded: 321, Generated: 1331
[f=13.440] Expanded: 321, Generated: 1332
[f=13.333] Expanded: 322, Generated: 1334
[f=13.452] Expanded: 322, Generated: 1335
[f=13.458] Expanded: 322, Generated: 1336
[f=13.459] Expanded: 322, Generated: 1337
[f=13.461] Expanded: 322, Generated: 1338
[f=12.904] Expanded: 323, Generated: 1340
[f=12.961] Expanded: 324, Generated: 1341
[f=13.200] Expanded: 325, Generated: 1342
[f=13.444] Expanded: 326, Generated: 1343
[f=13.463] Expanded: 326, Generated: 1344
[f=13.464] Expanded: 326, Generated: 1345
[f=13.465] Expanded: 326, Generated: 1346
[f=13.468] Expanded: 326, Generated: 1347
[f=13.469] Expanded: 326, Generated: 1348
[f=13.472] Expanded: 326, Generated: 1349
[f=12.261] Expanded: 328, Generated: 1351
[f=12.431] Expanded: 328, Generated: 1352
[f=13.036] Expanded: 329, Generated: 1353
[f=13.256] Expanded: 329, Generated: 1354
[f=13.306] Expanded: 330, Generated: 1355
[f=13.474] Expanded: 330, Generated: 1356
[f=13.475] Expanded: 330, Generated: 1357
[f=13.476] Expanded: 331, Generated: 1358
[f=13.478] Expanded: 332, Generated: 1359
[f=13.479] Expanded: 332, Generated: 1360
[f=13.485] Expanded: 332, Generated: 1361
[f=13.488] Expanded: 332, Generated: 1362
[f=13.490] Expanded: 333, Generated: 1363
[f=12.690] Expanded: 334, Generated: 1365
[f=13.036] Expanded: 334, Generated: 1366
[f=13.242] Expanded: 334, Generated: 1367
[f=13.497] Expanded: 335, Generated: 1368
[f=13.499] Expanded: 336, Generated: 1369
[f=13.499] Expanded: 336, Generated: 1370
[f=13.500] Expanded: 336, Generated: 1371
[f=13.501] Expanded: 337, Generated: 1372
[f=13.381] Expanded: 339, Generated: 1374
[f=13.509] Expanded: 339, Generated: 1375
[f=13.518] Expanded: 339, Generated: 1376
[f=13.354] Expanded: 340, Generated: 1378
[f=13.516] Expanded: 340, Generated: 1379
[f=13.524] Expanded: 340, Generated: 1380
[f=13.526] Expanded: 340, Generated: 1381
[f=13.529] Expanded: 340, Generated: 1382
[f=13.529] Expanded: 340, Generated: 1383
[f=13.536] Expanded: 340, Generated: 1384
[f=13.536] Expanded: 341, Generated: 1385
[f=13.538] Expanded: 341, Generated: 1386
[f=13.543] Expanded: 341, Generated: 1387
[f=13.543] Expanded: 341, Generated: 1388
[f=13.544] Expanded: 342, Generated: 1389
[f=13.546] Expanded: 342, Generated: 1390
[f=13.549] Expanded: 342, Generated: 1391
[f=13.558] Expanded: 343, Generated: 1392
[f=13.563] Expanded: 343, Generated: 1393
[f=13.565] Expanded: 343, Generated: 1394
[f=13.566] Expanded: 344, Generated: 1395
[f=13.566] Expanded: 344, Generated: 1396
[f=13.567] Expanded: 345, Generated: 1397
[f=13.568] Expanded: 345, Generated: 1398
[f=13.568] Expanded: 346, Generated: 1399
[f=13.569] Expanded: 347, Generated: 1400
[f=13.572] Expanded: 347, Generated: 1401
[f=13.573] Expanded: 347, Generated: 1402
[f=13.574] Expanded: 348, Generated: 1403
[f=13.582] Expanded: 348, Generated: 1404
[f=13.596] Expanded: 348, Generated: 1405
[f=13.601] Expanded: 348, Generated: 1406
[f=13.603] Expanded: 348, Generated: 1407
[f=13.603] Expanded: 348, Generated: 1408
[f=13.606] Expanded: 348, Generated: 1409
[f=13.616] Expanded: 348, Generated: 1410
[f=13.629] Expanded: 348, Generated: 1411
[f=13.629] Expanded: 348, Generated: 1412
[f=13.637] Expanded: 348, Generated: 1413
[f=13.637] Expanded: 348, Generated: 1414
[f=13.637] Expanded: 348, Generated: 1415
[f=13.639] Expanded: 348, Generated: 1416
[f=13.639] Expanded: 349, Generated: 1417
[f=13.645] Expanded: 349, Generated: 1418
[f=13.645] Expanded: 349, Generated: 1419
[f=13.648] Expanded: 349, Generated: 1420
[f=13.649] Expanded: 349, Generated: 1421
[f=13.650] Expanded: 349, Generated: 1422
[f=13.650] Expanded: 349, Generated: 1423
[f=13.651] Expanded: 349, Generated: 1424
[f=13.651] Expanded: 349, Generated: 1425
[f=13.652] Expanded: 349, Generated: 1426
[f=13.652] Expanded: 349, Generated: 1427
[f=13.655] Expanded: 349, Generated: 1428
[f=13.660] Expanded: 349, Generated: 1429
[f=13.662] Expanded: 349, Generated: 1430
[f=13.666] Expanded: 349, Generated: 1431
[f=13.671] Expanded: 349, Generated: 1432
[f=13.676] Expanded: 349, Generated: 1433
[f=13.684] Expanded: 349, Generated: 1434
[f=13.685] Expanded: 349, Generated: 1435
[f=13.685] Expanded: 349, Generated: 1436
[f=13.692] Expanded: 349, Generated: 1437
[f=13.693] Expanded: 349, Generated: 1438
[f=13.699] Expanded: 349, Generated: 1439
[f=13.700] Expanded: 350, Generated: 1440
[f=13.708] Expanded: 350, Generated: 1441
[f=13.709] Expanded: 350, Generated: 1442
[f=13.717] Expanded: 351, Generated: 1443
[f=13.717] Expanded: 351, Generated: 1444
[f=13.717] Expanded: 351, Generated: 1445
[f=13.718] Expanded: 351, Generated: 1446
[f=13.720] Expanded: 351, Generated: 1447
[f=13.720] Expanded: 351, Generated: 1448
[f=13.723] Expanded: 351, Generated: 1449
[f=13.726] Expanded: 351, Generated: 1450
[f=13.729] Expanded: 351, Generated: 1451
[f=13.730] Expanded: 351, Generated: 1452
[f=13.731] Expanded: 352, Generated: 1453
[f=13.732] Expanded: 352, Generated: 1454
[f=13.733] Expanded: 352, Generated: 1455
[f=13.583] Expanded: 355, Generated: 1458
[f=13.739] Expanded: 355, Generated: 1459
[f=13.739] Expanded: 356, Generated: 1460
[f=13.743] Expanded: 357, Generated: 1461
[f=13.743] Expanded: 357, Generated: 1462
[f=13.744] Expanded: 357, Generated: 1463
[f=13.746] Expanded: 357, Generated: 1464
[f=13.754] Expanded: 357, Generated: 1465
[f=13.756] Expanded: 357, Generated: 1466
[f=13.758] Expanded: 358, Generated: 1467
[f=13.760] Expanded: 358, Generated: 1468
[f=13.761] Expanded: 358, Generated: 1469
[f=13.762] Expanded: 359, Generated: 1470
[f=13.764] Expanded: 360, Generated: 1471
[f=13.643] Expanded: 362, Generated: 1473
[f=13.681] Expanded: 363, Generated: 1474
[f=13.767] Expanded: 363, Generated: 1475
[f=13.768] Expanded: 363, Generated: 1476
[f=13.771] Expanded: 363, Generated: 1477
[f=13.774] Expanded: 363, Generated: 1478
[f=13.775] Expanded: 363, Generated: 1479
[f=13.776] Expanded: 363, Generated: 1480
[f=13.777] Expanded: 363, Generated: 1481
[f=13.778] Expanded: 363, Generated: 1482
[f=13.779] Expanded: 363, Generated: 1483
[f=13.783] Expanded: 363, Generated: 1484
[f=13.786] Expanded: 363, Generated: 1485
[f=13.788] Expanded: 363, Generated: 1486
[f=13.790] Expanded: 363, Generated: 1487
[f=13.791] Expanded: 363, Generated: 1488
[f=13.793] Expanded: 363, Generated: 1489
[f=13.793] Expanded: 363, Generated: 1490
[f=13.794] Expanded: 363, Generated: 1491
[f=13.798] Expanded: 363, Generated: 1492
[f=13.799] Expanded: 363, Generated: 1493
[f=13.802] Expanded: 363, Generated: 1494
[f=13.803] Expanded: 363, Generated: 1495
[f=13.808] Expanded: 364, Generated: 1496
[f=13.808] Expanded: 364, Generated: 1497
[f=13.809] Expanded: 364, Generated: 1498
[f=13.813] Expanded: 364, Generated: 1499
[f=13.819] Expanded: 364, Generated: 1500
[f=13.822] Expanded: 364, Generated: 1501
[f=13.828] Expanded: 364, Generated: 1502
[f=13.828] Expanded: 364, Generated: 1503
[f=13.829] Expanded: 364, Generated: 1504
[f=13.829] Expanded: 364, Generated: 1505
[f=13.836] Expanded: 364, Generated: 1506
[f=13.839] Expanded: 364, Generated: 1507
[f=13.843] Expanded: 364, Generated: 1508
[f=13.845] Expanded: 365, Generated: 1509
[f=13.849] Expanded: 366, Generated: 1510
[f=13.851] Expanded: 366, Generated: 1511
[f=13.861] Expanded: 366, Generated: 1512
[f=13.477] Expanded: 367, Generated: 1514
[f=13.514] Expanded: 367, Generated: 1515
[f=13.641] Expanded: 368, Generated: 1516
[f=13.867] Expanded: 368, Generated: 1517
[f=13.867] Expanded: 368, Generated: 1518
[f=13.878] Expanded: 368, Generated: 1519
[f=13.884] Expanded: 368, Generated: 1520
[f=13.884] Expanded: 368, Generated: 1521
[f=13.893] Expanded: 368, Generated: 1522
[f=13.895] Expanded: 368, Generated: 1523
[f=13.896] Expanded: 368, Generated: 1524
[f=13.897] Expanded: 368, Generated: 1525
[f=13.900] Expanded: 368, Generated: 1526
[f=13.616] Expanded: 369, Generated: 1528
[f=13.902] Expanded: 369, Generated: 1529
[f=13.906] Expanded: 369, Generated: 1530
[f=13.796] Expanded: 370, Generated: 1532
[f=13.910] Expanded: 371, Generated: 1533
[f=13.914] Expanded: 371, Generated: 1534
[f=13.916] Expanded: 371, Generated: 1535
[f=13.921] Expanded: 371, Generated: 1536
[f=13.922] Expanded: 371, Generated: 1537
[f=13.925] Expanded: 371, Generated: 1538
[f=13.928] Expanded: 371, Generated: 1539
[f=13.929] Expanded: 371, Generated: 1540
[f=13.931] Expanded: 371, Generated: 1541
[f=13.936] Expanded: 371, Generated: 1542
[f=13.937] Expanded: 371, Generated: 1543
[f=13.943] Expanded: 371, Generated: 1544
[f=13.944] Expanded: 371, Generated: 1545
[f=13.951] Expanded: 371, Generated: 1546
[f=13.952] Expanded: 371, Generated: 1547
[f=13.952] Expanded: 371, Generated: 1548
[f=13.955] Expanded: 371, Generated: 1549
[f=13.955] Expanded: 371, Generated: 1550
[f=13.957] Expanded: 371, Generated: 1551
[f=13.959] Expanded: 371, Generated: 1552
[f=13.962] Expanded: 371, Generated: 1553
[f=13.962] Expanded: 371, Generated: 1554
[f=13.965] Expanded: 371, Generated: 1555
[f=13.965] Expanded: 371, Generated: 1556
[f=13.968] Expanded: 371, Generated: 1557
[f=13.968] Expanded: 372, Generated: 1558
[f=13.971] Expanded: 372, Generated: 1559
[f=13.978] Expanded: 372, Generated: 1560
[f=13.983] Expanded: 372, Generated: 1561
[f=13.983] Expanded: 372, Generated: 1562
[f=13.987] Expanded: 372, Generated: 1563
[f=13.993] Expanded: 372, Generated: 1564
[f=13.994] Expanded: 372, Generated: 1565
[f=13.996] Expanded: 372, Generated: 1566
[f=13.996] Expanded: 372, Generated: 1567
[f=14.004] Expanded: 372, Generated: 1568
[f=13.999] Expanded: 373, Generated: 1570
[f=14.007] Expanded: 373, Generated: 1571
[f=14.012] Expanded: 373, Generated: 1572
[f=14.012] Expanded: 373, Generated: 1573
[f=14.015] Expanded: 374, Generated: 1574
[f=14.021] Expanded: 374, Generated: 1575
[f=14.024] Expanded: 374, Generated: 1576
[f=14.024] Expanded: 374, Generated: 1577
[f=14.028] Expanded: 374, Generated: 1578
[f=14.029] Expanded: 374, Generated: 1579
[f=14.032] Expanded: 374, Generated: 1580
[f=14.035] Expanded: 374, Generated: 1581
[f=14.035] Expanded: 374, Generated: 1582
[f=14.040] Expanded: 374, Generated: 1583
[f=14.040] Expanded: 374, Generated: 1584
[f=14.041] Expanded: 374, Generated: 1585
[f=14.046] Expanded: 374, Generated: 1586
[f=14.054] Expanded: 374, Generated: 1587
[f=14.059] Expanded: 374, Generated: 1588
[f=14.060] Expanded: 374, Generated: 1589
[f=13.952] Expanded: 375, Generated: 1591
[f=14.030] Expanded: 376, Generated: 1592
[f=14.056] Expanded: 376, Generated: 1593
[f=14.063] Expanded: 376, Generated: 1594
[f=14.064] Expanded: 376, Generated: 1595
[f=14.065] Expanded: 376, Generated: 1596
[f=14.066] Expanded: 377, Generated: 1597
[f=14.070] Expanded: 377, Generated: 1598
[f=14.073] Expanded: 377, Generated: 1599
[f=14.076] Expanded: 377, Generated: 1600
[f=14.077] Expanded: 377, Generated: 1601
[f=14.078] Expanded: 378, Generated: 1602
[f=14.079] Expanded: 378, Generated: 1603
[f=14.079] Expanded: 378, Generated: 1604
[f=14.080] Expanded: 379, Generated: 1605
[f=14.086] Expanded: 379, Generated: 1606
[f=14.088] Expanded: 379, Generated: 1607
[f=14.089] Expanded: 379, Generated: 1608
[f=14.089] Expanded: 380, Generated: 1609
[f=14.093] Expanded: 380, Generated: 1610
[f=14.094] Expanded: 380, Generated: 1611
[f=14.094] Expanded: 380, Generated: 1612
[f=14.096] Expanded: 380, Generated: 1613
[f=14.097] Expanded: 380, Generated: 1614
[f=14.103] Expanded: 380, Generated: 1615
[f=14.112] Expanded: 380, Generated: 1616
[f=14.113] Expanded: 380, Generated: 1617
[f=14.114] Expanded: 380, Generated: 1618
[f=14.117] Expanded: 380, Generated: 1619
[f=14.123] Expanded: 380, Generated: 1620
[f=14.123] Expanded: 380, Generated: 1621
[f=14.123] Expanded: 380, Generated: 1622
[f=14.124] Expanded: 380, Generated: 1623
[f=14.126] Expanded: 380, Generated: 1624
[f=14.129] Expanded: 381, Generated: 1625
[f=14.130] Expanded: 381, Generated: 1626
[f=14.132] Expanded: 381, Generated: 1627
[f=14.132] Expanded: 381, Generated: 1628
[f=14.132] Expanded: 381, Generated: 1629
[f=14.137] Expanded: 381, Generated: 1630
[f=14.140] Expanded: 381, Generated: 1631
[f=14.140] Expanded: 381, Generated: 1632
[f=14.143] Expanded: 381, Generated: 1633
[f=14.145] Expanded: 381, Generated: 1634
[f=14.146] Expanded: 381, Generated: 1635
[f=14.146] Expanded: 381, Generated: 1636
[f=14.148] Expanded: 381, Generated: 1637
[f=14.154] Expanded: 381, Generated: 1638
[f=14.159] Expanded: 382, Generated: 1639
[f=14.162] Expanded: 383, Generated: 1640
[f=14.168] Expanded: 383, Generated: 1641
[f=14.169] Expanded: 383, Generated: 1642
[f=14.170] Expanded: 383, Generated: 1643
[f=14.170] Expanded: 383, Generated: 1644
[f=14.173] Expanded: 383, Generated: 1645
[f=14.174] Expanded: 383, Generated: 1646
[f=14.175] Expanded: 383, Generated: 1647
[f=14.175] Expanded: 383, Generated: 1648
[f=14.176] Expanded: 383, Generated: 1649
[f=14.178] Expanded: 384, Generated: 1650
[f=14.185] Expanded: 384, Generated: 1651
[f=14.185] Expanded: 384, Generated: 1652
[f=14.187] Expanded: 384, Generated: 1653
[f=14.187] Expanded: 384, Generated: 1654
[f=14.189] Expanded: 385, Generated: 1655
[f=14.194] Expanded: 385, Generated: 1656
[f=14.196] Expanded: 386, Generated: 1657
[f=14.200] Expanded: 386, Generated: 1658
[f=14.200] Expanded: 386, Generated: 1659
[f=14.208] Expanded: 386, Generated: 1660
[f=14.211] Expanded: 386, Generated: 1661
[f=14.215] Expanded: 386, Generated: 1662
[f=14.216] Expanded: 386, Generated: 1663
[f=14.217] Expanded: 386, Generated: 1664
[f=14.218] Expanded: 386, Generated: 1665
[f=14.219] Expanded: 386, Generated: 1666
[f=14.220] Expanded: 386, Generated: 1667
[f=14.229] Expanded: 386, Generated: 1668
[f=14.231] Expanded: 386, Generated: 1669
[f=14.231] Expanded: 386, Generated: 1670
[f=14.233] Expanded: 386, Generated: 1671
[f=14.233] Expanded: 386, Generated: 1672
[f=14.235] Expanded: 386, Generated: 1673
[f=14.235] Expanded: 386, Generated: 1674
[f=14.206] Expanded: 387, Generated: 1676
[f=14.237] Expanded: 387, Generated: 1677
[f=14.241] Expanded: 387, Generated: 1678
[f=14.242] Expanded: 387, Generated: 1679
[f=14.242] Expanded: 387, Generated: 1680
[f=14.247] Expanded: 387, Generated: 1681
[f=14.248] Expanded: 387, Generated: 1682
[f=14.252] Expanded: 387, Generated: 1683
[f=14.253] Expanded: 387, Generated: 1684
[f=14.254] Expanded: 387, Generated: 1685
[f=14.255] Expanded: 387, Generated: 1686
[f=14.263] Expanded: 387, Generated: 1687
[f=14.264] Expanded: 387, Generated: 1688
[f=14.264] Expanded: 387, Generated: 1689
[f=14.266] Expanded: 387, Generated: 1690
[f=14.267] Expanded: 387, Generated: 1691
[f=14.268] Expanded: 387, Generated: 1692
[f=14.271] Expanded: 387, Generated: 1693
[f=14.273] Expanded: 387, Generated: 1694
[f=14.277] Expanded: 387, Generated: 1695
[f=14.278] Expanded: 387, Generated: 1696
[f=14.278] Expanded: 387, Generated: 1697
[f=14.279] Expanded: 387, Generated: 1698
[f=14.279] Expanded: 387, Generated: 1699
[f=14.279] Expanded: 388, Generated: 1700
[f=14.280] Expanded: 388, Generated: 1701
[f=14.282] Expanded: 388, Generated: 1702
[f=14.284] Expanded: 389, Generated: 1703
[f=14.287] Expanded: 389, Generated: 1704
[f=14.287] Expanded: 389, Generated: 1705
[f=14.290] Expanded: 389, Generated: 1706
[f=14.291] Expanded: 389, Generated: 1707
[f=14.295] Expanded: 389, Generated: 1708
[f=14.295] Expanded: 389, Generated: 1709
[f=14.296] Expanded: 389, Generated: 1710
[f=14.297] Expanded: 389, Generated: 1711
[f=14.298] Expanded: 389, Generated: 1712
[f=14.303] Expanded: 389, Generated: 1713
[f=14.306] Expanded: 389, Generated: 1714
[f=14.312] Expanded: 389, Generated: 1715
[f=14.318] Expanded: 389, Generated: 1716
[f=14.321] Expanded: 389, Generated: 1717
[f=14.322] Expanded: 389, Generated: 1718
[f=14.322] Expanded: 389, Generated: 1719
[f=14.323] Expanded: 389, Generated: 1720
[f=14.327] Expanded: 389, Generated: 1721
[f=14.330] Expanded: 389, Generated: 1722
[f=14.280] Expanded: 390, Generated: 1724
[f=14.335] Expanded: 390, Generated: 1725
[f=14.339] Expanded: 390, Generated: 1726
[f=14.341] Expanded: 390, Generated: 1727
[f=14.342] Expanded: 390, Generated: 1728
[f=14.343] Expanded: 390, Generated: 1729
[f=14.350] Expanded: 390, Generated: 1730
[f=14.352] Expanded: 390, Generated: 1731
[f=14.354] Expanded: 390, Generated: 1732
[f=14.359] Expanded: 390, Generated: 1733
[f=14.360] Expanded: 390, Generated: 1734
[f=14.360] Expanded: 390, Generated: 1735
[f=14.369] Expanded: 390, Generated: 1736
[f=14.370] Expanded: 390, Generated: 1737
[f=14.378] Expanded: 391, Generated: 1738
[f=14.381] Expanded: 391, Generated: 1739
[f=14.381] Expanded: 391, Generated: 1740
[f=14.382] Expanded: 391, Generated: 1741
[f=14.384] Expanded: 391, Generated: 1742
[f=14.385] Expanded: 391, Generated: 1743
[f=14.386] Expanded: 391, Generated: 1744
[f=14.390] Expanded: 391, Generated: 1745
[f=14.393] Expanded: 391, Generated: 1746
[f=14.394] Expanded: 391, Generated: 1747
[f=14.397] Expanded: 391, Generated: 1748
[f=14.397] Expanded: 391, Generated: 1749
[f=14.399] Expanded: 391, Generated: 1750
[f=14.400] Expanded: 391, Generated: 1751
[f=14.400] Expanded: 391, Generated: 1752
[f=14.401] Expanded: 391, Generated: 1753
[f=14.402] Expanded: 391, Generated: 1754
[f=14.403] Expanded: 391, Generated: 1755
[f=14.403] Expanded: 391, Generated: 1756
[f=14.407] Expanded: 391, Generated: 1757
[f=14.409] Expanded: 391, Generated: 1758
[f=14.412] Expanded: 391, Generated: 1759
[f=14.413] Expanded: 391, Generated: 1760
[f=14.416] Expanded: 391, Generated: 1761
[f=14.417] Expanded: 391, Generated: 1762
[f=14.419] Expanded: 392, Generated: 1763
[f=14.423] Expanded: 392, Generated: 1764
[f=14.423] Expanded: 392, Generated: 1765
[f=13.720] Expanded: 395, Generated: 1768
[f=13.738] Expanded: 395, Generated: 1769
[f=14.428] Expanded: 395, Generated: 1770
[f=14.428] Expanded: 395, Generated: 1771
[f=14.429] Expanded: 395, Generated: 1772
[f=14.434] Expanded: 396, Generated: 1773
[f=14.442] Expanded: 396, Generated: 1774
[f=14.443] Expanded: 396, Generated: 1775
[f=14.445] Expanded: 396, Generated: 1776
[f=14.447] Expanded: 396, Generated: 1777
[f=14.448] Expanded: 396, Generated: 1778
[f=14.448] Expanded: 396, Generated: 1779
[f=14.449] Expanded: 396, Generated: 1780
[f=14.451] Expanded: 396, Generated: 1781
[f=13.694] Expanded: 397, Generated: 1783
[f=13.876] Expanded: 398, Generated: 1784
[f=14.002] Expanded: 398, Generated: 1785
[f=14.452] Expanded: 398, Generated: 1786
[f=14.456] Expanded: 399, Generated: 1787
[f=14.456] Expanded: 399, Generated: 1788
[f=14.457] Expanded: 399, Generated: 1789
[f=14.462] Expanded: 399, Generated: 1790
[f=14.463] Expanded: 399, Generated: 1791
[f=14.467] Expanded: 399, Generated: 1792
[f=14.467] Expanded: 399, Generated: 1793
[f=13.388] Expanded: 402, Generated: 1796
[f=13.422] Expanded: 402, Generated: 1797
[f=14.469] Expanded: 403, Generated: 1798
[f=14.473] Expanded: 403, Generated: 1799
[f=14.474] Expanded: 404, Generated: 1800
[f=14.475] Expanded: 404, Generated: 1801
[f=14.477] Expanded: 404, Generated: 1802
[f=14.478] Expanded: 404, Generated: 1803
[f=14.480] Expanded: 404, Generated: 1804
[f=14.483] Expanded: 404, Generated: 1805
[f=14.490] Expanded: 404, Generated: 1806
[f=14.491] Expanded: 404, Generated: 1807
[f=14.492] Expanded: 405, Generated: 1808
[f=14.508] Expanded: 406, Generated: 1809
[f=10.004] Expanded: 407, Generated: 1811
[f=10.206] Expanded: 407, Generated: 1812
[f=10.416] Expanded: 407, Generated: 1813
[f=10.453] Expanded: 407, Generated: 1814
[f=11.071] Expanded: 408, Generated: 1815
[f=11.474] Expanded: 408, Generated: 1816
[f=11.629] Expanded: 408, Generated: 1817
[f=12.079] Expanded: 409, Generated: 1819
[f=11.796] Expanded: 410, Generated: 1821
[f=11.994] Expanded: 410, Generated: 1822
[f=12.200] Expanded: 410, Generated: 1823
[f=12.297] Expanded: 410, Generated: 1824
[f=12.352] Expanded: 410, Generated: 1825
[f=12.354] Expanded: 410, Generated: 1826
[f=12.518] Expanded: 410, Generated: 1827
[f=12.719] Expanded: 411, Generated: 1828
[f=13.272] Expanded: 412, Generated: 1829
[f=13.286] Expanded: 412, Generated: 1830
[f=13.390] Expanded: 412, Generated: 1831
[f=13.533] Expanded: 413, Generated: 1832
[f=12.608] Expanded: 414, Generated: 1834
[f=12.678] Expanded: 414, Generated: 1835
[f=12.833] Expanded: 414, Generated: 1836
[f=13.085] Expanded: 414, Generated: 1837
[f=13.564] Expanded: 415, Generated: 1838
[f=13.691] Expanded: 415, Generated: 1839
[f=13.704] Expanded: 415, Generated: 1840
[f=13.724] Expanded: 416, Generated: 1841
[f=14.029] Expanded: 416, Generated: 1842
[f=13.890] Expanded: 417, Generated: 1844
[f=14.078] Expanded: 417, Generated: 1845
[f=14.079] Expanded: 417, Generated: 1846
[f=14.090] Expanded: 417, Generated: 1847
[f=14.094] Expanded: 417, Generated: 1848
[f=14.142] Expanded: 417, Generated: 1849
[f=14.158] Expanded: 417, Generated: 1850
[f=14.159] Expanded: 417, Generated: 1851
[f=14.280] Expanded: 417, Generated: 1852
[f=14.372] Expanded: 417, Generated: 1853
[f=14.394] Expanded: 417, Generated: 1854
[f=14.409] Expanded: 417, Generated: 1855
[f=14.525] Expanded: 418, Generated: 1856
[f=14.526] Expanded: 418, Generated: 1857
[f=14.538] Expanded: 418, Generated: 1858
[f=14.538] Expanded: 418, Generated: 1859
[f=14.551] Expanded: 418, Generated: 1860
[f=14.554] Expanded: 418, Generated: 1861
[f=14.560] Expanded: 418, Generated: 1862
[f=14.560] Expanded: 418, Generated: 1863
[f=14.562] Expanded: 418, Generated: 1864
[f=14.570] Expanded: 419, Generated: 1865
[f=14.571] Expanded: 420, Generated: 1866
[f=14.574] Expanded: 420, Generated: 1867
[f=14.576] Expanded: 420, Generated: 1868
[f=14.580] Expanded: 420, Generated: 1869
[f=14.587] Expanded: 420, Generated: 1870
[f=14.588] Expanded: 420, Generated: 1871
[f=14.588] Expanded: 420, Generated: 1872
[f=14.589] Expanded: 420, Generated: 1873
[f=14.606] Expanded: 420, Generated: 1874
[f=14.611] Expanded: 420, Generated: 1875
[f=14.611] Expanded: 420, Generated: 1876
[f=14.616] Expanded: 420, Generated: 1877
[f=14.616] Expanded: 420, Generated: 1878
[f=14.621] Expanded: 421, Generated: 1879
[f=14.621] Expanded: 421, Generated: 1880
[f=14.626] Expanded: 421, Generated: 1881
[f=14.627] Expanded: 421, Generated: 1882
[f=14.630] Expanded: 421, Generated: 1883
[f=14.633] Expanded: 421, Generated: 1884
[f=14.634] Expanded: 421, Generated: 1885
[f=14.634] Expanded: 422, Generated: 1886
[f=14.637] Expanded: 422, Generated: 1887
[f=14.639] Expanded: 422, Generated: 1888
[f=14.645] Expanded: 422, Generated: 1889
[f=13.878] Expanded: 424, Generated: 1891
[f=14.063] Expanded: 424, Generated: 1892
[f=14.252] Expanded: 424, Generated: 1893
[f=14.655] Expanded: 425, Generated: 1894
[f=14.658] Expanded: 425, Generated: 1895
[f=14.663] Expanded: 425, Generated: 1896
[f=14.447] Expanded: 426, Generated: 1898
[f=14.665] Expanded: 427, Generated: 1899
[f=14.667] Expanded: 427, Generated: 1900
[f=14.675] Expanded: 427, Generated: 1901
[f=14.681] Expanded: 427, Generated: 1902
[f=14.683] Expanded: 427, Generated: 1903
[f=14.687] Expanded: 427, Generated: 1904
[f=14.688] Expanded: 427, Generated: 1905
[f=14.690] Expanded: 427, Generated: 1906
[f=14.691] Expanded: 428, Generated: 1907
[f=14.697] Expanded: 428, Generated: 1908
[f=14.698] Expanded: 428, Generated: 1909
[f=14.700] Expanded: 429, Generated: 1910
[f=14.700] Expanded: 429, Generated: 1911
[f=14.703] Expanded: 429, Generated: 1912
[f=13.862] Expanded: 431, Generated: 1914
[f=13.203] Expanded: 433, Generated: 1916
[f=13.330] Expanded: 433, Generated: 1917
[f=13.875] Expanded: 433, Generated: 1918
[f=13.240] Expanded: 434, Generated: 1920
[f=13.373] Expanded: 435, Generated: 1921
[f=13.426] Expanded: 435, Generated: 1922
[f=14.137] Expanded: 436, Generated: 1924
[f=14.368] Expanded: 436, Generated: 1925
[f=14.402] Expanded: 437, Generated: 1926
[f=14.472] Expanded: 438, Generated: 1927
[f=14.518] Expanded: 438, Generated: 1928
[f=14.549] Expanded: 438, Generated: 1929
[f=14.578] Expanded: 438, Generated: 1930
[f=14.593] Expanded: 438, Generated: 1931
[f=14.188] Expanded: 439, Generated: 1933
[f=14.302] Expanded: 440, Generated: 1934
[f=14.421] Expanded: 441, Generated: 1935
[f=14.613] Expanded: 442, Generated: 1936
[f=14.042] Expanded: 444, Generated: 1938
[f=14.086] Expanded: 444, Generated: 1939
[f=14.577] Expanded: 445, Generated: 1940
[f=14.647] Expanded: 445, Generated: 1941
[f=14.704] Expanded: 445, Generated: 1942
[f=14.712] Expanded: 445, Generated: 1943
[f=14.712] Expanded: 445, Generated: 1944
[f=14.620] Expanded: 446, Generated: 1946
[f=14.718] Expanded: 446, Generated: 1947
[f=14.720] Expanded: 447, Generated: 1948
[f=14.721] Expanded: 448, Generated: 1949
[f=14.723] Expanded: 448, Generated: 1950
[f=14.725] Expanded: 448, Generated: 1951
[f=14.727] Expanded: 448, Generated: 1952
[f=14.729] Expanded: 448, Generated: 1953
[f=14.730] Expanded: 448, Generated: 1954
[f=14.734] Expanded: 448, Generated: 1955
[f=14.738] Expanded: 449, Generated: 1956
[f=14.740] Expanded: 449, Generated: 1957
[f=14.740] Expanded: 449, Generated: 1958
[f=14.747] Expanded: 449, Generated: 1959
[f=14.750] Expanded: 449, Generated: 1960
[f=14.750] Expanded: 449, Generated: 1961
[f=14.756] Expanded: 449, Generated: 1962
[f=14.757] Expanded: 449, Generated: 1963
[f=14.760] Expanded: 449, Generated: 1964
[f=14.764] Expanded: 450, Generated: 1965
[f=14.767] Expanded: 450, Generated: 1966
[f=14.770] Expanded: 450, Generated: 1967
[f=14.771] Expanded: 450, Generated: 1968
[f=14.773] Expanded: 450, Generated: 1969
[f=14.778] Expanded: 450, Generated: 1970
[f=14.783] Expanded: 450, Generated: 1971
[f=14.785] Expanded: 450, Generated: 1972
[f=14.790] Expanded: 450, Generated: 1973
[f=14.792] Expanded: 450, Generated: 1974
[f=14.795] Expanded: 451, Generated: 1975
[f=13.458] Expanded: 452, Generated: 1977
[f=13.797] Expanded: 453, Generated: 1978
[f=14.548] Expanded: 453, Generated: 1979
[f=14.582] Expanded: 453, Generated: 1980
[f=14.797] Expanded: 454, Generated: 1981
[f=14.799] Expanded: 454, Generated: 1982
[f=14.803] Expanded: 454, Generated: 1983
[f=14.805] Expanded: 455, Generated: 1984
[f=13.801] Expanded: 456, Generated: 1986
[f=14.025] Expanded: 456, Generated: 1987
[f=14.275] Expanded: 456, Generated: 1988
[f=14.593] Expanded: 458, Generated: 1990
[f=14.757] Expanded: 459, Generated: 1991
[f=14.806] Expanded: 459, Generated: 1992
[f=14.809] Expanded: 459, Generated: 1993
[f=14.813] Expanded: 459, Generated: 1994
[f=14.813] Expanded: 459, Generated: 1995
[f=14.817] Expanded: 459, Generated: 1996
[f=14.817] Expanded: 459, Generated: 1997
[f=14.820] Expanded: 460, Generated: 1998
[f=14.823] Expanded: 461, Generated: 1999
[f=14.830] Expanded: 462, Generated: 2000
[f=14.830] Expanded: 462, Generated: 2001
[f=14.830] Expanded: 462, Generated: 2002
[f=14.831] Expanded: 462, Generated: 2003
[f=14.836] Expanded: 462, Generated: 2004
[f=14.840] Expanded: 462, Generated: 2005
[f=14.840] Expanded: 462, Generated: 2006
[f=14.841] Expanded: 462, Generated: 2007
[f=14.842] Expanded: 462, Generated: 2008
[f=14.843] Expanded: 462, Generated: 2009
[f=14.843] Expanded: 462, Generated: 2010
[f=14.845] Expanded: 463, Generated: 2011
[f=14.847] Expanded: 464, Generated: 2012
[f=14.847] Expanded: 464, Generated: 2013
[f=14.848] Expanded: 464, Generated: 2014
[f=14.853] Expanded: 464, Generated: 2015
[Final] Expanded: 464, Generated: 2015
Found a solution of length 15!
   1: (load-truck p0 t1 l1-1)
   2: (drive-truck t1 l1-1 l1-0 c1)
   3: (load-truck p2 t0 l0-1)
   4: (unload-truck p0 t1 l1-0)
   5: (load-airplane p0 a0 l1-0)
   6: (drive-truck t0 l0-1 l0-0 c0)
   7: (unload-truck p2 t0 l0-0)
   8: (fly-airplane a0 l1-0 l0-0)
   9: (load-airplane p2 a0 l0-0)
  10: (unload-airplane p0 a0 l0-0)
  11: (fly-airplane a0 l0-0 l1-0)
  12: (load-truck p0 t0 l0-0)
  13: (drive-truck t0 l0-0 l0-1 c0)
  14: (unload-truck p0 t0 l0-1)
  15: (unload-airplane p2 a0 l1-0)
