/u/ibrahim.eisawy/Neural-Guided-Search/venv/lib/python3.10/site-packages/pymimir_rgnn/model.py:151: UserWarning: index_reduce() is in beta and the API may change at any time. (Triggered internally at /pytorch/aten/src/ATen/native/cuda/Indexing.cu:1541.)
  max_msg.index_reduce_(0, output_indices, output_messages, reduce='amax', include_self=True)
Torch: 2.12.0+cu130
Using GPU:  NVIDIA L40S
8.226: (fly-airplane a0 l1-0 l0-0)
8.565: (drive-truck t0 l0-0 l0-1 c0)
10.008: (drive-truck t1 l1-0 l1-1 c1)
inf: (drive-truck t0 l0-0 l0-0 c0)
inf: (drive-truck t1 l1-0 l1-0 c1)
7.736: (load-truck p0 t0 l0-1)
7.747: (drive-truck t0 l0-0 l0-1 c0)
7.747: (fly-airplane a0 l1-0 l0-0)
7.952: (load-truck p2 t0 l0-1)
9.091: (drive-truck t1 l1-0 l1-1 c1)
3.821: (load-truck p0 t0 l0-1)
3.821: (load-truck p2 t0 l0-1)
6.798: (load-truck p0 t0 l0-1)
6.798: (fly-airplane a0 l1-0 l0-0)
6.978: (drive-truck t0 l0-1 l0-0 c0)
3.823: (load-truck p2 t0 l0-1)
3.823: (fly-airplane a0 l1-0 l0-0)
4.593: (drive-truck t1 l1-0 l1-1 c1)
5.137: (drive-truck t0 l0-1 l0-0 c0)
6.556: (fly-airplane a0 l1-0 l0-0)
2.944: (load-truck p1 t1 l1-1)
4.550: (fly-airplane a0 l1-0 l0-0)
4.550: (drive-truck t1 l1-0 l1-1 c1)
4.958: (drive-truck t0 l0-1 l0-0 c0)
4.958: (fly-airplane a0 l1-0 l0-0)
2.944: (fly-airplane a0 l1-0 l0-0)
2.944: (load-truck p1 t1 l1-1)
3.983: (drive-truck t0 l0-1 l0-0 c0)
4.000: (drive-truck t1 l1-1 l1-0 c1)
5.686: (drive-truck t1 l1-0 l1-1 c1)
3.977: (drive-truck t0 l0-1 l0-0 c0)
3.977: (fly-airplane a0 l1-0 l0-0)
3.977: (load-truck p1 t1 l1-1)
3.996: (fly-airplane a0 l1-0 l0-0)
3.996: (drive-truck t1 l1-1 l1-0 c1)
4.943: (drive-truck t1 l1-1 l1-0 c1)
4.943: (drive-truck t0 l0-1 l0-0 c0)
4.957: (unload-truck p1 t1 l1-0)
4.987: (unload-truck p2 t0 l0-0)
6.611: (unload-truck p2 t0 l0-1)
4.940: (fly-airplane a0 l0-0 l1-0)
4.965: (fly-airplane a0 l0-0 l1-0)
5.055: (fly-airplane a0 l0-0 l1-0)
5.235: (drive-truck t1 l1-0 l1-1 c1)
5.930: (unload-truck p1 t1 l1-0)
5.148: (drive-truck t0 l0-1 l0-0 c0)
5.921: (fly-airplane a0 l0-0 l1-0)
5.921: (unload-truck p1 t1 l1-0)
5.921: (drive-truck t0 l0-1 l0-0 c0)
5.956: (load-airplane p1 a0 l1-0)
6.127: (fly-airplane a0 l0-0 l1-0)
6.614: (drive-truck t1 l1-1 l1-0 c1)
6.899: (load-airplane p1 a0 l1-0)
6.899: (drive-truck t0 l0-1 l0-0 c0)
6.902: (fly-airplane a0 l1-0 l0-0)
5.715: (unload-truck p0 t0 l0-0)
5.979: (unload-airplane p1 a0 l0-0)
6.184: (drive-truck t0 l0-0 l0-1 c0)
7.150: (drive-truck t1 l1-1 l1-0 c1)
7.150: (fly-airplane a0 l0-0 l1-0)
5.772: (load-airplane p0 a0 l0-0)
5.856: (drive-truck t0 l0-0 l0-1 c0)
5.978: (fly-airplane a0 l0-0 l1-0)
6.223: (fly-airplane a0 l0-0 l1-0)
6.223: (unload-truck p0 t0 l0-0)
4.990: (fly-airplane a0 l0-0 l1-0)
5.773: (drive-truck t0 l0-0 l0-1 c0)
5.773: (load-airplane p0 a0 l0-0)
5.998: (load-truck p2 t0 l0-1)
6.213: (fly-airplane a0 l0-0 l1-0)
3.991: (unload-airplane p0 a0 l1-0)
4.988: (drive-truck t0 l0-0 l0-1 c0)
4.988: (fly-airplane a0 l0-0 l1-0)
5.931: (fly-airplane a0 l0-0 l1-0)
5.931: (load-truck p2 t0 l0-1)
3.009: (load-truck p0 t1 l1-0)
3.969: (unload-airplane p0 a0 l1-0)
3.969: (drive-truck t0 l0-0 l0-1 c0)
4.026: (fly-airplane a0 l1-0 l0-0)
4.968: (drive-truck t1 l1-0 l1-1 c1)
1.959: (drive-truck t1 l1-0 l1-1 c1)
2.980: (load-truck p0 t1 l1-0)
2.980: (fly-airplane a0 l1-0 l0-0)
2.991: (drive-truck t0 l0-0 l0-1 c0)
2.991: (load-truck p0 t1 l1-0)
0.964: (unload-truck p1 t1 l1-1)
0.964: (unload-truck p0 t1 l1-1)
1.950: (fly-airplane a0 l1-0 l0-0)
1.950: (drive-truck t1 l1-0 l1-1 c1)
1.959: (drive-truck t0 l0-0 l0-1 c0)
-0.043: (unload-truck p0 t1 l1-1)
[Final] Expanded: 66, Generated: 557
Found a solution of length 19!
   1: (drive-truck t0 l0-0 l0-1 c0)
   2: (load-truck p2 t0 l0-1)
   3: (load-truck p0 t0 l0-1)
   4: (drive-truck t1 l1-0 l1-1 c1)
   5: (load-truck p1 t1 l1-1)
   6: (drive-truck t1 l1-1 l1-0 c1)
   7: (fly-airplane a0 l1-0 l0-0)
   8: (unload-truck p2 t0 l0-1)
   9: (drive-truck t1 l1-0 l1-1 c1)
  10: (drive-truck t0 l0-1 l0-0 c0)
  11: (drive-truck t1 l1-1 l1-0 c1)
  12: (unload-truck p0 t0 l0-0)
  13: (load-airplane p0 a0 l0-0)
  14: (fly-airplane a0 l0-0 l1-0)
  15: (unload-airplane p0 a0 l1-0)
  16: (load-truck p0 t1 l1-0)
  17: (drive-truck t1 l1-0 l1-1 c1)
  18: (unload-truck p1 t1 l1-1)
  19: (unload-truck p0 t1 l1-1)
