/u/ibrahim.eisawy/Neural-Guided-Search/venv/lib/python3.10/site-packages/pymimir_rgnn/model.py:151: UserWarning: index_reduce() is in beta and the API may change at any time. (Triggered internally at /pytorch/aten/src/ATen/native/cuda/Indexing.cu:1541.)
  max_msg.index_reduce_(0, output_indices, output_messages, reduce='amax', include_self=True)
Torch: 2.12.0+cu130
Using GPU:  NVIDIA L40S
5.699: (load-truck p0 t1 l1-1)
6.725: (load-truck p2 t0 l0-1)
8.460: (fly-airplane a0 l1-0 l0-0)
8.482: (drive-truck t0 l0-1 l0-0 c0)
9.322: (load-truck p1 t1 l1-1)
3.131: (load-truck p2 t0 l0-1)
3.131: (load-truck p0 t1 l1-1)
5.613: (load-truck p0 t1 l1-1)
5.613: (fly-airplane a0 l1-0 l0-0)
5.620: (drive-truck t0 l0-1 l0-0 c0)
3.127: (fly-airplane a0 l1-0 l0-0)
3.127: (load-truck p2 t0 l0-1)
3.878: (drive-truck t0 l0-1 l0-0 c0)
3.878: (load-truck p0 t1 l1-1)
3.924: (drive-truck t1 l1-1 l1-0 c1)
3.877: (fly-airplane a0 l1-0 l0-0)
3.877: (drive-truck t0 l0-1 l0-0 c0)
3.914: (fly-airplane a0 l1-0 l0-0)
3.914: (drive-truck t1 l1-1 l1-0 c1)
3.944: (load-truck p1 t1 l1-1)
3.944: (fly-airplane a0 l0-0 l1-0)
3.948: (drive-truck t0 l0-1 l0-0 c0)
3.948: (drive-truck t1 l1-1 l1-0 c1)
4.167: (unload-truck p2 t0 l0-0)
4.763: (drive-truck t0 l0-1 l0-0 c0)
3.238: (load-airplane p2 a0 l0-0)
3.948: (fly-airplane a0 l0-0 l1-0)
4.053: (drive-truck t1 l1-1 l1-0 c1)
4.053: (unload-truck p2 t0 l0-0)
4.163: (fly-airplane a0 l0-0 l1-0)
3.005: (drive-truck t1 l1-1 l1-0 c1)
3.005: (load-airplane p2 a0 l0-0)
3.754: (fly-airplane a0 l0-0 l1-0)
4.052: (unload-truck p2 t0 l0-0)
4.052: (fly-airplane a0 l0-0 l1-0)
3.330: (fly-airplane a0 l0-0 l1-0)
3.330: (drive-truck t1 l1-1 l1-0 c1)
3.990: (drive-truck t0 l0-0 l0-1 c0)
4.090: (load-truck p1 t1 l1-1)
4.096: (unload-truck p0 t1 l1-0)
3.700: (unload-airplane p2 a0 l1-0)
4.068: (drive-truck t1 l1-0 l1-1 c1)
4.088: (fly-airplane a0 l1-0 l0-0)
4.186: (drive-truck t1 l1-0 l1-1 c1)
4.311: (drive-truck t0 l0-0 l0-1 c0)
3.707: (fly-airplane a0 l1-0 l0-0)
4.690: (drive-truck t0 l0-0 l0-1 c0)
4.734: (drive-truck t1 l1-0 l1-1 c1)
4.734: (fly-airplane a0 l0-0 l1-0)
4.942: (drive-truck t1 l1-1 l1-0 c1)
4.696: (drive-truck t0 l0-0 l0-1 c0)
4.696: (fly-airplane a0 l1-0 l0-0)
4.959: (drive-truck t1 l1-1 l1-0 c1)
4.959: (fly-airplane a0 l1-0 l0-0)
5.017: (load-truck p1 t1 l1-1)
5.071: (fly-airplane a0 l1-0 l0-0)
5.837: (load-truck p2 t1 l1-0)
5.944: (drive-truck t1 l1-1 l1-0 c1)
5.944: (drive-truck t0 l0-0 l0-1 c0)
6.022: (unload-truck p0 t1 l1-0)
4.961: (drive-truck t1 l1-0 l1-1 c1)
5.051: (drive-truck t1 l1-0 l1-1 c1)
5.851: (fly-airplane a0 l0-0 l1-0)
5.927: (fly-airplane a0 l0-0 l1-0)
5.986: (drive-truck t1 l1-1 l1-0 c1)
4.005: (unload-truck p1 t1 l1-1)
4.963: (fly-airplane a0 l0-0 l1-0)
5.007: (drive-truck t0 l0-1 l0-0 c0)
5.050: (fly-airplane a0 l0-0 l1-0)
5.050: (drive-truck t1 l1-0 l1-1 c1)
3.258: (drive-truck t1 l1-1 l1-0 c1)
4.004: (unload-truck p1 t1 l1-1)
4.004: (fly-airplane a0 l0-0 l1-0)
4.393: (unload-truck p2 t1 l1-1)
4.926: (drive-truck t0 l0-0 l0-1 c0)
3.280: (drive-truck t1 l1-1 l1-0 c1)
3.280: (fly-airplane a0 l0-0 l1-0)
4.238: (drive-truck t0 l0-0 l0-1 c0)
4.238: (drive-truck t1 l1-1 l1-0 c1)
4.397: (unload-truck p2 t1 l1-1)
4.261: (drive-truck t0 l0-0 l0-1 c0)
4.261: (fly-airplane a0 l0-0 l1-0)
4.427: (unload-truck p0 t1 l1-0)
5.321: (drive-truck t0 l0-0 l0-1 c0)
5.455: (unload-truck p0 t1 l1-0)
4.452: (fly-airplane a0 l1-0 l0-0)
4.452: (drive-truck t0 l0-1 l0-0 c0)
4.929: (load-truck p2 t1 l1-1)
4.929: (drive-truck t1 l1-0 l1-1 c1)
5.141: (load-airplane p0 a0 l1-0)
4.778: (unload-truck p2 t1 l1-0)
4.926: (fly-airplane a0 l1-0 l0-0)
5.147: (drive-truck t1 l1-0 l1-1 c1)
5.859: (unload-truck p2 t1 l1-0)
5.979: (load-truck p1 t1 l1-1)
3.918: (unload-truck p2 t1 l1-0)
3.918: (fly-airplane a0 l1-0 l0-0)
3.932: (unload-airplane p0 a0 l0-0)
4.724: (drive-truck t1 l1-0 l1-1 c1)
5.133: (load-airplane p2 a0 l1-0)
2.932: (load-truck p0 t0 l0-0)
2.935: (unload-truck p2 t1 l1-0)
2.935: (unload-airplane p0 a0 l0-0)
3.917: (fly-airplane a0 l1-0 l0-0)
3.917: (drive-truck t1 l1-0 l1-1 c1)
1.938: (drive-truck t0 l0-0 l0-1 c0)
1.940: (unload-truck p2 t1 l1-0)
1.940: (load-truck p0 t0 l0-0)
2.933: (fly-airplane a0 l0-0 l1-0)
2.933: (unload-airplane p0 a0 l0-0)
0.934: (drive-truck t0 l0-0 l0-1 c0)
0.934: (unload-truck p2 t1 l1-0)
0.947: (unload-truck p0 t0 l0-1)
1.937: (load-truck p0 t0 l0-0)
1.937: (drive-truck t1 l1-0 l1-1 c1)
-0.054: (unload-truck p2 t1 l1-0)
[Final] Expanded: 88, Generated: 760
Found a solution of length 24!
   1: (load-truck p0 t1 l1-1)
   2: (load-truck p2 t0 l0-1)
   3: (drive-truck t0 l0-1 l0-0 c0)
   4: (fly-airplane a0 l1-0 l0-0)
   5: (unload-truck p2 t0 l0-0)
   6: (load-airplane p2 a0 l0-0)
   7: (fly-airplane a0 l0-0 l1-0)
   8: (load-truck p1 t1 l1-1)
   9: (unload-airplane p2 a0 l1-0)
  10: (fly-airplane a0 l1-0 l0-0)
  11: (drive-truck t1 l1-1 l1-0 c1)
  12: (load-truck p2 t1 l1-0)
  13: (drive-truck t1 l1-0 l1-1 c1)
  14: (fly-airplane a0 l0-0 l1-0)
  15: (unload-truck p1 t1 l1-1)
  16: (drive-truck t1 l1-1 l1-0 c1)
  17: (unload-truck p0 t1 l1-0)
  18: (load-airplane p0 a0 l1-0)
  19: (fly-airplane a0 l1-0 l0-0)
  20: (unload-airplane p0 a0 l0-0)
  21: (load-truck p0 t0 l0-0)
  22: (drive-truck t0 l0-0 l0-1 c0)
  23: (unload-truck p0 t0 l0-1)
  24: (unload-truck p2 t1 l1-0)
