/u/ibrahim.eisawy/Neural-Guided-Search/venv/lib/python3.10/site-packages/pymimir_rgnn/model.py:151: UserWarning: index_reduce() is in beta and the API may change at any time. (Triggered internally at /pytorch/aten/src/ATen/native/cuda/Indexing.cu:1541.)
  max_msg.index_reduce_(0, output_indices, output_messages, reduce='amax', include_self=True)
Torch: 2.12.0+cu130
Using GPU:  NVIDIA L40S
7.894: (load-truck p1 t0 l0-0)
9.679: (fly-airplane a0 l2-0 l1-0)
9.724: (drive-truck t0 l0-0 l0-1 c0)
10.138: (fly-airplane a0 l2-0 l0-0)
10.187: (drive-truck t1 l1-1 l1-0 c1)
7.037: (load-truck p3 t0 l0-0)
7.141: (drive-truck t0 l0-0 l0-1 c0)
7.472: (load-airplane p3 a0 l0-0)
7.753: (load-truck p2 t0 l0-1)
7.887: (load-airplane p1 a0 l0-0)
5.827: (load-truck p4 t0 l0-1)
5.945: (load-truck p4 t0 l0-1)
6.179: (drive-truck t0 l0-0 l0-1 c0)
6.881: (load-airplane p3 a0 l0-0)
6.881: (load-airplane p1 a0 l0-0)
5.025: (load-truck p4 t0 l0-1)
5.074: (drive-truck t0 l0-1 l0-0 c0)
5.824: (fly-airplane a0 l2-0 l1-0)
5.826: (fly-airplane a0 l2-0 l0-0)
5.830: (drive-truck t1 l1-1 l1-0 c1)
4.217: (load-truck p3 t0 l0-0)
4.217: (drive-truck t0 l0-1 l0-0 c0)
4.838: (load-airplane p3 a0 l0-0)
5.022: (fly-airplane a0 l2-0 l1-0)
5.023: (fly-airplane a0 l2-0 l0-0)
3.920: (fly-airplane a0 l0-0 l2-0)
4.215: (fly-airplane a0 l2-0 l1-0)
4.215: (drive-truck t0 l0-1 l0-0 c0)
4.219: (drive-truck t0 l0-1 l0-0 c0)
4.219: (fly-airplane a0 l2-0 l0-0)
3.465: (unload-airplane p3 a0 l2-0)
3.920: (drive-truck t1 l1-1 l1-0 c1)
4.215: (drive-truck t1 l1-1 l1-0 c1)
4.222: (drive-truck t1 l1-1 l1-0 c1)
4.332: (drive-truck t2 l2-0 l2-1 c2)
3.047: (fly-airplane a0 l2-0 l1-0)
3.460: (fly-airplane a0 l2-0 l0-0)
3.469: (drive-truck t1 l1-1 l1-0 c1)
3.469: (unload-airplane p3 a0 l2-0)
3.783: (drive-truck t2 l2-0 l2-1 c2)
2.940: (load-truck p0 t2 l2-1)
3.047: (drive-truck t1 l1-1 l1-0 c1)
3.047: (fly-airplane a0 l2-0 l1-0)
3.308: (fly-airplane a0 l2-0 l1-0)
3.308: (drive-truck t2 l2-0 l2-1 c2)
2.928: (load-truck p0 t2 l2-1)
2.928: (fly-airplane a0 l2-0 l1-0)
2.940: (fly-airplane a0 l2-0 l0-0)
2.941: (drive-truck t1 l1-1 l1-0 c1)
3.315: (drive-truck t1 l1-1 l1-0 c1)
2.928: (load-truck p0 t2 l2-1)
2.928: (fly-airplane a0 l2-0 l1-0)
2.928: (drive-truck t1 l1-1 l1-0 c1)
2.941: (drive-truck t1 l1-1 l1-0 c1)
2.941: (fly-airplane a0 l2-0 l0-0)
3.789: (unload-truck p0 t2 l2-1)
3.929: (load-airplane p1 a0 l0-0)
3.932: (drive-truck t0 l0-1 l0-0 c0)
3.953: (drive-truck t0 l0-1 l0-0 c0)
3.978: (drive-truck t2 l2-1 l2-0 c2)
3.299: (unload-truck p2 t0 l0-1)
3.464: (drive-truck t2 l2-1 l2-0 c2)
3.785: (drive-truck t1 l1-0 l1-1 c1)
3.787: (fly-airplane a0 l0-0 l2-0)
3.926: (drive-truck t1 l1-0 l1-1 c1)
2.992: (drive-truck t0 l0-1 l0-0 c0)
3.298: (drive-truck t1 l1-0 l1-1 c1)
3.298: (unload-truck p2 t0 l0-1)
3.845: (unload-truck p0 t2 l2-1)
3.923: (load-truck p3 t2 l2-0)
2.991: (drive-truck t1 l1-0 l1-1 c1)
2.991: (drive-truck t0 l0-1 l0-0 c0)
3.405: (unload-truck p0 t2 l2-1)
3.405: (drive-truck t0 l0-1 l0-0 c0)
3.515: (drive-truck t2 l2-1 l2-0 c2)
3.099: (drive-truck t2 l2-1 l2-0 c2)
3.099: (drive-truck t0 l0-1 l0-0 c0)
3.227: (fly-airplane a0 l0-0 l2-0)
3.401: (drive-truck t1 l1-0 l1-1 c1)
3.401: (unload-truck p0 t2 l2-1)
3.006: (drive-truck t0 l0-1 l0-0 c0)
3.006: (fly-airplane a0 l0-0 l2-0)
3.097: (drive-truck t2 l2-1 l2-0 c2)
3.097: (drive-truck t1 l1-0 l1-1 c1)
3.226: (drive-truck t1 l1-0 l1-1 c1)
3.003: (drive-truck t1 l1-0 l1-1 c1)
3.003: (fly-airplane a0 l0-0 l2-0)
3.003: (drive-truck t0 l0-1 l0-0 c0)
3.512: (fly-airplane a0 l2-0 l0-0)
3.512: (drive-truck t0 l0-0 l0-1 c0)
3.842: (drive-truck t2 l2-0 l2-1 c2)
3.942: (load-airplane p3 a0 l2-0)
3.949: (load-truck p3 t2 l2-0)
3.958: (drive-truck t2 l2-0 l2-1 c2)
3.976: (fly-airplane a0 l2-0 l1-0)
3.795: (load-truck p0 t2 l2-1)
3.943: (drive-truck t1 l1-1 l1-0 c1)
3.946: (fly-airplane a0 l2-0 l0-0)
3.951: (drive-truck t1 l1-1 l1-0 c1)
3.959: (drive-truck t1 l1-1 l1-0 c1)
3.797: (load-truck p0 t2 l2-1)
3.797: (drive-truck t1 l1-1 l1-0 c1)
3.867: (fly-airplane a0 l2-0 l1-0)
3.947: (drive-truck t1 l1-1 l1-0 c1)
3.947: (fly-airplane a0 l2-0 l0-0)
3.864: (fly-airplane a0 l2-0 l1-0)
3.864: (drive-truck t1 l1-1 l1-0 c1)
3.996: (load-airplane p3 a0 l2-0)
4.051: (drive-truck t2 l2-1 l2-0 c2)
4.071: (drive-truck t0 l0-0 l0-1 c0)
3.993: (drive-truck t1 l1-0 l1-1 c1)
4.030: (fly-airplane a0 l2-0 l0-0)
4.050: (drive-truck t1 l1-0 l1-1 c1)
4.065: (drive-truck t1 l1-0 l1-1 c1)
4.131: (fly-airplane a0 l2-0 l0-0)
4.029: (drive-truck t1 l1-0 l1-1 c1)
4.029: (fly-airplane a0 l2-0 l0-0)
4.128: (drive-truck t1 l1-0 l1-1 c1)
4.128: (fly-airplane a0 l2-0 l0-0)
4.151: (unload-truck p0 t2 l2-1)
4.058: (drive-truck t2 l2-1 l2-0 c2)
4.148: (drive-truck t1 l1-0 l1-1 c1)
4.148: (unload-truck p0 t2 l2-1)
4.247: (drive-truck t0 l0-0 l0-1 c0)
4.381: (drive-truck t0 l0-0 l0-1 c0)
4.055: (drive-truck t2 l2-1 l2-0 c2)
4.055: (drive-truck t1 l1-0 l1-1 c1)
4.241: (fly-airplane a0 l0-0 l2-0)
4.248: (drive-truck t1 l1-1 l1-0 c1)
4.280: (drive-truck t0 l0-0 l0-1 c0)
4.162: (fly-airplane a0 l0-0 l2-0)
4.248: (drive-truck t1 l1-1 l1-0 c1)
4.248: (fly-airplane a0 l0-0 l2-0)
4.280: (drive-truck t0 l0-0 l0-1 c0)
4.280: (drive-truck t1 l1-0 l1-1 c1)
4.161: (fly-airplane a0 l0-0 l2-0)
4.161: (drive-truck t1 l1-0 l1-1 c1)
4.380: (drive-truck t2 l2-0 l2-1 c2)
4.738: (drive-truck t2 l2-0 l2-1 c2)
5.025: (load-truck p2 t0 l0-1)
4.176: (unload-airplane p3 a0 l2-0)
4.280: (load-truck p0 t2 l2-1)
4.409: (load-truck p0 t2 l2-1)
4.519: (drive-truck t0 l0-1 l0-0 c0)
4.736: (drive-truck t1 l1-0 l1-1 c1)
4.175: (drive-truck t1 l1-0 l1-1 c1)
4.175: (unload-airplane p3 a0 l2-0)
4.277: (fly-airplane a0 l0-0 l2-0)
4.277: (drive-truck t1 l1-0 l1-1 c1)
4.277: (load-truck p0 t2 l2-1)
4.438: (fly-airplane a0 l2-0 l1-0)
5.045: (load-truck p2 t0 l0-1)
5.051: (load-truck p2 t0 l0-1)
5.135: (unload-airplane p1 a0 l2-0)
5.245: (drive-truck t2 l2-1 l2-0 c2)
4.091: (drive-truck t2 l2-1 l2-0 c2)
4.158: (load-truck p0 t2 l2-1)
4.166: (drive-truck t2 l2-1 l2-0 c2)
4.180: (drive-truck t2 l2-1 l2-0 c2)
4.232: (drive-truck t0 l0-1 l0-0 c0)
3.870: (load-truck p1 t2 l2-0)
4.048: (drive-truck t0 l0-1 l0-0 c0)
4.057: (fly-airplane a0 l2-0 l0-0)
4.093: (drive-truck t1 l1-1 l1-0 c1)
4.155: (drive-truck t1 l1-1 l1-0 c1)
3.129: (drive-truck t2 l2-0 l2-1 c2)
3.868: (fly-airplane a0 l2-0 l0-0)
3.870: (fly-airplane a0 l2-0 l1-0)
3.873: (drive-truck t1 l1-1 l1-0 c1)
3.951: (drive-truck t0 l0-1 l0-0 c0)
3.129: (drive-truck t2 l2-0 l2-1 c2)
3.129: (fly-airplane a0 l2-0 l0-0)
3.130: (fly-airplane a0 l2-0 l1-0)
3.130: (drive-truck t2 l2-0 l2-1 c2)
3.132: (drive-truck t2 l2-0 l2-1 c2)
3.130: (drive-truck t1 l1-1 l1-0 c1)
3.130: (fly-airplane a0 l2-0 l1-0)
3.132: (drive-truck t1 l1-1 l1-0 c1)
3.132: (fly-airplane a0 l2-0 l0-0)
3.730: (drive-truck t0 l0-1 l0-0 c0)
3.730: (drive-truck t1 l1-1 l1-0 c1)
3.730: (drive-truck t0 l0-1 l0-0 c0)
3.746: (fly-airplane a0 l1-0 l2-0)
3.757: (fly-airplane a0 l1-0 l0-0)
3.759: (drive-truck t0 l0-1 l0-0 c0)
3.747: (fly-airplane a0 l1-0 l2-0)
3.747: (drive-truck t1 l1-1 l1-0 c1)
3.747: (fly-airplane a0 l0-0 l2-0)
3.950: (drive-truck t2 l2-1 l2-0 c2)
3.951: (drive-truck t2 l2-1 l2-0 c2)
3.870: (drive-truck t0 l0-0 l0-1 c0)
3.937: (load-truck p3 t2 l2-0)
3.940: (load-truck p3 t2 l2-0)
3.950: (fly-airplane a0 l0-0 l1-0)
3.950: (drive-truck t1 l1-0 l1-1 c1)
3.871: (fly-airplane a0 l1-0 l0-0)
3.937: (load-truck p3 t2 l2-0)
3.937: (fly-airplane a0 l0-0 l1-0)
3.937: (drive-truck t1 l1-0 l1-1 c1)
3.937: (fly-airplane a0 l0-0 l2-0)
3.940: (drive-truck t1 l1-1 l1-0 c1)
3.954: (drive-truck t0 l0-1 l0-0 c0)
4.169: (unload-truck p1 t2 l2-0)
4.336: (drive-truck t0 l0-0 l0-1 c0)
4.337: (drive-truck t0 l0-0 l0-1 c0)
3.944: (load-truck p3 t2 l2-0)
3.944: (fly-airplane a0 l2-0 l0-0)
3.954: (unload-truck p3 t2 l2-0)
3.954: (fly-airplane a0 l0-0 l2-0)
4.053: (drive-truck t0 l0-1 l0-0 c0)
3.936: (load-airplane p3 a0 l2-0)
4.048: (fly-airplane a0 l0-0 l1-0)
4.050: (drive-truck t1 l1-0 l1-1 c1)
4.052: (fly-airplane a0 l0-0 l2-0)
4.052: (unload-truck p1 t2 l2-0)
3.935: (drive-truck t1 l1-0 l1-1 c1)
3.949: (fly-airplane a0 l2-0 l0-0)
4.048: (fly-airplane a0 l0-0 l1-0)
4.048: (drive-truck t1 l1-0 l1-1 c1)
4.164: (drive-truck t0 l0-0 l0-1 c0)
3.947: (drive-truck t1 l1-0 l1-1 c1)
3.947: (fly-airplane a0 l2-0 l0-0)
4.164: (drive-truck t1 l1-0 l1-1 c1)
4.164: (drive-truck t0 l0-0 l0-1 c0)
4.169: (fly-airplane a0 l1-0 l2-0)
4.166: (fly-airplane a0 l1-0 l0-0)
4.277: (drive-truck t0 l0-0 l0-1 c0)
4.820: (fly-airplane a0 l0-0 l1-0)
4.843: (drive-truck t2 l2-0 l2-1 c2)
4.992: (unload-truck p4 t0 l0-0)
4.244: (drive-truck t0 l0-0 l0-1 c0)
4.244: (drive-truck t2 l2-0 l2-1 c2)
4.278: (drive-truck t1 l1-1 l1-0 c1)
4.323: (fly-airplane a0 l0-0 l2-0)
4.785: (fly-airplane a0 l0-0 l2-0)
4.125: (drive-truck t0 l0-0 l0-1 c0)
4.125: (drive-truck t2 l2-0 l2-1 c2)
4.125: (fly-airplane a0 l0-0 l2-0)
4.247: (drive-truck t1 l1-1 l1-0 c1)
4.247: (drive-truck t2 l2-0 l2-1 c2)
4.128: (drive-truck t1 l1-1 l1-0 c1)
4.128: (fly-airplane a0 l0-0 l2-0)
4.846: (drive-truck t0 l0-1 l0-0 c0)
4.918: (load-truck p2 t0 l0-1)
5.007: (load-truck p2 t0 l0-1)
3.923: (unload-airplane p3 a0 l2-0)
4.326: (drive-truck t2 l2-1 l2-0 c2)
4.789: (drive-truck t0 l0-1 l0-0 c0)
4.789: (fly-airplane a0 l0-0 l2-0)
4.921: (fly-airplane a0 l0-0 l2-0)
3.920: (fly-airplane a0 l2-0 l0-0)
3.923: (fly-airplane a0 l2-0 l1-0)
3.927: (unload-airplane p3 a0 l2-0)
3.927: (drive-truck t1 l1-1 l1-0 c1)
4.757: (drive-truck t2 l2-1 l2-0 c2)
3.923: (drive-truck t1 l1-1 l1-0 c1)
3.923: (fly-airplane a0 l2-0 l0-0)
3.923: (fly-airplane a0 l2-0 l1-0)
3.923: (drive-truck t1 l1-1 l1-0 c1)
4.754: (fly-airplane a0 l2-0 l0-0)
4.757: (fly-airplane a0 l0-0 l1-0)
4.757: (drive-truck t2 l2-1 l2-0 c2)
4.757: (drive-truck t2 l2-1 l2-0 c2)
4.757: (drive-truck t1 l1-1 l1-0 c1)
4.924: (load-truck p0 t2 l2-1)
4.111: (unload-truck p2 t0 l0-1)
4.761: (fly-airplane a0 l0-0 l2-0)
4.761: (fly-airplane a0 l1-0 l2-0)
4.924: (drive-truck t1 l1-0 l1-1 c1)
4.925: (fly-airplane a0 l1-0 l0-0)
4.111: (unload-truck p2 t0 l0-1)
4.111: (drive-truck t1 l1-0 l1-1 c1)
4.114: (fly-airplane a0 l1-0 l2-0)
4.115: (unload-truck p2 t0 l0-1)
4.115: (fly-airplane a0 l1-0 l0-0)
4.111: (drive-truck t1 l1-0 l1-1 c1)
4.111: (fly-airplane a0 l1-0 l2-0)
4.112: (fly-airplane a0 l1-0 l0-0)
4.112: (drive-truck t1 l1-0 l1-1 c1)
4.298: (drive-truck t0 l0-1 l0-0 c0)
4.298: (drive-truck t1 l1-1 l1-0 c1)
4.315: (drive-truck t0 l0-1 l0-0 c0)
4.315: (fly-airplane a0 l1-0 l2-0)
4.330: (fly-airplane a0 l1-0 l0-0)
4.330: (drive-truck t0 l0-1 l0-0 c0)
4.316: (fly-airplane a0 l1-0 l2-0)
4.316: (drive-truck t1 l1-1 l1-0 c1)
4.331: (drive-truck t1 l1-1 l1-0 c1)
4.331: (fly-airplane a0 l1-0 l0-0)
4.948: (drive-truck t2 l2-1 l2-0 c2)
4.842: (drive-truck t0 l0-0 l0-1 c0)
4.948: (drive-truck t1 l1-0 l1-1 c1)
4.963: (drive-truck t2 l2-1 l2-0 c2)
4.963: (fly-airplane a0 l1-0 l2-0)
4.963: (drive-truck t2 l2-1 l2-0 c2)
4.841: (fly-airplane a0 l1-0 l0-0)
4.841: (drive-truck t0 l0-0 l0-1 c0)
4.843: (drive-truck t1 l1-0 l1-1 c1)
4.843: (drive-truck t0 l0-0 l0-1 c0)
4.845: (fly-airplane a0 l1-0 l2-0)
4.841: (fly-airplane a0 l1-0 l0-0)
4.841: (drive-truck t1 l1-0 l1-1 c1)
4.844: (fly-airplane a0 l1-0 l2-0)
4.844: (drive-truck t1 l1-0 l1-1 c1)
5.203: (unload-truck p1 t2 l2-0)
4.962: (drive-truck t0 l0-1 l0-0 c0)
4.963: (drive-truck t0 l0-1 l0-0 c0)
5.059: (drive-truck t2 l2-0 l2-1 c2)
5.095: (drive-truck t0 l0-1 l0-0 c0)
5.202: (unload-truck p1 t2 l2-0)
4.868: (drive-truck t2 l2-0 l2-1 c2)
4.868: (drive-truck t0 l0-1 l0-0 c0)
5.022: (load-airplane p3 a0 l2-0)
5.028: (load-truck p3 t2 l2-0)
5.031: (load-truck p3 t2 l2-0)
4.868: (drive-truck t1 l1-1 l1-0 c1)
4.871: (fly-airplane a0 l1-0 l2-0)
4.873: (fly-airplane a0 l1-0 l0-0)
5.001: (unload-truck p0 t2 l2-1)
5.024: (drive-truck t1 l1-1 l1-0 c1)
4.874: (drive-truck t1 l1-1 l1-0 c1)
4.874: (fly-airplane a0 l1-0 l2-0)
4.876: (fly-airplane a0 l1-0 l0-0)
4.876: (drive-truck t1 l1-1 l1-0 c1)
5.001: (drive-truck t1 l1-1 l1-0 c1)
5.006: (unload-truck p0 t2 l2-1)
5.006: (fly-airplane a0 l1-0 l2-0)
5.007: (unload-truck p0 t2 l2-1)
5.007: (fly-airplane a0 l1-0 l0-0)
5.076: (drive-truck t0 l0-0 l0-1 c0)
5.004: (drive-truck t1 l1-0 l1-1 c1)
5.005: (drive-truck t1 l1-0 l1-1 c1)
5.063: (drive-truck t1 l1-0 l1-1 c1)
5.064: (fly-airplane a0 l0-0 l1-0)
5.078: (fly-airplane a0 l0-0 l2-0)
5.069: (fly-airplane a0 l0-0 l2-0)
5.069: (drive-truck t1 l1-0 l1-1 c1)
5.131: (unload-truck p0 t2 l2-1)
5.136: (unload-truck p0 t2 l2-1)
5.136: (drive-truck t0 l0-0 l0-1 c0)
5.131: (drive-truck t1 l1-0 l1-1 c1)
5.131: (fly-airplane a0 l0-0 l1-0)
5.137: (fly-airplane a0 l1-0 l2-0)
5.138: (drive-truck t1 l1-1 l1-0 c1)
5.138: (fly-airplane a0 l1-0 l0-0)
6.019: (load-truck p2 t0 l0-1)
6.024: (load-truck p2 t0 l0-1)
6.026: (load-truck p2 t0 l0-1)
6.156: (load-airplane p3 a0 l2-0)
6.887: (unload-truck p4 t0 l0-1)
5.047: (load-airplane p1 a0 l2-0)
5.053: (drive-truck t2 l2-1 l2-0 c2)
5.058: (drive-truck t2 l2-1 l2-0 c2)
5.058: (drive-truck t2 l2-1 l2-0 c2)
5.162: (drive-truck t2 l2-1 l2-0 c2)
4.305: (fly-airplane a0 l2-0 l0-0)
4.868: (load-truck p0 t2 l2-1)
5.031: (drive-truck t0 l0-1 l0-0 c0)
5.053: (fly-airplane a0 l2-0 l1-0)
5.053: (fly-airplane a0 l0-0 l1-0)
4.058: (drive-truck t2 l2-1 l2-0 c2)
4.304: (drive-truck t1 l1-0 l1-1 c1)
4.865: (drive-truck t1 l1-0 l1-1 c1)
4.930: (fly-airplane a0 l2-0 l1-0)
5.030: (drive-truck t1 l1-0 l1-1 c1)
4.912: (load-truck p3 t2 l2-0)
4.934: (drive-truck t1 l1-0 l1-1 c1)
4.934: (fly-airplane a0 l2-0 l1-0)
5.045: (fly-airplane a0 l0-0 l1-0)
5.124: (drive-truck t2 l2-1 l2-0 c2)
4.172: (unload-truck p2 t0 l0-1)
4.189: (unload-truck p2 t0 l0-1)
4.909: (drive-truck t1 l1-0 l1-1 c1)
4.922: (drive-truck t2 l2-0 l2-1 c2)
4.973: (fly-airplane a0 l2-0 l0-0)
3.922: (unload-airplane p1 a0 l0-0)
3.924: (unload-airplane p1 a0 l0-0)
3.981: (drive-truck t0 l0-1 l0-0 c0)
3.998: (unload-airplane p1 a0 l0-0)
4.169: (fly-airplane a0 l0-0 l2-0)
3.911: (fly-airplane a0 l0-0 l1-0)
3.920: (fly-airplane a0 l0-0 l2-0)
3.920: (fly-airplane a0 l0-0 l1-0)
3.921: (drive-truck t2 l2-0 l2-1 c2)
3.921: (drive-truck t1 l1-0 l1-1 c1)
3.911: (drive-truck t2 l2-1 l2-0 c2)
3.911: (drive-truck t1 l1-1 l1-0 c1)
3.916: (drive-truck t1 l1-0 l1-1 c1)
3.916: (fly-airplane a0 l0-0 l2-0)
3.920: (drive-truck t1 l1-0 l1-1 c1)
3.923: (drive-truck t2 l2-1 l2-0 c2)
3.924: (fly-airplane a0 l1-0 l2-0)
4.901: (drive-truck t0 l0-1 l0-0 c0)
4.911: (drive-truck t0 l0-1 l0-0 c0)
4.914: (drive-truck t0 l0-1 l0-0 c0)
4.233: (unload-truck p3 t2 l2-0)
4.900: (drive-truck t1 l1-0 l1-1 c1)
4.900: (drive-truck t2 l2-1 l2-0 c2)
4.914: (drive-truck t1 l1-1 l1-0 c1)
4.914: (drive-truck t2 l2-0 l2-1 c2)
4.217: (drive-truck t1 l1-0 l1-1 c1)
4.217: (unload-truck p3 t2 l2-0)
4.559: (drive-truck t2 l2-0 l2-1 c2)
4.705: (fly-airplane a0 l1-0 l0-0)
4.719: (fly-airplane a0 l1-0 l2-0)
4.543: (drive-truck t2 l2-0 l2-1 c2)
4.543: (drive-truck t1 l1-0 l1-1 c1)
4.701: (drive-truck t1 l1-0 l1-1 c1)
4.701: (fly-airplane a0 l1-0 l0-0)
4.716: (fly-airplane a0 l1-0 l2-0)
3.932: (load-truck p0 t2 l2-1)
4.919: (load-airplane p3 a0 l2-0)
4.920: (load-truck p3 t2 l2-0)
4.920: (load-truck p3 t2 l2-0)
5.024: (drive-truck t2 l2-0 l2-1 c2)
3.952: (load-truck p0 t2 l2-1)
3.952: (fly-airplane a0 l1-0 l0-0)
3.952: (fly-airplane a0 l1-0 l2-0)
4.916: (drive-truck t2 l2-0 l2-1 c2)
4.920: (drive-truck t1 l1-1 l1-0 c1)
3.953: (drive-truck t1 l1-1 l1-0 c1)
4.919: (drive-truck t1 l1-1 l1-0 c1)
4.927: (load-airplane p3 a0 l2-0)
4.978: (unload-truck p2 t0 l0-0)
4.985: (drive-truck t2 l2-1 l2-0 c2)
3.925: (drive-truck t0 l0-0 l0-1 c0)
3.998: (drive-truck t0 l0-0 l0-1 c0)
4.914: (fly-airplane a0 l0-0 l2-0)
4.921: (drive-truck t2 l2-1 l2-0 c2)
4.929: (drive-truck t1 l1-1 l1-0 c1)
3.928: (drive-truck t0 l0-0 l0-1 c0)
3.928: (drive-truck t1 l1-1 l1-0 c1)
3.978: (fly-airplane a0 l2-0 l1-0)
3.999: (drive-truck t1 l1-1 l1-0 c1)
4.478: (unload-truck p0 t2 l2-1)
3.999: (fly-airplane a0 l2-0 l0-0)
4.478: (unload-truck p0 t2 l2-1)
4.478: (drive-truck t1 l1-1 l1-0 c1)
4.868: (fly-airplane a0 l2-0 l0-0)
4.929: (fly-airplane a0 l2-0 l1-0)
4.865: (drive-truck t1 l1-0 l1-1 c1)
4.933: (drive-truck t1 l1-0 l1-1 c1)
4.934: (fly-airplane a0 l2-0 l0-0)
4.934: (unload-truck p0 t2 l2-1)
4.963: (unload-truck p0 t2 l2-0)
4.841: (drive-truck t2 l2-1 l2-0 c2)
4.932: (unload-truck p0 t2 l2-1)
4.932: (drive-truck t1 l1-0 l1-1 c1)
4.944: (fly-airplane a0 l0-0 l1-0)
4.962: (drive-truck t1 l1-0 l1-1 c1)
4.903: (fly-airplane a0 l0-0 l1-0)
4.944: (fly-airplane a0 l0-0 l1-0)
4.944: (drive-truck t1 l1-0 l1-1 c1)
4.963: (fly-airplane a0 l0-0 l2-0)
4.964: (fly-airplane a0 l1-0 l2-0)
4.906: (drive-truck t1 l1-0 l1-1 c1)
4.994: (drive-truck t2 l2-0 l2-1 c2)
5.874: (drive-truck t0 l0-1 l0-0 c0)
5.924: (unload-airplane p3 a0 l1-0)
5.933: (drive-truck t0 l0-1 l0-0 c0)
4.966: (load-truck p0 t2 l2-0)
4.998: (drive-truck t1 l1-0 l1-1 c1)
4.998: (drive-truck t2 l2-0 l2-1 c2)
5.045: (fly-airplane a0 l1-0 l0-0)
5.864: (drive-truck t1 l1-0 l1-1 c1)
4.965: (drive-truck t1 l1-1 l1-0 c1)
4.985: (fly-airplane a0 l1-0 l0-0)
5.044: (fly-airplane a0 l1-0 l0-0)
5.044: (drive-truck t1 l1-0 l1-1 c1)
5.118: (drive-truck t2 l2-0 l2-1 c2)
4.982: (fly-airplane a0 l1-0 l2-0)
4.983: (drive-truck t1 l1-1 l1-0 c1)
4.983: (fly-airplane a0 l1-0 l0-0)
5.072: (load-truck p0 t2 l2-1)
5.119: (drive-truck t2 l2-0 l2-1 c2)
5.071: (drive-truck t1 l1-0 l1-1 c1)
5.071: (load-truck p0 t2 l2-1)
5.491: (fly-airplane a0 l0-0 l2-0)
5.916: (fly-airplane a0 l0-0 l1-0)
5.950: (unload-truck p0 t2 l2-0)
5.032: (unload-airplane p3 a0 l2-0)
5.498: (drive-truck t1 l1-1 l1-0 c1)
5.918: (drive-truck t1 l1-0 l1-1 c1)
5.918: (fly-airplane a0 l0-0 l1-0)
5.933: (fly-airplane a0 l0-0 l1-0)
5.036: (drive-truck t1 l1-1 l1-0 c1)
5.036: (unload-airplane p3 a0 l2-0)
5.905: (load-truck p1 t0 l0-0)
5.950: (fly-airplane a0 l1-0 l2-0)
5.962: (fly-airplane a0 l2-0 l1-0)
5.000: (load-truck p0 t2 l2-1)
5.027: (fly-airplane a0 l2-0 l0-0)
5.250: (drive-truck t0 l0-0 l0-1 c0)
5.405: (fly-airplane a0 l2-0 l1-0)
5.580: (drive-truck t2 l2-1 l2-0 c2)
4.202: (unload-truck p2 t0 l0-1)
4.947: (drive-truck t0 l0-0 l0-1 c0)
4.947: (load-truck p0 t2 l2-1)
4.998: (fly-airplane a0 l2-0 l1-0)
4.998: (load-truck p0 t2 l2-1)
3.345: (drive-truck t0 l0-1 l0-0 c0)
3.921: (unload-truck p2 t0 l0-1)
3.921: (load-truck p0 t2 l2-1)
3.959: (drive-truck t2 l2-1 l2-0 c2)
4.185: (fly-airplane a0 l2-0 l1-0)
2.975: (drive-truck t0 l0-1 l0-0 c0)
2.975: (load-truck p0 t2 l2-1)
3.079: (drive-truck t0 l0-1 l0-0 c0)
3.079: (drive-truck t2 l2-1 l2-0 c2)
3.337: (drive-truck t0 l0-1 l0-0 c0)
2.975: (load-truck p0 t2 l2-1)
2.975: (fly-airplane a0 l2-0 l1-0)
2.979: (drive-truck t1 l1-1 l1-0 c1)
2.981: (fly-airplane a0 l2-0 l0-0)
3.080: (drive-truck t1 l1-1 l1-0 c1)
2.975: (drive-truck t1 l1-1 l1-0 c1)
2.975: (fly-airplane a0 l2-0 l1-0)
2.984: (fly-airplane a0 l2-0 l0-0)
2.984: (drive-truck t1 l1-1 l1-0 c1)
3.082: (fly-airplane a0 l2-0 l1-0)
3.082: (drive-truck t1 l1-0 l1-1 c1)
3.085: (fly-airplane a0 l1-0 l0-0)
3.337: (drive-truck t2 l2-0 l2-1 c2)
3.337: (unload-truck p0 t2 l2-1)
3.367: (unload-truck p0 t2 l2-1)
3.084: (fly-airplane a0 l1-0 l0-0)
3.084: (drive-truck t1 l1-0 l1-1 c1)
3.347: (fly-airplane a0 l0-0 l2-0)
3.347: (fly-airplane a0 l1-0 l2-0)
3.364: (drive-truck t1 l1-0 l1-1 c1)
3.943: (load-truck p3 t2 l2-0)
3.957: (drive-truck t0 l0-0 l0-1 c0)
4.173: (unload-truck p4 t0 l0-0)
4.203: (drive-truck t0 l0-0 l0-1 c0)
4.204: (drive-truck t0 l0-0 l0-1 c0)
3.919: (load-truck p0 t2 l2-1)
3.924: (load-truck p0 t2 l2-1)
3.938: (fly-airplane a0 l0-0 l1-0)
3.940: (fly-airplane a0 l0-0 l1-0)
3.940: (fly-airplane a0 l0-0 l2-0)
3.921: (fly-airplane a0 l0-0 l1-0)
3.921: (fly-airplane a0 l2-0 l1-0)
3.922: (drive-truck t1 l1-1 l1-0 c1)
3.922: (fly-airplane a0 l2-0 l0-0)
3.938: (drive-truck t1 l1-1 l1-0 c1)
3.958: (fly-airplane a0 l1-0 l0-0)
3.959: (fly-airplane a0 l1-0 l2-0)
4.185: (drive-truck t2 l2-0 l2-1 c2)
4.185: (unload-truck p0 t2 l2-1)
4.205: (unload-truck p0 t2 l2-1)
4.358: (unload-truck p1 t0 l0-1)
4.363: (unload-truck p1 t0 l0-1)
4.590: (unload-truck p1 t0 l0-1)
4.612: (unload-truck p1 t0 l0-1)
4.797: (load-airplane p3 a0 l2-0)
3.933: (drive-truck t0 l0-1 l0-0 c0)
4.311: (load-truck p0 t2 l2-1)
4.321: (load-truck p0 t2 l2-1)
4.339: (fly-airplane a0 l0-0 l1-0)
4.339: (drive-truck t2 l2-1 l2-0 c2)
3.931: (drive-truck t1 l1-0 l1-1 c1)
4.061: (fly-airplane a0 l2-0 l0-0)
4.311: (drive-truck t1 l1-0 l1-1 c1)
4.314: (fly-airplane a0 l1-0 l2-0)
4.314: (fly-airplane a0 l0-0 l2-0)
4.057: (drive-truck t1 l1-0 l1-1 c1)
4.057: (fly-airplane a0 l2-0 l0-0)
4.153: (drive-truck t2 l2-0 l2-1 c2)
4.311: (fly-airplane a0 l1-0 l2-0)
4.311: (drive-truck t1 l1-0 l1-1 c1)
4.125: (load-truck p0 t2 l2-1)
4.149: (drive-truck t1 l1-0 l1-1 c1)
4.149: (drive-truck t2 l2-0 l2-1 c2)
4.318: (fly-airplane a0 l2-0 l0-0)
4.509: (fly-airplane a0 l0-0 l2-0)
3.985: (load-truck p0 t2 l2-1)
3.985: (fly-airplane a0 l0-0 l2-0)
4.122: (load-truck p0 t2 l2-1)
4.122: (drive-truck t1 l1-0 l1-1 c1)
4.507: (drive-truck t1 l1-0 l1-1 c1)
3.982: (load-truck p0 t2 l2-1)
3.982: (drive-truck t1 l1-0 l1-1 c1)
3.982: (fly-airplane a0 l0-0 l2-0)
4.920: (drive-truck t0 l0-0 l0-1 c0)
4.996: (fly-airplane a0 l2-0 l1-0)
4.917: (drive-truck t1 l1-0 l1-1 c1)
4.917: (drive-truck t0 l0-0 l0-1 c0)
4.999: (drive-truck t1 l1-0 l1-1 c1)
4.999: (fly-airplane a0 l2-0 l1-0)
5.022: (unload-truck p0 t2 l2-1)
4.931: (drive-truck t2 l2-1 l2-0 c2)
5.024: (drive-truck t1 l1-0 l1-1 c1)
5.024: (unload-truck p0 t2 l2-1)
5.028: (fly-airplane a0 l2-0 l0-0)
5.309: (unload-truck p1 t0 l0-1)
4.934: (drive-truck t2 l2-1 l2-0 c2)
4.934: (drive-truck t1 l1-0 l1-1 c1)
4.992: (unload-truck p0 t2 l2-1)
5.031: (drive-truck t1 l1-1 l1-0 c1)
5.312: (drive-truck t1 l1-1 l1-0 c1)
4.901: (drive-truck t2 l2-1 l2-0 c2)
4.994: (drive-truck t1 l1-1 l1-0 c1)
4.994: (unload-truck p0 t2 l2-1)
5.367: (fly-airplane a0 l0-0 l2-0)
5.429: (unload-truck p1 t0 l0-1)
4.795: (drive-truck t2 l2-1 l2-0 c2)
4.795: (fly-airplane a0 l0-0 l2-0)
4.903: (drive-truck t1 l1-1 l1-0 c1)
4.903: (drive-truck t2 l2-1 l2-0 c2)
5.333: (drive-truck t2 l2-1 l2-0 c2)
5.196: (unload-truck p1 t0 l0-1)
5.196: (fly-airplane a0 l0-0 l2-0)
5.336: (drive-truck t1 l1-1 l1-0 c1)
5.337: (unload-truck p1 t0 l0-1)
5.780: (fly-airplane a0 l2-0 l1-0)
4.357: (unload-airplane p3 a0 l2-0)
5.199: (fly-airplane a0 l0-0 l2-0)
5.199: (drive-truck t1 l1-1 l1-0 c1)
5.433: (drive-truck t2 l2-0 l2-1 c2)
5.773: (drive-truck t2 l2-0 l2-1 c2)
4.339: (fly-airplane a0 l2-0 l1-0)
4.362: (fly-airplane a0 l2-0 l0-0)
4.603: (drive-truck t2 l2-0 l2-1 c2)
4.603: (unload-airplane p3 a0 l2-0)
5.207: (load-truck p3 t2 l2-0)
4.590: (fly-airplane a0 l2-0 l1-0)
4.590: (drive-truck t2 l2-0 l2-1 c2)
4.604: (drive-truck t1 l1-1 l1-0 c1)
4.611: (drive-truck t2 l2-0 l2-1 c2)
4.611: (fly-airplane a0 l2-0 l0-0)
5.775: (load-airplane p3 a0 l2-0)
6.279: (load-truck p2 t0 l0-1)
6.549: (drive-truck t0 l0-1 l0-0 c0)
6.716: (load-truck p2 t0 l0-1)
6.727: (load-truck p2 t0 l0-1)
5.242: (load-truck p1 t0 l0-1)
5.250: (load-truck p1 t0 l0-1)
5.251: (load-truck p1 t0 l0-1)
5.371: (load-truck p1 t0 l0-1)
5.926: (load-truck p0 t2 l2-1)
4.943: (load-truck p0 t2 l2-1)
4.945: (load-truck p1 t0 l0-1)
4.945: (load-truck p0 t2 l2-1)
4.950: (load-truck p0 t2 l2-1)
4.994: (drive-truck t2 l2-1 l2-0 c2)
4.945: (fly-airplane a0 l2-0 l1-0)
4.945: (drive-truck t1 l1-1 l1-0 c1)
4.947: (drive-truck t1 l1-1 l1-0 c1)
4.947: (fly-airplane a0 l2-0 l0-0)
4.993: (drive-truck t1 l1-1 l1-0 c1)
4.998: (drive-truck t0 l0-1 l0-0 c0)
5.001: (fly-airplane a0 l1-0 l0-0)
5.003: (fly-airplane a0 l1-0 l2-0)
5.005: (drive-truck t0 l0-1 l0-0 c0)
5.105: (drive-truck t0 l0-1 l0-0 c0)
5.001: (drive-truck t1 l1-0 l1-1 c1)
5.002: (fly-airplane a0 l1-0 l2-0)
5.002: (fly-airplane a0 l0-0 l2-0)
5.003: (drive-truck t1 l1-0 l1-1 c1)
5.003: (drive-truck t1 l1-0 l1-1 c1)
5.597: (drive-truck t0 l0-1 l0-0 c0)
5.854: (load-airplane p3 a0 l2-0)
5.860: (load-truck p3 t2 l2-0)
5.863: (load-truck p3 t2 l2-0)
5.908: (unload-truck p0 t2 l2-1)
4.802: (unload-truck p2 t0 l0-1)
4.804: (unload-truck p2 t0 l0-1)
5.099: (fly-airplane a0 l0-0 l1-0)
5.420: (fly-airplane a0 l2-0 l1-0)
5.583: (drive-truck t2 l2-1 l2-0 c2)
4.803: (fly-airplane a0 l0-0 l1-0)
4.803: (fly-airplane a0 l2-0 l1-0)
4.806: (drive-truck t1 l1-1 l1-0 c1)
4.807: (drive-truck t1 l1-1 l1-0 c1)
4.891: (drive-truck t2 l2-0 l2-1 c2)
3.943: (drive-truck t0 l0-1 l0-0 c0)
3.947: (drive-truck t0 l0-1 l0-0 c0)
4.485: (drive-truck t0 l0-1 l0-0 c0)
4.803: (fly-airplane a0 l2-0 l1-0)
4.803: (drive-truck t1 l1-1 l1-0 c1)
3.940: (drive-truck t0 l0-1 l0-0 c0)
3.940: (fly-airplane a0 l2-0 l1-0)
3.940: (fly-airplane a0 l0-0 l1-0)
4.488: (drive-truck t2 l2-0 l2-1 c2)
4.488: (drive-truck t1 l1-1 l1-0 c1)
4.498: (drive-truck t2 l2-0 l2-1 c2)
4.498: (fly-airplane a0 l2-0 l1-0)
4.514: (fly-airplane a0 l2-0 l0-0)
4.894: (drive-truck t0 l0-0 l0-1 c0)
4.938: (unload-truck p4 t0 l0-0)
4.085: (unload-truck p3 t2 l2-0)
4.498: (drive-truck t1 l1-0 l1-1 c1)
4.511: (drive-truck t1 l1-0 l1-1 c1)
4.894: (fly-airplane a0 l2-0 l1-0)
4.894: (drive-truck t0 l0-0 l0-1 c0)
4.085: (drive-truck t1 l1-0 l1-1 c1)
4.178: (fly-airplane a0 l1-0 l0-0)
4.201: (fly-airplane a0 l1-0 l2-0)
4.392: (drive-truck t2 l2-0 l2-1 c2)
4.893: (drive-truck t0 l0-0 l0-1 c0)
4.197: (fly-airplane a0 l1-0 l2-0)
4.197: (drive-truck t1 l1-0 l1-1 c1)
4.393: (drive-truck t2 l2-0 l2-1 c2)
4.393: (drive-truck t1 l1-0 l1-1 c1)
4.587: (drive-truck t2 l2-0 l2-1 c2)
4.583: (drive-truck t1 l1-0 l1-1 c1)
4.583: (fly-airplane a0 l1-0 l0-0)
4.599: (drive-truck t2 l2-0 l2-1 c2)
4.599: (fly-airplane a0 l1-0 l2-0)
4.604: (fly-airplane a0 l0-0 l2-0)
5.259: (load-truck p0 t2 l2-1)
5.274: (load-truck p0 t2 l2-1)
5.278: (load-truck p0 t2 l2-1)
5.407: (drive-truck t0 l0-0 l0-1 c0)
5.408: (drive-truck t0 l0-0 l0-1 c0)
4.987: (drive-truck t2 l2-1 l2-0 c2)
4.988: (drive-truck t2 l2-1 l2-0 c2)
4.989: (drive-truck t2 l2-1 l2-0 c2)
5.100: (drive-truck t2 l2-1 l2-0 c2)
5.101: (drive-truck t2 l2-1 l2-0 c2)
4.017: (load-truck p4 t0 l0-0)
4.018: (load-truck p4 t0 l0-0)
4.021: (load-truck p4 t0 l0-0)
4.970: (fly-airplane a0 l0-0 l1-0)
4.970: (fly-airplane a0 l2-0 l1-0)
4.011: (fly-airplane a0 l0-0 l1-0)
4.011: (fly-airplane a0 l2-0 l1-0)
4.011: (load-truck p4 t0 l0-0)
4.011: (fly-airplane a0 l2-0 l1-0)
4.022: (fly-airplane a0 l2-0 l0-0)
4.866: (drive-truck t0 l0-0 l0-1 c0)
4.867: (drive-truck t0 l0-0 l0-1 c0)
4.867: (drive-truck t0 l0-0 l0-1 c0)
4.970: (unload-truck p4 t0 l0-0)
4.981: (unload-truck p0 t2 l2-0)
4.867: (fly-airplane a0 l1-0 l0-0)
4.867: (drive-truck t1 l1-0 l1-1 c1)
4.870: (fly-airplane a0 l1-0 l2-0)
4.870: (fly-airplane a0 l0-0 l2-0)
4.870: (fly-airplane a0 l1-0 l2-0)
5.270: (unload-truck p1 t0 l0-1)
5.272: (unload-truck p1 t0 l0-1)
5.274: (unload-truck p1 t0 l0-1)
5.836: (unload-truck p0 t2 l2-0)
5.839: (unload-truck p0 t2 l2-0)
4.984: (drive-truck t0 l0-1 l0-0 c0)
4.987: (drive-truck t0 l0-1 l0-0 c0)
5.265: (fly-airplane a0 l2-0 l1-0)
5.265: (fly-airplane a0 l0-0 l1-0)
5.267: (fly-airplane a0 l2-0 l1-0)
4.986: (drive-truck t1 l1-1 l1-0 c1)
4.989: (drive-truck t1 l1-1 l1-0 c1)
5.278: (fly-airplane a0 l1-0 l0-0)
5.939: (unload-truck p4 t0 l0-0)
5.942: (unload-truck p4 t0 l0-0)
4.981: (fly-airplane a0 l0-0 l1-0)
4.981: (fly-airplane a0 l2-0 l1-0)
5.837: (drive-truck t0 l0-0 l0-1 c0)
5.841: (drive-truck t0 l0-0 l0-1 c0)
5.922: (fly-airplane a0 l2-0 l1-0)
5.837: (fly-airplane a0 l0-0 l1-0)
5.837: (drive-truck t0 l0-0 l0-1 c0)
5.837: (fly-airplane a0 l2-0 l1-0)
5.922: (drive-truck t1 l1-1 l1-0 c1)
5.922: (unload-truck p4 t0 l0-0)
5.837: (drive-truck t1 l1-0 l1-1 c1)
5.941: (fly-airplane a0 l1-0 l0-0)
5.944: (fly-airplane a0 l1-0 l2-0)
6.021: (unload-truck p1 t0 l0-0)
6.240: (unload-truck p1 t0 l0-1)
4.988: (load-truck p0 t2 l2-0)
5.071: (load-truck p0 t2 l2-0)
5.913: (drive-truck t0 l0-0 l0-1 c0)
6.019: (drive-truck t1 l1-0 l1-1 c1)
6.240: (drive-truck t1 l1-0 l1-1 c1)
4.944: (load-truck p0 t2 l2-0)
4.944: (drive-truck t0 l0-0 l0-1 c0)
5.073: (drive-truck t1 l1-0 l1-1 c1)
5.073: (load-truck p0 t2 l2-0)
5.263: (drive-truck t2 l2-0 l2-1 c2)
4.945: (drive-truck t0 l0-0 l0-1 c0)
4.945: (drive-truck t1 l1-0 l1-1 c1)
5.202: (fly-airplane a0 l0-0 l1-0)
5.333: (fly-airplane a0 l1-0 l2-0)
5.336: (fly-airplane a0 l1-0 l0-0)
5.202: (drive-truck t1 l1-0 l1-1 c1)
5.321: (drive-truck t1 l1-0 l1-1 c1)
5.321: (fly-airplane a0 l1-0 l2-0)
5.323: (fly-airplane a0 l1-0 l0-0)
5.323: (drive-truck t1 l1-0 l1-1 c1)
5.407: (drive-truck t0 l0-1 l0-0 c0)
5.423: (drive-truck t0 l0-1 l0-0 c0)
5.571: (load-airplane p4 a0 l0-0)
5.800: (load-truck p2 t0 l0-1)
5.801: (load-truck p2 t0 l0-1)
4.966: (fly-airplane a0 l0-0 l2-0)
5.030: (load-airplane p1 a0 l0-0)
5.412: (drive-truck t1 l1-1 l1-0 c1)
5.428: (drive-truck t1 l1-1 l1-0 c1)
5.574: (drive-truck t1 l1-1 l1-0 c1)
3.966: (unload-airplane p4 a0 l2-0)
4.967: (fly-airplane a0 l0-0 l2-0)
4.967: (drive-truck t1 l1-1 l1-0 c1)
4.968: (drive-truck t0 l0-1 l0-0 c0)
5.031: (drive-truck t1 l1-1 l1-0 c1)
2.983: (load-truck p4 t2 l2-0)
3.960: (fly-airplane a0 l2-0 l1-0)
3.968: (drive-truck t1 l1-1 l1-0 c1)
3.968: (unload-airplane p4 a0 l2-0)
3.968: (drive-truck t0 l0-1 l0-0 c0)
1.936: (drive-truck t2 l2-0 l2-1 c2)
2.964: (load-truck p4 t2 l2-0)
2.964: (fly-airplane a0 l2-0 l1-0)
2.983: (drive-truck t1 l1-1 l1-0 c1)
2.983: (load-truck p4 t2 l2-0)
0.936: (unload-truck p4 t2 l2-1)
0.936: (unload-truck p0 t2 l2-1)
1.920: (drive-truck t2 l2-0 l2-1 c2)
1.920: (fly-airplane a0 l2-0 l1-0)
1.937: (drive-truck t2 l2-0 l2-1 c2)
-0.071: (unload-truck p4 t2 l2-1)
[Final] Expanded: 646, Generated: 8506
Found a solution of length 165!
   1: (drive-truck t0 l0-0 l0-1 c0)
   2: (load-truck p2 t0 l0-1)
   3: (load-truck p4 t0 l0-1)
   4: (fly-airplane a0 l2-0 l0-0)
   5: (load-airplane p3 a0 l0-0)
   6: (fly-airplane a0 l0-0 l2-0)
   7: (unload-airplane p3 a0 l2-0)
   8: (drive-truck t2 l2-0 l2-1 c2)
   9: (load-truck p0 t2 l2-1)
  10: (fly-airplane a0 l2-0 l0-0)
  11: (drive-truck t1 l1-1 l1-0 c1)
  12: (load-airplane p1 a0 l0-0)
  13: (unload-truck p2 t0 l0-1)
  14: (unload-truck p0 t2 l2-1)
  15: (drive-truck t2 l2-1 l2-0 c2)
  16: (fly-airplane a0 l0-0 l2-0)
  17: (drive-truck t0 l0-1 l0-0 c0)
  18: (drive-truck t1 l1-0 l1-1 c1)
  19: (drive-truck t2 l2-0 l2-1 c2)
  20: (drive-truck t1 l1-1 l1-0 c1)
  21: (load-truck p0 t2 l2-1)
  22: (load-airplane p3 a0 l2-0)
  23: (fly-airplane a0 l2-0 l0-0)
  24: (unload-truck p0 t2 l2-1)
  25: (drive-truck t2 l2-1 l2-0 c2)
  26: (drive-truck t0 l0-0 l0-1 c0)
  27: (fly-airplane a0 l0-0 l2-0)
  28: (drive-truck t2 l2-0 l2-1 c2)
  29: (unload-airplane p3 a0 l2-0)
  30: (drive-truck t1 l1-0 l1-1 c1)
  31: (unload-airplane p1 a0 l2-0)
  32: (drive-truck t2 l2-1 l2-0 c2)
  33: (load-truck p1 t2 l2-0)
  34: (drive-truck t2 l2-0 l2-1 c2)
  35: (fly-airplane a0 l2-0 l1-0)
  36: (drive-truck t0 l0-1 l0-0 c0)
  37: (fly-airplane a0 l1-0 l0-0)
  38: (drive-truck t2 l2-1 l2-0 c2)
  39: (load-truck p3 t2 l2-0)
  40: (fly-airplane a0 l0-0 l2-0)
  41: (drive-truck t1 l1-1 l1-0 c1)
  42: (unload-truck p3 t2 l2-0)
  43: (load-airplane p3 a0 l2-0)
  44: (fly-airplane a0 l2-0 l0-0)
  45: (drive-truck t1 l1-0 l1-1 c1)
  46: (drive-truck t2 l2-0 l2-1 c2)
  47: (drive-truck t0 l0-0 l0-1 c0)
  48: (drive-truck t1 l1-1 l1-0 c1)
  49: (load-truck p2 t0 l0-1)
  50: (fly-airplane a0 l0-0 l2-0)
  51: (unload-airplane p3 a0 l2-0)
  52: (fly-airplane a0 l2-0 l1-0)
  53: (load-truck p0 t2 l2-1)
  54: (drive-truck t1 l1-0 l1-1 c1)
  55: (unload-truck p2 t0 l0-1)
  56: (drive-truck t0 l0-1 l0-0 c0)
  57: (drive-truck t1 l1-1 l1-0 c1)
  58: (drive-truck t2 l2-1 l2-0 c2)
  59: (drive-truck t0 l0-0 l0-1 c0)
  60: (drive-truck t1 l1-0 l1-1 c1)
  61: (unload-truck p1 t2 l2-0)
  62: (drive-truck t0 l0-1 l0-0 c0)
  63: (drive-truck t2 l2-0 l2-1 c2)
  64: (drive-truck t1 l1-1 l1-0 c1)
  65: (fly-airplane a0 l1-0 l0-0)
  66: (drive-truck t0 l0-0 l0-1 c0)
  67: (fly-airplane a0 l0-0 l1-0)
  68: (unload-truck p0 t2 l2-1)
  69: (fly-airplane a0 l1-0 l2-0)
  70: (load-truck p2 t0 l0-1)
  71: (load-airplane p1 a0 l2-0)
  72: (fly-airplane a0 l2-0 l0-0)
  73: (drive-truck t2 l2-1 l2-0 c2)
  74: (load-truck p3 t2 l2-0)
  75: (drive-truck t2 l2-0 l2-1 c2)
  76: (unload-airplane p1 a0 l0-0)
  77: (fly-airplane a0 l0-0 l1-0)
  78: (drive-truck t2 l2-1 l2-0 c2)
  79: (drive-truck t0 l0-1 l0-0 c0)
  80: (unload-truck p3 t2 l2-0)
  81: (drive-truck t1 l1-0 l1-1 c1)
  82: (drive-truck t2 l2-0 l2-1 c2)
  83: (load-truck p0 t2 l2-1)
  84: (fly-airplane a0 l1-0 l2-0)
  85: (load-airplane p3 a0 l2-0)
  86: (drive-truck t1 l1-1 l1-0 c1)
  87: (drive-truck t0 l0-0 l0-1 c0)
  88: (unload-truck p0 t2 l2-1)
  89: (fly-airplane a0 l2-0 l0-0)
  90: (drive-truck t2 l2-1 l2-0 c2)
  91: (fly-airplane a0 l0-0 l1-0)
  92: (drive-truck t0 l0-1 l0-0 c0)
  93: (drive-truck t1 l1-0 l1-1 c1)
  94: (fly-airplane a0 l1-0 l0-0)
  95: (drive-truck t2 l2-0 l2-1 c2)
  96: (fly-airplane a0 l0-0 l2-0)
  97: (unload-airplane p3 a0 l2-0)
  98: (load-truck p1 t0 l0-0)
  99: (drive-truck t0 l0-0 l0-1 c0)
 100: (unload-truck p2 t0 l0-1)
 101: (drive-truck t2 l2-1 l2-0 c2)
 102: (drive-truck t0 l0-1 l0-0 c0)
 103: (drive-truck t1 l1-1 l1-0 c1)
 104: (fly-airplane a0 l2-0 l1-0)
 105: (drive-truck t1 l1-0 l1-1 c1)
 106: (fly-airplane a0 l1-0 l0-0)
 107: (drive-truck t0 l0-0 l0-1 c0)
 108: (fly-airplane a0 l0-0 l1-0)
 109: (drive-truck t1 l1-1 l1-0 c1)
 110: (fly-airplane a0 l1-0 l2-0)
 111: (load-airplane p3 a0 l2-0)
 112: (drive-truck t0 l0-1 l0-0 c0)
 113: (fly-airplane a0 l2-0 l0-0)
 114: (drive-truck t2 l2-0 l2-1 c2)
 115: (fly-airplane a0 l0-0 l2-0)
 116: (load-truck p0 t2 l2-1)
 117: (drive-truck t0 l0-0 l0-1 c0)
 118: (drive-truck t1 l1-0 l1-1 c1)
 119: (fly-airplane a0 l2-0 l0-0)
 120: (unload-truck p0 t2 l2-1)
 121: (fly-airplane a0 l0-0 l2-0)
 122: (drive-truck t2 l2-1 l2-0 c2)
 123: (unload-truck p1 t0 l0-1)
 124: (unload-airplane p3 a0 l2-0)
 125: (drive-truck t2 l2-0 l2-1 c2)
 126: (fly-airplane a0 l2-0 l1-0)
 127: (load-truck p2 t0 l0-1)
 128: (load-truck p1 t0 l0-1)
 129: (drive-truck t2 l2-1 l2-0 c2)
 130: (drive-truck t1 l1-1 l1-0 c1)
 131: (fly-airplane a0 l1-0 l2-0)
 132: (drive-truck t1 l1-0 l1-1 c1)
 133: (load-truck p3 t2 l2-0)
 134: (unload-truck p2 t0 l0-1)
 135: (drive-truck t1 l1-1 l1-0 c1)
 136: (fly-airplane a0 l2-0 l1-0)
 137: (drive-truck t0 l0-1 l0-0 c0)
 138: (unload-truck p4 t0 l0-0)
 139: (unload-truck p3 t2 l2-0)
 140: (fly-airplane a0 l1-0 l0-0)
 141: (drive-truck t2 l2-0 l2-1 c2)
 142: (drive-truck t1 l1-0 l1-1 c1)
 143: (load-truck p0 t2 l2-1)
 144: (drive-truck t2 l2-1 l2-0 c2)
 145: (load-truck p4 t0 l0-0)
 146: (fly-airplane a0 l0-0 l1-0)
 147: (drive-truck t0 l0-0 l0-1 c0)
 148: (fly-airplane a0 l1-0 l2-0)
 149: (unload-truck p0 t2 l2-0)
 150: (drive-truck t0 l0-1 l0-0 c0)
 151: (unload-truck p4 t0 l0-0)
 152: (fly-airplane a0 l2-0 l1-0)
 153: (drive-truck t1 l1-1 l1-0 c1)
 154: (unload-truck p1 t0 l0-0)
 155: (load-truck p0 t2 l2-0)
 156: (drive-truck t1 l1-0 l1-1 c1)
 157: (drive-truck t0 l0-0 l0-1 c0)
 158: (fly-airplane a0 l1-0 l0-0)
 159: (load-airplane p4 a0 l0-0)
 160: (fly-airplane a0 l0-0 l2-0)
 161: (unload-airplane p4 a0 l2-0)
 162: (load-truck p4 t2 l2-0)
 163: (drive-truck t2 l2-0 l2-1 c2)
 164: (unload-truck p0 t2 l2-1)
 165: (unload-truck p4 t2 l2-1)
