/u/ibrahim.eisawy/Neural-Guided-Search/venv/lib/python3.10/site-packages/pymimir_rgnn/model.py:151: UserWarning: index_reduce() is in beta and the API may change at any time. (Triggered internally at /pytorch/aten/src/ATen/native/cuda/Indexing.cu:1541.)
  max_msg.index_reduce_(0, output_indices, output_messages, reduce='amax', include_self=True)
Torch: 2.12.0+cu130
Using GPU:  NVIDIA L40S
17.490: (load-truck p2 t1 l1-1)
17.490: (load-truck p4 t1 l1-1)
18.663: (drive-truck t1 l1-1 l1-0 c1)
19.365: (fly-airplane a0 l2-0 l1-0)
19.472: (fly-airplane a0 l2-0 l0-0)
16.135: (load-truck p2 t1 l1-1)
16.135: (load-truck p4 t1 l1-1)
16.957: (drive-truck t1 l1-1 l1-0 c1)
16.957: (drive-truck t1 l1-1 l1-0 c1)
17.072: (load-truck p1 t1 l1-0)
15.215: (drive-truck t1 l1-1 l1-0 c1)
15.671: (load-truck p1 t1 l1-0)
15.671: (load-truck p1 t1 l1-0)
15.688: (load-truck p5 t1 l1-0)
15.688: (load-truck p5 t1 l1-0)
14.016: (load-truck p1 t1 l1-0)
14.017: (load-truck p5 t1 l1-0)
14.161: (load-truck p3 t1 l1-0)
14.415: (load-truck p5 t1 l1-0)
14.415: (load-truck p5 t1 l1-0)
12.834: (load-truck p5 t1 l1-0)
12.834: (load-truck p1 t1 l1-0)
12.908: (drive-truck t1 l1-0 l1-1 c1)
12.930: (load-truck p3 t1 l1-0)
12.930: (load-truck p1 t1 l1-0)
11.845: (drive-truck t1 l1-0 l1-1 c1)
11.919: (load-truck p5 t1 l1-0)
11.919: (load-truck p3 t1 l1-0)
12.715: (drive-truck t1 l1-0 l1-1 c1)
12.736: (fly-airplane a0 l2-0 l1-0)
11.014: (drive-truck t1 l1-0 l1-1 c1)
11.348: (load-airplane p3 a0 l1-0)
11.719: (load-truck p3 t1 l1-0)
11.719: (fly-airplane a0 l2-0 l1-0)
11.847: (fly-airplane a0 l2-0 l0-0)
10.818: (fly-airplane a0 l1-0 l2-0)
10.860: (drive-truck t1 l1-0 l1-1 c1)
11.008: (fly-airplane a0 l2-0 l1-0)
11.008: (drive-truck t1 l1-0 l1-1 c1)
11.023: (fly-airplane a0 l2-0 l0-0)
9.932: (drive-truck t1 l1-0 l1-1 c1)
9.932: (fly-airplane a0 l1-0 l2-0)
10.627: (fly-airplane a0 l1-0 l0-0)
10.821: (drive-truck t0 l0-0 l0-1 c0)
10.877: (drive-truck t0 l0-0 l0-1 c0)
8.776: (load-truck p0 t0 l0-1)
8.797: (load-truck p0 t0 l0-1)
9.682: (unload-airplane p3 a0 l0-0)
9.930: (drive-truck t0 l0-0 l0-1 c0)
9.930: (drive-truck t1 l1-0 l1-1 c1)
7.868: (load-truck p0 t0 l0-1)
7.868: (drive-truck t1 l1-0 l1-1 c1)
7.868: (fly-airplane a0 l1-0 l2-0)
7.956: (fly-airplane a0 l1-0 l0-0)
8.839: (drive-truck t0 l0-1 l0-0 c0)
7.057: (unload-airplane p3 a0 l0-0)
7.959: (unload-truck p0 t0 l0-0)
7.972: (drive-truck t1 l1-0 l1-1 c1)
7.972: (drive-truck t0 l0-1 l0-0 c0)
8.370: (drive-truck t0 l0-1 l0-0 c0)
7.052: (fly-airplane a0 l0-0 l1-0)
7.056: (drive-truck t1 l1-0 l1-1 c1)
7.056: (unload-truck p0 t0 l0-0)
7.058: (fly-airplane a0 l0-0 l2-0)
7.407: (unload-truck p0 t0 l0-0)
7.197: (drive-truck t0 l0-0 l0-1 c0)
7.425: (drive-truck t0 l0-1 l0-0 c0)
7.426: (drive-truck t0 l0-1 l0-0 c0)
7.902: (unload-airplane p3 a0 l0-0)
7.983: (fly-airplane a0 l2-0 l1-0)
7.407: (load-airplane p0 a0 l0-0)
7.432: (load-truck p0 t0 l0-0)
7.432: (load-truck p3 t0 l0-0)
7.432: (fly-airplane a0 l1-0 l0-0)
7.432: (fly-airplane a0 l2-0 l0-0)
7.056: (fly-airplane a0 l0-0 l2-0)
7.057: (drive-truck t0 l0-0 l0-1 c0)
7.425: (fly-airplane a0 l0-0 l2-0)
7.426: (fly-airplane a0 l0-0 l1-0)
7.983: (fly-airplane a0 l0-0 l1-0)
7.052: (drive-truck t0 l0-0 l0-1 c0)
7.052: (fly-airplane a0 l0-0 l1-0)
7.058: (fly-airplane a0 l0-0 l2-0)
7.058: (drive-truck t0 l0-0 l0-1 c0)
7.197: (drive-truck t0 l0-0 l0-1 c0)
7.985: (drive-truck t2 l2-0 l2-1 c2)
7.987: (drive-truck t2 l2-0 l2-1 c2)
8.048: (drive-truck t1 l1-1 l1-0 c1)
8.056: (drive-truck t1 l1-1 l1-0 c1)
8.063: (drive-truck t1 l1-1 l1-0 c1)
7.959: (drive-truck t0 l0-1 l0-0 c0)
7.992: (fly-airplane a0 l1-0 l0-0)
7.992: (fly-airplane a0 l2-0 l0-0)
8.057: (fly-airplane a0 l2-0 l0-0)
8.057: (fly-airplane a0 l1-0 l0-0)
8.423: (drive-truck t0 l0-1 l0-0 c0)
8.471: (fly-airplane a0 l2-0 l1-0)
8.685: (fly-airplane a0 l2-0 l0-0)
8.713: (drive-truck t0 l0-1 l0-0 c0)
8.839: (load-truck p3 t0 l0-0)
7.972: (drive-truck t1 l1-0 l1-1 c1)
8.412: (drive-truck t0 l0-0 l0-1 c0)
8.415: (fly-airplane a0 l0-0 l2-0)
8.417: (fly-airplane a0 l0-0 l1-0)
8.527: (fly-airplane a0 l0-0 l1-0)
7.868: (drive-truck t0 l0-0 l0-1 c0)
8.160: (drive-truck t1 l1-0 l1-1 c1)
8.370: (fly-airplane a0 l2-0 l0-0)
8.706: (fly-airplane a0 l1-0 l2-0)
8.893: (unload-truck p3 t0 l0-0)
7.906: (drive-truck t2 l2-1 l2-0 c2)
7.956: (drive-truck t0 l0-0 l0-1 c0)
7.956: (fly-airplane a0 l2-0 l0-0)
8.415: (load-truck p0 t0 l0-0)
8.679: (fly-airplane a0 l1-0 l0-0)
7.896: (fly-airplane a0 l2-0 l1-0)
7.987: (drive-truck t0 l0-0 l0-1 c0)
8.417: (fly-airplane a0 l2-0 l1-0)
8.423: (fly-airplane a0 l2-0 l0-0)
8.581: (unload-airplane p0 a0 l0-0)
7.985: (fly-airplane a0 l2-0 l1-0)
7.985: (drive-truck t0 l0-0 l0-1 c0)
7.992: (drive-truck t0 l0-0 l0-1 c0)
7.992: (fly-airplane a0 l2-0 l0-0)
8.589: (fly-airplane a0 l0-0 l1-0)
8.593: (fly-airplane a0 l1-0 l2-0)
8.890: (load-airplane p3 a0 l0-0)
8.981: (drive-truck t1 l1-1 l1-0 c1)
8.990: (drive-truck t1 l1-1 l1-0 c1)
9.583: (drive-truck t2 l2-0 l2-1 c2)
8.048: (drive-truck t2 l2-1 l2-0 c2)
8.057: (drive-truck t2 l2-1 l2-0 c2)
8.862: (fly-airplane a0 l0-0 l2-0)
8.893: (drive-truck t0 l0-1 l0-0 c0)
8.985: (fly-airplane a0 l0-0 l2-0)
8.056: (drive-truck t2 l2-1 l2-0 c2)
8.056: (fly-airplane a0 l1-0 l2-0)
8.056: (fly-airplane a0 l0-0 l2-0)
8.527: (drive-truck t0 l0-1 l0-0 c0)
8.713: (drive-truck t0 l0-1 l0-0 c0)
8.706: (drive-truck t0 l0-1 l0-0 c0)
8.706: (fly-airplane a0 l1-0 l2-0)
8.706: (fly-airplane a0 l0-0 l2-0)
8.993: (unload-truck p0 t0 l0-0)
9.124: (unload-truck p1 t1 l1-0)
9.055: (fly-airplane a0 l2-0 l1-0)
9.126: (fly-airplane a0 l2-0 l0-0)
9.187: (fly-airplane a0 l1-0 l0-0)
9.190: (fly-airplane a0 l1-0 l2-0)
9.190: (unload-truck p0 t0 l0-0)
8.685: (load-airplane p3 a0 l0-0)
9.543: (drive-truck t0 l0-1 l0-0 c0)
9.655: (drive-truck t0 l0-1 l0-0 c0)
9.871: (drive-truck t0 l0-0 l0-1 c0)
9.882: (drive-truck t0 l0-0 l0-1 c0)
8.471: (fly-airplane a0 l0-0 l1-0)
9.587: (unload-truck p4 t1 l1-0)
9.587: (unload-truck p2 t1 l1-0)
9.629: (unload-truck p5 t1 l1-0)
9.630: (unload-truck p1 t1 l1-0)
8.412: (drive-truck t0 l0-0 l0-1 c0)
8.919: (drive-truck t1 l1-0 l1-1 c1)
8.919: (drive-truck t1 l1-0 l1-1 c1)
8.951: (drive-truck t1 l1-0 l1-1 c1)
9.062: (fly-airplane a0 l0-0 l2-0)
8.063: (fly-airplane a0 l1-0 l2-0)
8.160: (drive-truck t1 l1-0 l1-1 c1)
8.676: (unload-airplane p3 a0 l0-0)
8.676: (unload-airplane p3 a0 l0-0)
8.707: (unload-airplane p3 a0 l0-0)
8.664: (fly-airplane a0 l0-0 l1-0)
8.664: (fly-airplane a0 l0-0 l1-0)
8.679: (fly-airplane a0 l1-0 l0-0)
8.679: (fly-airplane a0 l0-0 l2-0)
8.679: (fly-airplane a0 l0-0 l2-0)
8.932: (load-truck p3 t0 l0-0)
8.932: (load-truck p0 t0 l0-0)
8.932: (load-truck p0 t0 l0-0)
8.932: (load-truck p3 t0 l0-0)
8.934: (load-truck p0 t0 l0-0)
8.934: (fly-airplane a0 l1-0 l2-0)
8.934: (fly-airplane a0 l1-0 l2-0)
8.934: (fly-airplane a0 l1-0 l2-0)
8.936: (fly-airplane a0 l1-0 l0-0)
8.936: (fly-airplane a0 l1-0 l0-0)
8.936: (fly-airplane a0 l2-0 l0-0)
8.936: (fly-airplane a0 l2-0 l0-0)
9.611: (drive-truck t1 l1-1 l1-0 c1)
9.611: (drive-truck t1 l1-1 l1-0 c1)
9.611: (drive-truck t1 l1-1 l1-0 c1)
9.506: (fly-airplane a0 l2-0 l1-0)
9.506: (fly-airplane a0 l2-0 l1-0)
9.506: (fly-airplane a0 l2-0 l1-0)
9.618: (drive-truck t1 l1-1 l1-0 c1)
9.618: (drive-truck t1 l1-1 l1-0 c1)
9.618: (fly-airplane a0 l1-0 l0-0)
9.943: (drive-truck t0 l0-0 l0-1 c0)
9.943: (drive-truck t0 l0-0 l0-1 c0)
9.943: (drive-truck t0 l0-0 l0-1 c0)
9.996: (unload-truck p3 t0 l0-0)
9.831: (drive-truck t1 l1-0 l1-1 c1)
9.831: (drive-truck t1 l1-0 l1-1 c1)
9.831: (drive-truck t1 l1-0 l1-1 c1)
10.001: (fly-airplane a0 l1-0 l2-0)
10.001: (fly-airplane a0 l1-0 l2-0)
9.830: (drive-truck t1 l1-0 l1-1 c1)
9.831: (drive-truck t1 l1-0 l1-1 c1)
9.831: (fly-airplane a0 l1-0 l2-0)
9.831: (fly-airplane a0 l1-0 l2-0)
9.831: (fly-airplane a0 l1-0 l2-0)
9.832: (fly-airplane a0 l2-0 l0-0)
9.832: (fly-airplane a0 l2-0 l0-0)
9.832: (fly-airplane a0 l2-0 l0-0)
10.001: (drive-truck t1 l1-1 l1-0 c1)
10.760: (drive-truck t2 l2-0 l2-1 c2)
9.865: (drive-truck t0 l0-1 l0-0 c0)
10.003: (drive-truck t1 l1-1 l1-0 c1)
10.003: (drive-truck t1 l1-1 l1-0 c1)
10.003: (drive-truck t1 l1-1 l1-0 c1)
10.003: (fly-airplane a0 l2-0 l0-0)
9.669: (unload-truck p3 t0 l0-0)
9.866: (fly-airplane a0 l2-0 l1-0)
9.870: (fly-airplane a0 l2-0 l0-0)
10.603: (drive-truck t1 l1-1 l1-0 c1)
10.867: (load-truck p0 t0 l0-0)
9.656: (unload-truck p3 t0 l0-0)
9.656: (fly-airplane a0 l2-0 l1-0)
9.668: (unload-truck p3 t0 l0-0)
9.668: (fly-airplane a0 l2-0 l0-0)
9.685: (load-truck p2 t1 l1-0)
8.985: (drive-truck t0 l0-0 l0-1 c0)
9.506: (fly-airplane a0 l2-0 l1-0)
9.694: (fly-airplane a0 l2-0 l0-0)
9.853: (load-airplane p3 a0 l0-0)
9.853: (load-airplane p0 a0 l0-0)
8.919: (drive-truck t2 l2-1 l2-0 c2)
8.981: (drive-truck t0 l0-0 l0-1 c0)
8.981: (fly-airplane a0 l2-0 l1-0)
8.990: (drive-truck t0 l0-0 l0-1 c0)
8.990: (fly-airplane a0 l2-0 l0-0)
8.872: (fly-airplane a0 l0-0 l2-0)
9.084: (fly-airplane a0 l0-0 l1-0)
9.533: (drive-truck t0 l0-0 l0-1 c0)
9.587: (drive-truck t1 l1-1 l1-0 c1)
9.886: (load-airplane p0 a0 l0-0)
8.890: (drive-truck t1 l1-0 l1-1 c1)
8.949: (drive-truck t2 l2-1 l2-0 c2)
8.967: (drive-truck t0 l0-0 l0-1 c0)
8.967: (fly-airplane a0 l0-0 l2-0)
9.062: (fly-airplane a0 l0-0 l2-0)
8.776: (fly-airplane a0 l0-0 l2-0)
8.862: (fly-airplane a0 l0-0 l2-0)
9.000: (fly-airplane a0 l0-0 l1-0)
9.112: (drive-truck t1 l1-1 l1-0 c1)
9.112: (drive-truck t0 l0-0 l0-1 c0)
8.797: (drive-truck t1 l1-0 l1-1 c1)
8.963: (drive-truck t0 l0-1 l0-0 c0)
9.366: (drive-truck t0 l0-1 l0-0 c0)
9.517: (fly-airplane a0 l2-0 l1-0)
9.728: (fly-airplane a0 l2-0 l1-0)
8.056: (unload-truck p3 t0 l0-0)
8.893: (drive-truck t1 l1-0 l1-1 c1)
8.893: (drive-truck t0 l0-1 l0-0 c0)
9.221: (drive-truck t1 l1-0 l1-1 c1)
9.361: (fly-airplane a0 l2-0 l0-0)
8.171: (drive-truck t0 l0-0 l0-1 c0)
8.398: (fly-airplane a0 l2-0 l0-0)
8.398: (unload-truck p3 t0 l0-0)
8.912: (fly-airplane a0 l2-0 l1-0)
8.937: (drive-truck t1 l1-1 l1-0 c1)
8.897: (unload-airplane p0 a0 l0-0)
9.035: (drive-truck t0 l0-0 l0-1 c0)
9.035: (drive-truck t1 l1-1 l1-0 c1)
9.085: (fly-airplane a0 l2-0 l1-0)
9.085: (drive-truck t0 l0-0 l0-1 c0)
8.398: (load-airplane p3 a0 l0-0)
9.373: (fly-airplane a0 l2-0 l1-0)
9.373: (drive-truck t1 l1-1 l1-0 c1)
9.573: (drive-truck t0 l0-0 l0-1 c0)
9.669: (fly-airplane a0 l1-0 l0-0)
8.056: (fly-airplane a0 l0-0 l2-0)
8.912: (fly-airplane a0 l0-0 l1-0)
9.361: (load-truck p0 t0 l0-0)
9.461: (drive-truck t0 l0-1 l0-0 c0)
9.523: (load-airplane p0 a0 l0-0)
8.171: (drive-truck t0 l0-0 l0-1 c0)
8.533: (drive-truck t2 l2-1 l2-0 c2)
8.937: (drive-truck t1 l1-1 l1-0 c1)
8.963: (fly-airplane a0 l0-0 l2-0)
8.963: (load-truck p0 t0 l0-0)
8.028: (fly-airplane a0 l0-0 l2-0)
8.969: (fly-airplane a0 l0-0 l1-0)
9.035: (drive-truck t0 l0-0 l0-1 c0)
9.035: (drive-truck t1 l1-1 l1-0 c1)
9.085: (fly-airplane a0 l2-0 l1-0)
8.150: (drive-truck t0 l0-0 l0-1 c0)
8.875: (drive-truck t1 l1-1 l1-0 c1)
8.999: (unload-airplane p3 a0 l2-0)
8.999: (unload-airplane p0 a0 l2-0)
9.038: (drive-truck t2 l2-0 l2-1 c2)
8.719: (load-truck p0 t2 l2-0)
8.719: (load-truck p3 t2 l2-0)
8.988: (drive-truck t1 l1-1 l1-0 c1)
8.988: (drive-truck t0 l0-0 l0-1 c0)
9.004: (fly-airplane a0 l2-0 l0-0)
8.002: (unload-airplane p0 a0 l0-0)
8.668: (drive-truck t2 l2-0 l2-1 c2)
8.668: (drive-truck t2 l2-0 l2-1 c2)
8.829: (fly-airplane a0 l2-0 l0-0)
8.829: (load-truck p3 t2 l2-0)
7.720: (load-truck p3 t2 l2-0)
7.720: (unload-airplane p0 a0 l0-0)
7.720: (unload-airplane p3 a0 l0-0)
7.996: (drive-truck t2 l2-0 l2-1 c2)
7.996: (fly-airplane a0 l2-0 l0-0)
6.899: (unload-airplane p3 a0 l0-0)
6.899: (unload-airplane p0 a0 l0-0)
6.899: (drive-truck t2 l2-0 l2-1 c2)
6.899: (drive-truck t2 l2-0 l2-1 c2)
7.711: (fly-airplane a0 l0-0 l2-0)
6.894: (drive-truck t2 l2-0 l2-1 c2)
6.894: (fly-airplane a0 l0-0 l2-0)
6.894: (fly-airplane a0 l0-0 l2-0)
6.897: (fly-airplane a0 l0-0 l1-0)
6.897: (fly-airplane a0 l0-0 l1-0)
7.072: (drive-truck t0 l0-0 l0-1 c0)
7.072: (drive-truck t0 l0-0 l0-1 c0)
7.075: (drive-truck t0 l0-0 l0-1 c0)
7.075: (drive-truck t0 l0-0 l0-1 c0)
7.711: (drive-truck t2 l2-1 l2-0 c2)
7.077: (fly-airplane a0 l2-0 l0-0)
7.077: (fly-airplane a0 l2-0 l0-0)
7.077: (fly-airplane a0 l1-0 l0-0)
7.077: (fly-airplane a0 l1-0 l0-0)
7.715: (fly-airplane a0 l2-0 l1-0)
7.882: (drive-truck t0 l0-0 l0-1 c0)
7.884: (drive-truck t2 l2-1 l2-0 c2)
7.884: (drive-truck t2 l2-1 l2-0 c2)
7.998: (unload-truck p0 t2 l2-0)
8.015: (drive-truck t1 l1-1 l1-0 c1)
7.870: (fly-airplane a0 l1-0 l2-0)
7.870: (fly-airplane a0 l0-0 l2-0)
7.870: (fly-airplane a0 l0-0 l2-0)
7.872: (drive-truck t0 l0-1 l0-0 c0)
7.882: (fly-airplane a0 l0-0 l1-0)
7.715: (drive-truck t0 l0-1 l0-0 c0)
7.864: (fly-airplane a0 l0-0 l2-0)
7.867: (fly-airplane a0 l0-0 l1-0)
8.154: (unload-truck p0 t2 l2-0)
8.154: (unload-truck p3 t2 l2-0)
7.998: (unload-truck p3 t2 l2-0)
8.004: (drive-truck t0 l0-1 l0-0 c0)
8.004: (drive-truck t0 l0-1 l0-0 c0)
8.010: (drive-truck t0 l0-0 l0-1 c0)
8.012: (drive-truck t0 l0-0 l0-1 c0)
8.002: (fly-airplane a0 l2-0 l0-0)
8.160: (drive-truck t0 l0-0 l0-1 c0)
8.733: (drive-truck t2 l2-1 l2-0 c2)
8.758: (drive-truck t2 l2-1 l2-0 c2)
8.933: (drive-truck t1 l1-1 l1-0 c1)
8.161: (drive-truck t0 l0-0 l0-1 c0)
8.161: (fly-airplane a0 l1-0 l0-0)
8.647: (load-truck p0 t2 l2-0)
8.647: (drive-truck t0 l0-1 l0-0 c0)
8.670: (drive-truck t0 l0-1 l0-0 c0)
7.864: (drive-truck t2 l2-0 l2-1 c2)
8.160: (fly-airplane a0 l0-0 l1-0)
8.667: (fly-airplane a0 l1-0 l0-0)
8.667: (fly-airplane a0 l2-0 l0-0)
8.667: (fly-airplane a0 l2-0 l0-0)
7.867: (fly-airplane a0 l2-0 l1-0)
7.872: (fly-airplane a0 l2-0 l0-0)
7.872: (drive-truck t2 l2-0 l2-1 c2)
8.010: (drive-truck t0 l0-0 l0-1 c0)
8.670: (fly-airplane a0 l0-0 l1-0)
8.012: (fly-airplane a0 l2-0 l1-0)
8.012: (drive-truck t0 l0-0 l0-1 c0)
8.015: (drive-truck t0 l0-0 l0-1 c0)
8.015: (fly-airplane a0 l2-0 l0-0)
8.733: (drive-truck t2 l2-1 l2-0 c2)
8.754: (fly-airplane a0 l2-0 l0-0)
8.754: (drive-truck t2 l2-1 l2-0 c2)
8.758: (fly-airplane a0 l2-0 l1-0)
8.758: (drive-truck t2 l2-1 l2-0 c2)
8.995: (unload-truck p4 t1 l1-0)
8.854: (drive-truck t0 l0-1 l0-0 c0)
8.867: (drive-truck t1 l1-0 l1-1 c1)
9.030: (unload-truck p0 t2 l2-0)
9.034: (unload-truck p0 t2 l2-0)
9.052: (fly-airplane a0 l1-0 l2-0)
8.717: (drive-truck t0 l0-1 l0-0 c0)
8.717: (drive-truck t1 l1-0 l1-1 c1)
8.860: (drive-truck t1 l1-0 l1-1 c1)
8.860: (fly-airplane a0 l1-0 l2-0)
8.866: (fly-airplane a0 l1-0 l0-0)
8.711: (drive-truck t0 l0-1 l0-0 c0)
8.711: (fly-airplane a0 l1-0 l2-0)
8.716: (fly-airplane a0 l1-0 l0-0)
8.716: (drive-truck t0 l0-1 l0-0 c0)
9.057: (drive-truck t1 l1-1 l1-0 c1)
8.914: (drive-truck t1 l1-1 l1-0 c1)
8.923: (drive-truck t1 l1-1 l1-0 c1)
8.923: (drive-truck t0 l0-1 l0-0 c0)
9.528: (drive-truck t2 l2-1 l2-0 c2)
9.534: (drive-truck t2 l2-1 l2-0 c2)
9.535: (fly-airplane a0 l0-0 l1-0)
9.535: (fly-airplane a0 l2-0 l1-0)
9.646: (drive-truck t0 l0-0 l0-1 c0)
9.656: (drive-truck t0 l0-0 l0-1 c0)
9.712: (drive-truck t1 l1-1 l1-0 c1)
9.650: (fly-airplane a0 l2-0 l1-0)
9.650: (drive-truck t0 l0-0 l0-1 c0)
9.650: (fly-airplane a0 l0-0 l1-0)
9.665: (fly-airplane a0 l2-0 l1-0)
9.665: (drive-truck t1 l1-1 l1-0 c1)
9.728: (fly-airplane a0 l1-0 l0-0)
9.745: (drive-truck t0 l0-0 l0-1 c0)
9.745: (drive-truck t1 l1-1 l1-0 c1)
9.930: (unload-truck p0 t2 l2-0)
9.945: (unload-truck p0 t2 l2-0)
8.947: (load-truck p4 t1 l1-0)
9.782: (fly-airplane a0 l1-0 l2-0)
9.802: (drive-truck t0 l0-0 l0-1 c0)
9.802: (fly-airplane a0 l1-0 l0-0)
9.817: (drive-truck t0 l0-1 l0-0 c0)
8.943: (fly-airplane a0 l1-0 l0-0)
9.817: (fly-airplane a0 l1-0 l0-0)
9.820: (fly-airplane a0 l1-0 l2-0)
9.915: (drive-truck t2 l2-0 l2-1 c2)
9.944: (unload-truck p2 t1 l1-0)
8.871: (load-airplane p0 a0 l2-0)
9.020: (drive-truck t1 l1-0 l1-1 c1)
9.665: (load-truck p0 t2 l2-0)
9.817: (drive-truck t1 l1-0 l1-1 c1)
9.909: (load-airplane p3 a0 l0-0)
8.854: (drive-truck t2 l2-0 l2-1 c2)
8.919: (fly-airplane a0 l2-0 l0-0)
8.967: (drive-truck t0 l0-0 l0-1 c0)
9.004: (drive-truck t1 l1-0 l1-1 c1)
9.028: (fly-airplane a0 l1-0 l0-0)
8.717: (drive-truck t1 l1-0 l1-1 c1)
8.914: (fly-airplane a0 l1-0 l2-0)
8.923: (fly-airplane a0 l1-0 l0-0)
8.995: (drive-truck t0 l0-0 l0-1 c0)
9.036: (fly-airplane a0 l0-0 l2-0)
8.711: (drive-truck t1 l1-0 l1-1 c1)
8.711: (fly-airplane a0 l1-0 l2-0)
8.716: (fly-airplane a0 l1-0 l0-0)
8.716: (drive-truck t1 l1-0 l1-1 c1)
8.867: (drive-truck t1 l1-0 l1-1 c1)
8.860: (fly-airplane a0 l1-0 l2-0)
8.860: (drive-truck t0 l0-0 l0-1 c0)
8.866: (fly-airplane a0 l1-0 l0-0)
8.866: (drive-truck t0 l0-0 l0-1 c0)
9.528: (drive-truck t2 l2-1 l2-0 c2)
9.052: (drive-truck t1 l1-1 l1-0 c1)
9.057: (drive-truck t1 l1-1 l1-0 c1)
9.534: (fly-airplane a0 l2-0 l0-0)
9.535: (fly-airplane a0 l2-0 l1-0)
9.646: (drive-truck t2 l2-1 l2-0 c2)
9.650: (fly-airplane a0 l2-0 l1-0)
9.650: (drive-truck t0 l0-0 l0-1 c0)
9.656: (drive-truck t0 l0-0 l0-1 c0)
9.656: (fly-airplane a0 l2-0 l0-0)
9.728: (drive-truck t1 l1-1 l1-0 c1)
9.713: (fly-airplane a0 l0-0 l2-0)
9.745: (drive-truck t1 l1-1 l1-0 c1)
9.802: (drive-truck t1 l1-1 l1-0 c1)
9.802: (drive-truck t0 l0-0 l0-1 c0)
9.930: (unload-truck p0 t2 l2-0)
9.782: (fly-airplane a0 l0-0 l2-0)
9.782: (fly-airplane a0 l1-0 l2-0)
9.782: (drive-truck t0 l0-0 l0-1 c0)
9.933: (fly-airplane a0 l1-0 l2-0)
9.938: (fly-airplane a0 l1-0 l0-0)
9.817: (drive-truck t0 l0-1 l0-0 c0)
9.820: (drive-truck t0 l0-1 l0-0 c0)
10.071: (drive-truck t1 l1-1 l1-0 c1)
10.071: (unload-truck p0 t2 l2-0)
10.081: (drive-truck t1 l1-1 l1-0 c1)
9.022: (load-truck p2 t1 l1-0)
10.006: (drive-truck t1 l1-1 l1-0 c1)
10.006: (drive-truck t0 l0-1 l0-0 c0)
10.009: (drive-truck t1 l1-1 l1-0 c1)
10.009: (drive-truck t0 l0-1 l0-0 c0)
10.005: (drive-truck t2 l2-0 l2-1 c2)
10.071: (unload-truck p4 t1 l1-0)
10.117: (unload-truck p1 t1 l1-0)
10.118: (unload-truck p5 t1 l1-0)
10.988: (drive-truck t2 l2-0 l2-1 c2)
9.112: (load-airplane p0 a0 l2-0)
9.136: (drive-truck t1 l1-0 l1-1 c1)
9.158: (load-airplane p0 a0 l2-0)
9.161: (load-airplane p0 a0 l2-0)
9.830: (load-truck p0 t2 l2-0)
9.017: (drive-truck t1 l1-0 l1-1 c1)
9.062: (drive-truck t0 l0-1 l0-0 c0)
9.082: (drive-truck t0 l0-1 l0-0 c0)
9.085: (drive-truck t0 l0-1 l0-0 c0)
9.099: (drive-truck t2 l2-0 l2-1 c2)
8.891: (drive-truck t1 l1-0 l1-1 c1)
8.891: (drive-truck t0 l0-1 l0-0 c0)
8.936: (drive-truck t0 l0-1 l0-0 c0)
9.044: (fly-airplane a0 l2-0 l1-0)
9.104: (fly-airplane a0 l2-0 l0-0)
8.877: (fly-airplane a0 l2-0 l1-0)
8.877: (drive-truck t0 l0-1 l0-0 c0)
8.944: (fly-airplane a0 l2-0 l0-0)
8.944: (drive-truck t0 l0-1 l0-0 c0)
8.952: (fly-airplane a0 l2-0 l0-0)
9.111: (fly-airplane a0 l0-0 l1-0)
9.629: (drive-truck t1 l1-1 l1-0 c1)
9.655: (drive-truck t0 l0-0 l0-1 c0)
9.688: (drive-truck t2 l2-1 l2-0 c2)
9.750: (drive-truck t2 l2-1 l2-0 c2)
9.275: (drive-truck t0 l0-0 l0-1 c0)
9.275: (fly-airplane a0 l0-0 l1-0)
9.379: (unload-airplane p0 a0 l0-0)
9.609: (drive-truck t1 l1-1 l1-0 c1)
9.609: (fly-airplane a0 l0-0 l1-0)
9.376: (fly-airplane a0 l0-0 l1-0)
9.390: (fly-airplane a0 l0-0 l2-0)
9.574: (drive-truck t0 l0-0 l0-1 c0)
9.574: (drive-truck t1 l1-1 l1-0 c1)
9.655: (load-airplane p3 a0 l0-0)
8.695: (drive-truck t0 l0-1 l0-0 c0)
8.710: (drive-truck t0 l0-1 l0-0 c0)
9.017: (fly-airplane a0 l0-0 l2-0)
9.275: (fly-airplane a0 l0-0 l1-0)
10.200: (load-airplane p5 a0 l1-0)
8.650: (fly-airplane a0 l1-0 l2-0)
8.891: (drive-truck t0 l0-1 l0-0 c0)
8.960: (load-truck p0 t0 l0-0)
8.960: (load-truck p3 t0 l0-0)
8.962: (load-truck p3 t0 l0-0)
7.921: (unload-airplane p5 a0 l2-0)
8.060: (drive-truck t0 l0-1 l0-0 c0)
8.901: (drive-truck t0 l0-0 l0-1 c0)
8.901: (drive-truck t0 l0-0 l0-1 c0)
8.903: (drive-truck t0 l0-0 l0-1 c0)
6.924: (load-truck p5 t2 l2-0)
7.237: (drive-truck t0 l0-1 l0-0 c0)
7.237: (unload-airplane p5 a0 l2-0)
7.975: (fly-airplane a0 l2-0 l0-0)
7.988: (fly-airplane a0 l2-0 l1-0)
5.777: (drive-truck t2 l2-0 l2-1 c2)
6.240: (load-truck p5 t2 l2-0)
6.240: (drive-truck t0 l0-1 l0-0 c0)
7.100: (load-truck p5 t2 l2-0)
7.100: (fly-airplane a0 l2-0 l0-0)
4.896: (unload-truck p5 t2 l2-1)
5.098: (drive-truck t0 l0-1 l0-0 c0)
5.098: (drive-truck t2 l2-0 l2-1 c2)
5.764: (fly-airplane a0 l2-0 l0-0)
5.764: (drive-truck t2 l2-0 l2-1 c2)
4.212: (unload-truck p5 t2 l2-1)
4.212: (drive-truck t0 l0-1 l0-0 c0)
4.922: (drive-truck t2 l2-1 l2-0 c2)
5.096: (fly-airplane a0 l2-0 l0-0)
5.096: (drive-truck t0 l0-1 l0-0 c0)
4.239: (drive-truck t2 l2-1 l2-0 c2)
4.239: (drive-truck t0 l0-1 l0-0 c0)
4.715: (fly-airplane a0 l2-0 l0-0)
4.715: (unload-truck p5 t2 l2-1)
4.719: (fly-airplane a0 l2-0 l1-0)
4.741: (fly-airplane a0 l2-0 l0-0)
4.741: (drive-truck t2 l2-1 l2-0 c2)
4.746: (fly-airplane a0 l2-0 l1-0)
4.746: (drive-truck t2 l2-1 l2-0 c2)
4.933: (load-truck p3 t0 l0-0)
4.901: (drive-truck t0 l0-0 l0-1 c0)
4.930: (drive-truck t2 l2-0 l2-1 c2)
4.948: (load-airplane p3 a0 l0-0)
4.948: (load-airplane p0 a0 l0-0)
4.953: (load-truck p0 t0 l0-0)
4.901: (drive-truck t2 l2-0 l2-1 c2)
4.901: (drive-truck t0 l0-0 l0-1 c0)
4.908: (drive-truck t0 l0-0 l0-1 c0)
4.908: (fly-airplane a0 l2-0 l1-0)
4.910: (fly-airplane a0 l2-0 l0-0)
4.901: (fly-airplane a0 l1-0 l2-0)
4.904: (drive-truck t2 l2-0 l2-1 c2)
4.904: (drive-truck t2 l2-0 l2-1 c2)
4.904: (fly-airplane a0 l2-0 l1-0)
4.906: (fly-airplane a0 l2-0 l0-0)
4.901: (drive-truck t2 l2-0 l2-1 c2)
4.901: (fly-airplane a0 l1-0 l2-0)
4.906: (fly-airplane a0 l1-0 l0-0)
4.910: (fly-airplane a0 l2-0 l0-0)
4.933: (drive-truck t0 l0-1 l0-0 c0)
4.930: (drive-truck t0 l0-1 l0-0 c0)
4.930: (drive-truck t2 l2-0 l2-1 c2)
4.956: (drive-truck t0 l0-1 l0-0 c0)
4.959: (fly-airplane a0 l2-0 l0-0)
4.959: (drive-truck t0 l0-1 l0-0 c0)
4.950: (fly-airplane a0 l2-0 l1-0)
4.950: (fly-airplane a0 l0-0 l1-0)
5.899: (drive-truck t1 l1-1 l1-0 c1)
5.921: (drive-truck t1 l1-1 l1-0 c1)
5.923: (drive-truck t1 l1-1 l1-0 c1)
5.519: (unload-truck p0 t0 l0-0)
5.885: (drive-truck t0 l0-0 l0-1 c0)
5.900: (drive-truck t0 l0-0 l0-1 c0)
5.901: (drive-truck t2 l2-1 l2-0 c2)
5.901: (fly-airplane a0 l0-0 l2-0)
5.544: (unload-truck p0 t0 l0-0)
5.544: (drive-truck t2 l2-1 l2-0 c2)
5.836: (fly-airplane a0 l2-0 l1-0)
5.885: (drive-truck t2 l2-1 l2-0 c2)
5.885: (drive-truck t0 l0-0 l0-1 c0)
5.864: (fly-airplane a0 l2-0 l1-0)
5.864: (drive-truck t2 l2-1 l2-0 c2)
5.896: (fly-airplane a0 l2-0 l1-0)
5.901: (load-truck p3 t0 l0-0)
5.903: (fly-airplane a0 l2-0 l0-0)
5.885: (drive-truck t0 l0-0 l0-1 c0)
5.892: (drive-truck t2 l2-0 l2-1 c2)
5.899: (drive-truck t2 l2-0 l2-1 c2)
5.923: (fly-airplane a0 l2-0 l0-0)
5.927: (load-truck p0 t0 l0-0)
4.959: (drive-truck t1 l1-0 l1-1 c1)
5.885: (drive-truck t0 l0-0 l0-1 c0)
5.885: (drive-truck t2 l2-0 l2-1 c2)
5.896: (fly-airplane a0 l2-0 l1-0)
5.903: (drive-truck t0 l0-0 l0-1 c0)
4.953: (fly-airplane a0 l0-0 l1-0)
4.956: (drive-truck t2 l2-0 l2-1 c2)
5.892: (fly-airplane a0 l2-0 l1-0)
5.892: (drive-truck t2 l2-0 l2-1 c2)
5.900: (drive-truck t2 l2-0 l2-1 c2)
4.950: (drive-truck t2 l2-0 l2-1 c2)
4.950: (fly-airplane a0 l0-0 l1-0)
5.921: (drive-truck t0 l0-1 l0-0 c0)
5.921: (drive-truck t1 l1-1 l1-0 c1)
5.924: (drive-truck t0 l0-1 l0-0 c0)
5.927: (load-truck p5 t2 l2-1)
5.927: (drive-truck t2 l2-1 l2-0 c2)
5.953: (load-truck p0 t0 l0-0)
6.015: (unload-truck p3 t0 l0-0)
6.900: (load-truck p5 t2 l2-1)
5.098: (unload-truck p3 t0 l0-0)
5.898: (drive-truck t0 l0-0 l0-1 c0)
5.911: (load-airplane p3 a0 l0-0)
5.911: (load-airplane p0 a0 l0-0)
5.927: (fly-airplane a0 l1-0 l2-0)
4.945: (drive-truck t1 l1-0 l1-1 c1)
4.945: (drive-truck t1 l1-0 l1-1 c1)
5.777: (drive-truck t0 l0-0 l0-1 c0)
5.898: (drive-truck t0 l0-0 l0-1 c0)
5.898: (fly-airplane a0 l1-0 l2-0)
5.399: (unload-truck p5 t2 l2-1)
5.647: (drive-truck t0 l0-0 l0-1 c0)
5.647: (drive-truck t0 l0-0 l0-1 c0)
5.828: (fly-airplane a0 l0-0 l1-0)
5.828: (fly-airplane a0 l0-0 l1-0)
5.386: (fly-airplane a0 l1-0 l0-0)
5.386: (unload-airplane p0 a0 l0-0)
5.386: (unload-airplane p3 a0 l0-0)
5.426: (drive-truck t2 l2-1 l2-0 c2)
5.647: (drive-truck t2 l2-1 l2-0 c2)
5.412: (drive-truck t2 l2-1 l2-0 c2)
5.412: (fly-airplane a0 l1-0 l0-0)
5.412: (unload-airplane p0 a0 l0-0)
5.993: (fly-airplane a0 l0-0 l1-0)
6.032: (fly-airplane a0 l0-0 l2-0)
5.647: (load-airplane p3 a0 l0-0)
5.832: (drive-truck t0 l0-1 l0-0 c0)
5.863: (drive-truck t0 l0-1 l0-0 c0)
5.989: (drive-truck t2 l2-0 l2-1 c2)
6.038: (drive-truck t2 l2-0 l2-1 c2)
5.868: (drive-truck t0 l0-1 l0-0 c0)
5.868: (drive-truck t2 l2-0 l2-1 c2)
5.993: (fly-airplane a0 l0-0 l1-0)
6.032: (fly-airplane a0 l0-0 l2-0)
6.039: (drive-truck t1 l1-1 l1-0 c1)
5.832: (drive-truck t0 l0-1 l0-0 c0)
5.863: (drive-truck t0 l0-1 l0-0 c0)
5.914: (fly-airplane a0 l1-0 l0-0)
5.989: (drive-truck t2 l2-0 l2-1 c2)
6.035: (drive-truck t2 l2-0 l2-1 c2)
5.868: (drive-truck t2 l2-0 l2-1 c2)
6.038: (fly-airplane a0 l1-0 l2-0)
6.039: (drive-truck t1 l1-1 l1-0 c1)
6.041: (unload-airplane p0 a0 l0-0)
6.142: (drive-truck t1 l1-1 l1-0 c1)
5.914: (load-airplane p3 a0 l0-0)
5.914: (fly-airplane a0 l1-0 l0-0)
6.035: (drive-truck t0 l0-1 l0-0 c0)
6.035: (drive-truck t2 l2-0 l2-1 c2)
6.142: (drive-truck t0 l0-0 l0-1 c0)
6.791: (fly-airplane a0 l0-0 l2-0)
6.793: (fly-airplane a0 l1-0 l2-0)
6.821: (drive-truck t0 l0-0 l0-1 c0)
6.821: (fly-airplane a0 l1-0 l0-0)
6.900: (load-airplane p0 a0 l0-0)
5.967: (drive-truck t1 l1-0 l1-1 c1)
6.721: (unload-airplane p3 a0 l0-0)
6.792: (drive-truck t2 l2-0 l2-1 c2)
6.903: (drive-truck t2 l2-0 l2-1 c2)
6.924: (drive-truck t0 l0-0 l0-1 c0)
5.965: (drive-truck t1 l1-0 l1-1 c1)
5.965: (drive-truck t2 l2-0 l2-1 c2)
6.232: (fly-airplane a0 l0-0 l2-0)
6.549: (fly-airplane a0 l0-0 l1-0)
6.694: (drive-truck t2 l2-0 l2-1 c2)
6.206: (fly-airplane a0 l0-0 l2-0)
6.206: (drive-truck t2 l2-0 l2-1 c2)
6.522: (fly-airplane a0 l0-0 l1-0)
6.522: (drive-truck t2 l2-0 l2-1 c2)
6.792: (load-airplane p0 a0 l0-0)
6.142: (fly-airplane a0 l0-0 l1-0)
6.821: (drive-truck t2 l2-1 l2-0 c2)
6.906: (load-truck p5 t2 l2-1)
6.935: (fly-airplane a0 l0-0 l2-0)
7.001: (unload-truck p4 t1 l1-0)
6.142: (fly-airplane a0 l0-0 l1-0)
6.142: (drive-truck t2 l2-1 l2-0 c2)
6.218: (drive-truck t0 l0-1 l0-0 c0)
6.384: (drive-truck t1 l1-0 l1-1 c1)
6.428: (drive-truck t0 l0-1 l0-0 c0)
5.886: (drive-truck t0 l0-1 l0-0 c0)
5.886: (drive-truck t1 l1-0 l1-1 c1)
6.386: (drive-truck t2 l2-1 l2-0 c2)
6.397: (fly-airplane a0 l2-0 l0-0)
6.400: (fly-airplane a0 l1-0 l0-0)
5.888: (drive-truck t0 l0-1 l0-0 c0)
5.888: (drive-truck t2 l2-1 l2-0 c2)
5.906: (fly-airplane a0 l2-0 l1-0)
5.907: (drive-truck t0 l0-1 l0-0 c0)
5.907: (fly-airplane a0 l2-0 l0-0)
5.908: (fly-airplane a0 l2-0 l1-0)
5.908: (drive-truck t2 l2-1 l2-0 c2)
5.909: (drive-truck t2 l2-1 l2-0 c2)
5.909: (fly-airplane a0 l2-0 l0-0)
6.401: (drive-truck t0 l0-0 l0-1 c0)
6.399: (drive-truck t0 l0-0 l0-1 c0)
6.403: (drive-truck t2 l2-1 l2-0 c2)
6.403: (drive-truck t0 l0-0 l0-1 c0)
6.746: (load-airplane p3 a0 l0-0)
6.746: (load-airplane p0 a0 l0-0)
6.743: (drive-truck t2 l2-0 l2-1 c2)
6.743: (drive-truck t2 l2-0 l2-1 c2)
6.917: (fly-airplane a0 l0-0 l1-0)
6.917: (fly-airplane a0 l0-0 l1-0)
6.969: (drive-truck t1 l1-1 l1-0 c1)
6.913: (drive-truck t2 l2-0 l2-1 c2)
6.913: (drive-truck t2 l2-0 l2-1 c2)
6.913: (fly-airplane a0 l0-0 l1-0)
6.913: (fly-airplane a0 l0-0 l1-0)
6.951: (unload-airplane p0 a0 l0-0)
6.454: (fly-airplane a0 l0-0 l2-0)
6.847: (fly-airplane a0 l0-0 l1-0)
6.924: (drive-truck t2 l2-0 l2-1 c2)
6.969: (load-airplane p3 a0 l0-0)
6.984: (load-truck p3 t0 l0-0)
6.762: (drive-truck t1 l1-0 l1-1 c1)
6.819: (fly-airplane a0 l0-0 l1-0)
6.819: (drive-truck t2 l2-0 l2-1 c2)
6.920: (load-truck p3 t0 l0-0)
6.920: (fly-airplane a0 l0-0 l1-0)
6.740: (fly-airplane a0 l0-0 l2-0)
6.758: (drive-truck t1 l1-0 l1-1 c1)
6.758: (fly-airplane a0 l0-0 l1-0)
6.759: (drive-truck t2 l2-0 l2-1 c2)
6.917: (load-truck p3 t0 l0-0)
6.740: (drive-truck t2 l2-0 l2-1 c2)
6.740: (fly-airplane a0 l0-0 l2-0)
6.755: (drive-truck t1 l1-0 l1-1 c1)
6.755: (drive-truck t2 l2-0 l2-1 c2)
6.755: (fly-airplane a0 l0-0 l1-0)
6.957: (drive-truck t1 l1-1 l1-0 c1)
7.669: (drive-truck t0 l0-0 l0-1 c0)
7.678: (drive-truck t0 l0-0 l0-1 c0)
7.682: (load-airplane p4 a0 l1-0)
7.738: (load-truck p5 t2 l2-1)
6.822: (unload-truck p3 t0 l0-0)
6.882: (unload-truck p3 t0 l0-0)
6.943: (fly-airplane a0 l1-0 l0-0)
6.959: (drive-truck t2 l2-1 l2-0 c2)
6.981: (fly-airplane a0 l2-0 l0-0)
5.912: (unload-truck p3 t0 l0-0)
5.912: (fly-airplane a0 l1-0 l0-0)
5.955: (unload-airplane p4 a0 l0-0)
6.825: (drive-truck t2 l2-1 l2-0 c2)
6.852: (fly-airplane a0 l1-0 l2-0)
4.937: (unload-airplane p4 a0 l0-0)
4.937: (unload-truck p3 t0 l0-0)
4.977: (load-truck p4 t0 l0-0)
5.915: (fly-airplane a0 l1-0 l0-0)
5.915: (drive-truck t2 l2-1 l2-0 c2)
3.964: (load-truck p4 t0 l0-0)
3.964: (unload-truck p3 t0 l0-0)
4.884: (drive-truck t0 l0-0 l0-1 c0)
4.912: (fly-airplane a0 l0-0 l2-0)
4.931: (fly-airplane a0 l0-0 l1-0)
2.913: (drive-truck t0 l0-0 l0-1 c0)
3.883: (unload-truck p4 t0 l0-1)
3.941: (fly-airplane a0 l0-0 l2-0)
3.941: (load-truck p4 t0 l0-0)
3.960: (fly-airplane a0 l0-0 l1-0)
2.890: (drive-truck t0 l0-0 l0-1 c0)
2.890: (fly-airplane a0 l0-0 l2-0)
2.908: (drive-truck t0 l0-0 l0-1 c0)
2.908: (fly-airplane a0 l0-0 l1-0)
2.916: (drive-truck t2 l2-1 l2-0 c2)
2.891: (fly-airplane a0 l0-0 l2-0)
2.891: (drive-truck t2 l2-1 l2-0 c2)
2.911: (fly-airplane a0 l0-0 l1-0)
2.911: (drive-truck t2 l2-1 l2-0 c2)
3.300: (unload-truck p4 t0 l0-1)
3.007: (drive-truck t0 l0-1 l0-0 c0)
3.321: (drive-truck t2 l2-1 l2-0 c2)
3.321: (unload-truck p4 t0 l0-1)
3.795: (fly-airplane a0 l2-0 l0-0)
3.806: (fly-airplane a0 l2-0 l1-0)
3.014: (drive-truck t2 l2-1 l2-0 c2)
3.014: (drive-truck t0 l0-1 l0-0 c0)
3.462: (fly-airplane a0 l2-0 l0-0)
3.462: (drive-truck t0 l0-1 l0-0 c0)
3.467: (fly-airplane a0 l2-0 l1-0)
3.489: (fly-airplane a0 l2-0 l0-0)
3.489: (drive-truck t2 l2-1 l2-0 c2)
3.493: (fly-airplane a0 l2-0 l1-0)
3.494: (drive-truck t2 l2-1 l2-0 c2)
3.873: (load-truck p3 t0 l0-0)
3.822: (drive-truck t0 l0-0 l0-1 c0)
3.833: (drive-truck t0 l0-0 l0-1 c0)
3.871: (drive-truck t2 l2-0 l2-1 c2)
3.878: (drive-truck t0 l0-0 l0-1 c0)
3.888: (load-airplane p0 a0 l0-0)
3.878: (drive-truck t2 l2-0 l2-1 c2)
3.878: (drive-truck t0 l0-0 l0-1 c0)
3.885: (fly-airplane a0 l2-0 l1-0)
3.885: (drive-truck t2 l2-0 l2-1 c2)
3.887: (fly-airplane a0 l2-0 l0-0)
3.881: (fly-airplane a0 l2-0 l1-0)
3.881: (drive-truck t2 l2-0 l2-1 c2)
3.893: (drive-truck t0 l0-1 l0-0 c0)
3.899: (drive-truck t0 l0-1 l0-0 c0)
4.270: (drive-truck t0 l0-0 l0-1 c0)
3.877: (load-truck p4 t0 l0-1)
3.890: (drive-truck t2 l2-0 l2-1 c2)
3.890: (drive-truck t0 l0-1 l0-0 c0)
3.896: (drive-truck t2 l2-0 l2-1 c2)
4.272: (drive-truck t2 l2-1 l2-0 c2)
3.881: (drive-truck t2 l2-1 l2-0 c2)
3.881: (load-truck p4 t0 l0-1)
4.802: (fly-airplane a0 l0-0 l1-0)
4.848: (fly-airplane a0 l0-0 l2-0)
4.868: (load-truck p5 t2 l2-1)
4.006: (unload-truck p3 t0 l0-0)
4.806: (fly-airplane a0 l0-0 l1-0)
4.806: (drive-truck t2 l2-1 l2-0 c2)
4.837: (drive-truck t2 l2-1 l2-0 c2)
4.837: (fly-airplane a0 l0-0 l2-0)
4.006: (fly-airplane a0 l1-0 l2-0)
4.012: (fly-airplane a0 l1-0 l0-0)
4.259: (drive-truck t0 l0-0 l0-1 c0)
4.868: (load-truck p0 t0 l0-0)
4.871: (unload-truck p4 t0 l0-1)
3.888: (load-truck p4 t0 l0-1)
3.890: (unload-truck p5 t2 l2-1)
4.259: (drive-truck t0 l0-0 l0-1 c0)
4.259: (fly-airplane a0 l1-0 l2-0)
4.261: (drive-truck t0 l0-0 l0-1 c0)
3.871: (fly-airplane a0 l1-0 l2-0)
3.881: (drive-truck t0 l0-0 l0-1 c0)
3.888: (load-truck p4 t0 l0-1)
3.888: (fly-airplane a0 l1-0 l2-0)
3.891: (fly-airplane a0 l1-0 l0-0)
3.873: (drive-truck t2 l2-1 l2-0 c2)
3.878: (drive-truck t0 l0-0 l0-1 c0)
3.878: (fly-airplane a0 l1-0 l2-0)
3.883: (fly-airplane a0 l1-0 l0-0)
3.885: (drive-truck t2 l2-1 l2-0 c2)
3.878: (drive-truck t0 l0-0 l0-1 c0)
3.878: (drive-truck t2 l2-1 l2-0 c2)
3.878: (fly-airplane a0 l1-0 l2-0)
3.887: (drive-truck t2 l2-1 l2-0 c2)
3.887: (fly-airplane a0 l1-0 l0-0)
3.899: (drive-truck t0 l0-1 l0-0 c0)
4.772: (load-airplane p3 a0 l0-0)
4.878: (load-truck p4 t0 l0-1)
4.880: (drive-truck t1 l1-1 l1-0 c1)
4.888: (load-truck p4 t0 l0-1)
3.893: (fly-airplane a0 l0-0 l1-0)
3.896: (drive-truck t2 l2-0 l2-1 c2)
4.768: (drive-truck t2 l2-0 l2-1 c2)
4.861: (drive-truck t0 l0-1 l0-0 c0)
4.878: (drive-truck t2 l2-0 l2-1 c2)
4.313: (unload-truck p0 t0 l0-0)
4.859: (drive-truck t2 l2-0 l2-1 c2)
4.873: (load-truck p5 t2 l2-1)
4.881: (fly-airplane a0 l2-0 l1-0)
4.883: (drive-truck t1 l1-1 l1-0 c1)
4.287: (drive-truck t2 l2-0 l2-1 c2)
4.287: (unload-truck p0 t0 l0-0)
4.629: (fly-airplane a0 l2-0 l1-0)
4.651: (drive-truck t0 l0-0 l0-1 c0)
4.783: (unload-truck p0 t0 l0-0)
3.931: (load-truck p4 t0 l0-1)
4.602: (fly-airplane a0 l0-0 l1-0)
4.602: (drive-truck t2 l2-0 l2-1 c2)
4.602: (fly-airplane a0 l2-0 l1-0)
4.625: (drive-truck t0 l0-0 l0-1 c0)
3.929: (load-truck p4 t0 l0-1)
3.929: (drive-truck t2 l2-0 l2-1 c2)
3.944: (fly-airplane a0 l2-0 l1-0)
3.955: (fly-airplane a0 l2-0 l0-0)
4.882: (load-truck p3 t0 l0-0)
3.941: (drive-truck t2 l2-0 l2-1 c2)
3.941: (fly-airplane a0 l2-0 l1-0)
3.952: (drive-truck t2 l2-0 l2-1 c2)
3.952: (fly-airplane a0 l2-0 l0-0)
4.859: (fly-airplane a0 l1-0 l2-0)
4.861: (drive-truck t2 l2-1 l2-0 c2)
4.880: (drive-truck t0 l0-0 l0-1 c0)
4.883: (fly-airplane a0 l2-0 l0-0)
4.916: (load-airplane p0 a0 l0-0)
4.916: (load-airplane p3 a0 l0-0)
3.877: (drive-truck t1 l1-0 l1-1 c1)
4.880: (drive-truck t0 l0-0 l0-1 c0)
4.880: (drive-truck t2 l2-1 l2-0 c2)
4.885: (fly-airplane a0 l2-0 l1-0)
4.886: (fly-airplane a0 l2-0 l0-0)
3.881: (drive-truck t2 l2-1 l2-0 c2)
4.270: (unload-truck p4 t0 l0-1)
4.802: (fly-airplane a0 l0-0 l1-0)
4.810: (unload-truck p3 t0 l0-0)
4.848: (fly-airplane a0 l0-0 l2-0)
3.885: (drive-truck t0 l0-1 l0-0 c0)
4.272: (unload-truck p4 t0 l0-1)
4.272: (drive-truck t2 l2-1 l2-0 c2)
4.806: (fly-airplane a0 l0-0 l1-0)
4.806: (drive-truck t2 l2-1 l2-0 c2)
3.888: (drive-truck t0 l0-1 l0-0 c0)
3.888: (drive-truck t2 l2-1 l2-0 c2)
4.778: (fly-airplane a0 l0-0 l1-0)
4.824: (fly-airplane a0 l0-0 l2-0)
4.837: (fly-airplane a0 l1-0 l2-0)
4.782: (drive-truck t2 l2-1 l2-0 c2)
4.782: (fly-airplane a0 l0-0 l1-0)
4.815: (drive-truck t2 l2-1 l2-0 c2)
4.815: (fly-airplane a0 l0-0 l2-0)
4.867: (drive-truck t0 l0-0 l0-1 c0)
4.871: (drive-truck t0 l0-0 l0-1 c0)
4.871: (drive-truck t2 l2-1 l2-0 c2)
4.905: (drive-truck t0 l0-0 l0-1 c0)
4.913: (fly-airplane a0 l1-0 l2-0)
5.001: (drive-truck t1 l1-1 l1-0 c1)
4.877: (fly-airplane a0 l1-0 l0-0)
4.998: (drive-truck t2 l2-0 l2-1 c2)
5.092: (drive-truck t1 l1-1 l1-0 c1)
5.092: (drive-truck t0 l0-0 l0-1 c0)
5.782: (fly-airplane a0 l1-0 l2-0)
4.874: (drive-truck t2 l2-0 l2-1 c2)
4.874: (fly-airplane a0 l1-0 l0-0)
5.035: (load-truck p4 t0 l0-1)
5.088: (drive-truck t0 l0-0 l0-1 c0)
5.088: (drive-truck t2 l2-0 l2-1 c2)
4.919: (fly-airplane a0 l1-0 l0-0)
5.031: (drive-truck t2 l2-0 l2-1 c2)
5.031: (load-truck p4 t0 l0-1)
5.267: (fly-airplane a0 l1-0 l0-0)
5.267: (drive-truck t0 l0-0 l0-1 c0)
5.114: (unload-airplane p3 a0 l0-0)
5.288: (drive-truck t2 l2-1 l2-0 c2)
5.288: (unload-truck p4 t0 l0-1)
5.846: (fly-airplane a0 l0-0 l2-0)
5.854: (fly-airplane a0 l1-0 l2-0)
4.941: (fly-airplane a0 l0-0 l1-0)
5.141: (unload-airplane p3 a0 l0-0)
5.141: (drive-truck t2 l2-1 l2-0 c2)
5.267: (load-airplane p0 a0 l0-0)
5.502: (load-truck p5 t2 l2-1)
4.874: (drive-truck t0 l0-1 l0-0 c0)
4.930: (load-truck p4 t0 l0-1)
4.968: (fly-airplane a0 l0-0 l1-0)
4.968: (drive-truck t2 l2-1 l2-0 c2)
5.088: (fly-airplane a0 l0-0 l1-0)
4.867: (drive-truck t1 l1-0 l1-1 c1)
4.877: (drive-truck t2 l2-1 l2-0 c2)
4.919: (fly-airplane a0 l0-0 l1-0)
4.925: (fly-airplane a0 l0-0 l2-0)
4.998: (drive-truck t0 l0-1 l0-0 c0)
4.778: (drive-truck t0 l0-1 l0-0 c0)
4.778: (drive-truck t1 l1-0 l1-1 c1)
4.913: (fly-airplane a0 l1-0 l2-0)
5.001: (drive-truck t2 l2-1 l2-0 c2)
5.001: (fly-airplane a0 l0-0 l1-0)
4.782: (drive-truck t1 l1-0 l1-1 c1)
4.782: (drive-truck t2 l2-1 l2-0 c2)
4.824: (fly-airplane a0 l1-0 l2-0)
4.824: (drive-truck t0 l0-1 l0-0 c0)
4.905: (drive-truck t2 l2-1 l2-0 c2)
4.815: (drive-truck t2 l2-1 l2-0 c2)
4.815: (drive-truck t0 l0-1 l0-0 c0)
4.815: (fly-airplane a0 l1-0 l2-0)
5.676: (load-truck p3 t0 l0-0)
5.723: (load-truck p3 t0 l0-0)
4.903: (fly-airplane a0 l2-0 l0-0)
4.906: (fly-airplane a0 l1-0 l0-0)
5.628: (drive-truck t0 l0-0 l0-1 c0)
5.668: (drive-truck t0 l0-0 l0-1 c0)
5.673: (drive-truck t2 l2-0 l2-1 c2)
4.768: (fly-airplane a0 l2-0 l0-0)
4.768: (drive-truck t0 l0-0 l0-1 c0)
4.772: (drive-truck t0 l0-0 l0-1 c0)
4.772: (fly-airplane a0 l1-0 l0-0)
5.624: (drive-truck t2 l2-0 l2-1 c2)
5.656: (fly-airplane a0 l0-0 l2-0)
5.763: (load-truck p5 t2 l2-1)
5.772: (load-truck p4 t0 l0-1)
5.775: (load-truck p4 t0 l0-1)
5.788: (drive-truck t1 l1-1 l1-0 c1)
4.878: (unload-airplane p0 a0 l0-0)
4.888: (unload-airplane p0 a0 l0-0)
4.889: (unload-airplane p0 a0 l0-0)
5.718: (drive-truck t0 l0-1 l0-0 c0)
5.791: (drive-truck t2 l2-1 l2-0 c2)
4.873: (drive-truck t0 l0-1 l0-0 c0)
4.876: (fly-airplane a0 l0-0 l1-0)
4.876: (fly-airplane a0 l0-0 l2-0)
4.878: (fly-airplane a0 l0-0 l2-0)
4.885: (fly-airplane a0 l0-0 l1-0)
4.868: (fly-airplane a0 l0-0 l2-0)
4.868: (drive-truck t0 l0-1 l0-0 c0)
4.878: (drive-truck t2 l2-0 l2-1 c2)
4.881: (drive-truck t2 l2-0 l2-1 c2)
4.953: (drive-truck t0 l0-1 l0-0 c0)
3.943: (unload-truck p3 t0 l0-0)
4.952: (drive-truck t0 l0-1 l0-0 c0)
4.952: (drive-truck t2 l2-0 l2-1 c2)
4.970: (drive-truck t0 l0-1 l0-0 c0)
4.973: (fly-airplane a0 l2-0 l1-0)
3.963: (fly-airplane a0 l2-0 l1-0)
3.963: (unload-truck p3 t0 l0-0)
3.966: (fly-airplane a0 l2-0 l0-0)
4.914: (unload-truck p4 t0 l0-0)
4.934: (drive-truck t1 l1-1 l1-0 c1)
4.931: (drive-truck t2 l2-0 l2-1 c2)
4.934: (unload-truck p4 t0 l0-0)
4.934: (fly-airplane a0 l2-0 l1-0)
4.939: (unload-truck p4 t0 l0-0)
4.939: (fly-airplane a0 l2-0 l0-0)
4.947: (fly-airplane a0 l2-0 l0-0)
4.953: (fly-airplane a0 l2-0 l1-0)
5.902: (unload-truck p4 t0 l0-0)
5.917: (drive-truck t1 l1-1 l1-0 c1)
5.926: (load-truck p5 t2 l2-1)
4.937: (drive-truck t1 l1-0 l1-1 c1)
4.949: (load-truck p4 t0 l0-0)
4.949: (drive-truck t2 l2-1 l2-0 c2)
4.956: (drive-truck t2 l2-1 l2-0 c2)
5.904: (drive-truck t2 l2-1 l2-0 c2)
4.937: (fly-airplane a0 l2-0 l1-0)
4.941: (fly-airplane a0 l2-0 l0-0)
5.908: (unload-truck p4 t0 l0-0)
5.927: (fly-airplane a0 l2-0 l1-0)
5.927: (unload-truck p4 t0 l0-0)
5.908: (unload-truck p4 t0 l0-0)
5.908: (fly-airplane a0 l2-0 l1-0)
5.914: (fly-airplane a0 l2-0 l0-0)
5.914: (unload-truck p4 t0 l0-0)
5.924: (drive-truck t2 l2-0 l2-1 c2)
5.916: (fly-airplane a0 l1-0 l0-0)
6.894: (unload-truck p2 t1 l1-0)
6.901: (load-airplane p0 a0 l0-0)
6.901: (load-airplane p3 a0 l0-0)
6.902: (load-truck p5 t2 l2-1)
5.924: (unload-truck p5 t2 l2-1)
5.924: (unload-truck p5 t2 l2-1)
5.931: (load-truck p4 t0 l0-0)
5.937: (load-truck p4 t0 l0-0)
5.945: (load-truck p4 t0 l0-0)
4.873: (drive-truck t0 l0-0 l0-1 c0)
4.967: (load-truck p4 t0 l0-0)
4.967: (load-truck p4 t0 l0-0)
4.967: (unload-truck p5 t2 l2-1)
5.761: (drive-truck t1 l1-0 l1-1 c1)
4.970: (drive-truck t2 l2-1 l2-0 c2)
4.970: (drive-truck t2 l2-1 l2-0 c2)
5.252: (unload-truck p4 t0 l0-1)
5.261: (unload-truck p1 t1 l1-1)
5.742: (fly-airplane a0 l1-0 l2-0)
4.862: (drive-truck t0 l0-1 l0-0 c0)
5.299: (drive-truck t2 l2-1 l2-0 c2)
5.320: (drive-truck t1 l1-1 l1-0 c1)
5.731: (load-airplane p2 a0 l1-0)
5.734: (fly-airplane a0 l1-0 l2-0)
4.963: (fly-airplane a0 l1-0 l0-0)
5.349: (drive-truck t1 l1-1 l1-0 c1)
5.349: (drive-truck t2 l2-1 l2-0 c2)
5.730: (drive-truck t1 l1-1 l1-0 c1)
5.730: (load-airplane p2 a0 l1-0)
3.966: (unload-airplane p2 a0 l0-0)
4.966: (drive-truck t1 l1-1 l1-0 c1)
4.966: (drive-truck t2 l2-1 l2-0 c2)
4.966: (fly-airplane a0 l1-0 l0-0)
5.731: (fly-airplane a0 l0-0 l2-0)
2.963: (load-truck p2 t0 l0-0)
3.949: (fly-airplane a0 l0-0 l1-0)
3.949: (fly-airplane a0 l0-0 l2-0)
3.987: (drive-truck t2 l2-1 l2-0 c2)
3.987: (drive-truck t1 l1-1 l1-0 c1)
1.932: (drive-truck t0 l0-0 l0-1 c0)
2.953: (load-truck p2 t0 l0-0)
2.953: (load-truck p2 t0 l0-0)
2.953: (fly-airplane a0 l0-0 l1-0)
2.953: (fly-airplane a0 l0-0 l2-0)
0.934: (unload-truck p2 t0 l0-1)
0.934: (unload-truck p4 t0 l0-1)
1.912: (fly-airplane a0 l0-0 l1-0)
1.912: (fly-airplane a0 l0-0 l2-0)
1.912: (drive-truck t0 l0-0 l0-1 c0)
-0.100: (unload-truck p4 t0 l0-1)
[Final] Expanded: 908, Generated: 13175
Found a solution of length 224!
   1: (load-truck p4 t1 l1-1)
   2: (load-truck p2 t1 l1-1)
   3: (drive-truck t1 l1-1 l1-0 c1)
   4: (load-truck p1 t1 l1-0)
   5: (load-truck p5 t1 l1-0)
   6: (fly-airplane a0 l2-0 l1-0)
   7: (load-airplane p3 a0 l1-0)
   8: (drive-truck t1 l1-0 l1-1 c1)
   9: (drive-truck t0 l0-0 l0-1 c0)
  10: (load-truck p0 t0 l0-1)
  11: (fly-airplane a0 l1-0 l0-0)
  12: (drive-truck t0 l0-1 l0-0 c0)
  13: (unload-truck p0 t0 l0-0)
  14: (unload-airplane p3 a0 l0-0)
  15: (load-truck p3 t0 l0-0)
  16: (fly-airplane a0 l0-0 l1-0)
  17: (drive-truck t0 l0-0 l0-1 c0)
  18: (drive-truck t2 l2-0 l2-1 c2)
  19: (fly-airplane a0 l1-0 l0-0)
  20: (drive-truck t0 l0-1 l0-0 c0)
  21: (fly-airplane a0 l0-0 l2-0)
  22: (unload-truck p3 t0 l0-0)
  23: (load-truck p0 t0 l0-0)
  24: (drive-truck t0 l0-0 l0-1 c0)
  25: (fly-airplane a0 l2-0 l1-0)
  26: (drive-truck t1 l1-1 l1-0 c1)
  27: (drive-truck t2 l2-1 l2-0 c2)
  28: (drive-truck t0 l0-1 l0-0 c0)
  29: (unload-truck p0 t0 l0-0)
  30: (fly-airplane a0 l1-0 l0-0)
  31: (load-airplane p3 a0 l0-0)
  32: (unload-truck p2 t1 l1-0)
  33: (drive-truck t1 l1-0 l1-1 c1)
  34: (unload-airplane p3 a0 l0-0)
  35: (fly-airplane a0 l0-0 l1-0)
  36: (load-truck p3 t0 l0-0)
  37: (fly-airplane a0 l1-0 l2-0)
  38: (drive-truck t1 l1-1 l1-0 c1)
  39: (fly-airplane a0 l2-0 l1-0)
  40: (drive-truck t0 l0-0 l0-1 c0)
  41: (fly-airplane a0 l1-0 l2-0)
  42: (drive-truck t1 l1-0 l1-1 c1)
  43: (drive-truck t2 l2-0 l2-1 c2)
  44: (drive-truck t0 l0-1 l0-0 c0)
  45: (drive-truck t1 l1-1 l1-0 c1)
  46: (load-truck p2 t1 l1-0)
  47: (fly-airplane a0 l2-0 l0-0)
  48: (drive-truck t0 l0-0 l0-1 c0)
  49: (load-airplane p0 a0 l0-0)
  50: (drive-truck t1 l1-0 l1-1 c1)
  51: (fly-airplane a0 l0-0 l2-0)
  52: (drive-truck t0 l0-1 l0-0 c0)
  53: (unload-truck p3 t0 l0-0)
  54: (fly-airplane a0 l2-0 l0-0)
  55: (unload-airplane p0 a0 l0-0)
  56: (load-airplane p3 a0 l0-0)
  57: (load-airplane p0 a0 l0-0)
  58: (drive-truck t2 l2-1 l2-0 c2)
  59: (fly-airplane a0 l0-0 l2-0)
  60: (unload-airplane p0 a0 l2-0)
  61: (load-truck p0 t2 l2-0)
  62: (drive-truck t2 l2-0 l2-1 c2)
  63: (fly-airplane a0 l2-0 l0-0)
  64: (unload-airplane p3 a0 l0-0)
  65: (fly-airplane a0 l0-0 l2-0)
  66: (drive-truck t2 l2-1 l2-0 c2)
  67: (fly-airplane a0 l2-0 l1-0)
  68: (drive-truck t0 l0-0 l0-1 c0)
  69: (fly-airplane a0 l1-0 l2-0)
  70: (unload-truck p0 t2 l2-0)
  71: (drive-truck t0 l0-1 l0-0 c0)
  72: (drive-truck t1 l1-1 l1-0 c1)
  73: (load-truck p0 t2 l2-0)
  74: (drive-truck t2 l2-0 l2-1 c2)
  75: (drive-truck t0 l0-0 l0-1 c0)
  76: (fly-airplane a0 l2-0 l1-0)
  77: (unload-truck p4 t1 l1-0)
  78: (fly-airplane a0 l1-0 l2-0)
  79: (drive-truck t1 l1-0 l1-1 c1)
  80: (drive-truck t0 l0-1 l0-0 c0)
  81: (drive-truck t2 l2-1 l2-0 c2)
  82: (drive-truck t1 l1-1 l1-0 c1)
  83: (fly-airplane a0 l2-0 l1-0)
  84: (unload-truck p0 t2 l2-0)
  85: (load-truck p4 t1 l1-0)
  86: (unload-truck p2 t1 l1-0)
  87: (load-truck p0 t2 l2-0)
  88: (drive-truck t2 l2-0 l2-1 c2)
  89: (drive-truck t0 l0-0 l0-1 c0)
  90: (drive-truck t1 l1-0 l1-1 c1)
  91: (fly-airplane a0 l1-0 l2-0)
  92: (drive-truck t2 l2-1 l2-0 c2)
  93: (fly-airplane a0 l2-0 l1-0)
  94: (unload-truck p0 t2 l2-0)
  95: (fly-airplane a0 l1-0 l2-0)
  96: (drive-truck t1 l1-1 l1-0 c1)
  97: (load-truck p2 t1 l1-0)
  98: (unload-truck p5 t1 l1-0)
  99: (load-airplane p0 a0 l2-0)
 100: (drive-truck t0 l0-1 l0-0 c0)
 101: (drive-truck t1 l1-0 l1-1 c1)
 102: (fly-airplane a0 l2-0 l0-0)
 103: (drive-truck t0 l0-0 l0-1 c0)
 104: (unload-airplane p0 a0 l0-0)
 105: (fly-airplane a0 l0-0 l1-0)
 106: (load-airplane p5 a0 l1-0)
 107: (fly-airplane a0 l1-0 l2-0)
 108: (unload-airplane p5 a0 l2-0)
 109: (load-truck p5 t2 l2-0)
 110: (drive-truck t2 l2-0 l2-1 c2)
 111: (drive-truck t0 l0-1 l0-0 c0)
 112: (unload-truck p5 t2 l2-1)
 113: (drive-truck t2 l2-1 l2-0 c2)
 114: (fly-airplane a0 l2-0 l1-0)
 115: (load-truck p0 t0 l0-0)
 116: (drive-truck t0 l0-0 l0-1 c0)
 117: (fly-airplane a0 l1-0 l2-0)
 118: (drive-truck t2 l2-0 l2-1 c2)
 119: (drive-truck t0 l0-1 l0-0 c0)
 120: (drive-truck t1 l1-1 l1-0 c1)
 121: (drive-truck t2 l2-1 l2-0 c2)
 122: (unload-truck p0 t0 l0-0)
 123: (load-truck p3 t0 l0-0)
 124: (fly-airplane a0 l2-0 l0-0)
 125: (drive-truck t0 l0-0 l0-1 c0)
 126: (drive-truck t2 l2-0 l2-1 c2)
 127: (drive-truck t0 l0-1 l0-0 c0)
 128: (unload-truck p3 t0 l0-0)
 129: (load-airplane p0 a0 l0-0)
 130: (drive-truck t1 l1-0 l1-1 c1)
 131: (drive-truck t0 l0-0 l0-1 c0)
 132: (drive-truck t2 l2-1 l2-0 c2)
 133: (fly-airplane a0 l0-0 l1-0)
 134: (drive-truck t0 l0-1 l0-0 c0)
 135: (drive-truck t1 l1-1 l1-0 c1)
 136: (fly-airplane a0 l1-0 l0-0)
 137: (unload-airplane p0 a0 l0-0)
 138: (load-airplane p3 a0 l0-0)
 139: (drive-truck t0 l0-0 l0-1 c0)
 140: (unload-airplane p3 a0 l0-0)
 141: (drive-truck t2 l2-0 l2-1 c2)
 142: (fly-airplane a0 l0-0 l2-0)
 143: (unload-truck p4 t1 l1-0)
 144: (drive-truck t1 l1-0 l1-1 c1)
 145: (fly-airplane a0 l2-0 l0-0)
 146: (drive-truck t0 l0-1 l0-0 c0)
 147: (drive-truck t2 l2-1 l2-0 c2)
 148: (load-airplane p0 a0 l0-0)
 149: (drive-truck t1 l1-1 l1-0 c1)
 150: (unload-airplane p0 a0 l0-0)
 151: (drive-truck t2 l2-0 l2-1 c2)
 152: (fly-airplane a0 l0-0 l1-0)
 153: (load-truck p3 t0 l0-0)
 154: (drive-truck t1 l1-0 l1-1 c1)
 155: (load-airplane p4 a0 l1-0)
 156: (fly-airplane a0 l1-0 l0-0)
 157: (unload-truck p3 t0 l0-0)
 158: (unload-airplane p4 a0 l0-0)
 159: (load-truck p4 t0 l0-0)
 160: (fly-airplane a0 l0-0 l2-0)
 161: (drive-truck t0 l0-0 l0-1 c0)
 162: (unload-truck p4 t0 l0-1)
 163: (drive-truck t0 l0-1 l0-0 c0)
 164: (drive-truck t2 l2-1 l2-0 c2)
 165: (load-truck p3 t0 l0-0)
 166: (drive-truck t0 l0-0 l0-1 c0)
 167: (fly-airplane a0 l2-0 l1-0)
 168: (drive-truck t0 l0-1 l0-0 c0)
 169: (drive-truck t2 l2-0 l2-1 c2)
 170: (load-truck p5 t2 l2-1)
 171: (unload-truck p3 t0 l0-0)
 172: (load-truck p0 t0 l0-0)
 173: (unload-truck p5 t2 l2-1)
 174: (fly-airplane a0 l1-0 l2-0)
 175: (drive-truck t2 l2-1 l2-0 c2)
 176: (drive-truck t0 l0-0 l0-1 c0)
 177: (drive-truck t1 l1-1 l1-0 c1)
 178: (drive-truck t0 l0-1 l0-0 c0)
 179: (unload-truck p0 t0 l0-0)
 180: (drive-truck t0 l0-0 l0-1 c0)
 181: (load-truck p4 t0 l0-1)
 182: (fly-airplane a0 l2-0 l0-0)
 183: (drive-truck t2 l2-0 l2-1 c2)
 184: (load-airplane p3 a0 l0-0)
 185: (drive-truck t1 l1-0 l1-1 c1)
 186: (unload-truck p4 t0 l0-1)
 187: (drive-truck t0 l0-1 l0-0 c0)
 188: (fly-airplane a0 l0-0 l1-0)
 189: (drive-truck t2 l2-1 l2-0 c2)
 190: (drive-truck t1 l1-1 l1-0 c1)
 191: (drive-truck t2 l2-0 l2-1 c2)
 192: (drive-truck t0 l0-0 l0-1 c0)
 193: (fly-airplane a0 l1-0 l0-0)
 194: (unload-airplane p3 a0 l0-0)
 195: (load-airplane p0 a0 l0-0)
 196: (fly-airplane a0 l0-0 l1-0)
 197: (drive-truck t0 l0-1 l0-0 c0)
 198: (drive-truck t2 l2-1 l2-0 c2)
 199: (drive-truck t1 l1-0 l1-1 c1)
 200: (load-truck p3 t0 l0-0)
 201: (fly-airplane a0 l1-0 l0-0)
 202: (drive-truck t0 l0-0 l0-1 c0)
 203: (load-truck p4 t0 l0-1)
 204: (unload-airplane p0 a0 l0-0)
 205: (fly-airplane a0 l0-0 l2-0)
 206: (drive-truck t0 l0-1 l0-0 c0)
 207: (unload-truck p3 t0 l0-0)
 208: (drive-truck t1 l1-1 l1-0 c1)
 209: (drive-truck t2 l2-0 l2-1 c2)
 210: (unload-truck p4 t0 l0-0)
 211: (drive-truck t2 l2-1 l2-0 c2)
 212: (fly-airplane a0 l2-0 l1-0)
 213: (drive-truck t2 l2-0 l2-1 c2)
 214: (unload-truck p2 t1 l1-0)
 215: (load-truck p4 t0 l0-0)
 216: (drive-truck t1 l1-0 l1-1 c1)
 217: (unload-truck p1 t1 l1-1)
 218: (load-airplane p2 a0 l1-0)
 219: (fly-airplane a0 l1-0 l0-0)
 220: (unload-airplane p2 a0 l0-0)
 221: (load-truck p2 t0 l0-0)
 222: (drive-truck t0 l0-0 l0-1 c0)
 223: (unload-truck p2 t0 l0-1)
 224: (unload-truck p4 t0 l0-1)
