/u/ibrahim.eisawy/Neural-Guided-Search/venv/lib/python3.10/site-packages/pymimir_rgnn/model.py:151: UserWarning: index_reduce() is in beta and the API may change at any time. (Triggered internally at /pytorch/aten/src/ATen/native/cuda/Indexing.cu:1541.)
  max_msg.index_reduce_(0, output_indices, output_messages, reduce='amax', include_self=True)
Torch: 2.12.0+cu130
Using GPU:  NVIDIA L40S
9.422: (navigate rover0 waypoint4 waypoint8)
10.766: (sample_rock rover0 rover0store waypoint4)
11.086: (navigate rover0 waypoint4 waypoint0)
12.567: (navigate rover0 waypoint4 waypoint2)
12.665: (navigate rover0 waypoint4 waypoint5)
8.133: (navigate rover0 waypoint4 waypoint8)
8.174: (calibrate rover0 camera1 objective0 waypoint8)
9.382: (calibrate rover0 camera0 objective1 waypoint8)
9.912: (communicate_rock_data rover0 general waypoint4 waypoint4 waypoint5)
9.925: (drop rover0 rover0store)
6.868: (calibrate rover0 camera1 objective0 waypoint8)
7.275: (navigate rover0 waypoint4 waypoint8)
7.281: (navigate rover0 waypoint4 waypoint8)
7.281: (drop rover0 rover0store)
7.715: (take_image rover0 waypoint8 objective0 camera1 high_res)
6.032: (calibrate rover0 camera1 objective0 waypoint8)
6.043: (drop rover0 rover0store)
6.043: (calibrate rover0 camera1 objective0 waypoint8)
6.263: (drop rover0 rover0store)
6.518: (take_image rover0 waypoint8 objective0 camera1 high_res)
5.023: (calibrate rover0 camera1 objective0 waypoint8)
5.023: (drop rover0 rover0store)
5.554: (take_image rover0 waypoint8 objective0 camera1 high_res)
5.569: (take_image rover0 waypoint8 objective1 camera1 high_res)
5.620: (take_image rover0 waypoint8 objective1 camera1 high_res)
4.519: (drop rover0 rover0store)
4.519: (take_image rover0 waypoint8 objective0 camera1 high_res)
4.522: (take_image rover0 waypoint8 objective1 camera1 high_res)
4.522: (drop rover0 rover0store)
5.008: (calibrate rover0 camera0 objective1 waypoint8)
4.248: (calibrate rover0 camera1 objective0 waypoint8)
4.255: (calibrate rover0 camera1 objective0 waypoint8)
4.492: (calibrate rover0 camera0 objective1 waypoint8)
4.492: (take_image rover0 waypoint8 objective0 camera1 high_res)
4.523: (calibrate rover0 camera0 objective1 waypoint8)
3.656: (take_image rover0 waypoint8 objective0 camera1 high_res)
3.656: (take_image rover0 waypoint8 objective1 camera1 high_res)
4.247: (calibrate rover0 camera0 objective1 waypoint8)
4.247: (calibrate rover0 camera1 objective0 waypoint8)
4.254: (calibrate rover0 camera0 objective1 waypoint8)
3.629: (calibrate rover0 camera1 objective0 waypoint8)
3.648: (take_image rover0 waypoint8 objective1 camera1 high_res)
3.648: (calibrate rover0 camera0 objective1 waypoint8)
3.648: (take_image rover0 waypoint8 objective0 camera1 high_res)
3.753: (navigate rover0 waypoint8 waypoint4)
3.483: (communicate_image_data rover0 general objective0 high_res waypoint4 waypoint5)
3.510: (communicate_image_data rover0 general objective1 high_res waypoint4 waypoint5)
3.628: (calibrate rover0 camera1 objective0 waypoint8)
3.628: (calibrate rover0 camera0 objective1 waypoint8)
3.666: (take_image rover0 waypoint8 objective0 camera0 colour)
2.557: (communicate_image_data rover0 general objective0 high_res waypoint4 waypoint5)
2.557: (communicate_image_data rover0 general objective1 high_res waypoint4 waypoint5)
3.409: (navigate rover0 waypoint4 waypoint8)
3.418: (navigate rover0 waypoint4 waypoint0)
3.432: (navigate rover0 waypoint4 waypoint8)
2.509: (navigate rover0 waypoint4 waypoint8)
2.573: (communicate_image_data rover0 general objective1 high_res waypoint0 waypoint5)
2.573: (navigate rover0 waypoint4 waypoint0)
2.845: (navigate rover0 waypoint0 waypoint6)
2.914: (navigate rover0 waypoint4 waypoint2)
1.857: (navigate rover0 waypoint6 waypoint9)
2.141: (communicate_image_data rover0 general objective1 high_res waypoint6 waypoint5)
2.141: (navigate rover0 waypoint0 waypoint6)
2.512: (calibrate rover0 camera0 objective1 waypoint8)
2.514: (calibrate rover0 camera1 objective0 waypoint8)
1.168: (navigate rover0 waypoint6 waypoint9)
1.339: (sample_rock rover0 rover0store waypoint9)
2.150: (calibrate rover0 camera0 objective1 waypoint6)
2.494: (take_image rover0 waypoint8 objective1 camera0 colour)
2.494: (take_image rover0 waypoint8 objective1 camera1 colour)
0.519: (sample_rock rover0 rover0store waypoint9)
1.151: (navigate rover0 waypoint6 waypoint9)
1.330: (drop rover0 rover0store)
1.560: (navigate rover0 waypoint9 waypoint6)
2.125: (take_image rover0 waypoint6 objective1 camera0 colour)
0.500: (drop rover0 rover0store)
0.505: (sample_rock rover0 rover0store waypoint9)
0.580: (communicate_rock_data rover0 general waypoint9 waypoint6 waypoint5)
0.732: (communicate_image_data rover0 general objective1 high_res waypoint6 waypoint5)
0.732: (navigate rover0 waypoint9 waypoint6)
-0.264: (communicate_rock_data rover0 general waypoint9 waypoint6 waypoint5)
[Final] Expanded: 65, Generated: 334
Found a solution of length 17!
   1: (sample_rock rover0 rover0store waypoint4)
   2: (communicate_rock_data rover0 general waypoint4 waypoint4 waypoint5)
   3: (navigate rover0 waypoint4 waypoint8)
   4: (drop rover0 rover0store)
   5: (calibrate rover0 camera1 objective0 waypoint8)
   6: (take_image rover0 waypoint8 objective1 camera1 high_res)
   7: (calibrate rover0 camera1 objective0 waypoint8)
   8: (take_image rover0 waypoint8 objective0 camera1 high_res)
   9: (navigate rover0 waypoint8 waypoint4)
  10: (communicate_image_data rover0 general objective0 high_res waypoint4 waypoint5)
  11: (navigate rover0 waypoint4 waypoint0)
  12: (navigate rover0 waypoint0 waypoint6)
  13: (navigate rover0 waypoint6 waypoint9)
  14: (sample_rock rover0 rover0store waypoint9)
  15: (navigate rover0 waypoint9 waypoint6)
  16: (communicate_image_data rover0 general objective1 high_res waypoint6 waypoint5)
  17: (communicate_rock_data rover0 general waypoint9 waypoint6 waypoint5)
