/u/ibrahim.eisawy/Neural-Guided-Search/venv/lib/python3.10/site-packages/pymimir_rgnn/model.py:151: UserWarning: index_reduce() is in beta and the API may change at any time. (Triggered internally at /pytorch/aten/src/ATen/native/cuda/Indexing.cu:1541.)
  max_msg.index_reduce_(0, output_indices, output_messages, reduce='amax', include_self=True)
Torch: 2.12.0+cu130
Using GPU:  NVIDIA L40S
13.688: (calibrate rover0 camera0 objective1 waypoint6)
13.724: (calibrate rover0 camera1 objective0 waypoint6)
14.468: (sample_rock rover0 rover0store waypoint6)
14.611: (navigate rover0 waypoint6 waypoint2)
14.904: (navigate rover0 waypoint6 waypoint1)
12.809: (take_image rover0 waypoint6 objective1 camera0 colour)
12.809: (take_image rover0 waypoint6 objective1 camera1 colour)
13.144: (communicate_rock_data rover0 general waypoint6 waypoint6 waypoint9)
13.323: (drop rover0 rover0store)
13.436: (sample_rock rover0 rover0store waypoint6)
11.913: (communicate_image_data rover0 general objective1 colour waypoint6 waypoint9)
12.007: (drop rover0 rover0store)
12.007: (communicate_rock_data rover0 general waypoint6 waypoint6 waypoint9)
12.131: (calibrate rover0 camera0 objective1 waypoint6)
12.131: (communicate_rock_data rover0 general waypoint6 waypoint6 waypoint9)
11.029: (calibrate rover0 camera0 objective1 waypoint6)
11.029: (drop rover0 rover0store)
11.037: (calibrate rover0 camera1 objective0 waypoint6)
11.336: (take_image rover0 waypoint6 objective1 camera0 colour)
11.388: (navigate rover0 waypoint6 waypoint2)
10.200: (take_image rover0 waypoint6 objective1 camera1 colour)
10.200: (take_image rover0 waypoint6 objective1 camera0 colour)
10.200: (drop rover0 rover0store)
10.352: (calibrate rover0 camera0 objective1 waypoint2)
10.352: (navigate rover0 waypoint6 waypoint2)
9.354: (communicate_image_data rover0 general objective1 colour waypoint6 waypoint9)
9.415: (navigate rover0 waypoint6 waypoint2)
9.415: (take_image rover0 waypoint2 objective1 camera0 colour)
9.832: (sample_rock rover0 rover0store waypoint2)
10.163: (navigate rover0 waypoint6 waypoint1)
8.528: (navigate rover0 waypoint6 waypoint2)
8.528: (communicate_image_data rover0 general objective1 colour waypoint2 waypoint9)
8.837: (communicate_rock_data rover0 general waypoint2 waypoint2 waypoint9)
8.899: (drop rover0 rover0store)
8.945: (take_image rover0 waypoint2 objective1 camera0 colour)
7.873: (communicate_rock_data rover0 general waypoint2 waypoint2 waypoint9)
7.873: (drop rover0 rover0store)
7.976: (communicate_rock_data rover0 general waypoint2 waypoint2 waypoint9)
7.976: (take_image rover0 waypoint2 objective1 camera0 colour)
7.989: (drop rover0 rover0store)
6.957: (communicate_rock_data rover0 general waypoint2 waypoint2 waypoint9)
6.957: (take_image rover0 waypoint2 objective1 camera0 colour)
6.957: (drop rover0 rover0store)
7.066: (communicate_image_data rover0 general objective1 colour waypoint2 waypoint9)
7.073: (communicate_image_data rover0 general objective1 colour waypoint2 waypoint9)
6.065: (communicate_rock_data rover0 general waypoint2 waypoint2 waypoint9)
6.065: (drop rover0 rover0store)
6.065: (communicate_image_data rover0 general objective1 colour waypoint2 waypoint9)
6.623: (navigate rover0 waypoint2 waypoint6)
6.638: (navigate rover0 waypoint2 waypoint6)
5.720: (navigate rover0 waypoint6 waypoint1)
5.766: (navigate rover0 waypoint6 waypoint1)
5.770: (communicate_image_data rover0 general objective1 colour waypoint6 waypoint9)
5.770: (navigate rover0 waypoint2 waypoint6)
5.770: (communicate_rock_data rover0 general waypoint2 waypoint6 waypoint9)
4.834: (navigate rover0 waypoint6 waypoint1)
4.834: (communicate_rock_data rover0 general waypoint2 waypoint1 waypoint9)
4.834: (communicate_image_data rover0 general objective1 colour waypoint1 waypoint9)
5.071: (sample_rock rover0 rover0store waypoint1)
5.098: (sample_rock rover0 rover0store waypoint1)
3.927: (communicate_rock_data rover0 general waypoint1 waypoint1 waypoint9)
4.012: (navigate rover0 waypoint1 waypoint7)
4.027: (drop rover0 rover0store)
4.038: (communicate_rock_data rover0 general waypoint1 waypoint1 waypoint9)
4.070: (drop rover0 rover0store)
2.837: (communicate_rock_data rover0 general waypoint1 waypoint1 waypoint9)
2.837: (drop rover0 rover0store)
2.928: (drop rover0 rover0store)
2.928: (navigate rover0 waypoint1 waypoint7)
2.944: (navigate rover0 waypoint1 waypoint7)
1.816: (navigate rover0 waypoint1 waypoint7)
1.816: (drop rover0 rover0store)
1.999: (communicate_image_data rover0 general objective1 colour waypoint1 waypoint9)
2.418: (sample_rock rover0 rover0store waypoint7)
2.865: (calibrate rover0 camera1 objective0 waypoint1)
1.027: (navigate rover0 waypoint1 waypoint7)
1.479: (sample_rock rover0 rover0store waypoint7)
1.834: (calibrate rover0 camera0 objective1 waypoint7)
1.851: (navigate rover0 waypoint1 waypoint7)
2.029: (calibrate rover0 camera1 objective0 waypoint1)
0.617: (sample_rock rover0 rover0store waypoint7)
1.029: (calibrate rover0 camera0 objective1 waypoint7)
1.033: (navigate rover0 waypoint1 waypoint7)
1.444: (drop rover0 rover0store)
1.472: (sample_rock rover0 rover0store waypoint7)
0.574: (drop rover0 rover0store)
0.619: (sample_rock rover0 rover0store waypoint7)
0.629: (calibrate rover0 camera0 objective1 waypoint7)
0.629: (sample_rock rover0 rover0store waypoint7)
0.680: (navigate rover0 waypoint7 waypoint1)
-0.262: (communicate_rock_data rover0 general waypoint7 waypoint1 waypoint9)
[Final] Expanded: 68, Generated: 463
Found a solution of length 19!
   1: (sample_rock rover0 rover0store waypoint6)
   2: (communicate_rock_data rover0 general waypoint6 waypoint6 waypoint9)
   3: (drop rover0 rover0store)
   4: (navigate rover0 waypoint6 waypoint2)
   5: (calibrate rover0 camera0 objective1 waypoint2)
   6: (sample_rock rover0 rover0store waypoint2)
   7: (take_image rover0 waypoint2 objective1 camera0 colour)
   8: (drop rover0 rover0store)
   9: (communicate_rock_data rover0 general waypoint2 waypoint2 waypoint9)
  10: (navigate rover0 waypoint2 waypoint6)
  11: (navigate rover0 waypoint6 waypoint1)
  12: (sample_rock rover0 rover0store waypoint1)
  13: (drop rover0 rover0store)
  14: (communicate_rock_data rover0 general waypoint1 waypoint1 waypoint9)
  15: (communicate_image_data rover0 general objective1 colour waypoint1 waypoint9)
  16: (navigate rover0 waypoint1 waypoint7)
  17: (sample_rock rover0 rover0store waypoint7)
  18: (navigate rover0 waypoint7 waypoint1)
  19: (communicate_rock_data rover0 general waypoint7 waypoint1 waypoint9)
