/u/ibrahim.eisawy/Neural-Guided-Search/venv/lib/python3.10/site-packages/pymimir_rgnn/model.py:151: UserWarning: index_reduce() is in beta and the API may change at any time. (Triggered internally at /pytorch/aten/src/ATen/native/cuda/Indexing.cu:1541.)
  max_msg.index_reduce_(0, output_indices, output_messages, reduce='amax', include_self=True)
Torch: 2.12.0+cu130
Using GPU:  NVIDIA L40S
49.878: (calibrate rover1 camera2 objective0 waypoint6)
50.483: (navigate rover0 waypoint5 waypoint7)
50.716: (navigate rover0 waypoint5 waypoint8)
50.874: (navigate rover1 waypoint6 waypoint5)
50.960: (navigate rover1 waypoint6 waypoint13)
48.313: (calibrate rover0 camera0 objective1 waypoint7)
48.905: (calibrate rover1 camera2 objective0 waypoint6)
48.905: (navigate rover0 waypoint5 waypoint7)
48.929: (take_image rover1 waypoint6 objective0 camera2 colour)
49.030: (sample_soil rover0 rover0store waypoint8)
46.885: (sample_soil rover0 rover0store waypoint7)
47.436: (sample_soil rover0 rover0store waypoint7)
47.458: (calibrate rover1 camera2 objective0 waypoint6)
47.625: (sample_rock rover0 rover0store waypoint7)
47.825: (calibrate rover1 camera2 objective0 waypoint6)
45.922: (drop rover0 rover0store)
46.309: (take_image rover1 waypoint6 objective0 camera2 colour)
46.342: (take_image rover0 waypoint7 objective2 camera0 low_res)
46.371: (calibrate rover0 camera0 objective1 waypoint7)
46.371: (calibrate rover1 camera2 objective0 waypoint6)
44.900: (sample_soil rover0 rover0store waypoint7)
44.900: (take_image rover0 waypoint7 objective2 camera0 low_res)
44.949: (take_image rover1 waypoint6 objective0 camera2 colour)
44.949: (sample_soil rover0 rover0store waypoint7)
45.201: (take_image rover1 waypoint6 objective0 camera2 high_res)
43.969: (drop rover0 rover0store)
44.050: (drop rover0 rover0store)
44.252: (take_image rover1 waypoint6 objective0 camera2 high_res)
44.252: (take_image rover0 waypoint7 objective2 camera0 low_res)
44.301: (drop rover0 rover0store)
43.061: (calibrate rover0 camera0 objective1 waypoint7)
43.142: (calibrate rover1 camera2 objective0 waypoint6)
43.342: (take_image rover0 waypoint7 objective2 camera0 low_res)
43.342: (drop rover0 rover0store)
43.342: (take_image rover1 waypoint6 objective0 camera2 high_res)
41.589: (take_image rover0 waypoint7 objective1 camera0 colour)
42.150: (calibrate rover0 camera0 objective1 waypoint7)
42.150: (drop rover0 rover0store)
42.235: (drop rover0 rover0store)
42.235: (calibrate rover1 camera2 objective0 waypoint6)
40.671: (drop rover0 rover0store)
40.671: (take_image rover0 waypoint7 objective1 camera0 colour)
41.068: (navigate rover1 waypoint6 waypoint13)
41.169: (navigate rover1 waypoint6 waypoint1)
41.204: (navigate rover1 waypoint6 waypoint5)
40.052: (sample_rock rover0 rover0store waypoint7)
40.097: (sample_rock rover1 rover1store waypoint13)
40.138: (drop rover0 rover0store)
40.138: (navigate rover1 waypoint6 waypoint13)
40.198: (drop rover0 rover0store)
39.087: (drop rover0 rover0store)
39.246: (navigate rover0 waypoint7 waypoint5)
39.255: (sample_rock rover1 rover1store waypoint13)
39.255: (drop rover0 rover0store)
39.397: (drop rover1 rover1store)
38.270: (drop rover0 rover0store)
38.270: (navigate rover0 waypoint7 waypoint5)
38.344: (communicate_rock_data rover0 general waypoint7 waypoint5 waypoint10)
38.482: (navigate rover1 waypoint6 waypoint13)
38.485: (drop rover0 rover0store)
37.411: (drop rover0 rover0store)
37.411: (communicate_rock_data rover0 general waypoint7 waypoint5 waypoint10)
37.513: (navigate rover0 waypoint5 waypoint8)
37.543: (navigate rover1 waypoint6 waypoint13)
37.543: (drop rover0 rover0store)
36.572: (drop rover0 rover0store)
36.572: (navigate rover0 waypoint5 waypoint8)
36.645: (communicate_soil_data rover0 general waypoint7 waypoint5 waypoint10)
36.650: (communicate_rock_data rover0 general waypoint7 waypoint5 waypoint10)
36.650: (navigate rover1 waypoint6 waypoint13)
35.180: (sample_soil rover0 rover0store waypoint8)
35.546: (sample_rock rover0 rover0store waypoint8)
35.889: (communicate_soil_data rover0 general waypoint7 waypoint5 waypoint10)
35.889: (navigate rover1 waypoint6 waypoint13)
35.905: (navigate rover0 waypoint5 waypoint8)
34.265: (drop rover0 rover0store)
34.397: (sample_soil rover0 rover0store waypoint8)
34.549: (drop rover0 rover0store)
34.815: (sample_rock rover0 rover0store waypoint8)
34.819: (navigate rover1 waypoint6 waypoint13)
33.490: (drop rover0 rover0store)
33.825: (drop rover0 rover0store)
33.871: (drop rover0 rover0store)
33.871: (navigate rover1 waypoint6 waypoint13)
33.911: (navigate rover1 waypoint6 waypoint13)
32.966: (drop rover0 rover0store)
32.966: (navigate rover1 waypoint6 waypoint13)
33.179: (sample_rock rover1 rover1store waypoint13)
33.226: (sample_rock rover1 rover1store waypoint13)
33.257: (navigate rover1 waypoint6 waypoint13)
32.172: (communicate_rock_data rover1 general waypoint13 waypoint13 waypoint10)
32.184: (communicate_rock_data rover1 general waypoint13 waypoint13 waypoint10)
32.330: (drop rover0 rover0store)
32.331: (sample_rock rover1 rover1store waypoint13)
32.352: (sample_rock rover1 rover1store waypoint13)
31.274: (communicate_rock_data rover1 general waypoint13 waypoint13 waypoint10)
31.275: (drop rover0 rover0store)
31.403: (communicate_rock_data rover1 general waypoint13 waypoint13 waypoint10)
31.485: (drop rover1 rover1store)
31.591: (navigate rover1 waypoint13 waypoint6)
30.719: (drop rover1 rover1store)
30.719: (communicate_rock_data rover1 general waypoint13 waypoint13 waypoint10)
30.862: (sample_rock rover0 rover0store waypoint8)
30.862: (sample_soil rover0 rover0store waypoint8)
30.893: (navigate rover1 waypoint13 waypoint6)
29.945: (drop rover0 rover0store)
30.415: (navigate rover1 waypoint13 waypoint6)
30.415: (drop rover1 rover1store)
30.471: (drop rover1 rover1store)
30.471: (sample_rock rover0 rover0store waypoint8)
29.544: (drop rover0 rover0store)
29.544: (drop rover1 rover1store)
29.562: (navigate rover1 waypoint13 waypoint6)
30.090: (navigate rover1 waypoint6 waypoint1)
30.100: (navigate rover1 waypoint13 waypoint6)
29.199: (navigate rover1 waypoint13 waypoint6)
29.199: (drop rover1 rover1store)
29.199: (drop rover0 rover0store)
29.344: (calibrate rover1 camera2 objective0 waypoint6)
29.718: (navigate rover1 waypoint6 waypoint1)
29.088: (calibrate rover1 camera2 objective0 waypoint6)
29.088: (drop rover1 rover1store)
29.113: (navigate rover1 waypoint6 waypoint1)
29.113: (drop rover1 rover1store)
29.298: (navigate rover1 waypoint6 waypoint4)
29.022: (navigate rover1 waypoint6 waypoint1)
29.156: (calibrate rover1 camera1 objective1 waypoint4)
29.161: (take_image rover1 waypoint6 objective0 camera2 colour)
29.201: (navigate rover1 waypoint6 waypoint4)
29.218: (navigate rover1 waypoint6 waypoint9)
27.934: (take_image rover1 waypoint1 objective2 camera2 high_res)
28.869: (calibrate rover1 camera1 objective1 waypoint4)
28.884: (take_image rover1 waypoint1 objective2 camera2 colour)
29.027: (navigate rover1 waypoint4 waypoint6)
29.028: (navigate rover1 waypoint6 waypoint1)
27.847: (communicate_image_data rover1 general objective2 high_res waypoint1 waypoint10)
28.081: (navigate rover1 waypoint1 waypoint6)
28.337: (sample_rock rover1 rover1store waypoint1)
28.340: (navigate rover0 waypoint8 waypoint5)
28.357: (navigate rover1 waypoint1 waypoint2)
27.349: (communicate_image_data rover0 general objective2 low_res waypoint5 waypoint10)
27.395: (communicate_rock_data rover0 general waypoint8 waypoint5 waypoint10)
27.423: (navigate rover1 waypoint2 waypoint11)
27.425: (navigate rover0 waypoint5 waypoint6)
27.468: (communicate_soil_data rover0 general waypoint8 waypoint5 waypoint10)
26.208: (communicate_rock_data rover0 general waypoint8 waypoint5 waypoint10)
26.209: (communicate_soil_data rover0 general waypoint8 waypoint5 waypoint10)
26.263: (navigate rover0 waypoint5 waypoint6)
26.320: (communicate_image_data rover1 general objective2 high_res waypoint1 waypoint10)
26.323: (communicate_image_data rover0 general objective2 low_res waypoint5 waypoint10)
25.123: (communicate_image_data rover0 general objective2 low_res waypoint5 waypoint10)
25.123: (communicate_rock_data rover0 general waypoint8 waypoint5 waypoint10)
25.195: (communicate_image_data rover1 general objective2 high_res waypoint1 waypoint10)
25.195: (navigate rover0 waypoint5 waypoint6)
25.209: (navigate rover0 waypoint5 waypoint6)
24.020: (communicate_image_data rover1 general objective2 high_res waypoint1 waypoint10)
24.121: (navigate rover0 waypoint5 waypoint6)
24.300: (navigate rover0 waypoint5 waypoint3)
24.473: (navigate rover0 waypoint5 waypoint10)
24.580: (communicate_image_data rover0 general objective1 colour waypoint5 waypoint10)
22.981: (communicate_image_data rover1 general objective2 high_res waypoint1 waypoint10)
22.981: (navigate rover0 waypoint5 waypoint6)
23.211: (navigate rover0 waypoint10 waypoint9)
23.270: (navigate rover0 waypoint5 waypoint3)
23.270: (communicate_image_data rover1 general objective2 high_res waypoint1 waypoint10)
22.089: (communicate_image_data rover1 general objective2 high_res waypoint1 waypoint10)
22.609: (navigate rover0 waypoint3 waypoint12)
22.661: (navigate rover0 waypoint3 waypoint4)
22.663: (navigate rover0 waypoint6 waypoint1)
22.691: (navigate rover0 waypoint3 waypoint11)
21.772: (sample_soil rover0 rover0store waypoint9)
21.834: (communicate_image_data rover0 general objective1 colour waypoint9 waypoint10)
22.192: (communicate_image_data rover0 general objective1 colour waypoint12 waypoint10)
22.250: (communicate_image_data rover0 general objective1 colour waypoint4 waypoint10)
22.328: (calibrate rover0 camera0 objective1 waypoint12)
20.577: (drop rover0 rover0store)
20.765: (communicate_soil_data rover0 general waypoint9 waypoint9 waypoint10)
21.369: (navigate rover0 waypoint9 waypoint10)
21.509: (communicate_image_data rover0 general objective1 colour waypoint9 waypoint10)
21.509: (sample_soil rover0 rover0store waypoint9)
19.587: (communicate_soil_data rover0 general waypoint9 waypoint9 waypoint10)
19.587: (drop rover0 rover0store)
20.234: (navigate rover0 waypoint9 waypoint10)
20.234: (drop rover0 rover0store)
20.320: (navigate rover0 waypoint9 waypoint10)
19.199: (drop rover0 rover0store)
19.200: (navigate rover0 waypoint9 waypoint10)
19.344: (communicate_image_data rover0 general objective1 colour waypoint9 waypoint10)
19.900: (calibrate rover0 camera0 objective1 waypoint10)
19.983: (calibrate rover0 camera0 objective1 waypoint10)
18.862: (drop rover0 rover0store)
18.862: (calibrate rover0 camera0 objective1 waypoint10)
19.056: (navigate rover0 waypoint9 waypoint10)
19.528: (navigate rover0 waypoint10 waypoint5)
19.942: (navigate rover1 waypoint1 waypoint2)
18.322: (calibrate rover0 camera0 objective1 waypoint10)
18.581: (navigate rover0 waypoint5 waypoint3)
18.738: (navigate rover0 waypoint5 waypoint6)
19.137: (take_image rover0 waypoint10 objective1 camera0 low_res)
19.203: (navigate rover0 waypoint10 waypoint5)
17.826: (take_image rover0 waypoint10 objective1 camera0 high_res)
17.837: (navigate rover0 waypoint3 waypoint4)
17.921: (navigate rover0 waypoint3 waypoint12)
18.116: (navigate rover0 waypoint3 waypoint11)
18.119: (navigate rover0 waypoint6 waypoint1)
17.086: (sample_soil rover0 rover0store waypoint4)
17.523: (communicate_image_data rover0 general objective1 colour waypoint4 waypoint10)
17.567: (communicate_image_data rover1 general objective0 high_res waypoint1 waypoint10)
17.617: (communicate_image_data rover0 general objective1 colour waypoint12 waypoint10)
17.650: (calibrate rover0 camera0 objective1 waypoint4)
15.850: (communicate_soil_data rover0 general waypoint4 waypoint4 waypoint10)
15.894: (drop rover0 rover0store)
16.017: (navigate rover0 waypoint4 waypoint3)
16.789: (communicate_image_data rover0 general objective1 colour waypoint4 waypoint10)
16.789: (sample_soil rover0 rover0store waypoint4)
14.667: (drop rover0 rover0store)
14.668: (communicate_soil_data rover0 general waypoint4 waypoint4 waypoint10)
14.892: (navigate rover0 waypoint4 waypoint3)
14.892: (drop rover0 rover0store)
14.968: (communicate_soil_data rover0 general waypoint4 waypoint3 waypoint10)
13.855: (drop rover0 rover0store)
13.855: (communicate_soil_data rover0 general waypoint4 waypoint3 waypoint10)
13.855: (navigate rover0 waypoint4 waypoint3)
14.435: (communicate_image_data rover0 general objective1 colour waypoint4 waypoint10)
14.466: (navigate rover0 waypoint3 waypoint12)
13.404: (communicate_soil_data rover0 general waypoint4 waypoint12 waypoint10)
13.405: (navigate rover0 waypoint3 waypoint12)
13.467: (navigate rover0 waypoint4 waypoint3)
13.468: (communicate_image_data rover0 general objective1 colour waypoint3 waypoint10)
13.536: (sample_rock rover0 rover0store waypoint3)
12.161: (communicate_rock_data rover0 general waypoint3 waypoint3 waypoint10)
12.314: (drop rover0 rover0store)
12.606: (navigate rover0 waypoint3 waypoint12)
12.749: (navigate rover0 waypoint3 waypoint11)
13.149: (calibrate rover0 camera0 objective1 waypoint3)
10.950: (drop rover0 rover0store)
10.950: (communicate_rock_data rover0 general waypoint3 waypoint3 waypoint10)
11.462: (navigate rover0 waypoint3 waypoint12)
11.462: (drop rover0 rover0store)
11.494: (communicate_rock_data rover0 general waypoint3 waypoint12 waypoint10)
10.286: (drop rover0 rover0store)
10.286: (navigate rover0 waypoint3 waypoint12)
10.286: (communicate_rock_data rover0 general waypoint3 waypoint12 waypoint10)
10.545: (navigate rover0 waypoint3 waypoint11)
10.782: (sample_soil rover0 rover0store waypoint12)
9.596: (sample_soil rover0 rover0store waypoint12)
9.596: (communicate_rock_data rover0 general waypoint3 waypoint12 waypoint10)
9.691: (drop rover0 rover0store)
9.704: (communicate_soil_data rover0 general waypoint12 waypoint12 waypoint10)
9.864: (navigate rover0 waypoint12 waypoint3)
8.460: (communicate_rock_data rover0 general waypoint3 waypoint12 waypoint10)
8.460: (drop rover0 rover0store)
8.572: (communicate_soil_data rover0 general waypoint12 waypoint12 waypoint10)
8.572: (communicate_rock_data rover0 general waypoint3 waypoint12 waypoint10)
8.628: (drop rover0 rover0store)
7.438: (drop rover0 rover0store)
7.438: (communicate_soil_data rover0 general waypoint12 waypoint12 waypoint10)
7.439: (communicate_rock_data rover0 general waypoint3 waypoint12 waypoint10)
7.579: (navigate rover0 waypoint12 waypoint3)
7.677: (navigate rover0 waypoint12 waypoint3)
6.515: (navigate rover0 waypoint3 waypoint11)
6.526: (drop rover0 rover0store)
6.526: (communicate_soil_data rover0 general waypoint12 waypoint3 waypoint10)
6.527: (navigate rover0 waypoint12 waypoint3)
6.608: (navigate rover0 waypoint3 waypoint11)
5.462: (navigate rover0 waypoint3 waypoint11)
5.462: (drop rover0 rover0store)
6.471: (communicate_image_data rover0 general objective1 colour waypoint3 waypoint10)
6.500: (calibrate rover0 camera0 objective1 waypoint3)
6.823: (sample_rock rover0 rover0store waypoint11)
5.445: (navigate rover0 waypoint3 waypoint11)
5.740: (sample_rock rover0 rover0store waypoint11)
5.748: (drop rover0 rover0store)
6.166: (communicate_image_data rover0 general objective1 colour waypoint3 waypoint10)
6.166: (calibrate rover0 camera0 objective1 waypoint3)
4.655: (drop rover0 rover0store)
5.625: (take_image rover0 waypoint3 objective1 camera0 high_res)
5.649: (sample_rock rover0 rover0store waypoint11)
6.030: (navigate rover0 waypoint11 waypoint3)
6.068: (navigate rover0 waypoint11 waypoint3)
4.548: (navigate rover0 waypoint3 waypoint11)
4.554: (drop rover0 rover0store)
4.915: (communicate_rock_data rover0 general waypoint11 waypoint3 waypoint10)
4.954: (communicate_rock_data rover0 general waypoint11 waypoint3 waypoint10)
4.990: (drop rover0 rover0store)
3.814: (drop rover0 rover0store)
3.814: (communicate_soil_data rover0 general waypoint12 waypoint3 waypoint10)
3.816: (communicate_rock_data rover0 general waypoint11 waypoint3 waypoint10)
4.378: (communicate_image_data rover1 general objective0 high_res waypoint1 waypoint10)
4.573: (navigate rover0 waypoint3 waypoint11)
3.494: (navigate rover0 waypoint3 waypoint11)
3.635: (navigate rover0 waypoint3 waypoint14)
3.755: (calibrate rover0 camera0 objective1 waypoint3)
3.759: (communicate_image_data rover0 general objective1 colour waypoint3 waypoint10)
3.759: (navigate rover0 waypoint3 waypoint0)
3.424: (communicate_image_data rover0 general objective1 colour waypoint3 waypoint10)
3.425: (calibrate rover0 camera0 objective1 waypoint3)
3.447: (navigate rover0 waypoint3 waypoint11)
3.572: (navigate rover0 waypoint3 waypoint14)
3.572: (calibrate rover0 camera0 objective1 waypoint14)
2.916: (take_image rover0 waypoint3 objective1 camera0 high_res)
3.258: (communicate_image_data rover0 general objective1 colour waypoint14 waypoint10)
3.259: (navigate rover0 waypoint3 waypoint14)
3.414: (navigate rover0 waypoint3 waypoint12)
3.623: (take_image rover0 waypoint14 objective1 camera0 low_res)
2.573: (navigate rover0 waypoint3 waypoint11)
2.745: (take_image rover0 waypoint14 objective1 camera0 high_res)
2.745: (navigate rover0 waypoint3 waypoint14)
2.758: (communicate_image_data rover1 general objective0 high_res waypoint1 waypoint10)
2.817: (calibrate rover0 camera0 objective1 waypoint3)
1.935: (communicate_image_data rover0 general objective1 high_res waypoint3 waypoint10)
2.473: (navigate rover0 waypoint3 waypoint11)
2.505: (navigate rover0 waypoint3 waypoint11)
2.505: (communicate_image_data rover1 general objective0 high_res waypoint1 waypoint10)
2.610: (navigate rover0 waypoint3 waypoint14)
1.731: (navigate rover0 waypoint3 waypoint11)
1.821: (navigate rover0 waypoint3 waypoint14)
1.821: (communicate_image_data rover0 general objective1 high_res waypoint14 waypoint10)
1.900: (navigate rover0 waypoint3 waypoint12)
1.921: (calibrate rover0 camera0 objective1 waypoint3)
1.720: (navigate rover0 waypoint3 waypoint11)
1.802: (calibrate rover0 camera0 objective1 waypoint14)
1.802: (navigate rover0 waypoint3 waypoint14)
1.882: (navigate rover0 waypoint3 waypoint12)
1.883: (calibrate rover0 camera0 objective1 waypoint12)
1.824: (take_image rover0 waypoint14 objective1 camera0 low_res)
1.896: (take_image rover0 waypoint12 objective2 camera0 colour)
1.898: (take_image rover0 waypoint12 objective2 camera0 high_res)
1.902: (take_image rover0 waypoint12 objective1 camera0 low_res)
2.149: (sample_rock rover1 rover1store waypoint1)
1.803: (calibrate rover0 camera0 objective1 waypoint14)
1.826: (communicate_image_data rover0 general objective1 low_res waypoint14 waypoint10)
1.881: (calibrate rover0 camera0 objective1 waypoint12)
1.883: (calibrate rover0 camera0 objective1 waypoint12)
1.885: (calibrate rover0 camera0 objective1 waypoint12)
1.803: (communicate_image_data rover0 general objective1 low_res waypoint14 waypoint10)
1.803: (calibrate rover0 camera0 objective1 waypoint14)
1.883: (communicate_image_data rover0 general objective2 colour waypoint12 waypoint10)
1.883: (communicate_image_data rover0 general objective1 low_res waypoint12 waypoint10)
1.896: (take_image rover0 waypoint12 objective2 camera0 high_res)
1.882: (calibrate rover0 camera0 objective1 waypoint12)
1.897: (take_image rover0 waypoint12 objective2 camera0 high_res)
1.898: (communicate_image_data rover0 general objective2 colour waypoint12 waypoint10)
1.898: (take_image rover0 waypoint12 objective2 camera0 low_res)
1.898: (take_image rover0 waypoint12 objective2 camera0 colour)
1.883: (calibrate rover0 camera0 objective1 waypoint12)
1.883: (communicate_image_data rover0 general objective2 colour waypoint12 waypoint10)
1.898: (take_image rover0 waypoint12 objective1 camera0 low_res)
1.924: (navigate rover0 waypoint12 waypoint3)
1.937: (navigate rover0 waypoint12 waypoint3)
1.712: (navigate rover0 waypoint3 waypoint11)
1.728: (navigate rover0 waypoint3 waypoint11)
1.803: (navigate rover0 waypoint3 waypoint14)
1.820: (navigate rover0 waypoint3 waypoint14)
1.883: (calibrate rover0 camera0 objective1 waypoint12)
1.804: (calibrate rover0 camera0 objective1 waypoint14)
1.805: (communicate_image_data rover0 general objective2 colour waypoint14 waypoint10)
1.819: (take_image rover0 waypoint14 objective1 camera0 colour)
1.819: (take_image rover0 waypoint14 objective1 camera0 high_res)
1.822: (take_image rover0 waypoint14 objective1 camera0 low_res)
1.804: (calibrate rover0 camera0 objective1 waypoint14)
1.822: (take_image rover0 waypoint14 objective1 camera0 colour)
1.822: (take_image rover0 waypoint14 objective1 camera0 high_res)
1.822: (communicate_image_data rover0 general objective2 colour waypoint14 waypoint10)
1.824: (take_image rover0 waypoint14 objective1 camera0 low_res)
1.804: (communicate_image_data rover0 general objective1 low_res waypoint14 waypoint10)
1.805: (calibrate rover0 camera0 objective1 waypoint14)
1.806: (communicate_image_data rover0 general objective2 colour waypoint14 waypoint10)
1.827: (communicate_image_data rover0 general objective1 low_res waypoint14 waypoint10)
1.925: (navigate rover0 waypoint14 waypoint3)
1.714: (navigate rover0 waypoint3 waypoint11)
1.806: (communicate_image_data rover0 general objective1 low_res waypoint14 waypoint10)
1.806: (communicate_image_data rover0 general objective2 colour waypoint14 waypoint10)
1.806: (calibrate rover0 camera0 objective1 waypoint14)
1.824: (take_image rover0 waypoint14 objective1 camera0 high_res)
1.926: (navigate rover0 waypoint14 waypoint3)
1.941: (navigate rover0 waypoint14 waypoint3)
2.145: (sample_rock rover1 rover1store waypoint1)
2.219: (sample_rock rover1 rover1store waypoint1)
2.228: (sample_rock rover1 rover1store waypoint1)
1.716: (navigate rover0 waypoint3 waypoint11)
1.723: (navigate rover0 waypoint3 waypoint11)
1.884: (navigate rover0 waypoint3 waypoint12)
1.899: (navigate rover0 waypoint3 waypoint12)
1.926: (calibrate rover0 camera0 objective1 waypoint3)
1.715: (navigate rover0 waypoint3 waypoint11)
1.883: (navigate rover0 waypoint3 waypoint12)
1.883: (calibrate rover0 camera0 objective1 waypoint12)
1.901: (take_image rover0 waypoint12 objective2 camera0 high_res)
1.901: (take_image rover0 waypoint12 objective2 camera0 colour)
1.943: (navigate rover0 waypoint12 waypoint3)
2.145: (sample_rock rover1 rover1store waypoint1)
2.294: (sample_rock rover1 rover1store waypoint1)
2.304: (sample_rock rover1 rover1store waypoint1)
2.317: (navigate rover1 waypoint1 waypoint6)
1.725: (navigate rover0 waypoint3 waypoint11)
1.946: (navigate rover0 waypoint3 waypoint0)
2.148: (communicate_rock_data rover1 general waypoint1 waypoint1 waypoint10)
2.206: (navigate rover0 waypoint3 waypoint5)
2.229: (drop rover1 rover1store)
1.644: (navigate rover0 waypoint5 waypoint6)
1.694: (navigate rover0 waypoint5 waypoint8)
1.859: (navigate rover0 waypoint5 waypoint10)
1.865: (navigate rover0 waypoint5 waypoint7)
2.148: (sample_rock rover1 rover1store waypoint1)
0.581: (navigate rover0 waypoint6 waypoint1)
1.845: (calibrate rover0 camera0 objective1 waypoint7)
1.877: (calibrate rover0 camera0 objective1 waypoint10)
1.958: (navigate rover1 waypoint1 waypoint6)
2.016: (navigate rover0 waypoint10 waypoint9)
0.245: (sample_soil rover0 rover0store waypoint1)
0.669: (sample_rock rover1 rover1store waypoint1)
1.033: (navigate rover1 waypoint1 waypoint2)
1.113: (navigate rover1 waypoint1 waypoint6)
1.113: (navigate rover0 waypoint6 waypoint1)
-0.766: (communicate_soil_data rover0 general waypoint1 waypoint1 waypoint10)
[Final] Expanded: 332, Generated: 5238
Found a solution of length 84!
   1: (navigate rover0 waypoint5 waypoint7)
   2: (calibrate rover0 camera0 objective1 waypoint7)
   3: (calibrate rover1 camera2 objective0 waypoint6)
   4: (take_image rover0 waypoint7 objective2 camera0 low_res)
   5: (sample_soil rover0 rover0store waypoint7)
   6: (take_image rover1 waypoint6 objective0 camera2 high_res)
   7: (calibrate rover0 camera0 objective1 waypoint7)
   8: (take_image rover0 waypoint7 objective1 camera0 colour)
   9: (drop rover0 rover0store)
  10: (sample_rock rover0 rover0store waypoint7)
  11: (navigate rover0 waypoint7 waypoint5)
  12: (communicate_rock_data rover0 general waypoint7 waypoint5 waypoint10)
  13: (drop rover0 rover0store)
  14: (communicate_soil_data rover0 general waypoint7 waypoint5 waypoint10)
  15: (navigate rover0 waypoint5 waypoint8)
  16: (sample_soil rover0 rover0store waypoint8)
  17: (navigate rover1 waypoint6 waypoint13)
  18: (sample_rock rover1 rover1store waypoint13)
  19: (drop rover0 rover0store)
  20: (communicate_rock_data rover1 general waypoint13 waypoint13 waypoint10)
  21: (sample_rock rover0 rover0store waypoint8)
  22: (drop rover1 rover1store)
  23: (drop rover0 rover0store)
  24: (navigate rover1 waypoint13 waypoint6)
  25: (calibrate rover1 camera2 objective0 waypoint6)
  26: (navigate rover1 waypoint6 waypoint1)
  27: (take_image rover1 waypoint1 objective2 camera2 high_res)
  28: (navigate rover0 waypoint8 waypoint5)
  29: (communicate_soil_data rover0 general waypoint8 waypoint5 waypoint10)
  30: (communicate_rock_data rover0 general waypoint8 waypoint5 waypoint10)
  31: (communicate_image_data rover0 general objective2 low_res waypoint5 waypoint10)
  32: (navigate rover0 waypoint5 waypoint10)
  33: (navigate rover0 waypoint10 waypoint9)
  34: (communicate_image_data rover1 general objective2 high_res waypoint1 waypoint10)
  35: (sample_soil rover0 rover0store waypoint9)
  36: (communicate_soil_data rover0 general waypoint9 waypoint9 waypoint10)
  37: (navigate rover0 waypoint9 waypoint10)
  38: (drop rover0 rover0store)
  39: (navigate rover0 waypoint10 waypoint5)
  40: (navigate rover0 waypoint5 waypoint3)
  41: (navigate rover0 waypoint3 waypoint4)
  42: (sample_soil rover0 rover0store waypoint4)
  43: (navigate rover0 waypoint4 waypoint3)
  44: (communicate_soil_data rover0 general waypoint4 waypoint3 waypoint10)
  45: (drop rover0 rover0store)
  46: (sample_rock rover0 rover0store waypoint3)
  47: (navigate rover0 waypoint3 waypoint12)
  48: (communicate_rock_data rover0 general waypoint3 waypoint12 waypoint10)
  49: (drop rover0 rover0store)
  50: (sample_soil rover0 rover0store waypoint12)
  51: (communicate_soil_data rover0 general waypoint12 waypoint12 waypoint10)
  52: (navigate rover0 waypoint12 waypoint3)
  53: (drop rover0 rover0store)
  54: (navigate rover0 waypoint3 waypoint11)
  55: (sample_rock rover0 rover0store waypoint11)
  56: (navigate rover0 waypoint11 waypoint3)
  57: (communicate_rock_data rover0 general waypoint11 waypoint3 waypoint10)
  58: (drop rover0 rover0store)
  59: (calibrate rover0 camera0 objective1 waypoint3)
  60: (communicate_image_data rover0 general objective1 colour waypoint3 waypoint10)
  61: (take_image rover0 waypoint3 objective1 camera0 high_res)
  62: (communicate_image_data rover1 general objective0 high_res waypoint1 waypoint10)
  63: (communicate_image_data rover0 general objective1 high_res waypoint3 waypoint10)
  64: (calibrate rover0 camera0 objective1 waypoint3)
  65: (navigate rover0 waypoint3 waypoint12)
  66: (take_image rover0 waypoint12 objective2 camera0 colour)
  67: (calibrate rover0 camera0 objective1 waypoint12)
  68: (take_image rover0 waypoint12 objective2 camera0 high_res)
  69: (calibrate rover0 camera0 objective1 waypoint12)
  70: (navigate rover0 waypoint12 waypoint3)
  71: (navigate rover0 waypoint3 waypoint14)
  72: (communicate_image_data rover0 general objective2 colour waypoint14 waypoint10)
  73: (take_image rover0 waypoint14 objective1 camera0 low_res)
  74: (calibrate rover0 camera0 objective1 waypoint14)
  75: (communicate_image_data rover0 general objective1 low_res waypoint14 waypoint10)
  76: (navigate rover0 waypoint14 waypoint3)
  77: (navigate rover0 waypoint3 waypoint12)
  78: (take_image rover0 waypoint12 objective2 camera0 high_res)
  79: (navigate rover0 waypoint12 waypoint3)
  80: (navigate rover0 waypoint3 waypoint5)
  81: (navigate rover0 waypoint5 waypoint6)
  82: (navigate rover0 waypoint6 waypoint1)
  83: (sample_soil rover0 rover0store waypoint1)
  84: (communicate_soil_data rover0 general waypoint1 waypoint1 waypoint10)
