/u/ibrahim.eisawy/Neural-Guided-Search/venv/lib/python3.10/site-packages/pymimir_rgnn/model.py:151: UserWarning: index_reduce() is in beta and the API may change at any time. (Triggered internally at /pytorch/aten/src/ATen/native/cuda/Indexing.cu:1541.)
  max_msg.index_reduce_(0, output_indices, output_messages, reduce='amax', include_self=True)
Torch: 2.12.0+cu130
Using GPU:  NVIDIA L40S
56.340: (calibrate rover0 camera4 objective4 waypoint20)
56.651: (navigate rover1 waypoint22 waypoint30)
56.684: (navigate rover2 waypoint39 waypoint24)
56.930: (navigate rover0 waypoint20 waypoint37)
57.046: (navigate rover2 waypoint39 waypoint38)
54.903: (calibrate rover1 camera3 objective0 waypoint30)
55.659: (calibrate rover0 camera4 objective4 waypoint20)
55.659: (navigate rover1 waypoint22 waypoint30)
55.696: (navigate rover2 waypoint39 waypoint24)
55.697: (calibrate rover0 camera4 objective4 waypoint20)
54.054: (sample_rock rover1 rover1store waypoint30)
54.124: (navigate rover2 waypoint39 waypoint24)
54.379: (calibrate rover0 camera4 objective4 waypoint20)
54.379: (calibrate rover1 camera3 objective0 waypoint30)
54.435: (navigate rover0 waypoint20 waypoint37)
52.785: (navigate rover1 waypoint30 waypoint26)
52.786: (communicate_rock_data rover1 general waypoint30 waypoint30 waypoint26)
53.267: (drop rover1 rover1store)
53.508: (sample_rock rover1 rover1store waypoint30)
53.508: (navigate rover2 waypoint39 waypoint24)
51.547: (navigate rover1 waypoint30 waypoint26)
51.749: (navigate rover1 waypoint30 waypoint26)
51.750: (drop rover1 rover1store)
52.017: (drop rover1 rover1store)
52.018: (communicate_rock_data rover1 general waypoint30 waypoint30 waypoint26)
50.949: (navigate rover2 waypoint39 waypoint24)
50.961: (drop rover1 rover1store)
50.963: (navigate rover1 waypoint30 waypoint26)
51.056: (calibrate rover0 camera4 objective4 waypoint20)
51.089: (navigate rover2 waypoint39 waypoint38)
50.346: (drop rover1 rover1store)
50.346: (navigate rover2 waypoint39 waypoint24)
50.355: (navigate rover0 waypoint20 waypoint37)
50.409: (navigate rover2 waypoint39 waypoint38)
50.410: (drop rover1 rover1store)
49.705: (navigate rover0 waypoint20 waypoint37)
49.705: (drop rover1 rover1store)
49.785: (navigate rover2 waypoint38 waypoint29)
49.841: (calibrate rover0 camera4 objective4 waypoint20)
49.843: (navigate rover0 waypoint20 waypoint37)
49.039: (navigate rover0 waypoint20 waypoint37)
49.040: (navigate rover2 waypoint38 waypoint29)
49.092: (sample_soil rover2 rover2store waypoint29)
49.174: (navigate rover0 waypoint20 waypoint37)
49.281: (calibrate rover0 camera4 objective4 waypoint20)
47.767: (drop rover2 rover2store)
48.071: (navigate rover2 waypoint29 waypoint38)
48.485: (sample_soil rover2 rover2store waypoint29)
48.486: (navigate rover0 waypoint20 waypoint37)
48.524: (navigate rover0 waypoint20 waypoint37)
46.881: (drop rover2 rover2store)
46.881: (navigate rover2 waypoint29 waypoint38)
47.108: (communicate_soil_data rover2 general waypoint29 waypoint38 waypoint26)
47.165: (drop rover2 rover2store)
47.166: (navigate rover0 waypoint20 waypoint37)
45.920: (drop rover2 rover2store)
45.921: (communicate_soil_data rover2 general waypoint29 waypoint38 waypoint26)
46.371: (calibrate rover0 camera4 objective4 waypoint20)
46.408: (navigate rover2 waypoint29 waypoint38)
46.409: (navigate rover0 waypoint20 waypoint37)
45.400: (communicate_soil_data rover2 general waypoint29 waypoint38 waypoint26)
45.401: (navigate rover0 waypoint20 waypoint37)
45.411: (calibrate rover0 camera4 objective4 waypoint20)
45.412: (communicate_soil_data rover2 general waypoint29 waypoint38 waypoint26)
45.882: (take_image rover0 waypoint20 objective4 camera4 low_res)
44.889: (navigate rover0 waypoint20 waypoint37)
44.893: (communicate_soil_data rover2 general waypoint29 waypoint38 waypoint26)
44.893: (take_image rover0 waypoint20 objective4 camera4 low_res)
45.280: (sample_rock rover0 rover0store waypoint37)
45.327: (navigate rover0 waypoint20 waypoint37)
43.690: (communicate_rock_data rover0 general waypoint37 waypoint37 waypoint26)
44.132: (drop rover0 rover0store)
44.297: (take_image rover0 waypoint37 objective1 camera4 low_res)
44.306: (navigate rover0 waypoint20 waypoint37)
44.307: (communicate_soil_data rover2 general waypoint29 waypoint38 waypoint26)
42.504: (communicate_rock_data rover0 general waypoint37 waypoint37 waypoint26)
42.505: (drop rover0 rover0store)
42.622: (communicate_image_data rover0 general objective1 low_res waypoint37 waypoint26)
43.293: (navigate rover0 waypoint37 waypoint17)
43.534: (navigate rover0 waypoint37 waypoint17)
42.112: (navigate rover0 waypoint37 waypoint17)
42.113: (drop rover0 rover0store)
42.113: (communicate_rock_data rover0 general waypoint37 waypoint17 waypoint26)
42.583: (sample_rock rover2 rover2store waypoint38)
42.692: (sample_rock rover2 rover2store waypoint38)
41.107: (communicate_rock_data rover2 general waypoint38 waypoint38 waypoint26)
41.142: (communicate_rock_data rover2 general waypoint38 waypoint38 waypoint26)
41.308: (drop rover2 rover2store)
41.430: (drop rover2 rover2store)
41.554: (calibrate rover0 camera0 objective5 waypoint17)
39.859: (drop rover2 rover2store)
39.860: (communicate_rock_data rover2 general waypoint38 waypoint38 waypoint26)
39.897: (communicate_rock_data rover2 general waypoint38 waypoint38 waypoint26)
39.898: (drop rover2 rover2store)
40.607: (navigate rover0 waypoint37 waypoint17)
39.341: (navigate rover0 waypoint37 waypoint17)
39.342: (drop rover2 rover2store)
39.571: (navigate rover2 waypoint38 waypoint39)
39.602: (navigate rover2 waypoint38 waypoint39)
39.674: (navigate rover2 waypoint38 waypoint29)
38.783: (navigate rover2 waypoint39 waypoint8)
38.790: (calibrate rover0 camera0 objective5 waypoint17)
38.796: (navigate rover2 waypoint39 waypoint24)
38.816: (calibrate rover0 camera2 objective3 waypoint17)
38.853: (navigate rover2 waypoint39 waypoint24)
38.273: (navigate rover0 waypoint37 waypoint17)
38.317: (sample_soil rover2 rover2store waypoint24)
38.325: (take_image rover0 waypoint17 objective5 camera0 low_res)
38.327: (take_image rover0 waypoint17 objective5 camera2 low_res)
38.328: (take_image rover0 waypoint17 objective3 camera0 low_res)
36.817: (navigate rover2 waypoint24 waypoint11)
37.116: (drop rover2 rover2store)
37.533: (communicate_image_data rover0 general objective5 low_res waypoint17 waypoint26)
37.552: (communicate_image_data rover0 general objective3 low_res waypoint17 waypoint26)
37.721: (calibrate rover0 camera0 objective5 waypoint17)
35.621: (drop rover2 rover2store)
35.621: (navigate rover2 waypoint24 waypoint11)
36.195: (navigate rover0 waypoint37 waypoint17)
36.517: (navigate rover2 waypoint24 waypoint1)
36.602: (navigate rover0 waypoint37 waypoint17)
35.027: (navigate rover0 waypoint37 waypoint17)
35.027: (drop rover2 rover2store)
35.028: (navigate rover2 waypoint24 waypoint11)
35.213: (sample_soil rover2 rover2store waypoint11)
35.631: (calibrate rover0 camera0 objective5 waypoint17)
34.039: (drop rover2 rover2store)
34.454: (drop rover2 rover2store)
34.455: (calibrate rover0 camera0 objective5 waypoint17)
34.484: (calibrate rover0 camera2 objective3 waypoint17)
34.588: (navigate rover0 waypoint37 waypoint17)
33.442: (navigate rover0 waypoint37 waypoint17)
33.443: (drop rover2 rover2store)
33.864: (take_image rover0 waypoint17 objective3 camera0 low_res)
33.864: (take_image rover0 waypoint17 objective3 camera2 low_res)
33.928: (take_image rover0 waypoint17 objective5 camera0 low_res)
32.866: (calibrate rover0 camera0 objective5 waypoint17)
32.897: (calibrate rover0 camera2 objective3 waypoint17)
33.224: (communicate_image_data rover0 general objective3 low_res waypoint17 waypoint26)
33.242: (communicate_image_data rover0 general objective5 low_res waypoint17 waypoint26)
33.420: (sample_soil rover2 rover2store waypoint11)
32.293: (take_image rover0 waypoint17 objective3 camera2 low_res)
32.294: (take_image rover0 waypoint17 objective3 camera0 low_res)
32.295: (drop rover2 rover2store)
32.344: (take_image rover0 waypoint17 objective5 camera2 low_res)
32.345: (take_image rover0 waypoint17 objective5 camera0 low_res)
31.655: (communicate_image_data rover0 general objective3 low_res waypoint17 waypoint26)
31.667: (communicate_image_data rover0 general objective5 low_res waypoint17 waypoint26)
31.922: (calibrate rover0 camera0 objective5 waypoint17)
31.943: (calibrate rover0 camera2 objective3 waypoint17)
31.988: (calibrate rover0 camera2 objective3 waypoint17)
30.824: (take_image rover1 waypoint26 objective0 camera3 high_res)
30.851: (take_image rover1 waypoint26 objective0 camera3 high_res)
30.920: (take_image rover1 waypoint26 objective0 camera3 high_res)
30.995: (take_image rover0 waypoint17 objective1 camera2 low_res)
31.006: (take_image rover0 waypoint17 objective1 camera2 low_res)
29.741: (communicate_image_data rover0 general objective1 low_res waypoint17 waypoint26)
29.743: (communicate_image_data rover0 general objective1 low_res waypoint17 waypoint26)
29.971: (calibrate rover1 camera3 objective0 waypoint26)
30.015: (calibrate rover1 camera3 objective0 waypoint26)
30.054: (communicate_image_data rover0 general objective5 low_res waypoint17 waypoint26)
29.052: (take_image rover0 waypoint17 objective1 camera2 low_res)
29.053: (take_image rover0 waypoint17 objective1 camera0 low_res)
29.144: (take_image rover1 waypoint26 objective0 camera3 high_res)
29.270: (take_image rover1 waypoint26 objective0 camera3 high_res)
29.482: (calibrate rover0 camera2 objective3 waypoint17)
28.410: (calibrate rover1 camera3 objective0 waypoint26)
28.410: (communicate_image_data rover0 general objective1 low_res waypoint17 waypoint26)
28.530: (calibrate rover1 camera3 objective0 waypoint26)
28.603: (communicate_image_data rover0 general objective3 low_res waypoint17 waypoint26)
28.865: (calibrate rover0 camera0 objective5 waypoint17)
28.162: (navigate rover1 waypoint26 waypoint30)
28.241: (navigate rover1 waypoint26 waypoint30)
28.411: (calibrate rover1 camera3 objective0 waypoint26)
28.412: (calibrate rover0 camera0 objective5 waypoint17)
28.419: (calibrate rover0 camera2 objective3 waypoint17)
27.444: (navigate rover1 waypoint30 waypoint22)
27.524: (navigate rover1 waypoint30 waypoint22)
28.014: (take_image rover0 waypoint17 objective5 camera2 low_res)
28.015: (take_image rover0 waypoint17 objective5 camera0 low_res)
28.153: (calibrate rover0 camera0 objective5 waypoint17)
26.826: (navigate rover1 waypoint22 waypoint27)
26.887: (navigate rover1 waypoint22 waypoint27)
27.189: (navigate rover1 waypoint22 waypoint34)
27.218: (navigate rover1 waypoint22 waypoint19)
27.227: (navigate rover1 waypoint22 waypoint19)
26.056: (sample_rock rover1 rover1store waypoint27)
26.133: (sample_rock rover1 rover1store waypoint27)
26.609: (navigate rover1 waypoint19 waypoint2)
26.672: (navigate rover1 waypoint19 waypoint2)
26.682: (navigate rover1 waypoint27 waypoint7)
24.646: (navigate rover1 waypoint27 waypoint7)
24.684: (navigate rover1 waypoint27 waypoint7)
24.996: (drop rover1 rover1store)
25.064: (drop rover1 rover1store)
25.528: (navigate rover1 waypoint27 waypoint22)
23.506: (drop rover1 rover1store)
23.506: (navigate rover1 waypoint27 waypoint7)
23.542: (navigate rover1 waypoint27 waypoint7)
23.543: (drop rover1 rover1store)
24.484: (navigate rover1 waypoint27 waypoint35)
22.828: (sample_rock rover1 rover1store waypoint7)
22.870: (sample_rock rover1 rover1store waypoint7)
23.290: (navigate rover1 waypoint35 waypoint21)
23.484: (communicate_rock_data rover1 general waypoint27 waypoint35 waypoint26)
23.506: (calibrate rover0 camera0 objective5 waypoint17)
21.931: (drop rover1 rover1store)
21.963: (drop rover1 rover1store)
22.230: (navigate rover1 waypoint35 waypoint21)
22.824: (calibrate rover0 camera0 objective5 waypoint17)
22.825: (sample_rock rover1 rover1store waypoint7)
21.713: (sample_rock rover1 rover1store waypoint21)
21.927: (drop rover1 rover1store)
21.929: (calibrate rover0 camera0 objective5 waypoint17)
21.938: (calibrate rover0 camera2 objective3 waypoint17)
21.938: (calibrate rover0 camera2 objective3 waypoint17)
20.781: (drop rover1 rover1store)
21.516: (take_image rover0 waypoint17 objective5 camera2 low_res)
21.516: (take_image rover0 waypoint17 objective3 camera2 low_res)
21.516: (take_image rover0 waypoint17 objective5 camera0 low_res)
21.705: (calibrate rover0 camera0 objective5 waypoint17)
20.774: (drop rover1 rover1store)
20.775: (calibrate rover0 camera0 objective5 waypoint17)
20.783: (calibrate rover0 camera2 objective3 waypoint17)
21.047: (take_image rover1 waypoint21 objective4 camera3 low_res)
21.069: (communicate_image_data rover0 general objective3 low_res waypoint17 waypoint26)
20.266: (calibrate rover1 camera3 objective0 waypoint21)
20.357: (take_image rover0 waypoint17 objective5 camera2 low_res)
20.358: (take_image rover0 waypoint17 objective5 camera0 low_res)
20.565: (take_image rover1 waypoint21 objective4 camera3 high_res)
20.583: (take_image rover1 waypoint21 objective4 camera3 high_res)
19.947: (take_image rover0 waypoint17 objective5 camera0 low_res)
19.947: (take_image rover1 waypoint21 objective4 camera3 high_res)
19.948: (take_image rover0 waypoint17 objective5 camera2 low_res)
19.951: (take_image rover1 waypoint21 objective4 camera3 low_res)
20.258: (calibrate rover0 camera0 objective5 waypoint17)
19.792: (calibrate rover1 camera3 objective0 waypoint21)
19.794: (take_image rover0 waypoint17 objective5 camera0 low_res)
19.796: (calibrate rover1 camera3 objective0 waypoint21)
19.891: (calibrate rover0 camera2 objective3 waypoint17)
19.892: (calibrate rover0 camera0 objective5 waypoint17)
19.792: (calibrate rover1 camera3 objective0 waypoint21)
19.793: (calibrate rover0 camera0 objective5 waypoint17)
19.793: (calibrate rover1 camera3 objective0 waypoint21)
19.794: (calibrate rover0 camera2 objective3 waypoint17)
19.796: (calibrate rover0 camera2 objective3 waypoint17)
19.792: (take_image rover0 waypoint17 objective5 camera2 colour)
19.792: (take_image rover0 waypoint17 objective3 camera2 colour)
19.795: (take_image rover0 waypoint17 objective1 camera2 colour)
19.797: (take_image rover0 waypoint17 objective5 camera2 colour)
19.797: (take_image rover0 waypoint17 objective3 camera2 colour)
19.786: (calibrate rover0 camera2 objective3 waypoint17)
19.786: (calibrate rover0 camera2 objective3 waypoint17)
19.787: (communicate_image_data rover0 general objective1 colour waypoint17 waypoint26)
19.791: (calibrate rover0 camera2 objective3 waypoint17)
19.791: (calibrate rover0 camera2 objective3 waypoint17)
19.787: (calibrate rover0 camera0 objective5 waypoint17)
19.788: (calibrate rover0 camera2 objective3 waypoint17)
19.790: (communicate_image_data rover0 general objective5 colour waypoint17 waypoint26)
19.790: (communicate_image_data rover0 general objective3 colour waypoint17 waypoint26)
19.792: (communicate_image_data rover0 general objective3 colour waypoint17 waypoint26)
19.793: (take_image rover0 waypoint17 objective3 camera2 colour)
19.793: (take_image rover0 waypoint17 objective5 camera2 colour)
19.804: (take_image rover0 waypoint17 objective3 camera2 colour)
19.805: (take_image rover0 waypoint17 objective1 camera2 low_res)
19.805: (take_image rover0 waypoint17 objective5 camera2 low_res)
19.785: (calibrate rover0 camera2 objective3 waypoint17)
19.785: (calibrate rover0 camera2 objective3 waypoint17)
19.789: (calibrate rover0 camera2 objective3 waypoint17)
19.792: (calibrate rover0 camera0 objective5 waypoint17)
19.793: (calibrate rover0 camera0 objective5 waypoint17)
19.786: (communicate_image_data rover0 general objective3 colour waypoint17 waypoint26)
19.787: (communicate_image_data rover0 general objective5 colour waypoint17 waypoint26)
19.790: (communicate_image_data rover0 general objective3 colour waypoint17 waypoint26)
19.793: (take_image rover0 waypoint17 objective5 camera2 colour)
19.793: (take_image rover0 waypoint17 objective3 camera2 colour)
19.787: (calibrate rover0 camera2 objective3 waypoint17)
19.793: (calibrate rover0 camera0 objective5 waypoint17)
19.802: (take_image rover0 waypoint17 objective3 camera2 low_res)
19.802: (take_image rover0 waypoint17 objective5 camera2 low_res)
19.803: (take_image rover0 waypoint17 objective1 camera2 low_res)
19.787: (communicate_image_data rover0 general objective3 colour waypoint17 waypoint26)
19.787: (communicate_image_data rover0 general objective5 colour waypoint17 waypoint26)
19.804: (communicate_image_data rover0 general objective3 colour waypoint17 waypoint26)
19.804: (communicate_image_data rover0 general objective5 colour waypoint17 waypoint26)
19.805: (calibrate rover0 camera0 objective5 waypoint17)
19.784: (communicate_image_data rover0 general objective5 colour waypoint17 waypoint26)
19.785: (communicate_image_data rover0 general objective3 colour waypoint17 waypoint26)
19.804: (take_image rover0 waypoint17 objective5 camera0 low_res)
19.805: (take_image rover0 waypoint17 objective3 camera0 low_res)
19.805: (take_image rover0 waypoint17 objective1 camera2 low_res)
19.802: (communicate_image_data rover0 general objective3 colour waypoint17 waypoint26)
19.802: (communicate_image_data rover0 general objective5 colour waypoint17 waypoint26)
19.802: (take_image rover0 waypoint17 objective1 camera2 colour)
19.802: (take_image rover0 waypoint17 objective1 camera2 low_res)
19.802: (take_image rover0 waypoint17 objective3 camera2 colour)
19.803: (calibrate rover0 camera0 objective5 waypoint17)
19.950: (take_image rover1 waypoint21 objective4 camera3 low_res)
19.954: (take_image rover1 waypoint21 objective0 camera3 low_res)
19.962: (take_image rover1 waypoint21 objective4 camera3 high_res)
19.962: (take_image rover1 waypoint21 objective0 camera3 high_res)
19.800: (calibrate rover1 camera3 objective0 waypoint21)
19.805: (calibrate rover1 camera3 objective0 waypoint21)
19.813: (calibrate rover0 camera2 objective3 waypoint17)
19.881: (calibrate rover0 camera2 objective3 waypoint17)
19.886: (take_image rover1 waypoint21 objective2 camera3 low_res)
19.781: (calibrate rover0 camera2 objective3 waypoint17)
19.784: (calibrate rover1 camera3 objective0 waypoint21)
19.787: (calibrate rover0 camera2 objective3 waypoint17)
19.811: (calibrate rover0 camera0 objective5 waypoint17)
19.817: (calibrate rover0 camera0 objective5 waypoint17)
19.786: (take_image rover0 waypoint17 objective1 camera0 low_res)
19.786: (take_image rover0 waypoint17 objective3 camera0 low_res)
19.786: (take_image rover0 waypoint17 objective5 camera0 low_res)
19.796: (calibrate rover0 camera2 objective3 waypoint17)
19.820: (calibrate rover0 camera0 objective5 waypoint17)
19.768: (calibrate rover0 camera2 objective3 waypoint17)
19.768: (take_image rover0 waypoint17 objective5 camera0 low_res)
19.768: (take_image rover0 waypoint17 objective3 camera0 low_res)
19.768: (take_image rover0 waypoint17 objective1 camera0 low_res)
19.884: (take_image rover1 waypoint21 objective1 camera3 low_res)
19.790: (calibrate rover1 camera3 objective0 waypoint21)
19.856: (take_image rover0 waypoint17 objective3 camera0 low_res)
19.856: (take_image rover0 waypoint17 objective1 camera0 low_res)
19.856: (take_image rover0 waypoint17 objective5 camera0 low_res)
19.857: (take_image rover1 waypoint21 objective1 camera3 low_res)
19.763: (calibrate rover1 camera3 objective0 waypoint21)
19.763: (take_image rover0 waypoint17 objective3 camera0 low_res)
19.763: (take_image rover0 waypoint17 objective1 camera0 low_res)
19.763: (take_image rover0 waypoint17 objective5 camera0 low_res)
19.781: (take_image rover0 waypoint17 objective5 camera2 low_res)
19.779: (take_image rover0 waypoint17 objective1 camera0 low_res)
19.780: (take_image rover0 waypoint17 objective3 camera0 low_res)
19.780: (take_image rover0 waypoint17 objective5 camera0 low_res)
19.780: (take_image rover0 waypoint17 objective5 camera2 colour)
19.780: (take_image rover0 waypoint17 objective1 camera2 colour)
19.943: (take_image rover1 waypoint21 objective4 camera3 low_res)
19.948: (take_image rover1 waypoint21 objective0 camera3 low_res)
19.958: (take_image rover1 waypoint21 objective4 camera3 high_res)
19.959: (take_image rover1 waypoint21 objective0 camera3 high_res)
19.959: (take_image rover1 waypoint21 objective1 camera3 low_res)
19.774: (calibrate rover1 camera3 objective0 waypoint21)
19.780: (calibrate rover1 camera3 objective0 waypoint21)
19.867: (calibrate rover0 camera2 objective3 waypoint17)
19.874: (calibrate rover0 camera2 objective3 waypoint17)
19.876: (calibrate rover0 camera0 objective5 waypoint17)
19.757: (calibrate rover0 camera2 objective3 waypoint17)
19.758: (calibrate rover1 camera3 objective0 waypoint21)
19.762: (calibrate rover0 camera2 objective3 waypoint17)
19.767: (calibrate rover1 camera3 objective0 waypoint21)
19.786: (calibrate rover0 camera0 objective5 waypoint17)
19.794: (calibrate rover0 camera2 objective3 waypoint17)
19.795: (calibrate rover0 camera0 objective5 waypoint17)
19.800: (calibrate rover0 camera0 objective5 waypoint17)
19.864: (take_image rover1 waypoint21 objective4 camera3 low_res)
19.864: (take_image rover1 waypoint21 objective0 camera3 low_res)
19.760: (calibrate rover1 camera3 objective0 waypoint21)
19.790: (take_image rover0 waypoint17 objective3 camera2 colour)
19.790: (take_image rover0 waypoint17 objective1 camera2 colour)
19.791: (take_image rover0 waypoint17 objective5 camera2 low_res)
19.791: (take_image rover0 waypoint17 objective3 camera2 low_res)
19.776: (take_image rover0 waypoint17 objective1 camera2 colour)
19.776: (take_image rover0 waypoint17 objective3 camera2 colour)
19.776: (take_image rover0 waypoint17 objective1 camera2 low_res)
19.776: (take_image rover0 waypoint17 objective5 camera2 colour)
19.776: (take_image rover0 waypoint17 objective3 camera2 low_res)
19.787: (calibrate rover0 camera0 objective5 waypoint17)
19.943: (take_image rover1 waypoint21 objective4 camera3 low_res)
19.943: (take_image rover1 waypoint21 objective2 camera3 low_res)
19.943: (take_image rover1 waypoint21 objective1 camera3 low_res)
19.943: (take_image rover1 waypoint21 objective4 camera3 high_res)
19.796: (calibrate rover0 camera2 objective3 waypoint17)
19.896: (calibrate rover0 camera0 objective5 waypoint17)
19.897: (take_image rover1 waypoint21 objective4 camera3 high_res)
19.897: (take_image rover1 waypoint21 objective4 camera3 low_res)
19.897: (take_image rover1 waypoint21 objective1 camera3 low_res)
19.902: (calibrate rover0 camera2 objective3 waypoint17)
19.905: (take_image rover1 waypoint21 objective2 camera3 low_res)
19.905: (take_image rover1 waypoint21 objective4 camera3 low_res)
19.905: (take_image rover1 waypoint21 objective4 camera3 high_res)
19.905: (take_image rover1 waypoint21 objective0 camera3 high_res)
20.231: (navigate rover0 waypoint17 waypoint37)
20.268: (navigate rover2 waypoint11 waypoint24)
20.407: (navigate rover1 waypoint21 waypoint35)
20.504: (communicate_image_data rover0 general objective3 low_res waypoint17 waypoint26)
20.607: (communicate_image_data rover0 general objective5 low_res waypoint17 waypoint26)
19.426: (communicate_rock_data rover1 general waypoint21 waypoint35 waypoint26)
19.912: (navigate rover2 waypoint24 waypoint1)
19.927: (navigate rover2 waypoint24 waypoint14)
20.043: (navigate rover1 waypoint35 waypoint27)
20.127: (calibrate rover1 camera3 objective0 waypoint21)
18.776: (navigate rover1 waypoint27 waypoint7)
18.939: (navigate rover1 waypoint35 waypoint21)
19.105: (navigate rover1 waypoint35 waypoint27)
19.280: (communicate_image_data rover1 general objective0 high_res waypoint35 waypoint26)
19.385: (take_image rover0 waypoint17 objective3 camera0 low_res)
17.803: (sample_rock rover1 rover1store waypoint7)
17.870: (navigate rover1 waypoint27 waypoint7)
18.737: (take_image rover0 waypoint17 objective5 camera0 low_res)
18.737: (take_image rover0 waypoint17 objective1 camera0 low_res)
18.737: (take_image rover0 waypoint17 objective3 camera0 low_res)
16.812: (sample_rock rover1 rover1store waypoint7)
16.897: (drop rover1 rover1store)
17.766: (sample_rock rover1 rover1store waypoint7)
17.766: (take_image rover0 waypoint17 objective5 camera0 low_res)
17.766: (take_image rover0 waypoint17 objective3 camera0 low_res)
15.879: (drop rover1 rover1store)
16.774: (take_image rover0 waypoint17 objective5 camera0 low_res)
16.774: (take_image rover0 waypoint17 objective3 camera0 low_res)
16.774: (take_image rover0 waypoint17 objective1 camera0 low_res)
16.806: (take_image rover0 waypoint17 objective5 camera2 low_res)
15.837: (take_image rover0 waypoint17 objective3 camera0 low_res)
15.837: (drop rover1 rover1store)
15.837: (take_image rover0 waypoint17 objective1 camera0 low_res)
15.837: (take_image rover0 waypoint17 objective5 camera0 low_res)
15.871: (take_image rover0 waypoint17 objective5 camera2 low_res)
15.912: (take_image rover0 waypoint17 objective5 camera0 low_res)
15.912: (take_image rover0 waypoint17 objective1 camera2 low_res)
15.912: (take_image rover0 waypoint17 objective3 camera0 low_res)
15.912: (take_image rover0 waypoint17 objective1 camera0 low_res)
15.912: (take_image rover0 waypoint17 objective5 camera2 colour)
16.061: (navigate rover0 waypoint17 waypoint37)
16.286: (navigate rover1 waypoint7 waypoint27)
16.352: (navigate rover2 waypoint11 waypoint24)
16.825: (communicate_image_data rover0 general objective3 low_res waypoint17 waypoint26)
16.863: (communicate_image_data rover0 general objective5 low_res waypoint17 waypoint26)
15.684: (navigate rover1 waypoint27 waypoint22)
15.912: (navigate rover2 waypoint24 waypoint14)
15.957: (navigate rover1 waypoint27 waypoint5)
16.014: (navigate rover2 waypoint24 waypoint1)
16.091: (navigate rover1 waypoint27 waypoint15)
14.637: (communicate_rock_data rover1 general waypoint7 waypoint22 waypoint26)
15.066: (navigate rover1 waypoint22 waypoint34)
15.225: (navigate rover1 waypoint22 waypoint19)
15.508: (communicate_image_data rover1 general objective0 high_res waypoint22 waypoint26)
15.595: (calibrate rover0 camera2 objective3 waypoint17)
13.938: (navigate rover1 waypoint22 waypoint34)
13.938: (communicate_rock_data rover1 general waypoint7 waypoint34 waypoint26)
14.132: (navigate rover1 waypoint22 waypoint19)
14.244: (navigate rover1 waypoint19 waypoint2)
14.447: (communicate_rock_data rover1 general waypoint7 waypoint22 waypoint26)
13.196: (navigate rover1 waypoint19 waypoint2)
13.735: (communicate_image_data rover1 general objective0 high_res waypoint34 waypoint26)
13.737: (navigate rover1 waypoint22 waypoint34)
13.747: (calibrate rover1 camera3 objective0 waypoint34)
13.840: (calibrate rover0 camera2 objective3 waypoint17)
12.944: (sample_rock rover1 rover1store waypoint2)
13.050: (calibrate rover1 camera3 objective0 waypoint2)
13.110: (calibrate rover0 camera2 objective3 waypoint17)
13.146: (calibrate rover0 camera0 objective5 waypoint17)
13.602: (communicate_image_data rover1 general objective0 high_res waypoint34 waypoint26)
12.030: (drop rover1 rover1store)
12.755: (calibrate rover1 camera3 objective0 waypoint2)
12.755: (sample_rock rover1 rover1store waypoint2)
12.859: (sample_rock rover1 rover1store waypoint2)
12.861: (calibrate rover0 camera2 objective3 waypoint17)
11.868: (calibrate rover1 camera3 objective0 waypoint2)
11.868: (drop rover1 rover1store)
11.956: (calibrate rover0 camera2 objective3 waypoint17)
11.957: (drop rover1 rover1store)
11.991: (calibrate rover0 camera0 objective5 waypoint17)
11.846: (calibrate rover1 camera3 objective0 waypoint2)
11.847: (calibrate rover0 camera2 objective3 waypoint17)
11.876: (calibrate rover1 camera3 objective0 waypoint2)
11.877: (calibrate rover0 camera0 objective5 waypoint17)
11.998: (calibrate rover0 camera0 objective5 waypoint17)
11.886: (calibrate rover0 camera2 objective3 waypoint17)
11.887: (calibrate rover0 camera0 objective5 waypoint17)
11.887: (calibrate rover1 camera3 objective0 waypoint2)
11.933: (take_image rover1 waypoint2 objective3 camera3 low_res)
11.936: (take_image rover1 waypoint2 objective3 camera3 high_res)
11.820: (calibrate rover1 camera3 objective0 waypoint2)
11.829: (calibrate rover1 camera3 objective0 waypoint2)
11.972: (take_image rover1 waypoint2 objective5 camera3 low_res)
11.972: (calibrate rover0 camera0 objective5 waypoint17)
11.972: (take_image rover1 waypoint2 objective3 camera3 low_res)
11.840: (take_image rover0 waypoint17 objective3 camera2 low_res)
11.840: (take_image rover0 waypoint17 objective5 camera2 low_res)
11.840: (take_image rover0 waypoint17 objective1 camera2 low_res)
11.841: (take_image rover0 waypoint17 objective5 camera2 colour)
11.841: (take_image rover0 waypoint17 objective1 camera2 colour)
11.847: (calibrate rover0 camera0 objective5 waypoint17)
11.968: (take_image rover1 waypoint2 objective5 camera3 high_res)
11.978: (take_image rover1 waypoint2 objective5 camera3 low_res)
11.992: (navigate rover1 waypoint2 waypoint19)
11.999: (take_image rover1 waypoint2 objective3 camera3 low_res)
11.735: (navigate rover1 waypoint19 waypoint22)
11.814: (calibrate rover1 camera3 objective0 waypoint2)
11.822: (calibrate rover1 camera3 objective0 waypoint2)
11.841: (calibrate rover1 camera3 objective0 waypoint2)
11.856: (calibrate rover0 camera2 objective3 waypoint17)
10.884: (communicate_rock_data rover1 general waypoint2 waypoint22 waypoint26)
10.970: (navigate rover1 waypoint22 waypoint34)
11.585: (communicate_image_data rover1 general objective0 high_res waypoint22 waypoint26)
11.600: (navigate rover1 waypoint22 waypoint6)
11.628: (navigate rover1 waypoint22 waypoint28)
10.047: (communicate_rock_data rover1 general waypoint2 waypoint34 waypoint26)
10.048: (navigate rover1 waypoint22 waypoint34)
10.650: (navigate rover1 waypoint22 waypoint28)
10.715: (navigate rover1 waypoint22 waypoint6)
10.732: (navigate rover1 waypoint6 waypoint8)
9.854: (navigate rover1 waypoint6 waypoint8)
9.925: (communicate_image_data rover1 general objective0 high_res waypoint34 waypoint26)
10.027: (calibrate rover0 camera2 objective3 waypoint17)
10.040: (communicate_image_data rover1 general objective2 low_res waypoint34 waypoint26)
10.062: (calibrate rover0 camera0 objective5 waypoint17)
9.279: (sample_rock rover1 rover1store waypoint8)
9.832: (calibrate rover0 camera2 objective3 waypoint17)
9.867: (calibrate rover0 camera0 objective5 waypoint17)
9.907: (communicate_image_data rover1 general objective0 high_res waypoint34 waypoint26)
9.907: (calibrate rover0 camera2 objective3 waypoint17)
8.852: (drop rover1 rover1store)
8.919: (navigate rover1 waypoint8 waypoint1)
9.233: (navigate rover1 waypoint8 waypoint6)
9.248: (sample_rock rover1 rover1store waypoint8)
9.248: (calibrate rover0 camera2 objective3 waypoint17)
8.486: (navigate rover1 waypoint8 waypoint1)
8.487: (drop rover1 rover1store)
8.782: (drop rover1 rover1store)
8.783: (navigate rover1 waypoint8 waypoint6)
8.822: (calibrate rover0 camera2 objective3 waypoint17)
8.454: (calibrate rover0 camera2 objective3 waypoint17)
8.457: (navigate rover1 waypoint8 waypoint1)
8.486: (calibrate rover0 camera0 objective5 waypoint17)
8.613: (navigate rover0 waypoint17 waypoint37)
8.652: (take_image rover1 waypoint1 objective0 camera3 high_res)
8.494: (calibrate rover0 camera0 objective5 waypoint17)
8.494: (calibrate rover0 camera2 objective3 waypoint17)
8.579: (navigate rover0 waypoint17 waypoint37)
8.591: (take_image rover1 waypoint1 objective0 camera3 high_res)
8.591: (take_image rover1 waypoint1 objective1 camera3 low_res)
8.610: (navigate rover0 waypoint17 waypoint37)
8.627: (calibrate rover0 camera0 objective5 waypoint17)
8.627: (take_image rover1 waypoint1 objective1 camera3 low_res)
8.627: (take_image rover1 waypoint1 objective0 camera3 high_res)
8.628: (take_image rover1 waypoint1 objective0 camera3 low_res)
8.605: (take_image rover0 waypoint37 objective1 camera2 colour)
8.605: (take_image rover0 waypoint37 objective1 camera2 low_res)
8.621: (take_image rover0 waypoint17 objective3 camera2 colour)
8.622: (take_image rover0 waypoint17 objective1 camera2 colour)
8.623: (take_image rover0 waypoint17 objective5 camera2 colour)
8.741: (take_image rover1 waypoint1 objective0 camera3 high_res)
8.742: (take_image rover1 waypoint1 objective0 camera3 low_res)
8.742: (take_image rover1 waypoint1 objective1 camera3 low_res)
8.742: (navigate rover0 waypoint17 waypoint37)
8.754: (take_image rover1 waypoint1 objective1 camera3 high_res)
8.616: (calibrate rover1 camera3 objective0 waypoint1)
8.637: (navigate rover0 waypoint37 waypoint17)
8.772: (take_image rover0 waypoint37 objective1 camera0 low_res)
8.779: (take_image rover0 waypoint37 objective1 camera0 low_res)
9.012: (navigate rover1 waypoint1 waypoint8)
8.497: (calibrate rover1 camera3 objective0 waypoint1)
8.497: (navigate rover0 waypoint37 waypoint17)
8.624: (calibrate rover1 camera3 objective0 waypoint1)
8.625: (take_image rover0 waypoint37 objective1 camera0 low_res)
8.642: (calibrate rover0 camera2 objective3 waypoint17)
8.498: (take_image rover0 waypoint17 objective5 camera0 low_res)
8.498: (take_image rover0 waypoint17 objective3 camera0 low_res)
8.498: (take_image rover0 waypoint17 objective1 camera0 low_res)
8.498: (navigate rover0 waypoint37 waypoint17)
8.505: (calibrate rover0 camera2 objective3 waypoint17)
8.466: (calibrate rover0 camera2 objective3 waypoint17)
8.467: (take_image rover0 waypoint17 objective1 camera0 low_res)
8.467: (take_image rover0 waypoint17 objective3 camera0 low_res)
8.468: (take_image rover0 waypoint17 objective5 camera0 low_res)
8.621: (navigate rover0 waypoint17 waypoint37)
8.589: (take_image rover0 waypoint37 objective1 camera0 low_res)
8.590: (navigate rover0 waypoint17 waypoint37)
8.604: (take_image rover1 waypoint1 objective1 camera3 high_res)
8.604: (take_image rover1 waypoint1 objective1 camera3 low_res)
8.604: (take_image rover1 waypoint1 objective0 camera3 high_res)
8.659: (take_image rover0 waypoint17 objective5 camera2 colour)
8.659: (take_image rover0 waypoint17 objective1 camera2 low_res)
8.660: (take_image rover0 waypoint17 objective3 camera2 low_res)
8.660: (take_image rover0 waypoint17 objective3 camera2 colour)
8.660: (take_image rover0 waypoint17 objective1 camera2 colour)
9.033: (navigate rover1 waypoint1 waypoint8)
9.145: (sample_rock rover1 rover1store waypoint1)
9.240: (navigate rover2 waypoint11 waypoint24)
9.487: (communicate_image_data rover0 general objective3 low_res waypoint17 waypoint26)
9.516: (communicate_image_data rover0 general objective5 low_res waypoint17 waypoint26)
8.658: (drop rover1 rover1store)
8.717: (navigate rover2 waypoint24 waypoint1)
8.813: (navigate rover2 waypoint24 waypoint14)
8.953: (calibrate rover1 camera3 objective0 waypoint1)
8.957: (navigate rover1 waypoint8 waypoint6)
8.495: (calibrate rover1 camera3 objective0 waypoint1)
8.590: (calibrate rover1 camera3 objective0 waypoint1)
8.598: (calibrate rover0 camera2 objective3 waypoint17)
8.618: (calibrate rover1 camera3 objective0 waypoint1)
8.632: (calibrate rover0 camera0 objective5 waypoint17)
8.462: (calibrate rover1 camera3 objective0 waypoint1)
8.463: (calibrate rover0 camera2 objective3 waypoint17)
8.492: (calibrate rover1 camera3 objective0 waypoint1)
8.495: (calibrate rover0 camera0 objective5 waypoint17)
8.568: (calibrate rover0 camera2 objective3 waypoint17)
8.502: (calibrate rover0 camera0 objective5 waypoint17)
8.502: (calibrate rover0 camera2 objective3 waypoint17)
8.587: (navigate rover0 waypoint17 waypoint37)
8.604: (calibrate rover0 camera0 objective5 waypoint17)
8.613: (navigate rover0 waypoint17 waypoint37)
8.593: (take_image rover0 waypoint17 objective1 camera2 low_res)
8.593: (take_image rover0 waypoint17 objective5 camera2 colour)
8.593: (take_image rover0 waypoint17 objective3 camera2 colour)
8.594: (take_image rover0 waypoint17 objective5 camera2 low_res)
8.594: (take_image rover0 waypoint17 objective3 camera2 low_res)
8.703: (take_image rover1 waypoint1 objective1 camera3 low_res)
8.703: (take_image rover1 waypoint1 objective1 camera3 high_res)
8.703: (take_image rover1 waypoint1 objective0 camera3 low_res)
8.703: (take_image rover1 waypoint1 objective0 camera3 high_res)
8.729: (navigate rover0 waypoint17 waypoint37)
8.708: (calibrate rover0 camera2 objective3 waypoint17)
8.732: (take_image rover0 waypoint37 objective1 camera0 low_res)
8.836: (navigate rover0 waypoint17 waypoint37)
8.836: (take_image rover1 waypoint1 objective1 camera3 low_res)
8.836: (take_image rover1 waypoint1 objective1 camera3 high_res)
8.673: (take_image rover0 waypoint17 objective5 camera0 low_res)
8.673: (take_image rover0 waypoint17 objective1 camera0 low_res)
8.673: (take_image rover0 waypoint17 objective3 camera0 low_res)
8.839: (navigate rover0 waypoint17 waypoint37)
8.843: (take_image rover0 waypoint37 objective1 camera0 low_res)
8.732: (calibrate rover1 camera3 objective0 waypoint1)
8.807: (take_image rover0 waypoint37 objective1 camera0 low_res)
8.807: (navigate rover0 waypoint17 waypoint37)
9.112: (navigate rover0 waypoint37 waypoint20)
9.116: (navigate rover0 waypoint37 waypoint20)
8.234: (navigate rover0 waypoint20 waypoint33)
8.235: (navigate rover0 waypoint20 waypoint33)
8.280: (navigate rover0 waypoint20 waypoint14)
8.299: (navigate rover0 waypoint20 waypoint14)
8.648: (navigate rover0 waypoint20 waypoint13)
7.316: (navigate rover0 waypoint14 waypoint31)
7.339: (navigate rover0 waypoint14 waypoint31)
8.068: (navigate rover0 waypoint14 waypoint11)
8.084: (navigate rover0 waypoint14 waypoint11)
8.089: (calibrate rover1 camera3 objective0 waypoint1)
7.122: (sample_soil rover0 rover0store waypoint31)
7.137: (sample_soil rover0 rover0store waypoint31)
7.205: (calibrate rover1 camera3 objective0 waypoint1)
7.206: (calibrate rover1 camera3 objective0 waypoint1)
7.279: (calibrate rover0 camera2 objective3 waypoint31)
5.944: (drop rover0 rover0store)
5.961: (drop rover0 rover0store)
6.157: (communicate_soil_data rover0 general waypoint31 waypoint31 waypoint26)
6.162: (communicate_soil_data rover0 general waypoint31 waypoint31 waypoint26)
7.004: (calibrate rover1 camera3 objective0 waypoint1)
4.972: (drop rover0 rover0store)
4.973: (communicate_soil_data rover0 general waypoint31 waypoint31 waypoint26)
4.983: (drop rover0 rover0store)
4.984: (communicate_soil_data rover0 general waypoint31 waypoint31 waypoint26)
5.833: (drop rover0 rover0store)
4.857: (communicate_soil_data rover0 general waypoint31 waypoint31 waypoint26)
4.858: (calibrate rover1 camera3 objective0 waypoint1)
4.864: (calibrate rover1 camera3 objective0 waypoint1)
4.939: (calibrate rover0 camera2 objective3 waypoint31)
4.939: (take_image rover0 waypoint31 objective0 camera0 low_res)
4.832: (take_image rover0 waypoint31 objective1 camera0 low_res)
4.832: (calibrate rover0 camera2 objective3 waypoint31)
4.833: (take_image rover0 waypoint31 objective3 camera0 low_res)
4.833: (calibrate rover1 camera3 objective0 waypoint1)
4.833: (take_image rover0 waypoint31 objective0 camera0 low_res)
4.858: (take_image rover0 waypoint31 objective0 camera2 colour)
4.861: (take_image rover0 waypoint31 objective0 camera2 colour)
4.861: (take_image rover0 waypoint31 objective0 camera2 low_res)
4.861: (take_image rover0 waypoint31 objective1 camera2 low_res)
4.861: (take_image rover0 waypoint31 objective3 camera2 low_res)
4.833: (calibrate rover0 camera2 objective3 waypoint31)
4.833: (calibrate rover0 camera2 objective3 waypoint31)
4.859: (communicate_image_data rover0 general objective0 colour waypoint31 waypoint26)
4.860: (communicate_image_data rover0 general objective0 colour waypoint31 waypoint26)
4.958: (navigate rover0 waypoint31 waypoint14)
3.990: (navigate rover0 waypoint14 waypoint11)
4.813: (navigate rover0 waypoint14 waypoint20)
4.816: (navigate rover0 waypoint14 waypoint10)
4.833: (communicate_image_data rover0 general objective0 colour waypoint31 waypoint26)
4.834: (calibrate rover0 camera2 objective3 waypoint31)
3.105: (navigate rover0 waypoint11 waypoint34)
3.966: (calibrate rover0 camera4 objective4 waypoint11)
3.988: (calibrate rover0 camera0 objective5 waypoint11)
4.074: (navigate rover0 waypoint20 waypoint33)
4.139: (take_image rover1 waypoint1 objective0 camera3 high_res)
3.100: (calibrate rover0 camera2 objective3 waypoint34)
3.104: (communicate_image_data rover0 general objective0 colour waypoint34 waypoint26)
3.115: (navigate rover0 waypoint11 waypoint34)
3.133: (calibrate rover0 camera0 objective5 waypoint34)
3.133: (navigate rover0 waypoint11 waypoint34)
3.099: (calibrate rover0 camera2 objective3 waypoint34)
3.101: (communicate_image_data rover0 general objective0 colour waypoint34 waypoint26)
3.104: (take_image rover0 waypoint34 objective0 camera4 low_res)
3.104: (take_image rover0 waypoint34 objective0 camera0 low_res)
3.106: (take_image rover0 waypoint34 objective0 camera2 low_res)
3.098: (calibrate rover0 camera2 objective3 waypoint34)
3.107: (take_image rover0 waypoint34 objective0 camera2 low_res)
3.108: (communicate_image_data rover0 general objective0 colour waypoint34 waypoint26)
3.132: (calibrate rover0 camera0 objective5 waypoint34)
3.139: (calibrate rover0 camera0 objective5 waypoint34)
3.101: (calibrate rover0 camera2 objective3 waypoint34)
3.101: (communicate_image_data rover0 general objective0 colour waypoint34 waypoint26)
3.103: (take_image rover0 waypoint34 objective0 camera0 low_res)
3.131: (take_image rover0 waypoint34 objective0 camera2 colour)
3.131: (take_image rover0 waypoint34 objective3 camera2 colour)
3.139: (calibrate rover0 camera0 objective5 waypoint34)
3.206: (take_image rover1 waypoint1 objective1 camera3 low_res)
3.206: (take_image rover1 waypoint1 objective1 camera3 high_res)
3.206: (take_image rover1 waypoint1 objective0 camera3 high_res)
3.206: (take_image rover1 waypoint1 objective0 camera3 low_res)
3.133: (take_image rover0 waypoint34 objective0 camera2 colour)
3.133: (take_image rover0 waypoint34 objective1 camera2 colour)
3.133: (take_image rover0 waypoint34 objective3 camera2 colour)
3.133: (take_image rover0 waypoint34 objective5 camera2 colour)
3.133: (take_image rover0 waypoint34 objective0 camera2 low_res)
3.242: (take_image rover1 waypoint1 objective1 camera3 low_res)
3.242: (take_image rover1 waypoint1 objective1 camera3 high_res)
3.242: (take_image rover1 waypoint1 objective0 camera3 low_res)
3.242: (take_image rover1 waypoint1 objective0 camera3 high_res)
3.362: (sample_rock rover1 rover1store waypoint1)
3.158: (drop rover1 rover1store)
3.244: (take_image rover0 waypoint34 objective5 camera0 low_res)
3.244: (take_image rover0 waypoint34 objective0 camera0 low_res)
3.244: (take_image rover0 waypoint34 objective1 camera0 low_res)
3.244: (take_image rover0 waypoint34 objective3 camera0 low_res)
3.130: (take_image rover0 waypoint34 objective5 camera0 low_res)
3.130: (take_image rover0 waypoint34 objective3 camera0 low_res)
3.131: (take_image rover0 waypoint34 objective0 camera0 low_res)
3.131: (take_image rover0 waypoint34 objective1 camera0 low_res)
3.163: (calibrate rover0 camera2 objective3 waypoint34)
3.123: (take_image rover0 waypoint34 objective1 camera0 low_res)
3.123: (take_image rover0 waypoint34 objective0 camera0 low_res)
3.123: (take_image rover0 waypoint34 objective3 camera0 low_res)
3.124: (take_image rover0 waypoint34 objective5 camera0 low_res)
3.124: (calibrate rover0 camera2 objective3 waypoint34)
3.218: (take_image rover1 waypoint1 objective1 camera3 low_res)
3.218: (take_image rover1 waypoint1 objective0 camera3 low_res)
3.218: (take_image rover1 waypoint1 objective1 camera3 high_res)
3.218: (take_image rover1 waypoint1 objective0 camera3 high_res)
3.680: (sample_soil rover0 rover0store waypoint34)
2.614: (communicate_soil_data rover0 general waypoint34 waypoint34 waypoint26)
3.257: (calibrate rover0 camera0 objective5 waypoint34)
3.262: (take_image rover0 waypoint34 objective5 camera2 colour)
3.262: (take_image rover0 waypoint34 objective1 camera2 colour)
3.262: (take_image rover0 waypoint34 objective0 camera2 low_res)
2.568: (navigate rover0 waypoint34 waypoint11)
2.568: (drop rover0 rover0store)
2.623: (take_image rover0 waypoint34 objective5 camera2 low_res)
2.623: (take_image rover0 waypoint34 objective3 camera2 low_res)
2.623: (take_image rover0 waypoint34 objective5 camera2 colour)
2.499: (drop rover0 rover0store)
2.499: (navigate rover0 waypoint34 waypoint11)
2.569: (take_image rover0 waypoint34 objective3 camera2 colour)
2.569: (take_image rover0 waypoint34 objective0 camera2 low_res)
2.569: (take_image rover0 waypoint34 objective5 camera2 low_res)
2.501: (take_image rover0 waypoint11 objective4 camera2 low_res)
2.501: (take_image rover0 waypoint11 objective4 camera2 colour)
2.501: (navigate rover0 waypoint34 waypoint11)
2.502: (take_image rover0 waypoint11 objective5 camera2 low_res)
2.502: (take_image rover0 waypoint11 objective1 camera2 low_res)
2.484: (calibrate rover0 camera4 objective4 waypoint11)
2.485: (calibrate rover0 camera4 objective4 waypoint11)
2.486: (calibrate rover0 camera4 objective4 waypoint11)
2.523: (calibrate rover0 camera0 objective5 waypoint11)
2.524: (calibrate rover0 camera0 objective5 waypoint11)
2.499: (take_image rover0 waypoint11 objective4 camera0 low_res)
2.499: (take_image rover0 waypoint11 objective4 camera4 colour)
2.501: (take_image rover0 waypoint11 objective4 camera4 low_res)
2.516: (calibrate rover0 camera0 objective5 waypoint11)
2.517: (calibrate rover0 camera0 objective5 waypoint11)
2.484: (calibrate rover0 camera4 objective4 waypoint11)
2.485: (take_image rover0 waypoint11 objective4 camera0 low_res)
2.521: (take_image rover0 waypoint11 objective4 camera4 colour)
2.521: (take_image rover0 waypoint11 objective4 camera4 low_res)
2.522: (calibrate rover0 camera0 objective5 waypoint11)
2.515: (calibrate rover0 camera4 objective4 waypoint11)
2.516: (calibrate rover0 camera0 objective5 waypoint11)
2.542: (navigate rover0 waypoint11 waypoint34)
2.555: (take_image rover1 waypoint1 objective0 camera3 high_res)
2.555: (take_image rover1 waypoint1 objective0 camera3 low_res)
2.531: (take_image rover0 waypoint34 objective3 camera4 colour)
2.531: (take_image rover0 waypoint34 objective0 camera4 colour)
2.531: (take_image rover0 waypoint34 objective0 camera4 low_res)
2.531: (take_image rover0 waypoint34 objective1 camera4 low_res)
2.531: (take_image rover0 waypoint34 objective5 camera4 colour)
2.532: (calibrate rover0 camera2 objective3 waypoint34)
2.532: (communicate_image_data rover0 general objective4 colour waypoint34 waypoint26)
2.560: (calibrate rover0 camera0 objective5 waypoint34)
2.651: (sample_soil rover2 rover2store waypoint1)
2.663: (take_image rover1 waypoint1 objective1 camera3 low_res)
2.496: (navigate rover0 waypoint34 waypoint11)
2.497: (navigate rover0 waypoint34 waypoint11)
2.529: (communicate_image_data rover0 general objective4 colour waypoint34 waypoint26)
2.531: (calibrate rover0 camera2 objective3 waypoint34)
2.559: (calibrate rover0 camera0 objective5 waypoint34)
2.482: (calibrate rover0 camera4 objective4 waypoint11)
2.491: (navigate rover0 waypoint34 waypoint11)
2.502: (calibrate rover0 camera4 objective4 waypoint11)
2.518: (navigate rover0 waypoint34 waypoint11)
2.518: (calibrate rover0 camera0 objective5 waypoint11)
2.499: (calibrate rover0 camera4 objective4 waypoint11)
2.511: (calibrate rover0 camera4 objective4 waypoint11)
2.514: (calibrate rover0 camera0 objective5 waypoint11)
2.527: (calibrate rover0 camera0 objective5 waypoint11)
2.528: (calibrate rover0 camera0 objective5 waypoint11)
2.526: (calibrate rover0 camera0 objective5 waypoint11)
2.528: (calibrate rover0 camera4 objective4 waypoint11)
2.532: (take_image rover0 waypoint11 objective4 camera4 colour)
2.532: (take_image rover0 waypoint11 objective4 camera4 low_res)
2.532: (take_image rover0 waypoint11 objective1 camera4 colour)
2.564: (navigate rover0 waypoint11 waypoint34)
2.587: (navigate rover0 waypoint11 waypoint34)
2.595: (take_image rover1 waypoint1 objective1 camera3 low_res)
2.595: (take_image rover1 waypoint1 objective1 camera3 high_res)
2.596: (take_image rover1 waypoint1 objective0 camera3 high_res)
2.559: (take_image rover0 waypoint34 objective3 camera0 low_res)
2.559: (take_image rover0 waypoint34 objective1 camera0 low_res)
2.559: (take_image rover0 waypoint34 objective5 camera0 low_res)
2.559: (take_image rover0 waypoint34 objective0 camera0 low_res)
2.560: (take_image rover0 waypoint11 objective5 camera0 low_res)
2.542: (take_image rover0 waypoint34 objective5 camera2 low_res)
2.542: (take_image rover0 waypoint34 objective3 camera2 low_res)
2.542: (take_image rover0 waypoint34 objective1 camera2 low_res)
2.542: (take_image rover0 waypoint34 objective0 camera2 low_res)
2.542: (take_image rover0 waypoint34 objective0 camera2 colour)
2.576: (calibrate rover0 camera0 objective5 waypoint34)
2.601: (take_image rover1 waypoint1 objective0 camera3 high_res)
2.601: (take_image rover1 waypoint1 objective0 camera3 low_res)
2.601: (take_image rover1 waypoint1 objective1 camera3 high_res)
2.601: (take_image rover1 waypoint1 objective1 camera3 low_res)
2.554: (navigate rover0 waypoint34 waypoint11)
2.612: (calibrate rover0 camera2 objective3 waypoint34)
2.637: (take_image rover1 waypoint1 objective1 camera3 low_res)
2.637: (take_image rover1 waypoint1 objective0 camera3 low_res)
2.637: (take_image rover1 waypoint1 objective1 camera3 high_res)
2.570: (navigate rover0 waypoint34 waypoint11)
2.586: (calibrate rover0 camera0 objective5 waypoint11)
2.587: (navigate rover0 waypoint34 waypoint11)
2.601: (take_image rover0 waypoint34 objective5 camera4 low_res)
2.601: (take_image rover0 waypoint34 objective3 camera4 low_res)
2.558: (navigate rover0 waypoint34 waypoint11)
2.558: (take_image rover0 waypoint11 objective4 camera4 colour)
2.558: (take_image rover0 waypoint11 objective1 camera4 colour)
2.558: (take_image rover0 waypoint11 objective4 camera4 low_res)
2.558: (take_image rover0 waypoint11 objective1 camera4 low_res)
2.595: (calibrate rover0 camera0 objective5 waypoint11)
2.636: (take_image rover0 waypoint11 objective1 camera2 colour)
2.636: (take_image rover0 waypoint11 objective5 camera2 colour)
2.636: (take_image rover0 waypoint11 objective1 camera2 low_res)
2.636: (take_image rover0 waypoint11 objective4 camera2 colour)
2.587: (take_image rover0 waypoint11 objective5 camera2 colour)
2.587: (take_image rover0 waypoint11 objective4 camera2 colour)
2.587: (take_image rover0 waypoint11 objective1 camera2 colour)
2.588: (take_image rover0 waypoint11 objective1 camera2 low_res)
2.588: (calibrate rover0 camera0 objective5 waypoint11)
2.632: (navigate rover0 waypoint11 waypoint34)
2.700: (sample_soil rover2 rover2store waypoint1)
2.801: (navigate rover2 waypoint1 waypoint24)
2.884: (navigate rover0 waypoint11 waypoint35)
2.991: (navigate rover0 waypoint11 waypoint14)
2.576: (navigate rover0 waypoint14 waypoint31)
2.584: (navigate rover2 waypoint24 waypoint11)
2.625: (drop rover2 rover2store)
2.636: (calibrate rover0 camera2 objective3 waypoint34)
2.636: (calibrate rover1 camera3 objective0 waypoint1)
2.500: (calibrate rover1 camera3 objective0 waypoint1)
2.509: (calibrate rover1 camera3 objective0 waypoint1)
2.554: (calibrate rover1 camera3 objective0 waypoint1)
2.558: (drop rover2 rover2store)
2.565: (calibrate rover1 camera3 objective0 waypoint1)
2.474: (take_image rover0 waypoint31 objective0 camera0 low_res)
2.474: (take_image rover0 waypoint31 objective1 camera0 low_res)
2.474: (take_image rover0 waypoint31 objective3 camera0 low_res)
2.481: (take_image rover0 waypoint11 objective1 camera0 low_res)
2.482: (take_image rover0 waypoint11 objective5 camera0 low_res)
2.472: (calibrate rover0 camera4 objective4 waypoint11)
2.474: (calibrate rover0 camera2 objective3 waypoint31)
2.584: (sample_soil rover2 rover2store waypoint1)
2.603: (take_image rover1 waypoint1 objective1 camera3 low_res)
2.603: (take_image rover1 waypoint1 objective0 camera3 low_res)
2.496: (drop rover2 rover2store)
2.503: (calibrate rover0 camera0 objective5 waypoint11)
2.548: (take_image rover1 waypoint1 objective0 camera3 high_res)
2.548: (take_image rover1 waypoint1 objective0 camera3 low_res)
2.548: (take_image rover1 waypoint1 objective1 camera3 high_res)
2.498: (calibrate rover0 camera2 objective3 waypoint31)
2.579: (calibrate rover0 camera0 objective5 waypoint11)
2.580: (take_image rover1 waypoint1 objective1 camera3 high_res)
2.580: (take_image rover1 waypoint1 objective0 camera3 low_res)
2.580: (take_image rover1 waypoint1 objective0 camera3 high_res)
2.575: (take_image rover1 waypoint1 objective1 camera3 low_res)
2.575: (take_image rover1 waypoint1 objective0 camera3 low_res)
2.575: (take_image rover1 waypoint1 objective1 camera3 high_res)
2.575: (take_image rover1 waypoint1 objective0 camera3 high_res)
2.798: (navigate rover2 waypoint11 waypoint24)
2.630: (take_image rover0 waypoint31 objective3 camera2 colour)
2.630: (take_image rover0 waypoint31 objective1 camera2 colour)
2.630: (take_image rover0 waypoint31 objective1 camera2 low_res)
2.630: (take_image rover0 waypoint31 objective0 camera2 colour)
2.630: (take_image rover0 waypoint31 objective3 camera2 low_res)
2.996: (navigate rover2 waypoint1 waypoint24)
3.036: (navigate rover0 waypoint31 waypoint14)
3.414: (navigate rover1 waypoint1 waypoint8)
4.008: (communicate_image_data rover0 general objective4 low_res waypoint31 waypoint26)
4.366: (communicate_image_data rover0 general objective3 low_res waypoint31 waypoint26)
2.677: (navigate rover0 waypoint14 waypoint11)
2.781: (navigate rover0 waypoint14 waypoint12)
2.844: (calibrate rover1 camera3 objective0 waypoint1)
2.853: (navigate rover0 waypoint14 waypoint9)
2.860: (calibrate rover1 camera3 objective0 waypoint1)
2.389: (navigate rover0 waypoint9 waypoint32)
2.437: (navigate rover0 waypoint9 waypoint38)
2.528: (navigate rover0 waypoint14 waypoint11)
2.531: (calibrate rover1 camera3 objective0 waypoint1)
2.591: (calibrate rover0 camera4 objective4 waypoint11)
2.208: (calibrate rover1 camera3 objective0 waypoint1)
2.285: (calibrate rover1 camera3 objective0 waypoint1)
2.308: (calibrate rover0 camera2 objective3 waypoint32)
2.316: (calibrate rover0 camera4 objective4 waypoint32)
2.340: (calibrate rover0 camera0 objective5 waypoint32)
2.211: (calibrate rover0 camera2 objective3 waypoint32)
2.212: (calibrate rover1 camera3 objective0 waypoint1)
2.227: (calibrate rover0 camera4 objective4 waypoint32)
2.230: (calibrate rover1 camera3 objective0 waypoint1)
2.237: (calibrate rover1 camera3 objective0 waypoint1)
2.248: (calibrate rover0 camera2 objective3 waypoint32)
2.248: (calibrate rover0 camera4 objective4 waypoint32)
2.248: (calibrate rover0 camera2 objective3 waypoint32)
2.249: (calibrate rover0 camera0 objective5 waypoint32)
2.258: (calibrate rover0 camera4 objective4 waypoint32)
2.277: (calibrate rover0 camera0 objective5 waypoint32)
2.279: (calibrate rover0 camera4 objective4 waypoint32)
2.279: (calibrate rover0 camera2 objective3 waypoint32)
2.335: (take_image rover1 waypoint1 objective0 camera3 high_res)
2.335: (take_image rover1 waypoint1 objective0 camera3 low_res)
2.369: (calibrate rover0 camera0 objective5 waypoint32)
2.370: (take_image rover1 waypoint1 objective0 camera3 high_res)
2.371: (take_image rover1 waypoint1 objective0 camera3 low_res)
2.371: (take_image rover1 waypoint1 objective1 camera3 low_res)
2.371: (take_image rover1 waypoint1 objective1 camera3 high_res)
2.345: (take_image rover0 waypoint32 objective5 camera4 low_res)
2.345: (take_image rover0 waypoint32 objective4 camera4 low_res)
2.345: (take_image rover0 waypoint32 objective5 camera4 colour)
2.345: (take_image rover0 waypoint32 objective4 camera4 colour)
2.346: (take_image rover0 waypoint32 objective3 camera4 colour)
2.747: (navigate rover2 waypoint1 waypoint24)
2.836: (navigate rover0 waypoint32 waypoint9)
3.136: (navigate rover1 waypoint1 waypoint8)
inf: (calibrate rover1 camera3 objective0 waypoint1)
inf: (calibrate rover0 camera0 objective5 waypoint32)
2.379: (navigate rover0 waypoint9 waypoint38)
2.644: (calibrate rover1 camera3 objective0 waypoint1)
2.718: (take_image rover0 waypoint32 objective3 camera0 low_res)
2.718: (take_image rover0 waypoint32 objective4 camera0 low_res)
2.718: (take_image rover0 waypoint32 objective5 camera0 low_res)
2.300: (calibrate rover1 camera3 objective0 waypoint1)
2.348: (take_image rover0 waypoint38 objective5 camera0 low_res)
2.348: (take_image rover0 waypoint38 objective1 camera0 low_res)
2.348: (take_image rover0 waypoint38 objective0 camera0 low_res)
2.374: (take_image rover0 waypoint38 objective0 camera2 colour)
2.272: (calibrate rover1 camera3 objective0 waypoint1)
2.273: (take_image rover0 waypoint38 objective0 camera0 low_res)
2.273: (take_image rover0 waypoint38 objective1 camera0 low_res)
2.273: (take_image rover0 waypoint38 objective5 camera0 low_res)
2.294: (take_image rover0 waypoint38 objective5 camera2 colour)
2.273: (sample_soil rover0 rover0store waypoint38)
2.296: (sample_soil rover0 rover0store waypoint38)
2.540: (navigate rover2 waypoint1 waypoint24)
2.556: (navigate rover2 waypoint1 waypoint24)
2.704: (navigate rover0 waypoint38 waypoint9)
2.274: (drop rover0 rover0store)
2.288: (communicate_soil_data rover0 general waypoint38 waypoint38 waypoint26)
2.291: (take_image rover0 waypoint38 objective0 camera0 low_res)
2.291: (take_image rover0 waypoint38 objective1 camera0 low_res)
2.291: (take_image rover0 waypoint38 objective5 camera0 low_res)
2.283: (drop rover0 rover0store)
2.283: (communicate_soil_data rover0 general waypoint38 waypoint38 waypoint26)
2.290: (take_image rover0 waypoint38 objective0 camera2 colour)
2.290: (take_image rover0 waypoint38 objective0 camera2 low_res)
2.290: (take_image rover0 waypoint38 objective5 camera2 colour)
2.295: (calibrate rover0 camera0 objective5 waypoint38)
2.299: (take_image rover0 waypoint38 objective1 camera2 colour)
2.299: (take_image rover0 waypoint38 objective5 camera2 colour)
2.299: (take_image rover0 waypoint38 objective0 camera2 colour)
2.299: (take_image rover0 waypoint38 objective5 camera2 low_res)
2.304: (communicate_soil_data rover0 general waypoint38 waypoint38 waypoint26)
2.306: (calibrate rover0 camera0 objective5 waypoint38)
2.379: (take_image rover1 waypoint1 objective0 camera3 high_res)
2.379: (take_image rover1 waypoint1 objective1 camera3 high_res)
2.379: (take_image rover1 waypoint1 objective1 camera3 low_res)
2.387: (take_image rover1 waypoint1 objective0 camera3 low_res)
2.387: (take_image rover1 waypoint1 objective1 camera3 high_res)
2.387: (take_image rover1 waypoint1 objective1 camera3 low_res)
2.387: (take_image rover1 waypoint1 objective0 camera3 high_res)
2.388: (communicate_soil_data rover0 general waypoint38 waypoint38 waypoint26)
2.450: (take_image rover0 waypoint38 objective1 camera0 low_res)
2.450: (take_image rover0 waypoint38 objective0 camera0 low_res)
2.450: (take_image rover0 waypoint38 objective5 camera0 low_res)
2.626: (navigate rover2 waypoint1 waypoint24)
2.883: (navigate rover0 waypoint38 waypoint9)
2.367: (navigate rover0 waypoint9 waypoint32)
2.534: (calibrate rover1 camera3 objective0 waypoint1)
2.681: (navigate rover2 waypoint1 waypoint24)
2.681: (take_image rover0 waypoint38 objective5 camera0 low_res)
2.681: (take_image rover0 waypoint38 objective1 camera0 low_res)
2.268: (calibrate rover1 camera3 objective0 waypoint1)
2.374: (calibrate rover0 camera2 objective3 waypoint32)
2.379: (calibrate rover0 camera4 objective4 waypoint32)
2.412: (take_image rover0 waypoint32 objective3 camera0 low_res)
2.412: (take_image rover0 waypoint32 objective4 camera0 low_res)
2.234: (take_image rover0 waypoint32 objective3 camera0 low_res)
2.234: (take_image rover0 waypoint32 objective5 camera0 low_res)
2.234: (take_image rover0 waypoint32 objective4 camera0 low_res)
2.235: (calibrate rover1 camera3 objective0 waypoint1)
2.278: (calibrate rover1 camera3 objective0 waypoint1)
2.238: (take_image rover0 waypoint32 objective4 camera0 low_res)
2.238: (take_image rover0 waypoint32 objective5 camera0 low_res)
2.239: (take_image rover0 waypoint32 objective3 camera0 low_res)
2.240: (calibrate rover0 camera2 objective3 waypoint32)
2.256: (calibrate rover0 camera4 objective4 waypoint32)
2.277: (calibrate rover0 camera4 objective4 waypoint32)
2.278: (calibrate rover0 camera2 objective3 waypoint32)
2.288: (calibrate rover0 camera0 objective5 waypoint32)
2.336: (take_image rover1 waypoint1 objective0 camera3 low_res)
2.336: (take_image rover1 waypoint1 objective0 camera3 high_res)
2.306: (calibrate rover0 camera2 objective3 waypoint32)
2.306: (calibrate rover0 camera0 objective5 waypoint32)
2.363: (calibrate rover0 camera4 objective4 waypoint32)
2.363: (take_image rover1 waypoint1 objective1 camera3 low_res)
2.363: (take_image rover1 waypoint1 objective1 camera3 high_res)
2.345: (take_image rover0 waypoint32 objective3 camera2 colour)
2.345: (take_image rover0 waypoint32 objective4 camera2 low_res)
2.345: (take_image rover0 waypoint32 objective4 camera2 colour)
2.345: (take_image rover0 waypoint32 objective5 camera2 low_res)
2.345: (take_image rover0 waypoint32 objective5 camera2 colour)
2.759: (navigate rover2 waypoint1 waypoint24)
2.852: (navigate rover0 waypoint32 waypoint9)
3.122: (navigate rover1 waypoint1 waypoint8)
inf: (calibrate rover1 camera3 objective0 waypoint1)
inf: (calibrate rover0 camera0 objective5 waypoint32)
2.352: (navigate rover0 waypoint9 waypoint38)
2.660: (calibrate rover1 camera3 objective0 waypoint1)
2.770: (calibrate rover1 camera3 objective0 waypoint1)
2.781: (calibrate rover0 camera2 objective3 waypoint32)
2.796: (calibrate rover0 camera0 objective5 waypoint32)
2.274: (calibrate rover1 camera3 objective0 waypoint1)
2.275: (navigate rover0 waypoint9 waypoint38)
2.383: (calibrate rover0 camera0 objective5 waypoint38)
2.598: (navigate rover2 waypoint1 waypoint24)
2.645: (take_image rover0 waypoint32 objective3 camera4 colour)
2.300: (calibrate rover0 camera0 objective5 waypoint38)
2.302: (calibrate rover1 camera3 objective0 waypoint1)
2.520: (calibrate rover1 camera3 objective0 waypoint1)
2.521: (navigate rover2 waypoint1 waypoint24)
2.626: (calibrate rover0 camera0 objective5 waypoint38)
2.525: (take_image rover0 waypoint38 objective5 camera4 colour)
2.525: (take_image rover0 waypoint38 objective1 camera4 colour)
2.525: (take_image rover0 waypoint38 objective0 camera4 colour)
2.526: (take_image rover0 waypoint38 objective5 camera4 low_res)
2.526: (take_image rover0 waypoint38 objective0 camera4 low_res)
2.795: (navigate rover2 waypoint24 waypoint11)
2.811: (navigate rover2 waypoint24 waypoint39)
2.812: (navigate rover2 waypoint24 waypoint14)
2.893: (navigate rover2 waypoint24 waypoint13)
2.974: (navigate rover1 waypoint1 waypoint8)
2.279: (navigate rover2 waypoint39 waypoint38)
2.776: (calibrate rover2 camera1 objective3 waypoint14)
2.810: (calibrate rover0 camera0 objective5 waypoint38)
2.816: (calibrate rover0 camera0 objective5 waypoint38)
2.827: (calibrate rover0 camera0 objective5 waypoint38)
1.155: (communicate_soil_data rover2 general waypoint11 waypoint38 waypoint26)
1.275: (communicate_soil_data rover2 general waypoint24 waypoint38 waypoint26)
2.284: (communicate_soil_data rover2 general waypoint1 waypoint38 waypoint26)
2.288: (calibrate rover0 camera0 objective5 waypoint38)
2.288: (navigate rover2 waypoint39 waypoint38)
0.179: (communicate_soil_data rover2 general waypoint24 waypoint38 waypoint26)
0.183: (communicate_soil_data rover2 general waypoint11 waypoint38 waypoint26)
1.156: (communicate_soil_data rover2 general waypoint11 waypoint38 waypoint26)
1.158: (communicate_soil_data rover2 general waypoint1 waypoint38 waypoint26)
1.163: (calibrate rover0 camera0 objective5 waypoint38)
0.186: (communicate_soil_data rover2 general waypoint24 waypoint38 waypoint26)
0.187: (communicate_soil_data rover2 general waypoint24 waypoint38 waypoint26)
0.187: (calibrate rover0 camera0 objective5 waypoint38)
0.187: (communicate_soil_data rover2 general waypoint1 waypoint38 waypoint26)
0.300: (navigate rover2 waypoint38 waypoint29)
0.191: (communicate_soil_data rover2 general waypoint1 waypoint38 waypoint26)
0.194: (calibrate rover0 camera0 objective5 waypoint38)
0.272: (take_image rover1 waypoint1 objective1 camera3 low_res)
0.272: (take_image rover1 waypoint1 objective1 camera3 high_res)
0.272: (take_image rover1 waypoint1 objective0 camera3 low_res)
0.279: (take_image rover1 waypoint1 objective1 camera3 high_res)
0.279: (take_image rover1 waypoint1 objective1 camera3 low_res)
0.279: (take_image rover1 waypoint1 objective0 camera3 low_res)
0.279: (take_image rover1 waypoint1 objective0 camera3 high_res)
0.281: (communicate_soil_data rover2 general waypoint1 waypoint38 waypoint26)
0.340: (take_image rover0 waypoint38 objective5 camera0 low_res)
0.340: (take_image rover0 waypoint38 objective0 camera0 low_res)
0.340: (take_image rover0 waypoint38 objective1 camera0 low_res)
0.391: (navigate rover2 waypoint38 waypoint29)
0.738: (navigate rover1 waypoint1 waypoint8)
0.316: (calibrate rover1 camera3 objective0 waypoint1)
0.465: (take_image rover0 waypoint38 objective0 camera0 low_res)
0.465: (take_image rover0 waypoint38 objective1 camera0 low_res)
0.465: (take_image rover0 waypoint38 objective5 camera0 low_res)
0.466: (navigate rover2 waypoint38 waypoint29)
0.302: (calibrate rover1 camera3 objective0 waypoint1)
0.303: (take_image rover0 waypoint38 objective0 camera0 low_res)
0.303: (take_image rover0 waypoint38 objective5 camera0 low_res)
0.304: (take_image rover0 waypoint38 objective1 camera0 low_res)
0.601: (sample_rock rover2 rover2store waypoint29)
0.407: (drop rover2 rover2store)
0.408: (navigate rover2 waypoint29 waypoint38)
0.572: (take_image rover0 waypoint38 objective1 camera0 low_res)
0.572: (take_image rover0 waypoint38 objective0 camera0 low_res)
0.572: (take_image rover0 waypoint38 objective5 camera0 low_res)
0.254: (drop rover2 rover2store)
0.254: (navigate rover2 waypoint29 waypoint38)
0.383: (navigate rover2 waypoint29 waypoint38)
0.384: (take_image rover0 waypoint38 objective5 camera0 low_res)
0.384: (take_image rover0 waypoint38 objective1 camera0 low_res)
0.243: (take_image rover0 waypoint38 objective5 camera0 low_res)
0.244: (take_image rover0 waypoint38 objective1 camera0 low_res)
0.244: (take_image rover0 waypoint38 objective0 camera0 low_res)
0.245: (drop rover2 rover2store)
0.258: (communicate_rock_data rover2 general waypoint29 waypoint38 waypoint26)
0.247: (take_image rover0 waypoint38 objective1 camera0 low_res)
0.247: (take_image rover0 waypoint38 objective5 camera0 low_res)
0.248: (communicate_rock_data rover2 general waypoint29 waypoint38 waypoint26)
0.248: (take_image rover0 waypoint38 objective0 camera0 low_res)
0.344: (take_image rover1 waypoint1 objective0 camera3 high_res)
0.397: (navigate rover2 waypoint38 waypoint29)
0.402: (take_image rover1 waypoint1 objective0 camera3 high_res)
0.402: (take_image rover1 waypoint1 objective1 camera3 high_res)
0.402: (take_image rover1 waypoint1 objective1 camera3 low_res)
0.402: (take_image rover1 waypoint1 objective0 camera3 low_res)
0.412: (calibrate rover0 camera0 objective5 waypoint38)
0.560: (take_image rover1 waypoint1 objective0 camera3 low_res)
0.560: (take_image rover1 waypoint1 objective1 camera3 high_res)
0.560: (take_image rover1 waypoint1 objective1 camera3 low_res)
0.560: (take_image rover1 waypoint1 objective0 camera3 high_res)
0.489: (take_image rover1 waypoint1 objective0 camera3 high_res)
0.489: (take_image rover1 waypoint1 objective1 camera3 high_res)
0.489: (take_image rover1 waypoint1 objective1 camera3 low_res)
0.489: (take_image rover1 waypoint1 objective0 camera3 low_res)
0.489: (calibrate rover0 camera0 objective5 waypoint38)
0.798: (navigate rover1 waypoint1 waypoint8)
0.941: (communicate_image_data rover0 general objective3 low_res waypoint38 waypoint26)
0.999: (navigate rover0 waypoint38 waypoint9)
1.512: (communicate_image_data rover0 general objective4 low_res waypoint38 waypoint26)
1.617: (communicate_image_data rover0 general objective0 low_res waypoint38 waypoint26)
0.618: (navigate rover1 waypoint8 waypoint6)
0.698: (navigate rover0 waypoint9 waypoint32)
0.711: (calibrate rover1 camera3 objective0 waypoint1)
0.818: (navigate rover2 waypoint29 waypoint38)
0.877: (take_image rover0 waypoint38 objective5 camera0 low_res)
0.425: (navigate rover1 waypoint6 waypoint12)
0.521: (calibrate rover1 camera3 objective0 waypoint6)
0.536: (navigate rover1 waypoint6 waypoint9)
0.574: (navigate rover2 waypoint29 waypoint38)
0.591: (calibrate rover1 camera3 objective0 waypoint1)
-0.822: (communicate_rock_data rover1 general waypoint8 waypoint12 waypoint26)
-0.119: (navigate rover1 waypoint9 waypoint38)
0.330: (calibrate rover1 camera3 objective0 waypoint12)
0.331: (navigate rover1 waypoint6 waypoint12)
0.331: (communicate_image_data rover1 general objective0 high_res waypoint12 waypoint26)
-1.306: (communicate_rock_data rover1 general waypoint8 waypoint38 waypoint26)
-0.946: (communicate_image_data rover1 general objective0 high_res waypoint12 waypoint26)
-0.945: (communicate_rock_data rover1 general waypoint8 waypoint12 waypoint26)
-0.913: (communicate_rock_data rover1 general waypoint8 waypoint12 waypoint26)
-0.912: (calibrate rover1 camera3 objective0 waypoint12)
-1.481: (navigate rover2 waypoint29 waypoint38)
-1.420: (communicate_image_data rover1 general objective0 high_res waypoint38 waypoint26)
-1.365: (calibrate rover1 camera3 objective0 waypoint38)
-1.320: (communicate_image_data rover1 general objective2 low_res waypoint38 waypoint26)
-1.303: (communicate_rock_data rover1 general waypoint1 waypoint38 waypoint26)
-1.604: (communicate_image_data rover1 general objective0 high_res waypoint38 waypoint26)
-1.604: (navigate rover2 waypoint29 waypoint38)
-1.546: (navigate rover2 waypoint29 waypoint38)
-1.544: (calibrate rover1 camera3 objective0 waypoint38)
-1.498: (navigate rover2 waypoint29 waypoint38)
-1.638: (calibrate rover1 camera3 objective0 waypoint38)
-1.638: (communicate_image_data rover1 general objective0 high_res waypoint38 waypoint26)
-1.614: (communicate_image_data rover1 general objective2 low_res waypoint38 waypoint26)
-1.611: (communicate_rock_data rover1 general waypoint1 waypoint38 waypoint26)
-1.610: (communicate_image_data rover1 general objective0 high_res waypoint38 waypoint26)
-1.650: (calibrate rover1 camera3 objective0 waypoint38)
-1.650: (communicate_image_data rover1 general objective2 low_res waypoint38 waypoint26)
-1.649: (calibrate rover1 camera3 objective0 waypoint38)
-1.648: (communicate_rock_data rover1 general waypoint1 waypoint38 waypoint26)
-1.641: (communicate_image_data rover0 general objective0 low_res waypoint38 waypoint26)
-1.657: (communicate_rock_data rover1 general waypoint1 waypoint38 waypoint26)
-1.657: (communicate_image_data rover1 general objective2 low_res waypoint38 waypoint26)
-1.654: (communicate_image_data rover1 general objective0 low_res waypoint38 waypoint26)
-1.653: (communicate_image_data rover0 general objective0 low_res waypoint38 waypoint26)
-1.650: (communicate_image_data rover0 general objective0 low_res waypoint38 waypoint26)
-1.661: (communicate_rock_data rover1 general waypoint1 waypoint38 waypoint26)
-1.660: (communicate_image_data rover0 general objective0 low_res waypoint38 waypoint26)
-1.660: (communicate_image_data rover1 general objective0 low_res waypoint38 waypoint26)
-1.655: (communicate_image_data rover1 general objective1 high_res waypoint38 waypoint26)
-1.655: (take_image rover0 waypoint38 objective0 camera0 low_res)
-1.661: (communicate_image_data rover0 general objective0 low_res waypoint38 waypoint26)
-1.658: (communicate_image_data rover1 general objective1 high_res waypoint38 waypoint26)
-1.657: (take_image rover0 waypoint38 objective1 camera0 low_res)
-1.657: (take_image rover0 waypoint38 objective0 camera0 low_res)
-1.657: (take_image rover0 waypoint38 objective5 camera0 low_res)
-1.654: (communicate_image_data rover1 general objective1 high_res waypoint38 waypoint26)
-1.654: (take_image rover0 waypoint38 objective1 camera0 low_res)
-1.654: (take_image rover0 waypoint38 objective0 camera0 low_res)
-1.654: (take_image rover0 waypoint38 objective5 camera0 low_res)
-1.616: (take_image rover1 waypoint38 objective5 camera3 low_res)
-1.663: (calibrate rover1 camera3 objective0 waypoint38)
-1.548: (take_image rover1 waypoint38 objective5 camera3 high_res)
-1.546: (take_image rover1 waypoint38 objective5 camera3 low_res)
-1.543: (take_image rover0 waypoint38 objective5 camera0 low_res)
-1.543: (take_image rover0 waypoint38 objective1 camera0 low_res)
-1.658: (calibrate rover1 camera3 objective0 waypoint38)
-1.658: (calibrate rover1 camera3 objective0 waypoint38)
-1.657: (take_image rover0 waypoint38 objective1 camera0 low_res)
-1.657: (take_image rover0 waypoint38 objective0 camera0 low_res)
-1.657: (take_image rover0 waypoint38 objective5 camera0 low_res)
-1.664: (calibrate rover0 camera0 objective5 waypoint38)
-1.545: (take_image rover1 waypoint38 objective5 camera3 high_res)
-1.545: (take_image rover1 waypoint38 objective5 camera3 low_res)
-1.492: (navigate rover2 waypoint38 waypoint29)
-1.492: (navigate rover2 waypoint38 waypoint29)
-1.654: (calibrate rover1 camera3 objective0 waypoint38)
-1.622: (calibrate rover0 camera0 objective5 waypoint38)
-1.621: (take_image rover1 waypoint38 objective5 camera3 low_res)
-1.619: (take_image rover1 waypoint38 objective0 camera3 high_res)
-1.619: (take_image rover1 waypoint38 objective1 camera3 high_res)
-1.659: (calibrate rover0 camera0 objective5 waypoint38)
-1.658: (calibrate rover1 camera3 objective0 waypoint38)
-1.493: (navigate rover2 waypoint38 waypoint29)
-1.450: (navigate rover2 waypoint38 waypoint29)
-1.445: (navigate rover2 waypoint38 waypoint29)
-1.491: (calibrate rover1 camera3 objective0 waypoint38)
-1.488: (calibrate rover0 camera0 objective5 waypoint38)
-1.487: (navigate rover2 waypoint38 waypoint29)
-1.483: (calibrate rover1 camera3 objective0 waypoint38)
-1.372: (take_image rover0 waypoint38 objective0 camera0 low_res)
-1.247: (communicate_image_data rover1 general objective3 high_res waypoint38 waypoint26)
-1.241: (communicate_image_data rover1 general objective3 high_res waypoint38 waypoint26)
-1.202: (communicate_image_data rover0 general objective3 low_res waypoint38 waypoint26)
-1.185: (communicate_image_data rover0 general objective3 low_res waypoint38 waypoint26)
-0.859: (navigate rover1 waypoint38 waypoint9)
-1.764: (communicate_image_data rover0 general objective3 low_res waypoint38 waypoint26)
-1.764: (communicate_image_data rover1 general objective3 high_res waypoint38 waypoint26)
-1.763: (communicate_image_data rover0 general objective3 low_res waypoint38 waypoint26)
-1.762: (communicate_image_data rover1 general objective3 high_res waypoint38 waypoint26)
-1.259: (take_image rover0 waypoint38 objective5 camera0 low_res)
-1.820: (navigate rover2 waypoint29 waypoint38)
-1.816: (navigate rover2 waypoint29 waypoint38)
-1.775: (take_image rover0 waypoint38 objective5 camera0 low_res)
-1.774: (take_image rover0 waypoint38 objective0 camera0 low_res)
-1.774: (communicate_image_data rover0 general objective3 low_res waypoint38 waypoint26)
-1.817: (take_image rover0 waypoint38 objective0 camera0 low_res)
-1.817: (take_image rover0 waypoint38 objective1 camera0 low_res)
-1.817: (take_image rover0 waypoint38 objective5 camera0 low_res)
-1.817: (navigate rover2 waypoint29 waypoint38)
-1.813: (navigate rover2 waypoint29 waypoint38)
-1.771: (take_image rover1 waypoint38 objective0 camera3 high_res)
-1.770: (take_image rover1 waypoint38 objective1 camera3 high_res)
-1.770: (take_image rover1 waypoint38 objective0 camera3 low_res)
-1.770: (take_image rover1 waypoint38 objective1 camera3 low_res)
-1.770: (take_image rover1 waypoint38 objective5 camera3 high_res)
-1.795: (calibrate rover0 camera0 objective5 waypoint38)
-1.708: (navigate rover2 waypoint38 waypoint29)
-1.352: (communicate_image_data rover1 general objective4 high_res waypoint38 waypoint26)
-1.101: (communicate_image_data rover1 general objective4 low_res waypoint38 waypoint26)
-1.101: (communicate_image_data rover0 general objective4 low_res waypoint38 waypoint26)
-2.752: (communicate_image_data rover1 general objective5 high_res waypoint38 waypoint26)
-2.511: (communicate_image_data rover0 general objective5 low_res waypoint38 waypoint26)
-2.036: (communicate_image_data rover1 general objective4 high_res waypoint38 waypoint26)
-2.033: (communicate_image_data rover0 general objective4 low_res waypoint38 waypoint26)
-2.031: (communicate_image_data rover1 general objective4 low_res waypoint38 waypoint26)
-2.878: (calibrate rover1 camera3 objective0 waypoint38)
-2.873: (communicate_image_data rover0 general objective5 low_res waypoint38 waypoint26)
-2.845: (calibrate rover0 camera0 objective5 waypoint38)
-2.754: (communicate_image_data rover1 general objective4 low_res waypoint38 waypoint26)
-2.753: (communicate_image_data rover1 general objective5 high_res waypoint38 waypoint26)
-3.523: (communicate_image_data rover0 general objective4 low_res waypoint38 waypoint26)
[Final] Expanded: 836, Generated: 20082
Found a solution of length 256!
   1: (navigate rover1 waypoint22 waypoint30)
   2: (calibrate rover1 camera3 objective0 waypoint30)
   3: (sample_rock rover1 rover1store waypoint30)
   4: (communicate_rock_data rover1 general waypoint30 waypoint30 waypoint26)
   5: (navigate rover1 waypoint30 waypoint26)
   6: (drop rover1 rover1store)
   7: (navigate rover2 waypoint39 waypoint38)
   8: (navigate rover2 waypoint38 waypoint29)
   9: (navigate rover0 waypoint20 waypoint37)
  10: (sample_soil rover2 rover2store waypoint29)
  11: (drop rover2 rover2store)
  12: (navigate rover2 waypoint29 waypoint38)
  13: (communicate_soil_data rover2 general waypoint29 waypoint38 waypoint26)
  14: (sample_rock rover0 rover0store waypoint37)
  15: (drop rover0 rover0store)
  16: (communicate_rock_data rover0 general waypoint37 waypoint37 waypoint26)
  17: (sample_rock rover2 rover2store waypoint38)
  18: (communicate_rock_data rover2 general waypoint38 waypoint38 waypoint26)
  19: (drop rover2 rover2store)
  20: (navigate rover2 waypoint38 waypoint39)
  21: (navigate rover2 waypoint39 waypoint24)
  22: (sample_soil rover2 rover2store waypoint24)
  23: (navigate rover2 waypoint24 waypoint11)
  24: (drop rover2 rover2store)
  25: (sample_soil rover2 rover2store waypoint11)
  26: (drop rover2 rover2store)
  27: (navigate rover0 waypoint37 waypoint17)
  28: (calibrate rover0 camera2 objective3 waypoint17)
  29: (take_image rover0 waypoint17 objective3 camera2 low_res)
  30: (calibrate rover0 camera2 objective3 waypoint17)
  31: (take_image rover0 waypoint17 objective1 camera2 low_res)
  32: (communicate_image_data rover0 general objective1 low_res waypoint17 waypoint26)
  33: (take_image rover1 waypoint26 objective0 camera3 high_res)
  34: (calibrate rover1 camera3 objective0 waypoint26)
  35: (navigate rover1 waypoint26 waypoint30)
  36: (navigate rover1 waypoint30 waypoint22)
  37: (navigate rover1 waypoint22 waypoint27)
  38: (sample_rock rover1 rover1store waypoint27)
  39: (drop rover1 rover1store)
  40: (navigate rover1 waypoint27 waypoint35)
  41: (communicate_rock_data rover1 general waypoint27 waypoint35 waypoint26)
  42: (navigate rover1 waypoint35 waypoint21)
  43: (sample_rock rover1 rover1store waypoint21)
  44: (calibrate rover0 camera0 objective5 waypoint17)
  45: (drop rover1 rover1store)
  46: (take_image rover1 waypoint21 objective4 camera3 high_res)
  47: (take_image rover0 waypoint17 objective5 camera0 low_res)
  48: (calibrate rover0 camera2 objective3 waypoint17)
  49: (calibrate rover1 camera3 objective0 waypoint21)
  50: (take_image rover0 waypoint17 objective1 camera2 colour)
  51: (communicate_image_data rover0 general objective1 colour waypoint17 waypoint26)
  52: (calibrate rover0 camera2 objective3 waypoint17)
  53: (take_image rover0 waypoint17 objective3 camera2 colour)
  54: (calibrate rover0 camera2 objective3 waypoint17)
  55: (take_image rover0 waypoint17 objective5 camera2 colour)
  56: (calibrate rover0 camera2 objective3 waypoint17)
  57: (communicate_image_data rover0 general objective5 colour waypoint17 waypoint26)
  58: (take_image rover0 waypoint17 objective1 camera2 low_res)
  59: (communicate_image_data rover0 general objective3 colour waypoint17 waypoint26)
  60: (calibrate rover0 camera0 objective5 waypoint17)
  61: (take_image rover1 waypoint21 objective2 camera3 low_res)
  62: (calibrate rover1 camera3 objective0 waypoint21)
  63: (calibrate rover0 camera2 objective3 waypoint17)
  64: (take_image rover1 waypoint21 objective1 camera3 low_res)
  65: (calibrate rover1 camera3 objective0 waypoint21)
  66: (take_image rover0 waypoint17 objective5 camera2 low_res)
  67: (take_image rover0 waypoint17 objective1 camera0 low_res)
  68: (take_image rover1 waypoint21 objective0 camera3 low_res)
  69: (calibrate rover1 camera3 objective0 waypoint21)
  70: (calibrate rover0 camera2 objective3 waypoint17)
  71: (take_image rover1 waypoint21 objective4 camera3 low_res)
  72: (calibrate rover1 camera3 objective0 waypoint21)
  73: (take_image rover0 waypoint17 objective1 camera2 colour)
  74: (take_image rover1 waypoint21 objective4 camera3 low_res)
  75: (calibrate rover0 camera0 objective5 waypoint17)
  76: (calibrate rover0 camera2 objective3 waypoint17)
  77: (navigate rover1 waypoint21 waypoint35)
  78: (communicate_rock_data rover1 general waypoint21 waypoint35 waypoint26)
  79: (navigate rover1 waypoint35 waypoint27)
  80: (navigate rover1 waypoint27 waypoint7)
  81: (sample_rock rover1 rover1store waypoint7)
  82: (drop rover1 rover1store)
  83: (take_image rover0 waypoint17 objective5 camera2 low_res)
  84: (take_image rover0 waypoint17 objective5 camera0 low_res)
  85: (navigate rover1 waypoint7 waypoint27)
  86: (navigate rover1 waypoint27 waypoint22)
  87: (communicate_rock_data rover1 general waypoint7 waypoint22 waypoint26)
  88: (navigate rover1 waypoint22 waypoint19)
  89: (navigate rover1 waypoint19 waypoint2)
  90: (sample_rock rover1 rover1store waypoint2)
  91: (drop rover1 rover1store)
  92: (calibrate rover0 camera2 objective3 waypoint17)
  93: (calibrate rover1 camera3 objective0 waypoint2)
  94: (take_image rover1 waypoint2 objective3 camera3 high_res)
  95: (calibrate rover1 camera3 objective0 waypoint2)
  96: (take_image rover0 waypoint17 objective3 camera2 low_res)
  97: (navigate rover1 waypoint2 waypoint19)
  98: (navigate rover1 waypoint19 waypoint22)
  99: (communicate_rock_data rover1 general waypoint2 waypoint22 waypoint26)
 100: (navigate rover1 waypoint22 waypoint6)
 101: (navigate rover1 waypoint6 waypoint8)
 102: (sample_rock rover1 rover1store waypoint8)
 103: (drop rover1 rover1store)
 104: (navigate rover1 waypoint8 waypoint1)
 105: (calibrate rover0 camera2 objective3 waypoint17)
 106: (calibrate rover0 camera0 objective5 waypoint17)
 107: (navigate rover0 waypoint17 waypoint37)
 108: (take_image rover0 waypoint37 objective1 camera2 colour)
 109: (take_image rover1 waypoint1 objective1 camera3 high_res)
 110: (navigate rover0 waypoint37 waypoint17)
 111: (calibrate rover1 camera3 objective0 waypoint1)
 112: (take_image rover0 waypoint17 objective5 camera0 low_res)
 113: (calibrate rover0 camera2 objective3 waypoint17)
 114: (take_image rover1 waypoint1 objective1 camera3 high_res)
 115: (take_image rover0 waypoint17 objective5 camera2 colour)
 116: (navigate rover2 waypoint11 waypoint24)
 117: (navigate rover2 waypoint24 waypoint1)
 118: (calibrate rover1 camera3 objective0 waypoint1)
 119: (calibrate rover0 camera2 objective3 waypoint17)
 120: (calibrate rover0 camera0 objective5 waypoint17)
 121: (take_image rover0 waypoint17 objective1 camera2 low_res)
 122: (take_image rover1 waypoint1 objective1 camera3 low_res)
 123: (calibrate rover0 camera2 objective3 waypoint17)
 124: (navigate rover0 waypoint17 waypoint37)
 125: (navigate rover0 waypoint37 waypoint20)
 126: (navigate rover0 waypoint20 waypoint14)
 127: (navigate rover0 waypoint14 waypoint31)
 128: (sample_soil rover0 rover0store waypoint31)
 129: (communicate_soil_data rover0 general waypoint31 waypoint31 waypoint26)
 130: (drop rover0 rover0store)
 131: (calibrate rover1 camera3 objective0 waypoint1)
 132: (take_image rover0 waypoint31 objective1 camera0 low_res)
 133: (take_image rover0 waypoint31 objective0 camera2 colour)
 134: (navigate rover0 waypoint31 waypoint14)
 135: (navigate rover0 waypoint14 waypoint11)
 136: (navigate rover0 waypoint11 waypoint34)
 137: (communicate_image_data rover0 general objective0 colour waypoint34 waypoint26)
 138: (calibrate rover0 camera2 objective3 waypoint34)
 139: (take_image rover0 waypoint34 objective0 camera2 low_res)
 140: (calibrate rover0 camera2 objective3 waypoint34)
 141: (calibrate rover0 camera0 objective5 waypoint34)
 142: (take_image rover0 waypoint34 objective0 camera2 colour)
 143: (sample_rock rover1 rover1store waypoint1)
 144: (drop rover1 rover1store)
 145: (calibrate rover0 camera2 objective3 waypoint34)
 146: (take_image rover0 waypoint34 objective1 camera0 low_res)
 147: (sample_soil rover0 rover0store waypoint34)
 148: (communicate_soil_data rover0 general waypoint34 waypoint34 waypoint26)
 149: (navigate rover0 waypoint34 waypoint11)
 150: (drop rover0 rover0store)
 151: (take_image rover0 waypoint11 objective4 camera2 colour)
 152: (calibrate rover0 camera0 objective5 waypoint11)
 153: (take_image rover0 waypoint11 objective4 camera0 low_res)
 154: (calibrate rover0 camera4 objective4 waypoint11)
 155: (navigate rover0 waypoint11 waypoint34)
 156: (take_image rover0 waypoint34 objective3 camera4 colour)
 157: (calibrate rover0 camera2 objective3 waypoint34)
 158: (communicate_image_data rover0 general objective4 colour waypoint34 waypoint26)
 159: (navigate rover0 waypoint34 waypoint11)
 160: (calibrate rover0 camera4 objective4 waypoint11)
 161: (calibrate rover0 camera0 objective5 waypoint11)
 162: (navigate rover0 waypoint11 waypoint34)
 163: (take_image rover0 waypoint34 objective3 camera0 low_res)
 164: (take_image rover0 waypoint34 objective5 camera2 low_res)
 165: (take_image rover1 waypoint1 objective0 camera3 high_res)
 166: (calibrate rover0 camera2 objective3 waypoint34)
 167: (take_image rover0 waypoint34 objective5 camera4 low_res)
 168: (navigate rover0 waypoint34 waypoint11)
 169: (calibrate rover0 camera0 objective5 waypoint11)
 170: (take_image rover0 waypoint11 objective5 camera2 colour)
 171: (navigate rover0 waypoint11 waypoint14)
 172: (navigate rover0 waypoint14 waypoint31)
 173: (calibrate rover1 camera3 objective0 waypoint1)
 174: (take_image rover0 waypoint31 objective0 camera0 low_res)
 175: (sample_soil rover2 rover2store waypoint1)
 176: (drop rover2 rover2store)
 177: (calibrate rover0 camera2 objective3 waypoint31)
 178: (take_image rover1 waypoint1 objective1 camera3 low_res)
 179: (take_image rover0 waypoint31 objective3 camera2 colour)
 180: (navigate rover0 waypoint31 waypoint14)
 181: (navigate rover0 waypoint14 waypoint9)
 182: (navigate rover0 waypoint9 waypoint32)
 183: (calibrate rover1 camera3 objective0 waypoint1)
 184: (calibrate rover0 camera4 objective4 waypoint32)
 185: (calibrate rover0 camera2 objective3 waypoint32)
 186: (take_image rover1 waypoint1 objective0 camera3 high_res)
 187: (calibrate rover0 camera0 objective5 waypoint32)
 188: (take_image rover0 waypoint32 objective5 camera4 low_res)
 189: (navigate rover0 waypoint32 waypoint9)
 190: (navigate rover0 waypoint9 waypoint38)
 191: (take_image rover0 waypoint38 objective5 camera0 low_res)
 192: (calibrate rover1 camera3 objective0 waypoint1)
 193: (sample_soil rover0 rover0store waypoint38)
 194: (drop rover0 rover0store)
 195: (take_image rover0 waypoint38 objective0 camera2 colour)
 196: (calibrate rover0 camera0 objective5 waypoint38)
 197: (communicate_soil_data rover0 general waypoint38 waypoint38 waypoint26)
 198: (take_image rover1 waypoint1 objective0 camera3 low_res)
 199: (navigate rover0 waypoint38 waypoint9)
 200: (navigate rover0 waypoint9 waypoint32)
 201: (calibrate rover0 camera2 objective3 waypoint32)
 202: (calibrate rover1 camera3 objective0 waypoint1)
 203: (take_image rover0 waypoint32 objective4 camera0 low_res)
 204: (take_image rover1 waypoint1 objective0 camera3 low_res)
 205: (calibrate rover0 camera4 objective4 waypoint32)
 206: (take_image rover0 waypoint32 objective3 camera2 colour)
 207: (navigate rover0 waypoint32 waypoint9)
 208: (navigate rover0 waypoint9 waypoint38)
 209: (navigate rover2 waypoint1 waypoint24)
 210: (calibrate rover1 camera3 objective0 waypoint1)
 211: (take_image rover0 waypoint38 objective5 camera4 colour)
 212: (navigate rover2 waypoint24 waypoint39)
 213: (navigate rover2 waypoint39 waypoint38)
 214: (communicate_soil_data rover2 general waypoint11 waypoint38 waypoint26)
 215: (calibrate rover0 camera0 objective5 waypoint38)
 216: (communicate_soil_data rover2 general waypoint24 waypoint38 waypoint26)
 217: (communicate_soil_data rover2 general waypoint1 waypoint38 waypoint26)
 218: (take_image rover1 waypoint1 objective1 camera3 high_res)
 219: (navigate rover2 waypoint38 waypoint29)
 220: (calibrate rover1 camera3 objective0 waypoint1)
 221: (sample_rock rover2 rover2store waypoint29)
 222: (navigate rover2 waypoint29 waypoint38)
 223: (drop rover2 rover2store)
 224: (communicate_rock_data rover2 general waypoint29 waypoint38 waypoint26)
 225: (take_image rover0 waypoint38 objective1 camera0 low_res)
 226: (navigate rover2 waypoint38 waypoint29)
 227: (calibrate rover0 camera0 objective5 waypoint38)
 228: (take_image rover1 waypoint1 objective0 camera3 high_res)
 229: (navigate rover1 waypoint1 waypoint8)
 230: (navigate rover1 waypoint8 waypoint6)
 231: (navigate rover1 waypoint6 waypoint9)
 232: (navigate rover1 waypoint9 waypoint38)
 233: (communicate_rock_data rover1 general waypoint8 waypoint38 waypoint26)
 234: (navigate rover2 waypoint29 waypoint38)
 235: (communicate_image_data rover1 general objective0 high_res waypoint38 waypoint26)
 236: (calibrate rover1 camera3 objective0 waypoint38)
 237: (communicate_image_data rover1 general objective2 low_res waypoint38 waypoint26)
 238: (communicate_rock_data rover1 general waypoint1 waypoint38 waypoint26)
 239: (take_image rover0 waypoint38 objective0 camera0 low_res)
 240: (communicate_image_data rover0 general objective0 low_res waypoint38 waypoint26)
 241: (communicate_image_data rover1 general objective1 high_res waypoint38 waypoint26)
 242: (take_image rover1 waypoint38 objective5 camera3 high_res)
 243: (calibrate rover1 camera3 objective0 waypoint38)
 244: (calibrate rover0 camera0 objective5 waypoint38)
 245: (take_image rover1 waypoint38 objective0 camera3 high_res)
 246: (navigate rover2 waypoint38 waypoint29)
 247: (calibrate rover1 camera3 objective0 waypoint38)
 248: (communicate_image_data rover1 general objective3 high_res waypoint38 waypoint26)
 249: (communicate_image_data rover0 general objective3 low_res waypoint38 waypoint26)
 250: (navigate rover2 waypoint29 waypoint38)
 251: (take_image rover0 waypoint38 objective0 camera0 low_res)
 252: (take_image rover1 waypoint38 objective0 camera3 high_res)
 253: (communicate_image_data rover1 general objective4 high_res waypoint38 waypoint26)
 254: (communicate_image_data rover1 general objective5 high_res waypoint38 waypoint26)
 255: (communicate_image_data rover0 general objective5 low_res waypoint38 waypoint26)
 256: (communicate_image_data rover0 general objective4 low_res waypoint38 waypoint26)
