Torch: 2.12.0+cu130
/u/ibrahim.eisawy/Neural-Guided-Search/venv/lib/python3.10/site-packages/pymimir_rgnn/model.py:162: UserWarning: index_reduce() is in beta and the API may change at any time. (Triggered internally at /pytorch/aten/src/ATen/native/cuda/Indexing.cu:1541.)
  exps_max.index_reduce_(0, output_indices, output_messages, reduce="amax", include_self=False)
Using GPU:  NVIDIA L40S
  [sim 105] found goal path of length 39
[Final] Expanded: 587, Generated: 587
[search done] simulations=105, unique states generated=587
Found a solution of length 39!
   1: (navigate rover0 waypoint3 waypoint0)
   2: (sample_soil rover0 rover0store waypoint0)
   3: (drop rover0 rover0store)
   4: (sample_rock rover0 rover0store waypoint0)
   5: (calibrate rover0 camera1 objective0 waypoint0)
   6: (take_image rover0 waypoint0 objective1 camera1 high_res)
   7: (communicate_image_data rover0 general objective1 high_res waypoint0 waypoint3)
   8: (calibrate rover0 camera0 objective1 waypoint0)
   9: (take_image rover0 waypoint0 objective1 camera0 low_res)
  10: (communicate_image_data rover0 general objective1 low_res waypoint0 waypoint3)
  11: (communicate_rock_data rover0 general waypoint0 waypoint0 waypoint3)
  12: (navigate rover0 waypoint0 waypoint5)
  13: (drop rover0 rover0store)
  14: (sample_soil rover0 rover0store waypoint5)
  15: (communicate_soil_data rover0 general waypoint5 waypoint5 waypoint3)
  16: (navigate rover0 waypoint5 waypoint0)
  17: (navigate rover0 waypoint0 waypoint3)
  18: (drop rover0 rover0store)
  19: (navigate rover0 waypoint3 waypoint4)
  20: (sample_rock rover0 rover0store waypoint4)
  21: (communicate_rock_data rover0 general waypoint4 waypoint4 waypoint3)
  22: (navigate rover0 waypoint4 waypoint3)
  23: (drop rover0 rover0store)
  24: (navigate rover0 waypoint3 waypoint1)
  25: (sample_soil rover0 rover0store waypoint1)
  26: (communicate_soil_data rover0 general waypoint0 waypoint1 waypoint3)
  27: (communicate_soil_data rover0 general waypoint1 waypoint1 waypoint3)
  28: (navigate rover0 waypoint1 waypoint3)
  29: (navigate rover0 waypoint3 waypoint7)
  30: (navigate rover0 waypoint7 waypoint9)
  31: (drop rover0 rover0store)
  32: (sample_rock rover0 rover0store waypoint9)
  33: (navigate rover0 waypoint9 waypoint7)
  34: (navigate rover0 waypoint7 waypoint6)
  35: (drop rover0 rover0store)
  36: (sample_soil rover0 rover0store waypoint6)
  37: (navigate rover0 waypoint6 waypoint7)
  38: (communicate_soil_data rover0 general waypoint6 waypoint7 waypoint3)
  39: (communicate_rock_data rover0 general waypoint9 waypoint7 waypoint3)
