Torch: 2.12.0+cu130
/u/ibrahim.eisawy/Neural-Guided-Search/venv/lib/python3.10/site-packages/pymimir_rgnn/model.py:162: UserWarning: index_reduce() is in beta and the API may change at any time. (Triggered internally at /pytorch/aten/src/ATen/native/cuda/Indexing.cu:1541.)
  exps_max.index_reduce_(0, output_indices, output_messages, reduce="amax", include_self=False)
Using GPU:  NVIDIA L40S
  [sim 96] found goal path of length 36
[Final] Expanded: 524, Generated: 524
[search done] simulations=96, unique states generated=524
Found a solution of length 36!
   1: (sample_rock rover0 rover0store waypoint8)
   2: (navigate rover0 waypoint8 waypoint3)
   3: (calibrate rover0 camera1 objective1 waypoint3)
   4: (take_image rover0 waypoint3 objective1 camera1 high_res)
   5: (calibrate rover0 camera1 objective1 waypoint3)
   6: (drop rover0 rover0store)
   7: (sample_soil rover0 rover0store waypoint3)
   8: (drop rover0 rover0store)
   9: (sample_rock rover0 rover0store waypoint3)
  10: (drop rover0 rover0store)
  11: (navigate rover0 waypoint3 waypoint0)
  12: (take_image rover0 waypoint0 objective0 camera1 low_res)
  13: (sample_soil rover0 rover0store waypoint0)
  14: (drop rover0 rover0store)
  15: (sample_rock rover0 rover0store waypoint0)
  16: (navigate rover0 waypoint0 waypoint3)
  17: (navigate rover0 waypoint3 waypoint8)
  18: (drop rover0 rover0store)
  19: (communicate_image_data rover0 general objective1 high_res waypoint8 waypoint1)
  20: (communicate_image_data rover0 general objective0 low_res waypoint8 waypoint1)
  21: (navigate rover0 waypoint8 waypoint1)
  22: (sample_soil rover0 rover0store waypoint1)
  23: (navigate rover0 waypoint1 waypoint5)
  24: (communicate_rock_data rover0 general waypoint3 waypoint5 waypoint1)
  25: (communicate_soil_data rover0 general waypoint3 waypoint5 waypoint1)
  26: (communicate_rock_data rover0 general waypoint0 waypoint5 waypoint1)
  27: (communicate_rock_data rover0 general waypoint8 waypoint5 waypoint1)
  28: (communicate_soil_data rover0 general waypoint0 waypoint5 waypoint1)
  29: (navigate rover0 waypoint5 waypoint1)
  30: (navigate rover0 waypoint1 waypoint8)
  31: (navigate rover0 waypoint8 waypoint4)
  32: (calibrate rover0 camera0 objective1 waypoint4)
  33: (take_image rover0 waypoint4 objective0 camera0 high_res)
  34: (navigate rover0 waypoint4 waypoint8)
  35: (communicate_image_data rover0 general objective0 high_res waypoint8 waypoint1)
  36: (communicate_soil_data rover0 general waypoint1 waypoint8 waypoint1)
