Torch: 2.12.0+cu130
/u/ibrahim.eisawy/Neural-Guided-Search/venv/lib/python3.10/site-packages/pymimir_rgnn/model.py:162: UserWarning: index_reduce() is in beta and the API may change at any time. (Triggered internally at /pytorch/aten/src/ATen/native/cuda/Indexing.cu:1541.)
  exps_max.index_reduce_(0, output_indices, output_messages, reduce="amax", include_self=False)
Using GPU:  NVIDIA L40S
  [sim 311] found goal path of length 50
[Final] Expanded: 3521, Generated: 3521
[search done] simulations=311, unique states generated=3521
Found a solution of length 50!
   1: (sample_rock rover0 rover0store waypoint14)
   2: (navigate rover1 waypoint8 waypoint5)
   3: (calibrate rover0 camera1 objective0 waypoint14)
   4: (sample_rock rover1 rover1store waypoint5)
   5: (drop rover1 rover1store)
   6: (take_image rover0 waypoint14 objective0 camera1 low_res)
   7: (communicate_image_data rover0 general objective0 low_res waypoint14 waypoint11)
   8: (calibrate rover0 camera1 objective0 waypoint14)
   9: (take_image rover0 waypoint14 objective0 camera1 high_res)
  10: (communicate_image_data rover0 general objective0 high_res waypoint14 waypoint11)
  11: (calibrate rover0 camera1 objective0 waypoint14)
  12: (navigate rover0 waypoint14 waypoint2)
  13: (take_image rover0 waypoint2 objective1 camera1 high_res)
  14: (communicate_image_data rover0 general objective1 high_res waypoint2 waypoint11)
  15: (navigate rover1 waypoint5 waypoint6)
  16: (sample_soil rover1 rover1store waypoint6)
  17: (drop rover0 rover0store)
  18: (sample_rock rover0 rover0store waypoint2)
  19: (calibrate rover0 camera1 objective0 waypoint2)
  20: (take_image rover0 waypoint2 objective1 camera1 low_res)
  21: (communicate_image_data rover0 general objective1 low_res waypoint2 waypoint11)
  22: (communicate_soil_data rover1 general waypoint6 waypoint6 waypoint11)
  23: (drop rover0 rover0store)
  24: (navigate rover1 waypoint6 waypoint5)
  25: (navigate rover1 waypoint5 waypoint8)
  26: (drop rover1 rover1store)
  27: (navigate rover1 waypoint8 waypoint0)
  28: (sample_soil rover1 rover1store waypoint0)
  29: (navigate rover1 waypoint0 waypoint11)
  30: (drop rover1 rover1store)
  31: (sample_soil rover1 rover1store waypoint11)
  32: (communicate_rock_data rover0 general waypoint2 waypoint2 waypoint11)
  33: (communicate_rock_data rover0 general waypoint14 waypoint2 waypoint11)
  34: (navigate rover1 waypoint11 waypoint0)
  35: (communicate_soil_data rover1 general waypoint0 waypoint0 waypoint11)
  36: (navigate rover1 waypoint0 waypoint8)
  37: (navigate rover1 waypoint8 waypoint10)
  38: (navigate rover1 waypoint10 waypoint3)
  39: (drop rover1 rover1store)
  40: (sample_soil rover1 rover1store waypoint3)
  41: (navigate rover1 waypoint3 waypoint10)
  42: (communicate_soil_data rover1 general waypoint3 waypoint10 waypoint11)
  43: (communicate_rock_data rover1 general waypoint5 waypoint10 waypoint11)
  44: (communicate_soil_data rover1 general waypoint11 waypoint10 waypoint11)
  45: (navigate rover1 waypoint10 waypoint8)
  46: (navigate rover1 waypoint8 waypoint9)
  47: (navigate rover1 waypoint9 waypoint2)
  48: (drop rover1 rover1store)
  49: (sample_soil rover1 rover1store waypoint2)
  50: (communicate_soil_data rover1 general waypoint2 waypoint2 waypoint11)
