Torch: 2.12.0+cu130
/u/ibrahim.eisawy/Neural-Guided-Search/venv/lib/python3.10/site-packages/pymimir_rgnn/model.py:162: UserWarning: index_reduce() is in beta and the API may change at any time. (Triggered internally at /pytorch/aten/src/ATen/native/cuda/Indexing.cu:1541.)
  exps_max.index_reduce_(0, output_indices, output_messages, reduce="amax", include_self=False)
Using GPU:  NVIDIA L40S
  [sim 500] root visits=500, unique states=6315, generated=6314
  [sim 1000] root visits=1000, unique states=12983, generated=12982
  [sim 1500] root visits=1500, unique states=21614, generated=21613
  [sim 2000] root visits=2000, unique states=29571, generated=29570
  [sim 2500] root visits=2500, unique states=36958, generated=36957
  [sim 3000] root visits=3000, unique states=44380, generated=44379
  [sim 3500] root visits=3500, unique states=51854, generated=51853
  [sim 4000] root visits=4000, unique states=58679, generated=58678
  [sim 4500] root visits=4500, unique states=65789, generated=65788
  [sim 5000] root visits=5000, unique states=72975, generated=72974
  [sim 5500] root visits=5500, unique states=79833, generated=79832
  [sim 6000] root visits=6000, unique states=86570, generated=86569
  [sim 6500] root visits=6500, unique states=93087, generated=93086
  [sim 7000] root visits=7000, unique states=99616, generated=99615
  [sim 7500] root visits=7500, unique states=106012, generated=106011
  [sim 8000] root visits=8000, unique states=112432, generated=112431
  [sim 8500] root visits=8500, unique states=118997, generated=118996
  [sim 9000] root visits=9000, unique states=125282, generated=125281
  [sim 9200] found goal path of length 141
Traceback (most recent call last):
  File "/u/ibrahim.eisawy/Neural-Guided-Search/alphaZero.py", line 331, in <module>
    _main(_parse_arguments())
  File "/u/ibrahim.eisawy/Neural-Guided-Search/alphaZero.py", line 321, in _main
    solution = _plan(problem, policy_model, q1_model, q2_model, args)
  File "/u/ibrahim.eisawy/Neural-Guided-Search/alphaZero.py", line 291, in _plan
    print(f"[Final] Expanded: {expanded}, Generated: {generated}", flush=True)
NameError: name 'expanded' is not defined. Did you mean: '_expand'?
