Torch: 2.12.0+cu130
/u/ibrahim.eisawy/Neural-Guided-Search/venv/lib/python3.10/site-packages/pymimir_rgnn/model.py:162: UserWarning: index_reduce() is in beta and the API may change at any time. (Triggered internally at /pytorch/aten/src/ATen/native/cuda/Indexing.cu:1541.)
  exps_max.index_reduce_(0, output_indices, output_messages, reduce="amax", include_self=False)
Using GPU:  NVIDIA L40S
  [sim 500] root visits=500, unique states=9227, generated=9226
  [sim 1000] root visits=1000, unique states=18518, generated=18517
  [sim 1500] root visits=1500, unique states=27421, generated=27420
  [sim 2000] root visits=2000, unique states=36107, generated=36106
  [sim 2500] root visits=2500, unique states=45216, generated=45215
  [sim 3000] root visits=3000, unique states=54911, generated=54910
  [sim 3500] root visits=3500, unique states=62960, generated=62959
  [sim 4000] root visits=4000, unique states=70959, generated=70958
  [sim 4500] root visits=4500, unique states=78323, generated=78322
  [sim 5000] root visits=5000, unique states=90603, generated=90602
  [sim 5500] root visits=5500, unique states=100252, generated=100251
  [sim 6000] root visits=6000, unique states=107942, generated=107941
  [sim 6500] root visits=6500, unique states=116810, generated=116809
  [sim 7000] root visits=7000, unique states=127445, generated=127444
[Final] Expanded: 139537, Generated: 139537
[search done] simulations=7433, unique states generated=139537
Failed to find a solution!
