Torch: 2.12.0+cu130
/u/ibrahim.eisawy/Neural-Guided-Search/venv/lib/python3.10/site-packages/pymimir_rgnn/model.py:162: UserWarning: index_reduce() is in beta and the API may change at any time. (Triggered internally at /pytorch/aten/src/ATen/native/cuda/Indexing.cu:1541.)
  exps_max.index_reduce_(0, output_indices, output_messages, reduce="amax", include_self=False)
Using GPU:  NVIDIA L40S
  [sim 500] root visits=500, unique states=5920, generated=5919
  [sim 1000] root visits=1000, unique states=11293, generated=11292
  [sim 1500] root visits=1500, unique states=15765, generated=15764
  [sim 2000] root visits=2000, unique states=20116, generated=20115
  [sim 2500] root visits=2500, unique states=24837, generated=24836
  [sim 3000] root visits=3000, unique states=29181, generated=29180
  [sim 3500] root visits=3500, unique states=33458, generated=33457
  [sim 4000] root visits=4000, unique states=37763, generated=37762
  [sim 4500] root visits=4500, unique states=42277, generated=42276
  [sim 5000] root visits=5000, unique states=47091, generated=47090
  [sim 5500] root visits=5500, unique states=52041, generated=52040
  [sim 6000] root visits=6000, unique states=56830, generated=56829
  [sim 6500] root visits=6500, unique states=62200, generated=62199
[Final] Expanded: 66475, Generated: 66475
[search done] simulations=6913, unique states generated=66475
Failed to find a solution!
