Torch: 2.12.0+cu130
/u/ibrahim.eisawy/Neural-Guided-Search/venv/lib/python3.10/site-packages/pymimir_rgnn/model.py:162: UserWarning: index_reduce() is in beta and the API may change at any time. (Triggered internally at /pytorch/aten/src/ATen/native/cuda/Indexing.cu:1541.)
  exps_max.index_reduce_(0, output_indices, output_messages, reduce="amax", include_self=False)
Using GPU:  NVIDIA L40S
  [sim 500] root visits=500, unique states=12685, generated=12684
  [sim 1000] root visits=1000, unique states=23988, generated=23987
  [sim 1500] root visits=1500, unique states=35043, generated=35042
  [sim 2000] root visits=2000, unique states=44899, generated=44898
  [sim 2500] root visits=2500, unique states=54433, generated=54432
  [sim 3000] root visits=3000, unique states=64377, generated=64376
  [sim 3500] root visits=3500, unique states=73976, generated=73975
  [sim 4000] root visits=4000, unique states=83431, generated=83430
  [sim 4500] root visits=4500, unique states=93032, generated=93031
  [sim 5000] root visits=5000, unique states=101398, generated=101397
  [sim 5500] root visits=5500, unique states=110253, generated=110252
  [sim 6000] root visits=6000, unique states=118158, generated=118157
  [sim 6500] root visits=6500, unique states=127479, generated=127478
[Final] Expanded: 131490, Generated: 131490
[search done] simulations=6721, unique states generated=131490
Failed to find a solution!
