Torch: 2.12.0+cu130
/u/ibrahim.eisawy/Neural-Guided-Search/venv/lib/python3.10/site-packages/pymimir_rgnn/model.py:162: UserWarning: index_reduce() is in beta and the API may change at any time. (Triggered internally at /pytorch/aten/src/ATen/native/cuda/Indexing.cu:1541.)
  exps_max.index_reduce_(0, output_indices, output_messages, reduce="amax", include_self=False)
Using GPU:  NVIDIA L40S
  [sim 500] root visits=500, unique states=16961, generated=16960
  [sim 1000] root visits=1000, unique states=32337, generated=32336
  [sim 1500] root visits=1500, unique states=46881, generated=46880
  [sim 2000] root visits=2000, unique states=60639, generated=60638
  [sim 2500] root visits=2500, unique states=74000, generated=73999
  [sim 3000] root visits=3000, unique states=87578, generated=87577
  [sim 3500] root visits=3500, unique states=100547, generated=100546
  [sim 4000] root visits=4000, unique states=113422, generated=113421
  [sim 4500] root visits=4500, unique states=125494, generated=125493
  [sim 5000] root visits=5000, unique states=137340, generated=137339
  [sim 5500] root visits=5500, unique states=148786, generated=148785
  [sim 6000] root visits=6000, unique states=159775, generated=159774
  [sim 6500] root visits=6500, unique states=171309, generated=171308
  [sim 7000] root visits=7000, unique states=183363, generated=183362
[Final] Expanded: 192786, Generated: 192786
[search done] simulations=7423, unique states generated=192786
Failed to find a solution!
