/u/ibrahim.eisawy/Neural-Guided-Search/venv/lib/python3.10/site-packages/pymimir_rgnn/model.py:151: UserWarning: index_reduce() is in beta and the API may change at any time. (Triggered internally at /pytorch/aten/src/ATen/native/cuda/Indexing.cu:1541.)
  max_msg.index_reduce_(0, output_indices, output_messages, reduce='amax', include_self=True)
Torch: 2.12.0+cu130
Loading model... (models/logistics_supervised.pth)
Using GPU:  NVIDIA L40S
[f=53.129] Expanded: 0, Generated: 0
[Final] Expanded: 255, Generated: 2249
Found a solution of length 22!
   1: (load-truck p2 t0 l0-1)
   2: (load-truck p1 t0 l0-1)
   3: (drive-truck t1 l1-1 l1-0 c1)
   4: (load-truck p0 t0 l0-1)
   5: (drive-truck t0 l0-1 l0-0 c0)
   6: (unload-truck p2 t0 l0-0)
   7: (load-airplane p2 a0 l0-0)
   8: (fly-airplane a0 l0-0 l1-0)
   9: (unload-airplane p2 a0 l1-0)
  10: (load-truck p2 t1 l1-0)
  11: (drive-truck t1 l1-0 l1-1 c1)
  12: (unload-truck p2 t1 l1-1)
  13: (drive-truck t1 l1-1 l1-0 c1)
  14: (fly-airplane a0 l1-0 l0-0)
  15: (unload-truck p1 t0 l0-0)
  16: (load-airplane p1 a0 l0-0)
  17: (fly-airplane a0 l0-0 l1-0)
  18: (unload-airplane p1 a0 l1-0)
  19: (load-truck p1 t1 l1-0)
  20: (unload-truck p0 t0 l0-0)
  21: (drive-truck t1 l1-0 l1-1 c1)
  22: (unload-truck p1 t1 l1-1)
