/u/ibrahim.eisawy/Neural-Guided-Search/venv/lib/python3.10/site-packages/pymimir_rgnn/model.py:151: UserWarning: index_reduce() is in beta and the API may change at any time. (Triggered internally at /pytorch/aten/src/ATen/native/cuda/Indexing.cu:1541.)
  max_msg.index_reduce_(0, output_indices, output_messages, reduce='amax', include_self=True)
Torch: 2.12.0+cu130
Loading model... (models/logistics_supervised.pth)
Using GPU:  NVIDIA L40S
[f=50.913] Expanded: 0, Generated: 0
[Final] Expanded: 1144, Generated: 14858
Found a solution of length 17!
   1: (load-truck p1 t0 l0-0)
   2: (drive-truck t0 l0-0 l0-1 c0)
   3: (load-truck p4 t0 l0-1)
   4: (drive-truck t0 l0-1 l0-0 c0)
   5: (fly-airplane a0 l2-0 l0-0)
   6: (load-airplane p3 a0 l0-0)
   7: (fly-airplane a0 l0-0 l2-0)
   8: (unload-airplane p3 a0 l2-0)
   9: (fly-airplane a0 l2-0 l0-0)
  10: (unload-truck p4 t0 l0-0)
  11: (load-airplane p4 a0 l0-0)
  12: (unload-truck p1 t0 l0-0)
  13: (fly-airplane a0 l0-0 l2-0)
  14: (unload-airplane p4 a0 l2-0)
  15: (load-truck p4 t2 l2-0)
  16: (drive-truck t2 l2-0 l2-1 c2)
  17: (unload-truck p4 t2 l2-1)
