/u/ibrahim.eisawy/Neural-Guided-Search/venv/lib/python3.10/site-packages/pymimir_rgnn/model.py:151: UserWarning: index_reduce() is in beta and the API may change at any time. (Triggered internally at /pytorch/aten/src/ATen/native/cuda/Indexing.cu:1541.)
  max_msg.index_reduce_(0, output_indices, output_messages, reduce='amax', include_self=True)
Torch: 2.12.0+cu130
Loading model... (models/logistics_supervised.pth)
Using GPU:  NVIDIA L40S
[f=88.734] Expanded: 0, Generated: 0
[Final] Expanded: 9133, Generated: 203152
Found a solution of length 34!
   1: (load-truck p0 t2 l2-1)
   2: (load-truck p4 t2 l2-1)
   3: (load-truck p3 t0 l0-1)
   4: (load-airplane p6 a1 l1-0)
   5: (fly-airplane a0 l3-0 l0-0)
   6: (load-airplane p1 a0 l0-0)
   7: (fly-airplane a0 l0-0 l1-0)
   8: (unload-airplane p1 a0 l1-0)
   9: (fly-airplane a1 l1-0 l0-0)
  10: (unload-airplane p6 a1 l0-0)
  11: (drive-truck t3 l3-1 l3-0 c3)
  12: (fly-airplane a0 l1-0 l2-0)
  13: (load-airplane p2 a0 l2-0)
  14: (fly-airplane a0 l2-0 l3-0)
  15: (unload-airplane p2 a0 l3-0)
  16: (load-truck p2 t3 l3-0)
  17: (drive-truck t3 l3-0 l3-1 c3)
  18: (unload-truck p2 t3 l3-1)
  19: (drive-truck t0 l0-1 l0-0 c0)
  20: (unload-truck p3 t0 l0-0)
  21: (load-airplane p3 a1 l0-0)
  22: (fly-airplane a0 l3-0 l2-0)
  23: (unload-truck p0 t2 l2-1)
  24: (drive-truck t2 l2-1 l2-0 c2)
  25: (unload-truck p4 t2 l2-0)
  26: (drive-truck t3 l3-1 l3-0 c3)
  27: (fly-airplane a1 l0-0 l3-0)
  28: (unload-airplane p3 a1 l3-0)
  29: (load-airplane p4 a0 l2-0)
  30: (fly-airplane a0 l2-0 l0-0)
  31: (unload-airplane p4 a0 l0-0)
  32: (load-truck p4 t0 l0-0)
  33: (drive-truck t0 l0-0 l0-1 c0)
  34: (unload-truck p4 t0 l0-1)
