/u/ibrahim.eisawy/Neural-Guided-Search/venv/lib/python3.10/site-packages/pymimir_rgnn/model.py:151: UserWarning: index_reduce() is in beta and the API may change at any time. (Triggered internally at /pytorch/aten/src/ATen/native/cuda/Indexing.cu:1541.)
  max_msg.index_reduce_(0, output_indices, output_messages, reduce='amax', include_self=True)
Torch: 2.12.0+cu130
Loading model... (models/rovers_supervised.pth)
Using GPU:  NVIDIA L40S
[f=102.812] Expanded: 0, Generated: 0
[Final] Expanded: 161, Generated: 2151
Found a solution of length 69!
   1: (calibrate rover1 camera2 objective0 waypoint6)
   2: (navigate rover0 waypoint5 waypoint7)
   3: (sample_soil rover0 rover0store waypoint7)
   4: (calibrate rover0 camera0 objective1 waypoint7)
   5: (take_image rover0 waypoint7 objective2 camera0 low_res)
   6: (drop rover0 rover0store)
   7: (take_image rover1 waypoint6 objective0 camera2 high_res)
   8: (calibrate rover0 camera0 objective1 waypoint7)
   9: (take_image rover0 waypoint7 objective1 camera0 colour)
  10: (sample_rock rover0 rover0store waypoint7)
  11: (drop rover0 rover0store)
  12: (navigate rover0 waypoint7 waypoint5)
  13: (communicate_rock_data rover0 general waypoint7 waypoint5 waypoint10)
  14: (navigate rover0 waypoint5 waypoint8)
  15: (sample_soil rover0 rover0store waypoint8)
  16: (drop rover0 rover0store)
  17: (navigate rover1 waypoint6 waypoint13)
  18: (sample_rock rover1 rover1store waypoint13)
  19: (communicate_rock_data rover1 general waypoint13 waypoint13 waypoint10)
  20: (sample_rock rover0 rover0store waypoint8)
  21: (drop rover0 rover0store)
  22: (navigate rover0 waypoint8 waypoint5)
  23: (communicate_soil_data rover0 general waypoint7 waypoint5 waypoint10)
  24: (communicate_soil_data rover0 general waypoint8 waypoint5 waypoint10)
  25: (communicate_rock_data rover0 general waypoint8 waypoint5 waypoint10)
  26: (navigate rover0 waypoint5 waypoint6)
  27: (navigate rover0 waypoint6 waypoint1)
  28: (drop rover1 rover1store)
  29: (navigate rover1 waypoint13 waypoint6)
  30: (communicate_image_data rover0 general objective1 colour waypoint1 waypoint10)
  31: (calibrate rover1 camera2 objective0 waypoint6)
  32: (navigate rover1 waypoint6 waypoint9)
  33: (communicate_image_data rover0 general objective2 low_res waypoint1 waypoint10)
  34: (sample_soil rover0 rover0store waypoint1)
  35: (drop rover0 rover0store)
  36: (communicate_soil_data rover0 general waypoint1 waypoint1 waypoint10)
  37: (navigate rover0 waypoint1 waypoint6)
  38: (navigate rover0 waypoint6 waypoint5)
  39: (navigate rover0 waypoint5 waypoint3)
  40: (navigate rover0 waypoint3 waypoint12)
  41: (calibrate rover0 camera0 objective1 waypoint12)
  42: (take_image rover0 waypoint12 objective2 camera0 high_res)
  43: (communicate_image_data rover0 general objective2 high_res waypoint12 waypoint10)
  44: (sample_soil rover0 rover0store waypoint12)
  45: (drop rover0 rover0store)
  46: (navigate rover0 waypoint12 waypoint3)
  47: (communicate_soil_data rover0 general waypoint12 waypoint3 waypoint10)
  48: (sample_rock rover0 rover0store waypoint3)
  49: (communicate_rock_data rover0 general waypoint3 waypoint3 waypoint10)
  50: (drop rover0 rover0store)
  51: (navigate rover0 waypoint3 waypoint4)
  52: (sample_soil rover0 rover0store waypoint4)
  53: (drop rover0 rover0store)
  54: (communicate_soil_data rover0 general waypoint4 waypoint4 waypoint10)
  55: (navigate rover0 waypoint4 waypoint3)
  56: (calibrate rover0 camera0 objective1 waypoint3)
  57: (take_image rover0 waypoint3 objective1 camera0 high_res)
  58: (navigate rover0 waypoint3 waypoint11)
  59: (sample_rock rover0 rover0store waypoint11)
  60: (drop rover0 rover0store)
  61: (navigate rover0 waypoint11 waypoint3)
  62: (communicate_rock_data rover0 general waypoint11 waypoint3 waypoint10)
  63: (navigate rover0 waypoint3 waypoint5)
  64: (navigate rover0 waypoint5 waypoint10)
  65: (navigate rover0 waypoint10 waypoint9)
  66: (sample_soil rover0 rover0store waypoint9)
  67: (communicate_soil_data rover0 general waypoint9 waypoint9 waypoint10)
  68: (communicate_image_data rover1 general objective0 high_res waypoint9 waypoint10)
  69: (communicate_image_data rover0 general objective1 high_res waypoint9 waypoint10)
