/u/ibrahim.eisawy/Neural-Guided-Search/venv/lib/python3.10/site-packages/pymimir_rgnn/model.py:151: UserWarning: index_reduce() is in beta and the API may change at any time. (Triggered internally at /pytorch/aten/src/ATen/native/cuda/Indexing.cu:1541.)
  max_msg.index_reduce_(0, output_indices, output_messages, reduce='amax', include_self=True)
Torch: 2.12.0+cu130
Loading model... (models/rovers_supervised.pth)
Using GPU:  NVIDIA L40S
[f=89.847] Expanded: 0, Generated: 0
[Final] Expanded: 533, Generated: 8043
Found a solution of length 64!
   1: (calibrate rover0 camera1 objective3 waypoint20)
   2: (navigate rover1 waypoint4 waypoint19)
   3: (take_image rover0 waypoint20 objective1 camera1 low_res)
   4: (calibrate rover0 camera1 objective3 waypoint20)
   5: (calibrate rover0 camera0 objective1 waypoint20)
   6: (take_image rover0 waypoint20 objective3 camera0 high_res)
   7: (calibrate rover0 camera0 objective1 waypoint20)
   8: (sample_soil rover1 rover1store waypoint19)
   9: (drop rover1 rover1store)
  10: (communicate_soil_data rover1 general waypoint19 waypoint19 waypoint16)
  11: (navigate rover0 waypoint20 waypoint0)
  12: (take_image rover0 waypoint0 objective0 camera0 colour)
  13: (calibrate rover0 camera2 objective2 waypoint0)
  14: (take_image rover0 waypoint0 objective0 camera2 high_res)
  15: (take_image rover0 waypoint0 objective2 camera1 low_res)
  16: (navigate rover0 waypoint0 waypoint19)
  17: (communicate_image_data rover0 general objective0 colour waypoint19 waypoint16)
  18: (communicate_image_data rover0 general objective3 high_res waypoint19 waypoint16)
  19: (communicate_image_data rover0 general objective0 high_res waypoint19 waypoint16)
  20: (communicate_image_data rover0 general objective2 low_res waypoint19 waypoint16)
  21: (communicate_image_data rover0 general objective1 low_res waypoint19 waypoint16)
  22: (navigate rover0 waypoint19 waypoint0)
  23: (navigate rover1 waypoint19 waypoint4)
  24: (navigate rover1 waypoint4 waypoint7)
  25: (navigate rover1 waypoint7 waypoint21)
  26: (sample_soil rover1 rover1store waypoint21)
  27: (drop rover1 rover1store)
  28: (communicate_soil_data rover1 general waypoint21 waypoint21 waypoint16)
  29: (navigate rover1 waypoint21 waypoint7)
  30: (navigate rover1 waypoint7 waypoint20)
  31: (sample_soil rover1 rover1store waypoint20)
  32: (drop rover1 rover1store)
  33: (navigate rover1 waypoint20 waypoint7)
  34: (communicate_soil_data rover1 general waypoint20 waypoint7 waypoint16)
  35: (navigate rover1 waypoint7 waypoint4)
  36: (navigate rover1 waypoint4 waypoint1)
  37: (navigate rover1 waypoint1 waypoint8)
  38: (sample_soil rover1 rover1store waypoint8)
  39: (drop rover1 rover1store)
  40: (navigate rover1 waypoint8 waypoint1)
  41: (navigate rover1 waypoint1 waypoint12)
  42: (sample_soil rover1 rover1store waypoint12)
  43: (navigate rover1 waypoint12 waypoint13)
  44: (drop rover1 rover1store)
  45: (sample_soil rover1 rover1store waypoint13)
  46: (drop rover1 rover1store)
  47: (navigate rover1 waypoint13 waypoint12)
  48: (navigate rover1 waypoint12 waypoint23)
  49: (communicate_soil_data rover1 general waypoint12 waypoint23 waypoint16)
  50: (communicate_soil_data rover1 general waypoint13 waypoint23 waypoint16)
  51: (communicate_soil_data rover1 general waypoint8 waypoint23 waypoint16)
  52: (navigate rover1 waypoint23 waypoint12)
  53: (navigate rover1 waypoint12 waypoint1)
  54: (navigate rover1 waypoint1 waypoint4)
  55: (navigate rover1 waypoint4 waypoint10)
  56: (navigate rover1 waypoint10 waypoint9)
  57: (sample_soil rover1 rover1store waypoint9)
  58: (drop rover1 rover1store)
  59: (communicate_soil_data rover1 general waypoint9 waypoint9 waypoint16)
  60: (navigate rover1 waypoint9 waypoint10)
  61: (navigate rover1 waypoint10 waypoint0)
  62: (sample_soil rover1 rover1store waypoint0)
  63: (navigate rover1 waypoint0 waypoint10)
  64: (communicate_soil_data rover1 general waypoint0 waypoint10 waypoint16)
