/u/ibrahim.eisawy/Neural-Guided-Search/venv/lib/python3.10/site-packages/pymimir_rgnn/model.py:151: UserWarning: index_reduce() is in beta and the API may change at any time. (Triggered internally at /pytorch/aten/src/ATen/native/cuda/Indexing.cu:1541.)
  max_msg.index_reduce_(0, output_indices, output_messages, reduce='amax', include_self=True)
Torch: 2.12.0+cu130
Loading model... (models/rovers_supervised.pth)
Using GPU:  NVIDIA L40S
[f=69.967] Expanded: 0, Generated: 0
[Final] Expanded: 219, Generated: 1946
Found a solution of length 47!
   1: (navigate rover1 waypoint0 waypoint17)
   2: (calibrate rover0 camera0 objective1 waypoint13)
   3: (take_image rover0 waypoint13 objective1 camera0 low_res)
   4: (calibrate rover0 camera1 objective1 waypoint13)
   5: (take_image rover0 waypoint13 objective0 camera1 high_res)
   6: (sample_soil rover0 rover0store waypoint13)
   7: (navigate rover0 waypoint13 waypoint10)
   8: (communicate_image_data rover0 general objective1 low_res waypoint10 waypoint16)
   9: (drop rover0 rover0store)
  10: (communicate_soil_data rover0 general waypoint13 waypoint10 waypoint16)
  11: (sample_rock rover0 rover0store waypoint10)
  12: (communicate_rock_data rover0 general waypoint10 waypoint10 waypoint16)
  13: (drop rover0 rover0store)
  14: (navigate rover0 waypoint10 waypoint13)
  15: (navigate rover0 waypoint13 waypoint3)
  16: (navigate rover0 waypoint3 waypoint19)
  17: (sample_soil rover0 rover0store waypoint19)
  18: (drop rover0 rover0store)
  19: (communicate_soil_data rover0 general waypoint19 waypoint19 waypoint16)
  20: (sample_rock rover0 rover0store waypoint19)
  21: (communicate_rock_data rover0 general waypoint19 waypoint19 waypoint16)
  22: (drop rover0 rover0store)
  23: (navigate rover0 waypoint19 waypoint3)
  24: (sample_rock rover0 rover0store waypoint3)
  25: (drop rover0 rover0store)
  26: (navigate rover0 waypoint3 waypoint13)
  27: (navigate rover0 waypoint13 waypoint5)
  28: (communicate_rock_data rover0 general waypoint3 waypoint5 waypoint16)
  29: (navigate rover0 waypoint5 waypoint14)
  30: (sample_soil rover0 rover0store waypoint14)
  31: (drop rover0 rover0store)
  32: (navigate rover0 waypoint14 waypoint5)
  33: (communicate_soil_data rover0 general waypoint14 waypoint5 waypoint16)
  34: (navigate rover0 waypoint5 waypoint2)
  35: (sample_soil rover0 rover0store waypoint2)
  36: (drop rover0 rover0store)
  37: (calibrate rover0 camera0 objective1 waypoint2)
  38: (take_image rover0 waypoint2 objective3 camera0 high_res)
  39: (navigate rover0 waypoint2 waypoint5)
  40: (communicate_soil_data rover0 general waypoint2 waypoint5 waypoint16)
  41: (communicate_image_data rover0 general objective3 high_res waypoint5 waypoint16)
  42: (communicate_image_data rover0 general objective0 high_res waypoint5 waypoint16)
  43: (navigate rover0 waypoint5 waypoint13)
  44: (navigate rover0 waypoint13 waypoint0)
  45: (navigate rover0 waypoint0 waypoint17)
  46: (sample_soil rover0 rover0store waypoint17)
  47: (communicate_soil_data rover0 general waypoint17 waypoint17 waypoint16)
