/u/ibrahim.eisawy/Neural-Guided-Search/venv/lib/python3.10/site-packages/pymimir_rgnn/model.py:151: UserWarning: index_reduce() is in beta and the API may change at any time. (Triggered internally at /pytorch/aten/src/ATen/native/cuda/Indexing.cu:1541.)
  max_msg.index_reduce_(0, output_indices, output_messages, reduce='amax', include_self=True)
Torch: 2.12.0+cu130
Using GPU:  NVIDIA L40S
79.053: (calibrate rover1 camera2 objective4 waypoint84)
77.822: (sample_soil rover2 rover2store waypoint34)
76.617: (drop rover2 rover2store)
75.820: (navigate rover3 waypoint43 waypoint53)
74.972: (navigate rover4 waypoint77 waypoint61)
74.369: (calibrate rover4 camera3 objective8 waypoint61)
73.830: (navigate rover4 waypoint61 waypoint60)
73.081: (sample_soil rover4 rover4store waypoint60)
71.919: (drop rover4 rover4store)
71.529: (navigate rover2 waypoint34 waypoint68)
70.329: (communicate_soil_data rover2 general waypoint34 waypoint68 waypoint25)
69.270: (navigate rover2 waypoint68 waypoint48)
68.567: (calibrate rover2 camera4 objective2 waypoint48)
68.146: (take_image rover1 waypoint84 objective0 camera2 colour)
67.488: (take_image rover2 waypoint48 objective1 camera4 low_res)
67.022: (calibrate rover1 camera2 objective4 waypoint84)
66.255: (take_image rover4 waypoint60 objective5 camera3 low_res)
65.834: (sample_soil rover3 rover3store waypoint53)
64.415: (drop rover3 rover3store)
63.190: (communicate_soil_data rover3 general waypoint53 waypoint53 waypoint25)
62.578: (navigate rover3 waypoint53 waypoint97)
62.232: (calibrate rover2 camera4 objective2 waypoint48)
61.940: (calibrate rover4 camera1 objective2 waypoint60)
61.586: (take_image rover4 waypoint60 objective10 camera1 low_res)
61.299: (navigate rover1 waypoint84 waypoint99)
60.672: (navigate rover0 waypoint66 waypoint84)
59.804: (sample_soil rover0 rover0store waypoint84)
58.742: (drop rover0 rover0store)
58.185: (navigate rover0 waypoint84 waypoint40)
56.903: (communicate_soil_data rover0 general waypoint84 waypoint40 waypoint25)
56.552: (calibrate rover0 camera7 objective10 waypoint40)
56.121: (take_image rover0 waypoint40 objective8 camera7 colour)
55.718: (take_image rover2 waypoint48 objective2 camera4 low_res)
55.379: (calibrate rover2 camera4 objective2 waypoint48)
55.115: (calibrate rover4 camera1 objective2 waypoint60)
54.897: (calibrate rover0 camera7 objective10 waypoint40)
54.710: (communicate_image_data rover0 general objective8 colour waypoint40 waypoint25)
54.586: (calibrate rover3 camera0 objective1 waypoint97)
54.406: (take_image rover3 waypoint97 objective4 camera0 high_res)
54.213: (sample_soil rover2 rover2store waypoint48)
52.972: (drop rover2 rover2store)
52.829: (navigate rover2 waypoint48 waypoint68)
51.647: (communicate_soil_data rover2 general waypoint48 waypoint68 waypoint25)
51.296: (navigate rover2 waypoint68 waypoint86)
51.234: (calibrate rover3 camera0 objective1 waypoint97)
51.196: (take_image rover3 waypoint97 objective8 camera0 high_res)
51.135: (navigate rover4 waypoint60 waypoint61)
50.487: (navigate rover4 waypoint61 waypoint59)
50.188: (calibrate rover4 camera3 objective8 waypoint59)
49.949: (calibrate rover4 camera5 objective4 waypoint59)
49.930: (calibrate rover3 camera0 objective1 waypoint97)
49.942: (take_image rover3 waypoint97 objective1 camera0 high_res)
49.928: (calibrate rover3 camera0 objective1 waypoint97)
49.953: (take_image rover3 waypoint97 objective5 camera0 high_res)
49.945: (calibrate rover3 camera0 objective1 waypoint97)
49.980: (take_image rover4 waypoint59 objective8 camera1 low_res)
50.002: (take_image rover3 waypoint97 objective8 camera0 high_res)
50.111: (navigate rover4 waypoint59 waypoint42)
49.882: (calibrate rover4 camera1 objective2 waypoint42)
49.756: (navigate rover4 waypoint42 waypoint59)
49.737: (calibrate rover3 camera0 objective1 waypoint97)
49.853: (navigate rover4 waypoint59 waypoint42)
49.943: (take_image rover4 waypoint42 objective1 camera5 high_res)
49.922: (navigate rover4 waypoint42 waypoint59)
49.706: (calibrate rover4 camera5 objective4 waypoint59)
49.728: (take_image rover3 waypoint97 objective4 camera0 high_res)
49.767: (navigate rover4 waypoint59 waypoint42)
49.745: (calibrate rover3 camera0 objective1 waypoint97)
49.883: (take_image rover4 waypoint42 objective10 camera5 colour)
49.885: (navigate rover4 waypoint42 waypoint59)
49.674: (calibrate rover4 camera5 objective4 waypoint59)
49.682: (navigate rover4 waypoint59 waypoint42)
49.701: (take_image rover3 waypoint97 objective1 camera0 high_res)
49.690: (navigate rover4 waypoint42 waypoint59)
49.838: (take_image rover4 waypoint59 objective1 camera5 colour)
49.647: (calibrate rover4 camera5 objective4 waypoint59)
49.608: (calibrate rover3 camera0 objective1 waypoint97)
49.628: (navigate rover4 waypoint59 waypoint42)
49.653: (take_image rover3 waypoint97 objective1 camera0 high_res)
49.780: (take_image rover4 waypoint42 objective2 camera5 colour)
49.755: (calibrate rover3 camera0 objective1 waypoint97)
49.761: (navigate rover4 waypoint42 waypoint59)
49.552: (calibrate rover4 camera5 objective4 waypoint59)
49.566: (navigate rover4 waypoint59 waypoint42)
49.590: (take_image rover3 waypoint97 objective1 camera0 high_res)
49.583: (navigate rover4 waypoint42 waypoint59)
49.755: (sample_soil rover1 rover1store waypoint99)
48.118: (drop rover1 rover1store)
47.759: (navigate rover1 waypoint99 waypoint51)
47.720: (calibrate rover3 camera0 objective1 waypoint97)
47.752: (navigate rover4 waypoint59 waypoint42)
47.783: (take_image rover3 waypoint97 objective8 camera0 high_res)
47.919: (take_image rover4 waypoint42 objective9 camera5 colour)
47.869: (navigate rover4 waypoint42 waypoint59)
47.678: (calibrate rover4 camera5 objective4 waypoint59)
47.640: (calibrate rover3 camera0 objective1 waypoint97)
47.711: (navigate rover4 waypoint59 waypoint42)
47.740: (take_image rover3 waypoint97 objective1 camera0 high_res)
47.886: (take_image rover4 waypoint42 objective9 camera5 high_res)
47.856: (navigate rover4 waypoint42 waypoint59)
47.661: (calibrate rover4 camera5 objective4 waypoint59)
47.622: (calibrate rover3 camera0 objective1 waypoint97)
47.671: (navigate rover4 waypoint59 waypoint42)
47.700: (take_image rover3 waypoint97 objective4 camera0 high_res)
47.884: (take_image rover4 waypoint42 objective0 camera5 high_res)
47.844: (navigate rover4 waypoint42 waypoint59)
47.655: (calibrate rover4 camera5 objective4 waypoint59)
47.611: (calibrate rover3 camera0 objective1 waypoint97)
47.669: (navigate rover4 waypoint59 waypoint42)
47.697: (take_image rover3 waypoint97 objective1 camera0 high_res)
47.884: (take_image rover4 waypoint42 objective2 camera5 high_res)
47.845: (navigate rover4 waypoint42 waypoint59)
47.657: (calibrate rover4 camera5 objective4 waypoint59)
47.613: (calibrate rover3 camera0 objective1 waypoint97)
47.669: (navigate rover4 waypoint59 waypoint42)
47.698: (take_image rover3 waypoint97 objective1 camera0 high_res)
47.883: (take_image rover4 waypoint42 objective10 camera5 high_res)
47.844: (navigate rover4 waypoint42 waypoint59)
47.653: (calibrate rover4 camera5 objective4 waypoint59)
47.609: (calibrate rover3 camera0 objective1 waypoint97)
47.664: (navigate rover4 waypoint59 waypoint42)
47.699: (take_image rover3 waypoint97 objective1 camera0 high_res)
47.888: (take_image rover4 waypoint42 objective0 camera5 colour)
47.836: (navigate rover4 waypoint42 waypoint59)
47.646: (calibrate rover4 camera5 objective4 waypoint59)
47.599: (calibrate rover3 camera0 objective1 waypoint97)
47.664: (navigate rover4 waypoint59 waypoint42)
47.703: (take_image rover3 waypoint97 objective4 camera0 high_res)
47.915: (take_image rover4 waypoint42 objective7 camera5 high_res)
47.845: (navigate rover4 waypoint42 waypoint59)
47.664: (calibrate rover4 camera5 objective4 waypoint59)
47.623: (calibrate rover3 camera0 objective1 waypoint97)
47.702: (navigate rover4 waypoint59 waypoint42)
47.734: (take_image rover3 waypoint97 objective1 camera0 high_res)
47.953: (take_image rover2 waypoint86 objective5 camera4 low_res)
47.653: (calibrate rover2 camera4 objective2 waypoint86)
47.617: (navigate rover4 waypoint42 waypoint59)
47.577: (calibrate rover3 camera0 objective1 waypoint97)
47.617: (navigate rover4 waypoint59 waypoint42)
47.805: (take_image rover4 waypoint42 objective9 camera5 colour)
47.774: (navigate rover4 waypoint42 waypoint59)
47.803: (take_image rover3 waypoint97 objective1 camera0 high_res)
47.829: (navigate rover4 waypoint59 waypoint42)
48.052: (take_image rover4 waypoint42 objective1 camera1 high_res)
48.035: (navigate rover4 waypoint42 waypoint59)
47.857: (calibrate rover4 camera5 objective4 waypoint59)
47.829: (calibrate rover3 camera0 objective1 waypoint97)
47.866: (navigate rover4 waypoint59 waypoint42)
47.878: (take_image rover3 waypoint97 objective5 camera0 high_res)
48.103: (take_image rover4 waypoint42 objective7 camera5 colour)
47.887: (calibrate rover4 camera1 objective2 waypoint42)
47.855: (calibrate rover3 camera0 objective1 waypoint97)
47.834: (navigate rover4 waypoint42 waypoint59)
47.633: (calibrate rover4 camera5 objective4 waypoint59)
47.664: (navigate rover4 waypoint59 waypoint42)
47.704: (take_image rover3 waypoint97 objective1 camera0 high_res)
47.676: (navigate rover4 waypoint42 waypoint59)
47.838: (take_image rover4 waypoint59 objective7 camera1 low_res)
47.809: (calibrate rover3 camera0 objective1 waypoint97)
47.834: (navigate rover4 waypoint59 waypoint42)
47.585: (calibrate rover4 camera1 objective2 waypoint42)
47.553: (navigate rover4 waypoint42 waypoint59)
47.598: (take_image rover3 waypoint97 objective4 camera0 high_res)
47.626: (navigate rover4 waypoint59 waypoint42)
47.807: (take_image rover4 waypoint42 objective1 camera5 colour)
47.773: (calibrate rover3 camera0 objective1 waypoint97)
47.755: (navigate rover4 waypoint42 waypoint59)
47.789: (take_image rover3 waypoint97 objective1 camera0 high_res)
48.014: (take_image rover1 waypoint51 objective1 camera2 colour)
47.729: (calibrate rover1 camera2 objective4 waypoint51)
47.546: (calibrate rover4 camera5 objective4 waypoint59)
47.510: (calibrate rover3 camera0 objective1 waypoint97)
47.564: (navigate rover4 waypoint59 waypoint42)
47.600: (take_image rover3 waypoint97 objective8 camera0 high_res)
47.771: (take_image rover4 waypoint42 objective1 camera5 colour)
47.743: (calibrate rover3 camera0 objective1 waypoint97)
47.704: (navigate rover4 waypoint42 waypoint59)
47.940: (take_image rover4 waypoint59 objective1 camera1 high_res)
47.752: (calibrate rover4 camera5 objective4 waypoint59)
47.788: (take_image rover3 waypoint97 objective4 camera0 high_res)
47.829: (navigate rover4 waypoint59 waypoint42)
47.804: (calibrate rover3 camera0 objective1 waypoint97)
47.979: (take_image rover4 waypoint42 objective0 camera5 colour)
47.991: (take_image rover3 waypoint97 objective1 camera0 high_res)
47.959: (navigate rover4 waypoint42 waypoint59)
48.240: (take_image rover1 waypoint51 objective10 camera2 colour)
47.957: (calibrate rover1 camera2 objective4 waypoint51)
47.788: (calibrate rover4 camera5 objective4 waypoint59)
47.747: (calibrate rover3 camera0 objective1 waypoint97)
47.807: (navigate rover4 waypoint59 waypoint42)
47.568: (calibrate rover4 camera1 objective2 waypoint42)
47.503: (navigate rover4 waypoint42 waypoint59)
47.543: (take_image rover3 waypoint97 objective5 camera0 high_res)
47.602: (navigate rover4 waypoint59 waypoint42)
47.773: (take_image rover4 waypoint42 objective0 camera5 high_res)
47.728: (navigate rover4 waypoint42 waypoint59)
47.699: (calibrate rover3 camera0 objective1 waypoint97)
47.748: (navigate rover4 waypoint59 waypoint42)
47.981: (take_image rover4 waypoint42 objective9 camera1 high_res)
47.935: (navigate rover4 waypoint42 waypoint59)
48.216: (take_image rover1 waypoint51 objective10 camera2 colour)
48.067: (calibrate rover4 camera5 objective4 waypoint59)
48.097: (take_image rover3 waypoint97 objective1 camera0 high_res)
48.139: (navigate rover4 waypoint59 waypoint42)
47.822: (calibrate rover1 camera2 objective4 waypoint51)
47.990: (take_image rover4 waypoint42 objective10 camera5 colour)
48.292: (take_image rover0 waypoint40 objective7 camera7 colour)
47.979: (calibrate rover0 camera7 objective10 waypoint40)
47.758: (calibrate rover4 camera1 objective2 waypoint42)
47.719: (navigate rover4 waypoint42 waypoint59)
47.535: (calibrate rover4 camera5 objective4 waypoint59)
47.495: (calibrate rover3 camera0 objective1 waypoint97)
47.462: (communicate_image_data rover0 general objective7 colour waypoint40 waypoint25)
47.501: (take_image rover3 waypoint97 objective4 camera0 high_res)
47.561: (navigate rover4 waypoint59 waypoint42)
47.526: (calibrate rover3 camera0 objective1 waypoint97)
47.703: (take_image rover4 waypoint42 objective1 camera5 colour)
47.656: (navigate rover4 waypoint42 waypoint59)
47.686: (take_image rover3 waypoint97 objective4 camera0 high_res)
47.738: (navigate rover4 waypoint59 waypoint42)
47.948: (take_image rover4 waypoint42 objective9 camera1 high_res)
47.913: (navigate rover4 waypoint42 waypoint59)
47.739: (calibrate rover4 camera5 objective4 waypoint59)
47.703: (calibrate rover3 camera0 objective1 waypoint97)
47.760: (navigate rover4 waypoint59 waypoint42)
47.788: (take_image rover3 waypoint97 objective1 camera0 high_res)
48.041: (take_image rover4 waypoint42 objective10 camera3 low_res)
47.813: (calibrate rover4 camera1 objective2 waypoint42)
47.753: (navigate rover4 waypoint42 waypoint59)
47.722: (calibrate rover3 camera0 objective1 waypoint97)
47.790: (navigate rover4 waypoint59 waypoint42)
47.962: (take_image rover4 waypoint42 objective10 camera5 high_res)
47.909: (navigate rover4 waypoint42 waypoint59)
47.938: (take_image rover3 waypoint97 objective1 camera0 high_res)
47.982: (navigate rover4 waypoint59 waypoint42)
48.266: (take_image rover4 waypoint42 objective1 camera1 high_res)
48.204: (navigate rover4 waypoint42 waypoint59)
47.993: (calibrate rover4 camera5 objective4 waypoint59)
47.963: (calibrate rover3 camera0 objective1 waypoint97)
48.024: (navigate rover4 waypoint59 waypoint42)
48.260: (take_image rover4 waypoint42 objective1 camera5 colour)
48.187: (navigate rover4 waypoint42 waypoint59)
47.894: (calibrate rover4 camera3 objective8 waypoint59)
47.935: (navigate rover4 waypoint59 waypoint42)
48.239: (navigate rover0 waypoint40 waypoint25)
48.004: (calibrate rover4 camera1 objective2 waypoint42)
48.039: (take_image rover3 waypoint97 objective4 camera0 high_res)
48.258: (take_image rover4 waypoint42 objective0 camera1 high_res)
48.523: (navigate rover2 waypoint86 waypoint68)
47.216: (communicate_image_data rover2 general objective5 low_res waypoint68 waypoint25)
46.909: (communicate_image_data rover2 general objective1 low_res waypoint68 waypoint25)
46.630: (navigate rover2 waypoint68 waypoint86)
46.379: (navigate rover0 waypoint25 waypoint40)
46.143: (calibrate rover4 camera1 objective2 waypoint42)
46.070: (navigate rover4 waypoint42 waypoint59)
45.896: (calibrate rover4 camera5 objective4 waypoint59)
45.871: (calibrate rover3 camera0 objective1 waypoint97)
45.967: (navigate rover4 waypoint59 waypoint42)
45.967: (take_image rover3 waypoint97 objective8 camera0 high_res)
46.206: (take_image rover2 waypoint86 objective7 camera4 low_res)
45.888: (calibrate rover2 camera4 objective2 waypoint86)
45.850: (navigate rover4 waypoint42 waypoint59)
45.822: (calibrate rover3 camera0 objective1 waypoint97)
45.888: (navigate rover4 waypoint59 waypoint42)
46.056: (take_image rover4 waypoint42 objective10 camera5 colour)
45.998: (navigate rover4 waypoint42 waypoint59)
46.022: (take_image rover3 waypoint97 objective5 camera0 high_res)
46.060: (navigate rover4 waypoint59 waypoint42)
46.297: (take_image rover4 waypoint42 objective2 camera1 low_res)
46.065: (calibrate rover4 camera1 objective2 waypoint42)
46.033: (navigate rover4 waypoint42 waypoint59)
45.852: (calibrate rover4 camera5 objective4 waypoint59)
45.827: (calibrate rover3 camera0 objective1 waypoint97)
45.887: (navigate rover4 waypoint59 waypoint42)
45.888: (take_image rover3 waypoint97 objective4 camera0 high_res)
46.129: (take_image rover4 waypoint42 objective10 camera1 low_res)
46.115: (navigate rover4 waypoint42 waypoint59)
46.090: (calibrate rover3 camera0 objective1 waypoint97)
46.142: (navigate rover4 waypoint59 waypoint42)
46.300: (take_image rover4 waypoint42 objective10 camera5 high_res)
46.058: (calibrate rover4 camera1 objective2 waypoint42)
46.004: (navigate rover4 waypoint42 waypoint59)
46.256: (take_image rover4 waypoint59 objective1 camera1 low_res)
46.090: (calibrate rover4 camera5 objective4 waypoint59)
46.111: (take_image rover3 waypoint97 objective1 camera0 high_res)
46.142: (navigate rover4 waypoint59 waypoint42)
45.897: (calibrate rover4 camera1 objective2 waypoint42)
45.853: (navigate rover4 waypoint42 waypoint59)
45.826: (calibrate rover3 camera0 objective1 waypoint97)
45.901: (navigate rover4 waypoint59 waypoint42)
46.064: (take_image rover4 waypoint42 objective7 camera5 high_res)
46.001: (navigate rover4 waypoint42 waypoint59)
46.028: (take_image rover3 waypoint97 objective1 camera0 high_res)
46.068: (navigate rover4 waypoint59 waypoint42)
46.304: (take_image rover4 waypoint42 objective10 camera1 high_res)
46.274: (navigate rover4 waypoint42 waypoint59)
46.552: (take_image rover1 waypoint51 objective9 camera2 colour)
46.275: (calibrate rover1 camera2 objective4 waypoint51)
46.109: (calibrate rover4 camera5 objective4 waypoint59)
46.085: (calibrate rover3 camera0 objective1 waypoint97)
46.149: (navigate rover4 waypoint59 waypoint42)
45.902: (calibrate rover4 camera1 objective2 waypoint42)
45.821: (navigate rover4 waypoint42 waypoint59)
45.847: (take_image rover3 waypoint97 objective1 camera0 high_res)
45.894: (navigate rover4 waypoint59 waypoint42)
46.067: (take_image rover4 waypoint42 objective7 camera5 colour)
46.026: (navigate rover4 waypoint42 waypoint59)
46.001: (calibrate rover3 camera0 objective1 waypoint97)
46.067: (navigate rover4 waypoint59 waypoint42)
46.310: (take_image rover4 waypoint42 objective0 camera1 high_res)
46.252: (navigate rover4 waypoint42 waypoint59)
46.530: (take_image rover1 waypoint51 objective9 camera2 colour)
46.355: (calibrate rover4 camera5 objective4 waypoint59)
46.375: (take_image rover3 waypoint97 objective1 camera0 high_res)
46.429: (navigate rover4 waypoint59 waypoint42)
46.140: (calibrate rover1 camera2 objective4 waypoint51)
46.303: (take_image rover4 waypoint42 objective2 camera5 colour)
46.543: (navigate rover0 waypoint40 waypoint25)
46.306: (calibrate rover4 camera1 objective2 waypoint42)
46.312: (calibrate rover3 camera0 objective1 waypoint97)
46.552: (take_image rover4 waypoint42 objective0 camera1 high_res)
46.836: (take_image rover1 waypoint51 objective1 camera2 low_res)
46.539: (calibrate rover1 camera2 objective4 waypoint51)
46.303: (navigate rover0 waypoint25 waypoint40)
46.058: (calibrate rover4 camera1 objective2 waypoint42)
46.001: (navigate rover4 waypoint42 waypoint59)
45.825: (calibrate rover4 camera5 objective4 waypoint59)
45.846: (take_image rover3 waypoint97 objective4 camera0 high_res)
45.888: (navigate rover4 waypoint59 waypoint42)
45.887: (calibrate rover3 camera0 objective1 waypoint97)
46.132: (take_image rover4 waypoint42 objective10 camera1 high_res)
46.089: (navigate rover4 waypoint42 waypoint59)
46.106: (take_image rover3 waypoint97 objective8 camera0 high_res)
46.131: (navigate rover4 waypoint59 waypoint42)
46.296: (take_image rover4 waypoint42 objective0 camera5 colour)
46.058: (calibrate rover4 camera1 objective2 waypoint42)
46.024: (navigate rover4 waypoint42 waypoint59)
46.275: (take_image rover4 waypoint59 objective1 camera1 low_res)
46.256: (calibrate rover3 camera0 objective1 waypoint97)
46.533: (take_image rover1 waypoint51 objective1 camera2 colour)
46.365: (calibrate rover4 camera5 objective4 waypoint59)
46.379: (take_image rover3 waypoint97 objective5 camera0 high_res)
46.423: (navigate rover4 waypoint59 waypoint42)
46.172: (calibrate rover4 camera1 objective2 waypoint42)
46.121: (navigate rover4 waypoint42 waypoint59)
46.099: (calibrate rover3 camera0 objective1 waypoint97)
46.173: (navigate rover4 waypoint59 waypoint42)
46.360: (take_image rover4 waypoint42 objective1 camera5 colour)
46.282: (navigate rover4 waypoint42 waypoint59)
46.301: (take_image rover3 waypoint97 objective1 camera0 high_res)
46.365: (navigate rover4 waypoint59 waypoint42)
46.593: (navigate rover0 waypoint40 waypoint25)
46.300: (calibrate rover1 camera2 objective4 waypoint51)
46.302: (calibrate rover3 camera0 objective1 waypoint97)
46.552: (take_image rover4 waypoint42 objective10 camera3 low_res)
46.306: (navigate rover0 waypoint25 waypoint40)
46.262: (navigate rover4 waypoint42 waypoint59)
46.089: (calibrate rover4 camera5 objective4 waypoint59)
46.106: (take_image rover3 waypoint97 objective4 camera0 high_res)
46.143: (navigate rover4 waypoint59 waypoint42)
46.145: (calibrate rover3 camera0 objective1 waypoint97)
46.387: (take_image rover4 waypoint42 objective10 camera1 low_res)
46.338: (navigate rover4 waypoint42 waypoint59)
46.357: (take_image rover3 waypoint97 objective1 camera0 high_res)
46.386: (navigate rover4 waypoint59 waypoint42)
46.602: (take_image rover4 waypoint42 objective1 camera5 colour)
46.305: (calibrate rover4 camera1 objective2 waypoint42)
46.280: (navigate rover4 waypoint42 waypoint59)
46.545: (take_image rover4 waypoint59 objective8 camera1 high_res)
46.275: (calibrate rover4 camera3 objective8 waypoint59)
46.109: (calibrate rover4 camera5 objective4 waypoint59)
46.087: (calibrate rover3 camera0 objective1 waypoint97)
46.137: (navigate rover4 waypoint59 waypoint42)
45.891: (calibrate rover4 camera1 objective2 waypoint42)
45.823: (navigate rover4 waypoint42 waypoint59)
45.845: (take_image rover3 waypoint97 objective5 camera0 high_res)
45.888: (navigate rover4 waypoint59 waypoint42)
46.056: (take_image rover4 waypoint42 objective2 camera5 colour)
46.022: (navigate rover4 waypoint42 waypoint59)
46.000: (calibrate rover3 camera0 objective1 waypoint97)
46.057: (navigate rover4 waypoint59 waypoint42)
46.301: (take_image rover4 waypoint42 objective10 camera1 low_res)
46.259: (navigate rover4 waypoint42 waypoint59)
46.533: (take_image rover1 waypoint51 objective1 camera2 low_res)
46.364: (calibrate rover4 camera5 objective4 waypoint59)
46.379: (take_image rover3 waypoint97 objective8 camera0 high_res)
46.423: (navigate rover4 waypoint59 waypoint42)
46.138: (calibrate rover1 camera2 objective4 waypoint51)
46.297: (take_image rover4 waypoint42 objective2 camera5 colour)
46.535: (navigate rover0 waypoint40 waypoint25)
46.298: (calibrate rover4 camera1 objective2 waypoint42)
46.303: (calibrate rover3 camera0 objective1 waypoint97)
46.540: (take_image rover4 waypoint42 objective9 camera1 high_res)
46.837: (take_image rover1 waypoint51 objective1 camera2 low_res)
46.594: (calibrate rover4 camera1 objective2 waypoint42)
46.363: (navigate rover0 waypoint25 waypoint40)
46.279: (navigate rover4 waypoint42 waypoint59)
46.101: (calibrate rover4 camera5 objective4 waypoint59)
46.119: (take_image rover3 waypoint97 objective1 camera0 high_res)
46.174: (navigate rover4 waypoint59 waypoint42)
46.176: (calibrate rover3 camera0 objective1 waypoint97)
46.415: (navigate rover0 waypoint40 waypoint25)
46.157: (calibrate rover1 camera2 objective4 waypoint51)
46.154: (take_image rover3 waypoint97 objective1 camera0 high_res)
46.399: (take_image rover4 waypoint42 objective0 camera1 high_res)
46.408: (calibrate rover3 camera0 objective1 waypoint97)
46.661: (take_image rover4 waypoint42 objective2 camera3 low_res)
46.391: (navigate rover0 waypoint25 waypoint40)
46.150: (calibrate rover4 camera1 objective2 waypoint42)
46.085: (navigate rover4 waypoint42 waypoint59)
46.104: (take_image rover3 waypoint97 objective4 camera0 high_res)
46.143: (navigate rover4 waypoint59 waypoint42)
46.301: (take_image rover4 waypoint42 objective10 camera5 high_res)
46.276: (navigate rover4 waypoint42 waypoint59)
46.256: (calibrate rover3 camera0 objective1 waypoint97)
46.304: (navigate rover4 waypoint59 waypoint42)
46.555: (navigate rover0 waypoint40 waypoint25)
46.550: (take_image rover3 waypoint97 objective8 camera0 high_res)
46.840: (navigate rover2 waypoint86 waypoint68)
46.232: (communicate_image_data rover2 general objective7 low_res waypoint68 waypoint25)
45.945: (take_image rover2 waypoint68 objective0 camera4 low_res)
45.445: (communicate_image_data rover2 general objective0 low_res waypoint68 waypoint25)
45.061: (calibrate rover2 camera4 objective2 waypoint68)
44.776: (navigate rover2 waypoint68 waypoint86)
44.493: (navigate rover0 waypoint25 waypoint40)
44.467: (calibrate rover3 camera0 objective1 waypoint97)
44.448: (navigate rover4 waypoint42 waypoint59)
44.185: (calibrate rover4 camera3 objective8 waypoint59)
44.109: (navigate rover4 waypoint59 waypoint42)
44.130: (take_image rover3 waypoint97 objective5 camera0 high_res)
44.289: (navigate rover4 waypoint42 waypoint59)
44.232: (calibrate rover4 camera5 objective4 waypoint59)
44.073: (navigate rover4 waypoint59 waypoint42)
44.000: (calibrate rover3 camera0 objective1 waypoint97)
44.147: (navigate rover4 waypoint42 waypoint59)
44.180: (take_image rover4 waypoint59 objective4 camera5 high_res)
44.106: (navigate rover4 waypoint59 waypoint42)
44.131: (take_image rover3 waypoint97 objective5 camera0 high_res)
44.285: (navigate rover4 waypoint42 waypoint59)
44.232: (calibrate rover4 camera5 objective4 waypoint59)
44.071: (navigate rover4 waypoint59 waypoint42)
43.999: (calibrate rover3 camera0 objective1 waypoint97)
44.151: (navigate rover4 waypoint42 waypoint59)
44.179: (take_image rover4 waypoint59 objective8 camera5 colour)
44.105: (navigate rover4 waypoint59 waypoint42)
44.130: (take_image rover3 waypoint97 objective8 camera0 high_res)
44.282: (navigate rover4 waypoint42 waypoint59)
44.230: (calibrate rover4 camera5 objective4 waypoint59)
44.069: (navigate rover4 waypoint59 waypoint42)
43.998: (calibrate rover3 camera0 objective1 waypoint97)
44.144: (navigate rover4 waypoint42 waypoint59)
44.212: (take_image rover4 waypoint59 objective4 camera5 colour)
44.164: (navigate rover4 waypoint59 waypoint42)
44.187: (take_image rover3 waypoint97 objective8 camera0 high_res)
44.312: (navigate rover4 waypoint42 waypoint59)
44.253: (calibrate rover4 camera5 objective4 waypoint59)
44.075: (navigate rover4 waypoint59 waypoint42)
44.005: (calibrate rover3 camera0 objective1 waypoint97)
44.171: (navigate rover4 waypoint42 waypoint59)
44.301: (take_image rover4 waypoint59 objective4 camera1 high_res)
44.317: (navigate rover4 waypoint59 waypoint42)
44.341: (take_image rover3 waypoint97 objective1 camera0 high_res)
44.341: (navigate rover4 waypoint42 waypoint59)
44.543: (take_image rover4 waypoint59 objective4 camera5 high_res)
44.499: (calibrate rover3 camera0 objective1 waypoint97)
44.501: (navigate rover4 waypoint59 waypoint42)
44.525: (take_image rover3 waypoint97 objective4 camera0 high_res)
44.789: (navigate rover0 waypoint40 waypoint25)
44.459: (calibrate rover4 camera1 objective2 waypoint42)
44.434: (calibrate rover3 camera0 objective1 waypoint97)
44.725: (navigate rover1 waypoint51 waypoint99)
44.469: (navigate rover0 waypoint25 waypoint40)
44.280: (navigate rover1 waypoint99 waypoint84)
43.324: (navigate rover1 waypoint84 waypoint86)
42.498: (navigate rover1 waypoint86 waypoint39)
42.593: (take_image rover3 waypoint97 objective5 camera0 high_res)
42.713: (navigate rover3 waypoint97 waypoint65)
42.576: (navigate rover2 waypoint86 waypoint65)
42.805: (navigate rover0 waypoint40 waypoint25)
43.039: (navigate rover2 waypoint65 waypoint86)
42.781: (navigate rover3 waypoint65 waypoint97)
42.523: (navigate rover2 waypoint86 waypoint68)
42.470: (navigate rover2 waypoint68 waypoint87)
42.285: (navigate rover0 waypoint25 waypoint40)
42.213: (calibrate rover3 camera0 objective1 waypoint97)
42.376: (navigate rover3 waypoint97 waypoint65)
42.428: (take_image rover3 waypoint65 objective0 camera0 high_res)
42.268: (navigate rover3 waypoint65 waypoint97)
42.214: (calibrate rover3 camera0 objective1 waypoint97)
42.377: (navigate rover3 waypoint97 waypoint65)
42.424: (take_image rover3 waypoint65 objective9 camera0 high_res)
42.266: (navigate rover3 waypoint65 waypoint97)
42.211: (calibrate rover3 camera0 objective1 waypoint97)
42.375: (navigate rover3 waypoint97 waypoint65)
42.421: (take_image rover3 waypoint65 objective10 camera0 high_res)
42.271: (navigate rover3 waypoint65 waypoint97)
42.214: (calibrate rover3 camera0 objective1 waypoint97)
42.377: (navigate rover3 waypoint97 waypoint65)
42.424: (take_image rover3 waypoint65 objective7 camera0 high_res)
42.271: (navigate rover3 waypoint65 waypoint97)
42.214: (calibrate rover3 camera0 objective1 waypoint97)
42.377: (navigate rover3 waypoint97 waypoint65)
42.647: (navigate rover0 waypoint40 waypoint25)
42.415: (navigate rover3 waypoint65 waypoint97)
42.460: (take_image rover3 waypoint97 objective1 camera0 high_res)
42.520: (navigate rover2 waypoint87 waypoint68)
42.504: (calibrate rover3 camera0 objective1 waypoint97)
42.628: (navigate rover2 waypoint68 waypoint34)
42.423: (navigate rover0 waypoint25 waypoint40)
42.476: (take_image rover3 waypoint97 objective5 camera0 high_res)
42.654: (navigate rover3 waypoint97 waypoint65)
42.934: (navigate rover2 waypoint34 waypoint68)
42.708: (navigate rover2 waypoint68 waypoint86)
42.566: (navigate rover2 waypoint86 waypoint65)
42.796: (navigate rover0 waypoint40 waypoint25)
43.036: (navigate rover2 waypoint65 waypoint86)
42.773: (navigate rover3 waypoint65 waypoint97)
42.590: (navigate rover0 waypoint25 waypoint40)
42.505: (calibrate rover3 camera0 objective1 waypoint97)
42.633: (navigate rover3 waypoint97 waypoint65)
42.485: (navigate rover2 waypoint86 waypoint65)
42.764: (navigate rover0 waypoint40 waypoint25)
42.981: (navigate rover3 waypoint65 waypoint97)
42.749: (navigate rover2 waypoint65 waypoint86)
42.929: (navigate rover2 waypoint86 waypoint79)
42.819: (navigate rover0 waypoint25 waypoint40)
42.667: (navigate rover4 waypoint42 waypoint59)
42.455: (calibrate rover4 camera5 objective4 waypoint59)
42.542: (take_image rover3 waypoint97 objective1 camera0 high_res)
42.692: (navigate rover4 waypoint59 waypoint42)
42.543: (navigate rover2 waypoint79 waypoint86)
42.478: (calibrate rover3 camera0 objective1 waypoint97)
42.561: (take_image rover1 waypoint39 objective3 camera2 colour)
42.410: (calibrate rover1 camera2 objective4 waypoint39)
42.434: (take_image rover4 waypoint42 objective7 camera5 colour)
42.520: (take_image rover3 waypoint97 objective8 camera0 high_res)
42.643: (navigate rover3 waypoint97 waypoint65)
42.511: (navigate rover2 waypoint86 waypoint65)
42.754: (navigate rover0 waypoint40 waypoint25)
42.988: (navigate rover2 waypoint65 waypoint86)
42.736: (navigate rover3 waypoint65 waypoint97)
42.480: (navigate rover2 waypoint86 waypoint68)
42.420: (navigate rover2 waypoint68 waypoint87)
42.251: (navigate rover0 waypoint25 waypoint40)
42.196: (calibrate rover3 camera0 objective1 waypoint97)
42.358: (navigate rover3 waypoint97 waypoint65)
42.401: (take_image rover3 waypoint65 objective10 camera0 high_res)
42.632: (navigate rover0 waypoint40 waypoint25)
42.776: (navigate rover2 waypoint87 waypoint68)
42.831: (navigate rover2 waypoint68 waypoint76)
41.620: (navigate rover2 waypoint76 waypoint72)
41.005: (sample_soil rover2 rover2store waypoint72)
39.739: (drop rover2 rover2store)
39.392: (navigate rover2 waypoint72 waypoint76)
38.919: (navigate rover2 waypoint76 waypoint68)
37.909: (communicate_soil_data rover2 general waypoint72 waypoint68 waypoint25)
37.583: (navigate rover3 waypoint65 waypoint97)
37.474: (navigate rover2 waypoint68 waypoint87)
37.270: (navigate rover0 waypoint25 waypoint40)
37.212: (calibrate rover3 camera0 objective1 waypoint97)
37.407: (navigate rover3 waypoint97 waypoint65)
37.449: (take_image rover3 waypoint65 objective10 camera0 high_res)
37.683: (navigate rover0 waypoint40 waypoint25)
37.996: (take_image rover4 waypoint42 objective0 camera1 low_res)
37.663: (calibrate rover4 camera1 objective2 waypoint42)
37.439: (navigate rover0 waypoint25 waypoint40)
37.261: (navigate rover3 waypoint65 waypoint97)
37.199: (calibrate rover3 camera0 objective1 waypoint97)
37.393: (navigate rover3 waypoint97 waypoint65)
37.631: (navigate rover0 waypoint40 waypoint25)
37.404: (navigate rover3 waypoint65 waypoint97)
37.455: (take_image rover3 waypoint97 objective1 camera0 high_res)
37.583: (navigate rover2 waypoint87 waypoint68)
37.498: (calibrate rover3 camera0 objective1 waypoint97)
37.606: (communicate_image_data rover2 general objective2 low_res waypoint68 waypoint25)
37.589: (navigate rover2 waypoint68 waypoint87)
37.323: (navigate rover0 waypoint25 waypoint40)
37.375: (take_image rover3 waypoint97 objective5 camera0 high_res)
37.544: (take_image rover4 waypoint42 objective2 camera1 low_res)
37.515: (calibrate rover3 camera0 objective1 waypoint97)
37.708: (navigate rover3 waypoint97 waypoint65)
37.513: (calibrate rover4 camera1 objective2 waypoint42)
37.549: (take_image rover3 waypoint65 objective0 camera0 high_res)
37.725: (take_image rover4 waypoint42 objective0 camera1 high_res)
37.920: (take_image rover2 waypoint87 objective10 camera4 low_res)
37.743: (navigate rover3 waypoint65 waypoint97)
37.591: (calibrate rover4 camera1 objective2 waypoint42)
37.566: (calibrate rover3 camera0 objective1 waypoint97)
37.727: (take_image rover4 waypoint42 objective0 camera1 high_res)
37.919: (navigate rover3 waypoint97 waypoint65)
37.756: (calibrate rover4 camera1 objective2 waypoint42)
37.768: (take_image rover3 waypoint65 objective9 camera0 high_res)
37.971: (take_image rover4 waypoint42 objective9 camera1 low_res)
37.797: (navigate rover3 waypoint65 waypoint97)
37.643: (calibrate rover4 camera1 objective2 waypoint42)
37.619: (calibrate rover3 camera0 objective1 waypoint97)
37.777: (take_image rover4 waypoint42 objective1 camera1 low_res)
37.972: (navigate rover3 waypoint97 waypoint65)
37.808: (calibrate rover4 camera1 objective2 waypoint42)
37.822: (take_image rover3 waypoint65 objective10 camera0 high_res)
38.074: (take_image rover1 waypoint39 objective4 camera2 colour)
37.819: (calibrate rover1 camera2 objective4 waypoint39)
37.645: (navigate rover3 waypoint65 waypoint97)
37.618: (calibrate rover3 camera0 objective1 waypoint97)
37.781: (take_image rover4 waypoint42 objective9 camera1 high_res)
37.795: (take_image rover3 waypoint97 objective8 camera0 high_res)
37.973: (navigate rover3 waypoint97 waypoint65)
38.236: (navigate rover0 waypoint40 waypoint25)
38.034: (navigate rover3 waypoint65 waypoint97)
37.880: (calibrate rover4 camera1 objective2 waypoint42)
37.831: (navigate rover2 waypoint87 waypoint68)
37.627: (calibrate rover2 camera4 objective2 waypoint68)
37.612: (calibrate rover3 camera0 objective1 waypoint97)
37.557: (communicate_image_data rover2 general objective10 low_res waypoint68 waypoint25)
37.392: (navigate rover2 waypoint68 waypoint87)
37.247: (navigate rover0 waypoint25 waypoint40)
37.302: (take_image rover3 waypoint97 objective5 camera0 high_res)
37.450: (navigate rover0 waypoint40 waypoint25)
37.599: (take_image rover4 waypoint42 objective0 camera1 high_res)
37.471: (navigate rover0 waypoint25 waypoint40)
37.441: (calibrate rover3 camera0 objective1 waypoint97)
37.558: (navigate rover0 waypoint40 waypoint25)
37.638: (navigate rover2 waypoint87 waypoint68)
37.641: (take_image rover3 waypoint97 objective1 camera0 high_res)
37.639: (calibrate rover4 camera1 objective2 waypoint42)
37.637: (take_image rover2 waypoint68 objective8 camera4 low_res)
37.392: (communicate_image_data rover2 general objective8 low_res waypoint68 waypoint25)
37.151: (navigate rover0 waypoint25 waypoint40)
36.684: (navigate rover2 waypoint68 waypoint87)
36.656: (calibrate rover3 camera0 objective1 waypoint97)
36.744: (take_image rover1 waypoint39 objective3 camera2 low_res)
36.566: (calibrate rover1 camera2 objective4 waypoint39)
36.590: (take_image rover3 waypoint97 objective5 camera0 high_res)
36.695: (take_image rover1 waypoint39 objective4 camera2 low_res)
36.521: (calibrate rover1 camera2 objective4 waypoint39)
36.488: (calibrate rover3 camera0 objective1 waypoint97)
36.660: (take_image rover1 waypoint39 objective10 camera2 low_res)
36.483: (calibrate rover1 camera2 objective4 waypoint39)
36.512: (take_image rover3 waypoint97 objective5 camera0 high_res)
36.691: (take_image rover1 waypoint39 objective2 camera2 low_res)
36.514: (calibrate rover1 camera2 objective4 waypoint39)
36.486: (calibrate rover3 camera0 objective1 waypoint97)
36.664: (take_image rover1 waypoint39 objective2 camera2 colour)
36.490: (calibrate rover1 camera2 objective4 waypoint39)
36.507: (take_image rover3 waypoint97 objective8 camera0 high_res)
36.690: (take_image rover1 waypoint39 objective3 camera2 low_res)
36.764: (take_image rover0 waypoint40 objective10 camera7 colour)
36.688: (calibrate rover0 camera7 objective10 waypoint40)
36.510: (calibrate rover1 camera2 objective4 waypoint39)
36.490: (calibrate rover3 camera0 objective1 waypoint97)
36.487: (communicate_image_data rover0 general objective10 colour waypoint40 waypoint25)
36.505: (take_image rover3 waypoint97 objective5 camera0 high_res)
36.684: (take_image rover1 waypoint39 objective3 camera2 low_res)
36.660: (calibrate rover3 camera0 objective1 waypoint97)
36.764: (take_image rover0 waypoint40 objective8 camera7 colour)
36.719: (calibrate rover1 camera2 objective4 waypoint39)
36.712: (take_image rover3 waypoint97 objective8 camera0 high_res)
36.756: (take_image rover1 waypoint39 objective2 camera2 low_res)
36.945: (take_image rover4 waypoint42 objective1 camera3 low_res)
36.883: (calibrate rover0 camera7 objective10 waypoint40)
36.709: (calibrate rover1 camera2 objective4 waypoint39)
36.694: (calibrate rover3 camera0 objective1 waypoint97)
36.866: (take_image rover1 waypoint39 objective2 camera2 colour)
36.957: (take_image rover0 waypoint40 objective7 camera7 colour)
36.926: (calibrate rover1 camera2 objective4 waypoint39)
36.916: (take_image rover3 waypoint97 objective8 camera0 high_res)
37.125: (navigate rover3 waypoint97 waypoint65)
36.917: (calibrate rover0 camera7 objective10 waypoint40)
37.091: (take_image rover1 waypoint39 objective2 camera2 colour)
37.134: (take_image rover0 waypoint40 objective8 camera7 colour)
37.646: (navigate rover2 waypoint87 waypoint68)
37.372: (calibrate rover2 camera4 objective2 waypoint68)
36.817: (navigate rover2 waypoint68 waypoint87)
36.636: (navigate rover3 waypoint65 waypoint97)
36.559: (calibrate rover0 camera7 objective10 waypoint40)
36.385: (calibrate rover1 camera2 objective4 waypoint39)
36.340: (calibrate rover3 camera0 objective1 waypoint97)
36.517: (take_image rover1 waypoint39 objective10 camera2 low_res)
36.624: (take_image rover0 waypoint40 objective7 camera7 colour)
36.590: (calibrate rover1 camera2 objective4 waypoint39)
36.599: (take_image rover3 waypoint97 objective4 camera0 high_res)
36.802: (navigate rover3 waypoint97 waypoint65)
36.585: (calibrate rover0 camera7 objective10 waypoint40)
36.758: (take_image rover1 waypoint39 objective2 camera2 colour)
36.818: (take_image rover0 waypoint40 objective3 camera7 colour)
36.636: (navigate rover3 waypoint65 waypoint97)
36.565: (calibrate rover0 camera7 objective10 waypoint40)
36.390: (calibrate rover1 camera2 objective4 waypoint39)
36.337: (communicate_image_data rover0 general objective3 colour waypoint40 waypoint25)
36.295: (calibrate rover3 camera0 objective1 waypoint97)
36.470: (take_image rover1 waypoint39 objective10 camera2 colour)
36.513: (take_image rover3 waypoint97 objective5 camera0 high_res)
36.586: (take_image rover0 waypoint40 objective10 camera7 colour)
36.549: (calibrate rover1 camera2 objective4 waypoint39)
36.539: (calibrate rover3 camera0 objective1 waypoint97)
36.576: (take_image rover1 waypoint39 objective2 camera2 low_res)
36.767: (navigate rover3 waypoint97 waypoint65)
36.691: (calibrate rover0 camera7 objective10 waypoint40)
36.513: (calibrate rover1 camera2 objective4 waypoint39)
36.540: (take_image rover3 waypoint65 objective0 camera0 high_res)
36.714: (take_image rover1 waypoint39 objective2 camera2 colour)
36.768: (take_image rover0 waypoint40 objective3 camera7 colour)
36.754: (calibrate rover1 camera2 objective4 waypoint39)
37.039: (take_image rover4 waypoint42 objective7 camera1 high_res)
36.830: (calibrate rover0 camera7 objective10 waypoint40)
36.628: (navigate rover3 waypoint65 waypoint97)
36.604: (calibrate rover3 camera0 objective1 waypoint97)
36.820: (navigate rover3 waypoint97 waypoint65)
37.036: (take_image rover1 waypoint39 objective3 camera2 colour)
36.826: (navigate rover3 waypoint65 waypoint97)
36.846: (take_image rover3 waypoint97 objective1 camera0 high_res)
36.895: (take_image rover0 waypoint40 objective8 camera7 colour)
36.836: (calibrate rover1 camera2 objective4 waypoint39)
36.841: (calibrate rover3 camera0 objective1 waypoint97)
36.896: (take_image rover1 waypoint39 objective10 camera2 low_res)
37.089: (navigate rover3 waypoint97 waypoint65)
37.051: (calibrate rover1 camera2 objective4 waypoint39)
36.753: (calibrate rover4 camera1 objective2 waypoint42)
37.088: (take_image rover2 waypoint87 objective9 camera4 low_res)
36.861: (calibrate rover0 camera7 objective10 waypoint40)
36.641: (navigate rover3 waypoint65 waypoint97)
36.657: (take_image rover3 waypoint97 objective8 camera0 high_res)
36.834: (take_image rover1 waypoint39 objective4 camera2 colour)
36.815: (calibrate rover3 camera0 objective1 waypoint97)
36.905: (take_image rover0 waypoint40 objective7 camera7 colour)
36.876: (calibrate rover1 camera2 objective4 waypoint39)
36.866: (take_image rover3 waypoint97 objective8 camera0 high_res)
36.892: (take_image rover1 waypoint39 objective10 camera2 colour)
37.081: (navigate rover3 waypoint97 waypoint65)
37.036: (calibrate rover0 camera7 objective10 waypoint40)
36.868: (calibrate rover1 camera2 objective4 waypoint39)
37.074: (take_image rover0 waypoint40 objective8 camera7 colour)
37.339: (take_image rover4 waypoint42 objective10 camera1 high_res)
37.130: (navigate rover3 waypoint65 waypoint97)
36.928: (calibrate rover0 camera7 objective10 waypoint40)
36.913: (calibrate rover3 camera0 objective1 waypoint97)
37.134: (navigate rover3 waypoint97 waypoint65)
37.140: (take_image rover3 waypoint65 objective9 camera0 high_res)
37.573: (navigate rover4 waypoint42 waypoint59)
37.152: (navigate rover3 waypoint65 waypoint97)
36.931: (calibrate rover4 camera3 objective8 waypoint59)
36.670: (navigate rover4 waypoint59 waypoint42)
36.455: (calibrate rover4 camera1 objective2 waypoint42)
36.434: (calibrate rover3 camera0 objective1 waypoint97)
36.608: (take_image rover1 waypoint39 objective10 camera2 low_res)
36.635: (take_image rover3 waypoint97 objective1 camera0 high_res)
36.707: (take_image rover0 waypoint40 objective10 camera7 colour)
36.664: (calibrate rover1 camera2 objective4 waypoint39)
36.670: (calibrate rover3 camera0 objective1 waypoint97)
36.713: (take_image rover1 waypoint39 objective10 camera2 low_res)
36.910: (navigate rover3 waypoint97 waypoint65)
36.828: (calibrate rover0 camera7 objective10 waypoint40)
36.657: (calibrate rover1 camera2 objective4 waypoint39)
36.667: (take_image rover3 waypoint65 objective8 camera0 high_res)
36.839: (take_image rover1 waypoint39 objective3 camera2 colour)
36.898: (take_image rover0 waypoint40 objective3 camera7 colour)
36.879: (calibrate rover1 camera2 objective4 waypoint39)
37.090: (take_image rover4 waypoint42 objective9 camera1 low_res)
36.875: (navigate rover3 waypoint65 waypoint97)
36.880: (calibrate rover3 camera0 objective1 waypoint97)
36.647: (calibrate rover0 camera7 objective10 waypoint40)
36.870: (navigate rover3 waypoint97 waypoint65)
36.881: (take_image rover3 waypoint65 objective10 camera0 high_res)
37.109: (take_image rover1 waypoint39 objective2 camera2 low_res)
36.906: (navigate rover3 waypoint65 waypoint97)
36.880: (calibrate rover3 camera0 objective1 waypoint97)
36.965: (take_image rover0 waypoint40 objective10 camera7 colour)
36.964: (take_image rover3 waypoint97 objective5 camera0 high_res)
37.154: (navigate rover3 waypoint97 waypoint65)
37.661: (navigate rover2 waypoint87 waypoint68)
37.370: (calibrate rover2 camera4 objective2 waypoint68)
36.827: (navigate rover2 waypoint68 waypoint87)
36.578: (calibrate rover4 camera1 objective2 waypoint42)
36.396: (navigate rover3 waypoint65 waypoint97)
36.309: (calibrate rover0 camera7 objective10 waypoint40)
36.250: (calibrate rover3 camera0 objective1 waypoint97)
36.221: (calibrate rover1 camera2 objective4 waypoint39)
36.292: (take_image rover4 waypoint42 objective10 camera3 low_res)
36.332: (take_image rover3 waypoint97 objective4 camera0 high_res)
36.512: (take_image rover1 waypoint39 objective10 camera2 colour)
36.469: (calibrate rover3 camera0 objective1 waypoint97)
36.571: (take_image rover0 waypoint40 objective3 camera7 colour)
36.541: (calibrate rover1 camera2 objective4 waypoint39)
36.551: (take_image rover3 waypoint97 objective1 camera0 high_res)
36.586: (take_image rover1 waypoint39 objective2 camera2 colour)
36.766: (navigate rover3 waypoint97 waypoint65)
36.715: (calibrate rover0 camera7 objective10 waypoint40)
36.541: (calibrate rover1 camera2 objective4 waypoint39)
36.753: (take_image rover0 waypoint40 objective10 camera7 colour)
37.037: (take_image rover4 waypoint42 objective10 camera1 high_res)
36.829: (calibrate rover0 camera7 objective10 waypoint40)
36.627: (navigate rover3 waypoint65 waypoint97)
36.602: (calibrate rover3 camera0 objective1 waypoint97)
36.819: (navigate rover3 waypoint97 waypoint65)
36.515: (calibrate rover4 camera1 objective2 waypoint42)
36.691: (take_image rover1 waypoint39 objective3 camera2 low_res)
36.764: (take_image rover0 waypoint40 objective10 camera7 colour)
36.751: (calibrate rover1 camera2 objective4 waypoint39)
37.050: (take_image rover4 waypoint42 objective2 camera1 low_res)
36.842: (navigate rover3 waypoint65 waypoint97)
36.838: (take_image rover3 waypoint97 objective8 camera0 high_res)
36.893: (take_image rover1 waypoint39 objective2 camera2 colour)
36.846: (calibrate rover0 camera7 objective10 waypoint40)
36.822: (calibrate rover3 camera0 objective1 waypoint97)
36.898: (take_image rover0 waypoint40 objective3 camera7 colour)
37.087: (navigate rover3 waypoint97 waypoint65)
37.033: (calibrate rover0 camera7 objective10 waypoint40)
37.040: (take_image rover3 waypoint65 objective9 camera0 high_res)
37.073: (take_image rover0 waypoint40 objective10 camera7 colour)
37.583: (navigate rover4 waypoint42 waypoint59)
37.180: (navigate rover3 waypoint65 waypoint97)
36.951: (calibrate rover4 camera3 objective8 waypoint59)
36.645: (navigate rover4 waypoint59 waypoint42)
36.573: (calibrate rover1 camera2 objective4 waypoint39)
36.342: (calibrate rover4 camera1 objective2 waypoint42)
36.297: (calibrate rover0 camera7 objective10 waypoint40)
36.355: (take_image rover4 waypoint42 objective10 camera1 low_res)
36.323: (calibrate rover3 camera0 objective1 waypoint97)
36.542: (take_image rover1 waypoint39 objective2 camera2 colour)
36.574: (take_image rover3 waypoint97 objective1 camera0 high_res)
36.774: (navigate rover3 waypoint97 waypoint65)
36.504: (calibrate rover4 camera1 objective2 waypoint42)
36.465: (calibrate rover1 camera2 objective4 waypoint39)
36.546: (take_image rover0 waypoint40 objective3 camera7 colour)
36.779: (take_image rover4 waypoint42 objective9 camera1 low_res)
36.563: (calibrate rover0 camera7 objective10 waypoint40)
37.036: (navigate rover4 waypoint42 waypoint59)
36.678: (navigate rover3 waypoint65 waypoint97)
36.612: (calibrate rover3 camera0 objective1 waypoint97)
36.724: (calibrate rover4 camera5 objective4 waypoint59)
36.334: (navigate rover4 waypoint59 waypoint42)
36.329: (calibrate rover4 camera1 objective2 waypoint42)
36.247: (take_image rover4 waypoint42 objective9 camera3 low_res)
36.324: (take_image rover3 waypoint97 objective8 camera0 high_res)
36.398: (take_image rover0 waypoint40 objective10 camera7 colour)
36.385: (calibrate rover3 camera0 objective1 waypoint97)
36.597: (navigate rover3 waypoint97 waypoint65)
36.444: (calibrate rover0 camera7 objective10 waypoint40)
36.499: (take_image rover3 waypoint65 objective7 camera0 high_res)
36.599: (take_image rover0 waypoint40 objective7 camera7 colour)
36.822: (take_image rover1 waypoint39 objective10 camera2 low_res)
36.606: (calibrate rover0 camera7 objective10 waypoint40)
36.401: (navigate rover3 waypoint65 waypoint97)
36.358: (calibrate rover3 camera0 objective1 waypoint97)
36.579: (navigate rover3 waypoint97 waypoint65)
36.822: (take_image rover0 waypoint40 objective3 camera7 colour)
36.607: (navigate rover3 waypoint65 waypoint97)
36.625: (take_image rover3 waypoint97 objective1 camera0 high_res)
36.908: (navigate rover4 waypoint42 waypoint59)
36.681: (calibrate rover0 camera7 objective10 waypoint40)
36.621: (calibrate rover3 camera0 objective1 waypoint97)
36.655: (calibrate rover1 camera2 objective4 waypoint39)
36.544: (take_image rover4 waypoint59 objective1 camera5 high_res)
36.615: (take_image rover3 waypoint97 objective1 camera0 high_res)
36.687: (calibrate rover4 camera3 objective8 waypoint59)
36.612: (take_image rover4 waypoint59 objective4 camera3 low_res)
36.327: (navigate rover4 waypoint59 waypoint42)
36.287: (calibrate rover3 camera0 objective1 waypoint97)
36.460: (take_image rover1 waypoint39 objective3 camera2 low_res)
36.503: (take_image rover3 waypoint97 objective5 camera0 high_res)
36.576: (take_image rover0 waypoint40 objective10 camera7 colour)
36.541: (calibrate rover1 camera2 objective4 waypoint39)
36.531: (calibrate rover3 camera0 objective1 waypoint97)
36.562: (take_image rover1 waypoint39 objective2 camera2 low_res)
36.757: (navigate rover3 waypoint97 waypoint65)
36.683: (calibrate rover0 camera7 objective10 waypoint40)
36.507: (calibrate rover1 camera2 objective4 waypoint39)
36.531: (take_image rover3 waypoint65 objective8 camera0 high_res)
36.704: (take_image rover1 waypoint39 objective10 camera2 low_res)
36.758: (take_image rover0 waypoint40 objective3 camera7 colour)
36.750: (calibrate rover1 camera2 objective4 waypoint39)
37.033: (take_image rover4 waypoint42 objective9 camera1 high_res)
36.825: (calibrate rover0 camera7 objective10 waypoint40)
36.622: (navigate rover3 waypoint65 waypoint97)
36.597: (calibrate rover3 camera0 objective1 waypoint97)
36.814: (navigate rover3 waypoint97 waypoint65)
37.029: (take_image rover1 waypoint39 objective3 camera2 low_res)
36.820: (navigate rover3 waypoint65 waypoint97)
36.843: (take_image rover3 waypoint97 objective1 camera0 high_res)
36.885: (take_image rover0 waypoint40 objective8 camera7 colour)
36.831: (calibrate rover1 camera2 objective4 waypoint39)
36.835: (calibrate rover3 camera0 objective1 waypoint97)
36.887: (take_image rover1 waypoint39 objective10 camera2 low_res)
37.080: (navigate rover3 waypoint97 waypoint65)
37.046: (calibrate rover1 camera2 objective4 waypoint39)
36.745: (calibrate rover4 camera1 objective2 waypoint42)
37.080: (take_image rover2 waypoint87 objective10 camera4 low_res)
36.858: (calibrate rover0 camera7 objective10 waypoint40)
36.635: (navigate rover3 waypoint65 waypoint97)
36.653: (take_image rover3 waypoint97 objective1 camera0 high_res)
36.827: (take_image rover1 waypoint39 objective2 camera2 low_res)
36.810: (calibrate rover3 camera0 objective1 waypoint97)
36.897: (take_image rover0 waypoint40 objective7 camera7 colour)
36.871: (calibrate rover1 camera2 objective4 waypoint39)
36.861: (take_image rover3 waypoint97 objective8 camera0 high_res)
36.882: (take_image rover1 waypoint39 objective10 camera2 low_res)
37.075: (navigate rover3 waypoint97 waypoint65)
37.032: (calibrate rover0 camera7 objective10 waypoint40)
36.864: (calibrate rover1 camera2 objective4 waypoint39)
37.071: (take_image rover0 waypoint40 objective8 camera7 colour)
37.336: (take_image rover4 waypoint42 objective10 camera1 high_res)
37.126: (navigate rover3 waypoint65 waypoint97)
36.924: (calibrate rover0 camera7 objective10 waypoint40)
36.908: (calibrate rover3 camera0 objective1 waypoint97)
37.131: (navigate rover3 waypoint97 waypoint65)
37.136: (take_image rover3 waypoint65 objective8 camera0 high_res)
37.571: (navigate rover4 waypoint42 waypoint59)
37.151: (navigate rover3 waypoint65 waypoint97)
36.929: (calibrate rover4 camera3 objective8 waypoint59)
36.667: (navigate rover4 waypoint59 waypoint42)
36.450: (calibrate rover4 camera1 objective2 waypoint42)
36.430: (calibrate rover3 camera0 objective1 waypoint97)
36.604: (take_image rover1 waypoint39 objective10 camera2 low_res)
36.628: (take_image rover3 waypoint97 objective8 camera0 high_res)
36.701: (take_image rover0 waypoint40 objective10 camera7 colour)
36.660: (calibrate rover1 camera2 objective4 waypoint39)
36.667: (calibrate rover3 camera0 objective1 waypoint97)
36.707: (take_image rover1 waypoint39 objective4 camera2 low_res)
36.904: (navigate rover3 waypoint97 waypoint65)
36.824: (calibrate rover0 camera7 objective10 waypoint40)
36.652: (calibrate rover1 camera2 objective4 waypoint39)
36.666: (take_image rover3 waypoint65 objective0 camera0 high_res)
36.832: (take_image rover1 waypoint39 objective2 camera2 colour)
36.891: (take_image rover0 waypoint40 objective10 camera7 colour)
36.875: (calibrate rover1 camera2 objective4 waypoint39)
37.087: (take_image rover4 waypoint42 objective9 camera1 low_res)
36.874: (navigate rover3 waypoint65 waypoint97)
36.876: (calibrate rover3 camera0 objective1 waypoint97)
36.641: (calibrate rover0 camera7 objective10 waypoint40)
36.867: (navigate rover3 waypoint97 waypoint65)
36.877: (take_image rover3 waypoint65 objective10 camera0 high_res)
37.104: (take_image rover1 waypoint39 objective3 camera2 low_res)
36.901: (navigate rover3 waypoint65 waypoint97)
36.875: (calibrate rover3 camera0 objective1 waypoint97)
36.956: (take_image rover0 waypoint40 objective8 camera7 colour)
36.955: (take_image rover3 waypoint97 objective8 camera0 high_res)
37.147: (navigate rover3 waypoint97 waypoint65)
37.655: (navigate rover2 waypoint87 waypoint68)
37.366: (calibrate rover2 camera4 objective2 waypoint68)
36.821: (navigate rover2 waypoint68 waypoint87)
36.568: (calibrate rover4 camera1 objective2 waypoint42)
36.387: (navigate rover3 waypoint65 waypoint97)
36.302: (calibrate rover0 camera7 objective10 waypoint40)
36.242: (calibrate rover3 camera0 objective1 waypoint97)
36.214: (calibrate rover1 camera2 objective4 waypoint39)
36.289: (take_image rover3 waypoint97 objective8 camera0 high_res)
36.336: (take_image rover0 waypoint40 objective3 camera7 colour)
36.315: (calibrate rover3 camera0 objective1 waypoint97)
36.366: (take_image rover1 waypoint39 objective4 camera2 low_res)
36.561: (navigate rover3 waypoint97 waypoint65)
36.466: (calibrate rover0 camera7 objective10 waypoint40)
36.407: (calibrate rover1 camera2 objective4 waypoint39)
36.465: (take_image rover3 waypoint65 objective10 camera0 high_res)
36.502: (take_image rover1 waypoint39 objective4 camera2 colour)
36.766: (take_image rover4 waypoint42 objective0 camera1 high_res)
36.558: (calibrate rover1 camera2 objective4 waypoint39)
36.349: (navigate rover3 waypoint65 waypoint97)
36.318: (calibrate rover3 camera0 objective1 waypoint97)
36.537: (take_image rover1 waypoint39 objective4 camera2 low_res)
36.567: (take_image rover3 waypoint97 objective1 camera0 high_res)
36.635: (take_image rover0 waypoint40 objective7 camera7 colour)
36.567: (calibrate rover1 camera2 objective4 waypoint39)
36.564: (calibrate rover3 camera0 objective1 waypoint97)
36.632: (take_image rover1 waypoint39 objective2 camera2 colour)
36.825: (navigate rover3 waypoint97 waypoint65)
36.749: (calibrate rover0 camera7 objective10 waypoint40)
36.541: (calibrate rover1 camera2 objective4 waypoint39)
36.779: (take_image rover0 waypoint40 objective8 camera7 colour)
36.531: (calibrate rover4 camera1 objective2 waypoint42)
36.536: (take_image rover3 waypoint65 objective10 camera0 high_res)
36.776: (take_image rover4 waypoint42 objective0 camera1 high_res)
37.280: (navigate rover4 waypoint42 waypoint59)
36.850: (navigate rover3 waypoint65 waypoint97)
36.672: (calibrate rover0 camera7 objective10 waypoint40)
36.608: (calibrate rover3 camera0 objective1 waypoint97)
36.721: (calibrate rover4 camera5 objective4 waypoint59)
36.329: (navigate rover4 waypoint59 waypoint42)
36.326: (calibrate rover4 camera1 objective2 waypoint42)
36.241: (take_image rover4 waypoint42 objective10 camera3 low_res)
36.320: (take_image rover3 waypoint97 objective8 camera0 high_res)
36.392: (take_image rover0 waypoint40 objective10 camera7 colour)
36.381: (calibrate rover3 camera0 objective1 waypoint97)
36.593: (navigate rover3 waypoint97 waypoint65)
36.441: (calibrate rover0 camera7 objective10 waypoint40)
36.494: (take_image rover3 waypoint65 objective7 camera0 high_res)
36.596: (take_image rover0 waypoint40 objective7 camera7 colour)
36.815: (take_image rover1 waypoint39 objective2 camera2 colour)
36.600: (calibrate rover0 camera7 objective10 waypoint40)
36.394: (navigate rover3 waypoint65 waypoint97)
36.350: (calibrate rover3 camera0 objective1 waypoint97)
36.573: (navigate rover3 waypoint97 waypoint65)
36.816: (take_image rover0 waypoint40 objective10 camera7 colour)
36.600: (navigate rover3 waypoint65 waypoint97)
36.617: (take_image rover3 waypoint97 objective1 camera0 high_res)
36.902: (navigate rover4 waypoint42 waypoint59)
36.675: (calibrate rover0 camera7 objective10 waypoint40)
36.615: (calibrate rover3 camera0 objective1 waypoint97)
36.652: (calibrate rover1 camera2 objective4 waypoint39)
36.539: (take_image rover4 waypoint59 objective8 camera5 colour)
36.609: (calibrate rover4 camera3 objective8 waypoint59)
Failed to find a solution!
