/u/ibrahim.eisawy/Neural-Guided-Search/venv/lib/python3.10/site-packages/pymimir_rgnn/model.py:151: UserWarning: index_reduce() is in beta and the API may change at any time. (Triggered internally at /pytorch/aten/src/ATen/native/cuda/Indexing.cu:1541.)
  max_msg.index_reduce_(0, output_indices, output_messages, reduce='amax', include_self=True)
Torch: 2.12.0+cu130
Using GPU:  NVIDIA L40S
13.688: (calibrate rover0 camera0 objective1 waypoint6)
12.809: (take_image rover0 waypoint6 objective1 camera0 colour)
11.913: (communicate_image_data rover0 general objective1 colour waypoint6 waypoint9)
11.567: (sample_rock rover0 rover0store waypoint6)
10.457: (communicate_rock_data rover0 general waypoint6 waypoint6 waypoint9)
9.354: (drop rover0 rover0store)
8.528: (navigate rover0 waypoint6 waypoint2)
8.023: (sample_rock rover0 rover0store waypoint2)
7.066: (communicate_rock_data rover0 general waypoint2 waypoint2 waypoint9)
6.065: (drop rover0 rover0store)
5.770: (navigate rover0 waypoint2 waypoint6)
4.834: (navigate rover0 waypoint6 waypoint1)
4.136: (sample_rock rover0 rover0store waypoint1)
3.065: (communicate_rock_data rover0 general waypoint1 waypoint1 waypoint9)
1.999: (drop rover0 rover0store)
1.027: (navigate rover0 waypoint1 waypoint7)
0.617: (sample_rock rover0 rover0store waypoint7)
0.574: (drop rover0 rover0store)
0.580: (calibrate rover0 camera0 objective1 waypoint7)
0.631: (navigate rover0 waypoint7 waypoint1)
-0.318: (communicate_rock_data rover0 general waypoint7 waypoint1 waypoint9)
[Final] Expanded: 21, Generated: 155
Found a solution of length 21!
   1: (calibrate rover0 camera0 objective1 waypoint6)
   2: (take_image rover0 waypoint6 objective1 camera0 colour)
   3: (communicate_image_data rover0 general objective1 colour waypoint6 waypoint9)
   4: (sample_rock rover0 rover0store waypoint6)
   5: (communicate_rock_data rover0 general waypoint6 waypoint6 waypoint9)
   6: (drop rover0 rover0store)
   7: (navigate rover0 waypoint6 waypoint2)
   8: (sample_rock rover0 rover0store waypoint2)
   9: (communicate_rock_data rover0 general waypoint2 waypoint2 waypoint9)
  10: (drop rover0 rover0store)
  11: (navigate rover0 waypoint2 waypoint6)
  12: (navigate rover0 waypoint6 waypoint1)
  13: (sample_rock rover0 rover0store waypoint1)
  14: (communicate_rock_data rover0 general waypoint1 waypoint1 waypoint9)
  15: (drop rover0 rover0store)
  16: (navigate rover0 waypoint1 waypoint7)
  17: (sample_rock rover0 rover0store waypoint7)
  18: (drop rover0 rover0store)
  19: (calibrate rover0 camera0 objective1 waypoint7)
  20: (navigate rover0 waypoint7 waypoint1)
  21: (communicate_rock_data rover0 general waypoint7 waypoint1 waypoint9)
