/u/ibrahim.eisawy/Neural-Guided-Search/venv/lib/python3.10/site-packages/pymimir_rgnn/model.py:151: UserWarning: index_reduce() is in beta and the API may change at any time. (Triggered internally at /pytorch/aten/src/ATen/native/cuda/Indexing.cu:1541.)
  max_msg.index_reduce_(0, output_indices, output_messages, reduce='amax', include_self=True)
Torch: 2.12.0+cu130
Using GPU:  NVIDIA L40S
172.222: (navigate rover2 waypoint92 waypoint0)
167.122: (sample_soil rover2 rover2store waypoint0)
165.696: (calibrate rover3 camera1 objective0 waypoint16)
164.325: (take_image rover3 waypoint16 objective2 camera1 low_res)
162.563: (calibrate rover3 camera1 objective0 waypoint16)
161.352: (drop rover2 rover2store)
160.486: (navigate rover4 waypoint11 waypoint69)
159.197: (sample_soil rover4 rover4store waypoint69)
158.192: (calibrate rover4 camera7 objective2 waypoint69)
157.180: (navigate rover4 waypoint69 waypoint76)
156.212: (sample_soil rover1 rover1store waypoint16)
155.273: (drop rover1 rover1store)
154.443: (drop rover4 rover4store)
153.372: (take_image rover4 waypoint76 objective8 camera7 high_res)
152.758: (navigate rover3 waypoint16 waypoint72)
149.975: (sample_rock rover3 rover3store waypoint72)
149.123: (calibrate rover3 camera3 objective9 waypoint72)
148.391: (drop rover3 rover3store)
147.903: (take_image rover3 waypoint72 objective10 camera3 low_res)
147.090: (calibrate rover3 camera3 objective9 waypoint72)
146.606: (navigate rover1 waypoint16 waypoint68)
145.705: (sample_rock rover1 rover1store waypoint68)
144.408: (navigate rover1 waypoint68 waypoint66)
143.145: (communicate_rock_data rover1 general waypoint68 waypoint66 waypoint59)
142.117: (communicate_soil_data rover1 general waypoint16 waypoint66 waypoint59)
141.179: (drop rover1 rover1store)
140.363: (sample_soil rover1 rover1store waypoint66)
139.000: (communicate_soil_data rover1 general waypoint66 waypoint66 waypoint59)
138.063: (drop rover1 rover1store)
137.378: (navigate rover1 waypoint66 waypoint95)
136.348: (sample_soil rover1 rover1store waypoint95)
135.345: (drop rover1 rover1store)
134.789: (navigate rover3 waypoint72 waypoint89)
133.918: (take_image rover3 waypoint89 objective0 camera3 colour)
133.611: (calibrate rover3 camera2 objective0 waypoint89)
133.307: (calibrate rover4 camera5 objective8 waypoint76)
132.267: (take_image rover4 waypoint76 objective3 camera5 high_res)
132.023: (calibrate rover4 camera5 objective8 waypoint76)
131.947: (navigate rover4 waypoint76 waypoint83)
130.782: (sample_soil rover4 rover4store waypoint83)
130.032: (drop rover4 rover4store)
129.982: (navigate rover0 waypoint42 waypoint52)
129.486: (navigate rover1 waypoint95 waypoint66)
128.382: (communicate_soil_data rover1 general waypoint95 waypoint66 waypoint59)
128.412: (navigate rover1 waypoint66 waypoint95)
128.529: (navigate rover0 waypoint52 waypoint42)
128.679: (navigate rover4 waypoint83 waypoint76)
128.688: (navigate rover0 waypoint42 waypoint52)
128.716: (navigate rover0 waypoint52 waypoint54)
127.282: (sample_soil rover0 rover0store waypoint54)
126.145: (drop rover0 rover0store)
125.728: (navigate rover4 waypoint76 waypoint83)
125.856: (navigate rover1 waypoint95 waypoint66)
126.034: (navigate rover4 waypoint83 waypoint76)
126.296: (take_image rover4 waypoint76 objective8 camera5 high_res)
126.116: (navigate rover4 waypoint76 waypoint83)
125.989: (navigate rover1 waypoint66 waypoint95)
126.310: (take_image rover3 waypoint89 objective10 camera2 low_res)
126.048: (calibrate rover4 camera5 objective8 waypoint83)
126.173: (navigate rover1 waypoint95 waypoint66)
126.352: (navigate rover4 waypoint83 waypoint76)
126.463: (navigate rover1 waypoint66 waypoint95)
126.712: (navigate rover4 waypoint76 waypoint72)
125.501: (calibrate rover4 camera7 objective2 waypoint72)
124.938: (take_image rover4 waypoint72 objective6 camera7 colour)
124.308: (calibrate rover4 camera7 objective2 waypoint72)
123.891: (navigate rover4 waypoint72 waypoint76)
123.566: (navigate rover4 waypoint76 waypoint83)
123.250: (calibrate rover3 camera2 objective0 waypoint89)
123.386: (navigate rover1 waypoint95 waypoint66)
123.478: (navigate rover4 waypoint83 waypoint76)
123.580: (navigate rover1 waypoint66 waypoint95)
123.840: (take_image rover4 waypoint76 objective8 camera5 high_res)
123.525: (navigate rover4 waypoint76 waypoint83)
123.660: (navigate rover1 waypoint95 waypoint66)
123.739: (navigate rover4 waypoint83 waypoint76)
123.992: (navigate rover3 waypoint89 waypoint72)
123.729: (calibrate rover4 camera5 objective8 waypoint76)
123.557: (calibrate rover3 camera3 objective9 waypoint72)
123.308: (navigate rover3 waypoint72 waypoint89)
123.214: (navigate rover4 waypoint76 waypoint83)
123.089: (navigate rover1 waypoint66 waypoint95)
123.234: (take_image rover3 waypoint89 objective10 camera3 colour)
123.365: (navigate rover1 waypoint95 waypoint66)
123.460: (navigate rover4 waypoint83 waypoint76)
123.563: (navigate rover1 waypoint66 waypoint95)
123.830: (take_image rover4 waypoint76 objective3 camera5 high_res)
123.510: (navigate rover4 waypoint76 waypoint83)
123.643: (navigate rover1 waypoint95 waypoint66)
123.722: (navigate rover4 waypoint83 waypoint76)
123.990: (navigate rover3 waypoint89 waypoint72)
123.727: (calibrate rover4 camera5 objective8 waypoint76)
123.554: (calibrate rover3 camera3 objective9 waypoint72)
123.295: (navigate rover3 waypoint72 waypoint89)
123.203: (navigate rover4 waypoint76 waypoint83)
123.078: (navigate rover1 waypoint66 waypoint95)
123.235: (take_image rover3 waypoint89 objective0 camera3 low_res)
123.367: (navigate rover1 waypoint95 waypoint66)
123.461: (navigate rover4 waypoint83 waypoint76)
123.562: (navigate rover1 waypoint66 waypoint95)
123.828: (take_image rover4 waypoint76 objective3 camera5 high_res)
123.510: (navigate rover4 waypoint76 waypoint83)
123.644: (navigate rover1 waypoint95 waypoint66)
123.724: (navigate rover4 waypoint83 waypoint76)
123.989: (navigate rover3 waypoint89 waypoint72)
123.727: (calibrate rover4 camera5 objective8 waypoint76)
123.555: (calibrate rover3 camera3 objective9 waypoint72)
123.297: (navigate rover3 waypoint72 waypoint89)
123.204: (navigate rover4 waypoint76 waypoint83)
123.077: (navigate rover1 waypoint66 waypoint95)
123.353: (take_image rover4 waypoint83 objective8 camera5 high_res)
123.480: (navigate rover1 waypoint95 waypoint66)
123.563: (navigate rover4 waypoint83 waypoint76)
123.673: (navigate rover1 waypoint66 waypoint95)
123.408: (calibrate rover4 camera5 objective8 waypoint76)
123.672: (take_image rover4 waypoint76 objective3 camera7 colour)
123.362: (navigate rover4 waypoint76 waypoint83)
123.489: (navigate rover1 waypoint95 waypoint66)
123.559: (navigate rover4 waypoint83 waypoint76)
123.809: (navigate rover3 waypoint89 waypoint72)
124.010: (navigate rover4 waypoint76 waypoint83)
123.977: (navigate rover3 waypoint72 waypoint53)
123.590: (navigate rover3 waypoint53 waypoint85)
122.632: (sample_rock rover3 rover3store waypoint85)
121.807: (drop rover3 rover3store)
121.094: (take_image rover3 waypoint85 objective1 camera3 low_res)
120.878: (navigate rover1 waypoint66 waypoint95)
121.158: (take_image rover4 waypoint83 objective8 camera5 high_res)
121.364: (navigate rover1 waypoint95 waypoint66)
121.499: (navigate rover4 waypoint83 waypoint76)
121.229: (calibrate rover4 camera5 objective8 waypoint76)
121.260: (navigate rover1 waypoint66 waypoint95)
121.408: (navigate rover4 waypoint76 waypoint72)
121.141: (calibrate rover4 camera7 objective2 waypoint72)
121.004: (navigate rover4 waypoint72 waypoint76)
120.615: (navigate rover4 waypoint76 waypoint83)
120.828: (navigate rover1 waypoint95 waypoint66)
120.965: (navigate rover4 waypoint83 waypoint76)
121.227: (take_image rover4 waypoint76 objective8 camera5 high_res)
121.097: (navigate rover4 waypoint76 waypoint83)
120.893: (navigate rover1 waypoint66 waypoint95)
121.140: (take_image rover4 waypoint83 objective4 camera7 colour)
120.859: (calibrate rover4 camera5 objective8 waypoint83)
121.063: (navigate rover1 waypoint95 waypoint66)
121.227: (navigate rover3 waypoint85 waypoint53)
120.704: (navigate rover3 waypoint53 waypoint72)
120.205: (navigate rover3 waypoint72 waypoint89)
119.988: (navigate rover1 waypoint66 waypoint95)
120.267: (take_image rover4 waypoint83 objective8 camera5 high_res)
120.479: (navigate rover1 waypoint95 waypoint66)
120.576: (navigate rover4 waypoint83 waypoint76)
120.301: (calibrate rover4 camera5 objective8 waypoint76)
120.321: (navigate rover1 waypoint66 waypoint95)
120.599: (take_image rover4 waypoint76 objective3 camera5 high_res)
120.830: (take_image rover3 waypoint89 objective10 camera1 low_res)
120.487: (navigate rover4 waypoint76 waypoint83)
120.291: (calibrate rover4 camera5 objective8 waypoint83)
120.495: (take_image rover4 waypoint83 objective4 camera5 high_res)
120.312: (calibrate rover3 camera1 objective0 waypoint89)
120.040: (calibrate rover4 camera5 objective8 waypoint83)
120.254: (navigate rover1 waypoint95 waypoint66)
120.382: (navigate rover4 waypoint83 waypoint76)
120.400: (navigate rover1 waypoint66 waypoint95)
120.674: (take_image rover4 waypoint76 objective8 camera5 high_res)
120.650: (navigate rover1 waypoint95 waypoint66)
120.525: (navigate rover4 waypoint76 waypoint83)
120.717: (take_image rover3 waypoint89 objective0 camera1 low_res)
120.556: (calibrate rover4 camera5 objective8 waypoint83)
120.337: (navigate rover1 waypoint66 waypoint95)
120.704: (navigate rover4 waypoint83 waypoint76)
120.683: (navigate rover1 waypoint95 waypoint66)
120.848: (take_image rover4 waypoint76 objective3 camera5 high_res)
120.860: (navigate rover1 waypoint66 waypoint95)
121.178: (navigate rover3 waypoint89 waypoint72)
121.018: (calibrate rover4 camera5 objective8 waypoint76)
120.887: (navigate rover1 waypoint95 waypoint66)
120.793: (calibrate rover3 camera3 objective9 waypoint72)
120.607: (navigate rover3 waypoint72 waypoint89)
120.302: (calibrate rover3 camera1 objective0 waypoint89)
120.193: (navigate rover4 waypoint76 waypoint83)
119.982: (navigate rover1 waypoint66 waypoint95)
120.265: (take_image rover4 waypoint83 objective4 camera5 high_res)
120.469: (navigate rover1 waypoint95 waypoint66)
120.578: (navigate rover4 waypoint83 waypoint76)
120.615: (navigate rover1 waypoint66 waypoint95)
120.335: (calibrate rover4 camera5 objective8 waypoint76)
120.626: (navigate rover3 waypoint89 waypoint72)
120.496: (navigate rover1 waypoint95 waypoint66)
120.491: (take_image rover3 waypoint72 objective6 camera3 low_res)
120.274: (navigate rover3 waypoint72 waypoint89)
120.146: (navigate rover4 waypoint76 waypoint83)
119.934: (navigate rover1 waypoint66 waypoint95)
120.204: (take_image rover4 waypoint83 objective4 camera5 high_res)
120.384: (take_image rover3 waypoint89 objective0 camera1 low_res)
120.230: (calibrate rover4 camera5 objective8 waypoint83)
120.445: (navigate rover1 waypoint95 waypoint66)
120.573: (navigate rover4 waypoint83 waypoint76)
120.597: (navigate rover1 waypoint66 waypoint95)
120.299: (calibrate rover3 camera1 objective0 waypoint89)
120.571: (take_image rover4 waypoint76 objective3 camera5 high_res)
120.535: (navigate rover1 waypoint95 waypoint66)
120.416: (navigate rover4 waypoint76 waypoint83)
120.597: (take_image rover3 waypoint89 objective10 camera1 low_res)
120.722: (navigate rover4 waypoint83 waypoint76)
120.735: (navigate rover1 waypoint66 waypoint95)
121.066: (navigate rover3 waypoint89 waypoint72)
120.914: (calibrate rover4 camera5 objective8 waypoint76)
120.783: (navigate rover1 waypoint95 waypoint66)
120.718: (calibrate rover3 camera3 objective9 waypoint72)
120.521: (navigate rover3 waypoint72 waypoint89)
120.215: (calibrate rover3 camera1 objective0 waypoint89)
120.103: (navigate rover4 waypoint76 waypoint83)
119.897: (navigate rover1 waypoint66 waypoint95)
120.177: (take_image rover4 waypoint83 objective8 camera5 high_res)
120.379: (navigate rover1 waypoint95 waypoint66)
120.488: (navigate rover4 waypoint83 waypoint76)
120.530: (navigate rover1 waypoint66 waypoint95)
120.252: (calibrate rover4 camera5 objective8 waypoint76)
120.544: (take_image rover3 waypoint89 objective10 camera2 low_res)
120.190: (navigate rover4 waypoint76 waypoint83)
120.227: (take_image rover3 waypoint89 objective0 camera3 colour)
120.443: (navigate rover1 waypoint95 waypoint66)
120.573: (navigate rover4 waypoint83 waypoint76)
120.597: (navigate rover1 waypoint66 waypoint95)
120.867: (take_image rover4 waypoint76 objective3 camera5 high_res)
120.504: (navigate rover4 waypoint76 waypoint83)
120.713: (navigate rover1 waypoint95 waypoint66)
120.832: (navigate rover4 waypoint83 waypoint76)
121.050: (navigate rover3 waypoint89 waypoint72)
120.779: (calibrate rover4 camera5 objective8 waypoint76)
120.706: (calibrate rover3 camera3 objective9 waypoint72)
120.511: (navigate rover3 waypoint72 waypoint89)
120.397: (navigate rover4 waypoint76 waypoint83)
120.673: (take_image rover4 waypoint83 objective4 camera5 high_res)
120.471: (navigate rover1 waypoint66 waypoint95)
120.752: (take_image rover3 waypoint89 objective0 camera1 low_res)
120.417: (calibrate rover3 camera2 objective0 waypoint89)
120.199: (calibrate rover4 camera5 objective8 waypoint83)
120.407: (navigate rover1 waypoint95 waypoint66)
120.609: (take_image rover4 waypoint83 objective8 camera5 high_res)
120.740: (navigate rover4 waypoint83 waypoint76)
120.782: (navigate rover1 waypoint66 waypoint95)
120.555: (calibrate rover4 camera5 objective8 waypoint76)
120.849: (navigate rover3 waypoint89 waypoint72)
120.798: (navigate rover4 waypoint76 waypoint83)
120.848: (take_image rover3 waypoint72 objective10 camera3 low_res)
120.929: (navigate rover1 waypoint95 waypoint66)
120.882: (calibrate rover3 camera3 objective9 waypoint72)
120.933: (take_image rover3 waypoint72 objective6 camera3 colour)
120.445: (navigate rover3 waypoint72 waypoint89)
120.145: (calibrate rover3 camera1 objective0 waypoint89)
119.933: (navigate rover1 waypoint66 waypoint95)
120.205: (take_image rover4 waypoint83 objective4 camera5 high_res)
120.383: (take_image rover3 waypoint89 objective10 camera1 low_res)
120.230: (calibrate rover4 camera5 objective8 waypoint83)
120.597: (navigate rover4 waypoint83 waypoint76)
120.299: (calibrate rover3 camera1 objective0 waypoint89)
120.273: (navigate rover1 waypoint95 waypoint66)
120.498: (navigate rover3 waypoint89 waypoint72)
120.418: (calibrate rover3 camera3 objective9 waypoint72)
120.215: (navigate rover3 waypoint72 waypoint89)
120.099: (navigate rover4 waypoint76 waypoint83)
119.893: (navigate rover1 waypoint66 waypoint95)
120.174: (take_image rover4 waypoint83 objective8 camera5 high_res)
120.376: (navigate rover1 waypoint95 waypoint66)
120.415: (take_image rover3 waypoint89 objective0 camera3 low_res)
120.537: (navigate rover4 waypoint83 waypoint76)
120.570: (navigate rover1 waypoint66 waypoint95)
120.740: (take_image rover3 waypoint89 objective0 camera1 low_res)
120.724: (navigate rover1 waypoint95 waypoint66)
120.572: (calibrate rover4 camera5 objective8 waypoint76)
120.788: (navigate rover3 waypoint89 waypoint72)
120.716: (calibrate rover3 camera3 objective9 waypoint72)
120.519: (navigate rover3 waypoint72 waypoint89)
120.403: (navigate rover4 waypoint76 waypoint83)
120.198: (navigate rover1 waypoint66 waypoint95)
120.414: (take_image rover4 waypoint83 objective8 camera5 high_res)
120.606: (navigate rover1 waypoint95 waypoint66)
120.596: (take_image rover3 waypoint89 objective0 camera3 colour)
120.877: (navigate rover1 waypoint66 waypoint68)
119.576: (navigate rover1 waypoint68 waypoint17)
119.412: (calibrate rover3 camera1 objective0 waypoint89)
119.156: (calibrate rover4 camera5 objective8 waypoint83)
119.448: (take_image rover3 waypoint89 objective10 camera2 low_res)
119.706: (take_image rover4 waypoint83 objective4 camera5 high_res)
119.926: (take_image rover3 waypoint89 objective0 camera1 low_res)
119.846: (calibrate rover4 camera5 objective8 waypoint83)
119.453: (calibrate rover3 camera2 objective0 waypoint89)
119.752: (navigate rover1 waypoint17 waypoint22)
119.369: (sample_soil rover1 rover1store waypoint22)
118.095: (navigate rover1 waypoint22 waypoint24)
116.938: (drop rover1 rover1store)
116.536: (sample_soil rover1 rover1store waypoint24)
115.339: (drop rover1 rover1store)
114.994: (navigate rover1 waypoint24 waypoint22)
113.761: (navigate rover1 waypoint22 waypoint17)
113.462: (calibrate rover3 camera1 objective0 waypoint89)
113.604: (navigate rover1 waypoint17 waypoint64)
113.317: (sample_rock rover1 rover1store waypoint64)
111.890: (navigate rover1 waypoint64 waypoint17)
110.671: (drop rover1 rover1store)
110.480: (navigate rover1 waypoint17 waypoint48)
110.742: (take_image rover4 waypoint83 objective4 camera5 high_res)
110.916: (take_image rover3 waypoint89 objective10 camera1 low_res)
110.780: (calibrate rover4 camera5 objective8 waypoint83)
110.966: (navigate rover1 waypoint48 waypoint17)
111.025: (navigate rover1 waypoint17 waypoint9)
110.723: (calibrate rover3 camera1 objective0 waypoint89)
110.989: (take_image rover4 waypoint83 objective4 camera5 high_res)
110.927: (navigate rover1 waypoint9 waypoint17)
111.035: (navigate rover1 waypoint17 waypoint47)
109.236: (sample_soil rover1 rover1store waypoint47)
108.027: (drop rover1 rover1store)
107.508: (sample_rock rover1 rover1store waypoint47)
106.132: (drop rover1 rover1store)
105.202: (navigate rover1 waypoint47 waypoint2)
104.764: (sample_soil rover1 rover1store waypoint2)
103.367: (drop rover1 rover1store)
103.100: (calibrate rover4 camera5 objective8 waypoint83)
103.024: (navigate rover1 waypoint2 waypoint47)
102.149: (navigate rover1 waypoint47 waypoint11)
102.418: (take_image rover4 waypoint83 objective4 camera5 high_res)
102.598: (take_image rover3 waypoint89 objective0 camera1 low_res)
102.446: (calibrate rover4 camera5 objective8 waypoint83)
102.721: (navigate rover0 waypoint54 waypoint52)
102.422: (calibrate rover3 camera1 objective0 waypoint89)
102.272: (navigate rover0 waypoint52 waypoint97)
100.718: (communicate_soil_data rover0 general waypoint54 waypoint97 waypoint59)
100.322: (sample_soil rover0 rover0store waypoint97)
98.508: (navigate rover0 waypoint97 waypoint52)
97.262: (drop rover0 rover0store)
96.956: (navigate rover0 waypoint52 waypoint42)
97.118: (sample_soil rover0 rover0store waypoint42)
95.793: (drop rover0 rover0store)
95.013: (navigate rover0 waypoint42 waypoint52)
94.468: (navigate rover0 waypoint52 waypoint54)
94.734: (take_image rover4 waypoint83 objective8 camera5 high_res)
94.910: (take_image rover3 waypoint89 objective0 camera1 low_res)
94.760: (calibrate rover4 camera5 objective8 waypoint83)
95.147: (take_image rover3 waypoint89 objective0 camera2 low_res)
94.757: (calibrate rover3 camera1 objective0 waypoint89)
95.025: (take_image rover4 waypoint83 objective8 camera5 high_res)
95.263: (take_image rover3 waypoint89 objective0 camera1 low_res)
95.755: (navigate rover1 waypoint11 waypoint47)
95.191: (navigate rover1 waypoint47 waypoint17)
94.303: (navigate rover1 waypoint17 waypoint48)
93.958: (calibrate rover3 camera2 objective0 waypoint89)
93.783: (calibrate rover3 camera1 objective0 waypoint89)
93.518: (calibrate rover4 camera5 objective8 waypoint83)
93.812: (take_image rover3 waypoint89 objective0 camera2 low_res)
94.074: (take_image rover4 waypoint83 objective8 camera5 high_res)
94.352: (take_image rover3 waypoint89 objective10 camera1 high_res)
94.015: (calibrate rover3 camera2 objective0 waypoint89)
93.825: (calibrate rover3 camera1 objective0 waypoint89)
93.552: (calibrate rover4 camera5 objective8 waypoint83)
93.843: (take_image rover3 waypoint89 objective0 camera2 low_res)
94.114: (take_image rover4 waypoint83 objective8 camera5 high_res)
94.479: (take_image rover3 waypoint89 objective0 camera1 high_res)
94.156: (calibrate rover3 camera2 objective0 waypoint89)
93.934: (calibrate rover3 camera1 objective0 waypoint89)
93.677: (calibrate rover4 camera5 objective8 waypoint83)
93.986: (take_image rover3 waypoint89 objective0 camera1 low_res)
94.366: (take_image rover3 waypoint89 objective0 camera2 low_res)
93.985: (calibrate rover3 camera1 objective0 waypoint89)
94.241: (take_image rover4 waypoint83 objective4 camera5 high_res)
94.799: (navigate rover2 waypoint0 waypoint63)
93.651: (sample_soil rover2 rover2store waypoint63)
92.014: (navigate rover2 waypoint63 waypoint0)
91.145: (drop rover2 rover2store)
90.836: (calibrate rover3 camera2 objective0 waypoint89)
90.581: (calibrate rover4 camera5 objective8 waypoint83)
90.886: (take_image rover3 waypoint89 objective0 camera2 low_res)
91.269: (take_image rover3 waypoint89 objective10 camera1 low_res)
90.889: (calibrate rover3 camera2 objective0 waypoint89)
91.060: (take_image rover4 waypoint83 objective4 camera5 high_res)
91.379: (take_image rover3 waypoint89 objective0 camera2 low_res)
91.948: (sample_rock rover0 rover0store waypoint54)
90.578: (drop rover0 rover0store)
89.675: (navigate rover0 waypoint54 waypoint52)
89.353: (calibrate rover3 camera2 objective0 waypoint89)
89.135: (calibrate rover3 camera1 objective0 waypoint89)
88.877: (calibrate rover4 camera5 objective8 waypoint83)
88.809: (navigate rover0 waypoint52 waypoint83)
88.390: (sample_rock rover0 rover0store waypoint83)
87.077: (drop rover0 rover0store)
87.066: (navigate rover0 waypoint83 waypoint52)
86.996: (navigate rover0 waypoint52 waypoint30)
87.267: (take_image rover4 waypoint83 objective8 camera5 high_res)
87.334: (navigate rover0 waypoint30 waypoint52)
87.343: (navigate rover0 waypoint52 waypoint83)
87.578: (take_image rover3 waypoint89 objective0 camera1 low_res)
87.391: (calibrate rover4 camera5 objective8 waypoint83)
87.379: (navigate rover0 waypoint83 waypoint52)
87.311: (navigate rover0 waypoint52 waypoint30)
87.496: (take_image rover4 waypoint83 objective4 camera5 high_res)
87.560: (navigate rover0 waypoint30 waypoint52)
87.897: (take_image rover3 waypoint89 objective10 camera2 low_res)
87.646: (calibrate rover3 camera1 objective0 waypoint89)
87.377: (calibrate rover4 camera5 objective8 waypoint83)
87.309: (navigate rover0 waypoint52 waypoint30)
87.577: (take_image rover4 waypoint83 objective4 camera5 high_res)
87.837: (take_image rover3 waypoint89 objective10 camera1 low_res)
87.700: (calibrate rover4 camera5 objective8 waypoint83)
87.770: (navigate rover0 waypoint30 waypoint52)
87.778: (navigate rover0 waypoint52 waypoint83)
87.390: (calibrate rover3 camera1 objective0 waypoint89)
87.658: (take_image rover4 waypoint83 objective8 camera5 high_res)
87.911: (take_image rover3 waypoint89 objective10 camera1 low_res)
88.462: (navigate rover1 waypoint48 waypoint17)
87.684: (navigate rover1 waypoint17 waypoint9)
87.342: (calibrate rover3 camera2 objective0 waypoint89)
87.103: (calibrate rover3 camera1 objective0 waypoint89)
86.844: (calibrate rover4 camera5 objective8 waypoint83)
86.999: (navigate rover1 waypoint9 waypoint85)
87.131: (navigate rover0 waypoint83 waypoint52)
86.943: (navigate rover0 waypoint52 waypoint30)
86.845: (navigate rover1 waypoint85 waypoint9)
87.102: (take_image rover4 waypoint83 objective8 camera5 high_res)
87.211: (navigate rover1 waypoint9 waypoint85)
87.401: (navigate rover0 waypoint30 waypoint52)
87.263: (navigate rover0 waypoint52 waypoint83)
87.497: (take_image rover3 waypoint89 objective10 camera1 high_res)
87.303: (calibrate rover4 camera5 objective8 waypoint83)
87.157: (navigate rover1 waypoint85 waypoint9)
87.446: (navigate rover0 waypoint83 waypoint52)
87.137: (calibrate rover3 camera1 objective0 waypoint89)
87.299: (navigate rover0 waypoint52 waypoint92)
87.285: (navigate rover1 waypoint9 waypoint85)
87.554: (take_image rover4 waypoint83 objective4 camera5 high_res)
87.558: (navigate rover1 waypoint85 waypoint9)
87.392: (navigate rover0 waypoint92 waypoint52)
87.610: (navigate rover0 waypoint52 waypoint57)
87.351: (calibrate rover4 camera5 objective8 waypoint83)
87.429: (navigate rover1 waypoint9 waypoint85)
87.689: (take_image rover4 waypoint83 objective4 camera5 high_res)
87.934: (take_image rover3 waypoint89 objective0 camera1 high_res)
87.628: (navigate rover0 waypoint57 waypoint52)
87.434: (calibrate rover4 camera5 objective8 waypoint83)
87.246: (navigate rover0 waypoint52 waypoint30)
87.152: (navigate rover1 waypoint85 waypoint9)
87.340: (take_image rover4 waypoint83 objective8 camera5 high_res)
87.446: (navigate rover1 waypoint9 waypoint85)
87.805: (take_image rover3 waypoint89 objective10 camera2 low_res)
87.513: (calibrate rover3 camera1 objective0 waypoint89)
87.245: (calibrate rover4 camera5 objective8 waypoint83)
87.152: (navigate rover1 waypoint85 waypoint9)
87.415: (take_image rover4 waypoint83 objective8 camera5 high_res)
87.689: (take_image rover3 waypoint89 objective10 camera1 high_res)
87.558: (calibrate rover4 camera5 objective8 waypoint83)
87.653: (navigate rover1 waypoint9 waypoint85)
87.838: (navigate rover0 waypoint30 waypoint52)
87.432: (calibrate rover3 camera1 objective0 waypoint89)
87.299: (navigate rover0 waypoint52 waypoint83)
87.156: (navigate rover1 waypoint85 waypoint9)
87.417: (take_image rover4 waypoint83 objective8 camera5 high_res)
87.565: (navigate rover1 waypoint9 waypoint85)
87.701: (navigate rover0 waypoint83 waypoint52)
87.704: (navigate rover1 waypoint85 waypoint9)
87.446: (calibrate rover4 camera5 objective8 waypoint83)
87.610: (navigate rover0 waypoint52 waypoint92)
87.586: (navigate rover1 waypoint9 waypoint85)
87.856: (take_image rover4 waypoint83 objective4 camera5 high_res)
87.870: (navigate rover1 waypoint85 waypoint9)
88.140: (take_image rover3 waypoint89 objective0 camera1 low_res)
87.802: (calibrate rover3 camera2 objective0 waypoint89)
87.608: (calibrate rover4 camera5 objective8 waypoint83)
87.587: (navigate rover1 waypoint9 waypoint85)
87.786: (take_image rover4 waypoint83 objective8 camera5 high_res)
88.151: (take_image rover3 waypoint89 objective0 camera2 low_res)
87.990: (navigate rover0 waypoint92 waypoint52)
87.853: (navigate rover0 waypoint52 waypoint83)
87.708: (calibrate rover4 camera5 objective8 waypoint83)
87.555: (navigate rover1 waypoint85 waypoint9)
87.849: (navigate rover0 waypoint83 waypoint52)
87.979: (take_image rover4 waypoint83 objective4 camera5 high_res)
87.634: (calibrate rover3 camera2 objective0 waypoint89)
87.851: (navigate rover0 waypoint52 waypoint57)
87.657: (calibrate rover4 camera5 objective8 waypoint83)
87.720: (navigate rover1 waypoint9 waypoint85)
88.137: (take_image rover3 waypoint89 objective10 camera2 low_res)
87.724: (calibrate rover3 camera1 objective0 waypoint89)
87.659: (navigate rover1 waypoint85 waypoint9)
87.920: (take_image rover4 waypoint83 objective4 camera5 high_res)
87.989: (navigate rover1 waypoint9 waypoint85)
88.303: (take_image rover3 waypoint89 objective10 camera1 low_res)
88.197: (navigate rover1 waypoint85 waypoint9)
88.063: (calibrate rover4 camera5 objective8 waypoint83)
88.667: (navigate rover0 waypoint57 waypoint11)
88.264: (calibrate rover3 camera2 objective0 waypoint89)
87.955: (calibrate rover3 camera1 objective0 waypoint89)
87.935: (navigate rover1 waypoint9 waypoint85)
88.204: (take_image rover4 waypoint83 objective4 camera5 high_res)
88.221: (navigate rover1 waypoint85 waypoint9)
88.462: (take_image rover3 waypoint89 objective0 camera1 low_res)
88.442: (navigate rover1 waypoint9 waypoint85)
88.238: (calibrate rover4 camera5 objective8 waypoint83)
88.641: (take_image rover3 waypoint89 objective0 camera2 low_res)
88.236: (calibrate rover3 camera1 objective0 waypoint89)
88.266: (navigate rover1 waypoint85 waypoint9)
88.534: (take_image rover4 waypoint83 objective8 camera5 high_res)
88.505: (navigate rover1 waypoint9 waypoint85)
88.803: (take_image rover3 waypoint89 objective10 camera1 low_res)
88.805: (navigate rover1 waypoint85 waypoint9)
89.295: (navigate rover1 waypoint9 waypoint17)
88.819: (navigate rover1 waypoint17 waypoint56)
88.278: (navigate rover0 waypoint11 waypoint57)
87.931: (calibrate rover3 camera2 objective0 waypoint89)
87.617: (navigate rover0 waypoint57 waypoint52)
87.389: (calibrate rover3 camera1 objective0 waypoint89)
87.129: (calibrate rover4 camera5 objective8 waypoint83)
86.922: (navigate rover0 waypoint52 waypoint30)
87.180: (take_image rover4 waypoint83 objective8 camera5 high_res)
87.415: (take_image rover3 waypoint89 objective0 camera1 high_res)
87.228: (calibrate rover4 camera5 objective8 waypoint83)
87.436: (navigate rover0 waypoint30 waypoint52)
87.336: (navigate rover0 waypoint52 waypoint83)
87.025: (calibrate rover3 camera1 objective0 waypoint89)
87.286: (take_image rover4 waypoint83 objective8 camera5 high_res)
87.514: (take_image rover3 waypoint89 objective0 camera1 high_res)
87.856: (take_image rover3 waypoint89 objective0 camera2 low_res)
87.599: (calibrate rover3 camera1 objective0 waypoint89)
87.335: (calibrate rover4 camera5 objective8 waypoint83)
87.437: (navigate rover0 waypoint83 waypoint52)
87.228: (navigate rover0 waypoint52 waypoint30)
87.493: (take_image rover4 waypoint83 objective4 camera5 high_res)
87.699: (navigate rover0 waypoint30 waypoint52)
87.925: (navigate rover0 waypoint52 waypoint92)
87.612: (calibrate rover3 camera2 objective0 waypoint89)
87.352: (calibrate rover4 camera5 objective8 waypoint83)
87.662: (take_image rover3 waypoint89 objective10 camera1 high_res)
87.837: (take_image rover4 waypoint83 objective4 camera5 high_res)
88.179: (take_image rover3 waypoint89 objective10 camera2 low_res)
87.957: (navigate rover0 waypoint92 waypoint52)
87.756: (navigate rover0 waypoint52 waypoint30)
87.634: (calibrate rover4 camera5 objective8 waypoint83)
87.837: (navigate rover0 waypoint30 waypoint52)
87.733: (navigate rover0 waypoint52 waypoint83)
88.317: (navigate rover4 waypoint83 waypoint76)
87.832: (navigate rover4 waypoint76 waypoint72)
87.419: (calibrate rover3 camera1 objective0 waypoint89)
87.120: (calibrate rover3 camera2 objective0 waypoint89)
86.941: (calibrate rover4 camera7 objective2 waypoint72)
87.104: (take_image rover4 waypoint72 objective2 camera7 high_res)
86.924: (calibrate rover4 camera7 objective2 waypoint72)
87.099: (take_image rover4 waypoint72 objective6 camera7 high_res)
86.924: (calibrate rover4 camera7 objective2 waypoint72)
87.099: (take_image rover4 waypoint72 objective10 camera7 high_res)
86.928: (calibrate rover4 camera7 objective2 waypoint72)
87.099: (take_image rover4 waypoint72 objective10 camera7 colour)
86.928: (calibrate rover4 camera7 objective2 waypoint72)
87.099: (take_image rover4 waypoint72 objective2 camera7 colour)
86.929: (calibrate rover4 camera7 objective2 waypoint72)
87.179: (take_image rover4 waypoint72 objective10 camera5 high_res)
87.353: (take_image rover4 waypoint72 objective10 camera7 high_res)
87.589: (take_image rover3 waypoint89 objective0 camera1 low_res)
87.501: (calibrate rover4 camera7 objective2 waypoint72)
87.715: (take_image rover4 waypoint72 objective9 camera7 colour)
87.485: (calibrate rover3 camera1 objective0 waypoint89)
87.298: (calibrate rover4 camera7 objective2 waypoint72)
87.481: (take_image rover4 waypoint72 objective9 camera7 high_res)
87.305: (calibrate rover4 camera7 objective2 waypoint72)
87.605: (navigate rover0 waypoint83 waypoint52)
87.354: (navigate rover0 waypoint52 waypoint30)
87.528: (take_image rover4 waypoint72 objective6 camera7 high_res)
87.769: (take_image rover3 waypoint89 objective0 camera1 low_res)
87.666: (calibrate rover4 camera7 objective2 waypoint72)
87.919: (navigate rover0 waypoint30 waypoint52)
87.628: (navigate rover0 waypoint52 waypoint83)
87.717: (take_image rover4 waypoint72 objective10 camera7 high_res)
88.024: (navigate rover0 waypoint83 waypoint52)
87.785: (calibrate rover3 camera1 objective0 waypoint89)
87.963: (navigate rover0 waypoint52 waypoint92)
87.794: (calibrate rover4 camera7 objective2 waypoint72)
88.107: (take_image rover3 waypoint89 objective10 camera2 low_res)
87.917: (navigate rover0 waypoint92 waypoint52)
87.621: (navigate rover0 waypoint52 waypoint83)
87.786: (take_image rover4 waypoint72 objective2 camera7 colour)
88.085: (take_image rover3 waypoint89 objective0 camera1 low_res)
88.042: (calibrate rover4 camera7 objective2 waypoint72)
88.344: (navigate rover0 waypoint83 waypoint52)
88.091: (navigate rover0 waypoint52 waypoint30)
87.667: (calibrate rover3 camera1 objective0 waypoint89)
87.834: (take_image rover4 waypoint72 objective9 camera7 colour)
88.086: (navigate rover0 waypoint30 waypoint52)
88.270: (navigate rover0 waypoint52 waypoint92)
88.562: (take_image rover3 waypoint89 objective10 camera1 low_res)
88.194: (calibrate rover3 camera2 objective0 waypoint89)
88.111: (calibrate rover4 camera7 objective2 waypoint72)
88.528: (take_image rover3 waypoint89 objective10 camera2 low_res)
88.988: (navigate rover4 waypoint72 waypoint76)
88.246: (navigate rover4 waypoint76 waypoint83)
87.831: (calibrate rover3 camera2 objective0 waypoint89)
87.508: (calibrate rover3 camera1 objective0 waypoint89)
87.244: (calibrate rover4 camera5 objective8 waypoint83)
87.033: (navigate rover0 waypoint92 waypoint52)
86.817: (navigate rover0 waypoint52 waypoint30)
86.997: (take_image rover4 waypoint83 objective8 camera7 high_res)
87.232: (navigate rover0 waypoint30 waypoint52)
87.102: (navigate rover0 waypoint52 waypoint83)
87.373: (take_image rover4 waypoint83 objective8 camera5 high_res)
87.506: (navigate rover0 waypoint83 waypoint52)
87.268: (navigate rover0 waypoint52 waypoint30)
87.519: (take_image rover3 waypoint89 objective10 camera1 low_res)
87.311: (calibrate rover4 camera5 objective8 waypoint83)
87.544: (navigate rover0 waypoint30 waypoint52)
87.421: (navigate rover0 waypoint52 waypoint83)
87.619: (take_image rover4 waypoint83 objective4 camera5 high_res)
87.757: (navigate rover0 waypoint83 waypoint52)
87.942: (navigate rover0 waypoint52 waypoint92)
87.703: (calibrate rover3 camera1 objective0 waypoint89)
87.431: (calibrate rover4 camera5 objective8 waypoint83)
87.742: (take_image rover3 waypoint89 objective10 camera1 low_res)
88.135: (take_image rover3 waypoint89 objective0 camera2 low_res)
87.746: (calibrate rover3 camera1 objective0 waypoint89)
87.545: (navigate rover0 waypoint92 waypoint52)
87.314: (navigate rover0 waypoint52 waypoint30)
87.586: (take_image rover4 waypoint83 objective8 camera5 high_res)
87.818: (navigate rover0 waypoint30 waypoint52)
87.689: (navigate rover0 waypoint52 waypoint83)
87.417: (calibrate rover4 camera5 objective8 waypoint83)
87.805: (take_image rover3 waypoint89 objective0 camera1 high_res)
87.933: (navigate rover0 waypoint83 waypoint52)
87.698: (navigate rover0 waypoint52 waypoint30)
87.851: (take_image rover4 waypoint83 objective4 camera5 high_res)
88.090: (navigate rover0 waypoint30 waypoint52)
87.950: (navigate rover0 waypoint52 waypoint83)
88.574: (navigate rover4 waypoint83 waypoint76)
88.215: (calibrate rover3 camera2 objective0 waypoint89)
87.961: (calibrate rover3 camera1 objective0 waypoint89)
87.681: (calibrate rover4 camera5 objective8 waypoint76)
87.222: (navigate rover4 waypoint76 waypoint72)
87.050: (calibrate rover4 camera7 objective2 waypoint72)
87.350: (navigate rover0 waypoint83 waypoint52)
87.102: (navigate rover0 waypoint52 waypoint30)
87.272: (take_image rover4 waypoint72 objective2 camera7 colour)
87.527: (navigate rover0 waypoint30 waypoint52)
87.704: (navigate rover0 waypoint52 waypoint92)
87.541: (calibrate rover4 camera7 objective2 waypoint72)
87.863: (take_image rover3 waypoint89 objective10 camera1 low_res)
87.674: (navigate rover0 waypoint92 waypoint52)
87.379: (navigate rover0 waypoint52 waypoint83)
87.532: (take_image rover4 waypoint72 objective6 camera7 high_res)
87.834: (navigate rover0 waypoint83 waypoint52)
87.576: (navigate rover0 waypoint52 waypoint30)
87.421: (calibrate rover4 camera7 objective2 waypoint72)
87.842: (take_image rover3 waypoint89 objective10 camera2 low_res)
87.425: (calibrate rover3 camera1 objective0 waypoint89)
87.572: (take_image rover4 waypoint72 objective2 camera7 colour)
87.829: (navigate rover0 waypoint30 waypoint52)
87.528: (navigate rover0 waypoint52 waypoint83)
87.378: (calibrate rover4 camera7 objective2 waypoint72)
87.676: (navigate rover0 waypoint83 waypoint52)
87.865: (navigate rover0 waypoint52 waypoint92)
88.007: (take_image rover4 waypoint72 objective2 camera7 high_res)
88.410: (take_image rover3 waypoint89 objective0 camera1 low_res)
88.013: (calibrate rover3 camera2 objective0 waypoint89)
88.493: (navigate rover4 waypoint72 waypoint76)
88.181: (calibrate rover3 camera1 objective0 waypoint89)
88.104: (navigate rover0 waypoint92 waypoint52)
87.758: (navigate rover0 waypoint52 waypoint30)
88.027: (take_image rover4 waypoint76 objective3 camera5 high_res)
88.279: (take_image rover3 waypoint89 objective0 camera1 high_res)
88.072: (calibrate rover4 camera5 objective8 waypoint76)
88.415: (navigate rover0 waypoint30 waypoint52)
88.000: (navigate rover0 waypoint52 waypoint83)
88.399: (take_image rover3 waypoint89 objective0 camera2 low_res)
87.924: (navigate rover4 waypoint76 waypoint72)
87.791: (calibrate rover4 camera7 objective2 waypoint72)
88.096: (navigate rover0 waypoint83 waypoint52)
88.227: (take_image rover4 waypoint72 objective6 camera7 colour)
87.974: (navigate rover0 waypoint52 waypoint30)
88.134: (take_image rover4 waypoint72 objective2 camera5 high_res)
88.391: (navigate rover0 waypoint30 waypoint52)
88.649: (navigate rover0 waypoint52 waypoint57)
88.277: (calibrate rover3 camera2 objective0 waypoint89)
88.049: (calibrate rover3 camera1 objective0 waypoint89)
87.875: (calibrate rover4 camera7 objective2 waypoint72)
88.186: (take_image rover3 waypoint89 objective10 camera2 low_res)
88.350: (take_image rover4 waypoint72 objective2 camera7 colour)
88.846: (navigate rover0 waypoint57 waypoint11)
88.544: (calibrate rover3 camera2 objective0 waypoint89)
88.365: (calibrate rover4 camera7 objective2 waypoint72)
88.678: (take_image rover3 waypoint89 objective10 camera2 low_res)
89.030: (navigate rover4 waypoint72 waypoint76)
88.477: (navigate rover4 waypoint76 waypoint83)
87.937: (navigate rover0 waypoint11 waypoint57)
87.612: (calibrate rover3 camera2 objective0 waypoint89)
87.299: (navigate rover0 waypoint57 waypoint52)
87.082: (navigate rover0 waypoint52 waypoint30)
87.263: (take_image rover4 waypoint83 objective8 camera7 colour)
86.997: (calibrate rover4 camera5 objective8 waypoint83)
87.229: (navigate rover0 waypoint30 waypoint52)
87.102: (navigate rover0 waypoint52 waypoint83)
87.372: (take_image rover4 waypoint83 objective8 camera5 high_res)
87.499: (navigate rover0 waypoint83 waypoint52)
87.697: (navigate rover0 waypoint52 waypoint92)
87.429: (calibrate rover4 camera5 objective8 waypoint83)
87.740: (take_image rover3 waypoint89 objective0 camera1 high_res)
87.540: (navigate rover0 waypoint92 waypoint52)
87.307: (navigate rover0 waypoint52 waypoint30)
87.519: (take_image rover4 waypoint83 objective8 camera5 high_res)
87.758: (navigate rover0 waypoint30 waypoint52)
87.621: (navigate rover0 waypoint52 waypoint83)
87.415: (calibrate rover4 camera5 objective8 waypoint83)
87.803: (take_image rover3 waypoint89 objective10 camera2 low_res)
87.417: (calibrate rover3 camera1 objective0 waypoint89)
87.539: (navigate rover0 waypoint83 waypoint52)
87.307: (navigate rover0 waypoint52 waypoint30)
87.582: (take_image rover4 waypoint83 objective8 camera5 high_res)
87.815: (navigate rover0 waypoint30 waypoint52)
87.689: (navigate rover0 waypoint52 waypoint83)
87.948: (take_image rover3 waypoint89 objective0 camera1 high_res)
88.090: (navigate rover0 waypoint83 waypoint52)
87.849: (navigate rover0 waypoint52 waypoint30)
87.696: (calibrate rover4 camera5 objective8 waypoint83)
87.927: (navigate rover0 waypoint30 waypoint52)
88.133: (navigate rover0 waypoint52 waypoint92)
87.740: (calibrate rover3 camera1 objective0 waypoint89)
88.013: (take_image rover4 waypoint83 objective8 camera5 high_res)
88.275: (take_image rover3 waypoint89 objective0 camera1 high_res)
87.940: (calibrate rover3 camera2 objective0 waypoint89)
88.651: (navigate rover2 waypoint0 waypoint92)
87.868: (navigate rover2 waypoint92 waypoint75)
87.429: (sample_soil rover2 rover2store waypoint75)
86.334: (navigate rover2 waypoint75 waypoint77)
85.090: (communicate_soil_data rover2 general waypoint75 waypoint77 waypoint59)
84.033: (drop rover2 rover2store)
82.577: (sample_soil rover2 rover2store waypoint77)
81.276: (communicate_soil_data rover2 general waypoint77 waypoint77 waypoint59)
80.170: (communicate_soil_data rover2 general waypoint0 waypoint77 waypoint59)
79.058: (communicate_soil_data rover2 general waypoint63 waypoint77 waypoint59)
78.166: (drop rover2 rover2store)
77.927: (calibrate rover3 camera1 objective0 waypoint89)
77.646: (calibrate rover4 camera5 objective8 waypoint83)
77.510: (navigate rover0 waypoint92 waypoint52)
77.054: (navigate rover0 waypoint52 waypoint30)
77.002: (navigate rover2 waypoint77 waypoint75)
76.973: (navigate rover2 waypoint75 waypoint92)
76.846: (navigate rover2 waypoint92 waypoint0)
76.821: (navigate rover0 waypoint30 waypoint52)
76.908: (navigate rover0 waypoint52 waypoint83)
77.172: (take_image rover4 waypoint83 objective4 camera5 high_res)
77.092: (navigate rover0 waypoint83 waypoint52)
77.115: (navigate rover0 waypoint52 waypoint30)
77.255: (navigate rover2 waypoint0 waypoint92)
77.167: (navigate rover2 waypoint92 waypoint27)
76.739: (navigate rover2 waypoint27 waypoint80)
76.389: (sample_soil rover2 rover2store waypoint80)
75.316: (drop rover2 rover2store)
74.924: (navigate rover2 waypoint80 waypoint27)
74.623: (navigate rover2 waypoint27 waypoint41)
73.784: (navigate rover2 waypoint41 waypoint25)
73.382: (sample_soil rover2 rover2store waypoint25)
72.384: (drop rover2 rover2store)
72.118: (calibrate rover4 camera5 objective8 waypoint83)
71.883: (navigate rover2 waypoint25 waypoint41)
71.899: (navigate rover2 waypoint41 waypoint27)
71.701: (navigate rover2 waypoint27 waypoint92)
71.601: (navigate rover2 waypoint92 waypoint0)
71.646: (navigate rover0 waypoint30 waypoint52)
71.685: (navigate rover0 waypoint52 waypoint83)
71.959: (take_image rover4 waypoint83 objective4 camera5 high_res)
71.910: (navigate rover0 waypoint83 waypoint52)
71.864: (navigate rover0 waypoint52 waypoint30)
71.977: (navigate rover2 waypoint0 waypoint92)
71.995: (navigate rover2 waypoint92 waypoint26)
71.718: (calibrate rover4 camera5 objective8 waypoint83)
71.496: (navigate rover2 waypoint26 waypoint88)
70.833: (navigate rover2 waypoint88 waypoint5)
69.167: (sample_soil rover2 rover2store waypoint5)
68.252: (drop rover2 rover2store)
67.665: (navigate rover2 waypoint5 waypoint88)
67.583: (navigate rover2 waypoint88 waypoint26)
67.631: (navigate rover2 waypoint26 waypoint92)
67.482: (navigate rover2 waypoint92 waypoint0)
67.558: (navigate rover0 waypoint30 waypoint52)
67.594: (navigate rover0 waypoint52 waypoint83)
67.859: (take_image rover4 waypoint83 objective8 camera5 high_res)
67.828: (navigate rover0 waypoint83 waypoint52)
67.751: (navigate rover0 waypoint52 waypoint30)
67.905: (navigate rover2 waypoint0 waypoint92)
67.861: (navigate rover2 waypoint92 waypoint26)
67.942: (navigate rover2 waypoint26 waypoint88)
68.191: (take_image rover3 waypoint89 objective0 camera1 high_res)
67.966: (calibrate rover4 camera5 objective8 waypoint83)
67.887: (navigate rover2 waypoint88 waypoint26)
67.932: (navigate rover2 waypoint26 waypoint92)
67.781: (navigate rover2 waypoint92 waypoint0)
67.853: (navigate rover0 waypoint30 waypoint52)
67.891: (navigate rover0 waypoint52 waypoint83)
68.115: (take_image rover4 waypoint83 objective4 camera5 high_res)
68.077: (navigate rover0 waypoint83 waypoint52)
68.002: (navigate rover0 waypoint52 waypoint30)
68.162: (navigate rover2 waypoint0 waypoint92)
68.116: (navigate rover2 waypoint92 waypoint26)
68.354: (navigate rover2 waypoint26 waypoint9)
68.101: (calibrate rover3 camera1 objective0 waypoint89)
67.827: (calibrate rover4 camera5 objective8 waypoint83)
67.693: (navigate rover2 waypoint9 waypoint93)
67.972: (take_image rover4 waypoint83 objective8 camera5 high_res)
68.225: (take_image rover3 waypoint89 objective0 camera1 high_res)
67.994: (calibrate rover4 camera5 objective8 waypoint83)
68.128: (navigate rover2 waypoint93 waypoint9)
68.035: (navigate rover2 waypoint9 waypoint3)
67.735: (calibrate rover3 camera1 objective0 waypoint89)
68.009: (take_image rover4 waypoint83 objective4 camera5 high_res)
68.265: (take_image rover3 waypoint89 objective10 camera1 low_res)
68.594: (take_image rover3 waypoint89 objective10 camera2 low_res)
68.312: (calibrate rover3 camera1 objective0 waypoint89)
68.035: (calibrate rover4 camera5 objective8 waypoint83)
68.127: (navigate rover2 waypoint3 waypoint9)
67.886: (navigate rover2 waypoint9 waypoint26)
67.930: (navigate rover2 waypoint26 waypoint92)
67.781: (navigate rover2 waypoint92 waypoint0)
67.853: (navigate rover0 waypoint30 waypoint52)
67.891: (navigate rover0 waypoint52 waypoint83)
68.163: (take_image rover4 waypoint83 objective8 camera5 high_res)
68.125: (navigate rover0 waypoint83 waypoint52)
68.052: (navigate rover0 waypoint52 waypoint30)
68.207: (navigate rover2 waypoint0 waypoint92)
68.163: (navigate rover2 waypoint92 waypoint26)
68.241: (navigate rover2 waypoint26 waypoint88)
67.966: (calibrate rover4 camera5 objective8 waypoint83)
68.345: (take_image rover3 waypoint89 objective0 camera1 high_res)
68.265: (navigate rover2 waypoint88 waypoint26)
68.312: (navigate rover2 waypoint26 waypoint92)
68.177: (navigate rover2 waypoint92 waypoint0)
68.246: (navigate rover0 waypoint30 waypoint52)
68.283: (navigate rover0 waypoint52 waypoint83)
68.444: (take_image rover4 waypoint83 objective8 camera5 high_res)
68.414: (navigate rover0 waypoint83 waypoint52)
68.342: (navigate rover0 waypoint52 waypoint30)
68.488: (navigate rover2 waypoint0 waypoint92)
68.441: (navigate rover2 waypoint92 waypoint26)
68.518: (navigate rover2 waypoint26 waypoint88)
68.926: (navigate rover1 waypoint56 waypoint17)
68.455: (navigate rover1 waypoint17 waypoint96)
68.130: (calibrate rover3 camera2 objective0 waypoint89)
67.877: (calibrate rover3 camera1 objective0 waypoint89)
67.594: (calibrate rover4 camera5 objective8 waypoint83)
67.420: (navigate rover1 waypoint96 waypoint41)
67.381: (navigate rover2 waypoint88 waypoint26)
67.443: (navigate rover2 waypoint26 waypoint92)
67.345: (navigate rover2 waypoint92 waypoint0)
67.368: (navigate rover1 waypoint41 waypoint96)
67.545: (navigate rover0 waypoint30 waypoint52)
67.421: (navigate rover1 waypoint96 waypoint41)
67.406: (navigate rover0 waypoint52 waypoint83)
67.530: (navigate rover1 waypoint41 waypoint96)
67.805: (take_image rover4 waypoint83 objective4 camera5 high_res)
67.682: (navigate rover1 waypoint96 waypoint41)
67.706: (navigate rover0 waypoint83 waypoint52)
67.626: (navigate rover0 waypoint52 waypoint30)
67.643: (navigate rover1 waypoint41 waypoint96)
67.818: (navigate rover0 waypoint30 waypoint52)
68.072: (take_image rover3 waypoint89 objective10 camera1 low_res)
67.845: (calibrate rover4 camera5 objective8 waypoint83)
67.673: (navigate rover0 waypoint52 waypoint30)
67.643: (navigate rover1 waypoint96 waypoint41)
67.723: (navigate rover0 waypoint30 waypoint52)
67.708: (navigate rover0 waypoint52 waypoint83)
67.837: (navigate rover1 waypoint41 waypoint96)
68.057: (take_image rover4 waypoint83 objective4 camera5 high_res)
67.930: (navigate rover1 waypoint96 waypoint41)
67.956: (navigate rover0 waypoint83 waypoint52)
67.883: (navigate rover0 waypoint52 waypoint30)
67.899: (navigate rover1 waypoint41 waypoint96)
68.098: (navigate rover2 waypoint0 waypoint30)
67.560: (navigate rover2 waypoint30 waypoint31)
66.385: (communicate_soil_data rover2 general waypoint80 waypoint31 waypoint59)
65.389: (communicate_soil_data rover2 general waypoint25 waypoint31 waypoint59)
64.435: (communicate_soil_data rover2 general waypoint5 waypoint31 waypoint59)
64.161: (calibrate rover3 camera1 objective0 waypoint89)
63.874: (calibrate rover4 camera5 objective8 waypoint83)
63.837: (navigate rover1 waypoint96 waypoint41)
63.815: (sample_soil rover2 rover2store waypoint31)
62.359: (communicate_soil_data rover2 general waypoint31 waypoint31 waypoint59)
61.508: (drop rover2 rover2store)
61.460: (navigate rover2 waypoint31 waypoint30)
61.326: (navigate rover2 waypoint30 waypoint0)
60.889: (navigate rover0 waypoint30 waypoint52)
60.946: (navigate rover0 waypoint52 waypoint83)
61.094: (navigate rover1 waypoint41 waypoint96)
61.031: (navigate rover0 waypoint83 waypoint52)
61.310: (take_image rover4 waypoint83 objective8 camera5 high_res)
61.168: (navigate rover1 waypoint96 waypoint41)
61.224: (navigate rover0 waypoint52 waypoint83)
61.373: (navigate rover1 waypoint41 waypoint96)
61.640: (take_image rover3 waypoint89 objective10 camera1 low_res)
61.404: (calibrate rover4 camera5 objective8 waypoint83)
61.252: (navigate rover1 waypoint96 waypoint41)
61.191: (navigate rover0 waypoint83 waypoint52)
61.337: (navigate rover1 waypoint41 waypoint96)
61.573: (take_image rover4 waypoint83 objective4 camera5 high_res)
61.440: (navigate rover1 waypoint96 waypoint41)
61.489: (navigate rover0 waypoint52 waypoint83)
61.830: (take_image rover3 waypoint89 objective0 camera2 low_res)
61.530: (calibrate rover3 camera1 objective0 waypoint89)
61.251: (calibrate rover4 camera5 objective8 waypoint83)
61.189: (navigate rover0 waypoint83 waypoint52)
61.338: (navigate rover1 waypoint41 waypoint96)
61.404: (navigate rover0 waypoint52 waypoint83)
61.678: (take_image rover4 waypoint83 objective4 camera5 high_res)
61.611: (navigate rover0 waypoint83 waypoint52)
61.472: (navigate rover1 waypoint96 waypoint41)
61.787: (take_image rover3 waypoint89 objective10 camera1 low_res)
61.586: (calibrate rover4 camera5 objective8 waypoint83)
61.650: (navigate rover0 waypoint52 waypoint83)
61.794: (navigate rover1 waypoint41 waypoint96)
61.725: (navigate rover0 waypoint83 waypoint52)
61.921: (take_image rover4 waypoint83 objective8 camera5 high_res)
61.972: (navigate rover0 waypoint52 waypoint83)
62.420: (navigate rover4 waypoint83 waypoint76)
62.064: (calibrate rover3 camera2 objective0 waypoint89)
61.792: (calibrate rover3 camera1 objective0 waypoint89)
61.517: (calibrate rover4 camera5 objective8 waypoint76)
61.270: (navigate rover4 waypoint76 waypoint72)
61.025: (navigate rover1 waypoint96 waypoint41)
60.813: (navigate rover0 waypoint83 waypoint52)
60.640: (calibrate rover4 camera7 objective2 waypoint72)
60.852: (navigate rover0 waypoint52 waypoint83)
61.095: (navigate rover1 waypoint41 waypoint96)
61.094: (navigate rover0 waypoint83 waypoint52)
61.265: (take_image rover4 waypoint72 objective2 camera7 colour)
61.527: (take_image rover4 waypoint72 objective9 camera5 high_res)
61.085: (navigate rover1 waypoint96 waypoint41)
60.895: (calibrate rover4 camera7 objective2 waypoint72)
61.107: (navigate rover0 waypoint52 waypoint83)
61.291: (take_image rover4 waypoint72 objective9 camera7 colour)
61.537: (navigate rover1 waypoint41 waypoint96)
61.353: (calibrate rover4 camera7 objective2 waypoint72)
61.352: (navigate rover0 waypoint83 waypoint52)
61.649: (take_image rover3 waypoint89 objective10 camera2 low_res)
61.196: (navigate rover1 waypoint96 waypoint41)
61.370: (take_image rover4 waypoint72 objective10 camera7 high_res)
61.585: (navigate rover0 waypoint52 waypoint83)
61.401: (calibrate rover4 camera7 objective2 waypoint72)
61.652: (navigate rover1 waypoint41 waypoint96)
61.831: (take_image rover4 waypoint72 objective10 camera7 high_res)
61.820: (navigate rover0 waypoint83 waypoint52)
62.133: (navigate rover0 waypoint52 waypoint30)
61.700: (navigate rover1 waypoint96 waypoint41)
61.409: (calibrate rover3 camera2 objective0 waypoint89)
61.223: (calibrate rover4 camera7 objective2 waypoint72)
61.379: (navigate rover2 waypoint0 waypoint30)
61.443: (navigate rover2 waypoint30 waypoint31)
61.396: (navigate rover0 waypoint30 waypoint52)
61.536: (navigate rover2 waypoint31 waypoint30)
61.149: (navigate rover2 waypoint30 waypoint78)
61.339: (take_image rover4 waypoint72 objective10 camera7 high_res)
61.540: (navigate rover0 waypoint52 waypoint83)
61.346: (calibrate rover4 camera7 objective2 waypoint72)
61.506: (navigate rover1 waypoint41 waypoint96)
61.532: (navigate rover0 waypoint83 waypoint52)
61.724: (take_image rover4 waypoint72 objective6 camera7 colour)
61.700: (navigate rover0 waypoint52 waypoint83)
61.949: (take_image rover3 waypoint89 objective10 camera1 high_res)
61.770: (navigate rover1 waypoint96 waypoint41)
61.575: (navigate rover0 waypoint83 waypoint52)
61.449: (calibrate rover4 camera7 objective2 waypoint72)
61.657: (navigate rover0 waypoint52 waypoint83)
61.813: (navigate rover1 waypoint41 waypoint96)
61.836: (navigate rover0 waypoint83 waypoint52)
61.964: (take_image rover4 waypoint72 objective6 camera7 high_res)
62.289: (navigate rover0 waypoint52 waypoint30)
61.910: (navigate rover1 waypoint96 waypoint41)
61.672: (calibrate rover3 camera1 objective0 waypoint89)
61.481: (calibrate rover4 camera7 objective2 waypoint72)
61.780: (take_image rover3 waypoint89 objective10 camera2 low_res)
61.444: (navigate rover0 waypoint30 waypoint52)
61.631: (take_image rover4 waypoint72 objective9 camera7 high_res)
61.833: (navigate rover0 waypoint52 waypoint83)
61.651: (calibrate rover4 camera7 objective2 waypoint72)
61.808: (navigate rover1 waypoint41 waypoint96)
61.833: (navigate rover0 waypoint83 waypoint52)
62.011: (take_image rover4 waypoint72 objective6 camera7 colour)
61.991: (navigate rover0 waypoint52 waypoint83)
62.298: (take_image rover3 waypoint89 objective10 camera1 low_res)
62.124: (navigate rover1 waypoint96 waypoint41)
61.931: (navigate rover0 waypoint83 waypoint52)
61.858: (calibrate rover4 camera7 objective2 waypoint72)
62.052: (navigate rover0 waypoint52 waypoint83)
62.215: (navigate rover1 waypoint41 waypoint96)
62.246: (navigate rover0 waypoint83 waypoint52)
62.316: (take_image rover4 waypoint72 objective10 camera7 colour)
62.643: (navigate rover0 waypoint52 waypoint30)
62.265: (navigate rover1 waypoint96 waypoint41)
61.963: (calibrate rover3 camera1 objective0 waypoint89)
61.871: (navigate rover2 waypoint78 waypoint30)
61.578: (calibrate rover3 camera2 objective0 waypoint89)
61.644: (navigate rover2 waypoint30 waypoint31)
61.596: (navigate rover0 waypoint30 waypoint52)
61.739: (navigate rover2 waypoint31 waypoint30)
61.818: (navigate rover2 waypoint30 waypoint46)
61.619: (calibrate rover4 camera7 objective2 waypoint72)
61.627: (navigate rover0 waypoint52 waypoint30)
61.833: (take_image rover4 waypoint72 objective2 camera7 high_res)
62.097: (take_image rover3 waypoint89 objective10 camera1 high_res)
61.843: (navigate rover2 waypoint46 waypoint30)
61.670: (navigate rover2 waypoint30 waypoint0)
Failed to find a solution!
