/u/ibrahim.eisawy/Neural-Guided-Search/venv/lib/python3.10/site-packages/pymimir_rgnn/model.py:151: UserWarning: index_reduce() is in beta and the API may change at any time. (Triggered internally at /pytorch/aten/src/ATen/native/cuda/Indexing.cu:1541.)
  max_msg.index_reduce_(0, output_indices, output_messages, reduce='amax', include_self=True)
Torch: 2.12.0+cu130
Using GPU:  NVIDIA L40S
45.700: (sample_rock rover0 rover0store waypoint2)
44.088: (communicate_rock_data rover0 general waypoint2 waypoint2 waypoint24)
42.982: (drop rover0 rover0store)
42.266: (navigate rover0 waypoint2 waypoint1)
41.588: (navigate rover1 waypoint11 waypoint22)
40.583: (sample_soil rover0 rover0store waypoint1)
39.439: (drop rover0 rover0store)
38.547: (communicate_soil_data rover0 general waypoint1 waypoint1 waypoint24)
38.170: (sample_rock rover0 rover0store waypoint1)
36.568: (communicate_rock_data rover0 general waypoint1 waypoint1 waypoint24)
35.428: (drop rover0 rover0store)
35.134: (navigate rover0 waypoint1 waypoint7)
33.829: (navigate rover0 waypoint7 waypoint23)
32.369: (calibrate rover0 camera3 objective0 waypoint23)
31.590: (take_image rover0 waypoint23 objective2 camera3 low_res)
30.519: (calibrate rover0 camera3 objective0 waypoint23)
28.545: (take_image rover0 waypoint23 objective0 camera3 high_res)
28.247: (calibrate rover0 camera3 objective0 waypoint23)
28.276: (navigate rover0 waypoint23 waypoint7)
27.209: (navigate rover0 waypoint7 waypoint12)
25.721: (sample_soil rover0 rover0store waypoint12)
24.553: (drop rover0 rover0store)
23.784: (sample_rock rover0 rover0store waypoint12)
22.668: (drop rover0 rover0store)
22.667: (navigate rover0 waypoint12 waypoint7)
21.554: (navigate rover0 waypoint7 waypoint1)
20.270: (communicate_rock_data rover0 general waypoint12 waypoint1 waypoint24)
19.242: (communicate_soil_data rover0 general waypoint12 waypoint1 waypoint24)
18.231: (communicate_image_data rover0 general objective2 low_res waypoint1 waypoint24)
18.111: (take_image rover0 waypoint1 objective3 camera3 high_res)
17.853: (navigate rover0 waypoint1 waypoint8)
17.664: (sample_rock rover0 rover0store waypoint8)
16.556: (drop rover0 rover0store)
16.129: (navigate rover0 waypoint8 waypoint1)
14.727: (communicate_rock_data rover0 general waypoint8 waypoint1 waypoint24)
14.817: (navigate rover0 waypoint1 waypoint21)
14.816: (navigate rover1 waypoint22 waypoint13)
13.993: (calibrate rover1 camera2 objective2 waypoint13)
11.799: (take_image rover1 waypoint13 objective2 camera2 colour)
11.461: (calibrate rover1 camera2 objective2 waypoint13)
11.211: (navigate rover1 waypoint13 waypoint22)
11.000: (navigate rover0 waypoint21 waypoint1)
11.220: (navigate rover0 waypoint1 waypoint8)
11.591: (navigate rover1 waypoint22 waypoint13)
11.603: (navigate rover0 waypoint8 waypoint1)
11.629: (navigate rover0 waypoint1 waypoint2)
10.999: (navigate rover0 waypoint2 waypoint3)
10.386: (navigate rover0 waypoint3 waypoint14)
9.494: (sample_rock rover0 rover0store waypoint14)
8.064: (communicate_rock_data rover0 general waypoint14 waypoint14 waypoint24)
6.904: (drop rover0 rover0store)
6.677: (navigate rover0 waypoint14 waypoint3)
6.655: (navigate rover0 waypoint3 waypoint2)
6.271: (navigate rover0 waypoint2 waypoint5)
6.473: (take_image rover1 waypoint13 objective2 camera2 low_res)
6.234: (calibrate rover1 camera2 objective2 waypoint13)
6.621: (navigate rover0 waypoint5 waypoint2)
6.448: (navigate rover0 waypoint2 waypoint6)
6.789: (take_image rover1 waypoint13 objective2 camera2 low_res)
6.874: (navigate rover0 waypoint6 waypoint2)
6.702: (navigate rover0 waypoint2 waypoint9)
6.470: (calibrate rover1 camera2 objective2 waypoint13)
6.861: (navigate rover1 waypoint13 waypoint22)
7.166: (navigate rover0 waypoint9 waypoint2)
6.413: (navigate rover0 waypoint2 waypoint22)
5.877: (navigate rover0 waypoint22 waypoint13)
5.227: (navigate rover1 waypoint22 waypoint13)
5.083: (sample_soil rover0 rover0store waypoint13)
3.880: (drop rover0 rover0store)
4.136: (take_image rover1 waypoint13 objective2 camera2 low_res)
4.550: (sample_rock rover0 rover0store waypoint13)
4.319: (calibrate rover1 camera2 objective2 waypoint13)
4.148: (drop rover0 rover0store)
4.380: (take_image rover1 waypoint13 objective2 camera2 low_res)
4.647: (navigate rover1 waypoint13 waypoint22)
4.462: (navigate rover1 waypoint22 waypoint8)
4.557: (navigate rover0 waypoint13 waypoint22)
4.486: (navigate rover1 waypoint8 waypoint22)
4.543: (sample_soil rover0 rover0store waypoint22)
4.430: (drop rover0 rover0store)
4.480: (navigate rover0 waypoint22 waypoint11)
3.473: (communicate_soil_data rover0 general waypoint13 waypoint11 waypoint24)
2.470: (communicate_rock_data rover0 general waypoint13 waypoint11 waypoint24)
2.183: (navigate rover1 waypoint22 waypoint11)
2.191: (communicate_soil_data rover0 general waypoint22 waypoint11 waypoint24)
2.495: (navigate rover1 waypoint11 waypoint22)
2.397: (navigate rover0 waypoint11 waypoint22)
2.464: (navigate rover0 waypoint22 waypoint13)
2.167: (navigate rover1 waypoint22 waypoint13)
1.955: (calibrate rover1 camera2 objective2 waypoint13)
2.261: (navigate rover1 waypoint13 waypoint22)
2.150: (navigate rover1 waypoint22 waypoint8)
1.561: (take_image rover1 waypoint8 objective3 camera2 colour)
1.431: (navigate rover1 waypoint8 waypoint22)
1.123: (navigate rover1 waypoint22 waypoint13)
1.055: (calibrate rover1 camera2 objective2 waypoint13)
1.370: (navigate rover1 waypoint13 waypoint22)
1.312: (navigate rover1 waypoint22 waypoint5)
0.569: (communicate_image_data rover1 general objective3 colour waypoint5 waypoint24)
0.330: (communicate_image_data rover1 general objective2 colour waypoint5 waypoint24)
0.319: (take_image rover1 waypoint5 objective2 camera2 colour)
0.442: (navigate rover1 waypoint5 waypoint22)
0.036: (navigate rover1 waypoint22 waypoint13)
0.050: (calibrate rover1 camera2 objective2 waypoint13)
0.462: (navigate rover1 waypoint13 waypoint22)
0.498: (navigate rover1 waypoint22 waypoint11)
0.842: (navigate rover1 waypoint11 waypoint4)
0.497: (navigate rover1 waypoint4 waypoint23)
0.492: (take_image rover1 waypoint23 objective2 camera2 colour)
0.512: (calibrate rover1 camera0 objective0 waypoint23)
0.516: (take_image rover1 waypoint23 objective0 camera0 low_res)
0.521: (calibrate rover1 camera2 objective2 waypoint23)
0.508: (take_image rover1 waypoint23 objective0 camera2 colour)
0.512: (calibrate rover1 camera2 objective2 waypoint23)
0.542: (calibrate rover1 camera0 objective0 waypoint23)
0.528: (take_image rover1 waypoint23 objective0 camera2 colour)
0.582: (calibrate rover1 camera1 objective0 waypoint23)
0.541: (take_image rover1 waypoint23 objective0 camera0 low_res)
0.543: (calibrate rover1 camera2 objective2 waypoint23)
0.579: (calibrate rover1 camera0 objective0 waypoint23)
0.911: (navigate rover1 waypoint23 waypoint4)
0.561: (navigate rover1 waypoint4 waypoint11)
0.528: (navigate rover1 waypoint11 waypoint22)
0.119: (navigate rover1 waypoint22 waypoint13)
0.085: (take_image rover1 waypoint13 objective2 camera0 low_res)
0.058: (take_image rover1 waypoint13 objective2 camera1 colour)
0.047: (take_image rover1 waypoint13 objective2 camera2 colour)
0.444: (navigate rover1 waypoint13 waypoint22)
0.339: (navigate rover1 waypoint22 waypoint5)
0.346: (calibrate rover1 camera2 objective2 waypoint5)
0.355: (communicate_image_data rover1 general objective0 low_res waypoint5 waypoint24)
0.356: (communicate_image_data rover1 general objective0 colour waypoint5 waypoint24)
0.360: (take_image rover1 waypoint5 objective2 camera2 colour)
0.465: (navigate rover1 waypoint5 waypoint22)
0.067: (navigate rover1 waypoint22 waypoint13)
0.066: (calibrate rover1 camera2 objective2 waypoint13)
0.471: (navigate rover1 waypoint13 waypoint22)
0.502: (navigate rover1 waypoint22 waypoint11)
0.845: (navigate rover1 waypoint11 waypoint4)
0.520: (navigate rover1 waypoint4 waypoint23)
0.526: (take_image rover1 waypoint23 objective2 camera2 low_res)
0.539: (calibrate rover1 camera0 objective0 waypoint23)
0.549: (calibrate rover1 camera2 objective2 waypoint23)
0.586: (calibrate rover1 camera1 objective0 waypoint23)
0.551: (take_image rover1 waypoint23 objective2 camera0 low_res)
0.559: (take_image rover1 waypoint23 objective2 camera2 low_res)
0.592: (calibrate rover1 camera0 objective0 waypoint23)
0.922: (navigate rover1 waypoint23 waypoint4)
0.563: (navigate rover1 waypoint4 waypoint11)
0.534: (navigate rover1 waypoint11 waypoint22)
0.127: (navigate rover1 waypoint22 waypoint13)
0.083: (take_image rover1 waypoint13 objective2 camera1 colour)
0.101: (calibrate rover1 camera2 objective2 waypoint13)
0.507: (navigate rover1 waypoint13 waypoint22)
0.389: (navigate rover1 waypoint22 waypoint5)
0.373: (take_image rover1 waypoint5 objective2 camera2 colour)
0.486: (navigate rover1 waypoint5 waypoint22)
0.516: (navigate rover1 waypoint22 waypoint11)
0.872: (navigate rover1 waypoint11 waypoint4)
0.592: (navigate rover1 waypoint4 waypoint10)
0.568: (navigate rover1 waypoint10 waypoint6)
2.663: (navigate rover0 waypoint13 waypoint22)
1.025: (navigate rover1 waypoint6 waypoint10)
0.598: (navigate rover0 waypoint22 waypoint11)
0.569: (take_image rover1 waypoint10 objective2 camera0 low_res)
0.554: (communicate_image_data rover0 general objective3 high_res waypoint11 waypoint24)
0.570: (calibrate rover1 camera2 objective2 waypoint10)
0.821: (navigate rover1 waypoint10 waypoint4)
0.496: (navigate rover1 waypoint4 waypoint23)
0.487: (take_image rover1 waypoint23 objective2 camera2 low_res)
0.509: (calibrate rover1 camera0 objective0 waypoint23)
0.529: (calibrate rover1 camera2 objective2 waypoint23)
0.572: (calibrate rover1 camera1 objective0 waypoint23)
0.532: (take_image rover1 waypoint23 objective0 camera0 low_res)
0.530: (take_image rover1 waypoint23 objective2 camera2 colour)
0.567: (calibrate rover1 camera0 objective0 waypoint23)
0.902: (navigate rover1 waypoint23 waypoint4)
0.635: (navigate rover1 waypoint4 waypoint10)
0.584: (take_image rover1 waypoint10 objective2 camera1 colour)
0.609: (calibrate rover1 camera2 objective2 waypoint10)
0.868: (navigate rover1 waypoint10 waypoint4)
0.709: (navigate rover1 waypoint4 waypoint20)
0.656: (navigate rover1 waypoint20 waypoint9)
0.615: (take_image rover1 waypoint9 objective1 camera0 low_res)
0.601: (take_image rover1 waypoint9 objective1 camera2 colour)
0.614: (calibrate rover1 camera2 objective2 waypoint9)
0.659: (navigate rover1 waypoint9 waypoint20)
0.651: (take_image rover1 waypoint20 objective2 camera2 colour)
0.653: (communicate_image_data rover1 general objective1 low_res waypoint20 waypoint24)
0.595: (navigate rover1 waypoint20 waypoint9)
0.610: (calibrate rover1 camera2 objective2 waypoint9)
0.662: (navigate rover1 waypoint9 waypoint20)
0.664: (communicate_image_data rover1 general objective1 colour waypoint20 waypoint24)
0.609: (navigate rover1 waypoint20 waypoint9)
0.594: (take_image rover1 waypoint9 objective1 camera2 low_res)
0.654: (navigate rover1 waypoint9 waypoint20)
0.794: (navigate rover1 waypoint20 waypoint4)
0.480: (navigate rover1 waypoint4 waypoint23)
0.487: (calibrate rover1 camera2 objective2 waypoint23)
0.519: (calibrate rover1 camera0 objective0 waypoint23)
0.498: (take_image rover1 waypoint23 objective0 camera2 low_res)
0.558: (calibrate rover1 camera1 objective0 waypoint23)
0.525: (take_image rover1 waypoint23 objective0 camera0 low_res)
0.523: (calibrate rover1 camera2 objective2 waypoint23)
0.561: (calibrate rover1 camera0 objective0 waypoint23)
0.899: (navigate rover1 waypoint23 waypoint4)
0.635: (navigate rover1 waypoint4 waypoint10)
0.597: (take_image rover1 waypoint10 objective2 camera0 low_res)
0.564: (take_image rover1 waypoint10 objective2 camera1 colour)
0.551: (take_image rover1 waypoint10 objective2 camera2 low_res)
0.967: (navigate rover0 waypoint11 waypoint22)
0.553: (navigate rover0 waypoint22 waypoint13)
0.528: (navigate rover1 waypoint10 waypoint6)
2.603: (navigate rover0 waypoint13 waypoint22)
2.304: (navigate rover0 waypoint22 waypoint2)
0.325: (navigate rover0 waypoint2 waypoint9)
0.476: (navigate rover1 waypoint6 waypoint10)
0.479: (calibrate rover1 camera2 objective2 waypoint10)
0.330: (navigate rover1 waypoint10 waypoint6)
2.322: (navigate rover0 waypoint9 waypoint2)
0.380: (navigate rover0 waypoint2 waypoint5)
0.551: (sample_rock rover0 rover0store waypoint5)
0.415: (drop rover0 rover0store)
0.406: (communicate_rock_data rover0 general waypoint5 waypoint5 waypoint24)
0.643: (navigate rover1 waypoint6 waypoint10)
0.649: (take_image rover1 waypoint10 objective2 camera2 low_res)
0.405: (navigate rover1 waypoint10 waypoint6)
1.682: (communicate_image_data rover0 general objective0 high_res waypoint5 waypoint24)
1.920: (navigate rover1 waypoint6 waypoint10)
1.928: (calibrate rover1 camera2 objective2 waypoint10)
1.698: (navigate rover1 waypoint10 waypoint6)
3.072: (navigate rover0 waypoint5 waypoint2)
1.614: (navigate rover0 waypoint2 waypoint9)
1.766: (navigate rover1 waypoint6 waypoint10)
1.759: (take_image rover1 waypoint10 objective2 camera2 colour)
1.604: (navigate rover1 waypoint10 waypoint6)
3.094: (navigate rover0 waypoint9 waypoint2)
1.846: (navigate rover0 waypoint2 waypoint3)
1.889: (sample_soil rover0 rover0store waypoint3)
1.755: (drop rover0 rover0store)
1.763: (communicate_soil_data rover0 general waypoint3 waypoint3 waypoint24)
1.849: (navigate rover1 waypoint6 waypoint10)
1.574: (navigate rover0 waypoint3 waypoint10)
1.594: (calibrate rover1 camera2 objective2 waypoint10)
1.627: (sample_soil rover0 rover0store waypoint10)
1.493: (drop rover0 rover0store)
1.475: (take_image rover1 waypoint10 objective2 camera2 low_res)
1.826: (navigate rover0 waypoint10 waypoint3)
1.769: (navigate rover1 waypoint10 waypoint6)
1.777: (communicate_soil_data rover0 general waypoint10 waypoint3 waypoint24)
1.841: (navigate rover1 waypoint6 waypoint10)
1.504: (navigate rover0 waypoint3 waypoint10)
1.523: (calibrate rover1 camera2 objective2 waypoint10)
1.851: (navigate rover0 waypoint10 waypoint3)
1.786: (navigate rover1 waypoint10 waypoint6)
1.902: (navigate rover0 waypoint3 waypoint10)
1.523: (navigate rover1 waypoint6 waypoint10)
Failed to find a solution!
