/u/ibrahim.eisawy/Neural-Guided-Search/venv/lib/python3.10/site-packages/pymimir_rgnn/model.py:151: UserWarning: index_reduce() is in beta and the API may change at any time. (Triggered internally at /pytorch/aten/src/ATen/native/cuda/Indexing.cu:1541.)
  max_msg.index_reduce_(0, output_indices, output_messages, reduce='amax', include_self=True)
Torch: 2.12.0+cu130
Using GPU:  NVIDIA L40S
45.596: (calibrate rover1 camera1 objective2 waypoint9)
44.907: (take_image rover1 waypoint9 objective1 camera1 low_res)
43.711: (calibrate rover1 camera2 objective2 waypoint9)
41.692: (take_image rover1 waypoint9 objective2 camera2 colour)
41.291: (navigate rover1 waypoint9 waypoint23)
40.762: (navigate rover1 waypoint23 waypoint5)
40.628: (sample_soil rover1 rover1store waypoint5)
39.129: (drop rover1 rover1store)
38.135: (communicate_soil_data rover1 general waypoint5 waypoint5 waypoint23)
37.461: (navigate rover1 waypoint5 waypoint23)
37.276: (sample_soil rover1 rover1store waypoint23)
35.573: (navigate rover1 waypoint23 waypoint9)
34.201: (drop rover1 rover1store)
33.229: (communicate_soil_data rover1 general waypoint23 waypoint9 waypoint23)
33.065: (calibrate rover1 camera2 objective2 waypoint9)
32.528: (communicate_image_data rover1 general objective1 low_res waypoint9 waypoint23)
32.119: (take_image rover1 waypoint9 objective1 camera2 colour)
31.975: (navigate rover1 waypoint9 waypoint8)
30.122: (navigate rover1 waypoint8 waypoint21)
29.978: (sample_soil rover1 rover1store waypoint21)
28.606: (drop rover1 rover1store)
27.650: (communicate_soil_data rover1 general waypoint21 waypoint21 waypoint23)
27.589: (calibrate rover1 camera1 objective2 waypoint21)
27.625: (communicate_image_data rover1 general objective1 colour waypoint21 waypoint23)
26.899: (communicate_image_data rover1 general objective2 colour waypoint21 waypoint23)
26.672: (navigate rover1 waypoint21 waypoint8)
24.947: (navigate rover1 waypoint8 waypoint3)
24.375: (navigate rover1 waypoint3 waypoint18)
24.181: (sample_soil rover1 rover1store waypoint18)
22.839: (navigate rover1 waypoint18 waypoint3)
21.562: (drop rover1 rover1store)
20.619: (navigate rover1 waypoint3 waypoint6)
19.573: (communicate_soil_data rover1 general waypoint18 waypoint6 waypoint23)
18.991: (sample_soil rover1 rover1store waypoint6)
17.719: (drop rover1 rover1store)
16.762: (communicate_soil_data rover1 general waypoint6 waypoint6 waypoint23)
16.032: (navigate rover1 waypoint6 waypoint3)
14.659: (navigate rover1 waypoint3 waypoint14)
14.651: (sample_soil rover1 rover1store waypoint14)
13.447: (drop rover1 rover1store)
13.498: (take_image rover1 waypoint14 objective1 camera1 high_res)
13.809: (navigate rover0 waypoint16 waypoint11)
13.807: (calibrate rover0 camera3 objective1 waypoint11)
13.437: (navigate rover0 waypoint11 waypoint16)
13.205: (take_image rover0 waypoint16 objective2 camera3 colour)
13.628: (navigate rover0 waypoint16 waypoint11)
13.620: (calibrate rover0 camera0 objective1 waypoint11)
13.195: (navigate rover0 waypoint11 waypoint16)
13.198: (take_image rover0 waypoint16 objective2 camera0 high_res)
13.622: (navigate rover0 waypoint16 waypoint11)
13.618: (calibrate rover0 camera0 objective1 waypoint11)
13.192: (navigate rover0 waypoint11 waypoint16)
13.202: (take_image rover0 waypoint16 objective2 camera0 low_res)
13.625: (navigate rover0 waypoint16 waypoint11)
13.621: (calibrate rover0 camera0 objective1 waypoint11)
13.196: (navigate rover0 waypoint11 waypoint16)
13.217: (take_image rover0 waypoint16 objective3 camera0 high_res)
13.640: (navigate rover0 waypoint16 waypoint11)
13.638: (calibrate rover0 camera0 objective1 waypoint11)
13.212: (navigate rover0 waypoint11 waypoint16)
13.227: (take_image rover0 waypoint16 objective3 camera0 low_res)
13.651: (navigate rover0 waypoint16 waypoint11)
13.645: (calibrate rover0 camera0 objective1 waypoint11)
13.218: (navigate rover0 waypoint11 waypoint16)
13.230: (take_image rover0 waypoint16 objective3 camera0 colour)
13.654: (navigate rover0 waypoint16 waypoint11)
13.649: (calibrate rover0 camera0 objective1 waypoint11)
13.222: (navigate rover0 waypoint11 waypoint16)
13.854: (navigate rover1 waypoint14 waypoint3)
13.395: (navigate rover1 waypoint3 waypoint8)
12.409: (communicate_soil_data rover1 general waypoint14 waypoint8 waypoint23)
11.502: (navigate rover1 waypoint8 waypoint1)
11.217: (navigate rover1 waypoint1 waypoint11)
9.686: (sample_soil rover1 rover1store waypoint11)
8.419: (drop rover1 rover1store)
7.546: (navigate rover1 waypoint11 waypoint1)
7.567: (take_image rover0 waypoint16 objective3 camera0 low_res)
7.705: (sample_soil rover1 rover1store waypoint1)
6.517: (drop rover1 rover1store)
6.726: (navigate rover1 waypoint1 waypoint11)
7.291: (navigate rover0 waypoint16 waypoint11)
7.265: (calibrate rover0 camera0 objective1 waypoint11)
6.713: (navigate rover0 waypoint11 waypoint16)
6.505: (navigate rover1 waypoint11 waypoint1)
6.734: (navigate rover1 waypoint1 waypoint8)
5.592: (communicate_soil_data rover1 general waypoint11 waypoint8 waypoint23)
4.486: (communicate_soil_data rover1 general waypoint1 waypoint8 waypoint23)
3.617: (navigate rover1 waypoint8 waypoint10)
2.896: (navigate rover1 waypoint10 waypoint22)
2.821: (calibrate rover1 camera1 objective2 waypoint22)
2.826: (calibrate rover1 camera2 objective2 waypoint22)
2.823: (take_image rover1 waypoint22 objective2 camera1 high_res)
2.819: (calibrate rover1 camera1 objective2 waypoint22)
2.811: (take_image rover1 waypoint22 objective2 camera2 colour)
2.835: (take_image rover0 waypoint16 objective2 camera0 high_res)
2.844: (calibrate rover1 camera2 objective2 waypoint22)
2.847: (take_image rover1 waypoint22 objective3 camera2 colour)
2.856: (calibrate rover1 camera2 objective2 waypoint22)
2.862: (take_image rover1 waypoint22 objective2 camera1 low_res)
2.852: (calibrate rover1 camera1 objective2 waypoint22)
2.844: (take_image rover1 waypoint22 objective3 camera2 colour)
2.887: (sample_soil rover1 rover1store waypoint22)
1.704: (drop rover1 rover1store)
1.702: (calibrate rover1 camera2 objective2 waypoint22)
1.714: (take_image rover1 waypoint22 objective3 camera1 high_res)
1.701: (calibrate rover1 camera1 objective2 waypoint22)
1.703: (take_image rover1 waypoint22 objective2 camera2 colour)
1.752: (take_image rover1 waypoint22 objective3 camera1 colour)
1.921: (navigate rover1 waypoint22 waypoint10)
0.893: (communicate_soil_data rover1 general waypoint22 waypoint10 waypoint23)
0.639: (navigate rover1 waypoint10 waypoint19)
0.602: (calibrate rover1 camera1 objective2 waypoint19)
0.601: (calibrate rover1 camera2 objective2 waypoint19)
0.608: (take_image rover1 waypoint19 objective1 camera1 high_res)
0.861: (navigate rover1 waypoint19 waypoint10)
0.670: (navigate rover1 waypoint10 waypoint22)
0.657: (calibrate rover1 camera1 objective2 waypoint22)
0.658: (take_image rover1 waypoint22 objective2 camera2 colour)
0.706: (take_image rover1 waypoint22 objective3 camera1 high_res)
1.413: (navigate rover0 waypoint16 waypoint7)
1.378: (calibrate rover1 camera1 objective2 waypoint22)
1.360: (calibrate rover0 camera0 objective1 waypoint7)
0.634: (navigate rover0 waypoint7 waypoint16)
0.632: (calibrate rover1 camera2 objective2 waypoint22)
0.640: (take_image rover1 waypoint22 objective3 camera1 colour)
0.689: (take_image rover1 waypoint22 objective2 camera2 colour)
0.883: (navigate rover1 waypoint22 waypoint10)
0.628: (navigate rover1 waypoint10 waypoint19)
0.575: (calibrate rover1 camera1 objective2 waypoint19)
0.574: (calibrate rover1 camera2 objective2 waypoint19)
0.581: (take_image rover1 waypoint19 objective2 camera1 colour)
0.836: (navigate rover1 waypoint19 waypoint10)
0.832: (communicate_image_data rover1 general objective3 high_res waypoint10 waypoint23)
0.571: (navigate rover1 waypoint10 waypoint19)
0.562: (calibrate rover1 camera1 objective2 waypoint19)
0.564: (take_image rover1 waypoint19 objective2 camera2 colour)
0.593: (take_image rover0 waypoint16 objective2 camera0 high_res)
0.592: (calibrate rover1 camera2 objective2 waypoint19)
0.599: (take_image rover1 waypoint19 objective2 camera1 low_res)
0.631: (take_image rover1 waypoint19 objective1 camera2 colour)
0.891: (navigate rover1 waypoint19 waypoint10)
0.702: (navigate rover1 waypoint10 waypoint22)
0.652: (calibrate rover1 camera1 objective2 waypoint22)
0.651: (calibrate rover1 camera2 objective2 waypoint22)
0.665: (take_image rover1 waypoint22 objective3 camera1 colour)
0.858: (navigate rover1 waypoint22 waypoint10)
0.857: (communicate_image_data rover1 general objective2 low_res waypoint10 waypoint23)
0.597: (navigate rover1 waypoint10 waypoint19)
0.592: (calibrate rover1 camera1 objective2 waypoint19)
0.592: (take_image rover1 waypoint19 objective2 camera2 colour)
0.632: (take_image rover1 waypoint19 objective1 camera1 colour)
0.893: (navigate rover1 waypoint19 waypoint10)
0.703: (navigate rover1 waypoint10 waypoint22)
0.652: (calibrate rover1 camera1 objective2 waypoint22)
0.651: (calibrate rover1 camera2 objective2 waypoint22)
0.664: (take_image rover1 waypoint22 objective3 camera1 high_res)
1.375: (navigate rover0 waypoint16 waypoint7)
1.358: (calibrate rover0 camera0 objective1 waypoint7)
0.633: (navigate rover0 waypoint7 waypoint16)
0.624: (calibrate rover1 camera1 objective2 waypoint22)
0.627: (take_image rover1 waypoint22 objective2 camera2 colour)
0.681: (take_image rover1 waypoint22 objective3 camera1 high_res)
0.878: (navigate rover1 waypoint22 waypoint10)
0.617: (navigate rover1 waypoint10 waypoint19)
0.564: (calibrate rover1 camera1 objective2 waypoint19)
0.562: (calibrate rover1 camera2 objective2 waypoint19)
0.571: (take_image rover1 waypoint19 objective2 camera1 low_res)
0.830: (navigate rover1 waypoint19 waypoint10)
0.832: (communicate_image_data rover1 general objective1 high_res waypoint10 waypoint23)
0.572: (navigate rover1 waypoint10 waypoint19)
0.563: (calibrate rover1 camera1 objective2 waypoint19)
0.566: (take_image rover1 waypoint19 objective1 camera2 colour)
0.594: (take_image rover0 waypoint16 objective3 camera0 low_res)
0.593: (calibrate rover1 camera2 objective2 waypoint19)
0.602: (take_image rover1 waypoint19 objective2 camera1 low_res)
0.638: (take_image rover1 waypoint19 objective1 camera2 colour)
0.895: (navigate rover1 waypoint19 waypoint10)
0.706: (navigate rover1 waypoint10 waypoint22)
0.653: (calibrate rover1 camera1 objective2 waypoint22)
0.651: (calibrate rover1 camera2 objective2 waypoint22)
0.666: (take_image rover1 waypoint22 objective3 camera1 high_res)
0.860: (navigate rover1 waypoint22 waypoint10)
0.863: (communicate_image_data rover1 general objective3 colour waypoint10 waypoint23)
0.604: (navigate rover1 waypoint10 waypoint19)
0.596: (calibrate rover1 camera1 objective2 waypoint19)
0.596: (take_image rover1 waypoint19 objective1 camera2 colour)
0.636: (take_image rover1 waypoint19 objective1 camera1 high_res)
0.894: (navigate rover1 waypoint19 waypoint10)
0.705: (navigate rover1 waypoint10 waypoint22)
0.655: (calibrate rover1 camera1 objective2 waypoint22)
0.654: (calibrate rover1 camera2 objective2 waypoint22)
0.669: (take_image rover1 waypoint22 objective2 camera1 high_res)
1.378: (navigate rover0 waypoint16 waypoint7)
1.360: (calibrate rover0 camera0 objective1 waypoint7)
0.637: (navigate rover0 waypoint7 waypoint16)
0.627: (calibrate rover1 camera1 objective2 waypoint22)
0.630: (take_image rover1 waypoint22 objective3 camera2 colour)
0.684: (take_image rover1 waypoint22 objective3 camera1 colour)
0.880: (navigate rover1 waypoint22 waypoint10)
0.620: (navigate rover1 waypoint10 waypoint19)
0.567: (calibrate rover1 camera1 objective2 waypoint19)
0.565: (calibrate rover1 camera2 objective2 waypoint19)
0.574: (take_image rover1 waypoint19 objective1 camera1 colour)
0.834: (navigate rover1 waypoint19 waypoint10)
0.836: (communicate_image_data rover1 general objective2 high_res waypoint10 waypoint23)
0.574: (navigate rover1 waypoint10 waypoint19)
0.565: (calibrate rover1 camera1 objective2 waypoint19)
0.567: (take_image rover1 waypoint19 objective1 camera2 colour)
0.596: (take_image rover0 waypoint16 objective2 camera0 colour)
0.596: (calibrate rover1 camera2 objective2 waypoint19)
0.605: (take_image rover1 waypoint19 objective1 camera1 high_res)
0.637: (take_image rover1 waypoint19 objective1 camera2 colour)
0.897: (navigate rover1 waypoint19 waypoint10)
0.708: (navigate rover1 waypoint10 waypoint22)
0.655: (calibrate rover1 camera1 objective2 waypoint22)
0.654: (calibrate rover1 camera2 objective2 waypoint22)
0.672: (take_image rover1 waypoint22 objective3 camera1 high_res)
0.865: (navigate rover1 waypoint22 waypoint10)
0.908: (take_image rover1 waypoint10 objective0 camera2 colour)
0.612: (navigate rover1 waypoint10 waypoint19)
0.571: (calibrate rover1 camera1 objective2 waypoint19)
0.572: (calibrate rover1 camera2 objective2 waypoint19)
0.581: (take_image rover1 waypoint19 objective1 camera1 high_res)
0.872: (navigate rover1 waypoint19 waypoint10)
0.648: (navigate rover1 waypoint10 waypoint22)
0.629: (calibrate rover1 camera1 objective2 waypoint22)
0.630: (take_image rover1 waypoint22 objective3 camera2 colour)
0.682: (take_image rover1 waypoint22 objective3 camera1 high_res)
1.385: (navigate rover0 waypoint16 waypoint7)
1.347: (calibrate rover1 camera1 objective2 waypoint22)
1.330: (calibrate rover0 camera0 objective1 waypoint7)
0.605: (navigate rover0 waypoint7 waypoint16)
0.603: (calibrate rover1 camera2 objective2 waypoint22)
0.613: (take_image rover1 waypoint22 objective3 camera1 low_res)
0.603: (calibrate rover1 camera1 objective2 waypoint22)
0.605: (take_image rover1 waypoint22 objective3 camera2 colour)
0.630: (take_image rover0 waypoint16 objective3 camera0 low_res)
0.629: (calibrate rover1 camera2 objective2 waypoint22)
0.649: (take_image rover1 waypoint22 objective3 camera1 low_res)
0.683: (take_image rover1 waypoint22 objective2 camera2 colour)
0.908: (navigate rover1 waypoint22 waypoint10)
0.612: (navigate rover1 waypoint10 waypoint19)
0.571: (calibrate rover1 camera1 objective2 waypoint19)
0.572: (calibrate rover1 camera2 objective2 waypoint19)
0.582: (take_image rover1 waypoint19 objective1 camera1 colour)
0.873: (navigate rover1 waypoint19 waypoint10)
0.863: (communicate_image_data rover1 general objective0 colour waypoint10 waypoint23)
0.589: (navigate rover1 waypoint10 waypoint19)
0.578: (calibrate rover1 camera1 objective2 waypoint19)
0.578: (take_image rover1 waypoint19 objective2 camera2 colour)
0.615: (take_image rover1 waypoint19 objective2 camera1 colour)
0.893: (navigate rover1 waypoint19 waypoint10)
0.686: (navigate rover1 waypoint10 waypoint22)
0.636: (calibrate rover1 camera1 objective2 waypoint22)
0.635: (calibrate rover1 camera2 objective2 waypoint22)
0.654: (take_image rover1 waypoint22 objective2 camera1 high_res)
1.361: (navigate rover0 waypoint16 waypoint7)
1.341: (calibrate rover0 camera0 objective1 waypoint7)
0.619: (navigate rover0 waypoint7 waypoint16)
0.609: (calibrate rover1 camera1 objective2 waypoint22)
0.611: (take_image rover1 waypoint22 objective3 camera2 colour)
0.666: (take_image rover1 waypoint22 objective3 camera1 colour)
0.880: (navigate rover1 waypoint22 waypoint10)
0.602: (navigate rover1 waypoint10 waypoint19)
0.549: (calibrate rover1 camera1 objective2 waypoint19)
0.547: (calibrate rover1 camera2 objective2 waypoint19)
0.557: (take_image rover1 waypoint19 objective1 camera1 colour)
0.832: (navigate rover1 waypoint19 waypoint10)
0.832: (communicate_image_data rover1 general objective3 low_res waypoint10 waypoint23)
0.557: (navigate rover1 waypoint10 waypoint19)
0.548: (calibrate rover1 camera1 objective2 waypoint19)
0.550: (take_image rover1 waypoint19 objective1 camera2 colour)
0.579: (take_image rover0 waypoint16 objective3 camera0 colour)
0.578: (calibrate rover1 camera2 objective2 waypoint19)
0.586: (take_image rover1 waypoint19 objective2 camera1 low_res)
0.616: (take_image rover1 waypoint19 objective1 camera2 colour)
0.894: (navigate rover1 waypoint19 waypoint10)
0.687: (navigate rover1 waypoint10 waypoint22)
0.636: (calibrate rover1 camera1 objective2 waypoint22)
0.635: (calibrate rover1 camera2 objective2 waypoint22)
0.652: (take_image rover1 waypoint22 objective2 camera1 high_res)
0.860: (navigate rover1 waypoint22 waypoint10)
1.075: (navigate rover1 waypoint10 waypoint8)
0.716: (navigate rover1 waypoint8 waypoint9)
0.707: (calibrate rover1 camera1 objective2 waypoint9)
0.711: (take_image rover1 waypoint9 objective2 camera2 colour)
0.750: (take_image rover1 waypoint9 objective0 camera1 high_res)
0.711: (calibrate rover1 camera1 objective2 waypoint9)
0.707: (calibrate rover1 camera2 objective2 waypoint9)
0.708: (communicate_image_data rover1 general objective0 high_res waypoint9 waypoint23)
0.711: (take_image rover1 waypoint9 objective2 camera2 colour)
0.750: (take_image rover1 waypoint9 objective1 camera1 colour)
0.716: (calibrate rover1 camera2 objective2 waypoint9)
1.079: (navigate rover1 waypoint9 waypoint8)
0.725: (navigate rover1 waypoint8 waypoint1)
0.639: (navigate rover1 waypoint1 waypoint11)
0.683: (take_image rover1 waypoint11 objective0 camera2 colour)
0.758: (navigate rover1 waypoint11 waypoint1)
1.038: (navigate rover1 waypoint1 waypoint24)
0.974: (calibrate rover1 camera1 objective2 waypoint24)
0.710: (navigate rover1 waypoint24 waypoint1)
0.633: (navigate rover1 waypoint1 waypoint11)
0.683: (take_image rover1 waypoint11 objective0 camera1 low_res)
0.762: (navigate rover1 waypoint11 waypoint1)
1.038: (navigate rover1 waypoint1 waypoint24)
0.974: (calibrate rover1 camera1 objective2 waypoint24)
0.714: (navigate rover1 waypoint24 waypoint1)
0.633: (navigate rover1 waypoint1 waypoint11)
0.939: (navigate rover0 waypoint16 waypoint11)
0.913: (calibrate rover0 camera0 objective1 waypoint11)
0.595: (navigate rover0 waypoint11 waypoint16)
0.660: (take_image rover1 waypoint11 objective0 camera1 high_res)
0.741: (navigate rover1 waypoint11 waypoint1)
1.018: (navigate rover1 waypoint1 waypoint24)
0.947: (calibrate rover1 camera1 objective2 waypoint24)
0.689: (navigate rover1 waypoint24 waypoint1)
1.052: (navigate rover1 waypoint1 waypoint8)
0.678: (navigate rover1 waypoint8 waypoint9)
0.674: (calibrate rover1 camera2 objective2 waypoint9)
0.676: (communicate_image_data rover1 general objective0 low_res waypoint9 waypoint23)
0.678: (take_image rover1 waypoint9 objective2 camera2 colour)
0.712: (take_image rover0 waypoint16 objective3 camera0 high_res)
0.708: (calibrate rover1 camera2 objective2 waypoint9)
0.713: (take_image rover1 waypoint9 objective2 camera1 low_res)
0.750: (take_image rover1 waypoint9 objective2 camera2 colour)
1.116: (navigate rover1 waypoint9 waypoint8)
0.763: (navigate rover1 waypoint8 waypoint1)
0.683: (navigate rover1 waypoint1 waypoint11)
0.996: (navigate rover0 waypoint16 waypoint11)
0.978: (calibrate rover0 camera3 objective1 waypoint11)
0.660: (navigate rover0 waypoint11 waypoint16)
0.750: (navigate rover1 waypoint11 waypoint1)
1.022: (navigate rover1 waypoint1 waypoint24)
0.948: (calibrate rover1 camera1 objective2 waypoint24)
0.690: (navigate rover1 waypoint24 waypoint1)
0.598: (navigate rover1 waypoint1 waypoint11)
0.633: (take_image rover0 waypoint16 objective2 camera3 colour)
0.714: (navigate rover1 waypoint11 waypoint1)
0.974: (navigate rover1 waypoint1 waypoint24)
0.966: (calibrate rover1 camera2 objective2 waypoint24)
0.712: (navigate rover1 waypoint24 waypoint1)
0.633: (navigate rover1 waypoint1 waypoint11)
0.636: (take_image rover1 waypoint11 objective1 camera1 low_res)
0.727: (navigate rover1 waypoint11 waypoint1)
0.983: (navigate rover1 waypoint1 waypoint24)
1.038: (take_image rover1 waypoint24 objective0 camera2 colour)
1.430: (navigate rover0 waypoint16 waypoint24)
1.359: (calibrate rover1 camera1 objective2 waypoint24)
1.352: (calibrate rover1 camera2 objective2 waypoint24)
1.364: (take_image rover1 waypoint24 objective2 camera1 high_res)
1.622: (navigate rover1 waypoint24 waypoint1)
1.408: (navigate rover1 waypoint1 waypoint11)
1.462: (take_image rover1 waypoint11 objective1 camera2 colour)
1.637: (navigate rover0 waypoint24 waypoint3)
1.615: (calibrate rover0 camera3 objective1 waypoint3)
1.457: (navigate rover0 waypoint3 waypoint24)
1.447: (take_image rover0 waypoint24 objective0 camera3 colour)
0.681: (navigate rover0 waypoint24 waypoint16)
0.752: (navigate rover1 waypoint11 waypoint1)
1.034: (navigate rover1 waypoint1 waypoint24)
0.972: (calibrate rover1 camera1 objective2 waypoint24)
0.702: (navigate rover1 waypoint24 waypoint1)
0.631: (navigate rover1 waypoint1 waypoint11)
0.928: (navigate rover0 waypoint16 waypoint11)
0.903: (calibrate rover0 camera0 objective1 waypoint11)
0.593: (navigate rover0 waypoint11 waypoint16)
0.659: (take_image rover1 waypoint11 objective1 camera1 high_res)
0.731: (navigate rover1 waypoint11 waypoint1)
1.015: (navigate rover1 waypoint1 waypoint24)
0.945: (calibrate rover1 camera1 objective2 waypoint24)
0.678: (navigate rover1 waypoint24 waypoint1)
1.043: (navigate rover1 waypoint1 waypoint8)
0.674: (navigate rover1 waypoint8 waypoint9)
0.670: (calibrate rover1 camera2 objective2 waypoint9)
0.681: (take_image rover1 waypoint9 objective2 camera1 low_res)
0.710: (take_image rover0 waypoint16 objective3 camera0 colour)
0.704: (calibrate rover1 camera1 objective2 waypoint9)
0.708: (take_image rover1 waypoint9 objective1 camera2 colour)
0.746: (take_image rover1 waypoint9 objective2 camera1 low_res)
1.108: (navigate rover1 waypoint9 waypoint8)
0.836: (navigate rover1 waypoint8 waypoint21)
0.581: (navigate rover1 waypoint21 waypoint20)
0.538: (calibrate rover1 camera1 objective2 waypoint20)
0.539: (calibrate rover1 camera2 objective2 waypoint20)
0.541: (take_image rover1 waypoint20 objective1 camera1 colour)
0.799: (navigate rover1 waypoint20 waypoint21)
0.782: (calibrate rover1 camera1 objective2 waypoint21)
0.785: (take_image rover1 waypoint21 objective3 camera2 colour)
1.060: (navigate rover1 waypoint21 waypoint8)
0.844: (navigate rover1 waypoint8 waypoint10)
0.577: (navigate rover1 waypoint10 waypoint19)
0.577: (calibrate rover1 camera2 objective2 waypoint19)
0.583: (take_image rover1 waypoint19 objective2 camera1 low_res)
0.617: (take_image rover1 waypoint19 objective2 camera2 colour)
0.890: (navigate rover1 waypoint19 waypoint10)
0.688: (navigate rover1 waypoint10 waypoint22)
0.635: (calibrate rover1 camera1 objective2 waypoint22)
0.634: (calibrate rover1 camera2 objective2 waypoint22)
0.649: (take_image rover1 waypoint22 objective3 camera1 low_res)
0.853: (navigate rover1 waypoint22 waypoint10)
1.073: (navigate rover1 waypoint10 waypoint8)
0.716: (navigate rover1 waypoint8 waypoint1)
0.634: (navigate rover1 waypoint1 waypoint11)
0.928: (navigate rover0 waypoint16 waypoint11)
0.908: (calibrate rover0 camera3 objective1 waypoint11)
0.600: (navigate rover0 waypoint11 waypoint16)
0.658: (take_image rover1 waypoint11 objective1 camera2 colour)
0.740: (navigate rover1 waypoint11 waypoint1)
1.019: (navigate rover1 waypoint1 waypoint24)
0.945: (calibrate rover1 camera1 objective2 waypoint24)
0.678: (navigate rover1 waypoint24 waypoint1)
0.596: (navigate rover1 waypoint1 waypoint11)
0.908: (navigate rover0 waypoint16 waypoint11)
0.894: (calibrate rover0 camera0 objective1 waypoint11)
0.593: (navigate rover0 waypoint11 waypoint16)
0.657: (take_image rover1 waypoint11 objective0 camera1 colour)
0.727: (navigate rover1 waypoint11 waypoint1)
1.008: (navigate rover1 waypoint1 waypoint24)
0.938: (calibrate rover1 camera1 objective2 waypoint24)
0.673: (navigate rover1 waypoint24 waypoint1)
1.039: (navigate rover1 waypoint1 waypoint8)
0.674: (navigate rover1 waypoint8 waypoint9)
0.670: (calibrate rover1 camera2 objective2 waypoint9)
0.674: (take_image rover0 waypoint16 objective2 camera0 colour)
0.678: (take_image rover1 waypoint9 objective1 camera2 colour)
0.727: (take_image rover1 waypoint9 objective0 camera1 high_res)
0.680: (calibrate rover1 camera2 objective2 waypoint9)
1.057: (navigate rover1 waypoint9 waypoint8)
0.693: (navigate rover1 waypoint8 waypoint1)
0.955: (navigate rover1 waypoint1 waypoint24)
0.937: (calibrate rover1 camera1 objective2 waypoint24)
0.675: (navigate rover1 waypoint24 waypoint1)
0.595: (navigate rover1 waypoint1 waypoint11)
0.631: (take_image rover0 waypoint16 objective3 camera3 colour)
0.700: (navigate rover1 waypoint11 waypoint1)
0.963: (navigate rover1 waypoint1 waypoint24)
0.980: (take_image rover1 waypoint24 objective2 camera1 colour)
1.349: (navigate rover0 waypoint16 waypoint24)
1.337: (calibrate rover1 camera1 objective2 waypoint24)
1.344: (take_image rover1 waypoint24 objective0 camera2 colour)
1.414: (take_image rover1 waypoint24 objective0 camera1 colour)
1.656: (navigate rover1 waypoint24 waypoint1)
2.061: (navigate rover0 waypoint24 waypoint3)
1.622: (navigate rover1 waypoint1 waypoint11)
1.601: (calibrate rover0 camera3 objective1 waypoint3)
1.441: (navigate rover0 waypoint3 waypoint24)
1.636: (navigate rover1 waypoint11 waypoint1)
1.380: (navigate rover1 waypoint1 waypoint24)
1.307: (calibrate rover1 camera1 objective2 waypoint24)
1.300: (calibrate rover1 camera2 objective2 waypoint24)
1.311: (take_image rover1 waypoint24 objective2 camera1 high_res)
1.581: (navigate rover1 waypoint24 waypoint1)
1.383: (navigate rover1 waypoint1 waypoint11)
1.392: (take_image rover0 waypoint24 objective2 camera3 colour)
1.575: (navigate rover0 waypoint24 waypoint3)
1.552: (calibrate rover0 camera3 objective1 waypoint3)
1.551: (calibrate rover0 camera0 objective1 waypoint3)
1.389: (navigate rover0 waypoint3 waypoint24)
0.599: (navigate rover0 waypoint24 waypoint16)
0.600: (take_image rover0 waypoint16 objective3 camera3 colour)
0.683: (navigate rover1 waypoint11 waypoint1)
0.952: (navigate rover1 waypoint1 waypoint24)
0.937: (calibrate rover1 camera1 objective2 waypoint24)
0.675: (navigate rover1 waypoint24 waypoint1)
0.592: (navigate rover1 waypoint1 waypoint11)
0.905: (navigate rover0 waypoint16 waypoint11)
0.897: (calibrate rover0 camera3 objective1 waypoint11)
0.593: (navigate rover0 waypoint11 waypoint16)
0.670: (navigate rover1 waypoint11 waypoint1)
0.677: (take_image rover1 waypoint1 objective3 camera1 low_res)
0.944: (navigate rover1 waypoint1 waypoint24)
0.929: (calibrate rover1 camera1 objective2 waypoint24)
1.271: (navigate rover0 waypoint16 waypoint24)
1.280: (take_image rover1 waypoint24 objective2 camera2 colour)
1.304: (take_image rover0 waypoint24 objective2 camera3 colour)
1.296: (calibrate rover1 camera2 objective2 waypoint24)
1.308: (take_image rover1 waypoint24 objective2 camera1 low_res)
1.350: (take_image rover0 waypoint24 objective0 camera0 low_res)
0.981: (navigate rover0 waypoint24 waypoint16)
0.717: (navigate rover1 waypoint24 waypoint1)
0.634: (navigate rover1 waypoint1 waypoint11)
0.681: (take_image rover1 waypoint11 objective0 camera2 colour)
0.753: (navigate rover1 waypoint11 waypoint1)
1.035: (navigate rover1 waypoint1 waypoint24)
0.972: (calibrate rover1 camera1 objective2 waypoint24)
0.703: (navigate rover1 waypoint24 waypoint1)
0.631: (navigate rover1 waypoint1 waypoint11)
0.928: (navigate rover0 waypoint16 waypoint11)
0.903: (calibrate rover0 camera0 objective1 waypoint11)
0.593: (navigate rover0 waypoint11 waypoint16)
0.658: (take_image rover1 waypoint11 objective1 camera1 high_res)
0.732: (navigate rover1 waypoint11 waypoint1)
1.015: (navigate rover1 waypoint1 waypoint24)
0.945: (calibrate rover1 camera1 objective2 waypoint24)
0.678: (navigate rover1 waypoint24 waypoint1)
1.043: (navigate rover1 waypoint1 waypoint8)
0.674: (navigate rover1 waypoint8 waypoint9)
0.670: (calibrate rover1 camera2 objective2 waypoint9)
0.681: (take_image rover1 waypoint9 objective2 camera1 low_res)
0.710: (take_image rover0 waypoint16 objective2 camera0 colour)
0.704: (calibrate rover1 camera1 objective2 waypoint9)
0.708: (take_image rover1 waypoint9 objective2 camera2 colour)
0.746: (take_image rover1 waypoint9 objective2 camera1 high_res)
1.109: (navigate rover1 waypoint9 waypoint8)
0.837: (navigate rover1 waypoint8 waypoint21)
0.581: (navigate rover1 waypoint21 waypoint20)
0.538: (calibrate rover1 camera1 objective2 waypoint20)
0.539: (calibrate rover1 camera2 objective2 waypoint20)
0.541: (take_image rover1 waypoint20 objective0 camera1 low_res)
0.800: (navigate rover1 waypoint20 waypoint21)
0.783: (calibrate rover1 camera1 objective2 waypoint21)
0.786: (take_image rover1 waypoint21 objective3 camera2 colour)
1.061: (navigate rover1 waypoint21 waypoint8)
0.844: (navigate rover1 waypoint8 waypoint10)
0.578: (navigate rover1 waypoint10 waypoint19)
0.578: (calibrate rover1 camera2 objective2 waypoint19)
0.584: (take_image rover1 waypoint19 objective2 camera1 colour)
0.618: (take_image rover1 waypoint19 objective1 camera2 colour)
0.890: (navigate rover1 waypoint19 waypoint10)
0.689: (navigate rover1 waypoint10 waypoint22)
0.636: (calibrate rover1 camera1 objective2 waypoint22)
0.634: (calibrate rover1 camera2 objective2 waypoint22)
0.650: (take_image rover1 waypoint22 objective2 camera1 colour)
0.854: (navigate rover1 waypoint22 waypoint10)
1.073: (navigate rover1 waypoint10 waypoint8)
0.879: (navigate rover1 waypoint8 waypoint3)
0.498: (navigate rover1 waypoint3 waypoint14)
0.538: (take_image rover1 waypoint14 objective1 camera2 colour)
0.912: (navigate rover1 waypoint14 waypoint3)
0.633: (navigate rover1 waypoint3 waypoint18)
1.594: (navigate rover0 waypoint16 waypoint11)
1.586: (calibrate rover0 camera0 objective1 waypoint11)
0.616: (navigate rover0 waypoint11 waypoint16)
0.894: (navigate rover1 waypoint18 waypoint3)
0.519: (navigate rover1 waypoint3 waypoint14)
1.433: (navigate rover0 waypoint16 waypoint7)
1.418: (take_image rover0 waypoint7 objective1 camera0 colour)
0.524: (navigate rover0 waypoint7 waypoint16)
0.900: (navigate rover1 waypoint14 waypoint3)
0.638: (navigate rover1 waypoint3 waypoint18)
1.567: (navigate rover0 waypoint16 waypoint11)
1.558: (calibrate rover0 camera0 objective1 waypoint11)
0.622: (navigate rover0 waypoint11 waypoint16)
0.881: (navigate rover1 waypoint18 waypoint3)
0.504: (navigate rover1 waypoint3 waypoint14)
1.413: (navigate rover0 waypoint16 waypoint7)
1.414: (calibrate rover0 camera3 objective1 waypoint7)
0.502: (navigate rover0 waypoint7 waypoint16)
0.509: (take_image rover0 waypoint16 objective2 camera0 low_res)
0.886: (navigate rover1 waypoint14 waypoint3)
0.629: (navigate rover1 waypoint3 waypoint18)
1.559: (navigate rover0 waypoint16 waypoint11)
1.563: (calibrate rover0 camera0 objective1 waypoint11)
0.617: (navigate rover0 waypoint11 waypoint16)
0.879: (navigate rover1 waypoint18 waypoint3)
1.079: (navigate rover1 waypoint3 waypoint6)
1.013: (calibrate rover1 camera1 objective2 waypoint6)
0.833: (navigate rover1 waypoint6 waypoint3)
0.447: (navigate rover1 waypoint3 waypoint14)
0.448: (take_image rover0 waypoint16 objective2 camera3 colour)
0.481: (take_image rover0 waypoint16 objective2 camera0 high_res)
0.865: (navigate rover1 waypoint14 waypoint3)
0.588: (navigate rover1 waypoint3 waypoint18)
1.512: (navigate rover0 waypoint16 waypoint11)
1.497: (calibrate rover0 camera0 objective1 waypoint11)
0.565: (navigate rover0 waypoint11 waypoint16)
0.835: (navigate rover1 waypoint18 waypoint3)
1.023: (navigate rover1 waypoint3 waypoint6)
1.020: (calibrate rover1 camera2 objective2 waypoint6)
0.833: (navigate rover1 waypoint6 waypoint3)
0.451: (navigate rover1 waypoint3 waypoint14)
0.455: (take_image rover1 waypoint14 objective1 camera1 low_res)
0.489: (take_image rover0 waypoint16 objective3 camera0 low_res)
0.873: (navigate rover1 waypoint14 waypoint3)
0.599: (navigate rover1 waypoint3 waypoint18)
1.515: (navigate rover0 waypoint16 waypoint11)
1.503: (calibrate rover0 camera0 objective1 waypoint11)
0.571: (navigate rover0 waypoint11 waypoint16)
0.841: (navigate rover1 waypoint18 waypoint3)
1.029: (navigate rover1 waypoint3 waypoint6)
1.061: (take_image rover0 waypoint16 objective3 camera0 low_res)
1.045: (calibrate rover1 camera1 objective2 waypoint6)
0.864: (navigate rover1 waypoint6 waypoint3)
0.484: (navigate rover1 waypoint3 waypoint14)
1.383: (navigate rover0 waypoint16 waypoint7)
1.370: (calibrate rover0 camera0 objective1 waypoint7)
1.369: (calibrate rover0 camera3 objective1 waypoint7)
0.448: (navigate rover0 waypoint7 waypoint16)
0.453: (take_image rover1 waypoint14 objective1 camera1 colour)
0.460: (take_image rover0 waypoint16 objective2 camera0 high_res)
0.846: (navigate rover1 waypoint14 waypoint3)
0.578: (navigate rover1 waypoint3 waypoint18)
1.505: (navigate rover0 waypoint16 waypoint11)
1.506: (calibrate rover0 camera0 objective1 waypoint11)
0.564: (navigate rover0 waypoint11 waypoint16)
0.838: (navigate rover1 waypoint18 waypoint3)
1.018: (navigate rover1 waypoint3 waypoint6)
1.010: (calibrate rover1 camera1 objective2 waypoint6)
0.831: (navigate rover1 waypoint6 waypoint3)
0.557: (navigate rover1 waypoint3 waypoint18)
0.558: (take_image rover1 waypoint18 objective0 camera2 colour)
0.567: (take_image rover0 waypoint16 objective2 camera0 low_res)
0.838: (navigate rover1 waypoint18 waypoint3)
0.452: (navigate rover1 waypoint3 waypoint14)
1.375: (navigate rover0 waypoint16 waypoint7)
1.371: (calibrate rover0 camera0 objective1 waypoint7)
1.370: (take_image rover0 waypoint7 objective1 camera3 colour)
1.382: (take_image rover0 waypoint7 objective1 camera0 high_res)
0.478: (navigate rover0 waypoint7 waypoint16)
0.521: (take_image rover1 waypoint14 objective1 camera1 high_res)
0.896: (navigate rover1 waypoint14 waypoint3)
0.633: (navigate rover1 waypoint3 waypoint18)
1.564: (navigate rover0 waypoint16 waypoint11)
1.556: (calibrate rover0 camera0 objective1 waypoint11)
0.616: (navigate rover0 waypoint11 waypoint16)
0.877: (navigate rover1 waypoint18 waypoint3)
0.501: (navigate rover1 waypoint3 waypoint14)
1.413: (navigate rover0 waypoint16 waypoint7)
1.413: (calibrate rover0 camera3 objective1 waypoint7)
0.499: (navigate rover0 waypoint7 waypoint16)
0.506: (take_image rover0 waypoint16 objective2 camera0 low_res)
0.883: (navigate rover1 waypoint14 waypoint3)
0.624: (navigate rover1 waypoint3 waypoint18)
1.558: (navigate rover0 waypoint16 waypoint11)
1.561: (calibrate rover0 camera0 objective1 waypoint11)
0.611: (navigate rover0 waypoint11 waypoint16)
0.874: (navigate rover1 waypoint18 waypoint3)
1.073: (navigate rover1 waypoint3 waypoint6)
1.007: (calibrate rover1 camera1 objective2 waypoint6)
0.828: (navigate rover1 waypoint6 waypoint3)
0.444: (navigate rover1 waypoint3 waypoint14)
0.445: (take_image rover0 waypoint16 objective3 camera3 colour)
0.831: (navigate rover1 waypoint14 waypoint3)
0.559: (navigate rover1 waypoint3 waypoint18)
0.582: (take_image rover0 waypoint16 objective3 camera0 low_res)
0.861: (navigate rover1 waypoint18 waypoint3)
1.041: (navigate rover1 waypoint3 waypoint6)
1.038: (calibrate rover1 camera2 objective2 waypoint6)
0.860: (navigate rover1 waypoint6 waypoint3)
0.479: (navigate rover1 waypoint3 waypoint14)
0.486: (take_image rover1 waypoint14 objective1 camera1 high_res)
0.870: (navigate rover1 waypoint14 waypoint3)
0.594: (navigate rover1 waypoint3 waypoint18)
1.513: (navigate rover0 waypoint16 waypoint11)
1.501: (calibrate rover0 camera0 objective1 waypoint11)
0.566: (navigate rover0 waypoint11 waypoint16)
0.837: (navigate rover1 waypoint18 waypoint3)
0.451: (navigate rover1 waypoint3 waypoint14)
1.376: (navigate rover0 waypoint16 waypoint7)
1.376: (calibrate rover0 camera3 objective1 waypoint7)
0.449: (navigate rover0 waypoint7 waypoint16)
0.456: (take_image rover0 waypoint16 objective3 camera0 high_res)
0.842: (navigate rover1 waypoint14 waypoint3)
0.573: (navigate rover1 waypoint3 waypoint18)
1.503: (navigate rover0 waypoint16 waypoint11)
1.505: (calibrate rover0 camera0 objective1 waypoint11)
0.558: (navigate rover0 waypoint11 waypoint16)
0.834: (navigate rover1 waypoint18 waypoint3)
1.012: (navigate rover1 waypoint3 waypoint6)
1.004: (calibrate rover1 camera1 objective2 waypoint6)
0.827: (navigate rover1 waypoint6 waypoint3)
0.444: (navigate rover1 waypoint3 waypoint14)
0.447: (take_image rover0 waypoint16 objective3 camera3 colour)
0.829: (navigate rover1 waypoint14 waypoint3)
0.559: (navigate rover1 waypoint3 waypoint18)
0.582: (take_image rover0 waypoint16 objective2 camera0 high_res)
1.509: (navigate rover0 waypoint16 waypoint11)
1.494: (calibrate rover0 camera0 objective1 waypoint11)
1.495: (take_image rover1 waypoint18 objective0 camera2 colour)
1.499: (calibrate rover0 camera3 objective1 waypoint11)
0.553: (navigate rover0 waypoint11 waypoint16)
0.561: (take_image rover0 waypoint16 objective2 camera0 colour)
0.834: (navigate rover1 waypoint18 waypoint3)
0.449: (navigate rover1 waypoint3 waypoint14)
1.374: (navigate rover0 waypoint16 waypoint7)
1.371: (calibrate rover0 camera0 objective1 waypoint7)
1.370: (take_image rover0 waypoint7 objective1 camera3 colour)
1.382: (take_image rover0 waypoint7 objective1 camera0 low_res)
0.478: (navigate rover0 waypoint7 waypoint16)
0.521: (take_image rover1 waypoint14 objective1 camera1 high_res)
0.896: (navigate rover1 waypoint14 waypoint3)
0.631: (navigate rover1 waypoint3 waypoint18)
1.564: (navigate rover0 waypoint16 waypoint11)
1.556: (calibrate rover0 camera0 objective1 waypoint11)
0.615: (navigate rover0 waypoint11 waypoint16)
0.877: (navigate rover1 waypoint18 waypoint3)
0.501: (navigate rover1 waypoint3 waypoint14)
1.413: (navigate rover0 waypoint16 waypoint7)
1.413: (calibrate rover0 camera3 objective1 waypoint7)
0.499: (navigate rover0 waypoint7 waypoint16)
0.503: (take_image rover0 waypoint16 objective2 camera0 low_res)
0.880: (navigate rover1 waypoint14 waypoint3)
0.622: (navigate rover1 waypoint3 waypoint18)
1.556: (navigate rover0 waypoint16 waypoint11)
1.561: (calibrate rover0 camera0 objective1 waypoint11)
0.610: (navigate rover0 waypoint11 waypoint16)
0.874: (navigate rover1 waypoint18 waypoint3)
1.072: (navigate rover1 waypoint3 waypoint6)
1.006: (calibrate rover1 camera1 objective2 waypoint6)
0.829: (navigate rover1 waypoint6 waypoint3)
0.444: (navigate rover1 waypoint3 waypoint14)
0.445: (take_image rover0 waypoint16 objective3 camera3 colour)
0.831: (navigate rover1 waypoint14 waypoint3)
0.558: (navigate rover1 waypoint3 waypoint18)
0.581: (take_image rover0 waypoint16 objective3 camera0 low_res)
0.861: (navigate rover1 waypoint18 waypoint3)
1.040: (navigate rover1 waypoint3 waypoint6)
1.037: (calibrate rover1 camera2 objective2 waypoint6)
0.859: (navigate rover1 waypoint6 waypoint3)
0.478: (navigate rover1 waypoint3 waypoint14)
0.484: (take_image rover1 waypoint14 objective1 camera1 colour)
0.867: (navigate rover1 waypoint14 waypoint3)
0.592: (navigate rover1 waypoint3 waypoint18)
1.511: (navigate rover0 waypoint16 waypoint11)
1.501: (calibrate rover0 camera0 objective1 waypoint11)
0.565: (navigate rover0 waypoint11 waypoint16)
0.837: (navigate rover1 waypoint18 waypoint3)
0.451: (navigate rover1 waypoint3 waypoint14)
1.376: (navigate rover0 waypoint16 waypoint7)
1.376: (calibrate rover0 camera3 objective1 waypoint7)
0.449: (navigate rover0 waypoint7 waypoint16)
0.454: (take_image rover0 waypoint16 objective3 camera0 low_res)
0.840: (navigate rover1 waypoint14 waypoint3)
0.572: (navigate rover1 waypoint3 waypoint18)
1.501: (navigate rover0 waypoint16 waypoint11)
1.505: (calibrate rover0 camera0 objective1 waypoint11)
0.558: (navigate rover0 waypoint11 waypoint16)
0.834: (navigate rover1 waypoint18 waypoint3)
1.011: (navigate rover1 waypoint3 waypoint6)
1.003: (calibrate rover1 camera1 objective2 waypoint6)
0.827: (navigate rover1 waypoint6 waypoint3)
0.444: (navigate rover1 waypoint3 waypoint14)
0.446: (take_image rover0 waypoint16 objective2 camera3 colour)
0.828: (navigate rover1 waypoint14 waypoint3)
0.557: (navigate rover1 waypoint3 waypoint18)
0.580: (take_image rover0 waypoint16 objective2 camera0 low_res)
1.509: (navigate rover0 waypoint16 waypoint11)
1.494: (calibrate rover0 camera0 objective1 waypoint11)
1.494: (take_image rover1 waypoint18 objective0 camera2 colour)
1.499: (calibrate rover0 camera3 objective1 waypoint11)
0.552: (navigate rover0 waypoint11 waypoint16)
0.560: (take_image rover0 waypoint16 objective2 camera0 colour)
0.834: (navigate rover1 waypoint18 waypoint3)
0.448: (navigate rover1 waypoint3 waypoint14)
1.374: (navigate rover0 waypoint16 waypoint7)
1.371: (calibrate rover0 camera0 objective1 waypoint7)
1.370: (take_image rover0 waypoint7 objective1 camera3 colour)
1.535: (navigate rover1 waypoint14 waypoint3)
1.529: (navigate rover1 waypoint3 waypoint18)
1.424: (navigate rover0 waypoint7 waypoint18)
1.460: (take_image rover0 waypoint18 objective0 camera0 low_res)
1.524: (take_image rover1 waypoint18 objective0 camera1 high_res)
1.582: (navigate rover0 waypoint18 waypoint7)
1.572: (calibrate rover0 camera3 objective1 waypoint7)
1.492: (navigate rover0 waypoint7 waypoint18)
2.106: (navigate rover1 waypoint18 waypoint3)
1.578: (navigate rover0 waypoint18 waypoint7)
1.413: (navigate rover1 waypoint3 waypoint14)
1.416: (take_image rover0 waypoint7 objective1 camera3 colour)
1.581: (navigate rover1 waypoint14 waypoint3)
1.577: (calibrate rover0 camera0 objective1 waypoint7)
1.573: (navigate rover1 waypoint3 waypoint18)
1.488: (navigate rover0 waypoint7 waypoint18)
1.524: (take_image rover0 waypoint18 objective0 camera0 high_res)
1.582: (navigate rover0 waypoint18 waypoint7)
0.632: (navigate rover0 waypoint7 waypoint16)
0.895: (navigate rover1 waypoint18 waypoint3)
0.520: (navigate rover1 waypoint3 waypoint14)
1.415: (navigate rover0 waypoint16 waypoint7)
1.412: (calibrate rover0 camera0 objective1 waypoint7)
0.499: (navigate rover0 waypoint7 waypoint16)
0.876: (navigate rover1 waypoint14 waypoint3)
0.616: (navigate rover1 waypoint3 waypoint18)
1.556: (navigate rover0 waypoint16 waypoint11)
1.561: (calibrate rover0 camera3 objective1 waypoint11)
0.611: (navigate rover0 waypoint11 waypoint16)
0.623: (take_image rover0 waypoint16 objective3 camera0 high_res)
0.879: (navigate rover1 waypoint18 waypoint3)
0.502: (navigate rover1 waypoint3 waypoint14)
1.412: (navigate rover0 waypoint16 waypoint7)
1.413: (calibrate rover0 camera0 objective1 waypoint7)
0.498: (navigate rover0 waypoint7 waypoint16)
0.874: (navigate rover1 waypoint14 waypoint3)
1.071: (navigate rover1 waypoint3 waypoint6)
1.005: (calibrate rover1 camera1 objective2 waypoint6)
0.828: (navigate rover1 waypoint6 waypoint3)
0.443: (navigate rover1 waypoint3 waypoint14)
0.444: (take_image rover0 waypoint16 objective3 camera3 colour)
0.477: (take_image rover0 waypoint16 objective2 camera0 low_res)
0.860: (navigate rover1 waypoint14 waypoint3)
0.582: (navigate rover1 waypoint3 waypoint18)
1.509: (navigate rover0 waypoint16 waypoint11)
1.494: (calibrate rover0 camera0 objective1 waypoint11)
0.559: (navigate rover0 waypoint11 waypoint16)
0.830: (navigate rover1 waypoint18 waypoint3)
1.015: (navigate rover1 waypoint3 waypoint6)
1.011: (calibrate rover1 camera2 objective2 waypoint6)
0.827: (navigate rover1 waypoint6 waypoint3)
0.445: (navigate rover1 waypoint3 waypoint14)
0.450: (take_image rover1 waypoint14 objective1 camera1 colour)
0.483: (take_image rover0 waypoint16 objective3 camera0 low_res)
0.866: (navigate rover1 waypoint14 waypoint3)
0.593: (navigate rover1 waypoint3 waypoint18)
1.511: (navigate rover0 waypoint16 waypoint11)
1.501: (calibrate rover0 camera0 objective1 waypoint11)
0.565: (navigate rover0 waypoint11 waypoint16)
0.836: (navigate rover1 waypoint18 waypoint3)
1.020: (navigate rover1 waypoint3 waypoint6)
1.052: (take_image rover0 waypoint16 objective3 camera0 high_res)
1.036: (calibrate rover1 camera1 objective2 waypoint6)
0.858: (navigate rover1 waypoint6 waypoint3)
0.477: (navigate rover1 waypoint3 waypoint14)
1.382: (navigate rover0 waypoint16 waypoint7)
1.368: (calibrate rover0 camera0 objective1 waypoint7)
1.367: (calibrate rover0 camera3 objective1 waypoint7)
0.443: (navigate rover0 waypoint7 waypoint16)
0.448: (take_image rover0 waypoint16 objective2 camera0 colour)
0.447: (take_image rover1 waypoint14 objective1 camera2 colour)
0.833: (navigate rover1 waypoint14 waypoint3)
0.561: (navigate rover1 waypoint3 waypoint18)
1.499: (navigate rover0 waypoint16 waypoint11)
1.499: (calibrate rover0 camera0 objective1 waypoint11)
0.552: (navigate rover0 waypoint11 waypoint16)
1.526: (navigate rover0 waypoint16 waypoint24)
1.546: (take_image rover0 waypoint24 objective2 camera3 colour)
1.570: (take_image rover0 waypoint24 objective2 camera0 low_res)
1.629: (take_image rover1 waypoint18 objective0 camera1 colour)
2.012: (navigate rover0 waypoint24 waypoint3)
1.878: (navigate rover1 waypoint18 waypoint3)
1.856: (calibrate rover0 camera3 objective1 waypoint3)
1.848: (calibrate rover0 camera0 objective1 waypoint3)
1.857: (take_image rover0 waypoint3 objective1 camera3 colour)
1.984: (navigate rover1 waypoint3 waypoint14)
1.604: (navigate rover0 waypoint3 waypoint24)
1.602: (take_image rover0 waypoint24 objective0 camera0 high_res)
2.006: (navigate rover0 waypoint24 waypoint3)
1.983: (calibrate rover0 camera3 objective1 waypoint3)
1.603: (navigate rover0 waypoint3 waypoint24)
2.056: (navigate rover1 waypoint14 waypoint3)
1.614: (navigate rover1 waypoint3 waypoint18)
1.991: (navigate rover0 waypoint24 waypoint3)
1.992: (calibrate rover0 camera0 objective1 waypoint3)
1.591: (navigate rover0 waypoint3 waypoint24)
1.609: (take_image rover0 waypoint24 objective2 camera3 colour)
1.994: (navigate rover0 waypoint24 waypoint3)
1.609: (navigate rover0 waypoint3 waypoint24)
Failed to find a solution!
