/u/ibrahim.eisawy/Neural-Guided-Search/venv/lib/python3.10/site-packages/pymimir_rgnn/model.py:151: UserWarning: index_reduce() is in beta and the API may change at any time. (Triggered internally at /pytorch/aten/src/ATen/native/cuda/Indexing.cu:1541.)
  max_msg.index_reduce_(0, output_indices, output_messages, reduce='amax', include_self=True)
Torch: 2.12.0+cu130
Using GPU:  NVIDIA L40S
83.310: (calibrate rover0 camera2 objective2 waypoint47)
82.036: (calibrate rover1 camera3 objective0 waypoint21)
81.458: (sample_soil rover1 rover1store waypoint21)
79.553: (navigate rover1 waypoint21 waypoint16)
78.422: (drop rover1 rover1store)
77.913: (sample_soil rover1 rover1store waypoint16)
76.683: (drop rover1 rover1store)
76.403: (calibrate rover3 camera0 objective4 waypoint47)
73.491: (take_image rover3 waypoint47 objective6 camera0 high_res)
70.716: (take_image rover1 waypoint16 objective1 camera3 low_res)
69.002: (take_image rover0 waypoint47 objective6 camera2 colour)
68.780: (calibrate rover3 camera0 objective4 waypoint47)
68.588: (navigate rover1 waypoint16 waypoint15)
68.303: (sample_soil rover1 rover1store waypoint15)
66.967: (drop rover1 rover1store)
66.172: (navigate rover1 waypoint15 waypoint24)
65.888: (sample_soil rover1 rover1store waypoint24)
64.509: (drop rover1 rover1store)
64.281: (calibrate rover0 camera2 objective2 waypoint47)
64.180: (navigate rover0 waypoint47 waypoint37)
62.961: (navigate rover0 waypoint37 waypoint42)
62.270: (navigate rover3 waypoint47 waypoint37)
61.287: (navigate rover3 waypoint37 waypoint43)
61.504: (communicate_image_data rover0 general objective6 colour waypoint42 waypoint26)
61.705: (take_image rover3 waypoint43 objective1 camera0 high_res)
61.975: (navigate rover1 waypoint24 waypoint15)
61.045: (navigate rover1 waypoint15 waypoint16)
60.786: (calibrate rover1 camera3 objective0 waypoint16)
60.969: (take_image rover1 waypoint16 objective1 camera3 colour)
60.724: (calibrate rover1 camera3 objective0 waypoint16)
60.911: (take_image rover1 waypoint16 objective3 camera3 colour)
60.667: (calibrate rover1 camera3 objective0 waypoint16)
60.880: (take_image rover1 waypoint16 objective6 camera3 low_res)
60.592: (calibrate rover1 camera3 objective0 waypoint16)
60.878: (take_image rover0 waypoint42 objective3 camera2 colour)
60.584: (calibrate rover0 camera2 objective2 waypoint42)
60.617: (communicate_image_data rover0 general objective3 colour waypoint42 waypoint26)
60.903: (take_image rover1 waypoint16 objective6 camera3 low_res)
61.200: (navigate rover0 waypoint42 waypoint45)
60.881: (sample_soil rover0 rover0store waypoint45)
59.492: (navigate rover0 waypoint45 waypoint42)
58.276: (drop rover0 rover0store)
57.218: (communicate_soil_data rover0 general waypoint45 waypoint42 waypoint26)
56.958: (calibrate rover1 camera3 objective0 waypoint16)
57.183: (navigate rover0 waypoint42 waypoint53)
56.624: (sample_soil rover0 rover0store waypoint53)
55.194: (navigate rover0 waypoint53 waypoint42)
53.840: (drop rover0 rover0store)
52.854: (communicate_soil_data rover0 general waypoint53 waypoint42 waypoint26)
53.109: (take_image rover1 waypoint16 objective6 camera3 colour)
52.849: (calibrate rover1 camera3 objective0 waypoint16)
53.139: (take_image rover0 waypoint42 objective1 camera2 colour)
52.154: (communicate_image_data rover0 general objective1 colour waypoint42 waypoint26)
51.930: (calibrate rover0 camera2 objective2 waypoint42)
51.869: (take_image rover0 waypoint42 objective1 camera2 high_res)
51.692: (calibrate rover0 camera2 objective2 waypoint42)
51.794: (communicate_image_data rover0 general objective1 high_res waypoint42 waypoint26)
51.782: (take_image rover0 waypoint42 objective2 camera2 high_res)
51.761: (communicate_image_data rover0 general objective2 high_res waypoint42 waypoint26)
51.764: (calibrate rover0 camera2 objective2 waypoint42)
51.766: (take_image rover0 waypoint42 objective3 camera2 high_res)
51.764: (communicate_image_data rover0 general objective3 high_res waypoint42 waypoint26)
51.765: (calibrate rover0 camera2 objective2 waypoint42)
51.769: (take_image rover0 waypoint42 objective2 camera2 colour)
51.768: (calibrate rover0 camera2 objective2 waypoint42)
51.768: (communicate_image_data rover0 general objective2 colour waypoint42 waypoint26)
51.770: (take_image rover0 waypoint42 objective1 camera2 colour)
51.888: (take_image rover1 waypoint16 objective0 camera3 colour)
51.735: (calibrate rover1 camera3 objective0 waypoint16)
51.734: (calibrate rover0 camera2 objective2 waypoint42)
51.885: (take_image rover1 waypoint16 objective6 camera3 low_res)
52.707: (navigate rover1 waypoint16 waypoint15)
52.598: (navigate rover1 waypoint15 waypoint24)
52.612: (take_image rover0 waypoint42 objective3 camera2 high_res)
52.723: (navigate rover1 waypoint24 waypoint15)
53.315: (sample_soil rover0 rover0store waypoint42)
51.960: (drop rover0 rover0store)
50.900: (communicate_soil_data rover0 general waypoint42 waypoint42 waypoint26)
50.332: (navigate rover1 waypoint15 waypoint16)
49.980: (navigate rover0 waypoint42 waypoint45)
49.841: (calibrate rover0 camera1 objective7 waypoint45)
49.703: (calibrate rover1 camera3 objective0 waypoint16)
49.696: (take_image rover0 waypoint45 objective1 camera1 low_res)
49.588: (calibrate rover0 camera1 objective7 waypoint45)
49.622: (calibrate rover0 camera5 objective7 waypoint45)
49.579: (take_image rover0 waypoint45 objective7 camera5 high_res)
49.622: (calibrate rover0 camera5 objective7 waypoint45)
49.578: (take_image rover0 waypoint45 objective0 camera5 high_res)
49.621: (calibrate rover0 camera5 objective7 waypoint45)
49.578: (take_image rover0 waypoint45 objective0 camera5 colour)
49.622: (calibrate rover0 camera5 objective7 waypoint45)
49.581: (take_image rover0 waypoint45 objective7 camera5 colour)
49.622: (calibrate rover0 camera5 objective7 waypoint45)
49.588: (take_image rover0 waypoint45 objective5 camera5 high_res)
49.633: (calibrate rover0 camera5 objective7 waypoint45)
49.590: (take_image rover0 waypoint45 objective5 camera5 colour)
49.633: (calibrate rover0 camera5 objective7 waypoint45)
49.712: (take_image rover0 waypoint45 objective1 camera1 low_res)
49.707: (take_image rover0 waypoint45 objective0 camera5 high_res)
49.799: (take_image rover1 waypoint16 objective2 camera3 colour)
49.699: (calibrate rover1 camera3 objective0 waypoint16)
49.582: (calibrate rover0 camera1 objective7 waypoint45)
49.625: (calibrate rover0 camera5 objective7 waypoint45)
49.705: (take_image rover0 waypoint45 objective1 camera1 low_res)
49.830: (take_image rover1 waypoint16 objective1 camera3 colour)
49.757: (calibrate rover0 camera1 objective7 waypoint45)
49.718: (take_image rover0 waypoint45 objective7 camera5 high_res)
49.923: (navigate rover0 waypoint45 waypoint42)
49.332: (communicate_image_data rover0 general objective1 low_res waypoint42 waypoint26)
49.079: (navigate rover0 waypoint42 waypoint45)
48.965: (calibrate rover1 camera3 objective0 waypoint16)
49.007: (calibrate rover0 camera5 objective7 waypoint45)
49.103: (take_image rover0 waypoint45 objective1 camera1 low_res)
49.101: (take_image rover0 waypoint45 objective1 camera5 colour)
49.182: (take_image rover1 waypoint16 objective3 camera3 low_res)
49.064: (calibrate rover0 camera1 objective7 waypoint45)
48.967: (calibrate rover1 camera3 objective0 waypoint16)
48.995: (calibrate rover0 camera5 objective7 waypoint45)
49.074: (take_image rover0 waypoint45 objective1 camera1 low_res)
49.075: (take_image rover0 waypoint45 objective5 camera5 colour)
49.323: (take_image rover1 waypoint16 objective2 camera3 low_res)
49.206: (calibrate rover0 camera1 objective7 waypoint45)
49.076: (calibrate rover1 camera3 objective0 waypoint16)
49.121: (calibrate rover0 camera5 objective7 waypoint45)
49.207: (take_image rover0 waypoint45 objective1 camera1 low_res)
49.208: (take_image rover0 waypoint45 objective1 camera5 colour)
49.428: (take_image rover1 waypoint16 objective0 camera3 low_res)
49.272: (calibrate rover1 camera3 objective0 waypoint16)
49.143: (calibrate rover0 camera1 objective7 waypoint45)
49.189: (calibrate rover0 camera5 objective7 waypoint45)
49.267: (take_image rover0 waypoint45 objective1 camera1 low_res)
49.449: (take_image rover1 waypoint16 objective3 camera3 low_res)
49.365: (calibrate rover0 camera1 objective7 waypoint45)
49.315: (take_image rover0 waypoint45 objective0 camera5 high_res)
49.434: (take_image rover0 waypoint45 objective0 camera1 low_res)
49.279: (calibrate rover1 camera3 objective0 waypoint16)
49.146: (calibrate rover0 camera1 objective7 waypoint45)
49.193: (calibrate rover0 camera5 objective7 waypoint45)
49.271: (take_image rover0 waypoint45 objective0 camera1 low_res)
49.453: (take_image rover1 waypoint16 objective6 camera3 low_res)
49.373: (calibrate rover0 camera1 objective7 waypoint45)
49.325: (take_image rover0 waypoint45 objective0 camera5 colour)
49.527: (take_image rover0 waypoint45 objective7 camera1 low_res)
49.383: (calibrate rover1 camera3 objective0 waypoint16)
49.234: (calibrate rover0 camera1 objective7 waypoint45)
49.235: (calibrate rover0 camera5 objective7 waypoint45)
49.351: (take_image rover0 waypoint45 objective1 camera1 low_res)
49.519: (take_image rover1 waypoint16 objective0 camera3 colour)
49.412: (calibrate rover0 camera1 objective7 waypoint45)
49.400: (take_image rover0 waypoint45 objective7 camera5 high_res)
49.619: (take_image rover0 waypoint45 objective5 camera1 low_res)
49.474: (calibrate rover1 camera3 objective0 waypoint16)
49.327: (calibrate rover0 camera1 objective7 waypoint45)
49.336: (calibrate rover0 camera5 objective7 waypoint45)
49.437: (take_image rover0 waypoint45 objective5 camera1 low_res)
49.603: (take_image rover1 waypoint16 objective0 camera3 low_res)
49.505: (calibrate rover0 camera1 objective7 waypoint45)
49.495: (take_image rover0 waypoint45 objective7 camera5 high_res)
49.805: (navigate rover0 waypoint45 waypoint42)
49.645: (calibrate rover1 camera3 objective0 waypoint16)
49.603: (communicate_image_data rover0 general objective7 low_res waypoint42 waypoint26)
49.286: (navigate rover0 waypoint42 waypoint45)
49.302: (calibrate rover0 camera5 objective7 waypoint45)
49.395: (take_image rover0 waypoint45 objective7 camera1 low_res)
49.430: (take_image rover0 waypoint45 objective1 camera5 colour)
49.590: (take_image rover1 waypoint16 objective1 camera3 low_res)
49.456: (calibrate rover0 camera1 objective7 waypoint45)
49.470: (calibrate rover0 camera5 objective7 waypoint45)
49.573: (take_image rover0 waypoint45 objective1 camera1 low_res)
49.893: (navigate rover0 waypoint45 waypoint42)
49.712: (calibrate rover1 camera3 objective0 waypoint16)
49.671: (communicate_image_data rover0 general objective5 low_res waypoint42 waypoint26)
49.354: (navigate rover0 waypoint42 waypoint45)
49.263: (calibrate rover0 camera1 objective7 waypoint45)
49.246: (take_image rover0 waypoint45 objective1 camera5 colour)
49.390: (take_image rover0 waypoint45 objective1 camera1 low_res)
49.560: (take_image rover1 waypoint16 objective0 camera3 colour)
49.417: (calibrate rover0 camera1 objective7 waypoint45)
49.433: (calibrate rover0 camera5 objective7 waypoint45)
49.545: (take_image rover0 waypoint45 objective5 camera1 low_res)
49.867: (navigate rover0 waypoint45 waypoint42)
49.832: (communicate_image_data rover0 general objective0 low_res waypoint42 waypoint26)
49.511: (navigate rover0 waypoint42 waypoint45)
49.320: (calibrate rover1 camera3 objective0 waypoint16)
49.228: (calibrate rover0 camera1 objective7 waypoint45)
49.213: (take_image rover0 waypoint45 objective7 camera5 high_res)
49.356: (take_image rover0 waypoint45 objective0 camera1 low_res)
49.525: (take_image rover1 waypoint16 objective2 camera3 colour)
49.375: (calibrate rover0 camera1 objective7 waypoint45)
49.390: (calibrate rover0 camera5 objective7 waypoint45)
49.702: (navigate rover0 waypoint45 waypoint42)
49.547: (calibrate rover1 camera3 objective0 waypoint16)
49.531: (take_image rover0 waypoint42 objective3 camera5 high_res)
49.530: (communicate_image_data rover0 general objective5 high_res waypoint42 waypoint26)
49.214: (navigate rover0 waypoint42 waypoint45)
49.228: (calibrate rover0 camera5 objective7 waypoint45)
49.320: (take_image rover0 waypoint45 objective7 camera1 low_res)
49.355: (take_image rover0 waypoint45 objective0 camera5 colour)
49.522: (take_image rover1 waypoint16 objective2 camera3 colour)
49.374: (calibrate rover0 camera1 objective7 waypoint45)
49.389: (calibrate rover0 camera5 objective7 waypoint45)
49.509: (take_image rover0 waypoint45 objective5 camera1 low_res)
49.830: (navigate rover0 waypoint45 waypoint42)
49.640: (calibrate rover1 camera3 objective0 waypoint16)
49.637: (communicate_image_data rover0 general objective0 high_res waypoint42 waypoint26)
49.320: (navigate rover0 waypoint42 waypoint45)
49.227: (calibrate rover0 camera1 objective7 waypoint45)
49.211: (take_image rover0 waypoint45 objective7 camera5 high_res)
49.354: (take_image rover0 waypoint45 objective0 camera1 low_res)
49.519: (take_image rover1 waypoint16 objective2 camera3 colour)
49.374: (calibrate rover0 camera1 objective7 waypoint45)
49.389: (calibrate rover0 camera5 objective7 waypoint45)
49.506: (take_image rover0 waypoint45 objective5 camera1 low_res)
49.828: (navigate rover0 waypoint45 waypoint42)
49.825: (communicate_image_data rover0 general objective7 high_res waypoint42 waypoint26)
49.503: (navigate rover0 waypoint42 waypoint45)
49.319: (calibrate rover1 camera3 objective0 waypoint16)
49.227: (calibrate rover0 camera1 objective7 waypoint45)
49.211: (take_image rover0 waypoint45 objective7 camera5 high_res)
49.354: (take_image rover0 waypoint45 objective0 camera1 low_res)
49.514: (take_image rover1 waypoint16 objective2 camera3 colour)
49.373: (calibrate rover0 camera1 objective7 waypoint45)
49.388: (calibrate rover0 camera5 objective7 waypoint45)
49.700: (navigate rover0 waypoint45 waypoint42)
49.545: (calibrate rover1 camera3 objective0 waypoint16)
49.526: (take_image rover0 waypoint42 objective2 camera5 high_res)
49.527: (communicate_image_data rover0 general objective0 colour waypoint42 waypoint26)
49.212: (navigate rover0 waypoint42 waypoint45)
49.227: (calibrate rover0 camera5 objective7 waypoint45)
49.319: (take_image rover0 waypoint45 objective7 camera1 low_res)
49.354: (take_image rover0 waypoint45 objective0 camera5 colour)
49.515: (take_image rover1 waypoint16 objective2 camera3 colour)
49.374: (calibrate rover0 camera1 objective7 waypoint45)
49.388: (calibrate rover0 camera5 objective7 waypoint45)
49.503: (take_image rover0 waypoint45 objective5 camera1 low_res)
49.825: (navigate rover0 waypoint45 waypoint42)
49.639: (calibrate rover1 camera3 objective0 waypoint16)
49.638: (communicate_image_data rover0 general objective7 colour waypoint42 waypoint26)
49.319: (navigate rover0 waypoint42 waypoint45)
49.227: (calibrate rover0 camera1 objective7 waypoint45)
49.211: (take_image rover0 waypoint45 objective7 camera5 high_res)
49.354: (take_image rover0 waypoint45 objective0 camera1 low_res)
49.515: (take_image rover1 waypoint16 objective2 camera3 colour)
49.374: (calibrate rover0 camera1 objective7 waypoint45)
49.389: (calibrate rover0 camera5 objective7 waypoint45)
49.503: (take_image rover0 waypoint45 objective5 camera1 low_res)
49.825: (navigate rover0 waypoint45 waypoint42)
49.825: (communicate_image_data rover0 general objective5 colour waypoint42 waypoint26)
49.503: (navigate rover0 waypoint42 waypoint45)
49.319: (calibrate rover1 camera3 objective0 waypoint16)
49.227: (calibrate rover0 camera1 objective7 waypoint45)
49.211: (take_image rover0 waypoint45 objective7 camera5 high_res)
49.354: (take_image rover0 waypoint45 objective0 camera1 low_res)
49.515: (take_image rover1 waypoint16 objective2 camera3 colour)
49.374: (calibrate rover0 camera1 objective7 waypoint45)
49.389: (calibrate rover0 camera5 objective7 waypoint45)
49.700: (navigate rover0 waypoint45 waypoint42)
49.545: (calibrate rover1 camera3 objective0 waypoint16)
49.526: (take_image rover0 waypoint42 objective2 camera5 high_res)
49.564: (calibrate rover0 camera2 objective2 waypoint42)
49.245: (navigate rover0 waypoint42 waypoint45)
49.243: (calibrate rover0 camera5 objective7 waypoint45)
49.337: (take_image rover0 waypoint45 objective1 camera1 low_res)
49.322: (take_image rover0 waypoint45 objective1 camera5 colour)
49.511: (take_image rover1 waypoint16 objective0 camera3 colour)
49.406: (calibrate rover0 camera1 objective7 waypoint45)
49.424: (calibrate rover0 camera5 objective7 waypoint45)
49.545: (take_image rover0 waypoint45 objective1 camera1 low_res)
49.869: (navigate rover0 waypoint45 waypoint42)
49.657: (calibrate rover1 camera3 objective0 waypoint16)
49.637: (take_image rover0 waypoint42 objective2 camera2 high_res)
49.685: (take_image rover0 waypoint42 objective2 camera5 high_res)
49.641: (calibrate rover0 camera2 objective2 waypoint42)
49.835: (take_image rover1 waypoint16 objective3 camera3 low_res)
49.844: (take_image rover0 waypoint42 objective3 camera2 high_res)
50.170: (navigate rover0 waypoint42 waypoint53)
50.016: (calibrate rover1 camera3 objective0 waypoint16)
49.968: (calibrate rover0 camera2 objective2 waypoint53)
50.011: (take_image rover0 waypoint53 objective6 camera2 high_res)
49.678: (navigate rover0 waypoint53 waypoint42)
49.352: (navigate rover0 waypoint42 waypoint45)
49.208: (calibrate rover0 camera1 objective7 waypoint45)
49.226: (calibrate rover0 camera5 objective7 waypoint45)
49.318: (take_image rover0 waypoint45 objective1 camera1 low_res)
49.504: (take_image rover1 waypoint16 objective2 camera3 low_res)
49.388: (calibrate rover0 camera1 objective7 waypoint45)
49.371: (take_image rover0 waypoint45 objective1 camera5 high_res)
49.515: (take_image rover0 waypoint45 objective7 camera1 low_res)
49.844: (navigate rover0 waypoint45 waypoint42)
49.836: (calibrate rover0 camera2 objective2 waypoint42)
49.514: (navigate rover0 waypoint42 waypoint45)
49.321: (calibrate rover1 camera3 objective0 waypoint16)
49.242: (calibrate rover0 camera1 objective7 waypoint45)
49.245: (calibrate rover0 camera5 objective7 waypoint45)
49.341: (take_image rover0 waypoint45 objective7 camera1 low_res)
49.551: (take_image rover1 waypoint16 objective6 camera3 low_res)
49.429: (calibrate rover0 camera1 objective7 waypoint45)
49.405: (take_image rover0 waypoint45 objective5 camera5 high_res)
49.716: (navigate rover0 waypoint45 waypoint42)
49.561: (calibrate rover1 camera3 objective0 waypoint16)
49.526: (take_image rover0 waypoint42 objective1 camera2 colour)
49.533: (communicate_image_data rover0 general objective6 high_res waypoint42 waypoint26)
49.220: (navigate rover0 waypoint42 waypoint45)
49.238: (calibrate rover0 camera5 objective7 waypoint45)
49.329: (take_image rover0 waypoint45 objective1 camera1 low_res)
49.364: (take_image rover0 waypoint45 objective7 camera5 high_res)
49.526: (take_image rover1 waypoint16 objective3 camera3 low_res)
49.382: (calibrate rover0 camera1 objective7 waypoint45)
49.399: (calibrate rover0 camera5 objective7 waypoint45)
49.514: (take_image rover0 waypoint45 objective0 camera1 low_res)
49.834: (navigate rover0 waypoint45 waypoint42)
49.647: (calibrate rover1 camera3 objective0 waypoint16)
49.667: (calibrate rover0 camera2 objective2 waypoint42)
49.350: (navigate rover0 waypoint42 waypoint45)
49.256: (calibrate rover0 camera1 objective7 waypoint45)
49.255: (take_image rover0 waypoint45 objective1 camera5 colour)
49.332: (take_image rover0 waypoint45 objective0 camera1 low_res)
49.523: (take_image rover1 waypoint16 objective0 camera3 colour)
49.416: (calibrate rover0 camera1 objective7 waypoint45)
49.436: (calibrate rover0 camera5 objective7 waypoint45)
49.559: (take_image rover0 waypoint45 objective1 camera1 low_res)
49.879: (navigate rover0 waypoint45 waypoint42)
49.844: (take_image rover0 waypoint42 objective1 camera5 high_res)
49.649: (calibrate rover1 camera3 objective0 waypoint16)
49.687: (take_image rover0 waypoint42 objective2 camera2 high_res)
49.853: (take_image rover1 waypoint16 objective6 camera3 low_res)
50.174: (navigate rover0 waypoint42 waypoint53)
50.019: (calibrate rover1 camera3 objective0 waypoint16)
49.974: (calibrate rover0 camera2 objective2 waypoint53)
50.092: (take_image rover0 waypoint53 objective4 camera2 colour)
49.686: (navigate rover0 waypoint53 waypoint42)
49.363: (navigate rover0 waypoint42 waypoint45)
49.215: (calibrate rover0 camera1 objective7 waypoint45)
49.236: (calibrate rover0 camera5 objective7 waypoint45)
49.326: (take_image rover0 waypoint45 objective0 camera1 low_res)
49.518: (take_image rover1 waypoint16 objective3 camera3 low_res)
49.397: (calibrate rover0 camera1 objective7 waypoint45)
49.372: (take_image rover0 waypoint45 objective7 camera5 high_res)
49.525: (take_image rover0 waypoint45 objective5 camera1 low_res)
49.850: (navigate rover0 waypoint45 waypoint42)
49.816: (communicate_image_data rover0 general objective4 colour waypoint42 waypoint26)
49.491: (navigate rover0 waypoint42 waypoint45)
49.329: (calibrate rover1 camera3 objective0 waypoint16)
49.181: (calibrate rover0 camera1 objective7 waypoint45)
49.202: (calibrate rover0 camera5 objective7 waypoint45)
49.294: (take_image rover0 waypoint45 objective0 camera1 low_res)
49.484: (take_image rover1 waypoint16 objective0 camera3 low_res)
49.363: (calibrate rover0 camera1 objective7 waypoint45)
49.338: (take_image rover0 waypoint45 objective0 camera5 colour)
49.643: (navigate rover0 waypoint45 waypoint42)
49.494: (calibrate rover1 camera3 objective0 waypoint16)
49.523: (calibrate rover0 camera2 objective2 waypoint42)
49.215: (navigate rover0 waypoint42 waypoint45)
49.211: (calibrate rover0 camera5 objective7 waypoint45)
49.311: (take_image rover0 waypoint45 objective1 camera1 low_res)
49.292: (take_image rover0 waypoint45 objective5 camera5 high_res)
49.488: (take_image rover1 waypoint16 objective1 camera3 colour)
49.379: (calibrate rover0 camera1 objective7 waypoint45)
49.398: (calibrate rover0 camera5 objective7 waypoint45)
49.523: (take_image rover0 waypoint45 objective1 camera1 low_res)
49.840: (navigate rover0 waypoint45 waypoint42)
49.625: (calibrate rover1 camera3 objective0 waypoint16)
49.608: (take_image rover0 waypoint42 objective2 camera5 colour)
49.651: (take_image rover0 waypoint42 objective3 camera2 colour)
50.054: (navigate rover0 waypoint42 waypoint53)
50.000: (calibrate rover0 camera2 objective2 waypoint53)
50.058: (take_image rover0 waypoint53 objective4 camera2 high_res)
49.654: (navigate rover0 waypoint53 waypoint42)
49.331: (navigate rover0 waypoint42 waypoint45)
49.184: (calibrate rover0 camera1 objective7 waypoint45)
49.205: (calibrate rover0 camera5 objective7 waypoint45)
49.298: (take_image rover0 waypoint45 objective0 camera1 low_res)
49.488: (take_image rover1 waypoint16 objective2 camera3 low_res)
49.367: (calibrate rover0 camera1 objective7 waypoint45)
49.341: (take_image rover0 waypoint45 objective0 camera5 high_res)
49.494: (take_image rover0 waypoint45 objective7 camera1 low_res)
49.819: (navigate rover0 waypoint45 waypoint42)
49.809: (calibrate rover0 camera2 objective2 waypoint42)
49.492: (navigate rover0 waypoint42 waypoint45)
49.295: (calibrate rover1 camera3 objective0 waypoint16)
49.219: (calibrate rover0 camera1 objective7 waypoint45)
49.215: (calibrate rover0 camera5 objective7 waypoint45)
49.317: (take_image rover0 waypoint45 objective0 camera1 low_res)
49.527: (take_image rover1 waypoint16 objective3 camera3 low_res)
49.401: (calibrate rover0 camera1 objective7 waypoint45)
49.384: (take_image rover0 waypoint45 objective0 camera5 colour)
49.688: (navigate rover0 waypoint45 waypoint42)
49.529: (calibrate rover1 camera3 objective0 waypoint16)
49.496: (take_image rover0 waypoint42 objective3 camera2 high_res)
49.497: (communicate_image_data rover0 general objective4 high_res waypoint42 waypoint26)
49.182: (navigate rover0 waypoint42 waypoint45)
49.204: (calibrate rover0 camera5 objective7 waypoint45)
49.297: (take_image rover0 waypoint45 objective0 camera1 low_res)
49.329: (take_image rover0 waypoint45 objective5 camera5 high_res)
49.492: (take_image rover1 waypoint16 objective1 camera3 low_res)
49.341: (calibrate rover0 camera1 objective7 waypoint45)
49.366: (calibrate rover0 camera5 objective7 waypoint45)
49.487: (take_image rover0 waypoint45 objective7 camera1 low_res)
49.803: (navigate rover0 waypoint45 waypoint42)
49.614: (calibrate rover1 camera3 objective0 waypoint16)
49.627: (calibrate rover0 camera2 objective2 waypoint42)
49.313: (navigate rover0 waypoint42 waypoint45)
49.214: (calibrate rover0 camera1 objective7 waypoint45)
49.216: (take_image rover0 waypoint45 objective7 camera5 high_res)
49.296: (take_image rover0 waypoint45 objective7 camera1 low_res)
49.491: (take_image rover1 waypoint16 objective1 camera3 colour)
49.382: (calibrate rover0 camera1 objective7 waypoint45)
49.400: (calibrate rover0 camera5 objective7 waypoint45)
49.526: (take_image rover0 waypoint45 objective7 camera1 low_res)
49.843: (navigate rover0 waypoint45 waypoint42)
49.809: (take_image rover0 waypoint42 objective3 camera5 high_res)
49.608: (calibrate rover1 camera3 objective0 waypoint16)
49.652: (take_image rover0 waypoint42 objective1 camera2 colour)
49.818: (take_image rover1 waypoint16 objective0 camera3 colour)
50.209: (navigate rover0 waypoint42 waypoint53)
50.054: (calibrate rover1 camera3 objective0 waypoint16)
50.003: (calibrate rover0 camera2 objective2 waypoint53)
50.197: (take_image rover1 waypoint16 objective2 camera3 low_res)
50.750: (navigate rover1 waypoint16 waypoint15)
50.418: (navigate rover0 waypoint53 waypoint42)
50.047: (navigate rover0 waypoint42 waypoint45)
49.931: (calibrate rover0 camera1 objective7 waypoint45)
49.899: (take_image rover0 waypoint45 objective7 camera2 colour)
49.922: (calibrate rover0 camera5 objective7 waypoint45)
49.960: (navigate rover1 waypoint15 waypoint24)
49.933: (take_image rover0 waypoint45 objective5 camera5 high_res)
50.132: (take_image rover0 waypoint45 objective0 camera1 low_res)
50.074: (navigate rover1 waypoint24 waypoint15)
50.051: (calibrate rover0 camera5 objective7 waypoint45)
50.114: (navigate rover1 waypoint15 waypoint24)
50.596: (navigate rover0 waypoint45 waypoint42)
50.422: (navigate rover1 waypoint24 waypoint15)
50.452: (take_image rover0 waypoint42 objective3 camera5 high_res)
50.627: (navigate rover1 waypoint15 waypoint24)
50.594: (calibrate rover0 camera2 objective2 waypoint42)
50.113: (navigate rover0 waypoint42 waypoint45)
49.970: (calibrate rover0 camera1 objective7 waypoint45)
49.986: (calibrate rover0 camera5 objective7 waypoint45)
49.948: (navigate rover1 waypoint24 waypoint15)
50.080: (take_image rover0 waypoint45 objective7 camera1 low_res)
50.147: (navigate rover1 waypoint15 waypoint24)
50.627: (navigate rover0 waypoint45 waypoint42)
50.453: (navigate rover1 waypoint24 waypoint15)
50.784: (navigate rover0 waypoint42 waypoint53)
50.232: (navigate rover1 waypoint15 waypoint16)
50.024: (calibrate rover1 camera3 objective0 waypoint16)
50.014: (take_image rover0 waypoint53 objective4 camera2 colour)
50.198: (take_image rover1 waypoint16 objective6 camera3 low_res)
50.753: (navigate rover1 waypoint16 waypoint15)
50.784: (take_image rover0 waypoint53 objective2 camera5 high_res)
50.880: (navigate rover1 waypoint15 waypoint24)
50.851: (calibrate rover0 camera2 objective2 waypoint53)
52.168: (navigate rover3 waypoint43 waypoint37)
51.334: (navigate rover3 waypoint37 waypoint34)
51.044: (navigate rover0 waypoint53 waypoint42)
50.499: (navigate rover0 waypoint42 waypoint45)
50.350: (calibrate rover0 camera1 objective7 waypoint45)
50.313: (take_image rover0 waypoint45 objective7 camera2 colour)
50.315: (navigate rover1 waypoint24 waypoint15)
49.808: (navigate rover1 waypoint15 waypoint16)
49.657: (calibrate rover1 camera3 objective0 waypoint16)
49.678: (calibrate rover0 camera5 objective7 waypoint45)
49.773: (take_image rover0 waypoint45 objective7 camera1 low_res)
49.799: (take_image rover0 waypoint45 objective0 camera5 colour)
49.958: (take_image rover1 waypoint16 objective1 camera3 low_res)
49.956: (calibrate rover0 camera5 objective7 waypoint45)
49.833: (calibrate rover0 camera1 objective7 waypoint45)
50.123: (navigate rover0 waypoint45 waypoint42)
49.973: (calibrate rover1 camera3 objective0 waypoint16)
49.960: (take_image rover0 waypoint42 objective3 camera5 colour)
49.993: (calibrate rover0 camera2 objective2 waypoint42)
49.693: (navigate rover0 waypoint42 waypoint45)
49.689: (calibrate rover0 camera5 objective7 waypoint45)
49.791: (take_image rover0 waypoint45 objective7 camera1 low_res)
49.770: (take_image rover0 waypoint45 objective1 camera5 high_res)
49.961: (take_image rover1 waypoint16 objective1 camera3 colour)
49.851: (calibrate rover0 camera1 objective7 waypoint45)
49.867: (calibrate rover0 camera5 objective7 waypoint45)
49.996: (take_image rover0 waypoint45 objective0 camera1 low_res)
50.321: (navigate rover0 waypoint45 waypoint42)
50.092: (calibrate rover1 camera3 objective0 waypoint16)
50.075: (take_image rover0 waypoint42 objective1 camera5 high_res)
50.112: (take_image rover0 waypoint42 objective3 camera2 colour)
50.290: (take_image rover1 waypoint16 objective2 camera3 low_res)
50.287: (calibrate rover0 camera2 objective2 waypoint42)
50.680: (navigate rover0 waypoint42 waypoint53)
50.480: (calibrate rover1 camera3 objective0 waypoint16)
50.527: (take_image rover0 waypoint53 objective1 camera2 colour)
50.693: (take_image rover1 waypoint16 objective6 camera3 colour)
51.271: (navigate rover1 waypoint16 waypoint15)
50.904: (navigate rover0 waypoint53 waypoint42)
50.484: (navigate rover0 waypoint42 waypoint45)
50.469: (calibrate rover0 camera5 objective7 waypoint45)
50.337: (calibrate rover0 camera1 objective7 waypoint45)
50.338: (navigate rover1 waypoint15 waypoint24)
50.498: (take_image rover0 waypoint45 objective7 camera1 low_res)
50.508: (take_image rover0 waypoint45 objective0 camera5 colour)
51.066: (navigate rover0 waypoint45 waypoint42)
51.354: (navigate rover0 waypoint42 waypoint53)
52.176: (navigate rover3 waypoint34 waypoint36)
51.838: (navigate rover0 waypoint53 waypoint42)
51.300: (navigate rover0 waypoint42 waypoint45)
51.086: (navigate rover1 waypoint24 waypoint15)
50.697: (navigate rover1 waypoint15 waypoint16)
50.546: (calibrate rover0 camera1 objective7 waypoint45)
50.401: (calibrate rover1 camera3 objective0 waypoint16)
50.307: (calibrate rover3 camera0 objective4 waypoint36)
49.537: (navigate rover3 waypoint36 waypoint34)
49.485: (take_image rover3 waypoint34 objective1 camera0 low_res)
49.514: (calibrate rover0 camera5 objective7 waypoint45)
49.616: (take_image rover0 waypoint45 objective1 camera1 low_res)
49.635: (take_image rover0 waypoint45 objective1 camera5 colour)
49.880: (take_image rover1 waypoint16 objective6 camera3 low_res)
49.648: (calibrate rover0 camera1 objective7 waypoint45)
49.680: (calibrate rover0 camera5 objective7 waypoint45)
49.887: (take_image rover0 waypoint45 objective0 camera1 low_res)
50.186: (navigate rover0 waypoint45 waypoint42)
49.887: (calibrate rover1 camera3 objective0 waypoint16)
49.904: (calibrate rover0 camera2 objective2 waypoint42)
49.638: (navigate rover0 waypoint42 waypoint45)
49.527: (calibrate rover0 camera1 objective7 waypoint45)
49.531: (take_image rover0 waypoint45 objective0 camera5 colour)
49.614: (take_image rover0 waypoint45 objective5 camera1 low_res)
49.885: (navigate rover0 waypoint45 waypoint42)
49.915: (take_image rover0 waypoint42 objective1 camera2 colour)
50.186: (take_image rover1 waypoint16 objective2 camera3 low_res)
50.191: (calibrate rover0 camera2 objective2 waypoint42)
49.891: (navigate rover0 waypoint42 waypoint45)
49.698: (calibrate rover0 camera1 objective7 waypoint45)
49.718: (calibrate rover0 camera5 objective7 waypoint45)
49.927: (take_image rover0 waypoint45 objective1 camera1 low_res)
50.227: (navigate rover0 waypoint45 waypoint42)
50.643: (navigate rover0 waypoint42 waypoint53)
50.331: (calibrate rover1 camera3 objective0 waypoint16)
50.310: (take_image rover0 waypoint53 objective6 camera5 colour)
50.350: (take_image rover0 waypoint53 objective2 camera2 colour)
50.612: (take_image rover1 waypoint16 objective0 camera3 colour)
50.608: (calibrate rover0 camera2 objective2 waypoint53)
51.158: (navigate rover1 waypoint16 waypoint15)
50.784: (navigate rover0 waypoint53 waypoint42)
50.390: (navigate rover0 waypoint42 waypoint45)
50.184: (calibrate rover0 camera1 objective7 waypoint45)
50.143: (take_image rover0 waypoint45 objective7 camera2 high_res)
50.142: (navigate rover1 waypoint15 waypoint24)
50.174: (calibrate rover0 camera5 objective7 waypoint45)
50.174: (navigate rover1 waypoint24 waypoint15)
50.392: (take_image rover0 waypoint45 objective1 camera1 low_res)
50.399: (take_image rover0 waypoint45 objective7 camera5 colour)
50.434: (navigate rover1 waypoint15 waypoint24)
50.436: (calibrate rover0 camera5 objective7 waypoint45)
50.965: (navigate rover0 waypoint45 waypoint42)
50.787: (navigate rover1 waypoint24 waypoint15)
50.801: (take_image rover0 waypoint42 objective2 camera5 high_res)
50.972: (navigate rover1 waypoint15 waypoint24)
50.962: (calibrate rover0 camera2 objective2 waypoint42)
50.435: (navigate rover0 waypoint42 waypoint45)
50.186: (calibrate rover0 camera1 objective7 waypoint45)
50.200: (calibrate rover0 camera5 objective7 waypoint45)
50.202: (navigate rover1 waypoint24 waypoint15)
50.426: (take_image rover0 waypoint45 objective7 camera1 low_res)
50.469: (navigate rover1 waypoint15 waypoint24)
50.997: (navigate rover0 waypoint45 waypoint42)
50.818: (navigate rover1 waypoint24 waypoint15)
51.193: (navigate rover0 waypoint42 waypoint53)
51.160: (take_image rover0 waypoint53 objective6 camera2 high_res)
50.608: (navigate rover1 waypoint15 waypoint16)
50.321: (calibrate rover1 camera3 objective0 waypoint16)
50.843: (navigate rover1 waypoint16 waypoint15)
50.456: (navigate rover0 waypoint53 waypoint42)
50.107: (navigate rover0 waypoint42 waypoint45)
50.005: (calibrate rover0 camera1 objective7 waypoint45)
49.977: (take_image rover0 waypoint45 objective7 camera5 colour)
49.964: (navigate rover1 waypoint15 waypoint24)
49.991: (calibrate rover0 camera5 objective7 waypoint45)
50.091: (take_image rover0 waypoint45 objective7 camera1 low_res)
50.118: (take_image rover0 waypoint45 objective7 camera5 colour)
50.140: (navigate rover1 waypoint24 waypoint15)
50.403: (take_image rover1 waypoint15 objective4 camera3 colour)
49.885: (navigate rover1 waypoint15 waypoint16)
49.640: (calibrate rover1 camera3 objective0 waypoint16)
49.493: (calibrate rover0 camera1 objective7 waypoint45)
49.520: (calibrate rover0 camera5 objective7 waypoint45)
49.622: (take_image rover0 waypoint45 objective7 camera1 low_res)
49.892: (navigate rover0 waypoint45 waypoint42)
49.908: (calibrate rover0 camera2 objective2 waypoint42)
49.640: (navigate rover0 waypoint42 waypoint45)
49.533: (calibrate rover0 camera1 objective7 waypoint45)
49.536: (take_image rover0 waypoint45 objective0 camera5 colour)
49.619: (take_image rover0 waypoint45 objective0 camera1 low_res)
49.889: (navigate rover0 waypoint45 waypoint42)
49.919: (take_image rover0 waypoint42 objective3 camera2 colour)
50.192: (take_image rover1 waypoint16 objective0 camera3 colour)
50.198: (calibrate rover0 camera2 objective2 waypoint42)
49.897: (navigate rover0 waypoint42 waypoint45)
49.704: (calibrate rover0 camera1 objective7 waypoint45)
49.653: (take_image rover0 waypoint45 objective5 camera2 colour)
49.686: (calibrate rover0 camera5 objective7 waypoint45)
49.892: (take_image rover0 waypoint45 objective0 camera1 low_res)
50.193: (navigate rover0 waypoint45 waypoint42)
50.234: (calibrate rover0 camera2 objective2 waypoint42)
49.934: (navigate rover0 waypoint42 waypoint45)
49.723: (calibrate rover0 camera1 objective7 waypoint45)
49.978: (navigate rover0 waypoint45 waypoint42)
49.792: (calibrate rover1 camera3 objective0 waypoint16)
49.782: (take_image rover0 waypoint42 objective1 camera2 colour)
49.760: (take_image rover0 waypoint42 objective3 camera5 colour)
49.803: (calibrate rover0 camera2 objective2 waypoint42)
49.886: (take_image rover0 waypoint42 objective3 camera1 low_res)
49.615: (navigate rover0 waypoint42 waypoint45)
49.532: (calibrate rover0 camera1 objective7 waypoint45)
49.491: (take_image rover0 waypoint45 objective0 camera2 colour)
49.516: (calibrate rover0 camera5 objective7 waypoint45)
49.618: (take_image rover0 waypoint45 objective7 camera1 low_res)
49.639: (take_image rover0 waypoint45 objective7 camera5 high_res)
49.879: (take_image rover1 waypoint16 objective1 camera3 low_res)
49.648: (calibrate rover0 camera1 objective7 waypoint45)
49.681: (calibrate rover0 camera5 objective7 waypoint45)
49.884: (take_image rover0 waypoint45 objective7 camera1 low_res)
50.184: (navigate rover0 waypoint45 waypoint42)
49.889: (calibrate rover1 camera3 objective0 waypoint16)
49.890: (communicate_image_data rover0 general objective3 low_res waypoint42 waypoint26)
49.625: (navigate rover0 waypoint42 waypoint45)
49.521: (calibrate rover0 camera1 objective7 waypoint45)
49.496: (take_image rover0 waypoint45 objective1 camera5 high_res)
49.644: (take_image rover0 waypoint45 objective0 camera1 low_res)
49.890: (take_image rover1 waypoint16 objective3 camera3 low_res)
49.654: (calibrate rover0 camera1 objective7 waypoint45)
49.686: (calibrate rover0 camera5 objective7 waypoint45)
49.895: (take_image rover0 waypoint45 objective5 camera1 low_res)
50.192: (navigate rover0 waypoint45 waypoint42)
50.196: (take_image rover0 waypoint42 objective1 camera5 colour)
49.922: (calibrate rover1 camera3 objective0 waypoint16)
49.890: (calibrate rover0 camera2 objective2 waypoint42)
49.619: (navigate rover0 waypoint42 waypoint45)
49.536: (calibrate rover0 camera1 objective7 waypoint45)
49.534: (calibrate rover0 camera5 objective7 waypoint45)
49.639: (take_image rover0 waypoint45 objective7 camera1 low_res)
49.910: (navigate rover0 waypoint45 waypoint42)
50.233: (take_image rover1 waypoint16 objective1 camera3 low_res)
49.936: (navigate rover0 waypoint42 waypoint45)
49.722: (calibrate rover0 camera1 objective7 waypoint45)
49.703: (take_image rover0 waypoint45 objective1 camera5 colour)
49.897: (take_image rover0 waypoint45 objective7 camera1 low_res)
50.198: (navigate rover0 waypoint45 waypoint42)
50.608: (navigate rover0 waypoint42 waypoint53)
50.311: (calibrate rover1 camera3 objective0 waypoint16)
50.356: (take_image rover0 waypoint53 objective1 camera2 colour)
50.619: (take_image rover1 waypoint16 objective0 camera3 colour)
51.182: (navigate rover1 waypoint16 waypoint15)
50.812: (navigate rover0 waypoint53 waypoint42)
50.408: (navigate rover0 waypoint42 waypoint45)
50.147: (calibrate rover0 camera1 objective7 waypoint45)
50.146: (navigate rover1 waypoint15 waypoint24)
50.178: (calibrate rover0 camera5 objective7 waypoint45)
50.176: (navigate rover1 waypoint24 waypoint15)
50.396: (take_image rover0 waypoint45 objective7 camera1 low_res)
50.441: (navigate rover1 waypoint15 waypoint24)
50.443: (take_image rover0 waypoint45 objective7 camera5 high_res)
50.981: (navigate rover0 waypoint45 waypoint42)
50.963: (calibrate rover0 camera2 objective2 waypoint42)
50.438: (navigate rover0 waypoint42 waypoint45)
50.186: (calibrate rover0 camera1 objective7 waypoint45)
50.184: (navigate rover1 waypoint24 waypoint15)
50.202: (calibrate rover0 camera5 objective7 waypoint45)
50.202: (navigate rover1 waypoint15 waypoint24)
50.472: (take_image rover0 waypoint45 objective5 camera1 low_res)
50.430: (navigate rover1 waypoint24 waypoint15)
50.393: (take_image rover0 waypoint45 objective7 camera5 high_res)
50.787: (navigate rover0 waypoint45 waypoint42)
51.157: (navigate rover0 waypoint42 waypoint53)
51.263: (navigate rover1 waypoint15 waypoint24)
51.281: (take_image rover0 waypoint53 objective2 camera2 colour)
52.001: (navigate rover3 waypoint34 waypoint37)
50.784: (navigate rover3 waypoint37 waypoint43)
50.527: (navigate rover0 waypoint53 waypoint42)
50.043: (navigate rover0 waypoint42 waypoint45)
49.739: (calibrate rover0 camera1 objective7 waypoint45)
49.687: (navigate rover1 waypoint24 waypoint15)
49.149: (navigate rover1 waypoint15 waypoint16)
48.982: (calibrate rover1 camera3 objective0 waypoint16)
49.009: (calibrate rover0 camera5 objective7 waypoint45)
49.111: (take_image rover0 waypoint45 objective0 camera1 low_res)
49.136: (take_image rover0 waypoint45 objective1 camera5 colour)
49.387: (take_image rover1 waypoint16 objective0 camera3 low_res)
49.389: (calibrate rover0 camera5 objective7 waypoint45)
49.179: (calibrate rover0 camera1 objective7 waypoint45)
49.462: (navigate rover0 waypoint45 waypoint42)
49.297: (calibrate rover1 camera3 objective0 waypoint16)
49.272: (take_image rover0 waypoint42 objective1 camera5 colour)
49.306: (calibrate rover0 camera2 objective2 waypoint42)
49.022: (navigate rover0 waypoint42 waypoint45)
49.019: (calibrate rover0 camera5 objective7 waypoint45)
49.125: (take_image rover0 waypoint45 objective5 camera1 low_res)
49.105: (take_image rover0 waypoint45 objective5 camera5 colour)
49.392: (take_image rover1 waypoint16 objective0 camera3 low_res)
49.195: (calibrate rover0 camera1 objective7 waypoint45)
49.215: (calibrate rover0 camera5 objective7 waypoint45)
49.426: (take_image rover0 waypoint45 objective5 camera1 low_res)
49.727: (navigate rover0 waypoint45 waypoint42)
49.415: (calibrate rover1 camera3 objective0 waypoint16)
49.394: (take_image rover0 waypoint42 objective1 camera5 colour)
49.432: (take_image rover0 waypoint42 objective3 camera2 high_res)
49.694: (take_image rover1 waypoint16 objective6 camera3 low_res)
49.692: (calibrate rover0 camera2 objective2 waypoint42)
50.091: (navigate rover0 waypoint42 waypoint53)
49.796: (calibrate rover1 camera3 objective0 waypoint16)
49.845: (take_image rover0 waypoint53 objective1 camera2 colour)
50.099: (take_image rover1 waypoint16 objective6 camera3 low_res)
50.659: (navigate rover1 waypoint16 waypoint15)
50.327: (navigate rover0 waypoint53 waypoint42)
49.958: (navigate rover0 waypoint42 waypoint45)
49.938: (calibrate rover0 camera5 objective7 waypoint45)
49.717: (calibrate rover0 camera1 objective7 waypoint45)
49.773: (navigate rover1 waypoint15 waypoint24)
50.031: (take_image rover0 waypoint45 objective1 camera1 low_res)
50.509: (navigate rover0 waypoint45 waypoint42)
50.302: (navigate rover1 waypoint24 waypoint15)
49.687: (navigate rover1 waypoint15 waypoint16)
49.400: (calibrate rover1 camera3 objective0 waypoint16)
49.813: (navigate rover0 waypoint42 waypoint53)
49.815: (calibrate rover0 camera2 objective2 waypoint53)
50.125: (take_image rover1 waypoint16 objective3 camera3 low_res)
50.094: (take_image rover0 waypoint53 objective6 camera2 colour)
50.634: (navigate rover1 waypoint16 waypoint15)
50.663: (calibrate rover0 camera2 objective2 waypoint53)
50.331: (navigate rover0 waypoint53 waypoint42)
49.969: (navigate rover0 waypoint42 waypoint45)
49.741: (calibrate rover0 camera1 objective7 waypoint45)
49.726: (take_image rover0 waypoint45 objective7 camera5 high_res)
49.780: (navigate rover1 waypoint15 waypoint24)
49.796: (calibrate rover0 camera5 objective7 waypoint45)
50.063: (take_image rover0 waypoint45 objective7 camera1 low_res)
50.028: (take_image rover0 waypoint45 objective5 camera5 high_res)
49.933: (navigate rover1 waypoint24 waypoint15)
50.295: (navigate rover0 waypoint45 waypoint42)
50.503: (navigate rover1 waypoint15 waypoint24)
50.760: (navigate rover0 waypoint42 waypoint53)
50.628: (navigate rover1 waypoint24 waypoint15)
52.041: (navigate rover3 waypoint43 waypoint37)
51.205: (navigate rover3 waypoint37 waypoint15)
50.834: (navigate rover0 waypoint53 waypoint42)
50.414: (navigate rover0 waypoint42 waypoint45)
50.168: (calibrate rover3 camera0 objective4 waypoint15)
49.919: (take_image rover3 waypoint15 objective6 camera0 low_res)
49.681: (calibrate rover3 camera0 objective4 waypoint15)
49.699: (take_image rover0 waypoint45 objective0 camera2 colour)
49.672: (calibrate rover0 camera1 objective7 waypoint45)
49.627: (navigate rover1 waypoint15 waypoint16)
49.625: (calibrate rover1 camera3 objective0 waypoint16)
49.654: (take_image rover0 waypoint45 objective0 camera1 low_res)
49.631: (calibrate rover0 camera5 objective7 waypoint45)
49.660: (calibrate rover0 camera1 objective7 waypoint45)
49.665: (take_image rover1 waypoint16 objective6 camera3 low_res)
49.708: (navigate rover1 waypoint16 waypoint15)
49.682: (take_image rover0 waypoint45 objective7 camera1 low_res)
49.770: (navigate rover1 waypoint15 waypoint16)
49.779: (take_image rover0 waypoint45 objective0 camera5 high_res)
49.997: (take_image rover3 waypoint15 objective3 camera0 low_res)
49.760: (calibrate rover3 camera0 objective4 waypoint15)
49.612: (calibrate rover0 camera1 objective7 waypoint45)
49.613: (calibrate rover1 camera3 objective0 waypoint16)
49.636: (take_image rover0 waypoint45 objective0 camera1 low_res)
49.615: (calibrate rover0 camera5 objective7 waypoint45)
49.647: (calibrate rover0 camera1 objective7 waypoint45)
49.649: (take_image rover1 waypoint16 objective6 camera3 low_res)
49.695: (navigate rover1 waypoint16 waypoint15)
49.657: (take_image rover0 waypoint45 objective7 camera5 high_res)
49.676: (take_image rover3 waypoint15 objective2 camera0 low_res)
49.643: (calibrate rover3 camera0 objective4 waypoint15)
49.602: (navigate rover1 waypoint15 waypoint16)
49.605: (calibrate rover1 camera3 objective0 waypoint16)
49.631: (take_image rover0 waypoint45 objective1 camera1 low_res)
49.611: (calibrate rover0 camera5 objective7 waypoint45)
49.639: (calibrate rover0 camera1 objective7 waypoint45)
49.640: (take_image rover1 waypoint16 objective6 camera3 low_res)
49.680: (navigate rover1 waypoint16 waypoint15)
49.650: (take_image rover0 waypoint45 objective7 camera1 low_res)
49.666: (take_image rover0 waypoint45 objective0 camera5 colour)
49.753: (navigate rover1 waypoint15 waypoint16)
49.744: (calibrate rover0 camera5 objective7 waypoint45)
49.993: (take_image rover3 waypoint15 objective2 camera0 high_res)
49.741: (calibrate rover3 camera0 objective4 waypoint15)
49.609: (calibrate rover1 camera3 objective0 waypoint16)
49.630: (take_image rover0 waypoint45 objective0 camera5 colour)
49.603: (calibrate rover0 camera1 objective7 waypoint45)
49.600: (take_image rover1 waypoint16 objective6 camera3 low_res)
49.639: (calibrate rover0 camera5 objective7 waypoint45)
49.637: (calibrate rover1 camera3 objective0 waypoint16)
49.675: (take_image rover3 waypoint15 objective2 camera0 high_res)
49.650: (take_image rover0 waypoint45 objective1 camera5 colour)
49.700: (navigate rover1 waypoint16 waypoint15)
49.662: (calibrate rover3 camera0 objective4 waypoint15)
49.641: (take_image rover1 waypoint15 objective6 camera3 low_res)
49.664: (take_image rover0 waypoint45 objective5 camera1 low_res)
49.650: (calibrate rover0 camera5 objective7 waypoint45)
49.679: (calibrate rover0 camera1 objective7 waypoint45)
49.705: (take_image rover3 waypoint15 objective1 camera0 high_res)
49.677: (take_image rover0 waypoint45 objective1 camera5 colour)
49.762: (navigate rover1 waypoint15 waypoint16)
49.787: (calibrate rover0 camera5 objective7 waypoint45)
49.985: (navigate rover3 waypoint15 waypoint37)
48.918: (navigate rover3 waypoint37 waypoint43)
48.831: (calibrate rover1 camera3 objective0 waypoint16)
48.800: (take_image rover0 waypoint45 objective1 camera5 colour)
48.883: (take_image rover0 waypoint45 objective5 camera1 low_res)
48.860: (calibrate rover0 camera5 objective7 waypoint45)
49.127: (take_image rover1 waypoint16 objective3 camera3 low_res)
49.128: (take_image rover0 waypoint45 objective1 camera5 colour)
48.891: (calibrate rover0 camera1 objective7 waypoint45)
49.155: (navigate rover0 waypoint45 waypoint42)
49.011: (calibrate rover1 camera3 objective0 waypoint16)
49.040: (calibrate rover0 camera2 objective2 waypoint42)
48.810: (navigate rover0 waypoint42 waypoint45)
48.815: (calibrate rover0 camera5 objective7 waypoint45)
48.871: (take_image rover0 waypoint45 objective7 camera1 low_res)
48.847: (take_image rover0 waypoint45 objective7 camera5 high_res)
49.120: (take_image rover1 waypoint16 objective1 camera3 low_res)
48.929: (calibrate rover0 camera1 objective7 waypoint45)
48.949: (calibrate rover0 camera5 objective7 waypoint45)
49.157: (take_image rover0 waypoint45 objective1 camera1 low_res)
49.434: (navigate rover0 waypoint45 waypoint42)
49.145: (calibrate rover1 camera3 objective0 waypoint16)
49.123: (take_image rover0 waypoint42 objective2 camera5 colour)
49.173: (take_image rover0 waypoint42 objective1 camera2 colour)
49.415: (take_image rover1 waypoint16 objective0 camera3 low_res)
49.400: (calibrate rover0 camera2 objective2 waypoint42)
49.827: (navigate rover0 waypoint42 waypoint53)
49.547: (calibrate rover1 camera3 objective0 waypoint16)
49.607: (take_image rover0 waypoint53 objective1 camera2 colour)
49.851: (take_image rover1 waypoint16 objective6 camera3 low_res)
50.319: (navigate rover1 waypoint16 waypoint5)
49.092: (communicate_soil_data rover1 general waypoint21 waypoint5 waypoint26)
47.872: (communicate_soil_data rover1 general waypoint15 waypoint5 waypoint26)
46.899: (communicate_soil_data rover1 general waypoint24 waypoint5 waypoint26)
45.927: (communicate_soil_data rover1 general waypoint16 waypoint5 waypoint26)
45.047: (communicate_image_data rover1 general objective6 low_res waypoint5 waypoint26)
44.677: (navigate rover1 waypoint5 waypoint16)
44.117: (navigate rover0 waypoint53 waypoint42)
43.992: (navigate rover0 waypoint42 waypoint45)
43.929: (calibrate rover1 camera3 objective0 waypoint16)
43.923: (calibrate rover0 camera1 objective7 waypoint45)
43.945: (calibrate rover0 camera5 objective7 waypoint45)
43.933: (take_image rover0 waypoint45 objective7 camera1 low_res)
43.986: (take_image rover1 waypoint16 objective6 camera3 low_res)
44.005: (calibrate rover0 camera1 objective7 waypoint45)
43.976: (take_image rover0 waypoint45 objective0 camera5 high_res)
44.085: (navigate rover0 waypoint45 waypoint42)
44.035: (calibrate rover1 camera3 objective0 waypoint16)
44.043: (calibrate rover0 camera2 objective2 waypoint42)
43.930: (navigate rover0 waypoint42 waypoint45)
43.922: (take_image rover0 waypoint45 objective7 camera1 low_res)
43.932: (calibrate rover0 camera5 objective7 waypoint45)
43.939: (calibrate rover0 camera1 objective7 waypoint45)
43.995: (take_image rover1 waypoint16 objective2 camera3 low_res)
43.980: (take_image rover0 waypoint45 objective1 camera1 low_res)
43.975: (take_image rover0 waypoint45 objective0 camera5 colour)
43.988: (calibrate rover0 camera1 objective7 waypoint45)
44.097: (navigate rover0 waypoint45 waypoint42)
44.080: (take_image rover0 waypoint42 objective1 camera1 low_res)
44.033: (calibrate rover1 camera3 objective0 waypoint16)
44.056: (take_image rover0 waypoint42 objective1 camera2 high_res)
44.608: (navigate rover0 waypoint42 waypoint53)
44.575: (calibrate rover0 camera2 objective2 waypoint53)
44.644: (take_image rover1 waypoint16 objective6 camera3 low_res)
45.019: (navigate rover1 waypoint16 waypoint5)
44.671: (navigate rover0 waypoint53 waypoint42)
44.571: (navigate rover0 waypoint42 waypoint45)
44.567: (communicate_image_data rover1 general objective2 low_res waypoint5 waypoint26)
43.968: (navigate rover1 waypoint5 waypoint16)
43.921: (calibrate rover1 camera3 objective0 waypoint16)
43.929: (calibrate rover0 camera1 objective7 waypoint45)
43.922: (take_image rover0 waypoint45 objective0 camera2 high_res)
43.930: (take_image rover0 waypoint45 objective7 camera1 low_res)
43.934: (calibrate rover0 camera5 objective7 waypoint45)
43.946: (calibrate rover0 camera1 objective7 waypoint45)
44.004: (take_image rover1 waypoint16 objective6 camera3 low_res)
43.977: (take_image rover0 waypoint45 objective7 camera5 colour)
43.992: (take_image rover0 waypoint45 objective1 camera1 low_res)
43.982: (calibrate rover0 camera5 objective7 waypoint45)
44.091: (navigate rover0 waypoint45 waypoint42)
44.047: (calibrate rover1 camera3 objective0 waypoint16)
44.044: (calibrate rover0 camera2 objective2 waypoint42)
43.932: (navigate rover0 waypoint42 waypoint45)
43.939: (calibrate rover0 camera1 objective7 waypoint45)
43.994: (take_image rover1 waypoint16 objective2 camera3 low_res)
43.975: (take_image rover0 waypoint45 objective1 camera1 low_res)
44.085: (navigate rover0 waypoint45 waypoint42)
44.073: (take_image rover0 waypoint42 objective3 camera5 high_res)
44.033: (calibrate rover1 camera3 objective0 waypoint16)
44.056: (take_image rover0 waypoint42 objective3 camera2 high_res)
44.118: (take_image rover1 waypoint16 objective1 camera3 colour)
44.677: (navigate rover0 waypoint42 waypoint53)
44.608: (calibrate rover1 camera3 objective0 waypoint16)
44.575: (calibrate rover0 camera2 objective2 waypoint53)
44.640: (take_image rover1 waypoint16 objective6 camera3 low_res)
45.016: (navigate rover1 waypoint16 waypoint5)
44.667: (navigate rover0 waypoint53 waypoint42)
44.703: (take_image rover0 waypoint42 objective3 camera2 colour)
44.597: (navigate rover0 waypoint42 waypoint45)
44.569: (calibrate rover0 camera1 objective7 waypoint45)
44.592: (calibrate rover0 camera5 objective7 waypoint45)
44.574: (take_image rover0 waypoint45 objective0 camera1 low_res)
44.672: (navigate rover0 waypoint45 waypoint42)
44.673: (calibrate rover0 camera2 objective2 waypoint42)
44.574: (navigate rover0 waypoint42 waypoint45)
44.590: (calibrate rover0 camera1 objective7 waypoint45)
44.581: (take_image rover0 waypoint45 objective7 camera5 high_res)
43.988: (navigate rover1 waypoint5 waypoint16)
44.097: (navigate rover0 waypoint45 waypoint42)
44.043: (calibrate rover1 camera3 objective0 waypoint16)
44.032: (take_image rover0 waypoint42 objective2 camera1 low_res)
43.923: (navigate rover0 waypoint42 waypoint45)
43.930: (calibrate rover0 camera1 objective7 waypoint45)
43.923: (take_image rover0 waypoint45 objective0 camera2 high_res)
43.930: (take_image rover0 waypoint45 objective0 camera1 low_res)
43.934: (calibrate rover0 camera5 objective7 waypoint45)
43.946: (calibrate rover0 camera1 objective7 waypoint45)
44.004: (take_image rover1 waypoint16 objective6 camera3 low_res)
43.977: (take_image rover0 waypoint45 objective7 camera5 colour)
43.992: (take_image rover0 waypoint45 objective0 camera1 low_res)
43.983: (calibrate rover0 camera5 objective7 waypoint45)
44.092: (navigate rover0 waypoint45 waypoint42)
44.047: (calibrate rover1 camera3 objective0 waypoint16)
44.044: (calibrate rover0 camera2 objective2 waypoint42)
43.933: (navigate rover0 waypoint42 waypoint45)
43.939: (calibrate rover0 camera1 objective7 waypoint45)
43.994: (take_image rover1 waypoint16 objective6 camera3 low_res)
43.976: (take_image rover0 waypoint45 objective1 camera1 low_res)
43.972: (take_image rover0 waypoint45 objective0 camera5 colour)
43.988: (calibrate rover0 camera1 objective7 waypoint45)
44.097: (navigate rover0 waypoint45 waypoint42)
44.043: (calibrate rover1 camera3 objective0 waypoint16)
44.036: (take_image rover0 waypoint42 objective3 camera2 high_res)
44.057: (take_image rover0 waypoint42 objective1 camera1 low_res)
44.118: (take_image rover1 waypoint16 objective3 camera3 colour)
44.078: (calibrate rover0 camera2 objective2 waypoint42)
44.626: (navigate rover2 waypoint26 waypoint47)
44.583: (calibrate rover1 camera3 objective0 waypoint16)
44.640: (navigate rover0 waypoint42 waypoint45)
44.667: (calibrate rover0 camera1 objective7 waypoint45)
44.610: (navigate rover0 waypoint45 waypoint42)
44.612: (take_image rover1 waypoint16 objective6 camera3 low_res)
44.665: (navigate rover0 waypoint42 waypoint45)
44.675: (calibrate rover0 camera5 objective7 waypoint45)
44.625: (navigate rover0 waypoint45 waypoint42)
44.103: (navigate rover2 waypoint47 waypoint26)
44.049: (calibrate rover1 camera3 objective0 waypoint16)
44.056: (take_image rover0 waypoint42 objective2 camera2 colour)
44.111: (take_image rover1 waypoint16 objective6 camera3 low_res)
44.084: (take_image rover0 waypoint42 objective3 camera5 colour)
44.643: (navigate rover1 waypoint16 waypoint21)
43.913: (navigate rover1 waypoint21 waypoint49)
43.015: (navigate rover1 waypoint49 waypoint43)
42.709: (navigate rover0 waypoint42 waypoint45)
42.656: (calibrate rover1 camera3 objective0 waypoint43)
42.682: (calibrate rover0 camera5 objective7 waypoint45)
42.672: (take_image rover0 waypoint45 objective0 camera1 low_res)
42.697: (take_image rover0 waypoint45 objective1 camera5 colour)
42.736: (take_image rover1 waypoint43 objective7 camera3 colour)
42.695: (calibrate rover1 camera3 objective0 waypoint43)
42.655: (calibrate rover0 camera1 objective7 waypoint45)
42.680: (calibrate rover0 camera5 objective7 waypoint45)
42.669: (take_image rover0 waypoint45 objective5 camera1 low_res)
42.715: (take_image rover1 waypoint43 objective2 camera3 low_res)
42.737: (calibrate rover0 camera1 objective7 waypoint45)
42.707: (take_image rover0 waypoint45 objective0 camera5 colour)
42.826: (sample_soil rover1 rover1store waypoint43)
41.578: (drop rover1 rover1store)
41.548: (calibrate rover1 camera3 objective0 waypoint43)
41.574: (calibrate rover0 camera5 objective7 waypoint45)
41.562: (take_image rover0 waypoint45 objective5 camera1 low_res)
41.590: (take_image rover1 waypoint43 objective0 camera3 colour)
41.601: (take_image rover0 waypoint45 objective0 camera5 colour)
41.599: (calibrate rover1 camera3 objective0 waypoint43)
41.603: (take_image rover1 waypoint43 objective7 camera3 low_res)
41.578: (calibrate rover0 camera1 objective7 waypoint45)
41.548: (calibrate rover1 camera3 objective0 waypoint43)
41.574: (calibrate rover0 camera5 objective7 waypoint45)
41.562: (take_image rover0 waypoint45 objective5 camera1 low_res)
41.590: (take_image rover1 waypoint43 objective0 camera3 colour)
41.611: (calibrate rover0 camera1 objective7 waypoint45)
41.826: (navigate rover1 waypoint43 waypoint49)
40.512: (navigate rover1 waypoint49 waypoint35)
40.069: (sample_soil rover1 rover1store waypoint35)
38.799: (navigate rover1 waypoint35 waypoint4)
37.634: (drop rover1 rover1store)
37.603: (take_image rover0 waypoint45 objective0 camera5 colour)
37.667: (take_image rover0 waypoint45 objective0 camera1 low_res)
37.615: (calibrate rover0 camera5 objective7 waypoint45)
37.727: (sample_soil rover1 rover1store waypoint4)
36.465: (drop rover1 rover1store)
36.455: (take_image rover0 waypoint45 objective0 camera5 colour)
36.453: (calibrate rover0 camera1 objective7 waypoint45)
36.484: (calibrate rover0 camera5 objective7 waypoint45)
36.585: (navigate rover1 waypoint4 waypoint35)
36.554: (take_image rover0 waypoint45 objective0 camera5 colour)
36.567: (take_image rover0 waypoint45 objective7 camera1 low_res)
36.563: (calibrate rover0 camera5 objective7 waypoint45)
36.748: (navigate rover3 waypoint43 waypoint37)
35.704: (navigate rover3 waypoint37 waypoint34)
Failed to find a solution!
