/u/ibrahim.eisawy/Neural-Guided-Search/venv/lib/python3.10/site-packages/pymimir_rgnn/model.py:151: UserWarning: index_reduce() is in beta and the API may change at any time. (Triggered internally at /pytorch/aten/src/ATen/native/cuda/Indexing.cu:1541.)
  max_msg.index_reduce_(0, output_indices, output_messages, reduce='amax', include_self=True)
Torch: 2.12.0+cu130
Using GPU:  NVIDIA L40S
123.725: (calibrate rover0 camera1 objective3 waypoint13)
122.536: (sample_soil rover0 rover0store waypoint13)
121.619: (drop rover0 rover0store)
121.015: (navigate rover3 waypoint4 waypoint13)
119.889: (calibrate rover3 camera0 objective3 waypoint13)
118.578: (take_image rover3 waypoint13 objective7 camera0 colour)
118.111: (navigate rover1 waypoint12 waypoint36)
117.744: (calibrate rover3 camera2 objective6 waypoint13)
116.984: (take_image rover3 waypoint13 objective4 camera2 low_res)
116.695: (calibrate rover3 camera2 objective6 waypoint13)
115.357: (take_image rover3 waypoint13 objective2 camera2 low_res)
114.563: (take_image rover0 waypoint13 objective6 camera1 high_res)
113.607: (calibrate rover0 camera1 objective3 waypoint13)
113.254: (take_image rover0 waypoint13 objective2 camera1 high_res)
112.736: (calibrate rover0 camera1 objective3 waypoint13)
112.513: (navigate rover1 waypoint36 waypoint0)
111.636: (sample_rock rover1 rover1store waypoint0)
110.332: (communicate_rock_data rover1 general waypoint0 waypoint0 waypoint36)
109.773: (drop rover1 rover1store)
109.648: (calibrate rover3 camera2 objective6 waypoint13)
109.317: (take_image rover3 waypoint13 objective0 camera2 low_res)
108.623: (take_image rover0 waypoint13 objective3 camera1 low_res)
108.523: (calibrate rover3 camera0 objective3 waypoint13)
108.516: (navigate rover2 waypoint8 waypoint22)
108.143: (navigate rover2 waypoint22 waypoint27)
107.001: (sample_rock rover2 rover2store waypoint27)
106.306: (drop rover2 rover2store)
106.160: (navigate rover2 waypoint27 waypoint22)
105.721: (navigate rover2 waypoint22 waypoint44)
104.497: (sample_rock rover2 rover2store waypoint44)
103.576: (communicate_rock_data rover2 general waypoint27 waypoint44 waypoint36)
102.839: (communicate_rock_data rover2 general waypoint44 waypoint44 waypoint36)
102.467: (drop rover2 rover2store)
102.285: (navigate rover2 waypoint44 waypoint22)
102.117: (navigate rover2 waypoint22 waypoint27)
102.149: (take_image rover3 waypoint13 objective2 camera0 colour)
102.014: (calibrate rover3 camera0 objective3 waypoint13)
102.182: (calibrate rover2 camera4 objective4 waypoint27)
101.822: (take_image rover2 waypoint27 objective2 camera4 low_res)
101.967: (take_image rover3 waypoint13 objective2 camera0 colour)
102.125: (calibrate rover3 camera2 objective6 waypoint13)
101.929: (take_image rover3 waypoint13 objective7 camera2 low_res)
101.773: (calibrate rover3 camera0 objective3 waypoint13)
101.934: (navigate rover0 waypoint13 waypoint0)
101.033: (communicate_soil_data rover0 general waypoint13 waypoint0 waypoint36)
100.916: (navigate rover0 waypoint0 waypoint13)
101.066: (take_image rover3 waypoint13 objective7 camera0 colour)
101.193: (navigate rover0 waypoint13 waypoint0)
101.182: (navigate rover0 waypoint0 waypoint34)
101.019: (calibrate rover3 camera0 objective3 waypoint13)
101.155: (sample_rock rover0 rover0store waypoint34)
99.766: (communicate_rock_data rover0 general waypoint34 waypoint34 waypoint36)
98.698: (drop rover0 rover0store)
97.961: (navigate rover0 waypoint34 waypoint0)
97.832: (navigate rover0 waypoint0 waypoint13)
97.984: (take_image rover3 waypoint13 objective7 camera0 colour)
98.125: (navigate rover0 waypoint13 waypoint0)
98.287: (calibrate rover3 camera2 objective6 waypoint13)
97.798: (communicate_image_data rover0 general objective3 low_res waypoint0 waypoint36)
97.199: (communicate_image_data rover0 general objective2 high_res waypoint0 waypoint36)
96.769: (calibrate rover0 camera1 objective3 waypoint0)
96.523: (communicate_image_data rover0 general objective6 high_res waypoint0 waypoint36)
96.322: (calibrate rover1 camera6 objective6 waypoint0)
95.947: (navigate rover0 waypoint0 waypoint36)
95.108: (sample_soil rover0 rover0store waypoint36)
93.819: (navigate rover0 waypoint36 waypoint19)
92.495: (drop rover0 rover0store)
91.178: (sample_soil rover0 rover0store waypoint19)
89.900: (drop rover0 rover0store)
88.766: (communicate_soil_data rover0 general waypoint36 waypoint19 waypoint36)
87.979: (communicate_soil_data rover0 general waypoint19 waypoint19 waypoint36)
87.481: (calibrate rover2 camera4 objective4 waypoint27)
87.099: (navigate rover1 waypoint0 waypoint36)
86.763: (navigate rover1 waypoint36 waypoint30)
85.867: (sample_rock rover1 rover1store waypoint30)
84.583: (communicate_rock_data rover1 general waypoint30 waypoint30 waypoint36)
83.893: (drop rover1 rover1store)
83.593: (calibrate rover3 camera0 objective3 waypoint13)
83.382: (navigate rover2 waypoint27 waypoint22)
82.979: (calibrate rover2 camera3 objective0 waypoint22)
82.590: (navigate rover2 waypoint22 waypoint8)
82.269: (navigate rover2 waypoint8 waypoint1)
81.876: (navigate rover2 waypoint1 waypoint43)
79.805: (sample_rock rover2 rover2store waypoint43)
78.745: (drop rover2 rover2store)
78.654: (navigate rover1 waypoint30 waypoint36)
78.390: (navigate rover1 waypoint36 waypoint47)
78.356: (calibrate rover0 camera5 objective5 waypoint19)
78.396: (take_image rover0 waypoint19 objective0 camera5 low_res)
78.199: (communicate_image_data rover0 general objective0 low_res waypoint19 waypoint36)
78.169: (calibrate rover0 camera5 objective5 waypoint19)
78.206: (take_image rover0 waypoint19 objective4 camera5 low_res)
78.157: (communicate_image_data rover0 general objective4 low_res waypoint19 waypoint36)
78.158: (calibrate rover0 camera5 objective5 waypoint19)
78.117: (take_image rover0 waypoint19 objective4 camera5 colour)
78.120: (calibrate rover0 camera5 objective5 waypoint19)
78.133: (take_image rover0 waypoint19 objective5 camera5 low_res)
78.087: (calibrate rover0 camera5 objective5 waypoint19)
78.100: (communicate_image_data rover0 general objective5 low_res waypoint19 waypoint36)
78.142: (take_image rover0 waypoint19 objective5 camera5 low_res)
78.240: (communicate_image_data rover0 general objective4 colour waypoint19 waypoint36)
78.178: (calibrate rover0 camera5 objective5 waypoint19)
78.273: (take_image rover0 waypoint19 objective5 camera5 colour)
78.179: (calibrate rover0 camera5 objective5 waypoint19)
78.173: (communicate_image_data rover0 general objective5 colour waypoint19 waypoint36)
78.278: (take_image rover0 waypoint19 objective4 camera5 colour)
78.429: (navigate rover2 waypoint43 waypoint1)
78.277: (navigate rover2 waypoint1 waypoint4)
78.172: (calibrate rover0 camera5 objective5 waypoint19)
78.306: (take_image rover2 waypoint4 objective7 camera4 low_res)
78.421: (take_image rover0 waypoint19 objective4 camera5 low_res)
78.598: (navigate rover2 waypoint4 waypoint45)
78.276: (sample_rock rover2 rover2store waypoint45)
77.160: (drop rover2 rover2store)
76.235: (navigate rover2 waypoint45 waypoint4)
76.115: (calibrate rover0 camera5 objective5 waypoint19)
76.350: (take_image rover3 waypoint13 objective2 camera0 colour)
76.591: (navigate rover2 waypoint4 waypoint1)
76.206: (navigate rover2 waypoint1 waypoint43)
75.991: (calibrate rover3 camera0 objective3 waypoint13)
76.115: (take_image rover0 waypoint19 objective0 camera5 low_res)
76.379: (navigate rover1 waypoint47 waypoint36)
76.258: (calibrate rover0 camera5 objective5 waypoint19)
76.181: (navigate rover1 waypoint36 waypoint0)
76.307: (take_image rover0 waypoint19 objective4 camera5 low_res)
76.484: (navigate rover2 waypoint43 waypoint1)
76.276: (calibrate rover2 camera4 objective4 waypoint1)
76.108: (navigate rover2 waypoint1 waypoint43)
76.001: (calibrate rover0 camera5 objective5 waypoint19)
76.082: (navigate rover1 waypoint0 waypoint36)
75.821: (navigate rover1 waypoint36 waypoint47)
75.929: (take_image rover0 waypoint19 objective0 camera5 low_res)
76.113: (take_image rover2 waypoint43 objective0 camera4 low_res)
75.994: (calibrate rover0 camera5 objective5 waypoint19)
76.205: (take_image rover3 waypoint13 objective7 camera0 colour)
76.436: (take_image rover1 waypoint47 objective6 camera6 low_res)
76.017: (calibrate rover1 camera6 objective6 waypoint47)
75.807: (calibrate rover3 camera0 objective3 waypoint13)
75.926: (take_image rover0 waypoint19 objective5 camera5 low_res)
76.216: (navigate rover1 waypoint47 waypoint36)
76.102: (calibrate rover0 camera5 objective5 waypoint19)
76.008: (navigate rover1 waypoint36 waypoint0)
76.127: (take_image rover0 waypoint19 objective5 camera5 colour)
76.382: (navigate rover2 waypoint43 waypoint1)
76.181: (calibrate rover2 camera4 objective4 waypoint1)
75.938: (navigate rover2 waypoint1 waypoint43)
75.837: (calibrate rover0 camera5 objective5 waypoint19)
75.932: (navigate rover1 waypoint0 waypoint36)
75.651: (navigate rover1 waypoint36 waypoint47)
75.749: (take_image rover0 waypoint19 objective4 camera5 colour)
76.046: (navigate rover1 waypoint47 waypoint36)
76.116: (navigate rover1 waypoint36 waypoint30)
76.004: (calibrate rover0 camera5 objective5 waypoint19)
76.166: (take_image rover2 waypoint43 objective0 camera4 low_res)
76.304: (take_image rover0 waypoint19 objective0 camera5 low_res)
76.579: (navigate rover2 waypoint43 waypoint1)
76.366: (navigate rover2 waypoint1 waypoint4)
76.238: (calibrate rover0 camera5 objective5 waypoint19)
76.310: (navigate rover1 waypoint30 waypoint36)
75.948: (navigate rover1 waypoint36 waypoint47)
76.063: (take_image rover0 waypoint19 objective5 camera5 colour)
76.380: (sample_rock rover3 rover3store waypoint13)
75.097: (drop rover3 rover3store)
74.702: (navigate rover3 waypoint13 waypoint4)
73.639: (navigate rover3 waypoint4 waypoint6)
72.162: (communicate_rock_data rover3 general waypoint13 waypoint6 waypoint36)
71.319: (communicate_image_data rover3 general objective7 colour waypoint6 waypoint36)
70.451: (communicate_image_data rover3 general objective7 low_res waypoint6 waypoint36)
69.813: (sample_soil rover3 rover3store waypoint6)
68.430: (drop rover3 rover3store)
67.266: (communicate_soil_data rover3 general waypoint6 waypoint6 waypoint36)
66.425: (navigate rover3 waypoint6 waypoint35)
66.142: (navigate rover2 waypoint4 waypoint21)
65.942: (calibrate rover2 camera4 objective4 waypoint21)
65.785: (sample_soil rover3 rover3store waypoint35)
64.461: (drop rover3 rover3store)
64.279: (navigate rover3 waypoint35 waypoint6)
63.220: (communicate_soil_data rover3 general waypoint35 waypoint6 waypoint36)
62.299: (navigate rover3 waypoint6 waypoint4)
62.204: (calibrate rover0 camera5 objective5 waypoint19)
62.186: (navigate rover3 waypoint4 waypoint31)
62.047: (sample_soil rover3 rover3store waypoint31)
60.710: (navigate rover3 waypoint31 waypoint4)
59.449: (drop rover3 rover3store)
59.439: (take_image rover3 waypoint4 objective2 camera0 colour)
59.505: (take_image rover0 waypoint19 objective5 camera5 low_res)
59.595: (sample_soil rover3 rover3store waypoint4)
58.287: (drop rover3 rover3store)
57.349: (navigate rover3 waypoint4 waypoint10)
56.736: (navigate rover3 waypoint10 waypoint26)
56.619: (sample_soil rover3 rover3store waypoint26)
55.286: (drop rover3 rover3store)
54.289: (navigate rover3 waypoint26 waypoint10)
54.210: (calibrate rover0 camera5 objective5 waypoint19)
54.206: (calibrate rover3 camera0 objective3 waypoint10)
54.213: (take_image rover3 waypoint10 objective3 camera0 colour)
54.212: (calibrate rover3 camera0 objective3 waypoint10)
54.294: (take_image rover0 waypoint19 objective4 camera5 low_res)
54.297: (take_image rover3 waypoint10 objective7 camera0 colour)
54.425: (navigate rover3 waypoint10 waypoint11)
54.334: (calibrate rover0 camera5 objective5 waypoint19)
54.446: (take_image rover0 waypoint19 objective0 camera5 colour)
54.322: (navigate rover3 waypoint11 waypoint10)
54.234: (calibrate rover0 camera5 objective5 waypoint19)
54.229: (calibrate rover3 camera0 objective3 waypoint10)
54.239: (communicate_image_data rover0 general objective0 colour waypoint19 waypoint36)
54.266: (take_image rover3 waypoint10 objective7 camera0 colour)
54.364: (take_image rover0 waypoint19 objective5 camera5 colour)
54.333: (calibrate rover3 camera0 objective3 waypoint10)
54.458: (navigate rover3 waypoint10 waypoint11)
54.351: (calibrate rover0 camera5 objective5 waypoint19)
54.391: (take_image rover3 waypoint11 objective2 camera0 colour)
54.487: (take_image rover0 waypoint19 objective0 camera5 low_res)
54.684: (take_image rover2 waypoint21 objective2 camera4 low_res)
54.523: (calibrate rover0 camera5 objective5 waypoint19)
54.396: (navigate rover3 waypoint11 waypoint10)
54.357: (calibrate rover3 camera0 objective3 waypoint10)
54.489: (navigate rover3 waypoint10 waypoint11)
54.661: (take_image rover0 waypoint19 objective0 camera5 low_res)
54.532: (navigate rover3 waypoint11 waypoint10)
54.554: (take_image rover3 waypoint10 objective2 camera0 colour)
54.681: (navigate rover1 waypoint47 waypoint36)
54.486: (calibrate rover2 camera4 objective4 waypoint21)
54.375: (navigate rover1 waypoint36 waypoint0)
54.271: (calibrate rover0 camera5 objective5 waypoint19)
54.242: (calibrate rover3 camera0 objective3 waypoint10)
54.344: (take_image rover0 waypoint19 objective5 camera5 colour)
54.458: (navigate rover3 waypoint10 waypoint11)
54.362: (calibrate rover0 camera5 objective5 waypoint19)
54.381: (take_image rover3 waypoint11 objective2 camera0 colour)
54.488: (take_image rover0 waypoint19 objective5 camera5 low_res)
54.694: (take_image rover2 waypoint21 objective2 camera4 low_res)
54.521: (calibrate rover0 camera5 objective5 waypoint19)
54.406: (navigate rover3 waypoint11 waypoint10)
54.375: (calibrate rover3 camera0 objective3 waypoint10)
54.483: (navigate rover3 waypoint10 waypoint11)
54.672: (take_image rover0 waypoint19 objective0 camera5 low_res)
54.551: (navigate rover3 waypoint11 waypoint10)
54.576: (take_image rover3 waypoint10 objective7 camera0 colour)
54.976: (sample_rock rover0 rover0store waypoint19)
53.529: (communicate_rock_data rover0 general waypoint19 waypoint19 waypoint36)
52.208: (drop rover0 rover0store)
52.002: (calibrate rover2 camera4 objective4 waypoint21)
51.888: (calibrate rover0 camera5 objective5 waypoint19)
51.878: (calibrate rover3 camera0 objective3 waypoint10)
51.962: (take_image rover0 waypoint19 objective5 camera5 colour)
52.129: (navigate rover3 waypoint10 waypoint11)
52.065: (calibrate rover0 camera5 objective5 waypoint19)
52.063: (take_image rover3 waypoint11 objective2 camera0 colour)
52.171: (take_image rover0 waypoint19 objective4 camera5 low_res)
52.380: (take_image rover2 waypoint21 objective2 camera4 low_res)
52.199: (calibrate rover0 camera5 objective5 waypoint19)
52.029: (navigate rover3 waypoint11 waypoint10)
51.981: (calibrate rover3 camera0 objective3 waypoint10)
52.151: (navigate rover3 waypoint10 waypoint11)
52.344: (take_image rover0 waypoint19 objective4 camera5 colour)
52.176: (navigate rover3 waypoint11 waypoint10)
52.591: (take_image rover3 waypoint10 objective3 camera2 low_res)
52.382: (calibrate rover2 camera4 objective4 waypoint21)
52.232: (calibrate rover0 camera5 objective5 waypoint19)
52.307: (take_image rover3 waypoint10 objective2 camera0 colour)
52.443: (take_image rover0 waypoint19 objective4 camera5 low_res)
52.598: (navigate rover3 waypoint10 waypoint11)
52.459: (calibrate rover0 camera5 objective5 waypoint19)
52.629: (take_image rover2 waypoint21 objective2 camera4 low_res)
52.469: (navigate rover3 waypoint11 waypoint10)
52.399: (calibrate rover3 camera0 objective3 waypoint10)
52.554: (navigate rover3 waypoint10 waypoint11)
52.381: (calibrate rover2 camera4 objective4 waypoint21)
52.533: (take_image rover0 waypoint19 objective4 camera5 low_res)
52.751: (take_image rover2 waypoint21 objective2 camera4 low_res)
52.810: (take_image rover3 waypoint11 objective2 camera0 colour)
52.655: (navigate rover3 waypoint11 waypoint10)
53.100: (take_image rover0 waypoint19 objective5 camera1 low_res)
52.863: (calibrate rover0 camera5 objective5 waypoint19)
52.697: (calibrate rover2 camera4 objective4 waypoint21)
52.623: (calibrate rover3 camera0 objective3 waypoint10)
52.780: (navigate rover3 waypoint10 waypoint11)
52.852: (take_image rover3 waypoint11 objective2 camera0 colour)
53.022: (take_image rover2 waypoint21 objective2 camera4 low_res)
53.260: (take_image rover0 waypoint19 objective5 camera5 low_res)
53.042: (calibrate rover2 camera4 objective4 waypoint21)
52.883: (navigate rover3 waypoint11 waypoint10)
52.818: (calibrate rover3 camera0 objective3 waypoint10)
52.978: (navigate rover3 waypoint10 waypoint11)
53.197: (take_image rover2 waypoint21 objective2 camera4 low_res)
52.950: (calibrate rover0 camera5 objective5 waypoint19)
52.789: (navigate rover3 waypoint11 waypoint10)
53.036: (take_image rover0 waypoint19 objective4 camera5 low_res)
53.540: (take_image rover2 waypoint21 objective2 camera3 low_res)
53.189: (calibrate rover2 camera4 objective4 waypoint21)
52.994: (calibrate rover0 camera5 objective5 waypoint19)
53.071: (take_image rover3 waypoint10 objective7 camera0 colour)
53.223: (navigate rover3 waypoint10 waypoint11)
53.413: (take_image rover0 waypoint19 objective0 camera5 low_res)
53.259: (navigate rover3 waypoint11 waypoint10)
53.606: (take_image rover2 waypoint21 objective2 camera4 low_res)
53.358: (calibrate rover0 camera5 objective5 waypoint19)
53.283: (calibrate rover3 camera0 objective3 waypoint10)
53.430: (navigate rover3 waypoint10 waypoint11)
53.154: (calibrate rover2 camera4 objective4 waypoint21)
53.348: (take_image rover0 waypoint19 objective5 camera5 colour)
53.693: (take_image rover2 waypoint21 objective2 camera4 low_res)
53.757: (take_image rover3 waypoint11 objective2 camera0 colour)
53.503: (calibrate rover0 camera5 objective5 waypoint19)
54.086: (navigate rover0 waypoint19 waypoint36)
53.234: (navigate rover0 waypoint36 waypoint0)
52.848: (calibrate rover0 camera1 objective3 waypoint0)
52.562: (calibrate rover2 camera4 objective4 waypoint21)
52.443: (navigate rover3 waypoint11 waypoint10)
52.393: (calibrate rover3 camera0 objective3 waypoint10)
52.516: (navigate rover3 waypoint10 waypoint11)
52.664: (take_image rover0 waypoint0 objective3 camera5 low_res)
52.545: (navigate rover3 waypoint11 waypoint10)
52.586: (take_image rover3 waypoint10 objective2 camera0 colour)
52.705: (navigate rover3 waypoint10 waypoint11)
53.051: (take_image rover2 waypoint21 objective2 camera4 low_res)
52.937: (navigate rover3 waypoint11 waypoint10)
52.737: (calibrate rover0 camera5 objective5 waypoint0)
52.689: (calibrate rover3 camera0 objective3 waypoint10)
52.806: (navigate rover3 waypoint10 waypoint11)
53.019: (take_image rover0 waypoint0 objective6 camera5 low_res)
52.666: (calibrate rover2 camera4 objective4 waypoint21)
52.517: (calibrate rover0 camera5 objective5 waypoint0)
52.391: (navigate rover3 waypoint11 waypoint10)
52.443: (take_image rover3 waypoint10 objective7 camera0 colour)
52.562: (navigate rover3 waypoint10 waypoint11)
52.704: (take_image rover0 waypoint0 objective5 camera5 low_res)
52.585: (navigate rover3 waypoint11 waypoint10)
52.544: (calibrate rover3 camera0 objective3 waypoint10)
52.903: (take_image rover2 waypoint21 objective2 camera4 low_res)
52.689: (calibrate rover0 camera5 objective5 waypoint0)
52.738: (take_image rover3 waypoint10 objective2 camera0 colour)
52.849: (navigate rover3 waypoint10 waypoint11)
53.053: (take_image rover0 waypoint0 objective0 camera5 colour)
52.937: (navigate rover3 waypoint11 waypoint10)
53.370: (take_image rover0 waypoint0 objective5 camera1 low_res)
53.012: (calibrate rover2 camera4 objective4 waypoint21)
52.826: (calibrate rover0 camera5 objective5 waypoint0)
52.748: (calibrate rover3 camera0 objective3 waypoint10)
52.873: (navigate rover3 waypoint10 waypoint11)
52.950: (take_image rover3 waypoint11 objective2 camera0 colour)
53.135: (take_image rover0 waypoint0 objective0 camera5 colour)
53.488: (take_image rover2 waypoint21 objective2 camera4 low_res)
53.235: (calibrate rover0 camera5 objective5 waypoint0)
53.120: (navigate rover3 waypoint11 waypoint10)
53.043: (calibrate rover3 camera0 objective3 waypoint10)
53.160: (navigate rover3 waypoint10 waypoint11)
52.804: (calibrate rover0 camera1 objective3 waypoint0)
53.024: (take_image rover0 waypoint0 objective2 camera5 low_res)
52.559: (communicate_image_data rover0 general objective2 low_res waypoint0 waypoint36)
52.288: (navigate rover3 waypoint11 waypoint10)
52.058: (calibrate rover2 camera4 objective4 waypoint21)
52.036: (take_image rover3 waypoint10 objective2 camera0 colour)
52.054: (calibrate rover0 camera5 objective5 waypoint0)
52.039: (take_image rover0 waypoint0 objective2 camera5 colour)
52.032: (communicate_image_data rover0 general objective2 colour waypoint0 waypoint36)
52.049: (calibrate rover0 camera5 objective5 waypoint0)
52.035: (take_image rover0 waypoint0 objective3 camera5 colour)
52.036: (communicate_image_data rover0 general objective3 colour waypoint0 waypoint36)
52.053: (calibrate rover0 camera5 objective5 waypoint0)
52.060: (calibrate rover3 camera0 objective3 waypoint10)
52.043: (take_image rover0 waypoint0 objective3 camera1 high_res)
52.038: (calibrate rover0 camera1 objective3 waypoint0)
52.033: (take_image rover0 waypoint0 objective0 camera1 high_res)
52.031: (calibrate rover0 camera1 objective3 waypoint0)
51.853: (communicate_image_data rover0 general objective6 low_res waypoint0 waypoint36)
51.652: (communicate_image_data rover0 general objective0 high_res waypoint0 waypoint36)
50.578: (communicate_image_data rover0 general objective3 high_res waypoint0 waypoint36)
50.502: (take_image rover0 waypoint0 objective6 camera5 colour)
50.503: (communicate_image_data rover0 general objective6 colour waypoint0 waypoint36)
50.515: (take_image rover1 waypoint0 objective3 camera6 low_res)
50.494: (calibrate rover1 camera6 objective6 waypoint0)
50.510: (take_image rover1 waypoint0 objective5 camera6 low_res)
50.487: (calibrate rover1 camera6 objective6 waypoint0)
50.510: (take_image rover1 waypoint0 objective0 camera6 low_res)
50.485: (calibrate rover1 camera6 objective6 waypoint0)
50.509: (take_image rover1 waypoint0 objective2 camera6 low_res)
50.486: (calibrate rover1 camera6 objective6 waypoint0)
50.514: (take_image rover1 waypoint0 objective0 camera6 high_res)
50.488: (calibrate rover1 camera6 objective6 waypoint0)
50.515: (take_image rover1 waypoint0 objective3 camera6 high_res)
50.488: (calibrate rover1 camera6 objective6 waypoint0)
50.516: (take_image rover1 waypoint0 objective6 camera6 high_res)
50.489: (calibrate rover1 camera6 objective6 waypoint0)
50.518: (take_image rover1 waypoint0 objective2 camera6 high_res)
50.490: (calibrate rover1 camera6 objective6 waypoint0)
50.521: (take_image rover0 waypoint0 objective2 camera1 high_res)
50.560: (take_image rover2 waypoint21 objective2 camera4 low_res)
50.529: (calibrate rover0 camera1 objective3 waypoint0)
50.555: (take_image rover1 waypoint0 objective2 camera6 high_res)
50.628: (calibrate rover0 camera5 objective5 waypoint0)
50.591: (calibrate rover2 camera4 objective4 waypoint21)
50.563: (calibrate rover1 camera6 objective6 waypoint0)
50.580: (take_image rover0 waypoint0 objective3 camera1 low_res)
50.619: (take_image rover2 waypoint21 objective2 camera4 low_res)
50.601: (calibrate rover0 camera1 objective3 waypoint0)
50.620: (take_image rover0 waypoint0 objective5 camera1 high_res)
50.564: (take_image rover0 waypoint0 objective2 camera5 colour)
50.526: (calibrate rover2 camera4 objective4 waypoint21)
50.493: (calibrate rover0 camera1 objective3 waypoint0)
50.492: (communicate_image_data rover0 general objective5 high_res waypoint0 waypoint36)
50.521: (take_image rover1 waypoint0 objective0 camera6 high_res)
50.559: (take_image rover2 waypoint21 objective2 camera4 low_res)
50.533: (calibrate rover1 camera6 objective6 waypoint0)
50.561: (take_image rover1 waypoint0 objective5 camera6 high_res)
50.524: (calibrate rover2 camera4 objective4 waypoint21)
50.495: (calibrate rover1 camera6 objective6 waypoint0)
50.526: (take_image rover0 waypoint0 objective2 camera1 high_res)
50.565: (take_image rover2 waypoint21 objective2 camera4 low_res)
50.534: (calibrate rover0 camera1 objective3 waypoint0)
50.604: (calibrate rover0 camera5 objective5 waypoint0)
50.566: (calibrate rover2 camera4 objective4 waypoint21)
50.582: (take_image rover0 waypoint0 objective5 camera1 low_res)
50.622: (take_image rover2 waypoint21 objective2 camera4 low_res)
50.702: (take_image rover3 waypoint10 objective2 camera0 colour)
50.661: (calibrate rover0 camera1 objective3 waypoint0)
50.623: (calibrate rover2 camera4 objective4 waypoint21)
50.599: (take_image rover0 waypoint0 objective0 camera5 colour)
50.628: (take_image rover1 waypoint0 objective3 camera6 high_res)
50.651: (calibrate rover0 camera5 objective5 waypoint0)
50.594: (calibrate rover3 camera0 objective3 waypoint10)
50.630: (take_image rover2 waypoint21 objective2 camera4 low_res)
50.688: (take_image rover3 waypoint10 objective7 camera0 colour)
50.665: (take_image rover0 waypoint0 objective2 camera5 low_res)
50.638: (calibrate rover1 camera6 objective6 waypoint0)
50.688: (take_image rover0 waypoint0 objective6 camera1 low_res)
50.651: (calibrate rover2 camera4 objective4 waypoint21)
50.661: (calibrate rover0 camera5 objective5 waypoint0)
50.706: (take_image rover2 waypoint21 objective4 camera4 low_res)
50.629: (calibrate rover3 camera0 objective3 waypoint10)
50.573: (take_image rover0 waypoint0 objective0 camera5 colour)
50.532: (calibrate rover2 camera4 objective4 waypoint21)
50.498: (calibrate rover0 camera1 objective3 waypoint0)
50.527: (take_image rover1 waypoint0 objective0 camera6 high_res)
50.568: (take_image rover2 waypoint21 objective2 camera4 low_res)
50.541: (calibrate rover1 camera6 objective6 waypoint0)
50.610: (calibrate rover0 camera5 objective5 waypoint0)
50.568: (calibrate rover2 camera4 objective4 waypoint21)
50.586: (take_image rover0 waypoint0 objective5 camera1 low_res)
50.665: (take_image rover3 waypoint10 objective2 camera0 colour)
50.627: (calibrate rover0 camera1 objective3 waypoint0)
50.602: (take_image rover0 waypoint0 objective0 camera5 colour)
50.632: (take_image rover1 waypoint0 objective0 camera6 high_res)
50.655: (calibrate rover0 camera5 objective5 waypoint0)
50.596: (calibrate rover3 camera0 objective3 waypoint10)
50.637: (take_image rover2 waypoint21 objective2 camera4 low_res)
50.695: (take_image rover3 waypoint10 objective2 camera0 colour)
50.667: (calibrate rover1 camera6 objective6 waypoint0)
50.645: (take_image rover0 waypoint0 objective5 camera5 colour)
50.671: (take_image rover1 waypoint0 objective0 camera6 high_res)
50.756: (navigate rover3 waypoint10 waypoint11)
50.721: (calibrate rover2 camera4 objective4 waypoint21)
50.694: (calibrate rover1 camera6 objective6 waypoint0)
50.714: (calibrate rover0 camera5 objective5 waypoint0)
50.743: (take_image rover1 waypoint0 objective0 camera6 high_res)
50.776: (take_image rover2 waypoint21 objective4 camera4 low_res)
50.748: (calibrate rover1 camera6 objective6 waypoint0)
50.726: (take_image rover0 waypoint0 objective5 camera5 low_res)
50.774: (take_image rover0 waypoint0 objective0 camera1 high_res)
50.695: (navigate rover3 waypoint11 waypoint10)
50.653: (calibrate rover2 camera4 objective4 waypoint21)
50.742: (navigate rover3 waypoint10 waypoint11)
50.752: (calibrate rover0 camera5 objective5 waypoint0)
50.786: (take_image rover2 waypoint21 objective2 camera4 low_res)
50.873: (take_image rover1 waypoint0 objective5 camera6 low_res)
50.795: (navigate rover3 waypoint11 waypoint10)
50.714: (calibrate rover3 camera0 objective3 waypoint10)
50.676: (calibrate rover2 camera4 objective4 waypoint21)
50.622: (take_image rover0 waypoint0 objective2 camera5 low_res)
50.713: (navigate rover3 waypoint10 waypoint11)
50.623: (calibrate rover0 camera1 objective3 waypoint0)
50.594: (calibrate rover1 camera6 objective6 waypoint0)
50.625: (take_image rover0 waypoint0 objective6 camera1 low_res)
50.658: (take_image rover2 waypoint21 objective4 camera4 low_res)
50.629: (calibrate rover0 camera1 objective3 waypoint0)
50.657: (take_image rover1 waypoint0 objective5 camera6 low_res)
50.726: (calibrate rover0 camera5 objective5 waypoint0)
50.691: (calibrate rover2 camera4 objective4 waypoint21)
50.662: (calibrate rover1 camera6 objective6 waypoint0)
50.681: (take_image rover0 waypoint0 objective0 camera1 high_res)
50.715: (take_image rover2 waypoint21 objective4 camera4 low_res)
50.698: (calibrate rover0 camera1 objective3 waypoint0)
51.124: (navigate rover0 waypoint0 waypoint13)
50.765: (navigate rover0 waypoint13 waypoint3)
49.856: (navigate rover0 waypoint3 waypoint48)
49.243: (sample_soil rover0 rover0store waypoint48)
47.964: (drop rover0 rover0store)
46.834: (navigate rover0 waypoint48 waypoint38)
46.753: (take_image rover0 waypoint38 objective7 camera5 low_res)
46.736: (calibrate rover2 camera4 objective4 waypoint21)
46.761: (take_image rover1 waypoint0 objective6 camera6 low_res)
46.781: (take_image rover2 waypoint21 objective4 camera4 low_res)
46.842: (navigate rover3 waypoint11 waypoint10)
46.814: (calibrate rover1 camera6 objective6 waypoint0)
46.789: (calibrate rover2 camera4 objective4 waypoint21)
46.817: (take_image rover1 waypoint0 objective0 camera6 low_res)
46.912: (take_image rover0 waypoint38 objective2 camera1 low_res)
46.822: (calibrate rover1 camera6 objective6 waypoint0)
46.770: (navigate rover3 waypoint10 waypoint11)
46.786: (take_image rover2 waypoint21 objective4 camera4 low_res)
46.845: (navigate rover3 waypoint11 waypoint10)
46.964: (take_image rover3 waypoint10 objective7 camera0 colour)
46.902: (navigate rover3 waypoint10 waypoint11)
46.845: (calibrate rover0 camera1 objective3 waypoint38)
46.830: (calibrate rover2 camera4 objective4 waypoint21)
46.857: (take_image rover1 waypoint0 objective6 camera6 low_res)
46.873: (take_image rover2 waypoint21 objective4 camera4 low_res)
46.937: (navigate rover3 waypoint11 waypoint10)
46.910: (calibrate rover1 camera6 objective6 waypoint0)
46.888: (calibrate rover2 camera4 objective4 waypoint21)
46.915: (take_image rover1 waypoint0 objective2 camera6 high_res)
46.964: (navigate rover1 waypoint0 waypoint36)
46.807: (navigate rover1 waypoint36 waypoint12)
46.083: (navigate rover1 waypoint12 waypoint49)
45.783: (sample_rock rover1 rover1store waypoint49)
44.702: (drop rover1 rover1store)
44.015: (navigate rover1 waypoint49 waypoint12)
43.087: (communicate_rock_data rover1 general waypoint49 waypoint12 waypoint36)
42.268: (navigate rover1 waypoint12 waypoint7)
42.188: (calibrate rover3 camera0 objective3 waypoint10)
42.122: (sample_rock rover1 rover1store waypoint7)
41.078: (drop rover1 rover1store)
40.550: (navigate rover1 waypoint7 waypoint2)
40.083: (navigate rover1 waypoint2 waypoint43)
40.027: (navigate rover3 waypoint10 waypoint11)
40.047: (take_image rover2 waypoint21 objective2 camera4 low_res)
40.099: (navigate rover3 waypoint11 waypoint10)
40.039: (sample_rock rover3 rover3store waypoint10)
38.868: (drop rover3 rover3store)
37.988: (navigate rover3 waypoint10 waypoint11)
37.869: (sample_rock rover3 rover3store waypoint11)
36.715: (drop rover3 rover3store)
36.337: (navigate rover3 waypoint11 waypoint10)
35.571: (navigate rover3 waypoint10 waypoint0)
34.454: (communicate_soil_data rover3 general waypoint4 waypoint0 waypoint36)
33.400: (communicate_soil_data rover3 general waypoint31 waypoint0 waypoint36)
32.339: (communicate_rock_data rover3 general waypoint10 waypoint0 waypoint36)
31.190: (communicate_rock_data rover3 general waypoint11 waypoint0 waypoint36)
30.148: (communicate_soil_data rover3 general waypoint26 waypoint0 waypoint36)
30.101: (calibrate rover2 camera4 objective4 waypoint21)
30.114: (calibrate rover3 camera2 objective6 waypoint0)
30.102: (take_image rover3 waypoint0 objective3 camera0 colour)
30.119: (take_image rover0 waypoint38 objective0 camera1 low_res)
30.128: (calibrate rover3 camera0 objective3 waypoint0)
30.117: (take_image rover3 waypoint0 objective6 camera2 low_res)
30.101: (calibrate rover0 camera1 objective3 waypoint38)
30.114: (calibrate rover3 camera2 objective6 waypoint0)
30.102: (take_image rover3 waypoint0 objective0 camera0 colour)
30.115: (calibrate rover3 camera0 objective3 waypoint0)
30.103: (take_image rover3 waypoint0 objective2 camera2 low_res)
30.117: (take_image rover0 waypoint38 objective7 camera1 low_res)
30.128: (calibrate rover3 camera2 objective6 waypoint0)
30.119: (take_image rover3 waypoint0 objective5 camera2 low_res)
30.103: (calibrate rover0 camera1 objective3 waypoint38)
30.116: (calibrate rover3 camera2 objective6 waypoint0)
30.103: (take_image rover3 waypoint0 objective0 camera0 colour)
30.122: (take_image rover0 waypoint38 objective0 camera1 high_res)
30.129: (calibrate rover3 camera0 objective3 waypoint0)
30.123: (take_image rover3 waypoint0 objective6 camera0 colour)
30.104: (calibrate rover0 camera1 objective3 waypoint38)
30.117: (calibrate rover3 camera0 objective3 waypoint0)
30.105: (take_image rover3 waypoint0 objective5 camera0 colour)
30.117: (calibrate rover3 camera0 objective3 waypoint0)
30.106: (take_image rover3 waypoint0 objective0 camera2 low_res)
30.119: (take_image rover0 waypoint38 objective0 camera1 high_res)
30.129: (calibrate rover3 camera2 objective6 waypoint0)
30.123: (take_image rover3 waypoint0 objective0 camera0 colour)
30.154: (take_image rover3 waypoint0 objective5 camera2 low_res)
30.121: (calibrate rover0 camera1 objective3 waypoint38)
30.153: (take_image rover0 waypoint38 objective7 camera1 high_res)
30.119: (calibrate rover3 camera0 objective3 waypoint0)
30.103: (calibrate rover0 camera1 objective3 waypoint38)
30.117: (calibrate rover3 camera2 objective6 waypoint0)
30.104: (take_image rover3 waypoint0 objective0 camera0 colour)
30.122: (take_image rover0 waypoint38 objective0 camera1 high_res)
30.129: (calibrate rover3 camera0 objective3 waypoint0)
30.178: (take_image rover2 waypoint21 objective2 camera4 low_res)
30.156: (calibrate rover0 camera1 objective3 waypoint38)
30.150: (take_image rover3 waypoint0 objective3 camera0 colour)
30.176: (take_image rover3 waypoint0 objective3 camera2 low_res)
30.121: (calibrate rover2 camera4 objective4 waypoint21)
30.154: (take_image rover0 waypoint38 objective4 camera1 high_res)
30.119: (calibrate rover3 camera0 objective3 waypoint0)
30.103: (calibrate rover0 camera1 objective3 waypoint38)
30.117: (calibrate rover3 camera2 objective6 waypoint0)
30.104: (take_image rover3 waypoint0 objective0 camera0 colour)
30.123: (take_image rover0 waypoint38 objective0 camera1 high_res)
30.129: (calibrate rover3 camera0 objective3 waypoint0)
30.177: (take_image rover2 waypoint21 objective2 camera4 low_res)
30.156: (calibrate rover0 camera1 objective3 waypoint38)
30.150: (take_image rover3 waypoint0 objective6 camera0 colour)
30.176: (take_image rover3 waypoint0 objective3 camera2 low_res)
30.121: (calibrate rover2 camera4 objective4 waypoint21)
30.204: (take_image rover0 waypoint38 objective1 camera1 high_res)
30.145: (calibrate rover3 camera0 objective3 waypoint0)
30.130: (calibrate rover0 camera1 objective3 waypoint38)
30.143: (calibrate rover3 camera2 objective6 waypoint0)
30.130: (take_image rover3 waypoint0 objective5 camera0 colour)
30.145: (take_image rover3 waypoint0 objective2 camera2 low_res)
30.203: (take_image rover2 waypoint21 objective2 camera4 low_res)
30.177: (calibrate rover3 camera0 objective3 waypoint0)
30.183: (calibrate rover3 camera2 objective6 waypoint0)
30.177: (take_image rover3 waypoint0 objective6 camera0 colour)
30.204: (take_image rover0 waypoint38 objective7 camera1 high_res)
30.160: (calibrate rover2 camera4 objective4 waypoint21)
30.153: (calibrate rover3 camera0 objective3 waypoint0)
30.204: (take_image rover2 waypoint21 objective4 camera4 low_res)
30.200: (take_image rover3 waypoint0 objective6 camera2 low_res)
30.276: (take_image rover3 waypoint0 objective2 camera0 colour)
30.632: (navigate rover2 waypoint21 waypoint4)
30.257: (navigate rover2 waypoint4 waypoint1)
29.508: (navigate rover2 waypoint1 waypoint8)
29.321: (calibrate rover0 camera1 objective3 waypoint38)
29.210: (navigate rover2 waypoint8 waypoint33)
29.189: (calibrate rover3 camera2 objective6 waypoint0)
29.204: (calibrate rover3 camera0 objective3 waypoint0)
29.189: (calibrate rover2 camera4 objective4 waypoint33)
29.186: (take_image rover3 waypoint0 objective6 camera2 low_res)
29.189: (take_image rover2 waypoint33 objective6 camera4 low_res)
29.184: (calibrate rover2 camera4 objective4 waypoint33)
29.191: (calibrate rover3 camera2 objective6 waypoint0)
29.200: (take_image rover3 waypoint0 objective2 camera0 colour)
29.188: (take_image rover2 waypoint33 objective3 camera4 low_res)
29.201: (calibrate rover3 camera0 objective3 waypoint0)
29.185: (calibrate rover2 camera4 objective4 waypoint33)
29.183: (take_image rover3 waypoint0 objective6 camera2 low_res)
29.187: (take_image rover2 waypoint33 objective6 camera4 low_res)
29.206: (take_image rover3 waypoint0 objective6 camera0 colour)
29.232: (calibrate rover2 camera4 objective4 waypoint33)
29.199: (calibrate rover3 camera2 objective6 waypoint0)
29.323: (take_image rover0 waypoint38 objective4 camera1 high_res)
29.231: (calibrate rover3 camera0 objective3 waypoint0)
29.208: (take_image rover2 waypoint33 objective4 camera4 low_res)
29.282: (take_image rover3 waypoint0 objective5 camera0 colour)
29.380: (take_image rover3 waypoint0 objective5 camera2 low_res)
29.285: (calibrate rover3 camera0 objective3 waypoint0)
29.240: (calibrate rover2 camera4 objective4 waypoint33)
29.356: (take_image rover3 waypoint0 objective3 camera0 colour)
29.486: (navigate rover2 waypoint33 waypoint8)
29.363: (calibrate rover0 camera1 objective3 waypoint38)
29.285: (calibrate rover3 camera0 objective3 waypoint0)
29.270: (take_image rover2 waypoint8 objective7 camera4 low_res)
29.278: (calibrate rover3 camera2 objective6 waypoint0)
29.283: (take_image rover3 waypoint0 objective6 camera0 colour)
29.315: (take_image rover3 waypoint0 objective5 camera2 low_res)
29.503: (take_image rover0 waypoint38 objective0 camera1 high_res)
29.407: (calibrate rover3 camera2 objective6 waypoint0)
29.315: (calibrate rover3 camera0 objective3 waypoint0)
29.411: (take_image rover3 waypoint0 objective6 camera2 low_res)
29.647: (navigate rover1 waypoint43 waypoint2)
29.617: (navigate rover2 waypoint8 waypoint33)
29.280: (navigate rover1 waypoint2 waypoint8)
29.277: (calibrate rover2 camera4 objective4 waypoint33)
29.275: (calibrate rover0 camera1 objective3 waypoint38)
29.269: (calibrate rover1 camera6 objective6 waypoint8)
29.269: (calibrate rover3 camera2 objective6 waypoint0)
29.256: (take_image rover3 waypoint0 objective2 camera0 colour)
29.264: (take_image rover0 waypoint38 objective3 camera1 low_res)
29.280: (take_image rover2 waypoint33 objective3 camera4 low_res)
29.270: (calibrate rover0 camera1 objective3 waypoint38)
29.279: (take_image rover0 waypoint38 objective1 camera1 low_res)
29.263: (calibrate rover2 camera4 objective4 waypoint33)
29.257: (calibrate rover0 camera1 objective3 waypoint38)
29.270: (calibrate rover3 camera0 objective3 waypoint0)
29.268: (take_image rover3 waypoint0 objective6 camera2 low_res)
29.277: (take_image rover1 waypoint8 objective7 camera6 low_res)
29.270: (calibrate rover1 camera6 objective6 waypoint8)
29.270: (calibrate rover3 camera2 objective6 waypoint0)
29.256: (take_image rover3 waypoint0 objective3 camera0 colour)
29.264: (take_image rover0 waypoint38 objective1 camera1 high_res)
29.281: (take_image rover2 waypoint33 objective4 camera4 low_res)
29.271: (calibrate rover0 camera1 objective3 waypoint38)
29.279: (take_image rover1 waypoint8 objective2 camera6 high_res)
29.272: (calibrate rover2 camera4 objective4 waypoint33)
29.283: (take_image rover0 waypoint38 objective1 camera1 low_res)
29.292: (calibrate rover3 camera0 objective3 waypoint0)
29.277: (take_image rover3 waypoint0 objective5 camera2 low_res)
29.280: (take_image rover2 waypoint33 objective2 camera4 low_res)
29.285: (calibrate rover0 camera1 objective3 waypoint38)
29.280: (calibrate rover1 camera6 objective6 waypoint8)
29.274: (navigate rover3 waypoint0 waypoint10)
28.412: (navigate rover3 waypoint10 waypoint2)
28.426: (take_image rover0 waypoint38 objective7 camera1 low_res)
28.452: (calibrate rover3 camera2 objective6 waypoint2)
28.435: (calibrate rover0 camera1 objective3 waypoint38)
28.432: (take_image rover1 waypoint8 objective6 camera6 low_res)
28.442: (take_image rover3 waypoint2 objective2 camera2 low_res)
28.481: (calibrate rover2 camera4 objective4 waypoint33)
28.449: (calibrate rover1 camera6 objective6 waypoint8)
28.464: (take_image rover0 waypoint38 objective4 camera1 low_res)
28.486: (calibrate rover3 camera2 objective6 waypoint2)
28.468: (calibrate rover0 camera1 objective3 waypoint38)
28.473: (take_image rover1 waypoint8 objective7 camera6 high_res)
28.433: (take_image rover2 waypoint33 objective3 camera4 low_res)
28.436: (calibrate rover1 camera6 objective6 waypoint8)
28.410: (take_image rover3 waypoint2 objective2 camera2 low_res)
28.426: (take_image rover0 waypoint38 objective4 camera1 low_res)
28.453: (calibrate rover3 camera2 objective6 waypoint2)
28.486: (calibrate rover2 camera4 objective4 waypoint33)
28.465: (take_image rover3 waypoint2 objective3 camera2 low_res)
28.449: (calibrate rover0 camera1 objective3 waypoint38)
28.468: (calibrate rover3 camera2 objective6 waypoint2)
28.491: (take_image rover1 waypoint8 objective1 camera6 high_res)
28.451: (take_image rover2 waypoint33 objective6 camera4 low_res)
28.455: (calibrate rover1 camera6 objective6 waypoint8)
28.431: (take_image rover3 waypoint2 objective3 camera2 low_res)
28.447: (take_image rover0 waypoint38 objective4 camera1 low_res)
28.473: (calibrate rover3 camera2 objective6 waypoint2)
28.506: (calibrate rover2 camera4 objective4 waypoint33)
28.486: (take_image rover3 waypoint2 objective3 camera2 low_res)
28.468: (calibrate rover0 camera1 objective3 waypoint38)
28.487: (calibrate rover3 camera2 objective6 waypoint2)
28.499: (take_image rover1 waypoint8 objective1 camera6 low_res)
28.459: (take_image rover2 waypoint33 objective6 camera4 low_res)
28.462: (calibrate rover1 camera6 objective6 waypoint8)
28.438: (take_image rover3 waypoint2 objective3 camera2 low_res)
28.455: (take_image rover0 waypoint38 objective2 camera1 high_res)
28.480: (calibrate rover3 camera2 objective6 waypoint2)
28.512: (calibrate rover2 camera4 objective4 waypoint33)
28.492: (take_image rover3 waypoint2 objective3 camera2 low_res)
28.476: (calibrate rover0 camera1 objective3 waypoint38)
28.493: (calibrate rover3 camera2 objective6 waypoint2)
28.537: (take_image rover3 waypoint2 objective3 camera0 colour)
28.505: (take_image rover2 waypoint33 objective6 camera4 low_res)
28.499: (take_image rover1 waypoint8 objective7 camera6 high_res)
28.533: (take_image rover3 waypoint2 objective6 camera2 low_res)
28.467: (calibrate rover3 camera0 objective3 waypoint2)
28.506: (calibrate rover2 camera4 objective4 waypoint33)
28.573: (take_image rover3 waypoint2 objective2 camera0 colour)
28.540: (calibrate rover3 camera2 objective6 waypoint2)
28.657: (take_image rover0 waypoint38 objective0 camera1 high_res)
28.575: (calibrate rover3 camera0 objective3 waypoint2)
28.538: (take_image rover2 waypoint33 objective3 camera4 low_res)
28.616: (take_image rover3 waypoint2 objective0 camera2 low_res)
28.581: (calibrate rover2 camera4 objective4 waypoint33)
28.688: (take_image rover3 waypoint2 objective2 camera0 colour)
28.583: (calibrate rover1 camera6 objective6 waypoint8)
28.542: (calibrate rover0 camera1 objective3 waypoint38)
28.506: (take_image rover2 waypoint33 objective2 camera4 low_res)
28.547: (take_image rover0 waypoint38 objective1 camera1 high_res)
28.549: (calibrate rover3 camera2 objective6 waypoint2)
28.580: (calibrate rover2 camera4 objective4 waypoint33)
29.092: (sample_rock rover0 rover0store waypoint38)
28.015: (drop rover0 rover0store)
27.940: (calibrate rover3 camera0 objective3 waypoint2)
27.892: (calibrate rover0 camera1 objective3 waypoint38)
27.876: (take_image rover3 waypoint2 objective0 camera2 low_res)
27.862: (take_image rover2 waypoint33 objective4 camera4 low_res)
27.884: (calibrate rover3 camera2 objective6 waypoint2)
27.882: (take_image rover1 waypoint8 objective1 camera6 low_res)
27.890: (take_image rover3 waypoint2 objective6 camera2 low_res)
27.905: (calibrate rover2 camera4 objective4 waypoint33)
27.896: (calibrate rover3 camera2 objective6 waypoint2)
27.945: (take_image rover3 waypoint2 objective6 camera0 colour)
27.931: (take_image rover2 waypoint33 objective2 camera4 low_res)
27.933: (calibrate rover1 camera6 objective6 waypoint8)
27.932: (take_image rover3 waypoint2 objective0 camera2 low_res)
27.944: (calibrate rover2 camera4 objective4 waypoint33)
27.941: (calibrate rover3 camera2 objective6 waypoint2)
27.976: (navigate rover0 waypoint38 waypoint48)
26.948: (navigate rover0 waypoint48 waypoint3)
26.750: (navigate rover0 waypoint3 waypoint15)
25.329: (communicate_rock_data rover0 general waypoint38 waypoint15 waypoint36)
24.257: (communicate_soil_data rover0 general waypoint48 waypoint15 waypoint36)
24.248: (navigate rover0 waypoint15 waypoint3)
24.216: (calibrate rover3 camera0 objective3 waypoint2)
24.220: (take_image rover3 waypoint2 objective6 camera2 low_res)
24.233: (take_image rover0 waypoint3 objective4 camera1 low_res)
24.232: (calibrate rover3 camera2 objective6 waypoint2)
24.248: (take_image rover2 waypoint33 objective2 camera4 low_res)
24.233: (calibrate rover0 camera1 objective3 waypoint3)
24.237: (take_image rover3 waypoint2 objective3 camera2 low_res)
24.226: (navigate rover0 waypoint3 waypoint46)
23.613: (navigate rover0 waypoint46 waypoint32)
23.627: (take_image rover0 waypoint32 objective6 camera1 low_res)
23.663: (calibrate rover3 camera2 objective6 waypoint2)
23.702: (calibrate rover2 camera4 objective4 waypoint33)
23.673: (take_image rover3 waypoint2 objective2 camera2 low_res)
23.765: (take_image rover1 waypoint8 objective7 camera6 low_res)
23.760: (calibrate rover3 camera2 objective6 waypoint2)
23.713: (take_image rover2 waypoint33 objective4 camera4 low_res)
23.793: (take_image rover3 waypoint2 objective3 camera2 low_res)
23.885: (take_image rover3 waypoint2 objective3 camera0 colour)
23.722: (calibrate rover1 camera6 objective6 waypoint8)
23.735: (calibrate rover3 camera2 objective6 waypoint2)
23.769: (calibrate rover2 camera4 objective4 waypoint33)
23.768: (take_image rover3 waypoint2 objective0 camera2 low_res)
23.871: (take_image rover1 waypoint8 objective1 camera6 low_res)
23.843: (calibrate rover3 camera2 objective6 waypoint2)
23.797: (take_image rover2 waypoint33 objective4 camera4 low_res)
24.245: (sample_rock rover0 rover0store waypoint32)
23.172: (drop rover0 rover0store)
22.718: (navigate rover0 waypoint32 waypoint46)
22.197: (navigate rover0 waypoint46 waypoint3)
22.060: (calibrate rover0 camera1 objective3 waypoint3)
22.003: (calibrate rover3 camera0 objective3 waypoint2)
21.996: (calibrate rover1 camera6 objective6 waypoint8)
21.988: (take_image rover3 waypoint2 objective2 camera2 low_res)
22.007: (calibrate rover2 camera4 objective4 waypoint33)
22.001: (calibrate rover3 camera2 objective6 waypoint2)
22.023: (take_image rover1 waypoint8 objective1 camera6 high_res)
22.041: (take_image rover3 waypoint2 objective0 camera2 low_res)
22.021: (take_image rover2 waypoint33 objective4 camera4 low_res)
22.093: (navigate rover0 waypoint3 waypoint33)
21.292: (sample_soil rover0 rover0store waypoint33)
20.213: (drop rover0 rover0store)
20.143: (navigate rover2 waypoint33 waypoint8)
19.791: (navigate rover0 waypoint33 waypoint3)
19.706: (navigate rover2 waypoint8 waypoint2)
19.233: (navigate rover2 waypoint2 waypoint16)
18.174: (sample_rock rover2 rover2store waypoint16)
17.176: (drop rover2 rover2store)
16.926: (navigate rover2 waypoint16 waypoint2)
16.868: (calibrate rover2 camera3 objective0 waypoint2)
16.855: (calibrate rover1 camera6 objective6 waypoint8)
16.856: (calibrate rover3 camera2 objective6 waypoint2)
16.854: (take_image rover3 waypoint2 objective0 camera0 colour)
16.875: (take_image rover1 waypoint8 objective7 camera6 high_res)
16.876: (calibrate rover3 camera0 objective3 waypoint2)
16.911: (take_image rover0 waypoint3 objective4 camera1 high_res)
16.894: (calibrate rover1 camera6 objective6 waypoint8)
16.881: (take_image rover3 waypoint2 objective0 camera0 colour)
16.906: (take_image rover3 waypoint2 objective6 camera2 low_res)
16.879: (calibrate rover0 camera1 objective3 waypoint3)
16.891: (take_image rover1 waypoint8 objective7 camera6 low_res)
16.928: (take_image rover0 waypoint3 objective4 camera1 low_res)
16.904: (calibrate rover3 camera0 objective3 waypoint2)
16.897: (calibrate rover1 camera6 objective6 waypoint8)
16.945: (take_image rover2 waypoint2 objective6 camera3 low_res)
16.915: (calibrate rover0 camera1 objective3 waypoint3)
16.911: (calibrate rover3 camera2 objective6 waypoint2)
16.900: (take_image rover3 waypoint2 objective2 camera0 colour)
16.922: (take_image rover1 waypoint8 objective7 camera6 low_res)
16.934: (calibrate rover3 camera0 objective3 waypoint2)
16.957: (take_image rover0 waypoint3 objective2 camera1 low_res)
16.938: (take_image rover3 waypoint2 objective2 camera2 low_res)
16.952: (take_image rover3 waypoint2 objective0 camera0 colour)
16.938: (calibrate rover0 camera1 objective3 waypoint3)
16.927: (calibrate rover1 camera6 objective6 waypoint8)
16.953: (take_image rover0 waypoint3 objective3 camera1 high_res)
16.926: (calibrate rover3 camera2 objective6 waypoint2)
16.941: (calibrate rover3 camera0 objective3 waypoint2)
17.014: (navigate rover2 waypoint2 waypoint8)
16.773: (navigate rover2 waypoint8 waypoint25)
16.740: (calibrate rover0 camera1 objective3 waypoint3)
16.729: (take_image rover3 waypoint2 objective2 camera0 colour)
16.750: (take_image rover1 waypoint8 objective7 camera6 low_res)
16.762: (calibrate rover3 camera0 objective3 waypoint2)
16.755: (take_image rover3 waypoint2 objective0 camera2 low_res)
16.746: (calibrate rover1 camera6 objective6 waypoint8)
16.752: (take_image rover3 waypoint2 objective2 camera0 colour)
16.765: (take_image rover1 waypoint8 objective1 camera6 low_res)
16.777: (take_image rover0 waypoint3 objective3 camera1 high_res)
16.765: (calibrate rover3 camera0 objective3 waypoint2)
16.776: (calibrate rover1 camera6 objective6 waypoint8)
16.782: (take_image rover3 waypoint2 objective6 camera0 colour)
16.758: (calibrate rover3 camera2 objective6 waypoint2)
16.787: (take_image rover1 waypoint8 objective6 camera6 high_res)
16.787: (calibrate rover3 camera0 objective3 waypoint2)
17.032: (navigate rover2 waypoint25 waypoint8)
16.806: (navigate rover2 waypoint8 waypoint22)
16.279: (navigate rover2 waypoint22 waypoint44)
15.294: (communicate_rock_data rover2 general waypoint16 waypoint44 waypoint36)
14.325: (communicate_rock_data rover2 general waypoint45 waypoint44 waypoint36)
13.376: (communicate_rock_data rover2 general waypoint43 waypoint44 waypoint36)
13.347: (calibrate rover0 camera1 objective3 waypoint3)
13.315: (calibrate rover2 camera3 objective0 waypoint44)
13.295: (calibrate rover1 camera6 objective6 waypoint8)
13.294: (take_image rover3 waypoint2 objective0 camera2 low_res)
13.308: (take_image rover1 waypoint8 objective6 camera6 low_res)
13.332: (take_image rover3 waypoint2 objective2 camera0 colour)
13.316: (calibrate rover3 camera2 objective6 waypoint2)
13.296: (calibrate rover1 camera6 objective6 waypoint8)
13.315: (take_image rover2 waypoint44 objective0 camera3 low_res)
13.307: (calibrate rover2 camera4 objective4 waypoint44)
13.317: (calibrate rover3 camera0 objective3 waypoint2)
13.320: (take_image rover3 waypoint2 objective6 camera2 low_res)
13.319: (calibrate rover2 camera3 objective0 waypoint44)
13.323: (calibrate rover3 camera2 objective6 waypoint2)
13.321: (take_image rover3 waypoint2 objective3 camera0 colour)
13.341: (take_image rover1 waypoint8 objective1 camera6 high_res)
13.333: (take_image rover2 waypoint44 objective4 camera3 low_res)
13.339: (take_image rover2 waypoint44 objective3 camera4 low_res)
13.354: (take_image rover3 waypoint2 objective6 camera2 low_res)
13.341: (calibrate rover1 camera6 objective6 waypoint8)
13.319: (calibrate rover2 camera3 objective0 waypoint44)
13.344: (calibrate rover2 camera4 objective4 waypoint44)
13.333: (take_image rover2 waypoint44 objective3 camera3 low_res)
13.350: (take_image rover1 waypoint8 objective7 camera6 low_res)
13.338: (calibrate rover3 camera0 objective3 waypoint2)
13.336: (calibrate rover2 camera3 objective0 waypoint44)
13.341: (calibrate rover3 camera2 objective6 waypoint2)
13.341: (take_image rover2 waypoint44 objective3 camera3 low_res)
13.369: (take_image rover0 waypoint3 objective2 camera1 high_res)
13.348: (calibrate rover1 camera6 objective6 waypoint8)
13.333: (take_image rover3 waypoint2 objective0 camera0 colour)
13.340: (take_image rover2 waypoint44 objective3 camera4 low_res)
13.324: (calibrate rover2 camera3 objective0 waypoint44)
13.336: (calibrate rover3 camera0 objective3 waypoint2)
13.339: (take_image rover3 waypoint2 objective2 camera2 low_res)
13.348: (take_image rover3 waypoint2 objective6 camera0 colour)
13.364: (take_image rover2 waypoint44 objective4 camera3 low_res)
13.359: (calibrate rover3 camera0 objective3 waypoint2)
13.327: (calibrate rover0 camera1 objective3 waypoint3)
13.327: (calibrate rover3 camera2 objective6 waypoint2)
13.357: (take_image rover0 waypoint3 objective3 camera1 high_res)
13.607: (navigate rover0 waypoint3 waypoint46)
13.570: (calibrate rover0 camera1 objective3 waypoint46)
13.544: (calibrate rover2 camera3 objective0 waypoint44)
13.536: (take_image rover3 waypoint2 objective6 camera2 low_res)
13.547: (take_image rover3 waypoint2 objective6 camera0 colour)
13.536: (calibrate rover3 camera2 objective6 waypoint2)
13.551: (take_image rover2 waypoint44 objective0 camera3 low_res)
13.549: (calibrate rover2 camera4 objective4 waypoint44)
13.561: (calibrate rover2 camera3 objective0 waypoint44)
13.573: (calibrate rover3 camera0 objective3 waypoint2)
13.562: (take_image rover3 waypoint2 objective6 camera2 low_res)
13.562: (take_image rover2 waypoint44 objective4 camera3 low_res)
13.562: (take_image rover2 waypoint44 objective3 camera4 low_res)
13.565: (take_image rover3 waypoint2 objective6 camera0 colour)
13.564: (calibrate rover2 camera4 objective4 waypoint44)
13.573: (calibrate rover2 camera3 objective0 waypoint44)
13.589: (take_image rover1 waypoint8 objective1 camera6 low_res)
13.361: (navigate rover0 waypoint46 waypoint3)
13.398: (take_image rover0 waypoint3 objective2 camera1 high_res)
13.372: (take_image rover2 waypoint44 objective0 camera4 low_res)
13.349: (calibrate rover3 camera0 objective3 waypoint2)
13.355: (calibrate rover3 camera2 objective6 waypoint2)
13.357: (take_image rover3 waypoint2 objective6 camera0 colour)
13.373: (take_image rover2 waypoint44 objective0 camera3 low_res)
13.370: (calibrate rover2 camera4 objective4 waypoint44)
13.382: (calibrate rover2 camera3 objective0 waypoint44)
13.351: (calibrate rover1 camera6 objective6 waypoint8)
13.360: (calibrate rover3 camera0 objective3 waypoint2)
13.361: (take_image rover3 waypoint2 objective3 camera2 low_res)
13.352: (take_image rover2 waypoint44 objective4 camera3 low_res)
13.360: (take_image rover3 waypoint2 objective3 camera0 colour)
13.372: (calibrate rover2 camera3 objective0 waypoint44)
13.604: (navigate rover0 waypoint3 waypoint46)
13.579: (take_image rover2 waypoint44 objective3 camera4 low_res)
13.565: (calibrate rover3 camera2 objective6 waypoint2)
13.582: (take_image rover2 waypoint44 objective4 camera3 low_res)
13.576: (calibrate rover2 camera4 objective4 waypoint44)
13.591: (take_image rover3 waypoint2 objective3 camera2 low_res)
13.592: (take_image rover2 waypoint44 objective0 camera4 low_res)
13.601: (calibrate rover3 camera0 objective3 waypoint2)
13.583: (calibrate rover2 camera3 objective0 waypoint44)
13.591: (calibrate rover3 camera2 objective6 waypoint2)
13.606: (take_image rover1 waypoint8 objective1 camera6 low_res)
13.563: (calibrate rover0 camera1 objective3 waypoint46)
13.550: (take_image rover3 waypoint2 objective0 camera2 low_res)
13.562: (take_image rover3 waypoint2 objective3 camera0 colour)
13.558: (calibrate rover3 camera2 objective6 waypoint2)
13.575: (take_image rover2 waypoint44 objective4 camera3 low_res)
13.575: (calibrate rover2 camera4 objective4 waypoint44)
13.580: (take_image rover3 waypoint2 objective6 camera2 low_res)
13.578: (calibrate rover3 camera0 objective3 waypoint2)
13.578: (take_image rover2 waypoint44 objective4 camera4 low_res)
13.340: (navigate rover0 waypoint46 waypoint3)
13.366: (take_image rover0 waypoint3 objective4 camera1 high_res)
13.363: (calibrate rover2 camera4 objective4 waypoint44)
13.374: (calibrate rover2 camera3 objective0 waypoint44)
13.379: (calibrate rover3 camera2 objective6 waypoint2)
13.633: (navigate rover0 waypoint3 waypoint46)
13.592: (calibrate rover0 camera1 objective3 waypoint46)
13.578: (take_image rover3 waypoint2 objective0 camera2 low_res)
13.618: (take_image rover0 waypoint46 objective0 camera1 low_res)
13.591: (take_image rover2 waypoint44 objective0 camera4 low_res)
13.603: (take_image rover3 waypoint2 objective0 camera0 colour)
13.600: (calibrate rover3 camera2 objective6 waypoint2)
13.614: (take_image rover2 waypoint44 objective4 camera3 low_res)
13.604: (take_image rover3 waypoint2 objective0 camera2 low_res)
13.377: (navigate rover0 waypoint46 waypoint3)
13.387: (calibrate rover2 camera4 objective4 waypoint44)
13.616: (navigate rover0 waypoint3 waypoint46)
13.609: (calibrate rover3 camera0 objective3 waypoint2)
13.599: (calibrate rover1 camera6 objective6 waypoint8)
13.601: (calibrate rover3 camera2 objective6 waypoint2)
13.568: (calibrate rover0 camera1 objective3 waypoint46)
13.591: (take_image rover1 waypoint8 objective6 camera6 low_res)
13.592: (take_image rover2 waypoint44 objective4 camera4 low_res)
13.622: (take_image rover0 waypoint46 objective2 camera1 high_res)
13.607: (take_image rover3 waypoint2 objective6 camera2 low_res)
13.811: (navigate rover3 waypoint2 waypoint17)
13.705: (navigate rover0 waypoint46 waypoint3)
13.680: (calibrate rover0 camera1 objective3 waypoint3)
13.650: (calibrate rover2 camera3 objective0 waypoint44)
13.638: (calibrate rover1 camera6 objective6 waypoint8)
13.639: (calibrate rover3 camera2 objective6 waypoint17)
13.639: (take_image rover3 waypoint17 objective6 camera0 colour)
13.656: (take_image rover2 waypoint44 objective4 camera3 low_res)
13.648: (calibrate rover2 camera4 objective4 waypoint44)
13.661: (calibrate rover2 camera3 objective0 waypoint44)
13.680: (take_image rover1 waypoint8 objective1 camera6 high_res)
13.660: (take_image rover2 waypoint44 objective3 camera4 low_res)
13.671: (take_image rover3 waypoint17 objective6 camera2 low_res)
13.662: (calibrate rover1 camera6 objective6 waypoint8)
13.680: (take_image rover2 waypoint44 objective3 camera3 low_res)
13.674: (calibrate rover2 camera4 objective4 waypoint44)
Failed to find a solution!
