/u/ibrahim.eisawy/Neural-Guided-Search/venv/lib/python3.10/site-packages/pymimir_rgnn/model.py:162: UserWarning: index_reduce() is in beta and the API may change at any time. (Triggered internally at /pytorch/aten/src/ATen/native/cuda/Indexing.cu:1541.)
  exps_max.index_reduce_(0, output_indices, output_messages, reduce="amax", include_self=False)
Torch: 2.12.0+cu130
Loading model... (models/logistics_dqn.pth)
Using GPU:  NVIDIA L40S
Starting Q* search...
[f=3.295] Expanded: 7, Generated: 6
[f=3.324] Expanded: 7, Generated: 7
[f=2.918] Expanded: 9, Generated: 10
[f=2.919] Expanded: 10, Generated: 11
[f=3.295] Expanded: 11, Generated: 12
[f=3.324] Expanded: 11, Generated: 13
[f=3.593] Expanded: 11, Generated: 14
[f=3.680] Expanded: 11, Generated: 15
[f=2.918] Expanded: 13, Generated: 17
[f=2.918] Expanded: 14, Generated: 18
[f=2.919] Expanded: 15, Generated: 19
[f=3.307] Expanded: 16, Generated: 20
[f=3.307] Expanded: 17, Generated: 21
[f=3.334] Expanded: 18, Generated: 22
[f=3.334] Expanded: 18, Generated: 23
[f=3.603] Expanded: 18, Generated: 24
[f=3.603] Expanded: 18, Generated: 25
[f=3.681] Expanded: 18, Generated: 26
[f=3.687] Expanded: 18, Generated: 27
[f=3.875] Expanded: 18, Generated: 28
[f=3.876] Expanded: 18, Generated: 29
[f=3.879] Expanded: 18, Generated: 30
[f=3.880] Expanded: 18, Generated: 31
[f=4.404] Expanded: 18, Generated: 33
[f=4.408] Expanded: 18, Generated: 35
[f=4.414] Expanded: 18, Generated: 36
[f=4.414] Expanded: 18, Generated: 37
[f=4.422] Expanded: 18, Generated: 38
[f=4.422] Expanded: 18, Generated: 39
[f=4.546] Expanded: 18, Generated: 41
[f=4.563] Expanded: 18, Generated: 42
[f=4.563] Expanded: 18, Generated: 43
[f=4.601] Expanded: 18, Generated: 45
[f=4.620] Expanded: 18, Generated: 46
[f=4.620] Expanded: 18, Generated: 47
[f=3.615] Expanded: 19, Generated: 49
[f=4.261] Expanded: 20, Generated: 50
[f=3.431] Expanded: 21, Generated: 52
[f=4.160] Expanded: 22, Generated: 53
[f=4.391] Expanded: 22, Generated: 54
[f=4.512] Expanded: 22, Generated: 55
[f=4.536] Expanded: 22, Generated: 56
[f=4.566] Expanded: 22, Generated: 57
[f=3.872] Expanded: 23, Generated: 59
[f=4.628] Expanded: 25, Generated: 61
[f=4.675] Expanded: 25, Generated: 62
[f=3.677] Expanded: 26, Generated: 64
[f=4.526] Expanded: 27, Generated: 65
[f=4.526] Expanded: 28, Generated: 66
[f=4.624] Expanded: 28, Generated: 67
[f=4.624] Expanded: 28, Generated: 68
[f=4.692] Expanded: 28, Generated: 69
[f=4.708] Expanded: 28, Generated: 70
[f=4.725] Expanded: 28, Generated: 71
[f=4.732] Expanded: 28, Generated: 72
[f=4.751] Expanded: 28, Generated: 73
[f=4.751] Expanded: 28, Generated: 74
[f=4.752] Expanded: 28, Generated: 75
[f=4.820] Expanded: 29, Generated: 76
[f=4.820] Expanded: 29, Generated: 77
[f=4.831] Expanded: 29, Generated: 78
[f=4.882] Expanded: 29, Generated: 79
[f=4.889] Expanded: 29, Generated: 80
[f=4.935] Expanded: 29, Generated: 81
[f=4.968] Expanded: 30, Generated: 82
[f=4.968] Expanded: 30, Generated: 83
[f=5.016] Expanded: 30, Generated: 84
[f=5.045] Expanded: 30, Generated: 85
[f=4.254] Expanded: 31, Generated: 87
[f=4.270] Expanded: 31, Generated: 88
[f=4.665] Expanded: 32, Generated: 89
[f=4.254] Expanded: 33, Generated: 91
[f=4.270] Expanded: 33, Generated: 92
[f=4.665] Expanded: 34, Generated: 93
[f=5.065] Expanded: 34, Generated: 94
[f=5.209] Expanded: 34, Generated: 95
[f=5.280] Expanded: 35, Generated: 97
[f=4.471] Expanded: 36, Generated: 99
[f=4.549] Expanded: 36, Generated: 100
[f=4.822] Expanded: 37, Generated: 101
[f=4.471] Expanded: 38, Generated: 103
[f=4.549] Expanded: 38, Generated: 104
[f=4.822] Expanded: 39, Generated: 105
[f=5.344] Expanded: 39, Generated: 106
[f=5.344] Expanded: 39, Generated: 107
[f=5.371] Expanded: 40, Generated: 108
[f=5.381] Expanded: 40, Generated: 109
[f=5.381] Expanded: 40, Generated: 110
[f=5.402] Expanded: 40, Generated: 112
[f=5.468] Expanded: 40, Generated: 114
[f=4.695] Expanded: 41, Generated: 116
[f=4.696] Expanded: 41, Generated: 117
[f=5.511] Expanded: 42, Generated: 118
[f=5.511] Expanded: 42, Generated: 119
[f=5.530] Expanded: 42, Generated: 121
[f=5.234] Expanded: 43, Generated: 123
[f=5.491] Expanded: 44, Generated: 124
[f=5.234] Expanded: 45, Generated: 126
[f=5.491] Expanded: 46, Generated: 127
[f=5.540] Expanded: 46, Generated: 129
[f=5.570] Expanded: 46, Generated: 131
[f=5.037] Expanded: 47, Generated: 133
[f=5.296] Expanded: 48, Generated: 134
[f=5.037] Expanded: 49, Generated: 136
[f=5.296] Expanded: 50, Generated: 137
[f=5.575] Expanded: 50, Generated: 139
[f=5.580] Expanded: 50, Generated: 141
[f=5.606] Expanded: 51, Generated: 142
[f=5.613] Expanded: 51, Generated: 144
[f=4.689] Expanded: 52, Generated: 146
[f=4.694] Expanded: 52, Generated: 147
[f=5.697] Expanded: 52, Generated: 148
[f=5.697] Expanded: 52, Generated: 149
[f=5.697] Expanded: 52, Generated: 150
[f=5.697] Expanded: 52, Generated: 151
[f=5.733] Expanded: 52, Generated: 153
[f=5.761] Expanded: 52, Generated: 155
[f=5.771] Expanded: 52, Generated: 156
[f=5.780] Expanded: 52, Generated: 158
[f=5.786] Expanded: 52, Generated: 159
[f=5.790] Expanded: 52, Generated: 160
[f=5.802] Expanded: 52, Generated: 162
[f=5.810] Expanded: 52, Generated: 163
[f=5.810] Expanded: 52, Generated: 164
[f=5.845] Expanded: 52, Generated: 165
[f=5.845] Expanded: 52, Generated: 166
[f=5.846] Expanded: 52, Generated: 167
[f=5.850] Expanded: 52, Generated: 168
[f=5.899] Expanded: 52, Generated: 169
[f=5.899] Expanded: 52, Generated: 170
[f=5.912] Expanded: 52, Generated: 171
[f=5.912] Expanded: 52, Generated: 172
[f=5.915] Expanded: 52, Generated: 173
[f=5.942] Expanded: 52, Generated: 174
[f=5.949] Expanded: 52, Generated: 175
[f=5.954] Expanded: 52, Generated: 176
[f=5.954] Expanded: 52, Generated: 177
[f=5.956] Expanded: 52, Generated: 178
[f=5.969] Expanded: 52, Generated: 179
[f=5.991] Expanded: 52, Generated: 180
[f=6.021] Expanded: 52, Generated: 181
[f=6.021] Expanded: 52, Generated: 182
[f=6.030] Expanded: 52, Generated: 183
[f=6.030] Expanded: 52, Generated: 184
[f=6.050] Expanded: 54, Generated: 186
[f=6.059] Expanded: 54, Generated: 187
[f=6.080] Expanded: 54, Generated: 188
[f=6.093] Expanded: 54, Generated: 189
[f=6.093] Expanded: 54, Generated: 190
[f=6.096] Expanded: 54, Generated: 192
[f=6.113] Expanded: 55, Generated: 193
[f=6.113] Expanded: 56, Generated: 194
[f=6.143] Expanded: 56, Generated: 196
[f=6.165] Expanded: 56, Generated: 198
[f=6.213] Expanded: 56, Generated: 200
[f=6.231] Expanded: 56, Generated: 201
[f=6.261] Expanded: 56, Generated: 203
[f=6.265] Expanded: 56, Generated: 205
[f=6.345] Expanded: 56, Generated: 207
[f=6.364] Expanded: 56, Generated: 209
[f=5.636] Expanded: 58, Generated: 211
[f=5.687] Expanded: 59, Generated: 212
[f=5.990] Expanded: 59, Generated: 213
[f=5.636] Expanded: 61, Generated: 215
[f=5.687] Expanded: 62, Generated: 216
[f=5.990] Expanded: 62, Generated: 217
[f=6.393] Expanded: 63, Generated: 218
[f=6.393] Expanded: 64, Generated: 219
[f=6.462] Expanded: 64, Generated: 220
[f=6.462] Expanded: 64, Generated: 221
[f=5.757] Expanded: 66, Generated: 223
[f=5.805] Expanded: 67, Generated: 224
[f=6.045] Expanded: 67, Generated: 225
[f=5.757] Expanded: 69, Generated: 227
[f=5.805] Expanded: 70, Generated: 228
[f=6.045] Expanded: 70, Generated: 229
[f=6.520] Expanded: 70, Generated: 231
[f=6.538] Expanded: 71, Generated: 232
[f=6.538] Expanded: 72, Generated: 233
[f=6.551] Expanded: 72, Generated: 235
[f=6.552] Expanded: 72, Generated: 236
[f=6.552] Expanded: 72, Generated: 237
[f=6.585] Expanded: 72, Generated: 239
[f=5.849] Expanded: 73, Generated: 241
[f=5.930] Expanded: 73, Generated: 242
[f=5.849] Expanded: 74, Generated: 244
[f=5.930] Expanded: 74, Generated: 245
[f=5.778] Expanded: 75, Generated: 247
[f=5.863] Expanded: 75, Generated: 248
[f=5.778] Expanded: 76, Generated: 250
[f=5.863] Expanded: 76, Generated: 251
[f=6.011] Expanded: 77, Generated: 253
[f=6.051] Expanded: 77, Generated: 254
[f=6.026] Expanded: 78, Generated: 256
[f=6.057] Expanded: 78, Generated: 257
[f=6.659] Expanded: 78, Generated: 258
[f=6.659] Expanded: 78, Generated: 259
[f=6.173] Expanded: 79, Generated: 261
[f=6.191] Expanded: 79, Generated: 262
[f=6.173] Expanded: 80, Generated: 264
[f=6.191] Expanded: 80, Generated: 265
[f=6.667] Expanded: 81, Generated: 266
[f=6.667] Expanded: 82, Generated: 267
[f=6.672] Expanded: 82, Generated: 269
[f=6.271] Expanded: 83, Generated: 271
[f=6.702] Expanded: 83, Generated: 273
[f=6.709] Expanded: 85, Generated: 275
[f=6.730] Expanded: 85, Generated: 276
[f=6.731] Expanded: 85, Generated: 277
[f=6.731] Expanded: 85, Generated: 278
[f=6.747] Expanded: 85, Generated: 280
[f=6.770] Expanded: 85, Generated: 281
[f=6.770] Expanded: 85, Generated: 282
[f=6.785] Expanded: 85, Generated: 284
[f=6.798] Expanded: 85, Generated: 286
[f=6.806] Expanded: 85, Generated: 287
[f=6.806] Expanded: 85, Generated: 288
[f=6.808] Expanded: 85, Generated: 289
[f=6.815] Expanded: 86, Generated: 290
[f=6.815] Expanded: 87, Generated: 291
[f=6.824] Expanded: 87, Generated: 292
[f=6.210] Expanded: 88, Generated: 294
[f=6.580] Expanded: 88, Generated: 295
[f=6.841] Expanded: 89, Generated: 296
[f=6.841] Expanded: 90, Generated: 297
[f=5.501] Expanded: 93, Generated: 300
[f=5.513] Expanded: 94, Generated: 301
[f=5.701] Expanded: 94, Generated: 302
[f=5.503] Expanded: 96, Generated: 304
[f=5.512] Expanded: 97, Generated: 305
[f=5.701] Expanded: 97, Generated: 306
[f=5.712] Expanded: 97, Generated: 307
[f=6.236] Expanded: 97, Generated: 308
[f=6.453] Expanded: 98, Generated: 309
[f=6.541] Expanded: 98, Generated: 310
[f=6.551] Expanded: 98, Generated: 311
[f=6.462] Expanded: 99, Generated: 313
[f=6.641] Expanded: 99, Generated: 314
[f=6.768] Expanded: 99, Generated: 315
[f=6.812] Expanded: 99, Generated: 316
[f=5.628] Expanded: 101, Generated: 318
[f=5.674] Expanded: 102, Generated: 319
[f=2.920] Expanded: 106, Generated: 323
[f=1.630] Expanded: 108, Generated: 325
[f=1.635] Expanded: 109, Generated: 326
[f=2.307] Expanded: 109, Generated: 327
[f=2.325] Expanded: 109, Generated: 328
[f=2.441] Expanded: 109, Generated: 329
[f=1.615] Expanded: 111, Generated: 331
[f=1.621] Expanded: 112, Generated: 332
[f=2.297] Expanded: 112, Generated: 333
[f=2.316] Expanded: 112, Generated: 334
[f=2.432] Expanded: 112, Generated: 335
[f=2.436] Expanded: 112, Generated: 336
[f=2.760] Expanded: 113, Generated: 337
[f=2.765] Expanded: 113, Generated: 338
[f=2.919] Expanded: 114, Generated: 339
[f=2.919] Expanded: 114, Generated: 340
[f=2.920] Expanded: 115, Generated: 341
[f=2.921] Expanded: 116, Generated: 342
[f=2.554] Expanded: 117, Generated: 344
[f=2.668] Expanded: 118, Generated: 345
[f=2.443] Expanded: 119, Generated: 347
[f=2.537] Expanded: 120, Generated: 348
[f=2.625] Expanded: 121, Generated: 350
[f=2.956] Expanded: 122, Generated: 351
[f=2.496] Expanded: 123, Generated: 353
[f=2.879] Expanded: 124, Generated: 354
[f=3.261] Expanded: 125, Generated: 355
[f=3.269] Expanded: 126, Generated: 356
[f=3.274] Expanded: 126, Generated: 357
[f=3.287] Expanded: 126, Generated: 358
[f=3.292] Expanded: 126, Generated: 359
[f=3.292] Expanded: 126, Generated: 360
[f=3.295] Expanded: 126, Generated: 361
[f=3.299] Expanded: 126, Generated: 362
[f=3.318] Expanded: 126, Generated: 363
[f=3.333] Expanded: 126, Generated: 364
[f=3.333] Expanded: 126, Generated: 365
[f=3.358] Expanded: 126, Generated: 366
[f=3.360] Expanded: 126, Generated: 367
[f=3.389] Expanded: 126, Generated: 368
[f=3.399] Expanded: 126, Generated: 369
[f=3.399] Expanded: 126, Generated: 370
[f=3.412] Expanded: 126, Generated: 371
[f=3.424] Expanded: 126, Generated: 372
[f=3.434] Expanded: 126, Generated: 373
[f=3.459] Expanded: 126, Generated: 374
[f=3.463] Expanded: 126, Generated: 375
[f=3.472] Expanded: 126, Generated: 376
[f=3.557] Expanded: 126, Generated: 377
[f=3.564] Expanded: 126, Generated: 378
[f=3.575] Expanded: 126, Generated: 379
[f=3.600] Expanded: 126, Generated: 380
[f=3.681] Expanded: 126, Generated: 381
[f=3.683] Expanded: 126, Generated: 382
[f=3.688] Expanded: 126, Generated: 383
[f=3.690] Expanded: 126, Generated: 384
[f=3.746] Expanded: 127, Generated: 385
[f=3.827] Expanded: 128, Generated: 386
[f=3.879] Expanded: 128, Generated: 387
[f=3.879] Expanded: 128, Generated: 388
[f=3.880] Expanded: 128, Generated: 389
[f=3.881] Expanded: 128, Generated: 390
[f=3.545] Expanded: 129, Generated: 392
[f=3.611] Expanded: 129, Generated: 393
[f=3.978] Expanded: 130, Generated: 394
[f=4.066] Expanded: 131, Generated: 395
[f=3.723] Expanded: 132, Generated: 397
[f=3.777] Expanded: 132, Generated: 398
[f=3.250] Expanded: 133, Generated: 400
[f=3.253] Expanded: 133, Generated: 401
[f=3.250] Expanded: 134, Generated: 403
[f=3.251] Expanded: 134, Generated: 404
[f=4.347] Expanded: 134, Generated: 405
[f=4.351] Expanded: 134, Generated: 406
[f=4.355] Expanded: 134, Generated: 407
[f=4.362] Expanded: 134, Generated: 408
[f=4.381] Expanded: 134, Generated: 409
[f=4.395] Expanded: 134, Generated: 410
[f=4.416] Expanded: 134, Generated: 411
[f=4.441] Expanded: 134, Generated: 412
[f=4.442] Expanded: 134, Generated: 413
[f=4.442] Expanded: 134, Generated: 414
[f=4.446] Expanded: 134, Generated: 415
[f=4.460] Expanded: 135, Generated: 416
[f=4.471] Expanded: 136, Generated: 417
[f=4.475] Expanded: 136, Generated: 418
[f=4.483] Expanded: 136, Generated: 419
[f=4.493] Expanded: 136, Generated: 420
[f=4.498] Expanded: 136, Generated: 421
[f=4.508] Expanded: 136, Generated: 422
[f=4.508] Expanded: 136, Generated: 423
[f=4.518] Expanded: 137, Generated: 424
[f=4.547] Expanded: 137, Generated: 425
[f=4.548] Expanded: 137, Generated: 426
[f=4.551] Expanded: 137, Generated: 427
[f=4.551] Expanded: 137, Generated: 428
[f=4.554] Expanded: 137, Generated: 429
[f=4.560] Expanded: 137, Generated: 430
[f=4.567] Expanded: 137, Generated: 431
[f=4.592] Expanded: 137, Generated: 432
[f=4.605] Expanded: 137, Generated: 433
[f=4.613] Expanded: 137, Generated: 434
[f=4.621] Expanded: 137, Generated: 435
[f=4.642] Expanded: 137, Generated: 436
[f=3.713] Expanded: 138, Generated: 438
[f=4.556] Expanded: 139, Generated: 439
[f=4.625] Expanded: 139, Generated: 440
[f=4.647] Expanded: 139, Generated: 441
[f=4.655] Expanded: 139, Generated: 442
[f=4.678] Expanded: 139, Generated: 443
[f=4.682] Expanded: 139, Generated: 444
[f=4.687] Expanded: 139, Generated: 445
[f=4.696] Expanded: 139, Generated: 446
[f=4.702] Expanded: 139, Generated: 447
[f=4.712] Expanded: 139, Generated: 448
[f=4.716] Expanded: 139, Generated: 449
[f=4.723] Expanded: 139, Generated: 450
[f=4.724] Expanded: 139, Generated: 451
[f=4.735] Expanded: 139, Generated: 452
[f=4.743] Expanded: 140, Generated: 453
[f=4.759] Expanded: 140, Generated: 454
[f=4.773] Expanded: 140, Generated: 455
[f=4.811] Expanded: 140, Generated: 456
[f=4.813] Expanded: 141, Generated: 457
[f=4.818] Expanded: 141, Generated: 458
[f=4.844] Expanded: 141, Generated: 459
[f=4.848] Expanded: 141, Generated: 460
[f=4.862] Expanded: 141, Generated: 461
[f=4.864] Expanded: 141, Generated: 462
[f=4.873] Expanded: 141, Generated: 463
[f=4.885] Expanded: 141, Generated: 464
[f=4.888] Expanded: 141, Generated: 465
[f=4.891] Expanded: 141, Generated: 466
[f=4.893] Expanded: 141, Generated: 467
[f=4.917] Expanded: 142, Generated: 468
[f=4.925] Expanded: 142, Generated: 469
[f=4.959] Expanded: 142, Generated: 470
[f=5.007] Expanded: 142, Generated: 471
[f=5.038] Expanded: 142, Generated: 472
[f=5.060] Expanded: 142, Generated: 473
[f=5.076] Expanded: 142, Generated: 474
[f=4.591] Expanded: 143, Generated: 476
[f=4.617] Expanded: 143, Generated: 477
[f=4.563] Expanded: 144, Generated: 479
[f=4.600] Expanded: 144, Generated: 480
[f=4.613] Expanded: 145, Generated: 482
[f=4.647] Expanded: 145, Generated: 483
[f=4.589] Expanded: 146, Generated: 485
[f=4.635] Expanded: 146, Generated: 486
[f=5.285] Expanded: 147, Generated: 487
[f=4.383] Expanded: 148, Generated: 489
[f=4.401] Expanded: 148, Generated: 490
[f=4.419] Expanded: 148, Generated: 491
[f=4.851] Expanded: 149, Generated: 492
[f=4.613] Expanded: 150, Generated: 494
[f=4.648] Expanded: 150, Generated: 495
[f=4.672] Expanded: 150, Generated: 496
[f=4.994] Expanded: 151, Generated: 497
[f=4.579] Expanded: 152, Generated: 499
[f=5.332] Expanded: 152, Generated: 500
[f=5.338] Expanded: 152, Generated: 501
[f=5.339] Expanded: 152, Generated: 502
[f=4.637] Expanded: 153, Generated: 504
[f=5.423] Expanded: 154, Generated: 505
[f=5.440] Expanded: 155, Generated: 506
[f=5.474] Expanded: 155, Generated: 507
[f=5.207] Expanded: 156, Generated: 509
[f=5.479] Expanded: 157, Generated: 510
[f=5.484] Expanded: 157, Generated: 511
[f=4.314] Expanded: 158, Generated: 513
[f=4.712] Expanded: 158, Generated: 514
[f=5.132] Expanded: 159, Generated: 515
[f=5.331] Expanded: 159, Generated: 516
[f=5.510] Expanded: 160, Generated: 517
[f=5.009] Expanded: 161, Generated: 519
[f=5.282] Expanded: 162, Generated: 520
[f=4.778] Expanded: 163, Generated: 522
[f=4.981] Expanded: 164, Generated: 523
[f=5.549] Expanded: 164, Generated: 524
[f=5.555] Expanded: 164, Generated: 525
[f=5.568] Expanded: 164, Generated: 526
[f=4.831] Expanded: 165, Generated: 528
[f=5.147] Expanded: 165, Generated: 529
[f=5.364] Expanded: 166, Generated: 530
[f=4.719] Expanded: 167, Generated: 532
[f=5.592] Expanded: 167, Generated: 533
[f=5.596] Expanded: 167, Generated: 534
[f=5.608] Expanded: 167, Generated: 535
[f=5.638] Expanded: 167, Generated: 536
[f=4.798] Expanded: 168, Generated: 538
[f=5.642] Expanded: 169, Generated: 539
[f=5.645] Expanded: 170, Generated: 540
[f=5.652] Expanded: 170, Generated: 541
[f=5.671] Expanded: 170, Generated: 542
[f=5.672] Expanded: 170, Generated: 543
[f=5.678] Expanded: 170, Generated: 544
[f=4.689] Expanded: 171, Generated: 546
[f=4.694] Expanded: 171, Generated: 547
[f=5.698] Expanded: 171, Generated: 548
[f=4.694] Expanded: 172, Generated: 550
[f=4.696] Expanded: 172, Generated: 551
[f=5.702] Expanded: 172, Generated: 552
[f=5.708] Expanded: 172, Generated: 553
[f=5.723] Expanded: 172, Generated: 554
[f=5.752] Expanded: 172, Generated: 555
[f=5.754] Expanded: 172, Generated: 556
[f=5.757] Expanded: 172, Generated: 557
[f=5.758] Expanded: 172, Generated: 558
[f=5.773] Expanded: 172, Generated: 559
[f=5.784] Expanded: 172, Generated: 560
[f=5.789] Expanded: 172, Generated: 561
[f=5.800] Expanded: 172, Generated: 562
[f=5.806] Expanded: 172, Generated: 563
[f=5.808] Expanded: 172, Generated: 564
[f=5.818] Expanded: 172, Generated: 565
[f=5.819] Expanded: 172, Generated: 566
[f=5.821] Expanded: 172, Generated: 567
[f=5.822] Expanded: 172, Generated: 568
[f=5.825] Expanded: 172, Generated: 569
[f=5.831] Expanded: 172, Generated: 570
[f=5.843] Expanded: 172, Generated: 571
[f=5.843] Expanded: 172, Generated: 572
[f=5.844] Expanded: 172, Generated: 573
[f=5.844] Expanded: 172, Generated: 574
[f=5.845] Expanded: 172, Generated: 575
[f=5.849] Expanded: 172, Generated: 576
[f=5.849] Expanded: 172, Generated: 577
[f=5.850] Expanded: 172, Generated: 578
[f=5.857] Expanded: 172, Generated: 579
[f=5.867] Expanded: 172, Generated: 580
[f=5.869] Expanded: 172, Generated: 581
[f=5.870] Expanded: 172, Generated: 582
[f=5.876] Expanded: 172, Generated: 583
[f=5.876] Expanded: 172, Generated: 584
[f=5.880] Expanded: 172, Generated: 585
[f=5.881] Expanded: 172, Generated: 586
[f=5.888] Expanded: 172, Generated: 587
[f=5.889] Expanded: 172, Generated: 588
[f=5.892] Expanded: 172, Generated: 589
[f=5.897] Expanded: 172, Generated: 590
[f=5.901] Expanded: 172, Generated: 591
[f=5.903] Expanded: 172, Generated: 592
[f=5.907] Expanded: 172, Generated: 593
[f=5.914] Expanded: 172, Generated: 594
[f=5.916] Expanded: 172, Generated: 595
[f=5.918] Expanded: 172, Generated: 596
[f=5.920] Expanded: 172, Generated: 597
[f=5.923] Expanded: 172, Generated: 598
[f=5.929] Expanded: 172, Generated: 599
[f=5.940] Expanded: 172, Generated: 600
[f=5.950] Expanded: 172, Generated: 601
[f=5.951] Expanded: 172, Generated: 602
[f=5.952] Expanded: 172, Generated: 603
[f=5.952] Expanded: 172, Generated: 604
[f=5.953] Expanded: 172, Generated: 605
[f=5.953] Expanded: 172, Generated: 606
[f=5.956] Expanded: 172, Generated: 607
[f=5.956] Expanded: 172, Generated: 608
[f=5.958] Expanded: 172, Generated: 609
[f=5.959] Expanded: 172, Generated: 610
[f=5.969] Expanded: 172, Generated: 611
[f=5.976] Expanded: 172, Generated: 612
[f=5.977] Expanded: 172, Generated: 613
[f=6.004] Expanded: 172, Generated: 614
[f=6.012] Expanded: 172, Generated: 615
[f=6.020] Expanded: 172, Generated: 616
[f=6.025] Expanded: 172, Generated: 617
[f=6.025] Expanded: 172, Generated: 618
[f=6.029] Expanded: 172, Generated: 619
[f=6.032] Expanded: 172, Generated: 620
[f=6.047] Expanded: 172, Generated: 621
[f=6.054] Expanded: 172, Generated: 622
[f=6.060] Expanded: 172, Generated: 623
[f=6.086] Expanded: 172, Generated: 624
[f=6.088] Expanded: 172, Generated: 625
[f=6.089] Expanded: 173, Generated: 626
[f=6.098] Expanded: 173, Generated: 627
[f=6.109] Expanded: 173, Generated: 628
[f=6.112] Expanded: 173, Generated: 629
[f=6.113] Expanded: 173, Generated: 630
[f=6.118] Expanded: 173, Generated: 631
[f=6.121] Expanded: 173, Generated: 632
[f=6.121] Expanded: 173, Generated: 633
[f=6.149] Expanded: 173, Generated: 634
[f=6.150] Expanded: 173, Generated: 635
[f=6.160] Expanded: 173, Generated: 636
[f=6.196] Expanded: 173, Generated: 637
[f=6.203] Expanded: 173, Generated: 638
[f=5.619] Expanded: 175, Generated: 640
[f=5.660] Expanded: 175, Generated: 641
[f=5.961] Expanded: 175, Generated: 642
[f=6.208] Expanded: 175, Generated: 643
[f=6.208] Expanded: 175, Generated: 644
[f=6.218] Expanded: 175, Generated: 645
[f=6.225] Expanded: 175, Generated: 646
[f=6.234] Expanded: 175, Generated: 647
[f=6.244] Expanded: 175, Generated: 648
[f=6.256] Expanded: 175, Generated: 649
[f=6.268] Expanded: 175, Generated: 650
[f=6.272] Expanded: 175, Generated: 651
[f=6.299] Expanded: 175, Generated: 652
[f=5.958] Expanded: 176, Generated: 654
[f=6.093] Expanded: 176, Generated: 655
[f=5.746] Expanded: 178, Generated: 657
[f=5.784] Expanded: 178, Generated: 658
[f=6.021] Expanded: 178, Generated: 659
[f=6.348] Expanded: 178, Generated: 660
[f=6.351] Expanded: 179, Generated: 661
[f=6.353] Expanded: 179, Generated: 662
[f=6.353] Expanded: 179, Generated: 663
[f=6.375] Expanded: 179, Generated: 664
[f=6.376] Expanded: 179, Generated: 665
[f=6.394] Expanded: 179, Generated: 666
[f=6.409] Expanded: 179, Generated: 667
[f=6.446] Expanded: 179, Generated: 668
[f=6.447] Expanded: 179, Generated: 669
[f=6.458] Expanded: 179, Generated: 670
[f=6.473] Expanded: 179, Generated: 671
[f=5.757] Expanded: 181, Generated: 673
[f=5.800] Expanded: 182, Generated: 674
[f=6.042] Expanded: 182, Generated: 675
[f=6.475] Expanded: 182, Generated: 676
[f=5.754] Expanded: 183, Generated: 678
[f=6.023] Expanded: 183, Generated: 679
[f=6.225] Expanded: 184, Generated: 680
[f=6.374] Expanded: 184, Generated: 681
[f=6.512] Expanded: 184, Generated: 682
[f=6.517] Expanded: 184, Generated: 683
[f=6.520] Expanded: 185, Generated: 684
[f=6.530] Expanded: 186, Generated: 685
[f=6.536] Expanded: 186, Generated: 686
[f=6.541] Expanded: 186, Generated: 687
[f=6.553] Expanded: 186, Generated: 688
[f=6.554] Expanded: 186, Generated: 689
[f=6.560] Expanded: 186, Generated: 690
[f=6.565] Expanded: 186, Generated: 691
[f=6.575] Expanded: 186, Generated: 692
[f=6.597] Expanded: 186, Generated: 693
[f=6.603] Expanded: 187, Generated: 694
[f=5.858] Expanded: 188, Generated: 696
[f=5.941] Expanded: 188, Generated: 697
[f=5.853] Expanded: 189, Generated: 699
[f=5.935] Expanded: 189, Generated: 700
[f=5.780] Expanded: 190, Generated: 702
[f=5.868] Expanded: 190, Generated: 703
[f=5.826] Expanded: 191, Generated: 705
[f=5.912] Expanded: 191, Generated: 706
[f=6.035] Expanded: 192, Generated: 708
[f=6.074] Expanded: 192, Generated: 709
[f=6.056] Expanded: 193, Generated: 711
[f=6.086] Expanded: 193, Generated: 712
[f=6.629] Expanded: 193, Generated: 713
[f=5.975] Expanded: 194, Generated: 715
[f=6.000] Expanded: 194, Generated: 716
[f=6.638] Expanded: 194, Generated: 717
[f=5.979] Expanded: 195, Generated: 719
[f=5.990] Expanded: 195, Generated: 720
[f=6.650] Expanded: 195, Generated: 721
[f=6.656] Expanded: 195, Generated: 722
[f=6.659] Expanded: 196, Generated: 723
[f=6.661] Expanded: 196, Generated: 724
[f=6.664] Expanded: 196, Generated: 725
[f=6.665] Expanded: 196, Generated: 726
[f=6.668] Expanded: 197, Generated: 727
[f=6.678] Expanded: 198, Generated: 728
[f=6.678] Expanded: 198, Generated: 729
[f=6.680] Expanded: 199, Generated: 730
[f=6.101] Expanded: 200, Generated: 732
[f=6.121] Expanded: 200, Generated: 733
[f=6.686] Expanded: 200, Generated: 734
[f=6.697] Expanded: 200, Generated: 735
[f=6.701] Expanded: 200, Generated: 736
[f=6.702] Expanded: 200, Generated: 737
[f=6.711] Expanded: 201, Generated: 738
[f=6.720] Expanded: 201, Generated: 739
[f=6.160] Expanded: 202, Generated: 741
[f=6.394] Expanded: 203, Generated: 742
[f=6.731] Expanded: 203, Generated: 743
[f=6.743] Expanded: 204, Generated: 744
[f=6.745] Expanded: 204, Generated: 745
[f=5.614] Expanded: 205, Generated: 747
[f=5.868] Expanded: 205, Generated: 748
[f=5.347] Expanded: 207, Generated: 751
[f=5.352] Expanded: 208, Generated: 752
[f=5.533] Expanded: 208, Generated: 753
[f=5.357] Expanded: 209, Generated: 755
[f=5.396] Expanded: 210, Generated: 756
[f=5.554] Expanded: 210, Generated: 757
[f=5.565] Expanded: 210, Generated: 758
[f=6.101] Expanded: 210, Generated: 759
[f=6.355] Expanded: 211, Generated: 760
[f=6.409] Expanded: 211, Generated: 761
[f=6.458] Expanded: 211, Generated: 762
[f=6.670] Expanded: 211, Generated: 763
[f=6.685] Expanded: 211, Generated: 764
[f=6.705] Expanded: 211, Generated: 765
[f=6.728] Expanded: 211, Generated: 766
[f=5.551] Expanded: 213, Generated: 768
[f=5.655] Expanded: 214, Generated: 769
[f=2.918] Expanded: 218, Generated: 773
[f=2.919] Expanded: 219, Generated: 774
[f=2.919] Expanded: 220, Generated: 775
[f=3.315] Expanded: 221, Generated: 776
[f=2.623] Expanded: 223, Generated: 778
[f=3.498] Expanded: 224, Generated: 779
[f=3.546] Expanded: 224, Generated: 780
[f=3.608] Expanded: 224, Generated: 781
[f=3.664] Expanded: 225, Generated: 782
[f=3.681] Expanded: 225, Generated: 783
[f=2.918] Expanded: 227, Generated: 785
[f=2.918] Expanded: 228, Generated: 786
[f=2.919] Expanded: 229, Generated: 787
[f=3.302] Expanded: 230, Generated: 788
[f=2.557] Expanded: 232, Generated: 790
[f=3.482] Expanded: 233, Generated: 791
[f=3.499] Expanded: 233, Generated: 792
[f=3.597] Expanded: 233, Generated: 793
[f=3.680] Expanded: 233, Generated: 794
[f=3.688] Expanded: 233, Generated: 795
[f=3.735] Expanded: 233, Generated: 796
[f=3.756] Expanded: 233, Generated: 797
[f=3.804] Expanded: 233, Generated: 798
[f=3.805] Expanded: 233, Generated: 799
[f=3.830] Expanded: 233, Generated: 800
[f=3.835] Expanded: 233, Generated: 801
[f=3.876] Expanded: 233, Generated: 802
[f=3.876] Expanded: 233, Generated: 803
[f=3.879] Expanded: 233, Generated: 804
[f=3.880] Expanded: 233, Generated: 805
[f=3.907] Expanded: 233, Generated: 806
[f=3.977] Expanded: 233, Generated: 807
[f=3.978] Expanded: 233, Generated: 808
[f=4.004] Expanded: 234, Generated: 809
[f=4.045] Expanded: 234, Generated: 810
[f=4.076] Expanded: 235, Generated: 811
[f=3.633] Expanded: 237, Generated: 813
[f=2.783] Expanded: 239, Generated: 815
[f=3.038] Expanded: 240, Generated: 816
[f=3.671] Expanded: 241, Generated: 817
[f=3.689] Expanded: 241, Generated: 818
[f=3.851] Expanded: 241, Generated: 819
[f=3.889] Expanded: 241, Generated: 820
[f=3.891] Expanded: 243, Generated: 822
[f=2.799] Expanded: 245, Generated: 824
[f=3.691] Expanded: 246, Generated: 825
[f=3.829] Expanded: 247, Generated: 826
[f=3.861] Expanded: 247, Generated: 827
[f=3.964] Expanded: 247, Generated: 828
[f=4.024] Expanded: 247, Generated: 829
[f=4.072] Expanded: 247, Generated: 830
[f=4.121] Expanded: 247, Generated: 831
[f=4.123] Expanded: 247, Generated: 832
[f=4.149] Expanded: 247, Generated: 833
[f=4.154] Expanded: 247, Generated: 834
[f=4.200] Expanded: 247, Generated: 835
[f=4.204] Expanded: 247, Generated: 836
[f=2.401] Expanded: 249, Generated: 838
[f=2.958] Expanded: 250, Generated: 839
[f=3.248] Expanded: 251, Generated: 840
[f=3.466] Expanded: 251, Generated: 841
[f=3.480] Expanded: 253, Generated: 843
[f=3.544] Expanded: 253, Generated: 844
[f=3.625] Expanded: 253, Generated: 845
[f=3.643] Expanded: 253, Generated: 846
[f=2.416] Expanded: 255, Generated: 848
[f=3.541] Expanded: 255, Generated: 849
[f=3.663] Expanded: 255, Generated: 850
[f=3.668] Expanded: 255, Generated: 851
[f=3.680] Expanded: 255, Generated: 852
[f=3.707] Expanded: 255, Generated: 853
[f=3.759] Expanded: 255, Generated: 854
[f=3.778] Expanded: 255, Generated: 855
[f=3.801] Expanded: 255, Generated: 856
[f=4.222] Expanded: 255, Generated: 857
[f=4.224] Expanded: 255, Generated: 858
[f=4.236] Expanded: 255, Generated: 859
[f=4.279] Expanded: 255, Generated: 860
[f=4.303] Expanded: 255, Generated: 861
[f=4.377] Expanded: 255, Generated: 862
[f=4.394] Expanded: 255, Generated: 863
[f=4.411] Expanded: 255, Generated: 864
[f=4.414] Expanded: 255, Generated: 865
[f=4.420] Expanded: 255, Generated: 866
[f=4.429] Expanded: 255, Generated: 867
[f=4.523] Expanded: 255, Generated: 868
[f=4.556] Expanded: 255, Generated: 869
[f=4.573] Expanded: 255, Generated: 870
[f=4.576] Expanded: 255, Generated: 871
[f=4.602] Expanded: 255, Generated: 872
[f=4.620] Expanded: 255, Generated: 873
[f=4.623] Expanded: 255, Generated: 874
[f=3.582] Expanded: 257, Generated: 876
[f=3.620] Expanded: 257, Generated: 877
[f=4.641] Expanded: 257, Generated: 878
[f=4.643] Expanded: 257, Generated: 879
[f=3.787] Expanded: 258, Generated: 881
[f=3.843] Expanded: 259, Generated: 882
[f=3.518] Expanded: 260, Generated: 884
[f=3.690] Expanded: 261, Generated: 885
[f=4.226] Expanded: 261, Generated: 886
[f=4.450] Expanded: 261, Generated: 887
[f=4.071] Expanded: 262, Generated: 889
[f=1.143] Expanded: 266, Generated: 894
[Final] Expanded: 266, Generated: 894
Found a solution of length 35!
   1: (drive-truck t1 l1-1 l1-0 c1)
   2: (load-truck p1 t1 l1-0)
   3: (drive-truck t1 l1-0 l1-1 c1)
   4: (drive-truck t0 l0-0 l0-1 c0)
   5: (load-truck p0 t0 l0-1)
   6: (load-truck p2 t0 l0-1)
   7: (fly-airplane a0 l1-0 l0-0)
   8: (drive-truck t0 l0-1 l0-0 c0)
   9: (unload-truck p2 t0 l0-0)
  10: (load-airplane p2 a0 l0-0)
  11: (drive-truck t0 l0-0 l0-1 c0)
  12: (fly-airplane a0 l0-0 l1-0)
  13: (unload-airplane p2 a0 l1-0)
  14: (drive-truck t1 l1-1 l1-0 c1)
  15: (load-truck p2 t1 l1-0)
  16: (unload-truck p1 t1 l1-0)
  17: (load-airplane p1 a0 l1-0)
  18: (drive-truck t1 l1-0 l1-1 c1)
  19: (fly-airplane a0 l1-0 l0-0)
  20: (unload-airplane p1 a0 l0-0)
  21: (drive-truck t0 l0-1 l0-0 c0)
  22: (load-truck p1 t0 l0-0)
  23: (drive-truck t0 l0-0 l0-1 c0)
  24: (unload-truck p1 t0 l0-1)
  25: (drive-truck t0 l0-1 l0-0 c0)
  26: (unload-truck p0 t0 l0-0)
  27: (drive-truck t0 l0-0 l0-1 c0)
  28: (drive-truck t1 l1-1 l1-0 c1)
  29: (load-airplane p0 a0 l0-0)
  30: (fly-airplane a0 l0-0 l1-0)
  31: (unload-airplane p0 a0 l1-0)
  32: (load-truck p0 t1 l1-0)
  33: (drive-truck t1 l1-0 l1-1 c1)
  34: (unload-truck p2 t1 l1-1)
  35: (unload-truck p0 t1 l1-1)
