/u/ibrahim.eisawy/Neural-Guided-Search/venv/lib/python3.10/site-packages/pymimir_rgnn/model.py:151: UserWarning: index_reduce() is in beta and the API may change at any time. (Triggered internally at /pytorch/aten/src/ATen/native/cuda/Indexing.cu:1541.)
  max_msg.index_reduce_(0, output_indices, output_messages, reduce='amax', include_self=True)
Torch: 2.12.0+cu130
Using GPU:  NVIDIA L40S
36.631: (switch_on instrument2 satellite1)
32.972: (turn_to satellite1 star14 planet35)
26.303: (calibrate satellite1 instrument2 star14)
24.888: (switch_on instrument4 satellite2)
24.516: (turn_to satellite2 star11 groundstation24)
21.501: (calibrate satellite2 instrument4 star11)
20.580: (turn_to satellite2 star28 star11)
20.040: (turn_to satellite1 planet27 star14)
19.153: (take_image satellite1 planet27 instrument2 infrared1)
18.476: (turn_to satellite1 star39 planet27)
17.095: (take_image satellite1 star39 instrument2 infrared3)
16.583: (turn_to satellite1 phenomenon32 star39)
15.549: (take_image satellite1 phenomenon32 instrument2 image0)
14.860: (turn_to satellite1 planet36 phenomenon32)
13.690: (take_image satellite1 planet36 instrument2 image0)
12.991: (turn_to satellite1 star26 planet36)
12.305: (take_image satellite1 star26 instrument2 infrared3)
11.651: (turn_to satellite1 phenomenon25 star26)
10.983: (take_image satellite1 phenomenon25 instrument2 infrared3)
10.337: (turn_to satellite1 phenomenon29 phenomenon25)
9.668: (take_image satellite1 phenomenon29 instrument2 infrared3)
9.018: (turn_to satellite1 phenomenon34 phenomenon29)
8.353: (take_image satellite1 phenomenon34 instrument2 infrared3)
7.699: (turn_to satellite1 phenomenon38 phenomenon34)
7.040: (take_image satellite1 phenomenon38 instrument2 infrared3)
6.376: (turn_to satellite1 planet35 phenomenon38)
5.896: (take_image satellite1 planet35 instrument2 infrared3)
5.151: (turn_to satellite1 planet33 planet35)
4.673: (take_image satellite1 planet33 instrument2 infrared3)
4.035: (turn_to satellite1 planet30 planet33)
3.704: (turn_to satellite0 star14 star39)
3.579: (switch_on instrument1 satellite0)
3.578: (turn_to satellite1 phenomenon31 planet30)
3.577: (turn_to satellite1 star37 phenomenon31)
3.595: (take_image satellite2 star28 instrument4 thermograph2)
3.596: (turn_to satellite1 phenomenon31 star37)
3.596: (turn_to satellite1 planet30 phenomenon31)
3.641: (take_image satellite1 planet30 instrument2 infrared3)
3.613: (turn_to satellite1 phenomenon31 planet30)
3.614: (turn_to satellite1 star37 phenomenon31)
3.661: (take_image satellite1 star37 instrument2 infrared3)
3.630: (turn_to satellite1 phenomenon31 star37)
3.661: (turn_to satellite1 planet30 phenomenon31)
3.713: (take_image satellite1 planet30 instrument2 image0)
3.660: (turn_to satellite1 phenomenon31 planet30)
3.687: (take_image satellite1 phenomenon31 instrument2 image0)
3.691: (turn_to satellite1 star37 phenomenon31)
3.710: (turn_to satellite1 planet30 star37)
3.758: (take_image satellite1 planet30 instrument2 infrared1)
3.720: (turn_to satellite1 phenomenon31 planet30)
3.725: (turn_to satellite1 star37 phenomenon31)
3.742: (take_image satellite1 star37 instrument2 infrared1)
3.717: (turn_to satellite1 phenomenon31 star37)
3.728: (take_image satellite1 phenomenon31 instrument2 infrared1)
3.743: (turn_to satellite1 star37 phenomenon31)
3.756: (take_image satellite1 star37 instrument2 image0)
3.727: (turn_to satellite1 phenomenon31 star37)
3.756: (turn_to satellite1 planet30 phenomenon31)
3.836: (turn_to satellite2 phenomenon31 star28)
3.158: (take_image satellite2 phenomenon31 instrument4 thermograph2)
2.476: (turn_to satellite2 star37 phenomenon31)
1.930: (take_image satellite2 star37 instrument4 thermograph2)
1.580: (turn_to satellite2 star28 star37)
1.665: (switch_off instrument1 satellite0)
1.614: (switch_on instrument0 satellite0)
1.775: (turn_to satellite0 star11 star14)
1.777: (turn_to satellite0 star20 star11)
1.777: (turn_to satellite0 groundstation10 star20)
1.777: (turn_to satellite0 star15 groundstation10)
1.777: (turn_to satellite0 star6 star15)
1.810: (switch_off instrument0 satellite0)
1.732: (switch_on instrument1 satellite0)
1.728: (turn_to satellite0 star11 star6)
1.733: (turn_to satellite0 star15 star11)
1.733: (turn_to satellite0 groundstation10 star15)
1.733: (turn_to satellite0 star20 groundstation10)
1.793: (turn_to satellite0 star3 star20)
1.792: (turn_to satellite0 groundstation9 star3)
1.851: (switch_off instrument1 satellite0)
1.808: (turn_to satellite0 star11 groundstation9)
1.811: (turn_to satellite0 star20 star11)
1.811: (turn_to satellite0 groundstation10 star20)
1.811: (turn_to satellite0 star15 groundstation10)
1.847: (turn_to satellite0 star3 star15)
1.917: (switch_on instrument0 satellite0)
1.402: (calibrate satellite0 instrument0 star3)
1.394: (take_image satellite0 star3 instrument0 infrared3)
1.401: (take_image satellite0 star3 instrument0 infrared1)
1.398: (turn_to satellite0 groundstation9 star3)
1.395: (take_image satellite0 groundstation9 instrument0 infrared1)
1.393: (turn_to satellite0 star3 groundstation9)
1.411: (turn_to satellite0 star14 star3)
1.406: (take_image satellite0 star14 instrument0 infrared1)
1.390: (turn_to satellite0 star3 star14)
1.394: (turn_to satellite0 groundstation9 star3)
1.397: (take_image satellite0 groundstation9 instrument0 infrared3)
1.397: (turn_to satellite0 star3 groundstation9)
1.416: (turn_to satellite0 star14 star3)
1.415: (take_image satellite0 star14 instrument0 infrared3)
1.398: (turn_to satellite0 star3 star14)
1.400: (turn_to satellite0 groundstation9 star3)
1.443: (turn_to satellite0 planet30 groundstation9)
1.388: (turn_to satellite1 star14 planet30)
1.391: (take_image satellite1 star14 instrument2 image0)
1.399: (turn_to satellite1 groundstation9 star14)
1.400: (turn_to satellite1 star3 groundstation9)
1.406: (take_image satellite1 star3 instrument2 image0)
1.390: (turn_to satellite1 star14 star3)
1.399: (turn_to satellite1 groundstation9 star14)
1.406: (take_image satellite1 groundstation9 instrument2 image0)
1.390: (turn_to satellite1 star14 groundstation9)
1.404: (turn_to satellite1 star3 star14)
1.441: (turn_to satellite1 planet30 star3)
1.405: (turn_to satellite0 star3 planet30)
1.407: (turn_to satellite0 groundstation9 star3)
1.419: (turn_to satellite0 star14 groundstation9)
1.508: (turn_to satellite0 star20 star14)
1.506: (take_image satellite0 star20 instrument0 infrared3)
1.406: (turn_to satellite0 star3 star20)
1.408: (turn_to satellite0 groundstation9 star3)
1.422: (turn_to satellite0 star14 groundstation9)
1.445: (turn_to satellite0 planet30 star14)
1.393: (turn_to satellite1 star14 planet30)
1.406: (turn_to satellite1 groundstation9 star14)
1.407: (turn_to satellite1 star3 groundstation9)
1.494: (turn_to satellite1 star11 star3)
1.496: (turn_to satellite1 star6 star11)
1.496: (turn_to satellite1 groundstation10 star6)
1.496: (turn_to satellite1 star15 groundstation10)
1.498: (turn_to satellite1 star20 star15)
1.510: (take_image satellite1 star20 instrument2 infrared1)
1.394: (turn_to satellite1 star14 star20)
1.407: (turn_to satellite1 groundstation9 star14)
1.408: (turn_to satellite1 star3 groundstation9)
1.446: (turn_to satellite1 planet30 star3)
1.409: (turn_to satellite0 star3 planet30)
1.411: (turn_to satellite0 groundstation9 star3)
1.423: (turn_to satellite0 star14 groundstation9)
1.511: (turn_to satellite0 groundstation10 star14)
1.509: (take_image satellite0 groundstation10 instrument0 infrared3)
1.410: (turn_to satellite0 star3 groundstation10)
1.412: (turn_to satellite0 groundstation9 star3)
1.426: (turn_to satellite0 star14 groundstation9)
1.450: (turn_to satellite0 planet30 star14)
1.397: (turn_to satellite1 star14 planet30)
1.409: (turn_to satellite1 groundstation9 star14)
1.411: (turn_to satellite1 star3 groundstation9)
1.496: (turn_to satellite1 star11 star3)
1.498: (turn_to satellite1 star6 star11)
1.498: (turn_to satellite1 star15 star6)
1.502: (take_image satellite1 star15 instrument2 infrared1)
1.395: (turn_to satellite1 star14 star15)
1.409: (turn_to satellite1 groundstation9 star14)
1.412: (turn_to satellite1 star3 groundstation9)
1.448: (turn_to satellite1 planet30 star3)
1.410: (turn_to satellite0 star3 planet30)
1.412: (turn_to satellite0 groundstation9 star3)
1.426: (turn_to satellite0 star14 groundstation9)
1.509: (turn_to satellite0 groundstation10 star14)
1.509: (turn_to satellite0 star6 groundstation10)
1.513: (take_image satellite0 star6 instrument0 infrared3)
1.412: (turn_to satellite0 star3 star6)
1.413: (turn_to satellite0 groundstation9 star3)
1.428: (turn_to satellite0 star14 groundstation9)
1.449: (turn_to satellite0 planet30 star14)
1.397: (turn_to satellite1 star14 planet30)
1.411: (turn_to satellite1 groundstation9 star14)
1.414: (turn_to satellite1 star3 groundstation9)
1.489: (turn_to satellite1 star11 star3)
1.493: (take_image satellite1 star11 instrument2 infrared1)
1.390: (turn_to satellite1 star14 star11)
1.401: (turn_to satellite1 groundstation9 star14)
1.406: (turn_to satellite1 star3 groundstation9)
1.437: (turn_to satellite1 planet30 star3)
1.404: (turn_to satellite0 star3 planet30)
1.404: (turn_to satellite0 groundstation9 star3)
1.418: (turn_to satellite0 star14 groundstation9)
1.503: (turn_to satellite0 groundstation10 star14)
1.501: (turn_to satellite0 star6 groundstation10)
1.514: (turn_to satellite0 star15 star6)
1.515: (turn_to satellite0 star11 star15)
1.516: (turn_to satellite0 star20 star11)
1.566: (turn_to satellite0 star28 star20)
1.576: (take_image satellite0 star28 instrument0 infrared1)
1.405: (turn_to satellite0 star3 star28)
1.405: (turn_to satellite0 groundstation9 star3)
1.420: (turn_to satellite0 star14 groundstation9)
1.441: (turn_to satellite0 planet30 star14)
1.392: (turn_to satellite1 star14 planet30)
1.403: (turn_to satellite1 star3 star14)
1.409: (turn_to satellite1 groundstation9 star3)
1.488: (turn_to satellite1 star6 groundstation9)
1.495: (turn_to satellite1 groundstation10 star6)
1.496: (turn_to satellite1 star15 groundstation10)
1.497: (turn_to satellite1 star11 star15)
1.502: (take_image satellite1 star11 instrument2 image0)
1.392: (turn_to satellite1 star14 star11)
1.403: (turn_to satellite1 star3 star14)
1.409: (turn_to satellite1 groundstation9 star3)
1.441: (turn_to satellite1 planet30 groundstation9)
1.404: (turn_to satellite0 star3 planet30)
1.404: (turn_to satellite0 groundstation9 star3)
1.420: (turn_to satellite0 star14 groundstation9)
1.508: (turn_to satellite0 groundstation10 star14)
1.506: (turn_to satellite0 star6 groundstation10)
1.518: (turn_to satellite0 star15 star6)
1.518: (turn_to satellite0 star20 star15)
1.521: (turn_to satellite0 star11 star20)
1.526: (take_image satellite0 star11 instrument0 infrared3)
1.407: (turn_to satellite0 groundstation9 star11)
1.407: (turn_to satellite0 star3 groundstation9)
1.424: (turn_to satellite0 star14 star3)
1.445: (turn_to satellite0 planet30 star14)
1.396: (turn_to satellite1 star14 planet30)
1.407: (turn_to satellite1 star3 star14)
1.413: (turn_to satellite1 groundstation9 star3)
1.491: (turn_to satellite1 star6 groundstation9)
1.499: (turn_to satellite1 groundstation10 star6)
1.500: (turn_to satellite1 star15 groundstation10)
1.503: (turn_to satellite1 star11 star15)
1.508: (turn_to satellite1 star20 star11)
1.515: (take_image satellite1 star20 instrument2 image0)
1.395: (turn_to satellite1 star14 star20)
1.407: (turn_to satellite1 star3 star14)
1.413: (turn_to satellite1 groundstation9 star3)
1.445: (turn_to satellite1 planet30 groundstation9)
1.406: (turn_to satellite0 star3 planet30)
1.406: (turn_to satellite0 groundstation9 star3)
1.424: (turn_to satellite0 star14 groundstation9)
1.513: (turn_to satellite0 star6 star14)
1.514: (turn_to satellite0 groundstation10 star6)
1.519: (turn_to satellite0 star15 groundstation10)
1.523: (take_image satellite0 star15 instrument0 infrared3)
1.409: (turn_to satellite0 groundstation9 star15)
1.409: (turn_to satellite0 star3 groundstation9)
1.428: (turn_to satellite0 star14 star3)
1.447: (turn_to satellite0 planet30 star14)
1.398: (turn_to satellite1 star14 planet30)
1.410: (turn_to satellite1 star3 star14)
1.415: (turn_to satellite1 groundstation9 star3)
1.495: (turn_to satellite1 star6 groundstation9)
1.502: (turn_to satellite1 groundstation10 star6)
1.505: (turn_to satellite1 star11 groundstation10)
1.512: (turn_to satellite1 star15 star11)
1.515: (turn_to satellite1 star20 star15)
1.581: (turn_to satellite1 star28 star20)
1.588: (take_image satellite1 star28 instrument2 image0)
1.399: (turn_to satellite1 star14 star28)
1.413: (turn_to satellite1 star3 star14)
1.418: (turn_to satellite1 groundstation9 star3)
1.451: (turn_to satellite1 planet30 groundstation9)
1.414: (turn_to satellite0 groundstation9 planet30)
1.415: (turn_to satellite0 star3 groundstation9)
1.432: (turn_to satellite0 star14 star3)
1.521: (turn_to satellite0 star6 star14)
1.522: (turn_to satellite0 groundstation10 star6)
1.529: (turn_to satellite0 star15 groundstation10)
1.531: (turn_to satellite0 star11 star15)
1.533: (turn_to satellite0 star20 star11)
1.586: (turn_to satellite0 star28 star20)
1.701: (turn_to satellite0 phenomenon31 star28)
1.702: (turn_to satellite0 star37 phenomenon31)
1.709: (turn_to satellite0 planet33 star37)
1.709: (turn_to satellite0 phenomenon29 planet33)
1.709: (turn_to satellite0 phenomenon34 phenomenon29)
1.709: (turn_to satellite0 planet35 phenomenon34)
1.709: (turn_to satellite0 star26 planet35)
1.709: (turn_to satellite0 phenomenon25 star26)
1.712: (turn_to satellite0 star39 phenomenon25)
1.701: (turn_to satellite0 phenomenon38 star39)
1.720: (take_image satellite0 phenomenon38 instrument0 infrared1)
1.420: (turn_to satellite0 groundstation9 phenomenon38)
1.422: (turn_to satellite0 star3 groundstation9)
1.438: (turn_to satellite0 star14 star3)
1.455: (turn_to satellite0 planet30 star14)
1.405: (turn_to satellite1 star14 planet30)
1.420: (turn_to satellite1 star3 star14)
1.422: (turn_to satellite1 groundstation9 star3)
1.505: (turn_to satellite1 star6 groundstation9)
1.508: (turn_to satellite1 groundstation10 star6)
1.514: (turn_to satellite1 star11 groundstation10)
1.521: (turn_to satellite1 star15 star11)
1.520: (take_image satellite1 star15 instrument2 image0)
1.403: (turn_to satellite1 star14 star15)
1.420: (turn_to satellite1 star3 star14)
1.422: (turn_to satellite1 groundstation9 star3)
1.456: (turn_to satellite1 planet30 groundstation9)
1.419: (turn_to satellite0 groundstation9 planet30)
1.421: (turn_to satellite0 star3 groundstation9)
1.439: (turn_to satellite0 star14 star3)
1.526: (turn_to satellite0 star6 star14)
1.534: (turn_to satellite0 groundstation10 star6)
1.535: (turn_to satellite0 star11 groundstation10)
1.545: (turn_to satellite0 star20 star11)
1.545: (turn_to satellite0 star15 star20)
1.591: (turn_to satellite0 star28 star15)
1.705: (turn_to satellite0 phenomenon31 star28)
1.706: (turn_to satellite0 star37 phenomenon31)
1.715: (turn_to satellite0 planet33 star37)
1.715: (turn_to satellite0 phenomenon29 planet33)
1.715: (turn_to satellite0 phenomenon34 phenomenon29)
1.715: (turn_to satellite0 planet35 phenomenon34)
1.715: (turn_to satellite0 star26 planet35)
1.715: (turn_to satellite0 phenomenon25 star26)
1.718: (turn_to satellite0 star39 phenomenon25)
1.705: (turn_to satellite0 phenomenon38 star39)
1.737: (turn_to satellite0 planet27 phenomenon38)
1.739: (take_image satellite0 planet27 instrument0 infrared3)
1.408: (turn_to satellite0 groundstation9 planet27)
1.410: (turn_to satellite0 star3 groundstation9)
1.426: (turn_to satellite0 star14 star3)
1.443: (turn_to satellite0 planet30 star14)
1.393: (turn_to satellite1 star14 planet30)
1.409: (turn_to satellite1 star3 star14)
1.410: (turn_to satellite1 groundstation9 star3)
1.493: (turn_to satellite1 star6 groundstation9)
1.497: (turn_to satellite1 groundstation10 star6)
1.502: (turn_to satellite1 star11 groundstation10)
1.510: (turn_to satellite1 star20 star11)
1.510: (turn_to satellite1 star15 star20)
1.581: (turn_to satellite1 star28 star15)
1.683: (turn_to satellite1 phenomenon31 star28)
1.680: (take_image satellite1 phenomenon31 instrument2 infrared3)
1.393: (turn_to satellite1 star14 phenomenon31)
1.409: (turn_to satellite1 star3 star14)
1.410: (turn_to satellite1 groundstation9 star3)
1.444: (turn_to satellite1 planet30 groundstation9)
1.408: (turn_to satellite0 groundstation9 planet30)
1.410: (turn_to satellite0 star3 groundstation9)
1.427: (turn_to satellite0 star14 star3)
1.515: (turn_to satellite0 star6 star14)
1.522: (turn_to satellite0 star11 star6)
1.524: (turn_to satellite0 groundstation10 star11)
1.525: (take_image satellite0 groundstation10 instrument0 infrared1)
1.410: (turn_to satellite0 groundstation9 groundstation10)
1.411: (turn_to satellite0 star3 groundstation9)
1.428: (turn_to satellite0 star14 star3)
1.446: (turn_to satellite0 planet30 star14)
1.395: (turn_to satellite1 star14 planet30)
1.410: (turn_to satellite1 star3 star14)
1.412: (turn_to satellite1 groundstation9 star3)
1.495: (turn_to satellite1 star6 groundstation9)
1.503: (turn_to satellite1 star11 star6)
1.510: (turn_to satellite1 star20 star11)
1.510: (turn_to satellite1 star15 star20)
1.512: (turn_to satellite1 groundstation10 star15)
1.510: (take_image satellite1 groundstation10 instrument2 image0)
1.394: (turn_to satellite1 star14 groundstation10)
1.411: (turn_to satellite1 star3 star14)
1.411: (turn_to satellite1 groundstation9 star3)
1.446: (turn_to satellite1 planet30 groundstation9)
1.409: (turn_to satellite0 groundstation9 planet30)
1.410: (turn_to satellite0 star3 groundstation9)
1.428: (turn_to satellite0 star14 star3)
1.516: (turn_to satellite0 star6 star14)
1.523: (turn_to satellite0 star11 star6)
1.534: (turn_to satellite0 groundstation10 star11)
1.534: (turn_to satellite0 star20 groundstation10)
1.534: (turn_to satellite0 star15 star20)
1.581: (turn_to satellite0 star28 star15)
1.696: (turn_to satellite0 star37 star28)
1.696: (turn_to satellite0 phenomenon31 star37)
1.707: (turn_to satellite0 phenomenon29 phenomenon31)
1.707: (turn_to satellite0 planet33 phenomenon29)
1.707: (turn_to satellite0 phenomenon34 planet33)
1.707: (turn_to satellite0 planet35 phenomenon34)
1.707: (turn_to satellite0 star26 planet35)
1.707: (turn_to satellite0 phenomenon25 star26)
1.709: (turn_to satellite0 phenomenon38 phenomenon25)
1.710: (turn_to satellite0 star39 phenomenon38)
1.716: (take_image satellite0 star39 instrument0 infrared1)
1.418: (turn_to satellite0 star3 star39)
1.416: (turn_to satellite0 groundstation9 star3)
1.435: (turn_to satellite0 star14 groundstation9)
1.453: (turn_to satellite0 planet30 star14)
1.401: (turn_to satellite1 star14 planet30)
1.418: (turn_to satellite1 star3 star14)
1.418: (turn_to satellite1 groundstation9 star3)
1.502: (turn_to satellite1 star6 groundstation9)
1.510: (turn_to satellite1 star11 star6)
1.517: (turn_to satellite1 star20 star11)
1.517: (turn_to satellite1 star15 star20)
1.517: (turn_to satellite1 groundstation10 star15)
1.590: (turn_to satellite1 star28 groundstation10)
1.693: (turn_to satellite1 star37 star28)
1.688: (turn_to satellite1 phenomenon31 star37)
1.696: (turn_to satellite1 phenomenon25 phenomenon31)
1.696: (turn_to satellite1 star26 phenomenon25)
1.697: (turn_to satellite1 phenomenon29 star26)
1.697: (turn_to satellite1 planet33 phenomenon29)
1.697: (turn_to satellite1 phenomenon34 planet33)
1.697: (turn_to satellite1 planet35 phenomenon34)
1.692: (turn_to satellite1 star39 planet35)
1.697: (take_image satellite1 star39 instrument2 image0)
1.401: (turn_to satellite1 star14 star39)
1.418: (turn_to satellite1 star3 star14)
1.419: (turn_to satellite1 groundstation9 star3)
1.454: (turn_to satellite1 planet30 groundstation9)
1.416: (turn_to satellite0 groundstation9 planet30)
1.418: (turn_to satellite0 star3 groundstation9)
1.435: (turn_to satellite0 star14 star3)
1.523: (turn_to satellite0 star6 star14)
1.531: (turn_to satellite0 star11 star6)
1.540: (turn_to satellite0 groundstation10 star11)
1.540: (turn_to satellite0 star20 groundstation10)
1.541: (turn_to satellite0 star15 star20)
1.588: (turn_to satellite0 star28 star15)
1.703: (turn_to satellite0 phenomenon31 star28)
1.703: (turn_to satellite0 star37 phenomenon31)
1.714: (turn_to satellite0 phenomenon29 star37)
1.714: (turn_to satellite0 planet33 phenomenon29)
1.714: (turn_to satellite0 phenomenon34 planet33)
1.714: (turn_to satellite0 planet35 phenomenon34)
1.714: (turn_to satellite0 star26 planet35)
1.714: (turn_to satellite0 phenomenon25 star26)
1.715: (turn_to satellite0 phenomenon38 phenomenon25)
1.719: (turn_to satellite0 star39 phenomenon38)
1.741: (turn_to satellite0 planet36 star39)
1.747: (take_image satellite0 planet36 instrument0 infrared3)
1.406: (turn_to satellite0 groundstation9 planet36)
1.406: (turn_to satellite0 star3 groundstation9)
1.425: (turn_to satellite0 star14 star3)
1.442: (turn_to satellite0 planet30 star14)
1.390: (turn_to satellite1 star14 planet30)
1.407: (turn_to satellite1 star3 star14)
1.406: (turn_to satellite1 groundstation9 star3)
1.492: (turn_to satellite1 star6 groundstation9)
1.497: (turn_to satellite1 star11 star6)
1.505: (turn_to satellite1 groundstation10 star11)
1.505: (turn_to satellite1 star20 groundstation10)
1.505: (turn_to satellite1 star15 star20)
1.578: (turn_to satellite1 star28 star15)
1.681: (turn_to satellite1 star37 star28)
1.676: (turn_to satellite1 phenomenon31 star37)
1.684: (turn_to satellite1 phenomenon25 phenomenon31)
1.684: (turn_to satellite1 star26 phenomenon25)
1.686: (turn_to satellite1 planet33 star26)
1.686: (turn_to satellite1 phenomenon34 planet33)
1.686: (turn_to satellite1 planet35 phenomenon34)
1.682: (turn_to satellite1 phenomenon38 planet35)
1.685: (take_image satellite1 phenomenon38 instrument2 image0)
1.390: (turn_to satellite1 star14 phenomenon38)
1.407: (turn_to satellite1 star3 star14)
1.407: (turn_to satellite1 groundstation9 star3)
1.442: (turn_to satellite1 planet30 groundstation9)
1.406: (turn_to satellite0 groundstation9 planet30)
1.406: (turn_to satellite0 star3 groundstation9)
1.425: (turn_to satellite0 star14 star3)
1.512: (turn_to satellite0 star6 star14)
1.519: (turn_to satellite0 star11 star6)
1.529: (turn_to satellite0 star20 star11)
1.529: (turn_to satellite0 groundstation10 star20)
1.529: (turn_to satellite0 star15 groundstation10)
1.577: (turn_to satellite0 star28 star15)
1.693: (turn_to satellite0 phenomenon31 star28)
1.693: (turn_to satellite0 star37 phenomenon31)
1.704: (turn_to satellite0 phenomenon29 star37)
1.704: (turn_to satellite0 planet33 phenomenon29)
1.704: (turn_to satellite0 phenomenon34 planet33)
1.704: (turn_to satellite0 planet35 phenomenon34)
1.704: (turn_to satellite0 star26 planet35)
1.704: (turn_to satellite0 phenomenon25 star26)
1.707: (turn_to satellite0 phenomenon38 phenomenon25)
1.707: (turn_to satellite0 star39 phenomenon38)
1.730: (turn_to satellite0 phenomenon32 star39)
1.737: (take_image satellite0 phenomenon32 instrument0 infrared3)
1.395: (turn_to satellite0 groundstation9 phenomenon32)
1.395: (turn_to satellite0 star3 groundstation9)
1.414: (turn_to satellite0 star14 star3)
1.431: (turn_to satellite0 planet30 star14)
1.379: (turn_to satellite1 star14 planet30)
1.396: (turn_to satellite1 star3 star14)
1.394: (turn_to satellite1 groundstation9 star3)
1.480: (turn_to satellite1 star6 groundstation9)
1.486: (turn_to satellite1 star11 star6)
1.492: (turn_to satellite1 star15 star11)
1.492: (turn_to satellite1 star20 star15)
1.492: (turn_to satellite1 groundstation10 star20)
1.567: (turn_to satellite1 star28 groundstation10)
1.667: (turn_to satellite1 star37 star28)
1.664: (turn_to satellite1 phenomenon31 star37)
1.674: (turn_to satellite1 phenomenon25 phenomenon31)
1.674: (turn_to satellite1 star26 phenomenon25)
1.675: (turn_to satellite1 star39 star26)
1.675: (turn_to satellite1 phenomenon38 star39)
1.675: (turn_to satellite1 phenomenon34 phenomenon38)
1.675: (turn_to satellite1 planet33 phenomenon34)
1.675: (turn_to satellite1 planet35 planet33)
1.672: (turn_to satellite1 phenomenon29 planet35)
1.679: (take_image satellite1 phenomenon29 instrument2 image0)
1.386: (turn_to satellite1 star14 phenomenon29)
1.403: (turn_to satellite1 star3 star14)
1.401: (turn_to satellite1 groundstation9 star3)
1.439: (turn_to satellite1 planet30 groundstation9)
1.402: (turn_to satellite0 groundstation9 planet30)
1.403: (turn_to satellite0 star3 groundstation9)
1.420: (turn_to satellite0 star14 star3)
1.510: (turn_to satellite0 star6 star14)
1.516: (turn_to satellite0 star11 star6)
1.525: (turn_to satellite0 star20 star11)
1.525: (turn_to satellite0 star15 star20)
1.525: (turn_to satellite0 groundstation10 star15)
1.574: (turn_to satellite0 star28 groundstation10)
1.691: (turn_to satellite0 star37 star28)
1.691: (turn_to satellite0 phenomenon31 star37)
1.698: (turn_to satellite0 phenomenon29 phenomenon31)
1.702: (turn_to satellite0 planet33 phenomenon29)
1.702: (turn_to satellite0 phenomenon34 planet33)
1.702: (turn_to satellite0 planet35 phenomenon34)
1.702: (turn_to satellite0 phenomenon25 planet35)
1.702: (turn_to satellite0 star26 phenomenon25)
1.702: (turn_to satellite0 phenomenon38 star26)
1.703: (turn_to satellite0 star39 phenomenon38)
1.733: (turn_to satellite0 planet27 star39)
1.740: (turn_to satellite0 groundstation16 planet27)
1.739: (take_image satellite0 groundstation16 instrument0 infrared3)
1.407: (turn_to satellite0 star3 groundstation16)
1.409: (turn_to satellite0 groundstation9 star3)
1.423: (turn_to satellite0 star14 groundstation9)
1.446: (turn_to satellite0 planet30 star14)
1.389: (turn_to satellite1 star14 planet30)
1.407: (turn_to satellite1 star3 star14)
1.407: (turn_to satellite1 groundstation9 star3)
1.490: (turn_to satellite1 star6 groundstation9)
1.497: (turn_to satellite1 star11 star6)
1.501: (turn_to satellite1 star15 star11)
1.502: (turn_to satellite1 star20 star15)
1.502: (turn_to satellite1 groundstation10 star20)
1.581: (turn_to satellite1 star28 groundstation10)
1.680: (turn_to satellite1 star37 star28)
1.675: (turn_to satellite1 phenomenon31 star37)
1.683: (turn_to satellite1 phenomenon38 phenomenon31)
1.683: (turn_to satellite1 star39 phenomenon38)
1.685: (turn_to satellite1 phenomenon29 star39)
1.681: (take_image satellite1 phenomenon29 instrument2 infrared1)
1.390: (turn_to satellite1 star14 phenomenon29)
1.407: (turn_to satellite1 star3 star14)
1.407: (turn_to satellite1 groundstation9 star3)
1.446: (turn_to satellite1 planet30 groundstation9)
1.407: (turn_to satellite0 star3 planet30)
1.409: (turn_to satellite0 groundstation9 star3)
1.423: (turn_to satellite0 star14 groundstation9)
1.514: (turn_to satellite0 star6 star14)
1.521: (take_image satellite0 star6 instrument0 infrared1)
1.411: (turn_to satellite0 star3 star6)
1.414: (turn_to satellite0 groundstation9 star3)
1.424: (turn_to satellite0 star14 groundstation9)
1.449: (turn_to satellite0 planet30 star14)
1.391: (turn_to satellite1 star14 planet30)
1.409: (turn_to satellite1 star3 star14)
1.407: (turn_to satellite1 groundstation9 star3)
1.496: (turn_to satellite1 star11 groundstation9)
1.502: (turn_to satellite1 star15 star11)
1.502: (turn_to satellite1 groundstation10 star15)
1.502: (turn_to satellite1 star20 groundstation10)
1.504: (turn_to satellite1 star6 star20)
1.502: (take_image satellite1 star6 instrument2 image0)
1.389: (turn_to satellite1 star14 star6)
1.409: (turn_to satellite1 star3 star14)
1.407: (turn_to satellite1 groundstation9 star3)
1.449: (turn_to satellite1 planet30 groundstation9)
1.411: (turn_to satellite0 star3 planet30)
1.414: (turn_to satellite0 groundstation9 star3)
1.424: (turn_to satellite0 star14 groundstation9)
1.520: (turn_to satellite0 star6 star14)
1.521: (turn_to satellite0 star11 star6)
1.530: (turn_to satellite0 star15 star11)
1.530: (turn_to satellite0 groundstation10 star15)
1.530: (turn_to satellite0 star20 groundstation10)
1.581: (turn_to satellite0 star28 star20)
1.694: (turn_to satellite0 phenomenon31 star28)
1.693: (turn_to satellite0 star37 phenomenon31)
1.708: (turn_to satellite0 planet33 star37)
1.708: (turn_to satellite0 phenomenon34 planet33)
1.708: (turn_to satellite0 planet35 phenomenon34)
1.708: (turn_to satellite0 phenomenon25 planet35)
1.708: (turn_to satellite0 star26 phenomenon25)
1.709: (turn_to satellite0 phenomenon29 star26)
1.712: (turn_to satellite0 star39 phenomenon29)
1.694: (turn_to satellite0 phenomenon38 star39)
1.737: (turn_to satellite0 groundstation16 phenomenon38)
1.745: (take_image satellite0 groundstation16 instrument0 infrared1)
1.411: (turn_to satellite0 star3 groundstation16)
1.414: (turn_to satellite0 groundstation9 star3)
1.421: (turn_to satellite0 star14 groundstation9)
1.448: (turn_to satellite0 planet30 star14)
1.390: (turn_to satellite1 star14 planet30)
1.408: (turn_to satellite1 star3 star14)
1.406: (turn_to satellite1 groundstation9 star3)
1.495: (turn_to satellite1 star11 groundstation9)
1.495: (turn_to satellite1 star6 star11)
1.502: (turn_to satellite1 star20 star6)
1.502: (turn_to satellite1 groundstation10 star20)
1.502: (turn_to satellite1 star15 groundstation10)
1.580: (turn_to satellite1 star28 star15)
1.681: (turn_to satellite1 star37 star28)
1.676: (turn_to satellite1 phenomenon31 star37)
1.686: (turn_to satellite1 star39 phenomenon31)
1.686: (turn_to satellite1 phenomenon38 star39)
1.686: (turn_to satellite1 star26 phenomenon38)
1.687: (turn_to satellite1 phenomenon25 star26)
1.687: (turn_to satellite1 phenomenon34 phenomenon25)
1.687: (turn_to satellite1 planet33 phenomenon34)
1.687: (turn_to satellite1 planet35 planet33)
1.682: (turn_to satellite1 phenomenon29 planet35)
1.727: (turn_to satellite1 planet27 phenomenon29)
1.733: (take_image satellite1 planet27 instrument2 image0)
1.390: (turn_to satellite1 star14 planet27)
1.408: (turn_to satellite1 star3 star14)
1.406: (turn_to satellite1 groundstation9 star3)
1.448: (turn_to satellite1 planet30 groundstation9)
1.412: (turn_to satellite0 star3 planet30)
1.415: (turn_to satellite0 groundstation9 star3)
1.422: (turn_to satellite0 star14 groundstation9)
1.520: (turn_to satellite0 star6 star14)
1.521: (turn_to satellite0 star11 star6)
1.529: (turn_to satellite0 star15 star11)
1.529: (turn_to satellite0 groundstation10 star15)
1.529: (turn_to satellite0 star20 groundstation10)
1.581: (turn_to satellite0 star28 star20)
1.695: (turn_to satellite0 phenomenon31 star28)
1.693: (turn_to satellite0 star37 phenomenon31)
1.709: (turn_to satellite0 planet33 star37)
1.709: (turn_to satellite0 phenomenon34 planet33)
1.709: (turn_to satellite0 planet35 phenomenon34)
1.709: (turn_to satellite0 phenomenon25 planet35)
1.709: (turn_to satellite0 star26 phenomenon25)
1.711: (turn_to satellite0 phenomenon29 star26)
1.713: (turn_to satellite0 star39 phenomenon29)
1.693: (turn_to satellite0 phenomenon38 star39)
1.742: (turn_to satellite0 groundstation16 phenomenon38)
1.746: (turn_to satellite0 planet27 groundstation16)
1.752: (turn_to satellite0 planet36 planet27)
1.752: (turn_to satellite0 phenomenon32 planet36)
1.752: (take_image satellite0 phenomenon32 instrument0 infrared1)
1.412: (turn_to satellite0 star3 phenomenon32)
1.416: (turn_to satellite0 groundstation9 star3)
1.422: (turn_to satellite0 star14 groundstation9)
1.448: (turn_to satellite0 planet30 star14)
1.390: (turn_to satellite1 star14 planet30)
1.408: (turn_to satellite1 star3 star14)
1.406: (turn_to satellite1 groundstation9 star3)
1.496: (turn_to satellite1 star11 groundstation9)
1.496: (turn_to satellite1 star6 star11)
1.502: (turn_to satellite1 star15 star6)
1.502: (turn_to satellite1 groundstation10 star15)
1.502: (turn_to satellite1 star20 groundstation10)
1.580: (turn_to satellite1 star28 star20)
1.681: (turn_to satellite1 star37 star28)
1.676: (turn_to satellite1 phenomenon31 star37)
1.686: (turn_to satellite1 star39 phenomenon31)
1.686: (turn_to satellite1 phenomenon38 star39)
1.686: (turn_to satellite1 star26 phenomenon38)
1.686: (turn_to satellite1 phenomenon25 star26)
1.687: (turn_to satellite1 phenomenon34 phenomenon25)
1.687: (turn_to satellite1 planet33 phenomenon34)
1.687: (turn_to satellite1 planet35 planet33)
1.682: (turn_to satellite1 phenomenon29 planet35)
1.732: (turn_to satellite1 planet27 phenomenon29)
1.733: (turn_to satellite1 groundstation16 planet27)
1.739: (turn_to satellite1 planet36 groundstation16)
1.738: (take_image satellite1 planet36 instrument2 infrared1)
1.390: (turn_to satellite1 star14 planet36)
1.408: (turn_to satellite1 star3 star14)
1.405: (turn_to satellite1 groundstation9 star3)
1.448: (turn_to satellite1 planet30 groundstation9)
1.412: (turn_to satellite0 star3 planet30)
1.417: (turn_to satellite0 groundstation9 star3)
1.422: (turn_to satellite0 star14 groundstation9)
1.519: (turn_to satellite0 star6 star14)
1.519: (turn_to satellite0 star11 star6)
1.528: (turn_to satellite0 star15 star11)
1.528: (turn_to satellite0 groundstation10 star15)
1.528: (turn_to satellite0 star20 groundstation10)
1.581: (turn_to satellite0 star28 star20)
1.695: (turn_to satellite0 phenomenon31 star28)
1.693: (turn_to satellite0 star37 phenomenon31)
1.709: (turn_to satellite0 planet33 star37)
1.709: (turn_to satellite0 phenomenon34 planet33)
1.709: (turn_to satellite0 planet35 phenomenon34)
1.710: (turn_to satellite0 phenomenon25 planet35)
1.710: (turn_to satellite0 star26 phenomenon25)
1.711: (turn_to satellite0 phenomenon29 star26)
1.713: (turn_to satellite0 star39 phenomenon29)
1.692: (turn_to satellite0 phenomenon38 star39)
1.743: (turn_to satellite0 groundstation16 phenomenon38)
1.744: (turn_to satellite0 planet27 groundstation16)
1.753: (turn_to satellite0 planet36 planet27)
1.753: (turn_to satellite0 phenomenon32 planet36)
1.764: (turn_to satellite0 star17 phenomenon32)
1.728: (take_image satellite0 star17 instrument0 infrared1)
1.413: (turn_to satellite0 star3 star17)
1.418: (turn_to satellite0 groundstation9 star3)
1.423: (turn_to satellite0 star14 groundstation9)
1.449: (turn_to satellite0 planet30 star14)
1.391: (turn_to satellite1 star14 planet30)
1.409: (turn_to satellite1 star3 star14)
1.406: (turn_to satellite1 groundstation9 star3)
1.498: (turn_to satellite1 star11 groundstation9)
1.498: (turn_to satellite1 star6 star11)
1.503: (turn_to satellite1 star15 star6)
1.503: (turn_to satellite1 groundstation10 star15)
1.503: (turn_to satellite1 star20 groundstation10)
1.582: (turn_to satellite1 star28 star20)
1.681: (turn_to satellite1 star37 star28)
1.678: (turn_to satellite1 phenomenon31 star37)
1.688: (turn_to satellite1 star39 phenomenon31)
1.688: (turn_to satellite1 phenomenon38 star39)
1.688: (turn_to satellite1 star26 phenomenon38)
1.688: (turn_to satellite1 phenomenon25 star26)
1.689: (turn_to satellite1 phenomenon34 phenomenon25)
1.689: (turn_to satellite1 planet33 phenomenon34)
1.689: (turn_to satellite1 planet35 planet33)
1.683: (turn_to satellite1 phenomenon29 planet35)
1.705: (turn_to satellite1 star17 phenomenon29)
1.710: (take_image satellite1 star17 instrument2 image0)
1.390: (turn_to satellite1 star14 star17)
1.410: (turn_to satellite1 star3 star14)
1.407: (turn_to satellite1 groundstation9 star3)
1.449: (turn_to satellite1 planet30 groundstation9)
1.414: (turn_to satellite0 star3 planet30)
1.419: (turn_to satellite0 groundstation9 star3)
1.423: (turn_to satellite0 star14 groundstation9)
1.521: (turn_to satellite0 star6 star14)
1.522: (turn_to satellite0 star11 star6)
1.530: (turn_to satellite0 star15 star11)
1.530: (turn_to satellite0 groundstation10 star15)
1.530: (turn_to satellite0 star20 groundstation10)
1.583: (turn_to satellite0 star28 star20)
1.696: (turn_to satellite0 phenomenon31 star28)
1.694: (turn_to satellite0 star37 phenomenon31)
1.711: (turn_to satellite0 planet33 star37)
1.711: (turn_to satellite0 phenomenon34 planet33)
1.711: (turn_to satellite0 planet35 phenomenon34)
1.711: (turn_to satellite0 star26 planet35)
1.711: (turn_to satellite0 phenomenon25 star26)
1.712: (turn_to satellite0 phenomenon29 phenomenon25)
1.715: (turn_to satellite0 star39 phenomenon29)
1.694: (turn_to satellite0 phenomenon38 star39)
1.719: (turn_to satellite0 star17 phenomenon38)
1.727: (take_image satellite0 star17 instrument0 infrared3)
1.408: (turn_to satellite0 star3 star17)
1.413: (turn_to satellite0 groundstation9 star3)
1.417: (turn_to satellite0 star14 groundstation9)
1.443: (turn_to satellite0 planet30 star14)
1.386: (turn_to satellite1 star14 planet30)
1.404: (turn_to satellite1 star3 star14)
1.401: (turn_to satellite1 groundstation9 star3)
1.492: (turn_to satellite1 star11 groundstation9)
1.492: (turn_to satellite1 star6 star11)
1.498: (turn_to satellite1 groundstation10 star6)
1.498: (turn_to satellite1 star20 groundstation10)
1.498: (turn_to satellite1 star15 star20)
1.577: (turn_to satellite1 star28 star15)
1.676: (turn_to satellite1 phenomenon31 star28)
1.672: (turn_to satellite1 star37 phenomenon31)
1.682: (turn_to satellite1 star39 star37)
1.682: (turn_to satellite1 phenomenon38 star39)
1.682: (turn_to satellite1 star26 phenomenon38)
1.682: (turn_to satellite1 phenomenon25 star26)
1.683: (turn_to satellite1 planet33 phenomenon25)
1.683: (turn_to satellite1 phenomenon34 planet33)
1.683: (turn_to satellite1 planet35 phenomenon34)
1.678: (turn_to satellite1 phenomenon29 planet35)
1.708: (turn_to satellite1 star17 phenomenon29)
1.735: (turn_to satellite1 groundstation16 star17)
1.737: (turn_to satellite1 planet36 groundstation16)
1.728: (turn_to satellite1 planet27 planet36)
1.734: (turn_to satellite1 phenomenon32 planet27)
1.742: (turn_to satellite1 groundstation24 phenomenon32)
1.706: (take_image satellite1 groundstation24 instrument2 image0)
1.386: (turn_to satellite1 star14 groundstation24)
1.406: (turn_to satellite1 star3 star14)
1.403: (turn_to satellite1 groundstation9 star3)
1.445: (turn_to satellite1 planet30 groundstation9)
1.410: (turn_to satellite0 star3 planet30)
1.415: (turn_to satellite0 groundstation9 star3)
1.419: (turn_to satellite0 star14 groundstation9)
1.517: (turn_to satellite0 star6 star14)
1.517: (turn_to satellite0 star11 star6)
1.526: (turn_to satellite0 star15 star11)
1.526: (turn_to satellite0 star20 star15)
1.526: (turn_to satellite0 groundstation10 star20)
1.579: (turn_to satellite0 star28 groundstation10)
1.693: (turn_to satellite0 phenomenon31 star28)
1.692: (turn_to satellite0 star37 phenomenon31)
1.707: (turn_to satellite0 planet33 star37)
1.707: (turn_to satellite0 phenomenon34 planet33)
1.707: (turn_to satellite0 planet35 phenomenon34)
1.707: (turn_to satellite0 phenomenon25 planet35)
1.707: (turn_to satellite0 star26 phenomenon25)
1.708: (turn_to satellite0 phenomenon29 star26)
1.710: (turn_to satellite0 star39 phenomenon29)
1.690: (turn_to satellite0 phenomenon38 star39)
1.717: (turn_to satellite0 groundstation24 phenomenon38)
1.721: (take_image satellite0 groundstation24 instrument0 infrared3)
1.404: (turn_to satellite0 star3 groundstation24)
1.409: (turn_to satellite0 groundstation9 star3)
1.412: (turn_to satellite0 star14 groundstation9)
1.439: (turn_to satellite0 planet30 star14)
1.382: (turn_to satellite1 star14 planet30)
1.400: (turn_to satellite1 star3 star14)
1.397: (turn_to satellite1 groundstation9 star3)
1.488: (turn_to satellite1 star11 groundstation9)
1.488: (turn_to satellite1 star6 star11)
1.493: (turn_to satellite1 star15 star6)
1.493: (turn_to satellite1 groundstation10 star15)
1.493: (turn_to satellite1 star20 groundstation10)
1.573: (turn_to satellite1 star28 star20)
1.672: (turn_to satellite1 star37 star28)
1.667: (turn_to satellite1 phenomenon31 star37)
1.678: (turn_to satellite1 phenomenon38 phenomenon31)
1.678: (turn_to satellite1 star39 phenomenon38)
1.678: (turn_to satellite1 planet33 star39)
1.678: (turn_to satellite1 phenomenon34 planet33)
1.678: (turn_to satellite1 planet35 phenomenon34)
1.674: (turn_to satellite1 star26 planet35)
1.678: (turn_to satellite1 phenomenon25 star26)
1.680: (turn_to satellite1 phenomenon29 phenomenon25)
1.702: (turn_to satellite1 groundstation24 phenomenon29)
1.704: (turn_to satellite1 star17 groundstation24)
1.731: (turn_to satellite1 groundstation16 star17)
1.731: (turn_to satellite1 planet36 groundstation16)
1.723: (turn_to satellite1 planet27 planet36)
1.730: (turn_to satellite1 phenomenon32 planet27)
1.739: (turn_to satellite1 groundstation23 phenomenon32)
1.702: (take_image satellite1 groundstation23 instrument2 image0)
1.381: (turn_to satellite1 star14 groundstation23)
1.402: (turn_to satellite1 star3 star14)
1.398: (turn_to satellite1 groundstation9 star3)
1.440: (turn_to satellite1 planet30 groundstation9)
1.405: (turn_to satellite0 star3 planet30)
1.410: (turn_to satellite0 groundstation9 star3)
1.413: (turn_to satellite0 star14 groundstation9)
1.513: (turn_to satellite0 star6 star14)
1.513: (turn_to satellite0 star11 star6)
1.521: (turn_to satellite0 star15 star11)
1.521: (turn_to satellite0 star20 star15)
1.521: (turn_to satellite0 groundstation10 star20)
1.575: (turn_to satellite0 star28 groundstation10)
1.689: (turn_to satellite0 phenomenon31 star28)
1.689: (turn_to satellite0 star37 phenomenon31)
1.703: (turn_to satellite0 planet33 star37)
1.703: (turn_to satellite0 phenomenon34 planet33)
1.703: (turn_to satellite0 planet35 phenomenon34)
1.703: (turn_to satellite0 phenomenon25 planet35)
1.703: (turn_to satellite0 star26 phenomenon25)
1.704: (turn_to satellite0 phenomenon29 star26)
1.706: (turn_to satellite0 phenomenon38 phenomenon29)
1.706: (turn_to satellite0 star39 phenomenon38)
1.712: (turn_to satellite0 groundstation23 star39)
1.716: (take_image satellite0 groundstation23 instrument0 infrared3)
1.399: (turn_to satellite0 star3 groundstation23)
1.404: (turn_to satellite0 groundstation9 star3)
1.407: (turn_to satellite0 star14 groundstation9)
1.434: (turn_to satellite0 planet30 star14)
1.378: (turn_to satellite1 star14 planet30)
1.396: (turn_to satellite1 star3 star14)
1.392: (turn_to satellite1 groundstation9 star3)
1.484: (turn_to satellite1 star11 groundstation9)
1.484: (turn_to satellite1 star6 star11)
1.488: (turn_to satellite1 star15 star6)
1.488: (turn_to satellite1 star20 star15)
1.488: (turn_to satellite1 groundstation10 star20)
1.569: (turn_to satellite1 star28 groundstation10)
1.668: (turn_to satellite1 star37 star28)
1.662: (turn_to satellite1 phenomenon31 star37)
1.673: (turn_to satellite1 phenomenon34 phenomenon31)
1.673: (turn_to satellite1 planet35 phenomenon34)
1.669: (turn_to satellite1 planet33 planet35)
1.673: (turn_to satellite1 phenomenon38 planet33)
1.673: (turn_to satellite1 star39 phenomenon38)
1.674: (turn_to satellite1 star26 star39)
1.674: (turn_to satellite1 phenomenon25 star26)
1.676: (turn_to satellite1 phenomenon29 phenomenon25)
1.698: (turn_to satellite1 groundstation24 phenomenon29)
1.699: (turn_to satellite1 star17 groundstation24)
1.701: (turn_to satellite1 groundstation23 star17)
1.705: (take_image satellite1 groundstation23 instrument2 infrared1)
1.376: (turn_to satellite1 star14 groundstation23)
1.396: (turn_to satellite1 star3 star14)
1.393: (turn_to satellite1 groundstation9 star3)
1.434: (turn_to satellite1 planet30 groundstation9)
1.400: (turn_to satellite0 star3 planet30)
1.405: (turn_to satellite0 groundstation9 star3)
1.407: (turn_to satellite0 star14 groundstation9)
1.507: (turn_to satellite0 star6 star14)
1.508: (turn_to satellite0 star11 star6)
1.515: (turn_to satellite0 star15 star11)
1.515: (turn_to satellite0 star20 star15)
1.515: (turn_to satellite0 groundstation10 star20)
1.569: (turn_to satellite0 star28 groundstation10)
1.684: (turn_to satellite0 phenomenon31 star28)
1.684: (turn_to satellite0 star37 phenomenon31)
1.698: (turn_to satellite0 planet33 star37)
1.698: (turn_to satellite0 phenomenon34 planet33)
1.698: (turn_to satellite0 planet35 phenomenon34)
1.698: (turn_to satellite0 phenomenon25 planet35)
1.698: (turn_to satellite0 star26 phenomenon25)
1.698: (turn_to satellite0 phenomenon29 star26)
1.699: (turn_to satellite0 star39 phenomenon29)
1.681: (turn_to satellite0 phenomenon38 star39)
1.713: (turn_to satellite0 groundstation24 phenomenon38)
1.714: (turn_to satellite0 star17 groundstation24)
1.715: (turn_to satellite0 groundstation23 star17)
1.729: (turn_to satellite0 groundstation16 groundstation23)
1.731: (turn_to satellite0 planet27 groundstation16)
1.742: (turn_to satellite0 planet36 planet27)
1.742: (turn_to satellite0 phenomenon32 planet36)
1.751: (turn_to satellite0 star19 phenomenon32)
1.716: (take_image satellite0 star19 instrument0 infrared1)
1.401: (turn_to satellite0 star3 star19)
1.406: (turn_to satellite0 groundstation9 star3)
1.408: (turn_to satellite0 star14 groundstation9)
1.436: (turn_to satellite0 planet30 star14)
1.379: (turn_to satellite1 star14 planet30)
1.397: (turn_to satellite1 star3 star14)
1.394: (turn_to satellite1 groundstation9 star3)
1.485: (turn_to satellite1 star11 groundstation9)
1.486: (turn_to satellite1 star6 star11)
1.488: (turn_to satellite1 star15 star6)
1.488: (turn_to satellite1 groundstation10 star15)
1.488: (turn_to satellite1 star20 groundstation10)
1.570: (turn_to satellite1 star28 star20)
1.668: (turn_to satellite1 star37 star28)
1.664: (turn_to satellite1 phenomenon31 star37)
1.675: (turn_to satellite1 planet33 phenomenon31)
1.675: (turn_to satellite1 phenomenon34 planet33)
1.675: (turn_to satellite1 planet35 phenomenon34)
1.671: (turn_to satellite1 star26 planet35)
1.675: (turn_to satellite1 phenomenon38 star26)
1.675: (turn_to satellite1 star39 phenomenon38)
1.675: (turn_to satellite1 phenomenon25 star39)
1.678: (turn_to satellite1 phenomenon29 phenomenon25)
1.692: (turn_to satellite1 star19 phenomenon29)
1.697: (take_image satellite1 star19 instrument2 image0)
1.377: (turn_to satellite1 star14 star19)
1.398: (turn_to satellite1 star3 star14)
1.394: (turn_to satellite1 groundstation9 star3)
1.436: (turn_to satellite1 planet30 groundstation9)
1.401: (turn_to satellite0 star3 planet30)
1.407: (turn_to satellite0 groundstation9 star3)
1.408: (turn_to satellite0 star14 groundstation9)
1.510: (turn_to satellite0 star6 star14)
1.510: (turn_to satellite0 star11 star6)
1.517: (turn_to satellite0 star15 star11)
1.517: (turn_to satellite0 groundstation10 star15)
1.517: (turn_to satellite0 star20 groundstation10)
1.571: (turn_to satellite0 star28 star20)
1.686: (turn_to satellite0 phenomenon31 star28)
1.686: (turn_to satellite0 star37 phenomenon31)
1.699: (turn_to satellite0 phenomenon29 star37)
1.699: (turn_to satellite0 planet35 phenomenon29)
1.699: (turn_to satellite0 planet33 planet35)
1.699: (turn_to satellite0 phenomenon34 planet33)
1.700: (turn_to satellite0 phenomenon25 phenomenon34)
1.700: (turn_to satellite0 star26 phenomenon25)
1.701: (turn_to satellite0 star39 star26)
1.683: (turn_to satellite0 phenomenon38 star39)
1.708: (turn_to satellite0 star19 phenomenon38)
1.714: (take_image satellite0 star19 instrument0 infrared3)
1.396: (turn_to satellite0 star3 star19)
1.401: (turn_to satellite0 groundstation9 star3)
1.402: (turn_to satellite0 star14 groundstation9)
1.430: (turn_to satellite0 planet30 star14)
1.374: (turn_to satellite1 star14 planet30)
1.392: (turn_to satellite1 star3 star14)
1.389: (turn_to satellite1 groundstation9 star3)
1.480: (turn_to satellite1 star11 groundstation9)
1.480: (turn_to satellite1 star6 star11)
1.483: (turn_to satellite1 groundstation10 star6)
1.483: (turn_to satellite1 star20 groundstation10)
1.483: (turn_to satellite1 star15 star20)
1.565: (turn_to satellite1 star28 star15)
1.663: (turn_to satellite1 star37 star28)
1.658: (turn_to satellite1 phenomenon31 star37)
1.669: (turn_to satellite1 planet33 phenomenon31)
1.669: (turn_to satellite1 phenomenon34 planet33)
1.669: (turn_to satellite1 planet35 phenomenon34)
1.666: (turn_to satellite1 star26 planet35)
1.670: (turn_to satellite1 star39 star26)
1.670: (turn_to satellite1 phenomenon38 star39)
1.670: (turn_to satellite1 phenomenon25 phenomenon38)
1.673: (turn_to satellite1 phenomenon29 phenomenon25)
1.694: (turn_to satellite1 groundstation24 phenomenon29)
1.694: (turn_to satellite1 groundstation23 groundstation24)
1.694: (turn_to satellite1 star19 groundstation23)
1.694: (turn_to satellite1 star17 star19)
1.722: (turn_to satellite1 planet36 star17)
1.716: (turn_to satellite1 planet27 planet36)
1.717: (turn_to satellite1 groundstation16 planet27)
1.723: (turn_to satellite1 phenomenon32 groundstation16)
1.733: (turn_to satellite1 star12 phenomenon32)
1.693: (take_image satellite1 star12 instrument2 image0)
1.374: (turn_to satellite1 star14 star12)
1.394: (turn_to satellite1 star3 star14)
1.390: (turn_to satellite1 groundstation9 star3)
1.431: (turn_to satellite1 planet30 groundstation9)
1.397: (turn_to satellite0 star3 planet30)
1.403: (turn_to satellite0 groundstation9 star3)
Failed to find a solution!
