/u/ibrahim.eisawy/Neural-Guided-Search/venv/lib/python3.10/site-packages/pymimir_rgnn/model.py:151: UserWarning: index_reduce() is in beta and the API may change at any time. (Triggered internally at /pytorch/aten/src/ATen/native/cuda/Indexing.cu:1541.)
  max_msg.index_reduce_(0, output_indices, output_messages, reduce='amax', include_self=True)
Torch: 2.12.0+cu130
Using GPU:  NVIDIA L40S
83.766: (switch_on instrument6 satellite2)
79.094: (turn_to satellite2 groundstation39 phenomenon64)
67.966: (calibrate satellite2 instrument6 groundstation39)
64.674: (switch_on instrument2 satellite0)
63.462: (turn_to satellite0 groundstation52 planet77)
57.817: (calibrate satellite0 instrument2 groundstation52)
56.662: (turn_to satellite0 planet77 groundstation52)
55.893: (turn_to satellite2 planet71 groundstation39)
54.931: (take_image satellite2 planet71 instrument6 infrared3)
54.530: (turn_to satellite2 planet98 planet71)
54.037: (turn_to satellite3 star8 groundstation52)
53.578: (switch_on instrument4 satellite1)
53.386: (turn_to satellite4 groundstation32 star30)
53.332: (turn_to satellite1 phenomenon62 planet76)
53.361: (turn_to satellite2 planet85 planet98)
53.362: (turn_to satellite0 planet94 planet77)
52.624: (take_image satellite0 planet94 instrument2 thermograph4)
51.751: (turn_to satellite0 planet90 planet94)
51.474: (turn_to satellite1 star88 phenomenon62)
51.245: (turn_to satellite4 groundstation34 groundstation32)
51.196: (turn_to satellite2 star73 planet85)
51.188: (turn_to satellite0 phenomenon99 planet90)
50.659: (take_image satellite0 phenomenon99 instrument2 image0)
49.647: (turn_to satellite0 star97 phenomenon99)
49.619: (turn_to satellite4 star12 groundstation34)
49.671: (turn_to satellite2 phenomenon96 star73)
48.948: (take_image satellite2 phenomenon96 instrument6 infrared3)
48.257: (turn_to satellite2 planet76 phenomenon96)
47.123: (take_image satellite2 planet76 instrument6 thermograph2)
46.395: (turn_to satellite2 phenomenon78 planet76)
45.757: (take_image satellite2 phenomenon78 instrument6 infrared3)
45.092: (turn_to satellite2 phenomenon86 phenomenon78)
44.443: (take_image satellite2 phenomenon86 instrument6 infrared3)
43.789: (turn_to satellite2 planet80 phenomenon86)
43.134: (take_image satellite2 planet80 instrument6 infrared3)
42.485: (turn_to satellite2 planet77 planet80)
41.825: (take_image satellite2 planet77 instrument6 infrared3)
41.182: (turn_to satellite2 planet82 planet77)
40.516: (take_image satellite2 planet82 instrument6 infrared3)
39.889: (turn_to satellite2 star81 planet82)
39.215: (take_image satellite2 star81 instrument6 infrared3)
38.608: (turn_to satellite2 star83 star81)
37.992: (take_image satellite2 star83 instrument6 thermograph2)
37.304: (turn_to satellite2 star91 star83)
36.686: (take_image satellite2 star91 instrument6 thermograph2)
36.019: (turn_to satellite2 planet75 star91)
36.015: (take_image satellite2 planet75 instrument6 infrared3)
36.043: (turn_to satellite2 planet98 planet75)
36.060: (turn_to satellite0 star67 star97)
36.043: (turn_to satellite0 phenomenon74 star67)
36.043: (turn_to satellite0 star87 phenomenon74)
36.043: (turn_to satellite0 planet95 star87)
36.043: (turn_to satellite0 planet93 planet95)
36.043: (turn_to satellite0 planet92 planet93)
36.043: (turn_to satellite0 planet90 planet92)
36.064: (turn_to satellite2 star67 planet98)
35.271: (take_image satellite2 star67 instrument6 infrared3)
34.526: (turn_to satellite2 phenomenon74 star67)
33.103: (take_image satellite2 phenomenon74 instrument6 thermograph1)
32.580: (turn_to satellite2 planet72 phenomenon74)
32.580: (turn_to satellite2 star69 planet72)
32.580: (turn_to satellite2 phenomenon62 star69)
32.580: (turn_to satellite2 phenomenon64 phenomenon62)
32.558: (turn_to satellite4 star8 star12)
32.572: (turn_to satellite4 groundstation50 star8)
32.576: (turn_to satellite4 groundstation34 groundstation50)
32.581: (turn_to satellite4 groundstation32 groundstation34)
32.517: (turn_to satellite0 planet98 planet90)
31.998: (take_image satellite0 planet98 instrument2 thermograph4)
31.204: (turn_to satellite0 phenomenon70 planet98)
31.204: (turn_to satellite0 phenomenon61 phenomenon70)
31.204: (turn_to satellite0 star66 phenomenon61)
31.204: (turn_to satellite0 star68 star66)
31.207: (turn_to satellite0 planet65 star68)
30.684: (take_image satellite0 planet65 instrument2 image0)
29.843: (turn_to satellite0 star73 planet65)
29.290: (take_image satellite0 star73 instrument2 image0)
28.551: (turn_to satellite0 phenomenon70 star73)
28.552: (turn_to satellite0 star66 phenomenon70)
28.552: (turn_to satellite0 star68 star66)
28.552: (turn_to satellite0 phenomenon61 star68)
28.556: (turn_to satellite0 phenomenon62 phenomenon61)
27.991: (take_image satellite0 phenomenon62 instrument2 thermograph4)
27.248: (turn_to satellite0 phenomenon61 phenomenon62)
27.248: (turn_to satellite0 star66 phenomenon61)
27.248: (turn_to satellite0 star68 star66)
27.248: (turn_to satellite0 phenomenon70 star68)
27.252: (turn_to satellite0 star69 phenomenon70)
26.692: (take_image satellite0 star69 instrument2 thermograph4)
25.943: (turn_to satellite0 star66 star69)
25.943: (turn_to satellite0 star68 star66)
25.943: (turn_to satellite0 phenomenon70 star68)
25.943: (turn_to satellite0 phenomenon61 phenomenon70)
25.948: (turn_to satellite0 phenomenon63 phenomenon61)
25.392: (take_image satellite0 phenomenon63 instrument2 thermograph4)
24.630: (turn_to satellite0 star68 phenomenon63)
24.634: (turn_to satellite0 phenomenon70 star68)
24.634: (turn_to satellite0 star66 phenomenon70)
24.636: (turn_to satellite0 phenomenon61 star66)
24.638: (turn_to satellite0 planet72 phenomenon61)
24.091: (take_image satellite0 planet72 instrument2 thermograph4)
23.320: (turn_to satellite0 star68 planet72)
23.327: (turn_to satellite0 phenomenon70 star68)
23.332: (turn_to satellite0 phenomenon61 phenomenon70)
23.332: (turn_to satellite0 star66 phenomenon61)
23.352: (turn_to satellite0 planet85 star66)
22.784: (take_image satellite0 planet85 instrument2 thermograph4)
21.986: (turn_to satellite0 planet75 planet85)
21.435: (take_image satellite0 planet75 instrument2 thermograph4)
20.716: (turn_to satellite0 phenomenon70 planet75)
20.701: (take_image satellite2 phenomenon64 instrument6 infrared3)
20.691: (turn_to satellite0 phenomenon61 phenomenon70)
20.695: (turn_to satellite0 star66 phenomenon61)
20.696: (turn_to satellite0 star68 star66)
20.761: (turn_to satellite0 phenomenon84 star68)
20.761: (turn_to satellite0 phenomenon79 phenomenon84)
20.768: (turn_to satellite0 phenomenon60 phenomenon79)
20.786: (turn_to satellite0 star97 phenomenon60)
20.761: (turn_to satellite0 star89 star97)
20.786: (turn_to satellite0 planet95 star89)
20.761: (turn_to satellite0 star87 planet95)
20.786: (turn_to satellite0 planet93 star87)
20.786: (turn_to satellite0 planet92 planet93)
20.829: (turn_to satellite4 star8 groundstation32)
20.694: (turn_to satellite0 phenomenon70 planet92)
20.656: (turn_to satellite0 star68 phenomenon70)
20.656: (turn_to satellite0 star66 star68)
20.665: (turn_to satellite0 phenomenon61 star66)
20.720: (turn_to satellite0 phenomenon79 phenomenon61)
20.720: (turn_to satellite0 phenomenon84 phenomenon79)
20.732: (turn_to satellite0 star89 phenomenon84)
20.732: (turn_to satellite0 star97 star89)
20.735: (turn_to satellite0 star87 star97)
20.735: (turn_to satellite0 planet90 star87)
20.748: (turn_to satellite4 groundstation50 star8)
20.770: (turn_to satellite4 star12 groundstation50)
20.770: (turn_to satellite4 groundstation32 star12)
20.829: (take_image satellite0 planet90 instrument2 image0)
20.770: (turn_to satellite0 star66 planet90)
20.719: (turn_to satellite0 phenomenon61 star66)
20.720: (turn_to satellite0 star68 phenomenon61)
20.721: (turn_to satellite0 phenomenon70 star68)
20.786: (take_image satellite2 phenomenon64 instrument6 thermograph1)
20.775: (turn_to satellite0 phenomenon61 phenomenon70)
20.775: (turn_to satellite0 star66 phenomenon61)
20.779: (turn_to satellite0 star68 star66)
20.806: (take_image satellite2 phenomenon64 instrument6 thermograph2)
20.794: (turn_to satellite0 phenomenon61 star68)
20.794: (turn_to satellite0 star66 phenomenon61)
20.798: (turn_to satellite0 phenomenon70 star66)
20.848: (turn_to satellite0 phenomenon60 phenomenon70)
20.865: (turn_to satellite0 phenomenon84 phenomenon60)
20.865: (turn_to satellite0 phenomenon79 phenomenon84)
20.890: (turn_to satellite0 star97 phenomenon79)
20.865: (turn_to satellite0 star87 star97)
20.865: (turn_to satellite0 star89 star87)
20.890: (turn_to satellite0 planet95 star89)
20.890: (turn_to satellite0 planet93 planet95)
20.890: (turn_to satellite0 planet92 planet93)
20.929: (turn_to satellite4 star8 groundstation32)
20.797: (turn_to satellite0 phenomenon70 planet92)
20.754: (turn_to satellite0 star66 phenomenon70)
20.754: (turn_to satellite0 star68 star66)
20.766: (turn_to satellite0 phenomenon61 star68)
20.824: (turn_to satellite0 phenomenon79 phenomenon61)
20.824: (turn_to satellite0 phenomenon84 phenomenon79)
20.833: (turn_to satellite0 phenomenon60 phenomenon84)
20.836: (turn_to satellite0 star89 phenomenon60)
20.838: (turn_to satellite0 planet93 star89)
20.836: (turn_to satellite0 star87 planet93)
20.836: (turn_to satellite0 star97 star87)
20.836: (turn_to satellite0 planet95 star97)
20.848: (turn_to satellite4 groundstation50 star8)
20.797: (turn_to satellite0 star66 planet95)
20.768: (turn_to satellite0 phenomenon61 star66)
20.771: (turn_to satellite0 star68 phenomenon61)
20.772: (turn_to satellite0 phenomenon70 star68)
20.830: (turn_to satellite0 phenomenon60 phenomenon70)
20.847: (turn_to satellite0 phenomenon79 phenomenon60)
20.847: (turn_to satellite0 phenomenon84 phenomenon79)
20.872: (turn_to satellite0 planet92 phenomenon84)
20.848: (turn_to satellite0 star97 planet92)
20.848: (turn_to satellite0 star87 star97)
20.848: (turn_to satellite0 planet93 star87)
20.848: (turn_to satellite0 star89 planet93)
20.908: (turn_to satellite4 groundstation34 groundstation50)
20.800: (turn_to satellite0 phenomenon61 star89)
20.801: (turn_to satellite0 phenomenon70 phenomenon61)
20.801: (turn_to satellite0 star66 phenomenon70)
20.801: (turn_to satellite0 star68 star66)
20.855: (turn_to satellite0 phenomenon84 star68)
20.855: (turn_to satellite0 phenomenon79 phenomenon84)
20.875: (turn_to satellite0 star87 phenomenon79)
20.875: (turn_to satellite0 planet92 star87)
20.875: (turn_to satellite0 star97 planet92)
20.875: (turn_to satellite0 planet93 star97)
20.875: (turn_to satellite0 planet95 planet93)
20.876: (turn_to satellite0 phenomenon60 planet95)
20.929: (turn_to satellite0 planet90 phenomenon60)
20.892: (turn_to satellite4 groundstation50 groundstation34)
20.879: (turn_to satellite4 star8 groundstation50)
20.909: (turn_to satellite4 star12 star8)
20.909: (turn_to satellite4 groundstation32 star12)
20.927: (take_image satellite0 planet90 instrument2 thermograph4)
20.837: (turn_to satellite0 star68 planet90)
20.796: (turn_to satellite0 phenomenon61 star68)
20.797: (turn_to satellite0 star66 phenomenon61)
20.800: (turn_to satellite0 phenomenon70 star66)
20.849: (turn_to satellite0 phenomenon60 phenomenon70)
20.867: (turn_to satellite0 phenomenon84 phenomenon60)
20.867: (turn_to satellite0 phenomenon79 phenomenon84)
20.896: (turn_to satellite0 star97 phenomenon79)
20.867: (turn_to satellite0 star87 star97)
20.867: (turn_to satellite0 star89 star87)
20.896: (turn_to satellite0 planet95 star89)
20.896: (turn_to satellite0 planet93 planet95)
20.896: (turn_to satellite0 planet92 planet93)
20.935: (turn_to satellite4 star8 groundstation32)
20.796: (turn_to satellite0 star68 planet92)
20.757: (turn_to satellite0 phenomenon70 star68)
20.757: (turn_to satellite0 star66 phenomenon70)
20.769: (turn_to satellite0 phenomenon61 star66)
20.825: (turn_to satellite0 phenomenon84 phenomenon61)
20.825: (turn_to satellite0 phenomenon79 phenomenon84)
20.834: (turn_to satellite0 phenomenon60 phenomenon79)
20.842: (turn_to satellite0 star89 phenomenon60)
20.844: (turn_to satellite0 planet93 star89)
20.837: (turn_to satellite0 star87 planet93)
20.837: (turn_to satellite0 star97 star87)
20.837: (turn_to satellite0 planet95 star97)
20.849: (turn_to satellite4 groundstation50 star8)
20.795: (turn_to satellite0 star66 planet95)
20.771: (turn_to satellite0 phenomenon61 star66)
20.774: (turn_to satellite0 star68 phenomenon61)
20.775: (turn_to satellite0 phenomenon70 star68)
20.830: (turn_to satellite0 phenomenon60 phenomenon70)
20.848: (turn_to satellite0 phenomenon79 phenomenon60)
20.848: (turn_to satellite0 phenomenon84 phenomenon79)
20.876: (turn_to satellite0 planet92 phenomenon84)
20.849: (turn_to satellite0 star89 planet92)
20.876: (turn_to satellite0 star97 star89)
20.849: (turn_to satellite0 planet93 star97)
20.849: (turn_to satellite0 star87 planet93)
20.869: (turn_to satellite4 star12 groundstation50)
20.796: (turn_to satellite0 star66 star87)
20.796: (turn_to satellite0 phenomenon61 star66)
20.799: (turn_to satellite0 star68 phenomenon61)
20.800: (turn_to satellite0 phenomenon70 star68)
20.846: (turn_to satellite4 groundstation34 star12)
20.804: (turn_to satellite0 phenomenon61 phenomenon70)
20.804: (turn_to satellite0 star66 phenomenon61)
20.804: (turn_to satellite0 star68 star66)
20.856: (turn_to satellite0 phenomenon79 star68)
20.856: (turn_to satellite0 phenomenon84 phenomenon79)
20.877: (turn_to satellite0 phenomenon60 phenomenon84)
20.880: (turn_to satellite0 star97 phenomenon60)
20.856: (turn_to satellite0 star87 star97)
20.860: (turn_to satellite0 star89 star87)
20.880: (turn_to satellite0 planet92 star89)
20.880: (turn_to satellite0 planet95 planet92)
20.880: (turn_to satellite0 planet93 planet95)
20.939: (turn_to satellite0 planet90 planet93)
20.911: (turn_to satellite4 groundstation50 groundstation34)
20.888: (turn_to satellite4 star8 groundstation50)
20.927: (turn_to satellite4 star12 star8)
20.949: (turn_to satellite0 planet95 planet90)
20.867: (turn_to satellite0 phenomenon60 planet95)
20.867: (turn_to satellite0 phenomenon84 phenomenon60)
20.867: (turn_to satellite0 phenomenon79 phenomenon84)
20.896: (turn_to satellite0 star97 phenomenon79)
20.869: (turn_to satellite0 planet93 star97)
20.867: (turn_to satellite0 star89 planet93)
20.896: (turn_to satellite0 planet92 star89)
20.961: (take_image satellite0 planet92 instrument2 thermograph4)
20.826: (turn_to satellite0 star68 planet92)
20.826: (turn_to satellite0 phenomenon61 star68)
20.826: (turn_to satellite0 star66 phenomenon61)
20.830: (turn_to satellite0 phenomenon70 star66)
20.831: (turn_to satellite4 star8 star12)
20.786: (turn_to satellite0 star68 phenomenon70)
20.786: (turn_to satellite0 star66 star68)
20.799: (turn_to satellite0 phenomenon61 star66)
20.845: (turn_to satellite0 phenomenon79 phenomenon61)
20.845: (turn_to satellite0 phenomenon84 phenomenon79)
20.855: (turn_to satellite0 phenomenon60 phenomenon84)
20.861: (turn_to satellite0 star89 phenomenon60)
20.864: (turn_to satellite0 planet93 star89)
20.857: (turn_to satellite0 planet95 planet93)
20.857: (turn_to satellite0 star87 planet95)
20.857: (turn_to satellite0 star97 star87)
20.870: (turn_to satellite4 groundstation50 star8)
20.825: (turn_to satellite0 phenomenon70 star97)
20.801: (turn_to satellite0 star66 phenomenon70)
20.801: (turn_to satellite0 phenomenon61 star66)
20.803: (turn_to satellite0 star68 phenomenon61)
20.851: (turn_to satellite0 phenomenon60 star68)
20.867: (turn_to satellite0 phenomenon84 phenomenon60)
20.867: (turn_to satellite0 phenomenon79 phenomenon84)
20.896: (turn_to satellite0 planet93 phenomenon79)
20.870: (turn_to satellite0 planet95 planet93)
20.870: (turn_to satellite0 star89 planet95)
20.904: (turn_to satellite0 star87 star89)
20.890: (turn_to satellite4 groundstation32 groundstation50)
20.826: (turn_to satellite0 star66 star87)
20.826: (turn_to satellite0 phenomenon61 star66)
20.829: (turn_to satellite0 star68 phenomenon61)
20.830: (turn_to satellite0 phenomenon70 star68)
20.875: (turn_to satellite0 phenomenon60 phenomenon70)
20.887: (turn_to satellite0 phenomenon79 phenomenon60)
20.887: (turn_to satellite0 phenomenon84 phenomenon79)
20.915: (turn_to satellite0 star97 phenomenon84)
20.887: (turn_to satellite0 star89 star97)
20.915: (turn_to satellite0 planet95 star89)
20.915: (turn_to satellite0 planet93 planet95)
20.961: (turn_to satellite0 planet92 planet93)
20.981: (turn_to satellite0 planet90 planet92)
21.043: (turn_to satellite4 star8 groundstation32)
20.933: (turn_to satellite4 groundstation50 star8)
20.951: (turn_to satellite4 star12 groundstation50)
20.960: (turn_to satellite4 groundstation34 star12)
20.945: (turn_to satellite0 phenomenon70 planet90)
20.831: (turn_to satellite0 phenomenon61 phenomenon70)
20.833: (turn_to satellite0 star68 phenomenon61)
20.833: (turn_to satellite0 star66 star68)
20.876: (turn_to satellite0 phenomenon84 star66)
20.876: (turn_to satellite0 phenomenon79 phenomenon84)
20.898: (turn_to satellite0 phenomenon60 phenomenon79)
20.900: (turn_to satellite0 planet95 phenomenon60)
20.876: (turn_to satellite0 star87 planet95)
20.888: (turn_to satellite0 star89 star87)
20.900: (turn_to satellite0 star97 star89)
20.900: (turn_to satellite0 planet93 star97)
20.949: (turn_to satellite0 planet92 planet93)
20.971: (turn_to satellite4 star8 groundstation34)
20.906: (turn_to satellite4 groundstation50 star8)
20.929: (take_image satellite0 planet92 instrument2 image0)
20.827: (turn_to satellite0 star66 planet92)
20.801: (turn_to satellite0 phenomenon61 star66)
20.803: (turn_to satellite0 star68 phenomenon61)
20.805: (turn_to satellite0 phenomenon70 star68)
20.833: (turn_to satellite4 star8 groundstation50)
20.787: (turn_to satellite0 star66 phenomenon70)
20.787: (turn_to satellite0 star68 star66)
20.798: (turn_to satellite0 phenomenon61 star68)
20.844: (turn_to satellite0 phenomenon79 phenomenon61)
20.844: (turn_to satellite0 phenomenon84 phenomenon79)
20.853: (turn_to satellite0 phenomenon60 phenomenon84)
20.861: (turn_to satellite0 star89 phenomenon60)
20.863: (turn_to satellite0 planet95 star89)
20.856: (turn_to satellite0 planet93 planet95)
20.856: (turn_to satellite0 star87 planet93)
20.856: (turn_to satellite0 star97 star87)
20.868: (turn_to satellite4 groundstation50 star8)
20.868: (turn_to satellite0 planet95 star97)
20.868: (turn_to satellite0 star87 planet95)
20.868: (turn_to satellite0 planet93 star87)
20.868: (turn_to satellite0 star89 planet93)
20.848: (turn_to satellite0 phenomenon60 star89)
20.867: (turn_to satellite0 phenomenon84 phenomenon60)
20.867: (turn_to satellite0 phenomenon79 phenomenon84)
20.928: (turn_to satellite4 groundstation34 groundstation50)
20.832: (turn_to satellite0 phenomenon61 phenomenon79)
20.834: (turn_to satellite0 star68 phenomenon61)
20.834: (turn_to satellite0 star66 star68)
20.834: (turn_to satellite0 phenomenon70 star66)
20.875: (turn_to satellite0 phenomenon84 phenomenon70)
20.896: (turn_to satellite0 phenomenon60 phenomenon84)
20.899: (turn_to satellite0 planet93 phenomenon60)
20.875: (turn_to satellite0 star87 planet93)
20.891: (turn_to satellite0 star89 star87)
20.899: (turn_to satellite0 star97 star89)
20.899: (turn_to satellite0 planet95 star97)
20.965: (take_image satellite0 planet95 instrument2 thermograph4)
20.863: (turn_to satellite0 phenomenon70 planet95)
20.861: (turn_to satellite0 phenomenon61 phenomenon70)
20.862: (turn_to satellite4 star8 groundstation34)
20.816: (turn_to satellite0 phenomenon70 phenomenon61)
20.816: (turn_to satellite0 star66 phenomenon70)
20.816: (turn_to satellite0 star68 star66)
20.864: (turn_to satellite0 phenomenon84 star68)
20.864: (turn_to satellite0 phenomenon79 phenomenon84)
20.874: (turn_to satellite0 phenomenon60 phenomenon79)
20.880: (turn_to satellite0 star89 phenomenon60)
20.883: (turn_to satellite0 planet93 star89)
20.876: (turn_to satellite0 star97 planet93)
20.876: (turn_to satellite0 star87 star97)
20.889: (turn_to satellite4 groundstation50 star8)
20.856: (turn_to satellite0 phenomenon70 star87)
20.831: (turn_to satellite0 star66 phenomenon70)
20.831: (turn_to satellite0 phenomenon61 star66)
20.831: (turn_to satellite0 star68 phenomenon61)
20.873: (turn_to satellite0 phenomenon60 star68)
20.886: (turn_to satellite0 phenomenon84 phenomenon60)
20.886: (turn_to satellite0 phenomenon79 phenomenon84)
20.915: (turn_to satellite0 planet93 phenomenon79)
20.889: (turn_to satellite0 star97 planet93)
20.889: (turn_to satellite0 star89 star97)
20.950: (turn_to satellite4 groundstation34 groundstation50)
20.863: (turn_to satellite0 star68 star89)
20.863: (turn_to satellite0 star66 star68)
20.894: (turn_to satellite0 phenomenon79 star66)
20.894: (turn_to satellite0 phenomenon84 phenomenon79)
20.917: (turn_to satellite0 phenomenon60 phenomenon84)
20.919: (turn_to satellite0 star87 phenomenon60)
20.919: (turn_to satellite0 star97 star87)
20.919: (turn_to satellite0 planet93 star97)
20.982: (take_image satellite0 planet93 instrument2 thermograph4)
20.892: (turn_to satellite0 phenomenon70 planet93)
20.891: (turn_to satellite0 phenomenon61 phenomenon70)
20.892: (turn_to satellite4 star8 groundstation34)
20.846: (turn_to satellite0 star66 phenomenon61)
20.846: (turn_to satellite0 phenomenon70 star66)
20.846: (turn_to satellite0 star68 phenomenon70)
20.884: (turn_to satellite0 phenomenon84 star68)
20.884: (turn_to satellite0 phenomenon79 phenomenon84)
20.895: (turn_to satellite0 phenomenon60 phenomenon79)
20.900: (turn_to satellite0 star89 phenomenon60)
20.903: (turn_to satellite0 star97 star89)
20.897: (turn_to satellite0 star87 star97)
20.909: (turn_to satellite4 groundstation50 star8)
20.886: (turn_to satellite0 star68 star87)
20.860: (turn_to satellite0 star66 star68)
20.860: (turn_to satellite0 phenomenon61 star66)
20.863: (turn_to satellite0 phenomenon70 phenomenon61)
20.896: (turn_to satellite0 phenomenon60 phenomenon70)
20.906: (turn_to satellite0 phenomenon79 phenomenon60)
20.906: (turn_to satellite0 phenomenon84 phenomenon79)
20.934: (turn_to satellite0 star97 phenomenon84)
20.909: (turn_to satellite0 star89 star97)
20.971: (turn_to satellite4 groundstation34 groundstation50)
20.892: (turn_to satellite0 star66 star89)
20.892: (turn_to satellite0 star68 star66)
20.914: (turn_to satellite0 phenomenon84 star68)
20.914: (turn_to satellite0 phenomenon79 phenomenon84)
20.925: (turn_to satellite0 phenomenon60 phenomenon79)
20.938: (turn_to satellite0 star87 phenomenon60)
20.939: (turn_to satellite0 star97 star87)
20.982: (turn_to satellite0 planet95 star97)
21.008: (turn_to satellite0 planet92 planet95)
21.008: (turn_to satellite0 planet90 planet92)
20.971: (turn_to satellite4 star8 groundstation34)
20.972: (turn_to satellite4 groundstation50 star8)
20.990: (turn_to satellite4 star12 groundstation50)
20.990: (turn_to satellite4 groundstation32 star12)
20.928: (turn_to satellite0 star66 planet90)
20.886: (turn_to satellite0 phenomenon61 star66)
20.887: (turn_to satellite0 star68 phenomenon61)
20.888: (turn_to satellite0 phenomenon70 star68)
20.917: (turn_to satellite0 phenomenon60 phenomenon70)
20.925: (turn_to satellite0 phenomenon79 phenomenon60)
20.925: (turn_to satellite0 phenomenon84 phenomenon79)
20.954: (turn_to satellite0 star97 phenomenon84)
20.925: (turn_to satellite0 star87 star97)
20.933: (turn_to satellite0 star89 star87)
20.994: (turn_to satellite0 planet95 star89)
20.994: (turn_to satellite0 planet93 planet95)
21.016: (turn_to satellite0 planet92 planet93)
21.095: (turn_to satellite4 star8 groundstation32)
20.960: (turn_to satellite0 planet93 planet92)
20.945: (turn_to satellite4 groundstation50 star8)
20.945: (turn_to satellite0 planet95 planet93)
20.942: (turn_to satellite4 star8 groundstation50)
20.972: (turn_to satellite4 star12 star8)
20.886: (turn_to satellite0 star66 planet95)
20.886: (turn_to satellite0 phenomenon61 star66)
20.887: (turn_to satellite0 star68 phenomenon61)
20.888: (turn_to satellite0 phenomenon70 star68)
20.917: (turn_to satellite0 phenomenon60 phenomenon70)
20.925: (turn_to satellite0 phenomenon79 phenomenon60)
20.925: (turn_to satellite0 phenomenon84 phenomenon79)
20.954: (turn_to satellite0 star87 phenomenon84)
20.933: (turn_to satellite0 star89 star87)
20.954: (turn_to satellite0 star97 star89)
20.972: (turn_to satellite0 planet93 star97)
21.016: (turn_to satellite0 planet92 planet93)
21.100: (turn_to satellite4 groundstation50 star12)
21.090: (turn_to satellite4 star27 groundstation50)
20.969: (turn_to satellite0 phenomenon70 planet92)
20.962: (turn_to satellite4 groundstation48 star27)
20.955: (turn_to satellite0 phenomenon61 phenomenon70)
20.957: (turn_to satellite0 star68 phenomenon61)
20.957: (turn_to satellite0 star66 star68)
20.979: (turn_to satellite4 star27 groundstation48)
20.968: (turn_to satellite0 phenomenon61 star66)
20.969: (turn_to satellite0 star68 phenomenon61)
20.979: (turn_to satellite4 star36 star27)
20.968: (turn_to satellite0 phenomenon61 star68)
20.969: (turn_to satellite0 star66 phenomenon61)
20.969: (turn_to satellite0 phenomenon70 star66)
20.981: (turn_to satellite4 star88 star36)
20.993: (turn_to satellite4 star23 star88)
20.992: (turn_to satellite4 star0 star23)
20.999: (turn_to satellite4 groundstation52 star0)
20.999: (turn_to satellite4 groundstation45 groundstation52)
20.999: (turn_to satellite4 star14 groundstation45)
20.999: (turn_to satellite4 star54 star14)
21.020: (turn_to satellite4 star13 star54)
21.031: (turn_to satellite4 star26 star13)
21.037: (turn_to satellite4 groundstation44 star26)
21.037: (turn_to satellite4 star33 groundstation44)
21.040: (turn_to satellite4 planet76 star33)
21.040: (turn_to satellite4 star83 planet76)
21.048: (turn_to satellite4 star69 star83)
21.044: (turn_to satellite4 phenomenon74 star69)
21.048: (turn_to satellite4 phenomenon63 phenomenon74)
21.048: (turn_to satellite4 planet72 phenomenon63)
21.045: (turn_to satellite4 groundstation25 planet72)
21.030: (turn_to satellite0 star66 phenomenon70)
20.981: (turn_to satellite4 star88 groundstation25)
20.993: (turn_to satellite4 star23 star88)
20.992: (turn_to satellite4 star0 star23)
20.999: (turn_to satellite4 star54 star0)
20.999: (turn_to satellite4 groundstation45 star54)
20.999: (turn_to satellite4 star14 groundstation45)
20.999: (turn_to satellite4 groundstation52 star14)
21.020: (turn_to satellite4 star13 groundstation52)
21.031: (turn_to satellite4 star26 star13)
21.037: (turn_to satellite4 star33 star26)
21.037: (turn_to satellite4 groundstation44 star33)
21.040: (turn_to satellite4 planet76 groundstation44)
21.040: (turn_to satellite4 star83 planet76)
21.047: (turn_to satellite4 planet72 star83)
21.044: (turn_to satellite4 phenomenon74 planet72)
21.047: (turn_to satellite4 star69 phenomenon74)
21.046: (turn_to satellite4 phenomenon63 star69)
21.049: (turn_to satellite4 star20 phenomenon63)
21.048: (turn_to satellite4 phenomenon62 star20)
21.049: (turn_to satellite4 groundstation3 phenomenon62)
21.039: (turn_to satellite0 star68 star66)
20.981: (turn_to satellite4 star88 groundstation3)
20.993: (turn_to satellite4 star23 star88)
20.992: (turn_to satellite4 star0 star23)
20.999: (turn_to satellite4 groundstation52 star0)
20.999: (turn_to satellite4 star54 groundstation52)
20.999: (turn_to satellite4 groundstation45 star54)
20.999: (turn_to satellite4 star14 groundstation45)
21.020: (turn_to satellite4 star13 star14)
21.031: (turn_to satellite4 star26 star13)
21.037: (turn_to satellite4 star33 star26)
21.037: (turn_to satellite4 groundstation44 star33)
21.040: (turn_to satellite4 planet76 groundstation44)
21.040: (turn_to satellite4 star83 planet76)
21.047: (turn_to satellite4 star69 star83)
21.044: (turn_to satellite4 phenomenon74 star69)
21.047: (turn_to satellite4 planet72 phenomenon74)
21.045: (turn_to satellite4 groundstation25 planet72)
21.031: (turn_to satellite0 phenomenon61 star68)
20.981: (turn_to satellite4 star88 groundstation25)
20.993: (turn_to satellite4 star23 star88)
20.992: (turn_to satellite4 star0 star23)
20.999: (turn_to satellite4 groundstation52 star0)
20.999: (turn_to satellite4 star54 groundstation52)
20.999: (turn_to satellite4 groundstation45 star54)
20.999: (turn_to satellite4 star14 groundstation45)
21.020: (turn_to satellite4 star13 star14)
21.031: (turn_to satellite4 star26 star13)
21.037: (turn_to satellite4 star33 star26)
21.037: (turn_to satellite4 groundstation44 star33)
21.040: (turn_to satellite4 planet76 groundstation44)
21.040: (turn_to satellite4 star83 planet76)
21.047: (turn_to satellite4 planet72 star83)
21.044: (turn_to satellite4 phenomenon74 planet72)
21.048: (turn_to satellite4 star69 phenomenon74)
21.045: (turn_to satellite4 phenomenon63 star69)
21.049: (turn_to satellite4 star20 phenomenon63)
21.048: (turn_to satellite4 phenomenon62 star20)
21.049: (turn_to satellite4 groundstation3 phenomenon62)
21.039: (turn_to satellite0 phenomenon70 phenomenon61)
21.048: (turn_to satellite4 phenomenon62 groundstation3)
21.049: (turn_to satellite4 star20 phenomenon62)
21.051: (turn_to satellite4 star67 star20)
21.052: (turn_to satellite4 planet71 star67)
21.053: (turn_to satellite4 star10 planet71)
21.055: (turn_to satellite4 star37 star10)
21.059: (turn_to satellite4 groundstation18 star37)
21.059: (turn_to satellite4 star5 groundstation18)
21.059: (turn_to satellite4 star31 star5)
21.059: (turn_to satellite4 groundstation7 star31)
21.059: (turn_to satellite4 groundstation17 groundstation7)
21.059: (turn_to satellite4 star19 groundstation17)
21.059: (turn_to satellite4 star43 star19)
21.059: (turn_to satellite4 groundstation49 star43)
21.059: (turn_to satellite4 star30 groundstation49)
21.050: (turn_to satellite0 star66 phenomenon70)
21.050: (turn_to satellite0 star68 star66)
21.061: (turn_to satellite0 phenomenon61 star68)
21.097: (turn_to satellite0 phenomenon60 phenomenon61)
21.101: (turn_to satellite0 phenomenon79 phenomenon60)
21.101: (turn_to satellite0 phenomenon84 phenomenon79)
21.105: (turn_to satellite4 star88 star30)
21.021: (turn_to satellite4 groundstation48 star88)
21.022: (turn_to satellite0 phenomenon79 phenomenon84)
21.013: (turn_to satellite4 star88 groundstation48)
21.027: (turn_to satellite4 star23 star88)
21.031: (turn_to satellite4 star0 star23)
21.031: (turn_to satellite0 star89 phenomenon79)
21.009: (turn_to satellite4 star88 star0)
21.021: (turn_to satellite4 groundstation48 star88)
21.030: (turn_to satellite0 star97 star89)
21.013: (turn_to satellite4 star88 groundstation48)
21.027: (turn_to satellite4 star23 star88)
21.031: (turn_to satellite0 star89 star97)
21.031: (turn_to satellite0 star87 star89)
21.009: (turn_to satellite4 star88 star23)
21.021: (turn_to satellite4 groundstation48 star88)
21.031: (turn_to satellite4 star0 groundstation48)
21.031: (turn_to satellite0 star97 star87)
21.031: (turn_to satellite0 phenomenon84 star97)
21.031: (turn_to satellite4 star23 star0)
21.037: (turn_to satellite4 star14 star23)
21.037: (turn_to satellite4 groundstation45 star14)
21.037: (turn_to satellite0 star87 phenomenon84)
21.037: (turn_to satellite4 groundstation52 groundstation45)
21.037: (turn_to satellite4 star54 groundstation52)
21.037: (turn_to satellite0 phenomenon84 star87)
21.037: (turn_to satellite0 star97 phenomenon84)
21.037: (turn_to satellite0 star89 star97)
21.037: (turn_to satellite4 groundstation52 star54)
21.037: (turn_to satellite0 phenomenon84 star89)
21.037: (turn_to satellite0 phenomenon79 phenomenon84)
21.037: (turn_to satellite0 star97 phenomenon79)
21.037: (turn_to satellite4 star14 groundstation52)
21.037: (turn_to satellite0 star89 star97)
21.037: (turn_to satellite4 groundstation45 star14)
21.037: (turn_to satellite0 phenomenon79 star89)
21.037: (turn_to satellite4 star14 groundstation45)
21.037: (turn_to satellite0 star87 phenomenon79)
21.039: (turn_to satellite4 star36 star14)
21.032: (turn_to satellite0 phenomenon84 star87)
21.031: (turn_to satellite0 phenomenon79 phenomenon84)
21.037: (turn_to satellite4 star54 star36)
21.039: (turn_to satellite4 star27 star54)
21.039: (turn_to satellite0 star97 phenomenon79)
21.032: (turn_to satellite0 phenomenon84 star97)
21.039: (turn_to satellite0 star87 phenomenon84)
21.039: (turn_to satellite0 star89 star87)
21.039: (turn_to satellite4 star36 star27)
21.039: (turn_to satellite0 star97 star89)
21.037: (turn_to satellite4 groundstation45 star36)
21.053: (turn_to satellite4 star13 groundstation45)
21.053: (turn_to satellite0 phenomenon84 star97)
21.053: (turn_to satellite0 star89 phenomenon84)
21.053: (turn_to satellite0 star87 star89)
21.084: (turn_to satellite4 star26 star13)
21.084: (turn_to satellite4 star67 star26)
21.076: (turn_to satellite0 star66 star87)
21.052: (turn_to satellite4 planet71 star67)
21.053: (turn_to satellite4 star10 planet71)
21.055: (turn_to satellite4 star37 star10)
21.059: (turn_to satellite4 star51 star37)
21.059: (turn_to satellite4 groundstation53 star51)
21.059: (turn_to satellite4 groundstation49 groundstation53)
21.059: (turn_to satellite4 star5 groundstation49)
21.059: (turn_to satellite4 groundstation7 star5)
21.059: (turn_to satellite4 groundstation18 groundstation7)
21.059: (turn_to satellite4 star31 groundstation18)
21.059: (turn_to satellite4 star19 star31)
21.059: (turn_to satellite4 groundstation17 star19)
21.059: (turn_to satellite4 star43 groundstation17)
21.059: (turn_to satellite4 star40 star43)
21.059: (turn_to satellite4 groundstation4 star40)
21.060: (turn_to satellite4 phenomenon86 groundstation4)
21.060: (turn_to satellite4 phenomenon96 phenomenon86)
21.064: (turn_to satellite4 star73 phenomenon96)
21.064: (turn_to satellite4 planet65 star73)
21.064: (turn_to satellite4 planet82 planet65)
21.064: (turn_to satellite4 star81 planet82)
21.064: (turn_to satellite4 phenomenon78 star81)
21.064: (turn_to satellite4 planet80 phenomenon78)
21.064: (turn_to satellite4 planet77 planet80)
21.065: (turn_to satellite4 star91 planet77)
21.063: (turn_to satellite0 phenomenon61 star66)
21.052: (turn_to satellite4 star67 star91)
21.052: (turn_to satellite4 planet71 star67)
21.053: (turn_to satellite4 star10 planet71)
21.055: (turn_to satellite4 star37 star10)
21.059: (turn_to satellite4 groundstation53 star37)
21.059: (turn_to satellite4 groundstation18 groundstation53)
21.059: (turn_to satellite4 star43 groundstation18)
21.059: (turn_to satellite4 star31 star43)
21.059: (turn_to satellite4 star19 star31)
21.059: (turn_to satellite4 groundstation17 star19)
21.059: (turn_to satellite4 groundstation49 groundstation17)
21.059: (turn_to satellite4 star51 groundstation49)
21.059: (turn_to satellite4 groundstation7 star51)
21.059: (turn_to satellite4 star5 groundstation7)
21.059: (turn_to satellite4 star40 star5)
21.059: (turn_to satellite4 groundstation4 star40)
21.060: (turn_to satellite4 phenomenon86 groundstation4)
21.060: (turn_to satellite4 phenomenon96 phenomenon86)
21.064: (turn_to satellite4 star73 phenomenon96)
21.064: (turn_to satellite4 planet65 star73)
21.064: (turn_to satellite4 planet80 planet65)
21.064: (turn_to satellite4 planet82 planet80)
21.064: (turn_to satellite4 star81 planet82)
21.064: (turn_to satellite4 phenomenon78 star81)
21.064: (turn_to satellite4 planet77 phenomenon78)
21.066: (turn_to satellite4 phenomenon64 planet77)
21.071: (turn_to satellite4 planet94 phenomenon64)
21.071: (turn_to satellite4 planet98 planet94)
21.073: (turn_to satellite4 star22 planet98)
21.074: (turn_to satellite4 star2 star22)
21.074: (turn_to satellite4 groundstation16 star2)
21.076: (turn_to satellite4 star42 groundstation16)
21.078: (turn_to satellite4 star21 star42)
21.072: (turn_to satellite0 star66 phenomenon61)
21.072: (turn_to satellite0 star68 star66)
21.039: (turn_to satellite4 planet71 star21)
21.046: (turn_to satellite4 phenomenon63 planet71)
21.049: (turn_to satellite4 star20 phenomenon63)
21.048: (turn_to satellite4 phenomenon62 star20)
21.052: (turn_to satellite4 star67 phenomenon62)
21.053: (turn_to satellite4 star10 star67)
21.055: (turn_to satellite4 star37 star10)
21.059: (turn_to satellite4 star31 star37)
21.059: (turn_to satellite4 star43 star31)
21.059: (turn_to satellite4 star5 star43)
21.059: (turn_to satellite4 groundstation7 star5)
21.059: (turn_to satellite4 groundstation49 groundstation7)
21.059: (turn_to satellite4 groundstation17 groundstation49)
21.059: (turn_to satellite4 groundstation18 groundstation17)
21.059: (turn_to satellite4 star51 groundstation18)
21.059: (turn_to satellite4 star19 star51)
21.059: (turn_to satellite4 groundstation53 star19)
21.059: (turn_to satellite4 groundstation4 groundstation53)
21.059: (turn_to satellite4 star40 groundstation4)
21.060: (turn_to satellite4 phenomenon86 star40)
21.060: (turn_to satellite4 phenomenon96 phenomenon86)
21.064: (turn_to satellite4 planet65 phenomenon96)
21.064: (turn_to satellite4 star73 planet65)
21.064: (turn_to satellite4 planet77 star73)
21.064: (turn_to satellite4 planet82 planet77)
21.064: (turn_to satellite4 star81 planet82)
21.064: (turn_to satellite4 planet80 star81)
21.064: (turn_to satellite4 phenomenon78 planet80)
21.065: (turn_to satellite4 star91 phenomenon78)
21.063: (turn_to satellite0 phenomenon70 star68)
21.059: (turn_to satellite4 groundstation53 star91)
21.059: (turn_to satellite4 star51 groundstation53)
21.059: (turn_to satellite4 groundstation4 star51)
21.059: (turn_to satellite4 star40 groundstation4)
21.060: (turn_to satellite4 phenomenon86 star40)
21.060: (turn_to satellite4 phenomenon96 phenomenon86)
21.064: (turn_to satellite4 star73 phenomenon96)
21.064: (turn_to satellite4 planet65 star73)
21.064: (turn_to satellite4 phenomenon78 planet65)
21.064: (turn_to satellite4 planet82 phenomenon78)
21.064: (turn_to satellite4 star81 planet82)
21.064: (turn_to satellite4 planet77 star81)
21.064: (turn_to satellite4 planet80 planet77)
21.066: (turn_to satellite4 phenomenon64 planet80)
21.071: (turn_to satellite4 planet94 phenomenon64)
21.071: (turn_to satellite4 planet98 planet94)
21.073: (turn_to satellite4 star22 planet98)
21.074: (turn_to satellite4 star2 star22)
21.074: (turn_to satellite4 groundstation16 star2)
21.076: (turn_to satellite4 star42 groundstation16)
21.078: (turn_to satellite4 star21 star42)
21.078: (turn_to satellite4 planet85 star21)
21.087: (turn_to satellite4 groundstation56 planet85)
21.082: (turn_to satellite4 phenomenon99 groundstation56)
21.097: (turn_to satellite4 phenomenon70 phenomenon99)
21.097: (turn_to satellite4 planet75 phenomenon70)
21.104: (turn_to satellite4 star68 planet75)
21.104: (turn_to satellite4 star66 star68)
21.120: (turn_to satellite4 phenomenon61 star66)
21.120: (turn_to satellite4 planet93 phenomenon61)
21.121: (turn_to satellite4 planet95 planet93)
21.128: (turn_to satellite4 star58 planet95)
21.129: (turn_to satellite4 groundstation47 star58)
21.132: (turn_to satellite4 phenomenon60 groundstation47)
21.134: (turn_to satellite4 groundstation39 phenomenon60)
21.141: (turn_to satellite4 star97 groundstation39)
21.140: (turn_to satellite4 star87 star97)
21.140: (turn_to satellite4 star89 star87)
21.144: (turn_to satellite4 phenomenon79 star89)
21.144: (turn_to satellite4 phenomenon84 phenomenon79)
21.147: (turn_to satellite4 groundstation1 phenomenon84)
21.150: (turn_to satellite4 planet92 groundstation1)
21.148: (turn_to satellite4 planet90 planet92)
21.159: (turn_to satellite4 star9 planet90)
21.158: (turn_to satellite0 phenomenon61 phenomenon70)
21.078: (turn_to satellite4 planet85 star9)
21.087: (turn_to satellite4 groundstation56 planet85)
21.082: (turn_to satellite4 phenomenon99 groundstation56)
21.100: (turn_to satellite0 star68 phenomenon61)
21.066: (turn_to satellite4 phenomenon64 phenomenon99)
21.071: (turn_to satellite4 planet94 phenomenon64)
21.071: (turn_to satellite4 planet98 planet94)
21.073: (turn_to satellite4 star22 planet98)
21.074: (turn_to satellite4 star2 star22)
21.074: (turn_to satellite4 groundstation16 star2)
21.076: (turn_to satellite4 star42 groundstation16)
21.081: (turn_to satellite0 star66 star68)
21.067: (turn_to satellite4 phenomenon64 star42)
21.071: (turn_to satellite4 planet94 phenomenon64)
21.071: (turn_to satellite4 planet98 planet94)
21.073: (turn_to satellite4 star22 planet98)
21.074: (turn_to satellite4 groundstation16 star22)
21.074: (turn_to satellite4 star2 groundstation16)
21.083: (turn_to satellite4 phenomenon99 star2)
21.079: (turn_to satellite4 planet85 phenomenon99)
21.087: (turn_to satellite4 groundstation56 planet85)
21.098: (turn_to satellite4 star66 groundstation56)
21.097: (turn_to satellite4 planet75 star66)
21.104: (turn_to satellite4 phenomenon70 planet75)
21.104: (turn_to satellite4 star68 phenomenon70)
21.120: (turn_to satellite4 phenomenon61 star68)
21.120: (turn_to satellite4 planet93 phenomenon61)
21.121: (turn_to satellite4 planet95 planet93)
21.128: (turn_to satellite4 star58 planet95)
21.129: (turn_to satellite4 groundstation47 star58)
21.132: (turn_to satellite4 phenomenon60 groundstation47)
21.134: (turn_to satellite4 groundstation39 phenomenon60)
21.141: (turn_to satellite4 star97 groundstation39)
21.140: (turn_to satellite4 star87 star97)
21.140: (turn_to satellite4 star89 star87)
21.144: (turn_to satellite4 phenomenon84 star89)
21.144: (turn_to satellite4 phenomenon79 phenomenon84)
21.147: (turn_to satellite4 groundstation1 phenomenon79)
21.150: (turn_to satellite4 planet92 groundstation1)
21.148: (turn_to satellite4 planet90 planet92)
21.159: (turn_to satellite4 star9 planet90)
21.160: (turn_to satellite0 star68 star66)
21.078: (turn_to satellite4 planet85 star9)
21.087: (turn_to satellite4 groundstation56 planet85)
21.098: (turn_to satellite4 star68 groundstation56)
21.097: (turn_to satellite4 planet75 star68)
21.104: (turn_to satellite4 phenomenon70 planet75)
21.104: (turn_to satellite4 star66 phenomenon70)
21.120: (turn_to satellite4 phenomenon61 star66)
21.120: (turn_to satellite4 planet93 phenomenon61)
21.121: (turn_to satellite4 planet95 planet93)
21.128: (turn_to satellite4 star58 planet95)
21.129: (turn_to satellite4 groundstation47 star58)
21.132: (turn_to satellite4 phenomenon60 groundstation47)
21.134: (turn_to satellite4 groundstation39 phenomenon60)
21.141: (turn_to satellite4 star97 groundstation39)
21.140: (turn_to satellite4 star87 star97)
21.140: (turn_to satellite4 star89 star87)
21.144: (turn_to satellite4 phenomenon84 star89)
21.144: (turn_to satellite4 phenomenon79 phenomenon84)
21.147: (turn_to satellite4 groundstation1 phenomenon79)
21.150: (turn_to satellite4 planet92 groundstation1)
21.148: (turn_to satellite4 planet90 planet92)
21.170: (turn_to satellite4 star38 planet90)
21.190: (turn_to satellite0 phenomenon61 star68)
21.098: (turn_to satellite4 phenomenon61 star38)
21.097: (turn_to satellite4 planet75 phenomenon61)
21.104: (turn_to satellite4 phenomenon70 planet75)
21.104: (turn_to satellite4 star68 phenomenon70)
21.104: (turn_to satellite4 star66 star68)
21.120: (turn_to satellite4 planet93 star66)
21.121: (turn_to satellite4 planet95 planet93)
21.128: (turn_to satellite4 star58 planet95)
21.129: (turn_to satellite4 groundstation47 star58)
21.132: (turn_to satellite4 phenomenon60 groundstation47)
21.134: (turn_to satellite4 groundstation39 phenomenon60)
21.141: (turn_to satellite4 star97 groundstation39)
21.140: (turn_to satellite4 star87 star97)
21.140: (turn_to satellite4 star89 star87)
21.144: (turn_to satellite4 phenomenon79 star89)
21.144: (turn_to satellite4 phenomenon84 phenomenon79)
21.147: (turn_to satellite4 groundstation1 phenomenon84)
21.150: (turn_to satellite4 planet92 groundstation1)
21.148: (turn_to satellite4 planet90 planet92)
21.176: (turn_to satellite0 star97 phenomenon61)
21.082: (turn_to satellite4 star26 planet90)
21.084: (turn_to satellite4 star67 star26)
21.084: (turn_to satellite4 planet71 star67)
21.086: (turn_to satellite4 planet76 planet71)
21.086: (turn_to satellite4 star83 planet76)
21.090: (turn_to satellite4 star33 star83)
21.090: (turn_to satellite0 phenomenon84 star97)
21.083: (turn_to satellite4 star26 star33)
21.084: (turn_to satellite4 star67 star26)
21.084: (turn_to satellite4 planet71 star67)
21.086: (turn_to satellite4 planet76 planet71)
21.086: (turn_to satellite4 star83 planet76)
21.090: (turn_to satellite4 groundstation44 star83)
21.090: (turn_to satellite0 star89 phenomenon84)
21.083: (turn_to satellite4 star26 groundstation44)
21.084: (turn_to satellite4 star67 star26)
21.084: (turn_to satellite4 planet71 star67)
21.086: (turn_to satellite4 star83 planet71)
21.086: (turn_to satellite4 planet76 star83)
21.090: (turn_to satellite4 star33 planet76)
21.090: (turn_to satellite0 star87 star89)
21.084: (turn_to satellite4 planet71 star33)
21.086: (turn_to satellite4 star83 planet71)
21.086: (turn_to satellite4 planet76 star83)
21.090: (turn_to satellite4 groundstation44 planet76)
21.090: (turn_to satellite0 star97 star87)
21.090: (turn_to satellite4 star37 groundstation44)
21.090: (turn_to satellite0 phenomenon84 star97)
21.090: (turn_to satellite0 star89 phenomenon84)
21.090: (turn_to satellite0 star87 star89)
21.092: (turn_to satellite4 phenomenon63 star37)
21.092: (turn_to satellite4 star69 phenomenon63)
21.092: (turn_to satellite4 planet72 star69)
21.096: (turn_to satellite4 phenomenon64 planet72)
21.096: (turn_to satellite4 groundstation3 phenomenon64)
21.085: (turn_to satellite0 phenomenon79 star87)
21.053: (turn_to satellite4 star13 groundstation3)
21.084: (turn_to satellite4 star26 star13)
21.084: (turn_to satellite4 star67 star26)
21.084: (turn_to satellite4 planet71 star67)
21.086: (turn_to satellite4 star83 planet71)
21.086: (turn_to satellite4 planet76 star83)
21.090: (turn_to satellite4 groundstation44 planet76)
21.090: (turn_to satellite4 star33 groundstation44)
21.090: (turn_to satellite4 star37 star33)
21.092: (turn_to satellite4 star69 star37)
21.092: (turn_to satellite4 planet72 star69)
21.092: (turn_to satellite4 phenomenon63 planet72)
21.096: (turn_to satellite4 phenomenon64 phenomenon63)
21.096: (turn_to satellite4 groundstation25 phenomenon64)
21.096: (turn_to satellite4 star81 groundstation25)
21.089: (turn_to satellite0 star97 phenomenon79)
21.089: (turn_to satellite0 phenomenon84 star97)
21.089: (turn_to satellite0 star87 phenomenon84)
21.089: (turn_to satellite0 star89 star87)
21.090: (turn_to satellite4 phenomenon63 star81)
21.092: (turn_to satellite4 star69 phenomenon63)
21.092: (turn_to satellite4 planet72 star69)
21.096: (turn_to satellite4 phenomenon64 planet72)
21.096: (turn_to satellite4 groundstation3 phenomenon64)
21.093: (turn_to satellite4 phenomenon62 groundstation3)
21.097: (turn_to satellite4 star10 phenomenon62)
21.097: (turn_to satellite4 planet80 star10)
21.089: (turn_to satellite0 phenomenon79 star89)
21.089: (turn_to satellite0 star97 phenomenon79)
21.089: (turn_to satellite0 star87 star97)
21.089: (turn_to satellite0 phenomenon84 star87)
21.090: (turn_to satellite4 phenomenon63 planet80)
21.092: (turn_to satellite4 star69 phenomenon63)
21.092: (turn_to satellite4 planet72 star69)
21.096: (turn_to satellite4 phenomenon64 planet72)
21.096: (turn_to satellite4 groundstation3 phenomenon64)
21.093: (turn_to satellite4 phenomenon62 groundstation3)
21.097: (turn_to satellite4 star10 phenomenon62)
21.097: (turn_to satellite4 planet77 star10)
21.089: (turn_to satellite0 phenomenon79 phenomenon84)
21.089: (turn_to satellite0 star87 phenomenon79)
21.089: (turn_to satellite0 star89 star87)
21.089: (turn_to satellite0 star97 star89)
21.090: (turn_to satellite4 phenomenon63 planet77)
21.092: (turn_to satellite4 star69 phenomenon63)
21.092: (turn_to satellite4 planet72 star69)
21.096: (turn_to satellite4 phenomenon64 planet72)
21.096: (turn_to satellite4 groundstation3 phenomenon64)
21.093: (turn_to satellite4 phenomenon62 groundstation3)
21.097: (turn_to satellite4 star10 phenomenon62)
21.097: (turn_to satellite4 phenomenon78 star10)
21.089: (turn_to satellite0 phenomenon84 star97)
21.089: (turn_to satellite0 phenomenon79 phenomenon84)
21.089: (turn_to satellite0 star87 phenomenon79)
21.089: (turn_to satellite0 star89 star87)
21.097: (turn_to satellite4 planet82 phenomenon78)
21.089: (turn_to satellite0 phenomenon79 star89)
21.089: (turn_to satellite0 phenomenon84 phenomenon79)
21.089: (turn_to satellite0 star87 phenomenon84)
21.089: (turn_to satellite0 star97 star87)
21.098: (turn_to satellite4 star31 planet82)
21.098: (turn_to satellite4 star43 star31)
21.098: (turn_to satellite4 star30 star43)
21.101: (turn_to satellite0 star87 star97)
21.160: (turn_to satellite0 planet95 star87)
21.160: (turn_to satellite0 planet93 planet95)
21.161: (turn_to satellite4 star88 star30)
21.062: (turn_to satellite0 phenomenon60 planet93)
21.021: (turn_to satellite4 groundstation48 star88)
21.031: (turn_to satellite4 star0 groundstation48)
21.031: (turn_to satellite4 star23 star0)
21.037: (turn_to satellite4 groundstation52 star23)
21.037: (turn_to satellite4 star14 groundstation52)
21.037: (turn_to satellite4 star54 star14)
21.037: (turn_to satellite4 groundstation45 star54)
21.039: (turn_to satellite4 star36 groundstation45)
21.039: (turn_to satellite4 star27 star36)
21.053: (turn_to satellite4 star13 star27)
21.084: (turn_to satellite4 star26 star13)
21.084: (turn_to satellite4 star67 star26)
21.084: (turn_to satellite4 planet71 star67)
21.086: (turn_to satellite4 star83 planet71)
21.086: (turn_to satellite4 planet76 star83)
21.090: (turn_to satellite4 groundstation44 planet76)
21.090: (turn_to satellite4 star33 groundstation44)
21.090: (turn_to satellite4 star37 star33)
21.092: (turn_to satellite4 star69 star37)
21.092: (turn_to satellite4 phenomenon63 star69)
21.092: (turn_to satellite4 planet72 phenomenon63)
21.096: (turn_to satellite4 phenomenon64 planet72)
21.096: (turn_to satellite4 groundstation3 phenomenon64)
21.093: (turn_to satellite4 phenomenon62 groundstation3)
21.097: (turn_to satellite4 star10 phenomenon62)
21.097: (turn_to satellite4 planet82 star10)
21.097: (turn_to satellite4 planet77 planet82)
21.097: (turn_to satellite4 phenomenon78 planet77)
21.097: (turn_to satellite4 planet80 phenomenon78)
Failed to find a solution!
