/u/ibrahim.eisawy/Neural-Guided-Search/venv/lib/python3.10/site-packages/pymimir_rgnn/model.py:151: UserWarning: index_reduce() is in beta and the API may change at any time. (Triggered internally at /pytorch/aten/src/ATen/native/cuda/Indexing.cu:1541.)
  max_msg.index_reduce_(0, output_indices, output_messages, reduce='amax', include_self=True)
Torch: 2.12.0+cu130
Using GPU:  NVIDIA L40S
78.720: (switch_on instrument12 satellite4)
67.846: (calibrate satellite4 instrument12 groundstation57)
66.014: (switch_on instrument10 satellite3)
59.798: (calibrate satellite3 instrument10 groundstation47)
57.966: (switch_on instrument0 satellite0)
57.355: (turn_to satellite4 planet83 groundstation57)
56.594: (take_image satellite4 planet83 instrument12 thermograph1)
55.914: (turn_to satellite4 planet82 planet83)
55.255: (take_image satellite4 planet82 instrument12 thermograph1)
54.598: (turn_to satellite4 star79 planet82)
53.958: (turn_to satellite0 star49 planet93)
50.583: (calibrate satellite0 instrument0 star49)
49.762: (turn_to satellite3 phenomenon98 groundstation47)
49.281: (turn_to satellite0 star75 star49)
48.870: (take_image satellite0 star75 instrument0 infrared2)
48.240: (turn_to satellite0 star78 star75)
47.175: (take_image satellite0 star78 instrument0 image4)
46.506: (turn_to satellite0 phenomenon95 star78)
46.115: (turn_to satellite2 star2 star91)
45.902: (turn_to satellite1 groundstation1 star74)
45.845: (turn_to satellite1 groundstation46 groundstation1)
45.853: (turn_to satellite3 planet63 phenomenon98)
44.533: (take_image satellite3 planet63 instrument10 spectrograph0)
43.854: (turn_to satellite3 star74 planet63)
43.875: (turn_to satellite3 phenomenon72 star74)
43.138: (take_image satellite3 phenomenon72 instrument10 spectrograph0)
42.551: (turn_to satellite3 star74 phenomenon72)
42.573: (turn_to satellite3 planet92 star74)
42.573: (turn_to satellite3 phenomenon84 planet92)
42.573: (turn_to satellite3 phenomenon98 phenomenon84)
42.623: (turn_to satellite1 groundstation1 groundstation46)
42.653: (turn_to satellite0 planet94 phenomenon95)
42.549: (turn_to satellite0 star73 planet94)
41.658: (take_image satellite0 star73 instrument0 infrared3)
40.950: (turn_to satellite0 star85 star73)
40.387: (take_image satellite0 star85 instrument0 infrared2)
39.672: (turn_to satellite0 phenomenon84 star85)
39.024: (take_image satellite0 phenomenon84 instrument0 image4)
38.308: (turn_to satellite0 star99 phenomenon84)
38.362: (turn_to satellite0 phenomenon71 star99)
38.366: (turn_to satellite3 phenomenon60 phenomenon98)
38.307: (turn_to satellite3 star99 phenomenon60)
37.515: (take_image satellite3 star99 instrument10 spectrograph0)
36.998: (turn_to satellite3 star97 star99)
36.222: (take_image satellite3 star97 instrument10 spectrograph0)
35.689: (turn_to satellite3 phenomenon95 star97)
34.926: (take_image satellite3 phenomenon95 instrument10 spectrograph0)
34.382: (turn_to satellite3 planet92 phenomenon95)
34.388: (turn_to satellite0 phenomenon98 phenomenon71)
33.744: (take_image satellite0 phenomenon98 instrument0 image4)
33.030: (turn_to satellite0 star74 phenomenon98)
32.401: (take_image satellite0 star74 instrument0 image4)
31.695: (turn_to satellite0 planet88 star74)
31.714: (turn_to satellite0 planet93 planet88)
31.011: (take_image satellite0 planet93 instrument0 infrared3)
30.470: (turn_to satellite0 phenomenon87 planet93)
29.683: (take_image satellite0 phenomenon87 instrument0 infrared3)
29.017: (turn_to satellite0 planet88 phenomenon87)
29.039: (turn_to satellite0 planet86 planet88)
28.403: (take_image satellite0 planet86 instrument0 infrared2)
27.718: (turn_to satellite0 planet88 planet86)
27.737: (turn_to satellite0 star96 planet88)
27.099: (take_image satellite0 star96 instrument0 infrared2)
26.424: (turn_to satellite0 planet88 star96)
26.472: (turn_to satellite0 star69 planet88)
25.796: (take_image satellite0 star69 instrument0 infrared2)
25.123: (turn_to satellite0 planet88 star69)
25.186: (turn_to satellite0 planet70 planet88)
25.186: (turn_to satellite0 phenomenon71 planet70)
25.198: (turn_to satellite0 phenomenon68 phenomenon71)
24.491: (take_image satellite0 phenomenon68 instrument0 infrared2)
23.823: (turn_to satellite0 planet88 phenomenon68)
23.888: (turn_to satellite0 phenomenon71 planet88)
23.888: (turn_to satellite0 planet70 phenomenon71)
23.898: (take_image satellite0 planet70 instrument0 image4)
23.848: (turn_to satellite0 planet88 planet70)
23.914: (turn_to satellite0 phenomenon71 planet88)
23.920: (take_image satellite0 phenomenon71 instrument0 image4)
23.870: (turn_to satellite0 planet88 phenomenon71)
23.942: (take_image satellite0 planet88 instrument0 image4)
23.959: (take_image satellite0 planet88 instrument0 infrared2)
23.979: (take_image satellite0 planet88 instrument0 infrared3)
24.003: (turn_to satellite0 planet94 planet88)
24.003: (turn_to satellite0 star91 planet94)
24.003: (turn_to satellite0 phenomenon90 star91)
24.003: (turn_to satellite0 phenomenon89 phenomenon90)
24.016: (turn_to satellite1 groundstation46 groundstation1)
23.978: (turn_to satellite0 planet88 phenomenon89)
24.001: (turn_to satellite0 phenomenon90 planet88)
24.001: (turn_to satellite0 planet94 phenomenon90)
24.001: (turn_to satellite0 star91 planet94)
24.027: (turn_to satellite0 phenomenon71 star91)
23.978: (take_image satellite0 phenomenon71 instrument0 infrared2)
23.990: (turn_to satellite0 planet88 phenomenon71)
24.020: (turn_to satellite0 phenomenon89 planet88)
24.020: (turn_to satellite0 planet94 phenomenon89)
24.020: (turn_to satellite0 star91 planet94)
24.020: (turn_to satellite0 phenomenon90 star91)
24.039: (turn_to satellite0 planet64 phenomenon90)
23.295: (take_image satellite0 planet64 instrument0 infrared2)
22.691: (turn_to satellite0 planet88 planet64)
22.703: (turn_to satellite0 phenomenon67 planet88)
22.222: (take_image satellite0 phenomenon67 instrument0 infrared2)
21.462: (turn_to satellite0 phenomenon90 phenomenon67)
21.472: (turn_to satellite0 planet94 phenomenon90)
21.475: (turn_to satellite0 star91 planet94)
21.475: (turn_to satellite0 phenomenon89 star91)
21.484: (turn_to satellite0 star76 phenomenon89)
21.485: (turn_to satellite0 star81 star76)
21.485: (turn_to satellite0 star80 star81)
21.486: (turn_to satellite0 planet77 star80)
21.499: (take_image satellite0 planet77 instrument0 infrared2)
21.471: (turn_to satellite0 planet94 planet77)
21.476: (turn_to satellite0 star91 planet94)
21.476: (turn_to satellite0 phenomenon90 star91)
21.476: (turn_to satellite0 phenomenon89 phenomenon90)
21.489: (turn_to satellite0 star81 phenomenon89)
21.489: (turn_to satellite0 star80 star81)
21.491: (turn_to satellite0 star76 star80)
21.499: (take_image satellite0 star76 instrument0 infrared2)
21.469: (turn_to satellite0 planet94 star76)
21.476: (turn_to satellite0 star91 planet94)
21.476: (turn_to satellite0 phenomenon90 star91)
21.476: (turn_to satellite0 phenomenon89 phenomenon90)
21.492: (turn_to satellite0 star81 phenomenon89)
21.492: (turn_to satellite0 star80 star81)
21.497: (take_image satellite0 star80 instrument0 infrared2)
21.468: (turn_to satellite0 planet94 star80)
21.475: (turn_to satellite0 star91 planet94)
21.475: (turn_to satellite0 phenomenon90 star91)
21.475: (turn_to satellite0 phenomenon89 phenomenon90)
21.494: (turn_to satellite0 star81 phenomenon89)
21.494: (take_image satellite0 star81 instrument0 infrared2)
21.466: (turn_to satellite0 planet94 star81)
21.474: (turn_to satellite0 star91 planet94)
21.474: (turn_to satellite0 phenomenon90 star91)
21.474: (turn_to satellite0 phenomenon89 phenomenon90)
21.492: (take_image satellite0 phenomenon89 instrument0 infrared2)
21.465: (turn_to satellite0 planet94 phenomenon89)
21.474: (turn_to satellite0 star91 planet94)
21.474: (turn_to satellite0 phenomenon90 star91)
21.489: (take_image satellite0 phenomenon90 instrument0 infrared2)
21.463: (turn_to satellite0 planet94 phenomenon90)
21.473: (turn_to satellite0 star91 planet94)
21.487: (take_image satellite0 star91 instrument0 infrared2)
21.462: (turn_to satellite0 planet94 star91)
21.484: (take_image satellite0 planet94 instrument0 infrared2)
21.491: (turn_to satellite0 star91 planet94)
21.491: (turn_to satellite0 phenomenon90 star91)
21.491: (turn_to satellite0 phenomenon89 phenomenon90)
21.509: (turn_to satellite0 planet88 phenomenon89)
21.516: (turn_to satellite0 star76 planet88)
21.516: (turn_to satellite0 star81 star76)
21.516: (turn_to satellite0 star80 star81)
21.516: (turn_to satellite0 planet77 star80)
21.537: (take_image satellite0 planet77 instrument0 infrared3)
21.522: (turn_to satellite0 planet94 planet77)
21.528: (turn_to satellite0 star91 planet94)
21.528: (turn_to satellite0 phenomenon90 star91)
21.528: (turn_to satellite0 phenomenon89 phenomenon90)
21.550: (turn_to satellite0 star76 phenomenon89)
21.550: (turn_to satellite0 star81 star76)
21.550: (turn_to satellite0 star80 star81)
21.553: (turn_to satellite0 planet88 star80)
21.596: (turn_to satellite0 planet65 planet88)
21.498: (take_image satellite0 planet65 instrument0 infrared2)
21.535: (turn_to satellite0 planet94 planet65)
21.542: (turn_to satellite0 star91 planet94)
21.542: (turn_to satellite0 phenomenon90 star91)
21.542: (turn_to satellite0 phenomenon89 phenomenon90)
21.577: (turn_to satellite0 planet88 phenomenon89)
21.577: (turn_to satellite0 star76 planet88)
21.577: (turn_to satellite0 star80 star76)
21.577: (turn_to satellite0 star81 star80)
21.598: (take_image satellite0 star81 instrument0 infrared3)
21.572: (turn_to satellite0 planet94 star81)
21.579: (turn_to satellite0 star91 planet94)
21.579: (turn_to satellite0 phenomenon90 star91)
21.579: (turn_to satellite0 phenomenon89 phenomenon90)
21.611: (turn_to satellite0 star76 phenomenon89)
21.611: (turn_to satellite0 star80 star76)
21.612: (turn_to satellite0 planet88 star80)
21.631: (turn_to satellite0 planet70 planet88)
21.595: (take_image satellite0 planet70 instrument0 infrared2)
21.568: (turn_to satellite0 planet94 planet70)
21.574: (turn_to satellite0 star91 planet94)
21.574: (turn_to satellite0 phenomenon90 star91)
21.574: (turn_to satellite0 phenomenon89 phenomenon90)
21.606: (turn_to satellite0 star76 phenomenon89)
21.606: (turn_to satellite0 star80 star76)
21.614: (turn_to satellite0 planet88 star80)
21.636: (turn_to satellite0 planet77 planet88)
21.611: (take_image satellite0 planet77 instrument0 image4)
21.568: (turn_to satellite0 planet94 planet77)
21.574: (turn_to satellite0 star91 planet94)
21.574: (turn_to satellite0 phenomenon89 star91)
21.574: (turn_to satellite0 phenomenon90 phenomenon89)
21.606: (turn_to satellite0 star76 phenomenon90)
21.606: (turn_to satellite0 star80 star76)
21.615: (turn_to satellite0 planet88 star80)
21.637: (turn_to satellite0 star81 planet88)
21.611: (take_image satellite0 star81 instrument0 image4)
21.568: (turn_to satellite0 planet94 star81)
21.574: (turn_to satellite0 star91 planet94)
21.574: (turn_to satellite0 phenomenon90 star91)
21.574: (turn_to satellite0 phenomenon89 phenomenon90)
21.606: (turn_to satellite0 star80 phenomenon89)
21.606: (turn_to satellite0 star76 star80)
21.615: (turn_to satellite0 planet88 star76)
21.646: (turn_to satellite0 phenomenon71 planet88)
21.632: (take_image satellite0 phenomenon71 instrument0 infrared3)
21.579: (turn_to satellite0 planet94 phenomenon71)
21.586: (turn_to satellite0 star91 planet94)
21.586: (turn_to satellite0 phenomenon90 star91)
21.586: (turn_to satellite0 phenomenon89 phenomenon90)
21.618: (turn_to satellite0 star76 phenomenon89)
21.618: (turn_to satellite0 star80 star76)
21.629: (turn_to satellite0 planet88 star80)
21.654: (turn_to satellite0 phenomenon62 planet88)
20.847: (take_image satellite0 phenomenon62 instrument0 infrared3)
20.243: (turn_to satellite0 phenomenon89 phenomenon62)
20.242: (turn_to satellite0 planet94 phenomenon89)
20.242: (turn_to satellite0 star91 planet94)
20.242: (turn_to satellite0 phenomenon90 star91)
20.286: (turn_to satellite0 star80 phenomenon90)
20.286: (turn_to satellite0 star76 star80)
20.294: (turn_to satellite0 planet61 star76)
19.475: (take_image satellite0 planet61 instrument0 infrared3)
18.864: (turn_to satellite0 phenomenon89 planet61)
18.863: (turn_to satellite0 planet94 phenomenon89)
18.863: (turn_to satellite0 star91 planet94)
18.863: (turn_to satellite0 phenomenon90 star91)
18.899: (turn_to satellite0 planet88 phenomenon90)
18.908: (turn_to satellite0 star76 planet88)
18.908: (turn_to satellite0 star80 star76)
18.919: (take_image satellite0 star80 instrument0 infrared3)
18.888: (turn_to satellite0 phenomenon90 star80)
18.888: (turn_to satellite0 planet94 phenomenon90)
18.888: (turn_to satellite0 star91 planet94)
18.888: (turn_to satellite0 phenomenon89 star91)
18.923: (turn_to satellite0 planet88 phenomenon89)
18.933: (turn_to satellite0 star76 planet88)
18.943: (take_image satellite0 star76 instrument0 infrared3)
18.912: (turn_to satellite0 planet94 star76)
18.912: (turn_to satellite0 star91 planet94)
18.912: (turn_to satellite0 phenomenon90 star91)
18.912: (turn_to satellite0 phenomenon89 phenomenon90)
18.947: (turn_to satellite0 planet88 phenomenon89)
18.972: (turn_to satellite0 planet65 planet88)
18.935: (take_image satellite0 planet65 instrument0 image4)
18.924: (turn_to satellite0 planet94 planet65)
18.924: (turn_to satellite0 star91 planet94)
18.924: (turn_to satellite0 phenomenon90 star91)
18.924: (turn_to satellite0 phenomenon89 phenomenon90)
18.950: (turn_to satellite0 planet88 phenomenon89)
18.998: (turn_to satellite0 planet70 planet88)
18.956: (take_image satellite0 planet70 instrument0 infrared3)
18.933: (turn_to satellite0 planet94 planet70)
18.933: (turn_to satellite0 star91 planet94)
18.933: (turn_to satellite0 phenomenon90 star91)
18.933: (turn_to satellite0 phenomenon89 phenomenon90)
18.956: (turn_to satellite0 planet88 phenomenon89)
19.009: (turn_to satellite0 star80 planet88)
18.975: (take_image satellite0 star80 instrument0 image4)
18.933: (turn_to satellite0 phenomenon89 star80)
18.933: (turn_to satellite0 planet94 phenomenon89)
18.933: (turn_to satellite0 star91 planet94)
18.933: (turn_to satellite0 phenomenon90 star91)
18.956: (turn_to satellite0 planet88 phenomenon90)
19.010: (turn_to satellite0 star76 planet88)
18.976: (take_image satellite0 star76 instrument0 image4)
18.934: (turn_to satellite0 phenomenon89 star76)
18.934: (turn_to satellite0 planet94 phenomenon89)
18.934: (turn_to satellite0 star91 planet94)
18.934: (turn_to satellite0 phenomenon90 star91)
18.957: (turn_to satellite0 planet88 phenomenon90)
19.011: (turn_to satellite0 star81 planet88)
19.020: (turn_to satellite0 star80 star81)
19.020: (turn_to satellite0 planet77 star80)
19.025: (turn_to satellite0 planet70 planet77)
19.025: (turn_to satellite0 phenomenon71 planet70)
19.036: (turn_to satellite0 planet65 phenomenon71)
18.962: (take_image satellite0 planet65 instrument0 infrared3)
18.942: (turn_to satellite0 planet94 planet65)
18.942: (turn_to satellite0 star91 planet94)
18.942: (turn_to satellite0 phenomenon90 star91)
18.942: (turn_to satellite0 phenomenon89 phenomenon90)
18.962: (turn_to satellite0 planet88 phenomenon89)
19.022: (turn_to satellite0 star81 planet88)
19.028: (turn_to satellite0 star76 star81)
19.028: (turn_to satellite0 planet77 star76)
19.028: (turn_to satellite0 star80 planet77)
19.030: (turn_to satellite0 planet70 star80)
19.030: (turn_to satellite0 phenomenon71 planet70)
19.054: (turn_to satellite0 phenomenon60 phenomenon71)
18.940: (take_image satellite0 phenomenon60 instrument0 infrared2)
18.940: (turn_to satellite0 planet94 phenomenon60)
18.940: (turn_to satellite0 star91 planet94)
18.940: (turn_to satellite0 phenomenon90 star91)
18.940: (turn_to satellite0 phenomenon89 phenomenon90)
18.983: (turn_to satellite0 planet88 phenomenon89)
19.026: (turn_to satellite0 phenomenon71 planet88)
19.026: (turn_to satellite0 planet70 phenomenon71)
19.032: (turn_to satellite0 star81 planet70)
19.039: (turn_to satellite0 planet77 star81)
19.039: (turn_to satellite0 star80 planet77)
19.039: (turn_to satellite0 star76 star80)
19.065: (turn_to satellite0 planet65 star76)
19.113: (turn_to satellite1 star9 groundstation46)
19.113: (turn_to satellite1 groundstation1 star9)
18.941: (turn_to satellite0 planet94 planet65)
18.941: (turn_to satellite0 star91 planet94)
18.941: (turn_to satellite0 phenomenon90 star91)
18.941: (turn_to satellite0 phenomenon89 phenomenon90)
18.986: (turn_to satellite0 planet88 phenomenon89)
19.028: (turn_to satellite0 planet70 planet88)
19.028: (turn_to satellite0 phenomenon71 planet70)
19.039: (turn_to satellite0 star81 phenomenon71)
19.042: (turn_to satellite0 star76 star81)
19.042: (turn_to satellite0 planet77 star76)
19.042: (turn_to satellite0 star80 planet77)
19.086: (turn_to satellite0 phenomenon60 star80)
19.002: (take_image satellite0 phenomenon60 instrument0 image4)
18.967: (turn_to satellite0 planet94 phenomenon60)
18.967: (turn_to satellite0 star91 planet94)
18.967: (turn_to satellite0 phenomenon89 star91)
18.967: (turn_to satellite0 phenomenon90 phenomenon89)
19.005: (turn_to satellite0 planet88 phenomenon90)
19.054: (turn_to satellite0 planet70 planet88)
19.054: (turn_to satellite0 phenomenon71 planet70)
19.069: (turn_to satellite0 planet77 phenomenon71)
19.069: (turn_to satellite0 star80 planet77)
19.069: (turn_to satellite0 star81 star80)
19.069: (turn_to satellite0 star76 star81)
19.085: (turn_to satellite0 planet65 star76)
19.132: (turn_to satellite1 star9 groundstation1)
19.133: (turn_to satellite1 groundstation46 star9)
18.967: (turn_to satellite0 planet94 planet65)
18.967: (turn_to satellite0 star91 planet94)
18.967: (turn_to satellite0 phenomenon90 star91)
18.967: (turn_to satellite0 phenomenon89 phenomenon90)
19.002: (turn_to satellite0 planet88 phenomenon89)
19.052: (turn_to satellite0 planet70 planet88)
19.052: (turn_to satellite0 phenomenon71 planet70)
19.061: (turn_to satellite0 star81 phenomenon71)
19.066: (turn_to satellite0 star76 star81)
19.066: (turn_to satellite0 star80 star76)
19.066: (turn_to satellite0 planet77 star80)
19.126: (turn_to satellite1 star9 groundstation46)
19.178: (turn_to satellite1 star49 star9)
19.094: (turn_to satellite2 star12 star2)
19.067: (take_image satellite3 planet92 instrument10 infrared2)
19.098: (turn_to satellite2 groundstation55 star12)
19.102: (turn_to satellite2 planet86 groundstation55)
19.102: (turn_to satellite2 star96 planet86)
19.103: (turn_to satellite2 star85 star96)
19.108: (turn_to satellite2 groundstation51 star85)
19.127: (turn_to satellite0 phenomenon89 planet77)
19.040: (turn_to satellite2 groundstation55 groundstation51)
19.043: (turn_to satellite2 star85 groundstation55)
19.043: (turn_to satellite2 star96 star85)
19.043: (turn_to satellite2 planet86 star96)
19.069: (turn_to satellite2 star34 planet86)
19.074: (turn_to satellite2 star12 star34)
19.077: (turn_to satellite2 groundstation22 star12)
19.048: (turn_to satellite1 groundstation40 star49)
19.074: (turn_to satellite1 groundstation57 groundstation40)
19.095: (turn_to satellite2 star4 groundstation22)
19.100: (turn_to satellite4 planet94 star79)
18.293: (take_image satellite4 planet94 instrument12 thermograph1)
17.541: (turn_to satellite4 star91 planet94)
16.984: (take_image satellite4 star91 instrument12 thermograph1)
16.220: (turn_to satellite4 phenomenon90 star91)
15.667: (take_image satellite4 phenomenon90 instrument12 thermograph1)
14.987: (turn_to satellite4 planet88 phenomenon90)
15.001: (turn_to satellite4 star79 planet88)
15.100: (turn_to satellite2 groundstation22 star4)
15.079: (turn_to satellite1 groundstation40 groundstation57)
15.115: (turn_to satellite1 star49 groundstation40)
15.084: (turn_to satellite2 groundstation44 groundstation22)
15.088: (turn_to satellite2 star18 groundstation44)
15.089: (turn_to satellite2 groundstation55 star18)
15.093: (turn_to satellite2 groundstation51 groundstation55)
15.106: (turn_to satellite2 star34 groundstation51)
15.116: (turn_to satellite2 star12 star34)
15.127: (turn_to satellite2 star85 star12)
15.127: (turn_to satellite2 star96 star85)
15.127: (turn_to satellite2 planet86 star96)
15.141: (turn_to satellite2 groundstation19 planet86)
15.155: (turn_to satellite2 star28 groundstation19)
15.160: (turn_to satellite2 star35 star28)
15.163: (turn_to satellite2 star2 star35)
15.156: (turn_to satellite1 groundstation1 star49)
15.123: (turn_to satellite0 planet88 phenomenon89)
15.146: (turn_to satellite0 phenomenon60 planet88)
15.121: (take_image satellite0 phenomenon60 instrument0 infrared3)
15.050: (turn_to satellite0 phenomenon89 phenomenon60)
15.125: (take_image satellite0 phenomenon89 instrument0 image4)
15.137: (take_image satellite0 phenomenon89 instrument0 infrared3)
15.144: (turn_to satellite0 planet88 phenomenon89)
15.178: (turn_to satellite0 phenomenon60 planet88)
15.178: (turn_to satellite0 planet65 phenomenon60)
15.188: (turn_to satellite0 phenomenon71 planet65)
15.188: (turn_to satellite0 planet70 phenomenon71)
15.191: (turn_to satellite0 star81 planet70)
15.191: (turn_to satellite0 star76 star81)
15.191: (turn_to satellite0 planet77 star76)
15.191: (turn_to satellite0 star80 planet77)
15.250: (turn_to satellite1 star9 groundstation1)
15.245: (turn_to satellite1 groundstation46 star9)
15.145: (turn_to satellite0 phenomenon89 star80)
15.153: (turn_to satellite0 planet88 phenomenon89)
15.180: (turn_to satellite0 planet65 planet88)
15.180: (turn_to satellite0 phenomenon60 planet65)
15.190: (turn_to satellite0 planet70 phenomenon60)
15.190: (turn_to satellite0 phenomenon71 planet70)
15.200: (turn_to satellite0 star81 phenomenon71)
15.200: (turn_to satellite0 planet77 star81)
15.200: (turn_to satellite0 star76 planet77)
15.250: (turn_to satellite1 star9 groundstation46)
15.254: (turn_to satellite1 star49 star9)
15.203: (turn_to satellite2 star12 star2)
15.104: (turn_to satellite2 groundstation44 star12)
15.167: (turn_to satellite2 groundstation55 groundstation44)
15.172: (turn_to satellite2 groundstation51 groundstation55)
15.190: (turn_to satellite2 star34 groundstation51)
15.190: (turn_to satellite2 star18 star34)
15.193: (turn_to satellite2 groundstation22 star18)
15.174: (turn_to satellite1 groundstation40 star49)
15.180: (turn_to satellite1 groundstation57 groundstation40)
15.225: (turn_to satellite2 star4 groundstation22)
15.185: (turn_to satellite2 groundstation44 star4)
15.217: (turn_to satellite2 star31 groundstation44)
15.253: (turn_to satellite2 star12 star31)
15.222: (turn_to satellite1 groundstation40 groundstation57)
15.246: (turn_to satellite2 star23 star12)
15.194: (turn_to satellite2 groundstation44 star23)
15.242: (turn_to satellite2 groundstation55 groundstation44)
15.256: (turn_to satellite1 groundstation57 groundstation40)
15.272: (turn_to satellite2 star23 groundstation55)
15.265: (take_image satellite4 star79 instrument12 infrared2)
15.192: (turn_to satellite2 groundstation22 star23)
15.170: (turn_to satellite1 groundstation40 groundstation57)
15.211: (turn_to satellite1 star49 groundstation40)
15.103: (turn_to satellite2 groundstation44 groundstation22)
15.178: (turn_to satellite2 groundstation55 groundstation44)
15.190: (turn_to satellite2 groundstation51 groundstation55)
15.196: (turn_to satellite2 star18 groundstation51)
15.196: (turn_to satellite2 star12 star18)
15.199: (turn_to satellite2 star34 star12)
15.202: (turn_to satellite0 planet65 star76)
15.139: (turn_to satellite2 groundstation44 star34)
15.169: (turn_to satellite2 groundstation51 groundstation44)
15.175: (turn_to satellite2 groundstation55 groundstation51)
15.192: (turn_to satellite2 star18 groundstation55)
15.202: (turn_to satellite2 star12 star18)
15.205: (turn_to satellite0 phenomenon60 planet65)
15.103: (turn_to satellite2 groundstation44 star12)
15.178: (turn_to satellite2 groundstation55 groundstation44)
15.190: (turn_to satellite2 groundstation51 groundstation55)
15.196: (turn_to satellite2 star18 groundstation51)
15.199: (turn_to satellite2 star34 star18)
15.209: (turn_to satellite0 phenomenon71 phenomenon60)
15.139: (turn_to satellite2 groundstation44 star34)
15.169: (turn_to satellite2 groundstation51 groundstation44)
15.175: (turn_to satellite2 groundstation55 groundstation51)
15.192: (turn_to satellite2 star18 groundstation55)
15.202: (turn_to satellite2 star12 star18)
15.208: (turn_to satellite0 star80 phenomenon71)
15.103: (turn_to satellite2 groundstation44 star12)
15.178: (turn_to satellite2 groundstation55 groundstation44)
15.190: (turn_to satellite2 groundstation51 groundstation55)
15.196: (turn_to satellite2 star18 groundstation51)
15.199: (turn_to satellite2 star34 star18)
15.211: (turn_to satellite2 groundstation22 star34)
15.176: (turn_to satellite1 groundstation40 star49)
15.192: (turn_to satellite1 groundstation57 groundstation40)
15.227: (turn_to satellite2 star4 groundstation22)
15.204: (turn_to satellite2 groundstation44 star4)
15.223: (turn_to satellite2 star31 groundstation44)
15.248: (turn_to satellite1 star49 groundstation57)
15.232: (turn_to satellite2 groundstation19 star31)
15.242: (turn_to satellite2 planet86 groundstation19)
15.241: (turn_to satellite2 star96 planet86)
15.241: (turn_to satellite2 star85 star96)
15.253: (turn_to satellite2 star28 star85)
15.225: (turn_to satellite0 planet65 star80)
15.208: (turn_to satellite2 groundstation22 star28)
15.199: (turn_to satellite1 groundstation40 star49)
15.231: (turn_to satellite0 planet77 planet65)
15.192: (turn_to satellite1 groundstation57 groundstation40)
15.211: (turn_to satellite1 star49 groundstation57)
15.103: (turn_to satellite2 groundstation44 groundstation22)
15.178: (turn_to satellite2 groundstation55 groundstation44)
15.190: (turn_to satellite2 groundstation51 groundstation55)
15.196: (turn_to satellite2 star18 groundstation51)
15.196: (turn_to satellite2 star12 star18)
15.199: (turn_to satellite2 star34 star12)
15.212: (turn_to satellite0 planet88 planet77)
15.139: (turn_to satellite2 groundstation44 star34)
15.169: (turn_to satellite2 groundstation51 groundstation44)
15.175: (turn_to satellite2 groundstation55 groundstation51)
15.192: (turn_to satellite2 star18 groundstation55)
15.202: (turn_to satellite2 star12 star18)
15.208: (turn_to satellite0 star81 planet88)
15.103: (turn_to satellite2 groundstation44 star12)
15.178: (turn_to satellite2 groundstation55 groundstation44)
15.190: (turn_to satellite2 groundstation51 groundstation55)
15.196: (turn_to satellite2 star18 groundstation51)
15.199: (turn_to satellite2 star34 star18)
15.211: (turn_to satellite2 groundstation22 star34)
15.176: (turn_to satellite1 groundstation40 star49)
15.192: (turn_to satellite1 groundstation57 groundstation40)
15.227: (turn_to satellite2 star4 groundstation22)
15.204: (turn_to satellite2 groundstation44 star4)
15.223: (turn_to satellite2 star31 groundstation44)
15.248: (turn_to satellite1 star49 groundstation57)
15.232: (turn_to satellite2 groundstation19 star31)
15.242: (turn_to satellite2 planet86 groundstation19)
15.241: (turn_to satellite2 star96 planet86)
15.241: (turn_to satellite2 star85 star96)
15.253: (turn_to satellite2 star35 star85)
15.225: (turn_to satellite0 planet65 star81)
15.216: (turn_to satellite2 groundstation19 star35)
15.251: (turn_to satellite2 planet86 groundstation19)
15.251: (turn_to satellite2 star96 planet86)
15.252: (turn_to satellite2 star85 star96)
15.259: (turn_to satellite2 groundstation10 star85)
15.255: (turn_to satellite2 star31 groundstation10)
15.259: (turn_to satellite1 groundstation57 star49)
15.208: (turn_to satellite2 groundstation44 star31)
15.232: (turn_to satellite2 groundstation22 groundstation44)
15.233: (turn_to satellite0 phenomenon89 planet65)
15.170: (turn_to satellite1 groundstation40 groundstation57)
15.211: (turn_to satellite1 star49 groundstation40)
15.103: (turn_to satellite2 groundstation44 groundstation22)
15.178: (turn_to satellite2 groundstation55 groundstation44)
15.190: (turn_to satellite2 groundstation51 groundstation55)
15.196: (turn_to satellite2 star18 groundstation51)
15.196: (turn_to satellite2 star12 star18)
15.199: (turn_to satellite2 star34 star12)
15.218: (turn_to satellite0 planet70 phenomenon89)
15.139: (turn_to satellite2 groundstation44 star34)
15.169: (turn_to satellite2 groundstation51 groundstation44)
15.175: (turn_to satellite2 groundstation55 groundstation51)
15.192: (turn_to satellite2 star18 groundstation55)
15.202: (turn_to satellite2 star12 star18)
15.209: (turn_to satellite2 groundstation22 star12)
15.199: (turn_to satellite1 groundstation40 star49)
15.233: (turn_to satellite1 groundstation57 groundstation40)
15.238: (turn_to satellite0 phenomenon60 planet70)
15.170: (turn_to satellite1 groundstation40 groundstation57)
15.211: (turn_to satellite1 star49 groundstation40)
15.203: (turn_to satellite0 phenomenon71 phenomenon60)
15.200: (turn_to satellite1 groundstation40 star49)
15.233: (turn_to satellite1 groundstation57 groundstation40)
15.240: (turn_to satellite4 planet65 star79)
15.077: (turn_to satellite4 phenomenon89 planet65)
14.426: (take_image satellite4 phenomenon89 instrument12 thermograph1)
13.769: (turn_to satellite4 planet88 phenomenon89)
13.786: (turn_to satellite4 star81 planet88)
13.105: (take_image satellite4 star81 instrument12 thermograph1)
12.437: (turn_to satellite4 planet88 star81)
12.449: (turn_to satellite4 planet77 planet88)
11.785: (take_image satellite4 planet77 instrument12 thermograph1)
11.104: (turn_to satellite4 planet88 planet77)
11.113: (turn_to satellite4 star80 planet88)
10.465: (take_image satellite4 star80 instrument12 thermograph1)
9.772: (turn_to satellite4 planet88 star80)
9.776: (turn_to satellite4 star76 planet88)
9.149: (take_image satellite4 star76 instrument12 thermograph1)
8.445: (turn_to satellite4 planet88 star76)
8.451: (turn_to satellite4 star79 planet88)
8.497: (turn_to satellite1 groundstation40 groundstation57)
8.501: (turn_to satellite0 phenomenon60 phenomenon71)
8.516: (turn_to satellite1 star49 groundstation40)
8.489: (turn_to satellite2 star18 groundstation22)
8.491: (turn_to satellite2 groundstation55 star18)
8.470: (turn_to satellite4 planet88 star79)
8.417: (take_image satellite4 planet88 instrument12 thermograph1)
8.441: (turn_to satellite4 star79 planet88)
8.477: (turn_to satellite4 planet65 star79)
8.417: (take_image satellite4 planet65 instrument12 thermograph1)
8.417: (turn_to satellite4 planet88 planet65)
8.441: (turn_to satellite4 star79 planet88)
8.478: (turn_to satellite4 phenomenon71 star79)
8.417: (take_image satellite4 phenomenon71 instrument12 thermograph1)
8.417: (turn_to satellite4 planet88 phenomenon71)
8.442: (turn_to satellite4 star79 planet88)
8.478: (turn_to satellite4 planet70 star79)
8.417: (take_image satellite4 planet70 instrument12 thermograph1)
8.417: (turn_to satellite4 planet88 planet70)
8.442: (turn_to satellite4 star79 planet88)
8.489: (take_image satellite4 star79 instrument12 infrared3)
8.494: (turn_to satellite4 planet88 star79)
8.470: (turn_to satellite4 planet65 planet88)
8.496: (turn_to satellite4 planet70 planet65)
8.496: (turn_to satellite4 phenomenon71 planet70)
8.547: (turn_to satellite2 groundstation51 groundstation55)
8.424: (turn_to satellite4 planet88 phenomenon71)
8.487: (turn_to satellite4 planet70 planet88)
8.488: (turn_to satellite4 star79 planet70)
8.543: (turn_to satellite2 star18 groundstation51)
8.547: (turn_to satellite2 star34 star18)
8.519: (turn_to satellite4 planet88 star79)
8.475: (turn_to satellite4 planet65 planet88)
8.488: (turn_to satellite4 phenomenon71 planet65)
8.488: (turn_to satellite4 planet70 phenomenon71)
8.547: (turn_to satellite2 star12 star34)
8.449: (turn_to satellite4 planet88 planet70)
8.490: (turn_to satellite4 phenomenon71 planet88)
8.490: (turn_to satellite4 planet65 phenomenon71)
8.492: (turn_to satellite4 star79 planet65)
8.516: (take_image satellite4 star79 instrument12 thermograph1)
8.512: (turn_to satellite4 planet88 star79)
8.493: (turn_to satellite4 phenomenon71 planet88)
8.493: (turn_to satellite4 planet70 phenomenon71)
8.493: (turn_to satellite4 planet65 planet70)
8.547: (turn_to satellite2 groundstation55 star12)
8.429: (turn_to satellite4 planet88 planet65)
8.498: (turn_to satellite4 star79 planet88)
8.516: (turn_to satellite4 phenomenon71 star79)
8.498: (turn_to satellite4 planet70 phenomenon71)
8.548: (turn_to satellite2 groundstation51 groundstation55)
8.426: (turn_to satellite4 planet88 planet70)
8.490: (turn_to satellite4 phenomenon71 planet88)
8.490: (turn_to satellite4 star79 phenomenon71)
8.548: (turn_to satellite2 star18 groundstation51)
8.549: (turn_to satellite2 star34 star18)
8.518: (turn_to satellite4 planet88 star79)
8.477: (turn_to satellite4 planet65 planet88)
8.490: (turn_to satellite4 phenomenon71 planet65)
8.490: (turn_to satellite4 planet70 phenomenon71)
8.572: (turn_to satellite2 star18 star34)
8.453: (turn_to satellite4 planet88 planet70)
8.557: (turn_to satellite2 groundstation44 star18)
8.563: (turn_to satellite2 groundstation22 groundstation44)
8.517: (turn_to satellite4 planet65 planet88)
8.524: (turn_to satellite4 phenomenon71 planet65)
8.524: (turn_to satellite4 planet70 phenomenon71)
8.524: (turn_to satellite4 star79 planet70)
8.520: (turn_to satellite1 groundstation40 star49)
8.542: (turn_to satellite1 groundstation57 groundstation40)
8.556: (turn_to satellite4 planet70 star79)
8.424: (turn_to satellite4 planet88 planet70)
8.465: (turn_to satellite4 planet65 planet88)
8.475: (turn_to satellite4 phenomenon71 planet65)
8.520: (turn_to satellite1 groundstation40 groundstation57)
8.414: (turn_to satellite4 planet88 phenomenon71)
8.448: (turn_to satellite4 planet65 planet88)
8.462: (turn_to satellite4 planet70 planet65)
8.575: (turn_to satellite2 star34 groundstation22)
8.492: (turn_to satellite4 planet88 planet70)
8.523: (turn_to satellite4 planet65 planet88)
8.562: (turn_to satellite4 star79 planet65)
8.579: (turn_to satellite2 star12 star34)
8.596: (turn_to satellite1 groundstation57 groundstation40)
8.574: (turn_to satellite2 star4 star12)
8.552: (turn_to satellite4 phenomenon71 star79)
8.431: (turn_to satellite4 planet88 phenomenon71)
8.476: (turn_to satellite4 planet65 planet88)
8.486: (turn_to satellite4 planet70 planet65)
8.612: (turn_to satellite2 star12 star4)
8.501: (turn_to satellite4 planet88 planet70)
8.535: (turn_to satellite4 planet65 planet88)
8.551: (turn_to satellite4 phenomenon71 planet65)
8.565: (turn_to satellite2 star31 star12)
8.437: (turn_to satellite4 planet88 phenomenon71)
8.579: (turn_to satellite4 planet65 planet88)
8.499: (turn_to satellite4 star79 planet65)
8.588: (turn_to satellite2 groundstation3 star31)
8.605: (turn_to satellite1 groundstation40 groundstation57)
8.593: (turn_to satellite2 groundstation10 groundstation3)
8.600: (turn_to satellite2 star23 groundstation10)
8.581: (turn_to satellite4 planet88 star79)
8.553: (turn_to satellite2 groundstation3 star23)
8.564: (turn_to satellite2 star12 groundstation3)
8.511: (turn_to satellite4 planet65 planet88)
8.534: (turn_to satellite4 planet70 planet65)
8.534: (turn_to satellite4 phenomenon71 planet70)
8.575: (turn_to satellite2 star34 star12)
8.583: (turn_to satellite2 star23 star34)
8.548: (turn_to satellite4 planet65 phenomenon71)
8.568: (turn_to satellite4 planet70 planet65)
8.593: (turn_to satellite1 star49 groundstation40)
8.544: (turn_to satellite4 planet88 planet70)
8.578: (turn_to satellite2 groundstation19 star23)
8.579: (turn_to satellite2 groundstation10 groundstation19)
8.591: (turn_to satellite2 star96 groundstation10)
8.613: (turn_to satellite2 star28 star96)
8.592: (turn_to satellite2 planet86 star28)
8.613: (turn_to satellite2 star35 planet86)
8.592: (turn_to satellite2 groundstation56 star35)
8.592: (turn_to satellite2 star85 groundstation56)
8.614: (turn_to satellite2 star2 star85)
8.567: (turn_to satellite4 planet65 planet88)
8.556: (turn_to satellite2 groundstation51 star2)
8.572: (turn_to satellite2 star18 groundstation51)
8.522: (turn_to satellite4 phenomenon71 planet65)
8.596: (turn_to satellite2 groundstation19 star18)
8.554: (turn_to satellite4 planet65 phenomenon71)
8.561: (turn_to satellite4 planet70 planet65)
8.561: (turn_to satellite4 star79 planet70)
8.558: (turn_to satellite2 groundstation44 groundstation19)
8.579: (turn_to satellite2 groundstation10 groundstation44)
8.591: (turn_to satellite4 planet65 star79)
8.578: (turn_to satellite4 phenomenon71 planet65)
8.578: (turn_to satellite4 planet70 phenomenon71)
8.613: (turn_to satellite2 star35 groundstation10)
8.534: (turn_to satellite4 planet65 planet70)
8.553: (turn_to satellite4 phenomenon71 planet65)
8.556: (turn_to satellite4 star79 phenomenon71)
8.592: (turn_to satellite2 star96 star35)
8.592: (turn_to satellite2 planet86 star96)
8.592: (turn_to satellite2 star85 planet86)
8.596: (turn_to satellite2 groundstation56 star85)
8.605: (turn_to satellite2 star31 groundstation56)
8.564: (turn_to satellite4 planet88 star79)
8.606: (turn_to satellite4 planet65 planet88)
8.549: (turn_to satellite4 phenomenon71 planet65)
8.549: (turn_to satellite4 planet70 phenomenon71)
8.601: (turn_to satellite1 groundstation57 star49)
8.623: (turn_to satellite2 star23 star31)
8.488: (turn_to satellite4 planet88 planet70)
8.586: (turn_to satellite2 groundstation3 star23)
8.616: (turn_to satellite2 groundstation55 groundstation3)
8.541: (turn_to satellite4 planet65 planet88)
8.561: (turn_to satellite4 star79 planet65)
8.590: (turn_to satellite1 groundstation40 groundstation57)
8.599: (turn_to satellite4 planet88 star79)
8.549: (turn_to satellite4 planet65 planet88)
8.572: (turn_to satellite4 planet70 planet65)
8.572: (turn_to satellite4 phenomenon71 planet70)
8.588: (turn_to satellite2 star30 groundstation55)
8.553: (turn_to satellite2 groundstation3 star30)
8.592: (turn_to satellite2 groundstation10 groundstation3)
8.552: (turn_to satellite4 planet88 phenomenon71)
8.601: (turn_to satellite2 star18 groundstation10)
8.608: (turn_to satellite2 star4 star18)
8.531: (turn_to satellite4 planet65 planet88)
8.563: (turn_to satellite4 star79 planet65)
8.601: (turn_to satellite2 star18 star4)
8.609: (turn_to satellite2 star30 star18)
8.623: (turn_to satellite2 groundstation51 star30)
8.628: (turn_to satellite2 star11 groundstation51)
8.618: (turn_to satellite4 planet88 star79)
8.609: (turn_to satellite2 star30 star11)
8.600: (turn_to satellite4 planet70 planet88)
8.553: (turn_to satellite2 groundstation3 star30)
8.592: (turn_to satellite2 groundstation10 groundstation3)
8.599: (turn_to satellite4 planet65 planet70)
8.604: (turn_to satellite2 groundstation3 groundstation10)
8.601: (turn_to satellite2 star18 groundstation3)
8.605: (turn_to satellite2 star30 star18)
8.622: (turn_to satellite1 star49 groundstation40)
8.557: (turn_to satellite2 groundstation44 star30)
8.594: (turn_to satellite4 phenomenon71 planet65)
8.594: (turn_to satellite4 planet70 phenomenon71)
8.613: (turn_to satellite2 star28 groundstation44)
8.534: (turn_to satellite4 planet65 planet70)
8.553: (turn_to satellite4 phenomenon71 planet65)
8.556: (turn_to satellite4 star79 phenomenon71)
8.594: (take_image satellite3 planet92 instrument10 spectrograph0)
8.610: (turn_to satellite2 groundstation55 star28)
8.567: (turn_to satellite4 planet88 star79)
8.556: (turn_to satellite4 planet65 planet88)
8.578: (turn_to satellite4 phenomenon71 planet65)
8.578: (turn_to satellite4 planet70 phenomenon71)
8.636: (turn_to satellite2 groundstation51 groundstation55)
8.506: (turn_to satellite4 planet88 planet70)
8.572: (turn_to satellite4 phenomenon71 planet88)
8.573: (turn_to satellite4 star79 phenomenon71)
8.627: (turn_to satellite4 planet65 star79)
8.641: (turn_to satellite2 star12 groundstation51)
8.523: (turn_to satellite4 planet88 planet65)
8.567: (turn_to satellite4 phenomenon71 planet88)
8.567: (turn_to satellite4 star79 phenomenon71)
8.587: (turn_to satellite4 planet70 star79)
8.650: (turn_to satellite2 star34 star12)
8.491: (turn_to satellite4 planet88 planet70)
8.551: (turn_to satellite4 planet65 planet88)
8.561: (turn_to satellite4 phenomenon71 planet65)
8.562: (turn_to satellite4 star79 phenomenon71)
8.630: (turn_to satellite2 star18 star34)
8.631: (turn_to satellite2 groundstation44 star18)
8.648: (turn_to satellite2 groundstation22 groundstation44)
8.595: (turn_to satellite1 groundstation40 star49)
8.611: (turn_to satellite1 groundstation57 groundstation40)
8.612: (turn_to satellite4 phenomenon71 star79)
8.481: (turn_to satellite4 planet88 phenomenon71)
8.531: (turn_to satellite4 planet65 planet88)
8.535: (turn_to satellite4 planet70 planet65)
8.595: (turn_to satellite1 groundstation40 groundstation57)
8.473: (turn_to satellite4 planet88 planet70)
8.515: (turn_to satellite4 planet65 planet88)
8.522: (turn_to satellite4 phenomenon71 planet65)
8.646: (turn_to satellite2 star23 groundstation22)
8.566: (turn_to satellite4 planet88 phenomenon71)
8.623: (turn_to satellite2 groundstation3 star23)
8.640: (turn_to satellite2 star12 groundstation3)
8.582: (turn_to satellite4 planet65 planet88)
8.604: (turn_to satellite4 phenomenon71 planet65)
8.604: (turn_to satellite4 planet70 phenomenon71)
8.605: (turn_to satellite4 star79 planet70)
8.667: (turn_to satellite1 groundstation57 groundstation40)
8.649: (turn_to satellite2 star4 star12)
8.609: (turn_to satellite4 phenomenon71 star79)
8.489: (turn_to satellite4 planet88 phenomenon71)
8.542: (turn_to satellite4 planet65 planet88)
8.546: (turn_to satellite4 planet70 planet65)
8.684: (turn_to satellite1 star49 groundstation57)
8.611: (turn_to satellite4 planet88 planet70)
8.662: (turn_to satellite2 star18 star4)
8.632: (turn_to satellite2 groundstation44 star18)
8.648: (turn_to satellite2 groundstation22 groundstation44)
8.598: (turn_to satellite4 planet65 planet88)
8.601: (turn_to satellite4 phenomenon71 planet65)
8.601: (turn_to satellite4 planet70 phenomenon71)
8.662: (turn_to satellite2 star18 groundstation22)
8.606: (turn_to satellite4 phenomenon71 planet70)
8.629: (turn_to satellite4 planet65 phenomenon71)
8.682: (turn_to satellite2 groundstation19 star18)
8.563: (turn_to satellite4 planet88 planet65)
8.657: (turn_to satellite2 groundstation10 groundstation19)
8.647: (turn_to satellite2 star2 groundstation10)
8.625: (turn_to satellite4 planet65 planet88)
8.626: (turn_to satellite2 star28 star2)
8.574: (turn_to satellite4 planet88 planet65)
8.670: (turn_to satellite2 star96 star28)
8.692: (turn_to satellite2 star35 star96)
8.670: (turn_to satellite2 planet86 star35)
8.695: (turn_to satellite2 star49 planet86)
8.571: (turn_to satellite1 star34 star49)
8.596: (turn_to satellite1 groundstation44 star34)
8.598: (turn_to satellite1 star18 groundstation44)
8.613: (turn_to satellite1 groundstation55 star18)
8.611: (turn_to satellite4 planet65 planet88)
8.596: (turn_to satellite1 groundstation44 groundstation55)
8.598: (turn_to satellite1 star18 groundstation44)
8.623: (turn_to satellite1 groundstation10 star18)
8.626: (turn_to satellite1 groundstation51 groundstation10)
8.633: (turn_to satellite1 star12 groundstation51)
8.620: (turn_to satellite4 planet70 planet65)
8.596: (turn_to satellite1 groundstation44 star12)
8.598: (turn_to satellite1 star18 groundstation44)
8.613: (turn_to satellite1 groundstation55 star18)
8.621: (turn_to satellite4 phenomenon71 planet70)
8.596: (turn_to satellite1 groundstation44 groundstation55)
8.598: (turn_to satellite1 star18 groundstation44)
8.623: (turn_to satellite1 groundstation10 star18)
8.626: (turn_to satellite1 groundstation51 groundstation10)
8.633: (turn_to satellite1 star12 groundstation51)
8.624: (turn_to satellite4 star79 phenomenon71)
8.574: (turn_to satellite4 planet88 star79)
8.623: (turn_to satellite1 groundstation10 star12)
8.626: (turn_to satellite1 groundstation51 groundstation10)
8.637: (turn_to satellite4 planet70 planet88)
8.623: (turn_to satellite1 groundstation10 groundstation51)
8.642: (turn_to satellite1 star34 groundstation10)
8.614: (turn_to satellite4 planet65 planet70)
8.618: (turn_to satellite4 phenomenon71 planet65)
8.630: (turn_to satellite4 star79 phenomenon71)
8.596: (turn_to satellite1 groundstation44 star34)
8.599: (turn_to satellite1 star18 groundstation44)
8.614: (turn_to satellite1 groundstation55 star18)
8.624: (turn_to satellite1 groundstation10 groundstation55)
8.627: (turn_to satellite1 groundstation51 groundstation10)
8.651: (turn_to satellite1 groundstation22 groundstation51)
8.595: (turn_to satellite2 groundstation40 star49)
8.611: (turn_to satellite2 groundstation57 groundstation40)
8.616: (turn_to satellite4 planet70 star79)
8.581: (turn_to satellite2 groundstation40 groundstation57)
8.618: (turn_to satellite4 phenomenon71 planet70)
8.611: (turn_to satellite2 groundstation57 groundstation40)
8.630: (turn_to satellite4 planet88 phenomenon71)
8.581: (turn_to satellite2 groundstation40 groundstation57)
8.630: (turn_to satellite4 planet65 planet88)
8.611: (turn_to satellite2 groundstation57 groundstation40)
8.639: (turn_to satellite2 star49 groundstation57)
8.599: (turn_to satellite4 phenomenon71 planet65)
8.599: (turn_to satellite4 planet70 phenomenon71)
8.609: (turn_to satellite4 planet88 planet70)
8.658: (turn_to satellite1 groundstation56 groundstation22)
8.659: (turn_to satellite1 groundstation19 groundstation56)
8.671: (turn_to satellite1 groundstation3 groundstation19)
8.674: (turn_to satellite1 star35 groundstation3)
8.629: (turn_to satellite4 phenomenon71 planet88)
8.629: (turn_to satellite4 planet70 phenomenon71)
8.630: (turn_to satellite4 planet65 planet70)
8.637: (turn_to satellite4 star79 planet65)
8.659: (turn_to satellite1 groundstation56 star35)
8.660: (turn_to satellite1 groundstation19 groundstation56)
8.649: (turn_to satellite4 planet65 star79)
8.658: (turn_to satellite1 groundstation56 groundstation19)
8.666: (turn_to satellite1 groundstation3 groundstation56)
8.674: (turn_to satellite1 star28 groundstation3)
8.629: (turn_to satellite4 planet70 planet65)
8.629: (turn_to satellite4 phenomenon71 planet70)
8.637: (turn_to satellite4 star79 phenomenon71)
8.623: (turn_to satellite4 planet88 star79)
8.684: (turn_to satellite1 star31 star28)
8.658: (turn_to satellite2 groundstation57 star49)
8.638: (turn_to satellite1 star4 star31)
8.630: (turn_to satellite4 planet70 planet88)
8.630: (turn_to satellite4 phenomenon71 planet70)
8.633: (turn_to satellite4 star79 phenomenon71)
8.611: (turn_to satellite4 planet65 star79)
8.652: (turn_to satellite1 star31 star4)
8.660: (turn_to satellite1 groundstation3 star31)
8.676: (turn_to satellite1 star12 groundstation3)
8.631: (turn_to satellite2 groundstation40 groundstation57)
8.651: (turn_to satellite4 phenomenon71 planet65)
8.651: (turn_to satellite4 planet70 phenomenon71)
8.652: (turn_to satellite4 star79 planet70)
8.668: (turn_to satellite2 groundstation57 groundstation40)
8.660: (turn_to satellite4 planet70 star79)
8.661: (turn_to satellite4 phenomenon71 planet70)
8.662: (turn_to satellite4 planet88 phenomenon71)
8.631: (turn_to satellite2 groundstation40 groundstation57)
8.677: (turn_to satellite1 groundstation55 star12)
8.672: (turn_to satellite4 planet70 planet88)
8.672: (turn_to satellite4 phenomenon71 planet70)
8.676: (turn_to satellite4 star79 phenomenon71)
8.666: (turn_to satellite4 planet65 star79)
8.677: (turn_to satellite2 groundstation57 groundstation40)
8.676: (turn_to satellite4 phenomenon71 planet65)
8.673: (turn_to satellite1 star31 groundstation55)
8.660: (turn_to satellite1 groundstation3 star31)
8.686: (turn_to satellite4 planet70 phenomenon71)
8.652: (turn_to satellite1 star31 groundstation3)
8.670: (turn_to satellite4 star79 planet70)
8.661: (turn_to satellite1 groundstation3 star31)
8.687: (turn_to satellite1 groundstation55 groundstation3)
8.662: (turn_to satellite4 planet70 star79)
8.682: (turn_to satellite4 planet88 planet70)
8.700: (turn_to satellite1 star23 groundstation55)
8.660: (turn_to satellite1 groundstation3 star23)
8.688: (turn_to satellite2 groundstation40 groundstation57)
8.663: (turn_to satellite1 groundstation10 groundstation3)
8.680: (turn_to satellite1 star23 groundstation10)
8.667: (turn_to satellite1 star34 star23)
8.672: (turn_to satellite4 planet70 planet88)
8.672: (turn_to satellite4 phenomenon71 planet70)
8.677: (turn_to satellite4 star79 phenomenon71)
8.681: (turn_to satellite1 star23 star34)
8.629: (turn_to satellite1 groundstation3 star23)
8.664: (turn_to satellite1 groundstation10 groundstation3)
8.693: (turn_to satellite1 star4 groundstation10)
8.672: (turn_to satellite1 star18 star4)
8.698: (turn_to satellite1 star30 star18)
8.688: (turn_to satellite4 planet70 star79)
8.628: (turn_to satellite1 groundstation3 star30)
8.663: (turn_to satellite1 groundstation10 groundstation3)
8.680: (turn_to satellite1 star23 groundstation10)
8.672: (turn_to satellite1 star18 star23)
8.692: (turn_to satellite1 star4 star18)
8.696: (turn_to satellite1 star31 star4)
8.688: (turn_to satellite2 star49 groundstation40)
8.658: (turn_to satellite1 groundstation56 star31)
8.659: (turn_to satellite1 groundstation19 groundstation56)
8.671: (turn_to satellite1 groundstation3 groundstation19)
8.683: (turn_to satellite1 star49 groundstation3)
8.617: (turn_to satellite1 star23 star49)
8.658: (turn_to satellite4 planet65 planet70)
8.662: (turn_to satellite4 phenomenon71 planet65)
8.658: (turn_to satellite1 groundstation56 star23)
8.659: (turn_to satellite1 groundstation19 groundstation56)
8.671: (turn_to satellite1 groundstation3 groundstation19)
8.683: (turn_to satellite1 star49 groundstation3)
8.637: (turn_to satellite2 groundstation44 star49)
8.632: (turn_to satellite4 planet65 phenomenon71)
8.665: (turn_to satellite4 planet70 planet65)
8.681: (turn_to satellite2 groundstation19 groundstation44)
8.639: (turn_to satellite4 phenomenon71 planet70)
8.640: (turn_to satellite4 star79 phenomenon71)
8.658: (turn_to satellite2 groundstation10 groundstation19)
8.644: (turn_to satellite2 star2 groundstation10)
8.620: (turn_to satellite2 star48 star2)
8.634: (turn_to satellite4 planet88 star79)
8.670: (turn_to satellite2 star85 star48)
8.697: (turn_to satellite2 star31 star85)
8.677: (turn_to satellite1 groundstation57 star49)
8.656: (turn_to satellite2 groundstation3 star31)
8.677: (turn_to satellite2 star12 groundstation3)
8.604: (turn_to satellite4 planet65 planet88)
8.621: (turn_to satellite4 phenomenon71 planet65)
8.621: (turn_to satellite4 planet70 phenomenon71)
8.623: (turn_to satellite2 star31 star12)
8.555: (turn_to satellite4 planet65 planet70)
8.555: (turn_to satellite4 phenomenon71 planet65)
8.555: (turn_to satellite4 star79 phenomenon71)
8.657: (turn_to satellite2 groundstation3 star31)
8.684: (turn_to satellite1 groundstation40 groundstation57)
8.665: (turn_to satellite2 groundstation10 groundstation3)
8.668: (turn_to satellite2 star34 groundstation10)
8.678: (turn_to satellite2 groundstation55 star34)
8.663: (turn_to satellite4 phenomenon71 star79)
8.562: (turn_to satellite4 planet88 phenomenon71)
8.618: (turn_to satellite4 planet65 planet88)
8.634: (turn_to satellite4 planet70 planet65)
Failed to find a solution!
