/u/ibrahim.eisawy/Neural-Guided-Search/venv/lib/python3.10/site-packages/pymimir_rgnn/model.py:151: UserWarning: index_reduce() is in beta and the API may change at any time. (Triggered internally at /pytorch/aten/src/ATen/native/cuda/Indexing.cu:1541.)
  max_msg.index_reduce_(0, output_indices, output_messages, reduce='amax', include_self=True)
Torch: 2.12.0+cu130
Using GPU:  NVIDIA L40S
81.082: (switch_on instrument5 satellite2)
77.688: (switch_on instrument4 satellite1)
74.178: (turn_to satellite2 star40 star55)
64.155: (calibrate satellite2 instrument5 star40)
63.285: (turn_to satellite2 phenomenon98 star40)
62.418: (take_image satellite2 phenomenon98 instrument5 thermograph0)
61.952: (turn_to satellite2 star51 phenomenon98)
61.663: (switch_on instrument3 satellite0)
61.452: (turn_to satellite3 star43 star51)
61.306: (take_image satellite2 star51 instrument5 infrared1)
61.281: (turn_to satellite2 star21 star51)
61.266: (take_image satellite2 star21 instrument5 infrared2)
61.277: (take_image satellite2 star21 instrument5 infrared1)
61.293: (turn_to satellite3 star42 star43)
61.297: (turn_to satellite2 groundstation8 star21)
61.268: (take_image satellite2 groundstation8 instrument5 infrared2)
61.235: (turn_to satellite1 groundstation18 star50)
61.237: (turn_to satellite1 star24 groundstation18)
54.104: (calibrate satellite1 instrument4 star24)
53.141: (turn_to satellite1 star79 star24)
52.776: (turn_to satellite2 phenomenon68 groundstation8)
52.596: (turn_to satellite3 star40 star42)
52.552: (turn_to satellite4 groundstation18 star53)
52.501: (turn_to satellite3 groundstation48 star40)
52.530: (turn_to satellite1 phenomenon82 star79)
52.001: (take_image satellite1 phenomenon82 instrument4 image3)
51.202: (turn_to satellite1 phenomenon81 phenomenon82)
50.107: (take_image satellite1 phenomenon81 instrument4 infrared4)
49.288: (turn_to satellite1 phenomenon73 phenomenon81)
49.199: (turn_to satellite2 planet63 phenomenon68)
48.303: (take_image satellite2 planet63 instrument5 infrared1)
47.600: (turn_to satellite2 planet95 planet63)
46.332: (take_image satellite2 planet95 instrument5 infrared2)
45.664: (turn_to satellite2 star94 planet95)
45.691: (turn_to satellite2 planet60 star94)
45.020: (take_image satellite2 planet60 instrument5 infrared1)
44.361: (turn_to satellite2 star94 planet60)
44.386: (turn_to satellite2 star64 star94)
43.711: (take_image satellite2 star64 instrument5 infrared1)
43.057: (turn_to satellite2 star94 star64)
43.014: (turn_to satellite1 phenomenon61 phenomenon73)
43.003: (turn_to satellite2 star65 star94)
42.342: (take_image satellite2 star65 instrument5 infrared2)
41.693: (turn_to satellite2 planet86 star65)
41.033: (take_image satellite2 planet86 instrument5 infrared2)
40.386: (turn_to satellite2 star79 planet86)
39.723: (take_image satellite2 star79 instrument5 infrared2)
39.080: (turn_to satellite2 star80 star79)
38.414: (take_image satellite2 star80 instrument5 infrared2)
37.774: (turn_to satellite2 star93 star80)
37.108: (take_image satellite2 star93 instrument5 infrared2)
36.477: (turn_to satellite2 star75 star93)
35.805: (take_image satellite2 star75 instrument5 infrared2)
35.200: (turn_to satellite2 phenomenon67 star75)
34.500: (take_image satellite2 phenomenon67 instrument5 infrared2)
33.878: (turn_to satellite2 phenomenon73 phenomenon67)
33.281: (take_image satellite2 phenomenon73 instrument5 infrared2)
32.553: (turn_to satellite2 star94 phenomenon73)
32.550: (turn_to satellite3 star43 groundstation48)
32.574: (turn_to satellite3 star40 star43)
32.581: (turn_to satellite2 phenomenon68 star94)
32.519: (turn_to satellite2 planet62 phenomenon68)
31.781: (take_image satellite2 planet62 instrument5 thermograph0)
31.233: (turn_to satellite2 phenomenon99 planet62)
31.241: (turn_to satellite3 groundstation48 star40)
31.238: (turn_to satellite2 star94 phenomenon99)
31.240: (turn_to satellite3 star43 groundstation48)
31.258: (turn_to satellite1 phenomenon87 phenomenon61)
31.277: (turn_to satellite1 planet97 phenomenon87)
31.284: (turn_to satellite1 planet92 planet97)
30.648: (take_image satellite1 planet92 instrument4 infrared4)
29.959: (turn_to satellite1 planet85 planet92)
29.959: (turn_to satellite1 phenomenon87 planet85)
29.966: (turn_to satellite1 phenomenon61 phenomenon87)
29.937: (turn_to satellite3 groundstation48 star43)
29.946: (turn_to satellite2 phenomenon68 star94)
29.934: (turn_to satellite2 planet66 phenomenon68)
29.215: (take_image satellite2 planet66 instrument5 thermograph0)
28.633: (turn_to satellite2 phenomenon68 planet66)
28.628: (turn_to satellite2 star84 phenomenon68)
27.905: (take_image satellite2 star84 instrument5 thermograph0)
27.313: (turn_to satellite2 phenomenon68 star84)
27.317: (turn_to satellite2 planet69 phenomenon68)
26.607: (take_image satellite2 planet69 instrument5 thermograph0)
25.998: (turn_to satellite2 phenomenon96 planet69)
26.003: (turn_to satellite2 phenomenon68 phenomenon96)
26.008: (turn_to satellite3 star40 groundstation48)
25.999: (turn_to satellite2 planet74 phenomenon68)
25.261: (take_image satellite2 planet74 instrument5 thermograph0)
24.649: (turn_to satellite2 phenomenon99 planet74)
24.648: (turn_to satellite2 planet97 phenomenon99)
23.951: (take_image satellite2 planet97 instrument5 thermograph0)
23.325: (turn_to satellite2 phenomenon99 planet97)
23.358: (turn_to satellite2 planet90 phenomenon99)
23.357: (turn_to satellite2 phenomenon91 planet90)
23.358: (turn_to satellite2 planet89 phenomenon91)
23.358: (turn_to satellite2 phenomenon70 planet89)
23.358: (turn_to satellite2 phenomenon71 phenomenon70)
23.358: (turn_to satellite2 planet72 phenomenon71)
23.365: (turn_to satellite2 planet85 planet72)
22.642: (take_image satellite2 planet85 instrument5 thermograph0)
22.002: (turn_to satellite2 phenomenon99 planet85)
22.032: (turn_to satellite2 phenomenon96 phenomenon99)
22.040: (turn_to satellite2 phenomenon70 phenomenon96)
22.040: (turn_to satellite2 phenomenon71 phenomenon70)
22.040: (turn_to satellite2 planet72 phenomenon71)
22.042: (turn_to satellite2 phenomenon91 planet72)
22.042: (turn_to satellite2 planet90 phenomenon91)
22.042: (turn_to satellite2 planet89 planet90)
22.045: (take_image satellite2 planet89 instrument5 infrared2)
21.996: (turn_to satellite2 phenomenon68 planet89)
22.075: (take_image satellite1 phenomenon61 instrument4 infrared4)
22.093: (take_image satellite1 phenomenon61 instrument4 image3)
22.133: (turn_to satellite1 phenomenon99 phenomenon61)
21.519: (take_image satellite1 phenomenon99 instrument4 image3)
20.780: (turn_to satellite1 phenomenon61 phenomenon99)
20.827: (turn_to satellite1 star94 phenomenon61)
20.169: (take_image satellite1 star94 instrument4 image3)
19.417: (turn_to satellite1 phenomenon61 star94)
19.502: (turn_to satellite3 star43 star40)
19.490: (turn_to satellite1 phenomenon70 phenomenon61)
18.801: (take_image satellite1 phenomenon70 instrument4 infrared4)
18.165: (turn_to satellite1 phenomenon61 phenomenon70)
18.180: (turn_to satellite1 phenomenon71 phenomenon61)
17.503: (take_image satellite1 phenomenon71 instrument4 infrared4)
16.856: (turn_to satellite1 phenomenon61 phenomenon71)
16.895: (turn_to satellite1 planet89 phenomenon61)
16.204: (take_image satellite1 planet89 instrument4 infrared4)
15.506: (turn_to satellite1 planet72 planet89)
14.909: (take_image satellite1 planet72 instrument4 infrared4)
14.208: (turn_to satellite1 phenomenon96 planet72)
13.603: (take_image satellite1 phenomenon96 instrument4 infrared4)
12.935: (turn_to satellite1 phenomenon61 phenomenon96)
12.966: (turn_to satellite1 planet90 phenomenon61)
12.295: (take_image satellite1 planet90 instrument4 infrared4)
11.653: (turn_to satellite1 phenomenon61 planet90)
11.664: (turn_to satellite1 phenomenon91 phenomenon61)
11.019: (take_image satellite1 phenomenon91 instrument4 infrared4)
10.304: (turn_to satellite1 phenomenon61 phenomenon91)
10.287: (turn_to satellite4 planet88 groundstation18)
10.191: (turn_to satellite4 phenomenon61 planet88)
10.256: (turn_to satellite4 phenomenon68 phenomenon61)
10.290: (turn_to satellite4 star43 phenomenon68)
10.296: (turn_to satellite4 star64 star43)
10.296: (turn_to satellite4 planet60 star64)
10.296: (turn_to satellite4 planet63 planet60)
10.304: (turn_to satellite4 planet72 planet63)
10.304: (turn_to satellite4 phenomenon71 planet72)
10.304: (turn_to satellite4 phenomenon70 phenomenon71)
10.307: (turn_to satellite4 phenomenon73 phenomenon70)
10.307: (turn_to satellite4 star65 phenomenon73)
10.307: (turn_to satellite4 phenomenon67 star65)
10.309: (turn_to satellite4 planet62 phenomenon67)
10.309: (turn_to satellite4 planet66 planet62)
10.309: (turn_to satellite4 planet69 planet66)
10.313: (turn_to satellite4 phenomenon98 planet69)
10.313: (turn_to satellite4 planet97 phenomenon98)
10.327: (turn_to satellite4 star12 planet97)
10.327: (turn_to satellite4 star41 star12)
10.332: (turn_to satellite4 groundstation2 star41)
10.335: (turn_to satellite4 star93 groundstation2)
10.332: (turn_to satellite4 planet86 star93)
10.336: (turn_to satellite4 star75 planet86)
10.336: (turn_to satellite4 phenomenon96 star75)
10.336: (turn_to satellite4 star79 phenomenon96)
10.336: (turn_to satellite4 star80 star79)
10.340: (turn_to satellite4 star51 star80)
10.339: (turn_to satellite4 star84 star51)
10.340: (turn_to satellite4 phenomenon87 star84)
10.309: (turn_to satellite4 planet74 phenomenon87)
10.342: (turn_to satellite4 phenomenon76 planet74)
10.342: (turn_to satellite4 phenomenon78 phenomenon76)
10.342: (turn_to satellite4 phenomenon83 phenomenon78)
10.342: (turn_to satellite4 planet77 phenomenon83)
10.344: (turn_to satellite4 phenomenon99 planet77)
10.344: (turn_to satellite4 star94 phenomenon99)
10.345: (turn_to satellite4 planet95 star94)
10.345: (turn_to satellite4 planet85 planet95)
10.364: (turn_to satellite4 star25 planet85)
10.368: (turn_to satellite4 phenomenon81 star25)
10.371: (turn_to satellite4 planet90 phenomenon81)
10.371: (turn_to satellite4 planet92 planet90)
10.371: (turn_to satellite4 phenomenon91 planet92)
10.376: (turn_to satellite4 groundstation27 phenomenon91)
10.357: (turn_to satellite1 phenomenon83 phenomenon61)
10.273: (turn_to satellite4 planet88 groundstation27)
10.187: (turn_to satellite1 phenomenon76 phenomenon83)
10.212: (take_image satellite1 phenomenon76 instrument4 infrared4)
10.157: (turn_to satellite1 phenomenon61 phenomenon76)
10.195: (turn_to satellite4 phenomenon61 planet88)
10.245: (turn_to satellite4 star43 phenomenon61)
10.252: (turn_to satellite4 phenomenon68 star43)
10.267: (turn_to satellite4 phenomenon96 phenomenon68)
10.285: (turn_to satellite4 planet63 phenomenon96)
10.285: (turn_to satellite4 star64 planet63)
10.286: (turn_to satellite4 planet60 star64)
10.288: (turn_to satellite4 planet72 planet60)
10.288: (turn_to satellite4 phenomenon71 planet72)
10.288: (turn_to satellite4 phenomenon70 phenomenon71)
10.290: (turn_to satellite4 phenomenon76 phenomenon70)
10.306: (turn_to satellite4 phenomenon73 phenomenon76)
10.306: (turn_to satellite4 phenomenon67 phenomenon73)
10.306: (turn_to satellite4 star65 phenomenon67)
10.315: (turn_to satellite4 planet62 star65)
10.315: (turn_to satellite4 planet66 planet62)
10.315: (turn_to satellite4 planet69 planet66)
10.318: (turn_to satellite4 phenomenon98 planet69)
10.318: (turn_to satellite4 planet97 phenomenon98)
10.321: (turn_to satellite4 star12 planet97)
10.321: (turn_to satellite4 star41 star12)
10.336: (turn_to satellite4 star75 star41)
10.334: (turn_to satellite4 phenomenon83 star75)
10.312: (turn_to satellite4 planet92 phenomenon83)
10.336: (turn_to satellite4 star79 planet92)
10.336: (turn_to satellite4 star80 star79)
10.336: (turn_to satellite4 phenomenon87 star80)
10.314: (turn_to satellite4 planet74 phenomenon87)
10.334: (turn_to satellite4 planet86 planet74)
10.337: (turn_to satellite4 planet77 planet86)
10.338: (turn_to satellite4 phenomenon78 planet77)
10.342: (turn_to satellite4 groundstation27 phenomenon78)
10.339: (turn_to satellite4 star93 groundstation27)
10.342: (turn_to satellite4 star23 star93)
10.344: (turn_to satellite4 groundstation2 star23)
10.344: (turn_to satellite4 star24 groundstation2)
10.344: (turn_to satellite4 star54 star24)
10.344: (turn_to satellite4 phenomenon99 star54)
10.344: (turn_to satellite4 star94 phenomenon99)
10.345: (turn_to satellite4 planet95 star94)
10.347: (turn_to satellite4 phenomenon91 planet95)
10.347: (turn_to satellite4 planet90 phenomenon91)
10.347: (turn_to satellite4 phenomenon81 planet90)
10.350: (turn_to satellite4 planet85 phenomenon81)
10.350: (turn_to satellite4 star84 planet85)
10.350: (turn_to satellite4 star42 star84)
10.355: (turn_to satellite4 groundstation48 star42)
10.350: (turn_to satellite3 groundstation48 star43)
10.179: (turn_to satellite4 phenomenon61 groundstation48)
10.212: (turn_to satellite4 planet88 phenomenon61)
10.180: (turn_to satellite1 planet77 phenomenon61)
10.197: (turn_to satellite1 phenomenon78 planet77)
10.197: (turn_to satellite1 phenomenon87 phenomenon78)
10.181: (turn_to satellite1 phenomenon83 phenomenon87)
10.217: (turn_to satellite1 phenomenon76 phenomenon83)
10.269: (turn_to satellite4 groundstation48 planet88)
10.203: (turn_to satellite4 phenomenon61 groundstation48)
10.267: (turn_to satellite1 phenomenon83 phenomenon76)
10.261: (turn_to satellite4 groundstation48 phenomenon61)
10.237: (turn_to satellite1 planet77 phenomenon83)
10.270: (turn_to satellite1 phenomenon87 planet77)
10.215: (turn_to satellite4 phenomenon61 groundstation48)
10.253: (turn_to satellite4 phenomenon68 phenomenon61)
10.288: (turn_to satellite4 phenomenon76 phenomenon68)
10.266: (turn_to satellite1 phenomenon61 phenomenon87)
10.227: (turn_to satellite4 phenomenon68 phenomenon76)
10.270: (turn_to satellite4 planet72 phenomenon68)
10.270: (turn_to satellite4 phenomenon71 planet72)
10.270: (turn_to satellite4 phenomenon70 phenomenon71)
10.272: (turn_to satellite4 phenomenon96 phenomenon70)
10.284: (turn_to satellite4 planet60 phenomenon96)
10.284: (turn_to satellite4 star64 planet60)
10.284: (turn_to satellite4 planet63 star64)
10.288: (turn_to satellite4 planet69 planet63)
10.288: (turn_to satellite4 planet66 planet69)
10.288: (turn_to satellite4 planet62 planet66)
10.293: (turn_to satellite4 star65 planet62)
10.293: (turn_to satellite4 phenomenon67 star65)
10.307: (turn_to satellite4 planet89 phenomenon67)
10.310: (turn_to satellite4 planet92 planet89)
10.310: (turn_to satellite4 planet90 planet92)
10.310: (turn_to satellite4 phenomenon91 planet90)
10.312: (turn_to satellite4 phenomenon87 phenomenon91)
10.287: (turn_to satellite1 phenomenon87 phenomenon61)
10.300: (turn_to satellite1 phenomenon83 phenomenon87)
10.287: (turn_to satellite4 phenomenon83 phenomenon87)
10.250: (turn_to satellite1 phenomenon61 phenomenon83)
10.293: (turn_to satellite4 phenomenon73 phenomenon83)
10.312: (turn_to satellite4 phenomenon81 phenomenon73)
10.314: (turn_to satellite4 star19 phenomenon81)
10.314: (turn_to satellite4 groundstation58 star19)
10.314: (turn_to satellite4 star52 groundstation58)
10.314: (turn_to satellite4 groundstation4 star52)
10.314: (turn_to satellite4 groundstation31 groundstation4)
10.314: (turn_to satellite4 groundstation13 groundstation31)
10.315: (turn_to satellite4 planet77 groundstation13)
10.281: (turn_to satellite1 planet77 phenomenon61)
10.289: (turn_to satellite4 phenomenon61 planet77)
10.267: (turn_to satellite1 phenomenon78 planet77)
10.261: (turn_to satellite4 groundstation48 phenomenon61)
10.281: (turn_to satellite4 phenomenon78 groundstation48)
10.250: (turn_to satellite1 phenomenon61 phenomenon78)
10.300: (turn_to satellite1 phenomenon87 phenomenon61)
10.299: (turn_to satellite1 phenomenon83 phenomenon87)
10.299: (turn_to satellite4 phenomenon76 phenomenon78)
10.288: (turn_to satellite1 planet77 phenomenon83)
10.289: (turn_to satellite1 phenomenon78 planet77)
10.300: (turn_to satellite4 phenomenon83 phenomenon76)
10.300: (turn_to satellite4 phenomenon87 phenomenon83)
10.300: (turn_to satellite4 phenomenon68 phenomenon87)
10.303: (turn_to satellite4 planet77 phenomenon68)
10.323: (turn_to satellite1 phenomenon83 phenomenon78)
10.300: (turn_to satellite4 phenomenon68 planet77)
10.315: (turn_to satellite1 planet77 phenomenon83)
10.300: (turn_to satellite4 phenomenon83 phenomenon68)
10.300: (turn_to satellite4 phenomenon87 phenomenon83)
10.303: (turn_to satellite4 phenomenon78 phenomenon87)
10.324: (turn_to satellite4 star80 phenomenon78)
10.293: (turn_to satellite1 phenomenon61 planet77)
10.319: (turn_to satellite4 star84 star80)
10.319: (turn_to satellite4 planet85 star84)
10.320: (turn_to satellite4 star93 planet85)
10.320: (turn_to satellite4 planet86 star93)
10.322: (turn_to satellite4 star75 planet86)
10.322: (turn_to satellite4 star79 star75)
10.324: (turn_to satellite4 planet74 star79)
10.331: (turn_to satellite4 star43 planet74)
10.328: (turn_to satellite3 planet88 groundstation48)
10.199: (turn_to satellite3 phenomenon61 planet88)
10.223: (turn_to satellite3 phenomenon68 phenomenon61)
10.265: (turn_to satellite3 phenomenon76 phenomenon68)
10.191: (switch_on instrument10 satellite3)
10.085: (turn_to satellite3 phenomenon78 phenomenon76)
10.085: (turn_to satellite3 planet77 phenomenon78)
10.085: (turn_to satellite3 phenomenon83 planet77)
10.085: (turn_to satellite3 phenomenon87 phenomenon83)
10.165: (turn_to satellite4 groundstation45 star43)
10.115: (turn_to satellite4 groundstation48 groundstation45)
10.049: (turn_to satellite3 phenomenon76 phenomenon87)
10.063: (turn_to satellite3 planet77 phenomenon76)
10.063: (turn_to satellite3 phenomenon78 planet77)
10.063: (turn_to satellite3 phenomenon83 phenomenon78)
10.179: (turn_to satellite4 groundstation45 groundstation48)
10.170: (turn_to satellite3 phenomenon76 phenomenon83)
10.176: (turn_to satellite3 planet77 phenomenon76)
10.176: (turn_to satellite3 phenomenon78 planet77)
10.298: (turn_to satellite4 star42 groundstation45)
10.292: (turn_to satellite3 planet77 phenomenon78)
10.292: (turn_to satellite3 phenomenon83 planet77)
10.292: (turn_to satellite3 phenomenon87 phenomenon83)
10.319: (turn_to satellite3 phenomenon76 phenomenon87)
10.309: (turn_to satellite4 star40 star42)
10.323: (turn_to satellite3 phenomenon87 phenomenon76)
10.323: (turn_to satellite3 phenomenon83 phenomenon87)
10.327: (turn_to satellite3 planet77 phenomenon83)
10.331: (turn_to satellite3 phenomenon78 planet77)
10.351: (turn_to satellite3 groundstation18 phenomenon78)
10.172: (calibrate satellite3 instrument10 groundstation18)
9.143: (turn_to satellite3 phenomenon76 groundstation18)
9.195: (take_image satellite3 phenomenon76 instrument10 infrared2)
9.243: (turn_to satellite3 planet77 phenomenon76)
9.232: (take_image satellite3 planet77 instrument10 infrared2)
9.245: (turn_to satellite3 phenomenon87 planet77)
9.228: (take_image satellite3 phenomenon87 instrument10 infrared2)
9.256: (turn_to satellite3 phenomenon78 phenomenon87)
9.216: (take_image satellite3 phenomenon78 instrument10 infrared2)
9.253: (turn_to satellite3 phenomenon87 phenomenon78)
9.273: (turn_to satellite3 phenomenon76 phenomenon87)
9.266: (take_image satellite3 phenomenon76 instrument10 infrared1)
9.298: (turn_to satellite3 phenomenon87 phenomenon76)
9.299: (turn_to satellite3 phenomenon78 phenomenon87)
9.301: (turn_to satellite3 planet77 phenomenon78)
9.304: (take_image satellite3 planet77 instrument10 infrared1)
9.296: (turn_to satellite3 phenomenon87 planet77)
9.315: (turn_to satellite3 phenomenon78 phenomenon87)
9.328: (take_image satellite3 phenomenon78 instrument10 infrared1)
9.315: (turn_to satellite3 phenomenon87 phenomenon78)
9.352: (take_image satellite3 phenomenon87 instrument10 infrared1)
9.376: (turn_to satellite3 phenomenon83 phenomenon87)
9.327: (take_image satellite3 phenomenon83 instrument10 infrared2)
9.391: (take_image satellite3 phenomenon83 instrument10 infrared1)
9.429: (turn_to satellite3 phenomenon87 phenomenon83)
9.449: (turn_to satellite3 phenomenon78 phenomenon87)
9.453: (turn_to satellite3 phenomenon76 phenomenon78)
9.457: (turn_to satellite3 planet77 phenomenon76)
9.489: (turn_to satellite4 groundstation45 star40)
9.490: (turn_to satellite3 phenomenon87 planet77)
9.491: (turn_to satellite4 groundstation48 groundstation45)
9.460: (turn_to satellite3 phenomenon76 phenomenon87)
9.469: (turn_to satellite3 phenomenon78 phenomenon76)
9.469: (turn_to satellite3 phenomenon83 phenomenon78)
9.469: (turn_to satellite3 planet77 phenomenon83)
9.631: (take_image satellite2 phenomenon68 instrument5 infrared2)
9.487: (turn_to satellite4 star40 groundstation48)
9.449: (turn_to satellite3 phenomenon87 planet77)
9.462: (turn_to satellite3 phenomenon83 phenomenon87)
9.464: (turn_to satellite3 phenomenon78 phenomenon83)
9.475: (turn_to satellite3 phenomenon76 phenomenon78)
9.546: (turn_to satellite4 groundstation45 star40)
9.503: (turn_to satellite3 phenomenon87 phenomenon76)
9.503: (turn_to satellite3 phenomenon78 phenomenon87)
9.506: (turn_to satellite3 phenomenon83 phenomenon78)
9.513: (turn_to satellite3 planet77 phenomenon83)
9.583: (turn_to satellite4 star43 groundstation45)
9.491: (turn_to satellite3 phenomenon76 planet77)
9.506: (turn_to satellite3 phenomenon78 phenomenon76)
9.506: (turn_to satellite3 phenomenon83 phenomenon78)
9.510: (turn_to satellite3 phenomenon87 phenomenon83)
9.622: (take_image satellite2 phenomenon68 instrument5 infrared1)
9.513: (turn_to satellite4 star40 star43)
9.492: (turn_to satellite3 phenomenon83 phenomenon87)
9.493: (turn_to satellite3 phenomenon78 phenomenon83)
9.499: (turn_to satellite3 planet77 phenomenon78)
9.500: (turn_to satellite3 phenomenon76 planet77)
9.567: (turn_to satellite4 groundstation48 star40)
9.528: (turn_to satellite3 planet77 phenomenon76)
9.528: (turn_to satellite3 phenomenon78 planet77)
9.528: (turn_to satellite3 phenomenon83 phenomenon78)
9.529: (turn_to satellite3 phenomenon87 phenomenon83)
9.559: (turn_to satellite4 groundstation45 groundstation48)
9.536: (turn_to satellite3 phenomenon78 phenomenon87)
9.536: (turn_to satellite3 phenomenon83 phenomenon78)
9.543: (turn_to satellite3 planet77 phenomenon83)
9.584: (turn_to satellite3 phenomenon76 planet77)
9.596: (turn_to satellite4 star43 groundstation45)
9.533: (turn_to satellite3 phenomenon83 phenomenon76)
9.533: (turn_to satellite3 phenomenon78 phenomenon83)
9.533: (turn_to satellite3 planet77 phenomenon78)
9.651: (take_image satellite2 phenomenon68 instrument5 thermograph0)
9.517: (turn_to satellite4 star40 star43)
9.481: (turn_to satellite3 phenomenon87 planet77)
9.492: (turn_to satellite3 phenomenon83 phenomenon87)
9.494: (turn_to satellite3 phenomenon78 phenomenon83)
9.503: (turn_to satellite3 phenomenon76 phenomenon78)
9.579: (turn_to satellite4 groundstation48 star40)
9.556: (turn_to satellite3 planet77 phenomenon76)
9.556: (turn_to satellite3 phenomenon83 planet77)
9.556: (turn_to satellite3 phenomenon78 phenomenon83)
9.557: (turn_to satellite3 phenomenon87 phenomenon78)
9.572: (turn_to satellite4 groundstation45 groundstation48)
9.545: (turn_to satellite3 phenomenon78 phenomenon87)
9.547: (turn_to satellite3 phenomenon83 phenomenon78)
9.553: (turn_to satellite3 planet77 phenomenon83)
9.594: (turn_to satellite3 phenomenon76 planet77)
9.596: (turn_to satellite4 star43 groundstation45)
9.544: (turn_to satellite3 phenomenon78 phenomenon76)
9.544: (turn_to satellite3 phenomenon83 phenomenon78)
9.549: (turn_to satellite3 phenomenon87 phenomenon83)
9.701: (turn_to satellite2 planet77 phenomenon68)
8.780: (take_image satellite2 planet77 instrument5 thermograph0)
8.109: (turn_to satellite2 phenomenon68 planet77)
8.183: (turn_to satellite4 star40 star43)
8.163: (turn_to satellite3 phenomenon78 phenomenon87)
8.163: (turn_to satellite3 phenomenon83 phenomenon78)
8.164: (turn_to satellite3 phenomenon76 phenomenon83)
8.240: (turn_to satellite4 groundstation45 star40)
8.216: (turn_to satellite3 phenomenon78 phenomenon76)
8.211: (turn_to satellite3 phenomenon87 phenomenon78)
8.216: (turn_to satellite3 phenomenon83 phenomenon87)
8.238: (turn_to satellite4 groundstation48 groundstation45)
8.207: (turn_to satellite3 phenomenon76 phenomenon83)
8.213: (turn_to satellite3 phenomenon78 phenomenon76)
8.214: (turn_to satellite3 phenomenon87 phenomenon78)
8.420: (turn_to satellite2 phenomenon78 phenomenon68)
7.691: (take_image satellite2 phenomenon78 instrument5 thermograph0)
6.989: (turn_to satellite2 phenomenon68 phenomenon78)
7.037: (turn_to satellite4 star40 groundstation48)
7.015: (turn_to satellite3 phenomenon76 phenomenon87)
7.017: (turn_to satellite3 phenomenon83 phenomenon76)
7.056: (turn_to satellite4 star43 star40)
6.973: (turn_to satellite3 phenomenon76 phenomenon83)
6.993: (turn_to satellite3 phenomenon87 phenomenon76)
7.084: (turn_to satellite4 groundstation45 star43)
7.066: (turn_to satellite3 phenomenon83 phenomenon87)
7.090: (turn_to satellite4 groundstation48 groundstation45)
7.048: (turn_to satellite3 phenomenon76 phenomenon83)
7.127: (turn_to satellite4 groundstation45 groundstation48)
7.257: (turn_to satellite4 star6 groundstation45)
7.221: (turn_to satellite3 phenomenon87 phenomenon76)
7.221: (turn_to satellite3 phenomenon83 phenomenon87)
7.228: (turn_to satellite4 phenomenon61 star6)
7.265: (turn_to satellite4 star42 phenomenon61)
7.288: (turn_to satellite3 phenomenon87 phenomenon83)
7.300: (turn_to satellite3 phenomenon76 phenomenon87)
7.355: (turn_to satellite4 planet88 star42)
7.241: (turn_to satellite3 phenomenon83 phenomenon76)
7.241: (turn_to satellite3 phenomenon87 phenomenon83)
7.362: (turn_to satellite4 phenomenon68 planet88)
7.312: (turn_to satellite3 phenomenon83 phenomenon87)
7.339: (turn_to satellite3 phenomenon76 phenomenon83)
7.375: (turn_to satellite4 star9 phenomenon68)
7.281: (turn_to satellite4 phenomenon61 star9)
7.312: (turn_to satellite3 phenomenon87 phenomenon76)
7.363: (turn_to satellite4 phenomenon87 phenomenon61)
7.339: (turn_to satellite3 phenomenon83 phenomenon87)
7.363: (turn_to satellite4 phenomenon83 phenomenon87)
7.339: (turn_to satellite3 phenomenon87 phenomenon83)
7.366: (turn_to satellite3 phenomenon76 phenomenon87)
7.392: (turn_to satellite4 star24 phenomenon83)
7.241: (turn_to satellite3 phenomenon83 phenomenon76)
7.243: (turn_to satellite3 phenomenon87 phenomenon83)
7.369: (turn_to satellite4 star9 star24)
7.307: (turn_to satellite4 phenomenon67 star9)
7.376: (turn_to satellite4 star51 phenomenon67)
7.273: (turn_to satellite3 phenomenon76 phenomenon87)
7.286: (turn_to satellite3 phenomenon83 phenomenon76)
7.368: (turn_to satellite4 star9 star51)
7.307: (turn_to satellite4 phenomenon67 star9)
7.399: (turn_to satellite4 star54 phenomenon67)
7.227: (turn_to satellite3 phenomenon76 phenomenon83)
7.243: (turn_to satellite3 phenomenon87 phenomenon76)
7.403: (turn_to satellite4 groundstation18 star54)
7.346: (turn_to satellite3 phenomenon83 phenomenon87)
7.382: (turn_to satellite3 phenomenon76 phenomenon83)
7.470: (turn_to satellite1 phenomenon83 phenomenon61)
7.147: (turn_to satellite4 star43 groundstation18)
6.886: (turn_to satellite3 phenomenon61 phenomenon76)
6.379: (take_image satellite3 phenomenon61 instrument10 infrared1)
5.576: (turn_to satellite3 phenomenon76 phenomenon61)
5.583: (turn_to satellite3 phenomenon87 phenomenon76)
5.653: (turn_to satellite1 phenomenon76 phenomenon83)
5.580: (turn_to satellite3 phenomenon83 phenomenon87)
5.653: (turn_to satellite2 phenomenon87 phenomenon68)
5.019: (take_image satellite2 phenomenon87 instrument5 thermograph0)
4.329: (turn_to satellite2 phenomenon68 phenomenon87)
4.620: (take_image satellite1 phenomenon76 instrument4 image3)
4.694: (turn_to satellite4 star40 star43)
4.583: (turn_to satellite4 groundstation48 star40)
4.664: (turn_to satellite4 groundstation45 groundstation48)
4.798: (turn_to satellite4 star51 groundstation45)
4.779: (turn_to satellite4 star24 star51)
4.822: (turn_to satellite4 star9 star24)
4.823: (turn_to satellite4 star54 star9)
4.858: (turn_to satellite4 star42 star54)
4.865: (turn_to satellite4 star21 star42)
4.834: (turn_to satellite4 groundstation2 star21)
4.784: (turn_to satellite4 star6 groundstation2)
4.839: (turn_to satellite4 star23 star6)
4.868: (turn_to satellite4 groundstation27 star23)
4.793: (turn_to satellite4 planet88 groundstation27)
4.827: (turn_to satellite4 groundstation18 planet88)
4.843: (turn_to satellite4 phenomenon76 groundstation18)
4.863: (turn_to satellite4 phenomenon83 phenomenon76)
4.863: (turn_to satellite4 phenomenon68 phenomenon83)
4.864: (turn_to satellite4 groundstation34 phenomenon68)
4.851: (turn_to satellite4 groundstation39 groundstation34)
4.876: (turn_to satellite4 groundstation8 groundstation39)
4.891: (turn_to satellite4 groundstation17 groundstation8)
4.903: (turn_to satellite4 groundstation44 groundstation17)
4.907: (turn_to satellite4 phenomenon67 groundstation44)
4.885: (turn_to satellite4 phenomenon73 phenomenon67)
4.888: (turn_to satellite4 star65 phenomenon73)
4.896: (turn_to satellite4 groundstation26 star65)
4.913: (turn_to satellite4 groundstation11 groundstation26)
4.921: (turn_to satellite4 phenomenon71 groundstation11)
4.900: (turn_to satellite4 star75 phenomenon71)
4.905: (turn_to satellite4 star80 star75)
4.905: (turn_to satellite4 star79 star80)
4.907: (turn_to satellite4 planet95 star79)
4.907: (turn_to satellite4 star93 planet95)
4.907: (turn_to satellite4 planet86 star93)
4.917: (turn_to satellite4 phenomenon70 planet86)
4.917: (turn_to satellite4 planet72 phenomenon70)
4.918: (turn_to satellite4 planet63 planet72)
4.918: (turn_to satellite4 planet60 planet63)
4.918: (turn_to satellite4 star64 planet60)
4.929: (turn_to satellite4 planet89 star64)
4.919: (turn_to satellite4 groundstation47 planet89)
4.947: (turn_to satellite4 phenomenon61 groundstation47)
4.932: (turn_to satellite4 planet92 phenomenon61)
4.932: (turn_to satellite4 phenomenon96 planet92)
4.933: (turn_to satellite4 planet90 phenomenon96)
4.933: (turn_to satellite4 phenomenon91 planet90)
4.937: (turn_to satellite4 phenomenon81 phenomenon91)
4.951: (turn_to satellite4 star3 phenomenon81)
4.983: (turn_to satellite4 phenomenon98 star3)
4.960: (turn_to satellite4 star19 phenomenon98)
4.960: (turn_to satellite4 groundstation4 star19)
4.970: (turn_to satellite4 groundstation13 groundstation4)
4.998: (turn_to satellite4 groundstation58 groundstation13)
4.998: (turn_to satellite4 groundstation31 groundstation58)
4.998: (turn_to satellite4 star52 groundstation31)
5.037: (turn_to satellite4 phenomenon82 star52)
4.989: (turn_to satellite4 planet62 phenomenon82)
4.970: (turn_to satellite4 planet66 planet62)
4.972: (turn_to satellite4 planet74 planet66)
4.972: (turn_to satellite4 planet69 planet74)
4.976: (turn_to satellite4 phenomenon87 planet69)
4.977: (turn_to satellite4 phenomenon78 phenomenon87)
4.977: (turn_to satellite4 planet77 phenomenon78)
4.986: (turn_to satellite4 phenomenon99 planet77)
4.986: (turn_to satellite4 star94 phenomenon99)
4.991: (turn_to satellite4 planet97 star94)
4.994: (turn_to satellite4 star84 planet97)
4.994: (turn_to satellite4 planet85 star84)
5.038: (turn_to satellite4 star38 planet85)
5.067: (turn_to satellite4 star14 star38)
5.079: (turn_to satellite4 star22 star14)
5.086: (turn_to satellite4 star41 star22)
5.072: (turn_to satellite4 star37 star41)
5.086: (turn_to satellite4 star12 star37)
5.087: (turn_to satellite4 star59 star12)
5.100: (turn_to satellite4 groundstation49 star59)
5.144: (turn_to satellite4 star15 groundstation49)
5.146: (turn_to satellite4 star50 star15)
5.146: (turn_to satellite4 star53 star50)
5.016: (turn_to satellite4 star0 star53)
5.146: (turn_to satellite4 groundstation57 star0)
5.158: (turn_to satellite4 star16 groundstation57)
5.158: (turn_to satellite4 star29 star16)
5.158: (turn_to satellite4 star5 star29)
5.170: (turn_to satellite4 groundstation35 star5)
5.184: (turn_to satellite4 star25 groundstation35)
5.103: (turn_to satellite4 star33 star25)
5.184: (turn_to satellite4 star56 star33)
5.196: (turn_to satellite4 star30 star56)
5.214: (turn_to satellite4 star55 star30)
5.220: (turn_to satellite4 groundstation7 star55)
5.221: (turn_to satellite4 star28 groundstation7)
5.226: (turn_to satellite4 star1 star28)
5.250: (turn_to satellite4 star10 star1)
5.260: (turn_to satellite4 star46 star10)
5.310: (turn_to satellite4 groundstation32 star46)
5.313: (turn_to satellite4 groundstation20 groundstation32)
5.428: (turn_to satellite4 star36 groundstation20)
5.419: (switch_off instrument3 satellite0)
4.700: (turn_to satellite4 star40 star36)
4.599: (switch_on instrument2 satellite0)
4.520: (turn_to satellite4 star43 star40)
4.679: (turn_to satellite4 groundstation48 star43)
4.645: (turn_to satellite4 groundstation45 groundstation48)
4.657: (turn_to satellite4 star9 groundstation45)
4.722: (turn_to satellite4 star24 star9)
4.739: (turn_to satellite4 star54 star24)
4.795: (turn_to satellite4 planet88 star54)
4.769: (turn_to satellite4 star6 planet88)
4.773: (turn_to satellite4 groundstation44 star6)
4.778: (turn_to satellite4 groundstation27 groundstation44)
4.797: (turn_to satellite4 star21 groundstation27)
4.778: (turn_to satellite4 star23 star21)
4.788: (turn_to satellite4 groundstation8 star23)
4.779: (turn_to satellite4 star42 groundstation8)
4.797: (turn_to satellite4 star51 star42)
4.802: (turn_to satellite4 groundstation34 star51)
4.809: (turn_to satellite4 groundstation17 groundstation34)
4.825: (turn_to satellite4 phenomenon67 groundstation17)
4.818: (turn_to satellite4 groundstation18 phenomenon67)
4.819: (turn_to satellite4 phenomenon76 groundstation18)
4.829: (turn_to satellite4 phenomenon68 phenomenon76)
4.840: (turn_to satellite4 phenomenon83 phenomenon68)
4.842: (turn_to satellite4 groundstation26 phenomenon83)
4.824: (turn_to satellite4 star65 groundstation26)
4.854: (turn_to satellite4 phenomenon73 star65)
4.864: (turn_to satellite4 star75 phenomenon73)
4.866: (turn_to satellite4 phenomenon70 star75)
4.866: (turn_to satellite4 planet72 phenomenon70)
4.866: (turn_to satellite4 phenomenon71 planet72)
4.873: (turn_to satellite4 star93 phenomenon71)
4.873: (turn_to satellite4 planet95 star93)
4.874: (turn_to satellite4 star80 planet95)
4.874: (turn_to satellite4 star79 star80)
4.874: (turn_to satellite4 planet86 star79)
4.878: (turn_to satellite4 phenomenon91 planet86)
4.878: (turn_to satellite4 planet92 phenomenon91)
4.878: (turn_to satellite4 phenomenon96 planet92)
4.879: (turn_to satellite4 planet89 phenomenon96)
4.854: (turn_to satellite4 groundstation47 planet89)
4.838: (turn_to satellite4 groundstation2 groundstation47)
4.879: (turn_to satellite4 planet90 groundstation2)
4.885: (turn_to satellite4 phenomenon81 planet90)
4.917: (turn_to satellite4 planet63 phenomenon81)
4.917: (turn_to satellite4 star64 planet63)
4.921: (turn_to satellite4 planet60 star64)
4.930: (turn_to satellite4 phenomenon99 planet60)
4.930: (turn_to satellite4 star94 phenomenon99)
4.933: (turn_to satellite4 groundstation39 star94)
4.864: (turn_to satellite4 phenomenon61 groundstation39)
4.934: (turn_to satellite4 phenomenon82 phenomenon61)
4.878: (turn_to satellite4 groundstation11 phenomenon82)
4.901: (turn_to satellite4 planet66 groundstation11)
4.936: (turn_to satellite4 star3 planet66)
4.901: (turn_to satellite4 planet69 star3)
4.938: (turn_to satellite4 planet62 planet69)
4.942: (turn_to satellite4 planet74 planet62)
4.947: (turn_to satellite4 phenomenon87 planet74)
4.948: (turn_to satellite4 phenomenon78 phenomenon87)
4.948: (turn_to satellite4 planet77 phenomenon78)
4.960: (turn_to satellite4 phenomenon98 planet77)
4.960: (turn_to satellite4 planet97 phenomenon98)
4.961: (turn_to satellite4 groundstation58 planet97)
4.932: (turn_to satellite4 groundstation4 groundstation58)
4.932: (turn_to satellite4 groundstation13 groundstation4)
4.940: (turn_to satellite4 star19 groundstation13)
4.943: (turn_to satellite4 groundstation31 star19)
4.943: (turn_to satellite4 star52 groundstation31)
4.956: (turn_to satellite4 star84 star52)
4.962: (turn_to satellite4 planet85 star84)
5.007: (switch_on instrument11 satellite4)
4.757: (turn_to satellite4 star43 planet85)
4.867: (turn_to satellite4 star40 star43)
4.860: (turn_to satellite4 groundstation45 star40)
4.862: (turn_to satellite4 groundstation48 groundstation45)
4.974: (turn_to satellite4 star54 groundstation48)
4.976: (turn_to satellite4 star24 star54)
4.983: (turn_to satellite4 star9 star24)
5.006: (turn_to satellite4 planet88 star9)
4.990: (turn_to satellite4 star6 planet88)
4.996: (turn_to satellite4 phenomenon70 star6)
5.019: (turn_to satellite4 phenomenon68 phenomenon70)
5.022: (turn_to satellite4 phenomenon83 phenomenon68)
5.027: (turn_to satellite4 phenomenon76 phenomenon83)
5.030: (turn_to satellite4 star21 phenomenon76)
5.012: (turn_to satellite4 star65 star21)
5.046: (turn_to satellite4 groundstation18 star65)
5.046: (turn_to satellite4 phenomenon71 groundstation18)
5.046: (turn_to satellite4 planet72 phenomenon71)
5.047: (turn_to satellite4 star23 planet72)
5.045: (turn_to satellite4 star42 star23)
5.065: (turn_to satellite4 phenomenon91 star42)
5.047: (turn_to satellite4 groundstation27 phenomenon91)
5.049: (turn_to satellite4 planet89 groundstation27)
5.065: (turn_to satellite4 phenomenon81 planet89)
5.051: (turn_to satellite4 phenomenon96 phenomenon81)
5.052: (turn_to satellite4 planet92 phenomenon96)
5.052: (turn_to satellite4 planet90 planet92)
5.057: (turn_to satellite4 phenomenon73 planet90)
5.057: (turn_to satellite4 groundstation34 phenomenon73)
5.012: (turn_to satellite4 phenomenon67 groundstation34)
5.060: (turn_to satellite4 groundstation44 phenomenon67)
5.035: (turn_to satellite4 planet63 groundstation44)
5.065: (turn_to satellite4 star75 planet63)
5.065: (turn_to satellite4 star79 star75)
5.065: (turn_to satellite4 star80 star79)
5.066: (turn_to satellite4 star93 star80)
5.066: (turn_to satellite4 planet95 star93)
5.067: (turn_to satellite4 planet86 planet95)
5.068: (turn_to satellite4 phenomenon99 planet86)
5.069: (turn_to satellite4 star94 phenomenon99)
5.070: (turn_to satellite4 phenomenon82 star94)
5.035: (turn_to satellite4 planet60 phenomenon82)
5.077: (turn_to satellite4 planet69 planet60)
5.080: (turn_to satellite4 planet66 planet69)
5.082: (turn_to satellite4 planet62 planet66)
5.086: (turn_to satellite4 phenomenon87 planet62)
5.089: (turn_to satellite4 star64 phenomenon87)
5.090: (turn_to satellite4 planet77 star64)
5.090: (turn_to satellite4 phenomenon78 planet77)
5.091: (turn_to satellite4 phenomenon98 phenomenon78)
5.091: (turn_to satellite4 planet97 phenomenon98)
5.093: (turn_to satellite4 star84 planet97)
5.095: (turn_to satellite4 planet74 star84)
5.100: (turn_to satellite4 groundstation26 planet74)
5.055: (turn_to satellite4 phenomenon61 groundstation26)
5.119: (turn_to satellite4 star51 phenomenon61)
5.123: (turn_to satellite4 groundstation4 star51)
5.097: (turn_to satellite4 groundstation13 groundstation4)
5.128: (turn_to satellite4 star19 groundstation13)
5.131: (turn_to satellite4 groundstation31 star19)
5.131: (turn_to satellite4 groundstation58 groundstation31)
5.131: (turn_to satellite4 star52 groundstation58)
5.164: (turn_to satellite4 groundstation8 star52)
5.217: (turn_to satellite4 groundstation47 groundstation8)
5.237: (turn_to satellite4 star3 groundstation47)
5.259: (turn_to satellite4 star41 star3)
4.544: (calibrate satellite4 instrument11 star41)
4.204: (turn_to satellite4 planet88 star41)
4.184: (switch_off instrument2 satellite0)
4.133: (switch_on instrument3 satellite0)
4.247: (take_image satellite4 planet88 instrument11 infrared1)
4.189: (switch_off instrument3 satellite0)
4.118: (switch_on instrument2 satellite0)
4.248: (turn_to satellite4 star43 planet88)
4.084: (take_image satellite4 star43 instrument11 infrared1)
4.225: (turn_to satellite4 planet88 star43)
4.170: (switch_off instrument2 satellite0)
4.134: (switch_on instrument3 satellite0)
4.300: (turn_to satellite4 star43 planet88)
4.317: (turn_to satellite4 phenomenon68 star43)
4.270: (turn_to satellite2 star43 phenomenon68)
4.063: (take_image satellite2 star43 instrument5 thermograph0)
4.204: (take_image satellite2 star43 instrument5 infrared2)
4.278: (turn_to satellite2 groundstation2 star43)
4.293: (turn_to satellite2 planet88 groundstation2)
3.645: (take_image satellite2 planet88 instrument5 thermograph0)
3.415: (turn_to satellite2 star43 planet88)
3.457: (turn_to satellite2 phenomenon83 star43)
3.238: (take_image satellite2 phenomenon83 instrument5 thermograph0)
2.955: (turn_to satellite2 star43 phenomenon83)
2.741: (turn_to satellite3 phenomenon68 phenomenon83)
2.731: (turn_to satellite4 phenomenon76 phenomenon68)
2.708: (turn_to satellite1 phenomenon68 phenomenon76)
2.242: (take_image satellite1 phenomenon68 instrument4 image3)
1.943: (turn_to satellite3 phenomenon76 phenomenon68)
1.652: (turn_to satellite1 phenomenon76 phenomenon68)
1.522: (turn_to satellite2 phenomenon76 star43)
1.563: (turn_to satellite2 planet66 phenomenon76)
1.756: (turn_to satellite2 star24 planet66)
1.563: (turn_to satellite2 planet62 star24)
1.769: (turn_to satellite2 star54 planet62)
1.597: (turn_to satellite2 planet74 star54)
1.808: (turn_to satellite2 phenomenon78 planet74)
1.563: (turn_to satellite2 planet69 phenomenon78)
1.808: (turn_to satellite2 phenomenon87 planet69)
1.575: (turn_to satellite2 phenomenon70 phenomenon87)
1.808: (turn_to satellite2 phenomenon83 phenomenon70)
1.598: (turn_to satellite2 star84 phenomenon83)
1.809: (turn_to satellite2 planet77 star84)
1.598: (turn_to satellite2 planet85 planet77)
1.812: (turn_to satellite2 planet97 planet85)
1.812: (turn_to satellite2 phenomenon98 planet97)
1.818: (turn_to satellite2 planet88 phenomenon98)
1.608: (turn_to satellite2 phenomenon68 planet88)
1.833: (turn_to satellite2 phenomenon71 phenomenon68)
1.834: (take_image satellite2 phenomenon71 instrument5 infrared2)
1.668: (turn_to satellite2 star43 phenomenon71)
1.521: (turn_to satellite2 phenomenon76 star43)
1.563: (turn_to satellite2 planet66 phenomenon76)
1.756: (turn_to satellite2 star24 planet66)
1.563: (turn_to satellite2 planet62 star24)
1.769: (turn_to satellite2 star54 planet62)
1.597: (turn_to satellite2 planet74 star54)
1.808: (turn_to satellite2 phenomenon87 planet74)
1.563: (turn_to satellite2 planet69 phenomenon87)
1.808: (turn_to satellite2 phenomenon83 planet69)
1.598: (turn_to satellite2 star84 phenomenon83)
1.808: (turn_to satellite2 phenomenon78 star84)
1.575: (turn_to satellite2 phenomenon70 phenomenon78)
1.809: (turn_to satellite2 planet77 phenomenon70)
1.598: (turn_to satellite2 planet85 planet77)
1.812: (turn_to satellite2 planet97 planet85)
1.812: (turn_to satellite2 phenomenon98 planet97)
1.819: (turn_to satellite2 planet88 phenomenon98)
1.608: (turn_to satellite2 phenomenon68 planet88)
1.833: (turn_to satellite2 star40 phenomenon68)
1.822: (turn_to satellite2 star22 star40)
1.614: (turn_to satellite2 planet60 star22)
1.834: (turn_to satellite2 groundstation39 planet60)
1.614: (turn_to satellite2 planet63 groundstation39)
1.835: (turn_to satellite2 planet89 planet63)
1.832: (take_image satellite2 planet89 instrument5 thermograph0)
1.658: (turn_to satellite2 star43 planet89)
1.511: (turn_to satellite2 phenomenon76 star43)
1.554: (turn_to satellite2 planet62 phenomenon76)
1.747: (turn_to satellite2 star24 planet62)
1.554: (turn_to satellite2 planet66 star24)
1.758: (turn_to satellite2 star54 planet66)
1.588: (turn_to satellite2 planet74 star54)
1.792: (turn_to satellite2 phenomenon87 planet74)
1.554: (turn_to satellite2 planet69 phenomenon87)
1.792: (turn_to satellite2 phenomenon83 planet69)
1.587: (turn_to satellite2 star84 phenomenon83)
1.792: (turn_to satellite2 phenomenon78 star84)
1.570: (turn_to satellite2 phenomenon70 phenomenon78)
1.792: (turn_to satellite2 planet77 phenomenon70)
1.587: (turn_to satellite2 planet85 planet77)
1.798: (turn_to satellite2 phenomenon98 planet85)
1.796: (turn_to satellite2 planet97 phenomenon98)
1.803: (turn_to satellite2 planet88 planet97)
1.599: (turn_to satellite2 phenomenon68 planet88)
1.822: (turn_to satellite2 phenomenon71 phenomenon68)
1.821: (turn_to satellite2 star22 phenomenon71)
1.606: (turn_to satellite2 planet63 star22)
1.823: (turn_to satellite2 groundstation39 planet63)
1.606: (turn_to satellite2 star64 groundstation39)
1.826: (turn_to satellite2 star40 star64)
1.813: (take_image satellite2 star40 instrument5 thermograph0)
1.653: (turn_to satellite2 star43 star40)
1.482: (turn_to satellite2 phenomenon76 star43)
1.521: (turn_to satellite2 planet62 phenomenon76)
1.743: (turn_to satellite2 star24 planet62)
1.521: (turn_to satellite2 planet66 star24)
1.753: (turn_to satellite2 star54 planet66)
1.546: (turn_to satellite2 planet74 star54)
1.806: (turn_to satellite2 planet69 planet74)
1.808: (turn_to satellite2 planet85 planet69)
1.808: (turn_to satellite2 star84 planet85)
1.808: (turn_to satellite2 planet97 star84)
1.809: (turn_to satellite2 phenomenon98 planet97)
1.804: (turn_to satellite2 star22 phenomenon98)
1.567: (turn_to satellite2 phenomenon78 star22)
1.551: (turn_to satellite2 phenomenon70 phenomenon78)
1.810: (turn_to satellite2 groundstation39 phenomenon70)
1.567: (turn_to satellite2 planet77 groundstation39)
1.567: (turn_to satellite2 phenomenon87 planet77)
1.567: (turn_to satellite2 phenomenon68 phenomenon87)
1.815: (turn_to satellite2 phenomenon83 phenomenon68)
1.591: (turn_to satellite2 phenomenon81 phenomenon83)
1.594: (turn_to satellite2 star64 phenomenon81)
1.820: (turn_to satellite2 planet88 star64)
1.595: (turn_to satellite2 planet63 planet88)
1.828: (turn_to satellite2 planet60 planet63)
1.830: (turn_to satellite2 planet72 planet60)
1.829: (take_image satellite2 planet72 instrument5 infrared1)
1.654: (turn_to satellite2 star43 planet72)
1.482: (turn_to satellite2 phenomenon76 star43)
1.520: (turn_to satellite2 planet62 phenomenon76)
1.743: (turn_to satellite2 star24 planet62)
1.521: (turn_to satellite2 planet66 star24)
1.753: (turn_to satellite2 star54 planet66)
1.546: (turn_to satellite2 planet74 star54)
1.806: (turn_to satellite2 planet69 planet74)
1.808: (turn_to satellite2 star84 planet69)
1.808: (turn_to satellite2 planet85 star84)
1.809: (turn_to satellite2 planet97 planet85)
1.809: (turn_to satellite2 phenomenon98 planet97)
1.804: (turn_to satellite2 star22 phenomenon98)
1.567: (turn_to satellite2 planet77 star22)
1.551: (turn_to satellite2 phenomenon70 planet77)
1.811: (turn_to satellite2 star40 phenomenon70)
1.811: (turn_to satellite2 groundstation39 star40)
1.576: (turn_to satellite2 phenomenon78 groundstation39)
1.567: (turn_to satellite2 phenomenon83 phenomenon78)
1.567: (turn_to satellite2 phenomenon68 phenomenon83)
1.815: (turn_to satellite2 phenomenon87 phenomenon68)
1.587: (turn_to satellite2 phenomenon71 phenomenon87)
1.820: (turn_to satellite2 planet88 phenomenon71)
1.592: (turn_to satellite2 phenomenon81 planet88)
1.595: (turn_to satellite2 phenomenon61 phenomenon81)
1.595: (turn_to satellite2 star64 phenomenon61)
1.828: (turn_to satellite2 planet60 star64)
1.831: (turn_to satellite2 planet92 planet60)
1.595: (turn_to satellite2 planet63 planet92)
1.831: (turn_to satellite2 phenomenon96 planet63)
1.828: (take_image satellite2 phenomenon96 instrument5 infrared1)
1.654: (turn_to satellite2 star43 phenomenon96)
1.482: (turn_to satellite2 phenomenon76 star43)
1.520: (turn_to satellite2 planet62 phenomenon76)
1.743: (turn_to satellite2 star24 planet62)
1.521: (turn_to satellite2 planet66 star24)
1.753: (turn_to satellite2 star54 planet66)
1.545: (turn_to satellite2 planet74 star54)
1.806: (turn_to satellite2 planet69 planet74)
1.808: (turn_to satellite2 planet85 planet69)
1.808: (turn_to satellite2 star84 planet85)
1.809: (turn_to satellite2 planet97 star84)
1.809: (turn_to satellite2 phenomenon98 planet97)
1.804: (turn_to satellite2 star22 phenomenon98)
1.567: (turn_to satellite2 planet77 star22)
1.551: (turn_to satellite2 phenomenon70 planet77)
1.811: (turn_to satellite2 star40 phenomenon70)
1.812: (turn_to satellite2 groundstation39 star40)
1.575: (turn_to satellite2 phenomenon78 groundstation39)
1.567: (turn_to satellite2 phenomenon87 phenomenon78)
1.567: (turn_to satellite2 phenomenon83 phenomenon87)
1.567: (turn_to satellite2 phenomenon68 phenomenon83)
1.820: (turn_to satellite2 planet88 phenomenon68)
1.592: (turn_to satellite2 phenomenon81 planet88)
1.595: (turn_to satellite2 phenomenon61 phenomenon81)
1.596: (turn_to satellite2 planet63 phenomenon61)
1.827: (turn_to satellite2 planet72 planet63)
1.828: (turn_to satellite2 planet60 planet72)
1.830: (turn_to satellite2 planet90 planet60)
1.828: (take_image satellite2 planet90 instrument5 infrared1)
1.655: (turn_to satellite2 star43 planet90)
1.483: (turn_to satellite2 phenomenon76 star43)
1.520: (turn_to satellite2 planet62 phenomenon76)
1.743: (turn_to satellite2 star24 planet62)
1.521: (turn_to satellite2 planet66 star24)
1.753: (turn_to satellite2 star54 planet66)
1.546: (turn_to satellite2 planet74 star54)
1.806: (turn_to satellite2 planet69 planet74)
1.808: (turn_to satellite2 planet97 planet69)
1.808: (turn_to satellite2 star84 planet97)
1.808: (turn_to satellite2 planet85 star84)
1.809: (turn_to satellite2 phenomenon98 planet85)
1.804: (turn_to satellite2 star22 phenomenon98)
1.566: (turn_to satellite2 planet77 star22)
1.551: (turn_to satellite2 phenomenon70 planet77)
1.811: (turn_to satellite2 star40 phenomenon70)
1.813: (turn_to satellite2 groundstation39 star40)
1.575: (turn_to satellite2 phenomenon78 groundstation39)
1.566: (turn_to satellite2 phenomenon87 phenomenon78)
1.566: (turn_to satellite2 phenomenon83 phenomenon87)
1.567: (turn_to satellite2 phenomenon68 phenomenon83)
1.820: (turn_to satellite2 planet88 phenomenon68)
1.592: (turn_to satellite2 phenomenon81 planet88)
1.594: (turn_to satellite2 phenomenon61 phenomenon81)
1.597: (turn_to satellite2 planet60 phenomenon61)
1.827: (turn_to satellite2 planet72 planet60)
1.828: (turn_to satellite2 phenomenon96 planet72)
1.830: (turn_to satellite2 planet92 phenomenon96)
1.597: (turn_to satellite2 star64 planet92)
1.830: (turn_to satellite2 phenomenon91 star64)
1.828: (take_image satellite2 phenomenon91 instrument5 infrared1)
1.655: (turn_to satellite2 star43 phenomenon91)
1.483: (turn_to satellite2 phenomenon76 star43)
1.520: (turn_to satellite2 planet62 phenomenon76)
1.743: (turn_to satellite2 star24 planet62)
1.521: (turn_to satellite2 planet66 star24)
1.753: (turn_to satellite2 star54 planet66)
1.546: (turn_to satellite2 planet74 star54)
1.806: (turn_to satellite2 planet69 planet74)
1.808: (turn_to satellite2 planet85 planet69)
1.808: (turn_to satellite2 planet97 planet85)
1.808: (turn_to satellite2 star84 planet97)
1.809: (turn_to satellite2 phenomenon98 star84)
1.804: (turn_to satellite2 star22 phenomenon98)
1.566: (turn_to satellite2 planet77 star22)
1.551: (turn_to satellite2 phenomenon70 planet77)
1.811: (turn_to satellite2 star40 phenomenon70)
1.814: (turn_to satellite2 groundstation39 star40)
1.576: (turn_to satellite2 phenomenon78 groundstation39)
1.566: (turn_to satellite2 phenomenon87 phenomenon78)
1.566: (turn_to satellite2 phenomenon83 phenomenon87)
1.567: (turn_to satellite2 phenomenon68 phenomenon83)
1.820: (turn_to satellite2 planet88 phenomenon68)
1.592: (turn_to satellite2 phenomenon81 planet88)
1.594: (turn_to satellite2 phenomenon61 phenomenon81)
1.598: (turn_to satellite2 star64 phenomenon61)
1.827: (turn_to satellite2 planet72 star64)
1.827: (turn_to satellite2 planet90 planet72)
Failed to find a solution!
