/u/ibrahim.eisawy/Neural-Guided-Search/venv/lib/python3.10/site-packages/pymimir_rgnn/model.py:151: UserWarning: index_reduce() is in beta and the API may change at any time. (Triggered internally at /pytorch/aten/src/ATen/native/cuda/Indexing.cu:1541.)
  max_msg.index_reduce_(0, output_indices, output_messages, reduce='amax', include_self=True)
Torch: 2.12.0+cu130
Using GPU:  NVIDIA L40S
52.333: (switch_on instrument9 satellite3)
48.443: (switch_on instrument1 satellite0)
42.030: (calibrate satellite0 instrument1 groundstation27)
41.437: (turn_to satellite0 star0 groundstation27)
41.131: (turn_to satellite1 groundstation13 phenomenon52)
41.080: (take_image satellite0 star0 instrument1 spectrograph0)
41.070: (turn_to satellite1 star26 groundstation13)
41.063: (take_image satellite0 star0 instrument1 infrared3)
41.056: (take_image satellite0 star0 instrument1 thermograph1)
41.060: (turn_to satellite1 groundstation13 star26)
41.065: (turn_to satellite1 star20 groundstation13)
41.095: (turn_to satellite2 groundstation13 groundstation3)
41.062: (turn_to satellite2 star26 groundstation13)
41.085: (turn_to satellite2 groundstation22 star26)
41.105: (turn_to satellite2 star5 groundstation22)
41.134: (turn_to satellite2 groundstation25 star5)
41.135: (turn_to satellite2 star20 groundstation25)
41.107: (turn_to satellite1 groundstation3 star20)
41.063: (turn_to satellite1 star26 groundstation3)
41.051: (turn_to satellite2 groundstation13 star20)
41.075: (turn_to satellite3 star31 star24)
41.045: (turn_to satellite3 groundstation27 star31)
34.079: (calibrate satellite3 instrument9 groundstation27)
33.147: (turn_to satellite0 planet63 star0)
32.277: (take_image satellite0 planet63 instrument1 infrared3)
31.482: (turn_to satellite0 phenomenon61 planet63)
31.066: (turn_to satellite3 planet42 groundstation27)
30.359: (take_image satellite3 planet42 instrument9 image4)
29.648: (turn_to satellite3 phenomenon41 planet42)
28.288: (take_image satellite3 phenomenon41 instrument9 infrared2)
27.595: (turn_to satellite3 planet40 phenomenon41)
26.978: (take_image satellite3 planet40 instrument9 image4)
26.284: (turn_to satellite3 phenomenon48 planet40)
25.933: (turn_to satellite1 groundstation27 star26)
25.870: (turn_to satellite0 star57 phenomenon61)
25.047: (take_image satellite0 star57 instrument1 thermograph1)
24.290: (turn_to satellite0 star45 star57)
23.181: (take_image satellite0 star45 instrument1 thermograph1)
22.388: (turn_to satellite0 phenomenon62 star45)
22.352: (turn_to satellite2 groundstation39 groundstation13)
22.309: (turn_to satellite0 star47 phenomenon62)
21.500: (take_image satellite0 star47 instrument1 spectrograph0)
20.705: (turn_to satellite0 planet51 star47)
20.075: (take_image satellite0 planet51 instrument1 spectrograph0)
19.383: (turn_to satellite0 planet64 planet51)
19.383: (turn_to satellite0 phenomenon62 planet64)
19.377: (turn_to satellite0 planet43 phenomenon62)
19.383: (turn_to satellite0 phenomenon61 planet43)
19.383: (turn_to satellite0 phenomenon49 phenomenon61)
19.386: (turn_to satellite2 groundstation27 groundstation39)
19.395: (turn_to satellite0 phenomenon60 phenomenon49)
19.387: (turn_to satellite2 groundstation39 groundstation27)
19.390: (turn_to satellite0 planet56 phenomenon60)
19.392: (turn_to satellite0 star44 planet56)
19.392: (turn_to satellite0 phenomenon58 star44)
19.392: (turn_to satellite0 planet55 phenomenon58)
19.392: (turn_to satellite0 planet53 planet55)
19.392: (turn_to satellite0 phenomenon52 planet53)
19.392: (turn_to satellite0 planet50 phenomenon52)
19.399: (turn_to satellite2 groundstation27 groundstation39)
19.409: (turn_to satellite2 groundstation22 groundstation27)
19.412: (turn_to satellite0 phenomenon60 planet50)
19.412: (turn_to satellite0 phenomenon62 phenomenon60)
19.412: (turn_to satellite0 planet64 phenomenon62)
19.413: (turn_to satellite0 phenomenon61 planet64)
19.403: (turn_to satellite0 phenomenon54 phenomenon61)
19.385: (turn_to satellite2 groundstation39 groundstation22)
19.386: (turn_to satellite2 groundstation27 groundstation39)
19.403: (turn_to satellite2 star5 groundstation27)
19.413: (turn_to satellite0 phenomenon62 phenomenon54)
19.413: (turn_to satellite0 planet64 phenomenon62)
19.413: (turn_to satellite0 phenomenon60 planet64)
19.413: (turn_to satellite0 phenomenon61 phenomenon60)
19.407: (turn_to satellite0 star59 phenomenon61)
19.385: (turn_to satellite2 groundstation39 star5)
19.386: (turn_to satellite2 groundstation27 groundstation39)
19.398: (turn_to satellite2 groundstation22 groundstation27)
19.421: (turn_to satellite0 planet56 star59)
19.421: (turn_to satellite2 groundstation27 groundstation22)
19.410: (turn_to satellite0 phenomenon62 planet56)
19.395: (turn_to satellite0 phenomenon61 phenomenon62)
19.384: (turn_to satellite1 groundstation39 groundstation27)
19.384: (turn_to satellite0 phenomenon54 phenomenon61)
19.377: (turn_to satellite0 planet43 phenomenon54)
19.392: (turn_to satellite0 phenomenon49 planet43)
19.394: (turn_to satellite0 star59 phenomenon49)
19.379: (turn_to satellite0 planet46 star59)
19.386: (turn_to satellite1 groundstation27 groundstation39)
19.380: (turn_to satellite2 groundstation39 groundstation27)
19.399: (turn_to satellite2 groundstation22 groundstation39)
19.414: (turn_to satellite2 star5 groundstation22)
19.422: (turn_to satellite0 planet56 planet46)
19.424: (turn_to satellite0 phenomenon58 planet56)
19.421: (turn_to satellite2 groundstation27 star5)
19.409: (turn_to satellite2 groundstation22 groundstation27)
19.423: (turn_to satellite0 star44 phenomenon58)
19.421: (turn_to satellite2 groundstation27 groundstation22)
19.410: (turn_to satellite0 planet64 star44)
19.395: (turn_to satellite0 phenomenon52 planet64)
19.409: (turn_to satellite2 groundstation22 groundstation27)
19.424: (turn_to satellite0 planet55 phenomenon52)
19.421: (turn_to satellite2 groundstation27 groundstation22)
19.418: (turn_to satellite0 planet53 planet55)
19.409: (turn_to satellite2 groundstation22 groundstation27)
19.434: (turn_to satellite2 star5 groundstation22)
19.426: (turn_to satellite0 star44 planet53)
19.426: (turn_to satellite0 planet55 star44)
19.426: (turn_to satellite0 phenomenon52 planet55)
19.426: (turn_to satellite0 planet50 phenomenon52)
19.439: (turn_to satellite0 planet43 planet50)
19.400: (turn_to satellite2 groundstation27 star5)
19.408: (turn_to satellite1 groundstation22 groundstation27)
19.392: (turn_to satellite0 phenomenon54 planet43)
19.399: (turn_to satellite0 star44 phenomenon54)
19.390: (turn_to satellite1 groundstation39 groundstation22)
19.386: (turn_to satellite0 phenomenon52 star44)
19.386: (turn_to satellite0 planet64 phenomenon52)
19.405: (turn_to satellite1 groundstation22 groundstation39)
19.398: (turn_to satellite0 phenomenon49 planet64)
19.404: (turn_to satellite0 star59 phenomenon49)
19.404: (turn_to satellite0 phenomenon61 star59)
19.406: (turn_to satellite0 planet46 phenomenon61)
19.404: (turn_to satellite0 phenomenon62 planet46)
19.392: (turn_to satellite1 groundstation39 groundstation22)
19.410: (turn_to satellite0 planet56 phenomenon62)
19.386: (turn_to satellite0 planet55 planet56)
19.386: (turn_to satellite0 phenomenon58 planet55)
19.386: (turn_to satellite0 planet53 phenomenon58)
19.387: (turn_to satellite0 planet50 planet53)
19.388: (turn_to satellite0 phenomenon60 planet50)
19.405: (turn_to satellite1 groundstation22 groundstation39)
19.405: (turn_to satellite0 planet50 phenomenon60)
19.405: (turn_to satellite0 phenomenon58 planet50)
19.405: (turn_to satellite0 planet56 phenomenon58)
19.405: (turn_to satellite0 phenomenon52 planet56)
19.405: (turn_to satellite0 planet53 phenomenon52)
19.405: (turn_to satellite0 planet55 planet53)
19.422: (turn_to satellite1 star5 groundstation22)
19.404: (turn_to satellite0 planet43 planet55)
19.404: (turn_to satellite0 phenomenon54 planet43)
19.414: (turn_to satellite0 star44 phenomenon54)
19.416: (turn_to satellite0 planet46 star44)
19.422: (turn_to satellite0 phenomenon58 planet46)
19.422: (turn_to satellite0 planet56 phenomenon58)
19.422: (turn_to satellite0 phenomenon61 planet56)
19.413: (turn_to satellite0 star59 phenomenon61)
19.422: (turn_to satellite0 phenomenon62 star59)
19.404: (turn_to satellite0 phenomenon49 phenomenon62)
19.418: (turn_to satellite0 planet64 phenomenon49)
19.435: (turn_to satellite0 phenomenon52 planet64)
19.422: (turn_to satellite0 planet53 phenomenon52)
19.423: (turn_to satellite0 planet50 planet53)
19.423: (turn_to satellite0 phenomenon60 planet50)
19.450: (turn_to satellite1 groundstation13 star5)
19.459: (turn_to satellite1 star30 groundstation13)
19.435: (turn_to satellite0 planet43 phenomenon60)
19.434: (turn_to satellite0 phenomenon54 planet43)
19.446: (turn_to satellite0 planet46 phenomenon54)
19.447: (turn_to satellite0 star44 planet46)
19.450: (turn_to satellite1 groundstation13 star30)
19.467: (turn_to satellite1 groundstation38 groundstation13)
19.437: (turn_to satellite0 planet43 star44)
19.440: (turn_to satellite0 phenomenon54 planet43)
19.443: (turn_to satellite0 planet46 phenomenon54)
19.446: (turn_to satellite0 planet50 planet46)
19.446: (turn_to satellite0 planet56 planet50)
19.446: (turn_to satellite0 planet55 planet56)
19.446: (turn_to satellite0 phenomenon58 planet55)
19.446: (turn_to satellite0 planet53 phenomenon58)
19.447: (turn_to satellite0 phenomenon52 planet53)
19.447: (turn_to satellite0 phenomenon61 phenomenon52)
19.444: (turn_to satellite0 phenomenon49 phenomenon61)
19.446: (turn_to satellite0 star59 phenomenon49)
19.447: (turn_to satellite0 phenomenon60 star59)
19.447: (turn_to satellite0 phenomenon62 phenomenon60)
19.450: (turn_to satellite1 groundstation13 groundstation38)
19.440: (turn_to satellite0 planet43 phenomenon62)
19.450: (turn_to satellite0 planet46 planet43)
19.455: (turn_to satellite1 groundstation25 groundstation13)
19.446: (turn_to satellite0 planet43 planet46)
19.442: (turn_to satellite0 phenomenon49 planet43)
19.442: (turn_to satellite0 phenomenon54 phenomenon49)
19.450: (turn_to satellite0 star44 phenomenon54)
19.450: (turn_to satellite1 groundstation3 groundstation25)
19.474: (turn_to satellite0 phenomenon61 star44)
19.443: (turn_to satellite0 phenomenon54 phenomenon61)
19.467: (turn_to satellite1 groundstation13 groundstation3)
19.474: (turn_to satellite0 phenomenon61 phenomenon54)
19.444: (turn_to satellite0 star59 phenomenon61)
19.446: (turn_to satellite1 star30 groundstation13)
19.455: (turn_to satellite1 groundstation3 star30)
19.455: (turn_to satellite1 groundstation25 groundstation3)
19.470: (turn_to satellite0 planet50 star59)
19.450: (turn_to satellite1 groundstation3 groundstation25)
19.459: (turn_to satellite1 star30 groundstation3)
19.450: (turn_to satellite1 groundstation13 star30)
19.476: (turn_to satellite0 planet64 planet50)
19.450: (turn_to satellite0 phenomenon58 planet64)
19.459: (turn_to satellite1 star30 groundstation13)
19.450: (turn_to satellite1 groundstation3 star30)
19.475: (turn_to satellite1 groundstation25 groundstation3)
19.470: (turn_to satellite0 planet56 phenomenon58)
19.450: (turn_to satellite1 groundstation13 groundstation25)
19.459: (turn_to satellite1 star30 groundstation13)
19.450: (turn_to satellite1 groundstation3 star30)
19.476: (turn_to satellite0 planet64 planet56)
19.440: (turn_to satellite0 planet43 planet64)
19.450: (turn_to satellite0 planet46 planet43)
19.476: (turn_to satellite0 phenomenon62 planet46)
19.450: (turn_to satellite0 phenomenon52 phenomenon62)
19.459: (turn_to satellite1 star30 groundstation3)
19.450: (turn_to satellite1 groundstation13 star30)
19.475: (turn_to satellite1 groundstation25 groundstation13)
19.470: (turn_to satellite0 planet53 phenomenon52)
19.450: (turn_to satellite1 groundstation13 groundstation25)
19.459: (turn_to satellite1 star30 groundstation13)
19.450: (turn_to satellite1 groundstation3 star30)
19.483: (turn_to satellite0 phenomenon60 planet53)
19.475: (turn_to satellite1 groundstation25 groundstation3)
19.470: (turn_to satellite0 planet55 phenomenon60)
19.450: (turn_to satellite1 groundstation13 groundstation25)
19.459: (turn_to satellite1 star30 groundstation13)
19.450: (turn_to satellite1 groundstation3 star30)
19.498: (turn_to satellite1 star34 groundstation3)
19.470: (turn_to satellite1 star26 star34)
19.488: (turn_to satellite0 planet64 planet55)
19.458: (turn_to satellite0 planet43 planet64)
19.468: (turn_to satellite0 planet46 planet43)
19.478: (turn_to satellite1 star34 star26)
19.476: (turn_to satellite0 planet43 planet46)
19.475: (turn_to satellite0 phenomenon54 planet43)
19.474: (turn_to satellite1 star26 star34)
19.488: (turn_to satellite0 phenomenon62 phenomenon54)
19.459: (turn_to satellite1 star30 star26)
19.436: (turn_to satellite0 phenomenon49 phenomenon62)
19.453: (turn_to satellite0 planet64 phenomenon49)
19.451: (turn_to satellite1 groundstation38 star30)
19.470: (turn_to satellite1 groundstation25 groundstation38)
19.458: (turn_to satellite0 phenomenon62 planet64)
19.469: (turn_to satellite0 phenomenon61 phenomenon62)
19.456: (turn_to satellite1 star30 groundstation25)
19.470: (turn_to satellite1 star26 star30)
19.463: (turn_to satellite0 star59 phenomenon61)
19.478: (turn_to satellite1 star34 star26)
19.479: (turn_to satellite1 star20 star34)
19.491: (turn_to satellite1 groundstation14 star20)
19.441: (turn_to satellite2 groundstation33 groundstation27)
19.416: (turn_to satellite0 phenomenon54 star59)
19.419: (turn_to satellite0 phenomenon49 phenomenon54)
19.428: (turn_to satellite0 phenomenon62 phenomenon49)
19.433: (turn_to satellite0 planet56 phenomenon62)
19.434: (turn_to satellite0 planet50 planet56)
19.435: (turn_to satellite0 planet55 planet50)
19.435: (turn_to satellite0 planet53 planet55)
19.435: (turn_to satellite0 phenomenon52 planet53)
19.435: (turn_to satellite2 groundstation17 groundstation33)
19.429: (turn_to satellite0 phenomenon54 phenomenon52)
19.433: (turn_to satellite0 phenomenon49 phenomenon54)
19.438: (turn_to satellite0 star59 phenomenon49)
19.438: (turn_to satellite0 phenomenon62 star59)
19.439: (turn_to satellite0 planet64 phenomenon62)
19.430: (turn_to satellite2 groundstation33 groundstation17)
19.437: (turn_to satellite0 phenomenon58 planet64)
19.435: (turn_to satellite2 groundstation17 groundstation33)
19.444: (turn_to satellite0 planet56 phenomenon58)
19.445: (turn_to satellite0 planet50 planet56)
19.446: (turn_to satellite0 planet55 planet50)
19.446: (turn_to satellite0 planet53 planet55)
19.449: (turn_to satellite0 phenomenon60 planet53)
19.430: (turn_to satellite2 groundstation33 groundstation17)
19.439: (turn_to satellite0 phenomenon61 phenomenon60)
19.435: (turn_to satellite2 groundstation17 groundstation33)
19.446: (turn_to satellite0 planet46 phenomenon61)
19.431: (turn_to satellite2 groundstation33 groundstation17)
19.442: (turn_to satellite0 planet43 planet46)
19.435: (turn_to satellite2 groundstation17 groundstation33)
19.451: (turn_to satellite2 star23 groundstation17)
19.435: (turn_to satellite0 phenomenon54 planet43)
19.437: (turn_to satellite0 phenomenon49 phenomenon54)
19.442: (turn_to satellite0 star59 phenomenon49)
19.446: (turn_to satellite0 phenomenon62 star59)
19.453: (turn_to satellite0 planet64 phenomenon62)
19.455: (turn_to satellite0 planet56 planet64)
19.456: (turn_to satellite0 planet50 planet56)
19.456: (turn_to satellite0 phenomenon52 planet50)
19.456: (turn_to satellite0 planet53 phenomenon52)
19.456: (turn_to satellite0 planet55 planet53)
19.457: (turn_to satellite0 phenomenon58 planet55)
19.458: (turn_to satellite0 phenomenon60 phenomenon58)
19.458: (turn_to satellite0 phenomenon61 phenomenon60)
19.451: (turn_to satellite0 planet46 phenomenon61)
19.462: (turn_to satellite2 groundstation32 star23)
19.444: (turn_to satellite0 phenomenon54 planet46)
19.454: (turn_to satellite0 star59 phenomenon54)
19.453: (turn_to satellite0 phenomenon49 star59)
19.454: (turn_to satellite0 planet56 phenomenon49)
19.456: (turn_to satellite0 planet50 planet56)
19.456: (turn_to satellite0 phenomenon52 planet50)
19.456: (turn_to satellite0 planet53 phenomenon52)
19.456: (turn_to satellite0 planet55 planet53)
19.458: (turn_to satellite0 phenomenon62 planet55)
19.458: (turn_to satellite0 phenomenon61 phenomenon62)
19.461: (turn_to satellite2 star16 groundstation32)
19.450: (turn_to satellite0 phenomenon54 phenomenon61)
19.436: (turn_to satellite0 phenomenon49 phenomenon54)
19.442: (turn_to satellite0 star59 phenomenon49)
19.446: (turn_to satellite0 phenomenon62 star59)
19.453: (turn_to satellite0 planet64 phenomenon62)
19.455: (turn_to satellite0 planet56 planet64)
19.456: (turn_to satellite0 planet50 planet56)
19.456: (turn_to satellite0 phenomenon52 planet50)
19.456: (turn_to satellite0 planet53 phenomenon52)
19.456: (turn_to satellite0 planet55 planet53)
19.457: (turn_to satellite0 phenomenon58 planet55)
19.458: (turn_to satellite0 phenomenon60 phenomenon58)
19.458: (turn_to satellite2 groundstation32 star16)
19.459: (turn_to satellite0 phenomenon58 phenomenon60)
19.467: (turn_to satellite0 planet64 phenomenon58)
19.469: (turn_to satellite0 planet43 planet64)
19.473: (turn_to satellite2 star16 groundstation32)
19.460: (turn_to satellite0 planet46 planet43)
19.473: (turn_to satellite2 groundstation10 star16)
19.468: (turn_to satellite0 phenomenon54 planet46)
19.471: (turn_to satellite0 phenomenon62 phenomenon54)
19.472: (turn_to satellite2 star35 groundstation10)
19.473: (turn_to satellite2 groundstation27 star35)
19.476: (turn_to satellite0 phenomenon49 phenomenon62)
19.455: (turn_to satellite1 groundstation3 groundstation14)
19.467: (turn_to satellite1 groundstation13 groundstation3)
19.478: (turn_to satellite1 star34 groundstation13)
19.474: (turn_to satellite1 star26 star34)
19.468: (turn_to satellite0 planet56 phenomenon49)
19.495: (turn_to satellite0 phenomenon60 planet56)
19.498: (turn_to satellite1 star34 star26)
19.474: (turn_to satellite1 groundstation14 star34)
19.467: (turn_to satellite0 phenomenon61 phenomenon60)
19.475: (turn_to satellite2 groundstation10 groundstation27)
19.472: (turn_to satellite2 star35 groundstation10)
19.475: (turn_to satellite2 star4 star35)
19.477: (turn_to satellite2 star36 star4)
19.485: (turn_to satellite2 star31 star36)
19.485: (turn_to satellite2 star2 star31)
19.485: (turn_to satellite2 star24 star2)
19.488: (turn_to satellite0 planet46 phenomenon61)
19.473: (turn_to satellite0 phenomenon54 planet46)
19.479: (turn_to satellite2 star4 star24)
19.477: (turn_to satellite0 phenomenon62 phenomenon54)
19.477: (turn_to satellite2 star36 star4)
19.478: (turn_to satellite0 phenomenon49 phenomenon62)
19.473: (turn_to satellite2 groundstation10 star36)
19.475: (turn_to satellite0 star59 phenomenon49)
19.476: (turn_to satellite0 planet64 star59)
19.472: (turn_to satellite2 star35 groundstation10)
19.473: (turn_to satellite2 groundstation27 star35)
19.476: (turn_to satellite0 phenomenon54 planet64)
19.468: (turn_to satellite0 planet55 phenomenon54)
19.468: (turn_to satellite0 phenomenon58 planet55)
19.468: (turn_to satellite0 phenomenon52 phenomenon58)
19.468: (turn_to satellite0 planet56 phenomenon52)
19.468: (turn_to satellite0 planet53 planet56)
19.468: (turn_to satellite0 planet50 planet53)
19.470: (turn_to satellite1 star26 groundstation14)
19.498: (turn_to satellite1 star34 star26)
19.481: (turn_to satellite1 star20 star34)
19.502: (turn_to satellite0 planet64 planet50)
19.464: (turn_to satellite0 planet43 planet64)
19.477: (turn_to satellite0 planet46 planet43)
19.491: (turn_to satellite1 groundstation14 star20)
19.487: (turn_to satellite0 planet43 planet46)
19.476: (turn_to satellite2 groundstation10 groundstation27)
19.479: (turn_to satellite2 star4 groundstation10)
19.479: (turn_to satellite0 star59 planet43)
19.480: (turn_to satellite2 star35 star4)
19.478: (turn_to satellite0 phenomenon49 star59)
19.478: (turn_to satellite0 phenomenon54 phenomenon49)
19.481: (turn_to satellite2 star36 star35)
19.489: (turn_to satellite2 star2 star36)
19.479: (turn_to satellite0 star59 phenomenon54)
19.480: (turn_to satellite0 phenomenon49 star59)
19.479: (turn_to satellite2 star4 star2)
19.483: (turn_to satellite0 planet56 phenomenon49)
19.471: (turn_to satellite2 groundstation10 star4)
19.472: (turn_to satellite2 star35 groundstation10)
19.475: (turn_to satellite2 star36 star35)
19.485: (turn_to satellite2 star31 star36)
19.473: (turn_to satellite0 phenomenon54 planet56)
19.479: (turn_to satellite0 phenomenon49 phenomenon54)
19.479: (turn_to satellite0 star59 phenomenon49)
19.481: (turn_to satellite2 star36 star31)
19.489: (turn_to satellite2 star24 star36)
19.480: (turn_to satellite0 phenomenon49 star59)
19.486: (turn_to satellite0 phenomenon62 phenomenon49)
19.485: (turn_to satellite2 star2 star24)
19.485: (turn_to satellite2 star31 star2)
19.491: (turn_to satellite0 planet50 phenomenon62)
19.471: (turn_to satellite2 groundstation10 star31)
19.472: (turn_to satellite2 star35 groundstation10)
19.475: (turn_to satellite2 star4 star35)
19.477: (turn_to satellite2 star36 star4)
19.485: (turn_to satellite2 star2 star36)
19.485: (turn_to satellite2 star24 star2)
19.489: (turn_to satellite0 planet56 planet50)
19.485: (turn_to satellite2 star2 star24)
19.491: (turn_to satellite0 phenomenon52 planet56)
19.471: (turn_to satellite2 groundstation10 star2)
19.472: (turn_to satellite2 star35 groundstation10)
19.475: (turn_to satellite2 star4 star35)
19.477: (turn_to satellite2 star36 star4)
19.485: (turn_to satellite2 star31 star36)
19.485: (turn_to satellite2 star24 star31)
19.491: (turn_to satellite0 planet53 phenomenon52)
19.471: (turn_to satellite2 groundstation10 star24)
19.472: (turn_to satellite2 star35 groundstation10)
19.475: (turn_to satellite2 star4 star35)
19.477: (turn_to satellite2 star36 star4)
19.485: (turn_to satellite2 star31 star36)
19.485: (turn_to satellite2 star2 star31)
19.491: (turn_to satellite0 planet55 planet53)
19.471: (turn_to satellite2 groundstation10 star2)
19.472: (turn_to satellite2 star35 groundstation10)
19.474: (turn_to satellite2 star4 star35)
19.477: (turn_to satellite2 star36 star4)
19.485: (turn_to satellite2 star31 star36)
19.485: (turn_to satellite2 star24 star31)
19.492: (turn_to satellite0 planet64 planet55)
19.474: (turn_to satellite2 star36 star24)
19.474: (turn_to satellite2 star4 star36)
19.484: (turn_to satellite0 phenomenon60 planet64)
19.471: (turn_to satellite2 groundstation10 star4)
19.472: (turn_to satellite2 star35 groundstation10)
19.475: (turn_to satellite2 star36 star35)
19.485: (turn_to satellite2 star31 star36)
19.485: (turn_to satellite2 star24 star31)
19.485: (turn_to satellite2 star2 star24)
19.492: (turn_to satellite0 planet64 phenomenon60)
19.485: (turn_to satellite2 star31 star2)
19.493: (turn_to satellite0 planet43 planet64)
19.480: (turn_to satellite2 star35 star31)
19.481: (turn_to satellite2 star36 star35)
19.489: (turn_to satellite2 star2 star36)
19.489: (turn_to satellite2 star24 star2)
19.495: (turn_to satellite0 phenomenon58 planet43)
19.471: (turn_to satellite2 groundstation10 star24)
19.472: (turn_to satellite2 star35 groundstation10)
19.474: (turn_to satellite2 star4 star35)
19.477: (turn_to satellite2 star36 star4)
19.485: (turn_to satellite2 star31 star36)
19.485: (turn_to satellite2 star2 star31)
19.493: (turn_to satellite0 planet46 phenomenon58)
19.479: (turn_to satellite2 star4 star2)
19.480: (turn_to satellite2 star35 star4)
19.481: (turn_to satellite2 star36 star35)
19.489: (turn_to satellite2 star31 star36)
19.511: (turn_to satellite0 star44 planet46)
19.430: (turn_to satellite2 groundstation33 star31)
19.435: (turn_to satellite2 groundstation17 groundstation33)
19.449: (turn_to satellite2 star23 groundstation17)
19.458: (turn_to satellite2 groundstation32 star23)
19.461: (turn_to satellite2 star16 groundstation32)
19.471: (turn_to satellite2 groundstation10 star16)
19.472: (turn_to satellite2 star35 groundstation10)
19.473: (turn_to satellite2 groundstation27 star35)
19.470: (turn_to satellite1 star26 groundstation14)
19.498: (turn_to satellite1 star34 star26)
19.481: (turn_to satellite1 star20 star34)
19.502: (turn_to satellite0 phenomenon62 star44)
19.482: (turn_to satellite0 phenomenon49 phenomenon62)
19.482: (turn_to satellite0 phenomenon54 phenomenon49)
19.492: (turn_to satellite1 groundstation33 star20)
19.443: (turn_to satellite2 groundstation14 groundstation27)
19.422: (turn_to satellite0 phenomenon49 phenomenon54)
19.426: (turn_to satellite0 star59 phenomenon49)
19.427: (turn_to satellite0 phenomenon62 star59)
19.433: (turn_to satellite0 planet56 phenomenon62)
19.434: (turn_to satellite0 planet50 planet56)
19.435: (turn_to satellite0 phenomenon52 planet50)
19.435: (turn_to satellite0 planet53 phenomenon52)
19.435: (turn_to satellite0 planet55 planet53)
19.437: (turn_to satellite0 phenomenon58 planet55)
19.438: (turn_to satellite1 groundstation17 groundstation33)
19.428: (turn_to satellite0 phenomenon54 phenomenon58)
19.435: (turn_to satellite0 phenomenon49 phenomenon54)
19.437: (turn_to satellite0 star59 phenomenon49)
19.438: (turn_to satellite0 phenomenon62 star59)
19.440: (turn_to satellite0 planet64 phenomenon62)
19.430: (turn_to satellite1 groundstation33 groundstation17)
19.439: (turn_to satellite0 phenomenon60 planet64)
19.438: (turn_to satellite1 groundstation17 groundstation33)
19.445: (turn_to satellite0 planet56 phenomenon60)
19.446: (turn_to satellite0 planet50 planet56)
19.446: (turn_to satellite0 phenomenon52 planet50)
19.446: (turn_to satellite0 planet53 phenomenon52)
19.446: (turn_to satellite0 planet55 planet53)
19.448: (turn_to satellite1 star23 groundstation17)
19.434: (turn_to satellite0 phenomenon54 planet55)
19.436: (turn_to satellite0 phenomenon49 phenomenon54)
19.441: (turn_to satellite0 star59 phenomenon49)
19.444: (turn_to satellite0 phenomenon62 star59)
19.450: (turn_to satellite0 planet64 phenomenon62)
19.455: (turn_to satellite0 planet56 planet64)
19.456: (turn_to satellite0 planet50 planet56)
19.456: (turn_to satellite0 phenomenon52 planet50)
19.456: (turn_to satellite0 planet53 phenomenon52)
19.457: (turn_to satellite0 phenomenon60 planet53)
19.457: (turn_to satellite0 phenomenon58 phenomenon60)
19.457: (turn_to satellite0 phenomenon61 phenomenon58)
19.430: (turn_to satellite1 groundstation33 star23)
19.435: (turn_to satellite0 planet46 phenomenon61)
19.434: (turn_to satellite1 groundstation17 groundstation33)
19.449: (turn_to satellite0 phenomenon61 planet46)
19.447: (turn_to satellite0 planet43 phenomenon61)
19.431: (turn_to satellite1 groundstation33 groundstation17)
19.444: (turn_to satellite1 star16 groundstation33)
19.434: (turn_to satellite0 phenomenon54 planet43)
19.436: (turn_to satellite0 phenomenon49 phenomenon54)
19.441: (turn_to satellite0 star59 phenomenon49)
19.444: (turn_to satellite0 phenomenon62 star59)
19.450: (turn_to satellite0 planet64 phenomenon62)
19.455: (turn_to satellite0 planet56 planet64)
19.456: (turn_to satellite0 planet50 planet56)
19.456: (turn_to satellite0 phenomenon52 planet50)
19.456: (turn_to satellite0 planet53 phenomenon52)
19.456: (turn_to satellite0 planet55 planet53)
19.456: (turn_to satellite0 phenomenon58 planet55)
19.457: (turn_to satellite0 phenomenon60 phenomenon58)
19.457: (turn_to satellite0 phenomenon61 phenomenon60)
19.450: (turn_to satellite0 planet46 phenomenon61)
19.450: (turn_to satellite1 star23 star16)
19.459: (turn_to satellite0 planet43 planet46)
19.467: (turn_to satellite1 groundstation32 star23)
19.448: (turn_to satellite0 phenomenon54 planet43)
19.457: (turn_to satellite0 planet56 phenomenon54)
19.457: (turn_to satellite0 star59 planet56)
19.458: (turn_to satellite0 phenomenon49 star59)
19.458: (turn_to satellite0 planet50 phenomenon49)
19.459: (turn_to satellite0 phenomenon52 planet50)
19.459: (turn_to satellite0 planet53 phenomenon52)
19.459: (turn_to satellite0 planet55 planet53)
19.459: (turn_to satellite0 phenomenon62 planet55)
19.460: (turn_to satellite0 phenomenon61 phenomenon62)
19.468: (turn_to satellite0 planet46 phenomenon61)
19.460: (turn_to satellite0 phenomenon60 planet46)
19.462: (turn_to satellite0 phenomenon58 phenomenon60)
19.470: (turn_to satellite0 planet64 phenomenon58)
19.477: (turn_to satellite1 groundstation10 groundstation32)
19.470: (turn_to satellite0 phenomenon54 planet64)
19.474: (turn_to satellite0 phenomenon62 phenomenon54)
19.477: (turn_to satellite0 star59 phenomenon62)
19.478: (turn_to satellite0 phenomenon49 star59)
19.483: (turn_to satellite1 star4 groundstation10)
19.476: (turn_to satellite0 phenomenon54 phenomenon49)
19.481: (turn_to satellite0 phenomenon62 phenomenon54)
19.481: (turn_to satellite1 groundstation27 star4)
19.458: (turn_to satellite2 groundstation38 groundstation14)
19.443: (turn_to satellite0 planet43 phenomenon62)
19.425: (turn_to satellite2 groundstation22 groundstation38)
19.437: (turn_to satellite0 phenomenon49 planet43)
19.414: (turn_to satellite2 star5 groundstation22)
19.444: (turn_to satellite2 star30 star5)
19.441: (turn_to satellite0 planet43 phenomenon49)
19.450: (turn_to satellite0 star44 planet43)
19.453: (turn_to satellite0 planet46 star44)
19.460: (turn_to satellite0 planet50 planet46)
19.458: (turn_to satellite2 groundstation38 star30)
19.447: (turn_to satellite0 star44 planet50)
19.454: (turn_to satellite0 planet46 star44)
19.457: (turn_to satellite0 phenomenon52 planet46)
19.457: (turn_to satellite0 planet64 phenomenon52)
19.457: (turn_to satellite0 phenomenon61 planet64)
19.447: (turn_to satellite0 phenomenon54 phenomenon61)
19.458: (turn_to satellite0 planet53 phenomenon54)
19.458: (turn_to satellite0 planet55 planet53)
19.458: (turn_to satellite0 phenomenon58 planet55)
19.458: (turn_to satellite0 planet56 phenomenon58)
19.458: (turn_to satellite0 phenomenon60 planet56)
19.459: (turn_to satellite2 star30 groundstation38)
19.460: (turn_to satellite0 planet56 phenomenon60)
19.460: (turn_to satellite0 phenomenon52 planet56)
19.460: (turn_to satellite0 planet55 phenomenon52)
19.460: (turn_to satellite0 phenomenon58 planet55)
19.460: (turn_to satellite0 planet53 phenomenon58)
19.461: (turn_to satellite0 phenomenon61 planet53)
19.446: (turn_to satellite0 phenomenon54 phenomenon61)
19.461: (turn_to satellite0 phenomenon62 phenomenon54)
19.461: (turn_to satellite0 planet64 phenomenon62)
19.462: (turn_to satellite2 groundstation13 star30)
19.455: (turn_to satellite0 phenomenon61 planet64)
19.448: (turn_to satellite0 phenomenon54 phenomenon61)
19.454: (turn_to satellite2 groundstation3 groundstation13)
19.455: (turn_to satellite0 phenomenon61 phenomenon54)
19.451: (turn_to satellite0 star59 phenomenon61)
19.445: (turn_to satellite2 star30 groundstation3)
19.463: (turn_to satellite2 groundstation38 star30)
19.465: (turn_to satellite2 groundstation13 groundstation38)
19.456: (turn_to satellite0 phenomenon62 star59)
19.462: (turn_to satellite0 phenomenon60 phenomenon62)
19.462: (turn_to satellite0 phenomenon58 phenomenon60)
19.463: (turn_to satellite0 planet56 phenomenon58)
19.467: (turn_to satellite0 star44 planet56)
19.467: (turn_to satellite0 planet55 star44)
19.467: (turn_to satellite0 planet53 planet55)
19.467: (turn_to satellite0 phenomenon52 planet53)
19.467: (turn_to satellite0 planet50 phenomenon52)
19.474: (turn_to satellite2 groundstation3 groundstation13)
19.456: (turn_to satellite0 phenomenon62 planet50)
19.456: (turn_to satellite0 planet64 phenomenon62)
19.462: (turn_to satellite0 phenomenon60 planet64)
19.462: (turn_to satellite0 phenomenon58 phenomenon60)
19.463: (turn_to satellite0 planet56 phenomenon58)
19.467: (turn_to satellite0 star44 planet56)
19.467: (turn_to satellite0 planet55 star44)
19.467: (turn_to satellite0 planet53 planet55)
19.467: (turn_to satellite0 phenomenon52 planet53)
19.475: (turn_to satellite2 groundstation25 groundstation3)
19.466: (turn_to satellite0 phenomenon60 phenomenon52)
19.469: (turn_to satellite0 planet64 phenomenon60)
19.469: (turn_to satellite0 phenomenon62 planet64)
19.469: (turn_to satellite0 phenomenon61 phenomenon62)
19.445: (turn_to satellite0 phenomenon54 phenomenon61)
19.474: (turn_to satellite0 planet56 phenomenon54)
19.475: (turn_to satellite0 phenomenon58 planet56)
19.476: (turn_to satellite0 star44 phenomenon58)
19.477: (turn_to satellite0 planet55 star44)
19.477: (turn_to satellite0 planet53 planet55)
19.477: (turn_to satellite0 planet50 planet53)
19.486: (turn_to satellite0 star59 planet50)
19.480: (turn_to satellite2 star26 groundstation25)
19.480: (turn_to satellite2 star34 star26)
19.482: (turn_to satellite0 planet43 star59)
19.465: (turn_to satellite2 groundstation3 star34)
19.455: (turn_to satellite2 groundstation13 groundstation3)
19.456: (turn_to satellite2 groundstation25 groundstation13)
19.480: (turn_to satellite2 star26 groundstation25)
19.481: (turn_to satellite2 star20 star26)
19.487: (turn_to satellite2 groundstation14 star20)
19.477: (turn_to satellite0 phenomenon58 planet43)
19.477: (turn_to satellite0 planet50 phenomenon58)
19.477: (turn_to satellite0 planet56 planet50)
19.477: (turn_to satellite0 planet55 planet56)
19.477: (turn_to satellite0 planet53 planet55)
19.477: (turn_to satellite0 phenomenon52 planet53)
19.477: (turn_to satellite0 phenomenon61 phenomenon52)
19.480: (turn_to satellite1 groundstation10 groundstation27)
19.480: (turn_to satellite1 star4 groundstation10)
19.481: (turn_to satellite1 star35 star4)
19.485: (turn_to satellite1 star36 star35)
19.488: (turn_to satellite0 planet46 phenomenon61)
19.477: (turn_to satellite0 phenomenon49 planet46)
19.478: (turn_to satellite0 phenomenon54 phenomenon49)
19.484: (turn_to satellite1 groundstation27 star36)
19.477: (turn_to satellite0 phenomenon60 phenomenon54)
19.477: (turn_to satellite0 planet64 phenomenon60)
19.481: (turn_to satellite2 star26 groundstation14)
19.484: (turn_to satellite0 phenomenon61 planet64)
19.463: (turn_to satellite0 phenomenon54 phenomenon61)
19.480: (turn_to satellite2 star34 star26)
19.486: (turn_to satellite0 star44 phenomenon54)
19.481: (turn_to satellite2 groundstation14 star34)
19.463: (turn_to satellite1 groundstation33 groundstation27)
19.438: (turn_to satellite1 groundstation17 groundstation33)
19.448: (turn_to satellite1 star23 groundstation17)
19.460: (turn_to satellite1 star16 star23)
19.463: (turn_to satellite1 groundstation32 star16)
19.477: (turn_to satellite1 groundstation10 groundstation32)
19.480: (turn_to satellite1 star4 groundstation10)
19.481: (turn_to satellite1 star35 star4)
19.478: (turn_to satellite0 phenomenon54 star44)
19.477: (turn_to satellite0 phenomenon49 phenomenon54)
19.484: (turn_to satellite1 groundstation27 star35)
19.463: (turn_to satellite2 groundstation38 groundstation14)
19.465: (turn_to satellite2 groundstation3 groundstation38)
19.455: (turn_to satellite2 groundstation13 groundstation3)
19.456: (turn_to satellite2 groundstation25 groundstation13)
19.480: (turn_to satellite2 star26 groundstation25)
19.480: (turn_to satellite2 star34 star26)
19.488: (turn_to satellite0 planet46 phenomenon49)
19.465: (turn_to satellite2 groundstation3 star34)
19.455: (turn_to satellite2 groundstation13 groundstation3)
19.456: (turn_to satellite2 groundstation25 groundstation13)
19.480: (turn_to satellite2 star26 groundstation25)
19.481: (turn_to satellite2 star20 star26)
19.487: (turn_to satellite2 groundstation14 star20)
19.482: (turn_to satellite0 star59 planet46)
19.489: (turn_to satellite1 star31 groundstation27)
19.475: (turn_to satellite0 phenomenon54 star59)
19.480: (turn_to satellite0 phenomenon49 phenomenon54)
19.486: (turn_to satellite0 phenomenon62 phenomenon49)
19.481: (turn_to satellite1 star35 star31)
19.484: (turn_to satellite1 star36 star35)
19.485: (turn_to satellite0 planet64 phenomenon62)
19.479: (turn_to satellite1 star4 star36)
19.481: (turn_to satellite1 star35 star4)
19.488: (turn_to satellite0 star59 planet64)
19.488: (turn_to satellite1 star36 star35)
19.492: (turn_to satellite1 star4 star36)
19.486: (turn_to satellite0 planet56 star59)
19.477: (turn_to satellite1 groundstation10 star4)
19.481: (turn_to satellite1 star35 groundstation10)
19.484: (turn_to satellite1 star36 star35)
19.491: (turn_to satellite1 star31 star36)
19.491: (turn_to satellite1 star2 star31)
19.475: (turn_to satellite0 phenomenon54 planet56)
19.480: (turn_to satellite0 phenomenon49 phenomenon54)
19.482: (turn_to satellite0 star59 phenomenon49)
19.486: (turn_to satellite0 phenomenon62 star59)
19.491: (turn_to satellite1 star24 star2)
19.475: (turn_to satellite0 phenomenon54 phenomenon62)
19.480: (turn_to satellite0 phenomenon49 phenomenon54)
19.482: (turn_to satellite0 star59 phenomenon49)
19.490: (turn_to satellite0 planet56 star59)
19.492: (turn_to satellite0 planet50 planet56)
19.477: (turn_to satellite1 groundstation10 star24)
19.480: (turn_to satellite1 star4 groundstation10)
19.481: (turn_to satellite1 star35 star4)
19.484: (turn_to satellite1 star36 star35)
19.491: (turn_to satellite1 star31 star36)
19.491: (turn_to satellite1 star2 star31)
19.492: (turn_to satellite0 phenomenon52 planet50)
19.477: (turn_to satellite1 groundstation10 star2)
19.480: (turn_to satellite1 star4 groundstation10)
19.481: (turn_to satellite1 star35 star4)
19.484: (turn_to satellite1 star36 star35)
19.491: (turn_to satellite1 star31 star36)
19.491: (turn_to satellite1 star24 star31)
19.492: (turn_to satellite0 planet53 phenomenon52)
19.477: (turn_to satellite1 groundstation10 star24)
19.480: (turn_to satellite1 star4 groundstation10)
19.481: (turn_to satellite1 star35 star4)
19.484: (turn_to satellite1 star36 star35)
19.491: (turn_to satellite1 star31 star36)
19.491: (turn_to satellite1 star2 star31)
19.492: (turn_to satellite0 planet55 planet53)
19.477: (turn_to satellite1 groundstation10 star2)
19.480: (turn_to satellite1 star4 groundstation10)
19.481: (turn_to satellite1 star35 star4)
19.484: (turn_to satellite1 star36 star35)
19.491: (turn_to satellite1 star31 star36)
19.491: (turn_to satellite1 star24 star31)
19.492: (turn_to satellite0 planet43 planet55)
19.479: (turn_to satellite1 groundstation10 star24)
19.483: (turn_to satellite1 star4 groundstation10)
19.485: (turn_to satellite1 star35 star4)
19.488: (turn_to satellite1 star36 star35)
19.495: (turn_to satellite0 phenomenon58 planet43)
19.477: (turn_to satellite1 groundstation10 star36)
19.480: (turn_to satellite1 star4 groundstation10)
19.481: (turn_to satellite1 star35 star4)
19.491: (turn_to satellite1 star31 star35)
19.491: (turn_to satellite1 star2 star31)
19.491: (turn_to satellite1 star24 star2)
19.492: (turn_to satellite0 planet46 phenomenon58)
19.479: (turn_to satellite1 groundstation10 star24)
19.483: (turn_to satellite1 star4 groundstation10)
19.485: (turn_to satellite1 star35 star4)
19.498: (turn_to satellite1 star31 star35)
19.492: (turn_to satellite0 planet43 planet46)
19.494: (turn_to satellite0 phenomenon60 planet43)
19.477: (turn_to satellite1 groundstation10 star31)
19.480: (turn_to satellite1 star4 groundstation10)
19.481: (turn_to satellite1 star35 star4)
19.484: (turn_to satellite1 star36 star35)
19.491: (turn_to satellite1 star2 star36)
19.491: (turn_to satellite1 star24 star2)
19.494: (turn_to satellite0 phenomenon61 phenomenon60)
19.491: (turn_to satellite1 star2 star24)
19.487: (turn_to satellite0 planet46 phenomenon61)
19.492: (turn_to satellite0 planet43 planet46)
19.495: (turn_to satellite0 planet64 planet43)
19.491: (turn_to satellite1 star24 star2)
19.491: (turn_to satellite1 star31 star24)
19.494: (turn_to satellite0 phenomenon61 planet64)
19.508: (turn_to satellite0 star44 phenomenon61)
19.484: (turn_to satellite1 star36 star31)
19.491: (turn_to satellite1 star2 star36)
19.491: (turn_to satellite1 star24 star2)
19.528: (turn_to satellite2 star0 groundstation14)
19.526: (turn_to satellite0 phenomenon54 star44)
19.519: (turn_to satellite1 groundstation17 star24)
19.471: (turn_to satellite2 star7 star0)
19.467: (turn_to satellite0 star59 phenomenon54)
19.468: (turn_to satellite0 phenomenon49 star59)
19.470: (turn_to satellite0 phenomenon62 phenomenon49)
19.472: (turn_to satellite0 planet64 phenomenon62)
19.480: (turn_to satellite0 planet56 planet64)
19.482: (turn_to satellite0 planet50 planet56)
19.482: (turn_to satellite0 planet55 planet50)
19.482: (turn_to satellite0 planet53 planet55)
19.482: (turn_to satellite0 phenomenon52 planet53)
19.482: (turn_to satellite0 phenomenon61 phenomenon52)
19.483: (turn_to satellite0 planet46 phenomenon61)
19.482: (turn_to satellite0 phenomenon60 planet46)
19.484: (turn_to satellite0 planet43 phenomenon60)
19.484: (turn_to satellite0 phenomenon58 planet43)
19.497: (turn_to satellite2 star18 star7)
19.480: (turn_to satellite0 phenomenon54 phenomenon58)
19.473: (turn_to satellite1 groundstation33 groundstation17)
19.463: (turn_to satellite0 phenomenon49 phenomenon54)
19.469: (turn_to satellite0 star59 phenomenon49)
19.481: (turn_to satellite0 phenomenon62 star59)
19.483: (turn_to satellite0 phenomenon58 phenomenon62)
19.484: (turn_to satellite2 groundstation27 star18)
19.470: (turn_to satellite1 star26 groundstation33)
19.498: (turn_to satellite1 star34 star26)
19.481: (turn_to satellite1 star20 star34)
19.502: (turn_to satellite0 phenomenon61 phenomenon58)
19.492: (turn_to satellite0 phenomenon60 phenomenon61)
19.511: (turn_to satellite1 groundstation33 star20)
19.473: (turn_to satellite0 planet43 phenomenon60)
19.464: (turn_to satellite0 phenomenon49 planet43)
19.472: (turn_to satellite0 star59 phenomenon49)
19.478: (turn_to satellite0 planet46 star59)
19.480: (turn_to satellite0 planet64 planet46)
19.483: (turn_to satellite0 phenomenon62 planet64)
19.488: (turn_to satellite0 planet56 phenomenon62)
19.480: (turn_to satellite0 phenomenon61 planet56)
19.485: (turn_to satellite2 star18 groundstation27)
19.482: (turn_to satellite0 planet46 phenomenon61)
19.484: (turn_to satellite0 planet56 planet46)
19.486: (turn_to satellite0 planet64 planet56)
19.487: (turn_to satellite0 planet53 planet64)
19.484: (turn_to satellite2 groundstation27 star18)
19.470: (turn_to satellite1 star26 groundstation33)
19.498: (turn_to satellite1 star34 star26)
19.481: (turn_to satellite1 star20 star34)
19.514: (turn_to satellite0 planet56 planet53)
19.498: (turn_to satellite1 star34 star20)
19.492: (turn_to satellite0 phenomenon52 planet56)
19.470: (turn_to satellite1 star26 star34)
19.508: (turn_to satellite1 star20 star26)
19.511: (turn_to satellite1 groundstation33 star20)
19.480: (turn_to satellite0 planet50 phenomenon52)
19.480: (turn_to satellite0 planet55 planet50)
19.481: (turn_to satellite1 star20 groundstation33)
19.522: (turn_to satellite1 groundstation17 star20)
19.484: (turn_to satellite0 planet43 planet55)
19.481: (turn_to satellite0 phenomenon54 planet43)
19.490: (turn_to satellite0 planet46 phenomenon54)
19.494: (turn_to satellite0 phenomenon58 planet46)
19.494: (turn_to satellite0 planet50 phenomenon58)
19.494: (turn_to satellite0 planet56 planet50)
19.494: (turn_to satellite0 planet53 planet56)
19.494: (turn_to satellite0 phenomenon52 planet53)
19.494: (turn_to satellite0 phenomenon62 phenomenon52)
19.481: (turn_to satellite0 phenomenon49 phenomenon62)
19.487: (turn_to satellite2 star18 groundstation27)
19.488: (turn_to satellite0 star59 phenomenon49)
19.490: (turn_to satellite1 star16 groundstation17)
19.483: (turn_to satellite0 phenomenon54 star59)
19.483: (turn_to satellite0 phenomenon49 phenomenon54)
19.491: (turn_to satellite1 groundstation32 star16)
19.482: (turn_to satellite0 phenomenon54 phenomenon49)
19.487: (turn_to satellite0 star59 phenomenon54)
19.495: (turn_to satellite1 star23 groundstation32)
19.483: (turn_to satellite0 phenomenon54 star59)
19.483: (turn_to satellite0 phenomenon49 phenomenon54)
19.497: (turn_to satellite0 phenomenon62 phenomenon49)
19.495: (turn_to satellite1 star16 star23)
19.498: (turn_to satellite1 groundstation17 star16)
19.497: (turn_to satellite0 planet46 phenomenon62)
19.490: (turn_to satellite1 star16 groundstation17)
19.491: (turn_to satellite1 groundstation32 star16)
19.495: (turn_to satellite1 star23 groundstation32)
19.502: (turn_to satellite0 planet64 planet46)
19.495: (turn_to satellite1 star16 star23)
19.498: (turn_to satellite1 groundstation17 star16)
19.497: (turn_to satellite0 planet43 planet64)
19.473: (turn_to satellite1 groundstation33 groundstation17)
19.487: (turn_to satellite0 phenomenon52 planet43)
19.487: (turn_to satellite0 planet55 phenomenon52)
19.487: (turn_to satellite0 planet50 planet55)
19.489: (turn_to satellite0 phenomenon60 planet50)
19.489: (turn_to satellite2 star7 star18)
19.490: (turn_to satellite0 phenomenon54 phenomenon60)
19.499: (turn_to satellite0 phenomenon62 phenomenon54)
19.499: (turn_to satellite0 star59 phenomenon62)
19.504: (turn_to satellite0 planet64 star59)
19.506: (turn_to satellite0 phenomenon49 planet64)
19.510: (turn_to satellite0 planet56 phenomenon49)
19.511: (turn_to satellite0 planet50 planet56)
19.511: (turn_to satellite1 groundstation10 groundstation33)
19.509: (turn_to satellite0 phenomenon54 planet50)
19.516: (turn_to satellite0 star59 phenomenon54)
19.519: (turn_to satellite0 phenomenon62 star59)
19.520: (turn_to satellite1 star16 groundstation10)
19.506: (turn_to satellite2 groundstation27 star7)
19.484: (turn_to satellite0 phenomenon54 phenomenon62)
19.493: (turn_to satellite0 planet43 phenomenon54)
19.484: (turn_to satellite0 phenomenon49 planet43)
19.491: (turn_to satellite0 star59 phenomenon49)
19.499: (turn_to satellite0 planet46 star59)
19.499: (turn_to satellite0 planet50 planet46)
19.499: (turn_to satellite0 planet55 planet50)
19.499: (turn_to satellite0 phenomenon52 planet55)
19.499: (turn_to satellite0 planet53 phenomenon52)
19.499: (turn_to satellite0 planet56 planet53)
19.499: (turn_to satellite0 phenomenon61 planet56)
19.496: (turn_to satellite1 star34 star16)
19.498: (turn_to satellite1 groundstation17 star34)
19.496: (turn_to satellite0 star59 phenomenon61)
19.494: (turn_to satellite0 planet64 star59)
19.496: (turn_to satellite1 star34 groundstation17)
19.492: (turn_to satellite0 phenomenon62 planet64)
19.506: (turn_to satellite1 star23 star34)
19.484: (turn_to satellite0 phenomenon54 phenomenon62)
19.493: (turn_to satellite0 planet43 phenomenon54)
19.484: (turn_to satellite0 phenomenon49 planet43)
19.491: (turn_to satellite0 star59 phenomenon49)
19.499: (turn_to satellite0 planet46 star59)
19.499: (turn_to satellite0 planet50 planet46)
19.499: (turn_to satellite0 planet55 planet50)
19.499: (turn_to satellite0 phenomenon52 planet55)
19.499: (turn_to satellite0 planet53 phenomenon52)
19.499: (turn_to satellite0 planet56 planet53)
19.499: (turn_to satellite0 phenomenon58 planet56)
19.499: (turn_to satellite0 phenomenon61 phenomenon58)
19.502: (turn_to satellite2 star18 groundstation27)
19.495: (turn_to satellite1 star16 star23)
19.498: (turn_to satellite1 groundstation17 star16)
19.509: (turn_to satellite1 groundstation32 groundstation17)
19.508: (turn_to satellite2 groundstation27 star18)
19.515: (turn_to satellite0 star59 phenomenon61)
19.488: (turn_to satellite0 planet43 star59)
19.483: (turn_to satellite0 phenomenon54 planet43)
19.497: (turn_to satellite0 planet46 phenomenon54)
19.507: (turn_to satellite0 planet64 planet46)
19.484: (turn_to satellite0 phenomenon49 planet64)
19.506: (turn_to satellite0 phenomenon62 phenomenon49)
19.509: (turn_to satellite2 star18 groundstation27)
19.504: (turn_to satellite0 planet43 phenomenon62)
19.490: (turn_to satellite1 star16 groundstation32)
19.495: (turn_to satellite1 star23 star16)
19.504: (turn_to satellite0 phenomenon58 planet43)
19.495: (turn_to satellite1 star16 star23)
19.504: (turn_to satellite0 planet56 phenomenon58)
19.498: (turn_to satellite1 groundstation17 star16)
19.500: (turn_to satellite1 star23 groundstation17)
19.506: (turn_to satellite0 planet53 planet56)
19.495: (turn_to satellite1 star16 star23)
19.498: (turn_to satellite1 groundstation17 star16)
19.503: (turn_to satellite0 planet50 planet53)
19.495: (turn_to satellite1 star16 groundstation17)
19.500: (turn_to satellite1 star23 star16)
19.506: (turn_to satellite0 phenomenon52 planet50)
19.495: (turn_to satellite1 star16 star23)
19.498: (turn_to satellite1 groundstation17 star16)
19.503: (turn_to satellite0 planet55 phenomenon52)
19.495: (turn_to satellite1 star16 groundstation17)
19.500: (turn_to satellite1 star23 star16)
19.508: (turn_to satellite0 phenomenon60 planet55)
19.495: (turn_to satellite1 star16 star23)
19.498: (turn_to satellite1 groundstation17 star16)
19.498: (turn_to satellite2 groundstation27 star18)
19.500: (turn_to satellite0 star44 phenomenon60)
19.481: (turn_to satellite1 groundstation33 groundstation17)
19.506: (turn_to satellite1 star23 groundstation33)
19.499: (turn_to satellite0 planet64 star44)
19.510: (turn_to satellite0 phenomenon60 planet64)
19.508: (turn_to satellite1 groundstation32 star23)
19.507: (turn_to satellite0 phenomenon58 phenomenon60)
19.507: (turn_to satellite0 planet55 phenomenon58)
19.507: (turn_to satellite0 planet56 planet55)
19.507: (turn_to satellite0 planet53 planet56)
19.507: (turn_to satellite0 phenomenon52 planet53)
19.507: (turn_to satellite0 planet50 phenomenon52)
19.513: (turn_to satellite0 star44 planet50)
19.518: (turn_to satellite1 star16 groundstation32)
19.499: (turn_to satellite0 planet64 star44)
19.507: (turn_to satellite0 phenomenon58 planet64)
19.500: (turn_to satellite0 phenomenon60 phenomenon58)
19.528: (turn_to satellite1 star4 star16)
19.511: (turn_to satellite0 planet43 phenomenon60)
19.508: (turn_to satellite0 phenomenon54 planet43)
19.521: (turn_to satellite0 planet46 phenomenon54)
19.526: (turn_to satellite0 star59 planet46)
19.526: (turn_to satellite0 phenomenon49 star59)
19.511: (turn_to satellite2 star18 groundstation27)
19.508: (turn_to satellite0 phenomenon54 phenomenon49)
19.510: (turn_to satellite0 star59 phenomenon54)
19.515: (turn_to satellite1 star35 star4)
19.516: (turn_to satellite1 star36 star35)
19.517: (turn_to satellite1 groundstation27 star36)
19.491: (turn_to satellite2 star20 star18)
19.489: (turn_to satellite2 groundstation33 star20)
19.474: (turn_to satellite1 star18 groundstation27)
19.465: (turn_to satellite0 phenomenon54 star59)
19.465: (turn_to satellite0 phenomenon49 phenomenon54)
19.477: (turn_to satellite2 groundstation17 groundstation33)
19.472: (turn_to satellite1 star7 star18)
19.459: (turn_to satellite0 phenomenon54 phenomenon49)
19.467: (turn_to satellite0 star59 phenomenon54)
19.469: (turn_to satellite0 phenomenon62 star59)
19.472: (turn_to satellite0 planet64 phenomenon62)
19.480: (turn_to satellite0 planet56 planet64)
19.481: (turn_to satellite0 planet50 planet56)
19.482: (turn_to satellite0 phenomenon52 planet50)
19.482: (turn_to satellite0 planet53 phenomenon52)
19.482: (turn_to satellite0 planet55 planet53)
19.482: (turn_to satellite0 phenomenon60 planet55)
19.483: (turn_to satellite0 phenomenon61 phenomenon60)
19.483: (turn_to satellite0 planet46 phenomenon61)
Failed to find a solution!
