/u/ibrahim.eisawy/Neural-Guided-Search/venv/lib/python3.10/site-packages/pymimir_rgnn/model.py:151: UserWarning: index_reduce() is in beta and the API may change at any time. (Triggered internally at /pytorch/aten/src/ATen/native/cuda/Indexing.cu:1541.)
  max_msg.index_reduce_(0, output_indices, output_messages, reduce='amax', include_self=True)
Torch: 2.12.0+cu130
Using GPU:  NVIDIA L40S
71.457: (switch_on instrument5 satellite2)
64.285: (calibrate satellite2 instrument5 groundstation8)
60.999: (switch_on instrument9 satellite4)
59.031: (switch_on instrument3 satellite1)
56.550: (turn_to satellite1 groundstation40 phenomenon60)
56.129: (turn_to satellite2 phenomenon73 groundstation8)
55.446: (take_image satellite2 phenomenon73 instrument5 image0)
54.937: (turn_to satellite2 planet52 phenomenon73)
54.118: (take_image satellite2 planet52 instrument5 image0)
53.642: (turn_to satellite2 planet71 planet52)
52.822: (take_image satellite2 planet71 instrument5 image0)
52.343: (turn_to satellite2 planet61 planet71)
51.530: (take_image satellite2 planet61 instrument5 image0)
51.030: (turn_to satellite2 phenomenon69 planet61)
50.234: (take_image satellite2 phenomenon69 instrument5 image0)
49.725: (turn_to satellite2 phenomenon65 phenomenon69)
48.938: (take_image satellite2 phenomenon65 instrument5 image0)
48.420: (turn_to satellite2 planet72 phenomenon65)
47.642: (take_image satellite2 planet72 instrument5 image0)
47.102: (turn_to satellite2 star59 planet72)
46.347: (take_image satellite2 star59 instrument5 image0)
45.839: (turn_to satellite2 star84 star59)
44.603: (take_image satellite2 star84 instrument5 thermograph1)
44.196: (turn_to satellite2 planet82 star84)
43.295: (take_image satellite2 planet82 instrument5 thermograph1)
42.880: (turn_to satellite2 planet74 planet82)
41.984: (take_image satellite2 planet74 instrument5 thermograph1)
41.558: (turn_to satellite2 planet67 planet74)
40.676: (take_image satellite2 planet67 instrument5 thermograph1)
40.249: (turn_to satellite2 phenomenon76 planet67)
39.332: (take_image satellite2 phenomenon76 instrument5 thermograph1)
38.991: (turn_to satellite2 planet62 phenomenon76)
38.101: (take_image satellite2 planet62 instrument5 thermograph1)
37.685: (turn_to satellite2 planet58 planet62)
36.792: (take_image satellite2 planet58 instrument5 thermograph1)
36.341: (turn_to satellite2 phenomenon56 planet58)
35.544: (take_image satellite2 phenomenon56 instrument5 thermograph1)
35.268: (turn_to satellite0 groundstation0 phenomenon53)
34.950: (turn_to satellite2 groundstation26 phenomenon56)
34.561: (turn_to satellite3 star29 phenomenon76)
34.515: (turn_to satellite0 groundstation28 groundstation0)
34.542: (turn_to satellite0 groundstation9 groundstation28)
34.567: (turn_to satellite0 groundstation26 groundstation9)
34.522: (turn_to satellite0 groundstation40 groundstation26)
34.567: (turn_to satellite0 star13 groundstation40)
34.572: (turn_to satellite0 star22 star13)
34.590: (turn_to satellite0 star39 star22)
34.597: (turn_to satellite0 groundstation48 star39)
34.608: (turn_to satellite0 star30 groundstation48)
34.597: (turn_to satellite0 groundstation20 star30)
34.616: (turn_to satellite0 star29 groundstation20)
34.558: (turn_to satellite3 groundstation0 star29)
34.558: (turn_to satellite3 groundstation9 groundstation0)
34.561: (turn_to satellite3 groundstation28 groundstation9)
34.566: (turn_to satellite3 star13 groundstation28)
34.575: (turn_to satellite3 groundstation26 star13)
34.535: (turn_to satellite3 groundstation40 groundstation26)
34.595: (turn_to satellite3 star22 groundstation40)
34.612: (turn_to satellite3 star39 star22)
34.619: (turn_to satellite3 groundstation41 star39)
34.592: (turn_to satellite1 groundstation37 groundstation40)
34.565: (turn_to satellite3 star32 groundstation41)
34.560: (turn_to satellite3 groundstation0 star32)
34.575: (take_image satellite2 groundstation26 instrument5 image0)
34.534: (turn_to satellite1 groundstation40 groundstation37)
34.447: (turn_to satellite3 star13 groundstation0)
34.494: (turn_to satellite3 groundstation41 star13)
34.495: (turn_to satellite3 groundstation26 groundstation41)
34.507: (turn_to satellite3 groundstation40 groundstation26)
34.528: (turn_to satellite3 groundstation28 groundstation40)
34.529: (turn_to satellite3 groundstation10 groundstation28)
34.550: (turn_to satellite3 groundstation9 groundstation10)
34.561: (turn_to satellite3 groundstation27 groundstation9)
34.563: (turn_to satellite3 star22 groundstation27)
34.579: (turn_to satellite3 star39 star22)
34.578: (turn_to satellite3 star35 star39)
34.586: (turn_to satellite3 groundstation20 star35)
34.587: (turn_to satellite3 star29 groundstation20)
34.450: (turn_to satellite0 star13 star29)
34.499: (turn_to satellite0 groundstation41 star13)
34.502: (turn_to satellite0 groundstation26 groundstation41)
34.495: (turn_to satellite0 groundstation40 groundstation26)
34.529: (turn_to satellite0 groundstation10 groundstation40)
34.530: (turn_to satellite0 groundstation28 groundstation10)
34.533: (turn_to satellite0 groundstation9 groundstation28)
34.536: (turn_to satellite0 groundstation0 groundstation9)
34.555: (take_image satellite2 groundstation26 instrument5 thermograph1)
34.601: (turn_to satellite0 groundstation9 groundstation0)
34.409: (turn_to satellite0 star13 groundstation9)
34.441: (turn_to satellite0 groundstation26 star13)
34.452: (turn_to satellite0 groundstation41 groundstation26)
34.488: (turn_to satellite0 groundstation10 groundstation41)
34.515: (turn_to satellite0 groundstation27 groundstation10)
34.521: (turn_to satellite0 star19 groundstation27)
34.514: (turn_to satellite0 groundstation20 star19)
34.527: (turn_to satellite0 star35 groundstation20)
34.542: (turn_to satellite0 groundstation28 star35)
34.582: (turn_to satellite0 star22 groundstation28)
34.587: (turn_to satellite0 star29 star22)
34.497: (turn_to satellite0 groundstation40 star29)
34.580: (turn_to satellite0 groundstation6 groundstation40)
34.594: (turn_to satellite0 star39 groundstation6)
34.602: (turn_to satellite0 groundstation48 star39)
34.610: (turn_to satellite0 star30 groundstation48)
34.612: (turn_to satellite0 star32 star30)
34.617: (turn_to satellite0 star7 star32)
34.600: (turn_to satellite0 groundstation24 star7)
34.623: (turn_to satellite0 star12 groundstation24)
34.627: (turn_to satellite0 star17 star12)
34.603: (turn_to satellite0 star3 star17)
34.632: (turn_to satellite0 planet66 star3)
34.562: (turn_to satellite0 star14 planet66)
34.645: (turn_to satellite0 star15 star14)
34.645: (turn_to satellite0 star31 star15)
34.645: (turn_to satellite0 groundstation1 star31)
34.657: (turn_to satellite0 star38 groundstation1)
34.658: (turn_to satellite0 groundstation43 star38)
34.647: (turn_to satellite0 groundstation2 groundstation43)
34.435: (turn_to satellite3 groundstation37 star29)
34.400: (turn_to satellite2 groundstation37 groundstation26)
34.300: (take_image satellite2 groundstation37 instrument5 image0)
34.265: (take_image satellite2 groundstation37 instrument5 thermograph1)
34.267: (turn_to satellite3 groundstation41 groundstation37)
34.320: (turn_to satellite3 star32 groundstation41)
34.324: (turn_to satellite3 groundstation28 star32)
34.342: (turn_to satellite3 groundstation0 groundstation28)
34.335: (turn_to satellite4 groundstation26 star17)
34.286: (turn_to satellite4 star29 groundstation26)
34.343: (turn_to satellite3 star32 groundstation0)
34.088: (turn_to satellite4 groundstation26 star29)
34.337: (switch_on instrument2 satellite0)
34.286: (turn_to satellite4 star17 groundstation26)
34.316: (turn_to satellite3 groundstation0 star32)
34.334: (turn_to satellite3 groundstation28 groundstation0)
34.355: (turn_to satellite3 groundstation45 groundstation28)
34.171: (turn_to satellite3 groundstation41 groundstation45)
34.360: (turn_to satellite3 groundstation18 groundstation41)
34.182: (turn_to satellite3 star13 groundstation18)
34.205: (switch_off instrument2 satellite0)
34.346: (turn_to satellite3 groundstation46 star13)
34.221: (turn_to satellite3 star35 groundstation46)
34.351: (turn_to satellite3 groundstation9 star35)
34.357: (turn_to satellite4 groundstation26 star17)
34.310: (turn_to satellite4 star29 groundstation26)
34.367: (turn_to satellite3 groundstation28 groundstation9)
34.129: (turn_to satellite4 groundstation26 star29)
34.348: (switch_on instrument2 satellite0)
34.329: (turn_to satellite4 star29 groundstation26)
34.369: (turn_to satellite3 star32 groundstation28)
34.370: (turn_to satellite3 groundstation0 star32)
34.140: (turn_to satellite4 groundstation26 star29)
34.391: (turn_to satellite3 groundstation41 groundstation0)
34.127: (switch_off instrument2 satellite0)
34.329: (turn_to satellite4 star29 groundstation26)
34.398: (turn_to satellite3 groundstation43 groundstation41)
34.237: (turn_to satellite3 groundstation26 groundstation43)
34.200: (turn_to satellite4 groundstation26 star29)
34.328: (turn_to satellite4 star17 groundstation26)
34.359: (turn_to satellite3 groundstation8 groundstation26)
34.244: (turn_to satellite3 groundstation10 groundstation8)
34.370: (turn_to satellite3 groundstation2 groundstation10)
34.268: (turn_to satellite3 star19 groundstation2)
34.271: (turn_to satellite3 groundstation20 star19)
34.371: (turn_to satellite3 groundstation43 groundstation20)
34.294: (turn_to satellite3 groundstation27 groundstation43)
34.381: (turn_to satellite3 groundstation45 groundstation27)
34.289: (turn_to satellite3 groundstation24 groundstation45)
34.333: (turn_to satellite3 star22 groundstation24)
34.382: (turn_to satellite3 groundstation18 star22)
34.333: (turn_to satellite3 groundstation1 groundstation18)
34.333: (turn_to satellite3 star31 groundstation1)
34.333: (turn_to satellite3 star15 star31)
34.343: (turn_to satellite3 star17 star15)
34.301: (turn_to satellite3 star3 star17)
34.350: (turn_to satellite3 groundstation40 star3)
34.384: (turn_to satellite3 star21 groundstation40)
34.352: (turn_to satellite3 star16 star21)
34.356: (turn_to satellite3 star7 star16)
34.357: (turn_to satellite3 groundstation48 star7)
34.363: (turn_to satellite3 star39 groundstation48)
34.408: (turn_to satellite3 star14 star39)
34.371: (turn_to satellite3 planet66 star14)
34.294: (turn_to satellite3 star30 planet66)
34.393: (turn_to satellite3 groundstation11 star30)
34.401: (turn_to satellite3 star29 groundstation11)
34.413: (turn_to satellite3 star12 star29)
34.430: (turn_to satellite3 groundstation6 star12)
34.431: (turn_to satellite3 star38 groundstation6)
34.441: (turn_to satellite3 groundstation36 star38)
34.441: (turn_to satellite3 groundstation5 groundstation36)
34.448: (turn_to satellite3 star49 groundstation5)
34.452: (turn_to satellite3 groundstation34 star49)
34.459: (turn_to satellite3 planet55 groundstation34)
34.459: (turn_to satellite3 phenomenon78 planet55)
34.459: (turn_to satellite3 star75 phenomenon78)
34.459: (turn_to satellite3 star68 star75)
34.459: (turn_to satellite3 phenomenon63 star68)
34.460: (turn_to satellite3 phenomenon79 phenomenon63)
34.460: (turn_to satellite3 phenomenon77 phenomenon79)
34.460: (turn_to satellite3 phenomenon53 phenomenon77)
34.460: (turn_to satellite3 phenomenon64 phenomenon53)
34.460: (turn_to satellite3 planet57 phenomenon64)
34.460: (turn_to satellite3 star81 planet57)
34.462: (turn_to satellite3 phenomenon80 star81)
34.462: (turn_to satellite3 phenomenon70 phenomenon80)
34.463: (turn_to satellite3 phenomenon60 phenomenon70)
34.467: (turn_to satellite3 phenomenon83 phenomenon60)
34.468: (turn_to satellite3 phenomenon51 phenomenon83)
34.472: (turn_to satellite3 planet50 phenomenon51)
34.510: (turn_to satellite3 planet62 planet50)
34.510: (turn_to satellite3 phenomenon76 planet62)
34.539: (switch_on instrument2 satellite0)
34.381: (turn_to satellite3 groundstation43 phenomenon76)
34.219: (turn_to satellite3 groundstation26 groundstation43)
34.365: (turn_to satellite3 star19 groundstation26)
34.247: (turn_to satellite3 groundstation37 star19)
34.335: (turn_to satellite3 groundstation8 groundstation37)
34.248: (turn_to satellite3 groundstation10 groundstation8)
34.367: (turn_to satellite3 groundstation46 groundstation10)
34.266: (turn_to satellite3 groundstation20 groundstation46)
34.391: (turn_to satellite3 star12 groundstation20)
34.274: (turn_to satellite3 star35 star12)
34.393: (turn_to satellite3 star14 star35)
34.274: (turn_to satellite3 groundstation27 star14)
34.392: (turn_to satellite3 star21 groundstation27)
34.278: (turn_to satellite3 groundstation24 star21)
34.306: (turn_to satellite3 groundstation2 groundstation24)
34.300: (turn_to satellite3 star3 groundstation2)
34.327: (turn_to satellite3 star22 star3)
34.415: (turn_to satellite3 star17 star22)
34.295: (turn_to satellite3 groundstation40 star17)
34.426: (turn_to satellite3 star29 groundstation40)
34.430: (turn_to satellite3 star31 star29)
34.334: (turn_to satellite3 star7 star31)
34.313: (turn_to satellite3 groundstation6 star7)
34.345: (turn_to satellite3 groundstation48 groundstation6)
34.346: (turn_to satellite3 star39 groundstation48)
34.431: (turn_to satellite3 groundstation1 star39)
34.360: (turn_to satellite3 star30 groundstation1)
34.404: (turn_to satellite3 star15 star30)
34.406: (turn_to satellite3 planet66 star15)
34.419: (turn_to satellite3 star16 planet66)
34.419: (turn_to satellite3 star38 star16)
34.439: (turn_to satellite3 groundstation36 star38)
34.439: (turn_to satellite3 planet55 groundstation36)
34.439: (turn_to satellite3 groundstation5 planet55)
34.441: (turn_to satellite3 phenomenon64 groundstation5)
34.441: (turn_to satellite3 star81 phenomenon64)
34.441: (turn_to satellite3 planet57 star81)
34.441: (turn_to satellite3 phenomenon77 planet57)
34.441: (turn_to satellite3 phenomenon79 phenomenon77)
34.444: (turn_to satellite3 phenomenon51 phenomenon79)
34.444: (turn_to satellite3 planet50 phenomenon51)
34.448: (turn_to satellite3 groundstation11 planet50)
34.454: (turn_to satellite3 phenomenon53 groundstation11)
34.459: (turn_to satellite3 groundstation34 phenomenon53)
34.460: (turn_to satellite3 phenomenon80 groundstation34)
34.460: (turn_to satellite3 phenomenon70 phenomenon80)
34.460: (turn_to satellite3 phenomenon60 phenomenon70)
34.464: (turn_to satellite3 star49 phenomenon60)
34.468: (turn_to satellite3 phenomenon83 star49)
34.474: (turn_to satellite3 star68 phenomenon83)
34.474: (turn_to satellite3 star75 star68)
34.474: (turn_to satellite3 phenomenon78 star75)
34.474: (turn_to satellite3 phenomenon63 phenomenon78)
34.507: (turn_to satellite3 planet74 phenomenon63)
34.507: (turn_to satellite3 phenomenon56 planet74)
34.507: (turn_to satellite3 planet58 phenomenon56)
34.507: (turn_to satellite3 planet62 planet58)
34.507: (turn_to satellite3 planet67 planet62)
34.512: (turn_to satellite3 planet82 planet67)
34.512: (turn_to satellite3 star84 planet82)
34.554: (turn_to satellite3 planet52 star84)
34.509: (switch_off instrument2 satellite0)
34.510: (turn_to satellite3 planet74 planet52)
34.510: (turn_to satellite3 planet58 planet74)
34.510: (turn_to satellite3 planet67 planet58)
34.510: (turn_to satellite3 phenomenon56 planet67)
34.513: (turn_to satellite3 star84 phenomenon56)
34.514: (turn_to satellite3 planet82 star84)
34.517: (turn_to satellite3 planet61 planet82)
34.517: (turn_to satellite3 phenomenon73 planet61)
34.517: (turn_to satellite3 planet72 phenomenon73)
34.517: (turn_to satellite3 planet71 planet72)
34.517: (turn_to satellite3 phenomenon69 planet71)
34.517: (turn_to satellite3 phenomenon65 phenomenon69)
34.517: (turn_to satellite3 star59 phenomenon65)
34.520: (turn_to satellite3 star47 star59)
34.520: (turn_to satellite3 star44 star47)
34.520: (turn_to satellite3 groundstation42 star44)
34.520: (turn_to satellite3 star33 groundstation42)
34.520: (turn_to satellite3 star25 star33)
34.520: (turn_to satellite3 star23 star25)
34.520: (turn_to satellite3 star4 star23)
34.589: (turn_to satellite4 groundstation26 star17)
34.170: (turn_to satellite3 star13 star4)
34.364: (turn_to satellite4 star29 groundstation26)
34.398: (turn_to satellite3 star19 star13)
34.271: (turn_to satellite3 groundstation10 star19)
34.287: (turn_to satellite4 groundstation26 star29)
34.392: (turn_to satellite3 star19 groundstation10)
34.210: (turn_to satellite3 star35 star19)
34.367: (turn_to satellite4 star29 groundstation26)
34.408: (turn_to satellite3 groundstation2 star35)
34.291: (turn_to satellite3 groundstation20 groundstation2)
34.313: (turn_to satellite4 groundstation26 star29)
34.413: (turn_to satellite3 groundstation43 groundstation20)
34.253: (turn_to satellite3 groundstation2 groundstation43)
34.238: (turn_to satellite3 groundstation37 groundstation2)
34.313: (turn_to satellite2 groundstation2 groundstation37)
34.136: (take_image satellite2 groundstation2 instrument5 thermograph1)
34.147: (take_image satellite2 groundstation2 instrument5 image0)
34.269: (turn_to satellite0 star32 groundstation2)
34.241: (turn_to satellite4 star17 groundstation26)
34.248: (turn_to satellite0 groundstation28 star32)
34.252: (turn_to satellite0 groundstation0 groundstation28)
34.257: (turn_to satellite0 groundstation9 groundstation0)
34.270: (turn_to satellite0 groundstation43 groundstation9)
34.282: (turn_to satellite0 groundstation41 groundstation43)
34.284: (turn_to satellite4 groundstation26 star17)
34.285: (turn_to satellite0 groundstation0 groundstation41)
34.296: (turn_to satellite0 groundstation28 groundstation0)
34.296: (turn_to satellite4 star29 groundstation26)
34.254: (turn_to satellite0 star32 groundstation28)
34.275: (turn_to satellite0 groundstation0 star32)
34.301: (turn_to satellite0 groundstation9 groundstation0)
34.250: (turn_to satellite4 groundstation26 star29)
34.324: (turn_to satellite0 groundstation43 groundstation9)
34.327: (turn_to satellite4 star29 groundstation26)
34.311: (turn_to satellite0 groundstation37 groundstation43)
34.160: (turn_to satellite0 groundstation41 groundstation37)
34.332: (turn_to satellite0 star19 groundstation41)
34.319: (turn_to satellite4 star17 star29)
34.294: (turn_to satellite0 groundstation46 star19)
34.150: (turn_to satellite0 star35 groundstation46)
34.306: (turn_to satellite0 groundstation8 star35)
34.155: (turn_to satellite0 star13 groundstation8)
34.307: (turn_to satellite0 groundstation37 star13)
34.195: (turn_to satellite0 groundstation26 groundstation37)
34.313: (turn_to satellite0 groundstation18 groundstation26)
34.229: (turn_to satellite0 groundstation10 groundstation18)
34.313: (turn_to satellite0 groundstation45 groundstation10)
34.244: (turn_to satellite0 groundstation20 groundstation45)
34.327: (turn_to satellite0 star15 groundstation20)
34.330: (turn_to satellite0 star21 star15)
34.238: (turn_to satellite0 groundstation2 star21)
34.263: (turn_to satellite2 groundstation26 groundstation2)
34.323: (turn_to satellite4 groundstation2 star17)
29.634: (calibrate satellite4 instrument9 groundstation2)
29.224: (turn_to satellite4 star75 groundstation2)
28.061: (take_image satellite4 star75 instrument9 infrared4)
27.625: (turn_to satellite4 star68 star75)
26.748: (take_image satellite4 star68 instrument9 infrared4)
26.306: (turn_to satellite4 phenomenon63 star68)
25.449: (take_image satellite4 phenomenon63 instrument9 infrared4)
24.986: (turn_to satellite4 phenomenon78 phenomenon63)
23.742: (take_image satellite4 phenomenon78 instrument9 infrared4)
23.175: (turn_to satellite4 phenomenon60 phenomenon78)
21.977: (take_image satellite4 phenomenon60 instrument9 spectrograph2)
21.480: (turn_to satellite4 phenomenon70 phenomenon60)
20.659: (take_image satellite4 phenomenon70 instrument9 spectrograph2)
20.162: (turn_to satellite4 phenomenon83 phenomenon70)
19.358: (take_image satellite4 phenomenon83 instrument9 spectrograph2)
18.843: (turn_to satellite4 phenomenon80 phenomenon83)
18.058: (take_image satellite4 phenomenon80 instrument9 spectrograph2)
17.465: (turn_to satellite4 phenomenon53 phenomenon80)
16.623: (take_image satellite4 phenomenon53 instrument9 spectrograph2)
16.432: (turn_to satellite4 planet66 phenomenon53)
16.436: (take_image satellite4 planet66 instrument9 infrared4)
16.485: (take_image satellite4 planet66 instrument9 spectrograph2)
16.564: (take_image satellite4 planet66 instrument9 image0)
16.613: (turn_to satellite3 groundstation28 groundstation37)
16.455: (turn_to satellite0 groundstation28 groundstation2)
16.462: (turn_to satellite3 groundstation9 groundstation28)
16.463: (turn_to satellite0 groundstation9 groundstation28)
16.452: (turn_to satellite1 star29 groundstation40)
12.677: (calibrate satellite1 instrument3 star29)
11.893: (turn_to satellite1 phenomenon77 star29)
10.959: (take_image satellite1 phenomenon77 instrument3 infrared3)
10.157: (turn_to satellite1 planet55 phenomenon77)
9.713: (turn_to satellite2 planet50 groundstation26)
9.262: (take_image satellite1 planet55 instrument3 infrared3)
8.640: (turn_to satellite1 star81 planet55)
8.006: (take_image satellite1 star81 instrument3 infrared3)
7.433: (turn_to satellite1 phenomenon79 star81)
6.871: (take_image satellite1 phenomenon79 instrument3 infrared3)
6.270: (turn_to satellite1 phenomenon64 phenomenon79)
5.742: (take_image satellite1 phenomenon64 instrument3 infrared3)
5.110: (turn_to satellite1 planet57 phenomenon64)
4.593: (take_image satellite1 planet57 instrument3 infrared3)
3.873: (turn_to satellite1 phenomenon51 planet57)
3.345: (take_image satellite1 phenomenon51 instrument3 infrared3)
3.098: (turn_to satellite1 planet50 phenomenon51)
2.638: (take_image satellite1 planet50 instrument3 infrared3)
2.412: (turn_to satellite2 planet54 planet50)
2.224: (turn_to satellite1 planet54 planet50)
2.135: (turn_to satellite3 star19 groundstation9)
2.005: (turn_to satellite0 star29 groundstation9)
1.980: (turn_to satellite3 groundstation45 star19)
1.975: (switch_on instrument2 satellite0)
1.962: (turn_to satellite3 star19 groundstation45)
1.975: (turn_to satellite3 groundstation18 star19)
1.977: (switch_off instrument2 satellite0)
2.007: (turn_to satellite3 groundstation8 groundstation18)
2.000: (switch_on instrument2 satellite0)
1.989: (turn_to satellite3 star21 groundstation8)
2.005: (switch_off instrument2 satellite0)
2.022: (turn_to satellite3 star12 star21)
2.018: (switch_on instrument2 satellite0)
2.019: (turn_to satellite3 groundstation46 star12)
2.023: (switch_off instrument2 satellite0)
2.023: (turn_to satellite3 groundstation5 groundstation46)
2.033: (switch_on instrument2 satellite0)
2.042: (turn_to satellite3 star7 groundstation5)
2.044: (turn_to satellite3 planet54 star7)
1.983: (turn_to satellite0 groundstation18 star29)
1.944: (take_image satellite2 planet54 instrument5 image0)
2.013: (take_image satellite2 planet54 instrument5 thermograph1)
2.084: (turn_to satellite0 groundstation45 groundstation18)
2.095: (switch_off instrument2 satellite0)
2.095: (turn_to satellite0 groundstation18 groundstation45)
2.115: (turn_to satellite0 star19 groundstation18)
2.112: (switch_on instrument2 satellite0)
2.101: (turn_to satellite3 star29 planet54)
2.069: (turn_to satellite0 groundstation18 star19)
2.070: (turn_to satellite0 groundstation45 groundstation18)
2.073: (turn_to satellite1 planet66 planet54)
1.810: (take_image satellite1 planet66 instrument3 infrared3)
1.559: (switch_off instrument9 satellite4)
1.529: (turn_to satellite1 planet54 planet66)
1.428: (turn_to satellite0 groundstation18 groundstation45)
1.436: (turn_to satellite3 planet54 star29)
1.438: (turn_to satellite0 groundstation45 groundstation18)
1.451: (turn_to satellite0 star19 groundstation45)
1.462: (turn_to satellite3 star29 planet54)
1.435: (switch_off instrument2 satellite0)
1.462: (turn_to satellite0 star12 star19)
1.480: (turn_to satellite0 groundstation45 star12)
1.469: (turn_to satellite3 planet54 star29)
1.465: (turn_to satellite0 star19 groundstation45)
1.472: (turn_to satellite0 groundstation18 star19)
1.480: (switch_on instrument9 satellite4)
1.461: (switch_off instrument9 satellite4)
1.432: (switch_on instrument2 satellite0)
1.430: (turn_to satellite0 groundstation45 groundstation18)
1.442: (turn_to satellite3 planet66 planet54)
1.401: (turn_to satellite0 groundstation18 groundstation45)
1.403: (turn_to satellite0 star19 groundstation18)
1.425: (turn_to satellite3 star29 planet66)
1.417: (turn_to satellite0 groundstation18 star19)
1.417: (turn_to satellite0 groundstation45 groundstation18)
1.444: (turn_to satellite3 groundstation26 star29)
1.436: (turn_to satellite0 star19 groundstation45)
1.448: (turn_to satellite3 planet54 groundstation26)
1.469: (switch_off instrument2 satellite0)
1.464: (turn_to satellite0 groundstation45 star19)
1.479: (switch_on instrument11 satellite4)
1.458: (switch_on instrument2 satellite0)
1.452: (turn_to satellite3 star29 planet54)
1.421: (turn_to satellite0 groundstation18 groundstation45)
1.458: (turn_to satellite3 planet54 star29)
1.469: (turn_to satellite3 star4 planet54)
1.474: (turn_to satellite3 groundstation26 star4)
1.436: (turn_to satellite0 star19 groundstation18)
1.446: (switch_off instrument2 satellite0)
1.495: (turn_to satellite0 groundstation18 star19)
1.476: (turn_to satellite3 planet54 groundstation26)
1.508: (turn_to satellite0 groundstation8 groundstation18)
1.505: (switch_on instrument2 satellite0)
1.511: (turn_to satellite3 star29 planet54)
1.487: (turn_to satellite0 star19 groundstation8)
1.489: (turn_to satellite0 star21 star19)
1.501: (turn_to satellite0 star12 star21)
1.506: (switch_off instrument2 satellite0)
1.466: (turn_to satellite0 groundstation45 star12)
1.466: (turn_to satellite0 groundstation18 groundstation45)
1.483: (turn_to satellite0 star19 groundstation18)
1.493: (turn_to satellite0 groundstation8 star19)
1.507: (turn_to satellite0 star21 groundstation8)
1.532: (turn_to satellite0 groundstation46 star21)
1.533: (turn_to satellite0 groundstation36 groundstation46)
1.475: (switch_off instrument11 satellite4)
1.535: (switch_on instrument2 satellite0)
1.543: (turn_to satellite3 star17 star29)
1.520: (turn_to satellite0 groundstation18 groundstation36)
1.444: (turn_to satellite3 groundstation26 star17)
1.451: (turn_to satellite0 star12 groundstation18)
1.464: (switch_off instrument2 satellite0)
1.470: (turn_to satellite0 star19 star12)
1.460: (turn_to satellite3 star29 groundstation26)
1.439: (turn_to satellite0 star12 star19)
1.458: (turn_to satellite0 groundstation45 star12)
1.458: (turn_to satellite0 groundstation18 groundstation45)
1.466: (turn_to satellite3 planet66 star29)
1.427: (turn_to satellite0 star19 groundstation18)
1.457: (turn_to satellite3 star19 planet66)
1.465: (turn_to satellite0 star29 star19)
1.446: (switch_on instrument2 satellite0)
1.420: (turn_to satellite0 planet66 star29)
1.383: (turn_to satellite3 groundstation45 star19)
1.383: (turn_to satellite3 groundstation18 groundstation45)
1.411: (turn_to satellite3 groundstation8 groundstation18)
1.413: (turn_to satellite3 star12 groundstation8)
1.435: (turn_to satellite3 star21 star12)
1.453: (turn_to satellite3 groundstation46 star21)
1.455: (turn_to satellite3 groundstation36 groundstation46)
1.459: (turn_to satellite3 groundstation5 groundstation36)
1.459: (turn_to satellite3 star7 groundstation5)
1.494: (turn_to satellite3 planet54 star7)
1.453: (turn_to satellite3 star14 planet54)
1.505: (turn_to satellite3 planet66 star14)
1.472: (turn_to satellite0 star12 planet66)
1.465: (turn_to satellite3 planet54 planet66)
1.478: (turn_to satellite0 groundstation8 star12)
1.496: (switch_off instrument2 satellite0)
1.496: (turn_to satellite0 star12 groundstation8)
1.493: (turn_to satellite3 planet66 planet54)
1.463: (turn_to satellite0 groundstation45 star12)
1.473: (turn_to satellite0 groundstation8 groundstation45)
1.489: (switch_on instrument2 satellite0)
1.476: (turn_to satellite3 star29 planet66)
1.457: (turn_to satellite0 star12 groundstation8)
1.484: (turn_to satellite0 star21 star12)
1.495: (turn_to satellite3 planet54 star29)
1.519: (switch_on instrument11 satellite4)
1.512: (turn_to satellite0 star12 star21)
1.514: (turn_to satellite3 star17 planet54)
1.512: (turn_to satellite3 groundstation26 star17)
1.460: (turn_to satellite0 groundstation45 star12)
1.484: (turn_to satellite3 planet66 groundstation26)
1.462: (turn_to satellite0 groundstation18 groundstation45)
1.493: (turn_to satellite3 phenomenon83 planet66)
1.494: (turn_to satellite3 phenomenon53 phenomenon83)
1.496: (turn_to satellite0 groundstation45 groundstation18)
1.494: (turn_to satellite3 phenomenon83 phenomenon53)
1.497: (turn_to satellite3 phenomenon56 phenomenon83)
1.497: (turn_to satellite3 planet58 phenomenon56)
1.503: (turn_to satellite3 planet52 planet58)
1.504: (turn_to satellite3 star59 planet52)
1.504: (turn_to satellite3 planet67 star59)
1.504: (turn_to satellite3 star84 planet67)
1.505: (turn_to satellite3 phenomenon60 star84)
1.499: (turn_to satellite0 groundstation18 groundstation45)
1.497: (turn_to satellite3 phenomenon56 phenomenon60)
1.497: (turn_to satellite3 planet58 phenomenon56)
1.503: (turn_to satellite3 planet52 planet58)
1.504: (turn_to satellite3 planet67 planet52)
1.504: (turn_to satellite3 star84 planet67)
1.504: (turn_to satellite3 star59 star84)
1.506: (turn_to satellite3 star68 star59)
1.506: (turn_to satellite3 groundstation42 star68)
1.489: (turn_to satellite0 groundstation45 groundstation18)
1.506: (turn_to satellite3 star68 groundstation42)
1.506: (turn_to satellite3 star44 star68)
1.494: (turn_to satellite0 groundstation18 groundstation45)
1.507: (turn_to satellite3 planet62 star44)
1.507: (turn_to satellite3 phenomenon63 planet62)
1.507: (turn_to satellite3 star33 phenomenon63)
1.489: (turn_to satellite0 groundstation45 groundstation18)
1.507: (turn_to satellite3 planet62 star33)
1.507: (turn_to satellite3 phenomenon63 planet62)
1.507: (turn_to satellite3 star47 phenomenon63)
1.494: (turn_to satellite0 groundstation18 groundstation45)
1.507: (turn_to satellite3 phenomenon65 star47)
1.507: (turn_to satellite3 phenomenon69 phenomenon65)
1.508: (turn_to satellite3 star25 phenomenon69)
1.489: (turn_to satellite0 groundstation45 groundstation18)
1.507: (turn_to satellite3 phenomenon65 star25)
1.507: (turn_to satellite3 star4 phenomenon65)
1.507: (turn_to satellite3 phenomenon69 star4)
1.508: (turn_to satellite3 star23 phenomenon69)
1.494: (turn_to satellite0 groundstation18 groundstation45)
1.508: (turn_to satellite3 planet61 star23)
1.509: (turn_to satellite3 star17 planet61)
1.503: (turn_to satellite0 groundstation45 groundstation18)
1.508: (turn_to satellite3 planet61 star17)
1.510: (turn_to satellite3 phenomenon76 planet61)
1.505: (turn_to satellite3 planet71 phenomenon76)
1.510: (turn_to satellite3 planet82 planet71)
1.511: (turn_to satellite3 phenomenon70 planet82)
1.499: (turn_to satellite0 groundstation18 groundstation45)
1.506: (switch_off instrument11 satellite4)
1.463: (turn_to satellite3 phenomenon83 phenomenon70)
1.468: (turn_to satellite3 phenomenon80 phenomenon83)
1.470: (turn_to satellite0 groundstation45 groundstation18)
1.463: (turn_to satellite3 phenomenon83 phenomenon80)
1.475: (turn_to satellite3 star84 phenomenon83)
1.475: (turn_to satellite3 planet82 star84)
1.478: (turn_to satellite3 planet52 planet82)
1.471: (turn_to satellite0 groundstation18 groundstation45)
1.475: (turn_to satellite3 star84 planet52)
1.475: (turn_to satellite3 planet82 star84)
1.479: (turn_to satellite3 star4 planet82)
1.462: (turn_to satellite0 groundstation45 groundstation18)
1.466: (turn_to satellite0 star19 groundstation45)
1.439: (turn_to satellite3 planet71 star4)
1.439: (turn_to satellite3 planet72 planet71)
1.440: (turn_to satellite3 phenomenon73 planet72)
1.446: (turn_to satellite3 star59 phenomenon73)
1.448: (turn_to satellite3 planet61 star59)
1.448: (turn_to satellite3 phenomenon69 planet61)
1.449: (turn_to satellite3 phenomenon65 phenomenon69)
1.455: (turn_to satellite3 phenomenon78 phenomenon65)
1.455: (turn_to satellite3 star75 phenomenon78)
1.457: (turn_to satellite3 planet52 star75)
1.457: (turn_to satellite3 star68 planet52)
1.457: (turn_to satellite3 phenomenon63 star68)
1.462: (turn_to satellite3 planet82 phenomenon63)
1.462: (turn_to satellite3 phenomenon76 planet82)
1.479: (turn_to satellite0 groundstation45 star19)
1.478: (turn_to satellite3 star59 phenomenon76)
1.471: (turn_to satellite0 groundstation18 groundstation45)
1.480: (turn_to satellite3 groundstation42 star59)
1.462: (turn_to satellite0 groundstation45 groundstation18)
1.466: (turn_to satellite0 star19 groundstation45)
1.463: (turn_to satellite3 planet74 groundstation42)
1.468: (turn_to satellite3 phenomenon60 planet74)
1.469: (turn_to satellite3 phenomenon80 phenomenon60)
1.469: (turn_to satellite3 planet58 phenomenon80)
1.470: (turn_to satellite3 planet62 planet58)
1.470: (turn_to satellite3 planet67 planet62)
1.471: (turn_to satellite3 star33 planet67)
1.471: (turn_to satellite3 phenomenon70 star33)
1.472: (turn_to satellite3 star25 phenomenon70)
1.471: (turn_to satellite3 star47 star25)
1.472: (turn_to satellite3 star44 star47)
1.473: (turn_to satellite3 star19 star44)
1.479: (turn_to satellite0 phenomenon83 star19)
1.451: (turn_to satellite0 star4 phenomenon83)
1.469: (turn_to satellite0 star23 star4)
1.504: (turn_to satellite3 groundstation18 star19)
1.496: (turn_to satellite0 groundstation18 star23)
1.427: (turn_to satellite0 phenomenon78 groundstation18)
1.483: (turn_to satellite3 groundstation45 groundstation18)
1.486: (turn_to satellite3 star19 groundstation45)
1.469: (turn_to satellite0 star25 phenomenon78)
1.504: (turn_to satellite3 groundstation18 star19)
1.501: (turn_to satellite0 star4 star25)
1.504: (turn_to satellite3 groundstation45 groundstation18)
1.496: (turn_to satellite0 groundstation45 star4)
1.429: (turn_to satellite0 star29 groundstation45)
1.425: (turn_to satellite3 star12 groundstation45)
1.433: (turn_to satellite3 groundstation18 star12)
1.466: (switch_on instrument11 satellite4)
1.453: (turn_to satellite3 groundstation45 groundstation18)
1.466: (turn_to satellite0 planet66 star29)
1.446: (turn_to satellite3 groundstation18 groundstation45)
1.459: (turn_to satellite3 star19 groundstation18)
1.489: (turn_to satellite3 groundstation8 star19)
1.503: (turn_to satellite0 star29 planet66)
1.477: (turn_to satellite3 star19 groundstation8)
1.492: (turn_to satellite3 star21 star19)
1.509: (turn_to satellite3 star12 star21)
1.521: (switch_off instrument2 satellite0)
1.465: (turn_to satellite3 groundstation45 star12)
1.465: (turn_to satellite3 groundstation18 groundstation45)
1.473: (turn_to satellite0 planet54 star29)
1.410: (switch_off instrument11 satellite4)
1.465: (turn_to satellite3 groundstation45 groundstation18)
1.476: (switch_on instrument11 satellite4)
1.498: (switch_on instrument2 satellite0)
1.447: (turn_to satellite0 phenomenon78 planet54)
1.447: (turn_to satellite0 star75 phenomenon78)
1.453: (turn_to satellite0 phenomenon63 star75)
1.453: (turn_to satellite0 star68 phenomenon63)
1.462: (turn_to satellite0 star23 star68)
1.462: (turn_to satellite0 star25 star23)
1.462: (turn_to satellite0 star4 star25)
1.488: (turn_to satellite0 star33 star4)
1.489: (turn_to satellite0 phenomenon83 star33)
1.468: (switch_off instrument11 satellite4)
1.483: (turn_to satellite3 groundstation18 groundstation45)
1.505: (turn_to satellite3 star12 groundstation18)
1.457: (turn_to satellite0 phenomenon53 phenomenon83)
1.459: (turn_to satellite3 star19 star12)
1.461: (turn_to satellite3 groundstation18 star19)
1.461: (turn_to satellite3 groundstation45 groundstation18)
1.480: (turn_to satellite0 planet54 phenomenon53)
1.477: (turn_to satellite3 groundstation18 groundstation45)
1.487: (turn_to satellite3 star19 groundstation18)
1.465: (switch_off instrument2 satellite0)
1.483: (turn_to satellite3 groundstation8 star19)
1.489: (turn_to satellite3 star12 groundstation8)
1.485: (turn_to satellite0 planet66 planet54)
1.444: (turn_to satellite3 star19 star12)
1.450: (turn_to satellite3 groundstation18 star19)
1.450: (turn_to satellite3 groundstation45 groundstation18)
1.463: (turn_to satellite0 star29 planet66)
1.451: (turn_to satellite3 star12 groundstation45)
1.463: (turn_to satellite3 groundstation18 star12)
1.486: (turn_to satellite3 groundstation8 groundstation18)
1.468: (switch_on instrument2 satellite0)
1.468: (turn_to satellite3 star7 groundstation8)
1.477: (turn_to satellite3 star21 star7)
1.505: (turn_to satellite3 groundstation46 star21)
1.509: (turn_to satellite3 groundstation5 groundstation46)
1.518: (turn_to satellite3 groundstation36 groundstation5)
1.518: (turn_to satellite3 planet54 groundstation36)
1.530: (turn_to satellite0 groundstation46 star29)
1.542: (switch_off instrument2 satellite0)
1.523: (turn_to satellite0 star21 groundstation46)
1.531: (switch_on instrument11 satellite4)
1.520: (turn_to satellite0 star12 star21)
1.528: (turn_to satellite0 star19 star12)
1.524: (switch_on instrument2 satellite0)
1.550: (turn_to satellite3 planet66 planet54)
1.544: (turn_to satellite3 phenomenon53 planet66)
1.526: (switch_off instrument11 satellite4)
1.478: (turn_to satellite3 star23 phenomenon53)
1.475: (turn_to satellite3 phenomenon56 star23)
1.482: (turn_to satellite0 groundstation18 star19)
1.479: (turn_to satellite0 groundstation45 groundstation18)
1.479: (turn_to satellite3 star17 phenomenon56)
1.473: (turn_to satellite0 star19 groundstation45)
1.485: (turn_to satellite3 phenomenon77 star17)
1.485: (turn_to satellite3 star81 phenomenon77)
1.485: (turn_to satellite3 phenomenon79 star81)
1.487: (turn_to satellite3 planet57 phenomenon79)
1.489: (turn_to satellite3 phenomenon64 planet57)
1.495: (turn_to satellite3 star84 phenomenon64)
1.496: (turn_to satellite3 planet55 star84)
1.497: (turn_to satellite3 phenomenon51 planet55)
1.499: (turn_to satellite3 phenomenon83 phenomenon51)
1.501: (turn_to satellite3 planet50 phenomenon83)
1.512: (turn_to satellite0 groundstation45 star19)
1.481: (turn_to satellite3 star44 planet50)
1.462: (turn_to satellite0 groundstation18 groundstation45)
1.481: (turn_to satellite3 star23 star44)
1.462: (turn_to satellite0 groundstation45 groundstation18)
1.481: (turn_to satellite3 star47 star23)
1.462: (turn_to satellite0 groundstation18 groundstation45)
1.482: (turn_to satellite3 phenomenon53 star47)
1.470: (turn_to satellite0 groundstation45 groundstation18)
1.482: (turn_to satellite3 star25 phenomenon53)
1.462: (turn_to satellite0 groundstation18 groundstation45)
1.482: (turn_to satellite3 planet61 star25)
1.471: (turn_to satellite0 groundstation45 groundstation18)
1.482: (turn_to satellite3 star33 planet61)
1.462: (turn_to satellite0 groundstation18 groundstation45)
1.488: (turn_to satellite3 phenomenon60 star33)
1.470: (turn_to satellite0 groundstation45 groundstation18)
1.488: (turn_to satellite3 planet62 phenomenon60)
1.479: (turn_to satellite0 groundstation18 groundstation45)
1.488: (turn_to satellite3 planet58 planet62)
1.479: (turn_to satellite0 groundstation45 groundstation18)
1.489: (turn_to satellite3 phenomenon65 planet58)
1.471: (turn_to satellite0 groundstation18 groundstation45)
1.494: (turn_to satellite3 phenomenon63 phenomenon65)
1.476: (turn_to satellite0 groundstation45 groundstation18)
1.495: (turn_to satellite3 phenomenon69 phenomenon63)
1.471: (turn_to satellite0 groundstation18 groundstation45)
1.495: (turn_to satellite3 planet71 phenomenon69)
1.471: (turn_to satellite0 groundstation45 groundstation18)
1.495: (turn_to satellite3 planet72 planet71)
1.471: (turn_to satellite0 groundstation18 groundstation45)
1.496: (turn_to satellite3 phenomenon73 planet72)
1.471: (turn_to satellite0 groundstation45 groundstation18)
1.497: (turn_to satellite3 phenomenon70 phenomenon73)
1.498: (turn_to satellite3 planet67 phenomenon70)
1.479: (turn_to satellite0 groundstation18 groundstation45)
1.498: (turn_to satellite3 planet74 planet67)
1.479: (turn_to satellite0 groundstation45 groundstation18)
1.500: (turn_to satellite3 star81 planet74)
1.501: (turn_to satellite3 star68 star81)
1.476: (turn_to satellite0 groundstation18 groundstation45)
1.498: (turn_to satellite3 phenomenon76 star68)
1.500: (turn_to satellite3 phenomenon78 phenomenon76)
1.476: (turn_to satellite0 groundstation45 groundstation18)
1.502: (turn_to satellite3 star75 phenomenon78)
1.476: (turn_to satellite0 groundstation18 groundstation45)
1.500: (turn_to satellite3 star81 star75)
1.508: (turn_to satellite3 phenomenon51 star81)
1.502: (turn_to satellite0 groundstation45 groundstation18)
1.510: (turn_to satellite3 planet55 phenomenon51)
1.502: (turn_to satellite0 groundstation18 groundstation45)
1.508: (turn_to satellite3 planet50 planet55)
1.520: (turn_to satellite3 planet57 planet50)
1.502: (turn_to satellite0 groundstation45 groundstation18)
1.525: (turn_to satellite3 phenomenon64 planet57)
1.502: (turn_to satellite0 groundstation18 groundstation45)
1.531: (turn_to satellite3 phenomenon77 phenomenon64)
1.502: (turn_to satellite0 groundstation45 groundstation18)
1.531: (turn_to satellite3 phenomenon79 phenomenon77)
1.502: (turn_to satellite0 groundstation18 groundstation45)
1.538: (switch_on instrument11 satellite4)
1.510: (turn_to satellite3 phenomenon76 phenomenon79)
1.505: (turn_to satellite3 planet71 phenomenon76)
1.510: (turn_to satellite3 planet82 planet71)
1.512: (turn_to satellite3 groundstation18 planet82)
1.460: (turn_to satellite0 phenomenon51 groundstation18)
1.447: (turn_to satellite0 star75 phenomenon51)
1.447: (turn_to satellite0 phenomenon78 star75)
1.453: (turn_to satellite0 phenomenon63 phenomenon78)
1.453: (turn_to satellite0 star68 phenomenon63)
1.462: (turn_to satellite0 star23 star68)
1.459: (turn_to satellite0 star25 star23)
1.462: (turn_to satellite0 star4 star25)
1.488: (turn_to satellite0 star33 star4)
1.489: (turn_to satellite0 phenomenon83 star33)
1.489: (turn_to satellite0 phenomenon80 phenomenon83)
1.468: (switch_off instrument11 satellite4)
1.484: (turn_to satellite3 groundstation45 groundstation18)
1.492: (turn_to satellite3 star19 groundstation45)
1.505: (turn_to satellite3 star12 star19)
1.457: (turn_to satellite0 phenomenon60 phenomenon80)
1.466: (turn_to satellite0 phenomenon70 phenomenon60)
1.473: (turn_to satellite0 phenomenon63 phenomenon70)
1.475: (turn_to satellite0 star68 phenomenon63)
1.476: (turn_to satellite0 star75 star68)
1.476: (turn_to satellite0 phenomenon78 star75)
1.478: (turn_to satellite0 star23 phenomenon78)
1.495: (turn_to satellite0 star4 star23)
1.503: (turn_to satellite0 planet50 star4)
1.480: (turn_to satellite0 star25 planet50)
1.503: (turn_to satellite0 phenomenon51 star25)
1.493: (turn_to satellite0 star33 phenomenon51)
1.503: (turn_to satellite0 planet55 star33)
1.494: (turn_to satellite3 groundstation18 star12)
1.495: (turn_to satellite3 groundstation45 groundstation18)
1.499: (turn_to satellite3 star19 groundstation45)
1.516: (turn_to satellite0 phenomenon60 planet55)
1.483: (turn_to satellite3 groundstation18 star19)
1.484: (turn_to satellite3 groundstation45 groundstation18)
1.501: (turn_to satellite0 star23 phenomenon60)
1.525: (turn_to satellite0 phenomenon70 star23)
1.483: (turn_to satellite3 groundstation18 groundstation45)
1.492: (turn_to satellite3 star19 groundstation18)
1.517: (turn_to satellite3 groundstation8 star19)
1.514: (turn_to satellite0 star4 phenomenon70)
1.516: (turn_to satellite0 star23 star4)
1.552: (turn_to satellite0 phenomenon60 star23)
1.525: (turn_to satellite0 star25 phenomenon60)
1.505: (turn_to satellite3 groundstation45 groundstation8)
1.536: (turn_to satellite0 phenomenon63 star25)
1.483: (turn_to satellite3 groundstation18 groundstation45)
1.486: (turn_to satellite3 star19 groundstation18)
1.516: (turn_to satellite3 groundstation8 star19)
1.537: (turn_to satellite3 star21 groundstation8)
1.531: (turn_to satellite0 star4 phenomenon63)
1.531: (turn_to satellite0 star23 star4)
1.544: (turn_to satellite0 phenomenon83 star23)
1.517: (turn_to satellite3 groundstation8 star21)
1.540: (switch_on instrument11 satellite4)
1.449: (turn_to satellite0 phenomenon63 phenomenon83)
1.449: (turn_to satellite0 star68 phenomenon63)
1.461: (turn_to satellite0 star75 star68)
1.461: (turn_to satellite0 phenomenon78 star75)
1.482: (turn_to satellite0 star4 phenomenon78)
1.479: (turn_to satellite0 star25 star4)
1.482: (turn_to satellite0 star23 star25)
1.488: (turn_to satellite0 phenomenon53 star23)
1.484: (turn_to satellite3 groundstation45 groundstation8)
1.488: (turn_to satellite3 groundstation18 groundstation45)
1.499: (turn_to satellite0 planet54 phenomenon53)
1.489: (turn_to satellite0 phenomenon60 planet54)
1.490: (turn_to satellite0 phenomenon70 phenomenon60)
1.491: (turn_to satellite0 phenomenon73 phenomenon70)
1.491: (turn_to satellite0 planet72 phenomenon73)
1.492: (turn_to satellite0 planet71 planet72)
1.499: (turn_to satellite0 planet52 planet71)
1.499: (turn_to satellite0 star59 planet52)
1.499: (turn_to satellite0 planet61 star59)
1.499: (turn_to satellite0 phenomenon65 planet61)
1.500: (turn_to satellite0 planet50 phenomenon65)
1.496: (turn_to satellite0 phenomenon69 planet50)
1.500: (turn_to satellite0 phenomenon64 phenomenon69)
1.500: (switch_off instrument11 satellite4)
1.495: (turn_to satellite3 groundstation45 groundstation18)
1.498: (turn_to satellite3 star19 groundstation45)
1.505: (turn_to satellite3 star12 star19)
1.503: (turn_to satellite0 planet57 phenomenon64)
1.494: (turn_to satellite3 groundstation18 star12)
1.495: (turn_to satellite3 groundstation45 groundstation18)
1.499: (turn_to satellite3 star19 groundstation45)
1.522: (turn_to satellite0 star68 planet57)
1.483: (turn_to satellite3 groundstation45 star19)
1.483: (turn_to satellite3 groundstation18 groundstation45)
1.516: (turn_to satellite3 groundstation8 groundstation18)
1.537: (turn_to satellite3 star21 groundstation8)
1.531: (turn_to satellite0 star25 star68)
1.544: (turn_to satellite0 phenomenon80 star25)
1.517: (turn_to satellite3 groundstation8 star21)
1.540: (switch_on instrument11 satellite4)
1.488: (turn_to satellite0 star33 phenomenon80)
1.488: (turn_to satellite0 phenomenon60 star33)
1.495: (turn_to satellite0 planet54 phenomenon60)
1.486: (switch_off instrument11 satellite4)
1.498: (turn_to satellite3 star12 groundstation8)
1.505: (turn_to satellite0 phenomenon65 planet54)
1.492: (turn_to satellite3 star19 star12)
1.495: (turn_to satellite3 groundstation18 star19)
1.496: (turn_to satellite3 groundstation45 groundstation18)
1.515: (switch_on instrument11 satellite4)
1.489: (turn_to satellite0 phenomenon80 phenomenon65)
1.490: (turn_to satellite0 phenomenon60 phenomenon80)
1.490: (turn_to satellite0 phenomenon70 phenomenon60)
1.491: (turn_to satellite0 phenomenon73 phenomenon70)
1.491: (turn_to satellite0 planet72 phenomenon73)
1.492: (turn_to satellite0 planet71 planet72)
1.495: (turn_to satellite0 groundstation45 planet71)
1.461: (turn_to satellite0 planet50 groundstation45)
1.496: (turn_to satellite0 phenomenon69 planet50)
1.499: (turn_to satellite0 planet52 phenomenon69)
1.499: (turn_to satellite0 star59 planet52)
1.499: (turn_to satellite0 planet61 star59)
1.500: (turn_to satellite0 phenomenon64 planet61)
1.500: (turn_to satellite0 phenomenon51 phenomenon64)
1.500: (switch_off instrument11 satellite4)
1.495: (turn_to satellite3 groundstation18 groundstation45)
1.499: (turn_to satellite3 star19 groundstation18)
1.525: (turn_to satellite3 groundstation8 star19)
1.544: (turn_to satellite3 star21 groundstation8)
1.544: (turn_to satellite0 phenomenon70 phenomenon51)
1.545: (turn_to satellite0 phenomenon53 phenomenon70)
1.487: (turn_to satellite3 groundstation8 star21)
1.492: (turn_to satellite0 star17 phenomenon53)
1.494: (turn_to satellite3 star19 groundstation8)
1.492: (turn_to satellite0 planet52 star17)
1.495: (turn_to satellite3 groundstation18 star19)
1.496: (turn_to satellite3 groundstation45 groundstation18)
1.510: (turn_to satellite3 star12 groundstation45)
1.505: (turn_to satellite0 phenomenon73 planet52)
1.492: (turn_to satellite3 star19 star12)
1.495: (turn_to satellite3 groundstation18 star19)
1.496: (turn_to satellite3 groundstation45 groundstation18)
1.524: (turn_to satellite3 groundstation8 groundstation45)
1.543: (turn_to satellite3 star21 groundstation8)
1.545: (turn_to satellite0 phenomenon60 phenomenon73)
1.554: (turn_to satellite3 groundstation46 star21)
1.539: (turn_to satellite0 star4 phenomenon60)
1.543: (turn_to satellite0 star23 star4)
1.576: (turn_to satellite0 phenomenon53 star23)
1.522: (turn_to satellite0 star17 phenomenon53)
1.494: (turn_to satellite3 star12 groundstation46)
1.495: (turn_to satellite3 groundstation18 star12)
1.488: (turn_to satellite0 star81 star17)
1.496: (turn_to satellite3 groundstation45 groundstation18)
1.498: (turn_to satellite3 star19 groundstation45)
1.505: (turn_to satellite3 star12 star19)
1.505: (turn_to satellite0 phenomenon69 star81)
1.492: (turn_to satellite3 star19 star12)
1.495: (turn_to satellite3 groundstation18 star19)
1.496: (turn_to satellite3 groundstation45 groundstation18)
1.524: (turn_to satellite3 groundstation8 groundstation45)
1.543: (turn_to satellite3 star21 groundstation8)
1.557: (turn_to satellite3 groundstation46 star21)
1.543: (turn_to satellite0 star25 phenomenon69)
1.578: (turn_to satellite3 groundstation5 groundstation46)
1.549: (turn_to satellite0 phenomenon60 star25)
1.549: (turn_to satellite0 phenomenon53 phenomenon60)
1.528: (turn_to satellite3 star7 groundstation5)
1.545: (turn_to satellite3 groundstation36 star7)
1.543: (turn_to satellite0 star17 phenomenon53)
1.495: (turn_to satellite3 groundstation45 groundstation36)
1.489: (turn_to satellite0 groundstation26 star17)
1.457: (turn_to satellite3 star19 groundstation45)
1.476: (turn_to satellite3 star12 star19)
1.485: (turn_to satellite3 groundstation18 star12)
1.491: (switch_off instrument2 satellite0)
1.459: (turn_to satellite3 star12 groundstation18)
1.464: (turn_to satellite3 star19 star12)
1.493: (turn_to satellite3 groundstation45 star19)
1.493: (turn_to satellite3 star7 groundstation45)
1.518: (turn_to satellite3 groundstation8 star7)
1.500: (turn_to satellite0 star17 groundstation26)
1.494: (turn_to satellite3 star12 groundstation8)
1.497: (turn_to satellite3 star19 star12)
1.514: (turn_to satellite3 groundstation18 star19)
1.500: (turn_to satellite0 groundstation18 star17)
1.486: (turn_to satellite0 phenomenon80 groundstation18)
1.546: (turn_to satellite0 star4 phenomenon80)
1.544: (turn_to satellite3 groundstation45 groundstation18)
1.546: (turn_to satellite0 groundstation45 star4)
1.486: (turn_to satellite0 phenomenon80 groundstation45)
1.548: (turn_to satellite0 star23 phenomenon80)
1.544: (turn_to satellite3 groundstation18 groundstation45)
1.548: (turn_to satellite0 star25 star23)
1.544: (turn_to satellite3 groundstation45 groundstation18)
1.555: (turn_to satellite3 star19 groundstation45)
1.511: (turn_to satellite0 star4 star25)
1.511: (turn_to satellite0 star23 star4)
1.558: (turn_to satellite0 phenomenon53 star23)
1.530: (turn_to satellite3 groundstation45 star19)
1.519: (turn_to satellite0 star17 phenomenon53)
1.532: (turn_to satellite0 phenomenon83 star17)
1.548: (turn_to satellite0 star33 phenomenon83)
1.504: (switch_on instrument2 satellite0)
1.504: (turn_to satellite3 groundstation18 groundstation45)
1.508: (turn_to satellite3 star19 groundstation18)
1.526: (turn_to satellite0 star75 star33)
1.483: (turn_to satellite3 groundstation18 star19)
1.484: (turn_to satellite3 groundstation45 groundstation18)
1.516: (turn_to satellite3 groundstation8 groundstation45)
1.537: (turn_to satellite3 star21 groundstation8)
1.553: (turn_to satellite3 groundstation46 star21)
1.560: (turn_to satellite3 groundstation5 groundstation46)
1.551: (turn_to satellite0 star23 star75)
1.553: (turn_to satellite0 phenomenon70 star23)
1.554: (turn_to satellite0 star4 phenomenon70)
1.554: (turn_to satellite0 phenomenon83 star4)
Failed to find a solution!
