/u/ibrahim.eisawy/Neural-Guided-Search/venv/lib/python3.10/site-packages/pymimir_rgnn/model.py:151: UserWarning: index_reduce() is in beta and the API may change at any time. (Triggered internally at /pytorch/aten/src/ATen/native/cuda/Indexing.cu:1541.)
  max_msg.index_reduce_(0, output_indices, output_messages, reduce='amax', include_self=True)
Torch: 2.12.0+cu130
Using GPU:  NVIDIA L40S
74.119: (switch_on instrument8 satellite3)
68.508: (turn_to satellite3 star30 star65)
58.200: (calibrate satellite3 instrument8 star30)
56.269: (switch_on instrument1 satellite0)
55.277: (switch_on instrument10 satellite4)
54.484: (turn_to satellite2 star28 star43)
53.891: (turn_to satellite0 groundstation13 star0)
51.717: (calibrate satellite0 instrument1 groundstation13)
50.770: (turn_to satellite0 phenomenon73 groundstation13)
50.526: (turn_to satellite4 star9 phenomenon83)
47.285: (calibrate satellite4 instrument10 star9)
46.448: (turn_to satellite4 planet51 star9)
45.600: (take_image satellite4 planet51 instrument10 thermograph1)
45.065: (turn_to satellite4 planet79 planet51)
44.851: (turn_to satellite1 groundstation17 planet52)
44.734: (turn_to satellite3 planet66 star30)
43.371: (take_image satellite3 planet66 instrument8 spectrograph0)
42.883: (turn_to satellite3 planet58 planet66)
41.396: (take_image satellite3 planet58 instrument8 infrared3)
40.852: (turn_to satellite3 star77 planet58)
40.046: (take_image satellite3 star77 instrument8 spectrograph0)
39.532: (turn_to satellite3 phenomenon72 star77)
38.755: (take_image satellite3 phenomenon72 instrument8 spectrograph0)
38.239: (turn_to satellite3 phenomenon82 phenomenon72)
37.465: (take_image satellite3 phenomenon82 instrument8 spectrograph0)
36.930: (turn_to satellite3 star63 phenomenon82)
36.174: (take_image satellite3 star63 instrument8 spectrograph0)
35.616: (turn_to satellite3 star62 star63)
34.882: (take_image satellite3 star62 instrument8 spectrograph0)
34.317: (turn_to satellite3 star55 star62)
33.521: (take_image satellite3 star55 instrument8 spectrograph0)
32.981: (turn_to satellite3 planet54 star55)
32.118: (take_image satellite3 planet54 instrument8 infrared3)
31.666: (turn_to satellite3 planet52 planet54)
30.810: (take_image satellite3 planet52 instrument8 infrared3)
30.351: (turn_to satellite3 planet50 planet52)
29.501: (take_image satellite3 planet50 instrument8 infrared3)
29.076: (turn_to satellite3 planet60 planet50)
28.193: (take_image satellite3 planet60 instrument8 infrared3)
27.771: (turn_to satellite3 planet68 planet60)
26.883: (take_image satellite3 planet68 instrument8 infrared3)
26.456: (turn_to satellite3 phenomenon80 planet68)
25.575: (take_image satellite3 phenomenon80 instrument8 infrared3)
25.140: (turn_to satellite3 star71 phenomenon80)
24.266: (take_image satellite3 star71 instrument8 infrared3)
23.819: (turn_to satellite3 phenomenon76 star71)
22.929: (take_image satellite3 phenomenon76 instrument8 infrared3)
22.530: (turn_to satellite3 planet78 phenomenon76)
22.114: (turn_to satellite1 groundstation13 groundstation17)
22.097: (turn_to satellite3 star65 planet78)
21.455: (take_image satellite3 star65 instrument8 thermograph1)
20.887: (turn_to satellite3 planet75 star65)
20.147: (take_image satellite3 planet75 instrument8 thermograph1)
19.554: (turn_to satellite3 phenomenon84 planet75)
18.841: (take_image satellite3 phenomenon84 instrument8 thermograph1)
18.242: (turn_to satellite3 phenomenon83 phenomenon84)
17.536: (take_image satellite3 phenomenon83 instrument8 thermograph1)
16.934: (turn_to satellite3 phenomenon64 phenomenon83)
16.229: (take_image satellite3 phenomenon64 instrument8 thermograph1)
15.625: (turn_to satellite3 star67 phenomenon64)
14.924: (take_image satellite3 star67 instrument8 thermograph1)
14.314: (turn_to satellite3 phenomenon69 star67)
13.616: (take_image satellite3 phenomenon69 instrument8 thermograph1)
13.007: (turn_to satellite3 planet59 phenomenon69)
12.295: (take_image satellite3 planet59 instrument8 thermograph1)
11.727: (turn_to satellite3 star81 planet59)
11.637: (turn_to satellite4 planet78 planet79)
10.806: (take_image satellite4 planet78 instrument10 image4)
10.172: (turn_to satellite4 planet79 planet78)
10.159: (take_image satellite4 planet79 instrument10 thermograph1)
10.186: (take_image satellite4 planet79 instrument10 image4)
10.191: (turn_to satellite4 phenomenon61 planet79)
10.220: (turn_to satellite3 planet79 star81)
9.492: (take_image satellite3 planet79 instrument8 infrared3)
8.823: (turn_to satellite3 star81 planet79)
8.718: (take_image satellite3 star81 instrument8 thermograph1)
8.787: (turn_to satellite3 phenomenon53 star81)
8.723: (turn_to satellite4 star81 phenomenon61)
8.150: (take_image satellite4 star81 instrument10 image4)
7.671: (turn_to satellite4 phenomenon61 star81)
7.519: (turn_to satellite4 star56 phenomenon61)
7.466: (turn_to satellite3 phenomenon70 phenomenon53)
7.465: (turn_to satellite4 planet57 star56)
7.514: (turn_to satellite3 phenomenon61 phenomenon70)
7.519: (turn_to satellite4 star56 planet57)
7.520: (turn_to satellite4 phenomenon53 star56)
7.466: (turn_to satellite3 phenomenon70 phenomenon61)
7.518: (turn_to satellite3 planet57 phenomenon70)
7.512: (turn_to satellite4 phenomenon61 phenomenon53)
7.519: (turn_to satellite4 star56 phenomenon61)
7.541: (take_image satellite4 star56 instrument10 thermograph1)
7.537: (turn_to satellite4 phenomenon61 star56)
7.544: (turn_to satellite4 phenomenon53 phenomenon61)
7.565: (take_image satellite4 phenomenon53 instrument10 thermograph1)
7.567: (turn_to satellite4 phenomenon61 phenomenon53)
7.572: (turn_to satellite4 star56 phenomenon61)
7.583: (take_image satellite4 star56 instrument10 image4)
7.568: (turn_to satellite4 phenomenon61 star56)
7.574: (turn_to satellite4 phenomenon53 phenomenon61)
7.579: (take_image satellite4 phenomenon53 instrument10 image4)
7.568: (turn_to satellite4 phenomenon61 phenomenon53)
7.584: (take_image satellite4 phenomenon61 instrument10 thermograph1)
7.599: (take_image satellite4 phenomenon61 instrument10 image4)
7.605: (turn_to satellite4 phenomenon53 phenomenon61)
7.605: (turn_to satellite4 star56 phenomenon53)
7.681: (take_image satellite4 star56 instrument10 spectrograph0)
7.664: (turn_to satellite4 phenomenon61 star56)
7.676: (turn_to satellite4 phenomenon53 phenomenon61)
7.689: (take_image satellite4 phenomenon53 instrument10 spectrograph0)
7.668: (turn_to satellite4 phenomenon61 phenomenon53)
7.695: (take_image satellite4 phenomenon61 instrument10 spectrograph0)
7.706: (turn_to satellite4 star56 phenomenon61)
7.706: (turn_to satellite4 phenomenon53 star56)
7.779: (turn_to satellite3 phenomenon70 planet57)
7.693: (take_image satellite0 phenomenon73 instrument1 infrared2)
7.745: (turn_to satellite3 planet57 phenomenon70)
7.735: (turn_to satellite4 phenomenon61 phenomenon53)
7.746: (turn_to satellite4 star56 phenomenon61)
7.815: (switch_on instrument4 satellite2)
7.759: (turn_to satellite4 phenomenon53 star56)
7.769: (turn_to satellite4 phenomenon61 phenomenon53)
7.810: (turn_to satellite3 star56 planet57)
7.751: (switch_off instrument4 satellite2)
7.741: (turn_to satellite4 planet57 phenomenon61)
7.739: (turn_to satellite3 phenomenon70 star56)
7.686: (take_image satellite3 phenomenon70 instrument8 spectrograph0)
7.689: (take_image satellite3 phenomenon70 instrument8 infrared3)
7.742: (take_image satellite3 phenomenon70 instrument8 thermograph1)
7.824: (turn_to satellite3 phenomenon61 phenomenon70)
7.839: (take_image satellite4 planet57 instrument10 spectrograph0)
7.859: (turn_to satellite4 phenomenon53 planet57)
7.809: (turn_to satellite3 phenomenon70 phenomenon61)
7.839: (turn_to satellite3 planet57 phenomenon70)
7.842: (turn_to satellite4 phenomenon61 phenomenon53)
7.842: (turn_to satellite4 star56 phenomenon61)
7.887: (turn_to satellite3 phenomenon53 planet57)
7.809: (turn_to satellite3 phenomenon70 phenomenon53)
7.787: (turn_to satellite4 planet57 star56)
7.848: (turn_to satellite3 phenomenon53 phenomenon70)
7.851: (turn_to satellite3 star56 phenomenon53)
7.851: (turn_to satellite4 phenomenon61 planet57)
7.858: (turn_to satellite4 phenomenon53 phenomenon61)
7.882: (take_image satellite3 star56 instrument8 infrared3)
7.856: (turn_to satellite3 planet57 star56)
7.866: (turn_to satellite3 phenomenon61 planet57)
7.797: (turn_to satellite3 phenomenon70 phenomenon61)
7.878: (turn_to satellite4 planet57 phenomenon53)
7.869: (turn_to satellite3 phenomenon61 phenomenon70)
7.840: (turn_to satellite3 phenomenon53 phenomenon61)
7.865: (take_image satellite4 planet57 instrument10 thermograph1)
7.805: (turn_to satellite3 phenomenon70 phenomenon53)
7.896: (turn_to satellite4 phenomenon53 planet57)
7.891: (turn_to satellite3 phenomenon61 phenomenon70)
7.871: (turn_to satellite4 planet57 phenomenon53)
7.885: (take_image satellite3 phenomenon61 instrument8 infrared3)
7.863: (turn_to satellite3 phenomenon53 phenomenon61)
7.803: (turn_to satellite3 phenomenon70 phenomenon53)
7.894: (turn_to satellite4 phenomenon53 planet57)
7.907: (turn_to satellite4 star56 phenomenon53)
7.821: (turn_to satellite4 phenomenon61 star56)
7.891: (turn_to satellite3 phenomenon53 phenomenon70)
7.885: (take_image satellite3 phenomenon53 instrument8 infrared3)
7.892: (turn_to satellite3 star56 phenomenon53)
7.895: (turn_to satellite3 phenomenon70 star56)
7.805: (turn_to satellite4 planet57 phenomenon61)
7.896: (take_image satellite4 planet57 instrument10 image4)
7.897: (turn_to satellite4 phenomenon53 planet57)
7.904: (turn_to satellite4 star56 phenomenon53)
7.818: (turn_to satellite4 phenomenon61 star56)
7.896: (turn_to satellite3 phenomenon53 phenomenon70)
7.897: (turn_to satellite3 star56 phenomenon53)
7.898: (turn_to satellite3 planet57 star56)
7.890: (take_image satellite3 planet57 instrument8 infrared3)
7.891: (turn_to satellite3 phenomenon53 planet57)
7.893: (turn_to satellite3 phenomenon70 phenomenon53)
7.816: (turn_to satellite4 phenomenon53 phenomenon61)
7.902: (turn_to satellite4 planet57 phenomenon53)
7.902: (turn_to satellite4 star56 planet57)
7.897: (turn_to satellite3 phenomenon61 phenomenon70)
7.891: (turn_to satellite3 phenomenon53 phenomenon61)
7.897: (turn_to satellite4 planet57 star56)
7.917: (turn_to satellite3 phenomenon61 phenomenon53)
7.897: (turn_to satellite3 star56 phenomenon61)
7.917: (turn_to satellite4 phenomenon61 planet57)
7.933: (turn_to satellite4 phenomenon53 phenomenon61)
7.897: (turn_to satellite3 phenomenon61 star56)
7.933: (turn_to satellite3 planet57 phenomenon61)
7.933: (turn_to satellite4 star56 phenomenon53)
7.951: (switch_on instrument4 satellite2)
7.868: (turn_to satellite3 phenomenon61 planet57)
7.871: (turn_to satellite3 phenomenon53 phenomenon61)
7.868: (turn_to satellite4 planet57 star56)
7.868: (turn_to satellite4 phenomenon61 planet57)
7.868: (turn_to satellite3 star56 phenomenon53)
7.868: (turn_to satellite3 planet57 star56)
7.944: (turn_to satellite3 phenomenon70 planet57)
7.937: (turn_to satellite4 phenomenon53 phenomenon61)
7.938: (turn_to satellite3 phenomenon61 phenomenon70)
7.868: (turn_to satellite4 planet57 phenomenon53)
7.868: (turn_to satellite3 star56 phenomenon61)
7.944: (turn_to satellite3 phenomenon70 star56)
7.950: (turn_to satellite4 star56 planet57)
8.038: (turn_to satellite0 phenomenon61 phenomenon73)
7.185: (take_image satellite0 phenomenon61 instrument1 infrared2)
6.641: (turn_to satellite0 planet57 phenomenon61)
6.007: (take_image satellite0 planet57 instrument1 infrared2)
5.451: (turn_to satellite0 phenomenon53 planet57)
4.857: (take_image satellite0 phenomenon53 instrument1 infrared2)
4.413: (turn_to satellite0 phenomenon73 phenomenon53)
4.466: (switch_off instrument4 satellite2)
4.441: (switch_on instrument5 satellite2)
4.649: (switch_on instrument3 satellite1)
3.853: (calibrate satellite1 instrument3 groundstation13)
3.756: (switch_off instrument5 satellite2)
3.734: (switch_on instrument4 satellite2)
3.759: (take_image satellite1 groundstation13 instrument3 image4)
3.773: (switch_off instrument4 satellite2)
3.878: (switch_on instrument5 satellite2)
4.077: (turn_to satellite1 star56 groundstation13)
3.557: (turn_to satellite4 groundstation13 star56)
3.433: (switch_off instrument5 satellite2)
3.483: (switch_on instrument4 satellite2)
3.535: (take_image satellite4 groundstation13 instrument10 spectrograph0)
3.421: (switch_off instrument4 satellite2)
3.520: (take_image satellite4 groundstation13 instrument10 thermograph1)
3.503: (switch_on instrument4 satellite2)
3.794: (turn_to satellite4 star30 groundstation13)
3.708: (switch_off instrument4 satellite2)
3.801: (take_image satellite4 star30 instrument10 spectrograph0)
3.525: (turn_to satellite4 groundstation13 star30)
3.500: (switch_on instrument4 satellite2)
3.752: (turn_to satellite4 star30 groundstation13)
3.876: (take_image satellite4 star30 instrument10 image4)
3.577: (turn_to satellite4 groundstation13 star30)
3.428: (switch_off instrument4 satellite2)
3.648: (switch_on instrument5 satellite2)
3.947: (turn_to satellite4 star30 groundstation13)
3.715: (switch_off instrument5 satellite2)
3.806: (take_image satellite4 star30 instrument10 thermograph1)
3.519: (turn_to satellite4 groundstation13 star30)
3.502: (switch_on instrument4 satellite2)
3.748: (turn_to satellite4 star30 groundstation13)
3.938: (turn_to satellite4 groundstation10 star30)
3.774: (switch_off instrument4 satellite2)
3.914: (take_image satellite4 groundstation10 instrument10 image4)
3.523: (turn_to satellite4 groundstation13 groundstation10)
3.501: (switch_on instrument4 satellite2)
3.745: (turn_to satellite4 star30 groundstation13)
3.700: (switch_off instrument4 satellite2)
3.915: (turn_to satellite4 groundstation19 star30)
3.823: (switch_on instrument4 satellite2)
3.895: (take_image satellite4 groundstation19 instrument10 spectrograph0)
3.584: (turn_to satellite4 groundstation13 groundstation19)
3.436: (switch_off instrument4 satellite2)
3.648: (switch_on instrument5 satellite2)
3.945: (turn_to satellite4 star30 groundstation13)
3.732: (switch_off instrument5 satellite2)
3.771: (switch_on instrument4 satellite2)
3.905: (turn_to satellite4 groundstation10 star30)
3.782: (switch_off instrument4 satellite2)
3.887: (turn_to satellite4 groundstation19 groundstation10)
3.858: (take_image satellite4 groundstation19 instrument10 thermograph1)
3.526: (turn_to satellite4 groundstation13 groundstation19)
3.505: (switch_on instrument4 satellite2)
3.747: (turn_to satellite4 star30 groundstation13)
3.717: (switch_off instrument4 satellite2)
3.904: (turn_to satellite4 groundstation10 star30)
3.847: (switch_on instrument4 satellite2)
3.923: (turn_to satellite4 groundstation19 groundstation10)
3.883: (take_image satellite4 groundstation19 instrument10 image4)
3.580: (turn_to satellite4 groundstation13 groundstation19)
3.442: (switch_off instrument4 satellite2)
3.651: (switch_on instrument5 satellite2)
3.951: (turn_to satellite4 star30 groundstation13)
3.736: (switch_off instrument5 satellite2)
3.774: (switch_on instrument4 satellite2)
3.910: (turn_to satellite4 groundstation10 star30)
3.791: (switch_off instrument4 satellite2)
3.890: (turn_to satellite4 groundstation19 groundstation10)
3.946: (turn_to satellite4 star49 groundstation19)
3.920: (switch_on instrument4 satellite2)
3.988: (take_image satellite4 star49 instrument10 image4)
3.590: (turn_to satellite4 groundstation13 star49)
3.448: (switch_off instrument4 satellite2)
3.653: (switch_on instrument5 satellite2)
3.960: (turn_to satellite4 star30 groundstation13)
3.739: (switch_off instrument5 satellite2)
3.776: (switch_on instrument4 satellite2)
3.916: (turn_to satellite4 groundstation10 star30)
3.792: (switch_off instrument4 satellite2)
3.889: (turn_to satellite4 groundstation19 groundstation10)
3.830: (switch_on instrument4 satellite2)
4.000: (turn_to satellite4 star12 groundstation19)
3.879: (switch_off instrument4 satellite2)
3.936: (turn_to satellite4 star49 star12)
3.959: (take_image satellite4 star49 instrument10 spectrograph0)
3.534: (turn_to satellite4 groundstation13 star49)
3.510: (switch_on instrument4 satellite2)
3.752: (turn_to satellite4 star30 groundstation13)
3.719: (switch_off instrument4 satellite2)
3.893: (turn_to satellite4 groundstation19 star30)
3.834: (switch_on instrument4 satellite2)
3.918: (turn_to satellite4 groundstation10 groundstation19)
3.798: (switch_off instrument4 satellite2)
3.912: (take_image satellite4 groundstation10 instrument10 spectrograph0)
3.536: (turn_to satellite4 groundstation13 groundstation10)
3.514: (switch_on instrument4 satellite2)
3.758: (turn_to satellite4 star30 groundstation13)
3.724: (switch_off instrument4 satellite2)
3.901: (turn_to satellite4 groundstation19 star30)
3.838: (switch_on instrument4 satellite2)
3.929: (turn_to satellite4 star49 groundstation19)
3.886: (switch_off instrument4 satellite2)
3.966: (take_image satellite4 star49 instrument10 thermograph1)
3.536: (turn_to satellite4 groundstation13 star49)
3.514: (switch_on instrument4 satellite2)
3.758: (turn_to satellite4 star30 groundstation13)
3.724: (switch_off instrument4 satellite2)
3.901: (turn_to satellite4 groundstation19 star30)
3.838: (switch_on instrument4 satellite2)
3.933: (turn_to satellite4 star49 groundstation19)
3.935: (turn_to satellite4 groundstation10 star49)
3.783: (switch_off instrument4 satellite2)
3.937: (take_image satellite4 groundstation10 instrument10 thermograph1)
3.536: (turn_to satellite4 groundstation13 groundstation10)
3.514: (switch_on instrument4 satellite2)
3.758: (turn_to satellite4 star30 groundstation13)
3.724: (switch_off instrument4 satellite2)
3.901: (turn_to satellite4 groundstation19 star30)
3.838: (switch_on instrument4 satellite2)
3.933: (turn_to satellite4 star49 groundstation19)
3.889: (switch_off instrument4 satellite2)
4.017: (turn_to satellite4 star12 star49)
3.925: (switch_on instrument4 satellite2)
3.964: (turn_to satellite4 groundstation10 star12)
4.036: (turn_to satellite4 star21 groundstation10)
3.971: (switch_off instrument4 satellite2)
4.028: (take_image satellite4 star21 instrument10 spectrograph0)
3.538: (turn_to satellite4 groundstation13 star21)
3.518: (switch_on instrument4 satellite2)
3.753: (turn_to satellite4 star30 groundstation13)
3.730: (switch_off instrument4 satellite2)
3.902: (turn_to satellite4 groundstation19 star30)
3.842: (switch_on instrument4 satellite2)
3.936: (turn_to satellite4 star49 groundstation19)
3.891: (switch_off instrument4 satellite2)
3.933: (turn_to satellite4 groundstation10 star49)
3.872: (switch_on instrument4 satellite2)
3.997: (turn_to satellite4 star21 groundstation10)
3.995: (turn_to satellite4 star12 star21)
3.895: (switch_off instrument4 satellite2)
3.986: (take_image satellite4 star12 instrument10 image4)
3.550: (turn_to satellite4 groundstation13 star12)
3.515: (switch_on instrument4 satellite2)
3.769: (turn_to satellite4 star30 groundstation13)
3.743: (switch_off instrument4 satellite2)
3.899: (turn_to satellite4 groundstation19 star30)
3.839: (switch_on instrument4 satellite2)
3.951: (turn_to satellite4 star49 groundstation19)
3.876: (switch_off instrument4 satellite2)
3.950: (turn_to satellite4 groundstation10 star49)
3.870: (switch_on instrument4 satellite2)
4.001: (turn_to satellite4 star21 groundstation10)
3.965: (switch_off instrument4 satellite2)
4.036: (take_image satellite4 star21 instrument10 thermograph1)
3.554: (turn_to satellite4 groundstation13 star21)
3.517: (switch_on instrument4 satellite2)
3.775: (turn_to satellite4 star30 groundstation13)
3.741: (switch_off instrument4 satellite2)
3.904: (turn_to satellite4 groundstation19 star30)
3.841: (switch_on instrument4 satellite2)
3.957: (turn_to satellite4 star49 groundstation19)
3.882: (switch_off instrument4 satellite2)
3.954: (turn_to satellite4 groundstation10 star49)
3.872: (switch_on instrument4 satellite2)
4.009: (turn_to satellite4 star12 groundstation10)
3.896: (switch_off instrument4 satellite2)
3.991: (take_image satellite4 star12 instrument10 spectrograph0)
3.557: (turn_to satellite4 groundstation13 star12)
3.521: (switch_on instrument4 satellite2)
3.774: (turn_to satellite4 star30 groundstation13)
3.741: (switch_off instrument4 satellite2)
3.910: (turn_to satellite4 groundstation19 star30)
3.844: (switch_on instrument4 satellite2)
3.959: (turn_to satellite4 star49 groundstation19)
3.889: (switch_off instrument4 satellite2)
3.954: (turn_to satellite4 groundstation10 star49)
3.875: (switch_on instrument4 satellite2)
4.016: (turn_to satellite4 star21 groundstation10)
3.970: (switch_off instrument4 satellite2)
4.039: (take_image satellite4 star21 instrument10 image4)
3.557: (turn_to satellite4 groundstation13 star21)
3.521: (switch_on instrument4 satellite2)
3.774: (turn_to satellite4 star30 groundstation13)
3.741: (switch_off instrument4 satellite2)
3.910: (turn_to satellite4 groundstation19 star30)
3.844: (switch_on instrument4 satellite2)
3.959: (turn_to satellite4 star49 groundstation19)
3.888: (switch_off instrument4 satellite2)
3.954: (turn_to satellite4 groundstation10 star49)
3.875: (switch_on instrument4 satellite2)
4.015: (turn_to satellite4 star21 groundstation10)
4.012: (turn_to satellite4 star12 star21)
3.890: (switch_off instrument4 satellite2)
3.997: (take_image satellite4 star12 instrument10 thermograph1)
3.557: (turn_to satellite4 groundstation13 star12)
3.520: (switch_on instrument4 satellite2)
3.775: (turn_to satellite4 star30 groundstation13)
3.741: (switch_off instrument4 satellite2)
3.910: (turn_to satellite4 groundstation19 star30)
3.844: (switch_on instrument4 satellite2)
3.959: (turn_to satellite4 star49 groundstation19)
3.889: (switch_off instrument4 satellite2)
3.954: (turn_to satellite4 groundstation10 star49)
3.875: (switch_on instrument4 satellite2)
4.015: (turn_to satellite4 star21 groundstation10)
3.981: (switch_off instrument4 satellite2)
4.060: (turn_to satellite4 star56 star21)
3.795: (turn_to satellite1 groundstation13 star56)
3.767: (switch_on instrument4 satellite2)
3.991: (turn_to satellite1 star56 groundstation13)
3.914: (turn_to satellite4 star12 star56)
4.086: (turn_to satellite4 groundstation15 star12)
3.948: (switch_off instrument4 satellite2)
4.071: (turn_to satellite4 star31 groundstation15)
3.994: (switch_on instrument4 satellite2)
4.101: (take_image satellite4 star31 instrument10 image4)
3.601: (turn_to satellite4 groundstation13 star31)
3.456: (switch_off instrument4 satellite2)
3.666: (switch_on instrument5 satellite2)
3.969: (turn_to satellite4 star30 groundstation13)
3.749: (switch_off instrument5 satellite2)
3.790: (switch_on instrument4 satellite2)
3.930: (turn_to satellite4 groundstation19 star30)
3.791: (switch_off instrument4 satellite2)
3.921: (turn_to satellite4 star49 groundstation19)
3.942: (turn_to satellite4 groundstation10 star49)
3.875: (switch_on instrument4 satellite2)
3.952: (turn_to satellite4 star49 groundstation10)
4.017: (turn_to satellite4 star12 star49)
3.887: (switch_off instrument4 satellite2)
4.005: (turn_to satellite4 star21 star12)
4.023: (switch_on instrument4 satellite2)
4.068: (turn_to satellite4 star56 star21)
3.810: (turn_to satellite1 groundstation13 star56)
3.792: (switch_off instrument4 satellite2)
3.914: (switch_on instrument5 satellite2)
4.081: (turn_to satellite1 star56 groundstation13)
3.923: (turn_to satellite4 groundstation19 star56)
4.018: (turn_to satellite4 star49 groundstation19)
4.054: (turn_to satellite4 groundstation10 star49)
4.037: (turn_to satellite4 star12 groundstation10)
4.088: (turn_to satellite4 phenomenon84 star12)
3.965: (switch_off instrument5 satellite2)
4.031: (switch_on instrument4 satellite2)
4.090: (turn_to satellite4 groundstation15 phenomenon84)
3.947: (switch_off instrument4 satellite2)
4.060: (turn_to satellite4 star31 groundstation15)
4.056: (take_image satellite4 star31 instrument10 thermograph1)
3.557: (turn_to satellite4 groundstation13 star31)
3.521: (switch_on instrument4 satellite2)
3.770: (turn_to satellite4 star30 groundstation13)
3.742: (switch_off instrument4 satellite2)
3.904: (turn_to satellite4 groundstation19 star30)
3.845: (switch_on instrument4 satellite2)
3.952: (turn_to satellite4 star49 groundstation19)
3.887: (switch_off instrument4 satellite2)
3.942: (turn_to satellite4 groundstation10 star49)
3.875: (switch_on instrument4 satellite2)
4.008: (turn_to satellite4 star21 groundstation10)
3.984: (switch_off instrument4 satellite2)
3.962: (turn_to satellite4 star12 star21)
3.944: (switch_on instrument4 satellite2)
4.068: (turn_to satellite4 star56 star12)
3.810: (turn_to satellite1 groundstation13 star56)
3.792: (switch_off instrument4 satellite2)
3.914: (switch_on instrument5 satellite2)
4.081: (turn_to satellite1 star56 groundstation13)
3.615: (turn_to satellite4 groundstation13 star56)
3.969: (turn_to satellite4 star30 groundstation13)
4.002: (turn_to satellite4 groundstation19 star30)
4.018: (turn_to satellite4 star49 groundstation19)
4.054: (turn_to satellite4 groundstation10 star49)
4.040: (turn_to satellite4 star12 groundstation10)
4.088: (turn_to satellite4 phenomenon84 star12)
3.965: (switch_off instrument5 satellite2)
4.031: (switch_on instrument4 satellite2)
4.090: (turn_to satellite4 groundstation15 phenomenon84)
3.947: (switch_off instrument4 satellite2)
4.065: (turn_to satellite4 star56 groundstation15)
3.965: (turn_to satellite4 phenomenon83 star56)
4.012: (turn_to satellite4 star81 phenomenon83)
3.968: (turn_to satellite4 planet75 star81)
4.031: (switch_on instrument4 satellite2)
4.098: (turn_to satellite4 groundstation17 planet75)
4.085: (take_image satellite4 groundstation17 instrument10 image4)
3.583: (turn_to satellite4 groundstation13 groundstation17)
3.460: (switch_off instrument4 satellite2)
3.667: (switch_on instrument5 satellite2)
3.981: (turn_to satellite4 star30 groundstation13)
3.752: (switch_off instrument5 satellite2)
3.790: (switch_on instrument4 satellite2)
3.916: (turn_to satellite4 groundstation19 star30)
3.792: (switch_off instrument4 satellite2)
3.917: (turn_to satellite4 star49 groundstation19)
3.939: (turn_to satellite4 groundstation10 star49)
3.875: (switch_on instrument4 satellite2)
3.947: (turn_to satellite4 star49 groundstation10)
4.003: (turn_to satellite4 star12 star49)
3.889: (switch_off instrument4 satellite2)
4.005: (turn_to satellite4 star21 star12)
4.022: (switch_on instrument4 satellite2)
4.069: (turn_to satellite4 star56 star21)
3.806: (turn_to satellite1 groundstation13 star56)
3.804: (switch_off instrument4 satellite2)
3.915: (switch_on instrument5 satellite2)
4.077: (turn_to satellite1 star56 groundstation13)
3.922: (turn_to satellite4 groundstation19 star56)
4.019: (turn_to satellite4 star49 groundstation19)
4.062: (turn_to satellite4 groundstation10 star49)
4.038: (turn_to satellite4 star12 groundstation10)
4.081: (turn_to satellite4 phenomenon84 star12)
3.970: (switch_off instrument5 satellite2)
4.032: (switch_on instrument4 satellite2)
4.080: (turn_to satellite4 groundstation15 phenomenon84)
3.950: (switch_off instrument4 satellite2)
4.052: (turn_to satellite4 star31 groundstation15)
3.998: (switch_on instrument4 satellite2)
4.101: (take_image satellite4 star31 instrument10 spectrograph0)
3.584: (turn_to satellite4 groundstation13 star31)
3.467: (switch_off instrument4 satellite2)
3.672: (switch_on instrument5 satellite2)
3.990: (turn_to satellite4 star30 groundstation13)
3.757: (switch_off instrument5 satellite2)
3.794: (switch_on instrument4 satellite2)
3.921: (turn_to satellite4 groundstation19 star30)
3.797: (switch_off instrument4 satellite2)
3.920: (turn_to satellite4 star49 groundstation19)
3.940: (turn_to satellite4 groundstation10 star49)
3.879: (switch_on instrument4 satellite2)
3.957: (turn_to satellite4 star49 groundstation10)
4.014: (turn_to satellite4 star12 star49)
3.890: (switch_off instrument4 satellite2)
4.010: (turn_to satellite4 star21 star12)
4.027: (switch_on instrument4 satellite2)
4.074: (turn_to satellite4 star56 star21)
3.804: (turn_to satellite1 groundstation13 star56)
3.807: (switch_off instrument4 satellite2)
3.920: (switch_on instrument5 satellite2)
4.076: (turn_to satellite1 star56 groundstation13)
3.930: (turn_to satellite4 groundstation19 star56)
4.029: (turn_to satellite4 star49 groundstation19)
4.065: (turn_to satellite4 groundstation10 star49)
4.048: (turn_to satellite4 star12 groundstation10)
4.090: (turn_to satellite4 phenomenon83 star12)
3.999: (switch_off instrument5 satellite2)
3.977: (turn_to satellite4 groundstation15 phenomenon83)
4.002: (switch_on instrument4 satellite2)
4.039: (take_image satellite4 groundstation15 instrument10 spectrograph0)
3.581: (turn_to satellite4 groundstation13 groundstation15)
3.470: (switch_off instrument4 satellite2)
3.674: (switch_on instrument5 satellite2)
3.993: (turn_to satellite4 star30 groundstation13)
3.762: (switch_off instrument5 satellite2)
3.797: (switch_on instrument4 satellite2)
3.914: (turn_to satellite4 groundstation19 star30)
3.799: (switch_off instrument4 satellite2)
3.924: (turn_to satellite4 star49 groundstation19)
3.934: (turn_to satellite4 groundstation10 star49)
3.883: (switch_on instrument4 satellite2)
3.956: (turn_to satellite4 star49 groundstation10)
4.012: (turn_to satellite4 star12 star49)
3.893: (switch_off instrument4 satellite2)
4.010: (turn_to satellite4 star21 star12)
4.030: (switch_on instrument4 satellite2)
4.056: (turn_to satellite4 star56 star21)
3.804: (turn_to satellite1 groundstation13 star56)
3.810: (switch_off instrument4 satellite2)
3.923: (switch_on instrument5 satellite2)
4.081: (turn_to satellite1 star56 groundstation13)
3.931: (turn_to satellite4 groundstation19 star56)
4.032: (turn_to satellite4 star49 groundstation19)
4.064: (turn_to satellite4 groundstation10 star49)
4.053: (turn_to satellite4 star12 groundstation10)
4.088: (turn_to satellite4 planet75 star12)
3.976: (switch_off instrument5 satellite2)
4.039: (switch_on instrument4 satellite2)
4.082: (turn_to satellite4 groundstation17 planet75)
4.090: (take_image satellite4 groundstation17 instrument10 spectrograph0)
3.588: (turn_to satellite4 groundstation13 groundstation17)
3.471: (switch_off instrument4 satellite2)
3.679: (switch_on instrument5 satellite2)
4.002: (turn_to satellite4 star30 groundstation13)
3.766: (switch_off instrument5 satellite2)
3.801: (switch_on instrument4 satellite2)
3.918: (turn_to satellite4 groundstation19 star30)
3.803: (switch_off instrument4 satellite2)
3.934: (turn_to satellite4 star49 groundstation19)
3.936: (turn_to satellite4 groundstation10 star49)
3.887: (switch_on instrument4 satellite2)
3.956: (turn_to satellite4 star49 groundstation10)
4.013: (turn_to satellite4 star12 star49)
3.897: (switch_off instrument4 satellite2)
4.012: (turn_to satellite4 star21 star12)
4.034: (switch_on instrument4 satellite2)
4.063: (turn_to satellite4 star56 star21)
3.802: (turn_to satellite1 groundstation13 star56)
3.815: (switch_off instrument4 satellite2)
3.928: (switch_on instrument5 satellite2)
4.080: (turn_to satellite1 star56 groundstation13)
3.933: (turn_to satellite4 groundstation19 star56)
4.032: (turn_to satellite4 star49 groundstation19)
4.070: (turn_to satellite4 groundstation10 star49)
4.054: (turn_to satellite4 star12 groundstation10)
4.113: (turn_to satellite4 phenomenon69 star12)
3.982: (switch_off instrument5 satellite2)
4.042: (switch_on instrument4 satellite2)
4.074: (turn_to satellite4 groundstation15 phenomenon69)
3.929: (switch_off instrument4 satellite2)
4.052: (turn_to satellite4 star31 groundstation15)
4.020: (switch_on instrument4 satellite2)
4.128: (turn_to satellite4 star81 star31)
4.000: (turn_to satellite4 phenomenon84 star81)
3.984: (switch_off instrument4 satellite2)
4.068: (turn_to satellite4 star56 phenomenon84)
3.982: (turn_to satellite4 phenomenon83 star56)
4.023: (turn_to satellite4 star81 phenomenon83)
3.985: (turn_to satellite4 planet75 star81)
4.042: (switch_on instrument4 satellite2)
4.121: (turn_to satellite0 groundstation13 phenomenon73)
3.981: (turn_to satellite4 star74 planet75)
4.000: (take_image satellite4 star74 instrument10 spectrograph0)
4.020: (take_image satellite4 star74 instrument10 image4)
4.036: (take_image satellite4 star74 instrument10 thermograph1)
4.061: (take_image satellite0 groundstation13 instrument1 infrared2)
4.064: (switch_off instrument4 satellite2)
4.013: (turn_to satellite4 star56 star74)
4.016: (turn_to satellite0 phenomenon73 groundstation13)
3.510: (turn_to satellite4 groundstation13 star56)
3.580: (switch_on instrument4 satellite2)
3.874: (turn_to satellite4 star30 groundstation13)
3.804: (switch_off instrument4 satellite2)
3.951: (turn_to satellite4 groundstation19 star30)
3.904: (switch_on instrument4 satellite2)
3.993: (turn_to satellite4 star49 groundstation19)
3.944: (switch_off instrument4 satellite2)
4.015: (turn_to satellite4 groundstation10 star49)
3.937: (switch_on instrument4 satellite2)
4.073: (turn_to satellite4 star12 groundstation10)
3.944: (switch_off instrument4 satellite2)
4.101: (turn_to satellite4 star31 star12)
4.069: (switch_on instrument4 satellite2)
4.100: (turn_to satellite4 star56 star31)
3.877: (turn_to satellite1 groundstation13 star56)
3.889: (switch_off instrument4 satellite2)
3.973: (switch_on instrument5 satellite2)
4.129: (turn_to satellite1 star56 groundstation13)
3.684: (turn_to satellite4 groundstation13 star56)
4.045: (turn_to satellite4 star30 groundstation13)
4.087: (turn_to satellite4 groundstation19 star30)
4.114: (turn_to satellite4 star49 groundstation19)
4.115: (turn_to satellite4 groundstation10 star49)
4.133: (turn_to satellite4 star12 groundstation10)
4.167: (turn_to satellite4 star77 star12)
4.108: (switch_off instrument5 satellite2)
4.120: (turn_to satellite4 phenomenon69 star77)
4.092: (switch_on instrument4 satellite2)
4.148: (take_image satellite4 phenomenon69 instrument10 image4)
3.657: (turn_to satellite4 groundstation13 phenomenon69)
3.513: (switch_off instrument4 satellite2)
3.726: (switch_on instrument5 satellite2)
4.045: (turn_to satellite4 star30 groundstation13)
3.804: (switch_off instrument5 satellite2)
3.847: (switch_on instrument4 satellite2)
3.990: (turn_to satellite4 groundstation19 star30)
3.860: (switch_off instrument4 satellite2)
3.973: (turn_to satellite4 star49 groundstation19)
4.004: (switch_on instrument4 satellite2)
4.023: (turn_to satellite4 groundstation10 star49)
3.851: (switch_off instrument4 satellite2)
4.020: (turn_to satellite4 star12 groundstation10)
4.004: (switch_on instrument4 satellite2)
4.100: (turn_to satellite4 star56 star12)
3.878: (turn_to satellite1 groundstation13 star56)
3.889: (switch_off instrument4 satellite2)
3.973: (switch_on instrument5 satellite2)
4.129: (turn_to satellite1 star56 groundstation13)
4.018: (switch_off instrument5 satellite2)
3.942: (turn_to satellite4 star31 star56)
4.069: (switch_on instrument4 satellite2)
4.101: (turn_to satellite4 star21 star31)
4.038: (switch_off instrument4 satellite2)
4.121: (turn_to satellite4 star67 star21)
4.092: (switch_on instrument4 satellite2)
4.148: (take_image satellite4 star67 instrument10 image4)
3.653: (turn_to satellite4 groundstation13 star67)
3.513: (switch_off instrument4 satellite2)
3.726: (switch_on instrument5 satellite2)
4.045: (turn_to satellite4 star30 groundstation13)
3.804: (switch_off instrument5 satellite2)
3.847: (switch_on instrument4 satellite2)
3.990: (turn_to satellite4 groundstation19 star30)
3.860: (switch_off instrument4 satellite2)
3.973: (turn_to satellite4 star49 groundstation19)
4.004: (switch_on instrument4 satellite2)
4.018: (turn_to satellite4 groundstation10 star49)
3.851: (switch_off instrument4 satellite2)
4.020: (turn_to satellite4 star12 groundstation10)
4.004: (switch_on instrument4 satellite2)
4.100: (turn_to satellite4 star56 star12)
3.878: (turn_to satellite1 groundstation13 star56)
3.889: (switch_off instrument4 satellite2)
3.973: (switch_on instrument5 satellite2)
4.129: (turn_to satellite1 star56 groundstation13)
4.018: (switch_off instrument5 satellite2)
3.942: (turn_to satellite4 star31 star56)
4.069: (switch_on instrument4 satellite2)
4.101: (turn_to satellite4 star21 star31)
4.038: (switch_off instrument4 satellite2)
4.121: (turn_to satellite4 star65 star21)
4.092: (switch_on instrument4 satellite2)
4.147: (turn_to satellite4 phenomenon69 star65)
4.020: (switch_off instrument4 satellite2)
4.121: (turn_to satellite4 planet75 phenomenon69)
4.092: (switch_on instrument4 satellite2)
4.147: (take_image satellite4 planet75 instrument10 image4)
3.648: (turn_to satellite4 groundstation13 planet75)
3.513: (switch_off instrument4 satellite2)
3.726: (switch_on instrument5 satellite2)
4.045: (turn_to satellite4 star30 groundstation13)
3.804: (switch_off instrument5 satellite2)
3.847: (switch_on instrument4 satellite2)
3.990: (turn_to satellite4 groundstation19 star30)
3.860: (switch_off instrument4 satellite2)
3.973: (turn_to satellite4 star49 groundstation19)
4.004: (switch_on instrument4 satellite2)
4.014: (turn_to satellite4 groundstation10 star49)
3.851: (switch_off instrument4 satellite2)
4.020: (turn_to satellite4 star12 groundstation10)
4.004: (switch_on instrument4 satellite2)
4.100: (turn_to satellite4 star56 star12)
3.878: (turn_to satellite1 groundstation13 star56)
3.889: (switch_off instrument4 satellite2)
3.973: (switch_on instrument5 satellite2)
4.129: (turn_to satellite1 star56 groundstation13)
4.018: (switch_off instrument5 satellite2)
3.942: (turn_to satellite4 star31 star56)
4.069: (switch_on instrument4 satellite2)
4.101: (turn_to satellite4 star21 star31)
4.038: (switch_off instrument4 satellite2)
4.122: (turn_to satellite4 star65 star21)
4.092: (switch_on instrument4 satellite2)
4.146: (turn_to satellite4 star67 star65)
4.018: (switch_off instrument4 satellite2)
4.122: (turn_to satellite4 phenomenon64 star67)
4.092: (switch_on instrument4 satellite2)
4.146: (turn_to satellite4 phenomenon69 phenomenon64)
4.018: (switch_off instrument4 satellite2)
4.123: (turn_to satellite4 phenomenon84 phenomenon69)
4.092: (switch_on instrument4 satellite2)
4.146: (take_image satellite4 phenomenon84 instrument10 image4)
3.644: (turn_to satellite4 groundstation13 phenomenon84)
3.513: (switch_off instrument4 satellite2)
3.726: (switch_on instrument5 satellite2)
4.045: (turn_to satellite4 star30 groundstation13)
3.804: (switch_off instrument5 satellite2)
3.847: (switch_on instrument4 satellite2)
3.990: (turn_to satellite4 groundstation19 star30)
3.860: (switch_off instrument4 satellite2)
3.973: (turn_to satellite4 star49 groundstation19)
4.004: (switch_on instrument4 satellite2)
4.010: (turn_to satellite4 groundstation10 star49)
3.851: (switch_off instrument4 satellite2)
4.023: (turn_to satellite4 star12 groundstation10)
4.004: (switch_on instrument4 satellite2)
4.100: (turn_to satellite4 star56 star12)
3.878: (turn_to satellite1 groundstation13 star56)
3.889: (switch_off instrument4 satellite2)
3.973: (switch_on instrument5 satellite2)
4.129: (turn_to satellite1 star56 groundstation13)
4.018: (switch_off instrument5 satellite2)
3.942: (turn_to satellite4 star31 star56)
4.069: (switch_on instrument4 satellite2)
4.101: (turn_to satellite4 star21 star31)
4.038: (switch_off instrument4 satellite2)
4.123: (turn_to satellite4 star65 star21)
4.091: (switch_on instrument4 satellite2)
4.145: (turn_to satellite4 planet75 star65)
4.016: (switch_off instrument4 satellite2)
4.122: (turn_to satellite4 phenomenon64 planet75)
4.091: (switch_on instrument4 satellite2)
4.145: (turn_to satellite4 star67 phenomenon64)
4.016: (switch_off instrument4 satellite2)
4.124: (turn_to satellite4 phenomenon83 star67)
4.042: (turn_to satellite4 groundstation15 phenomenon83)
4.064: (switch_on instrument4 satellite2)
4.146: (turn_to satellite4 phenomenon69 groundstation15)
4.016: (switch_off instrument4 satellite2)
4.125: (turn_to satellite4 phenomenon84 phenomenon69)
4.130: (turn_to satellite4 planet59 phenomenon84)
4.091: (switch_on instrument4 satellite2)
4.146: (take_image satellite4 planet59 instrument10 image4)
3.640: (turn_to satellite4 groundstation13 planet59)
3.513: (switch_off instrument4 satellite2)
3.726: (switch_on instrument5 satellite2)
4.045: (turn_to satellite4 star30 groundstation13)
3.804: (switch_off instrument5 satellite2)
3.847: (switch_on instrument4 satellite2)
3.990: (turn_to satellite4 groundstation19 star30)
3.860: (switch_off instrument4 satellite2)
3.973: (turn_to satellite4 star49 groundstation19)
4.004: (switch_on instrument4 satellite2)
4.006: (turn_to satellite4 groundstation10 star49)
3.851: (switch_off instrument4 satellite2)
4.023: (turn_to satellite4 star12 groundstation10)
4.004: (switch_on instrument4 satellite2)
4.100: (turn_to satellite4 star56 star12)
3.878: (turn_to satellite1 groundstation13 star56)
3.889: (switch_off instrument4 satellite2)
3.973: (switch_on instrument5 satellite2)
4.129: (turn_to satellite1 star56 groundstation13)
4.018: (switch_off instrument5 satellite2)
3.942: (turn_to satellite4 star31 star56)
4.069: (switch_on instrument4 satellite2)
4.102: (turn_to satellite4 star21 star31)
4.038: (switch_off instrument4 satellite2)
4.123: (turn_to satellite4 star65 star21)
4.091: (switch_on instrument4 satellite2)
4.145: (turn_to satellite4 planet75 star65)
4.014: (switch_off instrument4 satellite2)
4.123: (turn_to satellite4 phenomenon64 planet75)
4.091: (switch_on instrument4 satellite2)
4.145: (turn_to satellite4 star67 phenomenon64)
4.014: (switch_off instrument4 satellite2)
4.124: (turn_to satellite4 phenomenon83 star67)
4.042: (turn_to satellite4 groundstation15 phenomenon83)
4.064: (switch_on instrument4 satellite2)
4.146: (turn_to satellite4 phenomenon69 groundstation15)
4.014: (switch_off instrument4 satellite2)
4.126: (turn_to satellite4 phenomenon84 phenomenon69)
4.092: (switch_on instrument4 satellite2)
4.150: (turn_to satellite4 phenomenon83 phenomenon84)
4.090: (turn_to satellite4 star81 phenomenon83)
4.034: (turn_to satellite4 planet51 star81)
4.031: (take_image satellite4 planet51 instrument10 image4)
3.553: (turn_to satellite4 groundstation13 planet51)
3.513: (switch_off instrument4 satellite2)
3.726: (switch_on instrument5 satellite2)
4.045: (turn_to satellite4 star30 groundstation13)
3.804: (switch_off instrument5 satellite2)
3.847: (switch_on instrument4 satellite2)
3.991: (turn_to satellite4 groundstation19 star30)
3.860: (switch_off instrument4 satellite2)
3.973: (turn_to satellite4 star49 groundstation19)
4.004: (switch_on instrument4 satellite2)
4.002: (turn_to satellite4 groundstation10 star49)
3.851: (switch_off instrument4 satellite2)
4.023: (turn_to satellite4 star12 groundstation10)
4.004: (switch_on instrument4 satellite2)
4.100: (turn_to satellite4 star56 star12)
3.878: (turn_to satellite1 groundstation13 star56)
3.889: (switch_off instrument4 satellite2)
3.973: (switch_on instrument5 satellite2)
4.129: (turn_to satellite1 star56 groundstation13)
4.018: (switch_off instrument5 satellite2)
3.942: (turn_to satellite4 star31 star56)
4.069: (switch_on instrument4 satellite2)
4.102: (turn_to satellite4 star21 star31)
4.038: (switch_off instrument4 satellite2)
4.124: (turn_to satellite4 star65 star21)
4.091: (switch_on instrument4 satellite2)
4.144: (turn_to satellite4 star67 star65)
4.012: (switch_off instrument4 satellite2)
4.123: (turn_to satellite4 phenomenon64 star67)
4.091: (switch_on instrument4 satellite2)
4.144: (turn_to satellite4 phenomenon69 phenomenon64)
4.012: (switch_off instrument4 satellite2)
4.125: (turn_to satellite4 phenomenon83 phenomenon69)
4.042: (turn_to satellite4 groundstation15 phenomenon83)
4.064: (switch_on instrument4 satellite2)
4.145: (turn_to satellite4 planet75 groundstation15)
4.012: (switch_off instrument4 satellite2)
4.127: (turn_to satellite4 phenomenon84 planet75)
4.091: (switch_on instrument4 satellite2)
4.147: (turn_to satellite4 planet59 phenomenon84)
4.012: (switch_off instrument4 satellite2)
4.135: (turn_to satellite4 planet78 planet59)
4.015: (turn_to satellite4 planet51 planet78)
4.015: (take_image satellite4 planet51 instrument10 spectrograph0)
3.520: (turn_to satellite4 groundstation13 planet51)
3.585: (switch_on instrument4 satellite2)
3.867: (turn_to satellite4 star30 groundstation13)
3.810: (switch_off instrument4 satellite2)
3.953: (turn_to satellite4 groundstation19 star30)
3.910: (switch_on instrument4 satellite2)
3.995: (turn_to satellite4 star49 groundstation19)
3.957: (switch_off instrument4 satellite2)
3.982: (turn_to satellite4 groundstation10 star49)
3.942: (switch_on instrument4 satellite2)
4.069: (turn_to satellite4 star12 groundstation10)
3.957: (switch_off instrument4 satellite2)
4.099: (turn_to satellite4 star21 star12)
4.088: (switch_on instrument4 satellite2)
4.111: (turn_to satellite4 star56 star21)
3.877: (turn_to satellite1 groundstation13 star56)
3.888: (switch_off instrument4 satellite2)
3.978: (switch_on instrument5 satellite2)
4.136: (turn_to satellite1 star56 groundstation13)
3.696: (turn_to satellite4 groundstation13 star56)
4.052: (turn_to satellite4 star30 groundstation13)
4.086: (turn_to satellite4 groundstation19 star30)
4.116: (turn_to satellite4 groundstation10 groundstation19)
4.120: (turn_to satellite4 star49 groundstation10)
4.168: (turn_to satellite4 star77 star49)
4.113: (switch_off instrument5 satellite2)
4.112: (turn_to satellite4 star56 star77)
3.947: (turn_to satellite4 star31 star56)
4.074: (switch_on instrument4 satellite2)
4.147: (turn_to satellite4 planet75 star31)
4.024: (switch_off instrument4 satellite2)
4.132: (turn_to satellite4 star81 planet75)
4.008: (turn_to satellite4 groundstation15 star81)
4.070: (switch_on instrument4 satellite2)
4.147: (turn_to satellite4 star67 groundstation15)
4.024: (switch_off instrument4 satellite2)
4.134: (turn_to satellite4 phenomenon69 star67)
4.098: (switch_on instrument4 satellite2)
4.147: (turn_to satellite4 phenomenon84 phenomenon69)
4.024: (switch_off instrument4 satellite2)
4.135: (turn_to satellite4 planet78 phenomenon84)
4.015: (turn_to satellite4 phenomenon83 planet78)
4.084: (turn_to satellite4 planet59 phenomenon83)
4.098: (switch_on instrument4 satellite2)
4.150: (turn_to satellite4 phenomenon82 planet59)
4.114: (switch_off instrument4 satellite2)
4.136: (turn_to satellite4 star65 phenomenon82)
4.098: (switch_on instrument4 satellite2)
4.147: (take_image satellite4 star65 instrument10 image4)
3.635: (turn_to satellite4 groundstation13 star65)
3.521: (switch_off instrument4 satellite2)
3.731: (switch_on instrument5 satellite2)
4.052: (turn_to satellite4 star30 groundstation13)
3.810: (switch_off instrument5 satellite2)
3.853: (switch_on instrument4 satellite2)
3.985: (turn_to satellite4 groundstation19 star30)
3.874: (switch_off instrument4 satellite2)
3.982: (turn_to satellite4 groundstation10 groundstation19)
3.942: (switch_on instrument4 satellite2)
3.994: (turn_to satellite4 star49 groundstation10)
3.957: (switch_off instrument4 satellite2)
4.085: (turn_to satellite4 star12 star49)
4.009: (switch_on instrument4 satellite2)
4.111: (turn_to satellite4 star56 star12)
3.878: (turn_to satellite1 groundstation13 star56)
3.888: (switch_off instrument4 satellite2)
3.978: (switch_on instrument5 satellite2)
4.136: (turn_to satellite1 star56 groundstation13)
4.020: (switch_off instrument5 satellite2)
3.947: (turn_to satellite4 star31 star56)
4.074: (switch_on instrument4 satellite2)
4.102: (turn_to satellite4 star21 star31)
4.045: (switch_off instrument4 satellite2)
4.133: (turn_to satellite4 star81 star21)
4.008: (turn_to satellite4 groundstation15 star81)
4.070: (switch_on instrument4 satellite2)
4.146: (turn_to satellite4 star67 groundstation15)
4.022: (switch_off instrument4 satellite2)
4.134: (turn_to satellite4 phenomenon69 star67)
4.098: (switch_on instrument4 satellite2)
4.146: (turn_to satellite4 planet75 phenomenon69)
4.022: (switch_off instrument4 satellite2)
4.134: (turn_to satellite4 star65 planet75)
4.134: (turn_to satellite4 planet78 star65)
4.013: (turn_to satellite4 phenomenon83 planet78)
4.079: (turn_to satellite4 phenomenon84 phenomenon83)
4.098: (switch_on instrument4 satellite2)
4.149: (turn_to satellite4 planet59 phenomenon84)
4.022: (switch_off instrument4 satellite2)
4.136: (turn_to satellite4 phenomenon64 planet59)
4.097: (switch_on instrument4 satellite2)
4.146: (take_image satellite4 phenomenon64 instrument10 image4)
3.631: (turn_to satellite4 groundstation13 phenomenon64)
3.521: (switch_off instrument4 satellite2)
3.731: (switch_on instrument5 satellite2)
4.052: (turn_to satellite4 star30 groundstation13)
3.810: (switch_off instrument5 satellite2)
3.852: (switch_on instrument4 satellite2)
3.985: (turn_to satellite4 groundstation19 star30)
3.874: (switch_off instrument4 satellite2)
3.982: (turn_to satellite4 groundstation10 groundstation19)
3.942: (switch_on instrument4 satellite2)
3.993: (turn_to satellite4 star49 groundstation10)
3.957: (switch_off instrument4 satellite2)
4.085: (turn_to satellite4 star12 star49)
4.009: (switch_on instrument4 satellite2)
4.110: (turn_to satellite4 star56 star12)
3.878: (turn_to satellite1 groundstation13 star56)
3.888: (switch_off instrument4 satellite2)
3.978: (switch_on instrument5 satellite2)
4.136: (turn_to satellite1 star56 groundstation13)
Failed to find a solution!
