/u/ibrahim.eisawy/Neural-Guided-Search/venv/lib/python3.10/site-packages/pymimir_rgnn/model.py:151: UserWarning: index_reduce() is in beta and the API may change at any time. (Triggered internally at /pytorch/aten/src/ATen/native/cuda/Indexing.cu:1541.)
  max_msg.index_reduce_(0, output_indices, output_messages, reduce='amax', include_self=True)
Torch: 2.12.0+cu130
Using GPU:  NVIDIA L40S
26.779: (sample_rock rover0 rover0store waypoint8)
27.132: (navigate rover0 waypoint8 waypoint1)
28.009: (navigate rover0 waypoint8 waypoint3)
28.590: (navigate rover0 waypoint8 waypoint4)
28.614: (navigate rover0 waypoint8 waypoint9)
28.702: (navigate rover0 waypoint8 waypoint7)
28.749: (navigate rover0 waypoint8 waypoint6)
25.309: (communicate_rock_data rover0 general waypoint8 waypoint8 waypoint1)
25.596: (navigate rover0 waypoint8 waypoint1)
25.715: (drop rover0 rover0store)
26.358: (sample_soil rover0 rover0store waypoint1)
26.757: (navigate rover0 waypoint8 waypoint3)
26.816: (sample_soil rover0 rover0store waypoint3)
26.848: (calibrate rover0 camera1 objective1 waypoint3)
27.134: (calibrate rover0 camera0 objective1 waypoint3)
27.364: (calibrate rover0 camera1 objective1 waypoint4)
27.376: (navigate rover0 waypoint8 waypoint9)
24.258: (communicate_rock_data rover0 general waypoint8 waypoint8 waypoint1)
24.258: (drop rover0 rover0store)
24.430: (navigate rover0 waypoint8 waypoint1)
24.553: (navigate rover0 waypoint8 waypoint1)
24.553: (drop rover0 rover0store)
25.318: (navigate rover0 waypoint8 waypoint3)
25.330: (drop rover0 rover0store)
25.506: (navigate rover0 waypoint1 waypoint8)
25.630: (calibrate rover0 camera1 objective1 waypoint3)
25.630: (sample_soil rover0 rover0store waypoint3)
23.387: (drop rover0 rover0store)
23.387: (navigate rover0 waypoint8 waypoint1)
24.029: (sample_soil rover0 rover0store waypoint1)
24.147: (calibrate rover0 camera1 objective1 waypoint3)
24.305: (drop rover0 rover0store)
24.306: (navigate rover0 waypoint8 waypoint3)
24.452: (calibrate rover0 camera0 objective1 waypoint3)
24.469: (navigate rover0 waypoint1 waypoint8)
24.469: (drop rover0 rover0store)
24.472: (communicate_soil_data rover0 general waypoint1 waypoint8 waypoint1)
22.734: (sample_soil rover0 rover0store waypoint1)
22.995: (drop rover0 rover0store)
23.079: (sample_soil rover0 rover0store waypoint3)
23.119: (drop rover0 rover0store)
23.119: (calibrate rover0 camera1 objective1 waypoint3)
23.427: (calibrate rover0 camera0 objective1 waypoint3)
23.427: (drop rover0 rover0store)
23.430: (drop rover0 rover0store)
23.430: (communicate_soil_data rover0 general waypoint1 waypoint8 waypoint1)
23.550: (navigate rover0 waypoint1 waypoint8)
21.718: (drop rover0 rover0store)
21.881: (calibrate rover0 camera1 objective1 waypoint3)
21.881: (sample_soil rover0 rover0store waypoint3)
22.018: (drop rover0 rover0store)
22.160: (communicate_rock_data rover0 general waypoint8 waypoint8 waypoint1)
22.160: (navigate rover0 waypoint1 waypoint8)
22.217: (sample_soil rover0 rover0store waypoint3)
22.217: (calibrate rover0 camera0 objective1 waypoint3)
22.432: (sample_rock rover0 rover0store waypoint3)
22.472: (navigate rover0 waypoint1 waypoint5)
20.825: (drop rover0 rover0store)
20.825: (calibrate rover0 camera1 objective1 waypoint3)
21.117: (navigate rover0 waypoint1 waypoint8)
21.117: (drop rover0 rover0store)
21.140: (communicate_soil_data rover0 general waypoint1 waypoint8 waypoint1)
21.142: (calibrate rover0 camera0 objective1 waypoint3)
21.142: (drop rover0 rover0store)
21.319: (drop rover0 rover0store)
21.402: (communicate_soil_data rover0 general waypoint1 waypoint5 waypoint1)
21.405: (drop rover0 rover0store)
20.084: (communicate_soil_data rover0 general waypoint1 waypoint8 waypoint1)
20.085: (drop rover0 rover0store)
20.323: (sample_rock rover0 rover0store waypoint3)
20.323: (sample_soil rover0 rover0store waypoint3)
20.325: (communicate_soil_data rover0 general waypoint1 waypoint5 waypoint1)
20.325: (drop rover0 rover0store)
20.392: (navigate rover0 waypoint8 waypoint3)
20.442: (navigate rover0 waypoint8 waypoint3)
20.453: (calibrate rover0 camera0 objective1 waypoint3)
20.454: (calibrate rover0 camera1 objective1 waypoint3)
18.899: (take_image rover0 waypoint3 objective1 camera0 high_res)
19.072: (sample_soil rover0 rover0store waypoint3)
19.138: (drop rover0 rover0store)
19.153: (calibrate rover0 camera1 objective1 waypoint3)
19.222: (calibrate rover0 camera1 objective1 waypoint3)
19.386: (drop rover0 rover0store)
19.386: (navigate rover0 waypoint8 waypoint3)
19.458: (navigate rover0 waypoint3 waypoint0)
19.488: (take_image rover0 waypoint3 objective1 camera1 high_res)
19.514: (calibrate rover0 camera0 objective1 waypoint3)
17.870: (sample_soil rover0 rover0store waypoint3)
17.870: (calibrate rover0 camera1 objective1 waypoint3)
17.909: (take_image rover0 waypoint0 objective0 camera1 low_res)
18.020: (drop rover0 rover0store)
18.089: (sample_soil rover0 rover0store waypoint3)
18.161: (drop rover0 rover0store)
18.162: (calibrate rover0 camera1 objective1 waypoint3)
18.207: (sample_soil rover0 rover0store waypoint3)
18.208: (calibrate rover0 camera0 objective1 waypoint3)
18.338: (navigate rover0 waypoint3 waypoint0)
16.781: (drop rover0 rover0store)
16.782: (take_image rover0 waypoint0 objective0 camera1 low_res)
16.801: (drop rover0 rover0store)
16.801: (calibrate rover0 camera1 objective1 waypoint3)
16.888: (calibrate rover0 camera1 objective1 waypoint0)
16.894: (sample_soil rover0 rover0store waypoint3)
16.894: (calibrate rover0 camera1 objective1 waypoint3)
16.963: (calibrate rover0 camera0 objective1 waypoint0)
17.049: (drop rover0 rover0store)
17.135: (calibrate rover0 camera0 objective1 waypoint3)
15.601: (take_image rover0 waypoint0 objective1 camera0 high_res)
15.601: (take_image rover0 waypoint0 objective1 camera1 high_res)
15.743: (drop rover0 rover0store)
15.743: (calibrate rover0 camera1 objective1 waypoint0)
15.818: (calibrate rover0 camera0 objective1 waypoint0)
15.818: (drop rover0 rover0store)
15.839: (calibrate rover0 camera1 objective1 waypoint3)
15.840: (drop rover0 rover0store)
15.963: (sample_rock rover0 rover0store waypoint0)
16.059: (sample_rock rover0 rover0store waypoint3)
14.500: (take_image rover0 waypoint0 objective1 camera0 high_res)
14.500: (take_image rover0 waypoint0 objective1 camera1 high_res)
14.500: (drop rover0 rover0store)
14.840: (drop rover0 rover0store)
14.868: (navigate rover0 waypoint3 waypoint0)
14.922: (drop rover0 rover0store)
14.932: (calibrate rover0 camera1 objective1 waypoint0)
14.932: (sample_rock rover0 rover0store waypoint0)
15.020: (calibrate rover0 camera0 objective1 waypoint0)
15.020: (sample_rock rover0 rover0store waypoint0)
13.379: (take_image rover0 waypoint0 objective0 camera1 low_res)
13.765: (drop rover0 rover0store)
13.765: (navigate rover0 waypoint3 waypoint0)
13.787: (calibrate rover0 camera1 objective1 waypoint0)
13.787: (drop rover0 rover0store)
13.871: (calibrate rover0 camera0 objective1 waypoint0)
13.871: (drop rover0 rover0store)
13.879: (take_image rover0 waypoint0 objective1 camera0 high_res)
13.879: (sample_rock rover0 rover0store waypoint0)
13.879: (take_image rover0 waypoint0 objective1 camera1 high_res)
12.274: (drop rover0 rover0store)
12.274: (take_image rover0 waypoint0 objective0 camera1 low_res)
12.381: (calibrate rover0 camera1 objective1 waypoint0)
12.466: (calibrate rover0 camera0 objective1 waypoint0)
12.732: (take_image rover0 waypoint0 objective1 camera0 high_res)
12.732: (drop rover0 rover0store)
12.732: (take_image rover0 waypoint0 objective1 camera1 high_res)
12.961: (sample_rock rover0 rover0store waypoint0)
13.129: (sample_soil rover0 rover0store waypoint0)
13.371: (calibrate rover0 camera0 objective1 waypoint0)
11.052: (take_image rover0 waypoint0 objective1 camera0 high_res)
11.052: (take_image rover0 waypoint0 objective1 camera1 high_res)
11.265: (calibrate rover0 camera1 objective1 waypoint0)
11.265: (drop rover0 rover0store)
11.344: (calibrate rover0 camera0 objective1 waypoint0)
11.344: (drop rover0 rover0store)
11.586: (take_image rover0 waypoint0 objective0 camera1 low_res)
11.586: (sample_rock rover0 rover0store waypoint0)
11.658: (take_image rover0 waypoint0 objective0 camera1 low_res)
11.658: (sample_soil rover0 rover0store waypoint0)
9.991: (take_image rover0 waypoint0 objective1 camera1 high_res)
9.991: (drop rover0 rover0store)
9.991: (take_image rover0 waypoint0 objective1 camera0 high_res)
10.481: (drop rover0 rover0store)
10.554: (drop rover0 rover0store)
10.596: (calibrate rover0 camera1 objective1 waypoint0)
10.596: (sample_rock rover0 rover0store waypoint0)
10.674: (sample_soil rover0 rover0store waypoint0)
10.674: (calibrate rover0 camera1 objective1 waypoint0)
10.677: (sample_rock rover0 rover0store waypoint0)
9.370: (take_image rover0 waypoint0 objective1 camera1 high_res)
9.370: (sample_rock rover0 rover0store waypoint0)
9.370: (take_image rover0 waypoint0 objective1 camera0 high_res)
9.433: (sample_soil rover0 rover0store waypoint0)
9.433: (take_image rover0 waypoint0 objective1 camera1 high_res)
9.491: (drop rover0 rover0store)
9.491: (calibrate rover0 camera1 objective1 waypoint0)
9.500: (sample_rock rover0 rover0store waypoint0)
9.500: (sample_soil rover0 rover0store waypoint0)
9.560: (calibrate rover0 camera0 objective1 waypoint0)
8.290: (take_image rover0 waypoint0 objective1 camera1 high_res)
8.290: (drop rover0 rover0store)
8.290: (take_image rover0 waypoint0 objective1 camera0 high_res)
8.354: (drop rover0 rover0store)
8.687: (calibrate rover0 camera1 objective1 waypoint0)
8.687: (sample_soil rover0 rover0store waypoint0)
8.751: (calibrate rover0 camera0 objective1 waypoint0)
8.751: (sample_soil rover0 rover0store waypoint0)
9.081: (calibrate rover0 camera1 objective1 waypoint0)
9.081: (calibrate rover0 camera0 objective1 waypoint0)
7.891: (take_image rover0 waypoint0 objective1 camera1 high_res)
7.891: (take_image rover0 waypoint0 objective1 camera0 high_res)
7.891: (sample_rock rover0 rover0store waypoint0)
7.891: (sample_soil rover0 rover0store waypoint0)
8.070: (take_image rover0 waypoint0 objective1 camera0 high_res)
8.070: (calibrate rover0 camera1 objective1 waypoint0)
8.123: (calibrate rover0 camera1 objective1 waypoint0)
8.161: (calibrate rover0 camera0 objective1 waypoint0)
8.161: (take_image rover0 waypoint0 objective1 camera1 high_res)
8.193: (calibrate rover0 camera0 objective1 waypoint0)
7.506: (take_image rover0 waypoint0 objective0 camera0 high_res)
7.506: (take_image rover0 waypoint0 objective0 camera1 high_res)
7.506: (take_image rover0 waypoint0 objective0 camera0 high_res)
7.506: (take_image rover0 waypoint0 objective0 camera1 high_res)
7.682: (sample_rock rover0 rover0store waypoint0)
7.682: (sample_soil rover0 rover0store waypoint0)
7.682: (calibrate rover0 camera1 objective1 waypoint0)
7.737: (sample_soil rover0 rover0store waypoint0)
7.737: (calibrate rover0 camera0 objective1 waypoint0)
7.737: (sample_rock rover0 rover0store waypoint0)
7.000: (sample_soil rover0 rover0store waypoint0)
7.000: (sample_rock rover0 rover0store waypoint0)
7.000: (take_image rover0 waypoint0 objective0 camera1 high_res)
7.000: (take_image rover0 waypoint0 objective0 camera0 high_res)
7.422: (calibrate rover0 camera1 objective1 waypoint0)
7.433: (calibrate rover0 camera1 objective1 waypoint0)
7.519: (calibrate rover0 camera0 objective1 waypoint0)
7.521: (calibrate rover0 camera0 objective1 waypoint0)
7.600: (calibrate rover0 camera1 objective1 waypoint0)
7.601: (calibrate rover0 camera0 objective1 waypoint0)
6.895: (drop rover0 rover0store)
7.003: (sample_rock rover0 rover0store waypoint0)
7.003: (calibrate rover0 camera1 objective1 waypoint0)
7.003: (sample_soil rover0 rover0store waypoint0)
7.003: (take_image rover0 waypoint0 objective0 camera0 high_res)
7.031: (navigate rover0 waypoint0 waypoint3)
7.050: (sample_soil rover0 rover0store waypoint0)
7.050: (calibrate rover0 camera0 objective1 waypoint0)
7.050: (take_image rover0 waypoint0 objective0 camera1 high_res)
7.050: (sample_rock rover0 rover0store waypoint0)
6.778: (navigate rover0 waypoint3 waypoint2)
6.918: (drop rover0 rover0store)
6.918: (calibrate rover0 camera1 objective1 waypoint0)
6.950: (navigate rover0 waypoint0 waypoint3)
6.950: (drop rover0 rover0store)
6.961: (drop rover0 rover0store)
6.961: (calibrate rover0 camera0 objective1 waypoint0)
6.986: (navigate rover0 waypoint0 waypoint3)
6.986: (calibrate rover0 camera1 objective1 waypoint3)
6.998: (take_image rover0 waypoint0 objective0 camera1 colour)
6.711: (navigate rover0 waypoint3 waypoint2)
6.711: (calibrate rover0 camera1 objective1 waypoint2)
6.757: (navigate rover0 waypoint3 waypoint2)
6.757: (drop rover0 rover0store)
6.800: (calibrate rover0 camera0 objective1 waypoint2)
6.893: (take_image rover0 waypoint0 objective0 camera1 colour)
6.893: (drop rover0 rover0store)
6.897: (take_image rover0 waypoint0 objective1 camera1 colour)
6.919: (drop rover0 rover0store)
6.919: (calibrate rover0 camera1 objective1 waypoint3)
6.714: (drop rover0 rover0store)
6.714: (calibrate rover0 camera1 objective1 waypoint2)
6.715: (navigate rover0 waypoint3 waypoint2)
6.729: (calibrate rover0 camera1 objective1 waypoint2)
6.729: (calibrate rover0 camera0 objective1 waypoint2)
6.780: (take_image rover0 waypoint2 objective1 camera1 colour)
6.791: (sample_soil rover0 rover0store waypoint2)
6.800: (calibrate rover0 camera0 objective1 waypoint2)
6.800: (drop rover0 rover0store)
6.889: (take_image rover0 waypoint2 objective1 camera1 low_res)
6.704: (calibrate rover0 camera1 objective1 waypoint2)
6.719: (sample_soil rover0 rover0store waypoint2)
6.720: (calibrate rover0 camera1 objective1 waypoint2)
6.732: (calibrate rover0 camera1 objective1 waypoint2)
6.732: (calibrate rover0 camera0 objective1 waypoint2)
6.732: (drop rover0 rover0store)
6.758: (drop rover0 rover0store)
6.758: (take_image rover0 waypoint2 objective1 camera1 colour)
6.782: (drop rover0 rover0store)
6.799: (take_image rover0 waypoint2 objective1 camera1 colour)
6.709: (drop rover0 rover0store)
6.709: (calibrate rover0 camera1 objective1 waypoint2)
6.721: (calibrate rover0 camera0 objective1 waypoint2)
6.721: (calibrate rover0 camera1 objective1 waypoint2)
6.737: (sample_soil rover0 rover0store waypoint2)
6.737: (calibrate rover0 camera0 objective1 waypoint2)
6.737: (drop rover0 rover0store)
6.737: (calibrate rover0 camera1 objective1 waypoint2)
6.791: (sample_soil rover0 rover0store waypoint2)
6.791: (take_image rover0 waypoint2 objective1 camera1 colour)
6.711: (sample_soil rover0 rover0store waypoint2)
6.712: (calibrate rover0 camera1 objective1 waypoint2)
6.725: (calibrate rover0 camera0 objective1 waypoint2)
6.725: (drop rover0 rover0store)
6.755: (calibrate rover0 camera0 objective1 waypoint2)
6.755: (drop rover0 rover0store)
6.782: (take_image rover0 waypoint2 objective1 camera1 colour)
6.782: (drop rover0 rover0store)
6.805: (calibrate rover0 camera0 objective1 waypoint2)
6.805: (take_image rover0 waypoint2 objective1 camera1 colour)
6.728: (calibrate rover0 camera1 objective1 waypoint2)
6.728: (calibrate rover0 camera0 objective1 waypoint2)
6.728: (sample_soil rover0 rover0store waypoint2)
6.731: (calibrate rover0 camera1 objective1 waypoint2)
6.731: (drop rover0 rover0store)
6.799: (take_image rover0 waypoint2 objective1 camera1 high_res)
6.799: (take_image rover0 waypoint2 objective1 camera1 colour)
6.819: (take_image rover0 waypoint2 objective1 camera1 colour)
6.819: (calibrate rover0 camera0 objective1 waypoint2)
6.819: (drop rover0 rover0store)
6.746: (calibrate rover0 camera1 objective1 waypoint2)
6.746: (drop rover0 rover0store)
6.746: (calibrate rover0 camera0 objective1 waypoint2)
6.902: (take_image rover0 waypoint2 objective1 camera1 low_res)
6.920: (navigate rover0 waypoint2 waypoint3)
6.929: (take_image rover0 waypoint2 objective1 camera1 low_res)
7.001: (navigate rover0 waypoint2 waypoint3)
7.008: (navigate rover0 waypoint2 waypoint3)
7.008: (navigate rover0 waypoint2 waypoint3)
inf: (take_image rover0 waypoint2 objective1 camera0 high_res)
6.899: (take_image rover0 waypoint2 objective1 camera0 high_res)
6.904: (navigate rover0 waypoint3 waypoint0)
6.911: (calibrate rover0 camera1 objective1 waypoint2)
6.931: (calibrate rover0 camera1 objective1 waypoint2)
6.933: (calibrate rover0 camera1 objective1 waypoint3)
6.939: (calibrate rover0 camera1 objective1 waypoint3)
6.939: (drop rover0 rover0store)
6.939: (navigate rover0 waypoint2 waypoint3)
6.939: (calibrate rover0 camera0 objective1 waypoint3)
6.951: (take_image rover0 waypoint3 objective1 camera0 high_res)
6.881: (take_image rover0 waypoint0 objective0 camera1 colour)
6.887: (take_image rover0 waypoint0 objective0 camera1 high_res)
6.887: (take_image rover0 waypoint0 objective1 camera1 colour)
6.887: (take_image rover0 waypoint0 objective0 camera1 low_res)
6.887: (take_image rover0 waypoint0 objective1 camera1 high_res)
6.900: (calibrate rover0 camera1 objective1 waypoint2)
6.900: (take_image rover0 waypoint2 objective1 camera0 high_res)
6.913: (take_image rover0 waypoint3 objective1 camera0 high_res)
6.913: (calibrate rover0 camera1 objective1 waypoint3)
6.919: (calibrate rover0 camera0 objective1 waypoint0)
6.901: (calibrate rover0 camera1 objective1 waypoint0)
6.912: (navigate rover0 waypoint3 waypoint0)
6.946: (take_image rover0 waypoint0 objective0 camera1 colour)
6.946: (calibrate rover0 camera0 objective1 waypoint0)
6.951: (navigate rover0 waypoint0 waypoint3)
6.951: (calibrate rover0 camera0 objective1 waypoint0)
6.952: (take_image rover0 waypoint0 objective0 camera1 high_res)
6.952: (take_image rover0 waypoint0 objective1 camera1 colour)
6.952: (take_image rover0 waypoint0 objective0 camera1 low_res)
6.952: (take_image rover0 waypoint0 objective1 camera1 high_res)
6.784: (navigate rover0 waypoint3 waypoint2)
6.890: (take_image rover0 waypoint0 objective0 camera1 colour)
6.917: (calibrate rover0 camera0 objective1 waypoint0)
6.917: (calibrate rover0 camera1 objective1 waypoint0)
6.917: (navigate rover0 waypoint0 waypoint3)
6.917: (calibrate rover0 camera1 objective1 waypoint3)
6.926: (calibrate rover0 camera0 objective1 waypoint0)
6.978: (take_image rover0 waypoint0 objective1 camera1 low_res)
6.992: (take_image rover0 waypoint0 objective1 camera1 low_res)
7.003: (navigate rover0 waypoint0 waypoint3)
6.733: (navigate rover0 waypoint3 waypoint2)
6.733: (calibrate rover0 camera1 objective1 waypoint2)
6.819: (calibrate rover0 camera0 objective1 waypoint2)
6.819: (navigate rover0 waypoint3 waypoint2)
6.907: (calibrate rover0 camera1 objective1 waypoint0)
6.938: (calibrate rover0 camera0 objective1 waypoint3)
6.938: (navigate rover0 waypoint0 waypoint3)
6.938: (calibrate rover0 camera1 objective1 waypoint3)
6.945: (navigate rover0 waypoint0 waypoint3)
6.953: (take_image rover0 waypoint0 objective0 camera1 colour)
6.750: (calibrate rover0 camera1 objective1 waypoint2)
6.750: (calibrate rover0 camera0 objective1 waypoint2)
6.750: (navigate rover0 waypoint3 waypoint2)
6.759: (navigate rover0 waypoint3 waypoint2)
6.905: (take_image rover0 waypoint2 objective1 camera1 low_res)
6.909: (calibrate rover0 camera1 objective1 waypoint3)
6.909: (navigate rover0 waypoint0 waypoint3)
6.923: (calibrate rover0 camera0 objective1 waypoint0)
6.923: (calibrate rover0 camera1 objective1 waypoint0)
6.986: (navigate rover0 waypoint3 waypoint8)
5.970: (communicate_soil_data rover0 general waypoint0 waypoint8 waypoint1)
5.983: (communicate_soil_data rover0 general waypoint3 waypoint8 waypoint1)
5.995: (communicate_rock_data rover0 general waypoint3 waypoint8 waypoint1)
5.997: (communicate_soil_data rover0 general waypoint1 waypoint8 waypoint1)
6.000: (communicate_rock_data rover0 general waypoint0 waypoint8 waypoint1)
6.316: (communicate_image_data rover0 general objective1 high_res waypoint8 waypoint1)
6.400: (communicate_image_data rover0 general objective0 low_res waypoint8 waypoint1)
6.676: (communicate_image_data rover0 general objective0 high_res waypoint8 waypoint1)
6.711: (calibrate rover0 camera1 objective1 waypoint2)
6.711: (navigate rover0 waypoint3 waypoint2)
4.980: (communicate_soil_data rover0 general waypoint1 waypoint8 waypoint1)
4.980: (communicate_soil_data rover0 general waypoint0 waypoint8 waypoint1)
4.991: (communicate_soil_data rover0 general waypoint1 waypoint8 waypoint1)
4.991: (communicate_soil_data rover0 general waypoint3 waypoint8 waypoint1)
4.995: (communicate_soil_data rover0 general waypoint3 waypoint8 waypoint1)
4.995: (communicate_soil_data rover0 general waypoint0 waypoint8 waypoint1)
4.997: (communicate_rock_data rover0 general waypoint0 waypoint8 waypoint1)
4.998: (communicate_soil_data rover0 general waypoint0 waypoint8 waypoint1)
5.002: (communicate_soil_data rover0 general waypoint3 waypoint8 waypoint1)
5.002: (communicate_rock_data rover0 general waypoint3 waypoint8 waypoint1)
3.983: (communicate_soil_data rover0 general waypoint0 waypoint8 waypoint1)
3.983: (communicate_rock_data rover0 general waypoint3 waypoint8 waypoint1)
4.000: (communicate_soil_data rover0 general waypoint0 waypoint8 waypoint1)
4.000: (communicate_soil_data rover0 general waypoint1 waypoint8 waypoint1)
4.000: (communicate_soil_data rover0 general waypoint3 waypoint8 waypoint1)
4.004: (communicate_soil_data rover0 general waypoint1 waypoint8 waypoint1)
4.005: (communicate_rock_data rover0 general waypoint3 waypoint8 waypoint1)
4.006: (communicate_rock_data rover0 general waypoint0 waypoint8 waypoint1)
4.006: (communicate_soil_data rover0 general waypoint3 waypoint8 waypoint1)
4.007: (communicate_rock_data rover0 general waypoint0 waypoint8 waypoint1)
2.978: (communicate_rock_data rover0 general waypoint0 waypoint8 waypoint1)
2.979: (communicate_rock_data rover0 general waypoint3 waypoint8 waypoint1)
2.984: (communicate_soil_data rover0 general waypoint0 waypoint8 waypoint1)
2.984: (communicate_soil_data rover0 general waypoint1 waypoint8 waypoint1)
2.984: (communicate_rock_data rover0 general waypoint3 waypoint8 waypoint1)
3.010: (communicate_soil_data rover0 general waypoint3 waypoint8 waypoint1)
3.010: (communicate_rock_data rover0 general waypoint0 waypoint8 waypoint1)
3.011: (communicate_soil_data rover0 general waypoint1 waypoint8 waypoint1)
3.020: (communicate_rock_data rover0 general waypoint0 waypoint8 waypoint1)
3.033: (communicate_rock_data rover0 general waypoint3 waypoint8 waypoint1)
1.958: (communicate_soil_data rover0 general waypoint3 waypoint8 waypoint1)
1.958: (communicate_soil_data rover0 general waypoint1 waypoint8 waypoint1)
1.958: (communicate_rock_data rover0 general waypoint0 waypoint8 waypoint1)
1.958: (communicate_soil_data rover0 general waypoint0 waypoint8 waypoint1)
1.959: (communicate_rock_data rover0 general waypoint3 waypoint8 waypoint1)
2.295: (communicate_image_data rover0 general objective1 high_res waypoint8 waypoint1)
2.305: (communicate_image_data rover0 general objective1 high_res waypoint8 waypoint1)
2.328: (communicate_image_data rover0 general objective1 high_res waypoint8 waypoint1)
2.344: (communicate_image_data rover0 general objective1 high_res waypoint8 waypoint1)
2.345: (communicate_image_data rover0 general objective1 high_res waypoint8 waypoint1)
1.274: (communicate_rock_data rover0 general waypoint0 waypoint8 waypoint1)
1.274: (communicate_soil_data rover0 general waypoint0 waypoint8 waypoint1)
1.274: (communicate_image_data rover0 general objective1 high_res waypoint8 waypoint1)
1.275: (communicate_soil_data rover0 general waypoint1 waypoint8 waypoint1)
1.275: (communicate_rock_data rover0 general waypoint3 waypoint8 waypoint1)
1.275: (communicate_soil_data rover0 general waypoint3 waypoint8 waypoint1)
1.359: (communicate_image_data rover0 general objective0 low_res waypoint8 waypoint1)
1.629: (communicate_image_data rover0 general objective0 low_res waypoint8 waypoint1)
1.644: (communicate_image_data rover0 general objective0 low_res waypoint8 waypoint1)
1.648: (communicate_image_data rover0 general objective0 high_res waypoint8 waypoint1)
0.604: (communicate_rock_data rover0 general waypoint0 waypoint8 waypoint1)
0.605: (communicate_soil_data rover0 general waypoint1 waypoint8 waypoint1)
0.605: (communicate_image_data rover0 general objective0 low_res waypoint8 waypoint1)
0.605: (communicate_image_data rover0 general objective1 high_res waypoint8 waypoint1)
0.632: (communicate_image_data rover0 general objective0 high_res waypoint8 waypoint1)
0.632: (communicate_image_data rover0 general objective0 low_res waypoint8 waypoint1)
0.659: (communicate_image_data rover0 general objective0 high_res waypoint8 waypoint1)
0.672: (communicate_image_data rover0 general objective1 high_res waypoint8 waypoint1)
0.672: (communicate_image_data rover0 general objective0 high_res waypoint8 waypoint1)
0.713: (communicate_image_data rover0 general objective0 high_res waypoint8 waypoint1)
-0.372: (communicate_image_data rover0 general objective0 low_res waypoint8 waypoint1)
[Final] Expanded: 268, Generated: 2379
Found a solution of length 45!
   1: (sample_rock rover0 rover0store waypoint8)
   2: (communicate_rock_data rover0 general waypoint8 waypoint8 waypoint1)
   3: (navigate rover0 waypoint8 waypoint1)
   4: (drop rover0 rover0store)
   5: (sample_soil rover0 rover0store waypoint1)
   6: (drop rover0 rover0store)
   7: (navigate rover0 waypoint1 waypoint8)
   8: (navigate rover0 waypoint8 waypoint3)
   9: (calibrate rover0 camera1 objective1 waypoint3)
  10: (sample_soil rover0 rover0store waypoint3)
  11: (drop rover0 rover0store)
  12: (sample_rock rover0 rover0store waypoint3)
  13: (navigate rover0 waypoint3 waypoint0)
  14: (take_image rover0 waypoint0 objective0 camera1 low_res)
  15: (drop rover0 rover0store)
  16: (calibrate rover0 camera1 objective1 waypoint0)
  17: (take_image rover0 waypoint0 objective1 camera1 high_res)
  18: (sample_soil rover0 rover0store waypoint0)
  19: (drop rover0 rover0store)
  20: (calibrate rover0 camera0 objective1 waypoint0)
  21: (take_image rover0 waypoint0 objective0 camera0 high_res)
  22: (calibrate rover0 camera1 objective1 waypoint0)
  23: (sample_rock rover0 rover0store waypoint0)
  24: (navigate rover0 waypoint0 waypoint3)
  25: (navigate rover0 waypoint3 waypoint2)
  26: (drop rover0 rover0store)
  27: (sample_soil rover0 rover0store waypoint2)
  28: (drop rover0 rover0store)
  29: (take_image rover0 waypoint2 objective1 camera1 colour)
  30: (calibrate rover0 camera1 objective1 waypoint2)
  31: (navigate rover0 waypoint2 waypoint3)
  32: (navigate rover0 waypoint3 waypoint0)
  33: (take_image rover0 waypoint0 objective0 camera1 colour)
  34: (calibrate rover0 camera1 objective1 waypoint0)
  35: (navigate rover0 waypoint0 waypoint3)
  36: (calibrate rover0 camera0 objective1 waypoint3)
  37: (navigate rover0 waypoint3 waypoint8)
  38: (communicate_soil_data rover0 general waypoint0 waypoint8 waypoint1)
  39: (communicate_soil_data rover0 general waypoint1 waypoint8 waypoint1)
  40: (communicate_rock_data rover0 general waypoint0 waypoint8 waypoint1)
  41: (communicate_rock_data rover0 general waypoint3 waypoint8 waypoint1)
  42: (communicate_soil_data rover0 general waypoint3 waypoint8 waypoint1)
  43: (communicate_image_data rover0 general objective0 high_res waypoint8 waypoint1)
  44: (communicate_image_data rover0 general objective1 high_res waypoint8 waypoint1)
  45: (communicate_image_data rover0 general objective0 low_res waypoint8 waypoint1)
