/u/ibrahim.eisawy/Neural-Guided-Search/venv/lib/python3.10/site-packages/pymimir_rgnn/model.py:151: UserWarning: index_reduce() is in beta and the API may change at any time. (Triggered internally at /pytorch/aten/src/ATen/native/cuda/Indexing.cu:1541.)
  max_msg.index_reduce_(0, output_indices, output_messages, reduce='amax', include_self=True)
Torch: 2.12.0+cu130
Using GPU:  NVIDIA L40S
34.513: (calibrate rover0 camera1 objective0 waypoint14)
34.656: (navigate rover1 waypoint8 waypoint0)
34.835: (navigate rover0 waypoint14 waypoint11)
34.994: (navigate rover1 waypoint8 waypoint5)
35.162: (sample_rock rover0 rover0store waypoint14)
35.334: (navigate rover0 waypoint14 waypoint3)
35.407: (navigate rover1 waypoint8 waypoint9)
35.582: (navigate rover1 waypoint8 waypoint10)
35.621: (navigate rover0 waypoint14 waypoint5)
35.642: (navigate rover0 waypoint14 waypoint2)
33.357: (navigate rover1 waypoint8 waypoint0)
33.358: (calibrate rover0 camera1 objective0 waypoint14)
33.477: (communicate_rock_data rover0 general waypoint14 waypoint14 waypoint11)
33.531: (navigate rover0 waypoint14 waypoint11)
33.531: (calibrate rover0 camera1 objective0 waypoint11)
33.709: (calibrate rover0 camera1 objective0 waypoint14)
33.709: (navigate rover1 waypoint8 waypoint5)
33.754: (sample_rock rover0 rover0store waypoint14)
33.755: (calibrate rover0 camera1 objective0 waypoint14)
33.895: (navigate rover1 waypoint8 waypoint0)
32.076: (calibrate rover0 camera1 objective0 waypoint14)
32.076: (communicate_rock_data rover0 general waypoint14 waypoint14 waypoint11)
32.318: (navigate rover1 waypoint8 waypoint0)
32.439: (drop rover0 rover0store)
32.541: (navigate rover1 waypoint8 waypoint0)
32.541: (sample_rock rover0 rover0store waypoint14)
32.600: (navigate rover1 waypoint8 waypoint0)
32.600: (navigate rover0 waypoint14 waypoint11)
32.600: (calibrate rover0 camera1 objective0 waypoint11)
32.614: (navigate rover0 waypoint14 waypoint2)
30.913: (calibrate rover0 camera1 objective0 waypoint14)
30.914: (navigate rover1 waypoint8 waypoint0)
30.914: (communicate_rock_data rover0 general waypoint14 waypoint14 waypoint11)
31.024: (drop rover0 rover0store)
31.024: (calibrate rover0 camera1 objective0 waypoint14)
31.248: (navigate rover1 waypoint8 waypoint5)
31.291: (navigate rover1 waypoint8 waypoint0)
31.291: (drop rover0 rover0store)
31.329: (navigate rover0 waypoint14 waypoint2)
31.329: (communicate_rock_data rover0 general waypoint14 waypoint2 waypoint11)
29.884: (calibrate rover0 camera1 objective0 waypoint14)
29.885: (navigate rover1 waypoint8 waypoint0)
29.885: (drop rover0 rover0store)
30.241: (drop rover0 rover0store)
30.242: (navigate rover1 waypoint8 waypoint5)
30.252: (navigate rover0 waypoint14 waypoint2)
30.252: (drop rover0 rover0store)
30.286: (navigate rover0 waypoint14 waypoint2)
30.286: (navigate rover1 waypoint8 waypoint0)
30.293: (navigate rover0 waypoint14 waypoint11)
29.185: (sample_rock rover0 rover0store waypoint2)
29.248: (drop rover0 rover0store)
29.249: (navigate rover1 waypoint8 waypoint0)
29.249: (navigate rover0 waypoint14 waypoint2)
29.284: (navigate rover0 waypoint14 waypoint11)
29.285: (navigate rover1 waypoint8 waypoint0)
29.517: (sample_soil rover1 rover1store waypoint0)
29.546: (navigate rover1 waypoint5 waypoint6)
29.578: (navigate rover0 waypoint14 waypoint3)
29.581: (navigate rover1 waypoint0 waypoint11)
27.214: (sample_soil rover1 rover1store waypoint11)
28.196: (navigate rover1 waypoint8 waypoint0)
28.196: (sample_rock rover0 rover0store waypoint2)
28.220: (communicate_rock_data rover0 general waypoint2 waypoint2 waypoint11)
28.294: (drop rover0 rover0store)
28.295: (communicate_soil_data rover1 general waypoint0 waypoint0 waypoint11)
28.415: (drop rover1 rover1store)
28.622: (take_image rover0 waypoint2 objective1 camera1 low_res)
28.667: (navigate rover1 waypoint0 waypoint11)
28.679: (take_image rover0 waypoint2 objective1 camera1 high_res)
26.286: (navigate rover0 waypoint14 waypoint3)
26.311: (navigate rover0 waypoint14 waypoint2)
26.665: (drop rover1 rover1store)
26.864: (navigate rover0 waypoint14 waypoint5)
27.005: (navigate rover1 waypoint11 waypoint0)
27.008: (take_image rover0 waypoint14 objective0 camera1 low_res)
27.094: (navigate rover0 waypoint14 waypoint11)
27.141: (navigate rover0 waypoint14 waypoint1)
27.145: (take_image rover0 waypoint14 objective0 camera1 high_res)
27.226: (drop rover1 rover1store)
25.512: (sample_rock rover0 rover0store waypoint2)
25.653: (take_image rover0 waypoint2 objective1 camera1 low_res)
25.706: (take_image rover0 waypoint2 objective1 camera1 high_res)
25.820: (drop rover1 rover1store)
25.820: (navigate rover0 waypoint14 waypoint3)
25.838: (calibrate rover0 camera2 objective1 waypoint2)
25.840: (take_image rover0 waypoint2 objective0 camera1 low_res)
25.840: (navigate rover0 waypoint14 waypoint2)
25.857: (drop rover1 rover1store)
25.857: (navigate rover1 waypoint11 waypoint0)
24.238: (communicate_rock_data rover0 general waypoint2 waypoint2 waypoint11)
24.563: (calibrate rover0 camera1 objective0 waypoint2)
24.584: (calibrate rover0 camera1 objective0 waypoint2)
24.584: (take_image rover0 waypoint2 objective1 camera2 high_res)
24.630: (drop rover0 rover0store)
24.747: (calibrate rover0 camera2 objective1 waypoint2)
24.748: (take_image rover0 waypoint2 objective1 camera1 low_res)
24.761: (calibrate rover0 camera1 objective0 waypoint2)
24.805: (take_image rover0 waypoint2 objective0 camera2 high_res)
24.806: (communicate_soil_data rover1 general waypoint11 waypoint0 waypoint11)
22.649: (take_image rover0 waypoint2 objective1 camera1 high_res)
22.649: (take_image rover0 waypoint2 objective1 camera1 low_res)
22.649: (take_image rover0 waypoint2 objective0 camera1 low_res)
22.650: (take_image rover0 waypoint2 objective0 camera1 high_res)
22.650: (take_image rover0 waypoint2 objective0 camera2 high_res)
23.407: (drop rover0 rover0store)
23.408: (communicate_rock_data rover0 general waypoint2 waypoint2 waypoint11)
23.555: (take_image rover0 waypoint2 objective1 camera2 high_res)
23.555: (take_image rover0 waypoint2 objective1 camera1 high_res)
23.555: (take_image rover0 waypoint2 objective1 camera1 low_res)
22.042: (navigate rover1 waypoint11 waypoint0)
22.043: (navigate rover1 waypoint11 waypoint0)
22.107: (drop rover1 rover1store)
22.107: (drop rover1 rover1store)
22.109: (sample_rock rover0 rover0store waypoint2)
22.109: (sample_rock rover0 rover0store waypoint2)
22.647: (calibrate rover0 camera0 objective1 waypoint2)
22.647: (calibrate rover0 camera0 objective1 waypoint2)
22.652: (take_image rover0 waypoint2 objective1 camera1 low_res)
22.661: (calibrate rover0 camera2 objective1 waypoint2)
20.838: (communicate_rock_data rover0 general waypoint2 waypoint2 waypoint11)
20.839: (communicate_rock_data rover0 general waypoint2 waypoint2 waypoint11)
20.954: (navigate rover1 waypoint11 waypoint0)
20.954: (drop rover1 rover1store)
20.955: (drop rover1 rover1store)
20.955: (navigate rover1 waypoint11 waypoint0)
21.033: (communicate_soil_data rover1 general waypoint11 waypoint0 waypoint11)
21.033: (communicate_soil_data rover1 general waypoint11 waypoint0 waypoint11)
21.111: (navigate rover1 waypoint11 waypoint0)
21.111: (navigate rover1 waypoint11 waypoint0)
19.844: (drop rover0 rover0store)
19.844: (drop rover0 rover0store)
19.935: (communicate_soil_data rover1 general waypoint11 waypoint0 waypoint11)
19.935: (drop rover1 rover1store)
19.936: (drop rover1 rover1store)
19.937: (communicate_soil_data rover1 general waypoint11 waypoint0 waypoint11)
20.044: (communicate_rock_data rover0 general waypoint2 waypoint2 waypoint11)
20.045: (communicate_rock_data rover0 general waypoint2 waypoint2 waypoint11)
20.045: (navigate rover1 waypoint11 waypoint0)
20.045: (navigate rover1 waypoint11 waypoint0)
18.952: (drop rover1 rover1store)
18.953: (drop rover1 rover1store)
18.992: (communicate_soil_data rover1 general waypoint11 waypoint0 waypoint11)
18.993: (communicate_soil_data rover1 general waypoint11 waypoint0 waypoint11)
19.033: (sample_rock rover0 rover0store waypoint2)
19.033: (sample_rock rover0 rover0store waypoint2)
19.151: (drop rover0 rover0store)
19.152: (navigate rover1 waypoint11 waypoint0)
19.152: (navigate rover1 waypoint11 waypoint0)
19.152: (drop rover0 rover0store)
17.893: (communicate_rock_data rover0 general waypoint2 waypoint2 waypoint11)
17.893: (communicate_soil_data rover1 general waypoint11 waypoint0 waypoint11)
17.893: (drop rover1 rover1store)
17.894: (drop rover1 rover1store)
17.894: (communicate_rock_data rover0 general waypoint2 waypoint2 waypoint11)
17.894: (communicate_soil_data rover1 general waypoint11 waypoint0 waypoint11)
18.036: (drop rover0 rover0store)
18.036: (drop rover0 rover0store)
18.037: (drop rover1 rover1store)
18.037: (drop rover1 rover1store)
16.970: (drop rover0 rover0store)
16.970: (communicate_soil_data rover1 general waypoint11 waypoint0 waypoint11)
16.971: (communicate_soil_data rover1 general waypoint11 waypoint0 waypoint11)
16.971: (drop rover0 rover0store)
17.599: (sample_soil rover1 rover1store waypoint0)
17.599: (sample_soil rover1 rover1store waypoint0)
17.800: (sample_soil rover1 rover1store waypoint0)
17.800: (sample_soil rover1 rover1store waypoint0)
17.867: (calibrate rover0 camera1 objective0 waypoint2)
17.868: (calibrate rover0 camera1 objective0 waypoint2)
16.379: (communicate_soil_data rover1 general waypoint0 waypoint0 waypoint11)
16.379: (communicate_soil_data rover1 general waypoint0 waypoint0 waypoint11)
16.562: (drop rover1 rover1store)
16.562: (drop rover1 rover1store)
16.599: (communicate_soil_data rover1 general waypoint0 waypoint0 waypoint11)
16.600: (communicate_soil_data rover1 general waypoint0 waypoint0 waypoint11)
16.713: (drop rover1 rover1store)
16.714: (drop rover1 rover1store)
16.747: (drop rover0 rover0store)
16.747: (drop rover0 rover0store)
15.464: (drop rover1 rover1store)
15.464: (communicate_soil_data rover1 general waypoint0 waypoint0 waypoint11)
15.465: (communicate_soil_data rover1 general waypoint0 waypoint0 waypoint11)
15.465: (drop rover1 rover1store)
15.532: (communicate_soil_data rover1 general waypoint0 waypoint0 waypoint11)
15.532: (communicate_soil_data rover1 general waypoint11 waypoint0 waypoint11)
15.533: (drop rover0 rover0store)
15.533: (communicate_soil_data rover1 general waypoint0 waypoint0 waypoint11)
15.533: (communicate_soil_data rover1 general waypoint11 waypoint0 waypoint11)
15.533: (drop rover0 rover0store)
14.569: (drop rover0 rover0store)
14.569: (drop rover1 rover1store)
14.569: (drop rover1 rover1store)
14.570: (drop rover0 rover0store)
15.093: (navigate rover1 waypoint0 waypoint11)
15.094: (navigate rover1 waypoint0 waypoint11)
15.100: (navigate rover1 waypoint0 waypoint12)
15.100: (navigate rover1 waypoint0 waypoint12)
15.211: (navigate rover1 waypoint0 waypoint8)
15.211: (navigate rover1 waypoint0 waypoint8)
14.404: (drop rover1 rover1store)
14.404: (navigate rover1 waypoint0 waypoint8)
14.405: (navigate rover1 waypoint0 waypoint8)
14.405: (drop rover1 rover1store)
14.543: (calibrate rover0 camera0 objective1 waypoint2)
14.544: (calibrate rover0 camera0 objective1 waypoint2)
14.547: (calibrate rover0 camera2 objective1 waypoint2)
14.552: (calibrate rover0 camera2 objective1 waypoint2)
14.556: (calibrate rover0 camera1 objective0 waypoint2)
14.556: (calibrate rover0 camera1 objective0 waypoint2)
13.793: (navigate rover1 waypoint8 waypoint5)
13.795: (navigate rover1 waypoint8 waypoint5)
14.074: (navigate rover1 waypoint8 waypoint10)
14.075: (navigate rover1 waypoint8 waypoint10)
14.310: (navigate rover1 waypoint8 waypoint9)
14.311: (navigate rover1 waypoint8 waypoint9)
14.377: (navigate rover1 waypoint0 waypoint8)
14.378: (navigate rover1 waypoint0 waypoint8)
14.378: (calibrate rover0 camera0 objective1 waypoint2)
14.378: (calibrate rover0 camera0 objective1 waypoint2)
12.876: (navigate rover1 waypoint10 waypoint3)
12.876: (navigate rover1 waypoint10 waypoint3)
13.498: (navigate rover1 waypoint5 waypoint6)
13.498: (navigate rover1 waypoint5 waypoint6)
13.757: (navigate rover1 waypoint8 waypoint5)
13.758: (calibrate rover0 camera2 objective1 waypoint2)
13.762: (calibrate rover0 camera1 objective0 waypoint2)
13.762: (calibrate rover0 camera0 objective1 waypoint2)
13.763: (navigate rover1 waypoint8 waypoint5)
13.763: (calibrate rover0 camera2 objective1 waypoint2)
11.932: (sample_soil rover1 rover1store waypoint3)
11.933: (sample_soil rover1 rover1store waypoint3)
12.849: (calibrate rover0 camera0 objective1 waypoint2)
12.850: (calibrate rover0 camera2 objective1 waypoint2)
12.850: (calibrate rover0 camera0 objective1 waypoint2)
12.856: (calibrate rover0 camera2 objective1 waypoint2)
12.861: (calibrate rover0 camera1 objective0 waypoint2)
12.861: (calibrate rover0 camera1 objective0 waypoint2)
13.260: (sample_soil rover1 rover1store waypoint6)
13.260: (sample_soil rover1 rover1store waypoint6)
11.021: (drop rover1 rover1store)
11.021: (drop rover1 rover1store)
11.516: (navigate rover1 waypoint3 waypoint10)
11.517: (navigate rover1 waypoint3 waypoint10)
11.906: (sample_soil rover1 rover1store waypoint3)
11.906: (calibrate rover0 camera2 objective1 waypoint2)
11.906: (sample_soil rover1 rover1store waypoint3)
11.907: (calibrate rover0 camera0 objective1 waypoint2)
11.907: (calibrate rover0 camera0 objective1 waypoint2)
11.907: (sample_soil rover1 rover1store waypoint3)
10.354: (communicate_soil_data rover1 general waypoint3 waypoint10 waypoint11)
10.354: (communicate_soil_data rover1 general waypoint3 waypoint10 waypoint11)
10.992: (calibrate rover0 camera2 objective1 waypoint2)
10.993: (drop rover1 rover1store)
10.995: (calibrate rover0 camera0 objective1 waypoint2)
10.995: (drop rover1 rover1store)
10.995: (calibrate rover0 camera0 objective1 waypoint2)
10.996: (drop rover1 rover1store)
11.000: (calibrate rover0 camera2 objective1 waypoint2)
11.005: (calibrate rover0 camera1 objective0 waypoint2)
10.048: (drop rover1 rover1store)
10.048: (drop rover1 rover1store)
10.300: (navigate rover1 waypoint10 waypoint3)
10.300: (navigate rover1 waypoint10 waypoint3)
10.331: (calibrate rover0 camera0 objective1 waypoint2)
10.332: (calibrate rover0 camera0 objective1 waypoint2)
10.339: (calibrate rover0 camera2 objective1 waypoint2)
10.344: (calibrate rover0 camera2 objective1 waypoint2)
10.355: (calibrate rover0 camera1 objective0 waypoint2)
10.356: (calibrate rover0 camera1 objective0 waypoint2)
9.720: (navigate rover1 waypoint10 waypoint8)
9.721: (navigate rover1 waypoint10 waypoint8)
9.969: (drop rover1 rover1store)
9.970: (navigate rover1 waypoint10 waypoint3)
9.970: (drop rover1 rover1store)
9.970: (navigate rover1 waypoint10 waypoint3)
9.995: (navigate rover1 waypoint10 waypoint1)
9.996: (navigate rover1 waypoint10 waypoint1)
10.020: (calibrate rover0 camera0 objective1 waypoint2)
10.020: (drop rover1 rover1store)
9.108: (navigate rover1 waypoint8 waypoint5)
9.110: (navigate rover1 waypoint8 waypoint5)
9.694: (calibrate rover0 camera0 objective1 waypoint2)
9.694: (navigate rover1 waypoint10 waypoint8)
9.694: (calibrate rover0 camera0 objective1 waypoint2)
9.696: (calibrate rover0 camera2 objective1 waypoint2)
9.702: (calibrate rover0 camera2 objective1 waypoint2)
9.710: (calibrate rover0 camera1 objective0 waypoint2)
9.710: (calibrate rover0 camera1 objective0 waypoint2)
9.746: (navigate rover1 waypoint8 waypoint9)
9.040: (navigate rover1 waypoint5 waypoint6)
9.040: (navigate rover1 waypoint5 waypoint6)
9.075: (calibrate rover0 camera2 objective1 waypoint2)
9.076: (navigate rover1 waypoint8 waypoint5)
9.077: (navigate rover1 waypoint8 waypoint5)
9.077: (calibrate rover0 camera0 objective1 waypoint2)
9.078: (calibrate rover0 camera0 objective1 waypoint2)
9.079: (navigate rover1 waypoint8 waypoint5)
9.079: (calibrate rover0 camera2 objective1 waypoint2)
9.081: (navigate rover1 waypoint8 waypoint5)
8.194: (sample_soil rover1 rover1store waypoint6)
8.195: (sample_soil rover1 rover1store waypoint6)
9.015: (navigate rover1 waypoint5 waypoint6)
9.015: (calibrate rover0 camera0 objective1 waypoint2)
9.016: (calibrate rover0 camera0 objective1 waypoint2)
9.016: (navigate rover1 waypoint5 waypoint6)
9.016: (calibrate rover0 camera2 objective1 waypoint2)
9.016: (navigate rover1 waypoint5 waypoint6)
9.022: (calibrate rover0 camera2 objective1 waypoint2)
9.023: (navigate rover1 waypoint5 waypoint6)
7.060: (drop rover1 rover1store)
7.061: (drop rover1 rover1store)
7.134: (communicate_soil_data rover1 general waypoint6 waypoint6 waypoint11)
7.135: (communicate_soil_data rover1 general waypoint6 waypoint6 waypoint11)
7.575: (navigate rover1 waypoint6 waypoint5)
7.576: (navigate rover1 waypoint6 waypoint5)
8.171: (sample_soil rover1 rover1store waypoint6)
8.171: (calibrate rover0 camera0 objective1 waypoint2)
8.172: (sample_soil rover1 rover1store waypoint6)
8.172: (calibrate rover0 camera2 objective1 waypoint2)
6.024: (communicate_soil_data rover1 general waypoint6 waypoint6 waypoint11)
6.024: (drop rover1 rover1store)
6.024: (communicate_soil_data rover1 general waypoint6 waypoint6 waypoint11)
6.025: (drop rover1 rover1store)
6.419: (drop rover1 rover1store)
6.419: (navigate rover1 waypoint6 waypoint5)
6.420: (drop rover1 rover1store)
6.421: (navigate rover1 waypoint6 waypoint5)
6.493: (navigate rover1 waypoint6 waypoint5)
6.494: (navigate rover1 waypoint6 waypoint5)
5.330: (drop rover1 rover1store)
5.330: (navigate rover1 waypoint6 waypoint5)
5.332: (navigate rover1 waypoint6 waypoint5)
5.334: (drop rover1 rover1store)
6.001: (calibrate rover0 camera2 objective1 waypoint2)
6.002: (calibrate rover0 camera0 objective1 waypoint2)
6.002: (calibrate rover0 camera0 objective1 waypoint2)
6.007: (calibrate rover0 camera2 objective1 waypoint2)
6.010: (calibrate rover0 camera1 objective0 waypoint2)
6.011: (calibrate rover0 camera1 objective0 waypoint2)
5.292: (calibrate rover0 camera2 objective1 waypoint2)
5.292: (navigate rover1 waypoint6 waypoint5)
5.297: (navigate rover1 waypoint6 waypoint5)
5.297: (calibrate rover0 camera1 objective0 waypoint2)
5.297: (navigate rover1 waypoint6 waypoint5)
5.297: (calibrate rover0 camera2 objective1 waypoint2)
5.298: (navigate rover1 waypoint6 waypoint5)
5.298: (calibrate rover0 camera0 objective1 waypoint2)
5.298: (navigate rover1 waypoint6 waypoint5)
5.299: (calibrate rover0 camera1 objective0 waypoint2)
5.280: (calibrate rover0 camera0 objective1 waypoint2)
5.288: (calibrate rover0 camera0 objective1 waypoint2)
5.288: (calibrate rover0 camera2 objective1 waypoint2)
5.295: (calibrate rover0 camera0 objective1 waypoint2)
5.295: (calibrate rover0 camera1 objective0 waypoint2)
5.297: (calibrate rover0 camera0 objective1 waypoint2)
5.306: (take_image rover0 waypoint2 objective0 camera1 high_res)
5.306: (take_image rover0 waypoint2 objective0 camera2 high_res)
5.307: (take_image rover0 waypoint2 objective0 camera1 low_res)
5.308: (calibrate rover0 camera1 objective0 waypoint2)
5.268: (take_image rover0 waypoint2 objective0 camera2 high_res)
5.269: (calibrate rover0 camera1 objective0 waypoint2)
5.270: (take_image rover0 waypoint2 objective0 camera1 high_res)
5.270: (calibrate rover0 camera2 objective1 waypoint2)
5.270: (calibrate rover0 camera1 objective0 waypoint2)
5.276: (calibrate rover0 camera0 objective1 waypoint2)
5.276: (calibrate rover0 camera0 objective1 waypoint2)
5.276: (take_image rover0 waypoint2 objective0 camera2 high_res)
5.276: (take_image rover0 waypoint2 objective0 camera1 high_res)
5.276: (take_image rover0 waypoint2 objective0 camera1 low_res)
5.261: (calibrate rover0 camera2 objective1 waypoint2)
5.261: (calibrate rover0 camera0 objective1 waypoint2)
5.268: (calibrate rover0 camera1 objective0 waypoint2)
5.268: (calibrate rover0 camera0 objective1 waypoint2)
5.271: (calibrate rover0 camera1 objective0 waypoint2)
5.272: (calibrate rover0 camera0 objective1 waypoint2)
5.275: (calibrate rover0 camera2 objective1 waypoint2)
5.280: (calibrate rover0 camera2 objective1 waypoint2)
5.280: (calibrate rover0 camera2 objective1 waypoint2)
5.280: (calibrate rover0 camera1 objective0 waypoint2)
5.260: (take_image rover0 waypoint2 objective0 camera0 colour)
5.261: (take_image rover0 waypoint2 objective1 camera0 colour)
5.262: (take_image rover0 waypoint2 objective1 camera0 colour)
5.262: (take_image rover0 waypoint2 objective0 camera0 colour)
5.264: (calibrate rover0 camera2 objective1 waypoint2)
5.264: (calibrate rover0 camera1 objective0 waypoint2)
5.264: (calibrate rover0 camera2 objective1 waypoint2)
5.264: (calibrate rover0 camera1 objective0 waypoint2)
5.265: (take_image rover0 waypoint2 objective0 camera0 colour)
5.265: (calibrate rover0 camera0 objective1 waypoint2)
5.253: (calibrate rover0 camera0 objective1 waypoint2)
5.254: (calibrate rover0 camera0 objective1 waypoint2)
5.259: (calibrate rover0 camera0 objective1 waypoint2)
5.260: (calibrate rover0 camera0 objective1 waypoint2)
5.262: (take_image rover0 waypoint2 objective1 camera1 low_res)
5.262: (take_image rover0 waypoint2 objective1 camera1 high_res)
5.262: (calibrate rover0 camera0 objective1 waypoint2)
5.267: (take_image rover0 waypoint2 objective1 camera2 high_res)
5.271: (communicate_image_data rover0 general objective1 colour waypoint2 waypoint11)
5.271: (communicate_image_data rover0 general objective1 colour waypoint2 waypoint11)
5.256: (calibrate rover0 camera0 objective1 waypoint2)
5.256: (calibrate rover0 camera2 objective1 waypoint2)
5.256: (calibrate rover0 camera1 objective0 waypoint2)
5.257: (calibrate rover0 camera1 objective0 waypoint2)
5.257: (calibrate rover0 camera2 objective1 waypoint2)
5.257: (communicate_image_data rover0 general objective1 colour waypoint2 waypoint11)
5.258: (calibrate rover0 camera2 objective1 waypoint2)
5.258: (take_image rover0 waypoint2 objective1 camera0 colour)
5.259: (take_image rover0 waypoint2 objective0 camera0 colour)
5.261: (take_image rover0 waypoint2 objective0 camera0 colour)
5.254: (take_image rover0 waypoint2 objective1 camera1 low_res)
5.255: (take_image rover0 waypoint2 objective1 camera1 low_res)
5.255: (take_image rover0 waypoint2 objective1 camera1 high_res)
5.258: (calibrate rover0 camera0 objective1 waypoint2)
5.259: (take_image rover0 waypoint2 objective1 camera2 high_res)
5.259: (communicate_image_data rover0 general objective1 colour waypoint2 waypoint11)
5.260: (calibrate rover0 camera1 objective0 waypoint2)
5.260: (calibrate rover0 camera0 objective1 waypoint2)
5.264: (communicate_image_data rover0 general objective0 colour waypoint2 waypoint11)
5.264: (communicate_image_data rover0 general objective0 colour waypoint2 waypoint11)
5.255: (calibrate rover0 camera2 objective1 waypoint2)
5.256: (calibrate rover0 camera1 objective0 waypoint2)
5.257: (calibrate rover0 camera1 objective0 waypoint2)
5.257: (calibrate rover0 camera2 objective1 waypoint2)
5.259: (take_image rover0 waypoint2 objective1 camera0 colour)
5.260: (communicate_image_data rover0 general objective1 colour waypoint2 waypoint11)
5.260: (take_image rover0 waypoint2 objective1 camera1 low_res)
5.261: (take_image rover0 waypoint2 objective1 camera0 colour)
5.261: (take_image rover0 waypoint2 objective0 camera0 colour)
5.261: (take_image rover0 waypoint2 objective1 camera0 colour)
5.253: (take_image rover0 waypoint2 objective1 camera1 high_res)
5.253: (take_image rover0 waypoint2 objective0 camera1 low_res)
5.253: (take_image rover0 waypoint2 objective0 camera1 high_res)
5.254: (take_image rover0 waypoint2 objective1 camera1 low_res)
5.256: (calibrate rover0 camera0 objective1 waypoint2)
5.259: (calibrate rover0 camera0 objective1 waypoint2)
5.259: (communicate_image_data rover0 general objective1 colour waypoint2 waypoint11)
5.259: (calibrate rover0 camera1 objective0 waypoint2)
5.259: (communicate_image_data rover0 general objective1 colour waypoint2 waypoint11)
5.260: (take_image rover0 waypoint2 objective0 camera2 high_res)
5.255: (calibrate rover0 camera2 objective1 waypoint2)
5.256: (calibrate rover0 camera1 objective0 waypoint2)
5.258: (take_image rover0 waypoint2 objective0 camera1 low_res)
5.258: (take_image rover0 waypoint2 objective1 camera1 high_res)
5.258: (take_image rover0 waypoint2 objective0 camera1 high_res)
5.258: (communicate_image_data rover0 general objective1 colour waypoint2 waypoint11)
5.260: (communicate_image_data rover0 general objective1 colour waypoint2 waypoint11)
5.261: (take_image rover0 waypoint2 objective1 camera0 colour)
5.261: (take_image rover0 waypoint2 objective1 camera1 low_res)
5.261: (communicate_image_data rover0 general objective0 colour waypoint2 waypoint11)
5.259: (calibrate rover0 camera1 objective0 waypoint2)
5.260: (communicate_image_data rover0 general objective1 colour waypoint2 waypoint11)
5.261: (communicate_image_data rover0 general objective1 colour waypoint2 waypoint11)
5.262: (communicate_image_data rover0 general objective0 colour waypoint2 waypoint11)
5.263: (communicate_image_data rover0 general objective0 colour waypoint2 waypoint11)
5.263: (communicate_image_data rover0 general objective0 colour waypoint2 waypoint11)
5.265: (calibrate rover0 camera1 objective0 waypoint2)
5.271: (take_image rover0 waypoint2 objective0 camera0 colour)
5.271: (take_image rover0 waypoint2 objective1 camera0 colour)
5.271: (calibrate rover0 camera2 objective1 waypoint2)
5.262: (take_image rover0 waypoint2 objective0 camera1 high_res)
5.262: (take_image rover0 waypoint2 objective1 camera1 high_res)
5.262: (take_image rover0 waypoint2 objective0 camera1 low_res)
5.262: (take_image rover0 waypoint2 objective1 camera1 low_res)
5.262: (calibrate rover0 camera1 objective0 waypoint2)
5.262: (communicate_image_data rover0 general objective1 colour waypoint2 waypoint11)
5.262: (take_image rover0 waypoint2 objective1 camera1 low_res)
5.263: (communicate_image_data rover0 general objective1 colour waypoint2 waypoint11)
5.263: (communicate_image_data rover0 general objective0 colour waypoint2 waypoint11)
5.263: (calibrate rover0 camera1 objective0 waypoint2)
5.266: (take_image rover0 waypoint2 objective1 camera2 high_res)
5.266: (take_image rover0 waypoint2 objective0 camera2 high_res)
5.266: (take_image rover0 waypoint2 objective1 camera2 high_res)
5.266: (take_image rover0 waypoint2 objective0 camera2 high_res)
5.274: (take_image rover0 waypoint2 objective1 camera0 colour)
5.274: (take_image rover0 waypoint2 objective0 camera0 colour)
5.276: (take_image rover0 waypoint2 objective1 camera2 high_res)
5.276: (take_image rover0 waypoint2 objective0 camera2 high_res)
5.284: (take_image rover0 waypoint2 objective1 camera0 colour)
5.284: (take_image rover0 waypoint2 objective0 camera0 colour)
5.266: (calibrate rover0 camera1 objective0 waypoint2)
5.272: (take_image rover0 waypoint2 objective0 camera2 high_res)
5.272: (take_image rover0 waypoint2 objective1 camera2 high_res)
5.272: (take_image rover0 waypoint2 objective0 camera0 colour)
5.272: (take_image rover0 waypoint2 objective1 camera0 colour)
5.273: (take_image rover0 waypoint2 objective0 camera0 colour)
5.273: (take_image rover0 waypoint2 objective1 camera0 colour)
5.275: (communicate_image_data rover0 general objective1 colour waypoint2 waypoint11)
5.275: (take_image rover0 waypoint2 objective0 camera1 low_res)
5.275: (take_image rover0 waypoint2 objective1 camera1 high_res)
5.272: (take_image rover0 waypoint2 objective0 camera0 colour)
5.272: (take_image rover0 waypoint2 objective1 camera0 colour)
5.286: (calibrate rover0 camera2 objective1 waypoint2)
5.310: (take_image rover0 waypoint2 objective1 camera1 high_res)
5.310: (take_image rover0 waypoint2 objective1 camera1 low_res)
5.310: (take_image rover0 waypoint2 objective0 camera1 low_res)
5.311: (take_image rover0 waypoint2 objective0 camera2 high_res)
5.311: (take_image rover0 waypoint2 objective1 camera1 low_res)
5.311: (take_image rover0 waypoint2 objective1 camera2 high_res)
5.311: (take_image rover0 waypoint2 objective0 camera1 high_res)
5.276: (take_image rover0 waypoint2 objective1 camera1 high_res)
5.276: (take_image rover0 waypoint2 objective0 camera1 high_res)
5.276: (take_image rover0 waypoint2 objective0 camera1 low_res)
5.278: (calibrate rover0 camera0 objective1 waypoint2)
5.283: (calibrate rover0 camera2 objective1 waypoint2)
5.309: (take_image rover0 waypoint2 objective0 camera1 high_res)
5.309: (take_image rover0 waypoint2 objective0 camera1 low_res)
5.309: (take_image rover0 waypoint2 objective1 camera1 high_res)
5.309: (take_image rover0 waypoint2 objective1 camera1 low_res)
5.800: (sample_rock rover1 rover1store waypoint5)
5.038: (drop rover1 rover1store)
5.312: (take_image rover0 waypoint2 objective0 camera2 high_res)
5.312: (take_image rover0 waypoint2 objective1 camera2 high_res)
5.343: (navigate rover1 waypoint5 waypoint6)
5.386: (navigate rover1 waypoint5 waypoint8)
5.600: (navigate rover1 waypoint5 waypoint14)
5.645: (navigate rover0 waypoint2 waypoint9)
5.803: (navigate rover0 waypoint2 waypoint9)
5.806: (communicate_image_data rover0 general objective1 colour waypoint2 waypoint11)
5.807: (calibrate rover0 camera0 objective1 waypoint2)
4.518: (communicate_rock_data rover1 general waypoint5 waypoint6 waypoint11)
4.758: (communicate_rock_data rover1 general waypoint5 waypoint14 waypoint11)
4.796: (drop rover1 rover1store)
4.796: (navigate rover1 waypoint5 waypoint6)
4.818: (drop rover1 rover1store)
4.818: (navigate rover1 waypoint5 waypoint8)
4.972: (navigate rover1 waypoint8 waypoint9)
4.997: (navigate rover0 waypoint2 waypoint9)
4.998: (drop rover1 rover1store)
5.041: (drop rover1 rover1store)
3.588: (communicate_rock_data rover1 general waypoint5 waypoint6 waypoint11)
3.588: (drop rover1 rover1store)
3.833: (communicate_rock_data rover1 general waypoint5 waypoint14 waypoint11)
3.834: (drop rover1 rover1store)
4.378: (navigate rover1 waypoint9 waypoint2)
4.472: (drop rover1 rover1store)
4.472: (navigate rover1 waypoint8 waypoint9)
4.521: (communicate_image_data rover0 general objective1 colour waypoint2 waypoint11)
4.524: (calibrate rover0 camera0 objective1 waypoint2)
4.528: (calibrate rover0 camera2 objective1 waypoint2)
3.591: (communicate_image_data rover0 general objective1 colour waypoint2 waypoint11)
3.591: (drop rover1 rover1store)
3.595: (drop rover1 rover1store)
3.595: (calibrate rover0 camera0 objective1 waypoint2)
3.598: (drop rover1 rover1store)
3.599: (calibrate rover0 camera2 objective1 waypoint2)
3.632: (navigate rover1 waypoint9 waypoint2)
3.632: (drop rover1 rover1store)
3.647: (take_image rover0 waypoint2 objective0 camera1 high_res)
3.647: (take_image rover0 waypoint2 objective1 camera1 high_res)
2.574: (communicate_rock_data rover1 general waypoint5 waypoint2 waypoint11)
3.244: (sample_soil rover1 rover1store waypoint2)
3.593: (take_image rover0 waypoint2 objective1 camera1 high_res)
3.593: (take_image rover0 waypoint2 objective1 camera1 low_res)
3.593: (take_image rover0 waypoint2 objective0 camera1 low_res)
3.593: (take_image rover0 waypoint2 objective0 camera1 high_res)
3.594: (calibrate rover0 camera2 objective1 waypoint2)
3.596: (calibrate rover0 camera0 objective1 waypoint2)
3.596: (calibrate rover0 camera2 objective1 waypoint2)
3.597: (communicate_image_data rover0 general objective1 colour waypoint2 waypoint11)
2.219: (sample_soil rover1 rover1store waypoint2)
2.220: (communicate_rock_data rover1 general waypoint5 waypoint2 waypoint11)
2.248: (communicate_soil_data rover1 general waypoint2 waypoint2 waypoint11)
2.576: (calibrate rover0 camera0 objective1 waypoint2)
2.577: (communicate_image_data rover0 general objective1 colour waypoint2 waypoint11)
2.587: (calibrate rover0 camera2 objective1 waypoint2)
2.612: (take_image rover0 waypoint2 objective1 camera1 low_res)
2.612: (take_image rover0 waypoint2 objective0 camera1 high_res)
2.612: (take_image rover0 waypoint2 objective0 camera1 low_res)
2.612: (take_image rover0 waypoint2 objective1 camera1 high_res)
1.313: (communicate_soil_data rover1 general waypoint2 waypoint2 waypoint11)
1.313: (communicate_rock_data rover1 general waypoint5 waypoint2 waypoint11)
2.106: (drop rover1 rover1store)
2.126: (drop rover1 rover1store)
2.193: (navigate rover1 waypoint2 waypoint9)
2.210: (take_image rover0 waypoint2 objective1 camera1 low_res)
2.210: (sample_soil rover1 rover1store waypoint2)
2.210: (take_image rover0 waypoint2 objective0 camera1 low_res)
2.210: (take_image rover0 waypoint2 objective1 camera1 high_res)
2.210: (take_image rover0 waypoint2 objective0 camera1 high_res)
1.156: (communicate_rock_data rover1 general waypoint5 waypoint2 waypoint11)
1.157: (drop rover1 rover1store)
1.157: (communicate_soil_data rover1 general waypoint2 waypoint2 waypoint11)
1.302: (navigate rover1 waypoint2 waypoint9)
1.305: (take_image rover0 waypoint2 objective1 camera1 low_res)
1.305: (take_image rover0 waypoint2 objective1 camera1 high_res)
1.305: (take_image rover0 waypoint2 objective0 camera1 high_res)
1.305: (take_image rover0 waypoint2 objective0 camera1 low_res)
1.306: (communicate_soil_data rover1 general waypoint2 waypoint2 waypoint11)
1.314: (communicate_image_data rover0 general objective1 colour waypoint2 waypoint11)
1.149: (drop rover1 rover1store)
1.150: (take_image rover0 waypoint2 objective1 camera1 low_res)
1.150: (take_image rover0 waypoint2 objective1 camera1 high_res)
1.150: (take_image rover0 waypoint2 objective0 camera1 low_res)
1.150: (take_image rover0 waypoint2 objective0 camera1 high_res)
1.158: (communicate_image_data rover0 general objective1 colour waypoint2 waypoint11)
1.158: (drop rover1 rover1store)
1.164: (calibrate rover0 camera0 objective1 waypoint2)
1.171: (calibrate rover0 camera2 objective1 waypoint2)
1.171: (drop rover1 rover1store)
1.146: (take_image rover0 waypoint2 objective0 camera1 low_res)
1.146: (take_image rover0 waypoint2 objective0 camera1 high_res)
1.147: (calibrate rover0 camera2 objective1 waypoint2)
1.147: (take_image rover0 waypoint2 objective1 camera1 low_res)
1.147: (take_image rover0 waypoint2 objective1 camera1 high_res)
1.152: (take_image rover0 waypoint2 objective1 camera1 low_res)
1.152: (take_image rover0 waypoint2 objective0 camera1 low_res)
1.152: (take_image rover0 waypoint2 objective0 camera1 high_res)
1.152: (take_image rover0 waypoint2 objective1 camera1 high_res)
1.152: (communicate_image_data rover0 general objective1 colour waypoint2 waypoint11)
1.149: (communicate_image_data rover0 general objective1 colour waypoint2 waypoint11)
1.149: (calibrate rover0 camera0 objective1 waypoint2)
1.150: (calibrate rover0 camera2 objective1 waypoint2)
1.158: (calibrate rover0 camera0 objective1 waypoint2)
1.161: (navigate rover1 waypoint2 waypoint9)
1.166: (navigate rover1 waypoint2 waypoint9)
1.352: (navigate rover0 waypoint2 waypoint9)
1.354: (navigate rover0 waypoint2 waypoint9)
1.690: (navigate rover0 waypoint2 waypoint14)
1.699: (navigate rover0 waypoint2 waypoint14)
1.152: (communicate_image_data rover0 general objective1 colour waypoint2 waypoint11)
1.152: (calibrate rover0 camera0 objective1 waypoint2)
1.152: (calibrate rover0 camera2 objective1 waypoint2)
1.155: (take_image rover0 waypoint2 objective0 camera2 high_res)
1.155: (take_image rover0 waypoint2 objective1 camera2 high_res)
1.162: (calibrate rover0 camera2 objective1 waypoint2)
1.162: (communicate_image_data rover0 general objective1 colour waypoint2 waypoint11)
1.164: (navigate rover1 waypoint2 waypoint9)
1.164: (calibrate rover0 camera1 objective0 waypoint2)
1.165: (calibrate rover0 camera0 objective1 waypoint2)
1.167: (communicate_image_data rover0 general objective1 colour waypoint2 waypoint11)
1.167: (navigate rover1 waypoint2 waypoint9)
1.167: (calibrate rover0 camera0 objective1 waypoint2)
1.169: (take_image rover0 waypoint2 objective1 camera2 high_res)
1.169: (take_image rover0 waypoint2 objective0 camera2 high_res)
1.170: (navigate rover1 waypoint2 waypoint9)
1.175: (calibrate rover0 camera1 objective0 waypoint2)
1.175: (calibrate rover0 camera2 objective1 waypoint2)
1.181: (navigate rover1 waypoint2 waypoint9)
1.188: (calibrate rover0 camera1 objective0 waypoint2)
1.163: (take_image rover0 waypoint2 objective0 camera0 colour)
1.163: (take_image rover0 waypoint2 objective1 camera0 colour)
1.171: (navigate rover1 waypoint9 waypoint2)
1.172: (take_image rover0 waypoint2 objective1 camera0 colour)
1.172: (take_image rover0 waypoint2 objective0 camera0 colour)
1.172: (communicate_image_data rover0 general objective1 colour waypoint2 waypoint11)
1.172: (take_image rover0 waypoint2 objective1 camera2 high_res)
1.172: (take_image rover0 waypoint2 objective0 camera2 high_res)
1.173: (take_image rover0 waypoint2 objective1 camera0 colour)
1.173: (take_image rover0 waypoint2 objective0 camera0 colour)
1.203: (navigate rover0 waypoint2 waypoint9)
1.208: (navigate rover0 waypoint2 waypoint9)
1.224: (navigate rover0 waypoint2 waypoint9)
1.378: (navigate rover0 waypoint2 waypoint9)
1.397: (sample_rock rover1 rover1store waypoint9)
1.406: (sample_rock rover1 rover1store waypoint9)
1.407: (sample_rock rover1 rover1store waypoint9)
1.582: (navigate rover1 waypoint9 waypoint8)
1.588: (navigate rover1 waypoint9 waypoint8)
1.588: (navigate rover1 waypoint9 waypoint8)
1.204: (take_image rover0 waypoint9 objective1 camera0 colour)
1.204: (take_image rover0 waypoint9 objective1 camera1 low_res)
1.204: (take_image rover0 waypoint9 objective1 camera1 high_res)
1.204: (calibrate rover0 camera2 objective1 waypoint9)
1.205: (calibrate rover0 camera2 objective1 waypoint9)
1.207: (calibrate rover0 camera0 objective1 waypoint9)
1.209: (take_image rover0 waypoint9 objective2 camera0 colour)
1.214: (take_image rover0 waypoint9 objective2 camera1 low_res)
1.215: (take_image rover0 waypoint9 objective2 camera1 high_res)
1.231: (calibrate rover0 camera0 objective1 waypoint9)
1.165: (navigate rover0 waypoint9 waypoint2)
1.175: (navigate rover0 waypoint9 waypoint2)
1.175: (navigate rover0 waypoint9 waypoint2)
1.194: (calibrate rover0 camera2 objective1 waypoint9)
1.204: (calibrate rover0 camera0 objective1 waypoint9)
1.204: (calibrate rover0 camera2 objective1 waypoint9)
1.205: (calibrate rover0 camera2 objective1 waypoint9)
1.205: (take_image rover0 waypoint9 objective1 camera0 colour)
1.208: (calibrate rover0 camera2 objective1 waypoint9)
1.209: (take_image rover0 waypoint9 objective2 camera0 colour)
1.154: (communicate_image_data rover0 general objective2 high_res waypoint2 waypoint11)
1.154: (communicate_image_data rover0 general objective2 low_res waypoint2 waypoint11)
1.155: (navigate rover1 waypoint9 waypoint2)
1.157: (navigate rover0 waypoint9 waypoint2)
1.157: (calibrate rover0 camera2 objective1 waypoint2)
1.161: (navigate rover0 waypoint9 waypoint2)
1.162: (calibrate rover0 camera2 objective1 waypoint2)
1.163: (navigate rover1 waypoint9 waypoint2)
1.163: (navigate rover1 waypoint9 waypoint2)
1.164: (navigate rover0 waypoint9 waypoint2)
1.139: (calibrate rover0 camera2 objective1 waypoint2)
1.139: (communicate_image_data rover0 general objective2 high_res waypoint2 waypoint11)
1.141: (communicate_image_data rover0 general objective2 low_res waypoint2 waypoint11)
1.141: (navigate rover1 waypoint9 waypoint2)
1.141: (navigate rover1 waypoint9 waypoint2)
1.142: (communicate_image_data rover0 general objective2 high_res waypoint2 waypoint11)
1.145: (calibrate rover0 camera1 objective0 waypoint2)
1.145: (navigate rover1 waypoint9 waypoint2)
1.145: (calibrate rover0 camera1 objective0 waypoint2)
1.146: (calibrate rover0 camera2 objective1 waypoint2)
1.127: (navigate rover1 waypoint9 waypoint2)
1.127: (communicate_image_data rover0 general objective2 high_res waypoint2 waypoint11)
1.127: (calibrate rover0 camera2 objective1 waypoint2)
1.131: (navigate rover1 waypoint9 waypoint2)
1.133: (calibrate rover0 camera1 objective0 waypoint2)
1.133: (navigate rover1 waypoint9 waypoint2)
1.133: (calibrate rover0 camera1 objective0 waypoint2)
1.143: (calibrate rover0 camera0 objective1 waypoint2)
1.145: (calibrate rover0 camera2 objective1 waypoint2)
1.148: (calibrate rover0 camera0 objective1 waypoint2)
1.129: (navigate rover1 waypoint9 waypoint2)
1.130: (calibrate rover0 camera0 objective1 waypoint2)
1.140: (calibrate rover0 camera0 objective1 waypoint2)
1.140: (calibrate rover0 camera0 objective1 waypoint2)
1.141: (calibrate rover0 camera1 objective0 waypoint2)
1.145: (calibrate rover0 camera1 objective0 waypoint2)
1.146: (calibrate rover0 camera2 objective1 waypoint2)
1.149: (calibrate rover0 camera2 objective1 waypoint2)
1.149: (calibrate rover0 camera0 objective1 waypoint2)
1.149: (calibrate rover0 camera1 objective0 waypoint2)
1.148: (take_image rover0 waypoint2 objective0 camera1 high_res)
1.148: (take_image rover0 waypoint2 objective1 camera2 high_res)
1.148: (take_image rover0 waypoint2 objective0 camera2 high_res)
1.148: (take_image rover0 waypoint2 objective1 camera1 high_res)
1.148: (take_image rover0 waypoint2 objective1 camera1 low_res)
1.148: (take_image rover0 waypoint2 objective0 camera1 low_res)
1.148: (calibrate rover0 camera1 objective0 waypoint2)
1.148: (calibrate rover0 camera0 objective1 waypoint2)
1.149: (calibrate rover0 camera2 objective1 waypoint2)
1.152: (calibrate rover0 camera1 objective0 waypoint2)
1.161: (navigate rover1 waypoint2 waypoint9)
1.162: (navigate rover1 waypoint2 waypoint9)
1.165: (navigate rover1 waypoint2 waypoint9)
1.355: (navigate rover0 waypoint2 waypoint9)
1.359: (navigate rover0 waypoint2 waypoint9)
1.362: (navigate rover0 waypoint2 waypoint9)
1.715: (navigate rover0 waypoint2 waypoint14)
1.716: (navigate rover0 waypoint2 waypoint14)
1.734: (navigate rover0 waypoint2 waypoint14)
1.870: (communicate_image_data rover0 general objective1 low_res waypoint2 waypoint11)
0.206: (communicate_image_data rover0 general objective0 low_res waypoint2 waypoint11)
0.977: (communicate_image_data rover0 general objective1 high_res waypoint2 waypoint11)
1.153: (take_image rover0 waypoint2 objective0 camera2 high_res)
1.153: (take_image rover0 waypoint2 objective1 camera2 high_res)
1.153: (calibrate rover0 camera1 objective0 waypoint2)
1.153: (take_image rover0 waypoint2 objective0 camera2 high_res)
1.153: (take_image rover0 waypoint2 objective1 camera2 high_res)
1.159: (take_image rover0 waypoint2 objective0 camera0 colour)
1.159: (take_image rover0 waypoint2 objective1 camera0 colour)
1.162: (take_image rover0 waypoint2 objective1 camera0 colour)
0.004: (communicate_image_data rover0 general objective0 low_res waypoint2 waypoint11)
0.004: (communicate_image_data rover0 general objective1 high_res waypoint2 waypoint11)
0.008: (communicate_image_data rover0 general objective0 high_res waypoint2 waypoint11)
0.081: (communicate_image_data rover0 general objective0 high_res waypoint2 waypoint11)
0.195: (take_image rover0 waypoint2 objective1 camera2 high_res)
0.195: (take_image rover0 waypoint2 objective0 camera2 high_res)
0.198: (take_image rover0 waypoint2 objective0 camera0 colour)
0.198: (take_image rover0 waypoint2 objective1 camera0 colour)
0.203: (take_image rover0 waypoint2 objective1 camera1 low_res)
0.203: (take_image rover0 waypoint2 objective0 camera1 high_res)
-0.851: (communicate_image_data rover0 general objective0 high_res waypoint2 waypoint11)
[Final] Expanded: 505, Generated: 9015
Found a solution of length 77!
   1: (sample_rock rover0 rover0store waypoint14)
   2: (communicate_rock_data rover0 general waypoint14 waypoint14 waypoint11)
   3: (drop rover0 rover0store)
   4: (navigate rover1 waypoint8 waypoint0)
   5: (calibrate rover0 camera1 objective0 waypoint14)
   6: (navigate rover1 waypoint0 waypoint11)
   7: (sample_soil rover1 rover1store waypoint11)
   8: (navigate rover0 waypoint14 waypoint2)
   9: (calibrate rover0 camera2 objective1 waypoint2)
  10: (take_image rover0 waypoint2 objective0 camera2 high_res)
  11: (take_image rover0 waypoint2 objective1 camera1 low_res)
  12: (sample_rock rover0 rover0store waypoint2)
  13: (navigate rover1 waypoint11 waypoint0)
  14: (communicate_rock_data rover0 general waypoint2 waypoint2 waypoint11)
  15: (drop rover1 rover1store)
  16: (communicate_soil_data rover1 general waypoint11 waypoint0 waypoint11)
  17: (sample_soil rover1 rover1store waypoint0)
  18: (drop rover0 rover0store)
  19: (communicate_soil_data rover1 general waypoint0 waypoint0 waypoint11)
  20: (navigate rover1 waypoint0 waypoint8)
  21: (drop rover1 rover1store)
  22: (navigate rover1 waypoint8 waypoint10)
  23: (navigate rover1 waypoint10 waypoint3)
  24: (sample_soil rover1 rover1store waypoint3)
  25: (navigate rover1 waypoint3 waypoint10)
  26: (communicate_soil_data rover1 general waypoint3 waypoint10 waypoint11)
  27: (drop rover1 rover1store)
  28: (navigate rover1 waypoint10 waypoint8)
  29: (navigate rover1 waypoint8 waypoint5)
  30: (navigate rover1 waypoint5 waypoint6)
  31: (sample_soil rover1 rover1store waypoint6)
  32: (drop rover1 rover1store)
  33: (communicate_soil_data rover1 general waypoint6 waypoint6 waypoint11)
  34: (calibrate rover0 camera1 objective0 waypoint2)
  35: (navigate rover1 waypoint6 waypoint5)
  36: (take_image rover0 waypoint2 objective0 camera1 low_res)
  37: (calibrate rover0 camera0 objective1 waypoint2)
  38: (calibrate rover0 camera1 objective0 waypoint2)
  39: (take_image rover0 waypoint2 objective0 camera0 colour)
  40: (calibrate rover0 camera0 objective1 waypoint2)
  41: (calibrate rover0 camera2 objective1 waypoint2)
  42: (take_image rover0 waypoint2 objective1 camera2 high_res)
  43: (take_image rover0 waypoint2 objective1 camera0 colour)
  44: (calibrate rover0 camera0 objective1 waypoint2)
  45: (calibrate rover0 camera2 objective1 waypoint2)
  46: (communicate_image_data rover0 general objective0 colour waypoint2 waypoint11)
  47: (take_image rover0 waypoint2 objective0 camera1 high_res)
  48: (take_image rover0 waypoint2 objective1 camera2 high_res)
  49: (calibrate rover0 camera1 objective0 waypoint2)
  50: (take_image rover0 waypoint2 objective0 camera0 colour)
  51: (sample_rock rover1 rover1store waypoint5)
  52: (navigate rover1 waypoint5 waypoint8)
  53: (navigate rover1 waypoint8 waypoint9)
  54: (drop rover1 rover1store)
  55: (navigate rover1 waypoint9 waypoint2)
  56: (sample_soil rover1 rover1store waypoint2)
  57: (communicate_soil_data rover1 general waypoint2 waypoint2 waypoint11)
  58: (drop rover1 rover1store)
  59: (communicate_rock_data rover1 general waypoint5 waypoint2 waypoint11)
  60: (communicate_image_data rover0 general objective1 colour waypoint2 waypoint11)
  61: (take_image rover0 waypoint2 objective1 camera1 low_res)
  62: (calibrate rover0 camera0 objective1 waypoint2)
  63: (calibrate rover0 camera1 objective0 waypoint2)
  64: (navigate rover1 waypoint2 waypoint9)
  65: (take_image rover0 waypoint2 objective1 camera0 colour)
  66: (navigate rover0 waypoint2 waypoint9)
  67: (take_image rover0 waypoint9 objective2 camera1 low_res)
  68: (navigate rover0 waypoint9 waypoint2)
  69: (navigate rover1 waypoint9 waypoint2)
  70: (communicate_image_data rover0 general objective2 low_res waypoint2 waypoint11)
  71: (calibrate rover0 camera0 objective1 waypoint2)
  72: (calibrate rover0 camera2 objective1 waypoint2)
  73: (calibrate rover0 camera1 objective0 waypoint2)
  74: (communicate_image_data rover0 general objective1 low_res waypoint2 waypoint11)
  75: (communicate_image_data rover0 general objective1 high_res waypoint2 waypoint11)
  76: (communicate_image_data rover0 general objective0 low_res waypoint2 waypoint11)
  77: (communicate_image_data rover0 general objective0 high_res waypoint2 waypoint11)
