/u/ibrahim.eisawy/Neural-Guided-Search/venv/lib/python3.10/site-packages/pymimir_rgnn/model.py:151: UserWarning: index_reduce() is in beta and the API may change at any time. (Triggered internally at /pytorch/aten/src/ATen/native/cuda/Indexing.cu:1541.)
  max_msg.index_reduce_(0, output_indices, output_messages, reduce='amax', include_self=True)
Torch: 2.12.0+cu130
Using GPU:  NVIDIA L40S
52.835: (calibrate rover0 camera1 objective0 waypoint3)
53.170: (calibrate rover1 camera3 objective0 waypoint1)
53.211: (navigate rover0 waypoint3 waypoint12)
53.546: (navigate rover0 waypoint3 waypoint11)
53.676: (navigate rover0 waypoint3 waypoint1)
54.074: (navigate rover1 waypoint1 waypoint23)
54.759: (navigate rover1 waypoint1 waypoint10)
54.939: (navigate rover1 waypoint1 waypoint2)
55.092: (navigate rover1 waypoint1 waypoint18)
55.461: (navigate rover1 waypoint1 waypoint0)
50.814: (take_image rover0 waypoint3 objective1 camera1 high_res)
51.150: (take_image rover0 waypoint3 objective0 camera1 colour)
51.562: (take_image rover0 waypoint3 objective1 camera1 colour)
51.916: (take_image rover0 waypoint3 objective0 camera1 high_res)
51.963: (navigate rover0 waypoint3 waypoint12)
52.138: (calibrate rover1 camera3 objective0 waypoint1)
52.138: (navigate rover0 waypoint3 waypoint12)
52.283: (navigate rover0 waypoint3 waypoint11)
52.284: (calibrate rover0 camera1 objective0 waypoint3)
52.285: (calibrate rover1 camera3 objective0 waypoint1)
49.761: (calibrate rover1 camera3 objective0 waypoint1)
49.762: (take_image rover0 waypoint3 objective0 camera1 colour)
49.847: (calibrate rover0 camera1 objective0 waypoint3)
49.938: (navigate rover0 waypoint3 waypoint12)
50.088: (navigate rover0 waypoint3 waypoint11)
50.224: (navigate rover0 waypoint3 waypoint1)
50.224: (calibrate rover1 camera3 objective0 waypoint1)
50.225: (take_image rover0 waypoint3 objective1 camera1 high_res)
50.250: (calibrate rover0 camera1 objective0 waypoint3)
50.270: (navigate rover0 waypoint3 waypoint12)
48.466: (take_image rover0 waypoint3 objective1 camera1 high_res)
48.467: (take_image rover0 waypoint3 objective0 camera1 colour)
48.799: (navigate rover0 waypoint3 waypoint12)
48.800: (calibrate rover1 camera3 objective0 waypoint1)
48.898: (communicate_image_data rover0 general objective1 high_res waypoint12 waypoint10)
48.972: (navigate rover0 waypoint3 waypoint12)
49.017: (communicate_image_data rover0 general objective1 high_res waypoint1 waypoint10)
49.018: (communicate_image_data rover0 general objective0 colour waypoint12 waypoint10)
49.045: (take_image rover0 waypoint3 objective1 camera1 colour)
49.061: (navigate rover0 waypoint3 waypoint11)
47.429: (communicate_image_data rover0 general objective0 colour waypoint12 waypoint10)
47.430: (calibrate rover1 camera3 objective0 waypoint1)
47.547: (calibrate rover1 camera3 objective0 waypoint1)
47.637: (navigate rover0 waypoint3 waypoint12)
47.771: (navigate rover0 waypoint3 waypoint11)
47.835: (communicate_image_data rover0 general objective0 colour waypoint11 waypoint10)
47.901: (navigate rover0 waypoint3 waypoint1)
48.004: (communicate_image_data rover0 general objective1 high_res waypoint12 waypoint10)
48.041: (calibrate rover0 camera1 objective0 waypoint1)
48.165: (calibrate rover1 camera3 objective0 waypoint1)
45.738: (communicate_image_data rover0 general objective0 colour waypoint12 waypoint10)
45.789: (communicate_image_data rover0 general objective1 high_res waypoint12 waypoint10)
45.836: (communicate_image_data rover0 general objective0 colour waypoint11 waypoint10)
45.904: (communicate_image_data rover0 general objective1 high_res waypoint11 waypoint10)
45.981: (communicate_image_data rover0 general objective0 colour waypoint1 waypoint10)
46.051: (communicate_image_data rover0 general objective1 high_res waypoint1 waypoint10)
46.052: (take_image rover0 waypoint1 objective0 camera1 colour)
46.592: (calibrate rover1 camera3 objective0 waypoint1)
46.592: (navigate rover0 waypoint3 waypoint12)
46.867: (navigate rover0 waypoint3 waypoint11)
44.530: (communicate_image_data rover0 general objective0 colour waypoint12 waypoint10)
44.530: (communicate_image_data rover0 general objective1 high_res waypoint12 waypoint10)
44.709: (communicate_image_data rover0 general objective0 colour waypoint12 waypoint10)
44.709: (calibrate rover1 camera3 objective0 waypoint1)
44.813: (communicate_image_data rover0 general objective1 high_res waypoint12 waypoint10)
44.814: (calibrate rover1 camera3 objective0 waypoint1)
44.869: (communicate_image_data rover0 general objective0 colour waypoint11 waypoint10)
44.869: (communicate_image_data rover0 general objective1 high_res waypoint11 waypoint10)
44.949: (communicate_image_data rover0 general objective0 colour waypoint1 waypoint10)
44.950: (communicate_image_data rover0 general objective1 high_res waypoint1 waypoint10)
43.671: (communicate_image_data rover0 general objective0 colour waypoint12 waypoint10)
43.671: (calibrate rover1 camera3 objective0 waypoint1)
43.671: (communicate_image_data rover0 general objective1 high_res waypoint12 waypoint10)
44.115: (navigate rover1 waypoint1 waypoint23)
44.118: (calibrate rover1 camera3 objective0 waypoint1)
44.183: (calibrate rover1 camera3 objective0 waypoint1)
44.231: (navigate rover0 waypoint1 waypoint23)
44.463: (navigate rover0 waypoint12 waypoint8)
44.604: (navigate rover1 waypoint1 waypoint23)
44.685: (navigate rover0 waypoint11 waypoint10)
42.941: (sample_soil rover1 rover1store waypoint23)
43.090: (sample_rock rover1 rover1store waypoint23)
43.369: (navigate rover1 waypoint1 waypoint23)
43.370: (calibrate rover1 camera3 objective0 waypoint23)
43.403: (sample_soil rover1 rover1store waypoint23)
43.485: (calibrate rover1 camera3 objective0 waypoint1)
43.486: (navigate rover0 waypoint1 waypoint23)
43.575: (navigate rover0 waypoint12 waypoint8)
43.577: (calibrate rover1 camera3 objective0 waypoint1)
43.683: (sample_rock rover1 rover1store waypoint23)
41.814: (drop rover1 rover1store)
41.984: (drop rover1 rover1store)
42.203: (calibrate rover1 camera3 objective0 waypoint23)
42.203: (sample_soil rover1 rover1store waypoint23)
42.267: (drop rover1 rover1store)
42.292: (calibrate rover1 camera3 objective0 waypoint23)
42.292: (sample_rock rover1 rover1store waypoint23)
42.566: (calibrate rover1 camera3 objective0 waypoint23)
42.594: (drop rover1 rover1store)
42.627: (navigate rover1 waypoint23 waypoint1)
41.067: (drop rover1 rover1store)
41.068: (calibrate rover1 camera3 objective0 waypoint23)
41.167: (drop rover1 rover1store)
41.168: (calibrate rover1 camera3 objective0 waypoint23)
41.417: (calibrate rover1 camera3 objective0 waypoint23)
41.418: (drop rover1 rover1store)
41.467: (navigate rover1 waypoint23 waypoint1)
41.468: (drop rover1 rover1store)
41.629: (calibrate rover1 camera3 objective0 waypoint1)
41.676: (calibrate rover1 camera0 objective1 waypoint23)
40.494: (calibrate rover1 camera3 objective0 waypoint1)
40.494: (drop rover1 rover1store)
40.800: (communicate_rock_data rover1 general waypoint23 waypoint1 waypoint10)
40.832: (sample_soil rover1 rover1store waypoint23)
40.832: (sample_rock rover1 rover1store waypoint23)
41.008: (communicate_rock_data rover1 general waypoint23 waypoint1 waypoint10)
41.042: (navigate rover1 waypoint23 waypoint1)
41.050: (calibrate rover1 camera0 objective1 waypoint23)
41.050: (calibrate rover1 camera3 objective0 waypoint23)
41.076: (calibrate rover0 camera1 objective0 waypoint1)
39.727: (drop rover1 rover1store)
39.881: (communicate_rock_data rover1 general waypoint23 waypoint1 waypoint10)
39.881: (calibrate rover1 camera3 objective0 waypoint1)
39.882: (drop rover1 rover1store)
39.946: (navigate rover1 waypoint23 waypoint1)
40.308: (navigate rover0 waypoint12 waypoint8)
40.402: (communicate_rock_data rover1 general waypoint23 waypoint1 waypoint10)
40.619: (navigate rover0 waypoint12 waypoint8)
40.630: (navigate rover0 waypoint1 waypoint23)
40.777: (calibrate rover1 camera0 objective1 waypoint23)
38.885: (drop rover1 rover1store)
38.886: (navigate rover1 waypoint23 waypoint1)
38.921: (communicate_soil_data rover1 general waypoint23 waypoint1 waypoint10)
39.182: (communicate_rock_data rover1 general waypoint23 waypoint1 waypoint10)
39.671: (drop rover1 rover1store)
39.672: (calibrate rover1 camera0 objective1 waypoint23)
39.676: (calibrate rover1 camera3 objective0 waypoint1)
39.677: (communicate_rock_data rover1 general waypoint23 waypoint1 waypoint10)
39.678: (navigate rover0 waypoint12 waypoint8)
39.707: (calibrate rover0 camera1 objective0 waypoint1)
37.899: (drop rover1 rover1store)
37.899: (communicate_soil_data rover1 general waypoint23 waypoint1 waypoint10)
37.932: (communicate_rock_data rover1 general waypoint23 waypoint1 waypoint10)
37.932: (communicate_soil_data rover1 general waypoint23 waypoint1 waypoint10)
38.154: (drop rover1 rover1store)
38.155: (communicate_rock_data rover1 general waypoint23 waypoint1 waypoint10)
38.817: (navigate rover0 waypoint1 waypoint18)
38.826: (navigate rover0 waypoint1 waypoint18)
38.832: (navigate rover1 waypoint23 waypoint1)
38.833: (navigate rover0 waypoint1 waypoint13)
36.906: (communicate_soil_data rover1 general waypoint23 waypoint1 waypoint10)
36.907: (drop rover1 rover1store)
36.907: (communicate_rock_data rover1 general waypoint23 waypoint1 waypoint10)
37.809: (navigate rover1 waypoint1 waypoint10)
37.812: (drop rover1 rover1store)
37.812: (navigate rover0 waypoint1 waypoint18)
37.812: (communicate_soil_data rover1 general waypoint23 waypoint1 waypoint10)
37.830: (navigate rover0 waypoint1 waypoint2)
37.850: (communicate_soil_data rover1 general waypoint23 waypoint1 waypoint10)
37.858: (navigate rover1 waypoint1 waypoint10)
36.715: (drop rover1 rover1store)
36.715: (navigate rover1 waypoint1 waypoint10)
36.847: (navigate rover0 waypoint1 waypoint2)
36.848: (communicate_rock_data rover1 general waypoint23 waypoint1 waypoint10)
36.859: (communicate_rock_data rover1 general waypoint23 waypoint1 waypoint10)
36.864: (communicate_rock_data rover1 general waypoint23 waypoint1 waypoint10)
36.865: (navigate rover0 waypoint1 waypoint18)
36.889: (calibrate rover0 camera1 objective0 waypoint1)
36.931: (navigate rover0 waypoint1 waypoint13)
36.934: (navigate rover1 waypoint1 waypoint2)
36.269: (sample_rock rover1 rover1store waypoint10)
36.542: (sample_rock rover1 rover1store waypoint2)
36.691: (calibrate rover0 camera1 objective0 waypoint1)
36.691: (navigate rover1 waypoint1 waypoint10)
36.695: (calibrate rover1 camera0 objective1 waypoint10)
36.696: (navigate rover1 waypoint1 waypoint10)
36.713: (navigate rover0 waypoint18 waypoint6)
36.799: (navigate rover0 waypoint2 waypoint24)
36.800: (navigate rover0 waypoint1 waypoint2)
36.824: (navigate rover0 waypoint1 waypoint18)
35.029: (drop rover1 rover1store)
35.378: (navigate rover1 waypoint2 waypoint1)
35.453: (drop rover1 rover1store)
35.681: (navigate rover1 waypoint2 waypoint7)
35.726: (navigate rover1 waypoint2 waypoint16)
36.000: (navigate rover1 waypoint10 waypoint11)
36.016: (navigate rover1 waypoint10 waypoint9)
36.135: (navigate rover0 waypoint1 waypoint2)
36.237: (sample_rock rover1 rover1store waypoint10)
36.238: (calibrate rover1 camera0 objective1 waypoint10)
34.098: (take_image rover1 waypoint9 objective2 camera3 low_res)
34.221: (take_image rover1 waypoint7 objective2 camera3 low_res)
34.251: (communicate_rock_data rover1 general waypoint2 waypoint1 waypoint10)
34.343: (drop rover1 rover1store)
34.343: (navigate rover1 waypoint2 waypoint1)
34.460: (communicate_rock_data rover1 general waypoint10 waypoint11 waypoint10)
34.500: (communicate_rock_data rover1 general waypoint10 waypoint9 waypoint10)
34.643: (navigate rover1 waypoint2 waypoint7)
34.644: (drop rover1 rover1store)
34.665: (drop rover1 rover1store)
32.599: (communicate_image_data rover1 general objective2 low_res waypoint7 waypoint10)
32.729: (communicate_rock_data rover1 general waypoint10 waypoint9 waypoint10)
32.732: (take_image rover1 waypoint9 objective2 camera3 low_res)
32.929: (communicate_image_data rover1 general objective2 low_res waypoint9 waypoint10)
32.934: (drop rover1 rover1store)
33.201: (drop rover1 rover1store)
33.201: (take_image rover1 waypoint7 objective2 camera3 low_res)
33.205: (communicate_rock_data rover1 general waypoint2 waypoint7 waypoint10)
33.250: (drop rover1 rover1store)
33.250: (communicate_rock_data rover1 general waypoint2 waypoint1 waypoint10)
31.541: (communicate_rock_data rover1 general waypoint10 waypoint9 waypoint10)
31.542: (drop rover1 rover1store)
31.626: (communicate_image_data rover1 general objective2 low_res waypoint7 waypoint10)
31.627: (drop rover1 rover1store)
31.754: (communicate_rock_data rover1 general waypoint10 waypoint9 waypoint10)
31.755: (communicate_image_data rover1 general objective2 low_res waypoint9 waypoint10)
31.881: (drop rover1 rover1store)
31.881: (communicate_image_data rover1 general objective2 low_res waypoint9 waypoint10)
31.954: (communicate_image_data rover1 general objective2 low_res waypoint7 waypoint10)
31.955: (communicate_rock_data rover1 general waypoint2 waypoint7 waypoint10)
30.675: (communicate_rock_data rover1 general waypoint10 waypoint9 waypoint10)
30.676: (drop rover1 rover1store)
30.676: (communicate_image_data rover1 general objective2 low_res waypoint9 waypoint10)
30.946: (communicate_rock_data rover1 general waypoint2 waypoint7 waypoint10)
30.947: (drop rover1 rover1store)
31.158: (sample_rock rover1 rover1store waypoint9)
31.354: (navigate rover0 waypoint1 waypoint2)
31.414: (sample_rock rover1 rover1store waypoint9)
31.480: (navigate rover0 waypoint1 waypoint2)
31.520: (calibrate rover1 camera0 objective1 waypoint9)
29.927: (communicate_rock_data rover1 general waypoint9 waypoint9 waypoint10)
29.985: (communicate_rock_data rover1 general waypoint9 waypoint9 waypoint10)
30.040: (drop rover1 rover1store)
30.102: (communicate_image_data rover1 general objective2 low_res waypoint9 waypoint10)
30.102: (communicate_rock_data rover1 general waypoint10 waypoint9 waypoint10)
30.102: (sample_rock rover1 rover1store waypoint9)
30.241: (drop rover1 rover1store)
30.401: (communicate_image_data rover1 general objective2 low_res waypoint9 waypoint10)
30.401: (navigate rover0 waypoint1 waypoint2)
30.402: (drop rover1 rover1store)
28.735: (communicate_rock_data rover1 general waypoint9 waypoint9 waypoint10)
28.736: (drop rover1 rover1store)
28.859: (communicate_rock_data rover1 general waypoint9 waypoint9 waypoint10)
28.859: (communicate_image_data rover1 general objective2 low_res waypoint9 waypoint10)
28.860: (communicate_rock_data rover1 general waypoint10 waypoint9 waypoint10)
28.871: (communicate_rock_data rover1 general waypoint9 waypoint9 waypoint10)
28.872: (drop rover1 rover1store)
28.995: (communicate_rock_data rover1 general waypoint10 waypoint9 waypoint10)
28.997: (drop rover1 rover1store)
28.997: (communicate_image_data rover1 general objective2 low_res waypoint9 waypoint10)
27.707: (communicate_image_data rover1 general objective2 low_res waypoint9 waypoint10)
27.708: (communicate_rock_data rover1 general waypoint9 waypoint9 waypoint10)
27.708: (communicate_rock_data rover1 general waypoint10 waypoint9 waypoint10)
27.708: (drop rover1 rover1store)
28.423: (navigate rover0 waypoint1 waypoint2)
28.440: (navigate rover0 waypoint1 waypoint2)
28.495: (navigate rover0 waypoint1 waypoint2)
28.553: (navigate rover1 waypoint9 waypoint10)
28.607: (navigate rover1 waypoint9 waypoint10)
28.626: (navigate rover0 waypoint1 waypoint2)
27.330: (communicate_rock_data rover1 general waypoint9 waypoint9 waypoint10)
27.331: (navigate rover0 waypoint1 waypoint2)
27.331: (drop rover1 rover1store)
27.331: (communicate_image_data rover1 general objective2 low_res waypoint9 waypoint10)
27.331: (communicate_rock_data rover1 general waypoint10 waypoint9 waypoint10)
27.501: (navigate rover1 waypoint9 waypoint10)
27.582: (navigate rover1 waypoint10 waypoint11)
27.697: (calibrate rover1 camera0 objective1 waypoint9)
27.756: (calibrate rover0 camera1 objective0 waypoint1)
27.769: (navigate rover0 waypoint1 waypoint13)
26.574: (communicate_image_data rover1 general objective2 low_res waypoint11 waypoint10)
26.574: (navigate rover1 waypoint10 waypoint11)
27.332: (calibrate rover1 camera0 objective1 waypoint9)
27.332: (navigate rover0 waypoint1 waypoint2)
27.374: (navigate rover0 waypoint1 waypoint2)
27.435: (navigate rover1 waypoint9 waypoint10)
27.435: (navigate rover0 waypoint1 waypoint2)
27.440: (navigate rover1 waypoint10 waypoint1)
27.479: (calibrate rover1 camera0 objective1 waypoint10)
27.479: (navigate rover1 waypoint9 waypoint10)
26.489: (sample_rock rover1 rover1store waypoint11)
26.505: (navigate rover1 waypoint10 waypoint11)
26.505: (navigate rover0 waypoint1 waypoint2)
26.544: (navigate rover1 waypoint10 waypoint11)
26.625: (calibrate rover0 camera1 objective0 waypoint1)
26.730: (navigate rover0 waypoint1 waypoint18)
26.882: (navigate rover1 waypoint1 waypoint2)
26.903: (navigate rover0 waypoint1 waypoint13)
26.955: (navigate rover1 waypoint1 waypoint18)
27.081: (navigate rover0 waypoint1 waypoint13)
25.267: (communicate_rock_data rover1 general waypoint11 waypoint11 waypoint10)
25.378: (drop rover1 rover1store)
26.454: (sample_rock rover1 rover1store waypoint11)
26.472: (navigate rover0 waypoint1 waypoint2)
26.477: (sample_rock rover1 rover1store waypoint11)
26.477: (navigate rover0 waypoint1 waypoint2)
26.525: (navigate rover0 waypoint1 waypoint2)
26.545: (sample_rock rover1 rover1store waypoint11)
26.546: (navigate rover0 waypoint1 waypoint18)
26.547: (calibrate rover0 camera1 objective0 waypoint1)
24.112: (communicate_rock_data rover1 general waypoint11 waypoint11 waypoint10)
24.113: (drop rover1 rover1store)
25.254: (communicate_rock_data rover1 general waypoint11 waypoint11 waypoint10)
25.255: (navigate rover0 waypoint1 waypoint2)
25.255: (communicate_rock_data rover1 general waypoint11 waypoint11 waypoint10)
25.331: (calibrate rover0 camera1 objective0 waypoint1)
25.332: (communicate_rock_data rover1 general waypoint11 waypoint11 waypoint10)
25.346: (drop rover1 rover1store)
25.366: (drop rover1 rover1store)
25.366: (navigate rover0 waypoint1 waypoint2)
24.095: (navigate rover0 waypoint1 waypoint2)
24.096: (drop rover1 rover1store)
24.096: (communicate_rock_data rover1 general waypoint11 waypoint11 waypoint10)
24.100: (drop rover1 rover1store)
24.100: (communicate_rock_data rover1 general waypoint11 waypoint11 waypoint10)
24.173: (drop rover1 rover1store)
24.174: (calibrate rover0 camera1 objective0 waypoint1)
24.362: (navigate rover0 waypoint1 waypoint18)
24.590: (navigate rover0 waypoint1 waypoint13)
24.631: (navigate rover1 waypoint11 waypoint10)
23.564: (navigate rover1 waypoint10 waypoint1)
23.815: (navigate rover1 waypoint10 waypoint14)
23.857: (navigate rover1 waypoint10 waypoint9)
24.087: (navigate rover0 waypoint1 waypoint2)
24.110: (take_image rover0 waypoint1 objective0 camera1 high_res)
24.126: (calibrate rover0 camera1 objective0 waypoint1)
24.157: (navigate rover0 waypoint1 waypoint2)
24.358: (navigate rover0 waypoint1 waypoint18)
24.395: (navigate rover0 waypoint2 waypoint24)
24.434: (calibrate rover0 camera1 objective0 waypoint18)
22.973: (navigate rover1 waypoint1 waypoint2)
23.034: (navigate rover1 waypoint1 waypoint18)
23.053: (navigate rover1 waypoint1 waypoint13)
23.226: (navigate rover0 waypoint1 waypoint13)
23.370: (navigate rover0 waypoint1 waypoint18)
23.414: (navigate rover0 waypoint1 waypoint2)
23.453: (navigate rover0 waypoint1 waypoint2)
23.497: (navigate rover0 waypoint1 waypoint2)
23.576: (calibrate rover1 camera3 objective0 waypoint1)
23.591: (calibrate rover0 camera1 objective0 waypoint1)
22.726: (navigate rover0 waypoint1 waypoint18)
22.728: (navigate rover1 waypoint1 waypoint2)
22.771: (sample_rock rover1 rover1store waypoint18)
22.773: (sample_rock rover1 rover1store waypoint2)
22.806: (navigate rover1 waypoint1 waypoint18)
22.806: (navigate rover0 waypoint1 waypoint2)
22.872: (navigate rover0 waypoint1 waypoint13)
22.872: (navigate rover1 waypoint1 waypoint2)
22.901: (sample_rock rover1 rover1store waypoint13)
22.976: (navigate rover1 waypoint1 waypoint2)
21.525: (communicate_rock_data rover1 general waypoint13 waypoint13 waypoint10)
21.659: (communicate_rock_data rover1 general waypoint18 waypoint18 waypoint10)
21.681: (drop rover1 rover1store)
21.682: (drop rover1 rover1store)
21.711: (drop rover1 rover1store)
21.781: (navigate rover1 waypoint2 waypoint1)
21.865: (navigate rover1 waypoint2 waypoint16)
21.955: (navigate rover1 waypoint13 waypoint20)
22.040: (navigate rover1 waypoint2 waypoint7)
22.078: (navigate rover1 waypoint13 waypoint6)
20.334: (drop rover1 rover1store)
20.335: (communicate_rock_data rover1 general waypoint13 waypoint13 waypoint10)
20.545: (communicate_rock_data rover1 general waypoint18 waypoint18 waypoint10)
20.546: (drop rover1 rover1store)
20.619: (navigate rover1 waypoint13 waypoint20)
20.738: (drop rover1 rover1store)
20.739: (navigate rover1 waypoint2 waypoint1)
20.787: (drop rover1 rover1store)
20.792: (navigate rover1 waypoint2 waypoint16)
20.835: (communicate_rock_data rover1 general waypoint2 waypoint1 waypoint10)
19.492: (navigate rover1 waypoint13 waypoint20)
19.493: (drop rover1 rover1store)
19.717: (navigate rover1 waypoint13 waypoint6)
19.779: (communicate_rock_data rover1 general waypoint2 waypoint1 waypoint10)
19.781: (drop rover1 rover1store)
20.024: (navigate rover1 waypoint1 waypoint18)
20.096: (navigate rover1 waypoint1 waypoint18)
20.154: (navigate rover0 waypoint1 waypoint18)
20.163: (navigate rover0 waypoint1 waypoint2)
20.166: (navigate rover0 waypoint1 waypoint2)
19.042: (drop rover1 rover1store)
19.043: (communicate_rock_data rover1 general waypoint2 waypoint18 waypoint10)
19.043: (navigate rover1 waypoint1 waypoint18)
19.143: (navigate rover1 waypoint1 waypoint13)
19.312: (navigate rover1 waypoint13 waypoint20)
19.313: (navigate rover0 waypoint1 waypoint2)
19.373: (navigate rover0 waypoint1 waypoint13)
19.384: (navigate rover1 waypoint13 waypoint6)
19.384: (navigate rover0 waypoint1 waypoint2)
19.461: (sample_rock rover1 rover1store waypoint6)
18.307: (drop rover1 rover1store)
18.379: (communicate_rock_data rover1 general waypoint2 waypoint18 waypoint10)
18.380: (navigate rover0 waypoint1 waypoint13)
18.552: (navigate rover0 waypoint1 waypoint18)
18.638: (navigate rover0 waypoint1 waypoint18)
18.785: (sample_rock rover1 rover1store waypoint18)
18.812: (sample_rock rover1 rover1store waypoint13)
18.953: (navigate rover0 waypoint1 waypoint3)
18.974: (navigate rover0 waypoint1 waypoint15)
18.977: (navigate rover0 waypoint1 waypoint13)
17.499: (communicate_rock_data rover1 general waypoint13 waypoint13 waypoint10)
17.614: (drop rover1 rover1store)
17.714: (drop rover1 rover1store)
17.779: (communicate_rock_data rover1 general waypoint18 waypoint18 waypoint10)
17.852: (navigate rover0 waypoint1 waypoint2)
17.922: (navigate rover1 waypoint6 waypoint13)
17.953: (navigate rover1 waypoint13 waypoint20)
18.060: (navigate rover1 waypoint13 waypoint6)
18.195: (navigate rover0 waypoint1 waypoint13)
18.196: (sample_rock rover1 rover1store waypoint18)
16.311: (communicate_rock_data rover1 general waypoint13 waypoint13 waypoint10)
16.312: (drop rover1 rover1store)
16.670: (navigate rover1 waypoint13 waypoint20)
16.689: (drop rover1 rover1store)
16.689: (communicate_rock_data rover1 general waypoint18 waypoint18 waypoint10)
16.795: (navigate rover1 waypoint13 waypoint20)
16.845: (navigate rover0 waypoint1 waypoint18)
16.882: (communicate_rock_data rover1 general waypoint6 waypoint13 waypoint10)
16.888: (drop rover1 rover1store)
16.892: (navigate rover1 waypoint13 waypoint20)
15.584: (drop rover1 rover1store)
15.585: (navigate rover1 waypoint13 waypoint20)
15.671: (navigate rover0 waypoint1 waypoint18)
15.671: (drop rover1 rover1store)
15.672: (navigate rover1 waypoint13 waypoint20)
15.804: (navigate rover1 waypoint13 waypoint6)
16.050: (navigate rover0 waypoint1 waypoint18)
16.052: (navigate rover1 waypoint13 waypoint20)
16.076: (navigate rover0 waypoint1 waypoint13)
16.120: (navigate rover0 waypoint1 waypoint15)
14.937: (drop rover1 rover1store)
14.938: (navigate rover1 waypoint13 waypoint20)
14.938: (navigate rover0 waypoint1 waypoint18)
14.983: (sample_rock rover1 rover1store waypoint6)
15.059: (navigate rover1 waypoint13 waypoint6)
15.060: (navigate rover0 waypoint1 waypoint18)
15.380: (navigate rover1 waypoint13 waypoint6)
15.381: (navigate rover0 waypoint1 waypoint13)
15.517: (navigate rover0 waypoint1 waypoint15)
15.519: (navigate rover1 waypoint13 waypoint20)
13.880: (drop rover1 rover1store)
14.115: (sample_rock rover1 rover1store waypoint6)
14.115: (navigate rover0 waypoint1 waypoint18)
14.473: (navigate rover1 waypoint6 waypoint13)
14.510: (sample_rock rover1 rover1store waypoint6)
14.510: (navigate rover0 waypoint1 waypoint13)
14.795: (navigate rover0 waypoint1 waypoint15)
14.811: (navigate rover0 waypoint1 waypoint3)
14.949: (calibrate rover1 camera0 objective1 waypoint20)
14.972: (calibrate rover1 camera3 objective0 waypoint20)
13.017: (drop rover1 rover1store)
13.017: (navigate rover0 waypoint1 waypoint18)
13.402: (navigate rover1 waypoint6 waypoint13)
13.403: (drop rover1 rover1store)
13.414: (drop rover1 rover1store)
13.414: (navigate rover0 waypoint1 waypoint13)
13.418: (navigate rover1 waypoint13 waypoint20)
13.493: (communicate_rock_data rover1 general waypoint6 waypoint13 waypoint10)
13.652: (navigate rover0 waypoint1 waypoint18)
13.653: (navigate rover1 waypoint6 waypoint13)
12.363: (navigate rover1 waypoint13 waypoint20)
12.378: (communicate_rock_data rover1 general waypoint6 waypoint13 waypoint10)
12.378: (drop rover1 rover1store)
12.387: (navigate rover1 waypoint13 waypoint20)
12.388: (drop rover1 rover1store)
12.587: (drop rover1 rover1store)
12.588: (navigate rover0 waypoint1 waypoint18)
12.588: (navigate rover1 waypoint6 waypoint13)
12.637: (navigate rover0 waypoint1 waypoint18)
12.639: (communicate_rock_data rover1 general waypoint6 waypoint13 waypoint10)
11.302: (navigate rover1 waypoint13 waypoint20)
11.302: (drop rover1 rover1store)
11.524: (navigate rover0 waypoint1 waypoint18)
11.524: (drop rover1 rover1store)
11.524: (communicate_rock_data rover1 general waypoint6 waypoint13 waypoint10)
11.617: (navigate rover0 waypoint1 waypoint18)
11.617: (navigate rover1 waypoint13 waypoint20)
11.647: (navigate rover0 waypoint1 waypoint18)
11.648: (navigate rover1 waypoint13 waypoint20)
12.216: (navigate rover0 waypoint1 waypoint13)
10.508: (navigate rover1 waypoint13 waypoint20)
10.508: (navigate rover0 waypoint1 waypoint18)
10.508: (drop rover1 rover1store)
11.298: (calibrate rover1 camera0 objective1 waypoint20)
11.312: (sample_rock rover1 rover1store waypoint20)
11.324: (calibrate rover1 camera3 objective0 waypoint20)
11.366: (navigate rover0 waypoint1 waypoint15)
11.368: (calibrate rover0 camera1 objective0 waypoint1)
11.459: (navigate rover0 waypoint1 waypoint3)
11.559: (calibrate rover0 camera1 objective0 waypoint18)
10.222: (drop rover1 rover1store)
10.513: (navigate rover0 waypoint1 waypoint18)
10.513: (calibrate rover1 camera0 objective1 waypoint20)
10.535: (calibrate rover1 camera3 objective0 waypoint20)
10.535: (navigate rover0 waypoint1 waypoint18)
10.561: (navigate rover0 waypoint1 waypoint18)
10.562: (calibrate rover0 camera1 objective0 waypoint18)
10.564: (navigate rover1 waypoint13 waypoint20)
10.658: (navigate rover0 waypoint1 waypoint18)
10.659: (sample_rock rover1 rover1store waypoint20)
9.573: (navigate rover0 waypoint1 waypoint18)
9.573: (drop rover1 rover1store)
10.215: (calibrate rover1 camera0 objective1 waypoint20)
10.244: (calibrate rover1 camera3 objective0 waypoint20)
10.268: (calibrate rover0 camera1 objective0 waypoint1)
10.366: (navigate rover0 waypoint1 waypoint15)
10.489: (take_image rover1 waypoint20 objective1 camera3 low_res)
10.492: (take_image rover1 waypoint20 objective1 camera0 colour)
10.493: (take_image rover1 waypoint20 objective1 camera0 high_res)
10.493: (take_image rover1 waypoint20 objective1 camera3 high_res)
9.573: (calibrate rover1 camera0 objective1 waypoint20)
9.573: (navigate rover0 waypoint1 waypoint18)
9.594: (calibrate rover1 camera3 objective0 waypoint20)
9.595: (navigate rover0 waypoint1 waypoint18)
9.606: (calibrate rover0 camera1 objective0 waypoint18)
9.608: (navigate rover0 waypoint1 waypoint18)
9.841: (navigate rover1 waypoint20 waypoint13)
10.127: (navigate rover0 waypoint18 waypoint14)
10.206: (take_image rover1 waypoint20 objective1 camera3 low_res)
10.207: (take_image rover1 waypoint20 objective0 camera3 low_res)
8.786: (communicate_rock_data rover1 general waypoint20 waypoint13 waypoint10)
9.145: (navigate rover1 waypoint13 waypoint4)
9.383: (navigate rover1 waypoint13 waypoint6)
9.448: (navigate rover1 waypoint13 waypoint17)
9.560: (navigate rover0 waypoint1 waypoint18)
9.561: (take_image rover1 waypoint20 objective0 camera3 low_res)
9.563: (take_image rover1 waypoint20 objective1 camera3 low_res)
9.565: (navigate rover0 waypoint1 waypoint18)
9.569: (take_image rover1 waypoint20 objective1 camera0 colour)
9.569: (take_image rover1 waypoint20 objective0 camera0 colour)
8.146: (navigate rover1 waypoint13 waypoint4)
8.336: (navigate rover1 waypoint13 waypoint6)
8.365: (navigate rover1 waypoint13 waypoint17)
8.392: (navigate rover1 waypoint13 waypoint20)
8.812: (calibrate rover0 camera1 objective0 waypoint18)
8.913: (navigate rover1 waypoint13 waypoint1)
9.165: (calibrate rover1 camera0 objective1 waypoint4)
9.209: (calibrate rover0 camera1 objective0 waypoint18)
9.252: (navigate rover0 waypoint18 waypoint14)
9.374: (navigate rover0 waypoint18 waypoint6)
7.635: (navigate rover1 waypoint1 waypoint18)
8.141: (navigate rover1 waypoint1 waypoint0)
8.177: (calibrate rover1 camera0 objective1 waypoint4)
8.199: (calibrate rover0 camera1 objective0 waypoint18)
8.199: (navigate rover1 waypoint13 waypoint4)
8.213: (navigate rover1 waypoint1 waypoint15)
8.366: (calibrate rover1 camera3 objective0 waypoint6)
8.379: (navigate rover1 waypoint13 waypoint6)
8.379: (calibrate rover0 camera1 objective0 waypoint18)
8.392: (calibrate rover1 camera2 objective3 waypoint17)
6.712: (navigate rover1 waypoint15 waypoint8)
6.924: (navigate rover1 waypoint0 waypoint12)
7.655: (calibrate rover1 camera3 objective0 waypoint18)
7.676: (calibrate rover0 camera1 objective0 waypoint18)
7.738: (navigate rover0 waypoint18 waypoint14)
7.850: (navigate rover0 waypoint18 waypoint9)
8.038: (sample_rock rover1 rover1store waypoint18)
8.043: (navigate rover0 waypoint18 waypoint6)
8.136: (take_image rover1 waypoint4 objective1 camera0 colour)
8.137: (take_image rover1 waypoint4 objective1 camera0 high_res)
5.724: (sample_soil rover1 rover1store waypoint8)
6.162: (sample_soil rover1 rover1store waypoint12)
6.731: (calibrate rover1 camera0 objective1 waypoint8)
6.745: (calibrate rover1 camera3 objective0 waypoint8)
6.761: (calibrate rover0 camera1 objective0 waypoint18)
6.945: (drop rover1 rover1store)
6.977: (calibrate rover0 camera1 objective0 waypoint18)
6.992: (communicate_rock_data rover1 general waypoint18 waypoint18 waypoint10)
7.338: (navigate rover0 waypoint18 waypoint14)
7.402: (navigate rover0 waypoint18 waypoint6)
4.613: (drop rover1 rover1store)
5.052: (drop rover1 rover1store)
5.058: (communicate_soil_data rover1 general waypoint12 waypoint12 waypoint10)
5.745: (calibrate rover1 camera0 objective1 waypoint8)
5.745: (sample_soil rover1 rover1store waypoint8)
5.758: (sample_soil rover1 rover1store waypoint8)
5.760: (calibrate rover1 camera3 objective0 waypoint8)
5.783: (sample_soil rover1 rover1store waypoint8)
5.783: (calibrate rover0 camera1 objective0 waypoint18)
5.859: (drop rover1 rover1store)
3.947: (drop rover1 rover1store)
3.947: (communicate_soil_data rover1 general waypoint12 waypoint12 waypoint10)
4.633: (drop rover1 rover1store)
4.633: (calibrate rover1 camera0 objective1 waypoint8)
4.647: (drop rover1 rover1store)
4.648: (calibrate rover1 camera3 objective0 waypoint8)
4.669: (drop rover1 rover1store)
4.670: (calibrate rover0 camera1 objective0 waypoint18)
5.125: (calibrate rover0 camera1 objective0 waypoint18)
5.150: (calibrate rover0 camera1 objective0 waypoint18)
4.035: (calibrate rover0 camera1 objective0 waypoint18)
4.037: (drop rover1 rover1store)
4.037: (communicate_soil_data rover1 general waypoint12 waypoint12 waypoint10)
4.411: (navigate rover1 waypoint12 waypoint0)
4.522: (navigate rover0 waypoint18 waypoint14)
4.596: (take_image rover1 waypoint8 objective1 camera0 colour)
4.597: (take_image rover1 waypoint8 objective1 camera3 high_res)
4.597: (take_image rover1 waypoint8 objective1 camera0 high_res)
4.598: (take_image rover1 waypoint8 objective1 camera3 low_res)
4.604: (take_image rover1 waypoint8 objective2 camera0 colour)
3.947: (take_image rover0 waypoint18 objective0 camera1 high_res)
4.315: (navigate rover1 waypoint0 waypoint24)
4.471: (calibrate rover0 camera1 objective0 waypoint18)
4.471: (navigate rover1 waypoint12 waypoint0)
4.580: (navigate rover0 waypoint18 waypoint14)
4.614: (calibrate rover1 camera0 objective1 waypoint8)
4.621: (calibrate rover1 camera0 objective1 waypoint8)
4.621: (calibrate rover1 camera0 objective1 waypoint8)
4.624: (calibrate rover1 camera0 objective1 waypoint8)
4.628: (calibrate rover1 camera3 objective0 waypoint8)
3.950: (communicate_image_data rover0 general objective0 high_res waypoint18 waypoint10)
4.036: (calibrate rover0 camera1 objective0 waypoint18)
4.329: (calibrate rover1 camera0 objective1 waypoint24)
4.343: (calibrate rover1 camera2 objective3 waypoint24)
4.353: (calibrate rover1 camera3 objective0 waypoint24)
4.361: (navigate rover1 waypoint0 waypoint24)
4.361: (calibrate rover0 camera1 objective0 waypoint18)
4.411: (take_image rover0 waypoint18 objective0 camera1 high_res)
4.411: (navigate rover1 waypoint12 waypoint0)
4.505: (take_image rover0 waypoint14 objective2 camera1 colour)
3.950: (navigate rover0 waypoint14 waypoint18)
4.036: (communicate_image_data rover0 general objective0 high_res waypoint18 waypoint10)
4.036: (calibrate rover0 camera1 objective0 waypoint18)
4.312: (take_image rover0 waypoint18 objective0 camera1 high_res)
4.312: (take_image rover1 waypoint24 objective1 camera0 colour)
4.312: (take_image rover1 waypoint24 objective1 camera3 high_res)
4.312: (take_image rover1 waypoint24 objective1 camera2 colour)
4.313: (navigate rover1 waypoint0 waypoint24)
4.313: (take_image rover1 waypoint24 objective1 camera0 high_res)
4.313: (take_image rover1 waypoint24 objective1 camera2 high_res)
3.949: (communicate_image_data rover0 general objective2 colour waypoint18 waypoint10)
4.024: (calibrate rover0 camera1 objective0 waypoint18)
4.314: (communicate_image_data rover0 general objective0 high_res waypoint18 waypoint10)
4.328: (calibrate rover1 camera0 objective1 waypoint24)
4.330: (calibrate rover1 camera0 objective1 waypoint24)
4.335: (calibrate rover1 camera0 objective1 waypoint24)
4.341: (calibrate rover1 camera2 objective3 waypoint24)
4.342: (calibrate rover1 camera2 objective3 waypoint24)
4.346: (calibrate rover1 camera3 objective0 waypoint24)
4.349: (calibrate rover1 camera2 objective3 waypoint24)
3.948: (take_image rover0 waypoint18 objective0 camera1 high_res)
4.024: (calibrate rover0 camera1 objective0 waypoint18)
4.025: (communicate_image_data rover0 general objective2 colour waypoint18 waypoint10)
4.310: (take_image rover1 waypoint24 objective1 camera2 colour)
4.311: (take_image rover1 waypoint24 objective1 camera2 high_res)
4.312: (take_image rover1 waypoint24 objective1 camera0 colour)
4.312: (take_image rover1 waypoint24 objective1 camera2 colour)
4.313: (take_image rover1 waypoint24 objective1 camera0 high_res)
4.313: (take_image rover1 waypoint24 objective1 camera2 high_res)
4.313: (take_image rover1 waypoint24 objective1 camera3 high_res)
3.949: (take_image rover0 waypoint18 objective0 camera1 high_res)
3.949: (communicate_image_data rover0 general objective2 colour waypoint18 waypoint10)
3.951: (communicate_image_data rover0 general objective0 high_res waypoint18 waypoint10)
4.025: (calibrate rover0 camera1 objective0 waypoint18)
4.313: (communicate_image_data rover0 general objective0 high_res waypoint18 waypoint10)
4.316: (communicate_image_data rover0 general objective0 high_res waypoint18 waypoint10)
4.323: (calibrate rover1 camera0 objective1 waypoint24)
4.326: (calibrate rover1 camera0 objective1 waypoint24)
4.335: (calibrate rover1 camera0 objective1 waypoint24)
4.339: (calibrate rover1 camera2 objective3 waypoint24)
3.952: (communicate_image_data rover0 general objective0 high_res waypoint18 waypoint10)
3.952: (communicate_image_data rover0 general objective2 colour waypoint18 waypoint10)
4.025: (calibrate rover0 camera1 objective0 waypoint18)
4.025: (communicate_image_data rover0 general objective2 colour waypoint18 waypoint10)
4.025: (calibrate rover0 camera1 objective0 waypoint18)
4.025: (communicate_image_data rover0 general objective0 high_res waypoint18 waypoint10)
4.312: (take_image rover1 waypoint24 objective1 camera0 colour)
4.312: (take_image rover1 waypoint24 objective1 camera0 high_res)
4.320: (take_image rover1 waypoint24 objective0 camera0 high_res)
4.321: (take_image rover1 waypoint24 objective0 camera2 colour)
4.025: (communicate_image_data rover0 general objective2 colour waypoint18 waypoint10)
4.025: (calibrate rover0 camera1 objective0 waypoint18)
4.025: (communicate_image_data rover0 general objective0 high_res waypoint18 waypoint10)
4.316: (communicate_image_data rover0 general objective0 high_res waypoint18 waypoint10)
4.324: (calibrate rover1 camera0 objective1 waypoint24)
4.325: (communicate_image_data rover0 general objective0 high_res waypoint18 waypoint10)
4.334: (calibrate rover1 camera0 objective1 waypoint24)
4.338: (calibrate rover1 camera2 objective3 waypoint24)
4.345: (calibrate rover1 camera0 objective1 waypoint24)
4.345: (calibrate rover1 camera3 objective0 waypoint24)
4.318: (take_image rover1 waypoint24 objective1 camera3 low_res)
4.323: (take_image rover1 waypoint24 objective0 camera0 colour)
4.323: (communicate_image_data rover0 general objective0 high_res waypoint18 waypoint10)
4.323: (calibrate rover1 camera0 objective1 waypoint24)
4.323: (take_image rover1 waypoint24 objective0 camera3 high_res)
4.323: (take_image rover1 waypoint24 objective1 camera0 colour)
4.324: (take_image rover1 waypoint24 objective0 camera2 colour)
4.324: (take_image rover1 waypoint24 objective0 camera2 high_res)
4.325: (take_image rover1 waypoint24 objective0 camera0 high_res)
4.325: (take_image rover1 waypoint24 objective0 camera0 colour)
4.322: (communicate_image_data rover0 general objective0 high_res waypoint18 waypoint10)
4.324: (calibrate rover1 camera0 objective1 waypoint24)
4.325: (take_image rover1 waypoint24 objective0 camera0 colour)
4.326: (communicate_image_data rover0 general objective0 high_res waypoint18 waypoint10)
4.326: (take_image rover1 waypoint24 objective0 camera0 high_res)
4.327: (communicate_image_data rover0 general objective0 high_res waypoint18 waypoint10)
4.328: (communicate_image_data rover0 general objective0 high_res waypoint18 waypoint10)
4.334: (calibrate rover1 camera0 objective1 waypoint24)
4.335: (calibrate rover1 camera0 objective1 waypoint24)
4.339: (calibrate rover1 camera0 objective1 waypoint24)
4.323: (take_image rover1 waypoint24 objective1 camera0 colour)
4.324: (calibrate rover1 camera0 objective1 waypoint24)
4.324: (communicate_image_data rover0 general objective0 high_res waypoint18 waypoint10)
4.324: (take_image rover1 waypoint24 objective0 camera0 high_res)
4.326: (take_image rover1 waypoint24 objective0 camera0 colour)
4.329: (take_image rover1 waypoint24 objective0 camera0 colour)
4.330: (take_image rover1 waypoint24 objective0 camera0 high_res)
4.334: (communicate_image_data rover0 general objective0 high_res waypoint18 waypoint10)
4.334: (calibrate rover1 camera0 objective1 waypoint24)
4.335: (calibrate rover1 camera0 objective1 waypoint24)
4.326: (take_image rover1 waypoint24 objective0 camera0 colour)
4.326: (communicate_image_data rover0 general objective0 high_res waypoint18 waypoint10)
4.327: (take_image rover1 waypoint24 objective0 camera0 high_res)
4.330: (communicate_image_data rover0 general objective0 high_res waypoint18 waypoint10)
4.330: (take_image rover1 waypoint24 objective0 camera0 colour)
4.331: (take_image rover1 waypoint24 objective0 camera0 high_res)
4.331: (communicate_image_data rover0 general objective0 high_res waypoint18 waypoint10)
4.334: (calibrate rover1 camera0 objective1 waypoint24)
4.335: (calibrate rover1 camera0 objective1 waypoint24)
4.336: (calibrate rover1 camera0 objective1 waypoint24)
4.330: (take_image rover1 waypoint24 objective0 camera0 colour)
4.332: (take_image rover1 waypoint24 objective0 camera0 high_res)
4.334: (communicate_image_data rover0 general objective0 high_res waypoint18 waypoint10)
4.335: (communicate_image_data rover0 general objective0 high_res waypoint18 waypoint10)
4.335: (communicate_image_data rover0 general objective0 high_res waypoint18 waypoint10)
4.335: (calibrate rover1 camera0 objective1 waypoint24)
4.336: (calibrate rover1 camera0 objective1 waypoint24)
4.336: (calibrate rover1 camera0 objective1 waypoint24)
4.349: (calibrate rover1 camera3 objective0 waypoint24)
4.349: (calibrate rover1 camera3 objective0 waypoint24)
4.330: (take_image rover1 waypoint24 objective0 camera0 colour)
4.331: (communicate_image_data rover0 general objective0 high_res waypoint18 waypoint10)
4.331: (take_image rover1 waypoint24 objective0 camera0 high_res)
4.335: (calibrate rover1 camera0 objective1 waypoint24)
4.335: (take_image rover1 waypoint24 objective1 camera3 low_res)
4.336: (take_image rover1 waypoint24 objective0 camera3 low_res)
4.338: (take_image rover1 waypoint24 objective0 camera3 low_res)
4.350: (calibrate rover1 camera3 objective0 waypoint24)
4.350: (communicate_image_data rover0 general objective0 high_res waypoint18 waypoint10)
4.350: (calibrate rover1 camera3 objective0 waypoint24)
4.330: (take_image rover1 waypoint24 objective0 camera0 colour)
4.330: (take_image rover1 waypoint24 objective0 camera0 colour)
4.330: (take_image rover1 waypoint24 objective1 camera0 high_res)
4.330: (take_image rover1 waypoint24 objective0 camera0 high_res)
4.330: (take_image rover1 waypoint24 objective1 camera0 colour)
4.330: (take_image rover1 waypoint24 objective1 camera0 colour)
4.330: (take_image rover1 waypoint24 objective0 camera0 high_res)
4.330: (take_image rover1 waypoint24 objective1 camera0 high_res)
4.335: (communicate_image_data rover0 general objective0 high_res waypoint18 waypoint10)
4.335: (take_image rover1 waypoint24 objective1 camera3 low_res)
4.330: (communicate_image_data rover0 general objective0 high_res waypoint18 waypoint10)
4.331: (communicate_image_data rover0 general objective0 high_res waypoint18 waypoint10)
4.332: (communicate_image_data rover0 general objective0 high_res waypoint18 waypoint10)
4.336: (calibrate rover1 camera0 objective1 waypoint24)
4.348: (calibrate rover1 camera3 objective0 waypoint24)
4.355: (calibrate rover1 camera2 objective3 waypoint24)
4.355: (calibrate rover1 camera2 objective3 waypoint24)
4.355: (calibrate rover1 camera2 objective3 waypoint24)
4.358: (calibrate rover1 camera3 objective0 waypoint24)
4.359: (calibrate rover1 camera2 objective3 waypoint24)
4.334: (communicate_image_data rover0 general objective0 high_res waypoint18 waypoint10)
4.334: (take_image rover1 waypoint24 objective0 camera3 low_res)
4.336: (calibrate rover1 camera0 objective1 waypoint24)
4.337: (calibrate rover1 camera0 objective1 waypoint24)
4.339: (calibrate rover1 camera0 objective1 waypoint24)
4.349: (communicate_image_data rover0 general objective0 high_res waypoint18 waypoint10)
4.349: (calibrate rover1 camera0 objective1 waypoint24)
4.350: (calibrate rover1 camera3 objective0 waypoint24)
4.353: (take_image rover1 waypoint24 objective0 camera0 colour)
4.353: (take_image rover1 waypoint24 objective1 camera0 colour)
4.350: (calibrate rover1 camera3 objective0 waypoint24)
4.350: (communicate_image_data rover0 general objective0 high_res waypoint18 waypoint10)
4.350: (calibrate rover1 camera3 objective0 waypoint24)
4.351: (communicate_image_data rover0 general objective0 high_res waypoint18 waypoint10)
4.351: (calibrate rover1 camera3 objective0 waypoint24)
4.358: (calibrate rover1 camera2 objective3 waypoint24)
4.358: (calibrate rover1 camera0 objective1 waypoint24)
4.359: (calibrate rover1 camera2 objective3 waypoint24)
4.360: (calibrate rover0 camera1 objective0 waypoint18)
4.360: (calibrate rover0 camera1 objective0 waypoint18)
4.354: (take_image rover1 waypoint24 objective1 camera0 colour)
4.354: (take_image rover1 waypoint24 objective1 camera0 high_res)
4.354: (take_image rover1 waypoint24 objective0 camera0 high_res)
4.358: (take_image rover1 waypoint24 objective1 camera0 colour)
4.358: (take_image rover1 waypoint24 objective1 camera0 high_res)
4.358: (take_image rover1 waypoint24 objective0 camera0 high_res)
4.359: (take_image rover1 waypoint24 objective1 camera0 high_res)
4.359: (take_image rover1 waypoint24 objective0 camera0 high_res)
4.359: (take_image rover1 waypoint24 objective0 camera0 colour)
4.359: (take_image rover1 waypoint24 objective1 camera0 colour)
4.364: (take_image rover1 waypoint24 objective3 camera3 low_res)
4.365: (take_image rover1 waypoint24 objective3 camera3 high_res)
4.365: (take_image rover1 waypoint24 objective3 camera3 low_res)
4.366: (take_image rover1 waypoint24 objective3 camera3 high_res)
4.366: (take_image rover1 waypoint24 objective3 camera2 colour)
4.367: (take_image rover1 waypoint24 objective3 camera2 high_res)
4.369: (calibrate rover1 camera2 objective3 waypoint24)
4.371: (calibrate rover1 camera3 objective0 waypoint24)
4.371: (calibrate rover1 camera2 objective3 waypoint24)
4.374: (calibrate rover0 camera1 objective0 waypoint18)
4.351: (take_image rover1 waypoint24 objective0 camera3 low_res)
4.352: (take_image rover1 waypoint24 objective0 camera3 high_res)
4.352: (take_image rover1 waypoint24 objective1 camera3 high_res)
4.361: (take_image rover1 waypoint24 objective0 camera2 colour)
4.367: (calibrate rover1 camera0 objective1 waypoint24)
4.367: (calibrate rover1 camera0 objective1 waypoint24)
4.368: (calibrate rover1 camera0 objective1 waypoint24)
4.368: (calibrate rover1 camera0 objective1 waypoint24)
4.369: (calibrate rover1 camera0 objective1 waypoint24)
4.370: (take_image rover1 waypoint24 objective0 camera3 low_res)
4.360: (calibrate rover1 camera0 objective1 waypoint24)
4.360: (take_image rover1 waypoint24 objective0 camera3 low_res)
4.361: (take_image rover1 waypoint24 objective1 camera3 high_res)
4.361: (take_image rover1 waypoint24 objective0 camera3 high_res)
4.365: (take_image rover1 waypoint24 objective0 camera0 colour)
4.365: (take_image rover1 waypoint24 objective3 camera2 colour)
4.365: (take_image rover1 waypoint24 objective3 camera3 low_res)
4.366: (take_image rover1 waypoint24 objective0 camera0 colour)
4.366: (take_image rover1 waypoint24 objective3 camera3 high_res)
4.367: (take_image rover1 waypoint24 objective3 camera0 colour)
4.368: (calibrate rover1 camera0 objective1 waypoint24)
4.369: (calibrate rover1 camera0 objective1 waypoint24)
4.369: (calibrate rover1 camera0 objective1 waypoint24)
4.371: (take_image rover1 waypoint24 objective3 camera2 high_res)
4.371: (take_image rover1 waypoint24 objective3 camera2 colour)
4.371: (calibrate rover1 camera0 objective1 waypoint24)
4.372: (calibrate rover1 camera0 objective1 waypoint24)
4.381: (calibrate rover1 camera2 objective3 waypoint24)
4.383: (calibrate rover1 camera2 objective3 waypoint24)
4.383: (calibrate rover1 camera2 objective3 waypoint24)
4.366: (take_image rover1 waypoint24 objective3 camera0 high_res)
4.367: (take_image rover1 waypoint24 objective3 camera0 high_res)
4.367: (take_image rover1 waypoint24 objective3 camera0 colour)
4.367: (take_image rover1 waypoint24 objective3 camera2 colour)
4.367: (take_image rover1 waypoint24 objective3 camera2 high_res)
4.367: (take_image rover1 waypoint24 objective0 camera2 colour)
4.368: (take_image rover1 waypoint24 objective3 camera0 high_res)
4.369: (take_image rover1 waypoint24 objective3 camera0 colour)
4.369: (take_image rover1 waypoint24 objective0 camera0 colour)
4.370: (take_image rover1 waypoint24 objective3 camera0 colour)
4.369: (calibrate rover1 camera0 objective1 waypoint24)
4.371: (calibrate rover1 camera0 objective1 waypoint24)
4.371: (calibrate rover1 camera0 objective1 waypoint24)
4.373: (calibrate rover1 camera0 objective1 waypoint24)
4.383: (calibrate rover1 camera2 objective3 waypoint24)
4.384: (calibrate rover1 camera2 objective3 waypoint24)
4.386: (calibrate rover1 camera2 objective3 waypoint24)
4.386: (calibrate rover1 camera2 objective3 waypoint24)
4.392: (calibrate rover1 camera3 objective0 waypoint24)
4.394: (calibrate rover1 camera3 objective0 waypoint24)
4.370: (take_image rover1 waypoint24 objective3 camera2 high_res)
4.370: (take_image rover1 waypoint24 objective3 camera2 colour)
4.371: (take_image rover1 waypoint24 objective3 camera0 colour)
4.371: (take_image rover1 waypoint24 objective3 camera0 high_res)
4.372: (take_image rover1 waypoint24 objective3 camera3 low_res)
4.381: (calibrate rover1 camera0 objective1 waypoint24)
4.381: (calibrate rover1 camera3 objective0 waypoint24)
4.382: (calibrate rover1 camera3 objective0 waypoint24)
4.383: (calibrate rover1 camera3 objective0 waypoint24)
4.383: (calibrate rover1 camera3 objective0 waypoint24)
4.370: (take_image rover1 waypoint24 objective3 camera3 low_res)
4.371: (calibrate rover1 camera0 objective1 waypoint24)
4.372: (take_image rover1 waypoint24 objective3 camera3 high_res)
4.374: (calibrate rover1 camera0 objective1 waypoint24)
4.375: (take_image rover1 waypoint24 objective3 camera3 low_res)
4.385: (calibrate rover1 camera2 objective3 waypoint24)
4.385: (calibrate rover1 camera2 objective3 waypoint24)
4.393: (calibrate rover1 camera2 objective3 waypoint24)
4.394: (calibrate rover1 camera2 objective3 waypoint24)
4.394: (calibrate rover1 camera3 objective0 waypoint24)
4.382: (calibrate rover1 camera3 objective0 waypoint24)
4.383: (calibrate rover1 camera3 objective0 waypoint24)
4.384: (take_image rover1 waypoint24 objective3 camera2 colour)
4.384: (take_image rover1 waypoint24 objective3 camera2 high_res)
4.386: (calibrate rover1 camera0 objective1 waypoint24)
4.387: (take_image rover1 waypoint24 objective0 camera3 low_res)
4.387: (take_image rover1 waypoint24 objective1 camera3 low_res)
4.387: (take_image rover1 waypoint24 objective3 camera3 low_res)
4.387: (take_image rover1 waypoint24 objective1 camera3 high_res)
4.387: (take_image rover1 waypoint24 objective0 camera3 high_res)
4.393: (calibrate rover1 camera2 objective3 waypoint24)
4.395: (calibrate rover1 camera2 objective3 waypoint24)
4.395: (take_image rover1 waypoint24 objective1 camera0 high_res)
4.395: (take_image rover1 waypoint24 objective3 camera0 high_res)
4.395: (take_image rover1 waypoint24 objective1 camera0 colour)
4.395: (take_image rover1 waypoint24 objective0 camera0 high_res)
4.395: (take_image rover1 waypoint24 objective3 camera0 colour)
4.395: (take_image rover1 waypoint24 objective0 camera0 colour)
4.402: (calibrate rover0 camera1 objective0 waypoint18)
4.403: (calibrate rover0 camera1 objective0 waypoint18)
4.388: (take_image rover1 waypoint24 objective0 camera3 low_res)
4.388: (take_image rover1 waypoint24 objective0 camera3 high_res)
4.388: (take_image rover1 waypoint24 objective1 camera3 high_res)
4.388: (take_image rover1 waypoint24 objective3 camera3 high_res)
4.388: (take_image rover1 waypoint24 objective1 camera3 low_res)
4.388: (take_image rover1 waypoint24 objective3 camera3 low_res)
4.388: (take_image rover1 waypoint24 objective1 camera3 low_res)
4.391: (take_image rover1 waypoint24 objective0 camera3 high_res)
4.391: (take_image rover1 waypoint24 objective3 camera3 low_res)
4.391: (take_image rover1 waypoint24 objective1 camera3 low_res)
4.407: (take_image rover1 waypoint24 objective3 camera0 high_res)
4.407: (take_image rover1 waypoint24 objective1 camera0 high_res)
4.408: (take_image rover1 waypoint24 objective0 camera0 high_res)
4.408: (take_image rover1 waypoint24 objective0 camera0 colour)
4.408: (take_image rover1 waypoint24 objective3 camera0 colour)
4.408: (take_image rover1 waypoint24 objective1 camera0 colour)
4.410: (calibrate rover1 camera2 objective3 waypoint24)
4.411: (calibrate rover0 camera1 objective0 waypoint18)
4.471: (navigate rover1 waypoint24 waypoint0)
4.480: (navigate rover1 waypoint24 waypoint0)
4.003: (navigate rover1 waypoint0 waypoint12)
4.034: (navigate rover1 waypoint0 waypoint12)
4.408: (calibrate rover1 camera3 objective0 waypoint24)
4.411: (take_image rover1 waypoint24 objective1 camera0 colour)
4.411: (take_image rover1 waypoint24 objective0 camera0 colour)
4.411: (take_image rover1 waypoint24 objective3 camera0 colour)
4.411: (take_image rover1 waypoint24 objective1 camera0 high_res)
4.411: (take_image rover1 waypoint24 objective3 camera0 high_res)
4.411: (take_image rover1 waypoint24 objective0 camera0 high_res)
4.411: (calibrate rover1 camera2 objective3 waypoint24)
3.989: (take_image rover1 waypoint12 objective2 camera0 colour)
3.990: (take_image rover1 waypoint12 objective2 camera0 high_res)
3.991: (take_image rover1 waypoint12 objective2 camera2 colour)
3.991: (take_image rover1 waypoint12 objective2 camera2 high_res)
3.991: (take_image rover0 waypoint18 objective0 camera1 colour)
3.991: (take_image rover0 waypoint18 objective0 camera1 high_res)
4.001: (communicate_image_data rover1 general objective3 low_res waypoint12 waypoint10)
4.002: (communicate_image_data rover1 general objective1 low_res waypoint12 waypoint10)
4.004: (communicate_image_data rover1 general objective1 colour waypoint12 waypoint10)
4.004: (communicate_image_data rover1 general objective3 colour waypoint12 waypoint10)
3.957: (take_image rover1 waypoint12 objective2 camera0 high_res)
3.957: (take_image rover1 waypoint12 objective2 camera2 colour)
3.957: (take_image rover1 waypoint12 objective2 camera2 high_res)
3.959: (take_image rover1 waypoint12 objective2 camera0 colour)
3.961: (take_image rover1 waypoint12 objective2 camera0 colour)
3.961: (take_image rover1 waypoint12 objective2 camera2 colour)
3.963: (take_image rover1 waypoint12 objective2 camera2 high_res)
3.964: (take_image rover1 waypoint12 objective2 camera0 colour)
3.964: (take_image rover1 waypoint12 objective2 camera0 high_res)
3.964: (take_image rover1 waypoint12 objective2 camera0 high_res)
3.952: (communicate_image_data rover1 general objective3 high_res waypoint12 waypoint10)
3.952: (communicate_image_data rover1 general objective3 low_res waypoint12 waypoint10)
3.953: (communicate_image_data rover1 general objective3 colour waypoint12 waypoint10)
3.956: (communicate_image_data rover1 general objective3 low_res waypoint12 waypoint10)
3.957: (communicate_image_data rover1 general objective3 high_res waypoint12 waypoint10)
3.957: (communicate_image_data rover1 general objective1 colour waypoint12 waypoint10)
3.958: (communicate_image_data rover1 general objective3 colour waypoint12 waypoint10)
3.958: (communicate_image_data rover1 general objective3 high_res waypoint12 waypoint10)
3.958: (communicate_image_data rover1 general objective3 colour waypoint12 waypoint10)
3.959: (communicate_image_data rover1 general objective2 colour waypoint12 waypoint10)
3.951: (communicate_image_data rover1 general objective3 high_res waypoint12 waypoint10)
3.951: (communicate_image_data rover1 general objective1 colour waypoint12 waypoint10)
3.951: (communicate_image_data rover1 general objective3 low_res waypoint12 waypoint10)
3.951: (communicate_image_data rover1 general objective3 high_res waypoint12 waypoint10)
3.952: (communicate_image_data rover1 general objective3 colour waypoint12 waypoint10)
3.952: (communicate_image_data rover1 general objective3 low_res waypoint12 waypoint10)
3.952: (communicate_image_data rover1 general objective1 colour waypoint12 waypoint10)
3.953: (communicate_image_data rover1 general objective3 low_res waypoint12 waypoint10)
3.953: (communicate_image_data rover1 general objective2 high_res waypoint12 waypoint10)
3.953: (communicate_image_data rover1 general objective2 colour waypoint12 waypoint10)
3.951: (communicate_image_data rover1 general objective3 low_res waypoint12 waypoint10)
3.951: (communicate_image_data rover1 general objective1 colour waypoint12 waypoint10)
3.951: (communicate_image_data rover1 general objective1 colour waypoint12 waypoint10)
3.951: (communicate_image_data rover1 general objective3 low_res waypoint12 waypoint10)
3.952: (communicate_image_data rover1 general objective3 high_res waypoint12 waypoint10)
3.952: (communicate_image_data rover1 general objective3 high_res waypoint12 waypoint10)
3.952: (communicate_image_data rover1 general objective3 colour waypoint12 waypoint10)
3.952: (communicate_image_data rover1 general objective3 colour waypoint12 waypoint10)
3.952: (communicate_image_data rover1 general objective3 colour waypoint12 waypoint10)
3.952: (communicate_image_data rover1 general objective2 colour waypoint12 waypoint10)
3.951: (communicate_image_data rover1 general objective1 colour waypoint12 waypoint10)
3.951: (communicate_image_data rover1 general objective3 low_res waypoint12 waypoint10)
3.952: (communicate_image_data rover1 general objective3 high_res waypoint12 waypoint10)
3.952: (communicate_image_data rover1 general objective3 colour waypoint12 waypoint10)
3.953: (communicate_image_data rover1 general objective2 high_res waypoint12 waypoint10)
3.953: (communicate_image_data rover1 general objective2 colour waypoint12 waypoint10)
3.953: (communicate_image_data rover1 general objective2 colour waypoint12 waypoint10)
3.953: (communicate_image_data rover1 general objective2 colour waypoint12 waypoint10)
3.953: (communicate_image_data rover1 general objective1 low_res waypoint12 waypoint10)
3.953: (communicate_image_data rover1 general objective1 low_res waypoint12 waypoint10)
3.953: (communicate_image_data rover1 general objective2 colour waypoint12 waypoint10)
3.953: (communicate_image_data rover1 general objective2 high_res waypoint12 waypoint10)
3.953: (communicate_image_data rover1 general objective3 colour waypoint12 waypoint10)
3.954: (communicate_image_data rover1 general objective3 low_res waypoint12 waypoint10)
3.954: (communicate_image_data rover1 general objective1 low_res waypoint12 waypoint10)
3.954: (communicate_image_data rover1 general objective1 colour waypoint12 waypoint10)
3.954: (communicate_image_data rover1 general objective3 colour waypoint12 waypoint10)
3.954: (communicate_image_data rover1 general objective1 low_res waypoint12 waypoint10)
3.955: (communicate_image_data rover1 general objective3 low_res waypoint12 waypoint10)
3.955: (communicate_image_data rover1 general objective1 low_res waypoint12 waypoint10)
3.955: (communicate_image_data rover1 general objective1 low_res waypoint12 waypoint10)
3.955: (communicate_image_data rover1 general objective2 high_res waypoint12 waypoint10)
3.955: (communicate_image_data rover1 general objective3 colour waypoint12 waypoint10)
3.955: (communicate_image_data rover1 general objective1 low_res waypoint12 waypoint10)
3.955: (communicate_image_data rover1 general objective2 colour waypoint12 waypoint10)
3.956: (communicate_image_data rover1 general objective3 low_res waypoint12 waypoint10)
3.956: (communicate_image_data rover1 general objective2 colour waypoint12 waypoint10)
3.956: (communicate_image_data rover1 general objective0 low_res waypoint12 waypoint10)
3.957: (communicate_image_data rover1 general objective0 low_res waypoint12 waypoint10)
3.957: (communicate_image_data rover1 general objective2 high_res waypoint12 waypoint10)
3.957: (communicate_image_data rover1 general objective0 low_res waypoint12 waypoint10)
3.958: (communicate_image_data rover1 general objective1 low_res waypoint12 waypoint10)
3.958: (communicate_image_data rover1 general objective2 colour waypoint12 waypoint10)
3.958: (communicate_image_data rover1 general objective2 colour waypoint12 waypoint10)
3.958: (communicate_image_data rover1 general objective1 low_res waypoint12 waypoint10)
3.959: (communicate_image_data rover1 general objective0 low_res waypoint12 waypoint10)
3.960: (communicate_image_data rover1 general objective2 high_res waypoint12 waypoint10)
3.960: (communicate_image_data rover1 general objective2 high_res waypoint12 waypoint10)
3.960: (communicate_image_data rover1 general objective0 low_res waypoint12 waypoint10)
3.962: (communicate_image_data rover1 general objective2 high_res waypoint12 waypoint10)
3.959: (communicate_image_data rover1 general objective2 colour waypoint12 waypoint10)
3.960: (communicate_image_data rover1 general objective0 low_res waypoint12 waypoint10)
3.962: (communicate_image_data rover1 general objective2 high_res waypoint12 waypoint10)
3.962: (communicate_image_data rover1 general objective1 low_res waypoint12 waypoint10)
4.031: (calibrate rover0 camera1 objective0 waypoint18)
4.032: (calibrate rover0 camera1 objective0 waypoint18)
4.032: (calibrate rover0 camera1 objective0 waypoint18)
4.038: (calibrate rover0 camera1 objective0 waypoint18)
4.426: (navigate rover1 waypoint12 waypoint0)
4.426: (navigate rover1 waypoint12 waypoint0)
4.033: (calibrate rover0 camera1 objective0 waypoint18)
4.033: (communicate_image_data rover1 general objective2 colour waypoint12 waypoint10)
4.034: (communicate_image_data rover1 general objective0 low_res waypoint12 waypoint10)
4.034: (communicate_image_data rover1 general objective1 low_res waypoint12 waypoint10)
4.034: (communicate_image_data rover1 general objective2 high_res waypoint12 waypoint10)
4.360: (navigate rover1 waypoint0 waypoint24)
4.368: (navigate rover1 waypoint0 waypoint24)
4.425: (communicate_image_data rover1 general objective2 high_res waypoint0 waypoint10)
4.425: (communicate_image_data rover1 general objective2 colour waypoint0 waypoint10)
4.428: (navigate rover1 waypoint12 waypoint0)
4.360: (calibrate rover1 camera0 objective1 waypoint24)
4.361: (calibrate rover1 camera0 objective1 waypoint24)
4.364: (navigate rover1 waypoint0 waypoint24)
4.375: (calibrate rover1 camera2 objective3 waypoint24)
4.376: (calibrate rover1 camera2 objective3 waypoint24)
4.379: (calibrate rover1 camera3 objective0 waypoint24)
4.380: (calibrate rover1 camera3 objective0 waypoint24)
4.396: (calibrate rover0 camera1 objective0 waypoint18)
4.397: (calibrate rover0 camera1 objective0 waypoint18)
4.472: (calibrate rover0 camera1 objective0 waypoint18)
4.361: (calibrate rover1 camera0 objective1 waypoint24)
4.373: (calibrate rover1 camera0 objective1 waypoint24)
4.373: (calibrate rover1 camera3 objective0 waypoint24)
4.374: (calibrate rover1 camera3 objective0 waypoint24)
4.376: (calibrate rover1 camera0 objective1 waypoint24)
4.376: (calibrate rover1 camera2 objective3 waypoint24)
4.379: (calibrate rover1 camera0 objective1 waypoint24)
4.379: (calibrate rover1 camera3 objective0 waypoint24)
4.379: (calibrate rover1 camera2 objective3 waypoint24)
4.379: (calibrate rover1 camera2 objective3 waypoint24)
4.374: (calibrate rover1 camera0 objective1 waypoint24)
4.374: (calibrate rover1 camera3 objective0 waypoint24)
4.380: (calibrate rover1 camera2 objective3 waypoint24)
4.381: (calibrate rover1 camera0 objective1 waypoint24)
4.384: (calibrate rover1 camera3 objective0 waypoint24)
4.385: (calibrate rover0 camera1 objective0 waypoint18)
4.387: (calibrate rover1 camera3 objective0 waypoint24)
4.387: (calibrate rover1 camera2 objective3 waypoint24)
4.388: (calibrate rover1 camera2 objective3 waypoint24)
4.392: (calibrate rover1 camera3 objective0 waypoint24)
4.385: (calibrate rover1 camera0 objective1 waypoint24)
4.388: (calibrate rover1 camera2 objective3 waypoint24)
4.388: (calibrate rover1 camera3 objective0 waypoint24)
4.391: (take_image rover1 waypoint24 objective0 camera0 colour)
4.391: (take_image rover1 waypoint24 objective3 camera0 high_res)
4.391: (take_image rover1 waypoint24 objective1 camera0 colour)
4.391: (take_image rover1 waypoint24 objective1 camera0 high_res)
4.391: (take_image rover1 waypoint24 objective0 camera0 high_res)
4.391: (take_image rover1 waypoint24 objective3 camera0 colour)
4.391: (calibrate rover1 camera3 objective0 waypoint24)
4.398: (take_image rover1 waypoint24 objective1 camera0 colour)
4.398: (take_image rover1 waypoint24 objective3 camera0 colour)
4.398: (take_image rover1 waypoint24 objective0 camera0 high_res)
4.398: (take_image rover1 waypoint24 objective1 camera0 high_res)
4.398: (take_image rover1 waypoint24 objective3 camera0 high_res)
4.398: (take_image rover1 waypoint24 objective0 camera0 colour)
4.408: (calibrate rover0 camera1 objective0 waypoint18)
4.409: (calibrate rover1 camera2 objective3 waypoint24)
4.413: (calibrate rover0 camera1 objective0 waypoint18)
4.463: (navigate rover1 waypoint24 waypoint0)
4.003: (navigate rover1 waypoint0 waypoint12)
4.397: (take_image rover1 waypoint24 objective3 camera2 high_res)
4.397: (take_image rover1 waypoint24 objective0 camera2 high_res)
4.397: (take_image rover1 waypoint24 objective1 camera2 high_res)
4.397: (take_image rover1 waypoint24 objective1 camera2 colour)
4.397: (take_image rover1 waypoint24 objective0 camera2 colour)
4.397: (take_image rover1 waypoint24 objective3 camera2 colour)
4.398: (take_image rover1 waypoint24 objective0 camera3 high_res)
4.398: (take_image rover1 waypoint24 objective3 camera3 high_res)
4.398: (take_image rover1 waypoint24 objective3 camera3 low_res)
3.983: (take_image rover1 waypoint12 objective2 camera3 low_res)
3.983: (take_image rover1 waypoint12 objective2 camera3 high_res)
3.991: (take_image rover1 waypoint12 objective2 camera2 high_res)
3.991: (take_image rover1 waypoint12 objective2 camera2 colour)
4.002: (communicate_image_data rover1 general objective2 high_res waypoint12 waypoint10)
4.045: (calibrate rover0 camera1 objective0 waypoint18)
4.392: (calibrate rover1 camera0 objective1 waypoint24)
4.405: (calibrate rover1 camera2 objective3 waypoint24)
4.478: (navigate rover1 waypoint24 waypoint0)
4.542: (navigate rover0 waypoint18 waypoint14)
3.985: (communicate_image_data rover1 general objective2 high_res waypoint12 waypoint10)
3.987: (take_image rover1 waypoint12 objective2 camera3 low_res)
3.987: (take_image rover1 waypoint12 objective2 camera3 high_res)
3.994: (take_image rover1 waypoint12 objective2 camera2 high_res)
3.994: (communicate_image_data rover1 general objective2 high_res waypoint12 waypoint10)
3.994: (take_image rover1 waypoint12 objective2 camera2 colour)
4.030: (navigate rover1 waypoint0 waypoint12)
4.031: (take_image rover1 waypoint12 objective2 camera2 high_res)
4.032: (calibrate rover0 camera1 objective0 waypoint18)
4.032: (take_image rover1 waypoint12 objective2 camera2 colour)
4.033: (calibrate rover0 camera1 objective0 waypoint18)
4.033: (communicate_image_data rover1 general objective2 high_res waypoint12 waypoint10)
4.034: (calibrate rover0 camera1 objective0 waypoint18)
4.445: (navigate rover1 waypoint12 waypoint0)
4.449: (navigate rover1 waypoint12 waypoint0)
4.524: (navigate rover0 waypoint18 waypoint14)
4.539: (navigate rover0 waypoint18 waypoint14)
4.564: (navigate rover0 waypoint18 waypoint14)
4.671: (navigate rover0 waypoint18 waypoint1)
4.686: (navigate rover0 waypoint18 waypoint1)
4.476: (calibrate rover0 camera1 objective0 waypoint18)
4.477: (calibrate rover0 camera1 objective0 waypoint18)
4.477: (navigate rover1 waypoint12 waypoint0)
4.478: (navigate rover1 waypoint12 waypoint0)
4.519: (take_image rover1 waypoint12 objective2 camera3 high_res)
4.519: (take_image rover1 waypoint12 objective2 camera3 low_res)
4.523: (take_image rover0 waypoint14 objective2 camera1 high_res)
4.524: (take_image rover1 waypoint12 objective2 camera2 colour)
4.524: (take_image rover1 waypoint12 objective2 camera2 high_res)
4.525: (take_image rover0 waypoint14 objective2 camera1 colour)
4.001: (navigate rover0 waypoint14 waypoint18)
4.004: (navigate rover0 waypoint14 waypoint18)
4.515: (take_image rover1 waypoint12 objective2 camera3 low_res)
4.515: (take_image rover1 waypoint12 objective2 camera3 high_res)
4.517: (take_image rover1 waypoint12 objective2 camera3 low_res)
4.517: (take_image rover1 waypoint12 objective2 camera3 high_res)
4.534: (communicate_image_data rover1 general objective2 high_res waypoint12 waypoint10)
4.535: (communicate_image_data rover0 general objective2 high_res waypoint14 waypoint10)
4.535: (communicate_image_data rover1 general objective2 high_res waypoint12 waypoint10)
4.685: (navigate rover1 waypoint0 waypoint1)
3.514: (navigate rover1 waypoint1 waypoint18)
3.664: (navigate rover1 waypoint1 waypoint15)
3.969: (navigate rover0 waypoint14 waypoint18)
3.970: (take_image rover1 waypoint12 objective2 camera3 high_res)
3.970: (take_image rover1 waypoint12 objective2 camera3 low_res)
3.970: (take_image rover1 waypoint12 objective2 camera3 high_res)
3.970: (take_image rover1 waypoint12 objective2 camera3 low_res)
3.970: (navigate rover0 waypoint14 waypoint18)
4.003: (communicate_image_data rover0 general objective2 high_res waypoint18 waypoint10)
4.003: (communicate_image_data rover1 general objective2 high_res waypoint12 waypoint10)
2.591: (navigate rover1 waypoint15 waypoint8)
3.490: (take_image rover0 waypoint18 objective0 camera1 colour)
3.491: (take_image rover0 waypoint18 objective0 camera1 high_res)
3.519: (take_image rover1 waypoint18 objective0 camera2 high_res)
3.519: (take_image rover1 waypoint18 objective0 camera2 colour)
3.534: (calibrate rover1 camera3 objective0 waypoint18)
3.643: (take_image rover0 waypoint18 objective0 camera1 high_res)
3.643: (take_image rover0 waypoint18 objective0 camera1 colour)
3.664: (take_image rover1 waypoint15 objective2 camera2 high_res)
3.664: (take_image rover1 waypoint15 objective2 camera2 colour)
2.556: (navigate rover1 waypoint15 waypoint8)
2.556: (take_image rover0 waypoint18 objective0 camera1 high_res)
2.556: (take_image rover0 waypoint18 objective0 camera1 colour)
2.584: (take_image rover1 waypoint8 objective0 camera2 colour)
2.584: (take_image rover1 waypoint8 objective2 camera2 colour)
2.584: (take_image rover1 waypoint8 objective1 camera2 colour)
2.584: (take_image rover1 waypoint8 objective2 camera2 high_res)
2.584: (take_image rover1 waypoint8 objective0 camera2 high_res)
2.584: (take_image rover1 waypoint8 objective1 camera2 high_res)
2.586: (navigate rover1 waypoint15 waypoint8)
2.538: (take_image rover1 waypoint8 objective2 camera2 colour)
2.538: (take_image rover1 waypoint8 objective0 camera2 high_res)
2.538: (take_image rover1 waypoint8 objective1 camera2 high_res)
2.538: (take_image rover1 waypoint8 objective1 camera2 colour)
2.538: (take_image rover1 waypoint8 objective2 camera2 high_res)
2.538: (take_image rover1 waypoint8 objective0 camera2 colour)
2.538: (take_image rover0 waypoint18 objective0 camera1 colour)
2.538: (take_image rover0 waypoint18 objective0 camera1 high_res)
2.563: (calibrate rover1 camera0 objective1 waypoint8)
2.575: (calibrate rover1 camera3 objective0 waypoint8)
2.552: (calibrate rover1 camera0 objective1 waypoint8)
2.553: (take_image rover1 waypoint8 objective2 camera2 high_res)
2.553: (take_image rover1 waypoint8 objective1 camera2 colour)
2.553: (take_image rover1 waypoint8 objective1 camera2 high_res)
2.553: (take_image rover1 waypoint8 objective2 camera2 colour)
2.553: (take_image rover1 waypoint8 objective0 camera2 colour)
2.553: (take_image rover1 waypoint8 objective0 camera2 high_res)
2.568: (calibrate rover1 camera3 objective0 waypoint8)
2.569: (take_image rover1 waypoint8 objective0 camera2 high_res)
2.569: (take_image rover1 waypoint8 objective2 camera2 colour)
2.566: (calibrate rover1 camera0 objective1 waypoint8)
2.567: (calibrate rover1 camera3 objective0 waypoint8)
2.581: (calibrate rover0 camera1 objective0 waypoint18)
2.600: (calibrate rover0 camera1 objective0 waypoint18)
2.778: (sample_soil rover1 rover1store waypoint8)
2.794: (sample_soil rover1 rover1store waypoint8)
3.155: (navigate rover0 waypoint18 waypoint14)
3.169: (navigate rover0 waypoint18 waypoint14)
3.228: (navigate rover0 waypoint18 waypoint6)
3.242: (navigate rover0 waypoint18 waypoint6)
1.679: (drop rover1 rover1store)
1.694: (drop rover1 rover1store)
2.595: (calibrate rover1 camera3 objective0 waypoint8)
2.595: (calibrate rover0 camera1 objective0 waypoint18)
2.595: (calibrate rover1 camera0 objective1 waypoint8)
2.768: (take_image rover1 waypoint8 objective0 camera0 colour)
2.768: (take_image rover1 waypoint8 objective2 camera0 colour)
2.768: (take_image rover1 waypoint8 objective1 camera0 colour)
2.768: (take_image rover1 waypoint8 objective0 camera0 high_res)
2.768: (take_image rover1 waypoint8 objective1 camera0 high_res)
1.668: (drop rover1 rover1store)
1.668: (take_image rover1 waypoint8 objective1 camera0 high_res)
1.668: (take_image rover1 waypoint8 objective2 camera0 high_res)
1.669: (take_image rover1 waypoint8 objective0 camera0 high_res)
1.669: (take_image rover1 waypoint8 objective2 camera0 colour)
1.669: (take_image rover1 waypoint8 objective0 camera3 low_res)
1.669: (take_image rover1 waypoint8 objective1 camera3 high_res)
1.669: (take_image rover1 waypoint8 objective2 camera3 high_res)
1.669: (take_image rover1 waypoint8 objective0 camera3 high_res)
1.669: (take_image rover1 waypoint8 objective1 camera3 low_res)
1.698: (calibrate rover0 camera1 objective0 waypoint18)
1.829: (navigate rover1 waypoint8 waypoint15)
2.127: (navigate rover0 waypoint18 waypoint14)
2.157: (navigate rover0 waypoint18 waypoint6)
2.331: (navigate rover0 waypoint18 waypoint9)
2.371: (navigate rover0 waypoint18 waypoint1)
inf: (communicate_image_data rover0 general objective0 colour waypoint18 waypoint10)
inf: (communicate_image_data rover0 general objective1 high_res waypoint18 waypoint10)
inf: (calibrate rover1 camera3 objective0 waypoint8)
inf: (calibrate rover1 camera0 objective1 waypoint8)
0.795: (communicate_soil_data rover1 general waypoint8 waypoint15 waypoint10)
1.491: (navigate rover1 waypoint15 waypoint22)
1.691: (calibrate rover1 camera0 objective1 waypoint8)
1.706: (calibrate rover1 camera3 objective0 waypoint8)
1.852: (calibrate rover0 camera1 objective0 waypoint18)
1.852: (navigate rover1 waypoint8 waypoint15)
2.130: (calibrate rover1 camera0 objective1 waypoint8)
2.136: (navigate rover1 waypoint15 waypoint1)
2.146: (calibrate rover1 camera3 objective0 waypoint8)
2.161: (calibrate rover1 camera0 objective1 waypoint8)
0.430: (navigate rover1 waypoint15 waypoint22)
0.617: (navigate rover1 waypoint15 waypoint8)
0.784: (navigate rover1 waypoint1 waypoint18)
0.817: (communicate_soil_data rover1 general waypoint8 waypoint15 waypoint10)
0.818: (calibrate rover0 camera1 objective0 waypoint18)
1.092: (navigate rover1 waypoint15 waypoint1)
1.094: (communicate_soil_data rover1 general waypoint8 waypoint1 waypoint10)
1.166: (navigate rover0 waypoint18 waypoint14)
1.253: (navigate rover0 waypoint18 waypoint6)
1.274: (navigate rover0 waypoint18 waypoint9)
-0.263: (communicate_soil_data rover1 general waypoint8 waypoint18 waypoint10)
-0.263: (navigate rover1 waypoint1 waypoint18)
0.441: (calibrate rover1 camera0 objective1 waypoint22)
0.447: (calibrate rover1 camera3 objective0 waypoint22)
0.469: (calibrate rover0 camera1 objective0 waypoint18)
0.469: (navigate rover1 waypoint15 waypoint22)
0.494: (navigate rover1 waypoint1 waypoint19)
0.544: (navigate rover1 waypoint1 waypoint23)
0.633: (calibrate rover1 camera0 objective1 waypoint8)
0.643: (calibrate rover1 camera3 objective0 waypoint8)
-0.251: (calibrate rover1 camera3 objective0 waypoint18)
-0.248: (calibrate rover0 camera1 objective0 waypoint18)
0.011: (navigate rover0 waypoint18 waypoint14)
0.065: (navigate rover0 waypoint18 waypoint9)
0.177: (navigate rover0 waypoint18 waypoint6)
0.196: (sample_rock rover1 rover1store waypoint18)
0.411: (navigate rover1 waypoint19 waypoint5)
0.441: (calibrate rover1 camera0 objective1 waypoint22)
0.442: (calibrate rover1 camera3 objective0 waypoint22)
0.453: (calibrate rover1 camera0 objective1 waypoint22)
-0.853: (communicate_rock_data rover1 general waypoint18 waypoint18 waypoint10)
[Final] Expanded: 849, Generated: 16626
Found a solution of length 128!
   1: (calibrate rover0 camera1 objective0 waypoint3)
   2: (take_image rover0 waypoint3 objective0 camera1 colour)
   3: (calibrate rover0 camera1 objective0 waypoint3)
   4: (take_image rover0 waypoint3 objective1 camera1 high_res)
   5: (navigate rover0 waypoint3 waypoint1)
   6: (communicate_image_data rover0 general objective1 high_res waypoint1 waypoint10)
   7: (communicate_image_data rover0 general objective0 colour waypoint1 waypoint10)
   8: (navigate rover1 waypoint1 waypoint23)
   9: (sample_rock rover1 rover1store waypoint23)
  10: (calibrate rover1 camera3 objective0 waypoint23)
  11: (drop rover1 rover1store)
  12: (sample_soil rover1 rover1store waypoint23)
  13: (navigate rover1 waypoint23 waypoint1)
  14: (communicate_soil_data rover1 general waypoint23 waypoint1 waypoint10)
  15: (communicate_rock_data rover1 general waypoint23 waypoint1 waypoint10)
  16: (navigate rover1 waypoint1 waypoint10)
  17: (drop rover1 rover1store)
  18: (sample_rock rover1 rover1store waypoint10)
  19: (navigate rover1 waypoint10 waypoint9)
  20: (take_image rover1 waypoint9 objective2 camera3 low_res)
  21: (drop rover1 rover1store)
  22: (communicate_rock_data rover1 general waypoint10 waypoint9 waypoint10)
  23: (sample_rock rover1 rover1store waypoint9)
  24: (drop rover1 rover1store)
  25: (communicate_rock_data rover1 general waypoint9 waypoint9 waypoint10)
  26: (navigate rover1 waypoint9 waypoint10)
  27: (navigate rover1 waypoint10 waypoint11)
  28: (communicate_image_data rover1 general objective2 low_res waypoint11 waypoint10)
  29: (sample_rock rover1 rover1store waypoint11)
  30: (drop rover1 rover1store)
  31: (communicate_rock_data rover1 general waypoint11 waypoint11 waypoint10)
  32: (navigate rover1 waypoint11 waypoint10)
  33: (navigate rover1 waypoint10 waypoint1)
  34: (navigate rover1 waypoint1 waypoint2)
  35: (sample_rock rover1 rover1store waypoint2)
  36: (navigate rover1 waypoint2 waypoint1)
  37: (drop rover1 rover1store)
  38: (communicate_rock_data rover1 general waypoint2 waypoint1 waypoint10)
  39: (navigate rover1 waypoint1 waypoint13)
  40: (sample_rock rover1 rover1store waypoint13)
  41: (drop rover1 rover1store)
  42: (communicate_rock_data rover1 general waypoint13 waypoint13 waypoint10)
  43: (navigate rover1 waypoint13 waypoint6)
  44: (sample_rock rover1 rover1store waypoint6)
  45: (drop rover1 rover1store)
  46: (navigate rover1 waypoint6 waypoint13)
  47: (communicate_rock_data rover1 general waypoint6 waypoint13 waypoint10)
  48: (navigate rover1 waypoint13 waypoint20)
  49: (sample_rock rover1 rover1store waypoint20)
  50: (drop rover1 rover1store)
  51: (navigate rover0 waypoint1 waypoint18)
  52: (navigate rover1 waypoint20 waypoint13)
  53: (communicate_rock_data rover1 general waypoint20 waypoint13 waypoint10)
  54: (navigate rover1 waypoint13 waypoint1)
  55: (navigate rover1 waypoint1 waypoint0)
  56: (navigate rover1 waypoint0 waypoint12)
  57: (sample_soil rover1 rover1store waypoint12)
  58: (communicate_soil_data rover1 general waypoint12 waypoint12 waypoint10)
  59: (drop rover1 rover1store)
  60: (navigate rover1 waypoint12 waypoint0)
  61: (calibrate rover0 camera1 objective0 waypoint18)
  62: (navigate rover1 waypoint0 waypoint24)
  63: (take_image rover0 waypoint18 objective0 camera1 high_res)
  64: (calibrate rover1 camera2 objective3 waypoint24)
  65: (take_image rover1 waypoint24 objective1 camera2 high_res)
  66: (calibrate rover1 camera0 objective1 waypoint24)
  67: (take_image rover1 waypoint24 objective1 camera0 colour)
  68: (calibrate rover1 camera3 objective0 waypoint24)
  69: (take_image rover1 waypoint24 objective1 camera3 low_res)
  70: (calibrate rover1 camera0 objective1 waypoint24)
  71: (take_image rover1 waypoint24 objective0 camera0 high_res)
  72: (calibrate rover1 camera0 objective1 waypoint24)
  73: (calibrate rover1 camera3 objective0 waypoint24)
  74: (take_image rover1 waypoint24 objective0 camera3 low_res)
  75: (take_image rover1 waypoint24 objective1 camera0 colour)
  76: (communicate_image_data rover0 general objective0 high_res waypoint18 waypoint10)
  77: (calibrate rover1 camera0 objective1 waypoint24)
  78: (calibrate rover1 camera3 objective0 waypoint24)
  79: (take_image rover1 waypoint24 objective1 camera0 colour)
  80: (take_image rover1 waypoint24 objective3 camera3 high_res)
  81: (calibrate rover1 camera0 objective1 waypoint24)
  82: (take_image rover1 waypoint24 objective0 camera0 colour)
  83: (calibrate rover1 camera2 objective3 waypoint24)
  84: (take_image rover1 waypoint24 objective3 camera2 colour)
  85: (calibrate rover1 camera0 objective1 waypoint24)
  86: (calibrate rover1 camera3 objective0 waypoint24)
  87: (take_image rover1 waypoint24 objective3 camera3 low_res)
  88: (calibrate rover1 camera3 objective0 waypoint24)
  89: (calibrate rover1 camera2 objective3 waypoint24)
  90: (take_image rover1 waypoint24 objective0 camera3 low_res)
  91: (navigate rover1 waypoint24 waypoint0)
  92: (navigate rover1 waypoint0 waypoint12)
  93: (take_image rover1 waypoint12 objective2 camera2 colour)
  94: (take_image rover1 waypoint12 objective2 camera0 high_res)
  95: (communicate_image_data rover1 general objective3 colour waypoint12 waypoint10)
  96: (communicate_image_data rover1 general objective3 high_res waypoint12 waypoint10)
  97: (communicate_image_data rover1 general objective3 low_res waypoint12 waypoint10)
  98: (communicate_image_data rover1 general objective1 colour waypoint12 waypoint10)
  99: (communicate_image_data rover1 general objective1 low_res waypoint12 waypoint10)
 100: (communicate_image_data rover1 general objective0 low_res waypoint12 waypoint10)
 101: (communicate_image_data rover1 general objective2 colour waypoint12 waypoint10)
 102: (navigate rover1 waypoint12 waypoint0)
 103: (navigate rover1 waypoint0 waypoint24)
 104: (calibrate rover1 camera0 objective1 waypoint24)
 105: (calibrate rover1 camera2 objective3 waypoint24)
 106: (calibrate rover1 camera3 objective0 waypoint24)
 107: (take_image rover1 waypoint24 objective0 camera0 colour)
 108: (navigate rover1 waypoint24 waypoint0)
 109: (navigate rover1 waypoint0 waypoint12)
 110: (take_image rover1 waypoint12 objective2 camera3 low_res)
 111: (communicate_image_data rover1 general objective2 high_res waypoint12 waypoint10)
 112: (navigate rover1 waypoint12 waypoint0)
 113: (calibrate rover0 camera1 objective0 waypoint18)
 114: (navigate rover1 waypoint0 waypoint1)
 115: (navigate rover1 waypoint1 waypoint15)
 116: (take_image rover0 waypoint18 objective0 camera1 high_res)
 117: (navigate rover1 waypoint15 waypoint8)
 118: (take_image rover1 waypoint8 objective2 camera2 colour)
 119: (calibrate rover1 camera0 objective1 waypoint8)
 120: (sample_soil rover1 rover1store waypoint8)
 121: (take_image rover1 waypoint8 objective0 camera0 colour)
 122: (drop rover1 rover1store)
 123: (navigate rover1 waypoint8 waypoint15)
 124: (navigate rover1 waypoint15 waypoint1)
 125: (navigate rover1 waypoint1 waypoint18)
 126: (communicate_soil_data rover1 general waypoint8 waypoint18 waypoint10)
 127: (sample_rock rover1 rover1store waypoint18)
 128: (communicate_rock_data rover1 general waypoint18 waypoint18 waypoint10)
