/u/ibrahim.eisawy/Neural-Guided-Search/venv/lib/python3.10/site-packages/pymimir_rgnn/model.py:151: UserWarning: index_reduce() is in beta and the API may change at any time. (Triggered internally at /pytorch/aten/src/ATen/native/cuda/Indexing.cu:1541.)
  max_msg.index_reduce_(0, output_indices, output_messages, reduce='amax', include_self=True)
Torch: 2.12.0+cu130
Using GPU:  NVIDIA L40S
62.352: (navigate rover0 waypoint7 waypoint23)
62.484: (navigate rover0 waypoint7 waypoint13)
62.600: (calibrate rover1 camera3 objective3 waypoint3)
62.820: (navigate rover0 waypoint7 waypoint10)
63.156: (navigate rover1 waypoint3 waypoint16)
63.278: (navigate rover0 waypoint7 waypoint21)
63.508: (navigate rover1 waypoint3 waypoint1)
63.589: (navigate rover1 waypoint3 waypoint22)
63.631: (navigate rover1 waypoint3 waypoint21)
63.717: (navigate rover0 waypoint7 waypoint8)
60.909: (sample_soil rover0 rover0store waypoint23)
61.510: (take_image rover1 waypoint3 objective3 camera3 high_res)
61.674: (calibrate rover0 camera1 objective1 waypoint13)
61.674: (calibrate rover0 camera2 objective1 waypoint13)
61.691: (navigate rover0 waypoint7 waypoint23)
61.692: (calibrate rover1 camera3 objective3 waypoint3)
61.737: (sample_rock rover0 rover0store waypoint23)
61.804: (calibrate rover1 camera3 objective3 waypoint3)
61.804: (navigate rover0 waypoint7 waypoint13)
62.132: (take_image rover1 waypoint3 objective2 camera3 high_res)
59.760: (drop rover0 rover0store)
60.238: (sample_soil rover0 rover0store waypoint23)
60.238: (calibrate rover1 camera3 objective3 waypoint3)
60.550: (calibrate rover1 camera3 objective3 waypoint3)
60.559: (navigate rover0 waypoint7 waypoint23)
60.560: (take_image rover1 waypoint3 objective3 camera3 high_res)
60.616: (navigate rover0 waypoint7 waypoint13)
60.618: (take_image rover1 waypoint3 objective3 camera3 high_res)
60.638: (drop rover0 rover0store)
60.821: (take_image rover0 waypoint13 objective0 camera2 low_res)
59.088: (drop rover0 rover0store)
59.088: (calibrate rover1 camera3 objective3 waypoint3)
59.204: (take_image rover1 waypoint3 objective3 camera3 high_res)
59.204: (sample_soil rover0 rover0store waypoint23)
59.446: (calibrate rover0 camera2 objective1 waypoint13)
59.446: (calibrate rover0 camera1 objective1 waypoint13)
59.600: (calibrate rover1 camera3 objective3 waypoint3)
59.600: (navigate rover0 waypoint7 waypoint23)
59.644: (calibrate rover1 camera3 objective3 waypoint3)
59.645: (navigate rover0 waypoint7 waypoint13)
58.046: (take_image rover1 waypoint3 objective3 camera3 high_res)
58.046: (drop rover0 rover0store)
58.241: (calibrate rover1 camera3 objective3 waypoint3)
58.242: (sample_soil rover0 rover0store waypoint23)
58.421: (take_image rover0 waypoint13 objective3 camera2 low_res)
58.421: (take_image rover0 waypoint13 objective3 camera1 low_res)
58.715: (take_image rover1 waypoint3 objective2 camera3 high_res)
58.760: (take_image rover1 waypoint3 objective2 camera3 high_res)
58.783: (take_image rover1 waypoint3 objective2 camera3 high_res)
58.838: (calibrate rover1 camera3 objective3 waypoint3)
57.076: (calibrate rover1 camera3 objective3 waypoint3)
57.077: (drop rover0 rover0store)
57.372: (sample_soil rover0 rover0store waypoint23)
57.374: (take_image rover1 waypoint3 objective2 camera3 high_res)
57.492: (calibrate rover1 camera3 objective3 waypoint3)
57.691: (take_image rover1 waypoint3 objective3 camera3 high_res)
57.733: (calibrate rover1 camera3 objective3 waypoint3)
57.733: (take_image rover0 waypoint13 objective3 camera1 low_res)
57.994: (sample_rock rover0 rover0store waypoint23)
58.058: (calibrate rover0 camera1 objective1 waypoint13)
56.215: (take_image rover1 waypoint3 objective3 camera3 high_res)
56.215: (drop rover0 rover0store)
56.215: (take_image rover1 waypoint3 objective2 camera3 high_res)
56.710: (take_image rover0 waypoint13 objective3 camera1 low_res)
56.710: (take_image rover1 waypoint3 objective3 camera3 high_res)
56.725: (calibrate rover1 camera3 objective3 waypoint3)
56.857: (drop rover0 rover0store)
57.040: (sample_rock rover0 rover0store waypoint23)
57.040: (calibrate rover1 camera3 objective3 waypoint3)
57.095: (calibrate rover1 camera3 objective3 waypoint3)
55.751: (calibrate rover1 camera3 objective3 waypoint3)
55.752: (take_image rover0 waypoint13 objective3 camera1 low_res)
55.902: (calibrate rover1 camera3 objective3 waypoint3)
55.902: (drop rover0 rover0store)
55.914: (take_image rover1 waypoint3 objective2 camera3 high_res)
55.932: (drop rover0 rover0store)
55.932: (calibrate rover1 camera3 objective3 waypoint3)
56.186: (take_image rover1 waypoint3 objective2 camera3 high_res)
56.186: (sample_rock rover0 rover0store waypoint23)
56.260: (navigate rover1 waypoint3 waypoint16)
54.846: (take_image rover1 waypoint3 objective2 camera3 high_res)
54.847: (take_image rover0 waypoint13 objective3 camera1 low_res)
55.051: (take_image rover1 waypoint3 objective2 camera3 high_res)
55.052: (drop rover0 rover0store)
55.317: (navigate rover0 waypoint23 waypoint7)
55.397: (communicate_image_data rover1 general objective3 high_res waypoint16 waypoint11)
55.503: (navigate rover0 waypoint13 waypoint7)
55.506: (navigate rover0 waypoint13 waypoint7)
55.530: (navigate rover0 waypoint23 waypoint7)
55.575: (calibrate rover1 camera3 objective3 waypoint3)
53.538: (communicate_image_data rover0 general objective0 low_res waypoint7 waypoint11)
54.157: (navigate rover0 waypoint7 waypoint13)
54.254: (communicate_rock_data rover0 general waypoint23 waypoint7 waypoint11)
54.282: (navigate rover0 waypoint7 waypoint23)
54.408: (navigate rover0 waypoint7 waypoint13)
54.409: (navigate rover0 waypoint7 waypoint23)
54.438: (take_image rover1 waypoint3 objective2 camera3 high_res)
54.438: (drop rover0 rover0store)
54.438: (navigate rover0 waypoint23 waypoint7)
54.442: (communicate_image_data rover0 general objective0 low_res waypoint7 waypoint11)
52.385: (navigate rover0 waypoint7 waypoint23)
52.636: (communicate_image_data rover0 general objective3 low_res waypoint7 waypoint11)
52.689: (take_image rover1 waypoint3 objective2 camera3 high_res)
52.689: (take_image rover0 waypoint7 objective3 camera1 low_res)
53.004: (navigate rover0 waypoint7 waypoint13)
53.052: (navigate rover0 waypoint7 waypoint10)
53.054: (sample_soil rover0 rover0store waypoint23)
53.180: (sample_soil rover0 rover0store waypoint23)
53.267: (communicate_soil_data rover0 general waypoint23 waypoint7 waypoint11)
53.299: (navigate rover0 waypoint7 waypoint13)
51.149: (sample_soil rover0 rover0store waypoint23)
51.489: (navigate rover0 waypoint7 waypoint23)
51.563: (take_image rover1 waypoint3 objective2 camera3 high_res)
51.563: (navigate rover0 waypoint7 waypoint23)
51.743: (communicate_image_data rover0 general objective3 low_res waypoint7 waypoint11)
51.743: (take_image rover1 waypoint3 objective2 camera3 high_res)
51.854: (drop rover0 rover0store)
51.942: (sample_rock rover0 rover0store waypoint23)
52.008: (navigate rover0 waypoint7 waypoint13)
52.013: (drop rover0 rover0store)
49.981: (drop rover0 rover0store)
50.287: (sample_soil rover0 rover0store waypoint23)
50.303: (sample_soil rover0 rover0store waypoint23)
50.303: (take_image rover1 waypoint3 objective2 camera3 high_res)
50.619: (navigate rover0 waypoint7 waypoint23)
50.620: (take_image rover1 waypoint3 objective2 camera3 high_res)
50.823: (drop rover0 rover0store)
50.964: (take_image rover1 waypoint3 objective2 camera3 high_res)
50.965: (take_image rover0 waypoint23 objective3 camera1 low_res)
51.006: (sample_rock rover0 rover0store waypoint23)
49.134: (drop rover0 rover0store)
49.134: (drop rover0 rover0store)
49.134: (take_image rover1 waypoint3 objective2 camera3 high_res)
49.395: (sample_soil rover0 rover0store waypoint23)
49.395: (take_image rover1 waypoint3 objective2 camera3 high_res)
49.907: (drop rover0 rover0store)
49.958: (sample_rock rover0 rover0store waypoint23)
49.958: (sample_soil rover0 rover0store waypoint23)
49.968: (take_image rover1 waypoint3 objective2 camera3 high_res)
49.995: (calibrate rover1 camera3 objective3 waypoint3)
48.242: (take_image rover1 waypoint3 objective2 camera3 high_res)
48.242: (drop rover0 rover0store)
48.807: (drop rover0 rover0store)
48.826: (calibrate rover1 camera3 objective3 waypoint3)
48.826: (drop rover0 rover0store)
49.015: (sample_rock rover0 rover0store waypoint23)
49.015: (sample_soil rover0 rover0store waypoint23)
49.029: (take_image rover1 waypoint3 objective2 camera3 high_res)
49.107: (sample_rock rover0 rover0store waypoint23)
49.108: (sample_soil rover0 rover0store waypoint23)
47.888: (drop rover0 rover0store)
47.957: (drop rover0 rover0store)
47.958: (take_image rover1 waypoint3 objective2 camera3 high_res)
47.977: (calibrate rover1 camera3 objective3 waypoint3)
48.133: (sample_soil rover0 rover0store waypoint23)
48.134: (take_image rover1 waypoint3 objective2 camera3 high_res)
48.134: (sample_rock rover0 rover0store waypoint23)
48.266: (navigate rover1 waypoint3 waypoint16)
48.369: (navigate rover0 waypoint23 waypoint7)
48.383: (navigate rover1 waypoint3 waypoint22)
47.011: (take_image rover1 waypoint3 objective2 camera3 high_res)
47.011: (drop rover0 rover0store)
47.262: (communicate_rock_data rover0 general waypoint23 waypoint7 waypoint11)
47.434: (navigate rover0 waypoint23 waypoint7)
47.434: (communicate_image_data rover0 general objective3 low_res waypoint7 waypoint11)
47.441: (communicate_image_data rover1 general objective3 high_res waypoint16 waypoint11)
47.495: (navigate rover0 waypoint23 waypoint7)
47.496: (take_image rover1 waypoint3 objective2 camera3 high_res)
47.523: (communicate_soil_data rover0 general waypoint23 waypoint7 waypoint11)
47.601: (navigate rover0 waypoint23 waypoint7)
46.279: (communicate_soil_data rover0 general waypoint23 waypoint7 waypoint11)
46.279: (communicate_rock_data rover0 general waypoint23 waypoint7 waypoint11)
46.322: (navigate rover0 waypoint7 waypoint10)
46.393: (take_image rover1 waypoint3 objective2 camera3 high_res)
46.394: (communicate_rock_data rover0 general waypoint23 waypoint7 waypoint11)
46.411: (communicate_image_data rover0 general objective3 low_res waypoint7 waypoint11)
46.413: (communicate_rock_data rover0 general waypoint23 waypoint7 waypoint11)
46.533: (communicate_image_data rover0 general objective3 low_res waypoint7 waypoint11)
46.534: (drop rover0 rover0store)
46.534: (navigate rover0 waypoint23 waypoint7)
45.325: (navigate rover0 waypoint7 waypoint10)
45.413: (communicate_soil_data rover0 general waypoint23 waypoint7 waypoint11)
45.413: (take_image rover1 waypoint3 objective2 camera3 high_res)
45.437: (navigate rover0 waypoint7 waypoint10)
45.438: (take_image rover1 waypoint3 objective2 camera3 high_res)
45.440: (communicate_image_data rover0 general objective3 low_res waypoint7 waypoint11)
45.440: (communicate_soil_data rover0 general waypoint23 waypoint7 waypoint11)
45.501: (take_image rover1 waypoint3 objective2 camera3 high_res)
45.501: (communicate_image_data rover0 general objective3 low_res waypoint7 waypoint11)
45.502: (communicate_rock_data rover0 general waypoint23 waypoint7 waypoint11)
44.441: (take_image rover1 waypoint3 objective2 camera3 high_res)
44.441: (navigate rover0 waypoint7 waypoint10)
44.529: (navigate rover0 waypoint7 waypoint10)
44.533: (communicate_image_data rover0 general objective3 low_res waypoint7 waypoint11)
44.534: (take_image rover1 waypoint3 objective2 camera3 high_res)
44.534: (communicate_soil_data rover0 general waypoint23 waypoint7 waypoint11)
44.578: (navigate rover0 waypoint7 waypoint10)
44.828: (navigate rover0 waypoint7 waypoint21)
44.873: (navigate rover0 waypoint7 waypoint21)
44.933: (navigate rover0 waypoint7 waypoint21)
43.600: (navigate rover0 waypoint7 waypoint10)
43.601: (take_image rover1 waypoint3 objective2 camera3 high_res)
43.964: (navigate rover0 waypoint21 waypoint4)
43.973: (take_image rover1 waypoint3 objective2 camera3 high_res)
43.973: (navigate rover0 waypoint7 waypoint21)
44.021: (navigate rover0 waypoint21 waypoint4)
44.105: (navigate rover0 waypoint21 waypoint4)
44.129: (calibrate rover1 camera3 objective3 waypoint3)
44.264: (calibrate rover1 camera3 objective3 waypoint3)
44.313: (calibrate rover1 camera3 objective3 waypoint3)
42.918: (sample_soil rover0 rover0store waypoint4)
42.965: (sample_soil rover0 rover0store waypoint4)
43.078: (sample_soil rover0 rover0store waypoint4)
43.134: (navigate rover0 waypoint21 waypoint4)
43.135: (take_image rover1 waypoint3 objective2 camera3 high_res)
43.331: (navigate rover0 waypoint7 waypoint10)
43.332: (calibrate rover1 camera3 objective3 waypoint3)
43.565: (sample_rock rover0 rover0store waypoint10)
43.627: (calibrate rover0 camera1 objective1 waypoint10)
43.627: (calibrate rover0 camera2 objective1 waypoint10)
41.720: (drop rover0 rover0store)
41.788: (drop rover0 rover0store)
41.898: (drop rover0 rover0store)
42.066: (take_image rover1 waypoint3 objective2 camera3 high_res)
42.066: (sample_soil rover0 rover0store waypoint4)
42.460: (drop rover0 rover0store)
42.614: (calibrate rover1 camera3 objective3 waypoint3)
42.815: (calibrate rover1 camera3 objective3 waypoint3)
42.847: (navigate rover1 waypoint3 waypoint22)
42.868: (navigate rover1 waypoint3 waypoint22)
40.892: (drop rover0 rover0store)
40.892: (take_image rover1 waypoint3 objective2 camera3 high_res)
41.415: (drop rover0 rover0store)
41.415: (calibrate rover1 camera3 objective3 waypoint3)
41.635: (drop rover0 rover0store)
41.636: (calibrate rover1 camera3 objective3 waypoint3)
41.644: (drop rover0 rover0store)
41.644: (navigate rover1 waypoint3 waypoint22)
41.691: (navigate rover1 waypoint3 waypoint22)
41.692: (drop rover0 rover0store)
40.630: (calibrate rover1 camera3 objective3 waypoint3)
40.812: (take_image rover1 waypoint22 objective2 camera3 high_res)
40.813: (navigate rover1 waypoint3 waypoint22)
40.903: (navigate rover1 waypoint3 waypoint21)
40.911: (navigate rover1 waypoint3 waypoint16)
41.081: (navigate rover1 waypoint3 waypoint1)
41.269: (navigate rover0 waypoint4 waypoint21)
41.314: (navigate rover1 waypoint3 waypoint5)
41.327: (navigate rover1 waypoint3 waypoint22)
41.423: (navigate rover1 waypoint3 waypoint16)
39.506: (sample_rock rover1 rover1store waypoint21)
40.064: (communicate_image_data rover1 general objective3 high_res waypoint16 waypoint11)
40.364: (communicate_image_data rover1 general objective3 high_res waypoint5 waypoint11)
40.448: (communicate_image_data rover1 general objective3 high_res waypoint16 waypoint11)
40.540: (navigate rover1 waypoint3 waypoint22)
40.632: (communicate_image_data rover1 general objective2 high_res waypoint16 waypoint11)
40.651: (navigate rover1 waypoint3 waypoint16)
40.652: (calibrate rover1 camera3 objective3 waypoint16)
40.665: (calibrate rover1 camera3 objective3 waypoint21)
40.665: (navigate rover1 waypoint3 waypoint21)
38.509: (drop rover1 rover1store)
38.823: (navigate rover1 waypoint21 waypoint10)
39.207: (sample_rock rover1 rover1store waypoint21)
39.208: (calibrate rover1 camera3 objective3 waypoint21)
39.413: (navigate rover1 waypoint21 waypoint3)
39.530: (communicate_image_data rover1 general objective3 high_res waypoint16 waypoint11)
39.531: (calibrate rover1 camera3 objective3 waypoint16)
39.756: (sample_rock rover0 rover0store waypoint4)
39.856: (communicate_image_data rover1 general objective2 high_res waypoint16 waypoint11)
39.856: (communicate_image_data rover1 general objective3 high_res waypoint16 waypoint11)
37.705: (calibrate rover1 camera0 objective1 waypoint10)
37.882: (navigate rover1 waypoint21 waypoint10)
37.882: (drop rover1 rover1store)
38.232: (calibrate rover1 camera3 objective3 waypoint21)
38.232: (drop rover1 rover1store)
38.509: (navigate rover1 waypoint21 waypoint3)
38.509: (drop rover1 rover1store)
38.524: (navigate rover1 waypoint21 waypoint10)
38.524: (calibrate rover1 camera3 objective3 waypoint10)
38.636: (drop rover0 rover0store)
36.174: (take_image rover1 waypoint10 objective3 camera0 colour)
36.776: (drop rover1 rover1store)
36.776: (calibrate rover1 camera0 objective1 waypoint10)
37.433: (calibrate rover1 camera3 objective3 waypoint10)
37.433: (calibrate rover1 camera0 objective1 waypoint10)
37.467: (sample_rock rover1 rover1store waypoint10)
37.594: (calibrate rover1 camera3 objective3 waypoint10)
37.594: (navigate rover1 waypoint21 waypoint10)
37.595: (drop rover1 rover1store)
37.682: (drop rover1 rover1store)
35.239: (take_image rover1 waypoint10 objective3 camera0 colour)
35.239: (drop rover1 rover1store)
35.804: (calibrate rover1 camera3 objective3 waypoint10)
35.804: (take_image rover1 waypoint10 objective3 camera0 colour)
35.974: (calibrate rover1 camera0 objective1 waypoint10)
36.355: (sample_rock rover1 rover1store waypoint10)
36.355: (calibrate rover1 camera0 objective1 waypoint10)
36.381: (sample_rock rover0 rover0store waypoint4)
36.508: (calibrate rover1 camera3 objective3 waypoint10)
36.508: (drop rover1 rover1store)
34.810: (sample_rock rover1 rover1store waypoint10)
34.811: (take_image rover1 waypoint10 objective3 camera0 colour)
34.885: (calibrate rover1 camera3 objective3 waypoint10)
34.885: (drop rover1 rover1store)
34.885: (take_image rover1 waypoint10 objective3 camera0 colour)
35.044: (drop rover1 rover1store)
35.044: (calibrate rover1 camera0 objective1 waypoint10)
35.237: (drop rover0 rover0store)
35.434: (drop rover1 rover1store)
35.460: (sample_rock rover0 rover0store waypoint4)
33.881: (drop rover1 rover1store)
33.882: (take_image rover1 waypoint10 objective3 camera0 colour)
34.313: (drop rover1 rover1store)
34.314: (drop rover0 rover0store)
34.454: (sample_rock rover1 rover1store waypoint10)
34.454: (calibrate rover1 camera3 objective3 waypoint10)
34.635: (sample_rock rover1 rover1store waypoint10)
34.635: (calibrate rover1 camera0 objective1 waypoint10)
34.712: (navigate rover1 waypoint10 waypoint21)
34.770: (calibrate rover1 camera0 objective1 waypoint10)
33.547: (drop rover1 rover1store)
33.547: (calibrate rover1 camera3 objective3 waypoint10)
33.644: (sample_rock rover1 rover1store waypoint10)
33.717: (calibrate rover1 camera0 objective1 waypoint10)
33.717: (drop rover1 rover1store)
33.733: (navigate rover1 waypoint10 waypoint21)
33.733: (drop rover1 rover1store)
33.885: (sample_rock rover0 rover0store waypoint4)
33.959: (calibrate rover1 camera3 objective3 waypoint10)
34.027: (navigate rover0 waypoint4 waypoint21)
32.726: (drop rover0 rover0store)
32.726: (drop rover1 rover1store)
33.156: (navigate rover1 waypoint21 waypoint3)
33.278: (calibrate rover1 camera3 objective3 waypoint10)
33.278: (sample_rock rover1 rover1store waypoint10)
33.283: (navigate rover0 waypoint21 waypoint3)
33.354: (navigate rover1 waypoint10 waypoint21)
33.377: (calibrate rover1 camera3 objective3 waypoint21)
33.377: (navigate rover1 waypoint10 waypoint21)
33.452: (calibrate rover1 camera0 objective1 waypoint10)
32.380: (drop rover1 rover1store)
32.380: (calibrate rover1 camera3 objective3 waypoint10)
32.548: (calibrate rover1 camera0 objective1 waypoint10)
32.568: (navigate rover0 waypoint4 waypoint21)
32.609: (sample_rock rover1 rover1store waypoint10)
32.614: (sample_soil rover0 rover0store waypoint3)
32.747: (navigate rover1 waypoint10 waypoint21)
32.795: (navigate rover1 waypoint21 waypoint3)
32.808: (calibrate rover1 camera3 objective3 waypoint3)
32.809: (navigate rover1 waypoint21 waypoint3)
31.458: (drop rover0 rover0store)
31.733: (drop rover1 rover1store)
31.733: (navigate rover0 waypoint21 waypoint3)
31.974: (sample_rock rover1 rover1store waypoint10)
31.975: (sample_soil rover0 rover0store waypoint3)
32.165: (take_image rover1 waypoint3 objective2 camera0 colour)
32.200: (calibrate rover1 camera3 objective3 waypoint10)
32.201: (navigate rover0 waypoint4 waypoint21)
32.231: (calibrate rover1 camera3 objective3 waypoint10)
32.234: (navigate rover1 waypoint21 waypoint3)
30.814: (sample_rock rover1 rover1store waypoint10)
30.814: (drop rover0 rover0store)
31.018: (drop rover1 rover1store)
31.018: (sample_soil rover0 rover0store waypoint3)
31.103: (calibrate rover1 camera3 objective3 waypoint10)
31.260: (calibrate rover1 camera0 objective1 waypoint10)
31.370: (navigate rover0 waypoint21 waypoint3)
31.370: (calibrate rover1 camera3 objective3 waypoint10)
31.371: (drop rover1 rover1store)
31.535: (calibrate rover1 camera0 objective1 waypoint10)
29.850: (drop rover1 rover1store)
29.850: (drop rover0 rover0store)
30.435: (calibrate rover1 camera3 objective3 waypoint10)
30.435: (sample_rock rover1 rover1store waypoint10)
30.604: (sample_rock rover1 rover1store waypoint10)
30.604: (calibrate rover1 camera0 objective1 waypoint10)
30.660: (sample_soil rover0 rover0store waypoint3)
30.660: (calibrate rover1 camera3 objective3 waypoint10)
30.823: (sample_soil rover0 rover0store waypoint3)
30.823: (calibrate rover1 camera0 objective1 waypoint10)
29.490: (drop rover1 rover1store)
29.490: (calibrate rover1 camera3 objective3 waypoint10)
29.490: (drop rover0 rover0store)
29.653: (drop rover0 rover0store)
29.654: (drop rover1 rover1store)
29.654: (calibrate rover1 camera0 objective1 waypoint10)
30.049: (navigate rover1 waypoint10 waypoint21)
30.319: (calibrate rover1 camera0 objective1 waypoint10)
30.320: (calibrate rover1 camera3 objective3 waypoint10)
30.359: (navigate rover0 waypoint3 waypoint21)
29.377: (calibrate rover1 camera0 objective1 waypoint10)
29.377: (calibrate rover1 camera3 objective3 waypoint10)
29.378: (drop rover1 rover1store)
29.639: (navigate rover1 waypoint21 waypoint3)
29.653: (navigate rover1 waypoint10 waypoint21)
29.674: (navigate rover1 waypoint10 waypoint21)
29.674: (calibrate rover1 camera3 objective3 waypoint21)
29.920: (take_image rover1 waypoint10 objective1 camera0 colour)
29.972: (navigate rover0 waypoint21 waypoint7)
29.978: (take_image rover1 waypoint10 objective1 camera3 high_res)
28.663: (navigate rover1 waypoint3 waypoint22)
28.685: (communicate_rock_data rover0 general waypoint4 waypoint7 waypoint11)
28.935: (communicate_soil_data rover0 general waypoint4 waypoint7 waypoint11)
28.948: (navigate rover1 waypoint3 waypoint16)
28.993: (communicate_soil_data rover0 general waypoint3 waypoint7 waypoint11)
29.137: (navigate rover1 waypoint3 waypoint1)
29.263: (navigate rover1 waypoint21 waypoint3)
29.274: (calibrate rover1 camera3 objective3 waypoint3)
29.275: (navigate rover1 waypoint21 waypoint3)
29.381: (calibrate rover1 camera3 objective3 waypoint21)
27.633: (communicate_rock_data rover0 general waypoint4 waypoint7 waypoint11)
27.633: (communicate_soil_data rover0 general waypoint4 waypoint7 waypoint11)
27.707: (communicate_soil_data rover0 general waypoint3 waypoint7 waypoint11)
27.708: (communicate_rock_data rover0 general waypoint4 waypoint7 waypoint11)
27.822: (communicate_rock_data rover1 general waypoint10 waypoint16 waypoint11)
27.878: (communicate_rock_data rover1 general waypoint21 waypoint16 waypoint11)
27.924: (communicate_soil_data rover0 general waypoint3 waypoint7 waypoint11)
27.924: (communicate_soil_data rover0 general waypoint4 waypoint7 waypoint11)
28.297: (navigate rover1 waypoint3 waypoint22)
28.304: (navigate rover1 waypoint3 waypoint22)
26.606: (communicate_rock_data rover0 general waypoint4 waypoint7 waypoint11)
26.607: (communicate_soil_data rover0 general waypoint3 waypoint7 waypoint11)
26.607: (communicate_soil_data rover0 general waypoint4 waypoint7 waypoint11)
27.292: (calibrate rover1 camera3 objective3 waypoint10)
27.364: (calibrate rover1 camera3 objective3 waypoint10)
27.393: (communicate_rock_data rover1 general waypoint10 waypoint16 waypoint11)
27.393: (communicate_rock_data rover1 general waypoint21 waypoint16 waypoint11)
27.395: (communicate_image_data rover1 general objective3 high_res waypoint16 waypoint11)
27.453: (communicate_image_data rover1 general objective3 high_res waypoint16 waypoint11)
27.459: (calibrate rover1 camera0 objective1 waypoint10)
26.263: (communicate_soil_data rover0 general waypoint3 waypoint7 waypoint11)
26.263: (calibrate rover1 camera3 objective3 waypoint10)
26.264: (communicate_soil_data rover0 general waypoint4 waypoint7 waypoint11)
26.433: (communicate_soil_data rover0 general waypoint3 waypoint7 waypoint11)
26.433: (calibrate rover1 camera0 objective1 waypoint10)
26.464: (navigate rover0 waypoint7 waypoint24)
26.605: (navigate rover0 waypoint7 waypoint10)
26.647: (navigate rover0 waypoint7 waypoint8)
26.754: (navigate rover0 waypoint7 waypoint0)
26.834: (calibrate rover1 camera3 objective3 waypoint16)
25.741: (navigate rover0 waypoint0 waypoint17)
25.923: (navigate rover0 waypoint0 waypoint1)
26.102: (navigate rover0 waypoint8 waypoint2)
26.127: (calibrate rover1 camera3 objective3 waypoint10)
26.127: (navigate rover0 waypoint7 waypoint24)
26.167: (calibrate rover1 camera0 objective1 waypoint10)
26.168: (calibrate rover1 camera3 objective3 waypoint10)
26.262: (calibrate rover1 camera3 objective3 waypoint10)
26.262: (navigate rover0 waypoint7 waypoint10)
26.286: (navigate rover0 waypoint7 waypoint8)
24.405: (sample_soil rover0 rover0store waypoint17)
24.733: (sample_soil rover0 rover0store waypoint1)
25.219: (sample_rock rover0 rover0store waypoint17)
25.403: (calibrate rover1 camera3 objective3 waypoint10)
25.566: (calibrate rover1 camera0 objective1 waypoint10)
25.586: (calibrate rover1 camera3 objective3 waypoint10)
25.735: (calibrate rover1 camera0 objective1 waypoint10)
25.750: (navigate rover0 waypoint8 waypoint2)
25.752: (calibrate rover1 camera3 objective3 waypoint10)
25.860: (sample_rock rover0 rover0store waypoint2)
23.236: (drop rover0 rover0store)
23.531: (drop rover0 rover0store)
23.987: (drop rover0 rover0store)
24.044: (calibrate rover1 camera3 objective3 waypoint10)
24.044: (sample_soil rover0 rover0store waypoint17)
24.165: (calibrate rover1 camera0 objective1 waypoint10)
24.165: (sample_soil rover0 rover0store waypoint17)
24.395: (calibrate rover1 camera3 objective3 waypoint10)
24.396: (sample_soil rover0 rover0store waypoint1)
24.538: (sample_soil rover0 rover0store waypoint1)
22.875: (drop rover0 rover0store)
22.875: (calibrate rover1 camera3 objective3 waypoint10)
22.996: (calibrate rover1 camera0 objective1 waypoint10)
22.996: (drop rover0 rover0store)
23.195: (drop rover0 rover0store)
23.195: (calibrate rover1 camera3 objective3 waypoint10)
23.269: (sample_soil rover0 rover0store waypoint17)
23.270: (sample_rock rover0 rover0store waypoint17)
23.341: (calibrate rover1 camera0 objective1 waypoint10)
23.341: (drop rover0 rover0store)
22.102: (drop rover0 rover0store)
22.747: (calibrate rover1 camera0 objective1 waypoint10)
22.747: (calibrate rover1 camera3 objective3 waypoint10)
22.827: (navigate rover0 waypoint17 waypoint0)
22.910: (navigate rover0 waypoint17 waypoint5)
22.915: (calibrate rover1 camera3 objective3 waypoint10)
22.915: (sample_rock rover0 rover0store waypoint17)
22.994: (navigate rover1 waypoint10 waypoint21)
23.008: (calibrate rover1 camera0 objective1 waypoint10)
23.009: (sample_rock rover0 rover0store waypoint17)
21.695: (navigate rover1 waypoint21 waypoint3)
21.712: (communicate_rock_data rover0 general waypoint17 waypoint5 waypoint11)
21.712: (communicate_rock_data rover0 general waypoint17 waypoint0 waypoint11)
21.740: (navigate rover0 waypoint17 waypoint0)
21.740: (drop rover0 rover0store)
21.748: (calibrate rover1 camera3 objective3 waypoint10)
21.748: (drop rover0 rover0store)
21.749: (drop rover0 rover0store)
21.750: (navigate rover0 waypoint17 waypoint5)
21.810: (communicate_soil_data rover0 general waypoint17 waypoint0 waypoint11)
20.519: (communicate_rock_data rover0 general waypoint17 waypoint5 waypoint11)
20.519: (drop rover0 rover0store)
20.542: (drop rover0 rover0store)
20.543: (communicate_rock_data rover0 general waypoint17 waypoint0 waypoint11)
20.557: (communicate_soil_data rover0 general waypoint17 waypoint5 waypoint11)
20.613: (communicate_rock_data rover0 general waypoint17 waypoint0 waypoint11)
20.614: (communicate_soil_data rover0 general waypoint17 waypoint0 waypoint11)
20.671: (communicate_soil_data rover0 general waypoint17 waypoint5 waypoint11)
20.722: (communicate_soil_data rover0 general waypoint17 waypoint0 waypoint11)
20.724: (drop rover0 rover0store)
19.358: (drop rover0 rover0store)
19.358: (communicate_soil_data rover0 general waypoint17 waypoint5 waypoint11)
19.360: (communicate_rock_data rover0 general waypoint17 waypoint5 waypoint11)
19.452: (communicate_rock_data rover0 general waypoint17 waypoint0 waypoint11)
19.452: (communicate_soil_data rover0 general waypoint17 waypoint0 waypoint11)
19.452: (drop rover0 rover0store)
19.653: (navigate rover0 waypoint0 waypoint1)
19.793: (navigate rover0 waypoint0 waypoint1)
19.953: (navigate rover0 waypoint0 waypoint14)
19.958: (navigate rover0 waypoint0 waypoint1)
18.592: (drop rover0 rover0store)
18.593: (navigate rover0 waypoint0 waypoint1)
18.784: (navigate rover0 waypoint14 waypoint16)
18.826: (communicate_soil_data rover0 general waypoint17 waypoint14 waypoint11)
18.826: (navigate rover0 waypoint0 waypoint14)
19.079: (calibrate rover1 camera0 objective1 waypoint10)
19.093: (calibrate rover1 camera3 objective3 waypoint10)
19.132: (calibrate rover1 camera3 objective3 waypoint10)
19.222: (calibrate rover1 camera0 objective1 waypoint10)
19.247: (navigate rover0 waypoint0 waypoint7)
17.655: (communicate_soil_data rover0 general waypoint17 waypoint16 waypoint11)
17.655: (navigate rover0 waypoint14 waypoint16)
18.220: (sample_soil rover0 rover0store waypoint1)
18.282: (sample_soil rover0 rover0store waypoint16)
18.343: (calibrate rover1 camera0 objective1 waypoint10)
18.344: (navigate rover0 waypoint0 waypoint1)
18.436: (navigate rover0 waypoint0 waypoint14)
18.437: (calibrate rover1 camera3 objective3 waypoint10)
18.446: (navigate rover0 waypoint0 waypoint1)
18.447: (calibrate rover1 camera3 objective3 waypoint10)
17.045: (drop rover0 rover0store)
17.106: (drop rover0 rover0store)
17.166: (sample_soil rover0 rover0store waypoint16)
17.166: (communicate_soil_data rover0 general waypoint17 waypoint16 waypoint11)
17.315: (communicate_soil_data rover0 general waypoint16 waypoint16 waypoint11)
17.424: (calibrate rover1 camera3 objective3 waypoint10)
17.425: (navigate rover0 waypoint14 waypoint16)
17.427: (calibrate rover1 camera0 objective1 waypoint10)
18.011: (navigate rover0 waypoint16 waypoint14)
18.042: (sample_soil rover0 rover0store waypoint1)
16.030: (communicate_soil_data rover0 general waypoint17 waypoint16 waypoint11)
16.030: (drop rover0 rover0store)
16.177: (drop rover0 rover0store)
16.178: (communicate_soil_data rover0 general waypoint16 waypoint16 waypoint11)
16.224: (communicate_soil_data rover0 general waypoint17 waypoint16 waypoint11)
16.224: (communicate_soil_data rover0 general waypoint16 waypoint16 waypoint11)
16.847: (calibrate rover1 camera0 objective1 waypoint10)
16.849: (drop rover0 rover0store)
16.863: (calibrate rover1 camera0 objective1 waypoint10)
16.901: (drop rover0 rover0store)
15.096: (communicate_soil_data rover0 general waypoint17 waypoint16 waypoint11)
15.097: (drop rover0 rover0store)
15.097: (communicate_soil_data rover0 general waypoint16 waypoint16 waypoint11)
15.743: (calibrate rover1 camera0 objective1 waypoint10)
15.743: (communicate_soil_data rover0 general waypoint17 waypoint16 waypoint11)
15.835: (communicate_soil_data rover0 general waypoint16 waypoint14 waypoint11)
15.836: (navigate rover0 waypoint16 waypoint14)
15.848: (communicate_soil_data rover0 general waypoint17 waypoint14 waypoint11)
15.848: (navigate rover0 waypoint16 waypoint14)
15.880: (navigate rover0 waypoint16 waypoint14)
14.777: (communicate_soil_data rover0 general waypoint16 waypoint14 waypoint11)
14.777: (drop rover0 rover0store)
14.777: (navigate rover0 waypoint16 waypoint14)
14.777: (communicate_soil_data rover0 general waypoint17 waypoint14 waypoint11)
14.806: (communicate_soil_data rover0 general waypoint16 waypoint16 waypoint11)
14.806: (calibrate rover1 camera0 objective1 waypoint10)
14.947: (calibrate rover1 camera3 objective3 waypoint10)
15.096: (navigate rover1 waypoint10 waypoint21)
15.542: (calibrate rover1 camera0 objective1 waypoint10)
15.550: (navigate rover0 waypoint16 waypoint14)
14.348: (navigate rover1 waypoint21 waypoint3)
14.457: (navigate rover1 waypoint21 waypoint6)
14.481: (calibrate rover1 camera0 objective1 waypoint10)
14.482: (navigate rover0 waypoint16 waypoint14)
14.482: (communicate_soil_data rover0 general waypoint17 waypoint14 waypoint11)
14.483: (communicate_soil_data rover0 general waypoint16 waypoint14 waypoint11)
14.596: (navigate rover1 waypoint21 waypoint8)
14.607: (navigate rover0 waypoint16 waypoint14)
14.608: (calibrate rover1 camera3 objective3 waypoint10)
14.656: (navigate rover0 waypoint14 waypoint0)
13.964: (navigate rover0 waypoint0 waypoint1)
14.190: (calibrate rover1 camera3 objective3 waypoint3)
14.202: (navigate rover1 waypoint3 waypoint22)
14.240: (navigate rover0 waypoint16 waypoint14)
14.264: (navigate rover0 waypoint16 waypoint14)
14.349: (navigate rover0 waypoint16 waypoint14)
14.362: (calibrate rover1 camera0 objective1 waypoint10)
14.363: (navigate rover0 waypoint14 waypoint0)
14.438: (calibrate rover1 camera3 objective3 waypoint10)
14.439: (calibrate rover1 camera0 objective1 waypoint10)
13.438: (sample_soil rover0 rover0store waypoint1)
13.680: (calibrate rover1 camera0 objective1 waypoint10)
13.681: (navigate rover0 waypoint0 waypoint1)
13.826: (calibrate rover1 camera3 objective3 waypoint10)
13.918: (navigate rover0 waypoint16 waypoint14)
13.918: (calibrate rover1 camera3 objective3 waypoint3)
13.956: (navigate rover1 waypoint3 waypoint22)
13.992: (navigate rover0 waypoint14 waypoint0)
14.002: (navigate rover0 waypoint14 waypoint0)
14.038: (navigate rover1 waypoint10 waypoint21)
12.326: (drop rover0 rover0store)
13.193: (navigate rover1 waypoint21 waypoint6)
13.195: (calibrate rover1 camera0 objective1 waypoint10)
13.195: (sample_soil rover0 rover0store waypoint1)
13.196: (navigate rover0 waypoint0 waypoint1)
13.301: (navigate rover1 waypoint21 waypoint3)
13.302: (navigate rover0 waypoint0 waypoint1)
13.343: (sample_soil rover0 rover0store waypoint1)
13.343: (calibrate rover1 camera3 objective3 waypoint10)
13.410: (navigate rover1 waypoint10 waypoint21)
12.085: (calibrate rover1 camera0 objective1 waypoint10)
12.086: (drop rover0 rover0store)
12.232: (drop rover0 rover0store)
12.232: (calibrate rover1 camera3 objective3 waypoint10)
12.321: (drop rover0 rover0store)
12.321: (navigate rover1 waypoint10 waypoint21)
12.546: (navigate rover1 waypoint21 waypoint6)
12.547: (sample_soil rover0 rover0store waypoint1)
12.798: (navigate rover0 waypoint1 waypoint19)
12.897: (navigate rover1 waypoint21 waypoint3)
11.555: (navigate rover1 waypoint21 waypoint6)
11.555: (drop rover0 rover0store)
11.819: (drop rover0 rover0store)
11.819: (navigate rover1 waypoint21 waypoint3)
11.887: (navigate rover1 waypoint21 waypoint8)
12.063: (calibrate rover1 camera0 objective1 waypoint10)
12.064: (calibrate rover1 camera3 objective3 waypoint10)
12.098: (navigate rover1 waypoint10 waypoint21)
12.219: (calibrate rover1 camera3 objective3 waypoint21)
12.219: (navigate rover1 waypoint10 waypoint21)
11.342: (navigate rover1 waypoint21 waypoint6)
11.370: (navigate rover1 waypoint3 waypoint22)
11.465: (navigate rover1 waypoint21 waypoint6)
11.592: (navigate rover1 waypoint21 waypoint3)
11.668: (navigate rover1 waypoint21 waypoint8)
11.716: (calibrate rover1 camera3 objective3 waypoint3)
11.716: (navigate rover1 waypoint21 waypoint3)
11.788: (navigate rover1 waypoint21 waypoint8)
11.838: (navigate rover1 waypoint3 waypoint1)
11.876: (navigate rover0 waypoint1 waypoint19)
10.829: (navigate rover1 waypoint1 waypoint2)
11.020: (take_image rover1 waypoint3 objective2 camera0 colour)
11.093: (take_image rover1 waypoint8 objective2 camera0 colour)
11.107: (navigate rover1 waypoint3 waypoint22)
11.223: (navigate rover1 waypoint3 waypoint22)
11.413: (navigate rover0 waypoint1 waypoint19)
11.567: (calibrate rover1 camera3 objective3 waypoint3)
11.625: (navigate rover1 waypoint3 waypoint1)
11.658: (navigate rover0 waypoint1 waypoint19)
11.712: (navigate rover1 waypoint22 waypoint24)
10.125: (sample_rock rover1 rover1store waypoint2)
10.568: (take_image rover1 waypoint22 objective2 camera0 colour)
10.568: (navigate rover1 waypoint3 waypoint22)
10.608: (navigate rover1 waypoint1 waypoint2)
10.613: (communicate_rock_data rover1 general waypoint10 waypoint24 waypoint11)
10.662: (communicate_rock_data rover1 general waypoint21 waypoint24 waypoint11)
10.732: (calibrate rover1 camera3 objective3 waypoint2)
10.789: (navigate rover0 waypoint1 waypoint19)
10.983: (take_image rover1 waypoint3 objective2 camera0 colour)
10.983: (calibrate rover1 camera3 objective3 waypoint3)
9.495: (navigate rover1 waypoint2 waypoint1)
9.626: (sample_rock rover1 rover1store waypoint2)
9.627: (navigate rover0 waypoint1 waypoint19)
9.656: (drop rover1 rover1store)
9.721: (communicate_rock_data rover1 general waypoint21 waypoint24 waypoint11)
9.721: (communicate_rock_data rover1 general waypoint10 waypoint24 waypoint11)
9.904: (sample_rock rover1 rover1store waypoint2)
9.985: (take_image rover1 waypoint2 objective2 camera0 colour)
10.010: (sample_rock rover1 rover1store waypoint2)
10.011: (calibrate rover1 camera3 objective3 waypoint2)
8.922: (drop rover1 rover1store)
8.922: (navigate rover1 waypoint2 waypoint1)
9.187: (communicate_image_data rover1 general objective3 high_res waypoint24 waypoint11)
9.244: (navigate rover1 waypoint2 waypoint1)
9.253: (drop rover1 rover1store)
9.253: (navigate rover0 waypoint1 waypoint19)
9.344: (sample_rock rover1 rover1store waypoint2)
9.344: (take_image rover1 waypoint2 objective2 camera0 colour)
9.360: (navigate rover1 waypoint2 waypoint1)
9.360: (calibrate rover1 camera3 objective3 waypoint1)
8.678: (drop rover1 rover1store)
8.692: (take_image rover1 waypoint1 objective2 camera0 colour)
8.692: (navigate rover1 waypoint2 waypoint1)
8.795: (drop rover1 rover1store)
8.796: (calibrate rover1 camera3 objective3 waypoint1)
8.844: (navigate rover0 waypoint1 waypoint19)
8.867: (communicate_image_data rover1 general objective2 high_res waypoint24 waypoint11)
8.868: (navigate rover1 waypoint1 waypoint3)
8.874: (drop rover1 rover1store)
8.958: (navigate rover1 waypoint24 waypoint22)
8.113: (drop rover1 rover1store)
8.113: (take_image rover1 waypoint1 objective2 camera0 colour)
8.114: (navigate rover1 waypoint2 waypoint1)
8.410: (navigate rover1 waypoint3 waypoint22)
8.442: (navigate rover0 waypoint1 waypoint19)
8.475: (navigate rover0 waypoint1 waypoint19)
8.476: (drop rover1 rover1store)
8.618: (navigate rover1 waypoint1 waypoint3)
8.623: (calibrate rover1 camera3 objective3 waypoint1)
8.640: (calibrate rover1 camera3 objective3 waypoint1)
7.785: (navigate rover0 waypoint1 waypoint19)
7.785: (navigate rover1 waypoint3 waypoint22)
8.050: (take_image rover1 waypoint1 objective2 camera0 colour)
8.051: (drop rover1 rover1store)
8.051: (calibrate rover1 camera3 objective3 waypoint1)
8.064: (take_image rover1 waypoint3 objective2 camera0 colour)
8.064: (navigate rover1 waypoint1 waypoint3)
8.148: (navigate rover1 waypoint3 waypoint22)
8.205: (navigate rover0 waypoint1 waypoint19)
8.324: (calibrate rover1 camera3 objective3 waypoint3)
7.564: (navigate rover0 waypoint1 waypoint19)
7.564: (navigate rover1 waypoint3 waypoint22)
7.594: (take_image rover1 waypoint22 objective2 camera0 colour)
7.595: (navigate rover1 waypoint3 waypoint22)
7.626: (navigate rover1 waypoint3 waypoint22)
7.646: (take_image rover1 waypoint3 objective2 camera0 colour)
7.646: (navigate rover0 waypoint1 waypoint19)
8.006: (calibrate rover1 camera3 objective3 waypoint3)
8.006: (navigate rover1 waypoint1 waypoint3)
8.073: (navigate rover0 waypoint1 waypoint0)
7.007: (communicate_soil_data rover0 general waypoint1 waypoint0 waypoint11)
7.065: (take_image rover1 waypoint22 objective2 camera0 colour)
7.065: (navigate rover0 waypoint1 waypoint19)
7.066: (navigate rover1 waypoint3 waypoint22)
7.520: (navigate rover1 waypoint3 waypoint22)
7.593: (navigate rover0 waypoint1 waypoint19)
7.594: (calibrate rover1 camera3 objective3 waypoint3)
7.716: (navigate rover1 waypoint3 waypoint22)
7.716: (navigate rover0 waypoint1 waypoint0)
7.858: (navigate rover1 waypoint22 waypoint24)
6.655: (communicate_soil_data rover0 general waypoint1 waypoint0 waypoint11)
6.655: (navigate rover1 waypoint3 waypoint22)
6.788: (communicate_rock_data rover1 general waypoint10 waypoint24 waypoint11)
6.817: (communicate_rock_data rover1 general waypoint21 waypoint24 waypoint11)
6.843: (navigate rover0 waypoint0 waypoint14)
6.844: (navigate rover0 waypoint0 waypoint17)
6.949: (calibrate rover1 camera3 objective3 waypoint3)
6.983: (communicate_rock_data rover1 general waypoint2 waypoint24 waypoint11)
7.012: (navigate rover0 waypoint1 waypoint19)
7.012: (navigate rover1 waypoint3 waypoint22)
5.799: (communicate_rock_data rover1 general waypoint21 waypoint24 waypoint11)
5.799: (communicate_rock_data rover1 general waypoint10 waypoint24 waypoint11)
5.913: (communicate_rock_data rover1 general waypoint2 waypoint24 waypoint11)
5.914: (communicate_rock_data rover1 general waypoint10 waypoint24 waypoint11)
5.930: (communicate_rock_data rover1 general waypoint21 waypoint24 waypoint11)
5.930: (communicate_rock_data rover1 general waypoint2 waypoint24 waypoint11)
6.325: (navigate rover0 waypoint0 waypoint17)
6.325: (navigate rover1 waypoint3 waypoint22)
6.366: (communicate_image_data rover1 general objective3 high_res waypoint24 waypoint11)
6.387: (communicate_image_data rover1 general objective3 colour waypoint24 waypoint11)
4.807: (communicate_rock_data rover1 general waypoint10 waypoint24 waypoint11)
4.807: (communicate_rock_data rover1 general waypoint21 waypoint24 waypoint11)
4.807: (communicate_rock_data rover1 general waypoint2 waypoint24 waypoint11)
5.375: (communicate_rock_data rover1 general waypoint21 waypoint24 waypoint11)
5.376: (communicate_image_data rover1 general objective3 high_res waypoint24 waypoint11)
5.397: (communicate_image_data rover1 general objective3 colour waypoint24 waypoint11)
5.397: (communicate_rock_data rover1 general waypoint21 waypoint24 waypoint11)
5.478: (communicate_image_data rover1 general objective3 high_res waypoint24 waypoint11)
5.478: (communicate_rock_data rover1 general waypoint2 waypoint24 waypoint11)
5.480: (communicate_image_data rover1 general objective2 colour waypoint24 waypoint11)
4.241: (navigate rover1 waypoint24 waypoint22)
4.332: (communicate_rock_data rover1 general waypoint2 waypoint24 waypoint11)
4.332: (communicate_image_data rover1 general objective3 high_res waypoint24 waypoint11)
4.332: (communicate_rock_data rover1 general waypoint21 waypoint24 waypoint11)
4.348: (communicate_rock_data rover1 general waypoint2 waypoint24 waypoint11)
4.349: (communicate_image_data rover1 general objective3 colour waypoint24 waypoint11)
4.487: (communicate_image_data rover1 general objective2 colour waypoint24 waypoint11)
4.487: (communicate_rock_data rover1 general waypoint2 waypoint24 waypoint11)
4.536: (communicate_image_data rover1 general objective2 high_res waypoint24 waypoint11)
4.560: (navigate rover0 waypoint1 waypoint19)
3.610: (communicate_image_data rover1 general objective3 high_res waypoint24 waypoint11)
3.610: (communicate_image_data rover1 general objective3 colour waypoint24 waypoint11)
3.627: (communicate_image_data rover1 general objective2 high_res waypoint24 waypoint11)
3.627: (communicate_image_data rover1 general objective3 high_res waypoint24 waypoint11)
3.655: (communicate_image_data rover1 general objective3 colour waypoint24 waypoint11)
3.655: (communicate_image_data rover1 general objective2 colour waypoint24 waypoint11)
3.751: (navigate rover1 waypoint24 waypoint22)
3.751: (navigate rover0 waypoint1 waypoint19)
3.774: (communicate_image_data rover1 general objective2 high_res waypoint24 waypoint11)
3.774: (communicate_image_data rover1 general objective2 colour waypoint24 waypoint11)
2.919: (communicate_image_data rover1 general objective3 high_res waypoint24 waypoint11)
2.919: (communicate_image_data rover1 general objective2 colour waypoint24 waypoint11)
2.959: (communicate_image_data rover1 general objective2 high_res waypoint24 waypoint11)
2.959: (communicate_image_data rover1 general objective3 colour waypoint24 waypoint11)
3.028: (communicate_image_data rover1 general objective2 high_res waypoint24 waypoint11)
3.028: (communicate_image_data rover1 general objective3 colour waypoint24 waypoint11)
3.045: (communicate_image_data rover1 general objective3 high_res waypoint24 waypoint11)
3.045: (communicate_image_data rover1 general objective2 colour waypoint24 waypoint11)
3.076: (navigate rover1 waypoint24 waypoint22)
3.106: (navigate rover1 waypoint24 waypoint22)
2.146: (communicate_image_data rover1 general objective3 colour waypoint24 waypoint11)
2.146: (communicate_image_data rover1 general objective2 colour waypoint24 waypoint11)
2.146: (communicate_image_data rover1 general objective2 high_res waypoint24 waypoint11)
2.146: (communicate_image_data rover1 general objective3 high_res waypoint24 waypoint11)
2.338: (navigate rover1 waypoint24 waypoint22)
2.382: (navigate rover1 waypoint24 waypoint22)
2.533: (navigate rover1 waypoint24 waypoint22)
2.559: (navigate rover1 waypoint24 waypoint22)
2.664: (navigate rover0 waypoint1 waypoint19)
2.682: (navigate rover0 waypoint1 waypoint19)
1.633: (navigate rover1 waypoint24 waypoint22)
1.845: (communicate_image_data rover1 general objective3 colour waypoint24 waypoint11)
1.845: (navigate rover0 waypoint1 waypoint19)
1.946: (navigate rover1 waypoint24 waypoint22)
1.946: (navigate rover0 waypoint1 waypoint19)
2.009: (navigate rover0 waypoint1 waypoint19)
2.136: (navigate rover0 waypoint1 waypoint19)
2.150: (calibrate rover1 camera3 objective3 waypoint24)
2.154: (navigate rover0 waypoint1 waypoint19)
2.194: (navigate rover0 waypoint1 waypoint0)
1.076: (communicate_soil_data rover0 general waypoint1 waypoint0 waypoint11)
1.224: (navigate rover0 waypoint1 waypoint19)
1.224: (navigate rover1 waypoint24 waypoint22)
1.624: (navigate rover1 waypoint24 waypoint22)
1.772: (navigate rover0 waypoint1 waypoint0)
1.773: (navigate rover1 waypoint24 waypoint22)
1.845: (calibrate rover1 camera3 objective3 waypoint24)
1.845: (navigate rover0 waypoint1 waypoint19)
2.065: (navigate rover0 waypoint0 waypoint17)
2.070: (navigate rover0 waypoint0 waypoint14)
0.622: (communicate_soil_data rover0 general waypoint1 waypoint0 waypoint11)
0.623: (navigate rover1 waypoint24 waypoint22)
0.965: (navigate rover0 waypoint0 waypoint17)
0.979: (navigate rover0 waypoint0 waypoint14)
0.980: (communicate_soil_data rover0 general waypoint1 waypoint14 waypoint11)
1.078: (calibrate rover1 camera3 objective3 waypoint24)
1.191: (navigate rover0 waypoint0 waypoint1)
1.198: (navigate rover0 waypoint1 waypoint19)
1.199: (navigate rover1 waypoint24 waypoint22)
1.450: (navigate rover0 waypoint0 waypoint7)
0.180: (navigate rover0 waypoint7 waypoint24)
0.423: (navigate rover1 waypoint24 waypoint22)
0.424: (navigate rover0 waypoint0 waypoint17)
0.446: (navigate rover1 waypoint24 waypoint22)
0.446: (navigate rover0 waypoint0 waypoint14)
0.607: (navigate rover1 waypoint24 waypoint22)
0.627: (navigate rover0 waypoint0 waypoint1)
0.627: (navigate rover1 waypoint24 waypoint22)
0.631: (navigate rover0 waypoint7 waypoint23)
0.754: (navigate rover0 waypoint1 waypoint19)
0.072: (navigate rover1 waypoint24 waypoint22)
0.091: (navigate rover0 waypoint1 waypoint19)
0.091: (navigate rover1 waypoint24 waypoint22)
0.110: (navigate rover1 waypoint24 waypoint22)
0.171: (calibrate rover1 camera3 objective3 waypoint24)
0.399: (navigate rover0 waypoint0 waypoint17)
0.410: (navigate rover0 waypoint17 waypoint5)
0.433: (navigate rover0 waypoint0 waypoint14)
0.615: (navigate rover0 waypoint0 waypoint1)
0.631: (calibrate rover1 camera3 objective3 waypoint24)
0.064: (navigate rover1 waypoint24 waypoint22)
0.068: (navigate rover0 waypoint1 waypoint19)
0.090: (navigate rover1 waypoint24 waypoint22)
0.375: (navigate rover0 waypoint17 waypoint5)
0.769: (navigate rover0 waypoint14 waypoint16)
0.790: (navigate rover1 waypoint22 waypoint24)
0.811: (navigate rover1 waypoint22 waypoint3)
0.853: (navigate rover1 waypoint22 waypoint3)
0.933: (navigate rover1 waypoint22 waypoint3)
0.940: (navigate rover0 waypoint24 waypoint7)
0.382: (navigate rover0 waypoint7 waypoint8)
0.543: (navigate rover0 waypoint7 waypoint10)
0.554: (navigate rover0 waypoint7 waypoint13)
0.750: (navigate rover0 waypoint7 waypoint21)
0.755: (navigate rover1 waypoint22 waypoint24)
0.761: (navigate rover1 waypoint3 waypoint5)
0.787: (navigate rover1 waypoint22 waypoint24)
0.789: (take_image rover1 waypoint22 objective2 camera3 high_res)
0.789: (calibrate rover1 camera3 objective3 waypoint24)
0.811: (calibrate rover1 camera3 objective3 waypoint3)
0.075: (navigate rover0 waypoint13 waypoint6)
0.365: (navigate rover0 waypoint10 waypoint20)
0.496: (navigate rover0 waypoint21 waypoint3)
0.537: (calibrate rover0 camera1 objective1 waypoint10)
0.537: (calibrate rover0 camera2 objective1 waypoint10)
0.547: (navigate rover0 waypoint10 waypoint12)
0.550: (navigate rover0 waypoint10 waypoint9)
0.557: (calibrate rover0 camera1 objective1 waypoint13)
0.557: (calibrate rover0 camera2 objective1 waypoint13)
0.721: (navigate rover0 waypoint8 waypoint2)
-0.746: (navigate rover0 waypoint6 waypoint22)
0.087: (navigate rover0 waypoint13 waypoint6)
0.088: (navigate rover0 waypoint13 waypoint6)
0.295: (navigate rover0 waypoint9 waypoint15)
0.369: (navigate rover0 waypoint10 waypoint20)
0.370: (navigate rover0 waypoint10 waypoint20)
0.425: (navigate rover1 waypoint22 waypoint24)
0.536: (calibrate rover0 camera1 objective1 waypoint10)
0.536: (calibrate rover0 camera2 objective1 waypoint10)
0.553: (navigate rover0 waypoint10 waypoint9)
-0.737: (sample_soil rover0 rover0store waypoint22)
-0.729: (navigate rover0 waypoint6 waypoint22)
-0.729: (navigate rover0 waypoint6 waypoint22)
-0.262: (navigate rover0 waypoint6 waypoint22)
-0.262: (navigate rover1 waypoint22 waypoint24)
-0.134: (navigate rover1 waypoint22 waypoint3)
0.302: (navigate rover0 waypoint9 waypoint15)
0.377: (navigate rover0 waypoint10 waypoint20)
0.426: (calibrate rover1 camera3 objective3 waypoint24)
0.451: (navigate rover1 waypoint22 waypoint24)
-0.816: (drop rover0 rover0store)
-0.748: (take_image rover0 waypoint22 objective2 camera2 low_res)
-0.748: (take_image rover0 waypoint22 objective2 camera1 low_res)
-0.723: (sample_soil rover0 rover0store waypoint22)
-0.723: (sample_soil rover0 rover0store waypoint22)
-0.425: (navigate rover0 waypoint22 waypoint6)
-0.403: (sample_soil rover0 rover0store waypoint22)
-0.403: (navigate rover1 waypoint22 waypoint24)
-0.274: (navigate rover0 waypoint6 waypoint22)
-0.273: (calibrate rover1 camera3 objective3 waypoint24)
-0.796: (drop rover0 rover0store)
-0.795: (drop rover0 rover0store)
-0.758: (navigate rover1 waypoint24 waypoint22)
-0.745: (sample_soil rover0 rover0store waypoint22)
-0.745: (take_image rover0 waypoint22 objective2 camera2 low_res)
-0.745: (take_image rover0 waypoint22 objective2 camera1 low_res)
-0.558: (navigate rover1 waypoint22 waypoint24)
-0.558: (drop rover0 rover0store)
-0.478: (drop rover0 rover0store)
-0.477: (navigate rover0 waypoint22 waypoint6)
-0.824: (drop rover0 rover0store)
-0.824: (take_image rover0 waypoint22 objective2 camera2 low_res)
-0.823: (take_image rover0 waypoint22 objective2 camera1 low_res)
-0.735: (sample_soil rover0 rover0store waypoint22)
-0.567: (calibrate rover1 camera3 objective3 waypoint24)
-0.528: (navigate rover1 waypoint22 waypoint24)
-0.528: (navigate rover1 waypoint22 waypoint24)
-0.452: (navigate rover0 waypoint22 waypoint6)
-0.452: (navigate rover0 waypoint22 waypoint6)
-0.433: (navigate rover0 waypoint22 waypoint6)
-0.818: (drop rover0 rover0store)
-0.818: (navigate rover1 waypoint24 waypoint22)
-0.566: (navigate rover1 waypoint22 waypoint24)
-0.565: (take_image rover0 waypoint22 objective2 camera1 low_res)
-0.565: (take_image rover0 waypoint22 objective2 camera2 low_res)
-0.537: (calibrate rover1 camera3 objective3 waypoint24)
-0.537: (calibrate rover1 camera3 objective3 waypoint24)
-0.484: (navigate rover0 waypoint22 waypoint6)
-0.484: (drop rover0 rover0store)
-0.437: (navigate rover0 waypoint22 waypoint6)
-0.798: (navigate rover1 waypoint24 waypoint22)
-0.798: (navigate rover1 waypoint24 waypoint22)
-0.572: (calibrate rover1 camera3 objective3 waypoint24)
-0.572: (take_image rover0 waypoint22 objective2 camera1 low_res)
-0.572: (take_image rover0 waypoint22 objective2 camera2 low_res)
-0.486: (navigate rover1 waypoint24 waypoint22)
-0.486: (navigate rover0 waypoint22 waypoint6)
-0.424: (take_image rover1 waypoint24 objective3 camera3 high_res)
-0.423: (navigate rover1 waypoint22 waypoint24)
-0.422: (navigate rover0 waypoint22 waypoint6)
-0.826: (navigate rover1 waypoint24 waypoint22)
-0.826: (take_image rover0 waypoint22 objective2 camera1 low_res)
-0.826: (take_image rover0 waypoint22 objective2 camera2 low_res)
-0.461: (navigate rover0 waypoint22 waypoint6)
-0.461: (navigate rover0 waypoint22 waypoint6)
-0.437: (calibrate rover1 camera3 objective3 waypoint24)
-0.436: (navigate rover0 waypoint22 waypoint6)
-0.236: (navigate rover1 waypoint22 waypoint3)
-0.236: (navigate rover1 waypoint22 waypoint3)
-0.215: (navigate rover1 waypoint22 waypoint3)
-0.494: (navigate rover1 waypoint24 waypoint22)
-0.493: (navigate rover0 waypoint22 waypoint6)
-0.408: (navigate rover1 waypoint22 waypoint24)
-0.408: (navigate rover1 waypoint22 waypoint24)
-0.379: (navigate rover1 waypoint3 waypoint5)
-0.379: (navigate rover1 waypoint3 waypoint5)
-0.258: (take_image rover0 waypoint22 objective2 camera1 low_res)
-0.257: (navigate rover1 waypoint22 waypoint3)
-0.257: (navigate rover1 waypoint3 waypoint16)
-0.257: (navigate rover1 waypoint3 waypoint16)
-0.409: (navigate rover1 waypoint3 waypoint5)
-0.409: (take_image rover0 waypoint22 objective2 camera2 low_res)
-0.408: (take_image rover0 waypoint22 objective2 camera1 low_res)
-0.396: (take_image rover1 waypoint24 objective3 camera3 high_res)
-0.396: (take_image rover1 waypoint24 objective3 camera3 high_res)
-0.370: (take_image rover1 waypoint5 objective2 camera3 high_res)
-0.370: (take_image rover1 waypoint5 objective2 camera3 high_res)
-0.316: (navigate rover1 waypoint5 waypoint11)
-0.315: (navigate rover1 waypoint5 waypoint11)
-0.292: (sample_rock rover1 rover1store waypoint5)
-0.400: (take_image rover0 waypoint22 objective2 camera2 low_res)
-0.400: (take_image rover0 waypoint22 objective2 camera1 low_res)
-0.399: (take_image rover1 waypoint5 objective2 camera3 high_res)
-0.325: (take_image rover0 waypoint22 objective2 camera1 low_res)
-0.325: (sample_rock rover1 rover1store waypoint5)
-0.316: (take_image rover0 waypoint22 objective2 camera2 low_res)
-0.316: (take_image rover0 waypoint22 objective2 camera1 low_res)
-0.315: (navigate rover1 waypoint5 waypoint11)
-0.312: (communicate_rock_data rover1 general waypoint5 waypoint5 waypoint11)
-0.311: (navigate rover1 waypoint5 waypoint11)
-0.345: (communicate_rock_data rover1 general waypoint5 waypoint5 waypoint11)
-0.345: (take_image rover0 waypoint22 objective2 camera1 low_res)
-0.333: (drop rover1 rover1store)
-0.325: (drop rover1 rover1store)
-0.319: (sample_rock rover1 rover1store waypoint5)
-0.319: (take_image rover1 waypoint5 objective2 camera3 high_res)
-0.312: (take_image rover0 waypoint22 objective2 camera1 low_res)
-0.312: (navigate rover1 waypoint5 waypoint11)
-0.306: (take_image rover1 waypoint5 objective2 camera3 high_res)
-0.304: (navigate rover1 waypoint5 waypoint11)
-0.356: (take_image rover0 waypoint22 objective2 camera1 low_res)
-0.356: (communicate_rock_data rover1 general waypoint5 waypoint5 waypoint11)
-0.356: (drop rover1 rover1store)
-0.340: (take_image rover1 waypoint5 objective2 camera3 high_res)
-0.340: (take_image rover0 waypoint22 objective2 camera1 low_res)
-0.340: (communicate_rock_data rover1 general waypoint5 waypoint5 waypoint11)
-0.325: (take_image rover1 waypoint5 objective2 camera3 high_res)
-0.324: (drop rover1 rover1store)
-0.317: (take_image rover1 waypoint5 objective2 camera3 high_res)
-0.317: (drop rover1 rover1store)
-0.349: (take_image rover0 waypoint22 objective2 camera1 low_res)
-0.349: (take_image rover1 waypoint5 objective2 camera3 high_res)
-0.349: (drop rover1 rover1store)
-0.348: (communicate_rock_data rover1 general waypoint5 waypoint5 waypoint11)
-0.291: (navigate rover1 waypoint5 waypoint11)
-0.266: (navigate rover1 waypoint5 waypoint11)
-0.262: (navigate rover1 waypoint5 waypoint11)
-0.260: (navigate rover1 waypoint5 waypoint3)
-0.255: (navigate rover1 waypoint5 waypoint11)
-0.231: (navigate rover1 waypoint5 waypoint3)
-0.812: (navigate rover1 waypoint3 waypoint22)
-0.801: (navigate rover1 waypoint3 waypoint22)
-0.305: (calibrate rover1 camera3 objective3 waypoint11)
-0.273: (calibrate rover1 camera3 objective3 waypoint11)
-0.265: (calibrate rover1 camera3 objective3 waypoint11)
-0.260: (calibrate rover1 camera3 objective3 waypoint3)
-0.255: (take_image rover1 waypoint11 objective3 camera3 high_res)
-0.255: (drop rover1 rover1store)
-0.255: (navigate rover1 waypoint5 waypoint11)
-0.255: (take_image rover0 waypoint22 objective2 camera1 low_res)
-0.812: (navigate rover1 waypoint3 waypoint22)
-0.805: (drop rover1 rover1store)
-0.577: (navigate rover1 waypoint22 waypoint24)
-0.553: (navigate rover1 waypoint22 waypoint24)
-0.469: (navigate rover0 waypoint22 waypoint6)
-0.452: (navigate rover0 waypoint22 waypoint6)
-0.245: (navigate rover1 waypoint3 waypoint16)
-0.244: (navigate rover1 waypoint3 waypoint1)
-0.227: (drop rover1 rover1store)
-0.214: (navigate rover1 waypoint3 waypoint9)
-0.808: (navigate rover1 waypoint3 waypoint22)
-0.807: (drop rover1 rover1store)
-0.575: (navigate rover1 waypoint22 waypoint24)
-0.575: (calibrate rover1 camera3 objective3 waypoint24)
-0.561: (communicate_rock_data rover1 general waypoint5 waypoint24 waypoint11)
-0.561: (navigate rover1 waypoint22 waypoint24)
-0.561: (drop rover1 rover1store)
-0.557: (calibrate rover1 camera3 objective3 waypoint24)
-0.544: (navigate rover1 waypoint1 waypoint19)
-0.526: (navigate rover1 waypoint9 waypoint15)
-0.804: (navigate rover1 waypoint24 waypoint22)
-0.565: (calibrate rover1 camera3 objective3 waypoint24)
-0.565: (communicate_rock_data rover1 general waypoint5 waypoint24 waypoint11)
-0.565: (navigate rover1 waypoint22 waypoint24)
-0.565: (drop rover1 rover1store)
-0.540: (drop rover1 rover1store)
-0.529: (drop rover1 rover1store)
-0.527: (take_image rover1 waypoint15 objective3 camera3 high_res)
-0.467: (navigate rover0 waypoint22 waypoint6)
-0.423: (navigate rover0 waypoint22 waypoint6)
-0.537: (drop rover1 rover1store)
-0.536: (take_image rover1 waypoint15 objective3 camera3 high_res)
-0.476: (navigate rover1 waypoint24 waypoint22)
-0.461: (navigate rover0 waypoint22 waypoint6)
-0.459: (take_image rover1 waypoint22 objective2 camera3 high_res)
-0.452: (sample_rock rover1 rover1store waypoint19)
-0.418: (navigate rover0 waypoint22 waypoint6)
-0.418: (navigate rover1 waypoint22 waypoint24)
-0.417: (drop rover1 rover1store)
-0.413: (take_image rover1 waypoint24 objective3 camera3 high_res)
-0.453: (drop rover1 rover1store)
-0.410: (navigate rover1 waypoint22 waypoint24)
-0.406: (take_image rover1 waypoint24 objective3 camera3 high_res)
-0.405: (navigate rover1 waypoint22 waypoint24)
-0.405: (drop rover1 rover1store)
-0.299: (navigate rover0 waypoint22 waypoint6)
-0.278: (navigate rover0 waypoint22 waypoint6)
-0.203: (navigate rover1 waypoint15 waypoint9)
-0.199: (navigate rover1 waypoint22 waypoint3)
-0.195: (navigate rover1 waypoint19 waypoint1)
-0.442: (navigate rover1 waypoint9 waypoint23)
-0.425: (navigate rover1 waypoint1 waypoint2)
-0.398: (take_image rover1 waypoint24 objective3 camera3 high_res)
-0.309: (calibrate rover1 camera3 objective3 waypoint15)
-0.292: (navigate rover1 waypoint1 waypoint17)
-0.280: (drop rover1 rover1store)
-0.280: (navigate rover0 waypoint22 waypoint6)
-0.232: (navigate rover1 waypoint1 waypoint3)
-0.228: (navigate rover1 waypoint9 waypoint3)
-0.227: (navigate rover1 waypoint9 waypoint14)
-0.789: (navigate rover1 waypoint3 waypoint22)
-0.442: (calibrate rover1 camera3 objective3 waypoint23)
-0.424: (take_image rover1 waypoint2 objective3 camera3 high_res)
-0.424: (take_image rover1 waypoint2 objective2 camera3 high_res)
-0.424: (drop rover1 rover1store)
-0.321: (navigate rover0 waypoint22 waypoint6)
-0.312: (navigate rover1 waypoint3 waypoint5)
-0.287: (drop rover1 rover1store)
-0.285: (navigate rover0 waypoint22 waypoint6)
-0.256: (navigate rover1 waypoint3 waypoint16)
-0.791: (take_image rover1 waypoint22 objective2 camera3 high_res)
-0.789: (drop rover1 rover1store)
-0.545: (navigate rover1 waypoint22 waypoint24)
-0.455: (navigate rover0 waypoint22 waypoint6)
-0.424: (drop rover1 rover1store)
-0.424: (take_image rover1 waypoint2 objective3 camera3 high_res)
-0.424: (take_image rover1 waypoint2 objective2 camera3 high_res)
-0.331: (communicate_rock_data rover1 general waypoint19 waypoint5 waypoint11)
-0.331: (drop rover1 rover1store)
-0.325: (take_image rover1 waypoint2 objective3 camera3 high_res)
-0.787: (take_image rover1 waypoint22 objective2 camera3 high_res)
-0.786: (drop rover1 rover1store)
-0.562: (communicate_rock_data rover1 general waypoint19 waypoint24 waypoint11)
-0.547: (navigate rover1 waypoint22 waypoint24)
-0.547: (take_image rover1 waypoint24 objective3 camera3 high_res)
-0.537: (navigate rover1 waypoint22 waypoint24)
-0.537: (drop rover1 rover1store)
-0.448: (take_image rover1 waypoint22 objective2 camera3 high_res)
-0.448: (navigate rover0 waypoint22 waypoint6)
-0.447: (navigate rover0 waypoint22 waypoint6)
-0.807: (navigate rover1 waypoint24 waypoint22)
-0.564: (take_image rover1 waypoint24 objective3 camera3 high_res)
-0.564: (communicate_rock_data rover1 general waypoint19 waypoint24 waypoint11)
-0.556: (drop rover1 rover1store)
-0.555: (communicate_rock_data rover1 general waypoint19 waypoint24 waypoint11)
-0.533: (drop rover1 rover1store)
-0.533: (navigate rover1 waypoint22 waypoint24)
-0.533: (take_image rover1 waypoint24 objective3 camera3 high_res)
-0.439: (navigate rover0 waypoint22 waypoint6)
-0.439: (drop rover1 rover1store)
-0.807: (take_image rover1 waypoint22 objective2 camera3 high_res)
-0.807: (navigate rover1 waypoint24 waypoint22)
-0.806: (navigate rover1 waypoint24 waypoint22)
-0.806: (drop rover1 rover1store)
-0.552: (drop rover1 rover1store)
-0.552: (communicate_rock_data rover1 general waypoint19 waypoint24 waypoint11)
-0.551: (take_image rover1 waypoint24 objective3 camera3 high_res)
-0.480: (navigate rover0 waypoint22 waypoint6)
-0.426: (navigate rover0 waypoint22 waypoint6)
-0.417: (navigate rover0 waypoint22 waypoint6)
-0.804: (drop rover1 rover1store)
-0.803: (navigate rover1 waypoint24 waypoint22)
-0.803: (take_image rover1 waypoint22 objective2 camera3 high_res)
-0.473: (drop rover1 rover1store)
-0.473: (navigate rover1 waypoint24 waypoint22)
-0.473: (navigate rover1 waypoint24 waypoint22)
-0.473: (navigate rover0 waypoint22 waypoint6)
-0.473: (take_image rover1 waypoint22 objective2 camera3 high_res)
-0.472: (navigate rover0 waypoint22 waypoint6)
-0.426: (calibrate rover1 camera3 objective3 waypoint24)
-0.465: (drop rover1 rover1store)
-0.464: (navigate rover0 waypoint22 waypoint6)
-0.464: (take_image rover1 waypoint22 objective2 camera3 high_res)
-0.228: (navigate rover1 waypoint22 waypoint3)
-0.196: (navigate rover1 waypoint22 waypoint3)
-0.182: (navigate rover1 waypoint22 waypoint3)
-0.130: (navigate rover0 waypoint6 waypoint13)
-0.078: (navigate rover0 waypoint6 waypoint13)
-0.077: (navigate rover0 waypoint6 waypoint13)
inf: (communicate_image_data rover1 general objective3 colour waypoint24 waypoint11)
-0.413: (navigate rover1 waypoint22 waypoint24)
-0.344: (navigate rover1 waypoint3 waypoint5)
-0.305: (navigate rover0 waypoint13 waypoint18)
-0.267: (navigate rover1 waypoint3 waypoint16)
-0.255: (navigate rover0 waypoint6 waypoint22)
-0.243: (navigate rover0 waypoint13 waypoint18)
-0.230: (navigate rover0 waypoint13 waypoint18)
-0.227: (navigate rover0 waypoint6 waypoint22)
-0.227: (calibrate rover1 camera3 objective3 waypoint3)
-0.225: (navigate rover1 waypoint3 waypoint1)
-1.321: (communicate_soil_data rover0 general waypoint22 waypoint18 waypoint11)
[Final] Expanded: 829, Generated: 8774
Found a solution of length 119!
   1: (navigate rover0 waypoint7 waypoint13)
   2: (calibrate rover0 camera2 objective1 waypoint13)
   3: (take_image rover0 waypoint13 objective0 camera2 low_res)
   4: (calibrate rover0 camera1 objective1 waypoint13)
   5: (calibrate rover1 camera3 objective3 waypoint3)
   6: (take_image rover1 waypoint3 objective3 camera3 high_res)
   7: (take_image rover0 waypoint13 objective3 camera1 low_res)
   8: (calibrate rover1 camera3 objective3 waypoint3)
   9: (navigate rover0 waypoint13 waypoint7)
  10: (communicate_image_data rover0 general objective0 low_res waypoint7 waypoint11)
  11: (navigate rover0 waypoint7 waypoint23)
  12: (sample_soil rover0 rover0store waypoint23)
  13: (drop rover0 rover0store)
  14: (sample_rock rover0 rover0store waypoint23)
  15: (drop rover0 rover0store)
  16: (navigate rover0 waypoint23 waypoint7)
  17: (communicate_rock_data rover0 general waypoint23 waypoint7 waypoint11)
  18: (communicate_soil_data rover0 general waypoint23 waypoint7 waypoint11)
  19: (communicate_image_data rover0 general objective3 low_res waypoint7 waypoint11)
  20: (navigate rover0 waypoint7 waypoint21)
  21: (navigate rover0 waypoint21 waypoint4)
  22: (sample_soil rover0 rover0store waypoint4)
  23: (take_image rover1 waypoint3 objective2 camera3 high_res)
  24: (drop rover0 rover0store)
  25: (navigate rover1 waypoint3 waypoint21)
  26: (sample_rock rover1 rover1store waypoint21)
  27: (navigate rover1 waypoint21 waypoint10)
  28: (calibrate rover1 camera0 objective1 waypoint10)
  29: (take_image rover1 waypoint10 objective3 camera0 colour)
  30: (sample_rock rover0 rover0store waypoint4)
  31: (drop rover0 rover0store)
  32: (drop rover1 rover1store)
  33: (navigate rover0 waypoint4 waypoint21)
  34: (navigate rover0 waypoint21 waypoint3)
  35: (sample_soil rover0 rover0store waypoint3)
  36: (drop rover0 rover0store)
  37: (sample_rock rover1 rover1store waypoint10)
  38: (drop rover1 rover1store)
  39: (navigate rover0 waypoint3 waypoint21)
  40: (navigate rover0 waypoint21 waypoint7)
  41: (communicate_soil_data rover0 general waypoint4 waypoint7 waypoint11)
  42: (communicate_soil_data rover0 general waypoint3 waypoint7 waypoint11)
  43: (communicate_rock_data rover0 general waypoint4 waypoint7 waypoint11)
  44: (navigate rover0 waypoint7 waypoint0)
  45: (navigate rover0 waypoint0 waypoint17)
  46: (sample_rock rover0 rover0store waypoint17)
  47: (drop rover0 rover0store)
  48: (sample_soil rover0 rover0store waypoint17)
  49: (navigate rover0 waypoint17 waypoint0)
  50: (communicate_rock_data rover0 general waypoint17 waypoint0 waypoint11)
  51: (drop rover0 rover0store)
  52: (navigate rover0 waypoint0 waypoint14)
  53: (navigate rover0 waypoint14 waypoint16)
  54: (sample_soil rover0 rover0store waypoint16)
  55: (navigate rover0 waypoint16 waypoint14)
  56: (drop rover0 rover0store)
  57: (communicate_soil_data rover0 general waypoint17 waypoint14 waypoint11)
  58: (communicate_soil_data rover0 general waypoint16 waypoint14 waypoint11)
  59: (navigate rover0 waypoint14 waypoint0)
  60: (navigate rover0 waypoint0 waypoint1)
  61: (sample_soil rover0 rover0store waypoint1)
  62: (drop rover0 rover0store)
  63: (calibrate rover1 camera0 objective1 waypoint10)
  64: (navigate rover1 waypoint10 waypoint21)
  65: (navigate rover1 waypoint21 waypoint3)
  66: (navigate rover1 waypoint3 waypoint1)
  67: (navigate rover1 waypoint1 waypoint2)
  68: (sample_rock rover1 rover1store waypoint2)
  69: (navigate rover1 waypoint2 waypoint1)
  70: (drop rover1 rover1store)
  71: (navigate rover1 waypoint1 waypoint3)
  72: (navigate rover1 waypoint3 waypoint22)
  73: (take_image rover1 waypoint22 objective2 camera0 colour)
  74: (navigate rover1 waypoint22 waypoint24)
  75: (communicate_rock_data rover1 general waypoint2 waypoint24 waypoint11)
  76: (communicate_rock_data rover1 general waypoint21 waypoint24 waypoint11)
  77: (communicate_rock_data rover1 general waypoint10 waypoint24 waypoint11)
  78: (communicate_image_data rover1 general objective2 colour waypoint24 waypoint11)
  79: (communicate_image_data rover1 general objective2 high_res waypoint24 waypoint11)
  80: (communicate_image_data rover1 general objective3 high_res waypoint24 waypoint11)
  81: (communicate_image_data rover1 general objective3 colour waypoint24 waypoint11)
  82: (navigate rover0 waypoint1 waypoint0)
  83: (communicate_soil_data rover0 general waypoint1 waypoint0 waypoint11)
  84: (navigate rover0 waypoint0 waypoint7)
  85: (navigate rover0 waypoint7 waypoint24)
  86: (navigate rover1 waypoint24 waypoint22)
  87: (navigate rover0 waypoint24 waypoint7)
  88: (navigate rover0 waypoint7 waypoint13)
  89: (calibrate rover0 camera1 objective1 waypoint13)
  90: (navigate rover0 waypoint13 waypoint6)
  91: (navigate rover0 waypoint6 waypoint22)
  92: (sample_soil rover0 rover0store waypoint22)
  93: (drop rover0 rover0store)
  94: (navigate rover1 waypoint22 waypoint24)
  95: (calibrate rover1 camera3 objective3 waypoint24)
  96: (navigate rover1 waypoint24 waypoint22)
  97: (navigate rover1 waypoint22 waypoint3)
  98: (navigate rover1 waypoint3 waypoint5)
  99: (sample_rock rover1 rover1store waypoint5)
 100: (take_image rover0 waypoint22 objective2 camera1 low_res)
 101: (communicate_rock_data rover1 general waypoint5 waypoint5 waypoint11)
 102: (take_image rover1 waypoint5 objective2 camera3 high_res)
 103: (navigate rover1 waypoint5 waypoint3)
 104: (calibrate rover1 camera3 objective3 waypoint3)
 105: (navigate rover1 waypoint3 waypoint1)
 106: (navigate rover1 waypoint1 waypoint19)
 107: (drop rover1 rover1store)
 108: (sample_rock rover1 rover1store waypoint19)
 109: (navigate rover1 waypoint19 waypoint1)
 110: (navigate rover1 waypoint1 waypoint3)
 111: (navigate rover1 waypoint3 waypoint22)
 112: (navigate rover1 waypoint22 waypoint24)
 113: (communicate_rock_data rover1 general waypoint19 waypoint24 waypoint11)
 114: (take_image rover1 waypoint24 objective3 camera3 high_res)
 115: (navigate rover0 waypoint22 waypoint6)
 116: (calibrate rover1 camera3 objective3 waypoint24)
 117: (navigate rover0 waypoint6 waypoint13)
 118: (navigate rover0 waypoint13 waypoint18)
 119: (communicate_soil_data rover0 general waypoint22 waypoint18 waypoint11)
