/u/ibrahim.eisawy/Neural-Guided-Search/venv/lib/python3.10/site-packages/pymimir_rgnn/model.py:151: UserWarning: index_reduce() is in beta and the API may change at any time. (Triggered internally at /pytorch/aten/src/ATen/native/cuda/Indexing.cu:1541.)
  max_msg.index_reduce_(0, output_indices, output_messages, reduce='amax', include_self=True)
Torch: 2.12.0+cu130
Using GPU:  NVIDIA L40S
45.700: (sample_rock rover0 rover0store waypoint2)
45.724: (navigate rover1 waypoint11 waypoint22)
46.064: (navigate rover1 waypoint11 waypoint4)
46.204: (navigate rover0 waypoint2 waypoint1)
46.247: (navigate rover1 waypoint11 waypoint24)
46.666: (navigate rover0 waypoint2 waypoint3)
46.737: (navigate rover0 waypoint2 waypoint22)
46.938: (navigate rover0 waypoint2 waypoint5)
47.103: (sample_soil rover0 rover0store waypoint2)
47.149: (navigate rover0 waypoint2 waypoint9)
44.002: (navigate rover1 waypoint4 waypoint23)
44.088: (communicate_rock_data rover0 general waypoint2 waypoint2 waypoint24)
44.622: (drop rover0 rover0store)
45.046: (navigate rover1 waypoint11 waypoint22)
45.046: (sample_rock rover0 rover0store waypoint2)
45.056: (navigate rover0 waypoint2 waypoint1)
45.155: (calibrate rover1 camera2 objective2 waypoint4)
45.189: (navigate rover0 waypoint2 waypoint3)
45.290: (calibrate rover1 camera2 objective2 waypoint24)
45.330: (navigate rover1 waypoint11 waypoint4)
42.982: (navigate rover1 waypoint4 waypoint23)
42.982: (drop rover0 rover0store)
42.982: (communicate_rock_data rover0 general waypoint2 waypoint2 waypoint24)
42.983: (calibrate rover1 camera2 objective2 waypoint23)
43.094: (calibrate rover1 camera0 objective0 waypoint23)
43.171: (calibrate rover1 camera1 objective0 waypoint23)
43.281: (navigate rover1 waypoint4 waypoint23)
43.282: (sample_rock rover0 rover0store waypoint2)
43.329: (communicate_rock_data rover0 general waypoint2 waypoint1 waypoint24)
43.330: (navigate rover0 waypoint2 waypoint1)
41.575: (take_image rover1 waypoint23 objective2 camera0 low_res)
41.576: (take_image rover1 waypoint23 objective2 camera2 low_res)
41.622: (communicate_rock_data rover0 general waypoint2 waypoint2 waypoint24)
41.659: (take_image rover1 waypoint23 objective0 camera0 low_res)
41.660: (take_image rover1 waypoint23 objective0 camera2 low_res)
42.182: (drop rover0 rover0store)
42.235: (sample_rock rover0 rover0store waypoint2)
42.236: (calibrate rover1 camera2 objective2 waypoint23)
42.266: (navigate rover0 waypoint2 waypoint1)
42.269: (drop rover0 rover0store)
40.499: (drop rover0 rover0store)
40.500: (communicate_rock_data rover0 general waypoint2 waypoint2 waypoint24)
40.578: (calibrate rover1 camera2 objective2 waypoint23)
40.578: (communicate_rock_data rover0 general waypoint2 waypoint2 waypoint24)
40.690: (calibrate rover1 camera0 objective0 waypoint23)
40.725: (take_image rover1 waypoint23 objective2 camera2 low_res)
40.725: (sample_rock rover0 rover0store waypoint2)
40.764: (calibrate rover1 camera1 objective0 waypoint23)
40.860: (calibrate rover1 camera2 objective2 waypoint23)
40.866: (sample_rock rover0 rover0store waypoint2)
39.091: (communicate_rock_data rover0 general waypoint2 waypoint2 waypoint24)
39.091: (take_image rover1 waypoint23 objective2 camera2 low_res)
39.091: (take_image rover1 waypoint23 objective2 camera0 low_res)
39.249: (communicate_rock_data rover0 general waypoint2 waypoint2 waypoint24)
39.249: (take_image rover1 waypoint23 objective0 camera0 low_res)
39.249: (take_image rover1 waypoint23 objective0 camera2 low_res)
39.454: (calibrate rover1 camera2 objective2 waypoint23)
39.454: (drop rover0 rover0store)
39.566: (calibrate rover1 camera0 objective0 waypoint23)
39.567: (drop rover0 rover0store)
37.985: (take_image rover1 waypoint23 objective2 camera0 low_res)
37.986: (drop rover0 rover0store)
37.987: (take_image rover1 waypoint23 objective2 camera2 low_res)
38.151: (take_image rover1 waypoint23 objective0 camera0 low_res)
38.152: (take_image rover1 waypoint23 objective0 camera2 low_res)
38.152: (drop rover0 rover0store)
38.417: (calibrate rover1 camera2 objective2 waypoint23)
38.436: (calibrate rover1 camera1 objective0 waypoint23)
38.498: (calibrate rover1 camera2 objective2 waypoint23)
38.572: (navigate rover0 waypoint2 waypoint1)
37.321: (calibrate rover1 camera2 objective2 waypoint23)
37.321: (drop rover0 rover0store)
37.332: (drop rover0 rover0store)
37.332: (calibrate rover1 camera1 objective0 waypoint23)
37.394: (calibrate rover1 camera2 objective2 waypoint23)
37.395: (drop rover0 rover0store)
37.486: (navigate rover0 waypoint2 waypoint22)
37.516: (drop rover0 rover0store)
37.518: (navigate rover0 waypoint2 waypoint1)
37.545: (calibrate rover1 camera1 objective0 waypoint23)
36.488: (take_image rover1 waypoint23 objective2 camera2 colour)
36.489: (take_image rover1 waypoint23 objective2 camera1 colour)
36.506: (take_image rover1 waypoint23 objective0 camera1 colour)
36.506: (take_image rover1 waypoint23 objective0 camera2 colour)
36.696: (navigate rover0 waypoint2 waypoint1)
36.782: (calibrate rover1 camera1 objective0 waypoint23)
36.782: (navigate rover0 waypoint2 waypoint1)
36.812: (take_image rover1 waypoint23 objective2 camera2 colour)
36.813: (take_image rover1 waypoint23 objective2 camera1 colour)
36.828: (navigate rover0 waypoint2 waypoint22)
35.388: (calibrate rover1 camera1 objective0 waypoint23)
35.407: (calibrate rover1 camera2 objective2 waypoint23)
35.409: (calibrate rover1 camera2 objective2 waypoint23)
35.429: (calibrate rover1 camera1 objective0 waypoint23)
35.697: (calibrate rover1 camera1 objective0 waypoint23)
35.793: (calibrate rover1 camera2 objective2 waypoint23)
35.897: (take_image rover1 waypoint23 objective2 camera2 colour)
35.898: (navigate rover0 waypoint2 waypoint1)
35.913: (take_image rover1 waypoint23 objective0 camera1 colour)
35.913: (navigate rover0 waypoint2 waypoint1)
34.570: (navigate rover0 waypoint2 waypoint1)
34.571: (calibrate rover1 camera1 objective0 waypoint23)
34.589: (navigate rover0 waypoint2 waypoint1)
34.589: (calibrate rover1 camera2 objective2 waypoint23)
34.589: (calibrate rover1 camera2 objective2 waypoint23)
34.589: (navigate rover0 waypoint2 waypoint1)
34.612: (navigate rover0 waypoint2 waypoint1)
34.613: (calibrate rover1 camera1 objective0 waypoint23)
34.869: (navigate rover0 waypoint2 waypoint22)
34.871: (navigate rover0 waypoint2 waypoint1)
34.014: (sample_soil rover0 rover0store waypoint1)
34.032: (sample_soil rover0 rover0store waypoint1)
34.033: (sample_soil rover0 rover0store waypoint1)
34.057: (sample_soil rover0 rover0store waypoint1)
34.109: (sample_rock rover0 rover0store waypoint1)
34.124: (sample_rock rover0 rover0store waypoint1)
34.124: (sample_rock rover0 rover0store waypoint1)
34.153: (sample_rock rover0 rover0store waypoint1)
34.248: (calibrate rover1 camera2 objective2 waypoint23)
34.248: (calibrate rover1 camera1 objective0 waypoint23)
32.884: (drop rover0 rover0store)
32.904: (drop rover0 rover0store)
32.904: (drop rover0 rover0store)
32.930: (drop rover0 rover0store)
32.975: (communicate_rock_data rover0 general waypoint1 waypoint1 waypoint24)
32.985: (communicate_rock_data rover0 general waypoint1 waypoint1 waypoint24)
32.988: (communicate_rock_data rover0 general waypoint1 waypoint1 waypoint24)
33.019: (communicate_rock_data rover0 general waypoint1 waypoint1 waypoint24)
33.037: (drop rover0 rover0store)
33.040: (drop rover0 rover0store)
31.884: (communicate_rock_data rover0 general waypoint1 waypoint1 waypoint24)
31.885: (drop rover0 rover0store)
31.889: (communicate_rock_data rover0 general waypoint1 waypoint1 waypoint24)
31.891: (drop rover0 rover0store)
31.893: (drop rover0 rover0store)
31.931: (drop rover0 rover0store)
32.021: (communicate_soil_data rover0 general waypoint1 waypoint1 waypoint24)
32.036: (communicate_soil_data rover0 general waypoint1 waypoint1 waypoint24)
32.037: (communicate_soil_data rover0 general waypoint1 waypoint1 waypoint24)
32.064: (communicate_soil_data rover0 general waypoint1 waypoint1 waypoint24)
31.325: (sample_soil rover0 rover0store waypoint1)
31.343: (sample_soil rover0 rover0store waypoint1)
31.344: (sample_soil rover0 rover0store waypoint1)
31.371: (sample_soil rover0 rover0store waypoint1)
31.486: (sample_rock rover0 rover0store waypoint1)
31.490: (sample_rock rover0 rover0store waypoint1)
31.493: (sample_rock rover0 rover0store waypoint1)
31.526: (sample_rock rover0 rover0store waypoint1)
31.546: (calibrate rover1 camera2 objective2 waypoint23)
31.546: (calibrate rover1 camera1 objective0 waypoint23)
29.921: (communicate_soil_data rover0 general waypoint1 waypoint1 waypoint24)
29.922: (communicate_rock_data rover0 general waypoint1 waypoint1 waypoint24)
29.928: (communicate_soil_data rover0 general waypoint1 waypoint1 waypoint24)
29.930: (communicate_soil_data rover0 general waypoint1 waypoint1 waypoint24)
29.931: (communicate_rock_data rover0 general waypoint1 waypoint1 waypoint24)
29.932: (communicate_rock_data rover0 general waypoint1 waypoint1 waypoint24)
29.966: (communicate_soil_data rover0 general waypoint1 waypoint1 waypoint24)
29.966: (communicate_rock_data rover0 general waypoint1 waypoint1 waypoint24)
30.148: (drop rover0 rover0store)
30.155: (drop rover0 rover0store)
28.763: (communicate_soil_data rover0 general waypoint1 waypoint1 waypoint24)
28.763: (drop rover0 rover0store)
28.771: (drop rover0 rover0store)
28.772: (communicate_soil_data rover0 general waypoint1 waypoint1 waypoint24)
28.772: (drop rover0 rover0store)
28.809: (drop rover0 rover0store)
29.581: (navigate rover0 waypoint1 waypoint8)
29.581: (navigate rover0 waypoint1 waypoint8)
29.583: (calibrate rover1 camera1 objective0 waypoint23)
29.583: (calibrate rover1 camera2 objective2 waypoint23)
28.424: (calibrate rover1 camera1 objective0 waypoint23)
28.424: (drop rover0 rover0store)
28.425: (calibrate rover1 camera2 objective2 waypoint23)
28.431: (calibrate rover1 camera2 objective2 waypoint23)
28.433: (calibrate rover1 camera1 objective0 waypoint23)
28.483: (drop rover0 rover0store)
28.484: (drop rover0 rover0store)
28.484: (navigate rover0 waypoint1 waypoint8)
28.484: (navigate rover0 waypoint1 waypoint8)
28.497: (navigate rover0 waypoint1 waypoint8)
28.030: (sample_rock rover0 rover0store waypoint8)
28.032: (sample_rock rover0 rover0store waypoint8)
28.042: (sample_rock rover0 rover0store waypoint8)
28.146: (navigate rover0 waypoint1 waypoint8)
28.146: (calibrate rover1 camera1 objective0 waypoint23)
28.147: (calibrate rover1 camera2 objective2 waypoint23)
28.162: (calibrate rover1 camera1 objective0 waypoint23)
28.163: (navigate rover0 waypoint1 waypoint8)
28.213: (calibrate rover1 camera0 objective0 waypoint23)
28.221: (calibrate rover1 camera0 objective0 waypoint23)
26.938: (drop rover0 rover0store)
26.939: (drop rover0 rover0store)
26.949: (drop rover0 rover0store)
27.557: (navigate rover0 waypoint8 waypoint1)
27.562: (navigate rover0 waypoint8 waypoint1)
27.564: (navigate rover0 waypoint8 waypoint1)
27.689: (sample_rock rover0 rover0store waypoint8)
27.690: (calibrate rover1 camera1 objective0 waypoint23)
27.690: (calibrate rover1 camera2 objective2 waypoint23)
27.705: (calibrate rover1 camera1 objective0 waypoint23)
26.343: (communicate_rock_data rover0 general waypoint8 waypoint1 waypoint24)
26.348: (communicate_rock_data rover0 general waypoint8 waypoint1 waypoint24)
26.352: (communicate_rock_data rover0 general waypoint8 waypoint1 waypoint24)
26.450: (drop rover0 rover0store)
26.452: (navigate rover0 waypoint8 waypoint1)
26.456: (drop rover0 rover0store)
26.457: (navigate rover0 waypoint8 waypoint1)
26.458: (navigate rover0 waypoint8 waypoint1)
26.459: (drop rover0 rover0store)
26.597: (drop rover0 rover0store)
25.211: (drop rover0 rover0store)
25.212: (communicate_rock_data rover0 general waypoint8 waypoint1 waypoint24)
25.217: (communicate_rock_data rover0 general waypoint8 waypoint1 waypoint24)
25.217: (drop rover0 rover0store)
25.221: (drop rover0 rover0store)
25.221: (communicate_rock_data rover0 general waypoint8 waypoint1 waypoint24)
25.992: (calibrate rover1 camera2 objective2 waypoint23)
25.992: (calibrate rover1 camera1 objective0 waypoint23)
26.000: (calibrate rover1 camera1 objective0 waypoint23)
26.103: (navigate rover0 waypoint8 waypoint1)
24.860: (drop rover0 rover0store)
24.861: (calibrate rover1 camera1 objective0 waypoint23)
24.861: (calibrate rover1 camera2 objective2 waypoint23)
24.865: (communicate_rock_data rover0 general waypoint8 waypoint1 waypoint24)
24.869: (drop rover0 rover0store)
24.870: (calibrate rover1 camera1 objective0 waypoint23)
24.973: (calibrate rover1 camera0 objective0 waypoint23)
25.007: (calibrate rover1 camera0 objective0 waypoint23)
25.008: (calibrate rover1 camera0 objective0 waypoint23)
25.366: (navigate rover0 waypoint1 waypoint8)
24.649: (calibrate rover1 camera1 objective0 waypoint23)
24.650: (calibrate rover1 camera2 objective2 waypoint23)
24.650: (calibrate rover1 camera0 objective0 waypoint23)
24.657: (calibrate rover1 camera1 objective0 waypoint23)
24.657: (calibrate rover1 camera0 objective0 waypoint23)
25.023: (calibrate rover1 camera2 objective2 waypoint23)
25.024: (navigate rover0 waypoint1 waypoint8)
25.039: (navigate rover0 waypoint1 waypoint8)
25.128: (navigate rover0 waypoint1 waypoint8)
25.128: (calibrate rover1 camera0 objective0 waypoint23)
24.812: (navigate rover0 waypoint1 waypoint8)
24.812: (calibrate rover1 camera0 objective0 waypoint23)
24.813: (calibrate rover1 camera2 objective2 waypoint23)
24.821: (take_image rover1 waypoint23 objective2 camera0 low_res)
24.827: (calibrate rover1 camera0 objective0 waypoint23)
24.827: (navigate rover0 waypoint1 waypoint8)
24.859: (take_image rover1 waypoint23 objective0 camera0 low_res)
24.924: (take_image rover1 waypoint23 objective2 camera1 colour)
24.927: (take_image rover1 waypoint23 objective2 camera2 colour)
24.951: (take_image rover1 waypoint23 objective0 camera2 colour)
24.573: (calibrate rover1 camera2 objective2 waypoint23)
24.573: (calibrate rover1 camera1 objective0 waypoint23)
24.609: (calibrate rover1 camera2 objective2 waypoint23)
24.610: (calibrate rover1 camera0 objective0 waypoint23)
24.650: (calibrate rover1 camera0 objective0 waypoint23)
24.984: (navigate rover0 waypoint1 waypoint8)
24.984: (take_image rover1 waypoint23 objective2 camera0 low_res)
25.030: (navigate rover0 waypoint1 waypoint8)
25.030: (take_image rover1 waypoint23 objective0 camera0 low_res)
25.079: (take_image rover1 waypoint23 objective2 camera1 colour)
24.740: (navigate rover0 waypoint1 waypoint8)
24.742: (calibrate rover1 camera1 objective0 waypoint23)
24.774: (navigate rover0 waypoint1 waypoint8)
24.775: (calibrate rover1 camera0 objective0 waypoint23)
24.778: (navigate rover0 waypoint1 waypoint8)
24.779: (take_image rover1 waypoint23 objective0 camera0 low_res)
24.779: (take_image rover1 waypoint23 objective2 camera0 low_res)
24.786: (take_image rover1 waypoint23 objective2 camera0 low_res)
24.818: (calibrate rover1 camera0 objective0 waypoint23)
24.820: (navigate rover0 waypoint1 waypoint8)
24.570: (calibrate rover1 camera0 objective0 waypoint23)
24.946: (navigate rover0 waypoint1 waypoint8)
24.947: (take_image rover1 waypoint23 objective2 camera0 low_res)
24.947: (take_image rover1 waypoint23 objective0 camera0 low_res)
24.952: (take_image rover1 waypoint23 objective2 camera0 low_res)
24.952: (navigate rover0 waypoint1 waypoint8)
24.989: (take_image rover1 waypoint23 objective0 camera0 low_res)
25.079: (take_image rover1 waypoint23 objective2 camera1 colour)
25.079: (take_image rover1 waypoint23 objective0 camera1 colour)
25.083: (take_image rover1 waypoint23 objective0 camera2 colour)
24.736: (calibrate rover1 camera1 objective0 waypoint23)
24.737: (calibrate rover1 camera0 objective0 waypoint23)
24.737: (navigate rover0 waypoint1 waypoint8)
24.822: (navigate rover0 waypoint8 waypoint1)
24.923: (take_image rover1 waypoint23 objective0 camera1 colour)
24.923: (take_image rover1 waypoint23 objective2 camera1 colour)
24.925: (navigate rover0 waypoint8 waypoint1)
24.934: (take_image rover1 waypoint23 objective0 camera2 low_res)
24.934: (take_image rover1 waypoint23 objective2 camera2 colour)
24.934: (take_image rover1 waypoint23 objective0 camera2 colour)
25.090: (navigate rover0 waypoint1 waypoint8)
25.091: (take_image rover1 waypoint23 objective2 camera2 colour)
25.091: (take_image rover1 waypoint23 objective0 camera2 colour)
25.091: (take_image rover1 waypoint23 objective0 camera2 low_res)
25.091: (take_image rover1 waypoint23 objective2 camera2 low_res)
25.133: (take_image rover1 waypoint23 objective0 camera0 low_res)
25.133: (take_image rover1 waypoint23 objective2 camera0 low_res)
25.157: (take_image rover1 waypoint23 objective2 camera2 low_res)
25.158: (take_image rover1 waypoint23 objective0 camera0 low_res)
25.158: (take_image rover1 waypoint23 objective2 camera0 low_res)
25.288: (navigate rover0 waypoint1 waypoint8)
25.313: (take_image rover1 waypoint23 objective0 camera0 low_res)
25.313: (take_image rover1 waypoint23 objective2 camera0 low_res)
25.313: (navigate rover0 waypoint1 waypoint8)
25.758: (navigate rover0 waypoint1 waypoint7)
25.809: (navigate rover0 waypoint1 waypoint7)
26.105: (navigate rover0 waypoint1 waypoint21)
26.148: (navigate rover0 waypoint1 waypoint21)
26.345: (navigate rover0 waypoint8 waypoint0)
26.422: (take_image rover1 waypoint23 objective0 camera1 colour)
25.095: (navigate rover0 waypoint7 waypoint12)
25.138: (navigate rover0 waypoint7 waypoint12)
25.399: (calibrate rover1 camera1 objective0 waypoint23)
25.399: (calibrate rover1 camera2 objective2 waypoint23)
25.550: (calibrate rover1 camera0 objective0 waypoint23)
25.579: (calibrate rover1 camera0 objective0 waypoint23)
25.744: (calibrate rover1 camera1 objective0 waypoint23)
25.745: (calibrate rover1 camera2 objective2 waypoint23)
25.898: (calibrate rover1 camera0 objective0 waypoint23)
25.920: (calibrate rover1 camera0 objective0 waypoint23)
23.554: (sample_soil rover0 rover0store waypoint12)
23.599: (sample_soil rover0 rover0store waypoint12)
24.250: (sample_rock rover0 rover0store waypoint12)
24.297: (sample_rock rover0 rover0store waypoint12)
24.739: (navigate rover0 waypoint7 waypoint12)
24.739: (calibrate rover1 camera1 objective0 waypoint23)
24.739: (calibrate rover1 camera2 objective2 waypoint23)
24.890: (navigate rover0 waypoint7 waypoint12)
24.890: (calibrate rover1 camera0 objective0 waypoint23)
24.913: (navigate rover0 waypoint7 waypoint12)
22.451: (drop rover0 rover0store)
22.496: (drop rover0 rover0store)
23.156: (drop rover0 rover0store)
23.199: (calibrate rover1 camera1 objective0 waypoint23)
23.199: (calibrate rover1 camera2 objective2 waypoint23)
23.199: (sample_soil rover0 rover0store waypoint12)
23.204: (drop rover0 rover0store)
23.348: (sample_soil rover0 rover0store waypoint12)
23.348: (calibrate rover1 camera0 objective0 waypoint23)
23.375: (calibrate rover1 camera0 objective0 waypoint23)
21.798: (sample_soil rover0 rover0store waypoint12)
21.798: (sample_rock rover0 rover0store waypoint12)
21.845: (sample_rock rover0 rover0store waypoint12)
21.846: (sample_soil rover0 rover0store waypoint12)
22.095: (calibrate rover1 camera2 objective2 waypoint23)
22.095: (calibrate rover1 camera1 objective0 waypoint23)
22.096: (drop rover0 rover0store)
22.245: (calibrate rover1 camera0 objective0 waypoint23)
22.246: (drop rover0 rover0store)
22.271: (drop rover0 rover0store)
20.704: (drop rover0 rover0store)
20.750: (drop rover0 rover0store)
21.442: (calibrate rover1 camera1 objective0 waypoint23)
21.442: (sample_rock rover0 rover0store waypoint12)
21.442: (calibrate rover1 camera2 objective2 waypoint23)
21.590: (calibrate rover1 camera0 objective0 waypoint23)
21.590: (sample_rock rover0 rover0store waypoint12)
21.599: (navigate rover0 waypoint12 waypoint7)
21.620: (calibrate rover1 camera0 objective0 waypoint23)
21.620: (sample_rock rover0 rover0store waypoint12)
20.211: (navigate rover0 waypoint7 waypoint1)
20.346: (calibrate rover1 camera1 objective0 waypoint23)
20.346: (calibrate rover1 camera2 objective2 waypoint23)
20.347: (drop rover0 rover0store)
20.495: (calibrate rover1 camera0 objective0 waypoint23)
20.496: (drop rover0 rover0store)
20.506: (navigate rover0 waypoint12 waypoint7)
20.506: (drop rover0 rover0store)
20.525: (drop rover0 rover0store)
20.525: (calibrate rover1 camera0 objective0 waypoint23)
19.053: (communicate_rock_data rover0 general waypoint12 waypoint1 waypoint24)
19.109: (navigate rover0 waypoint7 waypoint1)
19.110: (drop rover0 rover0store)
19.179: (communicate_soil_data rover0 general waypoint12 waypoint1 waypoint24)
19.857: (calibrate rover1 camera1 objective0 waypoint23)
20.002: (calibrate rover1 camera0 objective0 waypoint23)
20.125: (navigate rover0 waypoint7 waypoint23)
20.137: (calibrate rover1 camera2 objective2 waypoint23)
20.137: (calibrate rover1 camera1 objective0 waypoint23)
20.138: (calibrate rover1 camera0 objective0 waypoint23)
17.927: (drop rover0 rover0store)
17.927: (communicate_rock_data rover0 general waypoint12 waypoint1 waypoint24)
18.012: (communicate_soil_data rover0 general waypoint12 waypoint1 waypoint24)
18.014: (communicate_rock_data rover0 general waypoint12 waypoint1 waypoint24)
18.077: (drop rover0 rover0store)
18.077: (communicate_soil_data rover0 general waypoint12 waypoint1 waypoint24)
18.702: (calibrate rover1 camera1 objective0 waypoint23)
18.704: (communicate_rock_data rover0 general waypoint12 waypoint1 waypoint24)
18.756: (calibrate rover1 camera1 objective0 waypoint23)
18.757: (drop rover0 rover0store)
16.893: (communicate_rock_data rover0 general waypoint12 waypoint1 waypoint24)
16.893: (communicate_soil_data rover0 general waypoint12 waypoint1 waypoint24)
16.893: (drop rover0 rover0store)
17.574: (calibrate rover1 camera1 objective0 waypoint23)
17.575: (drop rover0 rover0store)
17.576: (communicate_rock_data rover0 general waypoint12 waypoint1 waypoint24)
17.660: (communicate_soil_data rover0 general waypoint12 waypoint1 waypoint24)
17.662: (calibrate rover1 camera1 objective0 waypoint23)
17.718: (calibrate rover1 camera0 objective0 waypoint23)
17.722: (calibrate rover1 camera1 objective0 waypoint23)
16.540: (communicate_rock_data rover0 general waypoint12 waypoint1 waypoint24)
16.541: (calibrate rover1 camera1 objective0 waypoint23)
16.541: (communicate_soil_data rover0 general waypoint12 waypoint1 waypoint24)
16.541: (drop rover0 rover0store)
16.684: (calibrate rover1 camera0 objective0 waypoint23)
16.684: (communicate_soil_data rover0 general waypoint12 waypoint1 waypoint24)
17.035: (navigate rover0 waypoint1 waypoint8)
17.365: (calibrate rover1 camera1 objective0 waypoint23)
17.365: (calibrate rover1 camera0 objective0 waypoint23)
17.451: (calibrate rover1 camera0 objective0 waypoint23)
16.330: (drop rover0 rover0store)
16.330: (communicate_soil_data rover0 general waypoint12 waypoint1 waypoint24)
16.330: (calibrate rover1 camera1 objective0 waypoint23)
16.331: (calibrate rover1 camera0 objective0 waypoint23)
16.694: (calibrate rover1 camera1 objective0 waypoint23)
16.694: (navigate rover0 waypoint1 waypoint8)
16.826: (calibrate rover1 camera0 objective0 waypoint23)
16.826: (navigate rover0 waypoint1 waypoint8)
16.920: (take_image rover1 waypoint23 objective2 camera2 colour)
16.920: (take_image rover1 waypoint23 objective2 camera2 low_res)
16.484: (calibrate rover1 camera0 objective0 waypoint23)
16.484: (navigate rover0 waypoint1 waypoint8)
16.485: (calibrate rover1 camera1 objective0 waypoint23)
16.700: (take_image rover1 waypoint23 objective0 camera2 low_res)
16.700: (take_image rover1 waypoint23 objective2 camera2 colour)
16.700: (take_image rover1 waypoint23 objective0 camera2 colour)
16.700: (take_image rover1 waypoint23 objective2 camera2 low_res)
16.700: (calibrate rover1 camera0 objective0 waypoint23)
17.061: (navigate rover0 waypoint1 waypoint8)
17.062: (take_image rover1 waypoint23 objective2 camera2 low_res)
16.842: (calibrate rover1 camera0 objective0 waypoint23)
16.842: (take_image rover1 waypoint23 objective2 camera2 low_res)
16.842: (take_image rover1 waypoint23 objective2 camera2 colour)
16.842: (take_image rover1 waypoint23 objective0 camera2 colour)
16.842: (take_image rover1 waypoint23 objective0 camera2 low_res)
16.843: (navigate rover0 waypoint1 waypoint8)
17.593: (navigate rover0 waypoint1 waypoint21)
17.707: (navigate rover0 waypoint8 waypoint0)
17.921: (navigate rover0 waypoint1 waypoint2)
18.017: (navigate rover0 waypoint1 waypoint16)
16.800: (navigate rover0 waypoint2 waypoint22)
17.319: (calibrate rover1 camera2 objective2 waypoint23)
17.470: (navigate rover0 waypoint2 waypoint3)
17.578: (calibrate rover1 camera2 objective2 waypoint23)
17.623: (calibrate rover1 camera2 objective2 waypoint23)
17.818: (take_image rover1 waypoint23 objective0 camera0 low_res)
17.818: (take_image rover1 waypoint23 objective2 camera0 low_res)
17.915: (take_image rover1 waypoint23 objective2 camera0 low_res)
17.915: (take_image rover1 waypoint23 objective0 camera0 low_res)
18.070: (take_image rover1 waypoint23 objective0 camera1 colour)
16.403: (calibrate rover1 camera2 objective2 waypoint23)
16.403: (navigate rover0 waypoint2 waypoint22)
16.529: (navigate rover0 waypoint22 waypoint13)
17.011: (navigate rover0 waypoint3 waypoint14)
17.015: (take_image rover1 waypoint23 objective0 camera0 low_res)
17.015: (take_image rover1 waypoint23 objective2 camera0 low_res)
17.078: (calibrate rover1 camera2 objective2 waypoint23)
17.078: (navigate rover0 waypoint2 waypoint3)
17.409: (calibrate rover1 camera2 objective2 waypoint23)
17.411: (take_image rover1 waypoint23 objective0 camera0 low_res)
15.468: (sample_soil rover0 rover0store waypoint13)
15.766: (sample_rock rover0 rover0store waypoint13)
15.862: (sample_rock rover0 rover0store waypoint14)
16.158: (navigate rover0 waypoint22 waypoint13)
16.158: (calibrate rover1 camera2 objective2 waypoint23)
16.613: (calibrate rover1 camera2 objective2 waypoint23)
16.614: (take_image rover1 waypoint23 objective2 camera0 low_res)
16.614: (take_image rover1 waypoint23 objective0 camera0 low_res)
16.627: (navigate rover0 waypoint3 waypoint14)
16.627: (calibrate rover1 camera2 objective2 waypoint23)
14.387: (drop rover0 rover0store)
14.415: (communicate_rock_data rover0 general waypoint14 waypoint14 waypoint24)
14.645: (drop rover0 rover0store)
14.789: (drop rover0 rover0store)
15.323: (calibrate rover1 camera2 objective2 waypoint23)
15.324: (sample_soil rover0 rover0store waypoint13)
15.363: (navigate rover0 waypoint14 waypoint3)
15.446: (sample_rock rover0 rover0store waypoint13)
15.447: (calibrate rover1 camera2 objective2 waypoint23)
15.486: (calibrate rover1 camera2 objective2 waypoint23)
13.313: (communicate_rock_data rover0 general waypoint14 waypoint14 waypoint24)
13.314: (drop rover0 rover0store)
13.508: (sample_soil rover0 rover0store waypoint13)
13.509: (sample_rock rover0 rover0store waypoint13)
14.230: (navigate rover0 waypoint14 waypoint3)
14.231: (communicate_rock_data rover0 general waypoint14 waypoint3 waypoint24)
14.240: (calibrate rover1 camera2 objective2 waypoint23)
14.241: (drop rover0 rover0store)
14.281: (navigate rover0 waypoint14 waypoint3)
14.281: (drop rover0 rover0store)
12.415: (drop rover0 rover0store)
12.765: (navigate rover0 waypoint13 waypoint22)
13.138: (navigate rover0 waypoint14 waypoint3)
13.138: (communicate_rock_data rover0 general waypoint14 waypoint3 waypoint24)
13.138: (drop rover0 rover0store)
13.203: (calibrate rover1 camera2 objective2 waypoint23)
13.417: (calibrate rover1 camera2 objective2 waypoint23)
13.417: (sample_rock rover0 rover0store waypoint13)
13.538: (take_image rover1 waypoint23 objective2 camera0 low_res)
13.538: (take_image rover1 waypoint23 objective0 camera0 low_res)
11.680: (navigate rover0 waypoint13 waypoint22)
11.680: (drop rover0 rover0store)
12.320: (drop rover0 rover0store)
12.320: (calibrate rover1 camera2 objective2 waypoint23)
12.606: (take_image rover1 waypoint23 objective0 camera0 low_res)
12.606: (take_image rover1 waypoint23 objective2 camera0 low_res)
12.663: (navigate rover0 waypoint13 waypoint22)
12.663: (calibrate rover1 camera2 objective2 waypoint23)
12.883: (take_image rover1 waypoint23 objective0 camera0 low_res)
12.883: (take_image rover1 waypoint23 objective2 camera0 low_res)
11.580: (calibrate rover1 camera2 objective2 waypoint23)
11.580: (navigate rover0 waypoint13 waypoint22)
11.580: (drop rover0 rover0store)
11.829: (drop rover0 rover0store)
11.829: (navigate rover0 waypoint13 waypoint22)
11.830: (take_image rover1 waypoint23 objective2 camera0 low_res)
11.830: (take_image rover1 waypoint23 objective0 camera0 low_res)
12.045: (navigate rover0 waypoint22 waypoint11)
12.109: (navigate rover0 waypoint22 waypoint2)
12.287: (take_image rover1 waypoint23 objective2 camera0 low_res)
10.556: (navigate rover0 waypoint2 waypoint1)
10.938: (communicate_soil_data rover0 general waypoint13 waypoint11 waypoint24)
10.961: (communicate_rock_data rover0 general waypoint13 waypoint2 waypoint24)
10.964: (communicate_soil_data rover0 general waypoint13 waypoint2 waypoint24)
11.007: (communicate_rock_data rover0 general waypoint13 waypoint11 waypoint24)
11.555: (navigate rover0 waypoint13 waypoint22)
11.555: (calibrate rover1 camera2 objective2 waypoint23)
11.556: (take_image rover1 waypoint23 objective2 camera0 low_res)
11.556: (take_image rover1 waypoint23 objective0 camera0 low_res)
11.647: (take_image rover1 waypoint23 objective2 camera1 colour)
9.442: (communicate_soil_data rover0 general waypoint13 waypoint1 waypoint24)
9.443: (navigate rover0 waypoint2 waypoint1)
9.481: (communicate_rock_data rover0 general waypoint13 waypoint1 waypoint24)
9.482: (navigate rover0 waypoint2 waypoint1)
9.854: (communicate_rock_data rover0 general waypoint13 waypoint2 waypoint24)
9.854: (communicate_soil_data rover0 general waypoint13 waypoint2 waypoint24)
9.916: (communicate_rock_data rover0 general waypoint13 waypoint11 waypoint24)
9.917: (communicate_soil_data rover0 general waypoint13 waypoint11 waypoint24)
10.506: (calibrate rover1 camera2 objective2 waypoint23)
10.636: (navigate rover0 waypoint1 waypoint8)
8.411: (communicate_soil_data rover0 general waypoint13 waypoint1 waypoint24)
8.411: (navigate rover0 waypoint2 waypoint1)
8.411: (communicate_rock_data rover0 general waypoint13 waypoint1 waypoint24)
9.395: (communicate_soil_data rover0 general waypoint13 waypoint1 waypoint24)
9.396: (calibrate rover1 camera2 objective2 waypoint23)
9.426: (communicate_rock_data rover0 general waypoint13 waypoint1 waypoint24)
9.428: (calibrate rover1 camera2 objective2 waypoint23)
9.487: (take_image rover1 waypoint23 objective2 camera0 low_res)
9.487: (take_image rover1 waypoint23 objective0 camera0 low_res)
9.494: (navigate rover0 waypoint1 waypoint8)
8.357: (communicate_rock_data rover0 general waypoint13 waypoint1 waypoint24)
8.357: (calibrate rover1 camera2 objective2 waypoint23)
8.358: (communicate_soil_data rover0 general waypoint13 waypoint1 waypoint24)
8.369: (communicate_soil_data rover0 general waypoint13 waypoint1 waypoint24)
8.369: (take_image rover1 waypoint23 objective0 camera0 low_res)
8.369: (take_image rover1 waypoint23 objective2 camera0 low_res)
8.397: (navigate rover0 waypoint1 waypoint8)
9.365: (take_image rover1 waypoint23 objective0 camera0 low_res)
9.365: (take_image rover1 waypoint23 objective2 camera0 low_res)
9.368: (navigate rover0 waypoint1 waypoint8)
8.332: (take_image rover1 waypoint23 objective2 camera0 low_res)
8.332: (take_image rover1 waypoint23 objective0 camera0 low_res)
8.332: (calibrate rover1 camera2 objective2 waypoint23)
8.332: (communicate_rock_data rover0 general waypoint13 waypoint1 waypoint24)
8.348: (navigate rover0 waypoint1 waypoint8)
8.348: (calibrate rover1 camera2 objective2 waypoint23)
8.388: (take_image rover1 waypoint23 objective0 camera1 colour)
8.388: (take_image rover1 waypoint23 objective2 camera1 colour)
8.479: (navigate rover0 waypoint1 waypoint8)
8.481: (take_image rover1 waypoint23 objective0 camera0 low_res)
8.322: (calibrate rover1 camera2 objective2 waypoint23)
8.323: (navigate rover0 waypoint1 waypoint8)
8.323: (take_image rover1 waypoint23 objective0 camera0 low_res)
8.323: (take_image rover1 waypoint23 objective2 camera0 low_res)
8.349: (take_image rover1 waypoint23 objective0 camera0 low_res)
8.349: (take_image rover1 waypoint23 objective2 camera0 low_res)
8.349: (take_image rover1 waypoint23 objective2 camera1 colour)
8.349: (take_image rover1 waypoint23 objective0 camera1 colour)
8.374: (take_image rover1 waypoint23 objective0 camera1 colour)
8.374: (take_image rover1 waypoint23 objective2 camera1 colour)
8.431: (navigate rover0 waypoint1 waypoint8)
8.432: (take_image rover1 waypoint23 objective2 camera0 low_res)
8.432: (take_image rover1 waypoint23 objective0 camera0 low_res)
8.432: (take_image rover1 waypoint23 objective2 camera1 colour)
8.432: (take_image rover1 waypoint23 objective0 camera1 colour)
9.610: (take_image rover1 waypoint23 objective0 camera2 low_res)
9.610: (take_image rover1 waypoint23 objective0 camera2 colour)
9.610: (take_image rover1 waypoint23 objective2 camera2 low_res)
9.610: (take_image rover1 waypoint23 objective2 camera2 colour)
9.689: (navigate rover0 waypoint8 waypoint0)
9.490: (navigate rover0 waypoint8 waypoint1)
9.717: (calibrate rover1 camera0 objective0 waypoint23)
9.748: (navigate rover0 waypoint8 waypoint0)
9.748: (take_image rover1 waypoint23 objective2 camera1 colour)
9.748: (take_image rover1 waypoint23 objective0 camera1 colour)
9.772: (take_image rover1 waypoint23 objective2 camera2 colour)
9.772: (take_image rover1 waypoint23 objective0 camera2 low_res)
9.772: (take_image rover1 waypoint23 objective0 camera2 colour)
9.772: (take_image rover1 waypoint23 objective2 camera2 low_res)
9.838: (take_image rover1 waypoint23 objective2 camera2 colour)
9.718: (take_image rover1 waypoint23 objective0 camera0 low_res)
9.718: (take_image rover1 waypoint23 objective2 camera0 low_res)
9.718: (navigate rover0 waypoint8 waypoint1)
9.784: (take_image rover1 waypoint23 objective0 camera1 colour)
9.784: (take_image rover1 waypoint23 objective2 camera1 colour)
9.784: (calibrate rover1 camera0 objective0 waypoint23)
9.821: (calibrate rover1 camera0 objective0 waypoint23)
9.821: (take_image rover1 waypoint23 objective0 camera2 low_res)
9.821: (take_image rover1 waypoint23 objective2 camera2 colour)
9.821: (take_image rover1 waypoint23 objective2 camera2 low_res)
10.512: (navigate rover0 waypoint1 waypoint21)
10.612: (take_image rover1 waypoint23 objective0 camera2 low_res)
10.612: (take_image rover1 waypoint23 objective2 camera2 colour)
10.612: (take_image rover1 waypoint23 objective2 camera2 low_res)
10.612: (take_image rover1 waypoint23 objective2 camera1 colour)
10.612: (take_image rover1 waypoint23 objective0 camera1 colour)
10.613: (take_image rover1 waypoint23 objective0 camera2 colour)
10.670: (navigate rover0 waypoint1 waypoint2)
11.010: (navigate rover0 waypoint1 waypoint16)
11.313: (navigate rover0 waypoint1 waypoint7)
9.707: (calibrate rover1 camera2 objective2 waypoint23)
9.739: (calibrate rover1 camera1 objective0 waypoint23)
9.787: (calibrate rover1 camera2 objective2 waypoint23)
9.816: (calibrate rover1 camera1 objective0 waypoint23)
9.821: (calibrate rover1 camera2 objective2 waypoint23)
9.878: (calibrate rover1 camera1 objective0 waypoint23)
10.270: (calibrate rover1 camera2 objective2 waypoint23)
10.293: (calibrate rover1 camera1 objective0 waypoint23)
10.316: (navigate rover0 waypoint2 waypoint3)
10.473: (navigate rover0 waypoint7 waypoint23)
9.223: (calibrate rover0 camera3 objective0 waypoint23)
9.572: (navigate rover0 waypoint2 waypoint3)
9.574: (calibrate rover1 camera2 objective2 waypoint23)
9.602: (navigate rover0 waypoint2 waypoint3)
9.605: (calibrate rover1 camera1 objective0 waypoint23)
9.643: (calibrate rover1 camera2 objective2 waypoint23)
9.643: (calibrate rover1 camera1 objective0 waypoint23)
9.652: (navigate rover0 waypoint2 waypoint22)
9.672: (navigate rover0 waypoint2 waypoint22)
9.675: (calibrate rover1 camera2 objective2 waypoint23)
7.986: (take_image rover0 waypoint23 objective0 camera3 high_res)
7.989: (take_image rover0 waypoint23 objective2 camera3 high_res)
8.430: (calibrate rover0 camera3 objective0 waypoint23)
8.431: (calibrate rover1 camera2 objective2 waypoint23)
8.453: (calibrate rover1 camera1 objective0 waypoint23)
9.130: (navigate rover0 waypoint3 waypoint14)
9.155: (calibrate rover1 camera0 objective0 waypoint23)
9.180: (navigate rover0 waypoint3 waypoint14)
9.514: (calibrate rover1 camera1 objective0 waypoint23)
9.514: (calibrate rover1 camera2 objective2 waypoint23)
7.241: (take_image rover0 waypoint23 objective2 camera3 high_res)
7.242: (calibrate rover1 camera2 objective2 waypoint23)
7.257: (take_image rover0 waypoint23 objective0 camera3 high_res)
7.258: (calibrate rover1 camera2 objective2 waypoint23)
7.274: (take_image rover0 waypoint23 objective0 camera3 high_res)
7.274: (calibrate rover1 camera1 objective0 waypoint23)
7.275: (take_image rover0 waypoint23 objective2 camera3 high_res)
7.275: (calibrate rover1 camera1 objective0 waypoint23)
7.985: (calibrate rover1 camera0 objective0 waypoint23)
7.985: (take_image rover0 waypoint23 objective0 camera3 high_res)
7.197: (calibrate rover1 camera2 objective2 waypoint23)
7.197: (calibrate rover1 camera1 objective0 waypoint23)
7.207: (calibrate rover1 camera2 objective2 waypoint23)
7.208: (calibrate rover1 camera1 objective0 waypoint23)
7.260: (calibrate rover0 camera3 objective0 waypoint23)
7.265: (calibrate rover0 camera3 objective0 waypoint23)
7.274: (calibrate rover1 camera0 objective0 waypoint23)
7.290: (calibrate rover1 camera2 objective2 waypoint23)
7.290: (calibrate rover1 camera0 objective0 waypoint23)
7.311: (calibrate rover0 camera3 objective0 waypoint23)
7.217: (calibrate rover0 camera3 objective0 waypoint23)
7.217: (calibrate rover1 camera2 objective2 waypoint23)
7.217: (calibrate rover1 camera1 objective0 waypoint23)
7.218: (calibrate rover1 camera1 objective0 waypoint23)
7.219: (calibrate rover0 camera3 objective0 waypoint23)
7.228: (take_image rover0 waypoint23 objective0 camera3 low_res)
7.229: (take_image rover0 waypoint23 objective0 camera3 high_res)
7.230: (take_image rover0 waypoint23 objective2 camera3 high_res)
7.232: (calibrate rover1 camera0 objective0 waypoint23)
7.233: (calibrate rover1 camera1 objective0 waypoint23)
7.183: (calibrate rover1 camera1 objective0 waypoint23)
7.183: (take_image rover0 waypoint23 objective0 camera3 low_res)
7.184: (calibrate rover1 camera1 objective0 waypoint23)
7.184: (take_image rover0 waypoint23 objective0 camera3 high_res)
7.184: (take_image rover0 waypoint23 objective2 camera3 high_res)
7.194: (take_image rover0 waypoint23 objective2 camera3 low_res)
7.217: (take_image rover0 waypoint23 objective0 camera3 low_res)
7.229: (take_image rover0 waypoint23 objective2 camera3 low_res)
7.243: (calibrate rover0 camera3 objective0 waypoint23)
7.247: (calibrate rover1 camera0 objective0 waypoint23)
7.201: (calibrate rover0 camera3 objective0 waypoint23)
7.202: (calibrate rover1 camera1 objective0 waypoint23)
7.203: (calibrate rover0 camera3 objective0 waypoint23)
7.212: (calibrate rover0 camera3 objective0 waypoint23)
7.212: (calibrate rover0 camera3 objective0 waypoint23)
7.215: (calibrate rover0 camera3 objective0 waypoint23)
7.217: (take_image rover0 waypoint23 objective2 camera3 low_res)
7.219: (calibrate rover1 camera0 objective0 waypoint23)
7.220: (take_image rover0 waypoint23 objective2 camera3 high_res)
7.221: (calibrate rover1 camera0 objective0 waypoint23)
7.172: (calibrate rover1 camera1 objective0 waypoint23)
7.173: (take_image rover0 waypoint23 objective2 camera3 low_res)
7.173: (take_image rover0 waypoint23 objective0 camera3 low_res)
7.181: (take_image rover0 waypoint23 objective0 camera3 high_res)
7.181: (take_image rover0 waypoint23 objective2 camera3 low_res)
7.182: (take_image rover0 waypoint23 objective2 camera3 high_res)
7.184: (take_image rover0 waypoint23 objective0 camera3 low_res)
7.185: (take_image rover0 waypoint23 objective0 camera3 high_res)
7.185: (take_image rover0 waypoint23 objective2 camera3 high_res)
7.226: (take_image rover0 waypoint23 objective0 camera3 low_res)
7.186: (calibrate rover0 camera3 objective0 waypoint23)
7.192: (calibrate rover0 camera3 objective0 waypoint23)
7.204: (calibrate rover0 camera3 objective0 waypoint23)
7.208: (calibrate rover0 camera3 objective0 waypoint23)
7.208: (calibrate rover1 camera0 objective0 waypoint23)
7.216: (calibrate rover1 camera0 objective0 waypoint23)
7.221: (calibrate rover1 camera0 objective0 waypoint23)
7.225: (take_image rover1 waypoint23 objective0 camera1 colour)
7.225: (take_image rover1 waypoint23 objective2 camera1 colour)
7.228: (take_image rover1 waypoint23 objective2 camera2 low_res)
7.176: (take_image rover0 waypoint23 objective0 camera3 high_res)
7.176: (take_image rover0 waypoint23 objective2 camera3 high_res)
7.176: (take_image rover0 waypoint23 objective0 camera3 low_res)
7.176: (take_image rover0 waypoint23 objective2 camera3 low_res)
7.227: (take_image rover1 waypoint23 objective2 camera1 colour)
7.227: (take_image rover1 waypoint23 objective0 camera1 colour)
7.228: (calibrate rover1 camera0 objective0 waypoint23)
7.228: (calibrate rover0 camera3 objective0 waypoint23)
7.228: (calibrate rover1 camera0 objective0 waypoint23)
7.229: (calibrate rover0 camera3 objective0 waypoint23)
7.187: (calibrate rover0 camera3 objective0 waypoint23)
7.210: (take_image rover0 waypoint23 objective0 camera3 high_res)
7.211: (calibrate rover1 camera0 objective0 waypoint23)
7.212: (take_image rover0 waypoint23 objective0 camera3 low_res)
7.219: (take_image rover0 waypoint23 objective0 camera3 low_res)
7.220: (take_image rover1 waypoint23 objective0 camera1 colour)
7.220: (take_image rover1 waypoint23 objective2 camera1 colour)
7.220: (take_image rover0 waypoint23 objective0 camera3 high_res)
7.226: (take_image rover1 waypoint23 objective2 camera2 colour)
7.226: (take_image rover1 waypoint23 objective0 camera2 low_res)
7.227: (calibrate rover1 camera0 objective0 waypoint23)
7.228: (calibrate rover0 camera3 objective0 waypoint23)
7.228: (take_image rover1 waypoint23 objective2 camera1 colour)
7.228: (take_image rover1 waypoint23 objective0 camera1 colour)
7.229: (calibrate rover0 camera3 objective0 waypoint23)
7.254: (take_image rover1 waypoint23 objective0 camera1 colour)
7.254: (calibrate rover1 camera0 objective0 waypoint23)
7.254: (take_image rover1 waypoint23 objective2 camera1 colour)
7.287: (take_image rover1 waypoint23 objective2 camera2 low_res)
7.287: (take_image rover1 waypoint23 objective0 camera2 colour)
7.261: (calibrate rover1 camera0 objective0 waypoint23)
7.262: (take_image rover1 waypoint23 objective2 camera1 colour)
7.262: (take_image rover1 waypoint23 objective0 camera1 colour)
7.262: (calibrate rover0 camera3 objective0 waypoint23)
7.318: (calibrate rover1 camera0 objective0 waypoint23)
7.319: (take_image rover1 waypoint23 objective0 camera2 low_res)
7.319: (take_image rover1 waypoint23 objective0 camera2 colour)
7.319: (take_image rover1 waypoint23 objective2 camera2 low_res)
7.319: (take_image rover1 waypoint23 objective2 camera2 colour)
7.856: (navigate rover0 waypoint23 waypoint7)
5.925: (navigate rover0 waypoint7 waypoint1)
7.308: (take_image rover0 waypoint23 objective2 camera3 low_res)
7.308: (take_image rover0 waypoint23 objective2 camera3 high_res)
7.308: (take_image rover0 waypoint23 objective0 camera3 low_res)
7.308: (take_image rover0 waypoint23 objective0 camera3 high_res)
7.502: (navigate rover0 waypoint7 waypoint12)
7.700: (navigate rover0 waypoint7 waypoint15)
7.815: (take_image rover1 waypoint23 objective2 camera0 low_res)
7.815: (take_image rover1 waypoint23 objective0 camera0 low_res)
7.828: (take_image rover0 waypoint7 objective2 camera3 low_res)
4.957: (communicate_image_data rover0 general objective2 low_res waypoint1 waypoint24)
5.171: (take_image rover0 waypoint1 objective3 camera3 low_res)
5.415: (take_image rover0 waypoint1 objective3 camera3 high_res)
5.853: (communicate_image_data rover0 general objective0 high_res waypoint1 waypoint24)
5.883: (navigate rover0 waypoint1 waypoint8)
5.888: (take_image rover1 waypoint23 objective2 camera0 low_res)
5.888: (take_image rover1 waypoint23 objective0 camera0 low_res)
5.888: (navigate rover0 waypoint7 waypoint1)
5.914: (navigate rover0 waypoint7 waypoint1)
5.939: (take_image rover1 waypoint23 objective2 camera1 colour)
4.442: (take_image rover0 waypoint1 objective3 camera3 high_res)
4.442: (communicate_image_data rover0 general objective2 low_res waypoint1 waypoint24)
4.790: (communicate_image_data rover0 general objective2 high_res waypoint1 waypoint24)
4.836: (communicate_image_data rover0 general objective0 high_res waypoint1 waypoint24)
4.838: (communicate_image_data rover0 general objective2 low_res waypoint1 waypoint24)
4.892: (communicate_image_data rover0 general objective2 low_res waypoint1 waypoint24)
4.892: (take_image rover0 waypoint1 objective3 camera3 low_res)
4.912: (navigate rover0 waypoint1 waypoint8)
4.933: (take_image rover1 waypoint23 objective2 camera0 low_res)
4.933: (take_image rover1 waypoint23 objective0 camera0 low_res)
4.012: (take_image rover0 waypoint1 objective3 camera3 low_res)
4.057: (communicate_image_data rover0 general objective2 high_res waypoint1 waypoint24)
4.058: (communicate_image_data rover0 general objective2 low_res waypoint1 waypoint24)
4.106: (take_image rover0 waypoint1 objective3 camera3 high_res)
4.108: (communicate_image_data rover0 general objective0 high_res waypoint1 waypoint24)
4.361: (take_image rover0 waypoint8 objective3 camera3 high_res)
4.362: (navigate rover0 waypoint1 waypoint8)
4.419: (communicate_image_data rover0 general objective2 high_res waypoint1 waypoint24)
4.421: (take_image rover1 waypoint23 objective0 camera0 low_res)
4.421: (take_image rover1 waypoint23 objective2 camera0 low_res)
3.943: (take_image rover0 waypoint1 objective3 camera3 high_res)
3.944: (communicate_image_data rover0 general objective0 high_res waypoint1 waypoint24)
3.944: (communicate_image_data rover0 general objective2 high_res waypoint1 waypoint24)
3.947: (navigate rover0 waypoint1 waypoint8)
3.958: (take_image rover0 waypoint1 objective3 camera3 low_res)
3.959: (communicate_image_data rover0 general objective2 low_res waypoint1 waypoint24)
3.983: (take_image rover1 waypoint23 objective0 camera0 low_res)
3.983: (take_image rover1 waypoint23 objective2 camera0 low_res)
4.005: (navigate rover0 waypoint1 waypoint21)
4.016: (navigate rover0 waypoint1 waypoint8)
3.894: (take_image rover0 waypoint8 objective3 camera3 high_res)
3.896: (navigate rover0 waypoint1 waypoint8)
3.911: (take_image rover0 waypoint8 objective3 camera3 low_res)
3.912: (navigate rover0 waypoint1 waypoint8)
3.920: (navigate rover0 waypoint1 waypoint8)
3.921: (take_image rover1 waypoint23 objective2 camera0 low_res)
3.921: (take_image rover1 waypoint23 objective0 camera0 low_res)
3.934: (communicate_image_data rover0 general objective2 low_res waypoint1 waypoint24)
3.936: (take_image rover1 waypoint23 objective2 camera0 low_res)
3.936: (take_image rover1 waypoint23 objective0 camera0 low_res)
3.888: (navigate rover0 waypoint1 waypoint8)
3.888: (take_image rover1 waypoint23 objective2 camera0 low_res)
3.889: (take_image rover1 waypoint23 objective0 camera0 low_res)
3.893: (take_image rover1 waypoint23 objective2 camera0 low_res)
3.893: (take_image rover1 waypoint23 objective0 camera0 low_res)
3.909: (take_image rover1 waypoint23 objective2 camera2 low_res)
3.909: (take_image rover1 waypoint23 objective2 camera2 colour)
3.909: (take_image rover1 waypoint23 objective0 camera2 colour)
3.909: (take_image rover1 waypoint23 objective0 camera2 low_res)
3.929: (take_image rover1 waypoint23 objective2 camera2 colour)
3.904: (take_image rover1 waypoint23 objective2 camera0 low_res)
3.904: (take_image rover1 waypoint23 objective0 camera0 low_res)
3.905: (take_image rover1 waypoint23 objective2 camera2 colour)
3.905: (take_image rover1 waypoint23 objective0 camera2 colour)
3.905: (take_image rover1 waypoint23 objective2 camera2 low_res)
3.905: (take_image rover1 waypoint23 objective0 camera2 low_res)
3.912: (take_image rover1 waypoint23 objective0 camera0 low_res)
3.912: (take_image rover1 waypoint23 objective2 camera0 low_res)
3.913: (take_image rover1 waypoint23 objective2 camera2 colour)
3.913: (take_image rover1 waypoint23 objective0 camera2 colour)
3.950: (navigate rover0 waypoint8 waypoint1)
3.958: (navigate rover0 waypoint8 waypoint1)
4.270: (navigate rover1 waypoint23 waypoint4)
4.274: (navigate rover1 waypoint23 waypoint4)
4.646: (take_image rover1 waypoint23 objective0 camera1 colour)
4.646: (take_image rover1 waypoint23 objective2 camera1 colour)
4.671: (take_image rover1 waypoint23 objective2 camera1 colour)
4.671: (take_image rover1 waypoint23 objective0 camera1 colour)
5.120: (navigate rover0 waypoint8 waypoint0)
5.174: (navigate rover0 waypoint8 waypoint0)
3.878: (navigate rover1 waypoint4 waypoint11)
3.880: (navigate rover1 waypoint4 waypoint11)
3.923: (calibrate rover1 camera2 objective2 waypoint23)
3.928: (calibrate rover1 camera2 objective2 waypoint23)
3.929: (navigate rover1 waypoint4 waypoint0)
3.932: (navigate rover1 waypoint4 waypoint0)
3.934: (navigate rover1 waypoint4 waypoint16)
3.938: (navigate rover1 waypoint4 waypoint16)
3.940: (calibrate rover1 camera2 objective2 waypoint23)
3.950: (communicate_image_data rover0 general objective0 low_res waypoint1 waypoint24)
3.153: (communicate_image_data rover1 general objective2 colour waypoint11 waypoint24)
3.164: (communicate_image_data rover1 general objective2 colour waypoint16 waypoint24)
3.169: (communicate_image_data rover1 general objective2 colour waypoint11 waypoint24)
3.182: (communicate_image_data rover1 general objective2 colour waypoint16 waypoint24)
3.676: (navigate rover1 waypoint11 waypoint22)
3.676: (navigate rover1 waypoint11 waypoint22)
3.848: (communicate_image_data rover1 general objective0 colour waypoint11 waypoint24)
3.852: (communicate_image_data rover1 general objective0 colour waypoint11 waypoint24)
3.878: (communicate_image_data rover1 general objective0 low_res waypoint11 waypoint24)
3.879: (communicate_image_data rover1 general objective0 low_res waypoint11 waypoint24)
3.044: (navigate rover1 waypoint11 waypoint22)
3.058: (navigate rover1 waypoint11 waypoint22)
3.131: (navigate rover1 waypoint22 waypoint14)
3.135: (navigate rover1 waypoint22 waypoint14)
3.148: (navigate rover0 waypoint8 waypoint1)
3.150: (communicate_image_data rover1 general objective0 colour waypoint11 waypoint24)
3.151: (communicate_image_data rover1 general objective2 colour waypoint11 waypoint24)
3.152: (communicate_image_data rover1 general objective0 low_res waypoint11 waypoint24)
3.152: (communicate_image_data rover1 general objective2 colour waypoint11 waypoint24)
3.163: (communicate_image_data rover1 general objective0 colour waypoint16 waypoint24)
2.250: (navigate rover1 waypoint22 waypoint14)
2.251: (communicate_image_data rover1 general objective2 colour waypoint14 waypoint24)
2.271: (navigate rover1 waypoint22 waypoint14)
2.272: (communicate_image_data rover1 general objective2 colour waypoint14 waypoint24)
2.731: (navigate rover1 waypoint22 waypoint8)
2.748: (navigate rover1 waypoint22 waypoint8)
2.970: (navigate rover1 waypoint22 waypoint5)
2.982: (navigate rover0 waypoint8 waypoint1)
2.982: (navigate rover1 waypoint11 waypoint22)
2.985: (navigate rover1 waypoint22 waypoint5)
1.896: (take_image rover1 waypoint8 objective3 camera1 colour)
1.913: (take_image rover1 waypoint8 objective3 camera1 colour)
2.216: (calibrate rover1 camera2 objective2 waypoint14)
2.228: (calibrate rover1 camera2 objective2 waypoint14)
2.246: (communicate_image_data rover1 general objective0 colour waypoint14 waypoint24)
2.249: (communicate_image_data rover1 general objective0 low_res waypoint14 waypoint24)
2.268: (communicate_image_data rover1 general objective0 colour waypoint14 waypoint24)
2.270: (communicate_image_data rover1 general objective0 low_res waypoint14 waypoint24)
2.338: (navigate rover0 waypoint8 waypoint1)
2.338: (navigate rover1 waypoint22 waypoint14)
2.112: (navigate rover1 waypoint8 waypoint22)
2.129: (navigate rover1 waypoint8 waypoint22)
2.211: (calibrate rover1 camera2 objective2 waypoint14)
2.211: (communicate_image_data rover1 general objective0 colour waypoint14 waypoint24)
2.216: (calibrate rover1 camera2 objective2 waypoint14)
2.216: (communicate_image_data rover1 general objective0 low_res waypoint14 waypoint24)
2.223: (communicate_image_data rover1 general objective0 colour waypoint14 waypoint24)
2.224: (take_image rover1 waypoint14 objective2 camera1 colour)
2.224: (calibrate rover1 camera2 objective2 waypoint14)
2.227: (calibrate rover1 camera2 objective2 waypoint14)
1.387: (navigate rover1 waypoint22 waypoint14)
1.409: (navigate rover1 waypoint22 waypoint14)
2.055: (navigate rover0 waypoint8 waypoint1)
2.073: (navigate rover0 waypoint8 waypoint1)
2.076: (navigate rover1 waypoint22 waypoint2)
2.092: (navigate rover1 waypoint22 waypoint2)
2.137: (navigate rover1 waypoint22 waypoint5)
2.155: (navigate rover1 waypoint22 waypoint5)
2.162: (navigate rover0 waypoint8 waypoint0)
2.179: (navigate rover0 waypoint8 waypoint0)
0.581: (communicate_image_data rover1 general objective3 colour waypoint14 waypoint24)
0.583: (communicate_image_data rover1 general objective3 colour waypoint14 waypoint24)
1.213: (communicate_image_data rover1 general objective3 colour waypoint2 waypoint24)
1.214: (communicate_image_data rover1 general objective3 colour waypoint2 waypoint24)
1.233: (communicate_image_data rover1 general objective3 colour waypoint5 waypoint24)
1.236: (communicate_image_data rover1 general objective3 colour waypoint5 waypoint24)
1.385: (communicate_image_data rover1 general objective0 colour waypoint14 waypoint24)
1.385: (calibrate rover1 camera2 objective2 waypoint14)
1.387: (communicate_image_data rover1 general objective0 low_res waypoint14 waypoint24)
1.407: (communicate_image_data rover1 general objective0 colour waypoint14 waypoint24)
0.580: (communicate_image_data rover1 general objective3 colour waypoint14 waypoint24)
0.580: (communicate_image_data rover1 general objective0 colour waypoint14 waypoint24)
0.581: (communicate_image_data rover1 general objective0 low_res waypoint14 waypoint24)
0.581: (communicate_image_data rover1 general objective3 colour waypoint14 waypoint24)
0.582: (communicate_image_data rover1 general objective0 colour waypoint14 waypoint24)
0.583: (communicate_image_data rover1 general objective0 low_res waypoint14 waypoint24)
0.583: (communicate_image_data rover1 general objective3 colour waypoint14 waypoint24)
0.586: (communicate_image_data rover1 general objective3 colour waypoint14 waypoint24)
0.587: (calibrate rover1 camera2 objective2 waypoint14)
0.588: (calibrate rover1 camera2 objective2 waypoint14)
0.580: (communicate_image_data rover1 general objective0 colour waypoint14 waypoint24)
0.580: (communicate_image_data rover1 general objective0 low_res waypoint14 waypoint24)
0.582: (communicate_image_data rover1 general objective0 low_res waypoint14 waypoint24)
0.582: (communicate_image_data rover1 general objective0 colour waypoint14 waypoint24)
0.587: (communicate_image_data rover1 general objective0 colour waypoint14 waypoint24)
0.587: (calibrate rover1 camera2 objective2 waypoint14)
0.587: (communicate_image_data rover1 general objective0 low_res waypoint14 waypoint24)
0.587: (calibrate rover1 camera2 objective2 waypoint14)
0.587: (communicate_image_data rover1 general objective0 low_res waypoint14 waypoint24)
0.587: (communicate_image_data rover1 general objective0 colour waypoint14 waypoint24)
0.586: (communicate_image_data rover1 general objective0 low_res waypoint14 waypoint24)
0.587: (calibrate rover1 camera2 objective2 waypoint14)
0.587: (communicate_image_data rover1 general objective0 low_res waypoint14 waypoint24)
0.587: (communicate_image_data rover1 general objective0 colour waypoint14 waypoint24)
0.588: (communicate_image_data rover1 general objective0 colour waypoint14 waypoint24)
0.588: (calibrate rover1 camera2 objective2 waypoint14)
0.639: (navigate rover0 waypoint8 waypoint1)
0.641: (navigate rover0 waypoint8 waypoint1)
0.656: (navigate rover0 waypoint8 waypoint1)
0.656: (navigate rover0 waypoint8 waypoint1)
0.347: (navigate rover0 waypoint1 waypoint21)
0.348: (navigate rover0 waypoint1 waypoint21)
0.376: (navigate rover0 waypoint1 waypoint21)
0.377: (navigate rover0 waypoint1 waypoint21)
0.400: (navigate rover0 waypoint1 waypoint2)
0.402: (navigate rover0 waypoint1 waypoint2)
0.403: (navigate rover0 waypoint1 waypoint2)
0.404: (navigate rover0 waypoint1 waypoint2)
0.640: (communicate_image_data rover0 general objective3 high_res waypoint1 waypoint24)
0.640: (take_image rover1 waypoint14 objective2 camera2 colour)
0.257: (navigate rover0 waypoint2 waypoint5)
0.258: (navigate rover0 waypoint2 waypoint5)
0.262: (navigate rover0 waypoint2 waypoint5)
0.264: (navigate rover0 waypoint2 waypoint5)
0.269: (navigate rover0 waypoint2 waypoint3)
0.270: (navigate rover0 waypoint2 waypoint3)
0.270: (navigate rover0 waypoint2 waypoint3)
0.273: (navigate rover0 waypoint2 waypoint3)
0.348: (communicate_image_data rover0 general objective3 low_res waypoint21 waypoint24)
0.348: (navigate rover0 waypoint1 waypoint21)
-0.357: (navigate rover0 waypoint3 waypoint14)
-0.356: (navigate rover0 waypoint3 waypoint14)
-0.356: (navigate rover0 waypoint3 waypoint14)
-0.355: (navigate rover0 waypoint3 waypoint14)
0.257: (communicate_image_data rover0 general objective3 low_res waypoint5 waypoint24)
0.258: (take_image rover1 waypoint14 objective2 camera2 colour)
0.258: (take_image rover1 waypoint14 objective2 camera2 low_res)
0.258: (communicate_image_data rover0 general objective3 high_res waypoint5 waypoint24)
0.259: (take_image rover1 waypoint14 objective2 camera2 low_res)
0.259: (take_image rover1 waypoint14 objective2 camera2 colour)
-0.360: (communicate_image_data rover0 general objective3 high_res waypoint14 waypoint24)
-0.358: (calibrate rover1 camera2 objective2 waypoint14)
-0.358: (communicate_image_data rover0 general objective3 low_res waypoint14 waypoint24)
-0.358: (communicate_image_data rover0 general objective3 high_res waypoint14 waypoint24)
-0.357: (take_image rover1 waypoint14 objective2 camera2 colour)
-0.357: (take_image rover1 waypoint14 objective2 camera2 low_res)
-0.357: (take_image rover1 waypoint14 objective2 camera2 low_res)
-0.357: (take_image rover1 waypoint14 objective2 camera2 colour)
-0.357: (communicate_image_data rover0 general objective0 low_res waypoint14 waypoint24)
-0.357: (communicate_image_data rover0 general objective3 high_res waypoint14 waypoint24)
-0.363: (calibrate rover1 camera2 objective2 waypoint14)
-0.361: (communicate_image_data rover0 general objective3 high_res waypoint14 waypoint24)
-0.360: (communicate_image_data rover0 general objective0 low_res waypoint14 waypoint24)
-0.360: (communicate_image_data rover1 general objective0 colour waypoint14 waypoint24)
-0.359: (communicate_image_data rover1 general objective0 low_res waypoint14 waypoint24)
-0.358: (calibrate rover1 camera2 objective2 waypoint14)
-0.358: (communicate_image_data rover0 general objective3 low_res waypoint14 waypoint24)
-0.357: (communicate_image_data rover0 general objective3 high_res waypoint14 waypoint24)
-0.357: (take_image rover1 waypoint14 objective2 camera2 low_res)
-0.357: (take_image rover1 waypoint14 objective2 camera2 colour)
-0.168: (sample_rock rover0 rover0store waypoint14)
-0.166: (sample_rock rover0 rover0store waypoint14)
-0.128: (sample_rock rover0 rover0store waypoint14)
0.268: (navigate rover0 waypoint14 waypoint3)
0.269: (navigate rover0 waypoint14 waypoint3)
0.270: (navigate rover0 waypoint14 waypoint3)
0.516: (navigate rover1 waypoint14 waypoint22)
0.518: (navigate rover1 waypoint14 waypoint22)
0.541: (navigate rover1 waypoint14 waypoint22)
0.837: (sample_soil rover0 rover0store waypoint14)
-1.345: (communicate_rock_data rover0 general waypoint14 waypoint14 waypoint24)
[Final] Expanded: 650, Generated: 10298
Found a solution of length 103!
   1: (navigate rover1 waypoint11 waypoint4)
   2: (calibrate rover1 camera2 objective2 waypoint4)
   3: (navigate rover1 waypoint4 waypoint23)
   4: (sample_rock rover0 rover0store waypoint2)
   5: (take_image rover1 waypoint23 objective2 camera2 low_res)
   6: (communicate_rock_data rover0 general waypoint2 waypoint2 waypoint24)
   7: (calibrate rover1 camera1 objective0 waypoint23)
   8: (drop rover0 rover0store)
   9: (take_image rover1 waypoint23 objective0 camera1 colour)
  10: (calibrate rover1 camera2 objective2 waypoint23)
  11: (navigate rover0 waypoint2 waypoint1)
  12: (sample_rock rover0 rover0store waypoint1)
  13: (communicate_rock_data rover0 general waypoint1 waypoint1 waypoint24)
  14: (drop rover0 rover0store)
  15: (sample_soil rover0 rover0store waypoint1)
  16: (communicate_soil_data rover0 general waypoint1 waypoint1 waypoint24)
  17: (drop rover0 rover0store)
  18: (navigate rover0 waypoint1 waypoint8)
  19: (sample_rock rover0 rover0store waypoint8)
  20: (navigate rover0 waypoint8 waypoint1)
  21: (communicate_rock_data rover0 general waypoint8 waypoint1 waypoint24)
  22: (drop rover0 rover0store)
  23: (calibrate rover1 camera0 objective0 waypoint23)
  24: (calibrate rover1 camera1 objective0 waypoint23)
  25: (take_image rover1 waypoint23 objective2 camera2 colour)
  26: (calibrate rover1 camera2 objective2 waypoint23)
  27: (take_image rover1 waypoint23 objective0 camera0 low_res)
  28: (calibrate rover1 camera0 objective0 waypoint23)
  29: (take_image rover1 waypoint23 objective0 camera1 colour)
  30: (take_image rover1 waypoint23 objective0 camera0 low_res)
  31: (navigate rover0 waypoint1 waypoint7)
  32: (navigate rover0 waypoint7 waypoint12)
  33: (sample_rock rover0 rover0store waypoint12)
  34: (drop rover0 rover0store)
  35: (sample_soil rover0 rover0store waypoint12)
  36: (navigate rover0 waypoint12 waypoint7)
  37: (navigate rover0 waypoint7 waypoint1)
  38: (communicate_rock_data rover0 general waypoint12 waypoint1 waypoint24)
  39: (calibrate rover1 camera1 objective0 waypoint23)
  40: (communicate_soil_data rover0 general waypoint12 waypoint1 waypoint24)
  41: (calibrate rover1 camera0 objective0 waypoint23)
  42: (drop rover0 rover0store)
  43: (take_image rover1 waypoint23 objective0 camera2 low_res)
  44: (navigate rover0 waypoint1 waypoint2)
  45: (navigate rover0 waypoint2 waypoint22)
  46: (navigate rover0 waypoint22 waypoint13)
  47: (sample_rock rover0 rover0store waypoint13)
  48: (drop rover0 rover0store)
  49: (sample_soil rover0 rover0store waypoint13)
  50: (drop rover0 rover0store)
  51: (navigate rover0 waypoint13 waypoint22)
  52: (navigate rover0 waypoint22 waypoint2)
  53: (navigate rover0 waypoint2 waypoint1)
  54: (calibrate rover1 camera2 objective2 waypoint23)
  55: (communicate_soil_data rover0 general waypoint13 waypoint1 waypoint24)
  56: (communicate_rock_data rover0 general waypoint13 waypoint1 waypoint24)
  57: (navigate rover0 waypoint1 waypoint8)
  58: (take_image rover1 waypoint23 objective0 camera1 colour)
  59: (take_image rover1 waypoint23 objective0 camera2 low_res)
  60: (navigate rover0 waypoint8 waypoint1)
  61: (take_image rover1 waypoint23 objective0 camera0 low_res)
  62: (navigate rover0 waypoint1 waypoint7)
  63: (navigate rover0 waypoint7 waypoint23)
  64: (calibrate rover1 camera2 objective2 waypoint23)
  65: (calibrate rover0 camera3 objective0 waypoint23)
  66: (take_image rover0 waypoint23 objective2 camera3 high_res)
  67: (calibrate rover0 camera3 objective0 waypoint23)
  68: (take_image rover0 waypoint23 objective0 camera3 low_res)
  69: (calibrate rover0 camera3 objective0 waypoint23)
  70: (take_image rover0 waypoint23 objective2 camera3 low_res)
  71: (calibrate rover1 camera1 objective0 waypoint23)
  72: (calibrate rover0 camera3 objective0 waypoint23)
  73: (take_image rover0 waypoint23 objective0 camera3 high_res)
  74: (calibrate rover0 camera3 objective0 waypoint23)
  75: (calibrate rover1 camera0 objective0 waypoint23)
  76: (navigate rover0 waypoint23 waypoint7)
  77: (navigate rover0 waypoint7 waypoint1)
  78: (communicate_image_data rover0 general objective2 low_res waypoint1 waypoint24)
  79: (communicate_image_data rover0 general objective0 high_res waypoint1 waypoint24)
  80: (communicate_image_data rover0 general objective2 high_res waypoint1 waypoint24)
  81: (navigate rover0 waypoint1 waypoint8)
  82: (take_image rover0 waypoint8 objective3 camera3 high_res)
  83: (take_image rover1 waypoint23 objective2 camera2 low_res)
  84: (take_image rover1 waypoint23 objective0 camera0 low_res)
  85: (navigate rover1 waypoint23 waypoint4)
  86: (navigate rover1 waypoint4 waypoint11)
  87: (communicate_image_data rover1 general objective2 colour waypoint11 waypoint24)
  88: (navigate rover1 waypoint11 waypoint22)
  89: (navigate rover1 waypoint22 waypoint8)
  90: (take_image rover1 waypoint8 objective3 camera1 colour)
  91: (navigate rover1 waypoint8 waypoint22)
  92: (navigate rover1 waypoint22 waypoint14)
  93: (communicate_image_data rover1 general objective3 colour waypoint14 waypoint24)
  94: (communicate_image_data rover1 general objective0 low_res waypoint14 waypoint24)
  95: (communicate_image_data rover1 general objective0 colour waypoint14 waypoint24)
  96: (navigate rover0 waypoint8 waypoint1)
  97: (navigate rover0 waypoint1 waypoint2)
  98: (navigate rover0 waypoint2 waypoint3)
  99: (navigate rover0 waypoint3 waypoint14)
 100: (communicate_image_data rover0 general objective3 high_res waypoint14 waypoint24)
 101: (calibrate rover1 camera2 objective2 waypoint14)
 102: (sample_rock rover0 rover0store waypoint14)
 103: (communicate_rock_data rover0 general waypoint14 waypoint14 waypoint24)
