/u/ibrahim.eisawy/Neural-Guided-Search/venv/lib/python3.10/site-packages/pymimir_rgnn/model.py:151: UserWarning: index_reduce() is in beta and the API may change at any time. (Triggered internally at /pytorch/aten/src/ATen/native/cuda/Indexing.cu:1541.)
  max_msg.index_reduce_(0, output_indices, output_messages, reduce='amax', include_self=True)
Torch: 2.12.0+cu130
Using GPU:  NVIDIA L40S
59.973: (calibrate rover1 camera1 objective2 waypoint20)
59.999: (calibrate rover1 camera2 objective2 waypoint20)
60.075: (sample_soil rover0 rover0store waypoint9)
60.366: (navigate rover1 waypoint20 waypoint10)
60.415: (navigate rover0 waypoint9 waypoint14)
60.567: (navigate rover1 waypoint20 waypoint12)
60.704: (navigate rover0 waypoint9 waypoint8)
60.749: (navigate rover1 waypoint20 waypoint2)
60.794: (navigate rover0 waypoint9 waypoint13)
60.973: (navigate rover0 waypoint9 waypoint22)
59.037: (sample_soil rover1 rover1store waypoint10)
59.148: (drop rover0 rover0store)
59.181: (take_image rover1 waypoint20 objective1 camera2 high_res)
59.245: (communicate_soil_data rover0 general waypoint9 waypoint9 waypoint14)
59.247: (calibrate rover1 camera1 objective2 waypoint20)
59.248: (calibrate rover1 camera2 objective2 waypoint20)
59.269: (calibrate rover1 camera1 objective2 waypoint20)
59.270: (sample_soil rover0 rover0store waypoint9)
59.304: (calibrate rover1 camera2 objective2 waypoint20)
59.305: (sample_soil rover0 rover0store waypoint9)
58.106: (take_image rover1 waypoint20 objective1 camera2 high_res)
58.107: (calibrate rover1 camera1 objective2 waypoint20)
58.212: (calibrate rover1 camera1 objective2 waypoint10)
58.240: (calibrate rover1 camera2 objective2 waypoint10)
58.251: (drop rover1 rover1store)
58.285: (sample_soil rover0 rover0store waypoint9)
58.308: (communicate_soil_data rover0 general waypoint9 waypoint9 waypoint14)
58.308: (drop rover0 rover0store)
58.341: (calibrate rover1 camera1 objective2 waypoint20)
58.342: (drop rover0 rover0store)
57.391: (navigate rover1 waypoint20 waypoint10)
57.403: (sample_soil rover0 rover0store waypoint9)
57.421: (drop rover0 rover0store)
57.436: (drop rover1 rover1store)
57.437: (calibrate rover1 camera1 objective2 waypoint10)
57.446: (sample_soil rover0 rover0store waypoint9)
57.449: (calibrate rover1 camera1 objective2 waypoint10)
57.453: (communicate_soil_data rover0 general waypoint9 waypoint9 waypoint14)
57.462: (calibrate rover1 camera2 objective2 waypoint10)
57.462: (drop rover1 rover1store)
56.258: (sample_soil rover1 rover1store waypoint10)
56.472: (drop rover0 rover0store)
56.578: (calibrate rover1 camera1 objective2 waypoint10)
56.579: (drop rover0 rover0store)
56.588: (communicate_soil_data rover0 general waypoint9 waypoint9 waypoint14)
56.590: (drop rover0 rover0store)
56.590: (communicate_soil_data rover0 general waypoint9 waypoint9 waypoint14)
56.626: (calibrate rover1 camera2 objective2 waypoint10)
56.628: (calibrate rover1 camera1 objective2 waypoint10)
56.629: (communicate_soil_data rover0 general waypoint9 waypoint9 waypoint14)
55.454: (drop rover1 rover1store)
55.495: (sample_soil rover0 rover0store waypoint9)
55.641: (communicate_soil_data rover0 general waypoint9 waypoint9 waypoint14)
55.644: (take_image rover1 waypoint10 objective0 camera1 low_res)
55.644: (drop rover0 rover0store)
55.745: (navigate rover1 waypoint20 waypoint10)
55.758: (calibrate rover1 camera1 objective2 waypoint10)
55.759: (communicate_soil_data rover0 general waypoint9 waypoint9 waypoint14)
55.759: (drop rover0 rover0store)
55.792: (calibrate rover1 camera2 objective2 waypoint10)
54.612: (sample_soil rover1 rover1store waypoint10)
54.613: (drop rover0 rover0store)
54.682: (communicate_soil_data rover0 general waypoint9 waypoint9 waypoint14)
54.697: (sample_soil rover0 rover0store waypoint9)
54.698: (drop rover1 rover1store)
54.798: (drop rover1 rover1store)
54.800: (take_image rover1 waypoint10 objective0 camera1 low_res)
54.832: (navigate rover0 waypoint9 waypoint14)
54.880: (communicate_soil_data rover0 general waypoint9 waypoint9 waypoint14)
54.881: (navigate rover1 waypoint20 waypoint10)
53.798: (sample_soil rover1 rover1store waypoint10)
53.799: (drop rover0 rover0store)
53.799: (communicate_soil_data rover0 general waypoint9 waypoint9 waypoint14)
53.808: (drop rover1 rover1store)
53.808: (drop rover0 rover0store)
53.885: (drop rover1 rover1store)
53.886: (communicate_soil_data rover0 general waypoint9 waypoint9 waypoint14)
53.911: (take_image rover1 waypoint20 objective0 camera1 low_res)
53.991: (navigate rover0 waypoint9 waypoint14)
53.992: (navigate rover1 waypoint20 waypoint10)
52.953: (communicate_soil_data rover0 general waypoint9 waypoint9 waypoint14)
52.953: (drop rover0 rover0store)
52.954: (drop rover1 rover1store)
53.015: (navigate rover0 waypoint9 waypoint14)
53.017: (sample_soil rover1 rover1store waypoint10)
53.029: (navigate rover0 waypoint9 waypoint14)
53.067: (navigate rover1 waypoint20 waypoint10)
53.068: (take_image rover1 waypoint10 objective0 camera1 low_res)
53.077: (take_image rover1 waypoint10 objective0 camera1 low_res)
53.141: (sample_soil rover0 rover0store waypoint14)
51.966: (drop rover1 rover1store)
51.967: (navigate rover0 waypoint9 waypoint14)
51.976: (take_image rover1 waypoint10 objective0 camera1 low_res)
51.978: (drop rover1 rover1store)
52.006: (drop rover0 rover0store)
52.086: (take_image rover1 waypoint10 objective0 camera1 low_res)
52.118: (navigate rover0 waypoint9 waypoint14)
52.118: (sample_soil rover1 rover1store waypoint10)
52.118: (take_image rover1 waypoint10 objective0 camera1 low_res)
52.185: (sample_soil rover0 rover0store waypoint14)
51.008: (drop rover0 rover0store)
51.021: (drop rover1 rover1store)
51.022: (take_image rover1 waypoint10 objective0 camera1 low_res)
51.022: (navigate rover0 waypoint9 waypoint14)
51.124: (navigate rover1 waypoint20 waypoint10)
51.183: (sample_soil rover0 rover0store waypoint14)
51.228: (take_image rover1 waypoint10 objective0 camera1 low_res)
51.228: (sample_soil rover0 rover0store waypoint14)
51.313: (sample_soil rover0 rover0store waypoint14)
51.623: (navigate rover1 waypoint20 waypoint2)
50.018: (drop rover0 rover0store)
50.062: (take_image rover1 waypoint10 objective0 camera1 low_res)
50.062: (drop rover0 rover0store)
50.176: (drop rover0 rover0store)
50.177: (sample_soil rover1 rover1store waypoint10)
50.237: (drop rover1 rover1store)
50.237: (sample_soil rover0 rover0store waypoint14)
50.237: (take_image rover1 waypoint10 objective0 camera1 low_res)
50.413: (sample_rock rover1 rover1store waypoint10)
50.737: (sample_rock rover1 rover1store waypoint2)
49.080: (drop rover0 rover0store)
49.080: (drop rover1 rover1store)
49.080: (take_image rover1 waypoint10 objective0 camera1 low_res)
49.289: (drop rover1 rover1store)
49.616: (drop rover1 rover1store)
49.623: (navigate rover0 waypoint14 waypoint9)
49.729: (navigate rover0 waypoint14 waypoint4)
49.739: (navigate rover0 waypoint14 waypoint12)
49.759: (calibrate rover1 camera1 objective2 waypoint10)
49.771: (navigate rover0 waypoint14 waypoint9)
48.490: (communicate_soil_data rover0 general waypoint14 waypoint9 waypoint14)
48.586: (communicate_soil_data rover0 general waypoint14 waypoint4 waypoint14)
48.587: (communicate_soil_data rover0 general waypoint14 waypoint12 waypoint14)
48.589: (calibrate rover0 camera3 objective4 waypoint4)
48.611: (communicate_soil_data rover0 general waypoint14 waypoint9 waypoint14)
48.652: (take_image rover1 waypoint10 objective0 camera1 low_res)
48.653: (navigate rover0 waypoint14 waypoint9)
48.653: (drop rover1 rover1store)
48.731: (navigate rover0 waypoint14 waypoint4)
48.731: (take_image rover1 waypoint10 objective0 camera1 low_res)
46.941: (take_image rover0 waypoint4 objective4 camera3 colour)
47.451: (calibrate rover0 camera3 objective4 waypoint4)
47.452: (communicate_soil_data rover0 general waypoint14 waypoint4 waypoint14)
47.515: (take_image rover1 waypoint10 objective0 camera1 low_res)
47.516: (drop rover1 rover1store)
47.516: (communicate_soil_data rover0 general waypoint14 waypoint9 waypoint14)
47.586: (take_image rover1 waypoint10 objective0 camera1 low_res)
47.586: (communicate_soil_data rover0 general waypoint14 waypoint4 waypoint14)
47.595: (calibrate rover0 camera3 objective4 waypoint4)
47.596: (take_image rover1 waypoint10 objective0 camera1 low_res)
45.803: (take_image rover0 waypoint4 objective4 camera3 colour)
45.803: (communicate_soil_data rover0 general waypoint14 waypoint4 waypoint14)
45.935: (take_image rover0 waypoint4 objective4 camera3 colour)
45.936: (take_image rover1 waypoint10 objective0 camera1 low_res)
46.454: (communicate_soil_data rover0 general waypoint14 waypoint4 waypoint14)
46.454: (calibrate rover0 camera3 objective4 waypoint4)
46.454: (take_image rover1 waypoint10 objective0 camera1 low_res)
46.624: (calibrate rover0 camera3 objective4 waypoint4)
46.716: (calibrate rover1 camera2 objective2 waypoint10)
46.794: (sample_rock rover1 rover1store waypoint10)
44.790: (take_image rover1 waypoint10 objective0 camera1 low_res)
44.790: (take_image rover0 waypoint4 objective4 camera3 colour)
44.790: (communicate_soil_data rover0 general waypoint14 waypoint4 waypoint14)
45.313: (navigate rover1 waypoint10 waypoint1)
45.481: (communicate_soil_data rover0 general waypoint14 waypoint4 waypoint14)
45.481: (calibrate rover0 camera3 objective4 waypoint4)
45.573: (calibrate rover1 camera2 objective2 waypoint10)
45.573: (communicate_soil_data rover0 general waypoint14 waypoint4 waypoint14)
45.610: (sample_rock rover1 rover1store waypoint10)
45.610: (communicate_soil_data rover0 general waypoint14 waypoint4 waypoint14)
44.094: (drop rover1 rover1store)
44.101: (communicate_soil_data rover0 general waypoint14 waypoint4 waypoint14)
44.101: (navigate rover1 waypoint10 waypoint1)
44.450: (drop rover1 rover1store)
44.470: (take_image rover1 waypoint10 objective0 camera1 low_res)
44.470: (calibrate rover0 camera3 objective4 waypoint4)
44.513: (calibrate rover1 camera1 objective2 waypoint10)
44.528: (calibrate rover1 camera2 objective2 waypoint10)
44.529: (take_image rover1 waypoint10 objective0 camera1 low_res)
44.625: (navigate rover1 waypoint10 waypoint1)
42.917: (drop rover1 rover1store)
42.917: (communicate_soil_data rover0 general waypoint14 waypoint4 waypoint14)
42.917: (navigate rover1 waypoint10 waypoint1)
43.494: (take_image rover1 waypoint10 objective0 camera1 low_res)
43.571: (sample_soil rover1 rover1store waypoint1)
43.779: (calibrate rover0 camera3 objective4 waypoint4)
43.784: (calibrate rover0 camera3 objective4 waypoint4)
43.802: (take_image rover0 waypoint4 objective0 camera3 colour)
43.821: (navigate rover1 waypoint10 waypoint20)
43.881: (calibrate rover1 camera2 objective2 waypoint1)
42.008: (navigate rover1 waypoint10 waypoint1)
42.354: (sample_soil rover1 rover1store waypoint1)
42.355: (communicate_soil_data rover0 general waypoint14 waypoint4 waypoint14)
42.367: (drop rover1 rover1store)
42.598: (drop rover1 rover1store)
42.598: (communicate_soil_data rover0 general waypoint14 waypoint4 waypoint14)
42.598: (calibrate rover0 camera3 objective4 waypoint4)
42.702: (calibrate rover1 camera2 objective2 waypoint1)
42.703: (communicate_soil_data rover0 general waypoint14 waypoint4 waypoint14)
42.914: (take_image rover1 waypoint20 objective0 camera1 low_res)
41.180: (communicate_soil_data rover0 general waypoint14 waypoint4 waypoint14)
41.181: (drop rover1 rover1store)
41.482: (sample_soil rover1 rover1store waypoint1)
41.657: (calibrate rover1 camera1 objective2 waypoint1)
41.688: (calibrate rover0 camera3 objective4 waypoint4)
41.697: (calibrate rover1 camera2 objective2 waypoint1)
42.039: (calibrate rover0 camera3 objective4 waypoint4)
42.040: (sample_soil rover1 rover1store waypoint1)
42.057: (calibrate rover0 camera3 objective4 waypoint4)
42.061: (take_image rover0 waypoint4 objective0 camera3 colour)
40.293: (drop rover1 rover1store)
40.867: (drop rover1 rover1store)
40.868: (calibrate rover0 camera3 objective4 waypoint4)
40.868: (communicate_soil_data rover0 general waypoint14 waypoint4 waypoint14)
40.965: (calibrate rover1 camera2 objective2 waypoint1)
40.993: (take_image rover0 waypoint4 objective0 camera3 colour)
41.124: (sample_soil rover1 rover1store waypoint1)
41.124: (calibrate rover1 camera1 objective2 waypoint1)
41.160: (sample_soil rover1 rover1store waypoint1)
41.160: (calibrate rover1 camera2 objective2 waypoint1)
39.928: (calibrate rover1 camera1 objective2 waypoint1)
39.928: (drop rover1 rover1store)
39.969: (calibrate rover1 camera2 objective2 waypoint1)
39.970: (drop rover1 rover1store)
39.979: (calibrate rover0 camera3 objective4 waypoint4)
40.135: (communicate_image_data rover0 general objective4 colour waypoint4 waypoint14)
40.306: (take_image rover0 waypoint4 objective0 camera3 colour)
40.319: (navigate rover1 waypoint1 waypoint10)
40.457: (sample_soil rover1 rover1store waypoint1)
40.647: (calibrate rover1 camera1 objective2 waypoint1)
39.272: (take_image rover0 waypoint4 objective0 camera3 colour)
39.272: (drop rover1 rover1store)
39.446: (communicate_image_data rover0 general objective4 colour waypoint4 waypoint14)
39.573: (sample_soil rover1 rover1store waypoint1)
39.576: (communicate_image_data rover0 general objective4 colour waypoint4 waypoint14)
39.609: (calibrate rover0 camera3 objective4 waypoint4)
39.609: (calibrate rover1 camera1 objective2 waypoint1)
39.657: (calibrate rover0 camera3 objective4 waypoint4)
39.657: (calibrate rover1 camera2 objective2 waypoint1)
39.715: (calibrate rover1 camera2 objective2 waypoint1)
38.397: (communicate_image_data rover0 general objective4 colour waypoint4 waypoint14)
38.397: (drop rover1 rover1store)
38.911: (take_image rover0 waypoint4 objective0 camera3 colour)
38.911: (calibrate rover1 camera1 objective2 waypoint1)
38.961: (take_image rover0 waypoint4 objective0 camera3 colour)
38.963: (calibrate rover1 camera2 objective2 waypoint1)
39.117: (calibrate rover0 camera3 objective4 waypoint4)
39.160: (communicate_image_data rover0 general objective0 colour waypoint4 waypoint14)
39.223: (calibrate rover1 camera1 objective2 waypoint1)
39.245: (calibrate rover1 camera2 objective2 waypoint1)
38.037: (drop rover1 rover1store)
38.037: (communicate_image_data rover0 general objective4 colour waypoint4 waypoint14)
38.038: (calibrate rover1 camera1 objective2 waypoint1)
38.111: (communicate_image_data rover0 general objective4 colour waypoint4 waypoint14)
38.111: (calibrate rover1 camera2 objective2 waypoint1)
38.262: (calibrate rover0 camera3 objective4 waypoint4)
38.263: (communicate_image_data rover0 general objective4 colour waypoint4 waypoint14)
38.459: (navigate rover1 waypoint1 waypoint10)
38.479: (communicate_image_data rover0 general objective4 colour waypoint4 waypoint14)
38.480: (communicate_image_data rover0 general objective0 colour waypoint4 waypoint14)
37.869: (calibrate rover1 camera2 objective2 waypoint1)
37.869: (calibrate rover1 camera1 objective2 waypoint1)
37.900: (navigate rover1 waypoint10 waypoint20)
37.905: (calibrate rover1 camera1 objective2 waypoint1)
37.905: (calibrate rover0 camera3 objective4 waypoint4)
37.959: (calibrate rover0 camera3 objective4 waypoint4)
37.960: (calibrate rover1 camera2 objective2 waypoint1)
38.018: (communicate_image_data rover0 general objective0 colour waypoint4 waypoint14)
38.018: (calibrate rover0 camera3 objective4 waypoint4)
38.086: (navigate rover1 waypoint10 waypoint5)
37.276: (navigate rover1 waypoint20 waypoint2)
37.575: (calibrate rover1 camera1 objective2 waypoint20)
37.637: (calibrate rover1 camera2 objective2 waypoint20)
37.658: (calibrate rover1 camera1 objective2 waypoint1)
37.659: (communicate_image_data rover0 general objective0 colour waypoint4 waypoint14)
37.719: (calibrate rover1 camera2 objective2 waypoint1)
37.719: (communicate_image_data rover0 general objective0 colour waypoint4 waypoint14)
37.725: (calibrate rover0 camera3 objective4 waypoint4)
37.725: (calibrate rover1 camera2 objective2 waypoint1)
37.726: (calibrate rover1 camera1 objective2 waypoint1)
36.472: (sample_rock rover1 rover1store waypoint2)
36.982: (navigate rover1 waypoint20 waypoint2)
37.061: (navigate rover1 waypoint20 waypoint2)
37.126: (calibrate rover0 camera3 objective4 waypoint4)
37.229: (navigate rover1 waypoint2 waypoint3)
37.370: (navigate rover1 waypoint20 waypoint0)
37.370: (communicate_image_data rover0 general objective0 colour waypoint4 waypoint14)
37.380: (calibrate rover1 camera1 objective2 waypoint20)
37.380: (calibrate rover1 camera2 objective2 waypoint20)
37.426: (navigate rover1 waypoint20 waypoint0)
35.255: (drop rover1 rover1store)
36.102: (navigate rover1 waypoint2 waypoint6)
36.105: (take_image rover1 waypoint2 objective3 camera2 high_res)
36.126: (take_image rover1 waypoint2 objective3 camera1 low_res)
36.155: (sample_rock rover1 rover1store waypoint2)
36.186: (sample_rock rover1 rover1store waypoint2)
36.231: (navigate rover1 waypoint2 waypoint3)
36.313: (sample_rock rover1 rover1store waypoint2)
36.314: (calibrate rover0 camera3 objective4 waypoint4)
36.368: (take_image rover1 waypoint0 objective3 camera2 high_res)
34.930: (drop rover1 rover1store)
34.973: (drop rover1 rover1store)
34.995: (navigate rover1 waypoint2 waypoint6)
34.995: (drop rover1 rover1store)
35.096: (calibrate rover0 camera3 objective4 waypoint4)
35.098: (drop rover1 rover1store)
35.108: (drop rover1 rover1store)
35.110: (navigate rover1 waypoint2 waypoint3)
35.170: (sample_rock rover1 rover1store waypoint2)
35.170: (take_image rover1 waypoint2 objective3 camera2 high_res)
33.962: (take_image rover1 waypoint2 objective3 camera2 high_res)
33.962: (drop rover1 rover1store)
33.975: (take_image rover1 waypoint2 objective3 camera1 low_res)
34.391: (sample_rock rover1 rover1store waypoint6)
34.585: (sample_rock rover1 rover1store waypoint3)
34.661: (calibrate rover1 camera0 objective4 waypoint6)
34.716: (navigate rover1 waypoint2 waypoint6)
34.772: (calibrate rover0 camera3 objective4 waypoint4)
34.798: (calibrate rover0 camera3 objective4 waypoint4)
34.802: (navigate rover1 waypoint2 waypoint6)
33.246: (drop rover1 rover1store)
33.391: (drop rover1 rover1store)
33.556: (navigate rover1 waypoint3 waypoint18)
33.831: (take_image rover1 waypoint2 objective3 camera2 high_res)
33.832: (calibrate rover0 camera3 objective4 waypoint4)
33.851: (calibrate rover0 camera3 objective4 waypoint4)
33.851: (take_image rover1 waypoint2 objective3 camera1 low_res)
33.866: (navigate rover1 waypoint6 waypoint2)
33.871: (navigate rover1 waypoint2 waypoint6)
33.889: (navigate rover1 waypoint2 waypoint6)
32.398: (drop rover1 rover1store)
32.398: (navigate rover1 waypoint3 waypoint18)
32.693: (drop rover1 rover1store)
32.693: (navigate rover1 waypoint6 waypoint2)
32.789: (navigate rover1 waypoint3 waypoint2)
32.893: (navigate rover1 waypoint2 waypoint3)
32.898: (calibrate rover1 camera0 objective4 waypoint6)
33.113: (calibrate rover1 camera1 objective2 waypoint3)
33.114: (calibrate rover0 camera3 objective4 waypoint4)
33.169: (calibrate rover1 camera0 objective4 waypoint18)
31.316: (sample_rock rover1 rover1store waypoint18)
31.777: (navigate rover1 waypoint2 waypoint3)
31.777: (drop rover1 rover1store)
31.949: (navigate rover1 waypoint2 waypoint6)
32.008: (drop rover1 rover1store)
32.008: (calibrate rover1 camera0 objective4 waypoint18)
32.120: (navigate rover1 waypoint3 waypoint18)
32.120: (calibrate rover1 camera1 objective2 waypoint18)
32.146: (calibrate rover1 camera2 objective2 waypoint18)
32.220: (navigate rover1 waypoint6 waypoint2)
30.137: (drop rover1 rover1store)
30.748: (sample_rock rover1 rover1store waypoint3)
30.822: (sample_rock rover1 rover1store waypoint18)
30.823: (calibrate rover1 camera0 objective4 waypoint18)
30.998: (sample_rock rover1 rover1store waypoint18)
30.999: (calibrate rover1 camera1 objective2 waypoint18)
31.001: (sample_rock rover1 rover1store waypoint18)
31.001: (calibrate rover1 camera2 objective2 waypoint18)
31.162: (take_image rover1 waypoint18 objective3 camera0 high_res)
31.162: (take_image rover1 waypoint18 objective3 camera2 high_res)
29.562: (drop rover1 rover1store)
29.649: (calibrate rover1 camera0 objective4 waypoint18)
29.650: (drop rover1 rover1store)
29.813: (drop rover1 rover1store)
29.814: (calibrate rover1 camera1 objective2 waypoint18)
29.824: (calibrate rover1 camera2 objective2 waypoint18)
29.825: (drop rover1 rover1store)
29.828: (navigate rover1 waypoint3 waypoint18)
29.973: (take_image rover1 waypoint18 objective3 camera0 high_res)
29.974: (take_image rover1 waypoint18 objective3 camera2 high_res)
28.688: (navigate rover1 waypoint3 waypoint18)
28.690: (drop rover1 rover1store)
28.796: (take_image rover1 waypoint18 objective3 camera0 high_res)
28.796: (drop rover1 rover1store)
28.796: (take_image rover1 waypoint18 objective3 camera2 high_res)
28.822: (take_image rover1 waypoint18 objective3 camera0 low_res)
28.823: (take_image rover1 waypoint18 objective3 camera1 low_res)
29.275: (calibrate rover1 camera1 objective2 waypoint3)
29.363: (calibrate rover1 camera2 objective2 waypoint3)
29.375: (calibrate rover1 camera0 objective4 waypoint18)
28.235: (calibrate rover1 camera0 objective4 waypoint18)
28.235: (drop rover1 rover1store)
28.365: (calibrate rover1 camera1 objective2 waypoint18)
28.366: (navigate rover1 waypoint3 waypoint18)
28.396: (calibrate rover1 camera0 objective4 waypoint18)
28.407: (navigate rover1 waypoint3 waypoint18)
28.408: (calibrate rover1 camera2 objective2 waypoint18)
28.424: (calibrate rover1 camera0 objective4 waypoint18)
28.481: (sample_rock rover1 rover1store waypoint18)
28.528: (calibrate rover0 camera3 objective4 waypoint4)
27.309: (drop rover1 rover1store)
27.452: (take_image rover1 waypoint18 objective3 camera0 high_res)
27.453: (take_image rover1 waypoint18 objective3 camera2 high_res)
27.474: (take_image rover1 waypoint18 objective3 camera1 low_res)
27.475: (take_image rover1 waypoint18 objective3 camera0 low_res)
27.893: (calibrate rover1 camera0 objective4 waypoint18)
27.894: (sample_rock rover1 rover1store waypoint18)
28.046: (calibrate rover0 camera3 objective4 waypoint4)
28.048: (calibrate rover1 camera0 objective4 waypoint18)
28.104: (calibrate rover1 camera2 objective2 waypoint18)
26.725: (drop rover1 rover1store)
26.726: (calibrate rover1 camera0 objective4 waypoint18)
26.933: (drop rover1 rover1store)
26.934: (calibrate rover1 camera2 objective2 waypoint18)
26.942: (calibrate rover1 camera1 objective2 waypoint18)
27.037: (take_image rover1 waypoint18 objective3 camera2 high_res)
27.038: (take_image rover1 waypoint18 objective3 camera0 high_res)
27.039: (sample_rock rover1 rover1store waypoint18)
27.064: (take_image rover1 waypoint18 objective3 camera0 low_res)
27.065: (sample_rock rover1 rover1store waypoint18)
25.892: (take_image rover1 waypoint18 objective3 camera2 high_res)
25.892: (take_image rover1 waypoint18 objective3 camera0 high_res)
25.893: (drop rover1 rover1store)
25.919: (drop rover1 rover1store)
25.919: (take_image rover1 waypoint18 objective3 camera1 low_res)
25.919: (take_image rover1 waypoint18 objective3 camera0 low_res)
26.543: (calibrate rover0 camera3 objective4 waypoint4)
26.628: (calibrate rover1 camera0 objective4 waypoint18)
26.639: (calibrate rover1 camera0 objective4 waypoint18)
26.639: (calibrate rover1 camera1 objective2 waypoint18)
25.477: (drop rover1 rover1store)
25.477: (calibrate rover1 camera0 objective4 waypoint18)
25.506: (calibrate rover1 camera0 objective4 waypoint18)
25.507: (take_image rover1 waypoint18 objective3 camera1 low_res)
25.689: (calibrate rover1 camera2 objective2 waypoint18)
25.713: (calibrate rover1 camera2 objective2 waypoint18)
25.731: (calibrate rover1 camera1 objective2 waypoint18)
25.732: (take_image rover1 waypoint18 objective3 camera0 high_res)
25.760: (calibrate rover1 camera1 objective2 waypoint18)
25.761: (take_image rover1 waypoint18 objective3 camera0 low_res)
25.348: (calibrate rover0 camera3 objective4 waypoint4)
25.370: (calibrate rover0 camera3 objective4 waypoint4)
25.428: (calibrate rover1 camera1 objective2 waypoint18)
25.428: (calibrate rover1 camera2 objective2 waypoint18)
25.435: (calibrate rover1 camera0 objective4 waypoint18)
25.436: (calibrate rover1 camera2 objective2 waypoint18)
25.454: (calibrate rover1 camera2 objective2 waypoint18)
25.454: (calibrate rover1 camera1 objective2 waypoint18)
25.455: (calibrate rover1 camera2 objective2 waypoint18)
25.456: (calibrate rover1 camera0 objective4 waypoint18)
25.188: (communicate_image_data rover0 general objective0 colour waypoint4 waypoint14)
25.252: (communicate_image_data rover0 general objective0 colour waypoint4 waypoint14)
25.302: (calibrate rover0 camera3 objective4 waypoint4)
25.303: (calibrate rover1 camera2 objective2 waypoint18)
25.317: (calibrate rover1 camera2 objective2 waypoint18)
25.318: (calibrate rover0 camera3 objective4 waypoint4)
25.319: (calibrate rover0 camera3 objective4 waypoint4)
25.335: (calibrate rover1 camera1 objective2 waypoint18)
25.338: (calibrate rover0 camera3 objective4 waypoint4)
25.351: (calibrate rover1 camera0 objective4 waypoint18)
25.143: (communicate_image_data rover0 general objective0 colour waypoint4 waypoint14)
25.150: (calibrate rover1 camera2 objective2 waypoint18)
25.150: (communicate_image_data rover0 general objective0 colour waypoint4 waypoint14)
25.162: (calibrate rover1 camera1 objective2 waypoint18)
25.164: (communicate_image_data rover0 general objective0 colour waypoint4 waypoint14)
25.194: (calibrate rover1 camera2 objective2 waypoint18)
25.194: (communicate_image_data rover0 general objective0 colour waypoint4 waypoint14)
25.204: (communicate_image_data rover0 general objective0 colour waypoint4 waypoint14)
25.218: (calibrate rover1 camera0 objective4 waypoint18)
25.219: (calibrate rover1 camera2 objective2 waypoint18)
25.053: (communicate_image_data rover0 general objective0 colour waypoint4 waypoint14)
25.054: (calibrate rover1 camera1 objective2 waypoint18)
25.055: (calibrate rover1 camera0 objective4 waypoint18)
25.056: (calibrate rover1 camera2 objective2 waypoint18)
25.057: (take_image rover1 waypoint18 objective4 camera1 low_res)
25.061: (take_image rover1 waypoint18 objective4 camera2 high_res)
25.113: (calibrate rover1 camera1 objective2 waypoint18)
25.116: (calibrate rover1 camera0 objective4 waypoint18)
25.143: (take_image rover1 waypoint18 objective4 camera2 high_res)
25.180: (take_image rover1 waypoint18 objective0 camera2 high_res)
25.024: (take_image rover1 waypoint18 objective4 camera1 low_res)
25.024: (calibrate rover1 camera2 objective2 waypoint18)
25.040: (calibrate rover1 camera2 objective2 waypoint18)
25.048: (calibrate rover1 camera1 objective2 waypoint18)
25.049: (take_image rover1 waypoint18 objective4 camera0 low_res)
25.050: (take_image rover1 waypoint18 objective4 camera2 high_res)
25.050: (calibrate rover1 camera1 objective2 waypoint18)
25.051: (take_image rover1 waypoint18 objective4 camera0 high_res)
25.072: (take_image rover1 waypoint18 objective4 camera1 low_res)
25.092: (calibrate rover1 camera2 objective2 waypoint18)
24.955: (calibrate rover1 camera2 objective2 waypoint18)
24.956: (calibrate rover1 camera0 objective4 waypoint18)
24.957: (calibrate rover1 camera1 objective2 waypoint18)
24.957: (calibrate rover1 camera1 objective2 waypoint18)
24.958: (calibrate rover1 camera2 objective2 waypoint18)
24.958: (calibrate rover1 camera0 objective4 waypoint18)
24.969: (take_image rover1 waypoint18 objective4 camera1 low_res)
24.969: (take_image rover1 waypoint18 objective4 camera2 high_res)
25.008: (calibrate rover1 camera1 objective2 waypoint18)
25.025: (calibrate rover1 camera1 objective2 waypoint18)
24.951: (take_image rover1 waypoint18 objective4 camera0 low_res)
24.952: (take_image rover1 waypoint18 objective4 camera0 high_res)
24.964: (take_image rover1 waypoint18 objective4 camera1 low_res)
24.966: (calibrate rover1 camera2 objective2 waypoint18)
24.984: (calibrate rover1 camera1 objective2 waypoint18)
24.984: (take_image rover1 waypoint18 objective4 camera2 high_res)
25.007: (take_image rover1 waypoint18 objective4 camera0 low_res)
25.007: (take_image rover1 waypoint18 objective4 camera0 high_res)
25.010: (take_image rover1 waypoint18 objective4 camera1 low_res)
25.022: (take_image rover1 waypoint18 objective3 camera1 low_res)
24.895: (calibrate rover1 camera0 objective4 waypoint18)
24.895: (calibrate rover1 camera1 objective2 waypoint18)
24.895: (calibrate rover1 camera2 objective2 waypoint18)
24.947: (calibrate rover1 camera0 objective4 waypoint18)
24.948: (calibrate rover1 camera1 objective2 waypoint18)
24.960: (calibrate rover1 camera1 objective2 waypoint18)
24.963: (take_image rover1 waypoint18 objective0 camera2 high_res)
24.974: (take_image rover1 waypoint18 objective0 camera2 high_res)
24.974: (take_image rover1 waypoint18 objective3 camera2 high_res)
24.975: (take_image rover1 waypoint18 objective3 camera1 low_res)
24.945: (take_image rover1 waypoint18 objective0 camera0 high_res)
24.953: (take_image rover1 waypoint18 objective0 camera0 high_res)
24.953: (take_image rover1 waypoint18 objective4 camera0 high_res)
24.954: (take_image rover1 waypoint18 objective3 camera0 high_res)
24.954: (take_image rover1 waypoint18 objective3 camera0 low_res)
24.957: (take_image rover1 waypoint18 objective1 camera0 low_res)
24.961: (calibrate rover1 camera2 objective2 waypoint18)
24.965: (take_image rover1 waypoint18 objective3 camera1 low_res)
24.966: (calibrate rover1 camera2 objective2 waypoint18)
24.968: (take_image rover1 waypoint18 objective1 camera1 low_res)
24.889: (calibrate rover1 camera1 objective2 waypoint18)
24.889: (calibrate rover1 camera0 objective4 waypoint18)
24.900: (calibrate rover1 camera1 objective2 waypoint18)
24.900: (calibrate rover1 camera0 objective4 waypoint18)
24.901: (calibrate rover1 camera0 objective4 waypoint18)
24.901: (calibrate rover1 camera1 objective2 waypoint18)
24.901: (calibrate rover1 camera0 objective4 waypoint18)
24.968: (take_image rover1 waypoint18 objective0 camera2 high_res)
24.971: (take_image rover1 waypoint18 objective0 camera2 high_res)
24.979: (take_image rover1 waypoint18 objective1 camera2 high_res)
24.947: (take_image rover1 waypoint18 objective3 camera0 high_res)
24.947: (take_image rover1 waypoint18 objective3 camera0 low_res)
24.947: (take_image rover1 waypoint18 objective0 camera0 high_res)
24.950: (take_image rover1 waypoint18 objective0 camera0 high_res)
24.950: (take_image rover1 waypoint18 objective1 camera0 low_res)
24.956: (take_image rover1 waypoint18 objective1 camera0 low_res)
24.956: (take_image rover1 waypoint18 objective1 camera0 low_res)
24.957: (take_image rover1 waypoint18 objective3 camera0 low_res)
24.963: (take_image rover1 waypoint18 objective3 camera1 low_res)
24.964: (calibrate rover1 camera2 objective2 waypoint18)
24.895: (calibrate rover1 camera1 objective2 waypoint18)
24.896: (calibrate rover1 camera0 objective4 waypoint18)
24.898: (calibrate rover1 camera0 objective4 waypoint18)
24.904: (calibrate rover1 camera0 objective4 waypoint18)
24.905: (calibrate rover1 camera0 objective4 waypoint18)
25.074: (take_image rover1 waypoint18 objective2 camera2 high_res)
25.089: (take_image rover1 waypoint18 objective1 camera0 low_res)
25.091: (take_image rover1 waypoint18 objective0 camera0 high_res)
25.091: (take_image rover1 waypoint18 objective1 camera0 high_res)
25.091: (take_image rover1 waypoint18 objective0 camera0 low_res)
24.949: (calibrate rover1 camera1 objective2 waypoint18)
24.949: (take_image rover1 waypoint18 objective1 camera0 low_res)
24.949: (take_image rover1 waypoint18 objective3 camera0 low_res)
24.950: (take_image rover1 waypoint18 objective0 camera0 high_res)
24.950: (take_image rover1 waypoint18 objective3 camera0 high_res)
24.963: (calibrate rover1 camera0 objective4 waypoint18)
24.964: (take_image rover1 waypoint18 objective1 camera1 low_res)
24.964: (take_image rover1 waypoint18 objective3 camera1 low_res)
24.967: (take_image rover1 waypoint18 objective0 camera1 low_res)
24.967: (take_image rover1 waypoint18 objective3 camera1 low_res)
24.898: (calibrate rover1 camera1 objective2 waypoint18)
24.899: (calibrate rover1 camera0 objective4 waypoint18)
24.970: (take_image rover1 waypoint18 objective3 camera2 high_res)
24.970: (take_image rover1 waypoint18 objective1 camera2 high_res)
24.970: (take_image rover1 waypoint18 objective0 camera2 high_res)
24.970: (take_image rover1 waypoint18 objective4 camera2 high_res)
24.971: (take_image rover1 waypoint18 objective0 camera2 high_res)
24.978: (take_image rover1 waypoint18 objective4 camera2 high_res)
24.978: (take_image rover1 waypoint18 objective3 camera2 high_res)
24.978: (take_image rover1 waypoint18 objective1 camera2 high_res)
24.994: (calibrate rover1 camera1 objective2 waypoint18)
24.994: (take_image rover1 waypoint18 objective0 camera2 high_res)
24.994: (take_image rover1 waypoint18 objective1 camera2 high_res)
24.994: (take_image rover1 waypoint18 objective4 camera2 high_res)
24.994: (take_image rover1 waypoint18 objective3 camera2 high_res)
25.001: (calibrate rover1 camera1 objective2 waypoint18)
25.019: (take_image rover1 waypoint18 objective2 camera0 low_res)
25.023: (take_image rover1 waypoint18 objective2 camera0 high_res)
25.045: (take_image rover1 waypoint18 objective2 camera1 low_res)
25.080: (take_image rover1 waypoint18 objective2 camera2 high_res)
24.983: (calibrate rover1 camera1 objective2 waypoint18)
24.983: (calibrate rover1 camera0 objective4 waypoint18)
24.983: (calibrate rover1 camera2 objective2 waypoint18)
24.984: (calibrate rover1 camera0 objective4 waypoint18)
25.054: (take_image rover1 waypoint18 objective2 camera1 low_res)
25.055: (take_image rover1 waypoint18 objective2 camera2 high_res)
25.069: (take_image rover1 waypoint18 objective0 camera2 high_res)
25.069: (take_image rover1 waypoint18 objective1 camera2 high_res)
25.069: (take_image rover1 waypoint18 objective3 camera2 high_res)
25.069: (take_image rover1 waypoint18 objective4 camera2 high_res)
25.018: (take_image rover1 waypoint18 objective2 camera0 high_res)
25.019: (take_image rover1 waypoint18 objective2 camera0 low_res)
25.041: (calibrate rover1 camera2 objective2 waypoint18)
25.041: (take_image rover1 waypoint18 objective2 camera1 low_res)
25.064: (take_image rover1 waypoint18 objective0 camera1 low_res)
25.064: (take_image rover1 waypoint18 objective1 camera1 low_res)
25.064: (take_image rover1 waypoint18 objective4 camera1 low_res)
25.064: (take_image rover1 waypoint18 objective3 camera1 low_res)
25.070: (take_image rover1 waypoint18 objective2 camera2 high_res)
25.072: (calibrate rover1 camera1 objective2 waypoint18)
24.982: (calibrate rover1 camera2 objective2 waypoint18)
24.983: (calibrate rover1 camera0 objective4 waypoint18)
24.984: (calibrate rover1 camera1 objective2 waypoint18)
25.080: (take_image rover1 waypoint18 objective0 camera2 high_res)
25.080: (take_image rover1 waypoint18 objective4 camera2 high_res)
25.080: (take_image rover1 waypoint18 objective3 camera2 high_res)
25.080: (take_image rover1 waypoint18 objective1 camera2 high_res)
25.080: (take_image rover1 waypoint18 objective2 camera2 high_res)
25.175: (take_image rover1 waypoint18 objective4 camera0 low_res)
25.175: (take_image rover1 waypoint18 objective2 camera0 low_res)
25.273: (take_image rover1 waypoint18 objective2 camera0 low_res)
25.273: (take_image rover1 waypoint18 objective0 camera2 high_res)
25.273: (take_image rover1 waypoint18 objective1 camera2 high_res)
25.273: (take_image rover1 waypoint18 objective2 camera2 high_res)
25.274: (take_image rover1 waypoint18 objective3 camera2 high_res)
25.274: (take_image rover1 waypoint18 objective4 camera2 high_res)
25.278: (take_image rover1 waypoint18 objective3 camera0 low_res)
25.278: (take_image rover1 waypoint18 objective4 camera0 low_res)
25.278: (take_image rover1 waypoint18 objective1 camera0 low_res)
25.278: (take_image rover1 waypoint18 objective4 camera0 high_res)
25.184: (calibrate rover1 camera2 objective2 waypoint18)
25.235: (calibrate rover1 camera1 objective2 waypoint18)
25.236: (calibrate rover1 camera1 objective2 waypoint18)
25.618: (take_image rover0 waypoint4 objective2 camera3 colour)
25.621: (take_image rover0 waypoint4 objective2 camera3 colour)
25.716: (take_image rover0 waypoint4 objective0 camera3 colour)
25.716: (take_image rover0 waypoint4 objective4 camera3 colour)
25.722: (take_image rover0 waypoint4 objective4 camera3 colour)
25.722: (take_image rover0 waypoint4 objective0 camera3 colour)
25.908: (navigate rover0 waypoint4 waypoint14)
25.205: (calibrate rover0 camera3 objective4 waypoint4)
25.206: (calibrate rover0 camera3 objective4 waypoint4)
25.243: (navigate rover0 waypoint14 waypoint9)
25.440: (navigate rover0 waypoint14 waypoint12)
25.451: (calibrate rover1 camera0 objective4 waypoint18)
25.451: (calibrate rover1 camera0 objective4 waypoint18)
25.536: (calibrate rover1 camera2 objective2 waypoint18)
25.543: (take_image rover0 waypoint4 objective2 camera3 colour)
25.543: (calibrate rover1 camera2 objective2 waypoint18)
25.553: (calibrate rover1 camera0 objective4 waypoint18)
24.230: (navigate rover0 waypoint9 waypoint23)
24.979: (calibrate rover0 camera3 objective4 waypoint4)
24.979: (calibrate rover1 camera0 objective4 waypoint18)
24.996: (calibrate rover0 camera3 objective4 waypoint4)
24.998: (calibrate rover1 camera0 objective4 waypoint18)
25.031: (calibrate rover1 camera0 objective4 waypoint18)
25.107: (calibrate rover0 camera3 objective4 waypoint4)
25.108: (calibrate rover0 camera3 objective4 waypoint4)
25.109: (calibrate rover1 camera2 objective2 waypoint18)
25.112: (calibrate rover1 camera2 objective2 waypoint18)
23.605: (sample_soil rover0 rover0store waypoint23)
24.054: (calibrate rover1 camera0 objective4 waypoint18)
24.055: (navigate rover0 waypoint9 waypoint23)
24.141: (calibrate rover1 camera2 objective2 waypoint18)
24.201: (calibrate rover1 camera1 objective2 waypoint18)
24.517: (take_image rover0 waypoint23 objective3 camera3 colour)
24.567: (take_image rover0 waypoint23 objective1 camera3 colour)
24.664: (take_image rover0 waypoint23 objective0 camera3 colour)
24.664: (take_image rover0 waypoint23 objective4 camera3 colour)
24.887: (navigate rover1 waypoint18 waypoint3)
22.256: (communicate_soil_data rover0 general waypoint23 waypoint23 waypoint14)
22.511: (drop rover0 rover0store)
22.621: (communicate_image_data rover0 general objective1 colour waypoint23 waypoint14)
23.147: (navigate rover0 waypoint23 waypoint9)
23.405: (sample_soil rover0 rover0store waypoint23)
23.406: (calibrate rover1 camera0 objective4 waypoint18)
23.420: (navigate rover0 waypoint23 waypoint5)
23.507: (sample_soil rover0 rover0store waypoint23)
23.507: (calibrate rover1 camera2 objective2 waypoint18)
23.554: (navigate rover0 waypoint23 waypoint1)
21.191: (drop rover0 rover0store)
21.192: (communicate_soil_data rover0 general waypoint23 waypoint23 waypoint14)
22.001: (navigate rover0 waypoint23 waypoint9)
22.002: (communicate_soil_data rover0 general waypoint23 waypoint9 waypoint14)
22.007: (navigate rover0 waypoint23 waypoint9)
22.007: (drop rover0 rover0store)
22.043: (communicate_soil_data rover0 general waypoint23 waypoint23 waypoint14)
22.044: (calibrate rover1 camera0 objective4 waypoint18)
22.072: (sample_soil rover0 rover0store waypoint23)
22.143: (communicate_soil_data rover0 general waypoint23 waypoint23 waypoint14)
20.858: (communicate_soil_data rover0 general waypoint23 waypoint23 waypoint14)
20.869: (drop rover0 rover0store)
20.869: (communicate_soil_data rover0 general waypoint23 waypoint9 waypoint14)
20.870: (navigate rover0 waypoint23 waypoint9)
20.971: (drop rover0 rover0store)
20.972: (calibrate rover1 camera0 objective4 waypoint18)
21.035: (drop rover0 rover0store)
21.076: (calibrate rover1 camera2 objective2 waypoint18)
21.076: (drop rover0 rover0store)
21.136: (calibrate rover1 camera1 objective2 waypoint18)
19.843: (communicate_soil_data rover0 general waypoint23 waypoint23 waypoint14)
19.844: (drop rover0 rover0store)
20.616: (navigate rover0 waypoint23 waypoint9)
20.638: (calibrate rover1 camera0 objective4 waypoint18)
20.638: (navigate rover0 waypoint23 waypoint9)
20.690: (navigate rover0 waypoint23 waypoint9)
20.741: (calibrate rover1 camera0 objective4 waypoint18)
20.758: (calibrate rover1 camera2 objective2 waypoint18)
20.759: (navigate rover0 waypoint23 waypoint9)
20.808: (calibrate rover1 camera2 objective2 waypoint18)
19.572: (drop rover0 rover0store)
19.572: (navigate rover0 waypoint23 waypoint9)
19.574: (communicate_soil_data rover0 general waypoint23 waypoint9 waypoint14)
19.727: (calibrate rover1 camera0 objective4 waypoint18)
19.727: (drop rover0 rover0store)
19.792: (drop rover0 rover0store)
19.793: (calibrate rover1 camera2 objective2 waypoint18)
19.838: (calibrate rover1 camera1 objective2 waypoint18)
19.869: (calibrate rover0 camera3 objective4 waypoint23)
19.951: (navigate rover0 waypoint23 waypoint1)
19.453: (navigate rover0 waypoint23 waypoint9)
19.453: (calibrate rover1 camera0 objective4 waypoint18)
19.522: (navigate rover0 waypoint23 waypoint9)
19.523: (calibrate rover1 camera2 objective2 waypoint18)
19.566: (calibrate rover1 camera1 objective2 waypoint18)
19.568: (navigate rover0 waypoint23 waypoint9)
19.594: (navigate rover0 waypoint23 waypoint9)
19.637: (navigate rover0 waypoint9 waypoint7)
19.741: (calibrate rover0 camera3 objective4 waypoint23)
19.741: (calibrate rover1 camera0 objective4 waypoint18)
18.358: (navigate rover0 waypoint7 waypoint24)
19.464: (navigate rover0 waypoint23 waypoint9)
19.464: (calibrate rover1 camera0 objective4 waypoint18)
19.498: (calibrate rover1 camera0 objective4 waypoint18)
19.499: (calibrate rover1 camera2 objective2 waypoint18)
19.514: (navigate rover0 waypoint9 waypoint7)
19.516: (calibrate rover1 camera0 objective4 waypoint18)
19.523: (calibrate rover1 camera1 objective2 waypoint18)
19.523: (calibrate rover1 camera2 objective2 waypoint18)
19.538: (calibrate rover1 camera0 objective4 waypoint18)
17.915: (sample_soil rover0 rover0store waypoint24)
18.241: (calibrate rover1 camera0 objective4 waypoint18)
18.243: (navigate rover0 waypoint7 waypoint24)
18.309: (calibrate rover1 camera2 objective2 waypoint18)
18.353: (calibrate rover1 camera1 objective2 waypoint18)
19.145: (navigate rover1 waypoint18 waypoint3)
19.449: (take_image rover0 waypoint9 objective2 camera3 colour)
19.474: (sample_rock rover0 rover0store waypoint24)
19.507: (calibrate rover1 camera2 objective2 waypoint18)
19.520: (navigate rover0 waypoint9 waypoint7)
16.891: (drop rover0 rover0store)
17.805: (sample_soil rover0 rover0store waypoint24)
17.805: (calibrate rover1 camera0 objective4 waypoint18)
17.869: (sample_soil rover0 rover0store waypoint24)
17.870: (calibrate rover1 camera2 objective2 waypoint18)
17.916: (sample_soil rover0 rover0store waypoint24)
17.917: (calibrate rover1 camera1 objective2 waypoint18)
17.989: (navigate rover0 waypoint24 waypoint7)
18.248: (navigate rover0 waypoint7 waypoint24)
18.285: (calibrate rover1 camera2 objective2 waypoint18)
16.781: (drop rover0 rover0store)
16.781: (calibrate rover1 camera0 objective4 waypoint18)
16.847: (calibrate rover1 camera2 objective2 waypoint18)
16.847: (drop rover0 rover0store)
16.893: (calibrate rover1 camera1 objective2 waypoint18)
16.894: (drop rover0 rover0store)
16.966: (communicate_soil_data rover0 general waypoint24 waypoint7 waypoint14)
16.995: (drop rover0 rover0store)
16.996: (navigate rover0 waypoint24 waypoint7)
17.451: (navigate rover0 waypoint7 waypoint11)
15.973: (drop rover0 rover0store)
15.974: (communicate_soil_data rover0 general waypoint24 waypoint7 waypoint14)
16.450: (drop rover0 rover0store)
16.450: (navigate rover0 waypoint7 waypoint11)
16.487: (navigate rover0 waypoint7 waypoint11)
16.618: (navigate rover0 waypoint7 waypoint17)
16.679: (navigate rover0 waypoint7 waypoint17)
16.774: (navigate rover0 waypoint7 waypoint24)
16.825: (calibrate rover1 camera0 objective4 waypoint18)
16.825: (calibrate rover1 camera2 objective2 waypoint18)
15.503: (navigate rover0 waypoint7 waypoint11)
15.503: (drop rover0 rover0store)
15.681: (drop rover0 rover0store)
15.681: (communicate_soil_data rover0 general waypoint24 waypoint17 waypoint14)
15.681: (navigate rover0 waypoint7 waypoint17)
15.768: (navigate rover0 waypoint7 waypoint24)
15.768: (drop rover0 rover0store)
15.878: (calibrate rover1 camera0 objective4 waypoint18)
15.927: (navigate rover0 waypoint7 waypoint9)
15.940: (calibrate rover1 camera2 objective2 waypoint18)
15.404: (calibrate rover1 camera0 objective4 waypoint18)
15.404: (navigate rover0 waypoint7 waypoint11)
15.437: (navigate rover0 waypoint9 waypoint13)
15.465: (calibrate rover1 camera2 objective2 waypoint18)
15.465: (navigate rover0 waypoint7 waypoint11)
15.514: (calibrate rover1 camera1 objective2 waypoint18)
15.543: (navigate rover0 waypoint9 waypoint23)
15.569: (navigate rover0 waypoint7 waypoint17)
15.569: (calibrate rover1 camera0 objective4 waypoint18)
15.636: (navigate rover0 waypoint7 waypoint17)
14.947: (navigate rover0 waypoint13 waypoint19)
15.326: (calibrate rover1 camera0 objective4 waypoint18)
15.396: (calibrate rover1 camera2 objective2 waypoint18)
15.440: (calibrate rover1 camera0 objective4 waypoint18)
15.441: (calibrate rover1 camera1 objective2 waypoint18)
15.449: (calibrate rover1 camera0 objective4 waypoint18)
15.449: (calibrate rover1 camera2 objective2 waypoint18)
15.456: (calibrate rover0 camera3 objective4 waypoint13)
15.476: (calibrate rover1 camera2 objective2 waypoint18)
15.477: (calibrate rover1 camera1 objective2 waypoint18)
13.635: (sample_rock rover0 rover0store waypoint19)
14.829: (navigate rover0 waypoint13 waypoint19)
14.829: (calibrate rover1 camera0 objective4 waypoint18)
14.901: (navigate rover0 waypoint13 waypoint19)
14.901: (calibrate rover1 camera2 objective2 waypoint18)
14.944: (navigate rover0 waypoint13 waypoint19)
14.945: (calibrate rover1 camera1 objective2 waypoint18)
14.966: (navigate rover0 waypoint13 waypoint19)
14.967: (calibrate rover0 camera3 objective4 waypoint19)
15.334: (calibrate rover1 camera0 objective4 waypoint18)
13.532: (calibrate rover1 camera0 objective4 waypoint18)
13.532: (sample_rock rover0 rover0store waypoint19)
13.590: (drop rover0 rover0store)
13.593: (calibrate rover1 camera2 objective2 waypoint18)
13.594: (sample_rock rover0 rover0store waypoint19)
13.639: (sample_rock rover0 rover0store waypoint19)
13.641: (calibrate rover1 camera1 objective2 waypoint18)
13.663: (sample_rock rover0 rover0store waypoint19)
13.663: (calibrate rover0 camera3 objective4 waypoint19)
13.850: (navigate rover0 waypoint19 waypoint13)
12.646: (communicate_rock_data rover0 general waypoint19 waypoint13 waypoint14)
13.488: (drop rover0 rover0store)
13.488: (calibrate rover1 camera0 objective4 waypoint18)
13.546: (calibrate rover1 camera0 objective4 waypoint18)
13.546: (calibrate rover0 camera3 objective4 waypoint19)
13.549: (drop rover0 rover0store)
13.549: (calibrate rover1 camera2 objective2 waypoint18)
13.577: (calibrate rover1 camera0 objective4 waypoint18)
13.577: (calibrate rover1 camera2 objective2 waypoint18)
13.597: (calibrate rover1 camera1 objective2 waypoint18)
12.189: (navigate rover0 waypoint13 waypoint19)
12.526: (calibrate rover1 camera0 objective4 waypoint18)
12.593: (calibrate rover1 camera2 objective2 waypoint18)
12.600: (drop rover0 rover0store)
12.638: (calibrate rover1 camera1 objective2 waypoint18)
12.671: (calibrate rover0 camera3 objective4 waypoint13)
12.928: (navigate rover0 waypoint13 waypoint9)
13.431: (navigate rover1 waypoint18 waypoint3)
13.508: (drop rover0 rover0store)
13.508: (calibrate rover0 camera3 objective4 waypoint19)
12.078: (navigate rover0 waypoint13 waypoint19)
12.078: (calibrate rover1 camera0 objective4 waypoint18)
12.140: (drop rover0 rover0store)
12.140: (navigate rover0 waypoint13 waypoint19)
12.140: (navigate rover0 waypoint13 waypoint19)
12.141: (calibrate rover1 camera2 objective2 waypoint18)
12.187: (navigate rover0 waypoint13 waypoint19)
12.188: (calibrate rover1 camera1 objective2 waypoint18)
12.213: (calibrate rover0 camera3 objective4 waypoint19)
12.216: (navigate rover0 waypoint13 waypoint19)
12.028: (drop rover0 rover0store)
12.028: (calibrate rover1 camera0 objective4 waypoint18)
12.091: (calibrate rover0 camera3 objective4 waypoint19)
12.091: (calibrate rover1 camera0 objective4 waypoint18)
12.091: (calibrate rover1 camera2 objective2 waypoint18)
12.091: (drop rover0 rover0store)
12.126: (calibrate rover1 camera0 objective4 waypoint18)
12.126: (calibrate rover1 camera2 objective2 waypoint18)
12.133: (sample_soil rover0 rover0store waypoint19)
12.138: (calibrate rover1 camera1 objective2 waypoint18)
12.023: (calibrate rover1 camera0 objective4 waypoint18)
12.024: (sample_soil rover0 rover0store waypoint19)
12.047: (calibrate rover0 camera3 objective4 waypoint19)
12.047: (drop rover0 rover0store)
12.075: (drop rover0 rover0store)
12.076: (calibrate rover1 camera2 objective2 waypoint18)
12.077: (calibrate rover1 camera0 objective4 waypoint18)
12.083: (drop rover0 rover0store)
12.084: (sample_soil rover0 rover0store waypoint19)
12.084: (calibrate rover1 camera2 objective2 waypoint18)
11.970: (calibrate rover1 camera0 objective4 waypoint18)
11.972: (drop rover0 rover0store)
12.031: (drop rover0 rover0store)
12.031: (calibrate rover1 camera2 objective2 waypoint18)
12.037: (calibrate rover0 camera3 objective4 waypoint19)
12.038: (sample_soil rover0 rover0store waypoint19)
12.072: (calibrate rover1 camera2 objective2 waypoint18)
12.073: (sample_soil rover0 rover0store waypoint19)
12.073: (calibrate rover1 camera0 objective4 waypoint18)
12.077: (calibrate rover1 camera1 objective2 waypoint18)
11.990: (calibrate rover0 camera3 objective4 waypoint19)
11.990: (drop rover0 rover0store)
12.019: (calibrate rover1 camera0 objective4 waypoint18)
12.020: (calibrate rover1 camera2 objective2 waypoint18)
12.020: (drop rover0 rover0store)
12.045: (calibrate rover1 camera1 objective2 waypoint18)
12.045: (calibrate rover1 camera2 objective2 waypoint18)
12.061: (calibrate rover0 camera3 objective4 waypoint19)
12.063: (calibrate rover1 camera1 objective2 waypoint18)
12.064: (calibrate rover1 camera0 objective4 waypoint18)
12.036: (calibrate rover0 camera3 objective4 waypoint19)
12.036: (calibrate rover1 camera2 objective2 waypoint18)
12.037: (calibrate rover1 camera0 objective4 waypoint18)
12.075: (calibrate rover1 camera1 objective2 waypoint18)
12.075: (calibrate rover0 camera3 objective4 waypoint19)
12.078: (calibrate rover0 camera3 objective4 waypoint19)
12.078: (calibrate rover1 camera1 objective2 waypoint18)
12.083: (calibrate rover1 camera0 objective4 waypoint18)
12.085: (calibrate rover1 camera2 objective2 waypoint18)
12.085: (calibrate rover1 camera1 objective2 waypoint18)
12.097: (calibrate rover1 camera0 objective4 waypoint18)
12.098: (calibrate rover0 camera3 objective4 waypoint19)
12.098: (calibrate rover1 camera1 objective2 waypoint18)
12.098: (calibrate rover1 camera2 objective2 waypoint18)
12.109: (take_image rover1 waypoint18 objective2 camera0 high_res)
12.109: (take_image rover1 waypoint18 objective0 camera0 high_res)
12.110: (take_image rover1 waypoint18 objective0 camera2 high_res)
12.110: (take_image rover1 waypoint18 objective1 camera0 high_res)
12.110: (take_image rover1 waypoint18 objective1 camera2 high_res)
12.110: (take_image rover1 waypoint18 objective2 camera2 high_res)
12.111: (take_image rover1 waypoint18 objective2 camera1 low_res)
12.111: (take_image rover1 waypoint18 objective0 camera1 low_res)
12.111: (take_image rover1 waypoint18 objective1 camera1 low_res)
12.111: (take_image rover1 waypoint18 objective3 camera1 low_res)
12.111: (take_image rover1 waypoint18 objective4 camera1 low_res)
12.574: (navigate rover0 waypoint19 waypoint13)
12.577: (navigate rover0 waypoint19 waypoint13)
12.839: (navigate rover1 waypoint18 waypoint3)
12.852: (navigate rover1 waypoint18 waypoint3)
inf: (calibrate rover1 camera2 objective2 waypoint18)
12.392: (navigate rover1 waypoint3 waypoint2)
12.411: (navigate rover1 waypoint3 waypoint2)
12.513: (take_image rover1 waypoint18 objective0 camera1 low_res)
12.513: (take_image rover1 waypoint18 objective1 camera1 low_res)
12.514: (take_image rover1 waypoint18 objective3 camera1 low_res)
12.514: (take_image rover1 waypoint18 objective2 camera1 low_res)
12.514: (take_image rover1 waypoint18 objective4 camera1 low_res)
12.537: (take_image rover1 waypoint18 objective4 camera0 low_res)
12.537: (take_image rover1 waypoint18 objective3 camera0 high_res)
12.537: (take_image rover1 waypoint18 objective0 camera0 high_res)
12.167: (navigate rover1 waypoint2 waypoint20)
12.191: (navigate rover1 waypoint2 waypoint20)
12.195: (navigate rover1 waypoint2 waypoint6)
12.209: (navigate rover1 waypoint2 waypoint6)
12.326: (take_image rover1 waypoint2 objective3 camera1 low_res)
12.359: (take_image rover1 waypoint2 objective3 camera2 high_res)
12.369: (take_image rover0 waypoint19 objective4 camera3 colour)
12.374: (take_image rover0 waypoint19 objective4 camera3 colour)
12.374: (take_image rover1 waypoint2 objective3 camera0 high_res)
12.374: (take_image rover1 waypoint2 objective3 camera0 low_res)
12.045: (navigate rover1 waypoint20 waypoint12)
12.065: (navigate rover1 waypoint20 waypoint12)
12.125: (take_image rover1 waypoint20 objective0 camera1 low_res)
12.125: (take_image rover1 waypoint20 objective2 camera1 low_res)
12.125: (take_image rover1 waypoint20 objective1 camera1 low_res)
12.125: (navigate rover1 waypoint2 waypoint20)
12.136: (take_image rover1 waypoint6 objective0 camera1 low_res)
12.136: (take_image rover1 waypoint6 objective4 camera1 low_res)
12.137: (navigate rover1 waypoint2 waypoint6)
12.141: (navigate rover1 waypoint2 waypoint20)
10.986: (communicate_soil_data rover1 general waypoint10 waypoint12 waypoint14)
10.992: (communicate_rock_data rover1 general waypoint2 waypoint12 waypoint14)
11.011: (communicate_rock_data rover1 general waypoint2 waypoint12 waypoint14)
11.013: (communicate_soil_data rover1 general waypoint10 waypoint12 waypoint14)
11.024: (communicate_soil_data rover1 general waypoint1 waypoint12 waypoint14)
11.045: (communicate_soil_data rover1 general waypoint1 waypoint12 waypoint14)
11.072: (communicate_rock_data rover1 general waypoint6 waypoint12 waypoint14)
11.090: (communicate_rock_data rover1 general waypoint6 waypoint12 waypoint14)
11.112: (communicate_rock_data rover1 general waypoint10 waypoint12 waypoint14)
11.121: (communicate_rock_data rover1 general waypoint18 waypoint12 waypoint14)
9.928: (communicate_rock_data rover1 general waypoint2 waypoint12 waypoint14)
9.928: (communicate_soil_data rover1 general waypoint10 waypoint12 waypoint14)
9.953: (communicate_soil_data rover1 general waypoint10 waypoint12 waypoint14)
9.953: (communicate_rock_data rover1 general waypoint2 waypoint12 waypoint14)
9.969: (communicate_soil_data rover1 general waypoint1 waypoint12 waypoint14)
9.970: (communicate_soil_data rover1 general waypoint10 waypoint12 waypoint14)
9.971: (communicate_rock_data rover1 general waypoint2 waypoint12 waypoint14)
9.973: (communicate_soil_data rover1 general waypoint1 waypoint12 waypoint14)
9.977: (communicate_soil_data rover1 general waypoint10 waypoint12 waypoint14)
9.978: (communicate_rock_data rover1 general waypoint10 waypoint12 waypoint14)
8.913: (communicate_soil_data rover1 general waypoint1 waypoint12 waypoint14)
8.913: (communicate_rock_data rover1 general waypoint2 waypoint12 waypoint14)
8.913: (communicate_rock_data rover1 general waypoint2 waypoint12 waypoint14)
8.914: (communicate_soil_data rover1 general waypoint10 waypoint12 waypoint14)
8.917: (communicate_rock_data rover1 general waypoint10 waypoint12 waypoint14)
8.938: (communicate_rock_data rover1 general waypoint10 waypoint12 waypoint14)
8.941: (communicate_soil_data rover1 general waypoint1 waypoint12 waypoint14)
8.942: (communicate_soil_data rover1 general waypoint1 waypoint12 waypoint14)
8.944: (communicate_rock_data rover1 general waypoint10 waypoint12 waypoint14)
8.945: (communicate_rock_data rover1 general waypoint6 waypoint12 waypoint14)
7.883: (communicate_rock_data rover1 general waypoint10 waypoint12 waypoint14)
7.883: (communicate_soil_data rover1 general waypoint1 waypoint12 waypoint14)
7.885: (communicate_rock_data rover1 general waypoint2 waypoint12 waypoint14)
7.916: (communicate_rock_data rover1 general waypoint10 waypoint12 waypoint14)
7.916: (communicate_soil_data rover1 general waypoint1 waypoint12 waypoint14)
7.924: (communicate_rock_data rover1 general waypoint10 waypoint12 waypoint14)
7.927: (communicate_rock_data rover1 general waypoint6 waypoint12 waypoint14)
7.931: (communicate_rock_data rover1 general waypoint6 waypoint12 waypoint14)
7.931: (communicate_soil_data rover1 general waypoint1 waypoint12 waypoint14)
7.956: (communicate_rock_data rover1 general waypoint6 waypoint12 waypoint14)
6.893: (communicate_soil_data rover1 general waypoint1 waypoint12 waypoint14)
6.894: (communicate_rock_data rover1 general waypoint10 waypoint12 waypoint14)
6.894: (communicate_rock_data rover1 general waypoint6 waypoint12 waypoint14)
6.926: (communicate_rock_data rover1 general waypoint6 waypoint12 waypoint14)
6.930: (communicate_soil_data rover1 general waypoint1 waypoint12 waypoint14)
6.965: (communicate_rock_data rover1 general waypoint3 waypoint12 waypoint14)
6.973: (communicate_rock_data rover1 general waypoint18 waypoint12 waypoint14)
6.981: (communicate_rock_data rover1 general waypoint3 waypoint12 waypoint14)
6.982: (communicate_rock_data rover1 general waypoint3 waypoint12 waypoint14)
6.999: (communicate_rock_data rover1 general waypoint3 waypoint12 waypoint14)
5.922: (communicate_soil_data rover1 general waypoint1 waypoint12 waypoint14)
5.922: (communicate_rock_data rover1 general waypoint10 waypoint12 waypoint14)
5.925: (communicate_rock_data rover1 general waypoint3 waypoint12 waypoint14)
5.926: (communicate_rock_data rover1 general waypoint6 waypoint12 waypoint14)
5.956: (communicate_rock_data rover1 general waypoint6 waypoint12 waypoint14)
5.960: (communicate_rock_data rover1 general waypoint3 waypoint12 waypoint14)
5.975: (communicate_rock_data rover1 general waypoint18 waypoint12 waypoint14)
5.976: (communicate_rock_data rover1 general waypoint6 waypoint12 waypoint14)
6.014: (communicate_rock_data rover1 general waypoint18 waypoint12 waypoint14)
6.024: (communicate_rock_data rover1 general waypoint3 waypoint12 waypoint14)
5.160: (communicate_rock_data rover1 general waypoint6 waypoint12 waypoint14)
5.162: (communicate_rock_data rover1 general waypoint18 waypoint12 waypoint14)
5.164: (communicate_rock_data rover1 general waypoint3 waypoint12 waypoint14)
5.179: (communicate_rock_data rover1 general waypoint3 waypoint12 waypoint14)
5.179: (communicate_rock_data rover1 general waypoint18 waypoint12 waypoint14)
5.280: (communicate_image_data rover1 general objective3 high_res waypoint12 waypoint14)
5.329: (communicate_image_data rover1 general objective3 high_res waypoint12 waypoint14)
5.336: (communicate_image_data rover1 general objective3 high_res waypoint12 waypoint14)
5.386: (communicate_image_data rover1 general objective3 high_res waypoint12 waypoint14)
5.436: (communicate_image_data rover1 general objective3 high_res waypoint12 waypoint14)
4.537: (communicate_image_data rover1 general objective3 high_res waypoint12 waypoint14)
4.537: (communicate_rock_data rover1 general waypoint3 waypoint12 waypoint14)
4.537: (communicate_rock_data rover1 general waypoint18 waypoint12 waypoint14)
4.588: (communicate_image_data rover1 general objective3 high_res waypoint12 waypoint14)
4.590: (communicate_rock_data rover1 general waypoint18 waypoint12 waypoint14)
4.590: (communicate_rock_data rover1 general waypoint3 waypoint12 waypoint14)
4.592: (communicate_rock_data rover1 general waypoint6 waypoint12 waypoint14)
4.754: (communicate_image_data rover1 general objective0 low_res waypoint12 waypoint14)
4.840: (communicate_image_data rover1 general objective0 low_res waypoint12 waypoint14)
4.870: (communicate_image_data rover1 general objective3 low_res waypoint12 waypoint14)
4.129: (communicate_image_data rover1 general objective3 low_res waypoint12 waypoint14)
4.130: (communicate_rock_data rover1 general waypoint18 waypoint12 waypoint14)
4.158: (communicate_image_data rover1 general objective3 low_res waypoint12 waypoint14)
4.174: (communicate_image_data rover1 general objective3 low_res waypoint12 waypoint14)
4.176: (communicate_image_data rover1 general objective3 low_res waypoint12 waypoint14)
4.217: (communicate_image_data rover1 general objective0 low_res waypoint12 waypoint14)
4.220: (communicate_image_data rover1 general objective3 high_res waypoint12 waypoint14)
4.241: (communicate_image_data rover1 general objective0 low_res waypoint12 waypoint14)
4.241: (communicate_image_data rover1 general objective3 high_res waypoint12 waypoint14)
4.242: (communicate_image_data rover1 general objective0 low_res waypoint12 waypoint14)
3.518: (communicate_rock_data rover1 general waypoint18 waypoint12 waypoint14)
3.519: (communicate_image_data rover1 general objective0 low_res waypoint12 waypoint14)
3.519: (communicate_image_data rover1 general objective3 low_res waypoint12 waypoint14)
3.520: (communicate_image_data rover1 general objective3 high_res waypoint12 waypoint14)
3.546: (communicate_image_data rover1 general objective3 low_res waypoint12 waypoint14)
3.547: (communicate_image_data rover1 general objective3 high_res waypoint12 waypoint14)
3.547: (communicate_image_data rover1 general objective0 low_res waypoint12 waypoint14)
4.093: (take_image rover0 waypoint19 objective4 camera3 colour)
4.099: (communicate_image_data rover1 general objective2 low_res waypoint12 waypoint14)
4.104: (communicate_image_data rover1 general objective2 high_res waypoint12 waypoint14)
3.492: (communicate_image_data rover1 general objective2 high_res waypoint12 waypoint14)
3.492: (communicate_image_data rover1 general objective0 low_res waypoint12 waypoint14)
3.493: (take_image rover0 waypoint19 objective4 camera3 colour)
3.493: (communicate_image_data rover1 general objective0 low_res waypoint12 waypoint14)
3.497: (communicate_image_data rover1 general objective0 low_res waypoint12 waypoint14)
3.498: (communicate_image_data rover1 general objective2 low_res waypoint12 waypoint14)
3.506: (take_image rover1 waypoint12 objective0 camera1 low_res)
3.506: (take_image rover1 waypoint12 objective3 camera1 low_res)
3.515: (communicate_image_data rover1 general objective1 high_res waypoint12 waypoint14)
3.517: (communicate_image_data rover1 general objective0 high_res waypoint12 waypoint14)
3.465: (communicate_image_data rover1 general objective2 high_res waypoint12 waypoint14)
3.465: (take_image rover0 waypoint19 objective4 camera3 colour)
3.470: (take_image rover0 waypoint19 objective4 camera3 colour)
3.470: (communicate_image_data rover1 general objective2 low_res waypoint12 waypoint14)
3.480: (communicate_image_data rover1 general objective2 high_res waypoint12 waypoint14)
3.480: (take_image rover1 waypoint12 objective0 camera1 low_res)
3.480: (take_image rover1 waypoint12 objective3 camera1 low_res)
3.480: (take_image rover1 waypoint12 objective3 camera1 low_res)
3.480: (take_image rover1 waypoint12 objective0 camera1 low_res)
3.481: (communicate_image_data rover1 general objective2 low_res waypoint12 waypoint14)
3.457: (take_image rover1 waypoint12 objective0 camera1 low_res)
3.457: (take_image rover1 waypoint12 objective0 camera1 low_res)
3.457: (take_image rover1 waypoint12 objective3 camera1 low_res)
3.457: (take_image rover0 waypoint19 objective4 camera3 colour)
3.457: (take_image rover1 waypoint12 objective3 camera1 low_res)
3.458: (take_image rover0 waypoint19 objective4 camera3 colour)
3.465: (communicate_image_data rover1 general objective1 low_res waypoint12 waypoint14)
3.465: (communicate_image_data rover1 general objective1 high_res waypoint12 waypoint14)
3.465: (communicate_image_data rover1 general objective2 high_res waypoint12 waypoint14)
3.466: (communicate_image_data rover1 general objective0 high_res waypoint12 waypoint14)
3.457: (communicate_image_data rover1 general objective1 low_res waypoint12 waypoint14)
3.457: (communicate_image_data rover1 general objective1 high_res waypoint12 waypoint14)
3.457: (take_image rover1 waypoint12 objective0 camera1 low_res)
3.457: (take_image rover1 waypoint12 objective3 camera1 low_res)
3.457: (communicate_image_data rover1 general objective1 low_res waypoint12 waypoint14)
3.457: (communicate_image_data rover1 general objective1 high_res waypoint12 waypoint14)
3.457: (communicate_image_data rover1 general objective0 high_res waypoint12 waypoint14)
3.457: (take_image rover1 waypoint12 objective0 camera1 low_res)
3.457: (take_image rover1 waypoint12 objective3 camera1 low_res)
3.457: (take_image rover1 waypoint12 objective3 camera1 low_res)
3.455: (communicate_image_data rover1 general objective1 low_res waypoint12 waypoint14)
3.456: (communicate_image_data rover1 general objective1 low_res waypoint12 waypoint14)
3.456: (communicate_image_data rover1 general objective1 low_res waypoint12 waypoint14)
3.456: (communicate_image_data rover1 general objective1 low_res waypoint12 waypoint14)
3.456: (communicate_image_data rover1 general objective1 high_res waypoint12 waypoint14)
3.457: (communicate_image_data rover1 general objective0 high_res waypoint12 waypoint14)
3.457: (communicate_image_data rover1 general objective1 high_res waypoint12 waypoint14)
3.457: (communicate_image_data rover1 general objective1 high_res waypoint12 waypoint14)
3.457: (communicate_image_data rover1 general objective0 high_res waypoint12 waypoint14)
3.457: (communicate_image_data rover1 general objective0 high_res waypoint12 waypoint14)
3.455: (communicate_image_data rover1 general objective1 low_res waypoint12 waypoint14)
3.455: (communicate_image_data rover1 general objective1 low_res waypoint12 waypoint14)
3.457: (communicate_image_data rover1 general objective0 high_res waypoint12 waypoint14)
3.457: (communicate_image_data rover1 general objective1 high_res waypoint12 waypoint14)
3.457: (communicate_image_data rover1 general objective1 high_res waypoint12 waypoint14)
3.458: (communicate_image_data rover1 general objective2 low_res waypoint12 waypoint14)
3.458: (communicate_image_data rover1 general objective0 high_res waypoint12 waypoint14)
3.458: (communicate_image_data rover1 general objective2 low_res waypoint12 waypoint14)
3.458: (communicate_image_data rover1 general objective2 high_res waypoint12 waypoint14)
3.458: (communicate_image_data rover1 general objective2 low_res waypoint12 waypoint14)
3.458: (communicate_image_data rover1 general objective2 low_res waypoint12 waypoint14)
3.458: (communicate_image_data rover1 general objective2 high_res waypoint12 waypoint14)
3.458: (communicate_image_data rover1 general objective0 high_res waypoint12 waypoint14)
3.458: (communicate_image_data rover1 general objective1 high_res waypoint12 waypoint14)
3.459: (communicate_image_data rover1 general objective1 low_res waypoint12 waypoint14)
3.460: (communicate_image_data rover1 general objective4 low_res waypoint12 waypoint14)
3.460: (communicate_image_data rover1 general objective4 high_res waypoint12 waypoint14)
3.461: (communicate_image_data rover1 general objective4 high_res waypoint12 waypoint14)
3.461: (communicate_image_data rover1 general objective4 low_res waypoint12 waypoint14)
3.461: (communicate_image_data rover1 general objective4 low_res waypoint12 waypoint14)
3.461: (communicate_image_data rover1 general objective2 low_res waypoint12 waypoint14)
3.461: (communicate_image_data rover1 general objective2 high_res waypoint12 waypoint14)
3.462: (communicate_image_data rover1 general objective0 high_res waypoint12 waypoint14)
3.462: (communicate_image_data rover1 general objective2 low_res waypoint12 waypoint14)
3.462: (communicate_image_data rover1 general objective4 low_res waypoint12 waypoint14)
3.462: (communicate_image_data rover1 general objective0 high_res waypoint12 waypoint14)
3.462: (communicate_image_data rover1 general objective4 high_res waypoint12 waypoint14)
3.463: (communicate_image_data rover1 general objective4 high_res waypoint12 waypoint14)
3.464: (communicate_image_data rover1 general objective4 high_res waypoint12 waypoint14)
3.464: (communicate_image_data rover1 general objective4 high_res waypoint12 waypoint14)
3.464: (communicate_image_data rover1 general objective4 low_res waypoint12 waypoint14)
3.465: (communicate_image_data rover1 general objective4 high_res waypoint12 waypoint14)
3.465: (communicate_image_data rover1 general objective2 low_res waypoint12 waypoint14)
3.465: (communicate_image_data rover1 general objective2 high_res waypoint12 waypoint14)
3.466: (communicate_image_data rover1 general objective0 high_res waypoint12 waypoint14)
3.478: (calibrate rover0 camera3 objective4 waypoint19)
3.478: (calibrate rover0 camera3 objective4 waypoint19)
3.480: (calibrate rover0 camera3 objective4 waypoint19)
3.480: (calibrate rover0 camera3 objective4 waypoint19)
3.481: (calibrate rover0 camera3 objective4 waypoint19)
3.480: (communicate_image_data rover1 general objective2 low_res waypoint12 waypoint14)
3.480: (communicate_image_data rover1 general objective4 high_res waypoint12 waypoint14)
3.481: (communicate_image_data rover1 general objective4 low_res waypoint12 waypoint14)
3.481: (calibrate rover0 camera3 objective4 waypoint19)
3.483: (communicate_image_data rover1 general objective2 high_res waypoint12 waypoint14)
3.483: (communicate_image_data rover1 general objective0 high_res waypoint12 waypoint14)
3.732: (navigate rover0 waypoint19 waypoint13)
3.742: (navigate rover0 waypoint19 waypoint13)
3.744: (navigate rover0 waypoint19 waypoint13)
3.744: (navigate rover0 waypoint19 waypoint13)
3.728: (take_image rover0 waypoint13 objective4 camera3 colour)
3.728: (take_image rover0 waypoint13 objective0 camera3 colour)
3.728: (take_image rover0 waypoint13 objective4 camera3 colour)
3.729: (take_image rover0 waypoint13 objective0 camera3 colour)
3.732: (take_image rover0 waypoint13 objective0 camera3 colour)
3.732: (take_image rover0 waypoint13 objective4 camera3 colour)
3.739: (communicate_soil_data rover0 general waypoint19 waypoint13 waypoint14)
3.745: (communicate_image_data rover1 general objective4 low_res waypoint12 waypoint14)
3.745: (communicate_image_data rover1 general objective4 high_res waypoint12 waypoint14)
3.745: (communicate_image_data rover1 general objective0 high_res waypoint12 waypoint14)
3.450: (navigate rover0 waypoint13 waypoint19)
3.736: (communicate_soil_data rover0 general waypoint19 waypoint13 waypoint14)
3.737: (communicate_soil_data rover0 general waypoint19 waypoint13 waypoint14)
3.740: (communicate_soil_data rover0 general waypoint19 waypoint13 waypoint14)
3.757: (calibrate rover0 camera3 objective4 waypoint13)
3.759: (communicate_soil_data rover0 general waypoint19 waypoint13 waypoint14)
3.948: (navigate rover0 waypoint13 waypoint9)
3.948: (navigate rover0 waypoint13 waypoint9)
3.949: (navigate rover0 waypoint13 waypoint9)
3.955: (navigate rover0 waypoint13 waypoint9)
3.451: (navigate rover0 waypoint13 waypoint19)
3.452: (navigate rover0 waypoint13 waypoint19)
3.454: (navigate rover0 waypoint13 waypoint19)
3.470: (navigate rover0 waypoint13 waypoint19)
3.472: (calibrate rover0 camera3 objective4 waypoint19)
3.585: (navigate rover0 waypoint9 waypoint22)
3.588: (navigate rover0 waypoint9 waypoint22)
3.590: (navigate rover0 waypoint9 waypoint22)
3.604: (navigate rover0 waypoint9 waypoint22)
3.727: (navigate rover0 waypoint9 waypoint23)
3.468: (calibrate rover0 camera3 objective4 waypoint19)
3.468: (calibrate rover0 camera3 objective4 waypoint19)
3.471: (calibrate rover0 camera3 objective4 waypoint19)
3.590: (communicate_image_data rover1 general objective0 high_res waypoint12 waypoint14)
3.591: (communicate_image_data rover1 general objective4 low_res waypoint12 waypoint14)
3.591: (communicate_image_data rover1 general objective4 high_res waypoint12 waypoint14)
3.598: (communicate_soil_data rover0 general waypoint19 waypoint22 waypoint14)
3.599: (communicate_soil_data rover0 general waypoint19 waypoint22 waypoint14)
3.601: (communicate_soil_data rover0 general waypoint19 waypoint22 waypoint14)
3.606: (calibrate rover0 camera3 objective4 waypoint22)
3.610: (calibrate rover0 camera3 objective4 waypoint22)
3.610: (communicate_image_data rover1 general objective4 high_res waypoint12 waypoint14)
3.615: (communicate_soil_data rover0 general waypoint19 waypoint22 waypoint14)
3.616: (calibrate rover0 camera3 objective4 waypoint22)
3.616: (calibrate rover0 camera3 objective4 waypoint22)
3.618: (calibrate rover0 camera3 objective4 waypoint22)
3.751: (navigate rover0 waypoint19 waypoint13)
3.751: (navigate rover0 waypoint19 waypoint13)
3.754: (navigate rover0 waypoint19 waypoint13)
3.778: (navigate rover1 waypoint12 waypoint20)
3.617: (communicate_image_data rover1 general objective4 high_res waypoint12 waypoint14)
3.617: (communicate_image_data rover1 general objective4 low_res waypoint12 waypoint14)
3.618: (communicate_soil_data rover0 general waypoint19 waypoint22 waypoint14)
3.619: (communicate_image_data rover1 general objective0 high_res waypoint12 waypoint14)
3.753: (take_image rover0 waypoint19 objective4 camera3 colour)
3.770: (navigate rover1 waypoint20 waypoint0)
3.779: (calibrate rover1 camera2 objective2 waypoint20)
3.780: (calibrate rover1 camera1 objective2 waypoint20)
3.812: (navigate rover1 waypoint20 waypoint10)
3.840: (navigate rover1 waypoint20 waypoint2)
3.086: (navigate rover1 waypoint0 waypoint19)
3.478: (navigate rover1 waypoint20 waypoint12)
3.478: (navigate rover1 waypoint20 waypoint12)
3.595: (navigate rover1 waypoint10 waypoint5)
3.597: (navigate rover1 waypoint2 waypoint6)
3.608: (navigate rover1 waypoint10 waypoint1)
3.670: (navigate rover1 waypoint0 waypoint13)
3.683: (navigate rover1 waypoint0 waypoint24)
3.751: (take_image rover0 waypoint19 objective4 camera3 colour)
3.752: (calibrate rover1 camera2 objective2 waypoint20)
2.687: (navigate rover1 waypoint19 waypoint15)
3.073: (take_image rover0 waypoint19 objective4 camera3 colour)
3.095: (calibrate rover1 camera0 objective4 waypoint19)
3.455: (take_image rover0 waypoint19 objective4 camera3 colour)
3.455: (navigate rover1 waypoint20 waypoint12)
3.458: (take_image rover0 waypoint19 objective4 camera3 colour)
3.478: (communicate_image_data rover1 general objective4 low_res waypoint12 waypoint14)
3.480: (communicate_image_data rover1 general objective4 low_res waypoint12 waypoint14)
3.523: (navigate rover0 waypoint19 waypoint13)
3.558: (navigate rover0 waypoint19 waypoint13)
1.895: (sample_rock rover1 rover1store waypoint15)
1.968: (sample_soil rover1 rover1store waypoint15)
2.683: (navigate rover1 waypoint19 waypoint15)
2.683: (take_image rover0 waypoint19 objective4 camera3 colour)
2.684: (calibrate rover1 camera1 objective2 waypoint15)
2.689: (calibrate rover1 camera2 objective2 waypoint15)
2.693: (navigate rover1 waypoint19 waypoint15)
2.704: (navigate rover1 waypoint19 waypoint15)
2.706: (navigate rover0 waypoint19 waypoint13)
3.075: (calibrate rover1 camera0 objective4 waypoint19)
0.632: (drop rover1 rover1store)
0.861: (drop rover1 rover1store)
1.869: (calibrate rover1 camera1 objective2 waypoint15)
1.870: (sample_rock rover1 rover1store waypoint15)
1.871: (sample_rock rover1 rover1store waypoint15)
1.881: (calibrate rover1 camera2 objective2 waypoint15)
1.881: (sample_rock rover1 rover1store waypoint15)
1.885: (sample_rock rover1 rover1store waypoint15)
1.885: (take_image rover0 waypoint19 objective4 camera3 colour)
1.961: (sample_soil rover1 rover1store waypoint15)
0.585: (sample_soil rover1 rover1store waypoint15)
0.585: (sample_rock rover1 rover1store waypoint15)
0.599: (calibrate rover1 camera1 objective2 waypoint15)
0.599: (drop rover1 rover1store)
0.602: (drop rover1 rover1store)
0.611: (drop rover1 rover1store)
0.611: (calibrate rover1 camera2 objective2 waypoint15)
0.622: (take_image rover0 waypoint19 objective4 camera3 colour)
0.623: (drop rover1 rover1store)
0.855: (drop rover1 rover1store)
0.416: (navigate rover1 waypoint15 waypoint19)
0.440: (drop rover1 rover1store)
0.578: (sample_rock rover1 rover1store waypoint15)
0.578: (take_image rover0 waypoint19 objective4 camera3 colour)
0.579: (sample_soil rover1 rover1store waypoint15)
0.586: (take_image rover0 waypoint19 objective4 camera3 colour)
0.589: (calibrate rover1 camera1 objective2 waypoint15)
0.589: (take_image rover0 waypoint19 objective4 camera3 colour)
0.594: (sample_soil rover1 rover1store waypoint15)
0.594: (calibrate rover1 camera1 objective2 waypoint15)
0.364: (drop rover1 rover1store)
0.364: (navigate rover1 waypoint15 waypoint19)
0.409: (navigate rover1 waypoint15 waypoint19)
0.409: (take_image rover0 waypoint19 objective4 camera3 colour)
0.424: (calibrate rover1 camera0 objective4 waypoint19)
0.434: (drop rover1 rover1store)
0.434: (take_image rover0 waypoint19 objective4 camera3 colour)
0.443: (navigate rover1 waypoint15 waypoint19)
0.448: (calibrate rover1 camera1 objective2 waypoint15)
0.449: (drop rover1 rover1store)
0.355: (take_image rover0 waypoint19 objective4 camera3 colour)
0.355: (drop rover1 rover1store)
0.356: (navigate rover1 waypoint15 waypoint19)
0.366: (calibrate rover1 camera0 objective4 waypoint19)
0.366: (drop rover1 rover1store)
0.389: (drop rover1 rover1store)
0.390: (navigate rover1 waypoint15 waypoint19)
0.412: (calibrate rover1 camera0 objective4 waypoint19)
0.412: (take_image rover0 waypoint19 objective4 camera3 colour)
0.432: (take_image rover0 waypoint19 objective4 camera3 colour)
0.355: (drop rover1 rover1store)
0.355: (calibrate rover1 camera0 objective4 waypoint19)
0.355: (take_image rover0 waypoint19 objective4 camera3 colour)
0.379: (take_image rover0 waypoint19 objective4 camera3 colour)
0.380: (drop rover1 rover1store)
0.384: (calibrate rover1 camera0 objective4 waypoint19)
0.430: (calibrate rover1 camera0 objective4 waypoint19)
0.447: (navigate rover1 waypoint19 waypoint15)
0.538: (navigate rover1 waypoint19 waypoint4)
0.555: (navigate rover1 waypoint19 waypoint4)
-0.449: (communicate_soil_data rover1 general waypoint15 waypoint4 waypoint14)
-0.435: (communicate_soil_data rover1 general waypoint15 waypoint4 waypoint14)
-0.388: (communicate_rock_data rover1 general waypoint15 waypoint4 waypoint14)
-0.370: (communicate_rock_data rover1 general waypoint15 waypoint4 waypoint14)
0.373: (calibrate rover1 camera0 objective4 waypoint19)
0.373: (take_image rover0 waypoint19 objective4 camera3 colour)
0.373: (drop rover1 rover1store)
0.438: (take_image rover0 waypoint19 objective4 camera3 colour)
0.438: (navigate rover1 waypoint19 waypoint15)
0.443: (calibrate rover0 camera3 objective4 waypoint19)
-1.371: (communicate_rock_data rover1 general waypoint15 waypoint4 waypoint14)
[Final] Expanded: 832, Generated: 15177
Found a solution of length 132!
   1: (calibrate rover1 camera2 objective2 waypoint20)
   2: (calibrate rover1 camera1 objective2 waypoint20)
   3: (take_image rover1 waypoint20 objective1 camera2 high_res)
   4: (sample_soil rover0 rover0store waypoint9)
   5: (drop rover0 rover0store)
   6: (navigate rover1 waypoint20 waypoint10)
   7: (communicate_soil_data rover0 general waypoint9 waypoint9 waypoint14)
   8: (sample_soil rover1 rover1store waypoint10)
   9: (navigate rover0 waypoint9 waypoint14)
  10: (drop rover1 rover1store)
  11: (sample_soil rover0 rover0store waypoint14)
  12: (drop rover0 rover0store)
  13: (navigate rover0 waypoint14 waypoint4)
  14: (communicate_soil_data rover0 general waypoint14 waypoint4 waypoint14)
  15: (calibrate rover0 camera3 objective4 waypoint4)
  16: (take_image rover0 waypoint4 objective4 camera3 colour)
  17: (sample_rock rover1 rover1store waypoint10)
  18: (drop rover1 rover1store)
  19: (take_image rover1 waypoint10 objective0 camera1 low_res)
  20: (navigate rover1 waypoint10 waypoint1)
  21: (sample_soil rover1 rover1store waypoint1)
  22: (drop rover1 rover1store)
  23: (calibrate rover0 camera3 objective4 waypoint4)
  24: (take_image rover0 waypoint4 objective0 camera3 colour)
  25: (communicate_image_data rover0 general objective4 colour waypoint4 waypoint14)
  26: (navigate rover1 waypoint1 waypoint10)
  27: (navigate rover1 waypoint10 waypoint20)
  28: (navigate rover1 waypoint20 waypoint2)
  29: (sample_rock rover1 rover1store waypoint2)
  30: (drop rover1 rover1store)
  31: (navigate rover1 waypoint2 waypoint6)
  32: (sample_rock rover1 rover1store waypoint6)
  33: (navigate rover1 waypoint6 waypoint2)
  34: (drop rover1 rover1store)
  35: (navigate rover1 waypoint2 waypoint3)
  36: (sample_rock rover1 rover1store waypoint3)
  37: (drop rover1 rover1store)
  38: (navigate rover1 waypoint3 waypoint18)
  39: (sample_rock rover1 rover1store waypoint18)
  40: (calibrate rover1 camera2 objective2 waypoint18)
  41: (drop rover1 rover1store)
  42: (take_image rover1 waypoint18 objective3 camera2 high_res)
  43: (calibrate rover1 camera2 objective2 waypoint18)
  44: (calibrate rover1 camera1 objective2 waypoint18)
  45: (calibrate rover0 camera3 objective4 waypoint4)
  46: (calibrate rover1 camera0 objective4 waypoint18)
  47: (communicate_image_data rover0 general objective0 colour waypoint4 waypoint14)
  48: (take_image rover1 waypoint18 objective4 camera2 high_res)
  49: (calibrate rover1 camera2 objective2 waypoint18)
  50: (take_image rover1 waypoint18 objective4 camera1 low_res)
  51: (take_image rover1 waypoint18 objective0 camera2 high_res)
  52: (calibrate rover1 camera2 objective2 waypoint18)
  53: (calibrate rover1 camera1 objective2 waypoint18)
  54: (take_image rover1 waypoint18 objective3 camera1 low_res)
  55: (take_image rover1 waypoint18 objective1 camera0 low_res)
  56: (calibrate rover1 camera0 objective4 waypoint18)
  57: (calibrate rover1 camera1 objective2 waypoint18)
  58: (take_image rover1 waypoint18 objective2 camera2 high_res)
  59: (calibrate rover1 camera2 objective2 waypoint18)
  60: (take_image rover1 waypoint18 objective0 camera1 low_res)
  61: (take_image rover1 waypoint18 objective0 camera2 high_res)
  62: (take_image rover1 waypoint18 objective2 camera0 low_res)
  63: (navigate rover0 waypoint4 waypoint14)
  64: (navigate rover0 waypoint14 waypoint9)
  65: (navigate rover0 waypoint9 waypoint23)
  66: (take_image rover0 waypoint23 objective1 camera3 colour)
  67: (communicate_image_data rover0 general objective1 colour waypoint23 waypoint14)
  68: (sample_soil rover0 rover0store waypoint23)
  69: (communicate_soil_data rover0 general waypoint23 waypoint23 waypoint14)
  70: (navigate rover0 waypoint23 waypoint9)
  71: (drop rover0 rover0store)
  72: (navigate rover0 waypoint9 waypoint7)
  73: (navigate rover0 waypoint7 waypoint24)
  74: (sample_soil rover0 rover0store waypoint24)
  75: (navigate rover0 waypoint24 waypoint7)
  76: (communicate_soil_data rover0 general waypoint24 waypoint7 waypoint14)
  77: (drop rover0 rover0store)
  78: (navigate rover0 waypoint7 waypoint9)
  79: (navigate rover0 waypoint9 waypoint13)
  80: (navigate rover0 waypoint13 waypoint19)
  81: (sample_rock rover0 rover0store waypoint19)
  82: (navigate rover0 waypoint19 waypoint13)
  83: (communicate_rock_data rover0 general waypoint19 waypoint13 waypoint14)
  84: (navigate rover0 waypoint13 waypoint19)
  85: (drop rover0 rover0store)
  86: (sample_soil rover0 rover0store waypoint19)
  87: (drop rover0 rover0store)
  88: (calibrate rover1 camera0 objective4 waypoint18)
  89: (calibrate rover1 camera1 objective2 waypoint18)
  90: (calibrate rover0 camera3 objective4 waypoint19)
  91: (take_image rover1 waypoint18 objective2 camera0 high_res)
  92: (navigate rover1 waypoint18 waypoint3)
  93: (navigate rover1 waypoint3 waypoint2)
  94: (navigate rover1 waypoint2 waypoint20)
  95: (navigate rover1 waypoint20 waypoint12)
  96: (communicate_rock_data rover1 general waypoint2 waypoint12 waypoint14)
  97: (communicate_soil_data rover1 general waypoint10 waypoint12 waypoint14)
  98: (communicate_soil_data rover1 general waypoint1 waypoint12 waypoint14)
  99: (communicate_rock_data rover1 general waypoint10 waypoint12 waypoint14)
 100: (communicate_rock_data rover1 general waypoint6 waypoint12 waypoint14)
 101: (communicate_rock_data rover1 general waypoint18 waypoint12 waypoint14)
 102: (communicate_rock_data rover1 general waypoint3 waypoint12 waypoint14)
 103: (communicate_image_data rover1 general objective3 high_res waypoint12 waypoint14)
 104: (communicate_image_data rover1 general objective3 low_res waypoint12 waypoint14)
 105: (take_image rover0 waypoint19 objective4 camera3 colour)
 106: (communicate_image_data rover1 general objective0 low_res waypoint12 waypoint14)
 107: (communicate_image_data rover1 general objective2 high_res waypoint12 waypoint14)
 108: (take_image rover1 waypoint12 objective0 camera1 low_res)
 109: (communicate_image_data rover1 general objective1 high_res waypoint12 waypoint14)
 110: (communicate_image_data rover1 general objective0 high_res waypoint12 waypoint14)
 111: (communicate_image_data rover1 general objective1 low_res waypoint12 waypoint14)
 112: (communicate_image_data rover1 general objective4 high_res waypoint12 waypoint14)
 113: (communicate_image_data rover1 general objective2 low_res waypoint12 waypoint14)
 114: (calibrate rover0 camera3 objective4 waypoint19)
 115: (navigate rover0 waypoint19 waypoint13)
 116: (take_image rover0 waypoint13 objective4 camera3 colour)
 117: (communicate_soil_data rover0 general waypoint19 waypoint13 waypoint14)
 118: (navigate rover0 waypoint13 waypoint19)
 119: (calibrate rover0 camera3 objective4 waypoint19)
 120: (navigate rover1 waypoint12 waypoint20)
 121: (navigate rover1 waypoint20 waypoint0)
 122: (navigate rover1 waypoint0 waypoint19)
 123: (navigate rover1 waypoint19 waypoint15)
 124: (sample_rock rover1 rover1store waypoint15)
 125: (drop rover1 rover1store)
 126: (sample_soil rover1 rover1store waypoint15)
 127: (navigate rover1 waypoint15 waypoint19)
 128: (drop rover1 rover1store)
 129: (take_image rover0 waypoint19 objective4 camera3 colour)
 130: (navigate rover1 waypoint19 waypoint4)
 131: (communicate_soil_data rover1 general waypoint15 waypoint4 waypoint14)
 132: (communicate_rock_data rover1 general waypoint15 waypoint4 waypoint14)
