/u/ibrahim.eisawy/Neural-Guided-Search/venv/lib/python3.10/site-packages/pymimir_rgnn/model.py:151: UserWarning: index_reduce() is in beta and the API may change at any time. (Triggered internally at /pytorch/aten/src/ATen/native/cuda/Indexing.cu:1541.)
  max_msg.index_reduce_(0, output_indices, output_messages, reduce='amax', include_self=True)
Torch: 2.12.0+cu130
Using GPU:  NVIDIA L40S
29.661: (calibrate rover0 camera0 objective4 waypoint21)
29.673: (navigate rover1 waypoint6 waypoint18)
30.153: (sample_soil rover0 rover0store waypoint21)
30.960: (navigate rover0 waypoint21 waypoint13)
31.405: (navigate rover1 waypoint6 waypoint24)
31.633: (navigate rover0 waypoint21 waypoint4)
31.655: (navigate rover1 waypoint6 waypoint10)
31.828: (navigate rover1 waypoint6 waypoint15)
31.930: (navigate rover0 waypoint21 waypoint17)
32.035: (navigate rover0 waypoint21 waypoint7)
27.956: (calibrate rover1 camera3 objective2 waypoint18)
28.142: (navigate rover1 waypoint6 waypoint18)
28.142: (calibrate rover0 camera0 objective4 waypoint21)
28.684: (calibrate rover0 camera0 objective4 waypoint21)
28.684: (sample_soil rover0 rover0store waypoint21)
28.810: (sample_soil rover0 rover0store waypoint21)
28.811: (navigate rover1 waypoint6 waypoint18)
28.853: (calibrate rover1 camera1 objective3 waypoint18)
29.080: (drop rover0 rover0store)
29.427: (calibrate rover0 camera2 objective3 waypoint13)
27.091: (sample_soil rover0 rover0store waypoint21)
27.091: (calibrate rover1 camera3 objective2 waypoint18)
27.185: (calibrate rover0 camera0 objective4 waypoint21)
27.185: (calibrate rover1 camera3 objective2 waypoint18)
27.205: (calibrate rover0 camera0 objective4 waypoint21)
27.206: (calibrate rover1 camera1 objective3 waypoint18)
27.362: (calibrate rover0 camera0 objective4 waypoint21)
27.362: (navigate rover1 waypoint6 waypoint18)
27.362: (sample_soil rover0 rover0store waypoint21)
27.604: (drop rover0 rover0store)
25.997: (drop rover0 rover0store)
26.254: (drop rover0 rover0store)
26.254: (navigate rover1 waypoint6 waypoint18)
26.340: (take_image rover0 waypoint21 objective4 camera0 colour)
26.416: (calibrate rover1 camera3 objective2 waypoint18)
26.416: (calibrate rover0 camera0 objective4 waypoint21)
26.416: (sample_soil rover0 rover0store waypoint21)
26.430: (calibrate rover1 camera1 objective3 waypoint18)
26.431: (sample_soil rover0 rover0store waypoint21)
26.549: (take_image rover0 waypoint21 objective2 camera0 colour)
25.309: (drop rover0 rover0store)
25.309: (calibrate rover1 camera3 objective2 waypoint18)
25.309: (calibrate rover0 camera0 objective4 waypoint21)
25.321: (drop rover0 rover0store)
25.322: (calibrate rover1 camera1 objective3 waypoint18)
25.664: (take_image rover0 waypoint21 objective4 camera0 colour)
25.665: (sample_soil rover0 rover0store waypoint21)
25.701: (calibrate rover1 camera1 objective3 waypoint18)
25.712: (navigate rover0 waypoint21 waypoint13)
25.809: (navigate rover0 waypoint21 waypoint4)
24.452: (drop rover0 rover0store)
24.453: (take_image rover0 waypoint21 objective4 camera0 colour)
24.555: (navigate rover0 waypoint21 waypoint13)
24.682: (take_image rover0 waypoint21 objective2 camera0 colour)
24.912: (take_image rover1 waypoint18 objective3 camera1 high_res)
24.926: (take_image rover1 waypoint18 objective3 camera3 colour)
24.980: (take_image rover1 waypoint18 objective3 camera3 high_res)
24.980: (take_image rover1 waypoint18 objective3 camera1 high_res)
25.013: (calibrate rover0 camera0 objective4 waypoint21)
25.013: (navigate rover0 waypoint21 waypoint13)
23.359: (navigate rover0 waypoint21 waypoint13)
23.359: (drop rover0 rover0store)
24.033: (calibrate rover0 camera0 objective4 waypoint21)
24.053: (calibrate rover1 camera3 objective2 waypoint18)
24.100: (calibrate rover0 camera2 objective3 waypoint13)
24.134: (take_image rover1 waypoint18 objective2 camera3 colour)
24.136: (take_image rover1 waypoint18 objective3 camera3 colour)
24.136: (calibrate rover1 camera1 objective3 waypoint18)
24.148: (take_image rover0 waypoint13 objective3 camera0 colour)
24.178: (take_image rover0 waypoint21 objective4 camera0 colour)
22.887: (navigate rover0 waypoint21 waypoint13)
22.903: (calibrate rover0 camera2 objective3 waypoint13)
22.904: (drop rover0 rover0store)
22.924: (sample_soil rover0 rover0store waypoint13)
23.086: (navigate rover0 waypoint21 waypoint13)
23.087: (calibrate rover1 camera1 objective3 waypoint18)
23.101: (take_image rover1 waypoint18 objective3 camera1 high_res)
23.278: (take_image rover1 waypoint18 objective2 camera1 high_res)
23.389: (navigate rover0 waypoint21 waypoint4)
23.456: (navigate rover0 waypoint21 waypoint4)
21.443: (navigate rover0 waypoint13 waypoint1)
21.710: (drop rover0 rover0store)
22.079: (take_image rover1 waypoint18 objective3 camera1 high_res)
22.080: (navigate rover0 waypoint21 waypoint13)
22.236: (navigate rover0 waypoint21 waypoint13)
22.237: (take_image rover1 waypoint18 objective2 camera1 high_res)
22.373: (take_image rover0 waypoint4 objective1 camera0 colour)
22.390: (navigate rover0 waypoint21 waypoint4)
22.414: (take_image rover1 waypoint18 objective3 camera3 high_res)
22.442: (sample_soil rover0 rover0store waypoint13)
20.197: (drop rover0 rover0store)
20.198: (navigate rover0 waypoint13 waypoint1)
20.264: (communicate_soil_data rover0 general waypoint13 waypoint1 waypoint24)
20.301: (communicate_soil_data rover0 general waypoint21 waypoint1 waypoint24)
20.981: (navigate rover0 waypoint13 waypoint1)
21.165: (calibrate rover1 camera1 objective3 waypoint18)
21.229: (drop rover0 rover0store)
21.240: (calibrate rover0 camera2 objective3 waypoint13)
21.362: (navigate rover0 waypoint13 waypoint21)
21.439: (calibrate rover1 camera1 objective3 waypoint18)
19.028: (drop rover0 rover0store)
19.028: (communicate_soil_data rover0 general waypoint13 waypoint1 waypoint24)
19.066: (communicate_soil_data rover0 general waypoint21 waypoint1 waypoint24)
19.067: (drop rover0 rover0store)
19.127: (communicate_soil_data rover0 general waypoint13 waypoint1 waypoint24)
19.128: (communicate_soil_data rover0 general waypoint21 waypoint1 waypoint24)
19.208: (sample_soil rover0 rover0store waypoint1)
19.729: (navigate rover0 waypoint13 waypoint1)
19.729: (drop rover0 rover0store)
19.745: (navigate rover0 waypoint13 waypoint1)
17.838: (drop rover0 rover0store)
17.839: (communicate_soil_data rover0 general waypoint13 waypoint1 waypoint24)
17.839: (communicate_soil_data rover0 general waypoint21 waypoint1 waypoint24)
17.995: (drop rover0 rover0store)
18.002: (communicate_soil_data rover0 general waypoint1 waypoint1 waypoint24)
18.077: (communicate_soil_data rover0 general waypoint13 waypoint1 waypoint24)
18.078: (sample_soil rover0 rover0store waypoint1)
18.087: (sample_soil rover0 rover0store waypoint1)
18.088: (communicate_soil_data rover0 general waypoint21 waypoint1 waypoint24)
18.552: (communicate_soil_data rover0 general waypoint13 waypoint1 waypoint24)
16.770: (communicate_soil_data rover0 general waypoint1 waypoint1 waypoint24)
16.771: (drop rover0 rover0store)
16.823: (communicate_soil_data rover0 general waypoint13 waypoint1 waypoint24)
16.823: (communicate_soil_data rover0 general waypoint1 waypoint1 waypoint24)
16.867: (communicate_soil_data rover0 general waypoint21 waypoint1 waypoint24)
16.868: (communicate_soil_data rover0 general waypoint1 waypoint1 waypoint24)
16.876: (communicate_soil_data rover0 general waypoint21 waypoint1 waypoint24)
16.877: (drop rover0 rover0store)
16.883: (communicate_soil_data rover0 general waypoint13 waypoint1 waypoint24)
16.883: (drop rover0 rover0store)
15.610: (communicate_soil_data rover0 general waypoint13 waypoint1 waypoint24)
15.610: (communicate_soil_data rover0 general waypoint1 waypoint1 waypoint24)
15.610: (drop rover0 rover0store)
15.639: (drop rover0 rover0store)
15.639: (communicate_soil_data rover0 general waypoint21 waypoint1 waypoint24)
15.640: (communicate_soil_data rover0 general waypoint1 waypoint1 waypoint24)
15.667: (communicate_soil_data rover0 general waypoint13 waypoint1 waypoint24)
15.667: (communicate_soil_data rover0 general waypoint21 waypoint1 waypoint24)
15.709: (communicate_soil_data rover0 general waypoint13 waypoint1 waypoint24)
15.709: (communicate_soil_data rover0 general waypoint21 waypoint1 waypoint24)
14.408: (communicate_soil_data rover0 general waypoint1 waypoint1 waypoint24)
14.408: (communicate_soil_data rover0 general waypoint21 waypoint1 waypoint24)
14.409: (drop rover0 rover0store)
14.409: (communicate_soil_data rover0 general waypoint13 waypoint1 waypoint24)
15.330: (calibrate rover1 camera1 objective3 waypoint18)
15.361: (calibrate rover1 camera1 objective3 waypoint18)
15.387: (calibrate rover1 camera1 objective3 waypoint18)
15.431: (calibrate rover1 camera1 objective3 waypoint18)
15.839: (communicate_image_data rover0 general objective4 colour waypoint1 waypoint24)
15.846: (take_image rover1 waypoint18 objective3 camera3 high_res)
14.129: (communicate_soil_data rover0 general waypoint13 waypoint1 waypoint24)
14.129: (drop rover0 rover0store)
14.129: (calibrate rover1 camera1 objective3 waypoint18)
14.129: (communicate_soil_data rover0 general waypoint21 waypoint1 waypoint24)
14.130: (communicate_soil_data rover0 general waypoint1 waypoint1 waypoint24)
14.224: (calibrate rover1 camera3 objective2 waypoint18)
14.225: (take_image rover1 waypoint18 objective3 camera1 high_res)
14.264: (take_image rover1 waypoint18 objective3 camera1 high_res)
14.276: (take_image rover1 waypoint18 objective3 camera1 high_res)
14.379: (take_image rover1 waypoint18 objective3 camera1 high_res)
13.022: (communicate_soil_data rover0 general waypoint21 waypoint1 waypoint24)
13.022: (communicate_soil_data rover0 general waypoint1 waypoint1 waypoint24)
13.022: (communicate_soil_data rover0 general waypoint13 waypoint1 waypoint24)
13.022: (take_image rover1 waypoint18 objective3 camera1 high_res)
13.022: (drop rover0 rover0store)
13.173: (take_image rover1 waypoint18 objective2 camera1 high_res)
13.814: (calibrate rover1 camera1 objective3 waypoint18)
13.857: (calibrate rover1 camera1 objective3 waypoint18)
13.864: (calibrate rover1 camera1 objective3 waypoint18)
13.966: (calibrate rover1 camera1 objective3 waypoint18)
12.611: (communicate_soil_data rover0 general waypoint21 waypoint1 waypoint24)
12.612: (calibrate rover1 camera1 objective3 waypoint18)
12.613: (communicate_soil_data rover0 general waypoint13 waypoint1 waypoint24)
12.613: (drop rover0 rover0store)
12.613: (communicate_soil_data rover0 general waypoint1 waypoint1 waypoint24)
12.748: (calibrate rover1 camera1 objective3 waypoint18)
13.499: (communicate_image_data rover0 general objective4 colour waypoint1 waypoint24)
13.662: (communicate_image_data rover0 general objective4 colour waypoint1 waypoint24)
13.688: (navigate rover0 waypoint1 waypoint13)
13.736: (navigate rover1 waypoint18 waypoint5)
12.622: (take_image rover1 waypoint18 objective2 camera1 high_res)
12.622: (take_image rover1 waypoint18 objective3 camera1 high_res)
12.683: (navigate rover0 waypoint13 waypoint21)
13.082: (navigate rover0 waypoint13 waypoint5)
13.163: (calibrate rover1 camera1 objective3 waypoint18)
13.164: (communicate_image_data rover0 general objective4 colour waypoint1 waypoint24)
13.182: (take_image rover1 waypoint18 objective3 camera3 colour)
13.198: (take_image rover1 waypoint18 objective2 camera3 colour)
13.268: (communicate_image_data rover0 general objective4 colour waypoint1 waypoint24)
13.269: (calibrate rover1 camera1 objective3 waypoint18)
11.936: (calibrate rover1 camera3 objective2 waypoint18)
12.015: (calibrate rover1 camera3 objective2 waypoint18)
12.094: (navigate rover0 waypoint21 waypoint4)
12.216: (calibrate rover1 camera1 objective3 waypoint18)
12.277: (calibrate rover1 camera1 objective3 waypoint18)
12.317: (calibrate rover0 camera0 objective4 waypoint21)
12.445: (navigate rover0 waypoint21 waypoint3)
12.676: (calibrate rover1 camera1 objective3 waypoint18)
12.822: (communicate_image_data rover0 general objective4 colour waypoint1 waypoint24)
12.822: (take_image rover1 waypoint18 objective3 camera3 colour)
11.387: (navigate rover0 waypoint4 waypoint11)
11.461: (navigate rover0 waypoint3 waypoint23)
11.665: (communicate_image_data rover0 general objective4 colour waypoint1 waypoint24)
11.667: (calibrate rover1 camera3 objective2 waypoint18)
11.714: (calibrate rover1 camera1 objective3 waypoint18)
11.715: (navigate rover0 waypoint21 waypoint4)
11.741: (communicate_image_data rover0 general objective4 colour waypoint1 waypoint24)
11.749: (calibrate rover0 camera0 objective4 waypoint4)
11.750: (navigate rover0 waypoint21 waypoint4)
11.901: (navigate rover0 waypoint4 waypoint18)
10.974: (navigate rover0 waypoint4 waypoint11)
10.983: (calibrate rover1 camera1 objective3 waypoint18)
10.983: (navigate rover0 waypoint4 waypoint11)
11.053: (calibrate rover1 camera1 objective3 waypoint18)
11.068: (calibrate rover0 camera2 objective3 waypoint23)
11.350: (sample_soil rover0 rover0store waypoint23)
11.363: (calibrate rover0 camera0 objective4 waypoint4)
11.364: (calibrate rover1 camera1 objective3 waypoint18)
11.365: (sample_soil rover0 rover0store waypoint11)
11.490: (navigate rover0 waypoint4 waypoint18)
10.185: (drop rover0 rover0store)
10.215: (drop rover0 rover0store)
10.569: (calibrate rover1 camera1 objective3 waypoint18)
10.571: (navigate rover0 waypoint4 waypoint11)
10.646: (calibrate rover0 camera2 objective3 waypoint23)
10.646: (calibrate rover1 camera1 objective3 waypoint18)
10.929: (sample_soil rover0 rover0store waypoint11)
10.938: (sample_soil rover0 rover0store waypoint23)
10.939: (calibrate rover1 camera1 objective3 waypoint18)
10.940: (calibrate rover0 camera2 objective3 waypoint23)
9.773: (drop rover0 rover0store)
9.775: (calibrate rover1 camera1 objective3 waypoint18)
9.790: (calibrate rover0 camera2 objective3 waypoint23)
9.791: (drop rover0 rover0store)
9.794: (drop rover0 rover0store)
9.809: (calibrate rover1 camera1 objective3 waypoint18)
9.926: (navigate rover0 waypoint11 waypoint4)
10.338: (navigate rover0 waypoint23 waypoint3)
10.506: (take_image rover1 waypoint18 objective2 camera3 colour)
10.516: (sample_soil rover0 rover0store waypoint23)
9.365: (drop rover0 rover0store)
9.366: (calibrate rover0 camera2 objective3 waypoint23)
9.366: (calibrate rover1 camera1 objective3 waypoint18)
9.381: (navigate rover0 waypoint4 waypoint18)
9.387: (calibrate rover1 camera1 objective3 waypoint18)
9.536: (navigate rover0 waypoint11 waypoint4)
9.536: (calibrate rover1 camera1 objective3 waypoint18)
9.593: (calibrate rover0 camera0 objective4 waypoint4)
9.595: (navigate rover0 waypoint11 waypoint4)
9.773: (take_image rover1 waypoint18 objective2 camera1 high_res)
8.976: (navigate rover0 waypoint4 waypoint18)
8.984: (calibrate rover0 camera2 objective3 waypoint18)
8.987: (navigate rover0 waypoint4 waypoint18)
8.987: (calibrate rover1 camera1 objective3 waypoint18)
9.147: (sample_soil rover0 rover0store waypoint18)
9.226: (take_image rover1 waypoint18 objective2 camera3 colour)
9.344: (take_image rover1 waypoint18 objective2 camera3 colour)
9.363: (calibrate rover1 camera1 objective3 waypoint18)
9.383: (calibrate rover0 camera2 objective3 waypoint23)
9.384: (take_image rover1 waypoint18 objective2 camera1 high_res)
8.047: (drop rover0 rover0store)
8.558: (calibrate rover0 camera2 objective3 waypoint18)
8.558: (calibrate rover1 camera1 objective3 waypoint18)
8.574: (calibrate rover1 camera1 objective3 waypoint18)
8.712: (calibrate rover0 camera2 objective3 waypoint18)
8.715: (sample_soil rover0 rover0store waypoint18)
8.721: (calibrate rover0 camera2 objective3 waypoint18)
8.722: (sample_soil rover0 rover0store waypoint18)
8.754: (sample_soil rover0 rover0store waypoint18)
8.754: (calibrate rover1 camera1 objective3 waypoint18)
7.632: (drop rover0 rover0store)
7.636: (drop rover0 rover0store)
7.637: (calibrate rover0 camera2 objective3 waypoint18)
7.655: (calibrate rover1 camera1 objective3 waypoint18)
7.656: (drop rover0 rover0store)
8.403: (navigate rover1 waypoint18 waypoint6)
8.433: (sample_soil rover0 rover0store waypoint18)
8.435: (calibrate rover1 camera1 objective3 waypoint18)
8.435: (calibrate rover0 camera2 objective3 waypoint18)
8.459: (calibrate rover1 camera1 objective3 waypoint18)
7.227: (calibrate rover1 camera1 objective3 waypoint18)
7.227: (calibrate rover0 camera2 objective3 waypoint18)
7.228: (drop rover0 rover0store)
7.253: (drop rover0 rover0store)
7.253: (calibrate rover1 camera1 objective3 waypoint18)
7.416: (calibrate rover0 camera2 objective3 waypoint18)
7.651: (take_image rover1 waypoint18 objective2 camera1 high_res)
7.663: (take_image rover0 waypoint18 objective2 camera0 colour)
7.663: (take_image rover0 waypoint18 objective2 camera2 colour)
7.784: (take_image rover1 waypoint18 objective2 camera3 colour)
7.082: (take_image rover1 waypoint18 objective2 camera3 colour)
7.083: (calibrate rover1 camera1 objective3 waypoint18)
7.118: (calibrate rover1 camera3 objective2 waypoint18)
7.158: (take_image rover1 waypoint18 objective2 camera3 colour)
7.230: (calibrate rover1 camera1 objective3 waypoint18)
7.231: (calibrate rover0 camera2 objective3 waypoint18)
7.234: (take_image rover1 waypoint18 objective2 camera1 high_res)
7.245: (take_image rover0 waypoint18 objective2 camera2 colour)
7.247: (calibrate rover0 camera2 objective3 waypoint18)
7.247: (take_image rover1 waypoint18 objective2 camera1 high_res)
6.779: (calibrate rover1 camera1 objective3 waypoint18)
6.779: (calibrate rover1 camera3 objective2 waypoint18)
6.810: (calibrate rover1 camera3 objective2 waypoint18)
6.838: (take_image rover0 waypoint18 objective2 camera0 colour)
6.865: (take_image rover0 waypoint18 objective2 camera2 colour)
6.866: (calibrate rover1 camera1 objective3 waypoint18)
6.920: (calibrate rover1 camera1 objective3 waypoint18)
6.924: (take_image rover1 waypoint18 objective2 camera3 colour)
6.924: (calibrate rover0 camera2 objective3 waypoint18)
6.931: (calibrate rover1 camera1 objective3 waypoint18)
6.781: (calibrate rover0 camera2 objective3 waypoint18)
6.782: (calibrate rover1 camera3 objective2 waypoint18)
6.846: (calibrate rover0 camera2 objective3 waypoint18)
6.923: (calibrate rover0 camera2 objective3 waypoint18)
7.042: (take_image rover1 waypoint18 objective3 camera3 colour)
7.049: (take_image rover0 waypoint18 objective3 camera0 colour)
7.055: (navigate rover1 waypoint18 waypoint6)
7.059: (take_image rover1 waypoint18 objective3 camera3 colour)
7.063: (take_image rover1 waypoint18 objective2 camera3 colour)
7.063: (take_image rover0 waypoint18 objective2 camera0 colour)
6.489: (take_image rover1 waypoint6 objective1 camera1 high_res)
6.537: (take_image rover1 waypoint6 objective1 camera3 high_res)
6.673: (calibrate rover1 camera3 objective2 waypoint18)
6.678: (calibrate rover1 camera3 objective2 waypoint18)
6.678: (take_image rover0 waypoint18 objective3 camera0 colour)
6.690: (calibrate rover1 camera3 objective2 waypoint18)
6.699: (take_image rover0 waypoint18 objective3 camera2 colour)
6.750: (calibrate rover1 camera3 objective2 waypoint18)
6.750: (take_image rover0 waypoint18 objective2 camera0 colour)
6.762: (take_image rover0 waypoint18 objective3 camera0 colour)
6.136: (take_image rover1 waypoint6 objective1 camera3 colour)
6.161: (navigate rover1 waypoint6 waypoint18)
6.190: (navigate rover1 waypoint6 waypoint18)
6.256: (communicate_image_data rover1 general objective1 high_res waypoint6 waypoint24)
6.323: (communicate_image_data rover1 general objective1 high_res waypoint6 waypoint24)
6.346: (communicate_image_data rover1 general objective2 colour waypoint6 waypoint24)
6.381: (take_image rover0 waypoint18 objective3 camera2 colour)
6.398: (communicate_image_data rover1 general objective2 colour waypoint6 waypoint24)
6.482: (communicate_image_data rover1 general objective3 high_res waypoint6 waypoint24)
6.488: (communicate_image_data rover1 general objective3 high_res waypoint6 waypoint24)
5.680: (communicate_image_data rover1 general objective1 colour waypoint6 waypoint24)
5.750: (communicate_image_data rover1 general objective1 high_res waypoint6 waypoint24)
5.751: (take_image rover1 waypoint6 objective1 camera3 colour)
5.764: (take_image rover0 waypoint18 objective3 camera2 colour)
5.765: (communicate_image_data rover1 general objective1 high_res waypoint6 waypoint24)
5.840: (navigate rover1 waypoint6 waypoint18)
5.855: (navigate rover1 waypoint6 waypoint18)
5.890: (navigate rover1 waypoint6 waypoint18)
5.988: (take_image rover0 waypoint18 objective3 camera2 colour)
5.989: (take_image rover1 waypoint6 objective1 camera3 colour)
5.075: (communicate_image_data rover1 general objective1 colour waypoint6 waypoint24)
5.075: (communicate_image_data rover1 general objective1 high_res waypoint6 waypoint24)
5.321: (take_image rover1 waypoint6 objective1 camera3 colour)
5.322: (take_image rover0 waypoint18 objective3 camera2 colour)
5.323: (communicate_image_data rover1 general objective1 high_res waypoint6 waypoint24)
5.353: (navigate rover1 waypoint6 waypoint18)
5.353: (navigate rover1 waypoint6 waypoint18)
5.353: (take_image rover0 waypoint18 objective3 camera2 colour)
5.379: (take_image rover1 waypoint18 objective3 camera3 colour)
5.386: (navigate rover1 waypoint6 waypoint18)
4.601: (navigate rover1 waypoint6 waypoint18)
4.842: (take_image rover0 waypoint18 objective3 camera2 colour)
4.843: (communicate_image_data rover1 general objective1 colour waypoint6 waypoint24)
4.920: (navigate rover1 waypoint6 waypoint18)
4.920: (take_image rover0 waypoint18 objective3 camera2 colour)
5.064: (communicate_image_data rover1 general objective3 high_res waypoint6 waypoint24)
5.110: (communicate_image_data rover1 general objective2 colour waypoint6 waypoint24)
5.139: (navigate rover1 waypoint6 waypoint15)
5.188: (navigate rover1 waypoint6 waypoint10)
5.189: (communicate_image_data rover1 general objective2 colour waypoint6 waypoint24)
4.376: (navigate rover1 waypoint6 waypoint18)
4.376: (take_image rover0 waypoint18 objective3 camera2 colour)
4.545: (navigate rover1 waypoint6 waypoint18)
4.568: (calibrate rover1 camera3 objective2 waypoint18)
4.591: (navigate rover1 waypoint6 waypoint18)
4.607: (calibrate rover1 camera1 objective3 waypoint18)
4.683: (calibrate rover0 camera2 objective3 waypoint18)
4.769: (navigate rover1 waypoint6 waypoint18)
4.806: (navigate rover1 waypoint10 waypoint1)
4.840: (communicate_image_data rover1 general objective1 colour waypoint6 waypoint24)
3.938: (navigate rover1 waypoint1 waypoint23)
4.204: (calibrate rover1 camera3 objective2 waypoint18)
4.204: (take_image rover0 waypoint18 objective3 camera2 colour)
4.211: (navigate rover1 waypoint6 waypoint18)
4.212: (calibrate rover0 camera2 objective3 waypoint18)
4.214: (take_image rover1 waypoint18 objective3 camera3 colour)
4.312: (navigate rover1 waypoint6 waypoint18)
4.312: (take_image rover0 waypoint18 objective3 camera2 colour)
4.372: (take_image rover0 waypoint18 objective3 camera2 colour)
4.382: (calibrate rover1 camera1 objective3 waypoint18)
3.657: (take_image rover0 waypoint18 objective3 camera2 colour)
3.929: (calibrate rover1 camera1 objective3 waypoint23)
4.184: (calibrate rover0 camera2 objective3 waypoint18)
4.184: (calibrate rover1 camera3 objective2 waypoint18)
4.188: (calibrate rover1 camera3 objective2 waypoint18)
4.207: (calibrate rover1 camera3 objective2 waypoint18)
4.211: (calibrate rover0 camera2 objective3 waypoint18)
4.211: (calibrate rover1 camera1 objective3 waypoint18)
4.211: (calibrate rover0 camera2 objective3 waypoint18)
4.212: (calibrate rover0 camera2 objective3 waypoint18)
3.521: (calibrate rover0 camera2 objective3 waypoint18)
3.650: (take_image rover0 waypoint18 objective3 camera2 colour)
3.650: (calibrate rover1 camera1 objective3 waypoint23)
4.186: (calibrate rover0 camera2 objective3 waypoint18)
4.186: (calibrate rover1 camera3 objective2 waypoint18)
4.189: (take_image rover0 waypoint18 objective2 camera2 colour)
4.193: (take_image rover0 waypoint18 objective2 camera2 colour)
4.193: (calibrate rover1 camera3 objective2 waypoint18)
4.195: (take_image rover0 waypoint18 objective3 camera2 colour)
4.199: (calibrate rover1 camera1 objective3 waypoint18)
3.509: (calibrate rover0 camera2 objective3 waypoint18)
3.509: (calibrate rover1 camera1 objective3 waypoint23)
3.614: (take_image rover0 waypoint18 objective2 camera2 colour)
4.127: (take_image rover1 waypoint18 objective3 camera3 colour)
4.170: (calibrate rover0 camera2 objective3 waypoint18)
4.173: (calibrate rover0 camera2 objective3 waypoint18)
4.177: (calibrate rover0 camera2 objective3 waypoint18)
4.185: (take_image rover1 waypoint18 objective2 camera1 high_res)
4.193: (take_image rover0 waypoint18 objective2 camera2 colour)
4.200: (calibrate rover1 camera1 objective3 waypoint18)
3.490: (calibrate rover0 camera2 objective3 waypoint18)
3.607: (take_image rover0 waypoint18 objective2 camera2 colour)
3.607: (calibrate rover1 camera1 objective3 waypoint23)
4.106: (calibrate rover1 camera3 objective2 waypoint18)
4.123: (calibrate rover1 camera1 objective3 waypoint18)
4.173: (calibrate rover0 camera2 objective3 waypoint18)
4.180: (take_image rover0 waypoint18 objective3 camera2 colour)
4.180: (take_image rover0 waypoint18 objective2 camera2 colour)
4.184: (calibrate rover1 camera1 objective3 waypoint18)
4.185: (take_image rover1 waypoint18 objective2 camera1 high_res)
3.479: (calibrate rover0 camera2 objective3 waypoint18)
3.479: (calibrate rover1 camera1 objective3 waypoint23)
4.110: (take_image rover1 waypoint18 objective2 camera1 high_res)
4.111: (take_image rover1 waypoint18 objective2 camera3 high_res)
4.119: (calibrate rover1 camera3 objective2 waypoint18)
4.119: (calibrate rover1 camera1 objective3 waypoint18)
4.124: (take_image rover0 waypoint18 objective3 camera2 colour)
4.136: (take_image rover0 waypoint18 objective2 camera2 colour)
4.160: (calibrate rover0 camera2 objective3 waypoint18)
4.169: (take_image rover1 waypoint18 objective2 camera1 high_res)
4.090: (calibrate rover1 camera3 objective2 waypoint18)
4.091: (take_image rover1 waypoint18 objective2 camera1 high_res)
4.105: (take_image rover1 waypoint18 objective2 camera3 high_res)
4.105: (calibrate rover1 camera1 objective3 waypoint18)
4.119: (calibrate rover0 camera2 objective3 waypoint18)
4.144: (take_image rover0 waypoint18 objective3 camera2 colour)
4.144: (calibrate rover1 camera1 objective3 waypoint18)
4.157: (take_image rover0 waypoint18 objective2 camera2 colour)
4.157: (calibrate rover1 camera1 objective3 waypoint18)
4.176: (calibrate rover1 camera1 objective3 waypoint18)
4.104: (calibrate rover1 camera1 objective3 waypoint18)
4.105: (calibrate rover1 camera3 objective2 waypoint18)
4.108: (take_image rover1 waypoint18 objective2 camera1 high_res)
4.109: (take_image rover0 waypoint18 objective3 camera2 colour)
4.119: (take_image rover1 waypoint18 objective2 camera1 high_res)
4.120: (take_image rover0 waypoint18 objective2 camera2 colour)
4.120: (take_image rover1 waypoint18 objective2 camera3 high_res)
4.131: (calibrate rover1 camera1 objective3 waypoint18)
4.132: (calibrate rover0 camera2 objective3 waypoint18)
4.138: (take_image rover1 waypoint18 objective3 camera3 colour)
4.101: (calibrate rover0 camera2 objective3 waypoint18)
4.101: (calibrate rover1 camera3 objective2 waypoint18)
4.101: (take_image rover1 waypoint18 objective2 camera1 high_res)
4.113: (take_image rover1 waypoint18 objective2 camera3 high_res)
4.114: (calibrate rover1 camera1 objective3 waypoint18)
4.129: (calibrate rover1 camera1 objective3 waypoint18)
4.129: (take_image rover0 waypoint18 objective3 camera2 colour)
4.131: (take_image rover1 waypoint18 objective3 camera3 high_res)
4.131: (take_image rover1 waypoint18 objective3 camera3 colour)
4.131: (take_image rover1 waypoint18 objective2 camera3 colour)
4.115: (calibrate rover1 camera1 objective3 waypoint18)
4.115: (calibrate rover1 camera3 objective2 waypoint18)
4.195: (take_image rover1 waypoint18 objective3 camera3 colour)
4.195: (take_image rover1 waypoint18 objective2 camera3 high_res)
4.195: (take_image rover1 waypoint18 objective3 camera3 high_res)
4.195: (take_image rover1 waypoint18 objective2 camera3 colour)
4.201: (take_image rover0 waypoint18 objective3 camera2 colour)
4.201: (take_image rover0 waypoint18 objective2 camera2 colour)
4.217: (take_image rover0 waypoint18 objective2 camera2 colour)
4.217: (take_image rover0 waypoint18 objective3 camera2 colour)
4.140: (take_image rover0 waypoint18 objective3 camera2 colour)
4.140: (take_image rover0 waypoint18 objective2 camera2 colour)
4.140: (calibrate rover1 camera3 objective2 waypoint18)
4.190: (take_image rover1 waypoint18 objective2 camera1 high_res)
4.190: (take_image rover1 waypoint18 objective3 camera1 high_res)
4.197: (take_image rover1 waypoint18 objective2 camera1 high_res)
4.197: (take_image rover1 waypoint18 objective3 camera1 high_res)
4.197: (take_image rover1 waypoint18 objective2 camera1 high_res)
4.214: (take_image rover1 waypoint18 objective3 camera1 high_res)
4.557: (navigate rover1 waypoint18 waypoint5)
4.548: (communicate_image_data rover1 general objective2 high_res waypoint5 waypoint24)
4.558: (communicate_image_data rover1 general objective3 high_res waypoint5 waypoint24)
4.579: (take_image rover0 waypoint18 objective3 camera2 colour)
4.579: (take_image rover0 waypoint18 objective2 camera2 colour)
4.580: (navigate rover1 waypoint18 waypoint5)
4.583: (navigate rover1 waypoint18 waypoint6)
4.606: (communicate_image_data rover1 general objective3 colour waypoint5 waypoint24)
4.632: (navigate rover1 waypoint18 waypoint5)
4.641: (navigate rover1 waypoint18 waypoint6)
4.642: (navigate rover1 waypoint18 waypoint5)
4.077: (navigate rover1 waypoint5 waypoint18)
4.106: (navigate rover1 waypoint5 waypoint18)
4.116: (navigate rover1 waypoint5 waypoint18)
4.549: (communicate_image_data rover1 general objective2 high_res waypoint5 waypoint24)
4.550: (communicate_image_data rover1 general objective3 high_res waypoint5 waypoint24)
4.557: (calibrate rover0 camera2 objective3 waypoint18)
4.561: (calibrate rover0 camera2 objective3 waypoint18)
4.561: (take_image rover1 waypoint6 objective1 camera1 high_res)
4.562: (calibrate rover0 camera2 objective3 waypoint18)
4.567: (calibrate rover0 camera2 objective3 waypoint18)
4.048: (take_image rover0 waypoint18 objective3 camera2 colour)
4.048: (take_image rover0 waypoint18 objective2 camera2 colour)
4.058: (take_image rover1 waypoint18 objective3 camera1 high_res)
4.058: (take_image rover1 waypoint18 objective2 camera1 high_res)
4.067: (take_image rover1 waypoint18 objective3 camera3 colour)
4.067: (take_image rover1 waypoint18 objective3 camera3 high_res)
4.067: (take_image rover1 waypoint18 objective2 camera3 colour)
4.067: (take_image rover1 waypoint18 objective2 camera3 high_res)
4.091: (take_image rover1 waypoint18 objective3 camera1 high_res)
4.091: (take_image rover1 waypoint18 objective2 camera1 high_res)
4.039: (take_image rover0 waypoint18 objective3 camera2 colour)
4.039: (take_image rover1 waypoint18 objective2 camera1 high_res)
4.039: (take_image rover1 waypoint18 objective3 camera1 high_res)
4.039: (take_image rover0 waypoint18 objective2 camera2 colour)
4.044: (take_image rover1 waypoint18 objective2 camera3 high_res)
4.044: (take_image rover0 waypoint18 objective3 camera2 colour)
4.044: (take_image rover0 waypoint18 objective2 camera2 colour)
4.044: (take_image rover1 waypoint18 objective2 camera3 colour)
4.044: (take_image rover1 waypoint18 objective3 camera3 high_res)
4.044: (take_image rover1 waypoint18 objective3 camera3 colour)
4.058: (take_image rover1 waypoint18 objective3 camera3 high_res)
4.058: (take_image rover1 waypoint18 objective3 camera3 colour)
4.058: (take_image rover1 waypoint18 objective2 camera3 high_res)
4.058: (take_image rover1 waypoint18 objective2 camera3 colour)
4.058: (take_image rover1 waypoint18 objective3 camera1 high_res)
4.058: (take_image rover1 waypoint18 objective2 camera1 high_res)
4.557: (navigate rover1 waypoint18 waypoint5)
4.576: (navigate rover1 waypoint18 waypoint5)
4.577: (navigate rover1 waypoint18 waypoint6)
4.597: (navigate rover1 waypoint18 waypoint6)
4.068: (calibrate rover0 camera2 objective3 waypoint18)
4.519: (navigate rover1 waypoint6 waypoint15)
4.534: (navigate rover1 waypoint6 waypoint15)
4.549: (communicate_image_data rover1 general objective2 high_res waypoint5 waypoint24)
4.551: (communicate_image_data rover1 general objective3 high_res waypoint5 waypoint24)
4.570: (communicate_image_data rover1 general objective2 high_res waypoint6 waypoint24)
4.572: (communicate_image_data rover1 general objective3 high_res waypoint6 waypoint24)
4.577: (communicate_image_data rover1 general objective2 high_res waypoint5 waypoint24)
4.577: (communicate_image_data rover1 general objective3 high_res waypoint5 waypoint24)
4.582: (calibrate rover0 camera2 objective3 waypoint18)
4.031: (navigate rover1 waypoint6 waypoint18)
4.032: (navigate rover1 waypoint5 waypoint18)
4.034: (navigate rover1 waypoint6 waypoint18)
4.034: (navigate rover1 waypoint5 waypoint18)
4.043: (navigate rover1 waypoint5 waypoint18)
4.046: (navigate rover1 waypoint5 waypoint18)
4.434: (navigate rover1 waypoint15 waypoint20)
4.446: (navigate rover1 waypoint15 waypoint20)
4.470: (navigate rover1 waypoint15 waypoint2)
4.485: (navigate rover1 waypoint15 waypoint2)
4.041: (calibrate rover1 camera1 objective3 waypoint18)
4.042: (calibrate rover1 camera3 objective2 waypoint18)
4.043: (calibrate rover1 camera1 objective3 waypoint18)
4.044: (calibrate rover1 camera3 objective2 waypoint18)
4.050: (calibrate rover0 camera2 objective3 waypoint18)
4.052: (calibrate rover0 camera2 objective3 waypoint18)
4.056: (take_image rover1 waypoint18 objective2 camera1 high_res)
4.056: (take_image rover1 waypoint18 objective3 camera1 high_res)
4.056: (take_image rover1 waypoint18 objective3 camera3 high_res)
4.056: (take_image rover1 waypoint18 objective3 camera3 colour)
4.059: (calibrate rover0 camera2 objective3 waypoint18)
4.060: (take_image rover1 waypoint18 objective3 camera3 high_res)
4.060: (take_image rover1 waypoint18 objective2 camera3 colour)
4.060: (take_image rover1 waypoint18 objective2 camera3 high_res)
4.060: (take_image rover1 waypoint18 objective3 camera3 colour)
4.060: (take_image rover1 waypoint18 objective3 camera3 high_res)
4.060: (take_image rover1 waypoint18 objective3 camera3 colour)
4.061: (take_image rover1 waypoint18 objective2 camera3 colour)
4.061: (take_image rover1 waypoint18 objective2 camera3 high_res)
4.071: (calibrate rover0 camera2 objective3 waypoint18)
4.059: (take_image rover0 waypoint18 objective3 camera2 colour)
4.059: (take_image rover0 waypoint18 objective2 camera2 colour)
4.061: (take_image rover1 waypoint18 objective2 camera3 high_res)
4.061: (take_image rover1 waypoint18 objective3 camera3 colour)
4.061: (calibrate rover1 camera1 objective3 waypoint18)
4.061: (take_image rover1 waypoint18 objective3 camera3 high_res)
4.061: (take_image rover1 waypoint18 objective2 camera3 colour)
4.062: (calibrate rover1 camera1 objective3 waypoint18)
4.599: (navigate rover1 waypoint18 waypoint5)
4.605: (navigate rover1 waypoint18 waypoint5)
4.071: (calibrate rover1 camera3 objective2 waypoint18)
4.564: (take_image rover0 waypoint18 objective3 camera2 colour)
4.564: (take_image rover0 waypoint18 objective2 camera2 colour)
4.593: (take_image rover0 waypoint18 objective3 camera2 colour)
4.593: (take_image rover0 waypoint18 objective2 camera2 colour)
4.593: (communicate_image_data rover1 general objective3 high_res waypoint5 waypoint24)
4.595: (navigate rover1 waypoint18 waypoint5)
4.597: (navigate rover1 waypoint18 waypoint5)
4.597: (navigate rover1 waypoint18 waypoint5)
4.598: (communicate_image_data rover1 general objective3 high_res waypoint5 waypoint24)
4.051: (navigate rover1 waypoint5 waypoint18)
4.066: (navigate rover1 waypoint5 waypoint18)
4.560: (communicate_image_data rover1 general objective3 high_res waypoint5 waypoint24)
4.560: (take_image rover0 waypoint18 objective3 camera2 colour)
4.560: (take_image rover0 waypoint18 objective2 camera2 colour)
4.591: (communicate_image_data rover1 general objective2 high_res waypoint5 waypoint24)
4.591: (communicate_image_data rover1 general objective3 high_res waypoint5 waypoint24)
4.592: (communicate_image_data rover1 general objective3 high_res waypoint5 waypoint24)
4.592: (take_image rover0 waypoint18 objective3 camera2 colour)
4.592: (take_image rover0 waypoint18 objective2 camera2 colour)
4.036: (take_image rover0 waypoint18 objective2 camera2 colour)
4.037: (take_image rover0 waypoint18 objective3 camera2 colour)
4.037: (navigate rover1 waypoint5 waypoint18)
4.044: (calibrate rover1 camera3 objective2 waypoint18)
4.044: (take_image rover1 waypoint18 objective3 camera1 high_res)
4.044: (take_image rover1 waypoint18 objective2 camera1 high_res)
4.055: (take_image rover0 waypoint18 objective2 camera2 colour)
4.055: (take_image rover0 waypoint18 objective3 camera2 colour)
4.055: (navigate rover1 waypoint5 waypoint18)
4.056: (navigate rover1 waypoint5 waypoint18)
4.025: (take_image rover0 waypoint18 objective3 camera2 colour)
4.025: (take_image rover1 waypoint18 objective3 camera1 high_res)
4.025: (take_image rover1 waypoint18 objective2 camera1 high_res)
4.025: (take_image rover0 waypoint18 objective2 camera2 colour)
4.025: (calibrate rover1 camera3 objective2 waypoint18)
4.046: (take_image rover1 waypoint18 objective3 camera3 high_res)
4.046: (take_image rover1 waypoint18 objective3 camera3 colour)
4.046: (take_image rover0 waypoint18 objective3 camera2 colour)
4.046: (take_image rover0 waypoint18 objective2 camera2 colour)
4.046: (take_image rover1 waypoint18 objective2 camera3 colour)
4.543: (navigate rover1 waypoint18 waypoint5)
4.565: (navigate rover1 waypoint18 waypoint6)
4.578: (navigate rover1 waypoint18 waypoint5)
4.601: (navigate rover1 waypoint18 waypoint6)
5.161: (navigate rover0 waypoint18 waypoint4)
5.219: (navigate rover0 waypoint18 waypoint4)
inf: (calibrate rover0 camera2 objective3 waypoint18)
inf: (take_image rover1 waypoint18 objective3 camera1 high_res)
inf: (take_image rover1 waypoint18 objective2 camera1 high_res)
inf: (calibrate rover1 camera3 objective2 waypoint18)
4.327: (navigate rover0 waypoint4 waypoint11)
4.344: (navigate rover0 waypoint4 waypoint11)
4.443: (navigate rover0 waypoint4 waypoint9)
4.483: (navigate rover0 waypoint4 waypoint9)
4.506: (navigate rover1 waypoint6 waypoint15)
4.533: (navigate rover0 waypoint4 waypoint2)
4.536: (navigate rover1 waypoint6 waypoint15)
4.559: (navigate rover0 waypoint4 waypoint2)
4.563: (navigate rover0 waypoint4 waypoint21)
4.569: (calibrate rover0 camera2 objective3 waypoint18)
3.655: (navigate rover0 waypoint21 waypoint3)
4.341: (calibrate rover1 camera1 objective3 waypoint18)
4.342: (calibrate rover1 camera3 objective2 waypoint18)
4.353: (take_image rover1 waypoint18 objective2 camera3 colour)
4.353: (take_image rover1 waypoint18 objective2 camera3 high_res)
4.353: (take_image rover1 waypoint18 objective2 camera1 high_res)
4.353: (take_image rover1 waypoint18 objective3 camera1 high_res)
4.353: (take_image rover1 waypoint18 objective3 camera3 colour)
4.353: (take_image rover1 waypoint18 objective3 camera3 high_res)
4.420: (navigate rover1 waypoint15 waypoint20)
3.305: (navigate rover0 waypoint3 waypoint23)
3.658: (take_image rover1 waypoint18 objective3 camera3 high_res)
3.658: (take_image rover1 waypoint18 objective3 camera3 colour)
3.658: (take_image rover1 waypoint18 objective2 camera3 high_res)
3.658: (take_image rover1 waypoint18 objective2 camera3 colour)
3.668: (calibrate rover1 camera1 objective3 waypoint18)
3.760: (navigate rover1 waypoint18 waypoint5)
3.797: (navigate rover1 waypoint18 waypoint6)
4.389: (navigate rover0 waypoint3 waypoint22)
4.446: (calibrate rover0 camera2 objective3 waypoint18)
2.868: (sample_soil rover0 rover0store waypoint23)
3.326: (calibrate rover1 camera1 objective3 waypoint18)
3.327: (navigate rover0 waypoint3 waypoint23)
3.330: (take_image rover1 waypoint18 objective3 camera3 colour)
3.330: (take_image rover1 waypoint18 objective3 camera3 high_res)
3.330: (take_image rover1 waypoint18 objective2 camera3 colour)
3.330: (take_image rover1 waypoint18 objective2 camera3 high_res)
3.330: (navigate rover0 waypoint3 waypoint23)
3.336: (navigate rover0 waypoint3 waypoint23)
3.336: (navigate rover1 waypoint18 waypoint5)
2.877: (drop rover0 rover0store)
2.885: (take_image rover1 waypoint18 objective2 camera3 high_res)
2.885: (take_image rover1 waypoint18 objective3 camera3 colour)
2.885: (take_image rover1 waypoint18 objective3 camera3 high_res)
2.885: (sample_soil rover0 rover0store waypoint23)
2.885: (take_image rover1 waypoint18 objective2 camera3 colour)
2.888: (sample_soil rover0 rover0store waypoint23)
2.888: (calibrate rover1 camera1 objective3 waypoint18)
2.901: (calibrate rover0 camera2 objective3 waypoint23)
2.904: (navigate rover1 waypoint18 waypoint5)
2.866: (take_image rover0 waypoint23 objective1 camera2 colour)
2.870: (take_image rover1 waypoint18 objective2 camera3 colour)
2.870: (take_image rover1 waypoint18 objective3 camera3 high_res)
2.870: (take_image rover1 waypoint18 objective3 camera3 colour)
2.870: (take_image rover1 waypoint18 objective2 camera3 high_res)
2.870: (calibrate rover1 camera1 objective3 waypoint18)
2.885: (take_image rover1 waypoint18 objective3 camera3 colour)
2.885: (take_image rover1 waypoint18 objective3 camera3 high_res)
2.885: (take_image rover1 waypoint18 objective2 camera3 high_res)
2.885: (take_image rover1 waypoint18 objective2 camera3 colour)
2.872: (calibrate rover1 camera1 objective3 waypoint18)
2.872: (drop rover0 rover0store)
2.878: (drop rover0 rover0store)
2.886: (take_image rover1 waypoint18 objective3 camera3 colour)
2.886: (take_image rover1 waypoint18 objective3 camera3 high_res)
2.886: (calibrate rover1 camera1 objective3 waypoint18)
2.886: (take_image rover1 waypoint18 objective2 camera3 high_res)
2.886: (take_image rover1 waypoint18 objective2 camera3 colour)
2.898: (calibrate rover0 camera2 objective3 waypoint23)
2.899: (calibrate rover0 camera2 objective3 waypoint23)
2.870: (calibrate rover1 camera1 objective3 waypoint18)
2.870: (take_image rover0 waypoint23 objective1 camera2 colour)
2.871: (take_image rover1 waypoint18 objective2 camera3 colour)
2.871: (take_image rover1 waypoint18 objective3 camera3 high_res)
2.871: (take_image rover1 waypoint18 objective3 camera3 colour)
2.871: (take_image rover1 waypoint18 objective2 camera3 high_res)
2.887: (drop rover0 rover0store)
2.887: (take_image rover1 waypoint18 objective2 camera3 colour)
2.887: (take_image rover1 waypoint18 objective3 camera3 high_res)
2.887: (take_image rover1 waypoint18 objective3 camera3 colour)
2.874: (drop rover0 rover0store)
2.874: (calibrate rover1 camera1 objective3 waypoint18)
2.896: (calibrate rover0 camera2 objective3 waypoint23)
2.909: (navigate rover1 waypoint18 waypoint5)
2.921: (navigate rover1 waypoint18 waypoint5)
2.922: (calibrate rover0 camera2 objective3 waypoint23)
2.979: (navigate rover0 waypoint23 waypoint3)
2.980: (navigate rover0 waypoint23 waypoint3)
3.168: (navigate rover1 waypoint18 waypoint6)
3.172: (navigate rover1 waypoint18 waypoint6)
2.856: (navigate rover0 waypoint3 waypoint22)
2.857: (navigate rover0 waypoint3 waypoint22)
2.862: (navigate rover0 waypoint3 waypoint21)
2.863: (navigate rover0 waypoint3 waypoint21)
2.898: (calibrate rover1 camera3 objective2 waypoint18)
2.910: (take_image rover1 waypoint18 objective3 camera1 high_res)
2.910: (take_image rover1 waypoint18 objective2 camera1 high_res)
2.911: (calibrate rover1 camera1 objective3 waypoint18)
2.911: (calibrate rover0 camera2 objective3 waypoint23)
2.912: (drop rover0 rover0store)
2.794: (navigate rover0 waypoint21 waypoint7)
2.799: (navigate rover0 waypoint21 waypoint7)
2.809: (calibrate rover1 camera3 objective2 waypoint18)
2.818: (calibrate rover0 camera0 objective4 waypoint21)
2.828: (calibrate rover0 camera0 objective4 waypoint21)
2.831: (calibrate rover1 camera3 objective2 waypoint18)
2.838: (calibrate rover1 camera3 objective2 waypoint18)
2.849: (drop rover0 rover0store)
2.849: (calibrate rover1 camera1 objective3 waypoint18)
2.854: (calibrate rover1 camera1 objective3 waypoint18)
2.732: (navigate rover0 waypoint7 waypoint20)
2.738: (navigate rover0 waypoint7 waypoint20)
2.771: (navigate rover0 waypoint21 waypoint7)
2.772: (calibrate rover1 camera3 objective2 waypoint18)
2.778: (navigate rover0 waypoint21 waypoint7)
2.779: (calibrate rover1 camera1 objective3 waypoint18)
2.779: (drop rover0 rover0store)
2.786: (navigate rover0 waypoint21 waypoint7)
2.797: (navigate rover0 waypoint21 waypoint7)
2.803: (calibrate rover1 camera3 objective2 waypoint18)
1.623: (communicate_soil_data rover0 general waypoint23 waypoint20 waypoint24)
1.623: (communicate_soil_data rover0 general waypoint23 waypoint20 waypoint24)
1.648: (communicate_soil_data rover0 general waypoint11 waypoint20 waypoint24)
1.654: (communicate_soil_data rover0 general waypoint11 waypoint20 waypoint24)
1.809: (communicate_soil_data rover0 general waypoint18 waypoint20 waypoint24)
1.850: (communicate_soil_data rover0 general waypoint18 waypoint20 waypoint24)
2.051: (communicate_image_data rover0 general objective4 colour waypoint20 waypoint24)
2.079: (communicate_image_data rover0 general objective4 colour waypoint20 waypoint24)
2.724: (drop rover0 rover0store)
2.724: (navigate rover0 waypoint7 waypoint20)
0.500: (communicate_soil_data rover0 general waypoint23 waypoint20 waypoint24)
0.500: (communicate_soil_data rover0 general waypoint11 waypoint20 waypoint24)
0.514: (communicate_soil_data rover0 general waypoint11 waypoint20 waypoint24)
0.515: (communicate_soil_data rover0 general waypoint23 waypoint20 waypoint24)
0.724: (communicate_soil_data rover0 general waypoint18 waypoint20 waypoint24)
0.724: (communicate_soil_data rover0 general waypoint11 waypoint20 waypoint24)
0.726: (communicate_soil_data rover0 general waypoint23 waypoint20 waypoint24)
0.727: (communicate_soil_data rover0 general waypoint18 waypoint20 waypoint24)
0.749: (communicate_soil_data rover0 general waypoint18 waypoint20 waypoint24)
0.750: (communicate_soil_data rover0 general waypoint11 waypoint20 waypoint24)
-0.386: (communicate_soil_data rover0 general waypoint18 waypoint20 waypoint24)
-0.386: (communicate_soil_data rover0 general waypoint11 waypoint20 waypoint24)
-0.385: (communicate_soil_data rover0 general waypoint23 waypoint20 waypoint24)
-0.319: (communicate_soil_data rover0 general waypoint18 waypoint20 waypoint24)
-0.318: (communicate_soil_data rover0 general waypoint23 waypoint20 waypoint24)
-0.223: (communicate_image_data rover0 general objective4 colour waypoint20 waypoint24)
-0.179: (communicate_image_data rover0 general objective4 colour waypoint20 waypoint24)
0.009: (communicate_image_data rover0 general objective4 colour waypoint20 waypoint24)
0.041: (communicate_image_data rover0 general objective4 colour waypoint20 waypoint24)
0.066: (communicate_image_data rover0 general objective4 colour waypoint20 waypoint24)
-1.148: (communicate_soil_data rover0 general waypoint23 waypoint20 waypoint24)
[Final] Expanded: 520, Generated: 6250
Found a solution of length 80!
   1: (navigate rover1 waypoint6 waypoint18)
   2: (sample_soil rover0 rover0store waypoint21)
   3: (calibrate rover0 camera0 objective4 waypoint21)
   4: (calibrate rover1 camera3 objective2 waypoint18)
   5: (take_image rover0 waypoint21 objective4 camera0 colour)
   6: (drop rover0 rover0store)
   7: (navigate rover0 waypoint21 waypoint13)
   8: (sample_soil rover0 rover0store waypoint13)
   9: (navigate rover0 waypoint13 waypoint1)
  10: (drop rover0 rover0store)
  11: (sample_soil rover0 rover0store waypoint1)
  12: (drop rover0 rover0store)
  13: (communicate_soil_data rover0 general waypoint1 waypoint1 waypoint24)
  14: (communicate_soil_data rover0 general waypoint13 waypoint1 waypoint24)
  15: (take_image rover1 waypoint18 objective3 camera3 high_res)
  16: (calibrate rover1 camera3 objective2 waypoint18)
  17: (communicate_soil_data rover0 general waypoint21 waypoint1 waypoint24)
  18: (navigate rover0 waypoint1 waypoint13)
  19: (navigate rover0 waypoint13 waypoint21)
  20: (navigate rover0 waypoint21 waypoint4)
  21: (navigate rover0 waypoint4 waypoint11)
  22: (sample_soil rover0 rover0store waypoint11)
  23: (drop rover0 rover0store)
  24: (navigate rover0 waypoint11 waypoint4)
  25: (navigate rover0 waypoint4 waypoint18)
  26: (sample_soil rover0 rover0store waypoint18)
  27: (calibrate rover0 camera2 objective3 waypoint18)
  28: (drop rover0 rover0store)
  29: (take_image rover1 waypoint18 objective2 camera3 colour)
  30: (calibrate rover1 camera3 objective2 waypoint18)
  31: (calibrate rover1 camera1 objective3 waypoint18)
  32: (navigate rover1 waypoint18 waypoint6)
  33: (take_image rover1 waypoint6 objective1 camera1 high_res)
  34: (communicate_image_data rover1 general objective1 high_res waypoint6 waypoint24)
  35: (take_image rover0 waypoint18 objective3 camera2 colour)
  36: (take_image rover1 waypoint6 objective1 camera3 colour)
  37: (communicate_image_data rover1 general objective2 colour waypoint6 waypoint24)
  38: (communicate_image_data rover1 general objective1 colour waypoint6 waypoint24)
  39: (navigate rover1 waypoint6 waypoint18)
  40: (calibrate rover0 camera2 objective3 waypoint18)
  41: (calibrate rover1 camera3 objective2 waypoint18)
  42: (take_image rover1 waypoint18 objective3 camera3 colour)
  43: (calibrate rover1 camera1 objective3 waypoint18)
  44: (calibrate rover1 camera3 objective2 waypoint18)
  45: (take_image rover0 waypoint18 objective2 camera2 colour)
  46: (take_image rover1 waypoint18 objective2 camera1 high_res)
  47: (calibrate rover0 camera2 objective3 waypoint18)
  48: (calibrate rover1 camera1 objective3 waypoint18)
  49: (navigate rover1 waypoint18 waypoint5)
  50: (communicate_image_data rover1 general objective3 colour waypoint5 waypoint24)
  51: (navigate rover1 waypoint5 waypoint18)
  52: (take_image rover0 waypoint18 objective3 camera2 colour)
  53: (take_image rover1 waypoint18 objective2 camera3 high_res)
  54: (navigate rover1 waypoint18 waypoint5)
  55: (communicate_image_data rover1 general objective2 high_res waypoint5 waypoint24)
  56: (navigate rover1 waypoint5 waypoint18)
  57: (take_image rover1 waypoint18 objective2 camera1 high_res)
  58: (calibrate rover0 camera2 objective3 waypoint18)
  59: (navigate rover1 waypoint18 waypoint5)
  60: (communicate_image_data rover1 general objective3 high_res waypoint5 waypoint24)
  61: (navigate rover1 waypoint5 waypoint18)
  62: (calibrate rover1 camera3 objective2 waypoint18)
  63: (take_image rover0 waypoint18 objective3 camera2 colour)
  64: (navigate rover0 waypoint18 waypoint4)
  65: (navigate rover0 waypoint4 waypoint21)
  66: (navigate rover0 waypoint21 waypoint3)
  67: (navigate rover0 waypoint3 waypoint23)
  68: (sample_soil rover0 rover0store waypoint23)
  69: (calibrate rover0 camera2 objective3 waypoint23)
  70: (take_image rover0 waypoint23 objective1 camera2 colour)
  71: (take_image rover1 waypoint18 objective3 camera3 colour)
  72: (drop rover0 rover0store)
  73: (navigate rover0 waypoint23 waypoint3)
  74: (navigate rover0 waypoint3 waypoint21)
  75: (navigate rover0 waypoint21 waypoint7)
  76: (navigate rover0 waypoint7 waypoint20)
  77: (communicate_soil_data rover0 general waypoint11 waypoint20 waypoint24)
  78: (communicate_soil_data rover0 general waypoint18 waypoint20 waypoint24)
  79: (communicate_image_data rover0 general objective4 colour waypoint20 waypoint24)
  80: (communicate_soil_data rover0 general waypoint23 waypoint20 waypoint24)
