Torch: 2.12.0+cu130
/u/ibrahim.eisawy/Neural-Guided-Search/venv/lib/python3.10/site-packages/pymimir_rgnn/model.py:162: UserWarning: index_reduce() is in beta and the API may change at any time. (Triggered internally at /pytorch/aten/src/ATen/native/cuda/Indexing.cu:1541.)
  exps_max.index_reduce_(0, output_indices, output_messages, reduce="amax", include_self=False)
Using GPU:  NVIDIA L40S
    [timing] select=0.0000s expand=0.3821s depth=1
    [timing] select=0.0000s expand=0.0736s depth=2
    [timing] select=0.0000s expand=0.0737s depth=2
    [timing] select=0.0000s expand=0.0749s depth=3
    [timing] select=0.0000s expand=0.0689s depth=4
    [timing] select=0.0000s expand=0.0685s depth=5
    [timing] select=0.0000s expand=0.0849s depth=6
    [timing] select=0.0000s expand=0.0654s depth=6
    [timing] select=0.0000s expand=0.0641s depth=7
    [timing] select=0.0000s expand=0.0619s depth=7
    [timing] select=0.0000s expand=0.0637s depth=8
    [timing] select=0.0000s expand=0.0520s depth=8
    [timing] select=0.0001s expand=0.0523s depth=9
    [timing] select=0.0000s expand=0.0517s depth=9
    [timing] select=0.0001s expand=0.0496s depth=10
    [timing] select=0.0001s expand=0.0505s depth=11
    [timing] select=0.0001s expand=0.0470s depth=12
    [timing] select=0.0001s expand=0.0468s depth=10
    [timing] select=0.0001s expand=0.0462s depth=13
    [timing] select=0.0001s expand=0.0485s depth=11
    [timing] select=0.0001s expand=0.0529s depth=14
    [timing] select=0.0001s expand=0.0475s depth=15
    [timing] select=0.0001s expand=0.0499s depth=16
    [timing] select=0.0001s expand=0.0499s depth=17
    [timing] select=0.0001s expand=0.0494s depth=12
    [timing] select=0.0001s expand=0.0492s depth=17
    [timing] select=0.0001s expand=0.0506s depth=13
    [timing] select=0.0001s expand=0.0471s depth=18
    [timing] select=0.0001s expand=0.0495s depth=14
    [timing] select=0.0001s expand=0.0536s depth=15
    [timing] select=0.0001s expand=0.0410s depth=18
    [timing] select=0.0001s expand=0.0475s depth=16
    [timing] select=0.0001s expand=0.0476s depth=17
    [timing] select=0.0001s expand=0.0512s depth=18
    [timing] select=0.0001s expand=0.0506s depth=19
    [timing] select=0.0001s expand=0.0511s depth=20
    [timing] select=0.0001s expand=0.0516s depth=19
    [timing] select=0.0001s expand=0.0507s depth=21
    [timing] select=0.0001s expand=0.0519s depth=22
    [timing] select=0.0001s expand=0.0515s depth=23
    [timing] select=0.0001s expand=0.0504s depth=24
    [timing] select=0.0001s expand=0.0506s depth=25
  [sim 42] found goal path of length 25
[Final] Expanded: 42, Generated: 153
[search done] simulations=42, states generated=153
Found a solution of length 25!
   1: (load-truck p1 t1 l1-1)
   2: (drive-truck t0 l0-1 l0-0 c0)
   3: (load-truck p0 t0 l0-0)
   4: (drive-truck t0 l0-0 l0-1 c0)
   5: (unload-truck p0 t0 l0-1)
   6: (unload-truck p1 t1 l1-1)
   7: (load-truck p0 t0 l0-1)
   8: (drive-truck t0 l0-1 l0-0 c0)
   9: (unload-truck p0 t0 l0-0)
  10: (load-airplane p0 a0 l0-0)
  11: (load-truck p1 t1 l1-1)
  12: (fly-airplane a0 l0-0 l1-0)
  13: (drive-truck t1 l1-1 l1-0 c1)
  14: (unload-airplane p0 a0 l1-0)
  15: (load-truck p0 t1 l1-0)
  16: (drive-truck t1 l1-0 l1-1 c1)
  17: (unload-truck p0 t1 l1-1)
  18: (drive-truck t1 l1-1 l1-0 c1)
  19: (unload-truck p1 t1 l1-0)
  20: (load-airplane p1 a0 l1-0)
  21: (fly-airplane a0 l1-0 l0-0)
  22: (unload-airplane p1 a0 l0-0)
  23: (load-truck p1 t0 l0-0)
  24: (drive-truck t0 l0-0 l0-1 c0)
  25: (unload-truck p1 t0 l0-1)
