Torch: 2.12.0+cu130
/u/ibrahim.eisawy/Neural-Guided-Search/venv/lib/python3.10/site-packages/pymimir_rgnn/model.py:162: UserWarning: index_reduce() is in beta and the API may change at any time. (Triggered internally at /pytorch/aten/src/ATen/native/cuda/Indexing.cu:1541.)
  exps_max.index_reduce_(0, output_indices, output_messages, reduce="amax", include_self=False)
Using GPU:  NVIDIA L40S
    [timing] select=0.0000s expand=0.4877s depth=1
    [timing] select=0.0000s expand=0.1093s depth=2
    [timing] select=0.0000s expand=0.1151s depth=2
    [timing] select=0.0000s expand=0.0979s depth=3
    [timing] select=0.0000s expand=0.0766s depth=4
    [timing] select=0.0000s expand=0.0649s depth=5
    [timing] select=0.0000s expand=0.0648s depth=6
    [timing] select=0.0001s expand=0.0699s depth=7
    [timing] select=0.0001s expand=0.0683s depth=8
    [timing] select=0.0001s expand=0.0703s depth=9
    [timing] select=0.0001s expand=0.0740s depth=10
  [sim 11] found goal path of length 10
[Final] Expanded: 0, Generated: 60
[search done] simulations=11, states generated=60
Found a solution of length 10!
   1: (load-truck p1 t0 l0-1)
   2: (drive-truck t1 l1-0 l1-1 c1)
   3: (drive-truck t0 l0-1 l0-0 c0)
   4: (load-truck p0 t1 l1-1)
   5: (drive-truck t1 l1-1 l1-0 c1)
   6: (unload-truck p1 t0 l0-0)
   7: (unload-truck p0 t1 l1-0)
   8: (load-airplane p0 a1 l1-0)
   9: (fly-airplane a1 l1-0 l0-0)
  10: (unload-airplane p0 a1 l0-0)
