/u/ibrahim.eisawy/Neural-Guided-Search/venv/lib/python3.10/site-packages/pymimir_rgnn/model.py:151: UserWarning: index_reduce() is in beta and the API may change at any time. (Triggered internally at /pytorch/aten/src/ATen/native/cuda/Indexing.cu:1541.)
  max_msg.index_reduce_(0, output_indices, output_messages, reduce='amax', include_self=True)
Torch: 2.12.0+cu130
Using GPU:  NVIDIA L40S
104.008: (load-truck p13 t7 l7-2)
101.356: (load-truck p19 t0 l0-3)
99.248: (load-truck p18 t2 l2-1)
97.227: (load-truck p10 t5 l5-1)
93.959: (load-truck p1 t0 l0-3)
92.544: (load-truck p21 t7 l7-2)
90.146: (drive-truck t0 l0-3 l0-2 c0)
88.699: (load-truck p22 t7 l7-2)
87.297: (drive-truck t1 l1-2 l1-0 c1)
86.091: (load-truck p2 t2 l2-1)
84.687: (drive-truck t2 l2-1 l2-3 c2)
81.942: (load-truck p14 t2 l2-3)
80.991: (drive-truck t3 l3-3 l3-2 c3)
80.109: (load-truck p23 t3 l3-2)
74.902: (drive-truck t3 l3-2 l3-1 c3)
73.595: (load-truck p7 t3 l3-1)
72.684: (drive-truck t3 l3-1 l3-0 c3)
71.672: (fly-airplane a2 l4-0 l3-0)
70.896: (load-truck p4 t1 l1-0)
69.493: (drive-truck t1 l1-0 l1-1 c1)
68.969: (load-truck p8 t7 l7-2)
65.521: (drive-truck t7 l7-2 l7-1 c7)
64.015: (load-truck p17 t7 l7-1)
62.610: (load-truck p16 t7 l7-1)
59.059: (load-truck p12 t7 l7-1)
57.935: (unload-truck p13 t7 l7-1)
57.496: (unload-truck p18 t2 l2-3)
57.062: (drive-truck t2 l2-3 l2-0 c2)
55.918: (load-truck p0 t2 l2-0)
54.991: (unload-truck p2 t2 l2-0)
54.182: (unload-truck p14 t2 l2-0)
54.097: (drive-truck t4 l4-2 l4-3 c4)
52.181: (load-truck p9 t4 l4-3)
49.537: (drive-truck t4 l4-3 l4-2 c4)
49.484: (drive-truck t6 l6-0 l6-3 c6)
44.835: (load-truck p5 t6 l6-3)
44.720: (drive-truck t6 l6-3 l6-1 c6)
44.673: (drive-truck t4 l4-2 l4-3 c4)
44.628: (fly-airplane a1 l0-0 l4-0)
44.628: (fly-airplane a1 l4-0 l6-0)
44.628: (fly-airplane a1 l6-0 l1-0)
44.631: (fly-airplane a1 l1-0 l2-0)
44.628: (fly-airplane a0 l2-0 l4-0)
44.628: (fly-airplane a0 l4-0 l6-0)
44.629: (fly-airplane a0 l6-0 l1-0)
44.638: (fly-airplane a0 l1-0 l7-0)
44.651: (fly-airplane a0 l7-0 l3-0)
44.628: (fly-airplane a2 l3-0 l4-0)
44.628: (fly-airplane a2 l4-0 l6-0)
44.629: (fly-airplane a2 l6-0 l1-0)
44.631: (fly-airplane a2 l1-0 l2-0)
44.628: (fly-airplane a1 l2-0 l4-0)
44.628: (fly-airplane a1 l4-0 l6-0)
44.628: (fly-airplane a1 l6-0 l1-0)
44.638: (fly-airplane a1 l1-0 l7-0)
44.651: (fly-airplane a1 l7-0 l3-0)
44.628: (fly-airplane a0 l3-0 l6-0)
44.628: (fly-airplane a0 l6-0 l4-0)
44.628: (fly-airplane a0 l4-0 l1-0)
44.631: (fly-airplane a0 l1-0 l2-0)
44.628: (fly-airplane a2 l2-0 l4-0)
44.628: (fly-airplane a2 l4-0 l6-0)
44.629: (fly-airplane a2 l6-0 l1-0)
44.638: (fly-airplane a2 l1-0 l7-0)
44.651: (fly-airplane a2 l7-0 l3-0)
44.638: (fly-airplane a1 l3-0 l7-0)
44.653: (fly-airplane a0 l2-0 l4-0)
44.643: (fly-airplane a1 l7-0 l6-0)
44.643: (fly-airplane a0 l4-0 l1-0)
44.643: (fly-airplane a1 l6-0 l4-0)
44.643: (fly-airplane a0 l1-0 l6-0)
44.643: (fly-airplane a1 l4-0 l1-0)
44.643: (fly-airplane a0 l6-0 l4-0)
44.653: (fly-airplane a0 l4-0 l7-0)
44.652: (fly-airplane a1 l1-0 l4-0)
44.653: (fly-airplane a1 l4-0 l6-0)
44.665: (fly-airplane a0 l7-0 l3-0)
44.643: (fly-airplane a2 l3-0 l4-0)
44.643: (fly-airplane a1 l6-0 l1-0)
44.644: (fly-airplane a2 l4-0 l6-0)
44.643: (fly-airplane a1 l1-0 l4-0)
44.643: (fly-airplane a2 l6-0 l1-0)
44.643: (fly-airplane a1 l4-0 l6-0)
44.653: (fly-airplane a2 l1-0 l7-0)
44.638: (fly-airplane a1 l6-0 l2-0)
44.653: (fly-airplane a1 l2-0 l4-0)
44.653: (fly-airplane a1 l4-0 l1-0)
44.666: (fly-airplane a2 l7-0 l3-0)
44.665: (fly-airplane a1 l1-0 l4-0)
44.672: (fly-airplane a0 l3-0 l4-0)
44.665: (fly-airplane a1 l4-0 l3-0)
44.643: (fly-airplane a2 l3-0 l6-0)
44.643: (fly-airplane a2 l6-0 l1-0)
44.643: (fly-airplane a0 l4-0 l6-0)
44.643: (fly-airplane a2 l1-0 l4-0)
44.643: (fly-airplane a0 l6-0 l1-0)
44.644: (fly-airplane a2 l4-0 l6-0)
44.653: (fly-airplane a0 l1-0 l7-0)
44.638: (fly-airplane a2 l6-0 l2-0)
44.652: (fly-airplane a2 l2-0 l4-0)
44.653: (fly-airplane a2 l4-0 l1-0)
44.666: (fly-airplane a0 l7-0 l3-0)
44.653: (fly-airplane a1 l3-0 l7-0)
44.652: (fly-airplane a2 l1-0 l4-0)
44.653: (fly-airplane a2 l4-0 l6-0)
44.665: (fly-airplane a1 l7-0 l3-0)
44.665: (fly-airplane a2 l6-0 l4-0)
44.672: (fly-airplane a0 l3-0 l4-0)
44.653: (fly-airplane a2 l4-0 l7-0)
44.653: (fly-airplane a0 l4-0 l6-0)
44.653: (fly-airplane a0 l6-0 l1-0)
44.666: (fly-airplane a2 l7-0 l3-0)
44.653: (fly-airplane a1 l3-0 l7-0)
44.653: (fly-airplane a0 l1-0 l6-0)
44.665: (fly-airplane a1 l7-0 l3-0)
44.672: (fly-airplane a1 l3-0 l6-0)
44.686: (fly-airplane a1 l6-0 l5-0)
44.671: (fly-airplane a0 l6-0 l2-0)
44.686: (fly-airplane a0 l2-0 l4-0)
44.686: (fly-airplane a0 l4-0 l1-0)
44.674: (fly-airplane a1 l5-0 l1-0)
44.686: (fly-airplane a0 l1-0 l5-0)
44.671: (fly-airplane a1 l1-0 l2-0)
44.673: (fly-airplane a0 l5-0 l0-0)
44.688: (fly-airplane a1 l2-0 l4-0)
44.686: (fly-airplane a0 l0-0 l5-0)
44.686: (fly-airplane a1 l4-0 l6-0)
44.688: (fly-airplane a0 l5-0 l0-0)
44.689: (fly-airplane a1 l6-0 l1-0)
44.698: (fly-airplane a1 l1-0 l7-0)
44.675: (fly-airplane a0 l0-0 l3-0)
44.684: (fly-airplane a2 l3-0 l7-0)
44.675: (fly-airplane a1 l7-0 l3-0)
44.684: (fly-airplane a0 l3-0 l7-0)
44.675: (fly-airplane a2 l7-0 l3-0)
44.684: (fly-airplane a1 l3-0 l7-0)
44.696: (fly-airplane a0 l7-0 l5-0)
44.708: (fly-airplane a1 l7-0 l3-0)
44.671: (fly-airplane a2 l3-0 l2-0)
44.673: (fly-airplane a0 l5-0 l0-0)
44.688: (fly-airplane a2 l2-0 l6-0)
44.672: (fly-airplane a0 l0-0 l6-0)
44.685: (fly-airplane a0 l6-0 l5-0)
44.685: (fly-airplane a2 l6-0 l4-0)
44.686: (fly-airplane a2 l4-0 l1-0)
44.674: (fly-airplane a0 l5-0 l1-0)
44.686: (fly-airplane a2 l1-0 l5-0)
44.671: (fly-airplane a0 l1-0 l2-0)
44.673: (fly-airplane a2 l5-0 l0-0)
44.688: (fly-airplane a0 l2-0 l4-0)
44.685: (fly-airplane a2 l0-0 l5-0)
44.685: (fly-airplane a0 l4-0 l6-0)
44.688: (fly-airplane a2 l5-0 l0-0)
44.689: (fly-airplane a0 l6-0 l1-0)
44.698: (fly-airplane a0 l1-0 l7-0)
44.696: (fly-airplane a2 l0-0 l5-0)
44.708: (fly-airplane a0 l7-0 l3-0)
44.671: (fly-airplane a1 l3-0 l2-0)
44.673: (fly-airplane a2 l5-0 l0-0)
44.688: (fly-airplane a1 l2-0 l6-0)
44.672: (fly-airplane a2 l0-0 l6-0)
44.685: (fly-airplane a1 l6-0 l5-0)
44.671: (fly-airplane a2 l6-0 l2-0)
44.673: (fly-airplane a1 l5-0 l0-0)
44.688: (fly-airplane a2 l2-0 l4-0)
44.672: (fly-airplane a1 l0-0 l4-0)
44.685: (fly-airplane a1 l4-0 l5-0)
44.686: (fly-airplane a2 l4-0 l1-0)
44.674: (fly-airplane a1 l5-0 l1-0)
44.686: (fly-airplane a2 l1-0 l5-0)
44.685: (fly-airplane a1 l1-0 l4-0)
44.685: (fly-airplane a1 l4-0 l6-0)
44.696: (fly-airplane a1 l6-0 l7-0)
44.698: (fly-airplane a2 l5-0 l0-0)
44.688: (fly-airplane a1 l7-0 l4-0)
44.689: (fly-airplane a1 l4-0 l1-0)
44.707: (drive-truck t5 l5-1 l5-2 c5)
44.647: (fly-airplane a2 l0-0 l2-0)
44.646: (fly-airplane a1 l1-0 l4-0)
44.646: (fly-airplane a1 l4-0 l6-0)
44.649: (fly-airplane a1 l6-0 l2-0)
44.646: (fly-airplane a2 l2-0 l4-0)
44.646: (fly-airplane a2 l4-0 l6-0)
44.647: (fly-airplane a2 l6-0 l1-0)
44.656: (fly-airplane a2 l1-0 l7-0)
44.669: (fly-airplane a2 l7-0 l3-0)
44.646: (fly-airplane a0 l3-0 l4-0)
44.646: (fly-airplane a0 l4-0 l6-0)
44.647: (fly-airplane a0 l6-0 l1-0)
44.649: (fly-airplane a0 l1-0 l2-0)
44.646: (fly-airplane a1 l2-0 l4-0)
44.646: (fly-airplane a1 l4-0 l6-0)
44.647: (fly-airplane a1 l6-0 l1-0)
44.656: (fly-airplane a1 l1-0 l7-0)
44.669: (fly-airplane a1 l7-0 l3-0)
44.646: (fly-airplane a2 l3-0 l4-0)
44.646: (fly-airplane a2 l4-0 l6-0)
44.647: (fly-airplane a2 l6-0 l1-0)
44.649: (fly-airplane a2 l1-0 l2-0)
44.646: (fly-airplane a0 l2-0 l4-0)
44.646: (fly-airplane a0 l4-0 l6-0)
44.647: (fly-airplane a0 l6-0 l1-0)
44.656: (fly-airplane a0 l1-0 l7-0)
44.668: (fly-airplane a0 l7-0 l3-0)
44.656: (fly-airplane a1 l3-0 l7-0)
44.671: (fly-airplane a2 l2-0 l4-0)
44.661: (fly-airplane a1 l7-0 l6-0)
44.662: (fly-airplane a1 l6-0 l1-0)
44.662: (fly-airplane a2 l4-0 l6-0)
44.661: (fly-airplane a1 l1-0 l4-0)
44.662: (fly-airplane a2 l6-0 l1-0)
44.662: (fly-airplane a1 l4-0 l6-0)
44.671: (fly-airplane a2 l1-0 l7-0)
44.671: (fly-airplane a1 l6-0 l4-0)
44.672: (fly-airplane a1 l4-0 l1-0)
44.684: (fly-airplane a2 l7-0 l3-0)
44.662: (fly-airplane a0 l3-0 l4-0)
44.661: (fly-airplane a1 l1-0 l6-0)
44.662: (fly-airplane a0 l4-0 l1-0)
44.662: (fly-airplane a1 l6-0 l4-0)
44.661: (fly-airplane a0 l1-0 l6-0)
44.662: (fly-airplane a1 l4-0 l1-0)
44.671: (fly-airplane a1 l1-0 l7-0)
44.671: (fly-airplane a0 l6-0 l4-0)
44.671: (fly-airplane a0 l4-0 l1-0)
44.684: (fly-airplane a1 l7-0 l3-0)
44.662: (fly-airplane a2 l3-0 l4-0)
44.661: (fly-airplane a0 l1-0 l6-0)
44.662: (fly-airplane a2 l4-0 l1-0)
44.662: (fly-airplane a0 l6-0 l4-0)
44.661: (fly-airplane a2 l1-0 l6-0)
44.662: (fly-airplane a0 l4-0 l1-0)
44.671: (fly-airplane a0 l1-0 l7-0)
44.671: (fly-airplane a2 l6-0 l4-0)
44.671: (fly-airplane a2 l4-0 l1-0)
44.684: (fly-airplane a0 l7-0 l3-0)
44.672: (fly-airplane a1 l3-0 l7-0)
44.671: (fly-airplane a2 l1-0 l6-0)
44.684: (fly-airplane a1 l7-0 l3-0)
44.683: (fly-airplane a2 l6-0 l4-0)
44.690: (fly-airplane a0 l3-0 l4-0)
44.671: (fly-airplane a2 l4-0 l7-0)
44.656: (fly-airplane a0 l4-0 l2-0)
44.671: (fly-airplane a0 l2-0 l6-0)
44.672: (fly-airplane a0 l6-0 l1-0)
44.692: (fly-airplane a2 l7-0 l1-0)
44.704: (fly-airplane a2 l1-0 l5-0)
44.689: (fly-airplane a0 l1-0 l2-0)
44.691: (fly-airplane a2 l5-0 l0-0)
44.706: (fly-airplane a0 l2-0 l4-0)
44.683: (fly-airplane a2 l0-0 l3-0)
44.683: (fly-airplane a0 l4-0 l6-0)
44.690: (fly-airplane a1 l3-0 l6-0)
44.671: (fly-airplane a0 l6-0 l7-0)
44.656: (fly-airplane a1 l6-0 l2-0)
44.671: (fly-airplane a1 l2-0 l4-0)
44.671: (fly-airplane a1 l4-0 l1-0)
44.692: (fly-airplane a0 l7-0 l1-0)
44.704: (fly-airplane a1 l1-0 l5-0)
44.689: (fly-airplane a0 l1-0 l2-0)
44.691: (fly-airplane a1 l5-0 l0-0)
44.706: (fly-airplane a0 l2-0 l4-0)
44.688: (drive-truck t5 l5-2 l5-1 c5)
44.688: (fly-airplane a0 l4-0 l6-0)
44.689: (fly-airplane a0 l6-0 l1-0)
44.698: (fly-airplane a0 l1-0 l7-0)
44.696: (fly-airplane a1 l0-0 l5-0)
44.708: (fly-airplane a0 l7-0 l3-0)
44.688: (fly-airplane a1 l5-0 l3-0)
44.706: (drive-truck t5 l5-1 l5-2 c5)
44.684: (fly-airplane a1 l3-0 l4-0)
44.683: (fly-airplane a1 l4-0 l6-0)
44.691: (fly-airplane a2 l3-0 l6-0)
44.704: (fly-airplane a2 l6-0 l5-0)
44.689: (fly-airplane a1 l6-0 l2-0)
44.691: (fly-airplane a2 l5-0 l0-0)
44.706: (fly-airplane a1 l2-0 l4-0)
44.690: (fly-airplane a2 l0-0 l4-0)
44.704: (fly-airplane a1 l4-0 l5-0)
44.689: (fly-airplane a2 l4-0 l2-0)
44.691: (fly-airplane a1 l5-0 l0-0)
44.706: (fly-airplane a2 l2-0 l4-0)
44.707: (fly-airplane a2 l4-0 l6-0)
44.688: (drive-truck t5 l5-2 l5-1 c5)
44.689: (fly-airplane a2 l6-0 l1-0)
44.698: (fly-airplane a2 l1-0 l7-0)
44.696: (fly-airplane a1 l0-0 l5-0)
44.714: (drive-truck t5 l5-1 l5-2 c5)
44.694: (fly-airplane a1 l5-0 l3-0)
44.702: (fly-airplane a0 l3-0 l7-0)
44.693: (fly-airplane a2 l7-0 l3-0)
44.702: (fly-airplane a1 l3-0 l7-0)
44.693: (fly-airplane a0 l7-0 l3-0)
44.702: (fly-airplane a2 l3-0 l7-0)
44.714: (fly-airplane a2 l7-0 l5-0)
44.703: (fly-airplane a1 l7-0 l4-0)
44.705: (fly-airplane a1 l4-0 l1-0)
44.693: (fly-airplane a2 l5-0 l1-0)
44.704: (fly-airplane a1 l1-0 l5-0)
44.704: (fly-airplane a2 l1-0 l6-0)
44.726: (fly-airplane a2 l6-0 l3-0)
44.704: (fly-airplane a0 l3-0 l4-0)
44.690: (fly-airplane a1 l5-0 l4-0)
44.704: (fly-airplane a0 l4-0 l5-0)
44.689: (fly-airplane a1 l4-0 l2-0)
44.691: (fly-airplane a0 l5-0 l0-0)
44.706: (fly-airplane a1 l2-0 l6-0)
44.704: (fly-airplane a0 l0-0 l5-0)
44.704: (fly-airplane a1 l6-0 l1-0)
44.707: (fly-airplane a0 l5-0 l0-0)
44.706: (fly-airplane a1 l1-0 l4-0)
44.716: (fly-airplane a1 l4-0 l7-0)
44.714: (fly-airplane a0 l0-0 l5-0)
44.726: (fly-airplane a1 l7-0 l3-0)
44.689: (fly-airplane a2 l3-0 l2-0)
44.691: (fly-airplane a0 l5-0 l0-0)
44.706: (fly-airplane a2 l2-0 l4-0)
44.688: (drive-truck t5 l5-2 l5-1 c5)
44.689: (fly-airplane a2 l4-0 l1-0)
44.698: (fly-airplane a2 l1-0 l7-0)
44.696: (fly-airplane a0 l0-0 l5-0)
44.714: (drive-truck t5 l5-1 l5-2 c5)
44.703: (fly-airplane a2 l7-0 l4-0)
44.704: (fly-airplane a2 l4-0 l6-0)
44.690: (fly-airplane a0 l5-0 l6-0)
44.704: (fly-airplane a2 l6-0 l5-0)
44.704: (fly-airplane a0 l6-0 l4-0)
44.714: (fly-airplane a0 l4-0 l7-0)
44.716: (fly-airplane a2 l5-0 l0-0)
44.707: (fly-airplane a0 l7-0 l6-0)
44.707: (fly-airplane a0 l6-0 l1-0)
44.729: (fly-airplane a0 l1-0 l3-0)
44.706: (fly-airplane a1 l3-0 l6-0)
44.716: (fly-airplane a1 l6-0 l7-0)
44.739: (fly-airplane a1 l7-0 l0-0)
44.707: (fly-airplane a2 l0-0 l1-0)
44.716: (fly-airplane a2 l1-0 l7-0)
44.729: (fly-airplane a2 l7-0 l3-0)
44.706: (fly-airplane a0 l3-0 l6-0)
44.704: (fly-airplane a1 l0-0 l5-0)
44.714: (fly-airplane a0 l6-0 l7-0)
44.716: (fly-airplane a1 l5-0 l0-0)
44.707: (fly-airplane a0 l7-0 l1-0)
44.739: (fly-airplane a0 l1-0 l0-0)
44.721: (drive-truck t5 l5-2 l5-1 c5)
44.711: (fly-airplane a0 l0-0 l3-0)
44.721: (fly-airplane a2 l3-0 l0-0)
44.711: (fly-airplane a1 l0-0 l3-0)
44.721: (fly-airplane a0 l3-0 l0-0)
44.711: (fly-airplane a2 l0-0 l3-0)
44.729: (drive-truck t5 l5-1 l5-2 c5)
44.707: (fly-airplane a2 l3-0 l6-0)
44.707: (fly-airplane a2 l6-0 l1-0)
44.705: (fly-airplane a0 l0-0 l5-0)
44.736: (fly-airplane a2 l1-0 l5-0)
44.718: (drive-truck t5 l5-2 l5-1 c5)
44.734: (fly-airplane a0 l5-0 l0-0)
44.752: (drive-truck t5 l5-1 l5-2 c5)
44.716: (fly-airplane a2 l5-0 l7-0)
44.739: (fly-airplane a2 l7-0 l0-0)
44.752: (fly-airplane a0 l0-0 l5-0)
44.734: (drive-truck t5 l5-2 l5-1 c5)
44.780: (drive-truck t4 l4-3 l4-2 c4)
44.718: (fly-airplane a2 l0-0 l2-0)
44.675: (fly-airplane a0 l5-0 l4-0)
44.675: (fly-airplane a0 l4-0 l6-0)
44.676: (fly-airplane a0 l6-0 l1-0)
44.678: (fly-airplane a0 l1-0 l2-0)
44.675: (fly-airplane a2 l2-0 l4-0)
44.675: (fly-airplane a2 l4-0 l6-0)
44.676: (fly-airplane a2 l6-0 l1-0)
44.685: (fly-airplane a2 l1-0 l7-0)
44.697: (fly-airplane a2 l7-0 l3-0)
44.675: (fly-airplane a1 l3-0 l4-0)
44.675: (fly-airplane a1 l4-0 l6-0)
44.675: (fly-airplane a1 l6-0 l1-0)
44.678: (fly-airplane a1 l1-0 l2-0)
44.675: (fly-airplane a0 l2-0 l4-0)
44.675: (fly-airplane a0 l4-0 l6-0)
44.675: (fly-airplane a0 l6-0 l1-0)
44.685: (fly-airplane a0 l1-0 l7-0)
44.697: (fly-airplane a0 l7-0 l3-0)
44.675: (fly-airplane a2 l3-0 l6-0)
44.675: (fly-airplane a2 l6-0 l4-0)
44.676: (fly-airplane a2 l4-0 l1-0)
44.678: (fly-airplane a2 l1-0 l2-0)
44.675: (fly-airplane a1 l2-0 l4-0)
44.675: (fly-airplane a1 l4-0 l6-0)
44.676: (fly-airplane a1 l6-0 l1-0)
44.685: (fly-airplane a1 l1-0 l7-0)
44.697: (fly-airplane a1 l7-0 l3-0)
44.685: (fly-airplane a0 l3-0 l7-0)
44.699: (fly-airplane a2 l2-0 l4-0)
44.690: (fly-airplane a0 l7-0 l6-0)
44.690: (fly-airplane a0 l6-0 l1-0)
44.691: (fly-airplane a2 l4-0 l6-0)
44.690: (fly-airplane a0 l1-0 l4-0)
44.690: (fly-airplane a2 l6-0 l1-0)
44.690: (fly-airplane a0 l4-0 l6-0)
44.700: (fly-airplane a2 l1-0 l7-0)
44.700: (fly-airplane a0 l6-0 l4-0)
44.700: (fly-airplane a0 l4-0 l1-0)
44.713: (fly-airplane a2 l7-0 l3-0)
44.690: (fly-airplane a1 l3-0 l4-0)
44.690: (fly-airplane a0 l1-0 l6-0)
44.691: (fly-airplane a1 l4-0 l1-0)
44.690: (fly-airplane a0 l6-0 l4-0)
44.690: (fly-airplane a1 l1-0 l6-0)
44.690: (fly-airplane a0 l4-0 l1-0)
44.700: (fly-airplane a0 l1-0 l7-0)
44.699: (fly-airplane a1 l6-0 l4-0)
44.700: (fly-airplane a1 l4-0 l1-0)
44.713: (fly-airplane a0 l7-0 l3-0)
44.691: (fly-airplane a2 l3-0 l4-0)
44.690: (fly-airplane a1 l1-0 l6-0)
44.691: (fly-airplane a2 l4-0 l1-0)
44.691: (fly-airplane a1 l6-0 l4-0)
44.690: (fly-airplane a2 l1-0 l6-0)
44.691: (fly-airplane a1 l4-0 l1-0)
44.700: (fly-airplane a1 l1-0 l7-0)
44.699: (fly-airplane a2 l6-0 l4-0)
44.700: (fly-airplane a2 l4-0 l1-0)
44.713: (fly-airplane a1 l7-0 l3-0)
44.700: (fly-airplane a0 l3-0 l7-0)
44.700: (fly-airplane a2 l1-0 l6-0)
44.712: (fly-airplane a0 l7-0 l3-0)
44.712: (fly-airplane a2 l6-0 l4-0)
44.719: (fly-airplane a1 l3-0 l4-0)
44.700: (fly-airplane a2 l4-0 l7-0)
44.685: (fly-airplane a1 l4-0 l2-0)
44.700: (fly-airplane a1 l2-0 l6-0)
44.700: (fly-airplane a1 l6-0 l1-0)
44.718: (drive-truck t5 l5-1 l5-2 c5)
44.694: (fly-airplane a2 l7-0 l2-0)
44.693: (fly-airplane a1 l1-0 l4-0)
44.693: (fly-airplane a1 l4-0 l6-0)
44.696: (fly-airplane a1 l6-0 l2-0)
44.693: (fly-airplane a2 l2-0 l4-0)
44.693: (fly-airplane a2 l4-0 l6-0)
44.694: (fly-airplane a2 l6-0 l1-0)
44.703: (fly-airplane a2 l1-0 l7-0)
44.715: (fly-airplane a2 l7-0 l3-0)
44.693: (fly-airplane a0 l3-0 l4-0)
44.693: (fly-airplane a0 l4-0 l6-0)
44.694: (fly-airplane a0 l6-0 l1-0)
44.696: (fly-airplane a0 l1-0 l2-0)
44.693: (fly-airplane a1 l2-0 l4-0)
44.693: (fly-airplane a1 l4-0 l6-0)
44.694: (fly-airplane a1 l6-0 l1-0)
44.703: (fly-airplane a1 l1-0 l7-0)
44.685: (drive-truck t5 l5-2 l5-1 c5)
44.700: (fly-airplane a0 l2-0 l4-0)
44.700: (fly-airplane a0 l4-0 l6-0)
44.700: (fly-airplane a0 l6-0 l1-0)
44.718: (drive-truck t5 l5-1 l5-2 c5)
44.709: (fly-airplane a1 l7-0 l4-0)
44.708: (fly-airplane a0 l1-0 l6-0)
44.709: (fly-airplane a1 l4-0 l1-0)
44.709: (fly-airplane a0 l6-0 l4-0)
44.708: (fly-airplane a1 l1-0 l6-0)
44.709: (fly-airplane a0 l4-0 l1-0)
44.718: (fly-airplane a0 l1-0 l7-0)
44.703: (fly-airplane a1 l6-0 l2-0)
44.718: (fly-airplane a1 l2-0 l4-0)
44.718: (fly-airplane a1 l4-0 l1-0)
44.731: (fly-airplane a0 l7-0 l3-0)
44.709: (fly-airplane a2 l3-0 l4-0)
44.708: (fly-airplane a1 l1-0 l6-0)
44.709: (fly-airplane a2 l4-0 l1-0)
44.709: (fly-airplane a1 l6-0 l4-0)
44.708: (fly-airplane a2 l1-0 l6-0)
44.709: (fly-airplane a1 l4-0 l1-0)
44.718: (fly-airplane a1 l1-0 l7-0)
44.703: (fly-airplane a2 l6-0 l2-0)
44.715: (fly-airplane a1 l7-0 l3-0)
44.693: (fly-airplane a0 l3-0 l4-0)
44.693: (fly-airplane a0 l4-0 l6-0)
44.694: (fly-airplane a0 l6-0 l1-0)
44.696: (fly-airplane a0 l1-0 l2-0)
44.693: (fly-airplane a2 l2-0 l4-0)
44.693: (fly-airplane a2 l4-0 l6-0)
44.694: (fly-airplane a2 l6-0 l1-0)
44.703: (fly-airplane a2 l1-0 l7-0)
44.715: (fly-airplane a2 l7-0 l3-0)
44.731: (fly-airplane a0 l2-0 l4-0)
44.708: (fly-airplane a2 l3-0 l6-0)
44.709: (fly-airplane a2 l6-0 l1-0)
44.709: (fly-airplane a0 l4-0 l6-0)
44.708: (fly-airplane a2 l1-0 l4-0)
44.709: (fly-airplane a0 l6-0 l1-0)
44.709: (fly-airplane a2 l4-0 l6-0)
44.718: (fly-airplane a0 l1-0 l7-0)
44.703: (fly-airplane a2 l6-0 l2-0)
44.718: (fly-airplane a2 l2-0 l4-0)
44.718: (fly-airplane a2 l4-0 l1-0)
44.731: (fly-airplane a0 l7-0 l3-0)
44.719: (fly-airplane a1 l3-0 l7-0)
44.718: (fly-airplane a2 l1-0 l4-0)
44.730: (fly-airplane a1 l7-0 l3-0)
44.731: (fly-airplane a2 l4-0 l6-0)
44.737: (fly-airplane a1 l3-0 l6-0)
44.718: (fly-airplane a2 l6-0 l7-0)
44.718: (fly-airplane a1 l6-0 l4-0)
44.730: (fly-airplane a2 l7-0 l3-0)
44.712: (drive-truck t5 l5-2 l5-1 c5)
44.712: (fly-airplane a1 l4-0 l6-0)
44.719: (fly-airplane a0 l3-0 l6-0)
44.712: (fly-airplane a1 l6-0 l3-0)
44.712: (fly-airplane a0 l6-0 l4-0)
44.719: (fly-airplane a1 l3-0 l4-0)
44.732: (fly-airplane a1 l4-0 l5-0)
44.718: (fly-airplane a0 l4-0 l2-0)
44.733: (fly-airplane a0 l2-0 l6-0)
44.733: (fly-airplane a0 l6-0 l1-0)
44.721: (fly-airplane a1 l5-0 l1-0)
44.733: (fly-airplane a0 l1-0 l5-0)
44.718: (fly-airplane a1 l1-0 l2-0)
44.720: (fly-airplane a0 l5-0 l0-0)
44.735: (fly-airplane a1 l2-0 l4-0)
44.732: (fly-airplane a0 l0-0 l5-0)
44.733: (fly-airplane a1 l4-0 l6-0)
44.735: (fly-airplane a0 l5-0 l0-0)
44.736: (fly-airplane a1 l6-0 l1-0)
44.745: (fly-airplane a1 l1-0 l7-0)
44.722: (fly-airplane a0 l0-0 l3-0)
44.731: (fly-airplane a0 l3-0 l7-0)
44.722: (fly-airplane a1 l7-0 l3-0)
44.731: (fly-airplane a2 l3-0 l7-0)
44.722: (fly-airplane a0 l7-0 l3-0)
44.731: (fly-airplane a1 l3-0 l7-0)
44.743: (fly-airplane a1 l7-0 l5-0)
44.718: (fly-airplane a2 l7-0 l2-0)
44.720: (fly-airplane a1 l5-0 l0-0)
44.735: (fly-airplane a2 l2-0 l4-0)
44.733: (fly-airplane a1 l0-0 l5-0)
44.733: (fly-airplane a2 l4-0 l6-0)
44.719: (fly-airplane a1 l5-0 l6-0)
44.733: (fly-airplane a2 l6-0 l5-0)
44.718: (fly-airplane a1 l6-0 l2-0)
44.720: (fly-airplane a2 l5-0 l0-0)
44.735: (fly-airplane a1 l2-0 l4-0)
44.732: (fly-airplane a2 l0-0 l5-0)
44.733: (fly-airplane a1 l4-0 l1-0)
44.721: (fly-airplane a2 l5-0 l1-0)
44.733: (fly-airplane a1 l1-0 l5-0)
44.735: (fly-airplane a1 l5-0 l0-0)
44.735: (fly-airplane a2 l1-0 l6-0)
44.745: (fly-airplane a2 l6-0 l7-0)
44.757: (fly-airplane a2 l7-0 l3-0)
44.735: (fly-airplane a1 l0-0 l3-0)
44.753: (drive-truck t5 l5-1 l5-2 c5)
44.731: (fly-airplane a0 l3-0 l6-0)
44.718: (fly-airplane a2 l3-0 l7-0)
44.718: (fly-airplane a0 l6-0 l4-0)
44.719: (fly-airplane a0 l4-0 l1-0)
44.731: (fly-airplane a2 l7-0 l3-0)
44.739: (fly-airplane a1 l3-0 l1-0)
44.751: (fly-airplane a1 l1-0 l5-0)
44.736: (fly-airplane a0 l1-0 l2-0)
44.738: (fly-airplane a1 l5-0 l0-0)
44.753: (fly-airplane a0 l2-0 l4-0)
44.718: (fly-airplane a1 l0-0 l7-0)
44.718: (fly-airplane a0 l4-0 l6-0)
44.737: (fly-airplane a1 l7-0 l6-0)
44.731: (fly-airplane a0 l6-0 l3-0)
44.740: (fly-airplane a1 l6-0 l7-0)
44.749: (fly-airplane a2 l3-0 l7-0)
44.740: (fly-airplane a1 l7-0 l3-0)
44.749: (fly-airplane a0 l3-0 l7-0)
44.740: (fly-airplane a2 l7-0 l3-0)
44.749: (fly-airplane a1 l3-0 l7-0)
44.761: (fly-airplane a0 l7-0 l5-0)
44.736: (fly-airplane a1 l7-0 l2-0)
44.738: (fly-airplane a0 l5-0 l0-0)
44.753: (fly-airplane a1 l2-0 l4-0)
44.737: (fly-airplane a0 l0-0 l4-0)
44.750: (fly-airplane a1 l4-0 l5-0)
44.751: (fly-airplane a0 l4-0 l6-0)
44.754: (fly-airplane a1 l5-0 l0-0)
44.735: (drive-truck t5 l5-2 l5-1 c5)
44.735: (fly-airplane a0 l6-0 l4-0)
44.735: (fly-airplane a0 l4-0 l1-0)
44.745: (fly-airplane a0 l1-0 l7-0)
44.743: (fly-airplane a1 l0-0 l5-0)
44.755: (fly-airplane a0 l7-0 l3-0)
44.765: (fly-airplane a0 l3-0 l5-0)
44.718: (drive-truck t4 l4-2 l4-3 c4)
44.734: (fly-airplane a1 l5-0 l0-0)
44.752: (drive-truck t5 l5-1 l5-2 c5)
44.736: (fly-airplane a1 l0-0 l5-0)
44.752: (fly-airplane a0 l5-0 l0-0)
44.734: (drive-truck t5 l5-2 l5-1 c5)
44.780: (drive-truck t4 l4-3 l4-2 c4)
44.758: (fly-airplane a1 l5-0 l3-0)
44.720: (fly-airplane a2 l3-0 l2-0)
44.735: (fly-airplane a2 l2-0 l4-0)
44.719: (fly-airplane a0 l0-0 l4-0)
44.732: (fly-airplane a0 l4-0 l5-0)
44.733: (fly-airplane a2 l4-0 l6-0)
44.719: (fly-airplane a0 l5-0 l6-0)
44.733: (fly-airplane a2 l6-0 l5-0)
44.718: (fly-airplane a0 l6-0 l2-0)
44.720: (fly-airplane a2 l5-0 l0-0)
44.735: (fly-airplane a0 l2-0 l4-0)
44.732: (fly-airplane a2 l0-0 l5-0)
44.733: (fly-airplane a0 l4-0 l1-0)
44.721: (fly-airplane a2 l5-0 l1-0)
44.733: (fly-airplane a0 l1-0 l5-0)
44.735: (fly-airplane a0 l5-0 l0-0)
44.735: (fly-airplane a2 l1-0 l6-0)
44.745: (fly-airplane a2 l6-0 l7-0)
44.743: (fly-airplane a0 l0-0 l5-0)
44.755: (fly-airplane a2 l7-0 l3-0)
44.743: (fly-airplane a1 l3-0 l7-0)
44.780: (fly-airplane a1 l7-0 l0-0)
44.768: (fly-airplane a0 l5-0 l0-0)
44.786: (drive-truck t5 l5-1 l5-2 c5)
44.754: (fly-airplane a1 l0-0 l6-0)
44.751: (fly-airplane a0 l0-0 l5-0)
44.750: (fly-airplane a1 l6-0 l4-0)
44.751: (fly-airplane a1 l4-0 l1-0)
44.754: (fly-airplane a0 l5-0 l0-0)
44.763: (fly-airplane a1 l1-0 l7-0)
44.776: (fly-airplane a1 l7-0 l3-0)
44.738: (fly-airplane a2 l3-0 l2-0)
44.736: (fly-airplane a0 l0-0 l5-0)
44.751: (fly-airplane a2 l2-0 l4-0)
44.737: (fly-airplane a0 l5-0 l4-0)
44.751: (fly-airplane a2 l4-0 l5-0)
44.736: (fly-airplane a0 l4-0 l2-0)
44.738: (fly-airplane a2 l5-0 l0-0)
44.753: (fly-airplane a0 l2-0 l4-0)
44.753: (fly-airplane a0 l4-0 l6-0)
44.735: (drive-truck t5 l5-2 l5-1 c5)
44.736: (fly-airplane a0 l6-0 l1-0)
44.745: (fly-airplane a0 l1-0 l7-0)
44.743: (fly-airplane a2 l0-0 l5-0)
44.755: (fly-airplane a0 l7-0 l3-0)
44.743: (fly-airplane a1 l3-0 l7-0)
44.745: (fly-airplane a2 l5-0 l0-0)
44.735: (fly-airplane a1 l7-0 l6-0)
44.736: (fly-airplane a1 l6-0 l1-0)
44.754: (drive-truck t5 l5-1 l5-2 c5)
44.738: (fly-airplane a1 l1-0 l2-0)
44.736: (fly-airplane a2 l0-0 l5-0)
44.751: (fly-airplane a1 l2-0 l4-0)
44.737: (fly-airplane a2 l5-0 l4-0)
44.751: (fly-airplane a1 l4-0 l5-0)
44.736: (fly-airplane a2 l4-0 l2-0)
44.738: (fly-airplane a1 l5-0 l0-0)
44.753: (fly-airplane a2 l2-0 l4-0)
44.754: (fly-airplane a2 l4-0 l6-0)
44.751: (fly-airplane a1 l0-0 l5-0)
44.751: (fly-airplane a2 l6-0 l1-0)
44.740: (fly-airplane a1 l5-0 l1-0)
44.751: (fly-airplane a2 l1-0 l5-0)
44.751: (fly-airplane a1 l1-0 l6-0)
44.754: (fly-airplane a2 l5-0 l0-0)
44.753: (fly-airplane a1 l6-0 l4-0)
44.763: (fly-airplane a1 l4-0 l7-0)
44.761: (fly-airplane a2 l0-0 l5-0)
44.773: (fly-airplane a1 l7-0 l3-0)
44.726: (drive-truck t4 l4-2 l4-3 c4)
44.736: (fly-airplane a1 l3-0 l5-0)
44.718: (drive-truck t5 l5-2 l5-1 c5)
44.734: (fly-airplane a1 l5-0 l0-0)
44.752: (drive-truck t5 l5-1 l5-2 c5)
44.798: (drive-truck t4 l4-3 l4-2 c4)
44.754: (fly-airplane a2 l5-0 l1-0)
44.763: (fly-airplane a2 l1-0 l7-0)
44.761: (fly-airplane a1 l0-0 l5-0)
44.773: (fly-airplane a2 l7-0 l3-0)
44.761: (fly-airplane a0 l3-0 l7-0)
44.763: (fly-airplane a1 l5-0 l0-0)
44.754: (fly-airplane a0 l7-0 l1-0)
44.776: (fly-airplane a0 l1-0 l3-0)
44.786: (fly-airplane a2 l3-0 l0-0)
44.768: (drive-truck t5 l5-2 l5-1 c5)
44.758: (fly-airplane a1 l0-0 l3-0)
44.768: (fly-airplane a0 l3-0 l0-0)
44.780: (fly-airplane a2 l0-0 l5-0)
44.765: (fly-airplane a0 l0-0 l5-0)
44.783: (drive-truck t5 l5-1 l5-2 c5)
44.751: (fly-airplane a0 l5-0 l6-0)
44.737: (fly-airplane a2 l5-0 l6-0)
44.751: (fly-airplane a0 l6-0 l5-0)
44.752: (fly-airplane a2 l6-0 l1-0)
44.740: (fly-airplane a0 l5-0 l1-0)
44.751: (fly-airplane a2 l1-0 l5-0)
44.754: (fly-airplane a2 l5-0 l0-0)
44.763: (fly-airplane a0 l1-0 l7-0)
44.761: (fly-airplane a2 l0-0 l5-0)
44.798: (fly-airplane a0 l7-0 l0-0)
44.753: (fly-airplane a2 l5-0 l4-0)
44.754: (fly-airplane a2 l4-0 l6-0)
44.754: (fly-airplane a2 l6-0 l1-0)
44.763: (fly-airplane a2 l1-0 l7-0)
44.761: (fly-airplane a0 l0-0 l5-0)
44.773: (fly-airplane a2 l7-0 l3-0)
44.783: (fly-airplane a1 l3-0 l5-0)
44.798: (fly-airplane a1 l5-0 l0-0)
44.851: (drive-truck t0 l0-2 l0-1 c0)
44.788: (fly-airplane a1 l0-0 l2-0)
44.741: (drive-truck t4 l4-2 l4-3 c4)
44.697: (fly-airplane a0 l5-0 l4-0)
44.681: (drive-truck t5 l5-2 l5-1 c5)
44.681: (fly-airplane a0 l4-0 l6-0)
44.682: (fly-airplane a0 l6-0 l1-0)
44.684: (fly-airplane a0 l1-0 l2-0)
44.681: (fly-airplane a1 l2-0 l4-0)
44.681: (fly-airplane a1 l4-0 l6-0)
44.682: (fly-airplane a1 l6-0 l1-0)
44.691: (fly-airplane a1 l1-0 l7-0)
44.704: (fly-airplane a1 l7-0 l3-0)
44.681: (fly-airplane a2 l3-0 l4-0)
44.681: (fly-airplane a2 l4-0 l6-0)
44.682: (fly-airplane a2 l6-0 l1-0)
44.684: (fly-airplane a2 l1-0 l2-0)
44.681: (fly-airplane a0 l2-0 l4-0)
44.681: (fly-airplane a0 l4-0 l6-0)
44.682: (fly-airplane a0 l6-0 l1-0)
44.691: (fly-airplane a0 l1-0 l7-0)
44.704: (fly-airplane a0 l7-0 l3-0)
44.681: (fly-airplane a1 l3-0 l4-0)
44.681: (fly-airplane a1 l4-0 l6-0)
44.682: (fly-airplane a1 l6-0 l1-0)
44.684: (fly-airplane a1 l1-0 l2-0)
44.681: (fly-airplane a2 l2-0 l4-0)
44.681: (fly-airplane a2 l4-0 l6-0)
44.682: (fly-airplane a2 l6-0 l1-0)
44.691: (fly-airplane a2 l1-0 l7-0)
44.704: (fly-airplane a2 l7-0 l3-0)
44.691: (fly-airplane a0 l3-0 l7-0)
44.706: (fly-airplane a1 l2-0 l4-0)
44.696: (fly-airplane a0 l7-0 l6-0)
44.696: (fly-airplane a0 l6-0 l1-0)
44.696: (fly-airplane a1 l4-0 l6-0)
44.696: (fly-airplane a0 l1-0 l4-0)
44.697: (fly-airplane a1 l6-0 l1-0)
44.696: (fly-airplane a0 l4-0 l6-0)
44.706: (fly-airplane a1 l1-0 l7-0)
44.706: (fly-airplane a0 l6-0 l4-0)
44.706: (fly-airplane a0 l4-0 l1-0)
44.719: (fly-airplane a1 l7-0 l3-0)
44.696: (fly-airplane a2 l3-0 l4-0)
44.696: (fly-airplane a0 l1-0 l6-0)
44.697: (fly-airplane a2 l4-0 l1-0)
44.697: (fly-airplane a0 l6-0 l4-0)
44.696: (fly-airplane a2 l1-0 l6-0)
44.697: (fly-airplane a0 l4-0 l1-0)
44.706: (fly-airplane a0 l1-0 l7-0)
44.706: (fly-airplane a2 l6-0 l4-0)
44.706: (fly-airplane a2 l4-0 l1-0)
44.719: (fly-airplane a0 l7-0 l3-0)
44.696: (fly-airplane a1 l3-0 l4-0)
44.696: (fly-airplane a2 l1-0 l6-0)
44.697: (fly-airplane a1 l4-0 l1-0)
44.696: (fly-airplane a2 l6-0 l4-0)
44.696: (fly-airplane a1 l1-0 l6-0)
44.697: (fly-airplane a2 l4-0 l1-0)
44.706: (fly-airplane a2 l1-0 l7-0)
44.706: (fly-airplane a1 l6-0 l4-0)
44.706: (fly-airplane a1 l4-0 l1-0)
44.719: (fly-airplane a2 l7-0 l3-0)
44.706: (fly-airplane a0 l3-0 l7-0)
44.706: (fly-airplane a1 l1-0 l6-0)
44.718: (fly-airplane a0 l7-0 l3-0)
44.718: (fly-airplane a1 l6-0 l4-0)
44.725: (fly-airplane a2 l3-0 l4-0)
44.706: (fly-airplane a1 l4-0 l7-0)
44.690: (fly-airplane a2 l4-0 l2-0)
44.706: (fly-airplane a2 l2-0 l6-0)
44.707: (fly-airplane a2 l6-0 l1-0)
44.723: (drive-truck t5 l5-1 l5-2 c5)
44.698: (fly-airplane a1 l7-0 l2-0)
44.698: (fly-airplane a2 l1-0 l4-0)
44.698: (fly-airplane a2 l4-0 l6-0)
44.701: (fly-airplane a2 l6-0 l2-0)
44.698: (fly-airplane a1 l2-0 l4-0)
44.698: (fly-airplane a1 l4-0 l6-0)
44.699: (fly-airplane a1 l6-0 l1-0)
44.708: (fly-airplane a1 l1-0 l7-0)
44.720: (fly-airplane a1 l7-0 l3-0)
44.698: (fly-airplane a0 l3-0 l4-0)
44.698: (fly-airplane a0 l4-0 l6-0)
44.699: (fly-airplane a0 l6-0 l1-0)
44.701: (fly-airplane a0 l1-0 l2-0)
44.698: (fly-airplane a2 l2-0 l4-0)
44.698: (fly-airplane a2 l4-0 l6-0)
44.698: (fly-airplane a2 l6-0 l1-0)
44.708: (fly-airplane a2 l1-0 l7-0)
44.691: (drive-truck t5 l5-2 l5-1 c5)
44.705: (fly-airplane a0 l2-0 l4-0)
44.706: (fly-airplane a0 l4-0 l6-0)
44.706: (fly-airplane a0 l6-0 l1-0)
44.723: (drive-truck t5 l5-1 l5-2 c5)
44.713: (fly-airplane a2 l7-0 l4-0)
44.713: (fly-airplane a0 l1-0 l6-0)
44.714: (fly-airplane a2 l4-0 l1-0)
44.714: (fly-airplane a0 l6-0 l4-0)
44.713: (fly-airplane a2 l1-0 l6-0)
44.714: (fly-airplane a0 l4-0 l1-0)
44.723: (fly-airplane a0 l1-0 l7-0)
44.708: (fly-airplane a2 l6-0 l2-0)
44.723: (fly-airplane a2 l2-0 l4-0)
44.723: (fly-airplane a2 l4-0 l1-0)
44.736: (fly-airplane a0 l7-0 l3-0)
44.713: (fly-airplane a1 l3-0 l4-0)
44.713: (fly-airplane a2 l1-0 l6-0)
44.714: (fly-airplane a1 l4-0 l1-0)
44.713: (fly-airplane a2 l6-0 l4-0)
44.713: (fly-airplane a1 l1-0 l6-0)
44.714: (fly-airplane a2 l4-0 l1-0)
44.723: (fly-airplane a2 l1-0 l7-0)
44.708: (fly-airplane a1 l6-0 l2-0)
44.720: (fly-airplane a2 l7-0 l3-0)
44.698: (fly-airplane a0 l3-0 l6-0)
44.698: (fly-airplane a0 l6-0 l1-0)
44.701: (fly-airplane a0 l1-0 l2-0)
44.697: (fly-airplane a1 l2-0 l4-0)
44.698: (fly-airplane a1 l4-0 l6-0)
44.698: (fly-airplane a1 l6-0 l1-0)
44.708: (fly-airplane a1 l1-0 l7-0)
44.720: (fly-airplane a1 l7-0 l3-0)
44.735: (fly-airplane a0 l2-0 l4-0)
44.713: (fly-airplane a1 l3-0 l6-0)
44.713: (fly-airplane a0 l4-0 l1-0)
44.714: (fly-airplane a1 l6-0 l4-0)
44.713: (fly-airplane a0 l1-0 l6-0)
44.714: (fly-airplane a1 l4-0 l1-0)
44.713: (fly-airplane a0 l6-0 l4-0)
44.723: (fly-airplane a1 l1-0 l7-0)
44.723: (fly-airplane a0 l4-0 l6-0)
44.724: (fly-airplane a0 l6-0 l1-0)
44.736: (fly-airplane a1 l7-0 l3-0)
44.736: (fly-airplane a0 l1-0 l6-0)
44.718: (drive-truck t5 l5-2 l5-1 c5)
44.718: (fly-airplane a0 l6-0 l4-0)
44.725: (fly-airplane a2 l3-0 l4-0)
44.718: (fly-airplane a0 l4-0 l3-0)
44.719: (fly-airplane a2 l4-0 l6-0)
44.725: (fly-airplane a1 l3-0 l6-0)
44.738: (fly-airplane a2 l6-0 l5-0)
44.724: (fly-airplane a1 l6-0 l2-0)
44.726: (fly-airplane a2 l5-0 l0-0)
44.741: (fly-airplane a1 l2-0 l4-0)
44.738: (fly-airplane a2 l0-0 l5-0)
44.739: (fly-airplane a1 l4-0 l1-0)
44.727: (fly-airplane a2 l5-0 l1-0)
44.739: (fly-airplane a1 l1-0 l5-0)
44.724: (fly-airplane a2 l1-0 l2-0)
44.726: (fly-airplane a1 l5-0 l0-0)
44.741: (fly-airplane a2 l2-0 l4-0)
44.739: (fly-airplane a1 l0-0 l5-0)
44.739: (fly-airplane a2 l4-0 l6-0)
44.741: (fly-airplane a1 l5-0 l0-0)
44.741: (fly-airplane a2 l6-0 l1-0)
44.751: (fly-airplane a2 l1-0 l7-0)
44.728: (fly-airplane a1 l0-0 l3-0)
44.737: (fly-airplane a0 l3-0 l7-0)
44.729: (fly-airplane a2 l7-0 l3-0)
44.737: (fly-airplane a1 l3-0 l7-0)
44.729: (fly-airplane a0 l7-0 l3-0)
44.736: (fly-airplane a2 l3-0 l7-0)
44.748: (fly-airplane a1 l7-0 l5-0)
44.761: (fly-airplane a2 l7-0 l3-0)
44.724: (fly-airplane a0 l3-0 l2-0)
44.726: (fly-airplane a1 l5-0 l0-0)
44.741: (fly-airplane a0 l2-0 l4-0)
44.725: (fly-airplane a1 l0-0 l4-0)
44.738: (fly-airplane a1 l4-0 l5-0)
44.738: (fly-airplane a0 l4-0 l6-0)
44.725: (fly-airplane a1 l5-0 l6-0)
44.738: (fly-airplane a0 l6-0 l5-0)
44.724: (fly-airplane a1 l6-0 l2-0)
44.726: (fly-airplane a0 l5-0 l0-0)
44.741: (fly-airplane a1 l2-0 l6-0)
44.741: (fly-airplane a1 l6-0 l4-0)
44.738: (fly-airplane a0 l0-0 l5-0)
44.739: (fly-airplane a1 l4-0 l1-0)
44.727: (fly-airplane a0 l5-0 l1-0)
44.739: (fly-airplane a1 l1-0 l5-0)
44.742: (fly-airplane a1 l5-0 l0-0)
44.741: (fly-airplane a0 l1-0 l6-0)
44.751: (fly-airplane a0 l6-0 l7-0)
44.748: (fly-airplane a1 l0-0 l5-0)
44.766: (drive-truck t5 l5-1 l5-2 c5)
44.708: (fly-airplane a1 l5-0 l2-0)
44.723: (fly-airplane a1 l2-0 l6-0)
44.723: (fly-airplane a1 l6-0 l4-0)
44.724: (fly-airplane a1 l4-0 l1-0)
44.736: (fly-airplane a0 l7-0 l3-0)
44.723: (fly-airplane a2 l3-0 l7-0)
44.723: (fly-airplane a1 l1-0 l4-0)
44.735: (fly-airplane a2 l7-0 l3-0)
44.736: (fly-airplane a1 l4-0 l6-0)
44.742: (fly-airplane a0 l3-0 l6-0)
44.755: (fly-airplane a0 l6-0 l5-0)
44.756: (fly-airplane a1 l6-0 l4-0)
44.742: (fly-airplane a0 l5-0 l4-0)
44.756: (fly-airplane a1 l4-0 l5-0)
44.741: (fly-airplane a0 l4-0 l2-0)
44.743: (fly-airplane a1 l5-0 l0-0)
44.758: (fly-airplane a0 l2-0 l4-0)
44.758: (fly-airplane a0 l4-0 l6-0)
44.756: (fly-airplane a1 l0-0 l5-0)
44.756: (fly-airplane a0 l6-0 l1-0)
44.744: (fly-airplane a1 l5-0 l1-0)
44.756: (fly-airplane a0 l1-0 l5-0)
44.759: (fly-airplane a0 l5-0 l0-0)
44.741: (drive-truck t5 l5-2 l5-1 c5)
44.751: (fly-airplane a1 l1-0 l7-0)
44.749: (fly-airplane a0 l0-0 l5-0)
44.761: (fly-airplane a1 l7-0 l3-0)
44.724: (fly-airplane a2 l3-0 l2-0)
44.726: (fly-airplane a0 l5-0 l0-0)
44.741: (fly-airplane a2 l2-0 l4-0)
44.738: (fly-airplane a0 l0-0 l5-0)
44.739: (fly-airplane a2 l4-0 l6-0)
44.725: (fly-airplane a0 l5-0 l6-0)
44.738: (fly-airplane a2 l6-0 l5-0)
44.724: (fly-airplane a0 l6-0 l2-0)
44.726: (fly-airplane a2 l5-0 l0-0)
44.741: (fly-airplane a0 l2-0 l4-0)
44.738: (fly-airplane a2 l0-0 l5-0)
44.739: (fly-airplane a0 l4-0 l1-0)
44.727: (fly-airplane a2 l5-0 l1-0)
44.739: (fly-airplane a0 l1-0 l5-0)
44.742: (fly-airplane a0 l5-0 l0-0)
44.741: (fly-airplane a2 l1-0 l6-0)
44.751: (fly-airplane a2 l6-0 l7-0)
44.749: (fly-airplane a0 l0-0 l5-0)
44.766: (drive-truck t5 l5-1 l5-2 c5)
44.723: (fly-airplane a0 l5-0 l4-0)
44.723: (fly-airplane a0 l4-0 l6-0)
44.742: (fly-airplane a2 l7-0 l6-0)
44.736: (fly-airplane a0 l6-0 l3-0)
44.723: (fly-airplane a1 l3-0 l7-0)
44.723: (fly-airplane a2 l6-0 l4-0)
44.735: (fly-airplane a1 l7-0 l3-0)
44.742: (fly-airplane a1 l3-0 l4-0)
44.756: (fly-airplane a1 l4-0 l5-0)
44.741: (fly-airplane a2 l4-0 l2-0)
44.743: (fly-airplane a1 l5-0 l0-0)
44.758: (fly-airplane a2 l2-0 l4-0)
44.758: (fly-airplane a2 l4-0 l6-0)
44.743: (fly-airplane a1 l0-0 l6-0)
44.755: (fly-airplane a2 l6-0 l5-0)
44.741: (fly-airplane a1 l6-0 l2-0)
44.743: (fly-airplane a2 l5-0 l0-0)
44.758: (fly-airplane a1 l2-0 l4-0)
44.755: (fly-airplane a2 l0-0 l5-0)
44.756: (fly-airplane a1 l4-0 l1-0)
44.744: (fly-airplane a2 l5-0 l1-0)
44.756: (fly-airplane a1 l1-0 l5-0)
44.756: (fly-airplane a2 l1-0 l6-0)
44.766: (fly-airplane a2 l6-0 l7-0)
44.745: (fly-airplane a1 l5-0 l3-0)
44.754: (fly-airplane a1 l3-0 l7-0)
44.745: (fly-airplane a2 l7-0 l3-0)
44.754: (fly-airplane a0 l3-0 l7-0)
44.745: (fly-airplane a1 l7-0 l3-0)
44.754: (fly-airplane a2 l3-0 l7-0)
44.765: (fly-airplane a2 l7-0 l5-0)
44.741: (fly-airplane a0 l7-0 l2-0)
44.743: (fly-airplane a2 l5-0 l0-0)
44.758: (fly-airplane a0 l2-0 l4-0)
44.742: (fly-airplane a2 l0-0 l4-0)
44.756: (fly-airplane a0 l4-0 l5-0)
44.741: (fly-airplane a2 l4-0 l2-0)
44.743: (fly-airplane a0 l5-0 l0-0)
44.758: (fly-airplane a2 l2-0 l4-0)
44.758: (fly-airplane a2 l4-0 l6-0)
44.755: (fly-airplane a0 l0-0 l5-0)
44.756: (fly-airplane a2 l6-0 l1-0)
44.744: (fly-airplane a0 l5-0 l1-0)
44.756: (fly-airplane a2 l1-0 l5-0)
44.756: (fly-airplane a0 l1-0 l4-0)
44.756: (fly-airplane a0 l4-0 l6-0)
44.758: (fly-airplane a2 l5-0 l0-0)
44.741: (drive-truck t5 l5-2 l5-1 c5)
44.742: (fly-airplane a0 l6-0 l1-0)
44.751: (fly-airplane a0 l1-0 l7-0)
44.749: (fly-airplane a2 l0-0 l5-0)
44.761: (fly-airplane a0 l7-0 l3-0)
44.741: (fly-airplane a2 l5-0 l3-0)
44.758: (drive-truck t5 l5-1 l5-2 c5)
44.778: (fly-airplane a1 l3-0 l5-0)
44.781: (fly-airplane a1 l5-0 l0-0)
44.759: (fly-airplane a0 l3-0 l1-0)
44.768: (fly-airplane a0 l1-0 l7-0)
44.791: (fly-airplane a0 l7-0 l0-0)
44.743: (fly-airplane a1 l0-0 l2-0)
44.758: (fly-airplane a1 l2-0 l6-0)
44.758: (fly-airplane a1 l6-0 l4-0)
44.768: (fly-airplane a1 l4-0 l7-0)
44.766: (fly-airplane a0 l0-0 l5-0)
44.778: (fly-airplane a1 l7-0 l3-0)
44.781: (fly-airplane a0 l5-0 l0-0)
44.759: (fly-airplane a2 l3-0 l1-0)
[Final] Expanded: 1000, Generated: 75391
Failed to find a solution!
