/u/ibrahim.eisawy/Neural-Guided-Search/venv/lib/python3.10/site-packages/pymimir_rgnn/model.py:151: UserWarning: index_reduce() is in beta and the API may change at any time. (Triggered internally at /pytorch/aten/src/ATen/native/cuda/Indexing.cu:1541.)
  max_msg.index_reduce_(0, output_indices, output_messages, reduce='amax', include_self=True)
Torch: 2.12.0+cu130
Using GPU:  NVIDIA L40S
17.210: (load-airplane p1 a0 l1-0)
16.247: (drive-truck t0 l0-0 l0-1 c0)
15.147: (load-truck p3 t0 l0-1)
12.621: (drive-truck t0 l0-1 l0-0 c0)
11.555: (load-truck p4 t0 l0-0)
11.626: (drive-truck t2 l2-0 l2-1 c2)
8.716: (load-truck p2 t2 l2-1)
7.955: (fly-airplane a0 l1-0 l0-0)
8.912: (drive-truck t1 l1-0 l1-1 c1)
9.689: (fly-airplane a0 l0-0 l1-0)
10.097: (drive-truck t0 l0-0 l0-1 c0)
9.078: (drive-truck t1 l1-1 l1-0 c1)
9.619: (fly-airplane a0 l1-0 l0-0)
10.590: (drive-truck t1 l1-0 l1-1 c1)
11.633: (load-truck p0 t2 l2-1)
9.987: (drive-truck t0 l0-1 l0-0 c0)
8.994: (drive-truck t1 l1-1 l1-0 c1)
9.653: (fly-airplane a0 l0-0 l1-0)
10.003: (drive-truck t0 l0-0 l0-1 c0)
10.663: (fly-airplane a0 l1-0 l0-0)
11.852: (fly-airplane a0 l0-0 l2-0)
10.772: (unload-truck p0 t2 l2-1)
9.695: (drive-truck t0 l0-1 l0-0 c0)
9.477: (unload-airplane p1 a0 l2-0)
8.482: (fly-airplane a0 l2-0 l0-0)
9.459: (drive-truck t1 l1-0 l1-1 c1)
10.457: (fly-airplane a0 l0-0 l2-0)
10.463: (fly-airplane a0 l2-0 l1-0)
9.484: (drive-truck t1 l1-1 l1-0 c1)
10.491: (unload-truck p4 t0 l0-0)
9.801: (fly-airplane a0 l1-0 l0-0)
9.507: (load-airplane p4 a0 l0-0)
9.624: (fly-airplane a0 l0-0 l1-0)
8.863: (unload-airplane p4 a0 l1-0)
7.892: (load-truck p4 t1 l1-0)
6.637: (drive-truck t1 l1-0 l1-1 c1)
5.630: (fly-airplane a0 l1-0 l0-0)
6.633: (fly-airplane a0 l0-0 l2-0)
7.604: (load-airplane p1 a0 l2-0)
6.776: (fly-airplane a0 l2-0 l0-0)
7.210: (unload-truck p3 t0 l0-0)
7.090: (drive-truck t2 l2-1 l2-0 c2)
7.153: (drive-truck t0 l0-0 l0-1 c0)
7.274: (drive-truck t2 l2-0 l2-1 c2)
8.057: (load-airplane p3 a0 l0-0)
7.505: (fly-airplane a0 l0-0 l2-0)
6.861: (unload-airplane p3 a0 l2-0)
5.901: (unload-airplane p1 a0 l2-0)
4.983: (drive-truck t2 l2-1 l2-0 c2)
3.954: (load-truck p3 t2 l2-0)
2.947: (drive-truck t2 l2-0 l2-1 c2)
2.934: (fly-airplane a0 l2-0 l0-0)
2.934: (drive-truck t0 l0-1 l0-0 c0)
2.944: (fly-airplane a0 l0-0 l1-0)
2.943: (drive-truck t0 l0-0 l0-1 c0)
3.948: (load-truck p0 t2 l2-1)
2.943: (unload-truck p3 t2 l2-1)
2.934: (fly-airplane a0 l1-0 l0-0)
2.934: (drive-truck t0 l0-1 l0-0 c0)
2.944: (fly-airplane a0 l0-0 l1-0)
2.948: (fly-airplane a0 l1-0 l2-0)
2.947: (drive-truck t0 l0-0 l0-1 c0)
3.928: (load-airplane p1 a0 l2-0)
3.309: (unload-truck p0 t2 l2-1)
3.004: (drive-truck t2 l2-1 l2-0 c2)
3.005: (drive-truck t0 l0-1 l0-0 c0)
3.310: (drive-truck t2 l2-0 l2-1 c2)
3.931: (load-truck p0 t2 l2-1)
4.721: (unload-truck p4 t1 l1-1)
4.102: (drive-truck t1 l1-1 l1-0 c1)
3.760: (unload-airplane p1 a0 l2-0)
3.278: (fly-airplane a0 l2-0 l0-0)
3.261: (drive-truck t0 l0-0 l0-1 c0)
3.756: (fly-airplane a0 l0-0 l2-0)
3.764: (fly-airplane a0 l2-0 l1-0)
3.768: (drive-truck t0 l0-1 l0-0 c0)
4.538: (drive-truck t1 l1-0 l1-1 c1)
4.008: (fly-airplane a0 l1-0 l0-0)
3.993: (drive-truck t0 l0-0 l0-1 c0)
4.482: (fly-airplane a0 l0-0 l2-0)
4.486: (drive-truck t0 l0-1 l0-0 c0)
5.569: (load-truck p3 t2 l2-1)
3.953: (load-truck p4 t1 l1-1)
2.948: (unload-truck p0 t2 l2-1)
3.931: (load-airplane p1 a0 l2-0)
3.928: (drive-truck t0 l0-0 l0-1 c0)
4.720: (unload-truck p4 t1 l1-1)
4.101: (drive-truck t1 l1-1 l1-0 c1)
3.756: (unload-airplane p1 a0 l2-0)
3.261: (fly-airplane a0 l2-0 l0-0)
3.278: (drive-truck t0 l0-1 l0-0 c0)
3.760: (fly-airplane a0 l0-0 l2-0)
3.768: (fly-airplane a0 l2-0 l1-0)
3.764: (drive-truck t0 l0-0 l0-1 c0)
4.535: (drive-truck t1 l1-0 l1-1 c1)
3.993: (fly-airplane a0 l1-0 l0-0)
4.008: (drive-truck t0 l0-1 l0-0 c0)
4.486: (fly-airplane a0 l0-0 l2-0)
4.482: (drive-truck t0 l0-0 l0-1 c0)
5.565: (load-truck p0 t2 l2-1)
3.952: (load-truck p4 t1 l1-1)
3.937: (fly-airplane a0 l2-0 l0-0)
3.937: (drive-truck t0 l0-1 l0-0 c0)
3.949: (fly-airplane a0 l0-0 l1-0)
5.000: (drive-truck t2 l2-1 l2-0 c2)
4.982: (fly-airplane a0 l1-0 l0-0)
4.982: (drive-truck t0 l0-0 l0-1 c0)
5.000: (fly-airplane a0 l0-0 l1-0)
5.003: (fly-airplane a0 l1-0 l2-0)
5.002: (drive-truck t0 l0-1 l0-0 c0)
5.976: (drive-truck t1 l1-1 l1-0 c1)
5.005: (drive-truck t2 l2-0 l2-1 c2)
4.001: (unload-truck p3 t2 l2-1)
3.982: (fly-airplane a0 l2-0 l0-0)
3.982: (drive-truck t0 l0-0 l0-1 c0)
3.999: (fly-airplane a0 l0-0 l1-0)
4.000: (fly-airplane a0 l1-0 l2-0)
4.960: (unload-truck p4 t1 l1-0)
4.941: (fly-airplane a0 l2-0 l0-0)
4.941: (drive-truck t0 l0-1 l0-0 c0)
4.961: (fly-airplane a0 l0-0 l2-0)
4.965: (fly-airplane a0 l2-0 l1-0)
4.000: (load-truck p4 t1 l1-0)
4.975: (drive-truck t2 l2-1 l2-0 c2)
3.952: (drive-truck t1 l1-0 l1-1 c1)
3.935: (fly-airplane a0 l1-0 l0-0)
3.935: (drive-truck t0 l0-0 l0-1 c0)
3.951: (fly-airplane a0 l0-0 l1-0)
3.954: (fly-airplane a0 l1-0 l2-0)
3.955: (drive-truck t0 l0-1 l0-0 c0)
4.976: (drive-truck t1 l1-1 l1-0 c1)
4.964: (fly-airplane a0 l2-0 l0-0)
4.965: (drive-truck t0 l0-0 l0-1 c0)
4.978: (fly-airplane a0 l0-0 l1-0)
4.978: (fly-airplane a0 l1-0 l2-0)
5.950: (unload-truck p4 t1 l1-0)
5.932: (fly-airplane a0 l2-0 l0-0)
5.932: (drive-truck t0 l0-1 l0-0 c0)
5.945: (fly-airplane a0 l0-0 l1-0)
5.947: (drive-truck t0 l0-0 l0-1 c0)
4.964: (drive-truck t2 l2-0 l2-1 c2)
5.945: (load-airplane p4 a0 l1-0)
5.948: (drive-truck t0 l0-1 l0-0 c0)
6.896: (fly-airplane a0 l1-0 l2-0)
5.966: (unload-airplane p4 a0 l2-0)
5.964: (drive-truck t0 l0-0 l0-1 c0)
5.967: (fly-airplane a0 l2-0 l1-0)
5.969: (fly-airplane a0 l1-0 l0-0)
5.969: (drive-truck t0 l0-1 l0-0 c0)
5.969: (fly-airplane a0 l0-0 l1-0)
6.917: (drive-truck t1 l1-0 l1-1 c1)
6.885: (fly-airplane a0 l1-0 l0-0)
6.885: (drive-truck t0 l0-0 l0-1 c0)
6.898: (fly-airplane a0 l0-0 l2-0)
6.901: (drive-truck t0 l0-1 l0-0 c0)
7.876: (load-airplane p4 a0 l2-0)
6.989: (fly-airplane a0 l2-0 l1-0)
6.024: (unload-airplane p4 a0 l1-0)
5.995: (fly-airplane a0 l1-0 l0-0)
5.995: (drive-truck t0 l0-0 l0-1 c0)
6.013: (fly-airplane a0 l0-0 l2-0)
6.015: (drive-truck t0 l0-1 l0-0 c0)
6.948: (drive-truck t2 l2-1 l2-0 c2)
5.949: (drive-truck t1 l1-1 l1-0 c1)
6.923: (unload-truck p2 t2 l2-0)
5.974: (load-truck p4 t1 l1-0)
5.799: (drive-truck t2 l2-0 l2-1 c2)
5.455: (unload-truck p0 t2 l2-1)
5.045: (fly-airplane a0 l2-0 l0-0)
5.089: (drive-truck t0 l0-0 l0-1 c0)
5.083: (drive-truck t2 l2-1 l2-0 c2)
4.979: (load-truck p1 t2 l2-0)
4.007: (load-truck p2 t2 l2-0)
2.989: (drive-truck t1 l1-0 l1-1 c1)
2.988: (fly-airplane a0 l0-0 l1-0)
2.992: (drive-truck t0 l0-1 l0-0 c0)
2.989: (fly-airplane a0 l1-0 l0-0)
2.998: (fly-airplane a0 l0-0 l2-0)
2.995: (drive-truck t0 l0-0 l0-1 c0)
3.931: (drive-truck t2 l2-0 l2-1 c2)
3.932: (fly-airplane a0 l2-0 l1-0)
3.932: (fly-airplane a0 l1-0 l0-0)
3.932: (drive-truck t0 l0-1 l0-0 c0)
3.934: (fly-airplane a0 l0-0 l2-0)
3.935: (fly-airplane a0 l2-0 l1-0)
4.317: (unload-truck p1 t2 l2-1)
4.314: (drive-truck t0 l0-0 l0-1 c0)
4.315: (fly-airplane a0 l1-0 l0-0)
4.315: (drive-truck t0 l0-1 l0-0 c0)
4.325: (fly-airplane a0 l0-0 l2-0)
4.322: (drive-truck t0 l0-0 l0-1 c0)
5.029: (unload-truck p4 t1 l1-1)
4.407: (drive-truck t1 l1-1 l1-0 c1)
4.027: (load-truck p1 t2 l2-1)
3.327: (drive-truck t2 l2-1 l2-0 c2)
3.149: (fly-airplane a0 l2-0 l0-0)
3.149: (drive-truck t0 l0-1 l0-0 c0)
3.311: (fly-airplane a0 l0-0 l1-0)
3.307: (drive-truck t0 l0-0 l0-1 c0)
4.029: (drive-truck t2 l2-0 l2-1 c2)
4.010: (fly-airplane a0 l1-0 l0-0)
4.010: (drive-truck t0 l0-1 l0-0 c0)
4.028: (fly-airplane a0 l0-0 l2-0)
3.332: (drive-truck t2 l2-1 l2-0 c2)
4.075: (drive-truck t1 l1-0 l1-1 c1)
3.766: (fly-airplane a0 l2-0 l0-0)
3.767: (drive-truck t0 l0-0 l0-1 c0)
4.071: (fly-airplane a0 l0-0 l2-0)
4.091: (fly-airplane a0 l2-0 l1-0)
4.095: (drive-truck t0 l0-1 l0-0 c0)
4.663: (drive-truck t2 l2-0 l2-1 c2)
4.029: (drive-truck t1 l1-1 l1-0 c1)
4.403: (unload-truck p1 t2 l2-1)
4.402: (drive-truck t0 l0-0 l0-1 c0)
4.402: (fly-airplane a0 l1-0 l0-0)
4.403: (drive-truck t0 l0-1 l0-0 c0)
4.407: (fly-airplane a0 l0-0 l2-0)
5.032: (drive-truck t1 l1-0 l1-1 c1)
4.633: (load-truck p1 t2 l2-1)
4.619: (fly-airplane a0 l2-0 l0-0)
4.620: (drive-truck t0 l0-0 l0-1 c0)
4.633: (fly-airplane a0 l0-0 l2-0)
4.663: (fly-airplane a0 l2-0 l1-0)
5.049: (unload-truck p1 t2 l2-1)
5.014: (fly-airplane a0 l1-0 l0-0)
5.014: (drive-truck t0 l0-1 l0-0 c0)
5.051: (fly-airplane a0 l0-0 l1-0)
7.458: (load-truck p3 t2 l2-1)
5.701: (load-truck p1 t2 l2-1)
4.946: (load-truck p4 t1 l1-1)
4.943: (drive-truck t0 l0-0 l0-1 c0)
4.942: (fly-airplane a0 l1-0 l2-0)
4.944: (fly-airplane a0 l2-0 l0-0)
4.943: (drive-truck t0 l0-1 l0-0 c0)
4.945: (fly-airplane a0 l0-0 l2-0)
5.004: (drive-truck t2 l2-1 l2-0 c2)
3.955: (unload-truck p1 t2 l2-0)
3.935: (fly-airplane a0 l2-0 l0-0)
3.935: (drive-truck t0 l0-0 l0-1 c0)
3.951: (fly-airplane a0 l0-0 l1-0)
3.952: (drive-truck t0 l0-1 l0-0 c0)
4.975: (drive-truck t1 l1-1 l1-0 c1)
4.000: (drive-truck t2 l2-0 l2-1 c2)
3.982: (fly-airplane a0 l1-0 l0-0)
3.982: (drive-truck t0 l0-0 l0-1 c0)
3.999: (fly-airplane a0 l0-0 l1-0)
4.000: (fly-airplane a0 l1-0 l2-0)
4.001: (drive-truck t0 l0-1 l0-0 c0)
4.961: (unload-truck p4 t1 l1-0)
4.941: (fly-airplane a0 l2-0 l0-0)
4.941: (drive-truck t0 l0-0 l0-1 c0)
4.960: (fly-airplane a0 l0-0 l2-0)
4.964: (fly-airplane a0 l2-0 l1-0)
4.965: (drive-truck t0 l0-1 l0-0 c0)
5.945: (drive-truck t2 l2-1 l2-0 c2)
5.932: (fly-airplane a0 l1-0 l0-0)
4.964: (load-truck p4 t1 l1-0)
4.965: (drive-truck t0 l0-0 l0-1 c0)
4.978: (fly-airplane a0 l0-0 l1-0)
4.978: (fly-airplane a0 l1-0 l2-0)
4.976: (drive-truck t0 l0-1 l0-0 c0)
5.949: (unload-truck p4 t1 l1-0)
5.950: (drive-truck t0 l0-0 l0-1 c0)
5.932: (fly-airplane a0 l2-0 l0-0)
5.947: (fly-airplane a0 l0-0 l1-0)
6.919: (load-airplane p4 a0 l1-0)
5.945: (drive-truck t2 l2-0 l2-1 c2)
5.948: (drive-truck t0 l0-1 l0-0 c0)
6.896: (fly-airplane a0 l1-0 l2-0)
5.966: (unload-airplane p4 a0 l2-0)
5.964: (drive-truck t0 l0-0 l0-1 c0)
5.967: (fly-airplane a0 l2-0 l1-0)
5.969: (fly-airplane a0 l1-0 l0-0)
5.969: (drive-truck t0 l0-1 l0-0 c0)
5.969: (fly-airplane a0 l0-0 l1-0)
6.917: (drive-truck t1 l1-0 l1-1 c1)
6.885: (fly-airplane a0 l1-0 l0-0)
6.885: (drive-truck t0 l0-0 l0-1 c0)
6.898: (fly-airplane a0 l0-0 l2-0)
6.901: (drive-truck t0 l0-1 l0-0 c0)
7.876: (load-airplane p4 a0 l2-0)
6.989: (fly-airplane a0 l2-0 l1-0)
6.024: (unload-airplane p4 a0 l1-0)
5.995: (fly-airplane a0 l1-0 l0-0)
5.995: (drive-truck t0 l0-0 l0-1 c0)
6.013: (fly-airplane a0 l0-0 l2-0)
6.015: (drive-truck t0 l0-1 l0-0 c0)
6.948: (drive-truck t2 l2-1 l2-0 c2)
6.932: (fly-airplane a0 l2-0 l0-0)
6.933: (drive-truck t0 l0-0 l0-1 c0)
6.950: (fly-airplane a0 l0-0 l2-0)
6.952: (fly-airplane a0 l2-0 l1-0)
6.023: (drive-truck t2 l2-0 l2-1 c2)
6.988: (load-airplane p4 a0 l1-0)
7.875: (fly-airplane a0 l1-0 l2-0)
6.895: (drive-truck t1 l1-1 l1-0 c1)
6.982: (fly-airplane a0 l2-0 l0-0)
6.990: (drive-truck t0 l0-1 l0-0 c0)
7.386: (unload-airplane p4 a0 l0-0)
7.375: (drive-truck t0 l0-0 l0-1 c0)
8.325: (fly-airplane a0 l0-0 l2-0)
8.330: (fly-airplane a0 l2-0 l1-0)
8.342: (drive-truck t0 l0-1 l0-0 c0)
8.336: (fly-airplane a0 l1-0 l2-0)
8.556: (load-airplane p1 a0 l2-0)
7.345: (fly-airplane a0 l2-0 l0-0)
6.500: (unload-truck p3 t2 l2-1)
6.597: (drive-truck t2 l2-1 l2-0 c2)
6.930: (fly-airplane a0 l0-0 l1-0)
6.916: (drive-truck t0 l0-0 l0-1 c0)
7.056: (fly-airplane a0 l1-0 l0-0)
6.635: (drive-truck t2 l2-0 l2-1 c2)
7.126: (fly-airplane a0 l0-0 l1-0)
7.133: (drive-truck t0 l0-1 l0-0 c0)
7.769: (load-truck p4 t0 l0-0)
7.391: (fly-airplane a0 l1-0 l0-0)
7.813: (drive-truck t2 l2-1 l2-0 c2)
7.564: (fly-airplane a0 l0-0 l1-0)
8.546: (drive-truck t0 l0-0 l0-1 c0)
8.106: (drive-truck t2 l2-0 l2-1 c2)
8.959: (load-truck p0 t2 l2-1)
8.620: (drive-truck t0 l0-1 l0-0 c0)
7.848: (fly-airplane a0 l1-0 l0-0)
7.345: (unload-truck p4 t0 l0-0)
7.405: (drive-truck t0 l0-0 l0-1 c0)
7.968: (fly-airplane a0 l0-0 l1-0)
7.978: (drive-truck t0 l0-1 l0-0 c0)
8.556: (fly-airplane a0 l1-0 l2-0)
8.336: (unload-airplane p1 a0 l2-0)
7.386: (fly-airplane a0 l2-0 l0-0)
6.990: (load-airplane p4 a0 l0-0)
6.982: (drive-truck t0 l0-0 l0-1 c0)
6.895: (fly-airplane a0 l0-0 l2-0)
7.252: (load-airplane p1 a0 l2-0)
6.867: (unload-truck p0 t2 l2-1)
6.217: (drive-truck t2 l2-1 l2-0 c2)
5.990: (unload-airplane p4 a0 l2-0)
4.622: (load-truck p4 t2 l2-0)
4.092: (fly-airplane a0 l2-0 l1-0)
4.094: (drive-truck t0 l0-1 l0-0 c0)
4.237: (drive-truck t2 l2-0 l2-1 c2)
4.233: (drive-truck t0 l0-0 l0-1 c0)
5.034: (fly-airplane a0 l1-0 l2-0)
5.037: (drive-truck t0 l0-1 l0-0 c0)
4.626: (drive-truck t2 l2-1 l2-0 c2)
5.120: (fly-airplane a0 l2-0 l0-0)
5.114: (drive-truck t0 l0-0 l0-1 c0)
5.258: (drive-truck t2 l2-0 l2-1 c2)
5.270: (drive-truck t0 l0-1 l0-0 c0)
6.142: (load-truck p0 t2 l2-1)
5.131: (fly-airplane a0 l0-0 l1-0)
5.126: (drive-truck t0 l0-0 l0-1 c0)
5.179: (fly-airplane a0 l1-0 l2-0)
4.968: (unload-airplane p1 a0 l2-0)
4.480: (fly-airplane a0 l2-0 l0-0)
4.495: (drive-truck t0 l0-1 l0-0 c0)
4.972: (fly-airplane a0 l0-0 l2-0)
4.979: (fly-airplane a0 l2-0 l1-0)
4.975: (drive-truck t0 l0-0 l0-1 c0)
5.945: (drive-truck t1 l1-0 l1-1 c1)
5.451: (fly-airplane a0 l1-0 l0-0)
5.466: (drive-truck t0 l0-1 l0-0 c0)
5.944: (fly-airplane a0 l0-0 l2-0)
5.940: (drive-truck t0 l0-0 l0-1 c0)
6.145: (load-airplane p1 a0 l2-0)
6.008: (unload-truck p0 t2 l2-1)
5.213: (fly-airplane a0 l2-0 l1-0)
5.080: (drive-truck t2 l2-1 l2-0 c2)
5.080: (drive-truck t0 l0-1 l0-0 c0)
5.214: (drive-truck t2 l2-0 l2-1 c2)
6.011: (fly-airplane a0 l1-0 l2-0)
5.569: (drive-truck t2 l2-1 l2-0 c2)
5.565: (drive-truck t0 l0-0 l0-1 c0)
6.043: (fly-airplane a0 l2-0 l0-0)
6.048: (drive-truck t0 l0-1 l0-0 c0)
6.210: (drive-truck t2 l2-0 l2-1 c2)
6.198: (drive-truck t0 l0-0 l0-1 c0)
7.072: (load-truck p3 t2 l2-1)
6.110: (fly-airplane a0 l0-0 l1-0)
5.126: (drive-truck t1 l1-1 l1-0 c1)
5.131: (drive-truck t0 l0-1 l0-0 c0)
5.182: (fly-airplane a0 l1-0 l2-0)
4.972: (unload-airplane p1 a0 l2-0)
4.495: (fly-airplane a0 l2-0 l0-0)
4.480: (drive-truck t0 l0-0 l0-1 c0)
4.968: (fly-airplane a0 l0-0 l2-0)
4.975: (fly-airplane a0 l2-0 l1-0)
4.979: (drive-truck t0 l0-1 l0-0 c0)
5.949: (drive-truck t1 l1-0 l1-1 c1)
5.466: (fly-airplane a0 l1-0 l0-0)
5.451: (drive-truck t0 l0-0 l0-1 c0)
5.940: (fly-airplane a0 l0-0 l2-0)
5.944: (drive-truck t0 l0-1 l0-0 c0)
6.149: (load-airplane p1 a0 l2-0)
6.112: (fly-airplane a0 l2-0 l1-0)
7.074: (unload-airplane p1 a0 l1-0)
6.095: (drive-truck t1 l1-1 l1-0 c1)
5.184: (unload-truck p3 t2 l2-1)
4.898: (load-truck p1 t1 l1-0)
4.136: (drive-truck t1 l1-0 l1-1 c1)
4.134: (drive-truck t0 l0-0 l0-1 c0)
4.137: (fly-airplane a0 l1-0 l2-0)
4.137: (fly-airplane a0 l2-0 l0-0)
4.137: (drive-truck t0 l0-1 l0-0 c0)
4.140: (fly-airplane a0 l0-0 l2-0)
4.908: (drive-truck t1 l1-1 l1-0 c1)
4.904: (fly-airplane a0 l2-0 l0-0)
4.904: (drive-truck t0 l0-0 l0-1 c0)
4.897: (fly-airplane a0 l0-0 l1-0)
4.910: (fly-airplane a0 l1-0 l2-0)
5.040: (drive-truck t2 l2-1 l2-0 c2)
5.022: (drive-truck t1 l1-0 l1-1 c1)
5.006: (fly-airplane a0 l2-0 l0-0)
5.006: (drive-truck t0 l0-1 l0-0 c0)
5.014: (fly-airplane a0 l0-0 l1-0)
5.013: (drive-truck t0 l0-0 l0-1 c0)
5.036: (drive-truck t1 l1-1 l1-0 c1)
5.031: (fly-airplane a0 l1-0 l0-0)
5.031: (drive-truck t0 l0-1 l0-0 c0)
5.038: (fly-airplane a0 l0-0 l1-0)
5.041: (fly-airplane a0 l1-0 l2-0)
5.023: (drive-truck t1 l1-0 l1-1 c1)
6.529: (unload-truck p2 t2 l2-0)
6.014: (drive-truck t1 l1-1 l1-0 c1)
5.963: (drive-truck t2 l2-0 l2-1 c2)
5.943: (fly-airplane a0 l2-0 l0-0)
5.943: (drive-truck t0 l0-0 l0-1 c0)
5.950: (fly-airplane a0 l0-0 l1-0)
5.951: (drive-truck t0 l0-1 l0-0 c0)
6.010: (drive-truck t2 l2-1 l2-0 c2)
5.994: (fly-airplane a0 l1-0 l0-0)
5.994: (drive-truck t0 l0-0 l0-1 c0)
6.009: (fly-airplane a0 l0-0 l1-0)
6.013: (fly-airplane a0 l1-0 l2-0)
5.962: (drive-truck t2 l2-0 l2-1 c2)
6.218: (unload-truck p1 t1 l1-0)
6.091: (drive-truck t2 l2-1 l2-0 c2)
5.138: (load-truck p2 t2 l2-0)
5.136: (fly-airplane a0 l2-0 l0-0)
5.136: (drive-truck t0 l0-1 l0-0 c0)
5.141: (fly-airplane a0 l0-0 l2-0)
5.142: (fly-airplane a0 l2-0 l1-0)
5.139: (drive-truck t0 l0-0 l0-1 c0)
5.185: (drive-truck t2 l2-0 l2-1 c2)
5.183: (fly-airplane a0 l1-0 l0-0)
5.182: (drive-truck t0 l0-1 l0-0 c0)
5.190: (fly-airplane a0 l0-0 l2-0)
5.191: (drive-truck t0 l0-0 l0-1 c0)
6.091: (load-truck p3 t2 l2-1)
5.804: (load-truck p1 t1 l1-0)
4.936: (drive-truck t1 l1-0 l1-1 c1)
4.937: (fly-airplane a0 l2-0 l1-0)
4.940: (drive-truck t0 l0-1 l0-0 c0)
4.939: (fly-airplane a0 l1-0 l2-0)
4.940: (fly-airplane a0 l2-0 l0-0)
4.941: (drive-truck t0 l0-0 l0-1 c0)
5.807: (drive-truck t1 l1-1 l1-0 c1)
5.804: (fly-airplane a0 l0-0 l1-0)
5.807: (drive-truck t0 l0-1 l0-0 c0)
5.807: (fly-airplane a0 l1-0 l2-0)
5.807: (fly-airplane a0 l2-0 l0-0)
6.088: (unload-truck p1 t1 l1-0)
6.088: (drive-truck t0 l0-0 l0-1 c0)
6.094: (fly-airplane a0 l0-0 l1-0)
7.069: (load-truck p0 t2 l2-1)
6.094: (unload-truck p3 t2 l2-1)
5.804: (load-truck p1 t1 l1-0)
4.937: (drive-truck t1 l1-0 l1-1 c1)
4.936: (fly-airplane a0 l1-0 l2-0)
4.939: (drive-truck t0 l0-1 l0-0 c0)
4.940: (fly-airplane a0 l2-0 l1-0)
4.940: (fly-airplane a0 l1-0 l0-0)
4.941: (drive-truck t0 l0-0 l0-1 c0)
5.807: (drive-truck t1 l1-1 l1-0 c1)
5.804: (fly-airplane a0 l0-0 l2-0)
5.807: (drive-truck t0 l0-1 l0-0 c0)
5.807: (fly-airplane a0 l2-0 l1-0)
5.807: (fly-airplane a0 l1-0 l0-0)
6.088: (unload-truck p1 t1 l1-0)
6.088: (drive-truck t0 l0-0 l0-1 c0)
6.091: (fly-airplane a0 l0-0 l2-0)
6.093: (drive-truck t0 l0-1 l0-0 c0)
6.095: (fly-airplane a0 l2-0 l1-0)
7.069: (load-truck p3 t2 l2-1)
6.107: (load-airplane p1 a0 l1-0)
6.099: (drive-truck t0 l0-0 l0-1 c0)
6.283: (fly-airplane a0 l1-0 l2-0)
5.179: (unload-truck p0 t2 l2-1)
6.135: (fly-airplane a0 l2-0 l0-0)
6.142: (drive-truck t0 l0-1 l0-0 c0)
7.080: (drive-truck t1 l1-0 l1-1 c1)
8.069: (load-truck p0 t2 l2-1)
7.080: (unload-truck p3 t2 l2-1)
6.112: (fly-airplane a0 l0-0 l1-0)
6.110: (drive-truck t0 l0-0 l0-1 c0)
7.068: (drive-truck t2 l2-1 l2-0 c2)
6.079: (drive-truck t1 l1-1 l1-0 c1)
6.089: (drive-truck t0 l0-1 l0-0 c0)
7.044: (unload-truck p4 t2 l2-0)
6.045: (drive-truck t2 l2-0 l2-1 c2)
5.236: (unload-truck p0 t2 l2-1)
5.210: (drive-truck t2 l2-1 l2-0 c2)
5.209: (drive-truck t0 l0-0 l0-1 c0)
5.235: (drive-truck t2 l2-0 l2-1 c2)
6.042: (load-truck p3 t2 l2-1)
6.045: (drive-truck t0 l0-1 l0-0 c0)
7.042: (drive-truck t1 l1-0 l1-1 c1)
6.240: (unload-truck p3 t2 l2-1)
6.185: (drive-truck t2 l2-1 l2-0 c2)
6.185: (drive-truck t0 l0-0 l0-1 c0)
6.240: (drive-truck t2 l2-0 l2-1 c2)
7.041: (load-truck p3 t2 l2-1)
8.001: (fly-airplane a0 l1-0 l0-0)
7.083: (drive-truck t1 l1-1 l1-0 c1)
6.279: (unload-truck p3 t2 l2-1)
6.218: (drive-truck t2 l2-1 l2-0 c2)
6.228: (drive-truck t0 l0-1 l0-0 c0)
5.994: (fly-airplane a0 l0-0 l2-0)
6.220: (load-airplane p4 a0 l2-0)
6.004: (fly-airplane a0 l2-0 l1-0)
5.039: (unload-airplane p4 a0 l1-0)
4.050: (load-truck p4 t1 l1-0)
3.787: (drive-truck t1 l1-0 l1-1 c1)
3.784: (drive-truck t0 l0-0 l0-1 c0)
3.880: (fly-airplane a0 l1-0 l0-0)
3.877: (drive-truck t0 l0-1 l0-0 c0)
4.167: (drive-truck t2 l2-0 l2-1 c2)
4.081: (fly-airplane a0 l0-0 l1-0)
4.071: (drive-truck t0 l0-0 l0-1 c0)
4.169: (fly-airplane a0 l1-0 l0-0)
4.854: (unload-truck p4 t1 l1-1)
4.178: (fly-airplane a0 l0-0 l1-0)
3.224: (drive-truck t1 l1-1 l1-0 c1)
3.000: (drive-truck t2 l2-1 l2-0 c2)
3.002: (drive-truck t0 l0-1 l0-0 c0)
3.226: (drive-truck t2 l2-0 l2-1 c2)
3.852: (fly-airplane a0 l1-0 l2-0)
3.377: (drive-truck t2 l2-1 l2-0 c2)
3.373: (drive-truck t0 l0-0 l0-1 c0)
3.848: (drive-truck t2 l2-0 l2-1 c2)
4.101: (load-truck p0 t2 l2-1)
4.075: (fly-airplane a0 l2-0 l1-0)
4.078: (drive-truck t0 l0-1 l0-0 c0)
5.008: (drive-truck t2 l2-1 l2-0 c2)
5.002: (drive-truck t0 l0-0 l0-1 c0)
5.905: (fly-airplane a0 l1-0 l2-0)
4.966: (unload-airplane p1 a0 l2-0)
4.488: (fly-airplane a0 l2-0 l0-0)
4.503: (drive-truck t0 l0-1 l0-0 c0)
4.970: (fly-airplane a0 l0-0 l2-0)
4.990: (fly-airplane a0 l2-0 l1-0)
4.986: (drive-truck t0 l0-0 l0-1 c0)
5.758: (drive-truck t1 l1-0 l1-1 c1)
4.535: (drive-truck t2 l2-0 l2-1 c2)
5.609: (load-truck p3 t2 l2-1)
4.847: (drive-truck t1 l1-1 l1-0 c1)
4.355: (fly-airplane a0 l1-0 l0-0)
4.370: (drive-truck t0 l0-1 l0-0 c0)
4.846: (fly-airplane a0 l0-0 l2-0)
4.841: (drive-truck t0 l0-0 l0-1 c0)
5.107: (load-airplane p1 a0 l2-0)
5.079: (fly-airplane a0 l2-0 l1-0)
4.075: (unload-truck p0 t2 l2-1)
4.078: (drive-truck t0 l0-1 l0-0 c0)
4.102: (fly-airplane a0 l1-0 l2-0)
4.721: (drive-truck t1 l1-0 l1-1 c1)
4.584: (unload-truck p3 t2 l2-1)
4.118: (drive-truck t2 l2-1 l2-0 c2)
3.955: (fly-airplane a0 l2-0 l1-0)
3.955: (drive-truck t0 l0-0 l0-1 c0)
4.114: (fly-airplane a0 l1-0 l2-0)
4.580: (drive-truck t2 l2-0 l2-1 c2)
4.720: (load-truck p0 t2 l2-1)
5.029: (fly-airplane a0 l2-0 l1-0)
4.843: (load-truck p4 t1 l1-1)
4.846: (drive-truck t0 l0-1 l0-0 c0)
4.930: (fly-airplane a0 l1-0 l0-0)
4.933: (drive-truck t0 l0-0 l0-1 c0)
5.704: (unload-truck p4 t1 l1-1)
5.097: (drive-truck t1 l1-1 l1-0 c1)
4.250: (unload-truck p0 t2 l2-1)
4.048: (drive-truck t2 l2-1 l2-0 c2)
4.052: (drive-truck t0 l0-1 l0-0 c0)
4.259: (drive-truck t2 l2-0 l2-1 c2)
4.866: (drive-truck t1 l1-0 l1-1 c1)
4.178: (fly-airplane a0 l0-0 l1-0)
5.031: (load-truck p3 t2 l2-1)
4.846: (load-truck p4 t1 l1-1)
4.843: (drive-truck t0 l0-0 l0-1 c0)
4.933: (fly-airplane a0 l1-0 l0-0)
4.930: (drive-truck t0 l0-1 l0-0 c0)
5.711: (unload-truck p4 t1 l1-1)
5.102: (drive-truck t1 l1-1 l1-0 c1)
5.097: (drive-truck t0 l0-0 l0-1 c0)
5.704: (drive-truck t1 l1-0 l1-1 c1)
5.029: (fly-airplane a0 l0-0 l1-0)
5.979: (drive-truck t2 l2-1 l2-0 c2)
5.002: (drive-truck t1 l1-1 l1-0 c1)
5.008: (drive-truck t0 l0-1 l0-0 c0)
5.909: (fly-airplane a0 l1-0 l2-0)
4.970: (unload-airplane p1 a0 l2-0)
4.503: (fly-airplane a0 l2-0 l0-0)
4.488: (drive-truck t0 l0-0 l0-1 c0)
4.966: (fly-airplane a0 l0-0 l2-0)
4.986: (fly-airplane a0 l2-0 l1-0)
4.990: (drive-truck t0 l0-1 l0-0 c0)
5.761: (drive-truck t1 l1-0 l1-1 c1)
4.538: (drive-truck t2 l2-0 l2-1 c2)
5.614: (load-truck p0 t2 l2-1)
4.851: (drive-truck t1 l1-1 l1-0 c1)
6.216: (drive-truck t2 l2-1 l2-0 c2)
5.733: (fly-airplane a0 l1-0 l0-0)
5.719: (drive-truck t0 l0-0 l0-1 c0)
6.194: (fly-airplane a0 l0-0 l2-0)
6.197: (drive-truck t0 l0-1 l0-0 c0)
6.922: (drive-truck t1 l1-0 l1-1 c1)
6.458: (fly-airplane a0 l2-0 l0-0)
5.096: (drive-truck t2 l2-0 l2-1 c2)
5.082: (drive-truck t0 l0-0 l0-1 c0)
6.444: (drive-truck t2 l2-1 l2-0 c2)
6.917: (fly-airplane a0 l0-0 l2-0)
6.974: (fly-airplane a0 l2-0 l1-0)
6.212: (drive-truck t1 l1-1 l1-0 c1)
7.138: (load-truck p1 t2 l2-0)
6.083: (drive-truck t2 l2-0 l2-1 c2)
5.058: (unload-truck p0 t2 l2-1)
5.042: (fly-airplane a0 l1-0 l0-0)
5.041: (drive-truck t0 l0-1 l0-0 c0)
5.057: (fly-airplane a0 l0-0 l2-0)
5.057: (drive-truck t0 l0-0 l0-1 c0)
5.672: (drive-truck t1 l1-0 l1-1 c1)
5.657: (fly-airplane a0 l2-0 l0-0)
5.657: (drive-truck t0 l0-1 l0-0 c0)
5.672: (fly-airplane a0 l0-0 l2-0)
6.617: (drive-truck t2 l2-1 l2-0 c2)
5.697: (unload-truck p1 t2 l2-0)
5.230: (fly-airplane a0 l2-0 l0-0)
5.216: (drive-truck t0 l0-0 l0-1 c0)
5.694: (fly-airplane a0 l0-0 l2-0)
5.758: (fly-airplane a0 l2-0 l1-0)
6.642: (load-truck p1 t2 l2-0)
4.997: (load-truck p4 t1 l1-1)
4.997: (fly-airplane a0 l1-0 l0-0)
4.997: (drive-truck t0 l0-1 l0-0 c0)
5.000: (fly-airplane a0 l0-0 l1-0)
5.994: (unload-truck p3 t2 l2-0)
4.990: (unload-truck p1 t2 l2-0)
4.975: (fly-airplane a0 l1-0 l0-0)
4.974: (drive-truck t0 l0-0 l0-1 c0)
4.989: (fly-airplane a0 l0-0 l1-0)
5.896: (drive-truck t2 l2-0 l2-1 c2)
5.882: (fly-airplane a0 l1-0 l0-0)
5.882: (drive-truck t0 l0-1 l0-0 c0)
5.898: (fly-airplane a0 l0-0 l1-0)
5.902: (fly-airplane a0 l1-0 l2-0)
4.984: (drive-truck t2 l2-1 l2-0 c2)
5.978: (load-airplane p3 a0 l2-0)
5.977: (drive-truck t0 l0-0 l0-1 c0)
6.741: (fly-airplane a0 l2-0 l1-0)
5.803: (unload-airplane p3 a0 l1-0)
5.796: (fly-airplane a0 l1-0 l0-0)
5.796: (drive-truck t0 l0-1 l0-0 c0)
5.804: (fly-airplane a0 l0-0 l2-0)
5.802: (drive-truck t0 l0-0 l0-1 c0)
5.952: (unload-truck p4 t1 l1-1)
4.955: (drive-truck t1 l1-1 l1-0 c1)
3.953: (load-truck p3 t1 l1-0)
2.972: (drive-truck t1 l1-0 l1-1 c1)
1.949: (drive-truck t2 l2-0 l2-1 c2)
1.936: (fly-airplane a0 l2-0 l0-0)
1.936: (drive-truck t0 l0-1 l0-0 c0)
1.946: (fly-airplane a0 l0-0 l1-0)
1.945: (drive-truck t0 l0-0 l0-1 c0)
2.943: (load-truck p4 t1 l1-1)
2.934: (fly-airplane a0 l1-0 l0-0)
2.934: (drive-truck t0 l0-1 l0-0 c0)
2.944: (fly-airplane a0 l0-0 l1-0)
2.948: (fly-airplane a0 l1-0 l2-0)
1.950: (unload-truck p4 t1 l1-1)
2.933: (load-airplane p1 a0 l2-0)
2.930: (drive-truck t0 l0-0 l0-1 c0)
3.840: (fly-airplane a0 l2-0 l1-0)
3.843: (drive-truck t0 l0-1 l0-0 c0)
3.932: (fly-airplane a0 l1-0 l0-0)
3.934: (drive-truck t0 l0-0 l0-1 c0)
4.896: (drive-truck t2 l2-1 l2-0 c2)
4.025: (fly-airplane a0 l0-0 l2-0)
4.026: (drive-truck t0 l0-1 l0-0 c0)
2.973: (unload-airplane p1 a0 l2-0)
2.956: (fly-airplane a0 l2-0 l0-0)
2.956: (drive-truck t0 l0-0 l0-1 c0)
2.969: (fly-airplane a0 l0-0 l1-0)
2.970: (drive-truck t0 l0-1 l0-0 c0)
3.948: (drive-truck t1 l1-1 l1-0 c1)
3.004: (drive-truck t2 l2-0 l2-1 c2)
3.003: (drive-truck t0 l0-0 l0-1 c0)
3.008: (fly-airplane a0 l1-0 l0-0)
3.008: (drive-truck t0 l0-1 l0-0 c0)
3.028: (fly-airplane a0 l0-0 l2-0)
3.027: (drive-truck t0 l0-0 l0-1 c0)
3.999: (load-airplane p1 a0 l2-0)
4.000: (drive-truck t0 l0-1 l0-0 c0)
4.113: (fly-airplane a0 l2-0 l1-0)
4.110: (drive-truck t0 l0-0 l0-1 c0)
4.968: (drive-truck t2 l2-1 l2-0 c2)
4.798: (drive-truck t1 l1-0 l1-1 c1)
4.799: (drive-truck t0 l0-1 l0-0 c0)
4.900: (fly-airplane a0 l1-0 l0-0)
5.827: (drive-truck t1 l1-1 l1-0 c1)
4.958: (fly-airplane a0 l0-0 l2-0)
3.954: (unload-airplane p1 a0 l2-0)
3.936: (fly-airplane a0 l2-0 l0-0)
3.936: (drive-truck t0 l0-0 l0-1 c0)
3.947: (fly-airplane a0 l0-0 l1-0)
4.948: (load-truck p1 t2 l2-0)
4.011: (drive-truck t1 l1-0 l1-1 c1)
3.930: (drive-truck t2 l2-0 l2-1 c2)
3.929: (fly-airplane a0 l1-0 l2-0)
3.931: (fly-airplane a0 l2-0 l0-0)
3.931: (drive-truck t0 l0-1 l0-0 c0)
3.932: (fly-airplane a0 l0-0 l2-0)
3.933: (fly-airplane a0 l2-0 l1-0)
4.012: (drive-truck t2 l2-1 l2-0 c2)
4.003: (fly-airplane a0 l1-0 l0-0)
4.003: (drive-truck t0 l0-0 l0-1 c0)
4.019: (fly-airplane a0 l0-0 l2-0)
4.020: (drive-truck t0 l0-1 l0-0 c0)
4.959: (drive-truck t1 l1-1 l1-0 c1)
4.906: (drive-truck t2 l2-0 l2-1 c2)
4.898: (fly-airplane a0 l2-0 l1-0)
4.895: (drive-truck t0 l0-0 l0-1 c0)
4.904: (fly-airplane a0 l1-0 l2-0)
4.904: (fly-airplane a0 l2-0 l0-0)
4.904: (drive-truck t0 l0-1 l0-0 c0)
4.937: (drive-truck t2 l2-1 l2-0 c2)
4.937: (drive-truck t0 l0-0 l0-1 c0)
4.958: (fly-airplane a0 l0-0 l2-0)
5.962: (unload-truck p3 t1 l1-0)
5.949: (fly-airplane a0 l2-0 l0-0)
4.935: (unload-truck p1 t2 l2-0)
4.935: (drive-truck t0 l0-1 l0-0 c0)
4.950: (fly-airplane a0 l0-0 l1-0)
4.950: (drive-truck t0 l0-0 l0-1 c0)
5.606: (drive-truck t2 l2-0 l2-1 c2)
5.186: (fly-airplane a0 l1-0 l0-0)
5.199: (drive-truck t0 l0-1 l0-0 c0)
5.610: (fly-airplane a0 l0-0 l1-0)
5.685: (fly-airplane a0 l1-0 l2-0)
4.955: (drive-truck t2 l2-1 l2-0 c2)
5.954: (drive-truck t1 l1-0 l1-1 c1)
5.936: (fly-airplane a0 l2-0 l0-0)
5.935: (drive-truck t0 l0-0 l0-1 c0)
5.972: (fly-airplane a0 l0-0 l1-0)
5.973: (drive-truck t0 l0-1 l0-0 c0)
5.805: (load-truck p4 t1 l1-1)
6.004: (drive-truck t1 l1-1 l1-0 c1)
4.970: (load-truck p3 t1 l1-0)
3.970: (drive-truck t1 l1-0 l1-1 c1)
3.955: (fly-airplane a0 l1-0 l0-0)
3.955: (drive-truck t0 l0-0 l0-1 c0)
3.969: (fly-airplane a0 l0-0 l1-0)
3.972: (fly-airplane a0 l1-0 l2-0)
2.947: (drive-truck t2 l2-0 l2-1 c2)
3.929: (load-airplane p1 a0 l2-0)
3.932: (drive-truck t0 l0-1 l0-0 c0)
4.846: (fly-airplane a0 l2-0 l1-0)
4.844: (drive-truck t0 l0-0 l0-1 c0)
4.933: (fly-airplane a0 l1-0 l0-0)
4.930: (drive-truck t0 l0-1 l0-0 c0)
5.857: (drive-truck t2 l2-1 l2-0 c2)
4.984: (fly-airplane a0 l0-0 l2-0)
3.973: (unload-airplane p1 a0 l2-0)
4.967: (drive-truck t1 l1-1 l1-0 c1)
4.045: (drive-truck t2 l2-0 l2-1 c2)
4.027: (fly-airplane a0 l2-0 l0-0)
4.026: (drive-truck t0 l0-0 l0-1 c0)
4.032: (fly-airplane a0 l0-0 l1-0)
4.034: (drive-truck t0 l0-1 l0-0 c0)
5.012: (unload-truck p4 t1 l1-0)
5.011: (drive-truck t0 l0-0 l0-1 c0)
5.066: (fly-airplane a0 l1-0 l0-0)
5.067: (drive-truck t0 l0-1 l0-0 c0)
5.086: (fly-airplane a0 l0-0 l2-0)
5.085: (drive-truck t0 l0-0 l0-1 c0)
4.044: (load-truck p4 t1 l1-0)
4.969: (drive-truck t2 l2-1 l2-0 c2)
4.957: (fly-airplane a0 l2-0 l0-0)
4.956: (drive-truck t0 l0-1 l0-0 c0)
5.927: (unload-truck p2 t2 l2-0)
5.928: (drive-truck t0 l0-0 l0-1 c0)
5.939: (fly-airplane a0 l0-0 l2-0)
5.936: (drive-truck t0 l0-1 l0-0 c0)
5.941: (fly-airplane a0 l2-0 l1-0)
5.943: (drive-truck t0 l0-0 l0-1 c0)
4.973: (load-truck p2 t2 l2-0)
5.973: (unload-truck p4 t1 l1-0)
5.973: (drive-truck t0 l0-1 l0-0 c0)
6.019: (fly-airplane a0 l1-0 l0-0)
6.018: (drive-truck t0 l0-0 l0-1 c0)
6.035: (fly-airplane a0 l0-0 l2-0)
6.034: (drive-truck t0 l0-1 l0-0 c0)
6.966: (drive-truck t1 l1-0 l1-1 c1)
5.972: (drive-truck t2 l2-0 l2-1 c2)
5.952: (fly-airplane a0 l2-0 l0-0)
5.952: (drive-truck t0 l0-0 l0-1 c0)
5.971: (fly-airplane a0 l0-0 l2-0)
5.977: (fly-airplane a0 l2-0 l1-0)
5.978: (drive-truck t0 l0-1 l0-0 c0)
6.939: (load-airplane p4 a0 l1-0)
6.005: (drive-truck t1 l1-1 l1-0 c1)
6.004: (drive-truck t0 l0-0 l0-1 c0)
6.782: (fly-airplane a0 l1-0 l2-0)
5.860: (unload-airplane p4 a0 l2-0)
5.839: (fly-airplane a0 l2-0 l0-0)
5.840: (drive-truck t0 l0-1 l0-0 c0)
5.846: (fly-airplane a0 l0-0 l1-0)
5.843: (drive-truck t0 l0-0 l0-1 c0)
5.989: (drive-truck t2 l2-1 l2-0 c2)
4.978: (load-truck p4 t2 l2-0)
3.970: (drive-truck t1 l1-0 l1-1 c1)
2.944: (drive-truck t2 l2-0 l2-1 c2)
2.935: (fly-airplane a0 l1-0 l0-0)
2.935: (drive-truck t0 l0-1 l0-0 c0)
2.945: (fly-airplane a0 l0-0 l1-0)
2.949: (fly-airplane a0 l1-0 l2-0)
2.948: (drive-truck t0 l0-0 l0-1 c0)
3.929: (load-airplane p1 a0 l2-0)
3.932: (drive-truck t0 l0-1 l0-0 c0)
4.847: (fly-airplane a0 l2-0 l1-0)
4.844: (drive-truck t0 l0-0 l0-1 c0)
4.934: (fly-airplane a0 l1-0 l0-0)
4.931: (drive-truck t0 l0-1 l0-0 c0)
5.938: (load-truck p0 t2 l2-1)
4.935: (fly-airplane a0 l0-0 l2-0)
3.953: (unload-airplane p1 a0 l2-0)
3.937: (fly-airplane a0 l2-0 l0-0)
3.937: (drive-truck t0 l0-0 l0-1 c0)
3.948: (fly-airplane a0 l0-0 l1-0)
3.949: (drive-truck t0 l0-1 l0-0 c0)
5.011: (drive-truck t2 l2-1 l2-0 c2)
4.993: (fly-airplane a0 l1-0 l0-0)
4.993: (drive-truck t0 l0-0 l0-1 c0)
5.011: (fly-airplane a0 l0-0 l1-0)
5.014: (fly-airplane a0 l1-0 l2-0)
3.952: (drive-truck t2 l2-0 l2-1 c2)
4.932: (load-airplane p1 a0 l2-0)
5.854: (fly-airplane a0 l2-0 l1-0)
5.856: (drive-truck t0 l0-1 l0-0 c0)
6.118: (drive-truck t1 l1-1 l1-0 c1)
5.155: (unload-truck p0 t2 l2-1)
5.044: (fly-airplane a0 l1-0 l2-0)
4.071: (unload-airplane p1 a0 l2-0)
4.052: (fly-airplane a0 l2-0 l0-0)
4.052: (drive-truck t0 l0-0 l0-1 c0)
4.055: (fly-airplane a0 l0-0 l1-0)
4.056: (drive-truck t0 l0-1 l0-0 c0)
4.976: (drive-truck t2 l2-1 l2-0 c2)
3.971: (drive-truck t1 l1-0 l1-1 c1)
3.955: (fly-airplane a0 l1-0 l0-0)
3.955: (drive-truck t0 l0-0 l0-1 c0)
3.973: (fly-airplane a0 l0-0 l2-0)
3.974: (drive-truck t0 l0-1 l0-0 c0)
4.977: (drive-truck t1 l1-1 l1-0 c1)
4.965: (fly-airplane a0 l2-0 l0-0)
4.966: (drive-truck t0 l0-0 l0-1 c0)
4.979: (fly-airplane a0 l0-0 l2-0)
4.069: (drive-truck t2 l2-0 l2-1 c2)
5.043: (load-airplane p1 a0 l2-0)
5.153: (fly-airplane a0 l2-0 l1-0)
6.029: (fly-airplane a0 l1-0 l0-0)
6.030: (drive-truck t0 l0-1 l0-0 c0)
6.898: (drive-truck t2 l2-1 l2-0 c2)
5.994: (drive-truck t1 l1-0 l1-1 c1)
5.120: (fly-airplane a0 l0-0 l2-0)
5.119: (drive-truck t0 l0-0 l0-1 c0)
5.954: (fly-airplane a0 l2-0 l1-0)
5.957: (drive-truck t0 l0-1 l0-0 c0)
6.061: (drive-truck t1 l1-1 l1-0 c1)
6.042: (fly-airplane a0 l1-0 l2-0)
6.041: (drive-truck t0 l0-0 l0-1 c0)
6.061: (fly-airplane a0 l2-0 l1-0)
6.885: (fly-airplane a0 l1-0 l0-0)
5.987: (drive-truck t1 l1-0 l1-1 c1)
7.377: (unload-airplane p1 a0 l0-0)
5.951: (drive-truck t2 l2-0 l2-1 c2)
5.953: (drive-truck t0 l0-1 l0-0 c0)
6.940: (load-truck p1 t0 l0-0)
7.931: (fly-airplane a0 l0-0 l1-0)
6.949: (unload-truck p1 t0 l0-0)
6.941: (drive-truck t0 l0-0 l0-1 c0)
6.942: (fly-airplane a0 l1-0 l2-0)
6.952: (drive-truck t0 l0-1 l0-0 c0)
7.933: (load-truck p1 t0 l0-0)
8.246: (drive-truck t0 l0-0 l0-1 c0)
7.940: (fly-airplane a0 l2-0 l0-0)
8.118: (unload-truck p1 t0 l0-1)
8.471: (fly-airplane a0 l0-0 l1-0)
8.244: (load-truck p1 t0 l0-1)
9.253: (load-truck p0 t2 l2-1)
8.940: (drive-truck t0 l0-1 l0-0 c0)
7.947: (fly-airplane a0 l1-0 l0-0)
6.959: (unload-truck p1 t0 l0-0)
6.957: (drive-truck t0 l0-0 l0-1 c0)
5.939: (load-airplane p1 a0 l0-0)
6.984: (drive-truck t1 l1-1 l1-0 c1)
6.037: (fly-airplane a0 l0-0 l2-0)
5.063: (unload-airplane p1 a0 l2-0)
5.045: (fly-airplane a0 l2-0 l0-0)
5.045: (drive-truck t0 l0-1 l0-0 c0)
5.054: (fly-airplane a0 l0-0 l1-0)
5.053: (drive-truck t0 l0-0 l0-1 c0)
5.988: (drive-truck t2 l2-1 l2-0 c2)
5.976: (fly-airplane a0 l1-0 l2-0)
5.976: (drive-truck t0 l0-1 l0-0 c0)
5.013: (drive-truck t1 l1-0 l1-1 c1)
6.003: (unload-truck p0 t2 l2-0)
5.994: (fly-airplane a0 l2-0 l0-0)
5.994: (drive-truck t0 l0-0 l0-1 c0)
6.002: (fly-airplane a0 l0-0 l2-0)
6.007: (fly-airplane a0 l2-0 l1-0)
6.008: (drive-truck t0 l0-1 l0-0 c0)
6.958: (drive-truck t2 l2-0 l2-1 c2)
6.944: (fly-airplane a0 l1-0 l0-0)
6.943: (drive-truck t0 l0-0 l0-1 c0)
6.957: (fly-airplane a0 l0-0 l1-0)
6.962: (fly-airplane a0 l1-0 l2-0)
6.963: (drive-truck t0 l0-1 l0-0 c0)
7.925: (load-airplane p1 a0 l2-0)
7.107: (drive-truck t2 l2-1 l2-0 c2)
6.200: (load-truck p0 t2 l2-0)
6.200: (drive-truck t0 l0-0 l0-1 c0)
7.030: (fly-airplane a0 l2-0 l1-0)
7.037: (drive-truck t0 l0-1 l0-0 c0)
7.059: (fly-airplane a0 l1-0 l0-0)
7.052: (drive-truck t0 l0-0 l0-1 c0)
7.946: (drive-truck t1 l1-1 l1-0 c1)
7.121: (fly-airplane a0 l0-0 l2-0)
7.122: (drive-truck t0 l0-1 l0-0 c0)
6.037: (drive-truck t2 l2-0 l2-1 c2)
5.064: (unload-airplane p1 a0 l2-0)
7.819: (unload-truck p4 t2 l2-1)
6.474: (unload-truck p0 t2 l2-1)
5.988: (fly-airplane a0 l2-0 l0-0)
5.972: (drive-truck t0 l0-0 l0-1 c0)
6.271: (fly-airplane a0 l0-0 l1-0)
6.275: (drive-truck t0 l0-1 l0-0 c0)
6.552: (drive-truck t2 l2-1 l2-0 c2)
6.542: (fly-airplane a0 l1-0 l0-0)
6.542: (drive-truck t0 l0-0 l0-1 c0)
6.552: (fly-airplane a0 l0-0 l1-0)
6.553: (fly-airplane a0 l1-0 l2-0)
6.470: (drive-truck t2 l2-0 l2-1 c2)
6.974: (load-airplane p1 a0 l2-0)
6.931: (fly-airplane a0 l2-0 l1-0)
6.932: (drive-truck t0 l0-1 l0-0 c0)
6.978: (fly-airplane a0 l1-0 l2-0)
7.591: (drive-truck t2 l2-1 l2-0 c2)
6.553: (unload-airplane p1 a0 l2-0)
7.487: (unload-truck p2 t2 l2-0)
7.473: (fly-airplane a0 l2-0 l0-0)
7.473: (drive-truck t0 l0-0 l0-1 c0)
7.483: (fly-airplane a0 l0-0 l1-0)
7.482: (drive-truck t0 l0-1 l0-0 c0)
8.518: (unload-truck p3 t1 l1-0)
7.591: (load-truck p2 t2 l2-0)
7.581: (fly-airplane a0 l1-0 l0-0)
7.581: (drive-truck t0 l0-0 l0-1 c0)
7.592: (fly-airplane a0 l0-0 l1-0)
7.593: (fly-airplane a0 l1-0 l2-0)
7.591: (drive-truck t0 l0-1 l0-0 c0)
8.523: (unload-truck p2 t2 l2-0)
8.508: (fly-airplane a0 l2-0 l0-0)
8.508: (drive-truck t0 l0-0 l0-1 c0)
8.520: (fly-airplane a0 l0-0 l1-0)
8.524: (fly-airplane a0 l1-0 l2-0)
7.488: (load-truck p3 t1 l1-0)
8.442: (load-airplane p2 a0 l2-0)
8.441: (drive-truck t0 l0-1 l0-0 c0)
8.850: (fly-airplane a0 l2-0 l1-0)
8.591: (unload-airplane p2 a0 l1-0)
7.592: (load-truck p2 t1 l1-0)
7.296: (fly-airplane a0 l1-0 l0-0)
7.281: (drive-truck t0 l0-0 l0-1 c0)
7.518: (load-truck p1 t2 l2-0)
7.518: (drive-truck t0 l0-1 l0-0 c0)
7.530: (fly-airplane a0 l0-0 l1-0)
7.531: (drive-truck t0 l0-0 l0-1 c0)
7.542: (fly-airplane a0 l1-0 l2-0)
7.541: (drive-truck t0 l0-1 l0-0 c0)
7.568: (drive-truck t2 l2-0 l2-1 c2)
5.918: (load-truck p4 t2 l2-1)
4.928: (drive-truck t1 l1-0 l1-1 c1)
3.932: (unload-truck p2 t1 l1-1)
3.929: (drive-truck t0 l0-0 l0-1 c0)
3.930: (fly-airplane a0 l2-0 l1-0)
3.931: (fly-airplane a0 l1-0 l0-0)
3.931: (drive-truck t0 l0-1 l0-0 c0)
3.933: (fly-airplane a0 l0-0 l1-0)
4.012: (drive-truck t2 l2-1 l2-0 c2)
2.970: (unload-truck p1 t2 l2-0)
[Final] Expanded: 1000, Generated: 13263
Failed to find a solution!
