/u/ibrahim.eisawy/Neural-Guided-Search/venv/lib/python3.10/site-packages/pymimir_rgnn/model.py:151: UserWarning: index_reduce() is in beta and the API may change at any time. (Triggered internally at /pytorch/aten/src/ATen/native/cuda/Indexing.cu:1541.)
  max_msg.index_reduce_(0, output_indices, output_messages, reduce='amax', include_self=True)
Torch: 2.12.0+cu130
Using GPU:  NVIDIA L40S
8.343: (drive-truck t0 l0-1 l0-0 c0)
7.346: (load-truck p2 t0 l0-0)
6.207: (drive-truck t0 l0-0 l0-1 c0)
5.317: (unload-truck p2 t0 l0-1)
4.450: (load-truck p4 t1 l1-1)
2.871: (load-truck p3 t1 l1-1)
2.870: (drive-truck t2 l2-0 l2-1 c2)
2.870: (drive-truck t0 l0-1 l0-0 c0)
2.871: (drive-truck t2 l2-1 l2-0 c2)
2.876: (fly-airplane a0 l0-0 l1-0)
2.872: (drive-truck t0 l0-0 l0-1 c0)
2.872: (drive-truck t2 l2-0 l2-1 c2)
2.875: (drive-truck t0 l0-1 l0-0 c0)
2.883: (fly-airplane a0 l1-0 l2-0)
2.879: (drive-truck t0 l0-0 l0-1 c0)
2.879: (drive-truck t2 l2-1 l2-0 c2)
2.882: (drive-truck t0 l0-1 l0-0 c0)
3.639: (drive-truck t1 l1-1 l1-0 c1)
3.614: (fly-airplane a0 l2-0 l0-0)
3.613: (drive-truck t0 l0-0 l0-1 c0)
3.613: (drive-truck t2 l2-0 l2-1 c2)
3.615: (drive-truck t0 l0-1 l0-0 c0)
3.632: (fly-airplane a0 l0-0 l1-0)
3.630: (drive-truck t0 l0-0 l0-1 c0)
3.628: (drive-truck t2 l2-1 l2-0 c2)
3.631: (drive-truck t0 l0-1 l0-0 c0)
3.993: (unload-truck p4 t1 l1-0)
3.045: (load-airplane p4 a0 l1-0)
2.816: (drive-truck t1 l1-0 l1-1 c1)
1.875: (unload-truck p3 t1 l1-1)
0.919: (fly-airplane a0 l1-0 l2-0)
-0.095: (unload-airplane p4 a0 l2-0)
[Final] Expanded: 32, Generated: 426
Found a solution of length 32!
   1: (drive-truck t0 l0-1 l0-0 c0)
   2: (load-truck p2 t0 l0-0)
   3: (drive-truck t0 l0-0 l0-1 c0)
   4: (unload-truck p2 t0 l0-1)
   5: (load-truck p4 t1 l1-1)
   6: (load-truck p3 t1 l1-1)
   7: (drive-truck t2 l2-0 l2-1 c2)
   8: (drive-truck t0 l0-1 l0-0 c0)
   9: (drive-truck t2 l2-1 l2-0 c2)
  10: (fly-airplane a0 l0-0 l1-0)
  11: (drive-truck t0 l0-0 l0-1 c0)
  12: (drive-truck t2 l2-0 l2-1 c2)
  13: (drive-truck t0 l0-1 l0-0 c0)
  14: (fly-airplane a0 l1-0 l2-0)
  15: (drive-truck t0 l0-0 l0-1 c0)
  16: (drive-truck t2 l2-1 l2-0 c2)
  17: (drive-truck t0 l0-1 l0-0 c0)
  18: (drive-truck t1 l1-1 l1-0 c1)
  19: (fly-airplane a0 l2-0 l0-0)
  20: (drive-truck t0 l0-0 l0-1 c0)
  21: (drive-truck t2 l2-0 l2-1 c2)
  22: (drive-truck t0 l0-1 l0-0 c0)
  23: (fly-airplane a0 l0-0 l1-0)
  24: (drive-truck t0 l0-0 l0-1 c0)
  25: (drive-truck t2 l2-1 l2-0 c2)
  26: (drive-truck t0 l0-1 l0-0 c0)
  27: (unload-truck p4 t1 l1-0)
  28: (load-airplane p4 a0 l1-0)
  29: (drive-truck t1 l1-0 l1-1 c1)
  30: (unload-truck p3 t1 l1-1)
  31: (fly-airplane a0 l1-0 l2-0)
  32: (unload-airplane p4 a0 l2-0)
