/u/ibrahim.eisawy/Neural-Guided-Search/venv/lib/python3.10/site-packages/pymimir_rgnn/model.py:151: UserWarning: index_reduce() is in beta and the API may change at any time. (Triggered internally at /pytorch/aten/src/ATen/native/cuda/Indexing.cu:1541.)
  max_msg.index_reduce_(0, output_indices, output_messages, reduce='amax', include_self=True)
Torch: 2.12.0+cu130
Using GPU:  NVIDIA L40S
15.026: (drive-truck t2 l2-0 l2-1 c2)
13.437: (load-truck p3 t2 l2-1)
12.363: (load-truck p1 t2 l2-1)
12.218: (drive-truck t2 l2-1 l2-0 c2)
11.386: (load-truck p0 t2 l2-0)
10.526: (load-truck p4 t2 l2-0)
10.521: (fly-airplane a0 l1-0 l0-0)
9.416: (load-airplane p5 a0 l0-0)
9.094: (fly-airplane a0 l0-0 l1-0)
9.097: (drive-truck t0 l0-1 l0-0 c0)
9.411: (fly-airplane a0 l1-0 l2-0)
9.408: (drive-truck t0 l0-0 l0-1 c0)
9.466: (drive-truck t1 l1-0 l1-1 c1)
8.217: (load-truck p2 t1 l1-1)
7.281: (drive-truck t1 l1-1 l1-0 c1)
7.180: (fly-airplane a0 l2-0 l0-0)
7.063: (drive-truck t0 l0-1 l0-0 c0)
7.264: (fly-airplane a0 l0-0 l2-0)
7.273: (fly-airplane a0 l2-0 l1-0)
7.290: (drive-truck t0 l0-0 l0-1 c0)
8.163: (drive-truck t1 l1-0 l1-1 c1)
8.032: (drive-truck t2 l2-0 l2-1 c2)
7.987: (fly-airplane a0 l1-0 l0-0)
8.011: (fly-airplane a0 l0-0 l2-0)
8.011: (drive-truck t0 l0-1 l0-0 c0)
8.031: (fly-airplane a0 l2-0 l1-0)
8.043: (fly-airplane a0 l1-0 l0-0)
8.279: (drive-truck t2 l2-1 l2-0 c2)
8.165: (fly-airplane a0 l0-0 l1-0)
8.218: (fly-airplane a0 l1-0 l2-0)
8.879: (unload-airplane p5 a0 l2-0)
8.226: (load-truck p5 t2 l2-0)
7.263: (drive-truck t1 l1-1 l1-0 c1)
7.261: (fly-airplane a0 l2-0 l0-0)
7.262: (fly-airplane a0 l0-0 l1-0)
7.279: (drive-truck t0 l0-0 l0-1 c0)
7.277: (fly-airplane a0 l1-0 l0-0)
7.280: (fly-airplane a0 l0-0 l2-0)
8.226: (drive-truck t1 l1-0 l1-1 c1)
8.062: (drive-truck t2 l2-0 l2-1 c2)
8.058: (fly-airplane a0 l2-0 l1-0)
8.059: (fly-airplane a0 l1-0 l0-0)
8.069: (drive-truck t0 l0-1 l0-0 c0)
8.064: (fly-airplane a0 l0-0 l1-0)
8.067: (fly-airplane a0 l1-0 l2-0)
8.539: (drive-truck t1 l1-1 l1-0 c1)
8.541: (fly-airplane a0 l2-0 l0-0)
8.545: (fly-airplane a0 l0-0 l1-0)
8.557: (drive-truck t0 l0-0 l0-1 c0)
8.552: (fly-airplane a0 l1-0 l2-0)
8.552: (fly-airplane a0 l2-0 l0-0)
9.187: (unload-truck p2 t1 l1-0)
8.397: (drive-truck t2 l2-1 l2-0 c2)
8.399: (drive-truck t0 l0-1 l0-0 c0)
8.401: (fly-airplane a0 l0-0 l2-0)
8.399: (drive-truck t0 l0-0 l0-1 c0)
8.421: (fly-airplane a0 l2-0 l1-0)
7.214: (load-airplane p2 a0 l1-0)
7.214: (drive-truck t0 l0-1 l0-0 c0)
7.371: (fly-airplane a0 l1-0 l0-0)
6.385: (unload-airplane p2 a0 l0-0)
6.388: (fly-airplane a0 l0-0 l2-0)
6.389: (fly-airplane a0 l2-0 l1-0)
6.391: (drive-truck t0 l0-0 l0-1 c0)
6.389: (fly-airplane a0 l1-0 l0-0)
6.390: (fly-airplane a0 l0-0 l2-0)
6.571: (drive-truck t1 l1-0 l1-1 c1)
6.562: (fly-airplane a0 l2-0 l1-0)
6.560: (drive-truck t0 l0-1 l0-0 c0)
6.565: (fly-airplane a0 l1-0 l0-0)
6.568: (drive-truck t0 l0-0 l0-1 c0)
7.042: (drive-truck t2 l2-0 l2-1 c2)
6.984: (drive-truck t1 l1-1 l1-0 c1)
6.977: (fly-airplane a0 l0-0 l2-0)
6.976: (drive-truck t0 l0-1 l0-0 c0)
6.980: (fly-airplane a0 l2-0 l1-0)
6.981: (drive-truck t0 l0-0 l0-1 c0)
7.034: (drive-truck t1 l1-0 l1-1 c1)
7.033: (drive-truck t0 l0-1 l0-0 c0)
7.035: (fly-airplane a0 l1-0 l2-0)
6.570: (drive-truck t2 l2-1 l2-0 c2)
7.432: (unload-truck p4 t2 l2-0)
6.383: (load-airplane p4 a0 l2-0)
6.222: (drive-truck t1 l1-1 l1-0 c1)
6.035: (fly-airplane a0 l2-0 l1-0)
5.256: (unload-airplane p4 a0 l1-0)
5.255: (fly-airplane a0 l1-0 l0-0)
5.258: (fly-airplane a0 l0-0 l2-0)
5.260: (drive-truck t0 l0-0 l0-1 c0)
5.258: (fly-airplane a0 l2-0 l1-0)
5.259: (fly-airplane a0 l1-0 l0-0)
5.446: (drive-truck t1 l1-0 l1-1 c1)
5.442: (drive-truck t0 l0-1 l0-0 c0)
5.443: (fly-airplane a0 l0-0 l1-0)
5.444: (drive-truck t0 l0-0 l0-1 c0)
5.447: (fly-airplane a0 l1-0 l2-0)
5.445: (drive-truck t0 l0-1 l0-0 c0)
6.025: (drive-truck t2 l2-0 l2-1 c2)
5.963: (drive-truck t1 l1-1 l1-0 c1)
5.965: (drive-truck t0 l0-0 l0-1 c0)
5.969: (fly-airplane a0 l2-0 l1-0)
5.967: (drive-truck t0 l0-1 l0-0 c0)
5.968: (fly-airplane a0 l1-0 l0-0)
5.972: (drive-truck t0 l0-0 l0-1 c0)
6.034: (drive-truck t1 l1-0 l1-1 c1)
6.027: (fly-airplane a0 l0-0 l2-0)
6.030: (fly-airplane a0 l2-0 l1-0)
6.028: (drive-truck t0 l0-1 l0-0 c0)
6.030: (fly-airplane a0 l1-0 l0-0)
7.018: (load-airplane p2 a0 l0-0)
6.431: (drive-truck t2 l2-1 l2-0 c2)
6.245: (drive-truck t1 l1-1 l1-0 c1)
6.157: (fly-airplane a0 l0-0 l1-0)
6.157: (drive-truck t0 l0-0 l0-1 c0)
6.259: (fly-airplane a0 l1-0 l0-0)
6.376: (fly-airplane a0 l0-0 l2-0)
6.376: (drive-truck t0 l0-1 l0-0 c0)
6.552: (drive-truck t1 l1-0 l1-1 c1)
6.537: (fly-airplane a0 l2-0 l1-0)
6.537: (drive-truck t0 l0-0 l0-1 c0)
6.444: (fly-airplane a0 l1-0 l0-0)
6.553: (fly-airplane a0 l0-0 l2-0)
7.164: (drive-truck t2 l2-0 l2-1 c2)
7.072: (drive-truck t1 l1-1 l1-0 c1)
6.973: (fly-airplane a0 l2-0 l0-0)
6.957: (drive-truck t0 l0-1 l0-0 c0)
7.071: (fly-airplane a0 l0-0 l2-0)
7.120: (fly-airplane a0 l2-0 l1-0)
7.119: (drive-truck t0 l0-0 l0-1 c0)
7.210: (drive-truck t1 l1-0 l1-1 c1)
7.107: (fly-airplane a0 l1-0 l0-0)
8.083: (unload-truck p5 t2 l2-1)
7.045: (unload-airplane p2 a0 l0-0)
6.931: (drive-truck t1 l1-1 l1-0 c1)
6.927: (drive-truck t0 l0-1 l0-0 c0)
6.928: (fly-airplane a0 l0-0 l1-0)
6.928: (fly-airplane a0 l1-0 l2-0)
6.930: (drive-truck t0 l0-0 l0-1 c0)
6.930: (fly-airplane a0 l2-0 l1-0)
7.041: (drive-truck t1 l1-0 l1-1 c1)
7.039: (drive-truck t0 l0-1 l0-0 c0)
7.038: (fly-airplane a0 l1-0 l2-0)
7.040: (drive-truck t0 l0-0 l0-1 c0)
7.612: (unload-truck p0 t2 l2-1)
7.041: (load-truck p5 t2 l2-1)
6.935: (drive-truck t1 l1-1 l1-0 c1)
6.933: (drive-truck t0 l0-1 l0-0 c0)
6.935: (fly-airplane a0 l2-0 l0-0)
6.935: (fly-airplane a0 l0-0 l1-0)
6.937: (drive-truck t0 l0-0 l0-1 c0)
6.939: (fly-airplane a0 l1-0 l0-0)
7.048: (drive-truck t1 l1-0 l1-1 c1)
7.044: (drive-truck t0 l0-1 l0-0 c0)
7.038: (fly-airplane a0 l0-0 l2-0)
7.042: (fly-airplane a0 l2-0 l1-0)
7.044: (drive-truck t0 l0-0 l0-1 c0)
7.608: (unload-truck p5 t2 l2-1)
7.459: (drive-truck t1 l1-1 l1-0 c1)
7.457: (drive-truck t0 l0-1 l0-0 c0)
7.456: (fly-airplane a0 l1-0 l0-0)
7.460: (drive-truck t0 l0-0 l0-1 c0)
7.464: (fly-airplane a0 l0-0 l2-0)
7.462: (drive-truck t0 l0-1 l0-0 c0)
7.610: (drive-truck t1 l1-0 l1-1 c1)
7.606: (fly-airplane a0 l2-0 l1-0)
7.608: (fly-airplane a0 l1-0 l0-0)
7.041: (load-truck p0 t2 l2-1)
8.028: (load-airplane p2 a0 l0-0)
7.918: (drive-truck t1 l1-1 l1-0 c1)
7.932: (drive-truck t0 l0-0 l0-1 c0)
8.050: (fly-airplane a0 l0-0 l2-0)
8.050: (drive-truck t0 l0-1 l0-0 c0)
8.110: (fly-airplane a0 l2-0 l1-0)
8.110: (drive-truck t0 l0-0 l0-1 c0)
8.219: (drive-truck t1 l1-0 l1-1 c1)
8.185: (fly-airplane a0 l1-0 l2-0)
8.187: (drive-truck t0 l0-1 l0-0 c0)
7.165: (load-truck p5 t2 l2-1)
7.212: (fly-airplane a0 l2-0 l1-0)
8.158: (unload-airplane p2 a0 l1-0)
7.459: (drive-truck t2 l2-1 l2-0 c2)
7.328: (drive-truck t1 l1-1 l1-0 c1)
6.256: (load-truck p2 t1 l1-0)
6.256: (fly-airplane a0 l1-0 l0-0)
6.259: (fly-airplane a0 l0-0 l2-0)
6.276: (drive-truck t0 l0-0 l0-1 c0)
6.271: (fly-airplane a0 l2-0 l0-0)
6.273: (fly-airplane a0 l0-0 l1-0)
7.088: (drive-truck t1 l1-0 l1-1 c1)
7.065: (drive-truck t2 l2-0 l2-1 c2)
7.061: (fly-airplane a0 l1-0 l0-0)
7.062: (fly-airplane a0 l0-0 l2-0)
7.066: (drive-truck t0 l0-1 l0-0 c0)
7.067: (fly-airplane a0 l2-0 l0-0)
7.068: (fly-airplane a0 l0-0 l1-0)
7.088: (drive-truck t2 l2-1 l2-0 c2)
7.086: (fly-airplane a0 l1-0 l0-0)
7.083: (drive-truck t0 l0-0 l0-1 c0)
7.092: (fly-airplane a0 l0-0 l2-0)
7.093: (drive-truck t0 l0-1 l0-0 c0)
7.818: (unload-truck p5 t2 l2-0)
7.075: (load-airplane p5 a0 l2-0)
6.259: (drive-truck t1 l1-1 l1-0 c1)
6.072: (fly-airplane a0 l2-0 l0-0)
6.178: (drive-truck t0 l0-0 l0-1 c0)
6.275: (fly-airplane a0 l0-0 l2-0)
6.278: (fly-airplane a0 l2-0 l1-0)
6.262: (drive-truck t0 l0-1 l0-0 c0)
7.008: (drive-truck t1 l1-0 l1-1 c1)
6.917: (drive-truck t2 l2-0 l2-1 c2)
6.916: (drive-truck t0 l0-0 l0-1 c0)
6.938: (fly-airplane a0 l1-0 l0-0)
6.964: (fly-airplane a0 l0-0 l2-0)
6.965: (drive-truck t0 l0-1 l0-0 c0)
7.028: (fly-airplane a0 l2-0 l0-0)
7.052: (drive-truck t1 l1-1 l1-0 c1)
7.197: (drive-truck t0 l0-0 l0-1 c0)
7.258: (fly-airplane a0 l0-0 l1-0)
7.248: (drive-truck t0 l0-1 l0-0 c0)
7.278: (fly-airplane a0 l1-0 l2-0)
7.296: (drive-truck t0 l0-0 l0-1 c0)
7.708: (unload-truck p0 t2 l2-1)
7.579: (fly-airplane a0 l2-0 l0-0)
7.479: (drive-truck t0 l0-1 l0-0 c0)
7.609: (drive-truck t1 l1-0 l1-1 c1)
7.520: (drive-truck t0 l0-0 l0-1 c0)
7.533: (fly-airplane a0 l0-0 l1-0)
7.534: (drive-truck t0 l0-1 l0-0 c0)
7.597: (fly-airplane a0 l1-0 l2-0)
7.596: (drive-truck t0 l0-0 l0-1 c0)
9.357: (unload-airplane p5 a0 l2-0)
8.788: (load-truck p0 t2 l2-1)
7.818: (drive-truck t2 l2-1 l2-0 c2)
7.074: (load-airplane p5 a0 l2-0)
7.007: (fly-airplane a0 l2-0 l1-0)
7.045: (fly-airplane a0 l1-0 l0-0)
7.136: (drive-truck t0 l0-1 l0-0 c0)
8.146: (unload-truck p0 t2 l2-0)
7.397: (drive-truck t1 l1-1 l1-0 c1)
7.421: (drive-truck t2 l2-0 l2-1 c2)
7.526: (drive-truck t0 l0-0 l0-1 c0)
7.480: (drive-truck t1 l1-0 l1-1 c1)
7.500: (fly-airplane a0 l0-0 l1-0)
7.501: (drive-truck t0 l0-1 l0-0 c0)
7.567: (fly-airplane a0 l1-0 l0-0)
8.538: (fly-airplane a0 l0-0 l2-0)
6.486: (load-airplane p0 a0 l2-0)
6.340: (fly-airplane a0 l2-0 l1-0)
6.218: (unload-airplane p0 a0 l1-0)
5.370: (fly-airplane a0 l1-0 l2-0)
5.369: (drive-truck t0 l0-0 l0-1 c0)
5.321: (fly-airplane a0 l2-0 l0-0)
5.411: (drive-truck t0 l0-1 l0-0 c0)
5.857: (drive-truck t2 l2-1 l2-0 c2)
5.765: (drive-truck t0 l0-0 l0-1 c0)
5.792: (drive-truck t1 l1-1 l1-0 c1)
5.821: (fly-airplane a0 l0-0 l2-0)
5.794: (drive-truck t1 l1-0 l1-1 c1)
5.796: (drive-truck t0 l0-1 l0-0 c0)
5.821: (drive-truck t1 l1-1 l1-0 c1)
5.878: (fly-airplane a0 l2-0 l1-0)
5.877: (drive-truck t0 l0-0 l0-1 c0)
6.128: (drive-truck t2 l2-0 l2-1 c2)
6.045: (fly-airplane a0 l1-0 l0-0)
6.081: (fly-airplane a0 l0-0 l2-0)
6.081: (drive-truck t0 l0-1 l0-0 c0)
6.130: (fly-airplane a0 l2-0 l1-0)
6.135: (fly-airplane a0 l1-0 l0-0)
5.886: (drive-truck t2 l2-1 l2-0 c2)
6.072: (load-truck p0 t1 l1-0)
6.179: (drive-truck t0 l0-0 l0-1 c0)
6.277: (fly-airplane a0 l0-0 l2-0)
6.260: (drive-truck t0 l0-1 l0-0 c0)
6.263: (fly-airplane a0 l2-0 l1-0)
6.279: (drive-truck t0 l0-0 l0-1 c0)
6.522: (drive-truck t2 l2-0 l2-1 c2)
6.435: (fly-airplane a0 l1-0 l0-0)
6.325: (drive-truck t0 l0-1 l0-0 c0)
6.512: (fly-airplane a0 l0-0 l1-0)
6.523: (fly-airplane a0 l1-0 l2-0)
6.541: (drive-truck t0 l0-0 l0-1 c0)
6.649: (drive-truck t1 l1-0 l1-1 c1)
6.574: (fly-airplane a0 l2-0 l1-0)
6.575: (drive-truck t0 l0-1 l0-0 c0)
6.649: (fly-airplane a0 l1-0 l2-0)
6.679: (fly-airplane a0 l2-0 l0-0)
6.599: (drive-truck t0 l0-0 l0-1 c0)
7.013: (drive-truck t2 l2-1 l2-0 c2)
7.030: (fly-airplane a0 l0-0 l1-0)
7.031: (drive-truck t0 l0-1 l0-0 c0)
7.051: (fly-airplane a0 l1-0 l2-0)
7.051: (drive-truck t0 l0-0 l0-1 c0)
7.602: (unload-airplane p5 a0 l2-0)
7.052: (load-truck p5 t2 l2-0)
6.280: (drive-truck t1 l1-1 l1-0 c1)
5.824: (unload-truck p0 t1 l1-0)
5.794: (drive-truck t1 l1-0 l1-1 c1)
5.777: (fly-airplane a0 l2-0 l0-0)
5.784: (fly-airplane a0 l0-0 l1-0)
5.786: (drive-truck t0 l0-1 l0-0 c0)
5.785: (fly-airplane a0 l1-0 l0-0)
5.795: (fly-airplane a0 l0-0 l2-0)
5.825: (drive-truck t1 l1-1 l1-0 c1)
5.820: (fly-airplane a0 l2-0 l1-0)
5.820: (drive-truck t0 l0-0 l0-1 c0)
5.818: (fly-airplane a0 l1-0 l0-0)
5.821: (drive-truck t0 l0-1 l0-0 c0)
6.117: (unload-truck p2 t1 l1-0)
6.114: (drive-truck t0 l0-0 l0-1 c0)
6.113: (fly-airplane a0 l0-0 l1-0)
5.164: (load-airplane p2 a0 l1-0)
5.122: (fly-airplane a0 l1-0 l0-0)
4.124: (unload-airplane p2 a0 l0-0)
4.120: (drive-truck t0 l0-1 l0-0 c0)
4.118: (fly-airplane a0 l0-0 l1-0)
4.121: (drive-truck t0 l0-0 l0-1 c0)
4.125: (fly-airplane a0 l1-0 l2-0)
4.123: (drive-truck t0 l0-1 l0-0 c0)
4.715: (drive-truck t1 l1-0 l1-1 c1)
4.706: (fly-airplane a0 l2-0 l1-0)
4.709: (drive-truck t0 l0-0 l0-1 c0)
4.717: (fly-airplane a0 l1-0 l0-0)
4.712: (drive-truck t0 l0-1 l0-0 c0)
5.485: (drive-truck t2 l2-0 l2-1 c2)
4.922: (drive-truck t1 l1-1 l1-0 c1)
4.920: (fly-airplane a0 l0-0 l1-0)
4.921: (fly-airplane a0 l1-0 l2-0)
4.925: (drive-truck t0 l0-0 l0-1 c0)
4.924: (fly-airplane a0 l2-0 l1-0)
4.927: (fly-airplane a0 l1-0 l0-0)
5.465: (unload-truck p5 t2 l2-1)
5.459: (drive-truck t0 l0-1 l0-0 c0)
5.458: (fly-airplane a0 l0-0 l1-0)
5.461: (drive-truck t0 l0-0 l0-1 c0)
5.469: (fly-airplane a0 l1-0 l2-0)
5.466: (drive-truck t0 l0-1 l0-0 c0)
6.036: (drive-truck t1 l1-0 l1-1 c1)
5.486: (load-truck p5 t2 l2-1)
5.479: (fly-airplane a0 l2-0 l1-0)
5.482: (drive-truck t0 l0-0 l0-1 c0)
5.489: (fly-airplane a0 l1-0 l2-0)
4.717: (drive-truck t2 l2-1 l2-0 c2)
5.582: (unload-truck p1 t2 l2-0)
5.083: (drive-truck t1 l1-1 l1-0 c1)
5.081: (fly-airplane a0 l2-0 l1-0)
5.080: (drive-truck t0 l0-1 l0-0 c0)
5.081: (fly-airplane a0 l1-0 l0-0)
5.081: (fly-airplane a0 l0-0 l2-0)
5.581: (drive-truck t1 l1-0 l1-1 c1)
5.573: (fly-airplane a0 l2-0 l1-0)
5.574: (drive-truck t0 l0-0 l0-1 c0)
5.582: (fly-airplane a0 l1-0 l0-0)
5.084: (drive-truck t1 l1-1 l1-0 c1)
5.957: (load-truck p0 t1 l1-0)
4.994: (load-truck p1 t2 l2-0)
4.990: (drive-truck t0 l0-1 l0-0 c0)
4.991: (fly-airplane a0 l0-0 l1-0)
4.993: (drive-truck t0 l0-0 l0-1 c0)
4.995: (fly-airplane a0 l1-0 l2-0)
4.993: (drive-truck t0 l0-1 l0-0 c0)
5.767: (drive-truck t2 l2-0 l2-1 c2)
5.770: (fly-airplane a0 l2-0 l0-0)
5.770: (fly-airplane a0 l0-0 l1-0)
5.772: (drive-truck t0 l0-0 l0-1 c0)
5.770: (fly-airplane a0 l1-0 l2-0)
5.774: (fly-airplane a0 l2-0 l0-0)
5.865: (drive-truck t1 l1-0 l1-1 c1)
5.788: (drive-truck t2 l2-1 l2-0 c2)
5.784: (drive-truck t0 l0-1 l0-0 c0)
5.784: (fly-airplane a0 l0-0 l1-0)
5.786: (drive-truck t0 l0-0 l0-1 c0)
5.791: (fly-airplane a0 l1-0 l2-0)
5.789: (drive-truck t0 l0-1 l0-0 c0)
5.861: (drive-truck t2 l2-0 l2-1 c2)
5.861: (fly-airplane a0 l2-0 l1-0)
5.862: (fly-airplane a0 l1-0 l0-0)
6.422: (unload-truck p5 t2 l2-1)
6.308: (drive-truck t1 l1-1 l1-0 c1)
6.309: (fly-airplane a0 l0-0 l1-0)
6.311: (drive-truck t0 l0-0 l0-1 c0)
6.312: (fly-airplane a0 l1-0 l0-0)
6.316: (fly-airplane a0 l0-0 l2-0)
6.314: (drive-truck t0 l0-1 l0-0 c0)
6.429: (drive-truck t1 l1-0 l1-1 c1)
6.422: (fly-airplane a0 l2-0 l1-0)
6.424: (drive-truck t0 l0-0 l0-1 c0)
5.863: (load-truck p5 t2 l2-1)
5.863: (fly-airplane a0 l1-0 l2-0)
6.431: (unload-truck p5 t2 l2-1)
6.426: (fly-airplane a0 l2-0 l0-0)
7.426: (load-airplane p2 a0 l0-0)
6.865: (load-truck p5 t2 l2-1)
6.773: (drive-truck t1 l1-1 l1-0 c1)
5.924: (unload-truck p0 t1 l1-0)
5.911: (drive-truck t0 l0-1 l0-0 c0)
5.108: (drive-truck t2 l2-1 l2-0 c2)
5.164: (fly-airplane a0 l0-0 l1-0)
5.238: (fly-airplane a0 l1-0 l2-0)
5.238: (drive-truck t0 l0-0 l0-1 c0)
5.832: (drive-truck t1 l1-0 l1-1 c1)
5.718: (fly-airplane a0 l2-0 l0-0)
5.705: (drive-truck t0 l0-1 l0-0 c0)
5.830: (fly-airplane a0 l0-0 l2-0)
6.191: (fly-airplane a0 l2-0 l1-0)
6.190: (drive-truck t0 l0-0 l0-1 c0)
6.799: (load-airplane p0 a0 l1-0)
6.095: (drive-truck t1 l1-1 l1-0 c1)
6.096: (drive-truck t0 l0-1 l0-0 c0)
6.086: (fly-airplane a0 l1-0 l0-0)
5.870: (unload-airplane p2 a0 l0-0)
4.976: (fly-airplane a0 l0-0 l1-0)
4.978: (drive-truck t0 l0-0 l0-1 c0)
5.100: (fly-airplane a0 l1-0 l2-0)
5.098: (drive-truck t0 l0-1 l0-0 c0)
5.248: (drive-truck t1 l1-0 l1-1 c1)
5.249: (drive-truck t0 l0-0 l0-1 c0)
5.681: (fly-airplane a0 l2-0 l1-0)
5.679: (drive-truck t0 l0-1 l0-0 c0)
6.019: (fly-airplane a0 l1-0 l0-0)
5.971: (drive-truck t0 l0-0 l0-1 c0)
5.822: (drive-truck t1 l1-1 l1-0 c1)
6.099: (load-airplane p2 a0 l0-0)
6.215: (fly-airplane a0 l0-0 l2-0)
6.215: (drive-truck t0 l0-1 l0-0 c0)
6.351: (drive-truck t1 l1-0 l1-1 c1)
6.235: (fly-airplane a0 l2-0 l0-0)
6.247: (drive-truck t0 l0-0 l0-1 c0)
6.351: (fly-airplane a0 l0-0 l2-0)
7.047: (drive-truck t2 l2-0 l2-1 c2)
6.967: (drive-truck t1 l1-1 l1-0 c1)
6.869: (fly-airplane a0 l2-0 l1-0)
5.935: (unload-airplane p0 a0 l1-0)
5.937: (drive-truck t0 l0-1 l0-0 c0)
6.023: (fly-airplane a0 l1-0 l2-0)
6.027: (drive-truck t0 l0-0 l0-1 c0)
6.581: (unload-truck p5 t2 l2-1)
6.462: (fly-airplane a0 l2-0 l0-0)
6.449: (drive-truck t0 l0-1 l0-0 c0)
6.480: (fly-airplane a0 l0-0 l1-0)
6.480: (drive-truck t0 l0-0 l0-1 c0)
7.413: (load-airplane p0 a0 l1-0)
7.414: (drive-truck t0 l0-1 l0-0 c0)
6.871: (load-truck p5 t2 l2-1)
6.867: (fly-airplane a0 l1-0 l0-0)
6.644: (unload-airplane p2 a0 l0-0)
5.757: (fly-airplane a0 l0-0 l1-0)
5.760: (drive-truck t0 l0-0 l0-1 c0)
5.864: (fly-airplane a0 l1-0 l2-0)
5.861: (drive-truck t0 l0-1 l0-0 c0)
5.966: (drive-truck t1 l1-0 l1-1 c1)
5.970: (drive-truck t0 l0-0 l0-1 c0)
6.455: (fly-airplane a0 l2-0 l1-0)
6.452: (drive-truck t0 l0-1 l0-0 c0)
6.704: (fly-airplane a0 l1-0 l0-0)
6.667: (drive-truck t0 l0-0 l0-1 c0)
6.592: (drive-truck t1 l1-1 l1-0 c1)
6.878: (load-airplane p2 a0 l0-0)
7.004: (drive-truck t1 l1-0 l1-1 c1)
6.915: (drive-truck t0 l0-1 l0-0 c0)
7.047: (fly-airplane a0 l0-0 l2-0)
6.967: (drive-truck t1 l1-1 l1-0 c1)
7.530: (unload-truck p5 t2 l2-1)
7.404: (fly-airplane a0 l2-0 l0-0)
7.189: (unload-airplane p2 a0 l0-0)
6.294: (fly-airplane a0 l0-0 l1-0)
6.297: (drive-truck t0 l0-0 l0-1 c0)
6.422: (fly-airplane a0 l1-0 l2-0)
6.420: (drive-truck t0 l0-1 l0-0 c0)
6.555: (drive-truck t1 l1-0 l1-1 c1)
6.557: (drive-truck t0 l0-0 l0-1 c0)
7.003: (fly-airplane a0 l2-0 l1-0)
6.026: (unload-airplane p0 a0 l1-0)
6.023: (drive-truck t0 l0-1 l0-0 c0)
6.029: (fly-airplane a0 l1-0 l0-0)
6.035: (drive-truck t0 l0-0 l0-1 c0)
5.491: (load-truck p5 t2 l2-1)
6.487: (load-airplane p2 a0 l0-0)
6.475: (drive-truck t0 l0-1 l0-0 c0)
6.586: (fly-airplane a0 l0-0 l2-0)
6.589: (drive-truck t0 l0-0 l0-1 c0)
6.927: (fly-airplane a0 l2-0 l1-0)
6.928: (drive-truck t0 l0-1 l0-0 c0)
7.498: (unload-truck p5 t2 l2-1)
7.019: (fly-airplane a0 l1-0 l0-0)
7.033: (drive-truck t0 l0-0 l0-1 c0)
7.151: (fly-airplane a0 l0-0 l2-0)
7.147: (drive-truck t0 l0-1 l0-0 c0)
6.577: (drive-truck t1 l1-1 l1-0 c1)
7.435: (load-truck p0 t1 l1-0)
6.869: (load-truck p5 t2 l2-1)
6.112: (drive-truck t2 l2-1 l2-0 c2)
5.981: (fly-airplane a0 l2-0 l0-0)
5.995: (drive-truck t0 l0-0 l0-1 c0)
6.110: (fly-airplane a0 l0-0 l1-0)
6.110: (drive-truck t0 l0-1 l0-0 c0)
6.881: (drive-truck t1 l1-0 l1-1 c1)
6.773: (fly-airplane a0 l1-0 l0-0)
6.787: (drive-truck t0 l0-0 l0-1 c0)
6.881: (fly-airplane a0 l0-0 l1-0)
6.902: (fly-airplane a0 l1-0 l2-0)
6.112: (drive-truck t1 l1-1 l1-0 c1)
6.871: (drive-truck t2 l2-0 l2-1 c2)
6.883: (fly-airplane a0 l2-0 l1-0)
6.885: (drive-truck t0 l0-1 l0-0 c0)
6.759: (fly-airplane a0 l1-0 l0-0)
6.852: (drive-truck t1 l1-0 l1-1 c1)
6.920: (fly-airplane a0 l0-0 l1-0)
6.920: (drive-truck t0 l0-0 l0-1 c0)
6.964: (fly-airplane a0 l1-0 l2-0)
6.963: (drive-truck t0 l0-1 l0-0 c0)
6.902: (drive-truck t2 l2-1 l2-0 c2)
7.404: (unload-truck p5 t2 l2-0)
6.905: (load-airplane p5 a0 l2-0)
6.108: (drive-truck t1 l1-1 l1-0 c1)
5.235: (unload-truck p0 t1 l1-0)
5.116: (fly-airplane a0 l2-0 l0-0)
4.898: (unload-airplane p2 a0 l0-0)
4.055: (fly-airplane a0 l0-0 l1-0)
4.057: (drive-truck t0 l0-0 l0-1 c0)
4.128: (fly-airplane a0 l1-0 l2-0)
4.126: (drive-truck t0 l0-1 l0-0 c0)
4.410: (drive-truck t2 l2-0 l2-1 c2)
4.302: (fly-airplane a0 l2-0 l1-0)
4.305: (drive-truck t0 l0-0 l0-1 c0)
4.416: (fly-airplane a0 l1-0 l2-0)
5.048: (drive-truck t1 l1-0 l1-1 c1)
4.719: (drive-truck t2 l2-1 l2-0 c2)
4.717: (drive-truck t0 l0-1 l0-0 c0)
5.027: (drive-truck t2 l2-0 l2-1 c2)
5.315: (fly-airplane a0 l2-0 l1-0)
5.081: (drive-truck t2 l2-1 l2-0 c2)
5.083: (drive-truck t0 l0-0 l0-1 c0)
5.319: (drive-truck t2 l2-0 l2-1 c2)
5.694: (fly-airplane a0 l1-0 l0-0)
5.125: (drive-truck t1 l1-1 l1-0 c1)
4.841: (drive-truck t2 l2-1 l2-0 c2)
5.126: (load-airplane p2 a0 l0-0)
5.177: (fly-airplane a0 l0-0 l1-0)
5.178: (drive-truck t0 l0-1 l0-0 c0)
5.420: (drive-truck t2 l2-0 l2-1 c2)
5.405: (fly-airplane a0 l1-0 l0-0)
5.186: (unload-airplane p2 a0 l0-0)
5.414: (load-truck p2 t0 l0-0)
5.125: (drive-truck t2 l2-1 l2-0 c2)
5.054: (fly-airplane a0 l0-0 l1-0)
5.121: (fly-airplane a0 l1-0 l2-0)
5.427: (drive-truck t2 l2-0 l2-1 c2)
5.302: (fly-airplane a0 l2-0 l1-0)
6.242: (load-airplane p4 a0 l1-0)
5.251: (unload-truck p2 t0 l0-0)
4.978: (drive-truck t2 l2-1 l2-0 c2)
4.980: (drive-truck t0 l0-0 l0-1 c0)
5.097: (fly-airplane a0 l1-0 l2-0)
5.095: (drive-truck t0 l0-1 l0-0 c0)
5.245: (drive-truck t1 l1-0 l1-1 c1)
5.247: (drive-truck t0 l0-0 l0-1 c0)
5.529: (drive-truck t2 l2-0 l2-1 c2)
5.385: (drive-truck t1 l1-1 l1-0 c1)
5.255: (fly-airplane a0 l2-0 l1-0)
5.961: (drive-truck t1 l1-0 l1-1 c1)
5.688: (drive-truck t2 l2-1 l2-0 c2)
5.686: (drive-truck t0 l0-1 l0-0 c0)
5.957: (drive-truck t2 l2-0 l2-1 c2)
5.526: (fly-airplane a0 l1-0 l2-0)
5.382: (drive-truck t1 l1-1 l1-0 c1)
6.132: (fly-airplane a0 l2-0 l0-0)
5.866: (drive-truck t2 l2-1 l2-0 c2)
5.813: (drive-truck t0 l0-0 l0-1 c0)
5.979: (drive-truck t1 l1-0 l1-1 c1)
6.030: (drive-truck t0 l0-1 l0-0 c0)
6.202: (drive-truck t2 l2-0 l2-1 c2)
6.161: (drive-truck t0 l0-0 l0-1 c0)
6.078: (drive-truck t1 l1-1 l1-0 c1)
6.359: (load-airplane p2 a0 l0-0)
6.098: (drive-truck t2 l2-1 l2-0 c2)
6.087: (drive-truck t0 l0-1 l0-0 c0)
6.097: (fly-airplane a0 l0-0 l1-0)
6.096: (drive-truck t0 l0-0 l0-1 c0)
6.214: (fly-airplane a0 l1-0 l2-0)
6.214: (drive-truck t0 l0-1 l0-0 c0)
6.354: (drive-truck t1 l1-0 l1-1 c1)
6.235: (fly-airplane a0 l2-0 l0-0)
6.246: (drive-truck t0 l0-0 l0-1 c0)
6.354: (fly-airplane a0 l0-0 l2-0)
6.624: (drive-truck t2 l2-0 l2-1 c2)
6.488: (drive-truck t1 l1-1 l1-0 c1)
6.347: (fly-airplane a0 l2-0 l1-0)
5.418: (unload-airplane p4 a0 l1-0)
5.417: (fly-airplane a0 l1-0 l0-0)
5.543: (fly-airplane a0 l0-0 l2-0)
5.237: (drive-truck t2 l2-1 l2-0 c2)
5.832: (drive-truck t1 l1-0 l1-1 c1)
5.720: (fly-airplane a0 l2-0 l0-0)
5.426: (unload-airplane p2 a0 l0-0)
5.488: (drive-truck t0 l0-1 l0-0 c0)
5.713: (load-airplane p2 a0 l0-0)
5.829: (fly-airplane a0 l0-0 l2-0)
6.108: (drive-truck t2 l2-0 l2-1 c2)
5.541: (drive-truck t1 l1-1 l1-0 c1)
6.387: (load-truck p0 t1 l1-0)
6.246: (fly-airplane a0 l2-0 l0-0)
5.981: (drive-truck t2 l2-1 l2-0 c2)
5.773: (unload-airplane p2 a0 l0-0)
4.990: (fly-airplane a0 l0-0 l2-0)
4.992: (drive-truck t0 l0-0 l0-1 c0)
4.994: (fly-airplane a0 l2-0 l1-0)
4.992: (drive-truck t0 l0-1 l0-0 c0)
5.265: (drive-truck t2 l2-0 l2-1 c2)
5.269: (drive-truck t0 l0-0 l0-1 c0)
5.284: (fly-airplane a0 l1-0 l2-0)
5.280: (drive-truck t0 l0-1 l0-0 c0)
5.376: (drive-truck t1 l1-0 l1-1 c1)
5.307: (fly-airplane a0 l2-0 l1-0)
5.308: (drive-truck t0 l0-0 l0-1 c0)
5.378: (fly-airplane a0 l1-0 l2-0)
5.790: (drive-truck t2 l2-1 l2-0 c2)
5.774: (fly-airplane a0 l2-0 l1-0)
5.772: (drive-truck t0 l0-1 l0-0 c0)
5.788: (fly-airplane a0 l1-0 l2-0)
6.339: (unload-airplane p5 a0 l2-0)
6.343: (drive-truck t0 l0-0 l0-1 c0)
6.363: (fly-airplane a0 l2-0 l1-0)
6.359: (drive-truck t0 l0-1 l0-0 c0)
6.359: (fly-airplane a0 l1-0 l0-0)
6.365: (drive-truck t0 l0-0 l0-1 c0)
6.487: (drive-truck t1 l1-1 l1-0 c1)
6.454: (fly-airplane a0 l0-0 l2-0)
6.430: (drive-truck t0 l0-1 l0-0 c0)
6.455: (fly-airplane a0 l2-0 l0-0)
6.465: (fly-airplane a0 l0-0 l1-0)
6.489: (drive-truck t0 l0-0 l0-1 c0)
6.966: (unload-truck p0 t1 l1-0)
6.466: (load-airplane p4 a0 l1-0)
4.978: (load-truck p5 t2 l2-0)
4.976: (drive-truck t0 l0-1 l0-0 c0)
5.098: (fly-airplane a0 l1-0 l2-0)
5.100: (drive-truck t0 l0-0 l0-1 c0)
5.249: (drive-truck t1 l1-0 l1-1 c1)
5.248: (drive-truck t0 l0-1 l0-0 c0)
5.679: (fly-airplane a0 l2-0 l1-0)
5.681: (drive-truck t0 l0-0 l0-1 c0)
5.971: (fly-airplane a0 l1-0 l0-0)
5.822: (drive-truck t1 l1-1 l1-0 c1)
5.870: (drive-truck t0 l0-1 l0-0 c0)
6.019: (drive-truck t1 l1-0 l1-1 c1)
6.235: (load-airplane p2 a0 l0-0)
6.086: (drive-truck t1 l1-1 l1-0 c1)
6.096: (fly-airplane a0 l0-0 l1-0)
6.095: (drive-truck t0 l0-0 l0-1 c0)
6.099: (fly-airplane a0 l1-0 l0-0)
6.215: (fly-airplane a0 l0-0 l2-0)
6.215: (drive-truck t0 l0-1 l0-0 c0)
6.351: (drive-truck t1 l1-0 l1-1 c1)
6.351: (drive-truck t0 l0-0 l0-1 c0)
6.247: (fly-airplane a0 l2-0 l0-0)
6.799: (fly-airplane a0 l0-0 l1-0)
6.801: (drive-truck t0 l0-1 l0-0 c0)
7.567: (drive-truck t2 l2-0 l2-1 c2)
6.871: (drive-truck t1 l1-1 l1-0 c1)
6.867: (fly-airplane a0 l1-0 l0-0)
6.644: (unload-airplane p2 a0 l0-0)
5.757: (fly-airplane a0 l0-0 l1-0)
5.760: (drive-truck t0 l0-0 l0-1 c0)
5.864: (fly-airplane a0 l1-0 l2-0)
5.861: (drive-truck t0 l0-1 l0-0 c0)
5.966: (drive-truck t1 l1-0 l1-1 c1)
5.970: (drive-truck t0 l0-0 l0-1 c0)
6.455: (fly-airplane a0 l2-0 l1-0)
6.452: (drive-truck t0 l0-1 l0-0 c0)
6.704: (fly-airplane a0 l1-0 l0-0)
6.667: (drive-truck t0 l0-0 l0-1 c0)
6.592: (drive-truck t1 l1-1 l1-0 c1)
6.878: (load-airplane p2 a0 l0-0)
6.869: (fly-airplane a0 l0-0 l1-0)
6.967: (fly-airplane a0 l1-0 l2-0)
6.967: (drive-truck t0 l0-1 l0-0 c0)
7.047: (drive-truck t1 l1-0 l1-1 c1)
6.915: (fly-airplane a0 l2-0 l0-0)
7.004: (drive-truck t0 l0-0 l0-1 c0)
7.047: (fly-airplane a0 l0-0 l2-0)
7.563: (fly-airplane a0 l2-0 l1-0)
8.118: (unload-truck p5 t2 l2-1)
7.414: (drive-truck t1 l1-1 l1-0 c1)
7.414: (drive-truck t0 l0-1 l0-0 c0)
7.404: (fly-airplane a0 l1-0 l0-0)
7.189: (unload-airplane p2 a0 l0-0)
6.294: (fly-airplane a0 l0-0 l1-0)
6.297: (drive-truck t0 l0-0 l0-1 c0)
6.422: (fly-airplane a0 l1-0 l2-0)
6.420: (drive-truck t0 l0-1 l0-0 c0)
6.555: (drive-truck t1 l1-0 l1-1 c1)
6.557: (drive-truck t0 l0-0 l0-1 c0)
7.003: (fly-airplane a0 l2-0 l1-0)
7.000: (drive-truck t0 l0-1 l0-0 c0)
7.283: (fly-airplane a0 l1-0 l0-0)
7.245: (drive-truck t0 l0-0 l0-1 c0)
7.141: (drive-truck t1 l1-1 l1-0 c1)
7.417: (load-airplane p2 a0 l0-0)
7.530: (fly-airplane a0 l0-0 l2-0)
7.530: (drive-truck t0 l0-1 l0-0 c0)
7.646: (drive-truck t1 l1-0 l1-1 c1)
7.497: (fly-airplane a0 l2-0 l0-0)
7.563: (drive-truck t0 l0-0 l0-1 c0)
7.645: (fly-airplane a0 l0-0 l2-0)
8.672: (unload-airplane p2 a0 l2-0)
8.386: (load-truck p5 t2 l2-1)
7.398: (drive-truck t2 l2-1 l2-0 c2)
6.527: (load-truck p2 t2 l2-0)
6.392: (drive-truck t1 l1-1 l1-0 c1)
6.270: (fly-airplane a0 l2-0 l1-0)
5.410: (unload-airplane p4 a0 l1-0)
5.391: (drive-truck t0 l0-1 l0-0 c0)
5.394: (fly-airplane a0 l1-0 l0-0)
5.396: (fly-airplane a0 l0-0 l2-0)
5.415: (drive-truck t0 l0-0 l0-1 c0)
5.413: (fly-airplane a0 l2-0 l0-0)
6.005: (drive-truck t1 l1-0 l1-1 c1)
5.987: (drive-truck t0 l0-1 l0-0 c0)
5.979: (fly-airplane a0 l0-0 l1-0)
5.989: (fly-airplane a0 l1-0 l2-0)
6.007: (drive-truck t0 l0-0 l0-1 c0)
5.998: (fly-airplane a0 l2-0 l1-0)
6.661: (drive-truck t2 l2-0 l2-1 c2)
6.120: (drive-truck t1 l1-1 l1-0 c1)
6.119: (drive-truck t0 l0-1 l0-0 c0)
6.121: (fly-airplane a0 l1-0 l2-0)
6.121: (fly-airplane a0 l2-0 l0-0)
6.122: (drive-truck t0 l0-0 l0-1 c0)
6.123: (fly-airplane a0 l0-0 l2-0)
6.667: (drive-truck t1 l1-0 l1-1 c1)
6.667: (fly-airplane a0 l2-0 l0-0)
6.674: (drive-truck t0 l0-1 l0-0 c0)
6.665: (fly-airplane a0 l0-0 l1-0)
6.671: (fly-airplane a0 l1-0 l2-0)
7.644: (unload-truck p2 t2 l2-1)
7.080: (drive-truck t1 l1-1 l1-0 c1)
7.079: (fly-airplane a0 l2-0 l1-0)
7.078: (drive-truck t0 l0-0 l0-1 c0)
7.079: (fly-airplane a0 l1-0 l2-0)
7.080: (fly-airplane a0 l2-0 l0-0)
7.082: (drive-truck t0 l0-1 l0-0 c0)
7.615: (unload-truck p5 t2 l2-1)
7.081: (load-truck p2 t2 l2-1)
7.079: (fly-airplane a0 l0-0 l1-0)
7.080: (drive-truck t0 l0-0 l0-1 c0)
7.080: (fly-airplane a0 l1-0 l0-0)
7.083: (fly-airplane a0 l0-0 l2-0)
7.082: (drive-truck t0 l0-1 l0-0 c0)
7.620: (unload-truck p2 t2 l2-1)
7.612: (fly-airplane a0 l2-0 l1-0)
7.611: (drive-truck t0 l0-0 l0-1 c0)
7.613: (fly-airplane a0 l1-0 l0-0)
7.619: (fly-airplane a0 l0-0 l2-0)
8.190: (drive-truck t1 l1-0 l1-1 c1)
7.643: (load-truck p5 t2 l2-1)
7.636: (fly-airplane a0 l2-0 l1-0)
7.637: (drive-truck t0 l0-1 l0-0 c0)
7.645: (fly-airplane a0 l1-0 l0-0)
7.644: (drive-truck t0 l0-0 l0-1 c0)
8.184: (unload-truck p5 t2 l2-1)
7.644: (load-truck p2 t2 l2-1)
7.638: (fly-airplane a0 l0-0 l1-0)
7.637: (drive-truck t0 l0-1 l0-0 c0)
7.644: (fly-airplane a0 l1-0 l0-0)
7.645: (fly-airplane a0 l0-0 l2-0)
7.646: (drive-truck t0 l0-0 l0-1 c0)
8.662: (unload-truck p1 t2 l2-1)
7.702: (load-truck p5 t2 l2-1)
7.209: (drive-truck t1 l1-1 l1-0 c1)
7.207: (fly-airplane a0 l2-0 l1-0)
7.208: (fly-airplane a0 l1-0 l0-0)
7.211: (drive-truck t0 l0-1 l0-0 c0)
7.210: (fly-airplane a0 l0-0 l1-0)
7.211: (fly-airplane a0 l1-0 l2-0)
7.702: (drive-truck t1 l1-0 l1-1 c1)
7.695: (fly-airplane a0 l2-0 l1-0)
7.694: (drive-truck t0 l0-0 l0-1 c0)
7.701: (fly-airplane a0 l1-0 l0-0)
7.702: (drive-truck t0 l0-1 l0-0 c0)
8.660: (unload-truck p5 t2 l2-1)
8.165: (drive-truck t1 l1-1 l1-0 c1)
8.163: (drive-truck t0 l0-0 l0-1 c0)
8.163: (fly-airplane a0 l0-0 l1-0)
8.163: (drive-truck t0 l0-1 l0-0 c0)
8.166: (fly-airplane a0 l1-0 l2-0)
8.167: (drive-truck t0 l0-0 l0-1 c0)
8.688: (unload-truck p2 t2 l2-1)
8.163: (load-truck p5 t2 l2-1)
8.162: (fly-airplane a0 l2-0 l1-0)
8.163: (drive-truck t0 l0-1 l0-0 c0)
8.164: (fly-airplane a0 l1-0 l2-0)
8.166: (fly-airplane a0 l2-0 l0-0)
8.164: (drive-truck t0 l0-0 l0-1 c0)
8.659: (drive-truck t1 l1-0 l1-1 c1)
8.651: (fly-airplane a0 l0-0 l1-0)
8.653: (drive-truck t0 l0-1 l0-0 c0)
8.659: (fly-airplane a0 l1-0 l2-0)
8.658: (drive-truck t0 l0-0 l0-1 c0)
9.182: (unload-truck p5 t2 l2-1)
9.168: (fly-airplane a0 l2-0 l1-0)
8.176: (load-truck p1 t2 l2-1)
8.177: (drive-truck t0 l0-1 l0-0 c0)
8.185: (fly-airplane a0 l1-0 l0-0)
8.191: (fly-airplane a0 l0-0 l2-0)
9.184: (unload-truck p1 t2 l2-1)
8.661: (load-truck p2 t2 l2-1)
8.652: (fly-airplane a0 l2-0 l1-0)
8.653: (drive-truck t0 l0-0 l0-1 c0)
8.658: (fly-airplane a0 l1-0 l0-0)
9.176: (unload-truck p2 t2 l2-1)
8.682: (drive-truck t1 l1-1 l1-0 c1)
8.680: (fly-airplane a0 l0-0 l1-0)
8.681: (drive-truck t0 l0-1 l0-0 c0)
8.684: (fly-airplane a0 l1-0 l0-0)
8.689: (fly-airplane a0 l0-0 l2-0)
9.548: (load-truck p4 t1 l1-0)
8.480: (load-truck p1 t2 l2-1)
7.951: (load-truck p5 t2 l2-1)
6.968: (load-truck p2 t2 l2-1)
6.269: (drive-truck t2 l2-1 l2-0 c2)
6.266: (fly-airplane a0 l2-0 l1-0)
6.267: (fly-airplane a0 l1-0 l0-0)
6.285: (drive-truck t0 l0-0 l0-1 c0)
6.285: (fly-airplane a0 l0-0 l1-0)
6.287: (fly-airplane a0 l1-0 l2-0)
6.962: (drive-truck t2 l2-0 l2-1 c2)
6.962: (fly-airplane a0 l2-0 l0-0)
6.966: (fly-airplane a0 l0-0 l1-0)
6.972: (drive-truck t0 l0-1 l0-0 c0)
6.971: (fly-airplane a0 l1-0 l0-0)
7.071: (drive-truck t1 l1-0 l1-1 c1)
7.059: (drive-truck t2 l2-1 l2-0 c2)
7.058: (fly-airplane a0 l0-0 l1-0)
7.063: (fly-airplane a0 l1-0 l2-0)
7.069: (drive-truck t2 l2-0 l2-1 c2)
7.066: (drive-truck t0 l0-0 l0-1 c0)
7.066: (fly-airplane a0 l2-0 l0-0)
7.067: (fly-airplane a0 l0-0 l1-0)
7.070: (drive-truck t0 l0-1 l0-0 c0)
7.961: (load-airplane p0 a0 l1-0)
7.930: (drive-truck t1 l1-1 l1-0 c1)
6.963: (unload-truck p4 t1 l1-0)
6.252: (drive-truck t2 l2-1 l2-0 c2)
6.160: (fly-airplane a0 l1-0 l0-0)
6.283: (drive-truck t0 l0-0 l0-1 c0)
6.270: (fly-airplane a0 l0-0 l1-0)
6.392: (fly-airplane a0 l1-0 l2-0)
6.373: (drive-truck t0 l0-1 l0-0 c0)
6.513: (drive-truck t1 l1-0 l1-1 c1)
6.310: (fly-airplane a0 l2-0 l0-0)
6.432: (drive-truck t0 l0-0 l0-1 c0)
6.527: (fly-airplane a0 l0-0 l2-0)
6.974: (fly-airplane a0 l2-0 l1-0)
6.956: (drive-truck t0 l0-1 l0-0 c0)
7.655: (drive-truck t2 l2-0 l2-1 c2)
7.156: (fly-airplane a0 l1-0 l2-0)
7.079: (drive-truck t1 l1-1 l1-0 c1)
7.080: (drive-truck t0 l0-0 l0-1 c0)
6.957: (fly-airplane a0 l2-0 l1-0)
7.061: (fly-airplane a0 l1-0 l0-0)
7.123: (drive-truck t0 l0-1 l0-0 c0)
7.160: (drive-truck t1 l1-0 l1-1 c1)
7.131: (drive-truck t0 l0-0 l0-1 c0)
7.151: (fly-airplane a0 l0-0 l2-0)
7.650: (fly-airplane a0 l2-0 l1-0)
8.628: (unload-truck p2 t2 l2-1)
7.934: (drive-truck t1 l1-1 l1-0 c1)
7.937: (drive-truck t0 l0-1 l0-0 c0)
8.041: (fly-airplane a0 l1-0 l2-0)
8.038: (drive-truck t0 l0-0 l0-1 c0)
8.050: (fly-airplane a0 l2-0 l0-0)
8.053: (drive-truck t0 l0-1 l0-0 c0)
8.179: (drive-truck t1 l1-0 l1-1 c1)
8.167: (drive-truck t0 l0-0 l0-1 c0)
8.167: (fly-airplane a0 l0-0 l2-0)
8.174: (drive-truck t0 l0-1 l0-0 c0)
8.630: (fly-airplane a0 l2-0 l1-0)
9.163: (unload-truck p5 t2 l2-1)
8.459: (drive-truck t1 l1-1 l1-0 c1)
7.938: (load-truck p2 t2 l2-1)
7.937: (drive-truck t0 l0-0 l0-1 c0)
8.017: (fly-airplane a0 l1-0 l0-0)
8.059: (fly-airplane a0 l0-0 l2-0)
8.060: (drive-truck t0 l0-1 l0-0 c0)
8.099: (fly-airplane a0 l2-0 l0-0)
8.179: (drive-truck t1 l1-0 l1-1 c1)
8.144: (drive-truck t0 l0-0 l0-1 c0)
8.174: (fly-airplane a0 l0-0 l2-0)
8.180: (drive-truck t0 l0-1 l0-0 c0)
8.631: (fly-airplane a0 l2-0 l1-0)
8.630: (drive-truck t0 l0-0 l0-1 c0)
9.160: (unload-truck p2 t2 l2-1)
8.456: (drive-truck t1 l1-1 l1-0 c1)
8.573: (fly-airplane a0 l1-0 l0-0)
8.575: (drive-truck t0 l0-1 l0-0 c0)
8.590: (fly-airplane a0 l0-0 l2-0)
8.587: (drive-truck t0 l0-0 l0-1 c0)
8.734: (drive-truck t1 l1-0 l1-1 c1)
8.720: (fly-airplane a0 l2-0 l0-0)
8.722: (drive-truck t0 l0-1 l0-0 c0)
8.736: (fly-airplane a0 l0-0 l2-0)
9.770: (unload-airplane p0 a0 l2-0)
9.196: (load-truck p2 t2 l2-1)
8.197: (load-truck p5 t2 l2-1)
7.556: (drive-truck t2 l2-1 l2-0 c2)
6.709: (load-truck p0 t2 l2-0)
6.534: (drive-truck t1 l1-1 l1-0 c1)
6.531: (fly-airplane a0 l2-0 l1-0)
6.532: (fly-airplane a0 l1-0 l0-0)
6.550: (drive-truck t0 l0-0 l0-1 c0)
6.550: (fly-airplane a0 l0-0 l1-0)
6.552: (fly-airplane a0 l1-0 l2-0)
6.723: (drive-truck t1 l1-0 l1-1 c1)
6.717: (fly-airplane a0 l2-0 l0-0)
6.706: (drive-truck t0 l0-1 l0-0 c0)
6.705: (fly-airplane a0 l0-0 l1-0)
6.718: (drive-truck t0 l0-0 l0-1 c0)
7.206: (drive-truck t2 l2-0 l2-1 c2)
7.150: (drive-truck t1 l1-1 l1-0 c1)
7.146: (fly-airplane a0 l1-0 l2-0)
7.148: (fly-airplane a0 l2-0 l0-0)
7.154: (drive-truck t0 l0-1 l0-0 c0)
7.150: (fly-airplane a0 l0-0 l2-0)
7.153: (fly-airplane a0 l2-0 l1-0)
7.209: (drive-truck t1 l1-0 l1-1 c1)
7.205: (fly-airplane a0 l1-0 l2-0)
7.202: (drive-truck t0 l0-0 l0-1 c0)
7.204: (fly-airplane a0 l2-0 l0-0)
7.210: (drive-truck t0 l0-1 l0-0 c0)
8.236: (unload-truck p0 t2 l2-1)
8.151: (drive-truck t1 l1-1 l1-0 c1)
8.150: (drive-truck t0 l0-0 l0-1 c0)
8.150: (fly-airplane a0 l0-0 l2-0)
8.150: (drive-truck t0 l0-1 l0-0 c0)
8.151: (fly-airplane a0 l2-0 l1-0)
8.151: (drive-truck t0 l0-0 l0-1 c0)
8.231: (drive-truck t1 l1-0 l1-1 c1)
8.228: (fly-airplane a0 l1-0 l2-0)
8.228: (fly-airplane a0 l2-0 l0-0)
9.229: (unload-truck p5 t2 l2-1)
8.227: (load-truck p0 t2 l2-1)
8.144: (drive-truck t1 l1-1 l1-0 c1)
8.146: (drive-truck t0 l0-1 l0-0 c0)
8.146: (fly-airplane a0 l0-0 l2-0)
8.147: (drive-truck t0 l0-0 l0-1 c0)
8.147: (fly-airplane a0 l2-0 l1-0)
8.147: (drive-truck t0 l0-1 l0-0 c0)
8.236: (drive-truck t1 l1-0 l1-1 c1)
8.231: (drive-truck t0 l0-0 l0-1 c0)
8.229: (fly-airplane a0 l1-0 l2-0)
8.234: (drive-truck t0 l0-1 l0-0 c0)
8.236: (fly-airplane a0 l2-0 l0-0)
9.239: (unload-truck p0 t2 l2-1)
9.101: (drive-truck t1 l1-1 l1-0 c1)
9.099: (drive-truck t0 l0-0 l0-1 c0)
9.102: (fly-airplane a0 l0-0 l2-0)
9.102: (drive-truck t0 l0-1 l0-0 c0)
9.102: (fly-airplane a0 l2-0 l1-0)
9.102: (drive-truck t0 l0-0 l0-1 c0)
9.233: (drive-truck t1 l1-0 l1-1 c1)
9.232: (fly-airplane a0 l1-0 l2-0)
9.238: (drive-truck t0 l0-1 l0-0 c0)
8.233: (load-truck p5 t2 l2-1)
8.236: (fly-airplane a0 l2-0 l1-0)
9.239: (load-airplane p4 a0 l1-0)
8.796: (load-truck p0 t2 l2-1)
8.149: (drive-truck t2 l2-1 l2-0 c2)
7.310: (drive-truck t1 l1-1 l1-0 c1)
7.281: (fly-airplane a0 l1-0 l0-0)
7.405: (drive-truck t0 l0-0 l0-1 c0)
7.329: (fly-airplane a0 l0-0 l1-0)
7.516: (fly-airplane a0 l1-0 l2-0)
7.497: (drive-truck t0 l0-1 l0-0 c0)
7.646: (drive-truck t1 l1-0 l1-1 c1)
7.439: (fly-airplane a0 l2-0 l0-0)
7.581: (drive-truck t0 l0-0 l0-1 c0)
7.658: (fly-airplane a0 l0-0 l2-0)
8.169: (fly-airplane a0 l2-0 l1-0)
8.568: (unload-truck p0 t2 l2-0)
7.577: (unload-airplane p4 a0 l1-0)
7.411: (drive-truck t1 l1-1 l1-0 c1)
7.393: (drive-truck t0 l0-1 l0-0 c0)
7.389: (fly-airplane a0 l1-0 l2-0)
7.393: (fly-airplane a0 l2-0 l0-0)
7.408: (drive-truck t0 l0-0 l0-1 c0)
7.407: (fly-airplane a0 l0-0 l2-0)
7.574: (drive-truck t1 l1-0 l1-1 c1)
7.576: (fly-airplane a0 l2-0 l0-0)
7.560: (drive-truck t0 l0-1 l0-0 c0)
7.560: (fly-airplane a0 l0-0 l1-0)
8.193: (drive-truck t2 l2-0 l2-1 c2)
8.127: (drive-truck t1 l1-1 l1-0 c1)
8.126: (drive-truck t0 l0-0 l0-1 c0)
8.124: (fly-airplane a0 l1-0 l0-0)
8.127: (drive-truck t0 l0-1 l0-0 c0)
8.128: (fly-airplane a0 l0-0 l2-0)
8.128: (drive-truck t0 l0-0 l0-1 c0)
8.193: (drive-truck t1 l1-0 l1-1 c1)
8.187: (fly-airplane a0 l2-0 l0-0)
8.190: (fly-airplane a0 l0-0 l1-0)
[Final] Expanded: 1000, Generated: 14743
Failed to find a solution!
