/u/ibrahim.eisawy/Neural-Guided-Search/venv/lib/python3.10/site-packages/pymimir_rgnn/model.py:151: UserWarning: index_reduce() is in beta and the API may change at any time. (Triggered internally at /pytorch/aten/src/ATen/native/cuda/Indexing.cu:1541.)
  max_msg.index_reduce_(0, output_indices, output_messages, reduce='amax', include_self=True)
Torch: 2.12.0+cu130
Using GPU:  NVIDIA L40S
24.317: (load-truck p5 t3 l3-2)
22.341: (drive-truck t3 l3-2 l3-1 c3)
21.031: (load-truck p0 t3 l3-1)
19.903: (load-airplane p2 a0 l1-0)
18.706: (drive-truck t0 l0-1 l0-2 c0)
17.410: (load-truck p4 t0 l0-2)
16.369: (drive-truck t1 l1-0 l1-2 c1)
15.353: (load-truck p7 t1 l1-2)
14.494: (drive-truck t0 l0-2 l0-0 c0)
13.642: (drive-truck t3 l3-1 l3-0 c3)
12.555: (drive-truck t1 l1-2 l1-0 c1)
11.487: (load-truck p3 t3 l3-0)
10.507: (unload-truck p7 t1 l1-0)
10.431: (fly-airplane a1 l3-0 l2-0)
10.404: (drive-truck t2 l2-0 l2-1 c2)
10.450: (fly-airplane a1 l2-0 l0-0)
10.461: (fly-airplane a1 l0-0 l3-0)
10.465: (fly-airplane a1 l3-0 l1-0)
10.510: (drive-truck t2 l2-1 l2-0 c2)
10.496: (fly-airplane a1 l1-0 l0-0)
10.636: (drive-truck t2 l2-0 l2-2 c2)
7.436: (load-truck p1 t2 l2-2)
7.434: (fly-airplane a1 l0-0 l2-0)
7.451: (fly-airplane a1 l2-0 l1-0)
7.456: (fly-airplane a1 l1-0 l3-0)
7.581: (drive-truck t1 l1-0 l1-2 c1)
7.558: (fly-airplane a1 l3-0 l2-0)
7.561: (fly-airplane a1 l2-0 l0-0)
7.575: (fly-airplane a1 l0-0 l1-0)
7.677: (fly-airplane a0 l1-0 l3-0)
7.655: (drive-truck t1 l1-2 l1-0 c1)
7.640: (fly-airplane a1 l1-0 l2-0)
7.640: (fly-airplane a0 l3-0 l0-0)
7.646: (fly-airplane a1 l2-0 l0-0)
7.643: (fly-airplane a0 l0-0 l3-0)
7.663: (fly-airplane a1 l0-0 l3-0)
7.663: (fly-airplane a0 l3-0 l0-0)
7.655: (fly-airplane a1 l3-0 l1-0)
7.677: (drive-truck t1 l1-0 l1-2 c1)
7.662: (fly-airplane a1 l1-0 l2-0)
7.662: (fly-airplane a0 l0-0 l3-0)
7.665: (fly-airplane a1 l2-0 l0-0)
7.668: (fly-airplane a0 l3-0 l0-0)
7.685: (fly-airplane a1 l0-0 l3-0)
7.685: (fly-airplane a0 l0-0 l3-0)
7.845: (drive-truck t1 l1-2 l1-1 c1)
7.733: (fly-airplane a0 l3-0 l1-0)
7.711: (fly-airplane a1 l3-0 l2-0)
7.714: (fly-airplane a1 l2-0 l0-0)
7.727: (fly-airplane a1 l0-0 l1-0)
7.837: (fly-airplane a0 l1-0 l3-0)
7.822: (fly-airplane a1 l1-0 l2-0)
7.822: (fly-airplane a0 l3-0 l0-0)
7.828: (fly-airplane a1 l2-0 l0-0)
7.825: (fly-airplane a0 l0-0 l3-0)
8.466: (drive-truck t3 l3-0 l3-2 c3)
8.320: (drive-truck t1 l1-1 l1-0 c1)
8.318: (fly-airplane a1 l0-0 l2-0)
8.318: (drive-truck t3 l3-2 l3-1 c3)
8.319: (drive-truck t1 l1-0 l1-2 c1)
8.319: (drive-truck t3 l3-1 l3-2 c3)
8.322: (fly-airplane a1 l2-0 l0-0)
8.322: (drive-truck t3 l3-2 l3-1 c3)
8.320: (drive-truck t1 l1-2 l1-0 c1)
8.332: (fly-airplane a1 l0-0 l1-0)
8.332: (drive-truck t3 l3-1 l3-2 c3)
8.334: (drive-truck t1 l1-0 l1-2 c1)
8.334: (drive-truck t3 l3-2 l3-1 c3)
8.338: (fly-airplane a1 l1-0 l3-0)
8.336: (drive-truck t1 l1-2 l1-0 c1)
8.336: (drive-truck t3 l3-1 l3-2 c3)
8.338: (drive-truck t1 l1-0 l1-2 c1)
8.382: (fly-airplane a0 l3-0 l1-0)
8.367: (fly-airplane a1 l3-0 l2-0)
8.367: (drive-truck t3 l3-2 l3-1 c3)
8.370: (fly-airplane a1 l2-0 l0-0)
8.370: (drive-truck t3 l3-1 l3-2 c3)
8.382: (fly-airplane a1 l0-0 l1-0)
8.382: (drive-truck t3 l3-2 l3-1 c3)
8.382: (fly-airplane a1 l1-0 l3-0)
8.407: (fly-airplane a0 l1-0 l0-0)
8.393: (fly-airplane a1 l3-0 l2-0)
8.391: (drive-truck t1 l1-2 l1-0 c1)
8.391: (drive-truck t3 l3-1 l3-2 c3)
8.393: (drive-truck t1 l1-0 l1-2 c1)
8.398: (fly-airplane a1 l2-0 l0-0)
8.397: (drive-truck t1 l1-2 l1-0 c1)
8.397: (drive-truck t3 l3-2 l3-1 c3)
8.398: (drive-truck t1 l1-0 l1-2 c1)
8.408: (fly-airplane a1 l0-0 l1-0)
8.405: (drive-truck t1 l1-2 l1-0 c1)
8.405: (drive-truck t3 l3-1 l3-2 c3)
8.406: (fly-airplane a1 l1-0 l3-0)
8.406: (drive-truck t3 l3-2 l3-1 c3)
8.475: (fly-airplane a0 l0-0 l1-0)
8.460: (fly-airplane a1 l3-0 l2-0)
8.460: (drive-truck t3 l3-1 l3-2 c3)
8.463: (fly-airplane a1 l2-0 l0-0)
8.463: (drive-truck t3 l3-2 l3-1 c3)
8.473: (fly-airplane a1 l0-0 l1-0)
8.473: (drive-truck t3 l3-1 l3-2 c3)
8.475: (fly-airplane a1 l1-0 l3-0)
8.521: (drive-truck t1 l1-0 l1-1 c1)
8.482: (fly-airplane a0 l1-0 l3-0)
8.463: (fly-airplane a1 l3-0 l2-0)
8.463: (drive-truck t3 l3-2 l3-1 c3)
8.466: (fly-airplane a1 l2-0 l0-0)
8.478: (fly-airplane a1 l0-0 l1-0)
8.478: (drive-truck t3 l3-1 l3-2 c3)
8.521: (fly-airplane a0 l3-0 l1-0)
8.506: (fly-airplane a1 l1-0 l2-0)
8.506: (drive-truck t3 l3-2 l3-1 c3)
8.509: (fly-airplane a1 l2-0 l0-0)
8.509: (drive-truck t3 l3-1 l3-2 c3)
8.543: (fly-airplane a0 l1-0 l0-0)
8.537: (fly-airplane a1 l0-0 l2-0)
8.537: (drive-truck t3 l3-2 l3-1 c3)
8.543: (fly-airplane a1 l2-0 l0-0)
8.552: (fly-airplane a1 l0-0 l3-0)
7.845: (drive-truck t3 l3-1 l3-0 c3)
7.837: (fly-airplane a1 l3-0 l1-0)
8.496: (fly-airplane a0 l0-0 l2-0)
8.311: (drive-truck t1 l1-1 l1-0 c1)
8.299: (fly-airplane a1 l1-0 l0-0)
8.319: (fly-airplane a1 l0-0 l3-0)
8.338: (fly-airplane a1 l3-0 l2-0)
8.359: (drive-truck t1 l1-0 l1-2 c1)
8.320: (fly-airplane a1 l2-0 l0-0)
8.333: (fly-airplane a1 l0-0 l1-0)
8.341: (fly-airplane a1 l1-0 l3-0)
8.504: (drive-truck t1 l1-2 l1-1 c1)
8.483: (fly-airplane a1 l3-0 l0-0)
8.523: (fly-airplane a1 l0-0 l2-0)
8.746: (drive-truck t2 l2-2 l2-0 c2)
8.562: (drive-truck t1 l1-1 l1-0 c1)
8.340: (fly-airplane a0 l2-0 l1-0)
8.365: (fly-airplane a1 l2-0 l0-0)
8.377: (fly-airplane a1 l0-0 l3-0)
8.380: (fly-airplane a1 l3-0 l1-0)
8.501: (drive-truck t1 l1-0 l1-2 c1)
8.462: (fly-airplane a1 l1-0 l2-0)
8.487: (fly-airplane a1 l2-0 l0-0)
8.500: (fly-airplane a1 l0-0 l3-0)
8.590: (fly-airplane a0 l1-0 l2-0)
8.570: (drive-truck t1 l1-2 l1-0 c1)
8.556: (fly-airplane a1 l3-0 l0-0)
8.569: (fly-airplane a1 l0-0 l1-0)
8.578: (fly-airplane a0 l2-0 l0-0)
8.542: (fly-airplane a1 l1-0 l2-0)
8.546: (fly-airplane a0 l0-0 l3-0)
8.565: (drive-truck t1 l1-0 l1-2 c1)
8.561: (fly-airplane a0 l3-0 l0-0)
8.581: (fly-airplane a0 l0-0 l2-0)
8.576: (fly-airplane a1 l2-0 l0-0)
8.589: (fly-airplane a1 l0-0 l1-0)
8.599: (fly-airplane a0 l2-0 l0-0)
8.590: (fly-airplane a1 l1-0 l0-0)
8.571: (drive-truck t1 l1-2 l1-0 c1)
8.571: (fly-airplane a0 l0-0 l3-0)
8.582: (fly-airplane a1 l0-0 l1-0)
8.584: (fly-airplane a1 l1-0 l3-0)
8.580: (fly-airplane a0 l3-0 l0-0)
8.600: (drive-truck t1 l1-0 l1-2 c1)
8.604: (fly-airplane a0 l0-0 l3-0)
8.590: (fly-airplane a1 l3-0 l0-0)
8.603: (fly-airplane a1 l0-0 l1-0)
8.767: (drive-truck t1 l1-2 l1-1 c1)
8.658: (fly-airplane a0 l3-0 l1-0)
8.619: (fly-airplane a1 l1-0 l2-0)
8.644: (fly-airplane a1 l2-0 l0-0)
8.657: (fly-airplane a1 l0-0 l3-0)
8.755: (fly-airplane a0 l1-0 l2-0)
8.741: (fly-airplane a1 l3-0 l0-0)
8.754: (fly-airplane a1 l0-0 l1-0)
8.763: (fly-airplane a0 l2-0 l0-0)
8.727: (fly-airplane a1 l1-0 l2-0)
8.730: (fly-airplane a0 l0-0 l3-0)
8.755: (fly-airplane a1 l2-0 l0-0)
8.755: (fly-airplane a0 l3-0 l0-0)
8.764: (fly-airplane a1 l0-0 l3-0)
8.768: (fly-airplane a0 l0-0 l3-0)
9.126: (drive-truck t2 l2-0 l2-1 c2)
8.956: (drive-truck t1 l1-1 l1-0 c1)
8.750: (fly-airplane a0 l3-0 l1-0)
8.737: (fly-airplane a1 l3-0 l0-0)
8.751: (fly-airplane a1 l0-0 l2-0)
8.752: (fly-airplane a1 l2-0 l1-0)
8.871: (drive-truck t1 l1-0 l1-2 c1)
8.858: (fly-airplane a1 l1-0 l0-0)
8.870: (fly-airplane a1 l0-0 l3-0)
8.871: (fly-airplane a1 l3-0 l2-0)
8.972: (fly-airplane a0 l1-0 l0-0)
8.953: (drive-truck t1 l1-2 l1-0 c1)
8.943: (fly-airplane a1 l2-0 l0-0)
8.943: (fly-airplane a0 l0-0 l3-0)
8.954: (fly-airplane a1 l0-0 l1-0)
8.950: (fly-airplane a0 l3-0 l0-0)
8.952: (fly-airplane a1 l1-0 l3-0)
8.972: (drive-truck t1 l1-0 l1-2 c1)
8.962: (fly-airplane a1 l3-0 l0-0)
8.962: (fly-airplane a0 l0-0 l3-0)
8.975: (fly-airplane a1 l0-0 l1-0)
8.971: (fly-airplane a0 l3-0 l0-0)
9.121: (drive-truck t1 l1-2 l1-1 c1)
9.016: (fly-airplane a0 l0-0 l1-0)
9.002: (fly-airplane a1 l1-0 l0-0)
9.015: (fly-airplane a1 l0-0 l3-0)
9.015: (fly-airplane a1 l3-0 l2-0)
9.122: (fly-airplane a0 l1-0 l0-0)
9.112: (fly-airplane a1 l2-0 l0-0)
9.113: (fly-airplane a0 l0-0 l3-0)
9.125: (fly-airplane a1 l0-0 l1-0)
9.126: (fly-airplane a1 l1-0 l2-0)
8.956: (drive-truck t1 l1-1 l1-0 c1)
8.976: (drive-truck t1 l1-0 l1-2 c1)
8.976: (fly-airplane a1 l2-0 l3-0)
9.644: (drive-truck t3 l3-0 l3-1 c3)
9.276: (drive-truck t2 l2-1 l2-0 c2)
9.236: (fly-airplane a1 l3-0 l2-0)
9.234: (drive-truck t1 l1-2 l1-0 c1)
9.234: (drive-truck t3 l3-1 l3-2 c3)
9.236: (drive-truck t1 l1-0 l1-2 c1)
9.260: (fly-airplane a1 l2-0 l0-0)
9.258: (drive-truck t1 l1-2 l1-0 c1)
9.258: (drive-truck t3 l3-2 l3-1 c3)
9.260: (drive-truck t1 l1-0 l1-2 c1)
9.273: (fly-airplane a1 l0-0 l1-0)
9.270: (drive-truck t1 l1-2 l1-0 c1)
9.270: (drive-truck t3 l3-1 l3-2 c3)
9.273: (drive-truck t1 l1-0 l1-2 c1)
9.276: (fly-airplane a1 l1-0 l3-0)
9.274: (drive-truck t1 l1-2 l1-0 c1)
9.274: (drive-truck t3 l3-2 l3-1 c3)
9.335: (fly-airplane a0 l3-0 l2-0)
9.065: (drive-truck t2 l2-0 l2-2 c2)
9.052: (fly-airplane a1 l3-0 l0-0)
9.052: (drive-truck t3 l3-1 l3-2 c3)
9.054: (drive-truck t1 l1-0 l1-2 c1)
9.054: (drive-truck t3 l3-2 l3-1 c3)
9.067: (fly-airplane a1 l0-0 l3-0)
9.067: (drive-truck t3 l3-1 l3-2 c3)
8.407: (fly-airplane a0 l2-0 l0-0)
8.408: (fly-airplane a1 l3-0 l1-0)
8.552: (drive-truck t1 l1-2 l1-1 c1)
8.552: (fly-airplane a1 l1-0 l3-0)
9.199: (unload-truck p5 t3 l3-2)
9.053: (drive-truck t1 l1-1 l1-0 c1)
8.995: (fly-airplane a0 l0-0 l3-0)
8.977: (fly-airplane a1 l3-0 l2-0)
8.978: (drive-truck t1 l1-0 l1-2 c1)
8.980: (fly-airplane a1 l2-0 l0-0)
8.980: (drive-truck t1 l1-2 l1-0 c1)
8.992: (fly-airplane a1 l0-0 l1-0)
8.993: (drive-truck t1 l1-0 l1-2 c1)
8.996: (fly-airplane a1 l1-0 l3-0)
9.040: (fly-airplane a0 l3-0 l1-0)
9.018: (fly-airplane a1 l3-0 l2-0)
9.016: (drive-truck t1 l1-2 l1-0 c1)
9.018: (fly-airplane a1 l2-0 l0-0)
9.021: (drive-truck t1 l1-0 l1-2 c1)
9.035: (fly-airplane a1 l0-0 l1-0)
9.031: (drive-truck t1 l1-2 l1-0 c1)
9.038: (fly-airplane a1 l1-0 l3-0)
9.186: (drive-truck t1 l1-0 l1-1 c1)
9.141: (fly-airplane a0 l1-0 l3-0)
9.123: (fly-airplane a1 l3-0 l2-0)
9.126: (fly-airplane a1 l2-0 l0-0)
9.138: (fly-airplane a1 l0-0 l1-0)
9.181: (fly-airplane a0 l3-0 l1-0)
9.164: (fly-airplane a1 l1-0 l2-0)
9.167: (fly-airplane a1 l2-0 l0-0)
9.183: (fly-airplane a0 l1-0 l0-0)
9.036: (drive-truck t1 l1-1 l1-0 c1)
9.030: (fly-airplane a1 l0-0 l2-0)
9.031: (drive-truck t1 l1-0 l1-2 c1)
9.037: (fly-airplane a1 l2-0 l0-0)
9.046: (fly-airplane a1 l0-0 l1-0)
9.046: (drive-truck t1 l1-2 l1-0 c1)
9.192: (drive-truck t1 l1-0 l1-1 c1)
9.177: (fly-airplane a1 l1-0 l2-0)
9.876: (fly-airplane a0 l0-0 l2-0)
9.236: (load-truck p5 t3 l3-2)
9.090: (drive-truck t1 l1-1 l1-0 c1)
9.065: (fly-airplane a1 l2-0 l1-0)
9.065: (drive-truck t3 l3-2 l3-1 c3)
9.067: (drive-truck t1 l1-0 l1-2 c1)
9.067: (drive-truck t3 l3-1 l3-2 c3)
9.092: (fly-airplane a1 l1-0 l2-0)
9.092: (drive-truck t3 l3-2 l3-1 c3)
9.090: (drive-truck t1 l1-2 l1-0 c1)
9.236: (drive-truck t1 l1-0 l1-1 c1)
9.198: (fly-airplane a1 l2-0 l0-0)
9.198: (drive-truck t3 l3-1 l3-2 c3)
9.211: (fly-airplane a1 l0-0 l3-0)
9.065: (drive-truck t1 l1-1 l1-0 c1)
9.335: (drive-truck t2 l2-2 l2-0 c2)
9.321: (fly-airplane a1 l3-0 l0-0)
9.321: (drive-truck t3 l3-2 l3-1 c3)
9.323: (drive-truck t1 l1-0 l1-2 c1)
9.305: (fly-airplane a0 l2-0 l1-0)
9.280: (fly-airplane a1 l0-0 l2-0)
9.280: (drive-truck t3 l3-1 l3-2 c3)
9.305: (fly-airplane a1 l2-0 l0-0)
9.317: (fly-airplane a1 l0-0 l3-0)
9.317: (drive-truck t3 l3-2 l3-1 c3)
9.317: (fly-airplane a1 l3-0 l1-0)
9.317: (drive-truck t3 l3-1 l3-2 c3)
9.337: (fly-airplane a0 l1-0 l2-0)
9.323: (fly-airplane a1 l1-0 l0-0)
9.329: (fly-airplane a1 l0-0 l2-0)
9.309: (fly-airplane a0 l2-0 l0-0)
9.307: (drive-truck t1 l1-2 l1-0 c1)
9.307: (drive-truck t3 l3-2 l3-1 c3)
9.309: (drive-truck t1 l1-0 l1-2 c1)
9.329: (fly-airplane a0 l0-0 l2-0)
9.327: (drive-truck t1 l1-2 l1-0 c1)
9.327: (drive-truck t3 l3-1 l3-2 c3)
9.334: (fly-airplane a1 l2-0 l1-0)
9.334: (drive-truck t3 l3-2 l3-1 c3)
9.337: (drive-truck t1 l1-0 l1-2 c1)
9.337: (fly-airplane a1 l1-0 l3-0)
9.337: (drive-truck t3 l3-1 l3-2 c3)
9.346: (fly-airplane a0 l2-0 l0-0)
9.337: (fly-airplane a1 l3-0 l0-0)
9.335: (drive-truck t1 l1-2 l1-0 c1)
9.335: (drive-truck t3 l3-2 l3-1 c3)
9.337: (drive-truck t1 l1-0 l1-2 c1)
9.346: (fly-airplane a1 l0-0 l3-0)
9.344: (drive-truck t1 l1-2 l1-0 c1)
9.343: (fly-airplane a1 l3-0 l1-0)
9.343: (drive-truck t3 l3-1 l3-2 c3)
9.344: (fly-airplane a1 l1-0 l3-0)
9.410: (fly-airplane a0 l0-0 l1-0)
9.373: (fly-airplane a1 l3-0 l2-0)
9.373: (drive-truck t3 l3-2 l3-1 c3)
9.398: (fly-airplane a1 l2-0 l0-0)
9.398: (drive-truck t3 l3-1 l3-2 c3)
9.408: (fly-airplane a1 l0-0 l1-0)
9.408: (drive-truck t3 l3-2 l3-1 c3)
9.410: (fly-airplane a1 l1-0 l3-0)
9.450: (drive-truck t1 l1-0 l1-1 c1)
8.521: (drive-truck t2 l2-0 l2-2 c2)
8.482: (fly-airplane a0 l1-0 l3-0)
9.141: (unload-truck p5 t3 l3-1)
8.995: (drive-truck t1 l1-1 l1-0 c1)
8.977: (fly-airplane a1 l3-0 l2-0)
8.978: (drive-truck t1 l1-0 l1-2 c1)
8.980: (fly-airplane a1 l2-0 l0-0)
8.980: (drive-truck t1 l1-2 l1-0 c1)
8.992: (fly-airplane a1 l0-0 l1-0)
8.993: (drive-truck t1 l1-0 l1-2 c1)
8.996: (fly-airplane a1 l1-0 l3-0)
9.040: (fly-airplane a0 l3-0 l1-0)
9.018: (fly-airplane a1 l3-0 l2-0)
9.016: (drive-truck t1 l1-2 l1-0 c1)
9.018: (fly-airplane a1 l2-0 l0-0)
9.021: (drive-truck t1 l1-0 l1-2 c1)
9.035: (fly-airplane a1 l0-0 l1-0)
9.031: (drive-truck t1 l1-2 l1-0 c1)
9.038: (fly-airplane a1 l1-0 l3-0)
9.053: (fly-airplane a0 l1-0 l0-0)
9.030: (fly-airplane a1 l3-0 l2-0)
9.031: (drive-truck t1 l1-0 l1-2 c1)
9.037: (fly-airplane a1 l2-0 l0-0)
9.036: (drive-truck t1 l1-2 l1-0 c1)
9.046: (fly-airplane a1 l0-0 l1-0)
9.046: (drive-truck t1 l1-0 l1-2 c1)
9.053: (fly-airplane a1 l1-0 l3-0)
9.199: (drive-truck t1 l1-2 l1-1 c1)
9.177: (fly-airplane a1 l3-0 l2-0)
9.123: (fly-airplane a0 l0-0 l3-0)
9.126: (fly-airplane a1 l2-0 l0-0)
9.138: (fly-airplane a1 l0-0 l1-0)
9.181: (fly-airplane a0 l3-0 l1-0)
8.521: (load-truck p5 t3 l3-1)
8.552: (fly-airplane a0 l1-0 l0-0)
9.192: (unload-truck p5 t3 l3-1)
9.183: (fly-airplane a1 l1-0 l0-0)
9.167: (fly-airplane a0 l0-0 l1-0)
9.164: (fly-airplane a1 l0-0 l2-0)
9.186: (fly-airplane a1 l2-0 l3-0)
9.858: (fly-airplane a0 l1-0 l2-0)
9.211: (load-truck p5 t3 l3-1)
9.211: (fly-airplane a1 l3-0 l1-0)
9.211: (drive-truck t3 l3-1 l3-2 c3)
9.473: (drive-truck t2 l2-2 l2-0 c2)
9.409: (fly-airplane a0 l2-0 l3-0)
9.372: (fly-airplane a1 l1-0 l2-0)
9.372: (drive-truck t3 l3-2 l3-1 c3)
9.397: (fly-airplane a1 l2-0 l0-0)
9.397: (drive-truck t3 l3-1 l3-2 c3)
9.413: (fly-airplane a1 l0-0 l3-0)
9.413: (drive-truck t3 l3-2 l3-1 c3)
9.409: (fly-airplane a1 l3-0 l1-0)
9.451: (fly-airplane a0 l3-0 l1-0)
9.413: (fly-airplane a1 l1-0 l2-0)
9.413: (drive-truck t3 l3-1 l3-2 c3)
9.438: (fly-airplane a1 l2-0 l0-0)
9.438: (drive-truck t3 l3-2 l3-1 c3)
9.459: (fly-airplane a0 l1-0 l2-0)
9.459: (drive-truck t3 l3-1 l3-2 c3)
9.465: (fly-airplane a1 l0-0 l2-0)
9.446: (fly-airplane a0 l2-0 l0-0)
9.446: (drive-truck t3 l3-2 l3-1 c3)
9.465: (fly-airplane a0 l0-0 l2-0)
9.473: (fly-airplane a1 l2-0 l3-0)
9.473: (drive-truck t3 l3-1 l3-2 c3)
9.450: (fly-airplane a0 l2-0 l1-0)
9.451: (fly-airplane a1 l3-0 l1-0)
9.483: (fly-airplane a0 l1-0 l0-0)
9.346: (drive-truck t1 l1-1 l1-2 c1)
9.346: (drive-truck t3 l3-2 l3-1 c3)
9.483: (drive-truck t1 l1-2 l1-1 c1)
9.473: (fly-airplane a0 l0-0 l2-0)
10.047: (unload-truck p5 t3 l3-1)
9.852: (drive-truck t2 l2-0 l2-2 c2)
9.706: (drive-truck t1 l1-1 l1-0 c1)
9.692: (fly-airplane a1 l1-0 l0-0)
9.692: (drive-truck t1 l1-0 l1-2 c1)
9.706: (fly-airplane a1 l0-0 l1-0)
9.713: (fly-airplane a1 l1-0 l3-0)
9.713: (drive-truck t1 l1-2 l1-0 c1)
9.730: (fly-airplane a1 l3-0 l2-0)
9.731: (drive-truck t1 l1-0 l1-2 c1)
9.876: (drive-truck t1 l1-2 l1-1 c1)
9.838: (fly-airplane a1 l2-0 l0-0)
10.033: (drive-truck t2 l2-2 l2-0 c2)
9.886: (drive-truck t1 l1-1 l1-0 c1)
9.836: (fly-airplane a0 l2-0 l3-0)
9.811: (fly-airplane a1 l0-0 l2-0)
9.811: (drive-truck t1 l1-0 l1-2 c1)
9.836: (fly-airplane a1 l2-0 l0-0)
9.848: (fly-airplane a1 l0-0 l1-0)
9.848: (drive-truck t1 l1-2 l1-0 c1)
9.851: (fly-airplane a1 l1-0 l3-0)
9.851: (drive-truck t1 l1-0 l1-2 c1)
9.900: (fly-airplane a0 l3-0 l1-0)
9.858: (fly-airplane a1 l3-0 l2-0)
9.856: (drive-truck t1 l1-2 l1-0 c1)
9.871: (fly-airplane a0 l1-0 l0-0)
9.872: (drive-truck t1 l1-0 l1-2 c1)
9.892: (fly-airplane a0 l0-0 l2-0)
9.886: (fly-airplane a1 l2-0 l0-0)
9.883: (fly-airplane a0 l2-0 l1-0)
9.881: (drive-truck t1 l1-2 l1-0 c1)
9.893: (fly-airplane a1 l0-0 l1-0)
9.897: (drive-truck t1 l1-0 l1-2 c1)
9.900: (fly-airplane a0 l1-0 l2-0)
9.900: (drive-truck t1 l1-2 l1-0 c1)
9.891: (fly-airplane a1 l1-0 l2-0)
9.904: (fly-airplane a1 l2-0 l3-0)
9.898: (fly-airplane a0 l2-0 l1-0)
9.913: (fly-airplane a0 l1-0 l0-0)
9.899: (fly-airplane a1 l3-0 l0-0)
9.900: (drive-truck t1 l1-0 l1-2 c1)
9.909: (fly-airplane a1 l0-0 l1-0)
9.908: (drive-truck t1 l1-2 l1-0 c1)
10.057: (drive-truck t1 l1-0 l1-1 c1)
9.996: (fly-airplane a0 l0-0 l3-0)
9.959: (fly-airplane a1 l1-0 l2-0)
9.983: (fly-airplane a1 l2-0 l0-0)
9.998: (fly-airplane a1 l0-0 l3-0)
10.049: (fly-airplane a0 l3-0 l1-0)
10.007: (fly-airplane a1 l3-0 l2-0)
10.020: (fly-airplane a0 l1-0 l0-0)
10.039: (fly-airplane a0 l0-0 l2-0)
10.052: (fly-airplane a1 l2-0 l3-0)
9.905: (drive-truck t1 l1-1 l1-2 c1)
9.914: (fly-airplane a0 l2-0 l0-0)
10.062: (drive-truck t1 l1-2 l1-1 c1)
9.483: (load-truck p5 t3 l3-1)
9.474: (fly-airplane a1 l3-0 l0-0)
9.474: (drive-truck t3 l3-1 l3-2 c3)
9.483: (fly-airplane a1 l0-0 l3-0)
9.840: (drive-truck t2 l2-0 l2-1 c2)
9.122: (drive-truck t3 l3-2 l3-0 c3)
9.830: (fly-airplane a0 l0-0 l2-0)
9.660: (drive-truck t1 l1-1 l1-0 c1)
9.646: (fly-airplane a1 l3-0 l0-0)
9.658: (fly-airplane a1 l0-0 l1-0)
9.666: (fly-airplane a1 l1-0 l2-0)
9.686: (drive-truck t1 l1-0 l1-2 c1)
9.666: (fly-airplane a1 l2-0 l0-0)
9.679: (fly-airplane a1 l0-0 l1-0)
9.680: (fly-airplane a1 l1-0 l3-0)
10.423: (drive-truck t3 l3-0 l3-2 c3)
9.644: (fly-airplane a0 l2-0 l3-0)
9.628: (fly-airplane a1 l3-0 l0-0)
9.626: (drive-truck t1 l1-2 l1-0 c1)
9.626: (drive-truck t3 l3-2 l3-1 c3)
9.628: (drive-truck t1 l1-0 l1-2 c1)
9.641: (fly-airplane a1 l0-0 l2-0)
9.639: (drive-truck t1 l1-2 l1-0 c1)
9.638: (fly-airplane a1 l2-0 l1-0)
9.638: (drive-truck t3 l3-1 l3-2 c3)
9.639: (fly-airplane a1 l1-0 l2-0)
9.641: (drive-truck t1 l1-0 l1-2 c1)
9.641: (fly-airplane a1 l2-0 l1-0)
9.641: (drive-truck t3 l3-2 l3-1 c3)
9.685: (fly-airplane a0 l3-0 l1-0)
9.673: (fly-airplane a1 l1-0 l0-0)
9.673: (drive-truck t3 l3-1 l3-2 c3)
9.685: (fly-airplane a1 l0-0 l3-0)
9.685: (drive-truck t3 l3-2 l3-1 c3)
9.685: (fly-airplane a1 l3-0 l2-0)
9.685: (drive-truck t3 l3-1 l3-2 c3)
9.685: (fly-airplane a1 l2-0 l1-0)
9.714: (fly-airplane a0 l1-0 l0-0)
9.705: (fly-airplane a1 l1-0 l0-0)
9.703: (drive-truck t1 l1-2 l1-0 c1)
9.703: (drive-truck t3 l3-2 l3-1 c3)
9.705: (drive-truck t1 l1-0 l1-2 c1)
9.714: (fly-airplane a1 l0-0 l3-0)
9.712: (drive-truck t1 l1-2 l1-0 c1)
9.642: (fly-airplane a0 l0-0 l3-0)
9.642: (drive-truck t3 l3-1 l3-2 c3)
9.712: (fly-airplane a0 l3-0 l0-0)
9.711: (fly-airplane a1 l3-0 l1-0)
9.711: (drive-truck t3 l3-2 l3-1 c3)
9.712: (fly-airplane a1 l1-0 l2-0)
9.712: (drive-truck t3 l3-1 l3-2 c3)
9.714: (drive-truck t1 l1-0 l1-2 c1)
9.714: (fly-airplane a1 l2-0 l3-0)
10.281: (unload-truck p5 t3 l3-2)
9.053: (drive-truck t2 l2-1 l2-2 c2)
9.713: (fly-airplane a0 l0-0 l2-0)
9.692: (fly-airplane a1 l3-0 l0-0)
9.692: (drive-truck t1 l1-2 l1-0 c1)
9.706: (fly-airplane a1 l0-0 l1-0)
9.706: (drive-truck t1 l1-0 l1-2 c1)
9.731: (fly-airplane a1 l1-0 l2-0)
9.730: (drive-truck t1 l1-2 l1-0 c1)
9.713: (fly-airplane a1 l2-0 l3-0)
9.858: (drive-truck t1 l1-0 l1-1 c1)
9.838: (fly-airplane a1 l3-0 l0-0)
9.852: (fly-airplane a1 l0-0 l1-0)
10.047: (drive-truck t2 l2-2 l2-0 c2)
9.900: (drive-truck t1 l1-1 l1-0 c1)
9.848: (fly-airplane a0 l2-0 l3-0)
9.811: (fly-airplane a1 l1-0 l2-0)
9.811: (drive-truck t1 l1-0 l1-2 c1)
9.836: (fly-airplane a1 l2-0 l0-0)
9.836: (drive-truck t1 l1-2 l1-0 c1)
9.851: (fly-airplane a1 l0-0 l3-0)
9.851: (drive-truck t1 l1-0 l1-2 c1)
9.848: (fly-airplane a1 l3-0 l1-0)
9.897: (fly-airplane a0 l3-0 l1-0)
9.858: (fly-airplane a1 l1-0 l2-0)
9.856: (drive-truck t1 l1-2 l1-0 c1)
9.871: (fly-airplane a0 l1-0 l0-0)
9.872: (drive-truck t1 l1-0 l1-2 c1)
9.892: (fly-airplane a0 l0-0 l2-0)
9.886: (fly-airplane a1 l2-0 l0-0)
9.883: (fly-airplane a0 l2-0 l1-0)
9.881: (drive-truck t1 l1-2 l1-0 c1)
9.886: (fly-airplane a0 l1-0 l2-0)
9.891: (fly-airplane a1 l0-0 l2-0)
9.904: (fly-airplane a1 l2-0 l3-0)
9.898: (fly-airplane a0 l2-0 l1-0)
9.893: (fly-airplane a1 l3-0 l1-0)
9.908: (fly-airplane a0 l1-0 l0-0)
9.899: (fly-airplane a1 l1-0 l0-0)
9.900: (drive-truck t1 l1-0 l1-2 c1)
9.909: (fly-airplane a1 l0-0 l1-0)
9.900: (fly-airplane a0 l0-0 l2-0)
9.905: (fly-airplane a1 l1-0 l3-0)
9.900: (fly-airplane a0 l2-0 l1-0)
9.914: (fly-airplane a0 l1-0 l0-0)
9.913: (drive-truck t1 l1-2 l1-0 c1)
10.062: (drive-truck t1 l1-0 l1-1 c1)
9.998: (fly-airplane a0 l0-0 l3-0)
9.959: (fly-airplane a1 l3-0 l2-0)
9.983: (fly-airplane a1 l2-0 l0-0)
9.996: (fly-airplane a1 l0-0 l1-0)
10.045: (fly-airplane a0 l3-0 l1-0)
10.007: (fly-airplane a1 l1-0 l2-0)
10.020: (fly-airplane a0 l1-0 l0-0)
10.039: (fly-airplane a0 l0-0 l2-0)
10.033: (fly-airplane a1 l2-0 l0-0)
10.032: (fly-airplane a0 l2-0 l1-0)
10.047: (fly-airplane a0 l1-0 l0-0)
10.057: (fly-airplane a1 l0-0 l1-0)
10.413: (drive-truck t2 l2-0 l2-1 c2)
9.840: (load-truck p5 t3 l3-2)
9.767: (fly-airplane a0 l0-0 l3-0)
9.754: (fly-airplane a1 l1-0 l0-0)
9.754: (drive-truck t3 l3-2 l3-1 c3)
9.767: (fly-airplane a1 l0-0 l2-0)
9.767: (drive-truck t3 l3-1 l3-2 c3)
9.770: (fly-airplane a1 l2-0 l3-0)
9.770: (drive-truck t3 l3-2 l3-1 c3)
9.767: (fly-airplane a1 l3-0 l1-0)
9.808: (fly-airplane a0 l3-0 l1-0)
9.776: (drive-truck t1 l1-1 l1-0 c1)
9.766: (fly-airplane a1 l1-0 l0-0)
9.766: (drive-truck t3 l3-1 l3-2 c3)
9.776: (fly-airplane a1 l0-0 l1-0)
9.778: (fly-airplane a1 l1-0 l3-0)
9.778: (drive-truck t3 l3-2 l3-1 c3)
9.779: (fly-airplane a1 l3-0 l2-0)
9.779: (drive-truck t3 l3-1 l3-2 c3)
9.808: (drive-truck t1 l1-0 l1-1 c1)
9.796: (fly-airplane a1 l2-0 l0-0)
9.796: (drive-truck t3 l3-2 l3-1 c3)
9.808: (fly-airplane a1 l0-0 l3-0)
9.808: (drive-truck t3 l3-1 l3-2 c3)
9.808: (fly-airplane a1 l3-0 l1-0)
10.402: (unload-truck p5 t3 l3-2)
10.261: (drive-truck t1 l1-1 l1-0 c1)
10.215: (fly-airplane a0 l1-0 l3-0)
10.202: (fly-airplane a1 l1-0 l0-0)
10.203: (drive-truck t1 l1-0 l1-2 c1)
10.215: (fly-airplane a1 l0-0 l2-0)
10.215: (drive-truck t1 l1-2 l1-0 c1)
10.217: (fly-airplane a1 l2-0 l3-0)
10.218: (drive-truck t1 l1-0 l1-2 c1)
10.215: (fly-airplane a1 l3-0 l1-0)
10.264: (fly-airplane a0 l3-0 l1-0)
10.251: (fly-airplane a1 l1-0 l0-0)
10.249: (drive-truck t1 l1-2 l1-0 c1)
10.261: (fly-airplane a1 l0-0 l2-0)
10.263: (drive-truck t1 l1-0 l1-2 c1)
10.268: (fly-airplane a1 l2-0 l3-0)
10.266: (drive-truck t1 l1-2 l1-0 c1)
10.281: (fly-airplane a0 l1-0 l0-0)
10.267: (fly-airplane a1 l3-0 l0-0)
10.267: (drive-truck t1 l1-0 l1-2 c1)
10.277: (fly-airplane a1 l0-0 l2-0)
10.276: (drive-truck t1 l1-2 l1-0 c1)
10.276: (fly-airplane a1 l2-0 l1-0)
10.277: (drive-truck t1 l1-0 l1-2 c1)
10.986: (fly-airplane a0 l0-0 l2-0)
10.424: (load-truck p5 t3 l3-2)
10.410: (fly-airplane a1 l1-0 l0-0)
10.408: (drive-truck t1 l1-2 l1-0 c1)
10.408: (drive-truck t3 l3-2 l3-1 c3)
10.410: (drive-truck t1 l1-0 l1-2 c1)
10.423: (fly-airplane a1 l0-0 l3-0)
10.422: (drive-truck t1 l1-2 l1-0 c1)
10.421: (fly-airplane a1 l3-0 l1-0)
10.421: (drive-truck t3 l3-1 l3-2 c3)
10.422: (fly-airplane a1 l1-0 l3-0)
10.428: (fly-airplane a1 l3-0 l2-0)
10.428: (drive-truck t3 l3-2 l3-1 c3)
10.430: (drive-truck t1 l1-0 l1-2 c1)
9.714: (fly-airplane a0 l2-0 l0-0)
9.714: (fly-airplane a1 l2-0 l1-0)
9.840: (drive-truck t1 l1-2 l1-1 c1)
9.831: (fly-airplane a1 l1-0 l0-0)
9.831: (drive-truck t3 l3-1 l3-2 c3)
9.840: (fly-airplane a1 l0-0 l2-0)
9.840: (drive-truck t3 l3-2 l3-1 c3)
9.808: (fly-airplane a0 l0-0 l1-0)
10.401: (unload-truck p5 t3 l3-1)
10.261: (drive-truck t1 l1-1 l1-0 c1)
10.215: (fly-airplane a0 l1-0 l3-0)
10.202: (fly-airplane a1 l2-0 l0-0)
10.203: (drive-truck t1 l1-0 l1-2 c1)
10.215: (fly-airplane a1 l0-0 l2-0)
10.215: (fly-airplane a1 l2-0 l1-0)
10.215: (drive-truck t1 l1-2 l1-0 c1)
10.217: (fly-airplane a1 l1-0 l3-0)
10.218: (drive-truck t1 l1-0 l1-2 c1)
10.268: (fly-airplane a0 l3-0 l1-0)
10.251: (fly-airplane a1 l3-0 l0-0)
10.249: (drive-truck t1 l1-2 l1-0 c1)
10.261: (fly-airplane a1 l0-0 l1-0)
10.264: (drive-truck t1 l1-0 l1-2 c1)
10.263: (fly-airplane a1 l1-0 l2-0)
10.277: (fly-airplane a0 l1-0 l0-0)
10.267: (fly-airplane a1 l2-0 l0-0)
10.267: (drive-truck t1 l1-2 l1-0 c1)
10.276: (fly-airplane a1 l0-0 l2-0)
10.276: (fly-airplane a1 l2-0 l1-0)
10.277: (drive-truck t1 l1-0 l1-2 c1)
10.281: (fly-airplane a1 l1-0 l3-0)
10.281: (drive-truck t1 l1-2 l1-0 c1)
10.266: (fly-airplane a0 l0-0 l1-0)
10.405: (drive-truck t1 l1-0 l1-1 c1)
10.355: (fly-airplane a0 l1-0 l3-0)
10.339: (fly-airplane a1 l3-0 l0-0)
10.352: (fly-airplane a1 l0-0 l2-0)
10.352: (fly-airplane a1 l2-0 l1-0)
10.402: (fly-airplane a0 l3-0 l1-0)
10.045: (drive-truck t2 l2-1 l2-0 c2)
10.032: (fly-airplane a1 l1-0 l0-0)
10.047: (fly-airplane a0 l1-0 l0-0)
10.404: (drive-truck t2 l2-0 l2-1 c2)
10.388: (fly-airplane a0 l0-0 l1-0)
11.109: (fly-airplane a0 l1-0 l2-0)
10.536: (load-truck p5 t3 l3-1)
9.816: (drive-truck t3 l3-1 l3-0 c3)
9.829: (fly-airplane a1 l0-0 l1-0)
9.836: (fly-airplane a1 l1-0 l2-0)
10.556: (drive-truck t3 l3-0 l3-1 c3)
10.550: (fly-airplane a1 l2-0 l3-0)
9.840: (fly-airplane a0 l2-0 l0-0)
10.418: (unload-truck p5 t3 l3-1)
10.413: (fly-airplane a1 l3-0 l2-0)
10.413: (fly-airplane a1 l2-0 l1-0)
11.123: (fly-airplane a0 l0-0 l2-0)
10.550: (load-truck p5 t3 l3-1)
10.424: (drive-truck t1 l1-1 l1-2 c1)
10.986: (unload-truck p5 t3 l3-1)
10.973: (fly-airplane a1 l1-0 l0-0)
10.972: (drive-truck t1 l1-2 l1-0 c1)
10.986: (fly-airplane a1 l0-0 l1-0)
10.991: (fly-airplane a1 l1-0 l3-0)
10.991: (drive-truck t1 l1-0 l1-2 c1)
10.992: (fly-airplane a1 l3-0 l2-0)
10.992: (drive-truck t1 l1-2 l1-0 c1)
11.128: (drive-truck t1 l1-0 l1-1 c1)
11.127: (fly-airplane a1 l2-0 l3-0)
11.890: (drive-truck t0 l0-0 l0-1 c0)
10.634: (drive-truck t2 l2-1 l2-2 c2)
9.952: (fly-airplane a0 l2-0 l1-0)
9.286: (load-truck p5 t3 l3-1)
8.939: (drive-truck t3 l3-1 l3-0 c3)
8.662: (drive-truck t1 l1-1 l1-0 c1)
8.642: (fly-airplane a1 l3-0 l2-0)
8.630: (drive-truck t0 l0-1 l0-2 c0)
8.646: (fly-airplane a1 l2-0 l0-0)
8.647: (fly-airplane a1 l0-0 l1-0)
8.651: (fly-airplane a1 l1-0 l3-0)
8.775: (drive-truck t1 l1-0 l1-2 c1)
8.754: (fly-airplane a1 l3-0 l2-0)
8.766: (drive-truck t0 l0-2 l0-1 c0)
8.783: (fly-airplane a1 l2-0 l1-0)
8.660: (drive-truck t1 l1-2 l1-0 c1)
8.660: (fly-airplane a1 l1-0 l0-0)
8.785: (drive-truck t1 l1-0 l1-2 c1)
8.770: (drive-truck t0 l0-1 l0-2 c0)
8.770: (fly-airplane a1 l0-0 l1-0)
8.827: (fly-airplane a0 l1-0 l0-0)
8.804: (drive-truck t1 l1-2 l1-0 c1)
8.790: (fly-airplane a1 l1-0 l2-0)
8.804: (fly-airplane a1 l2-0 l0-0)
8.811: (fly-airplane a1 l0-0 l3-0)
8.833: (drive-truck t1 l1-0 l1-2 c1)
8.812: (fly-airplane a1 l3-0 l2-0)
8.826: (fly-airplane a1 l2-0 l0-0)
8.870: (drive-truck t0 l0-2 l0-1 c0)
8.848: (drive-truck t1 l1-2 l1-0 c1)
8.833: (fly-airplane a1 l0-0 l2-0)
8.847: (fly-airplane a1 l2-0 l1-0)
8.853: (fly-airplane a1 l1-0 l3-0)
8.875: (drive-truck t1 l1-0 l1-2 c1)
8.787: (fly-airplane a0 l0-0 l1-0)
8.900: (fly-airplane a0 l1-0 l3-0)
8.878: (drive-truck t1 l1-2 l1-0 c1)
8.858: (fly-airplane a1 l3-0 l2-0)
8.849: (drive-truck t0 l0-1 l0-2 c0)
8.863: (fly-airplane a1 l2-0 l1-0)
8.865: (fly-airplane a1 l1-0 l0-0)
8.870: (fly-airplane a1 l0-0 l3-0)
8.891: (drive-truck t1 l1-0 l1-2 c1)
8.870: (fly-airplane a1 l3-0 l2-0)
8.880: (drive-truck t0 l0-2 l0-1 c0)
8.855: (fly-airplane a0 l3-0 l0-0)
8.870: (fly-airplane a1 l2-0 l1-0)
8.895: (fly-airplane a0 l0-0 l3-0)
8.873: (drive-truck t1 l1-2 l1-0 c1)
8.877: (fly-airplane a1 l1-0 l0-0)
8.898: (drive-truck t1 l1-0 l1-2 c1)
8.887: (drive-truck t0 l0-1 l0-2 c0)
8.885: (fly-airplane a1 l0-0 l1-0)
9.045: (drive-truck t1 l1-2 l1-1 c1)
8.923: (fly-airplane a0 l3-0 l1-0)
8.906: (fly-airplane a1 l1-0 l2-0)
8.919: (drive-truck t0 l0-2 l0-1 c0)
8.935: (fly-airplane a1 l2-0 l1-0)
8.937: (fly-airplane a1 l1-0 l0-0)
8.923: (drive-truck t0 l0-1 l0-2 c0)
8.928: (fly-airplane a1 l0-0 l3-0)
8.993: (fly-airplane a0 l1-0 l0-0)
8.972: (fly-airplane a1 l3-0 l2-0)
8.986: (fly-airplane a1 l2-0 l0-0)
8.986: (fly-airplane a1 l0-0 l1-0)
9.030: (drive-truck t0 l0-2 l0-1 c0)
9.015: (fly-airplane a1 l1-0 l2-0)
9.030: (fly-airplane a1 l2-0 l0-0)
9.035: (fly-airplane a1 l0-0 l3-0)
9.059: (fly-airplane a0 l0-0 l3-0)
9.040: (fly-airplane a1 l3-0 l2-0)
9.030: (drive-truck t0 l0-1 l0-2 c0)
9.047: (fly-airplane a1 l2-0 l0-0)
9.051: (fly-airplane a1 l0-0 l3-0)
9.307: (drive-truck t3 l3-0 l3-2 c3)
9.162: (drive-truck t1 l1-1 l1-0 c1)
9.134: (fly-airplane a0 l3-0 l0-0)
9.120: (fly-airplane a1 l3-0 l2-0)
9.120: (drive-truck t3 l3-2 l3-1 c3)
9.122: (drive-truck t1 l1-0 l1-2 c1)
9.122: (drive-truck t3 l3-1 l3-2 c3)
9.135: (fly-airplane a1 l2-0 l3-0)
9.135: (drive-truck t3 l3-2 l3-1 c3)
9.134: (drive-truck t1 l1-2 l1-0 c1)
9.135: (fly-airplane a1 l3-0 l1-0)
9.135: (drive-truck t3 l3-1 l3-2 c3)
9.135: (fly-airplane a1 l1-0 l0-0)
9.135: (drive-truck t3 l3-2 l3-1 c3)
9.136: (drive-truck t1 l1-0 l1-2 c1)
9.136: (drive-truck t3 l3-1 l3-2 c3)
9.137: (fly-airplane a1 l0-0 l1-0)
9.137: (drive-truck t3 l3-2 l3-1 c3)
9.155: (fly-airplane a0 l0-0 l1-0)
9.140: (fly-airplane a1 l1-0 l2-0)
9.134: (drive-truck t0 l0-2 l0-1 c0)
9.134: (drive-truck t3 l3-1 l3-2 c3)
9.140: (drive-truck t0 l0-1 l0-2 c0)
9.151: (fly-airplane a0 l1-0 l3-0)
9.149: (drive-truck t0 l0-2 l0-1 c0)
9.147: (drive-truck t1 l1-2 l1-0 c1)
9.147: (fly-airplane a0 l3-0 l0-0)
9.147: (drive-truck t3 l3-2 l3-1 c3)
9.147: (fly-airplane a0 l0-0 l3-0)
9.149: (drive-truck t1 l1-0 l1-2 c1)
9.149: (fly-airplane a0 l3-0 l0-0)
9.149: (drive-truck t3 l3-1 l3-2 c3)
9.161: (fly-airplane a1 l2-0 l3-0)
9.147: (fly-airplane a0 l0-0 l1-0)
9.147: (drive-truck t3 l3-2 l3-1 c3)
9.149: (fly-airplane a1 l3-0 l1-0)
9.149: (drive-truck t3 l3-1 l3-2 c3)
9.153: (fly-airplane a1 l1-0 l0-0)
9.153: (drive-truck t3 l3-2 l3-1 c3)
9.157: (drive-truck t0 l0-1 l0-2 c0)
9.153: (fly-airplane a1 l0-0 l3-0)
9.153: (drive-truck t3 l3-1 l3-2 c3)
9.155: (fly-airplane a1 l3-0 l1-0)
9.157: (fly-airplane a1 l1-0 l0-0)
9.168: (fly-airplane a0 l1-0 l3-0)
9.163: (fly-airplane a1 l0-0 l3-0)
9.161: (drive-truck t0 l0-2 l0-1 c0)
9.159: (drive-truck t1 l1-2 l1-0 c1)
9.159: (drive-truck t3 l3-2 l3-1 c3)
9.159: (fly-airplane a0 l3-0 l0-0)
9.159: (drive-truck t3 l3-1 l3-2 c3)
9.161: (fly-airplane a1 l3-0 l1-0)
9.161: (drive-truck t3 l3-2 l3-1 c3)
9.162: (fly-airplane a0 l0-0 l3-0)
9.162: (drive-truck t3 l3-1 l3-2 c3)
9.164: (drive-truck t0 l0-1 l0-2 c0)
9.150: (fly-airplane a1 l1-0 l2-0)
9.150: (drive-truck t3 l3-2 l3-1 c3)
9.151: (drive-truck t1 l1-0 l1-2 c1)
9.163: (fly-airplane a1 l2-0 l3-0)
9.161: (drive-truck t0 l0-2 l0-1 c0)
9.161: (fly-airplane a0 l3-0 l0-0)
9.164: (fly-airplane a1 l3-0 l0-0)
9.162: (drive-truck t1 l1-2 l1-0 c1)
9.162: (drive-truck t3 l3-1 l3-2 c3)
9.164: (drive-truck t1 l1-0 l1-2 c1)
9.164: (fly-airplane a1 l0-0 l1-0)
9.164: (drive-truck t3 l3-2 l3-1 c3)
9.164: (fly-airplane a0 l0-0 l3-0)
9.164: (drive-truck t3 l3-1 l3-2 c3)
9.166: (drive-truck t0 l0-1 l0-2 c0)
9.166: (drive-truck t3 l3-2 l3-1 c3)
9.164: (drive-truck t1 l1-2 l1-0 c1)
9.162: (fly-airplane a1 l1-0 l3-0)
9.166: (fly-airplane a1 l3-0 l0-0)
9.166: (drive-truck t3 l3-1 l3-2 c3)
9.167: (drive-truck t0 l0-2 l0-1 c0)
9.167: (drive-truck t3 l3-2 l3-1 c3)
9.168: (drive-truck t1 l1-0 l1-2 c1)
9.168: (drive-truck t0 l0-1 l0-2 c0)
9.312: (drive-truck t1 l1-2 l1-1 c1)
9.280: (fly-airplane a0 l3-0 l0-0)
9.266: (fly-airplane a1 l0-0 l2-0)
9.266: (drive-truck t3 l3-1 l3-2 c3)
9.279: (fly-airplane a0 l0-0 l1-0)
9.234: (drive-truck t1 l1-1 l1-0 c1)
9.228: (drive-truck t0 l0-2 l0-1 c0)
9.228: (drive-truck t3 l3-2 l3-1 c3)
9.234: (drive-truck t0 l0-1 l0-2 c0)
9.247: (fly-airplane a1 l2-0 l1-0)
9.241: (drive-truck t0 l0-2 l0-1 c0)
9.241: (drive-truck t3 l3-1 l3-2 c3)
9.242: (fly-airplane a1 l1-0 l3-0)
9.242: (drive-truck t3 l3-2 l3-1 c3)
9.248: (drive-truck t0 l0-1 l0-2 c0)
9.248: (drive-truck t3 l3-1 l3-2 c3)
9.247: (fly-airplane a1 l3-0 l1-0)
9.251: (fly-airplane a1 l1-0 l0-0)
9.248: (drive-truck t0 l0-2 l0-1 c0)
9.248: (drive-truck t3 l3-2 l3-1 c3)
9.251: (drive-truck t0 l0-1 l0-2 c0)
9.296: (drive-truck t1 l1-0 l1-1 c1)
9.279: (fly-airplane a1 l0-0 l2-0)
9.273: (drive-truck t0 l0-2 l0-1 c0)
9.273: (drive-truck t3 l3-1 l3-2 c3)
9.286: (fly-airplane a1 l2-0 l3-0)
9.288: (fly-airplane a1 l3-0 l1-0)
9.288: (drive-truck t3 l3-2 l3-1 c3)
9.292: (fly-airplane a1 l1-0 l0-0)
9.292: (drive-truck t3 l3-1 l3-2 c3)
9.296: (drive-truck t0 l0-1 l0-2 c0)
9.280: (fly-airplane a0 l1-0 l0-0)
9.279: (fly-airplane a1 l0-0 l3-0)
9.279: (drive-truck t3 l3-2 l3-1 c3)
9.281: (fly-airplane a1 l3-0 l1-0)
9.281: (drive-truck t3 l3-1 l3-2 c3)
9.294: (fly-airplane a0 l0-0 l1-0)
9.292: (fly-airplane a1 l1-0 l3-0)
9.292: (drive-truck t3 l3-2 l3-1 c3)
9.294: (fly-airplane a1 l3-0 l1-0)
9.310: (fly-airplane a0 l1-0 l3-0)
9.295: (fly-airplane a1 l1-0 l2-0)
9.293: (drive-truck t0 l0-2 l0-1 c0)
9.293: (fly-airplane a0 l3-0 l0-0)
9.293: (drive-truck t3 l3-1 l3-2 c3)
9.293: (fly-airplane a0 l0-0 l3-0)
9.295: (drive-truck t0 l0-1 l0-2 c0)
9.310: (fly-airplane a1 l2-0 l1-0)
9.308: (drive-truck t0 l0-2 l0-1 c0)
9.055: (drive-truck t3 l3-2 l3-0 c3)
9.058: (fly-airplane a1 l1-0 l0-0)
9.312: (drive-truck t3 l3-0 l3-2 c3)
9.168: (drive-truck t1 l1-1 l1-2 c1)
9.825: (unload-truck p5 t3 l3-2)
9.802: (fly-airplane a0 l3-0 l0-0)
9.775: (drive-truck t0 l0-1 l0-2 c0)
9.760: (fly-airplane a1 l0-0 l2-0)
9.760: (drive-truck t1 l1-2 l1-0 c1)
9.774: (fly-airplane a1 l2-0 l0-0)
9.775: (fly-airplane a1 l0-0 l1-0)
9.776: (drive-truck t1 l1-0 l1-2 c1)
9.781: (fly-airplane a1 l1-0 l3-0)
9.781: (drive-truck t1 l1-2 l1-0 c1)
9.806: (drive-truck t0 l0-2 l0-1 c0)
9.787: (fly-airplane a1 l3-0 l2-0)
9.784: (fly-airplane a0 l0-0 l1-0)
9.786: (drive-truck t1 l1-0 l1-2 c1)
9.787: (fly-airplane a0 l1-0 l0-0)
9.802: (fly-airplane a1 l2-0 l1-0)
9.802: (drive-truck t1 l1-2 l1-0 c1)
9.800: (fly-airplane a0 l0-0 l1-0)
9.802: (drive-truck t1 l1-0 l1-2 c1)
9.805: (fly-airplane a1 l1-0 l0-0)
9.803: (drive-truck t1 l1-2 l1-0 c1)
9.802: (fly-airplane a0 l1-0 l0-0)
9.825: (fly-airplane a0 l0-0 l3-0)
9.805: (fly-airplane a1 l0-0 l2-0)
9.806: (drive-truck t1 l1-0 l1-2 c1)
9.808: (drive-truck t0 l0-1 l0-2 c0)
9.792: (fly-airplane a0 l3-0 l1-0)
9.790: (drive-truck t1 l1-2 l1-0 c1)
9.806: (fly-airplane a1 l2-0 l1-0)
9.807: (fly-airplane a1 l1-0 l0-0)
9.808: (drive-truck t1 l1-0 l1-2 c1)
9.808: (fly-airplane a1 l0-0 l1-0)
9.813: (fly-airplane a1 l1-0 l3-0)
9.806: (drive-truck t0 l0-2 l0-1 c0)
9.805: (drive-truck t1 l1-2 l1-0 c1)
9.811: (drive-truck t0 l0-1 l0-2 c0)
9.820: (fly-airplane a0 l1-0 l3-0)
9.808: (fly-airplane a1 l3-0 l2-0)
9.823: (fly-airplane a1 l2-0 l1-0)
9.821: (drive-truck t0 l0-2 l0-1 c0)
9.818: (fly-airplane a1 l1-0 l3-0)
9.818: (drive-truck t1 l1-0 l1-2 c1)
9.807: (fly-airplane a0 l3-0 l0-0)
9.952: (drive-truck t1 l1-2 l1-1 c1)
9.305: (load-truck p5 t3 l3-2)
9.305: (drive-truck t3 l3-2 l3-1 c3)
9.305: (fly-airplane a0 l0-0 l3-0)
9.305: (drive-truck t3 l3-1 l3-2 c3)
9.963: (unload-truck p5 t3 l3-2)
9.951: (fly-airplane a1 l3-0 l2-0)
9.931: (fly-airplane a0 l3-0 l1-0)
9.933: (fly-airplane a0 l1-0 l0-0)
9.906: (drive-truck t0 l0-1 l0-2 c0)
9.921: (fly-airplane a1 l2-0 l0-0)
9.921: (fly-airplane a1 l0-0 l1-0)
9.927: (fly-airplane a1 l1-0 l3-0)
9.959: (fly-airplane a0 l0-0 l1-0)
9.938: (fly-airplane a1 l3-0 l2-0)
9.954: (fly-airplane a0 l1-0 l3-0)
9.966: (fly-airplane a1 l2-0 l3-0)
9.821: (drive-truck t1 l1-1 l1-2 c1)
9.824: (fly-airplane a1 l3-0 l1-0)
9.821: (drive-truck t0 l0-2 l0-1 c0)
9.966: (drive-truck t1 l1-2 l1-1 c1)
9.948: (fly-airplane a0 l3-0 l0-0)
9.308: (load-truck p5 t3 l3-2)
9.308: (fly-airplane a1 l1-0 l0-0)
9.308: (drive-truck t3 l3-2 l3-1 c3)
9.308: (fly-airplane a1 l0-0 l1-0)
9.308: (fly-airplane a0 l0-0 l3-0)
9.312: (fly-airplane a1 l1-0 l0-0)
9.971: (unload-truck p5 t3 l3-1)
9.825: (drive-truck t1 l1-1 l1-0 c1)
9.802: (fly-airplane a0 l3-0 l0-0)
9.774: (drive-truck t0 l0-1 l0-2 c0)
9.760: (fly-airplane a1 l0-0 l2-0)
9.760: (drive-truck t1 l1-0 l1-2 c1)
9.775: (fly-airplane a1 l2-0 l0-0)
9.776: (fly-airplane a1 l0-0 l1-0)
9.775: (drive-truck t1 l1-2 l1-0 c1)
[Final] Expanded: 1000, Generated: 27003
Failed to find a solution!
