/u/ibrahim.eisawy/Neural-Guided-Search/venv/lib/python3.10/site-packages/pymimir_rgnn/model.py:151: UserWarning: index_reduce() is in beta and the API may change at any time. (Triggered internally at /pytorch/aten/src/ATen/native/cuda/Indexing.cu:1541.)
  max_msg.index_reduce_(0, output_indices, output_messages, reduce='amax', include_self=True)
Torch: 2.12.0+cu130
Using GPU:  NVIDIA L40S
15.020: (load-truck p1 t1 l1-1)
13.778: (load-airplane p3 a0 l0-0)
12.503: (fly-airplane a0 l0-0 l3-0)
10.991: (load-airplane p5 a0 l3-0)
10.175: (drive-truck t1 l1-1 l1-0 c1)
9.303: (unload-truck p1 t1 l1-0)
8.851: (drive-truck t3 l3-0 l3-1 c3)
8.348: (load-truck p0 t3 l3-1)
6.681: (drive-truck t3 l3-1 l3-0 c3)
6.197: (unload-truck p0 t3 l3-0)
6.193: (drive-truck t0 l0-1 l0-0 c0)
6.191: (drive-truck t2 l2-0 l2-1 c2)
6.189: (fly-airplane a1 l0-0 l1-0)
6.191: (fly-airplane a1 l1-0 l2-0)
6.191: (drive-truck t2 l2-1 l2-0 c2)
6.191: (fly-airplane a1 l2-0 l1-0)
6.195: (drive-truck t0 l0-0 l0-1 c0)
6.193: (drive-truck t2 l2-0 l2-1 c2)
6.195: (fly-airplane a1 l1-0 l2-0)
6.195: (fly-airplane a1 l2-0 l0-0)
6.200: (fly-airplane a1 l0-0 l3-0)
5.897: (fly-airplane a0 l3-0 l1-0)
4.943: (unload-airplane p3 a0 l1-0)
4.939: (drive-truck t0 l0-1 l0-0 c0)
4.941: (drive-truck t2 l2-1 l2-0 c2)
4.945: (drive-truck t0 l0-0 l0-1 c0)
4.954: (drive-truck t3 l3-0 l3-1 c3)
4.950: (drive-truck t0 l0-1 l0-0 c0)
4.948: (drive-truck t2 l2-0 l2-1 c2)
4.952: (drive-truck t0 l0-0 l0-1 c0)
5.261: (fly-airplane a0 l1-0 l3-0)
5.244: (drive-truck t3 l3-1 l3-0 c3)
5.235: (fly-airplane a1 l3-0 l0-0)
5.233: (drive-truck t0 l0-1 l0-0 c0)
5.230: (fly-airplane a1 l0-0 l1-0)
5.232: (drive-truck t2 l2-1 l2-0 c2)
5.234: (fly-airplane a1 l1-0 l2-0)
5.234: (drive-truck t2 l2-0 l2-1 c2)
5.238: (drive-truck t0 l0-0 l0-1 c0)
5.235: (fly-airplane a1 l2-0 l1-0)
5.237: (drive-truck t2 l2-1 l2-0 c2)
5.237: (fly-airplane a1 l1-0 l0-0)
5.235: (drive-truck t0 l0-1 l0-0 c0)
5.241: (fly-airplane a1 l0-0 l3-0)
5.130: (fly-airplane a0 l3-0 l0-0)
4.832: (unload-airplane p5 a0 l0-0)
4.795: (load-truck p1 t1 l1-0)
4.794: (drive-truck t2 l2-0 l2-1 c2)
4.793: (drive-truck t0 l0-0 l0-1 c0)
4.793: (fly-airplane a0 l0-0 l1-0)
4.789: (unload-truck p1 t1 l1-0)
4.776: (load-airplane p1 a0 l1-0)
4.778: (drive-truck t2 l2-1 l2-0 c2)
4.780: (drive-truck t0 l0-1 l0-0 c0)
4.778: (drive-truck t2 l2-0 l2-1 c2)
4.788: (drive-truck t3 l3-0 l3-1 c3)
4.786: (drive-truck t0 l0-0 l0-1 c0)
4.780: (unload-airplane p1 a0 l1-0)
4.786: (load-airplane p3 a0 l1-0)
4.776: (drive-truck t3 l3-1 l3-0 c3)
4.778: (drive-truck t2 l2-1 l2-0 c2)
4.780: (drive-truck t0 l0-1 l0-0 c0)
4.778: (drive-truck t2 l2-0 l2-1 c2)
4.788: (drive-truck t3 l3-0 l3-1 c3)
4.790: (drive-truck t2 l2-1 l2-0 c2)
4.788: (drive-truck t0 l0-0 l0-1 c0)
4.801: (unload-airplane p3 a0 l1-0)
4.788: (load-airplane p1 a0 l1-0)
4.790: (drive-truck t0 l0-1 l0-0 c0)
4.823: (unload-airplane p1 a0 l1-0)
4.801: (drive-truck t2 l2-0 l2-1 c2)
4.801: (fly-airplane a0 l1-0 l0-0)
4.788: (drive-truck t0 l0-0 l0-1 c0)
4.788: (fly-airplane a0 l0-0 l2-0)
4.790: (fly-airplane a0 l2-0 l3-0)
4.780: (fly-airplane a1 l3-0 l1-0)
4.786: (load-airplane p1 a1 l1-0)
4.776: (drive-truck t3 l3-1 l3-0 c3)
4.778: (drive-truck t2 l2-1 l2-0 c2)
4.780: (drive-truck t0 l0-1 l0-0 c0)
4.778: (drive-truck t2 l2-0 l2-1 c2)
4.788: (drive-truck t3 l3-0 l3-1 c3)
4.790: (drive-truck t2 l2-1 l2-0 c2)
4.788: (drive-truck t0 l0-0 l0-1 c0)
4.801: (unload-airplane p1 a1 l1-0)
4.788: (load-airplane p3 a1 l1-0)
4.778: (drive-truck t3 l3-1 l3-0 c3)
4.776: (drive-truck t2 l2-0 l2-1 c2)
4.778: (drive-truck t0 l0-1 l0-0 c0)
4.780: (drive-truck t2 l2-1 l2-0 c2)
4.790: (drive-truck t3 l3-0 l3-1 c3)
4.788: (drive-truck t2 l2-0 l2-1 c2)
4.786: (drive-truck t0 l0-0 l0-1 c0)
5.107: (fly-airplane a1 l1-0 l3-0)
5.073: (drive-truck t3 l3-1 l3-0 c3)
5.065: (fly-airplane a0 l3-0 l1-0)
5.067: (drive-truck t2 l2-1 l2-0 c2)
5.068: (fly-airplane a0 l1-0 l2-0)
5.068: (drive-truck t2 l2-0 l2-1 c2)
5.068: (fly-airplane a0 l2-0 l0-0)
5.068: (drive-truck t0 l0-1 l0-0 c0)
5.067: (fly-airplane a0 l0-0 l1-0)
5.070: (drive-truck t2 l2-1 l2-0 c2)
5.070: (fly-airplane a0 l1-0 l0-0)
5.070: (drive-truck t0 l0-0 l0-1 c0)
5.075: (fly-airplane a0 l0-0 l3-0)
5.077: (drive-truck t0 l0-1 l0-0 c0)
5.070: (fly-airplane a0 l3-0 l2-0)
5.070: (drive-truck t2 l2-0 l2-1 c2)
5.075: (fly-airplane a0 l2-0 l3-0)
5.110: (drive-truck t3 l3-0 l3-1 c3)
5.112: (drive-truck t2 l2-1 l2-0 c2)
5.110: (drive-truck t0 l0-0 l0-1 c0)
5.132: (fly-airplane a0 l3-0 l1-0)
5.130: (drive-truck t2 l2-0 l2-1 c2)
5.132: (drive-truck t0 l0-1 l0-0 c0)
5.132: (fly-airplane a0 l1-0 l0-0)
5.132: (drive-truck t0 l0-0 l0-1 c0)
5.132: (fly-airplane a0 l0-0 l2-0)
5.132: (drive-truck t2 l2-1 l2-0 c2)
5.134: (fly-airplane a0 l2-0 l0-0)
5.135: (drive-truck t0 l0-1 l0-0 c0)
5.134: (fly-airplane a0 l0-0 l1-0)
5.135: (fly-airplane a0 l1-0 l2-0)
5.134: (drive-truck t2 l2-0 l2-1 c2)
5.290: (drive-truck t1 l1-0 l1-1 c1)
5.227: (drive-truck t3 l3-1 l3-0 c3)
5.225: (drive-truck t0 l0-0 l0-1 c0)
5.223: (fly-airplane a0 l2-0 l1-0)
5.225: (fly-airplane a0 l1-0 l0-0)
5.225: (drive-truck t0 l0-1 l0-0 c0)
5.225: (fly-airplane a0 l0-0 l1-0)
5.228: (drive-truck t2 l2-1 l2-0 c2)
5.225: (drive-truck t0 l0-0 l0-1 c0)
5.225: (fly-airplane a0 l1-0 l2-0)
5.227: (fly-airplane a0 l2-0 l0-0)
5.227: (drive-truck t0 l0-1 l0-0 c0)
5.227: (fly-airplane a0 l0-0 l2-0)
5.235: (fly-airplane a0 l2-0 l3-0)
5.233: (drive-truck t2 l2-0 l2-1 c2)
5.230: (drive-truck t0 l0-0 l0-1 c0)
5.233: (drive-truck t2 l2-1 l2-0 c2)
5.266: (drive-truck t3 l3-0 l3-1 c3)
5.263: (drive-truck t2 l2-0 l2-1 c2)
5.266: (drive-truck t0 l0-1 l0-0 c0)
5.268: (drive-truck t2 l2-1 l2-0 c2)
5.290: (fly-airplane a0 l3-0 l2-0)
5.288: (drive-truck t0 l0-0 l0-1 c0)
5.288: (drive-truck t2 l2-0 l2-1 c2)
5.286: (fly-airplane a0 l2-0 l1-0)
5.288: (fly-airplane a0 l1-0 l0-0)
5.288: (drive-truck t0 l0-1 l0-0 c0)
5.288: (fly-airplane a0 l0-0 l1-0)
5.290: (drive-truck t2 l2-1 l2-0 c2)
5.288: (drive-truck t0 l0-0 l0-1 c0)
5.290: (fly-airplane a0 l1-0 l0-0)
5.290: (drive-truck t0 l0-1 l0-0 c0)
6.064: (load-airplane p0 a1 l3-0)
5.841: (fly-airplane a1 l3-0 l1-0)
4.811: (unload-airplane p0 a1 l1-0)
3.873: (drive-truck t1 l1-1 l1-0 c1)
2.885: (load-truck p0 t1 l1-0)
1.847: (drive-truck t1 l1-0 l1-1 c1)
0.880: (unload-truck p0 t1 l1-1)
-0.134: (unload-airplane p3 a1 l1-0)
[Final] Expanded: 165, Generated: 3709
Found a solution of length 165!
   1: (load-truck p1 t1 l1-1)
   2: (load-airplane p3 a0 l0-0)
   3: (fly-airplane a0 l0-0 l3-0)
   4: (load-airplane p5 a0 l3-0)
   5: (drive-truck t1 l1-1 l1-0 c1)
   6: (unload-truck p1 t1 l1-0)
   7: (drive-truck t3 l3-0 l3-1 c3)
   8: (load-truck p0 t3 l3-1)
   9: (drive-truck t3 l3-1 l3-0 c3)
  10: (unload-truck p0 t3 l3-0)
  11: (drive-truck t0 l0-1 l0-0 c0)
  12: (drive-truck t2 l2-0 l2-1 c2)
  13: (fly-airplane a1 l0-0 l1-0)
  14: (fly-airplane a1 l1-0 l2-0)
  15: (drive-truck t2 l2-1 l2-0 c2)
  16: (fly-airplane a1 l2-0 l1-0)
  17: (drive-truck t0 l0-0 l0-1 c0)
  18: (drive-truck t2 l2-0 l2-1 c2)
  19: (fly-airplane a1 l1-0 l2-0)
  20: (fly-airplane a1 l2-0 l0-0)
  21: (fly-airplane a1 l0-0 l3-0)
  22: (fly-airplane a0 l3-0 l1-0)
  23: (unload-airplane p3 a0 l1-0)
  24: (drive-truck t0 l0-1 l0-0 c0)
  25: (drive-truck t2 l2-1 l2-0 c2)
  26: (drive-truck t0 l0-0 l0-1 c0)
  27: (drive-truck t3 l3-0 l3-1 c3)
  28: (drive-truck t0 l0-1 l0-0 c0)
  29: (drive-truck t2 l2-0 l2-1 c2)
  30: (drive-truck t0 l0-0 l0-1 c0)
  31: (fly-airplane a0 l1-0 l3-0)
  32: (drive-truck t3 l3-1 l3-0 c3)
  33: (fly-airplane a1 l3-0 l0-0)
  34: (drive-truck t0 l0-1 l0-0 c0)
  35: (fly-airplane a1 l0-0 l1-0)
  36: (drive-truck t2 l2-1 l2-0 c2)
  37: (fly-airplane a1 l1-0 l2-0)
  38: (drive-truck t2 l2-0 l2-1 c2)
  39: (drive-truck t0 l0-0 l0-1 c0)
  40: (fly-airplane a1 l2-0 l1-0)
  41: (drive-truck t2 l2-1 l2-0 c2)
  42: (fly-airplane a1 l1-0 l0-0)
  43: (drive-truck t0 l0-1 l0-0 c0)
  44: (fly-airplane a1 l0-0 l3-0)
  45: (fly-airplane a0 l3-0 l0-0)
  46: (unload-airplane p5 a0 l0-0)
  47: (load-truck p1 t1 l1-0)
  48: (drive-truck t2 l2-0 l2-1 c2)
  49: (drive-truck t0 l0-0 l0-1 c0)
  50: (fly-airplane a0 l0-0 l1-0)
  51: (unload-truck p1 t1 l1-0)
  52: (load-airplane p1 a0 l1-0)
  53: (drive-truck t2 l2-1 l2-0 c2)
  54: (drive-truck t0 l0-1 l0-0 c0)
  55: (drive-truck t2 l2-0 l2-1 c2)
  56: (drive-truck t3 l3-0 l3-1 c3)
  57: (drive-truck t0 l0-0 l0-1 c0)
  58: (unload-airplane p1 a0 l1-0)
  59: (load-airplane p3 a0 l1-0)
  60: (drive-truck t3 l3-1 l3-0 c3)
  61: (drive-truck t2 l2-1 l2-0 c2)
  62: (drive-truck t0 l0-1 l0-0 c0)
  63: (drive-truck t2 l2-0 l2-1 c2)
  64: (drive-truck t3 l3-0 l3-1 c3)
  65: (drive-truck t2 l2-1 l2-0 c2)
  66: (drive-truck t0 l0-0 l0-1 c0)
  67: (unload-airplane p3 a0 l1-0)
  68: (load-airplane p1 a0 l1-0)
  69: (drive-truck t0 l0-1 l0-0 c0)
  70: (unload-airplane p1 a0 l1-0)
  71: (drive-truck t2 l2-0 l2-1 c2)
  72: (fly-airplane a0 l1-0 l0-0)
  73: (drive-truck t0 l0-0 l0-1 c0)
  74: (fly-airplane a0 l0-0 l2-0)
  75: (fly-airplane a0 l2-0 l3-0)
  76: (fly-airplane a1 l3-0 l1-0)
  77: (load-airplane p1 a1 l1-0)
  78: (drive-truck t3 l3-1 l3-0 c3)
  79: (drive-truck t2 l2-1 l2-0 c2)
  80: (drive-truck t0 l0-1 l0-0 c0)
  81: (drive-truck t2 l2-0 l2-1 c2)
  82: (drive-truck t3 l3-0 l3-1 c3)
  83: (drive-truck t2 l2-1 l2-0 c2)
  84: (drive-truck t0 l0-0 l0-1 c0)
  85: (unload-airplane p1 a1 l1-0)
  86: (load-airplane p3 a1 l1-0)
  87: (drive-truck t3 l3-1 l3-0 c3)
  88: (drive-truck t2 l2-0 l2-1 c2)
  89: (drive-truck t0 l0-1 l0-0 c0)
  90: (drive-truck t2 l2-1 l2-0 c2)
  91: (drive-truck t3 l3-0 l3-1 c3)
  92: (drive-truck t2 l2-0 l2-1 c2)
  93: (drive-truck t0 l0-0 l0-1 c0)
  94: (fly-airplane a1 l1-0 l3-0)
  95: (drive-truck t3 l3-1 l3-0 c3)
  96: (fly-airplane a0 l3-0 l1-0)
  97: (drive-truck t2 l2-1 l2-0 c2)
  98: (fly-airplane a0 l1-0 l2-0)
  99: (drive-truck t2 l2-0 l2-1 c2)
 100: (fly-airplane a0 l2-0 l0-0)
 101: (drive-truck t0 l0-1 l0-0 c0)
 102: (fly-airplane a0 l0-0 l1-0)
 103: (drive-truck t2 l2-1 l2-0 c2)
 104: (fly-airplane a0 l1-0 l0-0)
 105: (drive-truck t0 l0-0 l0-1 c0)
 106: (fly-airplane a0 l0-0 l3-0)
 107: (drive-truck t0 l0-1 l0-0 c0)
 108: (fly-airplane a0 l3-0 l2-0)
 109: (drive-truck t2 l2-0 l2-1 c2)
 110: (fly-airplane a0 l2-0 l3-0)
 111: (drive-truck t3 l3-0 l3-1 c3)
 112: (drive-truck t2 l2-1 l2-0 c2)
 113: (drive-truck t0 l0-0 l0-1 c0)
 114: (fly-airplane a0 l3-0 l1-0)
 115: (drive-truck t2 l2-0 l2-1 c2)
 116: (drive-truck t0 l0-1 l0-0 c0)
 117: (fly-airplane a0 l1-0 l0-0)
 118: (drive-truck t0 l0-0 l0-1 c0)
 119: (fly-airplane a0 l0-0 l2-0)
 120: (drive-truck t2 l2-1 l2-0 c2)
 121: (fly-airplane a0 l2-0 l0-0)
 122: (drive-truck t0 l0-1 l0-0 c0)
 123: (fly-airplane a0 l0-0 l1-0)
 124: (fly-airplane a0 l1-0 l2-0)
 125: (drive-truck t2 l2-0 l2-1 c2)
 126: (drive-truck t1 l1-0 l1-1 c1)
 127: (drive-truck t3 l3-1 l3-0 c3)
 128: (drive-truck t0 l0-0 l0-1 c0)
 129: (fly-airplane a0 l2-0 l1-0)
 130: (fly-airplane a0 l1-0 l0-0)
 131: (drive-truck t0 l0-1 l0-0 c0)
 132: (fly-airplane a0 l0-0 l1-0)
 133: (drive-truck t2 l2-1 l2-0 c2)
 134: (drive-truck t0 l0-0 l0-1 c0)
 135: (fly-airplane a0 l1-0 l2-0)
 136: (fly-airplane a0 l2-0 l0-0)
 137: (drive-truck t0 l0-1 l0-0 c0)
 138: (fly-airplane a0 l0-0 l2-0)
 139: (fly-airplane a0 l2-0 l3-0)
 140: (drive-truck t2 l2-0 l2-1 c2)
 141: (drive-truck t0 l0-0 l0-1 c0)
 142: (drive-truck t2 l2-1 l2-0 c2)
 143: (drive-truck t3 l3-0 l3-1 c3)
 144: (drive-truck t2 l2-0 l2-1 c2)
 145: (drive-truck t0 l0-1 l0-0 c0)
 146: (drive-truck t2 l2-1 l2-0 c2)
 147: (fly-airplane a0 l3-0 l2-0)
 148: (drive-truck t0 l0-0 l0-1 c0)
 149: (drive-truck t2 l2-0 l2-1 c2)
 150: (fly-airplane a0 l2-0 l1-0)
 151: (fly-airplane a0 l1-0 l0-0)
 152: (drive-truck t0 l0-1 l0-0 c0)
 153: (fly-airplane a0 l0-0 l1-0)
 154: (drive-truck t2 l2-1 l2-0 c2)
 155: (drive-truck t0 l0-0 l0-1 c0)
 156: (fly-airplane a0 l1-0 l0-0)
 157: (drive-truck t0 l0-1 l0-0 c0)
 158: (load-airplane p0 a1 l3-0)
 159: (fly-airplane a1 l3-0 l1-0)
 160: (unload-airplane p0 a1 l1-0)
 161: (drive-truck t1 l1-1 l1-0 c1)
 162: (load-truck p0 t1 l1-0)
 163: (drive-truck t1 l1-0 l1-1 c1)
 164: (unload-truck p0 t1 l1-1)
 165: (unload-airplane p3 a1 l1-0)
