/u/ibrahim.eisawy/Neural-Guided-Search/venv/lib/python3.10/site-packages/pymimir_rgnn/model.py:151: UserWarning: index_reduce() is in beta and the API may change at any time. (Triggered internally at /pytorch/aten/src/ATen/native/cuda/Indexing.cu:1541.)
  max_msg.index_reduce_(0, output_indices, output_messages, reduce='amax', include_self=True)
Torch: 2.12.0+cu130
Using GPU:  NVIDIA L40S
41.609: (load-truck p7 t2 l2-0)
39.499: (drive-truck t2 l2-0 l2-1 c2)
38.148: (load-truck p11 t2 l2-1)
37.009: (load-truck p9 t2 l2-1)
36.106: (fly-airplane a1 l0-0 l4-0)
34.910: (load-airplane p5 a1 l4-0)
34.011: (load-truck p1 t1 l1-0)
33.784: (fly-airplane a1 l4-0 l1-0)
33.432: (fly-airplane a0 l2-0 l4-0)
33.207: (unload-airplane p5 a1 l1-0)
32.175: (load-truck p5 t1 l1-0)
32.149: (drive-truck t4 l4-0 l4-2 c4)
32.149: (drive-truck t4 l4-2 l4-1 c4)
32.159: (drive-truck t3 l3-2 l3-1 c3)
30.188: (load-truck p2 t3 l3-1)
29.076: (load-truck p0 t3 l3-1)
28.728: (drive-truck t3 l3-1 l3-0 c3)
27.548: (load-truck p8 t3 l3-0)
26.402: (load-truck p6 t3 l3-0)
25.423: (drive-truck t1 l1-0 l1-2 c1)
24.527: (unload-truck p0 t3 l3-0)
24.393: (fly-airplane a1 l1-0 l2-0)
24.377: (drive-truck t2 l2-1 l2-2 c2)
19.834: (load-truck p10 t2 l2-2)
18.740: (unload-truck p7 t2 l2-2)
18.693: (drive-truck t0 l0-1 l0-0 c0)
18.693: (drive-truck t4 l4-1 l4-2 c4)
18.719: (drive-truck t4 l4-2 l4-0 c4)
18.766: (drive-truck t0 l0-0 l0-1 c0)
18.740: (drive-truck t4 l4-0 l4-2 c4)
18.741: (drive-truck t0 l0-1 l0-2 c0)
18.741: (drive-truck t4 l4-2 l4-1 c4)
18.768: (drive-truck t4 l4-1 l4-0 c4)
18.912: (fly-airplane a1 l2-0 l3-0)
18.853: (drive-truck t0 l0-2 l0-0 c0)
18.827: (drive-truck t4 l4-0 l4-2 c4)
18.827: (drive-truck t4 l4-2 l4-1 c4)
18.861: (fly-airplane a1 l3-0 l0-0)
18.861: (drive-truck t4 l4-1 l4-2 c4)
18.863: (fly-airplane a1 l0-0 l1-0)
18.863: (drive-truck t4 l4-2 l4-1 c4)
18.875: (fly-airplane a1 l1-0 l4-0)
18.693: (fly-airplane a0 l4-0 l2-0)
18.693: (drive-truck t4 l4-1 l4-2 c4)
18.719: (drive-truck t4 l4-2 l4-0 c4)
18.766: (drive-truck t0 l0-0 l0-1 c0)
18.740: (drive-truck t4 l4-0 l4-2 c4)
18.740: (drive-truck t4 l4-2 l4-1 c4)
18.741: (drive-truck t0 l0-1 l0-2 c0)
18.741: (drive-truck t4 l4-1 l4-2 c4)
18.768: (drive-truck t4 l4-2 l4-0 c4)
18.912: (fly-airplane a0 l2-0 l3-0)
18.853: (drive-truck t0 l0-2 l0-0 c0)
18.827: (drive-truck t4 l4-0 l4-2 c4)
18.827: (drive-truck t4 l4-2 l4-1 c4)
18.861: (fly-airplane a0 l3-0 l0-0)
18.861: (drive-truck t4 l4-1 l4-2 c4)
18.863: (fly-airplane a0 l0-0 l1-0)
18.863: (drive-truck t4 l4-2 l4-1 c4)
18.889: (drive-truck t4 l4-1 l4-0 c4)
18.887: (fly-airplane a0 l1-0 l0-0)
18.900: (fly-airplane a0 l0-0 l4-0)
18.875: (drive-truck t4 l4-0 l4-2 c4)
18.929: (drive-truck t0 l0-0 l0-1 c0)
18.883: (fly-airplane a1 l4-0 l3-0)
18.883: (drive-truck t4 l4-2 l4-1 c4)
18.886: (drive-truck t0 l0-1 l0-2 c0)
18.886: (drive-truck t4 l4-1 l4-2 c4)
18.915: (fly-airplane a1 l3-0 l0-0)
18.915: (drive-truck t4 l4-2 l4-1 c4)
18.917: (drive-truck t0 l0-2 l0-1 c0)
18.917: (drive-truck t4 l4-1 l4-2 c4)
18.918: (fly-airplane a1 l0-0 l1-0)
18.918: (drive-truck t4 l4-2 l4-1 c4)
18.921: (drive-truck t0 l0-1 l0-2 c0)
18.921: (drive-truck t4 l4-1 l4-2 c4)
18.932: (fly-airplane a1 l1-0 l4-0)
18.886: (fly-airplane a0 l4-0 l3-0)
18.884: (drive-truck t0 l0-2 l0-1 c0)
18.883: (drive-truck t4 l4-2 l4-1 c4)
18.886: (drive-truck t0 l0-1 l0-2 c0)
18.915: (fly-airplane a0 l3-0 l0-0)
18.915: (drive-truck t4 l4-1 l4-2 c4)
18.917: (drive-truck t0 l0-2 l0-1 c0)
18.917: (drive-truck t4 l4-2 l4-1 c4)
18.918: (fly-airplane a0 l0-0 l1-0)
18.918: (drive-truck t4 l4-1 l4-2 c4)
18.921: (drive-truck t0 l0-1 l0-2 c0)
18.921: (drive-truck t4 l4-2 l4-1 c4)
18.932: (fly-airplane a0 l1-0 l4-0)
18.929: (drive-truck t0 l0-2 l0-1 c0)
18.956: (drive-truck t4 l4-1 l4-0 c4)
18.910: (fly-airplane a0 l4-0 l3-0)
18.943: (fly-airplane a0 l3-0 l0-0)
18.941: (drive-truck t0 l0-1 l0-2 c0)
18.947: (fly-airplane a0 l0-0 l1-0)
18.945: (drive-truck t0 l0-2 l0-1 c0)
19.245: (fly-airplane a1 l4-0 l2-0)
19.202: (drive-truck t0 l0-1 l0-0 c0)
19.166: (fly-airplane a0 l1-0 l3-0)
19.153: (drive-truck t4 l4-0 l4-2 c4)
19.154: (drive-truck t4 l4-2 l4-1 c4)
19.160: (fly-airplane a0 l3-0 l2-0)
19.153: (fly-airplane a1 l2-0 l3-0)
19.154: (drive-truck t4 l4-1 l4-2 c4)
19.160: (fly-airplane a1 l3-0 l2-0)
19.172: (drive-truck t4 l4-2 l4-0 c4)
19.166: (fly-airplane a1 l2-0 l3-0)
19.200: (fly-airplane a1 l3-0 l0-0)
18.887: (fly-airplane a0 l2-0 l4-0)
18.889: (fly-airplane a1 l0-0 l1-0)
18.945: (drive-truck t0 l0-0 l0-1 c0)
18.910: (fly-airplane a1 l1-0 l3-0)
18.943: (fly-airplane a1 l3-0 l0-0)
18.941: (drive-truck t0 l0-1 l0-2 c0)
18.947: (fly-airplane a1 l0-0 l1-0)
18.958: (fly-airplane a1 l1-0 l4-0)
19.869: (load-truck p0 t3 l3-0)
19.688: (fly-airplane a0 l4-0 l2-0)
19.624: (drive-truck t0 l0-2 l0-0 c0)
19.599: (drive-truck t4 l4-0 l4-2 c4)
19.599: (drive-truck t4 l4-2 l4-1 c4)
19.647: (drive-truck t0 l0-0 l0-1 c0)
19.647: (drive-truck t4 l4-1 l4-2 c4)
19.662: (drive-truck t0 l0-1 l0-2 c0)
19.662: (drive-truck t4 l4-2 l4-1 c4)
19.828: (fly-airplane a0 l2-0 l0-0)
19.767: (drive-truck t0 l0-2 l0-0 c0)
19.767: (drive-truck t4 l4-1 l4-2 c4)
19.770: (fly-airplane a0 l0-0 l1-0)
19.770: (drive-truck t4 l4-2 l4-1 c4)
19.781: (fly-airplane a0 l1-0 l4-0)
19.599: (fly-airplane a1 l4-0 l2-0)
19.599: (drive-truck t4 l4-1 l4-2 c4)
19.624: (drive-truck t4 l4-2 l4-0 c4)
19.672: (drive-truck t0 l0-0 l0-1 c0)
19.647: (drive-truck t4 l4-0 l4-1 c4)
19.647: (drive-truck t4 l4-1 l4-2 c4)
19.662: (drive-truck t0 l0-1 l0-2 c0)
19.662: (drive-truck t4 l4-2 l4-1 c4)
19.688: (drive-truck t4 l4-1 l4-0 c4)
19.853: (fly-airplane a1 l2-0 l0-0)
19.792: (drive-truck t0 l0-2 l0-0 c0)
19.767: (drive-truck t4 l4-0 l4-1 c4)
19.767: (drive-truck t4 l4-1 l4-2 c4)
19.770: (fly-airplane a1 l0-0 l1-0)
19.770: (drive-truck t4 l4-2 l4-1 c4)
19.795: (drive-truck t4 l4-1 l4-0 c4)
19.805: (fly-airplane a1 l1-0 l4-0)
19.781: (drive-truck t4 l4-0 l4-2 c4)
19.796: (fly-airplane a1 l4-0 l3-0)
19.796: (drive-truck t4 l4-2 l4-1 c4)
19.821: (drive-truck t4 l4-1 l4-0 c4)
19.869: (drive-truck t0 l0-0 l0-1 c0)
19.842: (fly-airplane a1 l3-0 l0-0)
19.817: (drive-truck t4 l4-0 l4-2 c4)
19.817: (drive-truck t4 l4-2 l4-1 c4)
19.818: (fly-airplane a1 l0-0 l1-0)
19.818: (drive-truck t4 l4-1 l4-2 c4)
19.829: (fly-airplane a1 l1-0 l4-0)
19.817: (fly-airplane a0 l4-0 l0-0)
19.817: (drive-truck t4 l4-2 l4-1 c4)
19.818: (fly-airplane a0 l0-0 l1-0)
19.818: (drive-truck t4 l4-1 l4-2 c4)
19.833: (drive-truck t0 l0-1 l0-2 c0)
19.828: (fly-airplane a0 l1-0 l0-0)
19.844: (fly-airplane a0 l0-0 l4-0)
19.828: (fly-airplane a1 l4-0 l0-0)
19.828: (drive-truck t4 l4-2 l4-1 c4)
19.833: (fly-airplane a1 l0-0 l1-0)
19.833: (drive-truck t4 l4-1 l4-2 c4)
19.859: (drive-truck t4 l4-2 l4-0 c4)
19.843: (drive-truck t0 l0-2 l0-1 c0)
19.853: (fly-airplane a1 l1-0 l4-0)
19.672: (fly-airplane a0 l4-0 l2-0)
19.842: (fly-airplane a0 l2-0 l0-0)
19.792: (drive-truck t0 l0-1 l0-0 c0)
19.795: (fly-airplane a0 l0-0 l1-0)
19.821: (fly-airplane a0 l1-0 l3-0)
19.796: (drive-truck t4 l4-0 l4-1 c4)
19.796: (drive-truck t4 l4-1 l4-2 c4)
19.844: (drive-truck t0 l0-0 l0-1 c0)
19.844: (drive-truck t4 l4-2 l4-1 c4)
19.829: (fly-airplane a0 l3-0 l4-0)
19.844: (drive-truck t0 l0-1 l0-2 c0)
19.833: (fly-airplane a0 l4-0 l1-0)
19.859: (drive-truck t4 l4-1 l4-0 c4)
19.844: (drive-truck t0 l0-2 l0-1 c0)
19.869: (fly-airplane a0 l1-0 l3-0)
19.885: (drive-truck t0 l0-1 l0-2 c0)
19.853: (fly-airplane a0 l3-0 l0-0)
20.086: (drive-truck t3 l3-0 l3-1 c3)
19.909: (drive-truck t0 l0-2 l0-0 c0)
19.819: (fly-airplane a0 l0-0 l2-0)
19.823: (drive-truck t4 l4-0 l4-1 c4)
19.823: (drive-truck t4 l4-1 l4-2 c4)
19.903: (drive-truck t3 l3-1 l3-2 c3)
19.903: (drive-truck t4 l4-2 l4-1 c4)
19.904: (drive-truck t4 l4-1 l4-0 c4)
20.029: (fly-airplane a0 l2-0 l0-0)
20.017: (drive-truck t4 l4-0 l4-2 c4)
19.911: (drive-truck t3 l3-2 l3-1 c3)
19.909: (fly-airplane a0 l0-0 l1-0)
19.906: (drive-truck t4 l4-2 l4-0 c4)
19.909: (drive-truck t4 l4-0 l4-1 c4)
19.911: (fly-airplane a0 l1-0 l0-0)
19.912: (fly-airplane a0 l0-0 l3-0)
19.910: (drive-truck t4 l4-1 l4-0 c4)
19.912: (drive-truck t4 l4-0 l4-2 c4)
19.915: (fly-airplane a0 l3-0 l4-0)
19.823: (fly-airplane a1 l4-0 l2-0)
19.819: (drive-truck t4 l4-2 l4-0 c4)
19.823: (drive-truck t4 l4-0 l4-1 c4)
19.903: (drive-truck t3 l3-1 l3-2 c3)
19.903: (drive-truck t4 l4-1 l4-2 c4)
19.904: (drive-truck t4 l4-2 l4-0 c4)
20.029: (fly-airplane a1 l2-0 l0-0)
19.909: (drive-truck t3 l3-2 l3-1 c3)
19.906: (fly-airplane a1 l0-0 l1-0)
19.909: (drive-truck t4 l4-0 l4-1 c4)
19.909: (drive-truck t4 l4-1 l4-2 c4)
19.911: (fly-airplane a1 l1-0 l0-0)
19.911: (drive-truck t4 l4-2 l4-1 c4)
19.912: (fly-airplane a1 l0-0 l3-0)
19.910: (drive-truck t4 l4-1 l4-0 c4)
19.912: (drive-truck t4 l4-0 l4-2 c4)
20.025: (drive-truck t3 l3-1 l3-2 c3)
20.017: (fly-airplane a1 l3-0 l1-0)
20.017: (drive-truck t4 l4-2 l4-1 c4)
20.017: (fly-airplane a1 l1-0 l0-0)
20.017: (drive-truck t4 l4-1 l4-2 c4)
20.024: (fly-airplane a1 l0-0 l4-0)
20.017: (fly-airplane a0 l4-0 l1-0)
20.017: (drive-truck t4 l4-2 l4-1 c4)
20.017: (fly-airplane a0 l1-0 l0-0)
20.024: (fly-airplane a0 l0-0 l4-0)
19.915: (drive-truck t3 l3-2 l3-1 c3)
19.912: (drive-truck t4 l4-1 l4-0 c4)
20.038: (drive-truck t3 l3-1 l3-2 c3)
20.030: (fly-airplane a1 l4-0 l1-0)
20.040: (fly-airplane a1 l1-0 l3-0)
20.025: (drive-truck t4 l4-0 l4-1 c4)
20.131: (drive-truck t0 l0-0 l0-1 c0)
19.844: (drive-truck t3 l3-2 l3-0 c3)
19.844: (drive-truck t4 l4-1 l4-2 c4)
19.859: (drive-truck t0 l0-1 l0-2 c0)
19.859: (drive-truck t4 l4-2 l4-1 c4)
19.885: (drive-truck t4 l4-1 l4-0 c4)
20.089: (drive-truck t3 l3-0 l3-1 c3)
19.990: (fly-airplane a1 l3-0 l2-0)
19.987: (drive-truck t0 l0-2 l0-1 c0)
19.988: (drive-truck t4 l4-0 l4-1 c4)
19.988: (drive-truck t4 l4-1 l4-2 c4)
19.991: (drive-truck t0 l0-1 l0-2 c0)
19.991: (drive-truck t4 l4-2 l4-1 c4)
20.043: (drive-truck t3 l3-1 l3-2 c3)
20.035: (drive-truck t0 l0-2 l0-1 c0)
20.032: (drive-truck t4 l4-1 l4-0 c4)
20.035: (drive-truck t4 l4-0 l4-2 c4)
20.043: (drive-truck t0 l0-1 l0-2 c0)
20.041: (drive-truck t4 l4-2 l4-0 c4)
20.134: (fly-airplane a1 l2-0 l0-0)
20.086: (drive-truck t3 l3-2 l3-1 c3)
20.083: (drive-truck t0 l0-2 l0-1 c0)
20.083: (fly-airplane a1 l0-0 l1-0)
20.084: (fly-airplane a1 l1-0 l3-0)
20.086: (drive-truck t4 l4-0 l4-2 c4)
20.085: (fly-airplane a1 l3-0 l1-0)
20.085: (drive-truck t4 l4-2 l4-1 c4)
20.085: (fly-airplane a1 l1-0 l0-0)
20.085: (drive-truck t4 l4-1 l4-2 c4)
20.088: (drive-truck t0 l0-1 l0-2 c0)
20.088: (drive-truck t4 l4-2 l4-1 c4)
20.091: (fly-airplane a1 l0-0 l1-0)
20.089: (drive-truck t4 l4-1 l4-0 c4)
20.091: (drive-truck t4 l4-0 l4-2 c4)
20.092: (fly-airplane a1 l1-0 l3-0)
20.092: (drive-truck t4 l4-2 l4-1 c4)
20.086: (drive-truck t0 l0-2 l0-1 c0)
20.090: (fly-airplane a1 l3-0 l4-0)
19.988: (fly-airplane a0 l4-0 l2-0)
19.987: (drive-truck t4 l4-1 l4-0 c4)
19.988: (drive-truck t4 l4-0 l4-2 c4)
19.991: (drive-truck t0 l0-1 l0-2 c0)
19.990: (drive-truck t4 l4-2 l4-0 c4)
19.991: (drive-truck t4 l4-0 l4-1 c4)
20.043: (drive-truck t3 l3-1 l3-2 c3)
20.035: (drive-truck t0 l0-2 l0-1 c0)
20.032: (drive-truck t4 l4-1 l4-0 c4)
20.035: (drive-truck t4 l4-0 l4-2 c4)
20.043: (drive-truck t0 l0-1 l0-2 c0)
20.040: (drive-truck t4 l4-2 l4-0 c4)
20.134: (fly-airplane a0 l2-0 l0-0)
20.127: (drive-truck t0 l0-2 l0-1 c0)
20.083: (drive-truck t3 l3-2 l3-1 c3)
20.083: (fly-airplane a0 l0-0 l1-0)
20.084: (fly-airplane a0 l1-0 l3-0)
20.086: (drive-truck t4 l4-0 l4-2 c4)
20.085: (fly-airplane a0 l3-0 l1-0)
20.085: (drive-truck t4 l4-2 l4-1 c4)
20.085: (fly-airplane a0 l1-0 l0-0)
20.085: (drive-truck t4 l4-1 l4-2 c4)
20.088: (drive-truck t0 l0-1 l0-2 c0)
20.088: (drive-truck t4 l4-2 l4-1 c4)
20.091: (fly-airplane a0 l0-0 l1-0)
20.089: (drive-truck t4 l4-1 l4-0 c4)
20.089: (fly-airplane a0 l1-0 l3-0)
20.092: (drive-truck t4 l4-0 l4-2 c4)
19.859: (drive-truck t3 l3-1 l3-0 c3)
19.859: (drive-truck t4 l4-2 l4-1 c4)
20.092: (drive-truck t3 l3-0 l3-1 c3)
20.086: (drive-truck t0 l0-2 l0-1 c0)
20.131: (drive-truck t3 l3-1 l3-2 c3)
20.025: (drive-truck t0 l0-1 l0-0 c0)
20.025: (drive-truck t4 l4-1 l4-2 c4)
20.040: (drive-truck t4 l4-2 l4-0 c4)
20.030: (fly-airplane a0 l3-0 l1-0)
20.128: (drive-truck t0 l0-0 l0-1 c0)
20.129: (fly-airplane a0 l1-0 l3-0)
20.131: (drive-truck t4 l4-0 l4-2 c4)
20.129: (fly-airplane a0 l3-0 l0-0)
20.129: (drive-truck t4 l4-2 l4-1 c4)
20.130: (fly-airplane a0 l0-0 l1-0)
20.130: (drive-truck t4 l4-1 l4-2 c4)
20.134: (fly-airplane a0 l1-0 l4-0)
20.090: (drive-truck t3 l3-2 l3-1 c3)
20.089: (drive-truck t4 l4-2 l4-0 c4)
20.094: (drive-truck t0 l0-1 l0-2 c0)
20.096: (drive-truck t4 l4-0 l4-1 c4)
20.096: (drive-truck t4 l4-1 l4-2 c4)
20.091: (fly-airplane a0 l4-0 l1-0)
20.139: (drive-truck t3 l3-1 l3-2 c3)
20.136: (fly-airplane a0 l1-0 l0-0)
20.136: (drive-truck t4 l4-2 l4-1 c4)
20.139: (fly-airplane a0 l0-0 l1-0)
20.137: (drive-truck t4 l4-1 l4-0 c4)
20.138: (fly-airplane a0 l1-0 l3-0)
20.140: (drive-truck t4 l4-0 l4-1 c4)
20.140: (drive-truck t4 l4-1 l4-2 c4)
20.143: (fly-airplane a0 l3-0 l4-0)
20.136: (fly-airplane a1 l4-0 l0-0)
20.129: (drive-truck t0 l0-2 l0-1 c0)
20.127: (drive-truck t4 l4-2 l4-0 c4)
20.128: (fly-airplane a1 l0-0 l1-0)
20.129: (fly-airplane a1 l1-0 l3-0)
20.131: (drive-truck t4 l4-0 l4-2 c4)
20.130: (fly-airplane a1 l3-0 l1-0)
20.130: (drive-truck t4 l4-2 l4-1 c4)
20.129: (fly-airplane a1 l1-0 l0-0)
20.134: (fly-airplane a1 l0-0 l4-0)
20.133: (drive-truck t4 l4-1 l4-0 c4)
20.142: (drive-truck t0 l0-1 l0-2 c0)
20.137: (fly-airplane a1 l4-0 l1-0)
20.138: (fly-airplane a1 l1-0 l3-0)
20.140: (drive-truck t4 l4-0 l4-1 c4)
20.136: (fly-airplane a1 l3-0 l0-0)
20.139: (fly-airplane a1 l0-0 l1-0)
20.139: (drive-truck t4 l4-1 l4-2 c4)
20.140: (fly-airplane a1 l1-0 l3-0)
20.333: (fly-airplane a0 l4-0 l2-0)
20.167: (drive-truck t3 l3-2 l3-1 c3)
20.114: (fly-airplane a1 l3-0 l2-0)
20.096: (drive-truck t0 l0-2 l0-0 c0)
20.066: (drive-truck t3 l3-1 l3-0 c3)
20.066: (drive-truck t4 l4-2 l4-1 c4)
20.078: (drive-truck t4 l4-1 l4-0 c4)
20.105: (fly-airplane a1 l2-0 l0-0)
20.093: (drive-truck t4 l4-0 l4-1 c4)
19.187: (unload-truck p0 t3 l3-0)
19.187: (drive-truck t4 l4-1 l4-2 c4)
19.190: (fly-airplane a1 l0-0 l1-0)
19.190: (drive-truck t4 l4-2 l4-1 c4)
19.202: (drive-truck t4 l4-1 l4-0 c4)
19.245: (drive-truck t0 l0-0 l0-1 c0)
19.210: (fly-airplane a1 l1-0 l3-0)
19.199: (drive-truck t4 l4-0 l4-2 c4)
19.199: (drive-truck t4 l4-2 l4-1 c4)
19.201: (drive-truck t0 l0-1 l0-2 c0)
19.201: (drive-truck t4 l4-1 l4-2 c4)
19.203: (fly-airplane a1 l3-0 l2-0)
19.201: (fly-airplane a0 l2-0 l3-0)
19.199: (drive-truck t0 l0-2 l0-1 c0)
19.199: (drive-truck t4 l4-2 l4-1 c4)
19.201: (drive-truck t0 l0-1 l0-2 c0)
19.203: (fly-airplane a0 l3-0 l2-0)
19.202: (drive-truck t0 l0-2 l0-1 c0)
19.202: (drive-truck t4 l4-1 l4-2 c4)
19.213: (drive-truck t4 l4-2 l4-0 c4)
19.210: (fly-airplane a0 l2-0 l3-0)
19.212: (drive-truck t0 l0-1 l0-2 c0)
19.215: (fly-airplane a0 l3-0 l2-0)
19.212: (fly-airplane a1 l2-0 l3-0)
19.241: (fly-airplane a1 l3-0 l0-0)
19.229: (drive-truck t4 l4-0 l4-2 c4)
19.229: (drive-truck t4 l4-2 l4-1 c4)
19.231: (drive-truck t0 l0-2 l0-1 c0)
19.231: (drive-truck t4 l4-1 l4-2 c4)
19.233: (fly-airplane a1 l0-0 l1-0)
19.233: (drive-truck t4 l4-2 l4-1 c4)
19.235: (drive-truck t0 l0-1 l0-2 c0)
19.235: (drive-truck t4 l4-1 l4-2 c4)
19.247: (drive-truck t4 l4-2 l4-0 c4)
19.392: (fly-airplane a0 l2-0 l3-0)
19.336: (drive-truck t0 l0-2 l0-0 c0)
19.316: (fly-airplane a1 l1-0 l3-0)
19.303: (drive-truck t4 l4-0 l4-2 c4)
19.303: (drive-truck t4 l4-2 l4-1 c4)
19.321: (fly-airplane a0 l3-0 l0-0)
19.187: (fly-airplane a1 l3-0 l2-0)
19.187: (drive-truck t4 l4-1 l4-2 c4)
19.190: (fly-airplane a0 l0-0 l1-0)
19.190: (drive-truck t4 l4-2 l4-1 c4)
19.233: (drive-truck t0 l0-0 l0-1 c0)
19.231: (fly-airplane a0 l1-0 l0-0)
19.229: (drive-truck t0 l0-1 l0-2 c0)
19.229: (drive-truck t4 l4-1 l4-2 c4)
19.231: (drive-truck t0 l0-2 l0-1 c0)
19.233: (fly-airplane a0 l0-0 l1-0)
19.235: (drive-truck t0 l0-1 l0-2 c0)
19.235: (drive-truck t4 l4-2 l4-1 c4)
19.247: (drive-truck t4 l4-1 l4-0 c4)
19.241: (fly-airplane a0 l1-0 l0-0)
19.200: (drive-truck t0 l0-2 l0-0 c0)
19.243: (drive-truck t0 l0-0 l0-1 c0)
19.388: (fly-airplane a1 l2-0 l3-0)
19.334: (drive-truck t0 l0-1 l0-0 c0)
19.321: (drive-truck t4 l4-0 l4-2 c4)
19.324: (fly-airplane a0 l0-0 l1-0)
19.324: (drive-truck t4 l4-2 l4-1 c4)
19.336: (drive-truck t4 l4-1 l4-0 c4)
19.370: (fly-airplane a1 l3-0 l0-0)
19.334: (fly-airplane a0 l1-0 l3-0)
19.321: (drive-truck t4 l4-0 l4-2 c4)
19.321: (drive-truck t4 l4-2 l4-1 c4)
19.324: (fly-airplane a1 l0-0 l1-0)
19.324: (drive-truck t4 l4-1 l4-2 c4)
19.357: (fly-airplane a0 l3-0 l0-0)
19.357: (drive-truck t4 l4-2 l4-1 c4)
19.364: (fly-airplane a1 l1-0 l0-0)
19.357: (fly-airplane a0 l0-0 l1-0)
19.357: (drive-truck t4 l4-1 l4-2 c4)
19.364: (fly-airplane a0 l1-0 l0-0)
19.376: (drive-truck t4 l4-2 l4-0 c4)
19.370: (fly-airplane a1 l0-0 l1-0)
19.378: (fly-airplane a0 l0-0 l1-0)
19.366: (drive-truck t4 l4-0 l4-2 c4)
19.366: (drive-truck t4 l4-2 l4-1 c4)
19.418: (drive-truck t0 l0-0 l0-1 c0)
19.378: (fly-airplane a0 l1-0 l3-0)
19.357: (fly-airplane a1 l1-0 l3-0)
19.358: (drive-truck t4 l4-1 l4-2 c4)
19.360: (drive-truck t0 l0-1 l0-2 c0)
19.360: (drive-truck t4 l4-2 l4-1 c4)
19.371: (drive-truck t4 l4-1 l4-0 c4)
19.369: (drive-truck t0 l0-2 l0-1 c0)
19.388: (fly-airplane a1 l3-0 l0-0)
19.243: (fly-airplane a0 l3-0 l2-0)
19.422: (fly-airplane a0 l2-0 l1-0)
19.389: (fly-airplane a1 l0-0 l3-0)
19.378: (drive-truck t4 l4-0 l4-1 c4)
19.376: (fly-airplane a0 l1-0 l0-0)
19.374: (drive-truck t0 l0-1 l0-2 c0)
19.374: (drive-truck t4 l4-1 l4-2 c4)
19.376: (drive-truck t0 l0-2 l0-1 c0)
19.378: (fly-airplane a0 l0-0 l1-0)
19.380: (drive-truck t0 l0-1 l0-2 c0)
19.380: (drive-truck t4 l4-2 l4-1 c4)
19.392: (drive-truck t4 l4-1 l4-0 c4)
19.386: (fly-airplane a0 l1-0 l0-0)
19.420: (fly-airplane a1 l3-0 l1-0)
19.409: (drive-truck t4 l4-0 l4-2 c4)
19.380: (fly-airplane a0 l0-0 l3-0)
19.374: (fly-airplane a1 l1-0 l0-0)
19.374: (drive-truck t4 l4-2 l4-1 c4)
19.376: (drive-truck t0 l0-2 l0-1 c0)
19.376: (drive-truck t4 l4-1 l4-2 c4)
19.378: (fly-airplane a1 l0-0 l1-0)
19.389: (drive-truck t4 l4-2 l4-0 c4)
19.422: (fly-airplane a0 l3-0 l0-0)
19.410: (drive-truck t4 l4-0 l4-1 c4)
19.409: (drive-truck t0 l0-1 l0-2 c0)
19.380: (fly-airplane a0 l0-0 l3-0)
19.421: (fly-airplane a0 l3-0 l1-0)
19.409: (fly-airplane a1 l1-0 l0-0)
19.409: (drive-truck t4 l4-1 l4-2 c4)
19.410: (drive-truck t0 l0-2 l0-1 c0)
19.410: (drive-truck t4 l4-2 l4-1 c4)
19.415: (fly-airplane a0 l1-0 l0-0)
19.413: (drive-truck t0 l0-1 l0-2 c0)
19.413: (drive-truck t4 l4-1 l4-2 c4)
19.415: (drive-truck t0 l0-2 l0-1 c0)
19.410: (fly-airplane a1 l0-0 l1-0)
19.418: (fly-airplane a0 l0-0 l1-0)
19.421: (drive-truck t0 l0-1 l0-2 c0)
19.432: (drive-truck t4 l4-2 l4-0 c4)
19.420: (fly-airplane a1 l1-0 l0-0)
19.386: (fly-airplane a0 l1-0 l3-0)
19.425: (fly-airplane a0 l3-0 l0-0)
19.427: (drive-truck t0 l0-2 l0-1 c0)
20.330: (load-truck p0 t3 l3-0)
20.156: (fly-airplane a0 l0-0 l2-0)
20.126: (fly-airplane a1 l0-0 l2-0)
20.114: (drive-truck t4 l4-0 l4-1 c4)
20.114: (drive-truck t4 l4-1 l4-2 c4)
20.118: (drive-truck t3 l3-0 l3-1 c3)
20.118: (drive-truck t4 l4-2 l4-1 c4)
20.096: (drive-truck t0 l0-1 l0-0 c0)
20.109: (drive-truck t4 l4-1 l4-0 c4)
20.127: (drive-truck t0 l0-0 l0-2 c0)
20.114: (drive-truck t4 l4-0 l4-1 c4)
20.129: (drive-truck t3 l3-1 l3-0 c3)
20.129: (drive-truck t4 l4-1 l4-2 c4)
20.141: (drive-truck t4 l4-2 l4-0 c4)
20.167: (fly-airplane a1 l2-0 l0-0)
20.154: (drive-truck t4 l4-0 l4-1 c4)
20.142: (drive-truck t3 l3-0 l3-1 c3)
20.124: (drive-truck t0 l0-2 l0-0 c0)
20.124: (drive-truck t4 l4-1 l4-2 c4)
20.093: (drive-truck t3 l3-1 l3-0 c3)
20.096: (fly-airplane a1 l0-0 l1-0)
20.096: (drive-truck t4 l4-2 l4-1 c4)
20.109: (drive-truck t4 l4-1 l4-0 c4)
20.135: (fly-airplane a1 l1-0 l3-0)
20.122: (drive-truck t4 l4-0 l4-2 c4)
20.122: (drive-truck t4 l4-2 l4-1 c4)
20.146: (drive-truck t3 l3-0 l3-1 c3)
20.126: (fly-airplane a1 l3-0 l1-0)
20.126: (drive-truck t4 l4-1 l4-2 c4)
20.138: (drive-truck t4 l4-2 l4-0 c4)
20.136: (fly-airplane a1 l1-0 l0-0)
20.155: (drive-truck t0 l0-0 l0-2 c0)
20.142: (drive-truck t4 l4-0 l4-2 c4)
20.148: (fly-airplane a1 l0-0 l1-0)
20.148: (drive-truck t4 l4-2 l4-1 c4)
20.151: (drive-truck t0 l0-2 l0-1 c0)
20.145: (drive-truck t3 l3-1 l3-0 c3)
20.143: (fly-airplane a1 l1-0 l0-0)
20.143: (drive-truck t4 l4-1 l4-2 c4)
20.145: (fly-airplane a1 l0-0 l1-0)
20.151: (drive-truck t3 l3-0 l3-1 c3)
20.150: (fly-airplane a1 l1-0 l0-0)
20.150: (drive-truck t4 l4-2 l4-1 c4)
20.162: (drive-truck t4 l4-1 l4-0 c4)
20.130: (fly-airplane a1 l0-0 l2-0)
20.162: (fly-airplane a0 l2-0 l0-0)
20.136: (drive-truck t0 l0-1 l0-0 c0)
20.106: (drive-truck t3 l3-1 l3-0 c3)
20.093: (drive-truck t4 l4-0 l4-2 c4)
20.093: (drive-truck t4 l4-2 l4-1 c4)
20.096: (fly-airplane a0 l0-0 l1-0)
20.096: (drive-truck t4 l4-1 l4-2 c4)
20.109: (drive-truck t4 l4-2 l4-0 c4)
20.135: (fly-airplane a0 l1-0 l3-0)
20.122: (drive-truck t4 l4-0 l4-2 c4)
20.122: (drive-truck t4 l4-2 l4-1 c4)
20.146: (drive-truck t3 l3-0 l3-1 c3)
20.124: (fly-airplane a0 l3-0 l0-0)
20.124: (drive-truck t4 l4-1 l4-2 c4)
20.126: (fly-airplane a0 l0-0 l1-0)
20.126: (drive-truck t4 l4-2 l4-1 c4)
20.138: (drive-truck t4 l4-1 l4-0 c4)
20.158: (fly-airplane a0 l1-0 l3-0)
20.146: (drive-truck t4 l4-0 l4-2 c4)
20.167: (drive-truck t0 l0-0 l0-2 c0)
20.142: (fly-airplane a0 l3-0 l0-0)
20.142: (drive-truck t4 l4-2 l4-1 c4)
20.148: (fly-airplane a0 l0-0 l1-0)
20.148: (drive-truck t4 l4-1 l4-2 c4)
20.151: (drive-truck t0 l0-2 l0-1 c0)
20.145: (drive-truck t3 l3-1 l3-0 c3)
20.143: (fly-airplane a0 l1-0 l0-0)
20.143: (drive-truck t4 l4-2 l4-1 c4)
20.145: (fly-airplane a0 l0-0 l1-0)
20.151: (drive-truck t3 l3-0 l3-1 c3)
20.150: (fly-airplane a0 l1-0 l0-0)
20.150: (drive-truck t4 l4-1 l4-2 c4)
20.170: (fly-airplane a0 l0-0 l3-0)
20.170: (drive-truck t4 l4-2 l4-1 c4)
20.167: (drive-truck t0 l0-1 l0-2 c0)
20.179: (drive-truck t4 l4-1 l4-0 c4)
20.155: (fly-airplane a0 l3-0 l0-0)
20.161: (fly-airplane a0 l0-0 l1-0)
20.164: (drive-truck t0 l0-2 l0-1 c0)
20.157: (drive-truck t3 l3-1 l3-0 c3)
20.156: (fly-airplane a0 l1-0 l0-0)
20.167: (drive-truck t0 l0-1 l0-2 c0)
20.154: (drive-truck t4 l4-0 l4-1 c4)
20.154: (drive-truck t4 l4-1 l4-2 c4)
20.160: (fly-airplane a0 l0-0 l1-0)
20.160: (drive-truck t4 l4-2 l4-1 c4)
20.172: (drive-truck t4 l4-1 l4-0 c4)
20.198: (fly-airplane a0 l1-0 l3-0)
20.183: (drive-truck t0 l0-2 l0-1 c0)
20.171: (drive-truck t4 l4-0 l4-1 c4)
20.171: (drive-truck t4 l4-1 l4-2 c4)
20.185: (drive-truck t0 l0-1 l0-2 c0)
20.185: (drive-truck t4 l4-2 l4-1 c4)
20.333: (drive-truck t3 l3-0 l3-2 c3)
20.285: (fly-airplane a0 l3-0 l2-0)
20.285: (drive-truck t4 l4-1 l4-2 c4)
20.288: (drive-truck t0 l0-2 l0-0 c0)
20.288: (drive-truck t4 l4-2 l4-1 c4)
20.293: (drive-truck t0 l0-0 l0-1 c0)
20.293: (drive-truck t4 l4-1 l4-2 c4)
20.305: (drive-truck t4 l4-2 l4-0 c4)
20.297: (drive-truck t0 l0-1 l0-2 c0)
20.299: (drive-truck t0 l0-2 l0-0 c0)
20.332: (fly-airplane a1 l2-0 l0-0)
20.320: (drive-truck t4 l4-0 l4-1 c4)
20.311: (drive-truck t0 l0-0 l0-2 c0)
20.311: (drive-truck t4 l4-1 l4-2 c4)
20.154: (drive-truck t3 l3-2 l3-0 c3)
20.160: (fly-airplane a1 l0-0 l1-0)
20.160: (drive-truck t4 l4-2 l4-1 c4)
20.172: (drive-truck t4 l4-1 l4-0 c4)
20.157: (drive-truck t0 l0-2 l0-1 c0)
20.164: (drive-truck t3 l3-0 l3-1 c3)
20.161: (drive-truck t0 l0-1 l0-2 c0)
20.179: (fly-airplane a1 l1-0 l3-0)
20.158: (drive-truck t0 l0-2 l0-0 c0)
20.146: (drive-truck t4 l4-0 l4-2 c4)
20.170: (drive-truck t0 l0-0 l0-1 c0)
20.170: (drive-truck t4 l4-2 l4-1 c4)
20.167: (drive-truck t0 l0-1 l0-2 c0)
20.186: (drive-truck t3 l3-1 l3-0 c3)
20.171: (drive-truck t0 l0-2 l0-1 c0)
20.171: (drive-truck t4 l4-1 l4-2 c4)
20.183: (drive-truck t4 l4-2 l4-0 c4)
20.183: (drive-truck t3 l3-0 l3-1 c3)
20.352: (drive-truck t3 l3-1 l3-2 c3)
20.335: (fly-airplane a1 l3-0 l0-0)
20.323: (drive-truck t0 l0-1 l0-2 c0)
20.331: (fly-airplane a1 l0-0 l1-0)
20.319: (drive-truck t4 l4-0 l4-1 c4)
20.319: (drive-truck t4 l4-1 l4-2 c4)
20.321: (drive-truck t0 l0-2 l0-0 c0)
20.320: (fly-airplane a1 l1-0 l0-0)
20.323: (drive-truck t0 l0-0 l0-1 c0)
20.323: (drive-truck t4 l4-2 l4-1 c4)
20.326: (fly-airplane a1 l0-0 l1-0)
20.321: (drive-truck t0 l0-1 l0-0 c0)
20.332: (drive-truck t4 l4-1 l4-0 c4)
20.338: (drive-truck t0 l0-0 l0-1 c0)
20.326: (drive-truck t4 l4-0 l4-2 c4)
20.340: (fly-airplane a1 l1-0 l3-0)
20.335: (drive-truck t0 l0-1 l0-0 c0)
20.335: (drive-truck t4 l4-2 l4-1 c4)
20.333: (drive-truck t0 l0-0 l0-2 c0)
20.340: (drive-truck t0 l0-2 l0-1 c0)
20.519: (fly-airplane a0 l2-0 l0-0)
20.323: (fly-airplane a1 l3-0 l2-0)
20.311: (drive-truck t0 l0-1 l0-2 c0)
20.311: (drive-truck t4 l4-1 l4-2 c4)
20.319: (fly-airplane a0 l0-0 l1-0)
20.319: (drive-truck t4 l4-2 l4-1 c4)
20.321: (drive-truck t0 l0-2 l0-0 c0)
20.320: (fly-airplane a0 l1-0 l0-0)
20.320: (drive-truck t4 l4-1 l4-2 c4)
20.321: (fly-airplane a0 l0-0 l1-0)
20.326: (drive-truck t0 l0-0 l0-1 c0)
20.323: (fly-airplane a0 l1-0 l0-0)
20.335: (drive-truck t4 l4-2 l4-0 c4)
20.323: (drive-truck t0 l0-1 l0-2 c0)
20.331: (fly-airplane a0 l0-0 l1-0)
20.332: (drive-truck t0 l0-2 l0-0 c0)
20.332: (fly-airplane a0 l1-0 l0-0)
20.347: (fly-airplane a0 l0-0 l3-0)
20.335: (drive-truck t4 l4-0 l4-2 c4)
20.333: (drive-truck t0 l0-0 l0-2 c0)
20.340: (drive-truck t0 l0-2 l0-1 c0)
20.340: (drive-truck t4 l4-2 l4-1 c4)
20.326: (fly-airplane a0 l3-0 l1-0)
20.338: (drive-truck t4 l4-1 l4-0 c4)
20.352: (fly-airplane a0 l1-0 l3-0)
20.183: (drive-truck t3 l3-2 l3-1 c3)
20.363: (fly-airplane a1 l2-0 l0-0)
20.326: (drive-truck t0 l0-1 l0-0 c0)
20.303: (drive-truck t3 l3-1 l3-0 c3)
20.277: (fly-airplane a0 l3-0 l1-0)
20.264: (drive-truck t4 l4-0 l4-1 c4)
20.264: (drive-truck t4 l4-1 l4-2 c4)
20.270: (fly-airplane a0 l1-0 l0-0)
20.264: (fly-airplane a1 l0-0 l1-0)
20.264: (drive-truck t4 l4-2 l4-1 c4)
20.270: (fly-airplane a1 l1-0 l0-0)
20.282: (drive-truck t4 l4-1 l4-0 c4)
20.277: (fly-airplane a1 l0-0 l1-0)
20.285: (fly-airplane a0 l0-0 l1-0)
20.272: (drive-truck t4 l4-0 l4-2 c4)
20.272: (drive-truck t4 l4-2 l4-1 c4)
20.293: (fly-airplane a0 l1-0 l3-0)
20.290: (fly-airplane a1 l1-0 l0-0)
20.290: (drive-truck t4 l4-1 l4-2 c4)
20.294: (fly-airplane a1 l0-0 l1-0)
20.306: (drive-truck t4 l4-2 l4-0 c4)
20.325: (fly-airplane a1 l1-0 l3-0)
20.303: (fly-airplane a0 l3-0 l0-0)
20.290: (drive-truck t4 l4-0 l4-1 c4)
20.290: (drive-truck t4 l4-1 l4-2 c4)
20.293: (fly-airplane a0 l0-0 l1-0)
20.294: (drive-truck t4 l4-2 l4-1 c4)
20.306: (drive-truck t4 l4-1 l4-0 c4)
20.328: (drive-truck t3 l3-0 l3-1 c3)
20.307: (fly-airplane a1 l3-0 l0-0)
20.294: (drive-truck t4 l4-0 l4-1 c4)
20.294: (drive-truck t4 l4-1 l4-2 c4)
20.301: (fly-airplane a0 l1-0 l0-0)
20.294: (fly-airplane a1 l0-0 l1-0)
20.294: (drive-truck t4 l4-2 l4-1 c4)
20.301: (fly-airplane a1 l1-0 l0-0)
20.314: (drive-truck t4 l4-1 l4-0 c4)
20.307: (fly-airplane a1 l0-0 l1-0)
20.315: (fly-airplane a0 l0-0 l1-0)
20.302: (drive-truck t4 l4-0 l4-1 c4)
20.302: (drive-truck t4 l4-1 l4-2 c4)
20.316: (fly-airplane a0 l1-0 l3-0)
20.314: (fly-airplane a1 l1-0 l0-0)
20.314: (drive-truck t4 l4-2 l4-1 c4)
20.316: (fly-airplane a1 l0-0 l1-0)
20.325: (fly-airplane a1 l1-0 l3-0)
20.312: (drive-truck t3 l3-1 l3-0 c3)
20.312: (drive-truck t4 l4-1 l4-2 c4)
20.325: (drive-truck t3 l3-0 l3-1 c3)
20.314: (fly-airplane a0 l3-0 l0-0)
20.314: (drive-truck t4 l4-2 l4-1 c4)
20.316: (fly-airplane a0 l0-0 l1-0)
20.316: (drive-truck t4 l4-1 l4-2 c4)
20.350: (drive-truck t0 l0-0 l0-2 c0)
20.326: (fly-airplane a1 l3-0 l0-0)
20.325: (drive-truck t3 l3-1 l3-0 c3)
20.314: (drive-truck t0 l0-2 l0-1 c0)
20.314: (drive-truck t4 l4-2 l4-1 c4)
20.318: (fly-airplane a0 l1-0 l0-0)
20.314: (fly-airplane a1 l0-0 l1-0)
20.314: (drive-truck t4 l4-1 l4-2 c4)
20.318: (fly-airplane a1 l1-0 l0-0)
20.329: (drive-truck t0 l0-1 l0-2 c0)
20.325: (fly-airplane a1 l0-0 l1-0)
20.325: (drive-truck t4 l4-2 l4-1 c4)
20.326: (drive-truck t3 l3-0 l3-1 c3)
20.326: (drive-truck t4 l4-1 l4-2 c4)
20.331: (fly-airplane a1 l1-0 l0-0)
20.331: (drive-truck t4 l4-2 l4-1 c4)
20.326: (fly-airplane a0 l0-0 l1-0)
20.325: (drive-truck t3 l3-1 l3-0 c3)
20.329: (fly-airplane a0 l1-0 l0-0)
20.342: (drive-truck t4 l4-1 l4-0 c4)
20.338: (fly-airplane a1 l0-0 l1-0)
20.327: (drive-truck t0 l0-2 l0-1 c0)
20.333: (fly-airplane a0 l0-0 l1-0)
19.430: (unload-truck p0 t3 l3-0)
20.531: (load-truck p7 t2 l2-2)
20.046: (fly-airplane a0 l1-0 l4-0)
19.860: (fly-airplane a1 l1-0 l2-0)
19.834: (drive-truck t4 l4-0 l4-2 c4)
19.823: (drive-truck t0 l0-1 l0-0 c0)
19.823: (drive-truck t4 l4-2 l4-1 c4)
19.837: (drive-truck t0 l0-0 l0-2 c0)
19.837: (drive-truck t4 l4-1 l4-2 c4)
19.863: (drive-truck t4 l4-2 l4-0 c4)
19.849: (drive-truck t0 l0-2 l0-0 c0)
19.990: (fly-airplane a1 l2-0 l3-0)
19.965: (drive-truck t4 l4-0 l4-1 c4)
19.965: (drive-truck t4 l4-1 l4-2 c4)
19.985: (drive-truck t0 l0-0 l0-1 c0)
19.985: (drive-truck t4 l4-2 l4-1 c4)
19.988: (drive-truck t0 l0-1 l0-2 c0)
19.988: (drive-truck t4 l4-1 l4-2 c4)
20.015: (drive-truck t4 l4-2 l4-0 c4)
20.011: (drive-truck t0 l0-2 l0-1 c0)
20.044: (fly-airplane a1 l3-0 l0-0)
20.017: (drive-truck t4 l4-0 l4-2 c4)
19.999: (drive-truck t0 l0-1 l0-0 c0)
19.999: (drive-truck t4 l4-2 l4-1 c4)
20.001: (fly-airplane a1 l0-0 l1-0)
20.001: (drive-truck t4 l4-1 l4-2 c4)
20.013: (fly-airplane a1 l1-0 l4-0)
19.823: (fly-airplane a0 l4-0 l2-0)
19.823: (drive-truck t4 l4-2 l4-1 c4)
19.834: (drive-truck t0 l0-0 l0-1 c0)
19.834: (drive-truck t4 l4-1 l4-2 c4)
19.837: (drive-truck t0 l0-1 l0-2 c0)
19.837: (drive-truck t4 l4-2 l4-1 c4)
19.863: (drive-truck t4 l4-1 l4-0 c4)
19.849: (drive-truck t0 l0-2 l0-0 c0)
19.860: (drive-truck t0 l0-0 l0-1 c0)
20.011: (fly-airplane a0 l2-0 l3-0)
19.985: (drive-truck t4 l4-0 l4-1 c4)
19.965: (drive-truck t0 l0-1 l0-0 c0)
19.965: (drive-truck t4 l4-1 l4-2 c4)
19.985: (drive-truck t0 l0-0 l0-1 c0)
19.988: (drive-truck t0 l0-1 l0-2 c0)
19.988: (drive-truck t4 l4-2 l4-1 c4)
20.015: (drive-truck t4 l4-1 l4-0 c4)
19.990: (drive-truck t0 l0-2 l0-0 c0)
20.024: (fly-airplane a0 l3-0 l0-0)
19.999: (drive-truck t4 l4-0 l4-1 c4)
19.999: (drive-truck t4 l4-1 l4-2 c4)
20.001: (fly-airplane a0 l0-0 l1-0)
20.001: (drive-truck t4 l4-2 l4-1 c4)
20.013: (fly-airplane a0 l1-0 l4-0)
20.030: (drive-truck t0 l0-0 l0-1 c0)
20.017: (fly-airplane a1 l4-0 l0-0)
20.017: (drive-truck t0 l0-1 l0-2 c0)
20.017: (drive-truck t4 l4-1 l4-2 c4)
20.023: (fly-airplane a1 l0-0 l1-0)
20.019: (drive-truck t0 l0-2 l0-1 c0)
20.019: (drive-truck t4 l4-2 l4-1 c4)
20.023: (drive-truck t0 l0-1 l0-2 c0)
20.034: (fly-airplane a1 l1-0 l4-0)
20.017: (fly-airplane a0 l4-0 l0-0)
20.017: (drive-truck t4 l4-1 l4-2 c4)
20.017: (drive-truck t0 l0-2 l0-1 c0)
20.017: (drive-truck t4 l4-2 l4-1 c4)
20.019: (fly-airplane a0 l0-0 l1-0)
20.019: (drive-truck t4 l4-1 l4-2 c4)
20.023: (drive-truck t0 l0-1 l0-2 c0)
20.023: (drive-truck t4 l4-2 l4-1 c4)
20.049: (drive-truck t4 l4-1 l4-0 c4)
20.026: (drive-truck t0 l0-2 l0-0 c0)
20.038: (fly-airplane a0 l1-0 l4-0)
20.024: (fly-airplane a1 l4-0 l0-0)
20.026: (fly-airplane a1 l0-0 l1-0)
20.049: (drive-truck t0 l0-0 l0-2 c0)
20.043: (fly-airplane a1 l1-0 l0-0)
20.060: (fly-airplane a1 l0-0 l4-0)
20.034: (drive-truck t4 l4-0 l4-2 c4)
20.030: (drive-truck t0 l0-2 l0-1 c0)
20.057: (drive-truck t4 l4-2 l4-0 c4)
20.044: (fly-airplane a0 l4-0 l0-0)
20.043: (drive-truck t0 l0-1 l0-2 c0)
20.337: (fly-airplane a1 l4-0 l2-0)
20.309: (fly-airplane a0 l0-0 l3-0)
20.296: (drive-truck t0 l0-2 l0-0 c0)
20.284: (drive-truck t4 l4-0 l4-2 c4)
20.284: (drive-truck t4 l4-2 l4-1 c4)
20.292: (fly-airplane a0 l3-0 l2-0)
20.284: (fly-airplane a1 l2-0 l3-0)
20.284: (drive-truck t4 l4-1 l4-2 c4)
20.292: (fly-airplane a1 l3-0 l2-0)
20.300: (drive-truck t0 l0-0 l0-1 c0)
20.295: (fly-airplane a0 l2-0 l3-0)
20.295: (drive-truck t4 l4-2 l4-1 c4)
20.297: (drive-truck t0 l0-1 l0-2 c0)
20.297: (drive-truck t4 l4-1 l4-2 c4)
20.302: (fly-airplane a0 l3-0 l2-0)
20.297: (fly-airplane a1 l2-0 l3-0)
20.295: (drive-truck t0 l0-2 l0-1 c0)
20.295: (drive-truck t4 l4-2 l4-1 c4)
20.297: (drive-truck t0 l0-1 l0-2 c0)
20.302: (fly-airplane a1 l3-0 l2-0)
20.300: (drive-truck t0 l0-2 l0-1 c0)
20.311: (drive-truck t4 l4-1 l4-0 c4)
20.304: (drive-truck t0 l0-1 l0-0 c0)
20.296: (fly-airplane a1 l2-0 l3-0)
20.306: (drive-truck t0 l0-0 l0-1 c0)
20.309: (drive-truck t0 l0-1 l0-2 c0)
20.314: (fly-airplane a1 l3-0 l2-0)
20.337: (fly-airplane a1 l2-0 l0-0)
20.326: (drive-truck t4 l4-0 l4-2 c4)
20.318: (drive-truck t0 l0-2 l0-0 c0)
20.318: (drive-truck t4 l4-2 l4-1 c4)
20.320: (fly-airplane a1 l0-0 l1-0)
20.320: (drive-truck t4 l4-1 l4-2 c4)
20.329: (drive-truck t0 l0-0 l0-1 c0)
20.327: (fly-airplane a1 l1-0 l0-0)
20.327: (drive-truck t4 l4-2 l4-1 c4)
20.326: (drive-truck t0 l0-1 l0-2 c0)
20.332: (fly-airplane a1 l0-0 l1-0)
20.329: (drive-truck t0 l0-2 l0-1 c0)
20.341: (drive-truck t4 l4-1 l4-0 c4)
20.332: (drive-truck t0 l0-1 l0-0 c0)
20.330: (fly-airplane a1 l1-0 l0-0)
20.339: (drive-truck t0 l0-0 l0-1 c0)
20.489: (fly-airplane a0 l2-0 l3-0)
20.306: (fly-airplane a1 l0-0 l2-0)
20.339: (fly-airplane a0 l3-0 l0-0)
20.327: (drive-truck t4 l4-0 l4-1 c4)
20.317: (drive-truck t0 l0-1 l0-0 c0)
20.317: (drive-truck t4 l4-1 l4-2 c4)
20.320: (fly-airplane a0 l0-0 l1-0)
20.320: (drive-truck t4 l4-2 l4-1 c4)
20.329: (drive-truck t0 l0-0 l0-1 c0)
20.329: (drive-truck t4 l4-1 l4-2 c4)
20.327: (fly-airplane a0 l1-0 l0-0)
20.326: (drive-truck t0 l0-1 l0-2 c0)
20.326: (drive-truck t4 l4-2 l4-1 c4)
20.332: (fly-airplane a0 l0-0 l1-0)
20.332: (drive-truck t4 l4-1 l4-2 c4)
20.344: (drive-truck t4 l4-2 l4-0 c4)
20.332: (drive-truck t0 l0-2 l0-0 c0)
20.330: (fly-airplane a0 l1-0 l0-0)
20.472: (fly-airplane a1 l2-0 l3-0)
20.454: (fly-airplane a0 l0-0 l3-0)
20.441: (drive-truck t4 l4-0 l4-2 c4)
20.441: (drive-truck t4 l4-2 l4-1 c4)
20.459: (drive-truck t0 l0-0 l0-1 c0)
20.459: (drive-truck t4 l4-1 l4-2 c4)
20.462: (drive-truck t0 l0-1 l0-2 c0)
20.462: (drive-truck t4 l4-2 l4-1 c4)
20.474: (drive-truck t4 l4-1 l4-0 c4)
20.470: (drive-truck t0 l0-2 l0-1 c0)
20.489: (fly-airplane a0 l3-0 l0-0)
20.477: (drive-truck t4 l4-0 l4-1 c4)
20.459: (drive-truck t0 l0-1 l0-0 c0)
20.459: (drive-truck t4 l4-1 l4-2 c4)
20.462: (fly-airplane a0 l0-0 l1-0)
20.462: (drive-truck t4 l4-2 l4-1 c4)
20.474: (drive-truck t4 l4-1 l4-0 c4)
20.491: (drive-truck t0 l0-0 l0-1 c0)
20.046: (fly-airplane a1 l3-0 l4-0)
20.341: (fly-airplane a1 l4-0 l2-0)
20.523: (fly-airplane a1 l2-0 l0-0)
20.508: (drive-truck t0 l0-1 l0-0 c0)
20.472: (fly-airplane a0 l1-0 l3-0)
20.459: (drive-truck t4 l4-0 l4-1 c4)
20.459: (drive-truck t4 l4-1 l4-2 c4)
20.462: (fly-airplane a1 l0-0 l1-0)
20.462: (drive-truck t4 l4-2 l4-1 c4)
20.474: (drive-truck t4 l4-1 l4-0 c4)
20.491: (drive-truck t0 l0-0 l0-1 c0)
20.479: (drive-truck t4 l4-0 l4-2 c4)
20.477: (fly-airplane a1 l1-0 l0-0)
20.476: (drive-truck t0 l0-1 l0-2 c0)
20.476: (drive-truck t4 l4-2 l4-1 c4)
20.477: (drive-truck t0 l0-2 l0-1 c0)
20.479: (fly-airplane a1 l0-0 l1-0)
20.482: (drive-truck t0 l0-1 l0-2 c0)
20.482: (drive-truck t4 l4-1 l4-2 c4)
20.332: (fly-airplane a0 l3-0 l2-0)
20.344: (drive-truck t4 l4-2 l4-0 c4)
20.494: (fly-airplane a0 l2-0 l3-0)
20.488: (fly-airplane a1 l1-0 l0-0)
20.522: (fly-airplane a0 l3-0 l1-0)
20.494: (fly-airplane a1 l0-0 l3-0)
20.482: (drive-truck t4 l4-0 l4-2 c4)
20.476: (fly-airplane a0 l1-0 l0-0)
20.476: (drive-truck t4 l4-2 l4-1 c4)
20.482: (fly-airplane a0 l0-0 l1-0)
20.479: (drive-truck t0 l0-2 l0-1 c0)
20.479: (drive-truck t4 l4-1 l4-2 c4)
20.477: (fly-airplane a0 l1-0 l0-0)
20.512: (fly-airplane a1 l3-0 l1-0)
20.495: (drive-truck t0 l0-1 l0-0 c0)
20.495: (drive-truck t4 l4-2 l4-1 c4)
20.502: (fly-airplane a1 l1-0 l0-0)
20.495: (fly-airplane a0 l0-0 l1-0)
20.495: (drive-truck t4 l4-1 l4-2 c4)
20.502: (fly-airplane a0 l1-0 l0-0)
20.514: (drive-truck t4 l4-2 l4-0 c4)
20.508: (fly-airplane a1 l0-0 l1-0)
20.516: (fly-airplane a0 l0-0 l1-0)
20.504: (drive-truck t4 l4-0 l4-1 c4)
20.504: (drive-truck t4 l4-1 l4-2 c4)
20.519: (drive-truck t0 l0-0 l0-1 c0)
20.512: (fly-airplane a1 l1-0 l0-0)
20.511: (drive-truck t0 l0-1 l0-2 c0)
20.511: (drive-truck t4 l4-2 l4-1 c4)
20.512: (drive-truck t0 l0-2 l0-1 c0)
20.516: (fly-airplane a0 l1-0 l0-0)
20.512: (fly-airplane a1 l0-0 l1-0)
20.511: (drive-truck t0 l0-1 l0-2 c0)
20.511: (drive-truck t4 l4-1 l4-2 c4)
20.515: (fly-airplane a1 l1-0 l0-0)
20.515: (drive-truck t4 l4-2 l4-1 c4)
20.527: (drive-truck t4 l4-1 l4-0 c4)
20.488: (fly-airplane a1 l0-0 l3-0)
20.522: (fly-airplane a1 l3-0 l1-0)
20.523: (drive-truck t0 l0-2 l0-1 c0)
20.528: (fly-airplane a1 l1-0 l0-0)
20.516: (drive-truck t4 l4-0 l4-2 c4)
21.465: (load-truck p0 t3 l3-0)
20.963: (fly-airplane a0 l0-0 l4-0)
20.786: (fly-airplane a1 l0-0 l2-0)
20.736: (drive-truck t0 l0-1 l0-0 c0)
20.736: (drive-truck t4 l4-2 l4-1 c4)
20.761: (drive-truck t4 l4-1 l4-0 c4)
20.800: (drive-truck t3 l3-0 l3-1 c3)
20.795: (drive-truck t4 l4-0 l4-1 c4)
20.795: (drive-truck t4 l4-1 l4-2 c4)
20.905: (drive-truck t3 l3-1 l3-2 c3)
20.905: (drive-truck t4 l4-2 l4-1 c4)
20.931: (drive-truck t4 l4-1 l4-0 c4)
20.977: (drive-truck t0 l0-0 l0-1 c0)
20.812: (drive-truck t3 l3-2 l3-0 c3)
20.786: (drive-truck t4 l4-0 l4-1 c4)
20.802: (drive-truck t0 l0-1 l0-2 c0)
20.802: (drive-truck t4 l4-1 l4-2 c4)
20.828: (drive-truck t4 l4-2 l4-0 c4)
20.931: (drive-truck t3 l3-0 l3-1 c3)
20.927: (drive-truck t0 l0-2 l0-1 c0)
20.930: (drive-truck t4 l4-0 l4-2 c4)
20.930: (drive-truck t4 l4-2 l4-1 c4)
20.934: (drive-truck t0 l0-1 l0-2 c0)
20.934: (drive-truck t4 l4-1 l4-2 c4)
20.978: (drive-truck t3 l3-1 l3-2 c3)
20.972: (drive-truck t0 l0-2 l0-1 c0)
20.972: (drive-truck t4 l4-2 l4-1 c4)
20.978: (drive-truck t0 l0-1 l0-2 c0)
20.981: (drive-truck t4 l4-1 l4-0 c4)
[Final] Expanded: 1000, Generated: 35577
Failed to find a solution!
