/u/ibrahim.eisawy/Neural-Guided-Search/venv/lib/python3.10/site-packages/pymimir_rgnn/model.py:151: UserWarning: index_reduce() is in beta and the API may change at any time. (Triggered internally at /pytorch/aten/src/ATen/native/cuda/Indexing.cu:1541.)
  max_msg.index_reduce_(0, output_indices, output_messages, reduce='amax', include_self=True)
Torch: 2.12.0+cu130
Using GPU:  NVIDIA L40S
65.826: (load-truck p3 t3 l3-1)
63.841: (load-truck p14 t0 l0-1)
62.036: (drive-truck t2 l2-0 l2-3 c2)
59.806: (load-truck p13 t2 l2-3)
58.387: (drive-truck t2 l2-3 l2-0 c2)
57.325: (drive-truck t1 l1-1 l1-2 c1)
55.272: (load-truck p12 t1 l1-2)
53.185: (drive-truck t1 l1-2 l1-3 c1)
52.367: (drive-truck t3 l3-1 l3-2 c3)
51.061: (load-truck p7 t3 l3-2)
49.810: (unload-truck p3 t3 l3-2)
48.586: (drive-truck t2 l2-0 l2-2 c2)
47.821: (drive-truck t0 l0-1 l0-2 c0)
46.588: (load-truck p15 t0 l0-2)
45.806: (drive-truck t0 l0-2 l0-3 c0)
44.617: (load-truck p16 t0 l0-3)
42.232: (drive-truck t0 l0-3 l0-1 c0)
41.639: (load-truck p4 t4 l4-0)
40.828: (drive-truck t4 l4-0 l4-3 c4)
39.490: (load-truck p0 t4 l4-3)
38.297: (drive-truck t4 l4-3 l4-2 c4)
36.214: (unload-truck p0 t4 l4-2)
34.702: (load-truck p8 t4 l4-2)
33.437: (load-truck p1 t4 l4-2)
33.006: (unload-truck p16 t0 l0-1)
32.303: (drive-truck t4 l4-2 l4-0 c4)
32.253: (fly-airplane a1 l0-0 l4-0)
32.244: (fly-airplane a0 l1-0 l3-0)
32.237: (drive-truck t5 l5-1 l5-3 c5)
30.533: (load-truck p2 t5 l5-3)
28.427: (load-truck p11 t5 l5-3)
28.057: (load-truck p9 t5 l5-3)
27.076: (drive-truck t5 l5-3 l5-0 c5)
26.082: (load-truck p17 t5 l5-0)
25.075: (unload-truck p9 t5 l5-0)
24.007: (drive-truck t5 l5-0 l5-3 c5)
23.965: (drive-truck t0 l0-1 l0-3 c0)
23.963: (drive-truck t1 l1-3 l1-1 c1)
23.963: (drive-truck t0 l0-3 l0-2 c0)
23.965: (drive-truck t1 l1-1 l1-3 c1)
23.973: (fly-airplane a0 l3-0 l1-0)
23.970: (drive-truck t1 l1-3 l1-1 c1)
23.970: (drive-truck t0 l0-2 l0-3 c0)
23.971: (fly-airplane a0 l1-0 l4-0)
23.963: (fly-airplane a1 l4-0 l3-0)
23.963: (drive-truck t0 l0-3 l0-2 c0)
23.965: (drive-truck t1 l1-1 l1-3 c1)
23.966: (drive-truck t0 l0-2 l0-3 c0)
23.973: (fly-airplane a1 l3-0 l1-0)
23.970: (drive-truck t1 l1-3 l1-1 c1)
23.970: (drive-truck t0 l0-3 l0-2 c0)
23.971: (fly-airplane a1 l1-0 l4-0)
23.972: (fly-airplane a0 l4-0 l0-0)
23.972: (drive-truck t0 l0-2 l0-3 c0)
23.972: (fly-airplane a0 l0-0 l2-0)
23.963: (fly-airplane a2 l2-0 l3-0)
23.963: (drive-truck t0 l0-3 l0-2 c0)
23.965: (drive-truck t1 l1-1 l1-3 c1)
23.966: (drive-truck t0 l0-2 l0-3 c0)
23.973: (fly-airplane a2 l3-0 l1-0)
23.970: (drive-truck t1 l1-3 l1-1 c1)
23.970: (drive-truck t0 l0-3 l0-2 c0)
23.971: (fly-airplane a2 l1-0 l4-0)
23.963: (fly-airplane a1 l4-0 l3-0)
23.963: (drive-truck t0 l0-2 l0-3 c0)
23.965: (drive-truck t1 l1-1 l1-3 c1)
23.965: (drive-truck t0 l0-3 l0-2 c0)
23.973: (fly-airplane a1 l3-0 l1-0)
23.970: (drive-truck t1 l1-3 l1-1 c1)
23.970: (drive-truck t0 l0-2 l0-3 c0)
23.971: (fly-airplane a1 l1-0 l4-0)
23.972: (fly-airplane a2 l4-0 l0-0)
23.972: (drive-truck t0 l0-3 l0-2 c0)
23.972: (fly-airplane a2 l0-0 l2-0)
23.973: (fly-airplane a0 l2-0 l5-0)
23.973: (drive-truck t0 l0-2 l0-3 c0)
23.975: (drive-truck t1 l1-1 l1-3 c1)
23.973: (fly-airplane a0 l5-0 l1-0)
23.974: (fly-airplane a0 l1-0 l4-0)
23.973: (drive-truck t0 l0-3 l0-2 c0)
23.973: (fly-airplane a1 l4-0 l1-0)
23.975: (fly-airplane a1 l1-0 l0-0)
23.972: (drive-truck t1 l1-3 l1-1 c1)
23.972: (drive-truck t0 l0-2 l0-3 c0)
23.973: (fly-airplane a1 l0-0 l2-0)
23.963: (fly-airplane a2 l2-0 l3-0)
23.963: (drive-truck t0 l0-3 l0-2 c0)
23.965: (drive-truck t1 l1-1 l1-3 c1)
23.966: (drive-truck t0 l0-2 l0-3 c0)
23.973: (fly-airplane a2 l3-0 l1-0)
23.970: (drive-truck t1 l1-3 l1-1 c1)
23.970: (drive-truck t0 l0-3 l0-2 c0)
23.971: (fly-airplane a2 l1-0 l4-0)
23.963: (fly-airplane a0 l4-0 l3-0)
23.963: (drive-truck t0 l0-2 l0-3 c0)
23.965: (drive-truck t1 l1-1 l1-3 c1)
23.965: (drive-truck t0 l0-3 l0-2 c0)
23.973: (fly-airplane a0 l3-0 l1-0)
23.970: (drive-truck t1 l1-3 l1-1 c1)
23.970: (drive-truck t0 l0-2 l0-3 c0)
23.971: (fly-airplane a0 l1-0 l4-0)
23.972: (fly-airplane a0 l4-0 l0-0)
23.972: (drive-truck t0 l0-3 l0-2 c0)
23.972: (fly-airplane a0 l0-0 l2-0)
23.972: (fly-airplane a1 l2-0 l0-0)
23.972: (drive-truck t0 l0-2 l0-3 c0)
23.973: (fly-airplane a1 l0-0 l2-0)
23.973: (fly-airplane a1 l2-0 l5-0)
23.973: (drive-truck t0 l0-3 l0-2 c0)
23.975: (drive-truck t1 l1-1 l1-3 c1)
23.973: (fly-airplane a1 l5-0 l4-0)
23.973: (fly-airplane a2 l4-0 l1-0)
23.975: (fly-airplane a2 l1-0 l0-0)
23.975: (drive-truck t0 l0-2 l0-3 c0)
23.973: (fly-airplane a2 l0-0 l4-0)
23.973: (fly-airplane a1 l4-0 l1-0)
23.975: (fly-airplane a1 l1-0 l0-0)
23.975: (drive-truck t0 l0-3 l0-2 c0)
23.975: (fly-airplane a1 l0-0 l2-0)
23.973: (fly-airplane a0 l2-0 l4-0)
23.973: (fly-airplane a2 l4-0 l1-0)
23.975: (fly-airplane a2 l1-0 l0-0)
23.972: (drive-truck t1 l1-3 l1-1 c1)
23.972: (drive-truck t0 l0-2 l0-3 c0)
23.973: (fly-airplane a2 l0-0 l5-0)
23.973: (drive-truck t0 l0-3 l0-2 c0)
23.972: (fly-airplane a2 l5-0 l2-0)
23.973: (fly-airplane a1 l2-0 l5-0)
23.973: (drive-truck t0 l0-2 l0-3 c0)
23.975: (drive-truck t1 l1-1 l1-3 c1)
23.975: (fly-airplane a1 l5-0 l0-0)
23.975: (fly-airplane a1 l0-0 l2-0)
23.974: (fly-airplane a2 l2-0 l4-0)
23.973: (fly-airplane a0 l4-0 l1-0)
23.975: (fly-airplane a0 l1-0 l0-0)
23.975: (drive-truck t0 l0-3 l0-2 c0)
23.975: (fly-airplane a0 l0-0 l5-0)
23.973: (drive-truck t1 l1-3 l1-1 c1)
23.973: (drive-truck t0 l0-2 l0-3 c0)
23.975: (drive-truck t1 l1-1 l1-3 c1)
23.975: (fly-airplane a0 l5-0 l2-0)
23.975: (fly-airplane a1 l2-0 l5-0)
23.981: (fly-airplane a0 l2-0 l3-0)
23.978: (drive-truck t1 l1-3 l1-1 c1)
23.976: (fly-airplane a1 l5-0 l1-0)
23.976: (drive-truck t0 l0-3 l0-2 c0)
23.977: (fly-airplane a1 l1-0 l4-0)
23.976: (fly-airplane a2 l4-0 l1-0)
23.976: (drive-truck t0 l0-2 l0-3 c0)
23.976: (fly-airplane a2 l1-0 l4-0)
23.977: (fly-airplane a2 l4-0 l3-0)
23.976: (fly-airplane a0 l3-0 l1-0)
23.976: (drive-truck t0 l0-3 l0-2 c0)
23.976: (fly-airplane a0 l1-0 l4-0)
23.976: (fly-airplane a1 l4-0 l1-0)
23.976: (drive-truck t0 l0-2 l0-3 c0)
23.976: (fly-airplane a1 l1-0 l4-0)
23.977: (fly-airplane a1 l4-0 l3-0)
23.976: (fly-airplane a2 l3-0 l1-0)
23.976: (drive-truck t0 l0-3 l0-2 c0)
23.976: (fly-airplane a2 l1-0 l4-0)
23.976: (fly-airplane a0 l4-0 l1-0)
23.976: (drive-truck t0 l0-2 l0-3 c0)
23.976: (fly-airplane a0 l1-0 l4-0)
23.977: (fly-airplane a0 l4-0 l3-0)
23.977: (drive-truck t0 l0-3 l0-2 c0)
23.977: (fly-airplane a0 l3-0 l0-0)
23.977: (drive-truck t0 l0-2 l0-3 c0)
23.978: (fly-airplane a0 l0-0 l5-0)
23.978: (drive-truck t0 l0-3 l0-2 c0)
23.981: (drive-truck t1 l1-1 l1-3 c1)
23.978: (fly-airplane a0 l5-0 l1-0)
23.978: (drive-truck t0 l0-2 l0-3 c0)
23.979: (fly-airplane a0 l1-0 l4-0)
23.978: (fly-airplane a2 l4-0 l1-0)
23.978: (drive-truck t0 l0-3 l0-2 c0)
23.979: (fly-airplane a2 l1-0 l4-0)
23.980: (fly-airplane a2 l4-0 l3-0)
23.977: (drive-truck t1 l1-3 l1-1 c1)
23.977: (fly-airplane a2 l3-0 l0-0)
23.977: (drive-truck t0 l0-2 l0-3 c0)
23.978: (fly-airplane a2 l0-0 l5-0)
23.978: (drive-truck t0 l0-3 l0-2 c0)
23.981: (drive-truck t1 l1-1 l1-3 c1)
23.975: (fly-airplane a1 l3-0 l2-0)
23.975: (fly-airplane a2 l5-0 l2-0)
23.975: (fly-airplane a1 l2-0 l5-0)
23.981: (fly-airplane a2 l2-0 l3-0)
23.978: (drive-truck t1 l1-3 l1-1 c1)
23.977: (fly-airplane a1 l5-0 l0-0)
23.977: (drive-truck t0 l0-2 l0-3 c0)
23.978: (fly-airplane a1 l0-0 l5-0)
23.981: (drive-truck t1 l1-1 l1-3 c1)
23.978: (fly-airplane a1 l5-0 l1-0)
23.978: (drive-truck t0 l0-3 l0-2 c0)
23.979: (fly-airplane a1 l1-0 l4-0)
23.978: (fly-airplane a0 l4-0 l1-0)
23.978: (drive-truck t0 l0-2 l0-3 c0)
23.979: (fly-airplane a0 l1-0 l4-0)
23.980: (fly-airplane a1 l4-0 l3-0)
23.980: (fly-airplane a2 l3-0 l0-0)
23.975: (fly-airplane a1 l3-0 l2-0)
23.975: (fly-airplane a2 l0-0 l5-0)
23.981: (fly-airplane a1 l2-0 l3-0)
23.988: (fly-airplane a1 l3-0 l1-0)
23.985: (drive-truck t1 l1-3 l1-1 c1)
23.983: (fly-airplane a2 l5-0 l4-0)
23.984: (drive-truck t0 l0-3 l0-2 c0)
23.984: (fly-airplane a1 l1-0 l4-0)
23.983: (fly-airplane a2 l4-0 l1-0)
23.984: (drive-truck t0 l0-2 l0-3 c0)
23.984: (fly-airplane a2 l1-0 l4-0)
23.984: (fly-airplane a0 l4-0 l1-0)
23.984: (drive-truck t0 l0-3 l0-2 c0)
23.985: (fly-airplane a2 l4-0 l0-0)
23.977: (fly-airplane a0 l1-0 l3-0)
23.977: (fly-airplane a2 l0-0 l3-0)
23.977: (fly-airplane a0 l3-0 l0-0)
23.977: (drive-truck t0 l0-2 l0-3 c0)
23.978: (fly-airplane a0 l0-0 l5-0)
23.978: (drive-truck t0 l0-3 l0-2 c0)
23.981: (drive-truck t1 l1-1 l1-3 c1)
23.975: (fly-airplane a2 l3-0 l2-0)
23.975: (fly-airplane a0 l5-0 l0-0)
23.975: (drive-truck t0 l0-2 l0-3 c0)
23.975: (fly-airplane a0 l0-0 l2-0)
23.975: (drive-truck t0 l0-3 l0-2 c0)
23.975: (fly-airplane a2 l2-0 l5-0)
23.973: (drive-truck t1 l1-3 l1-1 c1)
23.973: (drive-truck t0 l0-2 l0-3 c0)
23.975: (drive-truck t1 l1-1 l1-3 c1)
23.981: (fly-airplane a0 l2-0 l3-0)
23.978: (drive-truck t1 l1-3 l1-1 c1)
23.977: (fly-airplane a2 l5-0 l0-0)
23.980: (drive-truck t1 l1-1 l1-3 c1)
23.978: (fly-airplane a2 l0-0 l1-0)
23.978: (drive-truck t0 l0-3 l0-2 c0)
23.979: (fly-airplane a2 l1-0 l4-0)
23.978: (fly-airplane a1 l4-0 l1-0)
23.978: (drive-truck t0 l0-2 l0-3 c0)
23.979: (fly-airplane a1 l1-0 l4-0)
23.980: (fly-airplane a2 l4-0 l3-0)
23.980: (drive-truck t0 l0-3 l0-2 c0)
23.980: (fly-airplane a2 l3-0 l0-0)
23.981: (fly-airplane a2 l0-0 l5-0)
23.978: (drive-truck t1 l1-3 l1-1 c1)
23.985: (fly-airplane a0 l3-0 l1-0)
23.985: (fly-airplane a2 l5-0 l1-0)
23.985: (fly-airplane a0 l1-0 l0-0)
23.985: (drive-truck t0 l0-2 l0-3 c0)
23.985: (fly-airplane a0 l0-0 l5-0)
23.985: (fly-airplane a0 l5-0 l1-0)
23.985: (fly-airplane a2 l1-0 l0-0)
23.985: (fly-airplane a2 l0-0 l5-0)
23.986: (fly-airplane a0 l1-0 l4-0)
23.985: (fly-airplane a2 l5-0 l0-0)
23.985: (fly-airplane a1 l4-0 l1-0)
23.985: (drive-truck t0 l0-3 l0-2 c0)
23.985: (fly-airplane a2 l0-0 l1-0)
23.985: (fly-airplane a1 l1-0 l0-0)
23.985: (drive-truck t0 l0-2 l0-3 c0)
23.985: (fly-airplane a1 l0-0 l1-0)
23.985: (fly-airplane a1 l1-0 l5-0)
23.985: (drive-truck t0 l0-3 l0-2 c0)
23.986: (fly-airplane a2 l1-0 l4-0)
23.978: (fly-airplane a0 l4-0 l3-0)
23.977: (fly-airplane a1 l5-0 l0-0)
23.977: (drive-truck t0 l0-2 l0-3 c0)
23.980: (drive-truck t1 l1-1 l1-3 c1)
23.980: (fly-airplane a1 l0-0 l3-0)
23.980: (drive-truck t0 l0-3 l0-2 c0)
23.980: (fly-airplane a0 l3-0 l0-0)
23.980: (drive-truck t0 l0-2 l0-3 c0)
23.981: (fly-airplane a0 l0-0 l5-0)
23.988: (fly-airplane a1 l3-0 l1-0)
23.985: (drive-truck t1 l1-3 l1-1 c1)
23.985: (fly-airplane a0 l5-0 l0-0)
23.985: (drive-truck t0 l0-3 l0-2 c0)
23.985: (fly-airplane a0 l0-0 l5-0)
23.985: (fly-airplane a0 l5-0 l1-0)
23.985: (fly-airplane a1 l1-0 l0-0)
23.985: (drive-truck t0 l0-2 l0-3 c0)
23.985: (fly-airplane a1 l0-0 l1-0)
23.985: (fly-airplane a1 l1-0 l5-0)
23.985: (drive-truck t0 l0-3 l0-2 c0)
23.987: (fly-airplane a0 l1-0 l0-0)
23.985: (fly-airplane a1 l5-0 l4-0)
23.986: (drive-truck t0 l0-2 l0-3 c0)
23.986: (fly-airplane a0 l0-0 l5-0)
23.986: (drive-truck t0 l0-3 l0-2 c0)
23.985: (fly-airplane a2 l4-0 l1-0)
23.987: (fly-airplane a2 l1-0 l0-0)
23.985: (fly-airplane a0 l5-0 l4-0)
23.986: (fly-airplane a2 l0-0 l5-0)
23.985: (fly-airplane a1 l4-0 l1-0)
23.987: (fly-airplane a1 l1-0 l0-0)
23.985: (fly-airplane a2 l5-0 l4-0)
23.986: (drive-truck t0 l0-2 l0-3 c0)
23.986: (fly-airplane a2 l4-0 l0-0)
23.986: (drive-truck t0 l0-3 l0-2 c0)
23.987: (fly-airplane a1 l0-0 l5-0)
23.987: (drive-truck t0 l0-2 l0-3 c0)
23.986: (fly-airplane a2 l0-0 l4-0)
23.987: (fly-airplane a0 l4-0 l0-0)
23.986: (fly-airplane a1 l5-0 l0-0)
23.986: (drive-truck t0 l0-3 l0-2 c0)
23.987: (fly-airplane a0 l0-0 l5-0)
23.987: (drive-truck t0 l0-2 l0-3 c0)
23.989: (fly-airplane a1 l0-0 l5-0)
23.989: (drive-truck t0 l0-3 l0-2 c0)
23.992: (drive-truck t1 l1-1 l1-3 c1)
23.981: (fly-airplane a0 l5-0 l3-0)
23.980: (fly-airplane a1 l5-0 l0-0)
23.987: (fly-airplane a0 l3-0 l1-0)
23.986: (fly-airplane a1 l0-0 l4-0)
23.986: (drive-truck t0 l0-2 l0-3 c0)
23.987: (fly-airplane a0 l1-0 l4-0)
23.986: (fly-airplane a2 l4-0 l1-0)
23.986: (drive-truck t0 l0-3 l0-2 c0)
23.987: (fly-airplane a2 l1-0 l4-0)
23.986: (fly-airplane a1 l4-0 l1-0)
23.986: (drive-truck t0 l0-2 l0-3 c0)
23.987: (fly-airplane a0 l4-0 l0-0)
23.987: (drive-truck t0 l0-3 l0-2 c0)
23.988: (fly-airplane a0 l0-0 l5-0)
23.988: (fly-airplane a0 l5-0 l1-0)
23.988: (drive-truck t0 l0-2 l0-3 c0)
23.987: (fly-airplane a1 l1-0 l0-0)
23.988: (fly-airplane a1 l0-0 l5-0)
23.988: (drive-truck t0 l0-3 l0-2 c0)
23.989: (fly-airplane a0 l1-0 l4-0)
23.988: (fly-airplane a2 l4-0 l1-0)
23.987: (fly-airplane a1 l5-0 l0-0)
23.980: (fly-airplane a2 l1-0 l3-0)
23.980: (drive-truck t0 l0-2 l0-3 c0)
23.987: (fly-airplane a2 l3-0 l1-0)
23.988: (fly-airplane a1 l0-0 l1-0)
23.987: (fly-airplane a2 l1-0 l0-0)
23.987: (drive-truck t0 l0-3 l0-2 c0)
23.980: (fly-airplane a1 l1-0 l3-0)
23.988: (fly-airplane a1 l3-0 l4-0)
23.987: (fly-airplane a0 l4-0 l1-0)
23.987: (drive-truck t0 l0-2 l0-3 c0)
23.988: (fly-airplane a2 l0-0 l1-0)
23.988: (fly-airplane a0 l1-0 l0-0)
23.980: (fly-airplane a2 l1-0 l3-0)
23.980: (drive-truck t0 l0-3 l0-2 c0)
23.987: (fly-airplane a2 l3-0 l1-0)
23.988: (fly-airplane a0 l0-0 l5-0)
23.988: (fly-airplane a0 l5-0 l1-0)
23.988: (fly-airplane a2 l1-0 l5-0)
23.988: (drive-truck t0 l0-2 l0-3 c0)
23.989: (fly-airplane a0 l1-0 l4-0)
23.988: (fly-airplane a2 l5-0 l0-0)
23.989: (fly-airplane a0 l4-0 l0-0)
23.986: (drive-truck t1 l1-3 l1-1 c1)
23.986: (drive-truck t0 l0-3 l0-2 c0)
23.987: (fly-airplane a2 l0-0 l5-0)
23.987: (drive-truck t0 l0-2 l0-3 c0)
23.989: (fly-airplane a0 l0-0 l5-0)
23.987: (fly-airplane a2 l5-0 l0-0)
23.990: (drive-truck t1 l1-1 l1-3 c1)
23.981: (fly-airplane a2 l0-0 l3-0)
23.988: (fly-airplane a2 l3-0 l1-0)
23.989: (fly-airplane a2 l1-0 l4-0)
23.988: (fly-airplane a0 l5-0 l0-0)
23.988: (drive-truck t0 l0-3 l0-2 c0)
23.988: (fly-airplane a0 l0-0 l5-0)
23.990: (fly-airplane a1 l4-0 l0-0)
23.988: (fly-airplane a0 l5-0 l4-0)
23.988: (drive-truck t0 l0-2 l0-3 c0)
23.989: (fly-airplane a2 l4-0 l0-0)
23.989: (drive-truck t0 l0-3 l0-2 c0)
23.990: (fly-airplane a2 l0-0 l5-0)
23.988: (fly-airplane a1 l0-0 l1-0)
23.988: (fly-airplane a2 l5-0 l1-0)
24.013: (drive-truck t0 l0-2 l0-0 c0)
22.986: (load-truck p5 t0 l0-0)
21.707: (drive-truck t0 l0-0 l0-3 c0)
21.014: (unload-truck p5 t0 l0-3)
20.940: (drive-truck t0 l0-3 l0-2 c0)
20.924: (fly-airplane a2 l1-0 l2-0)
20.917: (fly-airplane a1 l1-0 l3-0)
20.915: (drive-truck t1 l1-3 l1-1 c1)
20.922: (fly-airplane a1 l3-0 l1-0)
20.923: (fly-airplane a1 l1-0 l4-0)
20.915: (fly-airplane a0 l4-0 l3-0)
20.917: (drive-truck t1 l1-1 l1-3 c1)
20.924: (fly-airplane a0 l3-0 l1-0)
20.922: (drive-truck t1 l1-3 l1-1 c1)
20.924: (fly-airplane a0 l1-0 l0-0)
20.925: (fly-airplane a0 l0-0 l2-0)
20.915: (fly-airplane a2 l2-0 l3-0)
20.917: (drive-truck t1 l1-1 l1-3 c1)
20.924: (fly-airplane a2 l3-0 l1-0)
20.922: (drive-truck t1 l1-3 l1-1 c1)
20.923: (fly-airplane a2 l1-0 l4-0)
20.915: (fly-airplane a1 l4-0 l3-0)
20.917: (drive-truck t1 l1-1 l1-3 c1)
20.924: (fly-airplane a1 l3-0 l1-0)
20.922: (drive-truck t1 l1-3 l1-1 c1)
20.924: (fly-airplane a1 l1-0 l0-0)
20.925: (fly-airplane a1 l0-0 l2-0)
20.915: (fly-airplane a0 l2-0 l3-0)
20.917: (drive-truck t1 l1-1 l1-3 c1)
20.925: (fly-airplane a0 l3-0 l1-0)
20.922: (drive-truck t1 l1-3 l1-1 c1)
20.923: (fly-airplane a0 l1-0 l4-0)
20.915: (fly-airplane a2 l4-0 l3-0)
20.917: (drive-truck t1 l1-1 l1-3 c1)
20.924: (fly-airplane a2 l3-0 l1-0)
20.922: (drive-truck t1 l1-3 l1-1 c1)
20.924: (fly-airplane a2 l1-0 l0-0)
20.925: (fly-airplane a2 l0-0 l2-0)
20.924: (fly-airplane a1 l2-0 l0-0)
20.925: (fly-airplane a1 l0-0 l5-0)
20.927: (drive-truck t1 l1-1 l1-3 c1)
20.925: (fly-airplane a1 l5-0 l4-0)
20.926: (fly-airplane a0 l4-0 l0-0)
20.927: (fly-airplane a0 l0-0 l2-0)
20.926: (fly-airplane a2 l2-0 l4-0)
20.926: (fly-airplane a2 l4-0 l0-0)
20.924: (drive-truck t1 l1-3 l1-1 c1)
20.925: (fly-airplane a2 l0-0 l5-0)
20.927: (drive-truck t1 l1-1 l1-3 c1)
20.933: (fly-airplane a0 l2-0 l3-0)
20.930: (fly-airplane a2 l5-0 l1-0)
20.928: (drive-truck t1 l1-3 l1-1 c1)
20.928: (fly-airplane a2 l1-0 l4-0)
20.928: (fly-airplane a1 l4-0 l1-0)
20.929: (fly-airplane a1 l1-0 l3-0)
20.928: (fly-airplane a0 l3-0 l1-0)
20.928: (fly-airplane a0 l1-0 l4-0)
20.928: (fly-airplane a2 l4-0 l1-0)
20.929: (fly-airplane a2 l1-0 l3-0)
20.928: (fly-airplane a1 l3-0 l1-0)
20.928: (fly-airplane a1 l1-0 l4-0)
20.928: (fly-airplane a0 l4-0 l1-0)
20.929: (fly-airplane a0 l1-0 l3-0)
20.929: (fly-airplane a0 l3-0 l0-0)
20.930: (fly-airplane a0 l0-0 l5-0)
20.925: (fly-airplane a2 l3-0 l2-0)
20.927: (drive-truck t1 l1-1 l1-3 c1)
20.932: (fly-airplane a2 l2-0 l3-0)
20.930: (fly-airplane a0 l5-0 l1-0)
20.931: (fly-airplane a0 l1-0 l4-0)
20.930: (fly-airplane a1 l4-0 l1-0)
20.932: (fly-airplane a1 l1-0 l3-0)
20.930: (fly-airplane a2 l3-0 l1-0)
20.930: (fly-airplane a2 l1-0 l4-0)
20.925: (fly-airplane a1 l3-0 l2-0)
20.926: (fly-airplane a0 l4-0 l0-0)
20.924: (drive-truck t1 l1-3 l1-1 c1)
20.925: (fly-airplane a0 l0-0 l5-0)
20.927: (drive-truck t1 l1-1 l1-3 c1)
20.927: (fly-airplane a0 l5-0 l2-0)
20.926: (fly-airplane a1 l2-0 l0-0)
20.927: (fly-airplane a1 l0-0 l5-0)
20.925: (drive-truck t1 l1-3 l1-1 c1)
20.930: (fly-airplane a0 l2-0 l3-0)
20.929: (fly-airplane a1 l5-0 l0-0)
20.932: (drive-truck t1 l1-1 l1-3 c1)
20.930: (fly-airplane a1 l0-0 l1-0)
20.931: (fly-airplane a1 l1-0 l4-0)
20.931: (fly-airplane a2 l4-0 l3-0)
20.932: (fly-airplane a0 l3-0 l0-0)
20.939: (fly-airplane a2 l3-0 l1-0)
20.937: (drive-truck t1 l1-3 l1-1 c1)
20.936: (fly-airplane a0 l0-0 l4-0)
20.936: (fly-airplane a2 l1-0 l4-0)
20.936: (fly-airplane a1 l4-0 l1-0)
20.937: (fly-airplane a0 l4-0 l0-0)
20.929: (fly-airplane a1 l1-0 l3-0)
20.930: (fly-airplane a0 l0-0 l5-0)
20.932: (drive-truck t1 l1-1 l1-3 c1)
20.930: (fly-airplane a0 l5-0 l1-0)
20.931: (fly-airplane a0 l1-0 l3-0)
20.932: (fly-airplane a0 l3-0 l0-0)
20.939: (fly-airplane a1 l3-0 l1-0)
20.938: (fly-airplane a0 l0-0 l4-0)
20.939: (fly-airplane a1 l1-0 l4-0)
20.938: (fly-airplane a0 l4-0 l1-0)
20.936: (drive-truck t1 l1-3 l1-1 c1)
20.937: (fly-airplane a1 l4-0 l0-0)
20.937: (fly-airplane a1 l0-0 l1-0)
20.937: (fly-airplane a0 l1-0 l5-0)
20.938: (fly-airplane a1 l1-0 l4-0)
20.937: (fly-airplane a0 l5-0 l0-0)
20.938: (fly-airplane a2 l4-0 l0-0)
20.929: (fly-airplane a0 l0-0 l3-0)
20.930: (fly-airplane a2 l0-0 l5-0)
20.937: (fly-airplane a0 l3-0 l1-0)
20.937: (fly-airplane a2 l5-0 l0-0)
20.937: (fly-airplane a2 l0-0 l1-0)
20.937: (fly-airplane a0 l1-0 l5-0)
20.939: (fly-airplane a2 l1-0 l0-0)
20.937: (fly-airplane a0 l5-0 l4-0)
20.929: (fly-airplane a1 l4-0 l3-0)
20.930: (fly-airplane a2 l0-0 l5-0)
20.925: (fly-airplane a1 l3-0 l2-0)
20.927: (drive-truck t1 l1-1 l1-3 c1)
20.926: (fly-airplane a2 l5-0 l0-0)
20.927: (fly-airplane a2 l0-0 l2-0)
20.926: (fly-airplane a1 l2-0 l0-0)
20.932: (fly-airplane a2 l2-0 l3-0)
20.929: (drive-truck t1 l1-3 l1-1 c1)
20.930: (fly-airplane a1 l0-0 l5-0)
20.932: (drive-truck t1 l1-1 l1-3 c1)
20.940: (fly-airplane a2 l3-0 l1-0)
20.937: (drive-truck t1 l1-3 l1-1 c1)
20.937: (fly-airplane a1 l5-0 l0-0)
20.937: (fly-airplane a2 l1-0 l4-0)
20.938: (fly-airplane a2 l4-0 l0-0)
20.937: (fly-airplane a1 l0-0 l1-0)
20.937: (fly-airplane a2 l0-0 l5-0)
20.937: (fly-airplane a2 l5-0 l1-0)
20.979: (fly-airplane a0 l4-0 l2-0)
20.969: (fly-airplane a1 l1-0 l3-0)
20.971: (fly-airplane a2 l1-0 l0-0)
20.971: (fly-airplane a2 l0-0 l3-0)
20.969: (fly-airplane a1 l3-0 l1-0)
20.971: (fly-airplane a1 l1-0 l0-0)
20.972: (fly-airplane a1 l0-0 l2-0)
20.969: (fly-airplane a0 l2-0 l1-0)
20.971: (fly-airplane a0 l1-0 l0-0)
20.971: (fly-airplane a0 l0-0 l3-0)
20.969: (fly-airplane a2 l3-0 l1-0)
20.971: (fly-airplane a2 l1-0 l0-0)
20.972: (fly-airplane a2 l0-0 l2-0)
20.969: (fly-airplane a1 l2-0 l1-0)
20.971: (fly-airplane a1 l1-0 l0-0)
20.971: (fly-airplane a1 l0-0 l3-0)
20.969: (fly-airplane a0 l3-0 l1-0)
20.971: (fly-airplane a0 l1-0 l0-0)
20.972: (fly-airplane a0 l0-0 l2-0)
20.972: (fly-airplane a2 l2-0 l5-0)
20.975: (drive-truck t1 l1-1 l1-3 c1)
20.933: (fly-airplane a0 l2-0 l4-0)
20.932: (fly-airplane a2 l5-0 l0-0)
20.939: (fly-airplane a1 l3-0 l1-0)
20.939: (fly-airplane a2 l0-0 l5-0)
20.941: (fly-airplane a1 l1-0 l4-0)
20.938: (fly-airplane a2 l5-0 l1-0)
20.939: (fly-airplane a1 l4-0 l0-0)
20.940: (fly-airplane a2 l1-0 l4-0)
20.939: (fly-airplane a0 l4-0 l1-0)
20.940: (fly-airplane a1 l0-0 l1-0)
20.940: (fly-airplane a1 l1-0 l5-0)
20.932: (fly-airplane a0 l1-0 l3-0)
20.941: (fly-airplane a0 l3-0 l4-0)
20.938: (drive-truck t1 l1-3 l1-1 c1)
20.937: (fly-airplane a0 l4-0 l1-0)
20.939: (fly-airplane a0 l1-0 l0-0)
20.938: (fly-airplane a1 l5-0 l0-0)
20.939: (fly-airplane a0 l0-0 l5-0)
20.941: (fly-airplane a1 l0-0 l5-0)
20.944: (drive-truck t1 l1-1 l1-3 c1)
20.940: (fly-airplane a1 l5-0 l1-0)
20.941: (fly-airplane a1 l1-0 l4-0)
20.940: (fly-airplane a2 l4-0 l1-0)
20.940: (fly-airplane a0 l5-0 l1-0)
20.939: (fly-airplane a2 l1-0 l0-0)
20.932: (fly-airplane a0 l1-0 l3-0)
20.940: (fly-airplane a0 l3-0 l4-0)
20.940: (fly-airplane a0 l4-0 l0-0)
20.940: (fly-airplane a2 l0-0 l4-0)
20.940: (fly-airplane a1 l4-0 l0-0)
20.942: (fly-airplane a0 l0-0 l5-0)
20.984: (fly-airplane a2 l4-0 l2-0)
20.973: (fly-airplane a0 l5-0 l3-0)
20.972: (fly-airplane a1 l0-0 l1-0)
20.973: (fly-airplane a1 l1-0 l3-0)
20.972: (fly-airplane a0 l3-0 l1-0)
20.974: (fly-airplane a0 l1-0 l0-0)
20.974: (fly-airplane a0 l0-0 l2-0)
20.972: (fly-airplane a2 l2-0 l1-0)
20.973: (fly-airplane a2 l1-0 l3-0)
20.972: (fly-airplane a1 l3-0 l1-0)
20.974: (fly-airplane a1 l1-0 l0-0)
20.974: (fly-airplane a1 l0-0 l2-0)
20.972: (fly-airplane a0 l2-0 l1-0)
20.974: (fly-airplane a0 l1-0 l0-0)
20.974: (fly-airplane a0 l0-0 l3-0)
20.972: (fly-airplane a2 l3-0 l1-0)
20.974: (fly-airplane a2 l1-0 l0-0)
20.974: (fly-airplane a2 l0-0 l2-0)
20.974: (fly-airplane a1 l2-0 l5-0)
20.972: (drive-truck t1 l1-3 l1-1 c1)
20.979: (fly-airplane a0 l3-0 l1-0)
20.979: (fly-airplane a1 l5-0 l0-0)
20.979: (fly-airplane a1 l0-0 l2-0)
20.978: (fly-airplane a2 l2-0 l0-0)
20.979: (fly-airplane a2 l0-0 l1-0)
20.978: (fly-airplane a0 l1-0 l0-0)
20.979: (fly-airplane a0 l0-0 l2-0)
20.979: (fly-airplane a1 l2-0 l0-0)
20.979: (fly-airplane a1 l0-0 l5-0)
20.972: (fly-airplane a2 l1-0 l3-0)
20.975: (drive-truck t1 l1-1 l1-3 c1)
20.981: (fly-airplane a2 l3-0 l1-0)
20.981: (fly-airplane a1 l5-0 l0-0)
20.981: (fly-airplane a1 l0-0 l2-0)
20.981: (fly-airplane a0 l2-0 l0-0)
20.981: (fly-airplane a0 l0-0 l1-0)
20.981: (fly-airplane a2 l1-0 l0-0)
20.981: (fly-airplane a2 l0-0 l2-0)
20.981: (fly-airplane a1 l2-0 l0-0)
20.981: (fly-airplane a1 l0-0 l1-0)
20.979: (drive-truck t1 l1-3 l1-1 c1)
20.978: (fly-airplane a0 l1-0 l0-0)
20.979: (fly-airplane a0 l0-0 l2-0)
20.978: (fly-airplane a2 l2-0 l0-0)
20.979: (fly-airplane a2 l0-0 l5-0)
20.981: (drive-truck t1 l1-1 l1-3 c1)
20.981: (fly-airplane a2 l5-0 l0-0)
20.974: (fly-airplane a1 l1-0 l3-0)
20.983: (fly-airplane a1 l3-0 l0-0)
20.940: (fly-airplane a0 l2-0 l4-0)
20.941: (fly-airplane a2 l0-0 l5-0)
20.939: (drive-truck t1 l1-3 l1-1 c1)
20.938: (fly-airplane a1 l0-0 l4-0)
20.939: (fly-airplane a0 l4-0 l0-0)
20.941: (fly-airplane a0 l0-0 l5-0)
20.944: (drive-truck t1 l1-1 l1-3 c1)
20.940: (fly-airplane a0 l5-0 l1-0)
20.942: (fly-airplane a0 l1-0 l0-0)
20.984: (fly-airplane a1 l4-0 l2-0)
20.975: (fly-airplane a0 l0-0 l3-0)
20.972: (drive-truck t1 l1-3 l1-1 c1)
20.979: (fly-airplane a0 l3-0 l1-0)
20.981: (fly-airplane a0 l1-0 l0-0)
20.980: (fly-airplane a2 l5-0 l0-0)
20.981: (fly-airplane a0 l0-0 l2-0)
20.980: (fly-airplane a1 l2-0 l0-0)
20.981: (fly-airplane a2 l0-0 l2-0)
20.980: (fly-airplane a0 l2-0 l0-0)
20.981: (fly-airplane a1 l0-0 l2-0)
20.981: (fly-airplane a1 l2-0 l5-0)
20.982: (fly-airplane a0 l0-0 l2-0)
20.981: (fly-airplane a2 l2-0 l0-0)
20.939: (fly-airplane a0 l2-0 l4-0)
20.941: (fly-airplane a2 l0-0 l5-0)
20.944: (drive-truck t1 l1-1 l1-3 c1)
20.942: (fly-airplane a2 l5-0 l0-0)
20.984: (fly-airplane a0 l4-0 l2-0)
20.983: (fly-airplane a1 l5-0 l2-0)
20.983: (fly-airplane a0 l2-0 l0-0)
20.984: (fly-airplane a2 l0-0 l2-0)
20.981: (fly-airplane a1 l2-0 l1-0)
20.981: (fly-airplane a0 l0-0 l2-0)
20.981: (fly-airplane a2 l2-0 l1-0)
20.987: (fly-airplane a0 l2-0 l3-0)
20.984: (drive-truck t1 l1-3 l1-1 c1)
20.984: (fly-airplane a1 l1-0 l3-0)
20.984: (fly-airplane a1 l3-0 l0-0)
20.985: (fly-airplane a1 l0-0 l5-0)
20.986: (fly-airplane a2 l1-0 l0-0)
20.984: (fly-airplane a1 l5-0 l1-0)
20.984: (fly-airplane a2 l0-0 l3-0)
20.984: (fly-airplane a0 l3-0 l0-0)
20.984: (fly-airplane a0 l0-0 l1-0)
20.984: (fly-airplane a1 l1-0 l3-0)
20.984: (fly-airplane a1 l3-0 l0-0)
20.985: (fly-airplane a1 l0-0 l5-0)
20.986: (fly-airplane a0 l1-0 l0-0)
20.985: (fly-airplane a1 l5-0 l0-0)
20.985: (fly-airplane a1 l0-0 l3-0)
20.984: (fly-airplane a2 l3-0 l1-0)
20.984: (fly-airplane a0 l0-0 l1-0)
20.984: (fly-airplane a2 l1-0 l0-0)
20.985: (fly-airplane a2 l0-0 l5-0)
20.986: (fly-airplane a0 l1-0 l0-0)
20.985: (fly-airplane a2 l5-0 l0-0)
20.986: (fly-airplane a0 l0-0 l3-0)
20.985: (fly-airplane a1 l3-0 l0-0)
20.986: (fly-airplane a2 l0-0 l3-0)
20.986: (fly-airplane a1 l0-0 l3-0)
20.987: (fly-airplane a0 l3-0 l5-0)
20.972: (fly-airplane a1 l3-0 l2-0)
20.975: (drive-truck t1 l1-1 l1-3 c1)
20.981: (fly-airplane a2 l3-0 l1-0)
20.979: (drive-truck t1 l1-3 l1-1 c1)
20.981: (fly-airplane a2 l1-0 l0-0)
20.982: (fly-airplane a2 l0-0 l2-0)
20.972: (fly-airplane a1 l2-0 l3-0)
20.975: (drive-truck t1 l1-1 l1-3 c1)
20.981: (fly-airplane a1 l3-0 l1-0)
20.979: (drive-truck t1 l1-3 l1-1 c1)
20.982: (fly-airplane a1 l1-0 l0-0)
20.983: (fly-airplane a1 l0-0 l5-0)
20.986: (drive-truck t1 l1-1 l1-3 c1)
20.981: (fly-airplane a0 l5-0 l1-0)
20.984: (fly-airplane a0 l1-0 l0-0)
20.942: (fly-airplane a2 l2-0 l4-0)
20.989: (fly-airplane a2 l4-0 l3-0)
20.986: (fly-airplane a1 l5-0 l1-0)
20.986: (fly-airplane a0 l0-0 l3-0)
20.986: (fly-airplane a2 l3-0 l0-0)
20.987: (fly-airplane a2 l0-0 l5-0)
20.985: (drive-truck t1 l1-3 l1-1 c1)
20.986: (fly-airplane a1 l1-0 l0-0)
20.981: (fly-airplane a0 l3-0 l2-0)
20.982: (fly-airplane a1 l0-0 l2-0)
20.982: (fly-airplane a2 l5-0 l2-0)
20.984: (drive-truck t1 l1-1 l1-3 c1)
20.984: (fly-airplane a1 l2-0 l0-0)
20.983: (fly-airplane a0 l2-0 l0-0)
20.988: (fly-airplane a2 l2-0 l3-0)
20.986: (fly-airplane a0 l0-0 l1-0)
20.986: (fly-airplane a1 l0-0 l3-0)
20.986: (fly-airplane a2 l3-0 l0-0)
20.987: (fly-airplane a2 l0-0 l1-0)
20.986: (fly-airplane a0 l1-0 l3-0)
20.986: (fly-airplane a0 l3-0 l0-0)
20.987: (fly-airplane a0 l0-0 l5-0)
20.985: (drive-truck t1 l1-3 l1-1 c1)
20.986: (fly-airplane a2 l1-0 l0-0)
20.989: (fly-airplane a2 l0-0 l5-0)
20.983: (fly-airplane a1 l3-0 l2-0)
20.986: (drive-truck t1 l1-1 l1-3 c1)
20.981: (fly-airplane a0 l5-0 l1-0)
20.984: (fly-airplane a0 l1-0 l2-0)
20.984: (fly-airplane a1 l2-0 l0-0)
20.986: (fly-airplane a1 l0-0 l5-0)
20.983: (drive-truck t1 l1-3 l1-1 c1)
20.989: (fly-airplane a0 l2-0 l3-0)
20.987: (fly-airplane a1 l5-0 l3-0)
20.989: (drive-truck t1 l1-1 l1-3 c1)
20.987: (fly-airplane a0 l3-0 l1-0)
20.989: (fly-airplane a0 l1-0 l0-0)
20.988: (fly-airplane a2 l5-0 l3-0)
20.988: (fly-airplane a2 l3-0 l0-0)
20.988: (fly-airplane a0 l0-0 l3-0)
20.988: (fly-airplane a1 l3-0 l0-0)
20.986: (fly-airplane a2 l0-0 l1-0)
20.987: (fly-airplane a1 l0-0 l5-0)
20.989: (fly-airplane a2 l1-0 l0-0)
20.989: (fly-airplane a2 l0-0 l3-0)
20.986: (drive-truck t1 l1-3 l1-1 c1)
20.989: (fly-airplane a0 l3-0 l5-0)
20.985: (fly-airplane a1 l5-0 l1-0)
20.986: (fly-airplane a1 l1-0 l0-0)
20.989: (drive-truck t1 l1-1 l1-3 c1)
20.987: (fly-airplane a1 l0-0 l1-0)
20.987: (fly-airplane a0 l5-0 l1-0)
20.987: (fly-airplane a1 l1-0 l5-0)
20.991: (fly-airplane a0 l1-0 l5-0)
20.989: (fly-airplane a1 l5-0 l3-0)
20.988: (fly-airplane a0 l5-0 l3-0)
20.988: (fly-airplane a1 l3-0 l0-0)
20.989: (fly-airplane a2 l3-0 l5-0)
20.991: (fly-airplane a1 l0-0 l5-0)
20.998: (fly-airplane a0 l3-0 l1-0)
20.995: (drive-truck t1 l1-3 l1-1 c1)
20.994: (fly-airplane a1 l5-0 l0-0)
20.993: (fly-airplane a2 l5-0 l0-0)
20.994: (fly-airplane a1 l0-0 l1-0)
20.992: (fly-airplane a0 l1-0 l0-0)
20.993: (fly-airplane a2 l0-0 l5-0)
20.994: (fly-airplane a2 l5-0 l1-0)
20.993: (fly-airplane a1 l1-0 l0-0)
20.994: (fly-airplane a0 l0-0 l1-0)
20.994: (fly-airplane a0 l1-0 l5-0)
20.994: (fly-airplane a1 l0-0 l1-0)
20.994: (fly-airplane a2 l1-0 l0-0)
20.995: (fly-airplane a2 l0-0 l5-0)
20.994: (fly-airplane a0 l5-0 l1-0)
20.994: (fly-airplane a2 l5-0 l1-0)
20.994: (fly-airplane a1 l1-0 l5-0)
20.994: (fly-airplane a0 l1-0 l0-0)
20.995: (fly-airplane a0 l0-0 l5-0)
20.998: (drive-truck t1 l1-1 l1-3 c1)
20.996: (fly-airplane a0 l5-0 l0-0)
20.995: (fly-airplane a1 l5-0 l0-0)
20.996: (fly-airplane a1 l0-0 l1-0)
20.995: (fly-airplane a2 l1-0 l0-0)
20.996: (fly-airplane a2 l0-0 l5-0)
20.996: (fly-airplane a0 l0-0 l1-0)
20.996: (fly-airplane a2 l5-0 l0-0)
20.995: (fly-airplane a1 l1-0 l0-0)
20.996: (fly-airplane a2 l0-0 l5-0)
20.996: (fly-airplane a2 l5-0 l1-0)
20.996: (fly-airplane a0 l1-0 l5-0)
20.996: (fly-airplane a1 l0-0 l1-0)
20.996: (fly-airplane a2 l1-0 l0-0)
20.941: (fly-airplane a1 l1-0 l4-0)
20.984: (fly-airplane a1 l4-0 l2-0)
20.984: (fly-airplane a2 l0-0 l2-0)
21.054: (drive-truck t0 l0-2 l0-0 c0)
20.065: (load-truck p10 t0 l0-0)
18.726: (drive-truck t0 l0-0 l0-2 c0)
18.011: (unload-truck p10 t0 l0-2)
17.953: (fly-airplane a0 l5-0 l4-0)
17.944: (fly-airplane a1 l2-0 l3-0)
17.944: (drive-truck t0 l0-2 l0-3 c0)
17.944: (drive-truck t0 l0-3 l0-1 c0)
17.951: (fly-airplane a1 l3-0 l1-0)
17.951: (drive-truck t0 l0-1 l0-2 c0)
17.951: (drive-truck t0 l0-2 l0-3 c0)
17.952: (fly-airplane a1 l1-0 l4-0)
17.944: (fly-airplane a0 l4-0 l3-0)
17.944: (drive-truck t0 l0-3 l0-1 c0)
17.944: (drive-truck t0 l0-1 l0-2 c0)
17.951: (fly-airplane a0 l3-0 l1-0)
17.951: (drive-truck t0 l0-2 l0-3 c0)
17.951: (drive-truck t0 l0-3 l0-1 c0)
17.952: (fly-airplane a0 l1-0 l4-0)
17.952: (drive-truck t0 l0-1 l0-2 c0)
17.953: (fly-airplane a0 l4-0 l2-0)
17.944: (fly-airplane a2 l2-0 l3-0)
17.944: (drive-truck t0 l0-2 l0-3 c0)
17.944: (drive-truck t0 l0-3 l0-1 c0)
17.951: (fly-airplane a2 l3-0 l1-0)
17.951: (drive-truck t0 l0-1 l0-2 c0)
17.951: (drive-truck t0 l0-2 l0-3 c0)
17.952: (fly-airplane a2 l1-0 l4-0)
17.944: (fly-airplane a1 l4-0 l3-0)
17.944: (drive-truck t0 l0-3 l0-1 c0)
17.944: (drive-truck t0 l0-1 l0-2 c0)
17.951: (fly-airplane a1 l3-0 l1-0)
17.951: (drive-truck t0 l0-2 l0-3 c0)
17.951: (drive-truck t0 l0-3 l0-1 c0)
17.952: (fly-airplane a1 l1-0 l4-0)
17.952: (drive-truck t0 l0-1 l0-2 c0)
17.953: (fly-airplane a1 l4-0 l2-0)
17.944: (fly-airplane a0 l2-0 l3-0)
17.944: (drive-truck t0 l0-2 l0-3 c0)
17.944: (drive-truck t0 l0-3 l0-1 c0)
17.951: (fly-airplane a0 l3-0 l1-0)
17.951: (drive-truck t0 l0-1 l0-2 c0)
17.951: (drive-truck t0 l0-2 l0-3 c0)
17.952: (fly-airplane a0 l1-0 l4-0)
17.944: (fly-airplane a2 l4-0 l3-0)
17.944: (drive-truck t0 l0-3 l0-1 c0)
17.944: (drive-truck t0 l0-1 l0-2 c0)
17.951: (fly-airplane a2 l3-0 l1-0)
17.951: (drive-truck t0 l0-2 l0-3 c0)
17.951: (drive-truck t0 l0-3 l0-1 c0)
17.952: (fly-airplane a2 l1-0 l4-0)
17.952: (drive-truck t0 l0-1 l0-2 c0)
17.953: (fly-airplane a0 l4-0 l5-0)
17.953: (drive-truck t0 l0-2 l0-3 c0)
17.953: (fly-airplane a0 l5-0 l2-0)
17.953: (drive-truck t0 l0-3 l0-1 c0)
17.953: (fly-airplane a1 l2-0 l5-0)
17.953: (drive-truck t0 l0-1 l0-2 c0)
17.953: (drive-truck t0 l0-2 l0-3 c0)
17.955: (fly-airplane a1 l5-0 l0-0)
17.955: (drive-truck t0 l0-3 l0-1 c0)
17.955: (drive-truck t0 l0-1 l0-2 c0)
17.960: (fly-airplane a0 l2-0 l3-0)
17.957: (fly-airplane a1 l0-0 l1-0)
17.957: (drive-truck t0 l0-2 l0-3 c0)
17.957: (drive-truck t0 l0-3 l0-1 c0)
17.957: (fly-airplane a1 l1-0 l4-0)
17.957: (fly-airplane a2 l4-0 l1-0)
17.957: (drive-truck t0 l0-1 l0-2 c0)
17.957: (drive-truck t0 l0-2 l0-3 c0)
17.957: (fly-airplane a2 l1-0 l4-0)
17.957: (drive-truck t0 l0-3 l0-2 c0)
17.958: (fly-airplane a2 l4-0 l3-0)
17.957: (fly-airplane a0 l3-0 l1-0)
17.957: (drive-truck t0 l0-2 l0-1 c0)
17.957: (drive-truck t0 l0-1 l0-3 c0)
17.957: (fly-airplane a0 l1-0 l4-0)
17.957: (fly-airplane a1 l4-0 l1-0)
17.957: (drive-truck t0 l0-3 l0-1 c0)
17.957: (drive-truck t0 l0-1 l0-2 c0)
17.957: (fly-airplane a1 l1-0 l4-0)
17.957: (drive-truck t0 l0-2 l0-1 c0)
17.958: (fly-airplane a0 l4-0 l3-0)
17.958: (drive-truck t0 l0-1 l0-3 c0)
17.959: (fly-airplane a2 l3-0 l5-0)
17.953: (fly-airplane a0 l3-0 l2-0)
17.953: (fly-airplane a2 l5-0 l2-0)
17.953: (drive-truck t0 l0-3 l0-1 c0)
17.953: (fly-airplane a0 l2-0 l5-0)
17.953: (drive-truck t0 l0-1 l0-2 c0)
17.953: (drive-truck t0 l0-2 l0-3 c0)
17.955: (fly-airplane a0 l5-0 l0-0)
17.955: (drive-truck t0 l0-3 l0-1 c0)
17.955: (drive-truck t0 l0-1 l0-2 c0)
17.960: (fly-airplane a2 l2-0 l3-0)
17.959: (fly-airplane a0 l0-0 l5-0)
17.959: (drive-truck t0 l0-2 l0-3 c0)
17.959: (drive-truck t0 l0-3 l0-1 c0)
17.960: (fly-airplane a0 l5-0 l0-0)
17.960: (drive-truck t0 l0-1 l0-3 c0)
17.968: (fly-airplane a2 l3-0 l1-0)
17.964: (fly-airplane a0 l0-0 l4-0)
17.957: (fly-airplane a1 l4-0 l3-0)
17.957: (drive-truck t0 l0-3 l0-1 c0)
17.957: (drive-truck t0 l0-1 l0-2 c0)
17.957: (fly-airplane a2 l1-0 l4-0)
17.957: (fly-airplane a0 l4-0 l1-0)
17.957: (drive-truck t0 l0-2 l0-1 c0)
17.957: (drive-truck t0 l0-1 l0-3 c0)
17.957: (fly-airplane a0 l1-0 l4-0)
17.957: (drive-truck t0 l0-3 l0-1 c0)
17.958: (fly-airplane a2 l4-0 l3-0)
17.958: (drive-truck t0 l0-1 l0-2 c0)
17.958: (drive-truck t0 l0-2 l0-3 c0)
17.959: (fly-airplane a2 l3-0 l5-0)
17.953: (fly-airplane a1 l3-0 l2-0)
17.953: (fly-airplane a2 l5-0 l2-0)
17.953: (drive-truck t0 l0-3 l0-1 c0)
17.953: (fly-airplane a1 l2-0 l5-0)
17.953: (drive-truck t0 l0-1 l0-2 c0)
17.953: (drive-truck t0 l0-2 l0-3 c0)
17.955: (fly-airplane a1 l5-0 l0-0)
17.955: (drive-truck t0 l0-3 l0-1 c0)
17.955: (drive-truck t0 l0-1 l0-2 c0)
17.960: (fly-airplane a2 l2-0 l3-0)
17.959: (fly-airplane a1 l0-0 l5-0)
17.959: (drive-truck t0 l0-2 l0-3 c0)
17.959: (drive-truck t0 l0-3 l0-1 c0)
17.960: (fly-airplane a1 l5-0 l0-0)
17.960: (drive-truck t0 l0-1 l0-3 c0)
17.968: (fly-airplane a2 l3-0 l1-0)
17.966: (fly-airplane a1 l0-0 l1-0)
17.965: (fly-airplane a2 l1-0 l4-0)
17.964: (drive-truck t0 l0-3 l0-1 c0)
17.964: (drive-truck t0 l0-1 l0-2 c0)
17.965: (fly-airplane a1 l1-0 l4-0)
17.965: (fly-airplane a2 l4-0 l1-0)
17.964: (drive-truck t0 l0-2 l0-1 c0)
17.965: (fly-airplane a2 l1-0 l4-0)
17.965: (fly-airplane a0 l4-0 l1-0)
17.964: (drive-truck t0 l0-1 l0-2 c0)
17.964: (drive-truck t0 l0-2 l0-3 c0)
17.965: (fly-airplane a0 l1-0 l4-0)
17.967: (fly-airplane a1 l4-0 l5-0)
17.959: (fly-airplane a0 l4-0 l3-0)
17.958: (fly-airplane a1 l5-0 l3-0)
17.958: (drive-truck t0 l0-3 l0-1 c0)
17.958: (drive-truck t0 l0-1 l0-2 c0)
17.959: (fly-airplane a1 l3-0 l5-0)
17.959: (drive-truck t0 l0-2 l0-1 c0)
17.960: (fly-airplane a1 l5-0 l0-0)
17.960: (drive-truck t0 l0-1 l0-3 c0)
17.967: (fly-airplane a0 l3-0 l1-0)
17.966: (fly-airplane a1 l0-0 l1-0)
17.966: (drive-truck t0 l0-3 l0-2 c0)
17.966: (drive-truck t0 l0-2 l0-1 c0)
17.966: (fly-airplane a0 l1-0 l5-0)
17.953: (fly-airplane a1 l1-0 l2-0)
17.955: (fly-airplane a0 l5-0 l0-0)
17.955: (drive-truck t0 l0-1 l0-3 c0)
17.955: (drive-truck t0 l0-3 l0-2 c0)
17.960: (fly-airplane a1 l2-0 l3-0)
17.959: (fly-airplane a0 l0-0 l5-0)
17.959: (drive-truck t0 l0-2 l0-3 c0)
17.959: (drive-truck t0 l0-3 l0-1 c0)
17.960: (fly-airplane a0 l5-0 l0-0)
17.960: (drive-truck t0 l0-1 l0-3 c0)
17.968: (fly-airplane a1 l3-0 l1-0)
17.966: (fly-airplane a0 l0-0 l5-0)
17.966: (drive-truck t0 l0-3 l0-2 c0)
17.967: (fly-airplane a1 l1-0 l4-0)
17.966: (fly-airplane a2 l4-0 l1-0)
17.966: (fly-airplane a0 l5-0 l1-0)
17.966: (drive-truck t0 l0-2 l0-3 c0)
17.966: (drive-truck t0 l0-3 l0-1 c0)
17.966: (fly-airplane a0 l1-0 l5-0)
17.966: (drive-truck t0 l0-1 l0-3 c0)
17.967: (fly-airplane a2 l1-0 l4-0)
17.967: (drive-truck t0 l0-3 l0-1 c0)
17.968: (fly-airplane a0 l5-0 l0-0)
17.968: (fly-airplane a1 l4-0 l1-0)
17.968: (drive-truck t0 l0-1 l0-2 c0)
17.968: (fly-airplane a1 l1-0 l4-0)
17.968: (fly-airplane a2 l4-0 l1-0)
17.968: (drive-truck t0 l0-2 l0-1 c0)
17.970: (fly-airplane a2 l1-0 l0-0)
17.955: (fly-airplane a0 l0-0 l2-0)
17.953: (fly-airplane a2 l0-0 l5-0)
17.953: (drive-truck t0 l0-1 l0-2 c0)
17.955: (fly-airplane a2 l5-0 l0-0)
17.955: (drive-truck t0 l0-2 l0-3 c0)
17.960: (fly-airplane a0 l2-0 l3-0)
17.960: (drive-truck t0 l0-3 l0-2 c0)
17.959: (fly-airplane a2 l0-0 l5-0)
17.959: (drive-truck t0 l0-2 l0-1 c0)
17.960: (fly-airplane a2 l5-0 l0-0)
17.968: (fly-airplane a0 l3-0 l1-0)
17.966: (fly-airplane a2 l0-0 l5-0)
17.966: (drive-truck t0 l0-1 l0-2 c0)
17.966: (drive-truck t0 l0-2 l0-3 c0)
17.967: (fly-airplane a0 l1-0 l4-0)
17.966: (fly-airplane a1 l4-0 l1-0)
17.966: (drive-truck t0 l0-3 l0-2 c0)
17.953: (fly-airplane a1 l1-0 l2-0)
17.953: (drive-truck t0 l0-2 l0-1 c0)
17.955: (fly-airplane a2 l5-0 l0-0)
17.955: (drive-truck t0 l0-1 l0-3 c0)
17.955: (drive-truck t0 l0-3 l0-2 c0)
17.960: (fly-airplane a1 l2-0 l3-0)
17.959: (fly-airplane a2 l0-0 l5-0)
17.959: (drive-truck t0 l0-2 l0-1 c0)
17.960: (fly-airplane a2 l5-0 l0-0)
[Final] Expanded: 1000, Generated: 55358
Failed to find a solution!
