/u/ibrahim.eisawy/Neural-Guided-Search/venv/lib/python3.10/site-packages/pymimir_rgnn/model.py:151: UserWarning: index_reduce() is in beta and the API may change at any time. (Triggered internally at /pytorch/aten/src/ATen/native/cuda/Indexing.cu:1541.)
  max_msg.index_reduce_(0, output_indices, output_messages, reduce='amax', include_self=True)
Torch: 2.12.0+cu130
Using GPU:  NVIDIA L40S
31.272: (drive-truck t0 l0-0 l0-1 c0)
29.052: (load-truck p2 t0 l0-1)
27.646: (drive-truck t0 l0-1 l0-0 c0)
26.285: (drive-truck t2 l2-2 l2-0 c2)
25.174: (load-airplane p4 a0 l3-0)
24.150: (load-truck p0 t1 l1-0)
23.075: (load-truck p5 t1 l1-0)
20.866: (drive-truck t1 l1-0 l1-1 c1)
19.871: (unload-truck p5 t1 l1-1)
18.881: (load-truck p7 t2 l2-0)
17.583: (drive-truck t2 l2-0 l2-1 c2)
16.505: (load-truck p1 t2 l2-1)
14.978: (drive-truck t2 l2-1 l2-2 c2)
13.877: (drive-truck t0 l0-0 l0-2 c0)
13.518: (fly-airplane a0 l3-0 l1-0)
12.985: (unload-airplane p4 a0 l1-0)
12.231: (fly-airplane a0 l1-0 l3-0)
12.103: (load-truck p3 t3 l3-1)
11.081: (drive-truck t3 l3-1 l3-0 c3)
10.065: (unload-truck p3 t3 l3-0)
8.979: (load-airplane p3 a0 l3-0)
8.794: (fly-airplane a0 l3-0 l2-0)
8.791: (fly-airplane a1 l0-0 l3-0)
8.784: (fly-airplane a0 l2-0 l0-0)
8.786: (drive-truck t3 l3-0 l3-2 c3)
8.786: (drive-truck t3 l3-2 l3-1 c3)
8.788: (fly-airplane a1 l3-0 l2-0)
8.788: (drive-truck t3 l3-1 l3-2 c3)
8.788: (drive-truck t3 l3-2 l3-0 c3)
8.808: (fly-airplane a1 l2-0 l1-0)
8.808: (drive-truck t3 l3-0 l3-1 c3)
8.808: (drive-truck t3 l3-1 l3-2 c3)
8.814: (fly-airplane a0 l0-0 l2-0)
8.793: (fly-airplane a1 l1-0 l3-0)
8.793: (drive-truck t3 l3-2 l3-1 c3)
8.794: (fly-airplane a1 l3-0 l0-0)
8.794: (drive-truck t3 l3-1 l3-2 c3)
8.822: (fly-airplane a0 l2-0 l0-0)
8.822: (drive-truck t3 l3-2 l3-0 c3)
8.822: (drive-truck t3 l3-0 l3-1 c3)
8.898: (fly-airplane a0 l0-0 l1-0)
7.930: (unload-airplane p3 a0 l1-0)
7.911: (fly-airplane a0 l1-0 l3-0)
7.911: (drive-truck t3 l3-1 l3-0 c3)
7.911: (fly-airplane a1 l0-0 l2-0)
7.912: (drive-truck t3 l3-0 l3-1 c3)
7.912: (drive-truck t3 l3-1 l3-2 c3)
7.911: (fly-airplane a1 l2-0 l0-0)
7.921: (fly-airplane a1 l0-0 l1-0)
7.920: (drive-truck t3 l3-2 l3-0 c3)
7.921: (drive-truck t3 l3-0 l3-1 c3)
7.927: (fly-airplane a1 l1-0 l3-0)
7.911: (fly-airplane a0 l3-0 l0-0)
7.911: (drive-truck t3 l3-1 l3-0 c3)
7.911: (fly-airplane a0 l0-0 l2-0)
7.912: (drive-truck t3 l3-0 l3-2 c3)
7.911: (fly-airplane a0 l2-0 l0-0)
7.921: (fly-airplane a0 l0-0 l1-0)
7.920: (drive-truck t3 l3-2 l3-0 c3)
7.921: (drive-truck t3 l3-0 l3-1 c3)
7.912: (fly-airplane a0 l1-0 l2-0)
7.921: (fly-airplane a1 l3-0 l0-0)
7.921: (drive-truck t3 l3-1 l3-2 c3)
7.921: (drive-truck t3 l3-2 l3-0 c3)
7.930: (fly-airplane a0 l2-0 l1-0)
7.930: (drive-truck t3 l3-0 l3-2 c3)
7.931: (fly-airplane a1 l0-0 l2-0)
7.921: (fly-airplane a0 l1-0 l0-0)
7.921: (drive-truck t3 l3-2 l3-1 c3)
7.921: (drive-truck t3 l3-1 l3-0 c3)
7.930: (fly-airplane a1 l2-0 l1-0)
7.930: (drive-truck t3 l3-0 l3-1 c3)
7.930: (drive-truck t3 l3-1 l3-2 c3)
7.931: (fly-airplane a0 l0-0 l2-0)
7.931: (drive-truck t3 l3-2 l3-1 c3)
7.931: (drive-truck t3 l3-1 l3-0 c3)
7.936: (fly-airplane a1 l1-0 l2-0)
7.931: (fly-airplane a0 l2-0 l1-0)
7.931: (drive-truck t3 l3-0 l3-1 c3)
7.936: (fly-airplane a0 l1-0 l2-0)
7.936: (drive-truck t3 l3-1 l3-2 c3)
8.076: (drive-truck t1 l1-1 l1-0 c1)
7.044: (load-truck p4 t1 l1-0)
6.082: (drive-truck t1 l1-0 l1-2 c1)
5.548: (unload-truck p4 t1 l1-2)
4.073: (drive-truck t1 l1-2 l1-1 c1)
4.049: (fly-airplane a0 l2-0 l3-0)
4.048: (drive-truck t3 l3-2 l3-0 c3)
4.048: (fly-airplane a1 l2-0 l0-0)
4.048: (drive-truck t3 l3-0 l3-1 c3)
4.048: (drive-truck t3 l3-1 l3-2 c3)
4.058: (fly-airplane a0 l3-0 l2-0)
4.049: (fly-airplane a1 l0-0 l3-0)
4.048: (drive-truck t3 l3-2 l3-0 c3)
4.048: (fly-airplane a0 l2-0 l0-0)
4.048: (drive-truck t3 l3-0 l3-2 c3)
4.048: (drive-truck t3 l3-2 l3-1 c3)
4.049: (fly-airplane a0 l0-0 l2-0)
4.058: (fly-airplane a1 l3-0 l0-0)
4.058: (drive-truck t3 l3-1 l3-0 c3)
4.072: (fly-airplane a0 l2-0 l1-0)
4.062: (fly-airplane a1 l0-0 l3-0)
4.063: (drive-truck t3 l3-0 l3-2 c3)
4.063: (drive-truck t3 l3-2 l3-1 c3)
4.064: (fly-airplane a0 l1-0 l3-0)
4.049: (fly-airplane a1 l3-0 l2-0)
4.058: (fly-airplane a0 l3-0 l0-0)
4.058: (drive-truck t3 l3-1 l3-2 c3)
4.058: (drive-truck t3 l3-2 l3-0 c3)
4.072: (fly-airplane a1 l2-0 l1-0)
4.062: (fly-airplane a0 l0-0 l3-0)
4.063: (drive-truck t3 l3-0 l3-2 c3)
4.063: (drive-truck t3 l3-2 l3-1 c3)
4.072: (fly-airplane a0 l3-0 l0-0)
4.072: (drive-truck t3 l3-1 l3-2 c3)
4.072: (fly-airplane a1 l1-0 l0-0)
4.072: (fly-airplane a0 l0-0 l1-0)
4.072: (drive-truck t3 l3-2 l3-1 c3)
4.072: (fly-airplane a0 l1-0 l0-0)
4.072: (drive-truck t3 l3-1 l3-0 c3)
5.071: (load-truck p5 t1 l1-1)
5.047: (fly-airplane a1 l0-0 l3-0)
5.047: (fly-airplane a0 l0-0 l2-0)
5.048: (drive-truck t3 l3-0 l3-1 c3)
5.047: (fly-airplane a0 l2-0 l0-0)
5.047: (drive-truck t3 l3-1 l3-2 c3)
5.048: (fly-airplane a0 l0-0 l2-0)
5.057: (fly-airplane a1 l3-0 l0-0)
5.047: (fly-airplane a0 l2-0 l3-0)
5.047: (drive-truck t3 l3-2 l3-0 c3)
5.047: (fly-airplane a1 l0-0 l2-0)
5.048: (drive-truck t3 l3-0 l3-2 c3)
5.048: (drive-truck t3 l3-2 l3-1 c3)
5.047: (fly-airplane a1 l2-0 l0-0)
5.057: (fly-airplane a0 l3-0 l2-0)
5.057: (drive-truck t3 l3-1 l3-0 c3)
5.071: (fly-airplane a0 l2-0 l1-0)
5.061: (fly-airplane a1 l0-0 l3-0)
5.062: (drive-truck t3 l3-0 l3-2 c3)
5.062: (drive-truck t3 l3-2 l3-1 c3)
5.063: (fly-airplane a0 l1-0 l3-0)
5.062: (fly-airplane a1 l3-0 l1-0)
5.061: (drive-truck t3 l3-1 l3-0 c3)
5.062: (drive-truck t3 l3-0 l3-2 c3)
5.063: (fly-airplane a1 l1-0 l3-0)
4.064: (unload-truck p5 t1 l1-1)
4.063: (drive-truck t3 l3-2 l3-0 c3)
5.062: (load-truck p5 t1 l1-1)
6.063: (load-truck p6 t2 l2-2)
5.062: (unload-truck p7 t2 l2-2)
4.063: (unload-truck p5 t1 l1-1)
4.048: (fly-airplane a0 l3-0 l0-0)
4.048: (fly-airplane a0 l0-0 l2-0)
4.049: (drive-truck t3 l3-0 l3-2 c3)
4.048: (fly-airplane a0 l2-0 l0-0)
4.048: (drive-truck t3 l3-2 l3-1 c3)
4.049: (fly-airplane a0 l0-0 l2-0)
4.058: (fly-airplane a1 l3-0 l0-0)
4.048: (fly-airplane a0 l2-0 l3-0)
4.048: (drive-truck t3 l3-1 l3-0 c3)
4.048: (fly-airplane a1 l0-0 l2-0)
4.049: (drive-truck t3 l3-0 l3-1 c3)
4.049: (drive-truck t3 l3-1 l3-2 c3)
4.048: (fly-airplane a1 l2-0 l0-0)
4.058: (fly-airplane a0 l3-0 l2-0)
4.058: (drive-truck t3 l3-2 l3-0 c3)
4.072: (fly-airplane a0 l2-0 l1-0)
4.062: (fly-airplane a1 l0-0 l3-0)
4.063: (drive-truck t3 l3-0 l3-2 c3)
4.063: (drive-truck t3 l3-2 l3-1 c3)
4.064: (fly-airplane a0 l1-0 l3-0)
4.063: (fly-airplane a1 l3-0 l1-0)
4.062: (drive-truck t3 l3-1 l3-0 c3)
4.063: (drive-truck t3 l3-0 l3-2 c3)
4.064: (fly-airplane a1 l1-0 l3-0)
5.063: (load-truck p5 t1 l1-1)
5.047: (fly-airplane a1 l3-0 l0-0)
5.047: (drive-truck t3 l3-2 l3-0 c3)
5.047: (fly-airplane a1 l0-0 l2-0)
5.048: (drive-truck t3 l3-0 l3-1 c3)
5.047: (fly-airplane a1 l2-0 l0-0)
5.057: (fly-airplane a0 l3-0 l2-0)
5.048: (fly-airplane a1 l0-0 l3-0)
5.047: (drive-truck t3 l3-1 l3-0 c3)
5.047: (fly-airplane a0 l2-0 l0-0)
5.047: (drive-truck t3 l3-0 l3-2 c3)
5.047: (drive-truck t3 l3-2 l3-1 c3)
5.057: (fly-airplane a1 l3-0 l2-0)
4.058: (unload-truck p5 t1 l1-1)
4.058: (drive-truck t3 l3-1 l3-2 c3)
4.058: (drive-truck t3 l3-2 l3-0 c3)
4.072: (fly-airplane a1 l2-0 l1-0)
4.072: (drive-truck t3 l3-0 l3-1 c3)
4.072: (drive-truck t3 l3-1 l3-2 c3)
4.072: (fly-airplane a1 l1-0 l0-0)
4.072: (fly-airplane a0 l0-0 l1-0)
4.072: (drive-truck t3 l3-2 l3-1 c3)
4.072: (fly-airplane a0 l1-0 l0-0)
4.072: (drive-truck t3 l3-1 l3-0 c3)
5.071: (load-truck p5 t1 l1-1)
5.057: (fly-airplane a1 l0-0 l2-0)
5.057: (drive-truck t3 l3-0 l3-2 c3)
5.048: (fly-airplane a0 l0-0 l3-0)
5.062: (fly-airplane a1 l2-0 l1-0)
5.061: (drive-truck t3 l3-2 l3-0 c3)
5.062: (drive-truck t3 l3-0 l3-1 c3)
5.063: (fly-airplane a1 l1-0 l3-0)
5.062: (fly-airplane a0 l3-0 l1-0)
5.061: (drive-truck t3 l3-1 l3-0 c3)
5.062: (drive-truck t3 l3-0 l3-2 c3)
5.048: (fly-airplane a0 l1-0 l2-0)
5.057: (fly-airplane a1 l3-0 l0-0)
5.057: (drive-truck t3 l3-2 l3-0 c3)
5.071: (fly-airplane a0 l2-0 l1-0)
5.071: (drive-truck t3 l3-0 l3-1 c3)
5.071: (drive-truck t3 l3-1 l3-2 c3)
5.071: (fly-airplane a0 l1-0 l0-0)
5.071: (fly-airplane a1 l0-0 l1-0)
5.071: (drive-truck t3 l3-2 l3-1 c3)
5.071: (drive-truck t3 l3-1 l3-0 c3)
5.072: (fly-airplane a0 l0-0 l2-0)
4.073: (unload-truck p5 t1 l1-1)
4.072: (drive-truck t3 l3-0 l3-2 c3)
4.072: (drive-truck t3 l3-2 l3-1 c3)
4.073: (fly-airplane a1 l1-0 l2-0)
4.072: (fly-airplane a0 l2-0 l1-0)
4.072: (drive-truck t3 l3-1 l3-2 c3)
4.073: (drive-truck t3 l3-2 l3-0 c3)
4.073: (fly-airplane a0 l1-0 l2-0)
4.073: (drive-truck t3 l3-0 l3-2 c3)
5.072: (load-truck p5 t1 l1-1)
5.072: (fly-airplane a1 l2-0 l1-0)
5.072: (drive-truck t3 l3-2 l3-1 c3)
5.072: (fly-airplane a1 l1-0 l2-0)
5.072: (fly-airplane a0 l2-0 l1-0)
5.072: (drive-truck t3 l3-1 l3-2 c3)
5.072: (drive-truck t3 l3-2 l3-0 c3)
5.072: (fly-airplane a0 l1-0 l2-0)
6.073: (load-truck p7 t2 l2-2)
5.072: (unload-truck p6 t2 l2-2)
4.073: (unload-truck p5 t1 l1-1)
4.073: (fly-airplane a0 l2-0 l1-0)
4.072: (drive-truck t3 l3-0 l3-1 c3)
4.072: (drive-truck t3 l3-1 l3-2 c3)
4.088: (fly-airplane a1 l2-0 l1-0)
4.072: (fly-airplane a0 l1-0 l2-0)
4.072: (drive-truck t3 l3-2 l3-1 c3)
4.073: (drive-truck t3 l3-1 l3-0 c3)
4.088: (fly-airplane a0 l2-0 l1-0)
4.088: (drive-truck t3 l3-0 l3-1 c3)
4.992: (load-airplane p3 a1 l1-0)
4.970: (fly-airplane a0 l1-0 l3-0)
4.969: (drive-truck t3 l3-1 l3-0 c3)
4.970: (drive-truck t3 l3-0 l3-2 c3)
4.980: (fly-airplane a0 l3-0 l0-0)
4.980: (drive-truck t3 l3-2 l3-1 c3)
4.980: (drive-truck t3 l3-1 l3-0 c3)
4.980: (fly-airplane a0 l0-0 l2-0)
4.980: (drive-truck t3 l3-0 l3-1 c3)
4.980: (drive-truck t3 l3-1 l3-2 c3)
4.992: (fly-airplane a0 l2-0 l1-0)
4.993: (drive-truck t3 l3-2 l3-0 c3)
5.802: (fly-airplane a1 l1-0 l0-0)
5.790: (fly-airplane a0 l1-0 l2-0)
5.788: (drive-truck t3 l3-0 l3-2 c3)
5.788: (drive-truck t3 l3-2 l3-1 c3)
5.794: (fly-airplane a0 l2-0 l3-0)
5.792: (drive-truck t3 l3-1 l3-0 c3)
5.794: (drive-truck t3 l3-0 l3-2 c3)
5.800: (fly-airplane a0 l3-0 l1-0)
5.800: (drive-truck t3 l3-2 l3-1 c3)
5.807: (fly-airplane a1 l0-0 l2-0)
5.795: (fly-airplane a0 l1-0 l0-0)
5.795: (drive-truck t3 l3-1 l3-2 c3)
5.797: (drive-truck t3 l3-2 l3-0 c3)
5.799: (fly-airplane a0 l0-0 l3-0)
5.801: (drive-truck t3 l3-0 l3-1 c3)
5.801: (drive-truck t3 l3-1 l3-2 c3)
5.807: (fly-airplane a0 l3-0 l1-0)
5.809: (drive-truck t3 l3-2 l3-0 c3)
5.831: (fly-airplane a0 l1-0 l2-0)
5.829: (drive-truck t3 l3-0 l3-1 c3)
5.829: (drive-truck t3 l3-1 l3-2 c3)
5.970: (fly-airplane a1 l2-0 l3-0)
5.964: (drive-truck t3 l3-2 l3-0 c3)
5.964: (fly-airplane a0 l2-0 l0-0)
5.828: (fly-airplane a1 l3-0 l0-0)
5.826: (drive-truck t3 l3-0 l3-1 c3)
5.826: (drive-truck t3 l3-1 l3-2 c3)
5.970: (fly-airplane a1 l0-0 l3-0)
5.970: (drive-truck t3 l3-2 l3-1 c3)
5.970: (fly-airplane a0 l0-0 l2-0)
5.978: (fly-airplane a0 l2-0 l3-0)
5.973: (drive-truck t3 l3-1 l3-0 c3)
5.976: (fly-airplane a0 l3-0 l1-0)
5.980: (drive-truck t3 l3-0 l3-1 c3)
5.980: (drive-truck t3 l3-1 l3-2 c3)
5.978: (fly-airplane a0 l1-0 l3-0)
6.979: (load-truck p6 t2 l2-2)
5.971: (fly-airplane a1 l3-0 l1-0)
4.970: (unload-truck p7 t2 l2-2)
4.969: (drive-truck t3 l3-2 l3-0 c3)
4.970: (drive-truck t3 l3-0 l3-1 c3)
4.980: (fly-airplane a0 l3-0 l0-0)
4.980: (drive-truck t3 l3-1 l3-2 c3)
4.980: (drive-truck t3 l3-2 l3-0 c3)
4.980: (fly-airplane a0 l0-0 l2-0)
4.980: (drive-truck t3 l3-0 l3-2 c3)
4.980: (drive-truck t3 l3-2 l3-1 c3)
4.992: (fly-airplane a0 l2-0 l1-0)
4.088: (unload-airplane p3 a1 l1-0)
4.088: (drive-truck t3 l3-1 l3-2 c3)
4.088: (drive-truck t3 l3-2 l3-0 c3)
4.993: (load-airplane p3 a0 l1-0)
4.969: (fly-airplane a1 l1-0 l3-0)
4.970: (drive-truck t3 l3-0 l3-1 c3)
4.970: (drive-truck t3 l3-1 l3-2 c3)
4.980: (fly-airplane a1 l3-0 l0-0)
4.980: (drive-truck t3 l3-2 l3-1 c3)
4.980: (drive-truck t3 l3-1 l3-0 c3)
4.980: (fly-airplane a1 l0-0 l2-0)
4.980: (drive-truck t3 l3-0 l3-1 c3)
4.980: (drive-truck t3 l3-1 l3-2 c3)
4.993: (fly-airplane a1 l2-0 l1-0)
4.992: (drive-truck t3 l3-2 l3-1 c3)
5.800: (fly-airplane a0 l1-0 l0-0)
5.788: (fly-airplane a1 l1-0 l2-0)
5.788: (drive-truck t3 l3-1 l3-2 c3)
5.790: (drive-truck t3 l3-2 l3-0 c3)
5.792: (fly-airplane a1 l2-0 l3-0)
5.794: (drive-truck t3 l3-0 l3-1 c3)
5.794: (drive-truck t3 l3-1 l3-2 c3)
5.800: (fly-airplane a1 l3-0 l1-0)
5.802: (drive-truck t3 l3-2 l3-0 c3)
5.809: (fly-airplane a0 l0-0 l2-0)
5.797: (fly-airplane a1 l1-0 l0-0)
5.795: (drive-truck t3 l3-0 l3-1 c3)
5.795: (drive-truck t3 l3-1 l3-2 c3)
5.801: (fly-airplane a1 l0-0 l3-0)
5.799: (drive-truck t3 l3-2 l3-0 c3)
5.801: (drive-truck t3 l3-0 l3-1 c3)
5.807: (fly-airplane a1 l3-0 l1-0)
5.807: (drive-truck t3 l3-1 l3-2 c3)
5.829: (fly-airplane a1 l1-0 l2-0)
5.829: (drive-truck t3 l3-2 l3-1 c3)
5.831: (drive-truck t3 l3-1 l3-0 c3)
5.964: (fly-airplane a0 l2-0 l3-0)
5.964: (fly-airplane a1 l2-0 l0-0)
5.828: (fly-airplane a0 l3-0 l0-0)
5.826: (drive-truck t3 l3-0 l3-1 c3)
5.826: (drive-truck t3 l3-1 l3-2 c3)
5.970: (fly-airplane a0 l0-0 l3-0)
5.970: (drive-truck t3 l3-2 l3-1 c3)
5.970: (fly-airplane a1 l0-0 l2-0)
5.970: (drive-truck t3 l3-1 l3-2 c3)
5.978: (fly-airplane a1 l2-0 l3-0)
5.973: (drive-truck t3 l3-2 l3-0 c3)
5.976: (fly-airplane a1 l3-0 l1-0)
5.980: (drive-truck t3 l3-0 l3-1 c3)
5.978: (fly-airplane a1 l1-0 l3-0)
6.979: (load-truck p7 t2 l2-2)
5.971: (fly-airplane a0 l3-0 l1-0)
4.970: (unload-truck p6 t2 l2-2)
4.969: (drive-truck t3 l3-1 l3-0 c3)
4.970: (drive-truck t3 l3-0 l3-2 c3)
4.980: (fly-airplane a1 l3-0 l0-0)
4.980: (drive-truck t3 l3-2 l3-1 c3)
4.980: (drive-truck t3 l3-1 l3-0 c3)
4.980: (fly-airplane a1 l0-0 l2-0)
4.980: (drive-truck t3 l3-0 l3-1 c3)
4.980: (drive-truck t3 l3-1 l3-2 c3)
4.992: (fly-airplane a1 l2-0 l1-0)
4.992: (drive-truck t3 l3-2 l3-1 c3)
4.993: (drive-truck t3 l3-1 l3-0 c3)
5.802: (fly-airplane a0 l1-0 l0-0)
5.790: (fly-airplane a1 l1-0 l2-0)
5.788: (drive-truck t3 l3-0 l3-2 c3)
5.788: (drive-truck t3 l3-2 l3-1 c3)
5.794: (fly-airplane a1 l2-0 l3-0)
5.792: (drive-truck t3 l3-1 l3-0 c3)
5.794: (drive-truck t3 l3-0 l3-2 c3)
5.800: (fly-airplane a1 l3-0 l1-0)
5.800: (drive-truck t3 l3-2 l3-1 c3)
5.807: (fly-airplane a0 l0-0 l2-0)
5.795: (fly-airplane a1 l1-0 l0-0)
5.795: (drive-truck t3 l3-1 l3-2 c3)
5.797: (drive-truck t3 l3-2 l3-0 c3)
5.799: (fly-airplane a1 l0-0 l3-0)
5.801: (drive-truck t3 l3-0 l3-1 c3)
5.801: (drive-truck t3 l3-1 l3-2 c3)
5.807: (fly-airplane a1 l3-0 l1-0)
5.809: (drive-truck t3 l3-2 l3-0 c3)
5.831: (fly-airplane a1 l1-0 l2-0)
5.829: (drive-truck t3 l3-0 l3-2 c3)
5.829: (drive-truck t3 l3-2 l3-1 c3)
5.970: (fly-airplane a0 l2-0 l3-0)
5.964: (drive-truck t3 l3-1 l3-0 c3)
5.964: (fly-airplane a1 l2-0 l0-0)
5.828: (fly-airplane a0 l3-0 l0-0)
5.826: (drive-truck t3 l3-0 l3-2 c3)
5.826: (drive-truck t3 l3-2 l3-1 c3)
5.970: (fly-airplane a0 l0-0 l3-0)
5.970: (drive-truck t3 l3-1 l3-2 c3)
5.970: (fly-airplane a1 l0-0 l2-0)
5.978: (fly-airplane a1 l2-0 l3-0)
5.973: (drive-truck t3 l3-2 l3-0 c3)
5.976: (fly-airplane a1 l3-0 l1-0)
5.980: (drive-truck t3 l3-0 l3-2 c3)
5.980: (drive-truck t3 l3-2 l3-1 c3)
5.978: (fly-airplane a1 l1-0 l3-0)
6.982: (load-truck p5 t1 l1-1)
5.973: (fly-airplane a0 l3-0 l1-0)
5.972: (drive-truck t3 l3-1 l3-0 c3)
5.973: (drive-truck t3 l3-0 l3-2 c3)
5.983: (fly-airplane a1 l3-0 l0-0)
5.071: (unload-airplane p3 a0 l1-0)
5.071: (drive-truck t3 l3-2 l3-1 c3)
5.071: (fly-airplane a0 l1-0 l0-0)
5.057: (fly-airplane a1 l0-0 l2-0)
5.057: (drive-truck t3 l3-1 l3-2 c3)
5.057: (drive-truck t3 l3-2 l3-0 c3)
5.071: (fly-airplane a1 l2-0 l1-0)
5.071: (drive-truck t3 l3-0 l3-2 c3)
5.071: (drive-truck t3 l3-2 l3-1 c3)
5.072: (fly-airplane a0 l0-0 l2-0)
5.072: (drive-truck t3 l3-1 l3-2 c3)
5.072: (fly-airplane a1 l1-0 l2-0)
5.072: (fly-airplane a0 l2-0 l1-0)
5.072: (drive-truck t3 l3-2 l3-1 c3)
5.072: (fly-airplane a0 l1-0 l2-0)
4.073: (unload-truck p5 t1 l1-1)
5.073: (load-truck p6 t2 l2-2)
5.049: (fly-airplane a1 l2-0 l3-0)
5.048: (drive-truck t3 l3-1 l3-0 c3)
5.048: (fly-airplane a0 l2-0 l0-0)
5.049: (drive-truck t3 l3-0 l3-1 c3)
5.049: (drive-truck t3 l3-1 l3-2 c3)
5.049: (fly-airplane a0 l0-0 l2-0)
5.058: (fly-airplane a1 l3-0 l0-0)
5.049: (fly-airplane a0 l2-0 l3-0)
5.048: (drive-truck t3 l3-2 l3-0 c3)
5.048: (fly-airplane a1 l0-0 l2-0)
5.049: (drive-truck t3 l3-0 l3-1 c3)
5.049: (fly-airplane a1 l2-0 l0-0)
5.058: (fly-airplane a0 l3-0 l2-0)
5.058: (drive-truck t3 l3-1 l3-0 c3)
5.073: (fly-airplane a1 l0-0 l1-0)
5.063: (fly-airplane a0 l2-0 l3-0)
5.063: (drive-truck t3 l3-0 l3-2 c3)
5.049: (fly-airplane a1 l1-0 l2-0)
5.058: (fly-airplane a0 l3-0 l0-0)
5.058: (drive-truck t3 l3-2 l3-1 c3)
5.058: (drive-truck t3 l3-1 l3-0 c3)
5.073: (fly-airplane a1 l2-0 l1-0)
5.073: (drive-truck t3 l3-0 l3-2 c3)
5.073: (drive-truck t3 l3-2 l3-1 c3)
5.063: (fly-airplane a0 l0-0 l3-0)
5.065: (fly-airplane a1 l1-0 l3-0)
5.063: (fly-airplane a0 l3-0 l1-0)
5.063: (drive-truck t3 l3-1 l3-0 c3)
5.063: (drive-truck t3 l3-0 l3-2 c3)
5.065: (fly-airplane a0 l1-0 l3-0)
5.064: (drive-truck t3 l3-2 l3-0 c3)
6.142: (drive-truck t1 l1-1 l1-0 c1)
5.142: (unload-truck p6 t2 l2-2)
5.126: (fly-airplane a1 l3-0 l0-0)
5.127: (fly-airplane a1 l0-0 l2-0)
5.128: (drive-truck t3 l3-0 l3-1 c3)
5.127: (fly-airplane a1 l2-0 l0-0)
5.127: (drive-truck t3 l3-1 l3-2 c3)
5.128: (fly-airplane a1 l0-0 l2-0)
5.129: (fly-airplane a1 l2-0 l1-0)
5.129: (drive-truck t3 l3-2 l3-0 c3)
5.129: (drive-truck t3 l3-0 l3-1 c3)
5.138: (fly-airplane a0 l3-0 l0-0)
5.127: (fly-airplane a1 l1-0 l3-0)
5.126: (drive-truck t3 l3-1 l3-0 c3)
5.127: (fly-airplane a0 l0-0 l2-0)
5.128: (drive-truck t3 l3-0 l3-1 c3)
5.128: (drive-truck t3 l3-1 l3-2 c3)
5.127: (fly-airplane a0 l2-0 l0-0)
5.129: (fly-airplane a0 l0-0 l1-0)
5.129: (drive-truck t3 l3-2 l3-0 c3)
5.129: (drive-truck t3 l3-0 l3-1 c3)
5.138: (fly-airplane a1 l3-0 l0-0)
5.137: (fly-airplane a0 l1-0 l2-0)
5.137: (drive-truck t3 l3-1 l3-2 c3)
5.137: (drive-truck t3 l3-2 l3-0 c3)
5.139: (fly-airplane a0 l2-0 l1-0)
5.138: (drive-truck t3 l3-0 l3-2 c3)
5.139: (fly-airplane a1 l0-0 l2-0)
5.137: (fly-airplane a0 l1-0 l0-0)
5.137: (drive-truck t3 l3-2 l3-1 c3)
5.137: (drive-truck t3 l3-1 l3-0 c3)
5.139: (fly-airplane a1 l2-0 l1-0)
5.138: (drive-truck t3 l3-0 l3-2 c3)
5.139: (fly-airplane a0 l0-0 l2-0)
5.139: (drive-truck t3 l3-2 l3-1 c3)
5.139: (drive-truck t3 l3-1 l3-0 c3)
5.148: (fly-airplane a0 l2-0 l1-0)
5.139: (fly-airplane a1 l1-0 l2-0)
5.139: (drive-truck t3 l3-0 l3-1 c3)
5.147: (fly-airplane a1 l2-0 l1-0)
5.147: (drive-truck t3 l3-1 l3-2 c3)
5.544: (drive-truck t1 l1-0 l1-2 c1)
5.428: (fly-airplane a1 l1-0 l3-0)
5.416: (fly-airplane a0 l1-0 l0-0)
5.414: (drive-truck t3 l3-2 l3-0 c3)
5.415: (fly-airplane a0 l0-0 l2-0)
5.416: (drive-truck t3 l3-0 l3-2 c3)
5.416: (drive-truck t3 l3-2 l3-1 c3)
5.416: (fly-airplane a0 l2-0 l0-0)
5.428: (fly-airplane a0 l0-0 l1-0)
5.426: (drive-truck t3 l3-1 l3-0 c3)
5.429: (fly-airplane a0 l1-0 l3-0)
5.414: (fly-airplane a1 l3-0 l0-0)
5.415: (fly-airplane a1 l0-0 l2-0)
5.416: (drive-truck t3 l3-0 l3-2 c3)
5.416: (fly-airplane a1 l2-0 l0-0)
5.416: (drive-truck t3 l3-2 l3-1 c3)
5.416: (fly-airplane a1 l0-0 l2-0)
5.428: (fly-airplane a1 l2-0 l1-0)
5.426: (drive-truck t3 l3-1 l3-0 c3)
5.428: (drive-truck t3 l3-0 l3-2 c3)
5.431: (fly-airplane a1 l1-0 l3-0)
5.143: (drive-truck t1 l1-2 l1-0 c1)
5.143: (drive-truck t3 l3-2 l3-1 c3)
5.431: (drive-truck t1 l1-0 l1-2 c1)
6.076: (load-truck p4 t1 l1-2)
6.061: (fly-airplane a1 l3-0 l0-0)
6.060: (drive-truck t3 l3-1 l3-0 c3)
6.061: (fly-airplane a1 l0-0 l2-0)
6.061: (drive-truck t3 l3-0 l3-1 c3)
6.061: (drive-truck t3 l3-1 l3-2 c3)
6.061: (fly-airplane a1 l2-0 l0-0)
6.067: (fly-airplane a0 l3-0 l2-0)
5.524: (unload-truck p4 t1 l1-2)
5.524: (drive-truck t3 l3-2 l3-1 c3)
5.529: (fly-airplane a0 l2-0 l1-0)
5.529: (drive-truck t3 l3-1 l3-2 c3)
5.532: (fly-airplane a1 l0-0 l2-0)
5.524: (fly-airplane a0 l1-0 l0-0)
5.524: (drive-truck t3 l3-2 l3-1 c3)
5.529: (fly-airplane a1 l2-0 l1-0)
5.529: (drive-truck t3 l3-1 l3-2 c3)
5.532: (fly-airplane a0 l0-0 l2-0)
5.532: (drive-truck t3 l3-2 l3-1 c3)
5.544: (fly-airplane a0 l2-0 l1-0)
5.532: (fly-airplane a1 l1-0 l2-0)
5.546: (drive-truck t3 l3-1 l3-0 c3)
5.538: (fly-airplane a0 l1-0 l0-0)
5.543: (fly-airplane a1 l2-0 l1-0)
5.546: (fly-airplane a0 l0-0 l2-0)
5.538: (fly-airplane a1 l1-0 l0-0)
5.543: (fly-airplane a0 l2-0 l1-0)
5.558: (fly-airplane a1 l0-0 l1-0)
6.093: (load-truck p4 t1 l1-2)
6.072: (fly-airplane a0 l1-0 l3-0)
6.072: (drive-truck t3 l3-0 l3-2 c3)
6.072: (drive-truck t3 l3-2 l3-1 c3)
6.078: (fly-airplane a0 l3-0 l0-0)
6.061: (fly-airplane a1 l1-0 l3-0)
6.060: (drive-truck t3 l3-1 l3-0 c3)
6.061: (fly-airplane a0 l0-0 l2-0)
6.061: (drive-truck t3 l3-0 l3-1 c3)
6.061: (drive-truck t3 l3-1 l3-2 c3)
6.061: (fly-airplane a0 l2-0 l0-0)
6.067: (fly-airplane a1 l3-0 l2-0)
6.067: (drive-truck t3 l3-2 l3-0 c3)
6.067: (drive-truck t3 l3-0 l3-1 c3)
6.079: (fly-airplane a0 l0-0 l1-0)
6.072: (fly-airplane a1 l2-0 l3-0)
6.072: (drive-truck t3 l3-1 l3-0 c3)
6.072: (drive-truck t3 l3-0 l3-2 c3)
6.076: (fly-airplane a0 l1-0 l3-0)
6.075: (drive-truck t3 l3-2 l3-0 c3)
6.088: (drive-truck t1 l1-2 l1-1 c1)
6.072: (fly-airplane a0 l3-0 l0-0)
6.073: (fly-airplane a0 l0-0 l2-0)
6.074: (drive-truck t3 l3-0 l3-1 c3)
6.073: (fly-airplane a0 l2-0 l0-0)
6.073: (drive-truck t3 l3-1 l3-2 c3)
6.074: (fly-airplane a0 l0-0 l2-0)
6.079: (fly-airplane a1 l3-0 l0-0)
6.073: (fly-airplane a0 l2-0 l3-0)
6.072: (drive-truck t3 l3-2 l3-0 c3)
6.073: (fly-airplane a1 l0-0 l2-0)
6.074: (drive-truck t3 l3-0 l3-2 c3)
6.074: (drive-truck t3 l3-2 l3-1 c3)
6.073: (fly-airplane a1 l2-0 l0-0)
6.079: (fly-airplane a0 l3-0 l2-0)
6.067: (drive-truck t1 l1-1 l1-2 c1)
6.067: (drive-truck t3 l3-1 l3-0 c3)
6.078: (fly-airplane a0 l2-0 l1-0)
6.078: (drive-truck t3 l3-0 l3-1 c3)
6.078: (drive-truck t3 l3-1 l3-2 c3)
6.079: (fly-airplane a1 l0-0 l2-0)
6.079: (drive-truck t3 l3-2 l3-0 c3)
6.081: (fly-airplane a0 l1-0 l2-0)
5.562: (unload-truck p4 t1 l1-2)
5.151: (drive-truck t1 l1-2 l1-0 c1)
5.151: (drive-truck t3 l3-0 l3-1 c3)
5.151: (drive-truck t3 l3-1 l3-2 c3)
6.120: (load-truck p3 t1 l1-0)
5.982: (drive-truck t1 l1-0 l1-1 c1)
5.968: (fly-airplane a1 l2-0 l0-0)
5.968: (drive-truck t3 l3-2 l3-1 c3)
5.970: (drive-truck t3 l3-1 l3-0 c3)
5.973: (fly-airplane a0 l2-0 l3-0)
5.973: (fly-airplane a1 l0-0 l2-0)
5.970: (fly-airplane a0 l3-0 l0-0)
5.968: (drive-truck t3 l3-0 l3-1 c3)
5.968: (drive-truck t3 l3-1 l3-2 c3)
5.974: (fly-airplane a1 l2-0 l3-0)
5.973: (drive-truck t3 l3-2 l3-0 c3)
5.973: (fly-airplane a0 l0-0 l2-0)
5.975: (drive-truck t3 l3-0 l3-1 c3)
5.974: (fly-airplane a0 l2-0 l0-0)
5.975: (fly-airplane a1 l3-0 l1-0)
5.975: (drive-truck t3 l3-1 l3-2 c3)
5.976: (fly-airplane a0 l0-0 l2-0)
5.975: (fly-airplane a1 l1-0 l3-0)
5.980: (fly-airplane a0 l2-0 l1-0)
5.975: (fly-airplane a1 l3-0 l0-0)
5.974: (fly-airplane a0 l1-0 l3-0)
5.974: (drive-truck t3 l3-2 l3-1 c3)
5.975: (fly-airplane a1 l0-0 l2-0)
5.975: (drive-truck t3 l3-1 l3-2 c3)
5.976: (fly-airplane a0 l3-0 l1-0)
5.976: (drive-truck t3 l3-2 l3-1 c3)
5.975: (fly-airplane a1 l2-0 l0-0)
5.976: (drive-truck t3 l3-1 l3-0 c3)
5.977: (fly-airplane a1 l0-0 l2-0)
5.978: (fly-airplane a1 l2-0 l3-0)
5.980: (drive-truck t3 l3-0 l3-1 c3)
5.986: (fly-airplane a0 l1-0 l3-0)
5.980: (fly-airplane a1 l3-0 l1-0)
5.976: (fly-airplane a0 l3-0 l2-0)
5.977: (drive-truck t3 l3-1 l3-0 c3)
5.976: (fly-airplane a0 l2-0 l0-0)
5.978: (fly-airplane a0 l0-0 l3-0)
5.980: (drive-truck t3 l3-0 l3-2 c3)
5.986: (fly-airplane a1 l1-0 l3-0)
5.984: (drive-truck t3 l3-2 l3-0 c3)
6.110: (drive-truck t1 l1-1 l1-0 c1)
6.095: (fly-airplane a0 l3-0 l0-0)
6.095: (fly-airplane a0 l0-0 l2-0)
6.096: (drive-truck t3 l3-0 l3-2 c3)
6.095: (fly-airplane a0 l2-0 l0-0)
6.095: (drive-truck t3 l3-2 l3-1 c3)
6.096: (fly-airplane a0 l0-0 l2-0)
6.105: (fly-airplane a1 l3-0 l0-0)
6.095: (fly-airplane a0 l2-0 l3-0)
6.095: (drive-truck t3 l3-1 l3-0 c3)
6.095: (fly-airplane a1 l0-0 l2-0)
6.096: (drive-truck t3 l3-0 l3-1 c3)
6.096: (drive-truck t3 l3-1 l3-2 c3)
6.095: (fly-airplane a1 l2-0 l0-0)
6.105: (fly-airplane a0 l3-0 l2-0)
6.105: (drive-truck t3 l3-2 l3-0 c3)
6.119: (fly-airplane a0 l2-0 l0-0)
5.151: (unload-truck p3 t1 l1-0)
5.151: (drive-truck t3 l3-0 l3-2 c3)
5.151: (drive-truck t3 l3-2 l3-1 c3)
5.545: (drive-truck t1 l1-0 l1-2 c1)
5.545: (drive-truck t3 l3-1 l3-2 c3)
5.559: (drive-truck t3 l3-2 l3-0 c3)
6.081: (load-truck p4 t1 l1-2)
6.078: (fly-airplane a1 l0-0 l1-0)
6.078: (drive-truck t3 l3-0 l3-2 c3)
6.079: (fly-airplane a0 l0-0 l2-0)
6.079: (drive-truck t3 l3-2 l3-0 c3)
6.079: (drive-truck t3 l3-0 l3-1 c3)
6.082: (fly-airplane a1 l1-0 l2-0)
5.548: (unload-truck p4 t1 l1-2)
6.643: (load-truck p6 t2 l2-2)
5.548: (unload-truck p7 t2 l2-2)
5.151: (drive-truck t1 l1-2 l1-0 c1)
5.128: (fly-airplane a0 l2-0 l3-0)
5.127: (drive-truck t3 l3-1 l3-0 c3)
5.126: (fly-airplane a1 l2-0 l0-0)
5.127: (drive-truck t3 l3-0 l3-1 c3)
5.127: (drive-truck t3 l3-1 l3-2 c3)
5.128: (fly-airplane a1 l0-0 l2-0)
5.129: (fly-airplane a1 l2-0 l1-0)
5.129: (drive-truck t3 l3-2 l3-0 c3)
5.129: (drive-truck t3 l3-0 l3-1 c3)
5.138: (fly-airplane a0 l3-0 l0-0)
5.127: (fly-airplane a1 l1-0 l3-0)
5.126: (drive-truck t3 l3-1 l3-0 c3)
5.127: (fly-airplane a0 l0-0 l2-0)
5.128: (drive-truck t3 l3-0 l3-1 c3)
5.128: (drive-truck t3 l3-1 l3-2 c3)
5.127: (fly-airplane a0 l2-0 l0-0)
5.129: (fly-airplane a0 l0-0 l1-0)
5.129: (drive-truck t3 l3-2 l3-0 c3)
5.129: (drive-truck t3 l3-0 l3-1 c3)
5.138: (fly-airplane a1 l3-0 l0-0)
5.137: (fly-airplane a0 l1-0 l2-0)
5.137: (drive-truck t3 l3-1 l3-2 c3)
5.137: (drive-truck t3 l3-2 l3-0 c3)
5.139: (fly-airplane a0 l2-0 l1-0)
5.138: (drive-truck t3 l3-0 l3-2 c3)
5.139: (fly-airplane a1 l0-0 l2-0)
5.137: (fly-airplane a0 l1-0 l0-0)
5.137: (drive-truck t3 l3-2 l3-1 c3)
5.137: (drive-truck t3 l3-1 l3-0 c3)
5.139: (fly-airplane a1 l2-0 l1-0)
5.138: (drive-truck t3 l3-0 l3-2 c3)
5.139: (fly-airplane a0 l0-0 l2-0)
5.139: (drive-truck t3 l3-2 l3-1 c3)
5.139: (drive-truck t3 l3-1 l3-0 c3)
5.148: (fly-airplane a0 l2-0 l1-0)
5.139: (fly-airplane a1 l1-0 l2-0)
5.139: (drive-truck t3 l3-0 l3-1 c3)
5.147: (fly-airplane a1 l2-0 l1-0)
5.147: (drive-truck t3 l3-1 l3-2 c3)
5.544: (drive-truck t1 l1-0 l1-2 c1)
5.428: (fly-airplane a1 l1-0 l3-0)
5.416: (fly-airplane a0 l1-0 l0-0)
5.414: (drive-truck t3 l3-2 l3-0 c3)
5.415: (fly-airplane a0 l0-0 l2-0)
5.416: (drive-truck t3 l3-0 l3-1 c3)
5.416: (fly-airplane a0 l2-0 l0-0)
5.428: (fly-airplane a0 l0-0 l1-0)
5.426: (drive-truck t3 l3-1 l3-0 c3)
5.429: (fly-airplane a0 l1-0 l3-0)
5.142: (drive-truck t1 l1-2 l1-0 c1)
5.143: (drive-truck t3 l3-0 l3-2 c3)
5.143: (drive-truck t3 l3-2 l3-1 c3)
5.431: (drive-truck t1 l1-0 l1-2 c1)
5.416: (fly-airplane a1 l3-0 l0-0)
5.414: (drive-truck t3 l3-1 l3-0 c3)
5.415: (fly-airplane a1 l0-0 l2-0)
5.416: (drive-truck t3 l3-0 l3-2 c3)
5.416: (fly-airplane a1 l2-0 l0-0)
5.428: (fly-airplane a1 l0-0 l1-0)
5.426: (drive-truck t3 l3-2 l3-0 c3)
5.428: (drive-truck t3 l3-0 l3-1 c3)
5.416: (fly-airplane a1 l1-0 l2-0)
5.524: (fly-airplane a0 l3-0 l0-0)
5.524: (drive-truck t3 l3-1 l3-2 c3)
5.529: (fly-airplane a1 l2-0 l1-0)
5.529: (drive-truck t3 l3-2 l3-1 c3)
5.532: (fly-airplane a0 l0-0 l2-0)
5.524: (fly-airplane a1 l1-0 l0-0)
5.524: (drive-truck t3 l3-1 l3-2 c3)
5.416: (fly-airplane a1 l0-0 l3-0)
5.431: (fly-airplane a0 l2-0 l3-0)
6.076: (load-truck p4 t1 l1-2)
6.061: (fly-airplane a1 l3-0 l0-0)
6.060: (drive-truck t3 l3-2 l3-0 c3)
6.061: (fly-airplane a1 l0-0 l2-0)
6.061: (drive-truck t3 l3-0 l3-2 c3)
6.061: (drive-truck t3 l3-2 l3-1 c3)
6.061: (fly-airplane a1 l2-0 l0-0)
6.067: (fly-airplane a0 l3-0 l2-0)
6.061: (fly-airplane a1 l0-0 l3-0)
6.061: (drive-truck t3 l3-1 l3-0 c3)
6.060: (fly-airplane a0 l2-0 l0-0)
6.061: (drive-truck t3 l3-0 l3-2 c3)
6.061: (drive-truck t3 l3-2 l3-1 c3)
6.067: (fly-airplane a1 l3-0 l2-0)
6.067: (drive-truck t3 l3-1 l3-0 c3)
5.538: (unload-truck p4 t1 l1-2)
5.543: (fly-airplane a1 l2-0 l1-0)
5.546: (fly-airplane a0 l0-0 l2-0)
5.532: (drive-truck t3 l3-0 l3-2 c3)
5.548: (fly-airplane a1 l1-0 l2-0)
5.151: (drive-truck t1 l1-2 l1-0 c1)
5.151: (drive-truck t3 l3-2 l3-0 c3)
5.562: (drive-truck t1 l1-0 l1-2 c1)
5.538: (fly-airplane a1 l2-0 l0-0)
5.543: (fly-airplane a0 l2-0 l1-0)
5.529: (drive-truck t3 l3-0 l3-1 c3)
5.529: (drive-truck t3 l3-1 l3-2 c3)
5.532: (fly-airplane a1 l0-0 l2-0)
5.532: (drive-truck t3 l3-2 l3-1 c3)
5.544: (fly-airplane a1 l2-0 l1-0)
5.558: (drive-truck t3 l3-1 l3-0 c3)
5.546: (fly-airplane a1 l1-0 l2-0)
6.079: (load-truck p4 t1 l1-2)
6.072: (fly-airplane a1 l2-0 l3-0)
6.072: (drive-truck t3 l3-0 l3-1 c3)
6.072: (drive-truck t3 l3-1 l3-2 c3)
6.061: (fly-airplane a0 l1-0 l2-0)
6.067: (fly-airplane a1 l3-0 l0-0)
6.067: (drive-truck t3 l3-2 l3-0 c3)
6.078: (fly-airplane a0 l2-0 l1-0)
6.078: (drive-truck t3 l3-0 l3-2 c3)
6.078: (drive-truck t3 l3-2 l3-1 c3)
6.079: (fly-airplane a1 l0-0 l2-0)
6.079: (drive-truck t3 l3-1 l3-2 c3)
6.067: (fly-airplane a0 l1-0 l0-0)
6.078: (fly-airplane a1 l2-0 l1-0)
6.072: (fly-airplane a0 l0-0 l3-0)
6.072: (drive-truck t3 l3-2 l3-0 c3)
6.072: (drive-truck t3 l3-0 l3-1 c3)
6.076: (fly-airplane a1 l1-0 l3-0)
6.075: (drive-truck t3 l3-1 l3-0 c3)
6.088: (drive-truck t1 l1-2 l1-1 c1)
6.072: (fly-airplane a0 l3-0 l0-0)
6.073: (fly-airplane a0 l0-0 l2-0)
6.074: (drive-truck t3 l3-0 l3-2 c3)
6.073: (fly-airplane a0 l2-0 l0-0)
6.073: (drive-truck t3 l3-2 l3-1 c3)
6.074: (fly-airplane a0 l0-0 l2-0)
6.079: (fly-airplane a1 l3-0 l0-0)
6.073: (fly-airplane a0 l2-0 l3-0)
6.072: (drive-truck t3 l3-1 l3-0 c3)
6.073: (fly-airplane a1 l0-0 l2-0)
6.074: (drive-truck t3 l3-0 l3-2 c3)
6.073: (fly-airplane a1 l2-0 l0-0)
6.079: (fly-airplane a0 l3-0 l2-0)
6.079: (drive-truck t3 l3-2 l3-0 c3)
6.090: (fly-airplane a0 l2-0 l1-0)
6.084: (fly-airplane a1 l0-0 l3-0)
6.085: (drive-truck t3 l3-0 l3-1 c3)
6.085: (drive-truck t3 l3-1 l3-2 c3)
6.089: (fly-airplane a0 l1-0 l3-0)
6.085: (fly-airplane a1 l3-0 l1-0)
6.084: (drive-truck t3 l3-2 l3-0 c3)
6.085: (drive-truck t3 l3-0 l3-1 c3)
6.074: (fly-airplane a1 l1-0 l2-0)
6.079: (fly-airplane a0 l3-0 l0-0)
6.078: (drive-truck t3 l3-1 l3-0 c3)
6.079: (drive-truck t3 l3-0 l3-2 c3)
6.090: (fly-airplane a1 l2-0 l1-0)
6.090: (drive-truck t3 l3-2 l3-0 c3)
6.078: (drive-truck t1 l1-1 l1-2 c1)
6.078: (drive-truck t3 l3-0 l3-1 c3)
6.079: (fly-airplane a0 l0-0 l2-0)
6.079: (drive-truck t3 l3-1 l3-0 c3)
6.079: (drive-truck t3 l3-0 l3-2 c3)
6.082: (fly-airplane a1 l1-0 l2-0)
6.081: (drive-truck t3 l3-2 l3-0 c3)
6.082: (drive-truck t3 l3-0 l3-1 c3)
6.093: (drive-truck t1 l1-2 l1-1 c1)
6.090: (fly-airplane a0 l2-0 l1-0)
6.090: (fly-airplane a1 l2-0 l0-0)
6.090: (drive-truck t3 l3-1 l3-2 c3)
6.090: (fly-airplane a1 l0-0 l2-0)
6.090: (drive-truck t3 l3-2 l3-0 c3)
6.093: (fly-airplane a0 l1-0 l2-0)
6.090: (fly-airplane a1 l2-0 l1-0)
6.090: (drive-truck t3 l3-0 l3-2 c3)
6.090: (drive-truck t3 l3-2 l3-1 c3)
6.090: (fly-airplane a0 l2-0 l0-0)
6.093: (fly-airplane a1 l1-0 l0-0)
6.081: (drive-truck t1 l1-1 l1-2 c1)
5.545: (unload-truck p4 t1 l1-2)
5.151: (drive-truck t1 l1-2 l1-0 c1)
5.151: (drive-truck t3 l3-1 l3-2 c3)
5.151: (drive-truck t3 l3-2 l3-0 c3)
5.559: (drive-truck t1 l1-0 l1-2 c1)
5.545: (drive-truck t3 l3-0 l3-2 c3)
6.081: (load-truck p4 t1 l1-2)
6.081: (drive-truck t3 l3-2 l3-0 c3)
6.092: (drive-truck t1 l1-2 l1-1 c1)
6.093: (drive-truck t3 l3-0 l3-2 c3)
7.043: (drive-truck t1 l1-1 l1-0 c1)
7.030: (fly-airplane a0 l0-0 l2-0)
7.029: (drive-truck t3 l3-2 l3-0 c3)
7.030: (drive-truck t3 l3-0 l3-1 c3)
7.039: (fly-airplane a0 l2-0 l3-0)
7.038: (drive-truck t3 l3-1 l3-0 c3)
7.039: (fly-airplane a1 l0-0 l2-0)
7.029: (fly-airplane a0 l3-0 l0-0)
7.030: (drive-truck t3 l3-0 l3-2 c3)
7.030: (drive-truck t3 l3-2 l3-1 c3)
7.039: (fly-airplane a1 l2-0 l3-0)
7.038: (drive-truck t3 l3-1 l3-0 c3)
7.039: (fly-airplane a0 l0-0 l2-0)
7.039: (drive-truck t3 l3-0 l3-2 c3)
7.039: (fly-airplane a0 l2-0 l0-0)
7.043: (fly-airplane a1 l3-0 l1-0)
7.042: (drive-truck t3 l3-2 l3-0 c3)
7.042: (fly-airplane a0 l0-0 l2-0)
7.042: (fly-airplane a1 l1-0 l2-0)
7.042: (fly-airplane a0 l2-0 l1-0)
7.042: (fly-airplane a1 l2-0 l0-0)
7.042: (fly-airplane a0 l1-0 l0-0)
7.043: (drive-truck t3 l3-0 l3-1 c3)
7.043: (fly-airplane a0 l0-0 l1-0)
7.043: (drive-truck t3 l3-1 l3-2 c3)
7.039: (fly-airplane a0 l1-0 l3-0)
7.039: (fly-airplane a1 l0-0 l2-0)
7.039: (drive-truck t3 l3-2 l3-1 c3)
7.043: (fly-airplane a0 l3-0 l1-0)
7.043: (drive-truck t3 l3-1 l3-2 c3)
7.044: (fly-airplane a0 l1-0 l2-0)
6.093: (drive-truck t1 l1-0 l1-1 c1)
7.088: (load-truck p7 t2 l2-2)
6.093: (unload-truck p6 t2 l2-2)
6.079: (fly-airplane a0 l2-0 l0-0)
6.079: (drive-truck t3 l3-2 l3-0 c3)
6.079: (drive-truck t3 l3-0 l3-1 c3)
6.090: (fly-airplane a1 l2-0 l1-0)
6.085: (fly-airplane a0 l0-0 l3-0)
6.084: (drive-truck t3 l3-1 l3-0 c3)
6.085: (drive-truck t3 l3-0 l3-2 c3)
6.089: (fly-airplane a1 l1-0 l3-0)
6.085: (fly-airplane a0 l3-0 l1-0)
6.084: (drive-truck t3 l3-2 l3-0 c3)
6.085: (drive-truck t3 l3-0 l3-1 c3)
6.089: (fly-airplane a0 l1-0 l3-0)
7.054: (drive-truck t1 l1-1 l1-0 c1)
7.039: (fly-airplane a1 l3-0 l0-0)
7.030: (fly-airplane a0 l3-0 l2-0)
7.029: (drive-truck t3 l3-1 l3-0 c3)
6.078: (drive-truck t1 l1-0 l1-1 c1)
6.090: (fly-airplane a0 l2-0 l1-0)
6.090: (drive-truck t3 l3-0 l3-2 c3)
6.090: (drive-truck t3 l3-2 l3-1 c3)
6.090: (fly-airplane a1 l0-0 l2-0)
6.090: (drive-truck t3 l3-1 l3-0 c3)
6.090: (drive-truck t3 l3-0 l3-2 c3)
6.106: (fly-airplane a1 l2-0 l1-0)
6.090: (fly-airplane a0 l1-0 l0-0)
6.090: (drive-truck t3 l3-2 l3-0 c3)
6.090: (fly-airplane a0 l0-0 l2-0)
6.090: (drive-truck t3 l3-0 l3-2 c3)
6.090: (drive-truck t3 l3-2 l3-1 c3)
6.093: (fly-airplane a1 l1-0 l2-0)
6.093: (drive-truck t3 l3-1 l3-0 c3)
7.042: (drive-truck t1 l1-1 l1-0 c1)
7.029: (fly-airplane a0 l2-0 l0-0)
7.030: (drive-truck t3 l3-0 l3-2 c3)
7.030: (drive-truck t3 l3-2 l3-1 c3)
7.039: (fly-airplane a1 l2-0 l3-0)
7.038: (drive-truck t3 l3-1 l3-0 c3)
7.039: (fly-airplane a0 l0-0 l2-0)
7.039: (drive-truck t3 l3-0 l3-2 c3)
7.030: (fly-airplane a1 l3-0 l0-0)
7.039: (fly-airplane a0 l2-0 l3-0)
7.038: (drive-truck t3 l3-2 l3-0 c3)
7.039: (fly-airplane a1 l0-0 l2-0)
7.039: (drive-truck t3 l3-0 l3-1 c3)
7.039: (drive-truck t3 l3-1 l3-2 c3)
7.043: (fly-airplane a0 l3-0 l1-0)
7.042: (drive-truck t3 l3-2 l3-0 c3)
7.042: (fly-airplane a1 l2-0 l0-0)
7.042: (fly-airplane a0 l1-0 l0-0)
6.092: (drive-truck t1 l1-0 l1-1 c1)
6.093: (drive-truck t3 l3-0 l3-2 c3)
6.081: (drive-truck t1 l1-1 l1-2 c1)
6.081: (drive-truck t3 l3-2 l3-1 c3)
6.093: (drive-truck t1 l1-2 l1-1 c1)
7.043: (drive-truck t1 l1-1 l1-0 c1)
7.043: (fly-airplane a1 l0-0 l1-0)
7.042: (drive-truck t3 l3-1 l3-0 c3)
7.042: (fly-airplane a0 l0-0 l2-0)
7.043: (drive-truck t3 l3-0 l3-2 c3)
7.043: (fly-airplane a0 l2-0 l0-0)
7.039: (fly-airplane a1 l1-0 l3-0)
7.043: (fly-airplane a1 l3-0 l0-0)
7.043: (fly-airplane a0 l0-0 l1-0)
7.043: (drive-truck t3 l3-2 l3-1 c3)
7.043: (fly-airplane a1 l0-0 l2-0)
7.044: (fly-airplane a0 l1-0 l2-0)
7.039: (fly-airplane a1 l2-0 l3-0)
7.043: (fly-airplane a1 l3-0 l1-0)
7.051: (fly-airplane a0 l2-0 l3-0)
7.050: (drive-truck t3 l3-1 l3-0 c3)
7.051: (drive-truck t3 l3-0 l3-2 c3)
7.054: (fly-airplane a1 l1-0 l3-0)
7.051: (fly-airplane a0 l3-0 l1-0)
7.050: (drive-truck t3 l3-2 l3-0 c3)
7.051: (drive-truck t3 l3-0 l3-1 c3)
7.058: (fly-airplane a1 l3-0 l1-0)
6.094: (drive-truck t1 l1-0 l1-2 c1)
6.094: (drive-truck t3 l3-1 l3-2 c3)
7.007: (load-airplane p3 a0 l1-0)
6.309: (unload-truck p4 t1 l1-2)
6.138: (drive-truck t1 l1-2 l1-0 c1)
6.111: (fly-airplane a1 l1-0 l3-0)
6.110: (drive-truck t3 l3-2 l3-0 c3)
6.111: (drive-truck t3 l3-0 l3-1 c3)
6.120: (fly-airplane a1 l3-0 l0-0)
6.120: (drive-truck t3 l3-1 l3-2 c3)
6.120: (drive-truck t3 l3-2 l3-0 c3)
6.121: (fly-airplane a1 l0-0 l2-0)
6.121: (drive-truck t3 l3-0 l3-2 c3)
6.121: (drive-truck t3 l3-2 l3-1 c3)
6.138: (fly-airplane a1 l2-0 l1-0)
6.138: (drive-truck t3 l3-1 l3-0 c3)
6.309: (drive-truck t1 l1-0 l1-2 c1)
6.287: (fly-airplane a1 l1-0 l3-0)
6.288: (drive-truck t3 l3-0 l3-1 c3)
6.288: (drive-truck t3 l3-1 l3-2 c3)
6.297: (fly-airplane a1 l3-0 l0-0)
6.297: (drive-truck t3 l3-2 l3-1 c3)
6.297: (drive-truck t3 l3-1 l3-0 c3)
6.297: (fly-airplane a1 l0-0 l2-0)
6.297: (drive-truck t3 l3-0 l3-1 c3)
6.297: (drive-truck t3 l3-1 l3-2 c3)
6.994: (load-truck p4 t1 l1-2)
6.984: (fly-airplane a1 l2-0 l3-0)
6.983: (drive-truck t3 l3-2 l3-0 c3)
6.984: (drive-truck t3 l3-0 l3-1 c3)
[Final] Expanded: 1000, Generated: 26758
Failed to find a solution!
