/u/ibrahim.eisawy/Neural-Guided-Search/venv/lib/python3.10/site-packages/pymimir_rgnn/model.py:151: UserWarning: index_reduce() is in beta and the API may change at any time. (Triggered internally at /pytorch/aten/src/ATen/native/cuda/Indexing.cu:1541.)
  max_msg.index_reduce_(0, output_indices, output_messages, reduce='amax', include_self=True)
Torch: 2.12.0+cu130
Using GPU:  NVIDIA L40S
71.511: (drive-truck t5 l5-1 l5-2 c5)
68.867: (load-truck p16 t5 l5-2)
66.223: (load-truck p17 t1 l1-3)
63.916: (load-truck p9 t3 l3-2)
61.818: (load-truck p12 t0 l0-1)
59.752: (load-truck p2 t2 l2-2)
56.975: (drive-truck t2 l2-2 l2-1 c2)
55.550: (drive-truck t4 l4-3 l4-0 c4)
54.326: (load-truck p3 t4 l4-0)
53.125: (drive-truck t5 l5-2 l5-0 c5)
51.967: (load-truck p1 t2 l2-1)
49.533: (drive-truck t2 l2-1 l2-3 c2)
48.209: (drive-truck t4 l4-0 l4-2 c4)
47.145: (load-truck p14 t1 l1-3)
46.116: (drive-truck t5 l5-0 l5-1 c5)
45.225: (drive-truck t1 l1-3 l1-2 c1)
43.977: (load-truck p4 t1 l1-2)
42.692: (drive-truck t3 l3-2 l3-1 c3)
40.392: (load-truck p6 t3 l3-1)
39.337: (unload-truck p17 t1 l1-2)
38.854: (unload-truck p1 t2 l2-3)
38.400: (drive-truck t2 l2-3 l2-0 c2)
38.304: (fly-airplane a2 l3-0 l5-0)
38.158: (drive-truck t0 l0-1 l0-3 c0)
36.328: (load-truck p8 t0 l0-3)
35.140: (drive-truck t2 l2-0 l2-2 c2)
34.166: (drive-truck t0 l0-3 l0-0 c0)
33.152: (load-truck p11 t0 l0-0)
32.711: (drive-truck t0 l0-0 l0-2 c0)
32.088: (load-truck p10 t0 l0-2)
31.774: (drive-truck t0 l0-2 l0-0 c0)
31.752: (fly-airplane a1 l2-0 l0-0)
31.784: (fly-airplane a1 l0-0 l5-0)
31.752: (fly-airplane a2 l5-0 l0-0)
31.774: (fly-airplane a2 l0-0 l2-0)
31.784: (fly-airplane a2 l2-0 l4-0)
31.752: (fly-airplane a0 l4-0 l0-0)
31.774: (fly-airplane a0 l0-0 l2-0)
31.784: (fly-airplane a0 l2-0 l5-0)
31.752: (fly-airplane a1 l5-0 l0-0)
31.775: (fly-airplane a1 l0-0 l2-0)
31.785: (fly-airplane a1 l2-0 l4-0)
31.752: (fly-airplane a2 l4-0 l0-0)
31.775: (fly-airplane a2 l0-0 l2-0)
31.785: (fly-airplane a2 l2-0 l5-0)
31.752: (fly-airplane a0 l5-0 l0-0)
31.775: (fly-airplane a0 l0-0 l2-0)
31.785: (fly-airplane a0 l2-0 l4-0)
31.787: (fly-airplane a1 l4-0 l3-0)
31.790: (fly-airplane a1 l3-0 l1-0)
31.844: (fly-airplane a0 l4-0 l0-0)
31.829: (fly-airplane a1 l1-0 l2-0)
31.839: (fly-airplane a1 l2-0 l5-0)
31.828: (fly-airplane a2 l5-0 l2-0)
31.840: (fly-airplane a1 l5-0 l4-0)
31.850: (fly-airplane a2 l2-0 l4-0)
31.840: (fly-airplane a1 l4-0 l2-0)
31.853: (fly-airplane a1 l2-0 l3-0)
31.787: (fly-airplane a0 l0-0 l5-0)
31.790: (fly-airplane a1 l3-0 l1-0)
31.844: (fly-airplane a2 l4-0 l0-0)
31.829: (fly-airplane a1 l1-0 l2-0)
31.839: (fly-airplane a1 l2-0 l5-0)
31.829: (fly-airplane a0 l5-0 l2-0)
31.840: (fly-airplane a1 l5-0 l4-0)
31.850: (fly-airplane a0 l2-0 l4-0)
31.840: (fly-airplane a1 l4-0 l2-0)
31.853: (fly-airplane a1 l2-0 l3-0)
31.841: (fly-airplane a0 l4-0 l5-0)
31.844: (fly-airplane a1 l3-0 l0-0)
31.829: (fly-airplane a2 l0-0 l2-0)
31.839: (fly-airplane a2 l2-0 l5-0)
31.829: (fly-airplane a0 l5-0 l2-0)
31.840: (fly-airplane a2 l5-0 l4-0)
31.850: (fly-airplane a0 l2-0 l4-0)
31.840: (fly-airplane a2 l4-0 l2-0)
31.853: (fly-airplane a2 l2-0 l3-0)
31.787: (fly-airplane a1 l0-0 l5-0)
31.790: (fly-airplane a2 l3-0 l1-0)
31.844: (fly-airplane a0 l4-0 l0-0)
31.841: (fly-airplane a2 l1-0 l3-0)
31.844: (fly-airplane a2 l3-0 l0-0)
31.841: (fly-airplane a0 l0-0 l3-0)
31.787: (fly-airplane a2 l0-0 l4-0)
31.790: (fly-airplane a0 l3-0 l1-0)
31.844: (fly-airplane a2 l4-0 l0-0)
31.856: (fly-airplane a1 l5-0 l4-0)
31.790: (fly-airplane a2 l0-0 l5-0)
31.787: (fly-airplane a0 l1-0 l3-0)
31.841: (fly-airplane a1 l4-0 l0-0)
31.844: (fly-airplane a0 l3-0 l0-0)
31.841: (fly-airplane a1 l0-0 l3-0)
31.864: (fly-airplane a0 l0-0 l2-0)
31.861: (fly-airplane a1 l3-0 l5-0)
31.864: (fly-airplane a2 l5-0 l3-0)
31.867: (fly-airplane a2 l3-0 l1-0)
31.868: (fly-airplane a2 l1-0 l2-0)
31.861: (fly-airplane a0 l2-0 l5-0)
31.864: (fly-airplane a1 l5-0 l3-0)
31.867: (fly-airplane a1 l3-0 l1-0)
31.868: (fly-airplane a1 l1-0 l2-0)
31.861: (fly-airplane a2 l2-0 l5-0)
31.864: (fly-airplane a2 l5-0 l3-0)
31.787: (fly-airplane a1 l2-0 l4-0)
31.790: (fly-airplane a2 l3-0 l1-0)
31.844: (fly-airplane a1 l4-0 l0-0)
31.841: (fly-airplane a2 l1-0 l3-0)
31.874: (fly-airplane a1 l0-0 l5-0)
31.871: (fly-airplane a2 l3-0 l5-0)
31.874: (fly-airplane a1 l5-0 l3-0)
31.877: (fly-airplane a1 l3-0 l1-0)
31.867: (fly-airplane a0 l5-0 l2-0)
31.868: (fly-airplane a1 l1-0 l2-0)
31.864: (fly-airplane a0 l2-0 l3-0)
31.867: (fly-airplane a0 l3-0 l1-0)
31.844: (fly-airplane a1 l2-0 l0-0)
31.856: (fly-airplane a2 l5-0 l4-0)
31.853: (fly-airplane a0 l1-0 l3-0)
31.856: (fly-airplane a0 l3-0 l0-0)
31.856: (fly-airplane a1 l0-0 l1-0)
31.878: (fly-airplane a0 l0-0 l2-0)
31.873: (fly-airplane a1 l1-0 l4-0)
31.875: (fly-airplane a2 l4-0 l3-0)
31.853: (fly-airplane a0 l2-0 l0-0)
31.856: (fly-airplane a2 l3-0 l1-0)
31.856: (fly-airplane a2 l1-0 l0-0)
31.853: (fly-airplane a0 l0-0 l3-0)
31.875: (fly-airplane a2 l0-0 l2-0)
31.864: (fly-airplane a1 l4-0 l5-0)
31.867: (fly-airplane a0 l3-0 l1-0)
31.877: (fly-airplane a2 l2-0 l5-0)
31.874: (fly-airplane a0 l1-0 l3-0)
31.879: (fly-airplane a2 l5-0 l1-0)
31.877: (fly-airplane a0 l3-0 l5-0)
31.867: (fly-airplane a1 l5-0 l2-0)
31.878: (fly-airplane a0 l5-0 l4-0)
31.856: (fly-airplane a1 l2-0 l0-0)
31.856: (fly-airplane a2 l1-0 l0-0)
31.856: (fly-airplane a1 l0-0 l1-0)
31.878: (fly-airplane a2 l0-0 l2-0)
31.873: (fly-airplane a1 l1-0 l4-0)
31.875: (fly-airplane a1 l4-0 l3-0)
31.879: (fly-airplane a1 l3-0 l2-0)
31.873: (fly-airplane a2 l2-0 l4-0)
31.875: (fly-airplane a0 l4-0 l3-0)
31.878: (fly-airplane a0 l3-0 l1-0)
31.879: (fly-airplane a0 l1-0 l2-0)
31.875: (fly-airplane a1 l2-0 l3-0)
31.885: (fly-airplane a0 l2-0 l4-0)
31.883: (fly-airplane a1 l3-0 l4-0)
31.885: (fly-airplane a2 l4-0 l3-0)
31.875: (fly-airplane a1 l4-0 l2-0)
31.891: (fly-airplane a1 l2-0 l1-0)
31.879: (fly-airplane a0 l4-0 l5-0)
31.880: (fly-airplane a1 l1-0 l3-0)
31.879: (fly-airplane a2 l3-0 l1-0)
31.883: (fly-airplane a1 l3-0 l1-0)
31.895: (fly-airplane a0 l5-0 l4-0)
31.889: (fly-airplane a2 l1-0 l4-0)
31.891: (fly-airplane a0 l4-0 l3-0)
31.879: (fly-airplane a2 l4-0 l5-0)
31.880: (fly-airplane a1 l1-0 l3-0)
31.880: (fly-airplane a0 l3-0 l1-0)
31.883: (fly-airplane a1 l3-0 l1-0)
31.895: (fly-airplane a2 l5-0 l4-0)
31.889: (fly-airplane a1 l1-0 l4-0)
31.878: (fly-airplane a2 l4-0 l2-0)
31.879: (fly-airplane a0 l1-0 l2-0)
31.878: (fly-airplane a2 l2-0 l1-0)
31.889: (fly-airplane a0 l2-0 l4-0)
31.891: (fly-airplane a1 l4-0 l3-0)
31.892: (fly-airplane a2 l1-0 l3-0)
31.946: (fly-airplane a0 l4-0 l0-0)
31.930: (fly-airplane a2 l3-0 l2-0)
31.933: (fly-airplane a1 l3-0 l1-0)
31.933: (fly-airplane a1 l1-0 l0-0)
31.930: (fly-airplane a0 l0-0 l3-0)
31.933: (fly-airplane a0 l3-0 l1-0)
31.934: (fly-airplane a0 l1-0 l2-0)
31.930: (fly-airplane a2 l2-0 l3-0)
31.932: (fly-airplane a2 l3-0 l1-0)
31.933: (fly-airplane a2 l1-0 l0-0)
31.930: (fly-airplane a1 l0-0 l3-0)
31.933: (fly-airplane a1 l3-0 l1-0)
31.934: (fly-airplane a1 l1-0 l2-0)
31.930: (fly-airplane a0 l2-0 l3-0)
31.933: (fly-airplane a0 l3-0 l1-0)
31.933: (fly-airplane a0 l1-0 l0-0)
31.930: (fly-airplane a2 l0-0 l3-0)
31.932: (fly-airplane a2 l3-0 l1-0)
31.934: (fly-airplane a2 l1-0 l2-0)
31.969: (fly-airplane a0 l0-0 l3-0)
31.968: (fly-airplane a1 l2-0 l1-0)
31.945: (fly-airplane a2 l2-0 l0-0)
31.945: (fly-airplane a1 l1-0 l0-0)
31.945: (fly-airplane a2 l0-0 l1-0)
31.891: (fly-airplane a1 l0-0 l4-0)
31.885: (fly-airplane a2 l1-0 l4-0)
31.892: (fly-airplane a1 l4-0 l3-0)
31.891: (fly-airplane a0 l3-0 l1-0)
31.945: (fly-airplane a2 l4-0 l0-0)
31.945: (fly-airplane a0 l1-0 l0-0)
31.945: (fly-airplane a2 l0-0 l1-0)
31.948: (fly-airplane a1 l3-0 l0-0)
31.945: (fly-airplane a2 l1-0 l3-0)
31.945: (fly-airplane a0 l0-0 l1-0)
31.879: (fly-airplane a1 l0-0 l5-0)
31.880: (fly-airplane a0 l1-0 l3-0)
31.892: (fly-airplane a1 l5-0 l4-0)
31.891: (fly-airplane a0 l3-0 l1-0)
31.895: (fly-airplane a2 l3-0 l1-0)
31.883: (fly-airplane a1 l4-0 l5-0)
31.949: (fly-airplane a1 l5-0 l0-0)
31.948: (fly-airplane a2 l1-0 l0-0)
31.948: (fly-airplane a0 l1-0 l0-0)
31.948: (fly-airplane a1 l0-0 l1-0)
31.945: (fly-airplane a2 l0-0 l3-0)
31.949: (fly-airplane a2 l3-0 l1-0)
31.972: (fly-airplane a0 l0-0 l2-0)
31.968: (fly-airplane a1 l1-0 l3-0)
31.969: (fly-airplane a2 l1-0 l3-0)
31.968: (fly-airplane a1 l3-0 l1-0)
31.969: (fly-airplane a1 l1-0 l2-0)
31.968: (fly-airplane a0 l2-0 l1-0)
31.969: (fly-airplane a0 l1-0 l3-0)
31.946: (fly-airplane a1 l2-0 l0-0)
31.984: (fly-airplane a1 l0-0 l1-0)
31.984: (fly-airplane a2 l3-0 l1-0)
31.968: (fly-airplane a1 l1-0 l2-0)
31.972: (fly-airplane a0 l3-0 l1-0)
31.972: (fly-airplane a2 l1-0 l2-0)
31.968: (fly-airplane a1 l2-0 l3-0)
31.969: (fly-airplane a0 l1-0 l3-0)
31.946: (fly-airplane a2 l2-0 l0-0)
31.984: (fly-airplane a2 l0-0 l1-0)
31.984: (fly-airplane a0 l3-0 l1-0)
31.984: (fly-airplane a2 l1-0 l3-0)
31.984: (fly-airplane a1 l3-0 l1-0)
31.949: (fly-airplane a2 l3-0 l0-0)
31.972: (fly-airplane a2 l0-0 l2-0)
31.972: (fly-airplane a0 l1-0 l2-0)
31.969: (fly-airplane a1 l1-0 l3-0)
31.973: (fly-airplane a1 l3-0 l2-0)
31.972: (fly-airplane a2 l2-0 l1-0)
32.097: (drive-truck t3 l3-1 l3-3 c3)
31.092: (load-truck p0 t3 l3-3)
30.173: (drive-truck t3 l3-3 l3-1 c3)
30.068: (fly-airplane a1 l2-0 l5-0)
29.974: (fly-airplane a2 l1-0 l4-0)
29.950: (fly-airplane a0 l2-0 l0-0)
29.984: (fly-airplane a0 l0-0 l5-0)
29.950: (fly-airplane a1 l5-0 l0-0)
29.974: (fly-airplane a1 l0-0 l2-0)
29.984: (fly-airplane a1 l2-0 l4-0)
29.950: (fly-airplane a2 l4-0 l0-0)
29.974: (fly-airplane a2 l0-0 l2-0)
29.984: (fly-airplane a2 l2-0 l5-0)
29.950: (fly-airplane a0 l5-0 l0-0)
29.974: (fly-airplane a0 l0-0 l2-0)
29.985: (fly-airplane a0 l2-0 l4-0)
29.950: (fly-airplane a1 l4-0 l0-0)
29.974: (fly-airplane a1 l0-0 l2-0)
29.984: (fly-airplane a1 l2-0 l5-0)
29.950: (fly-airplane a2 l5-0 l0-0)
29.974: (fly-airplane a2 l0-0 l2-0)
29.985: (fly-airplane a2 l2-0 l4-0)
29.989: (fly-airplane a0 l4-0 l3-0)
29.991: (fly-airplane a0 l3-0 l1-0)
30.045: (fly-airplane a2 l4-0 l0-0)
30.028: (fly-airplane a0 l1-0 l2-0)
30.038: (fly-airplane a0 l2-0 l5-0)
30.028: (fly-airplane a1 l5-0 l2-0)
30.039: (fly-airplane a0 l5-0 l4-0)
30.049: (fly-airplane a1 l2-0 l4-0)
30.039: (fly-airplane a0 l4-0 l2-0)
30.054: (fly-airplane a0 l2-0 l3-0)
29.989: (fly-airplane a2 l0-0 l5-0)
29.991: (fly-airplane a0 l3-0 l1-0)
30.045: (fly-airplane a1 l4-0 l0-0)
30.028: (fly-airplane a0 l1-0 l2-0)
30.038: (fly-airplane a0 l2-0 l5-0)
30.028: (fly-airplane a2 l5-0 l2-0)
30.039: (fly-airplane a0 l5-0 l4-0)
30.049: (fly-airplane a2 l2-0 l4-0)
30.039: (fly-airplane a0 l4-0 l2-0)
30.054: (fly-airplane a0 l2-0 l3-0)
30.043: (fly-airplane a2 l4-0 l5-0)
30.043: (fly-airplane a0 l3-0 l0-0)
30.028: (fly-airplane a1 l0-0 l2-0)
30.038: (fly-airplane a1 l2-0 l5-0)
30.028: (fly-airplane a2 l5-0 l2-0)
30.039: (fly-airplane a1 l5-0 l4-0)
30.049: (fly-airplane a2 l2-0 l4-0)
30.039: (fly-airplane a1 l4-0 l2-0)
30.054: (fly-airplane a1 l2-0 l3-0)
29.989: (fly-airplane a0 l0-0 l5-0)
29.991: (fly-airplane a1 l3-0 l1-0)
30.045: (fly-airplane a2 l4-0 l0-0)
30.043: (fly-airplane a1 l1-0 l3-0)
30.043: (fly-airplane a1 l3-0 l0-0)
30.043: (fly-airplane a2 l0-0 l3-0)
29.989: (fly-airplane a1 l0-0 l4-0)
29.991: (fly-airplane a2 l3-0 l1-0)
30.045: (fly-airplane a1 l4-0 l0-0)
30.055: (fly-airplane a0 l5-0 l4-0)
29.991: (fly-airplane a1 l0-0 l5-0)
29.989: (fly-airplane a2 l1-0 l3-0)
30.043: (fly-airplane a0 l4-0 l0-0)
30.044: (fly-airplane a2 l3-0 l0-0)
30.043: (fly-airplane a0 l0-0 l3-0)
30.067: (fly-airplane a2 l0-0 l2-0)
30.062: (fly-airplane a0 l3-0 l5-0)
30.067: (fly-airplane a1 l5-0 l3-0)
30.068: (fly-airplane a1 l3-0 l2-0)
30.062: (fly-airplane a2 l2-0 l5-0)
30.066: (fly-airplane a2 l5-0 l3-0)
30.068: (fly-airplane a2 l3-0 l1-0)
30.079: (fly-airplane a1 l2-0 l5-0)
30.045: (fly-airplane a0 l5-0 l0-0)
30.055: (fly-airplane a1 l5-0 l4-0)
30.054: (fly-airplane a2 l1-0 l3-0)
30.054: (fly-airplane a2 l3-0 l0-0)
30.056: (fly-airplane a0 l0-0 l1-0)
30.079: (fly-airplane a2 l0-0 l2-0)
30.069: (fly-airplane a1 l4-0 l5-0)
30.068: (fly-airplane a0 l1-0 l2-0)
30.062: (fly-airplane a2 l2-0 l5-0)
30.066: (fly-airplane a2 l5-0 l3-0)
30.077: (fly-airplane a0 l2-0 l5-0)
30.072: (fly-airplane a2 l3-0 l5-0)
30.077: (fly-airplane a1 l5-0 l3-0)
29.989: (fly-airplane a0 l5-0 l4-0)
29.991: (fly-airplane a1 l3-0 l1-0)
30.045: (fly-airplane a0 l4-0 l0-0)
30.043: (fly-airplane a1 l1-0 l3-0)
30.067: (fly-airplane a0 l0-0 l2-0)
30.068: (fly-airplane a1 l3-0 l2-0)
30.067: (fly-airplane a0 l2-0 l3-0)
30.069: (fly-airplane a0 l3-0 l1-0)
30.079: (fly-airplane a1 l2-0 l5-0)
30.077: (fly-airplane a0 l1-0 l3-0)
30.083: (fly-airplane a2 l5-0 l3-0)
30.083: (fly-airplane a2 l3-0 l1-0)
30.085: (fly-airplane a0 l3-0 l1-0)
30.083: (fly-airplane a2 l1-0 l3-0)
30.094: (fly-airplane a1 l5-0 l4-0)
30.077: (fly-airplane a0 l1-0 l2-0)
30.073: (fly-airplane a2 l3-0 l4-0)
30.077: (fly-airplane a1 l4-0 l3-0)
30.079: (fly-airplane a1 l3-0 l2-0)
30.073: (fly-airplane a0 l2-0 l4-0)
30.077: (fly-airplane a0 l4-0 l3-0)
30.079: (fly-airplane a0 l3-0 l1-0)
30.056: (fly-airplane a1 l2-0 l0-0)
30.054: (fly-airplane a0 l1-0 l0-0)
30.056: (fly-airplane a1 l0-0 l1-0)
30.079: (fly-airplane a0 l0-0 l2-0)
30.069: (fly-airplane a2 l4-0 l5-0)
30.079: (fly-airplane a0 l2-0 l5-0)
30.068: (fly-airplane a2 l5-0 l2-0)
30.079: (fly-airplane a0 l5-0 l4-0)
30.056: (fly-airplane a2 l2-0 l0-0)
30.054: (fly-airplane a1 l1-0 l3-0)
30.054: (fly-airplane a1 l3-0 l0-0)
30.054: (fly-airplane a2 l0-0 l3-0)
30.077: (fly-airplane a1 l0-0 l2-0)
30.079: (fly-airplane a2 l3-0 l2-0)
30.073: (fly-airplane a1 l2-0 l4-0)
30.077: (fly-airplane a0 l4-0 l3-0)
30.079: (fly-airplane a0 l3-0 l2-0)
30.079: (fly-airplane a2 l2-0 l1-0)
30.089: (fly-airplane a0 l2-0 l4-0)
30.079: (fly-airplane a1 l4-0 l2-0)
30.094: (fly-airplane a1 l2-0 l3-0)
30.077: (fly-airplane a2 l1-0 l2-0)
30.088: (fly-airplane a2 l2-0 l4-0)
30.083: (fly-airplane a1 l3-0 l4-0)
30.087: (fly-airplane a0 l4-0 l3-0)
30.090: (fly-airplane a0 l3-0 l1-0)
30.094: (fly-airplane a1 l4-0 l3-0)
30.083: (fly-airplane a2 l4-0 l5-0)
30.083: (fly-airplane a0 l1-0 l3-0)
30.083: (fly-airplane a1 l3-0 l1-0)
30.085: (fly-airplane a0 l3-0 l1-0)
30.096: (fly-airplane a2 l5-0 l4-0)
30.090: (fly-airplane a0 l1-0 l4-0)
30.094: (fly-airplane a0 l4-0 l3-0)
30.094: (fly-airplane a1 l1-0 l3-0)
30.148: (fly-airplane a2 l4-0 l0-0)
30.132: (fly-airplane a0 l3-0 l2-0)
30.132: (fly-airplane a1 l3-0 l0-0)
30.132: (fly-airplane a2 l0-0 l3-0)
30.133: (fly-airplane a2 l3-0 l2-0)
30.132: (fly-airplane a0 l2-0 l3-0)
30.132: (fly-airplane a0 l3-0 l0-0)
30.132: (fly-airplane a1 l0-0 l3-0)
30.133: (fly-airplane a1 l3-0 l2-0)
30.132: (fly-airplane a2 l2-0 l3-0)
30.132: (fly-airplane a2 l3-0 l0-0)
30.132: (fly-airplane a0 l0-0 l3-0)
30.133: (fly-airplane a0 l3-0 l2-0)
30.133: (fly-airplane a1 l2-0 l1-0)
30.148: (fly-airplane a0 l2-0 l3-0)
30.147: (fly-airplane a1 l1-0 l0-0)
30.148: (fly-airplane a0 l3-0 l0-0)
30.147: (fly-airplane a2 l0-0 l3-0)
30.148: (fly-airplane a0 l0-0 l3-0)
30.094: (fly-airplane a1 l0-0 l4-0)
30.088: (fly-airplane a0 l3-0 l4-0)
30.094: (fly-airplane a1 l4-0 l3-0)
30.083: (fly-airplane a0 l4-0 l5-0)
30.083: (fly-airplane a2 l3-0 l1-0)
30.085: (fly-airplane a1 l3-0 l1-0)
30.083: (fly-airplane a2 l1-0 l3-0)
30.094: (fly-airplane a0 l5-0 l4-0)
30.096: (fly-airplane a2 l3-0 l1-0)
30.149: (fly-airplane a0 l4-0 l0-0)
30.133: (fly-airplane a2 l1-0 l2-0)
30.148: (fly-airplane a2 l2-0 l3-0)
30.148: (fly-airplane a1 l1-0 l3-0)
30.147: (fly-airplane a2 l3-0 l0-0)
30.148: (fly-airplane a0 l0-0 l1-0)
30.133: (fly-airplane a1 l3-0 l2-0)
30.149: (fly-airplane a1 l2-0 l0-0)
30.133: (fly-airplane a2 l0-0 l2-0)
30.148: (fly-airplane a2 l2-0 l3-0)
30.149: (fly-airplane a2 l3-0 l1-0)
30.096: (fly-airplane a1 l0-0 l4-0)
30.094: (fly-airplane a0 l1-0 l3-0)
30.148: (fly-airplane a1 l4-0 l0-0)
30.133: (fly-airplane a0 l3-0 l2-0)
30.149: (fly-airplane a0 l2-0 l0-0)
30.133: (fly-airplane a1 l0-0 l2-0)
30.148: (fly-airplane a1 l2-0 l3-0)
30.171: (fly-airplane a0 l0-0 l2-0)
30.172: (fly-airplane a2 l1-0 l3-0)
30.171: (fly-airplane a2 l3-0 l2-0)
30.171: (fly-airplane a0 l2-0 l3-0)
30.171: (fly-airplane a1 l3-0 l2-0)
30.171: (fly-airplane a1 l2-0 l1-0)
30.173: (fly-airplane a0 l3-0 l1-0)
30.150: (fly-airplane a2 l2-0 l0-0)
30.149: (fly-airplane a0 l1-0 l0-0)
30.279: (drive-truck t4 l4-2 l4-1 c4)
28.343: (load-truck p5 t4 l4-1)
28.239: (fly-airplane a0 l0-0 l5-0)
28.191: (drive-truck t4 l4-1 l4-2 c4)
28.165: (fly-airplane a1 l1-0 l4-0)
28.174: (fly-airplane a1 l4-0 l2-0)
28.185: (fly-airplane a1 l2-0 l5-0)
28.165: (fly-airplane a0 l5-0 l4-0)
28.175: (fly-airplane a0 l4-0 l2-0)
28.189: (fly-airplane a2 l0-0 l4-0)
28.165: (fly-airplane a0 l2-0 l0-0)
28.175: (fly-airplane a2 l4-0 l2-0)
28.185: (fly-airplane a2 l2-0 l5-0)
28.165: (fly-airplane a1 l5-0 l4-0)
28.175: (fly-airplane a1 l4-0 l2-0)
28.189: (fly-airplane a0 l0-0 l4-0)
28.165: (fly-airplane a1 l2-0 l0-0)
28.175: (fly-airplane a0 l4-0 l2-0)
28.185: (fly-airplane a0 l2-0 l5-0)
28.165: (fly-airplane a2 l5-0 l4-0)
28.175: (fly-airplane a2 l4-0 l2-0)
28.189: (fly-airplane a1 l0-0 l4-0)
28.199: (fly-airplane a2 l2-0 l5-0)
28.189: (fly-airplane a0 l5-0 l2-0)
28.204: (fly-airplane a0 l2-0 l3-0)
28.189: (fly-airplane a1 l4-0 l0-0)
28.190: (fly-airplane a0 l3-0 l0-0)
28.189: (fly-airplane a1 l0-0 l3-0)
28.191: (fly-airplane a1 l3-0 l1-0)
28.205: (fly-airplane a0 l0-0 l4-0)
28.199: (fly-airplane a1 l1-0 l5-0)
28.189: (fly-airplane a2 l5-0 l2-0)
28.204: (fly-airplane a2 l2-0 l3-0)
28.189: (fly-airplane a0 l4-0 l0-0)
28.190: (fly-airplane a2 l3-0 l0-0)
28.189: (fly-airplane a0 l0-0 l3-0)
28.191: (fly-airplane a0 l3-0 l1-0)
28.205: (fly-airplane a2 l0-0 l4-0)
28.199: (fly-airplane a0 l1-0 l5-0)
28.189: (fly-airplane a1 l5-0 l2-0)
28.204: (fly-airplane a1 l2-0 l3-0)
28.189: (fly-airplane a2 l4-0 l0-0)
28.190: (fly-airplane a1 l3-0 l0-0)
28.189: (fly-airplane a2 l0-0 l3-0)
28.191: (fly-airplane a2 l3-0 l1-0)
28.205: (fly-airplane a1 l0-0 l4-0)
28.204: (fly-airplane a2 l1-0 l3-0)
28.204: (fly-airplane a2 l3-0 l4-0)
28.205: (fly-airplane a1 l4-0 l1-0)
28.215: (fly-airplane a2 l4-0 l2-0)
28.209: (fly-airplane a1 l1-0 l5-0)
28.213: (fly-airplane a1 l5-0 l3-0)
28.215: (fly-airplane a1 l3-0 l2-0)
28.209: (fly-airplane a2 l2-0 l5-0)
28.213: (fly-airplane a2 l5-0 l3-0)
28.215: (fly-airplane a2 l3-0 l1-0)
28.225: (fly-airplane a1 l2-0 l5-0)
28.191: (fly-airplane a0 l5-0 l0-0)
28.205: (fly-airplane a0 l0-0 l4-0)
28.204: (fly-airplane a2 l1-0 l4-0)
28.204: (fly-airplane a0 l4-0 l3-0)
28.213: (fly-airplane a2 l4-0 l2-0)
28.215: (fly-airplane a0 l3-0 l1-0)
28.215: (fly-airplane a0 l1-0 l2-0)
28.209: (fly-airplane a2 l2-0 l5-0)
28.213: (fly-airplane a2 l5-0 l3-0)
28.215: (fly-airplane a2 l3-0 l1-0)
28.229: (fly-airplane a0 l2-0 l3-0)
28.223: (fly-airplane a2 l1-0 l5-0)
28.213: (fly-airplane a1 l5-0 l2-0)
28.215: (fly-airplane a0 l3-0 l1-0)
28.191: (fly-airplane a1 l2-0 l0-0)
28.205: (fly-airplane a1 l0-0 l4-0)
28.204: (fly-airplane a0 l1-0 l4-0)
28.204: (fly-airplane a1 l4-0 l3-0)
28.213: (fly-airplane a0 l4-0 l2-0)
28.215: (fly-airplane a1 l3-0 l1-0)
28.215: (fly-airplane a1 l1-0 l2-0)
28.247: (drive-truck t3 l3-1 l3-3 c3)
28.204: (fly-airplane a0 l2-0 l0-0)
28.195: (fly-airplane a1 l2-0 l4-0)
28.215: (fly-airplane a1 l4-0 l5-0)
28.195: (fly-airplane a2 l5-0 l4-0)
28.204: (fly-airplane a2 l4-0 l2-0)
28.219: (fly-airplane a2 l2-0 l3-0)
28.220: (fly-airplane a2 l3-0 l0-0)
28.195: (fly-airplane a0 l0-0 l4-0)
28.204: (fly-airplane a0 l4-0 l2-0)
28.215: (fly-airplane a0 l2-0 l5-0)
28.195: (fly-airplane a1 l5-0 l4-0)
28.205: (fly-airplane a1 l4-0 l2-0)
28.219: (fly-airplane a1 l2-0 l3-0)
28.220: (fly-airplane a1 l3-0 l0-0)
28.195: (fly-airplane a2 l0-0 l4-0)
28.204: (fly-airplane a2 l4-0 l2-0)
28.215: (fly-airplane a2 l2-0 l5-0)
28.195: (fly-airplane a0 l5-0 l4-0)
28.204: (fly-airplane a0 l4-0 l2-0)
28.219: (fly-airplane a0 l2-0 l3-0)
28.220: (fly-airplane a0 l3-0 l0-0)
28.219: (fly-airplane a1 l0-0 l3-0)
28.222: (fly-airplane a1 l3-0 l1-0)
28.238: (fly-airplane a0 l0-0 l4-0)
28.221: (fly-airplane a1 l1-0 l2-0)
28.231: (fly-airplane a1 l2-0 l5-0)
28.221: (fly-airplane a2 l5-0 l2-0)
28.235: (fly-airplane a2 l2-0 l3-0)
28.236: (fly-airplane a2 l3-0 l4-0)
28.221: (fly-airplane a0 l4-0 l2-0)
28.231: (fly-airplane a0 l2-0 l5-0)
28.221: (fly-airplane a1 l5-0 l2-0)
28.235: (fly-airplane a1 l2-0 l3-0)
28.236: (fly-airplane a1 l3-0 l4-0)
28.221: (fly-airplane a2 l4-0 l2-0)
28.231: (fly-airplane a2 l2-0 l5-0)
28.221: (fly-airplane a0 l5-0 l2-0)
28.235: (fly-airplane a0 l2-0 l3-0)
28.236: (fly-airplane a0 l3-0 l4-0)
28.235: (fly-airplane a1 l4-0 l3-0)
28.245: (fly-airplane a0 l4-0 l2-0)
28.240: (fly-airplane a1 l3-0 l5-0)
28.244: (fly-airplane a2 l5-0 l3-0)
28.247: (fly-airplane a2 l3-0 l2-0)
28.240: (fly-airplane a0 l2-0 l5-0)
28.244: (fly-airplane a1 l5-0 l3-0)
28.247: (fly-airplane a1 l3-0 l2-0)
28.241: (fly-airplane a2 l2-0 l5-0)
28.244: (fly-airplane a2 l5-0 l3-0)
28.219: (fly-airplane a1 l2-0 l0-0)
28.222: (fly-airplane a2 l3-0 l1-0)
28.238: (fly-airplane a1 l0-0 l4-0)
28.235: (fly-airplane a2 l1-0 l3-0)
28.254: (fly-airplane a1 l4-0 l5-0)
28.223: (drive-truck t3 l3-3 l3-1 c3)
28.219: (fly-airplane a2 l3-0 l5-0)
28.223: (fly-airplane a1 l5-0 l3-0)
28.225: (fly-airplane a1 l3-0 l1-0)
28.229: (fly-airplane a2 l5-0 l3-0)
28.230: (fly-airplane a1 l1-0 l3-0)
28.230: (fly-airplane a2 l3-0 l1-0)
28.231: (fly-airplane a1 l3-0 l1-0)
28.264: (drive-truck t3 l3-1 l3-3 c3)
28.222: (fly-airplane a2 l1-0 l0-0)
28.238: (fly-airplane a2 l0-0 l4-0)
28.248: (fly-airplane a2 l4-0 l2-0)
28.258: (fly-airplane a2 l2-0 l5-0)
28.248: (fly-airplane a0 l5-0 l2-0)
28.262: (fly-airplane a0 l2-0 l3-0)
28.229: (drive-truck t3 l3-3 l3-1 c3)
28.230: (fly-airplane a1 l1-0 l3-0)
28.229: (fly-airplane a0 l3-0 l1-0)
28.225: (fly-airplane a1 l3-0 l5-0)
28.229: (fly-airplane a2 l5-0 l3-0)
28.230: (fly-airplane a0 l1-0 l3-0)
28.261: (drive-truck t3 l3-1 l3-3 c3)
28.219: (fly-airplane a2 l3-0 l0-0)
28.222: (fly-airplane a0 l3-0 l1-0)
28.238: (fly-airplane a2 l0-0 l4-0)
28.235: (fly-airplane a0 l1-0 l3-0)
28.244: (fly-airplane a2 l4-0 l2-0)
28.248: (fly-airplane a0 l3-0 l1-0)
28.258: (fly-airplane a2 l2-0 l5-0)
28.222: (fly-airplane a1 l5-0 l0-0)
28.238: (fly-airplane a1 l0-0 l4-0)
28.248: (fly-airplane a1 l4-0 l2-0)
28.244: (fly-airplane a0 l1-0 l3-0)
28.255: (fly-airplane a1 l2-0 l5-0)
28.251: (fly-airplane a0 l3-0 l5-0)
28.254: (fly-airplane a1 l5-0 l3-0)
28.261: (fly-airplane a0 l5-0 l3-0)
28.262: (fly-airplane a0 l3-0 l1-0)
28.264: (fly-airplane a1 l3-0 l1-0)
28.232: (drive-truck t3 l3-3 l3-1 c3)
28.280: (drive-truck t4 l4-2 l4-1 c4)
28.239: (fly-airplane a0 l1-0 l0-0)
28.215: (fly-airplane a1 l1-0 l4-0)
28.225: (fly-airplane a1 l4-0 l2-0)
28.235: (fly-airplane a1 l2-0 l5-0)
28.215: (fly-airplane a2 l5-0 l4-0)
28.224: (fly-airplane a2 l4-0 l2-0)
28.239: (fly-airplane a0 l0-0 l4-0)
28.215: (fly-airplane a2 l2-0 l0-0)
28.225: (fly-airplane a0 l4-0 l2-0)
28.235: (fly-airplane a0 l2-0 l5-0)
28.215: (fly-airplane a1 l5-0 l4-0)
28.225: (fly-airplane a1 l4-0 l2-0)
28.239: (fly-airplane a2 l0-0 l4-0)
28.215: (fly-airplane a1 l2-0 l0-0)
28.224: (fly-airplane a2 l4-0 l2-0)
28.235: (fly-airplane a2 l2-0 l5-0)
28.215: (fly-airplane a0 l5-0 l4-0)
28.225: (fly-airplane a0 l4-0 l2-0)
28.239: (fly-airplane a1 l0-0 l4-0)
28.249: (fly-airplane a0 l2-0 l5-0)
28.239: (fly-airplane a2 l5-0 l2-0)
28.253: (fly-airplane a2 l2-0 l3-0)
28.239: (fly-airplane a1 l4-0 l0-0)
28.239: (fly-airplane a2 l3-0 l1-0)
28.240: (fly-airplane a2 l1-0 l0-0)
28.239: (fly-airplane a1 l0-0 l3-0)
28.253: (fly-airplane a2 l0-0 l4-0)
28.249: (fly-airplane a1 l3-0 l5-0)
28.239: (fly-airplane a0 l5-0 l2-0)
28.254: (fly-airplane a0 l2-0 l3-0)
28.239: (fly-airplane a2 l4-0 l0-0)
28.239: (fly-airplane a0 l3-0 l1-0)
28.240: (fly-airplane a0 l1-0 l0-0)
28.239: (fly-airplane a2 l0-0 l3-0)
28.239: (fly-airplane a2 l3-0 l1-0)
28.254: (fly-airplane a0 l0-0 l4-0)
28.249: (fly-airplane a2 l1-0 l5-0)
28.239: (fly-airplane a1 l5-0 l2-0)
28.253: (fly-airplane a1 l2-0 l3-0)
28.239: (fly-airplane a0 l4-0 l0-0)
28.240: (fly-airplane a1 l3-0 l0-0)
28.239: (fly-airplane a0 l0-0 l1-0)
28.239: (fly-airplane a0 l1-0 l3-0)
28.253: (fly-airplane a1 l0-0 l4-0)
28.254: (fly-airplane a0 l3-0 l1-0)
28.254: (fly-airplane a0 l1-0 l4-0)
28.254: (fly-airplane a1 l4-0 l1-0)
28.264: (fly-airplane a0 l4-0 l2-0)
28.259: (fly-airplane a1 l1-0 l5-0)
28.263: (fly-airplane a1 l5-0 l3-0)
28.265: (fly-airplane a1 l3-0 l2-0)
28.259: (fly-airplane a0 l2-0 l5-0)
28.263: (fly-airplane a2 l5-0 l3-0)
28.264: (fly-airplane a2 l3-0 l1-0)
28.254: (fly-airplane a1 l2-0 l4-0)
28.254: (fly-airplane a2 l1-0 l4-0)
28.254: (fly-airplane a1 l4-0 l1-0)
28.264: (fly-airplane a2 l4-0 l2-0)
28.259: (fly-airplane a1 l1-0 l5-0)
28.263: (fly-airplane a1 l5-0 l3-0)
28.265: (fly-airplane a1 l3-0 l2-0)
28.297: (drive-truck t3 l3-1 l3-3 c3)
28.254: (fly-airplane a2 l2-0 l0-0)
28.245: (fly-airplane a1 l2-0 l4-0)
28.264: (fly-airplane a1 l4-0 l5-0)
28.245: (fly-airplane a0 l5-0 l4-0)
28.254: (fly-airplane a0 l4-0 l2-0)
28.268: (fly-airplane a0 l2-0 l3-0)
28.270: (fly-airplane a0 l3-0 l0-0)
28.245: (fly-airplane a2 l0-0 l4-0)
28.254: (fly-airplane a2 l4-0 l2-0)
28.264: (fly-airplane a2 l2-0 l5-0)
28.245: (fly-airplane a1 l5-0 l4-0)
28.254: (fly-airplane a1 l4-0 l2-0)
28.268: (fly-airplane a1 l2-0 l3-0)
28.270: (fly-airplane a1 l3-0 l0-0)
28.245: (fly-airplane a0 l0-0 l4-0)
28.254: (fly-airplane a0 l4-0 l2-0)
28.264: (fly-airplane a0 l2-0 l5-0)
28.245: (fly-airplane a2 l5-0 l4-0)
28.254: (fly-airplane a2 l4-0 l2-0)
28.268: (fly-airplane a2 l2-0 l3-0)
28.270: (fly-airplane a2 l3-0 l0-0)
28.268: (fly-airplane a1 l0-0 l3-0)
28.270: (fly-airplane a1 l3-0 l1-0)
28.286: (fly-airplane a2 l0-0 l4-0)
28.270: (fly-airplane a1 l1-0 l2-0)
28.280: (fly-airplane a1 l2-0 l5-0)
28.270: (fly-airplane a0 l5-0 l2-0)
28.284: (fly-airplane a0 l2-0 l3-0)
28.285: (fly-airplane a0 l3-0 l4-0)
28.254: (drive-truck t3 l3-3 l3-1 c3)
28.254: (fly-airplane a2 l4-0 l3-0)
28.263: (fly-airplane a0 l4-0 l2-0)
28.264: (fly-airplane a2 l3-0 l1-0)
28.265: (fly-airplane a2 l1-0 l2-0)
28.263: (fly-airplane a0 l2-0 l3-0)
28.264: (fly-airplane a0 l3-0 l1-0)
28.254: (fly-airplane a2 l2-0 l4-0)
28.274: (fly-airplane a2 l4-0 l5-0)
28.264: (fly-airplane a1 l5-0 l2-0)
28.263: (fly-airplane a0 l1-0 l3-0)
28.273: (fly-airplane a1 l2-0 l5-0)
28.269: (fly-airplane a0 l3-0 l5-0)
28.273: (fly-airplane a1 l5-0 l3-0)
28.274: (fly-airplane a1 l3-0 l1-0)
28.278: (fly-airplane a0 l5-0 l3-0)
28.280: (fly-airplane a1 l1-0 l3-0)
28.278: (fly-airplane a0 l3-0 l1-0)
28.310: (drive-truck t3 l3-1 l3-3 c3)
28.270: (fly-airplane a1 l3-0 l0-0)
28.268: (fly-airplane a0 l1-0 l3-0)
28.284: (fly-airplane a1 l0-0 l4-0)
28.270: (fly-airplane a0 l3-0 l2-0)
28.280: (fly-airplane a0 l2-0 l5-0)
28.270: (fly-airplane a2 l5-0 l2-0)
28.284: (fly-airplane a2 l2-0 l3-0)
28.286: (fly-airplane a2 l3-0 l4-0)
28.284: (fly-airplane a1 l4-0 l3-0)
28.294: (fly-airplane a2 l4-0 l2-0)
28.290: (fly-airplane a1 l3-0 l5-0)
28.270: (fly-airplane a0 l5-0 l4-0)
28.280: (fly-airplane a2 l2-0 l5-0)
28.270: (fly-airplane a1 l5-0 l2-0)
28.284: (fly-airplane a1 l2-0 l3-0)
28.285: (fly-airplane a1 l3-0 l4-0)
28.286: (fly-airplane a0 l4-0 l1-0)
28.296: (fly-airplane a1 l4-0 l2-0)
28.290: (fly-airplane a0 l1-0 l5-0)
28.294: (fly-airplane a2 l5-0 l3-0)
28.296: (fly-airplane a2 l3-0 l1-0)
28.248: (drive-truck t4 l4-1 l4-2 c4)
28.258: (fly-airplane a1 l2-0 l5-0)
28.222: (fly-airplane a0 l5-0 l0-0)
28.238: (fly-airplane a0 l0-0 l4-0)
28.248: (fly-airplane a0 l4-0 l2-0)
28.262: (fly-airplane a0 l2-0 l3-0)
28.264: (fly-airplane a0 l3-0 l1-0)
28.232: (drive-truck t3 l3-3 l3-1 c3)
28.280: (drive-truck t4 l4-2 l4-1 c4)
28.274: (fly-airplane a0 l1-0 l5-0)
28.273: (fly-airplane a2 l1-0 l3-0)
28.278: (fly-airplane a0 l5-0 l1-0)
28.280: (fly-airplane a0 l1-0 l3-0)
28.278: (fly-airplane a2 l3-0 l1-0)
28.310: (drive-truck t3 l3-1 l3-3 c3)
28.270: (fly-airplane a0 l3-0 l0-0)
28.268: (fly-airplane a2 l1-0 l3-0)
28.284: (fly-airplane a0 l0-0 l4-0)
28.286: (fly-airplane a2 l3-0 l1-0)
28.296: (fly-airplane a0 l4-0 l2-0)
28.290: (fly-airplane a2 l1-0 l5-0)
28.294: (fly-airplane a1 l5-0 l3-0)
28.296: (fly-airplane a1 l3-0 l1-0)
28.270: (fly-airplane a0 l2-0 l0-0)
28.286: (fly-airplane a0 l0-0 l4-0)
28.306: (fly-airplane a0 l4-0 l5-0)
28.296: (fly-airplane a2 l5-0 l2-0)
28.310: (fly-airplane a2 l2-0 l3-0)
28.262: (drive-truck t4 l4-1 l4-2 c4)
28.261: (fly-airplane a1 l1-0 l3-0)
28.262: (fly-airplane a2 l3-0 l1-0)
28.310: (drive-truck t4 l4-2 l4-1 c4)
28.270: (fly-airplane a1 l3-0 l0-0)
28.286: (fly-airplane a1 l0-0 l4-0)
28.306: (fly-airplane a1 l4-0 l5-0)
28.300: (fly-airplane a2 l1-0 l5-0)
28.304: (fly-airplane a0 l5-0 l3-0)
28.294: (fly-airplane a1 l5-0 l2-0)
28.297: (fly-airplane a0 l3-0 l2-0)
28.359: (fly-airplane a2 l5-0 l0-0)
28.309: (drive-truck t4 l4-1 l4-2 c4)
28.279: (drive-truck t3 l3-3 l3-1 c3)
28.253: (fly-airplane a0 l2-0 l4-0)
28.268: (fly-airplane a1 l2-0 l3-0)
28.268: (fly-airplane a1 l3-0 l4-0)
28.253: (fly-airplane a0 l4-0 l2-0)
28.268: (fly-airplane a0 l2-0 l3-0)
28.269: (fly-airplane a0 l3-0 l0-0)
28.253: (fly-airplane a2 l0-0 l2-0)
28.268: (fly-airplane a2 l2-0 l3-0)
28.268: (fly-airplane a2 l3-0 l4-0)
28.253: (fly-airplane a1 l4-0 l2-0)
28.268: (fly-airplane a1 l2-0 l3-0)
28.269: (fly-airplane a1 l3-0 l0-0)
28.253: (fly-airplane a0 l0-0 l2-0)
28.268: (fly-airplane a0 l2-0 l3-0)
28.268: (fly-airplane a0 l3-0 l4-0)
28.253: (fly-airplane a2 l4-0 l2-0)
28.268: (fly-airplane a2 l2-0 l3-0)
28.269: (fly-airplane a2 l3-0 l0-0)
28.269: (fly-airplane a1 l0-0 l1-0)
28.279: (fly-airplane a0 l4-0 l2-0)
28.278: (fly-airplane a1 l1-0 l3-0)
28.279: (fly-airplane a1 l3-0 l0-0)
28.278: (fly-airplane a2 l0-0 l3-0)
28.279: (fly-airplane a2 l3-0 l1-0)
28.269: (fly-airplane a0 l2-0 l4-0)
28.294: (fly-airplane a1 l0-0 l2-0)
28.279: (fly-airplane a0 l4-0 l0-0)
28.269: (fly-airplane a1 l2-0 l4-0)
28.294: (fly-airplane a0 l0-0 l2-0)
28.292: (fly-airplane a2 l1-0 l3-0)
28.293: (fly-airplane a2 l3-0 l4-0)
28.292: (fly-airplane a1 l4-0 l3-0)
28.294: (fly-airplane a1 l3-0 l1-0)
28.269: (fly-airplane a0 l2-0 l0-0)
28.279: (fly-airplane a2 l4-0 l2-0)
28.278: (fly-airplane a1 l1-0 l3-0)
28.279: (fly-airplane a1 l3-0 l0-0)
28.278: (fly-airplane a0 l0-0 l3-0)
28.279: (fly-airplane a0 l3-0 l1-0)
28.269: (fly-airplane a2 l2-0 l4-0)
28.294: (fly-airplane a1 l0-0 l2-0)
28.279: (fly-airplane a2 l4-0 l0-0)
28.269: (fly-airplane a1 l2-0 l4-0)
28.294: (fly-airplane a2 l0-0 l2-0)
28.292: (fly-airplane a0 l1-0 l3-0)
28.293: (fly-airplane a0 l3-0 l4-0)
28.292: (fly-airplane a1 l4-0 l3-0)
28.294: (fly-airplane a1 l3-0 l1-0)
28.294: (fly-airplane a1 l1-0 l2-0)
28.279: (fly-airplane a0 l4-0 l0-0)
28.278: (fly-airplane a2 l2-0 l3-0)
28.279: (fly-airplane a2 l3-0 l0-0)
28.278: (fly-airplane a0 l0-0 l3-0)
28.292: (fly-airplane a2 l0-0 l4-0)
28.293: (fly-airplane a0 l3-0 l4-0)
28.292: (fly-airplane a2 l4-0 l3-0)
28.307: (fly-airplane a1 l2-0 l4-0)
28.308: (fly-airplane a2 l3-0 l4-0)
28.307: (fly-airplane a0 l4-0 l3-0)
28.308: (fly-airplane a2 l4-0 l1-0)
28.294: (fly-airplane a1 l4-0 l0-0)
28.294: (fly-airplane a2 l1-0 l0-0)
28.294: (fly-airplane a1 l0-0 l1-0)
28.294: (fly-airplane a1 l1-0 l3-0)
28.294: (fly-airplane a0 l3-0 l0-0)
28.294: (fly-airplane a0 l0-0 l1-0)
28.295: (fly-airplane a1 l3-0 l0-0)
28.294: (fly-airplane a2 l0-0 l3-0)
28.294: (fly-airplane a0 l1-0 l0-0)
28.294: (fly-airplane a1 l0-0 l1-0)
28.294: (fly-airplane a1 l1-0 l3-0)
28.294: (fly-airplane a2 l3-0 l1-0)
28.295: (fly-airplane a1 l3-0 l0-0)
28.294: (fly-airplane a2 l1-0 l0-0)
28.295: (fly-airplane a1 l0-0 l1-0)
28.296: (fly-airplane a0 l0-0 l1-0)
28.310: (fly-airplane a2 l0-0 l4-0)
28.308: (fly-airplane a1 l1-0 l3-0)
28.307: (fly-airplane a0 l1-0 l4-0)
28.308: (fly-airplane a2 l4-0 l1-0)
28.309: (fly-airplane a2 l1-0 l3-0)
28.308: (fly-airplane a1 l3-0 l1-0)
28.309: (fly-airplane a2 l3-0 l4-0)
28.308: (fly-airplane a0 l4-0 l3-0)
28.309: (fly-airplane a1 l1-0 l3-0)
28.318: (fly-airplane a2 l4-0 l2-0)
28.318: (fly-airplane a1 l3-0 l1-0)
28.318: (fly-airplane a1 l1-0 l2-0)
28.318: (fly-airplane a2 l2-0 l1-0)
28.318: (fly-airplane a2 l1-0 l3-0)
28.294: (fly-airplane a1 l2-0 l0-0)
28.309: (fly-airplane a1 l0-0 l4-0)
28.308: (fly-airplane a0 l3-0 l1-0)
28.309: (fly-airplane a2 l3-0 l4-0)
28.310: (fly-airplane a2 l4-0 l1-0)
28.296: (fly-airplane a1 l4-0 l0-0)
28.320: (fly-airplane a1 l0-0 l2-0)
28.318: (fly-airplane a2 l1-0 l3-0)
28.318: (fly-airplane a0 l1-0 l2-0)
28.294: (fly-airplane a2 l3-0 l4-0)
28.320: (fly-airplane a2 l4-0 l1-0)
28.318: (fly-airplane a1 l2-0 l3-0)
28.318: (fly-airplane a2 l1-0 l3-0)
28.318: (fly-airplane a1 l3-0 l1-0)
28.320: (fly-airplane a2 l3-0 l1-0)
28.296: (fly-airplane a0 l2-0 l0-0)
28.310: (fly-airplane a0 l0-0 l4-0)
28.309: (fly-airplane a1 l1-0 l4-0)
28.342: (drive-truck t3 l3-1 l3-3 c3)
28.298: (fly-airplane a2 l1-0 l0-0)
28.283: (fly-airplane a1 l4-0 l2-0)
28.298: (fly-airplane a1 l2-0 l3-0)
28.299: (fly-airplane a1 l3-0 l0-0)
28.283: (fly-airplane a2 l0-0 l2-0)
28.297: (fly-airplane a2 l2-0 l3-0)
28.299: (fly-airplane a2 l3-0 l4-0)
28.283: (fly-airplane a0 l4-0 l2-0)
28.297: (fly-airplane a0 l2-0 l3-0)
28.299: (fly-airplane a0 l3-0 l0-0)
28.283: (fly-airplane a1 l0-0 l2-0)
28.298: (fly-airplane a1 l2-0 l3-0)
28.298: (fly-airplane a1 l3-0 l4-0)
28.283: (fly-airplane a2 l4-0 l2-0)
28.297: (fly-airplane a2 l2-0 l3-0)
28.299: (fly-airplane a2 l3-0 l0-0)
28.283: (fly-airplane a0 l0-0 l2-0)
28.298: (fly-airplane a0 l2-0 l3-0)
28.300: (fly-airplane a0 l3-0 l1-0)
28.310: (fly-airplane a1 l4-0 l2-0)
28.307: (fly-airplane a0 l1-0 l3-0)
28.309: (fly-airplane a0 l3-0 l0-0)
28.307: (fly-airplane a2 l0-0 l3-0)
28.309: (fly-airplane a2 l3-0 l2-0)
28.307: (fly-airplane a1 l2-0 l3-0)
28.309: (fly-airplane a1 l3-0 l0-0)
28.307: (fly-airplane a0 l0-0 l3-0)
28.309: (fly-airplane a0 l3-0 l2-0)
28.279: (drive-truck t3 l3-3 l3-1 c3)
28.294: (fly-airplane a1 l0-0 l4-0)
28.318: (fly-airplane a1 l4-0 l3-0)
28.318: (fly-airplane a0 l2-0 l1-0)
28.320: (fly-airplane a1 l3-0 l1-0)
28.320: (fly-airplane a1 l1-0 l2-0)
28.320: (fly-airplane a0 l1-0 l2-0)
28.320: (fly-airplane a1 l2-0 l1-0)
28.353: (drive-truck t3 l3-1 l3-3 c3)
28.310: (fly-airplane a2 l2-0 l0-0)
28.301: (fly-airplane a0 l2-0 l4-0)
28.324: (fly-airplane a0 l4-0 l3-0)
28.323: (fly-airplane a1 l1-0 l0-0)
28.309: (fly-airplane a0 l3-0 l2-0)
28.307: (fly-airplane a2 l0-0 l3-0)
28.310: (fly-airplane a2 l3-0 l1-0)
28.301: (fly-airplane a0 l2-0 l4-0)
28.324: (fly-airplane a0 l4-0 l3-0)
28.324: (fly-airplane a2 l1-0 l3-0)
28.323: (fly-airplane a0 l3-0 l0-0)
28.324: (fly-airplane a1 l0-0 l3-0)
28.323: (fly-airplane a2 l3-0 l0-0)
28.307: (fly-airplane a0 l0-0 l2-0)
28.323: (fly-airplane a2 l0-0 l4-0)
28.324: (fly-airplane a1 l3-0 l4-0)
28.323: (fly-airplane a2 l4-0 l3-0)
28.326: (fly-airplane a2 l3-0 l2-0)
28.323: (fly-airplane a0 l2-0 l3-0)
28.324: (fly-airplane a0 l3-0 l4-0)
28.323: (fly-airplane a1 l4-0 l3-0)
28.326: (fly-airplane a1 l3-0 l2-0)
28.323: (fly-airplane a2 l2-0 l3-0)
28.325: (fly-airplane a2 l3-0 l4-0)
28.323: (fly-airplane a0 l4-0 l3-0)
28.326: (fly-airplane a0 l3-0 l2-0)
28.327: (fly-airplane a1 l2-0 l1-0)
28.301: (fly-airplane a0 l2-0 l0-0)
28.310: (fly-airplane a2 l4-0 l2-0)
28.324: (fly-airplane a2 l2-0 l3-0)
28.326: (fly-airplane a2 l3-0 l0-0)
28.324: (fly-airplane a1 l1-0 l0-0)
28.326: (fly-airplane a0 l0-0 l1-0)
28.301: (fly-airplane a2 l0-0 l4-0)
28.310: (fly-airplane a2 l4-0 l2-0)
28.325: (fly-airplane a2 l2-0 l3-0)
28.262: (fly-airplane a1 l0-0 l5-0)
28.310: (drive-truck t4 l4-2 l4-1 c4)
28.270: (fly-airplane a2 l3-0 l0-0)
28.286: (fly-airplane a2 l0-0 l4-0)
28.296: (fly-airplane a2 l4-0 l2-0)
28.294: (fly-airplane a0 l1-0 l3-0)
28.297: (fly-airplane a0 l3-0 l2-0)
28.294: (fly-airplane a2 l2-0 l3-0)
28.304: (fly-airplane a0 l2-0 l5-0)
28.310: (fly-airplane a1 l5-0 l3-0)
28.280: (drive-truck t3 l3-3 l3-1 c3)
28.278: (fly-airplane a1 l3-0 l1-0)
28.280: (fly-airplane a2 l3-0 l1-0)
28.278: (fly-airplane a1 l1-0 l3-0)
28.343: (fly-airplane a0 l5-0 l0-0)
28.318: (fly-airplane a2 l1-0 l4-0)
28.303: (fly-airplane a1 l3-0 l2-0)
28.318: (fly-airplane a1 l2-0 l1-0)
28.318: (fly-airplane a1 l1-0 l4-0)
28.303: (fly-airplane a2 l4-0 l2-0)
28.318: (fly-airplane a2 l2-0 l3-0)
28.318: (fly-airplane a2 l3-0 l1-0)
28.319: (fly-airplane a2 l1-0 l0-0)
28.303: (fly-airplane a0 l0-0 l2-0)
28.318: (fly-airplane a0 l2-0 l3-0)
28.318: (fly-airplane a0 l3-0 l1-0)
28.318: (fly-airplane a0 l1-0 l4-0)
28.303: (fly-airplane a1 l4-0 l2-0)
[Final] Expanded: 1000, Generated: 56897
Failed to find a solution!
