Torch: 2.12.0+cu130
/u/ibrahim.eisawy/Neural-Guided-Search/venv/lib/python3.10/site-packages/pymimir_rgnn/model.py:162: UserWarning: index_reduce() is in beta and the API may change at any time. (Triggered internally at /pytorch/aten/src/ATen/native/cuda/Indexing.cu:1541.)
  exps_max.index_reduce_(0, output_indices, output_messages, reduce="amax", include_self=False)
Using GPU:  NVIDIA L40S
    [timing] select=0.0000s expand=0.3469s depth=1
    [timing] select=0.0000s expand=0.1056s depth=2
    [timing] select=0.0000s expand=0.0851s depth=2
    [timing] select=0.0000s expand=0.1231s depth=3
    [timing] select=0.0000s expand=0.1209s depth=4
    [timing] select=0.0000s expand=0.1327s depth=5
    [timing] select=0.0000s expand=0.1111s depth=6
    [timing] select=0.0000s expand=0.1096s depth=4
    [timing] select=0.0000s expand=0.1015s depth=5
    [timing] select=0.0000s expand=0.0938s depth=6
    [timing] select=0.0001s expand=0.0874s depth=7
  [sim 11] found goal path of length 7
[Final] Expanded: 0, Generated: 66
[search done] simulations=11, states generated=66
Found a solution of length 7!
   1: (switch_on instrument0 satellite0)
   2: (calibrate satellite0 instrument0 star0)
   3: (turn_to satellite0 star1 star0)
   4: (take_image satellite0 star1 instrument0 spectrograph0)
   5: (turn_to satellite0 planet2 star1)
   6: (take_image satellite0 planet2 instrument0 spectrograph0)
   7: (turn_to satellite1 planet2 star1)
