Torch: 2.12.0+cu130
/u/ibrahim.eisawy/Neural-Guided-Search/venv/lib/python3.10/site-packages/pymimir_rgnn/model.py:162: UserWarning: index_reduce() is in beta and the API may change at any time. (Triggered internally at /pytorch/aten/src/ATen/native/cuda/Indexing.cu:1541.)
  exps_max.index_reduce_(0, output_indices, output_messages, reduce="amax", include_self=False)
Using GPU:  NVIDIA L40S
    [timing] select=0.0000s expand=0.3819s depth=1
    [timing] select=0.0000s expand=0.0883s depth=2
    [timing] select=0.0000s expand=0.1009s depth=2
    [timing] select=0.0000s expand=0.1104s depth=3
    [timing] select=0.0000s expand=0.1140s depth=4
    [timing] select=0.0000s expand=0.1295s depth=5
    [timing] select=0.0000s expand=0.1027s depth=6
    [timing] select=0.0000s expand=0.0926s depth=4
    [timing] select=0.0000s expand=0.0802s depth=5
    [timing] select=0.0000s expand=0.0736s depth=6
    [timing] select=0.0001s expand=0.0674s depth=7
  [sim 11] found goal path of length 7
[Final] Expanded: 0, Generated: 88
[search done] simulations=11, states generated=88
Found a solution of length 7!
   1: (switch_on instrument1 satellite1)
   2: (calibrate satellite1 instrument1 groundstation0)
   3: (turn_to satellite1 planet3 groundstation0)
   4: (take_image satellite1 planet3 instrument1 image0)
   5: (turn_to satellite1 star2 planet3)
   6: (take_image satellite1 star2 instrument1 image0)
   7: (turn_to satellite0 groundstation0 star2)
