Torch: 2.12.0+cu130
/u/ibrahim.eisawy/Neural-Guided-Search/venv/lib/python3.10/site-packages/pymimir_rgnn/model.py:162: UserWarning: index_reduce() is in beta and the API may change at any time. (Triggered internally at /pytorch/aten/src/ATen/native/cuda/Indexing.cu:1541.)
  exps_max.index_reduce_(0, output_indices, output_messages, reduce="amax", include_self=False)
Using GPU:  NVIDIA L40S
    [timing] select=0.0000s expand=0.3989s depth=1
    [timing] select=0.0000s expand=0.1058s depth=2
    [timing] select=0.0000s expand=0.1078s depth=2
    [timing] select=0.0000s expand=0.1103s depth=3
    [timing] select=0.0000s expand=0.1114s depth=4
    [timing] select=0.0000s expand=0.1022s depth=5
    [timing] select=0.0000s expand=0.1131s depth=6
    [timing] select=0.0001s expand=0.1215s depth=7
  [sim 8] found goal path of length 7
[search done] simulations=8, states generated=63
Found a solution of length 7!
   1: (switch_on instrument1 satellite1)
   2: (turn_to satellite1 star0 phenomenon2)
   3: (calibrate satellite1 instrument1 star0)
   4: (turn_to satellite1 planet3 star0)
   5: (take_image satellite1 planet3 instrument1 thermograph0)
   6: (turn_to satellite1 phenomenon2 planet3)
   7: (take_image satellite1 phenomenon2 instrument1 thermograph0)
