Torch: 2.12.0+cu130
/u/ibrahim.eisawy/Neural-Guided-Search/venv/lib/python3.10/site-packages/pymimir_rgnn/model.py:162: UserWarning: index_reduce() is in beta and the API may change at any time. (Triggered internally at /pytorch/aten/src/ATen/native/cuda/Indexing.cu:1541.)
  exps_max.index_reduce_(0, output_indices, output_messages, reduce="amax", include_self=False)
Using GPU:  NVIDIA L40S
    [timing] select=0.0000s expand=0.3603s depth=1
    [timing] select=0.0000s expand=0.0625s depth=2
    [timing] select=0.0000s expand=0.0662s depth=2
    [timing] select=0.0000s expand=0.0695s depth=3
    [timing] select=0.0000s expand=0.0626s depth=4
    [timing] select=0.0000s expand=0.0727s depth=5
    [timing] select=0.0000s expand=0.0715s depth=6
  [sim 7] found goal path of length 6
[Final] Expanded: 7, Generated: 46
[search done] simulations=7, states generated=46
Found a solution of length 6!
   1: (switch_on instrument0 satellite0)
   2: (calibrate satellite0 instrument0 star0)
   3: (turn_to satellite0 star2 star0)
   4: (take_image satellite0 star2 instrument0 spectrograph0)
   5: (turn_to satellite0 phenomenon1 star2)
   6: (take_image satellite0 phenomenon1 instrument0 spectrograph0)
