Torch: 2.12.0+cu130
/u/ibrahim.eisawy/Neural-Guided-Search/venv/lib/python3.10/site-packages/pymimir_rgnn/model.py:162: UserWarning: index_reduce() is in beta and the API may change at any time. (Triggered internally at /pytorch/aten/src/ATen/native/cuda/Indexing.cu:1541.)
  exps_max.index_reduce_(0, output_indices, output_messages, reduce="amax", include_self=False)
Using GPU:  NVIDIA L40S
    [timing] select=0.0000s expand=0.3757s depth=1
    [timing] select=0.0000s expand=0.0664s depth=2
    [timing] select=0.0000s expand=0.1025s depth=2
    [timing] select=0.0000s expand=0.0943s depth=3
    [timing] select=0.0000s expand=0.0954s depth=4
    [timing] select=0.0000s expand=0.0837s depth=2
    [timing] select=0.0000s expand=0.0867s depth=2
    [timing] select=0.0000s expand=0.0928s depth=5
    [timing] select=0.0000s expand=0.0883s depth=6
    [timing] select=0.0001s expand=0.0844s depth=7
  [sim 10] found goal path of length 7
[Final] Expanded: 10, Generated: 81
[search done] simulations=10, states generated=81
Found a solution of length 7!
   1: (turn_to satellite1 star0 star1)
   2: (switch_on instrument1 satellite1)
   3: (calibrate satellite1 instrument1 star0)
   4: (turn_to satellite1 star2 star0)
   5: (take_image satellite1 star2 instrument1 infrared1)
   6: (turn_to satellite1 planet3 star2)
   7: (take_image satellite1 planet3 instrument1 infrared1)
