Torch: 2.12.0+cu130
/u/ibrahim.eisawy/Neural-Guided-Search/venv/lib/python3.10/site-packages/pymimir_rgnn/model.py:162: UserWarning: index_reduce() is in beta and the API may change at any time. (Triggered internally at /pytorch/aten/src/ATen/native/cuda/Indexing.cu:1541.)
  exps_max.index_reduce_(0, output_indices, output_messages, reduce="amax", include_self=False)
Using GPU:  NVIDIA L40S
    [timing] select=0.0000s expand=0.3505s depth=1
    [timing] select=0.0000s expand=0.0510s depth=2
    [timing] select=0.0000s expand=0.0493s depth=2
    [timing] select=0.0000s expand=0.0599s depth=3
    [timing] select=0.0000s expand=0.0610s depth=4
    [timing] select=0.0000s expand=0.0581s depth=5
    [timing] select=0.0000s expand=0.0557s depth=3
    [timing] select=0.0000s expand=0.0528s depth=2
    [timing] select=0.0000s expand=0.0530s depth=2
    [timing] select=0.0000s expand=0.0609s depth=4
    [timing] select=0.0000s expand=0.0622s depth=6
    [timing] select=0.0000s expand=0.0446s depth=5
    [timing] select=0.0000s expand=0.0494s depth=6
    [timing] select=0.0001s expand=0.0489s depth=7
    [timing] select=0.0000s expand=0.0479s depth=5
    [timing] select=0.0000s expand=0.0454s depth=5
    [timing] select=0.0001s expand=0.0495s depth=6
    [timing] select=0.0001s expand=0.0500s depth=6
    [timing] select=0.0001s expand=0.0504s depth=7
    [timing] select=0.0001s expand=0.0497s depth=7
    [timing] select=0.0001s expand=0.0500s depth=7
    [timing] select=0.0001s expand=0.0476s depth=8
  [sim 22] found goal path of length 8
[Final] Expanded: 0, Generated: 177
[search done] simulations=22, states generated=177
Found a solution of length 8!
   1: (turn_to satellite1 star1 star3)
   2: (switch_on instrument1 satellite1)
   3: (calibrate satellite1 instrument1 star1)
   4: (turn_to satellite1 phenomenon2 star1)
   5: (take_image satellite1 phenomenon2 instrument1 thermograph0)
   6: (turn_to satellite1 star3 phenomenon2)
   7: (take_image satellite1 star3 instrument1 thermograph0)
   8: (turn_to satellite1 star1 star3)
