Torch: 2.12.0+cu130
/u/ibrahim.eisawy/Neural-Guided-Search/venv/lib/python3.10/site-packages/pymimir_rgnn/model.py:162: UserWarning: index_reduce() is in beta and the API may change at any time. (Triggered internally at /pytorch/aten/src/ATen/native/cuda/Indexing.cu:1541.)
  exps_max.index_reduce_(0, output_indices, output_messages, reduce="amax", include_self=False)
Using GPU:  NVIDIA L40S
    [timing] select=0.0000s expand=0.4773s depth=1
    [timing] select=0.0000s expand=0.0958s depth=2
    [timing] select=0.0000s expand=0.0907s depth=2
    [timing] select=0.0000s expand=0.0868s depth=2
    [timing] select=0.0000s expand=0.0966s depth=3
    [timing] select=0.0000s expand=0.1139s depth=4
    [timing] select=0.0000s expand=0.0829s depth=2
    [timing] select=0.0000s expand=0.0605s depth=2
    [timing] select=0.0000s expand=0.0673s depth=5
    [timing] select=0.0001s expand=0.0708s depth=6
    [timing] select=0.0001s expand=0.0683s depth=7
  [sim 11] found goal path of length 7
[Final] Expanded: 11, Generated: 70
[search done] simulations=11, states generated=70
Found a solution of length 7!
   1: (switch_on instrument1 satellite1)
   2: (turn_to satellite1 groundstation0 star1)
   3: (calibrate satellite1 instrument1 groundstation0)
   4: (turn_to satellite1 star1 groundstation0)
   5: (take_image satellite1 star1 instrument1 spectrograph0)
   6: (turn_to satellite1 planet2 star1)
   7: (take_image satellite1 planet2 instrument1 spectrograph1)
