Torch: 2.12.0+cu130
/u/ibrahim.eisawy/Neural-Guided-Search/venv/lib/python3.10/site-packages/pymimir_rgnn/model.py:162: UserWarning: index_reduce() is in beta and the API may change at any time. (Triggered internally at /pytorch/aten/src/ATen/native/cuda/Indexing.cu:1541.)
  exps_max.index_reduce_(0, output_indices, output_messages, reduce="amax", include_self=False)
Using GPU:  NVIDIA L40S
    [timing] select=0.0000s expand=0.3801s depth=1
    [timing] select=0.0000s expand=0.0813s depth=2
    [timing] select=0.0000s expand=0.0832s depth=2
    [timing] select=0.0000s expand=0.0893s depth=3
    [timing] select=0.0000s expand=0.0995s depth=4
    [timing] select=0.0000s expand=0.0827s depth=5
    [timing] select=0.0000s expand=0.0957s depth=6
    [timing] select=0.0001s expand=0.0800s depth=7
  [sim 8] found goal path of length 7
[search done] simulations=8, states generated=65
Found a solution of length 7!
   1: (switch_on instrument1 satellite0)
   2: (turn_to satellite0 groundstation1 star3)
   3: (calibrate satellite0 instrument1 groundstation1)
   4: (turn_to satellite0 planet2 groundstation1)
   5: (take_image satellite0 planet2 instrument1 thermograph0)
   6: (turn_to satellite0 star3 planet2)
   7: (take_image satellite0 star3 instrument1 thermograph0)
