Torch: 2.12.0+cu130
/u/ibrahim.eisawy/Neural-Guided-Search/venv/lib/python3.10/site-packages/pymimir_rgnn/model.py:162: UserWarning: index_reduce() is in beta and the API may change at any time. (Triggered internally at /pytorch/aten/src/ATen/native/cuda/Indexing.cu:1541.)
  exps_max.index_reduce_(0, output_indices, output_messages, reduce="amax", include_self=False)
Using GPU:  NVIDIA L40S
    [timing] select=0.0000s expand=0.3668s depth=1
    [timing] select=0.0000s expand=0.0708s depth=2
    [timing] select=0.0000s expand=0.0730s depth=2
    [timing] select=0.0000s expand=0.0879s depth=3
    [timing] select=0.0000s expand=0.1003s depth=4
    [timing] select=0.0000s expand=0.0947s depth=5
    [timing] select=0.0000s expand=0.1010s depth=6
    [timing] select=0.0001s expand=0.0844s depth=7
  [sim 8] found goal path of length 7
[search done] simulations=8, states generated=64
Found a solution of length 7!
   1: (switch_on instrument0 satellite0)
   2: (turn_to satellite0 star1 star3)
   3: (calibrate satellite0 instrument0 star1)
   4: (turn_to satellite0 planet2 star1)
   5: (take_image satellite0 planet2 instrument0 spectrograph0)
   6: (turn_to satellite0 star3 planet2)
   7: (take_image satellite0 star3 instrument0 spectrograph0)
