Torch: 2.12.0+cu130
/u/ibrahim.eisawy/Neural-Guided-Search/venv/lib/python3.10/site-packages/pymimir_rgnn/model.py:162: UserWarning: index_reduce() is in beta and the API may change at any time. (Triggered internally at /pytorch/aten/src/ATen/native/cuda/Indexing.cu:1541.)
  exps_max.index_reduce_(0, output_indices, output_messages, reduce="amax", include_self=False)
Using GPU:  NVIDIA L40S
    [timing] select=0.0000s expand=0.3766s depth=1
    [timing] select=0.0000s expand=0.0905s depth=2
    [timing] select=0.0000s expand=0.0914s depth=2
    [timing] select=0.0000s expand=0.0973s depth=3
    [timing] select=0.0000s expand=0.0951s depth=4
    [timing] select=0.0000s expand=0.0985s depth=5
    [timing] select=0.0000s expand=0.0908s depth=6
    [timing] select=0.0001s expand=0.0751s depth=7
    [timing] select=0.0000s expand=0.0667s depth=5
    [timing] select=0.0000s expand=0.0625s depth=3
    [timing] select=0.0000s expand=0.0635s depth=3
    [timing] select=0.0000s expand=0.0546s depth=3
    [timing] select=0.0000s expand=0.0481s depth=2
    [timing] select=0.0000s expand=0.0406s depth=2
    [timing] select=0.0000s expand=0.0368s depth=2
    [timing] select=0.0001s expand=0.0473s depth=6
    [timing] select=0.0001s expand=0.0465s depth=8
  [sim 17] found goal path of length 8
[Final] Expanded: 17, Generated: 116
[search done] simulations=17, states generated=116
Found a solution of length 8!
   1: (turn_to satellite1 star0 star1)
   2: (switch_on instrument2 satellite1)
   3: (calibrate satellite1 instrument2 star0)
   4: (turn_to satellite1 planet2 star0)
   5: (take_image satellite1 planet2 instrument2 spectrograph0)
   6: (turn_to satellite1 star1 planet2)
   7: (take_image satellite1 star1 instrument2 infrared1)
   8: (turn_to satellite1 star0 star1)
