Torch: 2.12.0+cu130
/u/ibrahim.eisawy/Neural-Guided-Search/venv/lib/python3.10/site-packages/pymimir_rgnn/model.py:162: UserWarning: index_reduce() is in beta and the API may change at any time. (Triggered internally at /pytorch/aten/src/ATen/native/cuda/Indexing.cu:1541.)
  exps_max.index_reduce_(0, output_indices, output_messages, reduce="amax", include_self=False)
Using GPU:  NVIDIA L40S
    [timing] select=0.0000s expand=0.3895s depth=1
    [timing] select=0.0000s expand=0.0747s depth=2
    [timing] select=0.0000s expand=0.0805s depth=2
    [timing] select=0.0000s expand=0.0612s depth=2
    [timing] select=0.0000s expand=0.0854s depth=3
    [timing] select=0.0000s expand=0.0864s depth=3
    [timing] select=0.0000s expand=0.0809s depth=4
    [timing] select=0.0000s expand=0.0789s depth=5
    [timing] select=0.0000s expand=0.0725s depth=4
    [timing] select=0.0000s expand=0.0742s depth=5
    [timing] select=0.0001s expand=0.0729s depth=6
    [timing] select=0.0000s expand=0.0693s depth=4
    [timing] select=0.0000s expand=0.0702s depth=4
    [timing] select=0.0000s expand=0.0756s depth=5
    [timing] select=0.0001s expand=0.0599s depth=5
    [timing] select=0.0001s expand=0.0624s depth=6
    [timing] select=0.0001s expand=0.0646s depth=6
    [timing] select=0.0001s expand=0.0654s depth=6
    [timing] select=0.0001s expand=0.0591s depth=7
  [sim 19] found goal path of length 7
[Final] Expanded: 19, Generated: 170
[search done] simulations=19, states generated=170
Found a solution of length 7!
   1: (switch_on instrument0 satellite0)
   2: (calibrate satellite0 instrument0 groundstation1)
   3: (turn_to satellite0 phenomenon2 groundstation1)
   4: (take_image satellite0 phenomenon2 instrument0 thermograph1)
   5: (turn_to satellite0 star3 phenomenon2)
   6: (take_image satellite0 star3 instrument0 thermograph1)
   7: (turn_to satellite0 groundstation0 star3)
