Torch: 2.12.0+cu130
/u/ibrahim.eisawy/Neural-Guided-Search/venv/lib/python3.10/site-packages/pymimir_rgnn/model.py:162: UserWarning: index_reduce() is in beta and the API may change at any time. (Triggered internally at /pytorch/aten/src/ATen/native/cuda/Indexing.cu:1541.)
  exps_max.index_reduce_(0, output_indices, output_messages, reduce="amax", include_self=False)
Using GPU:  NVIDIA L40S
    [timing] select=0.0000s expand=0.3946s depth=1
    [timing] select=0.0000s expand=0.0520s depth=2
    [timing] select=0.0000s expand=0.0513s depth=2
    [timing] select=0.0000s expand=0.0573s depth=3
    [timing] select=0.0000s expand=0.0476s depth=4
    [timing] select=0.0000s expand=0.0488s depth=5
    [timing] select=0.0000s expand=0.0514s depth=6
    [timing] select=0.0001s expand=0.0495s depth=7
  [sim 8] found goal path of length 7
[search done] simulations=8, states generated=68
Found a solution of length 7!
   1: (switch_on instrument0 satellite0)
   2: (turn_to satellite0 groundstation0 phenomenon2)
   3: (calibrate satellite0 instrument0 groundstation0)
   4: (turn_to satellite0 planet3 groundstation0)
   5: (take_image satellite0 planet3 instrument0 infrared0)
   6: (turn_to satellite0 phenomenon2 planet3)
   7: (take_image satellite0 phenomenon2 instrument0 thermograph1)
