Torch: 2.12.0+cu130
/u/ibrahim.eisawy/Neural-Guided-Search/venv/lib/python3.10/site-packages/pymimir_rgnn/model.py:162: UserWarning: index_reduce() is in beta and the API may change at any time. (Triggered internally at /pytorch/aten/src/ATen/native/cuda/Indexing.cu:1541.)
  exps_max.index_reduce_(0, output_indices, output_messages, reduce="amax", include_self=False)
Using GPU:  NVIDIA L40S
    [timing] select=0.0000s expand=0.3868s depth=1
    [timing] select=0.0000s expand=0.1096s depth=2
    [timing] select=0.0000s expand=0.0993s depth=2
    [timing] select=0.0000s expand=0.1031s depth=2
    [timing] select=0.0000s expand=0.0961s depth=3
    [timing] select=0.0000s expand=0.0834s depth=4
    [timing] select=0.0000s expand=0.0839s depth=3
    [timing] select=0.0000s expand=0.0706s depth=5
    [timing] select=0.0000s expand=0.0644s depth=4
    [timing] select=0.0000s expand=0.0659s depth=5
    [timing] select=0.0000s expand=0.0634s depth=6
  [sim 11] found goal path of length 6
[Final] Expanded: 0, Generated: 79
[search done] simulations=11, states generated=79
Found a solution of length 6!
   1: (switch_on instrument0 satellite0)
   2: (calibrate satellite0 instrument0 groundstation0)
   3: (turn_to satellite0 phenomenon1 groundstation0)
   4: (take_image satellite0 phenomenon1 instrument0 spectrograph0)
   5: (turn_to satellite0 star2 phenomenon1)
   6: (take_image satellite0 star2 instrument0 spectrograph0)
