Torch: 2.12.0+cu130
/u/ibrahim.eisawy/Neural-Guided-Search/venv/lib/python3.10/site-packages/pymimir_rgnn/model.py:162: UserWarning: index_reduce() is in beta and the API may change at any time. (Triggered internally at /pytorch/aten/src/ATen/native/cuda/Indexing.cu:1541.)
  exps_max.index_reduce_(0, output_indices, output_messages, reduce="amax", include_self=False)
Using GPU:  NVIDIA L40S
    [timing] select=0.0000s expand=0.4053s depth=1
    [timing] select=0.0000s expand=0.1069s depth=2
    [timing] select=0.0000s expand=0.0872s depth=2
    [timing] select=0.0000s expand=0.1057s depth=3
    [timing] select=0.0000s expand=0.1065s depth=4
    [timing] select=0.0000s expand=0.1035s depth=3
    [timing] select=0.0000s expand=0.0931s depth=5
    [timing] select=0.0000s expand=0.0857s depth=4
    [timing] select=0.0000s expand=0.0789s depth=2
    [timing] select=0.0001s expand=0.0925s depth=6
    [timing] select=0.0000s expand=0.0942s depth=5
    [timing] select=0.0000s expand=0.0972s depth=6
    [timing] select=0.0001s expand=0.0901s depth=7
  [sim 13] found goal path of length 7
[Final] Expanded: 0, Generated: 118
[search done] simulations=13, states generated=118
Found a solution of length 7!
   1: (turn_to satellite0 star1 star0)
   2: (switch_on instrument0 satellite0)
   3: (calibrate satellite0 instrument0 star1)
   4: (turn_to satellite0 phenomenon2 star1)
   5: (take_image satellite0 phenomenon2 instrument0 thermograph0)
   6: (turn_to satellite0 star3 phenomenon2)
   7: (take_image satellite0 star3 instrument0 thermograph0)
