Torch: 2.12.0+cu130
/u/ibrahim.eisawy/Neural-Guided-Search/venv/lib/python3.10/site-packages/pymimir_rgnn/model.py:162: UserWarning: index_reduce() is in beta and the API may change at any time. (Triggered internally at /pytorch/aten/src/ATen/native/cuda/Indexing.cu:1541.)
  exps_max.index_reduce_(0, output_indices, output_messages, reduce="amax", include_self=False)
Using GPU:  NVIDIA L40S
    [timing] select=0.0000s expand=0.3675s depth=1
    [timing] select=0.0000s expand=0.0742s depth=2
    [timing] select=0.0000s expand=0.0888s depth=2
    [timing] select=0.0000s expand=0.0966s depth=3
    [timing] select=0.0000s expand=0.0995s depth=4
    [timing] select=0.0000s expand=0.1056s depth=5
    [timing] select=0.0000s expand=0.1004s depth=6
  [sim 7] found goal path of length 6
[Final] Expanded: 7, Generated: 64
[search done] simulations=7, states generated=64
Found a solution of length 6!
   1: (switch_on instrument2 satellite1)
   2: (calibrate satellite1 instrument2 groundstation0)
   3: (turn_to satellite1 star3 groundstation0)
   4: (take_image satellite1 star3 instrument2 infrared0)
   5: (turn_to satellite1 phenomenon2 star3)
   6: (take_image satellite1 phenomenon2 instrument2 infrared0)
