Torch: 2.12.0+cu130
/u/ibrahim.eisawy/Neural-Guided-Search/venv/lib/python3.10/site-packages/pymimir_rgnn/model.py:162: UserWarning: index_reduce() is in beta and the API may change at any time. (Triggered internally at /pytorch/aten/src/ATen/native/cuda/Indexing.cu:1541.)
  exps_max.index_reduce_(0, output_indices, output_messages, reduce="amax", include_self=False)
Using GPU:  NVIDIA L40S
    [timing] select=0.0000s expand=0.3161s depth=1
    [timing] select=0.0000s expand=0.0663s depth=2
    [timing] select=0.0000s expand=0.0597s depth=2
    [timing] select=0.0000s expand=0.0732s depth=3
    [timing] select=0.0000s expand=0.0739s depth=4
    [timing] select=0.0000s expand=0.0812s depth=5
    [timing] select=0.0000s expand=0.0756s depth=6
    [timing] select=0.0000s expand=0.0658s depth=4
    [timing] select=0.0000s expand=0.0799s depth=5
    [timing] select=0.0000s expand=0.0697s depth=6
    [timing] select=0.0000s expand=0.0802s depth=7
  [sim 11] found goal path of length 7
[Final] Expanded: 0, Generated: 100
[search done] simulations=11, states generated=100
Found a solution of length 7!
   1: (switch_on instrument3 satellite1)
   2: (calibrate satellite1 instrument3 star1)
   3: (turn_to satellite1 star2 star1)
   4: (take_image satellite1 star2 instrument3 spectrograph0)
   5: (turn_to satellite1 phenomenon3 star2)
   6: (take_image satellite1 phenomenon3 instrument3 spectrograph0)
   7: (turn_to satellite1 star0 phenomenon3)
