Torch: 2.12.0+cu130
/u/ibrahim.eisawy/Neural-Guided-Search/venv/lib/python3.10/site-packages/pymimir_rgnn/model.py:162: UserWarning: index_reduce() is in beta and the API may change at any time. (Triggered internally at /pytorch/aten/src/ATen/native/cuda/Indexing.cu:1541.)
  exps_max.index_reduce_(0, output_indices, output_messages, reduce="amax", include_self=False)
Using GPU:  NVIDIA L40S
    [timing] select=0.0000s expand=0.3779s depth=1
    [timing] select=0.0000s expand=0.0996s depth=2
    [timing] select=0.0000s expand=0.0973s depth=2
    [timing] select=0.0000s expand=0.0989s depth=3
    [timing] select=0.0000s expand=0.1025s depth=4
    [timing] select=0.0000s expand=0.1226s depth=5
    [timing] select=0.0000s expand=0.1116s depth=6
  [sim 7] found goal path of length 6
[Final] Expanded: 7, Generated: 55
[search done] simulations=7, states generated=55
Found a solution of length 6!
   1: (switch_on instrument1 satellite0)
   2: (calibrate satellite0 instrument1 groundstation0)
   3: (turn_to satellite0 planet2 groundstation0)
   4: (take_image satellite0 planet2 instrument1 spectrograph1)
   5: (turn_to satellite0 phenomenon1 planet2)
   6: (take_image satellite0 phenomenon1 instrument1 infrared0)
