Torch: 2.12.0+cu130
/u/ibrahim.eisawy/Neural-Guided-Search/venv/lib/python3.10/site-packages/pymimir_rgnn/model.py:162: UserWarning: index_reduce() is in beta and the API may change at any time. (Triggered internally at /pytorch/aten/src/ATen/native/cuda/Indexing.cu:1541.)
  exps_max.index_reduce_(0, output_indices, output_messages, reduce="amax", include_self=False)
Using GPU:  NVIDIA L40S
  [sim 500] root visits=500, unique states=106459, generated=106458
  [sim 1000] root visits=1000, unique states=210209, generated=210208
  [sim 1500] root visits=1500, unique states=315761, generated=315760
  [sim 2000] root visits=2000, unique states=423996, generated=423995
  [sim 2500] root visits=2500, unique states=525869, generated=525868
  [sim 3000] root visits=3000, unique states=623065, generated=623064
  [sim 3500] root visits=3500, unique states=721809, generated=721808
  [sim 4000] root visits=4000, unique states=829219, generated=829218
  [sim 4500] root visits=4500, unique states=935868, generated=935867
  [sim 5000] root visits=5000, unique states=1038543, generated=1038542
  [sim 5500] root visits=5500, unique states=1147067, generated=1147066
  [sim 6000] root visits=6000, unique states=1259616, generated=1259615
  [sim 6500] root visits=6500, unique states=1378091, generated=1378090
  [sim 7000] root visits=7000, unique states=1483657, generated=1483656
  [sim 7500] root visits=7500, unique states=1584980, generated=1584979
  [sim 8000] root visits=8000, unique states=1687834, generated=1687833
  [sim 8500] root visits=8500, unique states=1788319, generated=1788318
  [sim 9000] root visits=9000, unique states=1888382, generated=1888381
  [sim 9500] root visits=9500, unique states=1991922, generated=1991921
  [sim 10000] root visits=10000, unique states=2104124, generated=2104123
  [sim 10500] root visits=10500, unique states=2218213, generated=2218212
[Final] Expanded: 2240871, Generated: 2240871
[search done] simulations=10606, unique states generated=2240871
Failed to find a solution!
