/u/ibrahim.eisawy/Neural-Guided-Search/venv/lib/python3.10/site-packages/pymimir_rgnn/model.py:151: UserWarning: index_reduce() is in beta and the API may change at any time. (Triggered internally at /pytorch/aten/src/ATen/native/cuda/Indexing.cu:1541.)
  max_msg.index_reduce_(0, output_indices, output_messages, reduce='amax', include_self=True)
Torch: 2.12.0+cu130
Loading model... (models/logistics_supervised.pth)
Using GPU:  NVIDIA L40S
[f=20.365] Expanded: 0, Generated: 0
[f=20.365] Expanded: 807, Generated: 10460
[f=20.379] Expanded: 808, Generated: 10474
[f=20.389] Expanded: 809, Generated: 10488
[f=20.390] Expanded: 810, Generated: 10499
[f=20.396] Expanded: 811, Generated: 10512
[f=20.399] Expanded: 812, Generated: 10524
[f=20.400] Expanded: 813, Generated: 10536
[f=20.403] Expanded: 814, Generated: 10550
[f=20.413] Expanded: 815, Generated: 10563
[f=20.414] Expanded: 816, Generated: 10577
[f=20.414] Expanded: 817, Generated: 10591
[f=20.417] Expanded: 818, Generated: 10604
[f=20.421] Expanded: 819, Generated: 10617
[f=20.424] Expanded: 820, Generated: 10630
[f=20.425] Expanded: 821, Generated: 10645
[f=20.429] Expanded: 822, Generated: 10658
[f=20.433] Expanded: 823, Generated: 10671
[f=20.439] Expanded: 824, Generated: 10685
[Final] Expanded: 1012, Generated: 13116
Found a solution of length 14!
   1: (fly-airplane a0 l2-0 l1-0)
   2: (drive-truck t0 l0-0 l0-1 c0)
   3: (load-truck p4 t0 l0-1)
   4: (drive-truck t0 l0-1 l0-0 c0)
   5: (unload-truck p4 t0 l0-0)
   6: (fly-airplane a0 l1-0 l0-0)
   7: (load-airplane p3 a0 l0-0)
   8: (load-airplane p4 a0 l0-0)
   9: (fly-airplane a0 l0-0 l2-0)
  10: (unload-airplane p3 a0 l2-0)
  11: (unload-airplane p4 a0 l2-0)
  12: (load-truck p4 t2 l2-0)
  13: (drive-truck t2 l2-0 l2-1 c2)
  14: (unload-truck p4 t2 l2-1)
