/u/ibrahim.eisawy/Neural-Guided-Search/venv/lib/python3.10/site-packages/pymimir_rgnn/model.py:151: UserWarning: index_reduce() is in beta and the API may change at any time. (Triggered internally at /pytorch/aten/src/ATen/native/cuda/Indexing.cu:1541.)
  max_msg.index_reduce_(0, output_indices, output_messages, reduce='amax', include_self=True)
Torch: 2.12.0+cu130
Using GPU:  NVIDIA L40S
9.477: (drive-truck t1 l1-0 l1-1 c1)
10.501: (drive-truck t0 l0-1 l0-0 c0)
11.470: (load-truck p1 t0 l0-1)
11.520: (fly-airplane a0 l1-0 l0-0)
inf: (drive-truck t0 l0-1 l0-1 c0)
inf: (drive-truck t1 l1-0 l1-0 c1)
inf: (fly-airplane a0 l1-0 l1-0)
8.473: (load-truck p0 t1 l1-1)
9.482: (drive-truck t0 l0-1 l0-0 c0)
9.482: (drive-truck t1 l1-0 l1-1 c1)
9.571: (load-truck p2 t0 l0-0)
10.454: (drive-truck t1 l1-0 l1-1 c1)
10.454: (load-truck p1 t0 l0-1)
10.508: (fly-airplane a0 l1-0 l0-0)
10.508: (drive-truck t1 l1-0 l1-1 c1)
11.524: (drive-truck t0 l0-1 l0-0 c0)
11.524: (fly-airplane a0 l1-0 l0-0)
6.952: (drive-truck t0 l0-0 l0-1 c0)
7.459: (drive-truck t1 l1-1 l1-0 c1)
8.473: (drive-truck t0 l0-1 l0-0 c0)
8.473: (load-truck p0 t1 l1-1)
8.539: (load-truck p2 t0 l0-0)
8.539: (drive-truck t1 l1-0 l1-1 c1)
9.475: (load-truck p0 t1 l1-1)
9.475: (load-truck p1 t0 l0-1)
9.538: (load-truck p0 t1 l1-1)
9.538: (fly-airplane a0 l1-0 l0-0)
6.156: (drive-truck t1 l1-0 l1-1 c1)
6.156: (drive-truck t0 l0-0 l0-1 c0)
6.445: (unload-truck p0 t1 l1-0)
6.861: (unload-truck p2 t0 l0-1)
7.438: (drive-truck t0 l0-1 l0-0 c0)
7.438: (drive-truck t1 l1-1 l1-0 c1)
7.545: (load-truck p0 t1 l1-1)
7.545: (load-truck p2 t0 l0-0)
7.966: (fly-airplane a0 l1-0 l0-0)
8.057: (load-truck p1 t0 l0-1)
5.049: (load-airplane p0 a0 l1-0)
5.850: (unload-truck p2 t0 l0-1)
5.850: (drive-truck t1 l1-0 l1-1 c1)
5.990: (load-truck p0 t1 l1-1)
5.990: (drive-truck t0 l0-0 l0-1 c0)
6.413: (drive-truck t1 l1-0 l1-1 c1)
6.449: (unload-truck p0 t1 l1-0)
6.449: (drive-truck t0 l0-1 l0-0 c0)
6.539: (load-truck p2 t0 l0-0)
6.539: (drive-truck t1 l1-1 l1-0 c1)
4.988: (drive-truck t0 l0-1 l0-0 c0)
4.988: (load-airplane p0 a0 l1-0)
4.993: (drive-truck t1 l1-1 l1-0 c1)
4.993: (drive-truck t0 l0-0 l0-1 c0)
5.003: (unload-truck p2 t0 l0-1)
5.003: (load-truck p0 t1 l1-1)
5.052: (drive-truck t1 l1-0 l1-1 c1)
5.052: (load-airplane p0 a0 l1-0)
5.145: (fly-airplane a0 l1-0 l0-0)
5.511: (unload-truck p0 t1 l1-0)
3.861: (load-airplane p0 a0 l1-0)
3.861: (load-truck p2 t0 l0-0)
4.001: (fly-airplane a0 l1-0 l0-0)
4.001: (drive-truck t0 l0-1 l0-0 c0)
4.006: (drive-truck t0 l0-0 l0-1 c0)
4.006: (unload-truck p0 t1 l1-0)
4.007: (unload-truck p2 t0 l0-1)
4.007: (drive-truck t1 l1-1 l1-0 c1)
4.008: (unload-airplane p0 a0 l0-0)
4.982: (drive-truck t1 l1-0 l1-1 c1)
2.996: (unload-airplane p0 a0 l0-0)
2.996: (drive-truck t0 l0-1 l0-0 c0)
2.996: (drive-truck t0 l0-0 l0-1 c0)
2.996: (load-airplane p0 a0 l1-0)
3.003: (load-truck p2 t0 l0-0)
3.003: (fly-airplane a0 l1-0 l0-0)
3.008: (unload-truck p0 t1 l1-0)
3.008: (unload-truck p2 t0 l0-1)
3.856: (load-truck p2 t0 l0-0)
3.856: (drive-truck t1 l1-0 l1-1 c1)
1.986: (drive-truck t0 l0-0 l0-1 c0)
1.986: (fly-airplane a0 l1-0 l0-0)
1.996: (unload-airplane p0 a0 l0-0)
1.996: (load-truck p2 t0 l0-0)
2.005: (unload-truck p2 t0 l0-1)
2.005: (load-airplane p0 a0 l1-0)
2.987: (fly-airplane a0 l0-0 l1-0)
2.994: (drive-truck t0 l0-0 l0-1 c0)
2.994: (drive-truck t1 l1-0 l1-1 c1)
2.996: (drive-truck t1 l1-0 l1-1 c1)
1.000: (unload-airplane p0 a0 l0-0)
1.000: (drive-truck t0 l0-0 l0-1 c0)
1.004: (fly-airplane a0 l1-0 l0-0)
1.004: (unload-truck p2 t0 l0-1)
1.984: (fly-airplane a0 l1-0 l0-0)
1.984: (drive-truck t1 l1-0 l1-1 c1)
1.987: (load-truck p2 t0 l0-0)
1.987: (fly-airplane a0 l0-0 l1-0)
1.997: (load-truck p2 t0 l0-0)
1.997: (drive-truck t1 l1-0 l1-1 c1)
-0.014: (unload-airplane p0 a0 l0-0)
[Final] Expanded: 58, Generated: 491
Found a solution of length 11!
   1: (drive-truck t1 l1-0 l1-1 c1)
   2: (load-truck p0 t1 l1-1)
   3: (drive-truck t1 l1-1 l1-0 c1)
   4: (drive-truck t0 l0-1 l0-0 c0)
   5: (load-truck p2 t0 l0-0)
   6: (unload-truck p0 t1 l1-0)
   7: (load-airplane p0 a0 l1-0)
   8: (drive-truck t0 l0-0 l0-1 c0)
   9: (unload-truck p2 t0 l0-1)
  10: (fly-airplane a0 l1-0 l0-0)
  11: (unload-airplane p0 a0 l0-0)
