/u/ibrahim.eisawy/Neural-Guided-Search/venv/lib/python3.10/site-packages/pymimir_rgnn/model.py:151: UserWarning: index_reduce() is in beta and the API may change at any time. (Triggered internally at /pytorch/aten/src/ATen/native/cuda/Indexing.cu:1541.)
  max_msg.index_reduce_(0, output_indices, output_messages, reduce='amax', include_self=True)
Torch: 2.12.0+cu130
Using GPU:  NVIDIA L40S
12.515: (load-truck p0 t0 l0-1)
12.515: (load-truck p1 t0 l0-1)
14.238: (drive-truck t0 l0-1 l0-0 c0)
14.295: (fly-airplane a0 l0-0 l1-0)
14.398: (drive-truck t1 l1-0 l1-1 c1)
inf: (drive-truck t0 l0-1 l0-1 c0)
inf: (drive-truck t1 l1-0 l1-0 c1)
inf: (fly-airplane a0 l0-0 l0-0)
10.052: (drive-truck t0 l0-1 l0-0 c0)
10.052: (drive-truck t0 l0-1 l0-0 c0)
11.011: (load-truck p0 t0 l0-1)
11.011: (load-truck p1 t0 l0-1)
12.310: (load-truck p2 t1 l1-1)
12.445: (fly-airplane a0 l0-0 l1-0)
12.445: (fly-airplane a0 l0-0 l1-0)
12.445: (load-truck p0 t0 l0-1)
12.445: (load-truck p1 t0 l0-1)
12.501: (drive-truck t1 l1-0 l1-1 c1)
8.611: (drive-truck t0 l0-1 l0-0 c0)
9.171: (load-truck p2 t1 l1-1)
9.171: (load-truck p1 t0 l0-1)
9.171: (load-truck p0 t0 l0-1)
10.010: (drive-truck t1 l1-0 l1-1 c1)
10.010: (drive-truck t1 l1-0 l1-1 c1)
10.010: (drive-truck t0 l0-1 l0-0 c0)
10.155: (drive-truck t1 l1-1 l1-0 c1)
10.392: (fly-airplane a0 l0-0 l1-0)
10.392: (fly-airplane a0 l0-0 l1-0)
2.944: (load-truck p0 t0 l0-1)
2.944: (load-truck p1 t0 l0-1)
7.745: (drive-truck t1 l1-1 l1-0 c1)
7.745: (drive-truck t1 l1-1 l1-0 c1)
7.745: (load-truck p0 t0 l0-1)
7.745: (load-truck p1 t0 l0-1)
7.805: (drive-truck t0 l0-1 l0-0 c0)
7.805: (drive-truck t0 l0-1 l0-0 c0)
7.805: (load-truck p2 t1 l1-1)
7.805: (load-truck p2 t1 l1-1)
2.944: (fly-airplane a0 l0-0 l1-0)
4.000: (drive-truck t0 l0-1 l0-0 c0)
4.054: (load-truck p1 t0 l0-1)
4.054: (load-truck p0 t0 l0-1)
4.054: (drive-truck t1 l1-1 l1-0 c1)
6.930: (drive-truck t1 l1-1 l1-0 c1)
6.930: (drive-truck t1 l1-1 l1-0 c1)
6.930: (drive-truck t0 l0-1 l0-0 c0)
6.930: (drive-truck t0 l0-1 l0-0 c0)
7.505: (fly-airplane a0 l0-0 l1-0)
4.010: (drive-truck t0 l0-1 l0-0 c0)
4.010: (fly-airplane a0 l0-0 l1-0)
4.046: (load-truck p1 t0 l0-1)
4.046: (fly-airplane a0 l0-0 l1-0)
4.046: (drive-truck t1 l1-1 l1-0 c1)
4.943: (drive-truck t0 l0-1 l0-0 c0)
4.943: (drive-truck t1 l1-1 l1-0 c1)
6.997: (drive-truck t0 l0-1 l0-0 c0)
6.997: (fly-airplane a0 l0-0 l1-0)
6.997: (fly-airplane a0 l0-0 l1-0)
4.939: (drive-truck t0 l0-1 l0-0 c0)
4.939: (drive-truck t1 l1-1 l1-0 c1)
4.939: (fly-airplane a0 l0-0 l1-0)
5.948: (unload-truck p0 t0 l0-0)
5.948: (unload-truck p1 t0 l0-0)
5.961: (unload-truck p2 t1 l1-0)
7.434: (unload-truck p1 t0 l0-0)
7.434: (unload-truck p0 t0 l0-0)
7.505: (unload-truck p0 t0 l0-1)
7.505: (drive-truck t0 l0-0 l0-1 c0)
5.937: (drive-truck t0 l0-0 l0-1 c0)
5.937: (drive-truck t0 l0-0 l0-1 c0)
5.951: (fly-airplane a0 l0-0 l1-0)
5.951: (unload-truck p2 t1 l1-0)
6.008: (unload-truck p1 t0 l0-0)
6.008: (fly-airplane a0 l0-0 l1-0)
6.008: (drive-truck t1 l1-1 l1-0 c1)
6.008: (unload-truck p0 t0 l0-0)
6.008: (fly-airplane a0 l0-0 l1-0)
6.008: (drive-truck t1 l1-1 l1-0 c1)
5.886: (drive-truck t0 l0-0 l0-1 c0)
5.886: (drive-truck t0 l0-0 l0-1 c0)
5.886: (fly-airplane a0 l0-0 l1-0)
5.886: (fly-airplane a0 l0-0 l1-0)
6.273: (drive-truck t1 l1-0 l1-1 c1)
6.273: (drive-truck t1 l1-0 l1-1 c1)
6.787: (load-airplane p1 a0 l0-0)
6.787: (load-airplane p0 a0 l0-0)
6.924: (load-airplane p2 a0 l1-0)
6.954: (unload-truck p1 t0 l0-0)
5.997: (fly-airplane a0 l0-0 l1-0)
5.997: (fly-airplane a0 l0-0 l1-0)
6.329: (drive-truck t1 l1-0 l1-1 c1)
6.329: (fly-airplane a0 l0-0 l1-0)
6.329: (fly-airplane a0 l0-0 l1-0)
6.329: (drive-truck t1 l1-0 l1-1 c1)
6.939: (drive-truck t0 l0-1 l0-0 c0)
6.939: (drive-truck t0 l0-1 l0-0 c0)
6.940: (fly-airplane a0 l1-0 l0-0)
7.235: (drive-truck t0 l0-1 l0-0 c0)
5.003: (unload-airplane p1 a0 l1-0)
5.003: (unload-airplane p0 a0 l1-0)
6.938: (fly-airplane a0 l0-0 l1-0)
6.938: (drive-truck t0 l0-1 l0-0 c0)
6.938: (drive-truck t0 l0-1 l0-0 c0)
6.938: (fly-airplane a0 l0-0 l1-0)
6.942: (drive-truck t1 l1-0 l1-1 c1)
6.942: (drive-truck t1 l1-0 l1-1 c1)
7.934: (load-airplane p1 a0 l0-0)
7.934: (load-airplane p0 a0 l0-0)
4.026: (load-truck p0 t1 l1-0)
4.026: (load-truck p1 t1 l1-0)
5.072: (fly-airplane a0 l1-0 l0-0)
5.072: (fly-airplane a0 l1-0 l0-0)
5.946: (unload-airplane p1 a0 l1-0)
5.946: (unload-airplane p0 a0 l1-0)
5.946: (drive-truck t0 l0-1 l0-0 c0)
5.946: (drive-truck t0 l0-1 l0-0 c0)
5.975: (unload-airplane p0 a0 l1-0)
5.975: (unload-airplane p1 a0 l1-0)
2.944: (drive-truck t1 l1-0 l1-1 c1)
2.944: (drive-truck t1 l1-0 l1-1 c1)
4.030: (load-truck p1 t1 l1-0)
4.030: (fly-airplane a0 l1-0 l0-0)
4.030: (load-truck p0 t1 l1-0)
4.030: (fly-airplane a0 l1-0 l0-0)
4.943: (drive-truck t0 l0-1 l0-0 c0)
4.943: (load-truck p0 t1 l1-0)
4.943: (drive-truck t0 l0-1 l0-0 c0)
4.943: (load-truck p1 t1 l1-0)
1.945: (unload-truck p1 t1 l1-1)
1.945: (unload-truck p0 t1 l1-1)
2.944: (drive-truck t1 l1-0 l1-1 c1)
2.944: (fly-airplane a0 l1-0 l0-0)
2.944: (drive-truck t1 l1-0 l1-1 c1)
2.944: (fly-airplane a0 l1-0 l0-0)
4.000: (drive-truck t1 l1-0 l1-1 c1)
4.000: (drive-truck t0 l0-1 l0-0 c0)
4.000: (drive-truck t0 l0-1 l0-0 c0)
4.000: (drive-truck t1 l1-0 l1-1 c1)
1.944: (fly-airplane a0 l1-0 l0-0)
1.944: (unload-truck p0 t1 l1-1)
1.944: (fly-airplane a0 l1-0 l0-0)
1.944: (unload-truck p1 t1 l1-1)
2.992: (drive-truck t1 l1-1 l1-0 c1)
2.992: (drive-truck t1 l1-1 l1-0 c1)
3.008: (drive-truck t0 l0-1 l0-0 c0)
3.008: (drive-truck t0 l0-1 l0-0 c0)
3.008: (unload-truck p1 t1 l1-1)
3.008: (unload-truck p0 t1 l1-1)
2.998: (fly-airplane a0 l1-0 l0-0)
2.998: (fly-airplane a0 l1-0 l0-0)
2.998: (drive-truck t0 l0-1 l0-0 c0)
2.998: (drive-truck t0 l0-1 l0-0 c0)
3.009: (drive-truck t1 l1-1 l1-0 c1)
3.009: (fly-airplane a0 l1-0 l0-0)
3.009: (drive-truck t1 l1-1 l1-0 c1)
3.009: (fly-airplane a0 l1-0 l0-0)
3.948: (drive-truck t0 l0-1 l0-0 c0)
3.948: (drive-truck t0 l0-1 l0-0 c0)
3.953: (drive-truck t1 l1-1 l1-0 c1)
3.953: (drive-truck t1 l1-1 l1-0 c1)
3.953: (drive-truck t0 l0-1 l0-0 c0)
3.953: (drive-truck t0 l0-1 l0-0 c0)
3.953: (fly-airplane a0 l1-0 l0-0)
3.953: (fly-airplane a0 l1-0 l0-0)
3.992: (load-truck p1 t1 l1-1)
3.992: (load-truck p0 t1 l1-1)
4.945: (unload-truck p0 t0 l0-0)
4.945: (unload-truck p1 t0 l0-0)
4.940: (drive-truck t1 l1-1 l1-0 c1)
4.940: (drive-truck t1 l1-1 l1-0 c1)
4.952: (fly-airplane a0 l1-0 l0-0)
4.952: (fly-airplane a0 l1-0 l0-0)
4.952: (unload-truck p0 t0 l0-0)
4.952: (unload-truck p1 t0 l0-0)
4.954: (unload-truck p2 t1 l1-0)
4.954: (unload-truck p2 t1 l1-0)
5.943: (unload-truck p2 t1 l1-0)
5.943: (unload-truck p2 t1 l1-0)
4.949: (load-truck p0 t0 l0-0)
4.949: (load-truck p1 t0 l0-0)
4.950: (fly-airplane a0 l0-0 l1-0)
4.950: (fly-airplane a0 l0-0 l1-0)
5.922: (unload-truck p0 t0 l0-0)
5.922: (unload-truck p1 t0 l0-0)
5.928: (load-airplane p0 a0 l0-0)
5.928: (load-airplane p1 a0 l0-0)
5.949: (fly-airplane a0 l1-0 l0-0)
5.949: (fly-airplane a0 l1-0 l0-0)
5.922: (load-airplane p2 a0 l1-0)
5.922: (load-airplane p2 a0 l1-0)
5.931: (fly-airplane a0 l0-0 l1-0)
5.931: (fly-airplane a0 l0-0 l1-0)
5.967: (drive-truck t1 l1-0 l1-1 c1)
5.967: (drive-truck t1 l1-0 l1-1 c1)
6.117: (fly-airplane a0 l0-0 l1-0)
6.117: (fly-airplane a0 l0-0 l1-0)
6.637: (drive-truck t0 l0-0 l0-1 c0)
6.637: (drive-truck t0 l0-0 l0-1 c0)
5.837: (load-truck p1 t1 l1-1)
5.837: (load-truck p0 t1 l1-1)
5.920: (unload-airplane p0 a0 l1-0)
5.920: (unload-airplane p1 a0 l1-0)
5.951: (fly-airplane a0 l1-0 l0-0)
5.951: (fly-airplane a0 l1-0 l0-0)
6.186: (fly-airplane a0 l1-0 l0-0)
6.186: (fly-airplane a0 l1-0 l0-0)
6.755: (fly-airplane a0 l1-0 l0-0)
6.755: (fly-airplane a0 l1-0 l0-0)
4.913: (load-truck p1 t1 l1-0)
4.913: (load-truck p0 t1 l1-0)
5.804: (load-truck p0 t1 l1-1)
5.804: (load-truck p1 t1 l1-1)
5.804: (fly-airplane a0 l1-0 l0-0)
5.804: (fly-airplane a0 l1-0 l0-0)
5.974: (drive-truck t1 l1-1 l1-0 c1)
5.974: (drive-truck t1 l1-1 l1-0 c1)
5.976: (unload-airplane p2 a0 l0-0)
5.976: (unload-airplane p2 a0 l0-0)
3.816: (drive-truck t1 l1-0 l1-1 c1)
3.816: (drive-truck t1 l1-0 l1-1 c1)
4.958: (load-truck p2 t0 l0-0)
4.958: (load-truck p2 t0 l0-0)
5.108: (fly-airplane a0 l1-0 l0-0)
5.108: (fly-airplane a0 l1-0 l0-0)
5.904: (drive-truck t0 l0-0 l0-1 c0)
5.904: (drive-truck t0 l0-0 l0-1 c0)
5.926: (unload-truck p2 t1 l1-0)
5.926: (unload-truck p2 t1 l1-0)
3.814: (fly-airplane a0 l1-0 l0-0)
3.814: (drive-truck t1 l1-0 l1-1 c1)
3.814: (fly-airplane a0 l1-0 l0-0)
3.814: (drive-truck t1 l1-0 l1-1 c1)
3.823: (drive-truck t0 l0-0 l0-1 c0)
3.823: (drive-truck t0 l0-0 l0-1 c0)
4.805: (drive-truck t0 l0-0 l0-1 c0)
4.805: (drive-truck t0 l0-0 l0-1 c0)
4.805: (drive-truck t1 l1-0 l1-1 c1)
4.805: (drive-truck t1 l1-0 l1-1 c1)
3.821: (fly-airplane a0 l0-0 l1-0)
3.821: (fly-airplane a0 l0-0 l1-0)
4.550: (drive-truck t1 l1-0 l1-1 c1)
4.550: (drive-truck t1 l1-0 l1-1 c1)
4.803: (fly-airplane a0 l1-0 l0-0)
4.803: (drive-truck t0 l0-0 l0-1 c0)
4.803: (drive-truck t0 l0-0 l0-1 c0)
4.803: (fly-airplane a0 l1-0 l0-0)
4.910: (load-truck p0 t1 l1-1)
4.910: (load-truck p1 t1 l1-1)
2.944: (load-truck p1 t1 l1-1)
2.944: (load-truck p0 t1 l1-1)
4.593: (fly-airplane a0 l0-0 l1-0)
4.593: (drive-truck t1 l1-0 l1-1 c1)
4.593: (drive-truck t1 l1-0 l1-1 c1)
4.593: (fly-airplane a0 l0-0 l1-0)
4.906: (fly-airplane a0 l0-0 l1-0)
5.137: (drive-truck t0 l0-1 l0-0 c0)
5.137: (drive-truck t0 l0-1 l0-0 c0)
5.686: (drive-truck t0 l0-1 l0-0 c0)
2.944: (load-truck p1 t1 l1-1)
2.944: (fly-airplane a0 l0-0 l1-0)
2.944: (load-truck p0 t1 l1-1)
2.944: (fly-airplane a0 l0-0 l1-0)
3.977: (drive-truck t0 l0-1 l0-0 c0)
3.977: (drive-truck t0 l0-1 l0-0 c0)
3.977: (load-truck p1 t1 l1-1)
3.996: (drive-truck t1 l1-1 l1-0 c1)
3.996: (drive-truck t1 l1-1 l1-0 c1)
5.235: (unload-truck p2 t0 l0-1)
3.983: (drive-truck t0 l0-1 l0-0 c0)
3.983: (drive-truck t0 l0-1 l0-0 c0)
3.983: (fly-airplane a0 l0-0 l1-0)
3.983: (fly-airplane a0 l0-0 l1-0)
4.000: (drive-truck t1 l1-1 l1-0 c1)
4.000: (drive-truck t1 l1-1 l1-0 c1)
4.000: (fly-airplane a0 l0-0 l1-0)
4.000: (fly-airplane a0 l0-0 l1-0)
4.943: (drive-truck t1 l1-1 l1-0 c1)
4.943: (drive-truck t1 l1-1 l1-0 c1)
4.940: (fly-airplane a0 l0-0 l1-0)
4.940: (fly-airplane a0 l0-0 l1-0)
4.940: (drive-truck t0 l0-1 l0-0 c0)
4.940: (drive-truck t1 l1-1 l1-0 c1)
4.940: (drive-truck t1 l1-1 l1-0 c1)
4.940: (drive-truck t0 l0-1 l0-0 c0)
4.965: (unload-truck p1 t1 l1-0)
4.965: (unload-truck p0 t1 l1-0)
5.055: (unload-truck p2 t0 l0-0)
5.055: (unload-truck p2 t0 l0-0)
4.957: (fly-airplane a0 l1-0 l0-0)
4.957: (fly-airplane a0 l1-0 l0-0)
4.987: (fly-airplane a0 l1-0 l0-0)
4.987: (fly-airplane a0 l1-0 l0-0)
5.921: (drive-truck t0 l0-1 l0-0 c0)
5.921: (unload-truck p0 t1 l1-0)
5.921: (drive-truck t0 l0-1 l0-0 c0)
5.921: (unload-truck p1 t1 l1-0)
5.956: (load-airplane p0 a0 l1-0)
5.956: (load-airplane p1 a0 l1-0)
5.930: (fly-airplane a0 l1-0 l0-0)
5.930: (drive-truck t0 l0-1 l0-0 c0)
5.930: (fly-airplane a0 l1-0 l0-0)
5.930: (drive-truck t0 l0-1 l0-0 c0)
5.973: (drive-truck t1 l1-1 l1-0 c1)
5.973: (drive-truck t1 l1-1 l1-0 c1)
5.975: (load-airplane p2 a0 l0-0)
5.975: (load-airplane p2 a0 l0-0)
6.004: (drive-truck t1 l1-0 l1-1 c1)
6.004: (drive-truck t1 l1-0 l1-1 c1)
6.007: (fly-airplane a0 l0-0 l1-0)
6.007: (fly-airplane a0 l0-0 l1-0)
6.031: (fly-airplane a0 l0-0 l1-0)
6.031: (fly-airplane a0 l0-0 l1-0)
6.759: (fly-airplane a0 l0-0 l1-0)
6.759: (fly-airplane a0 l0-0 l1-0)
6.917: (unload-truck p1 t0 l0-0)
6.917: (unload-truck p0 t0 l0-0)
6.920: (unload-truck p0 t1 l1-1)
6.920: (unload-truck p1 t1 l1-1)
5.948: (load-truck p1 t1 l1-0)
5.948: (load-truck p0 t1 l1-0)
6.703: (unload-airplane p2 a0 l0-0)
6.703: (unload-airplane p2 a0 l0-0)
6.747: (drive-truck t0 l0-0 l0-1 c0)
6.747: (drive-truck t0 l0-0 l0-1 c0)
6.907: (fly-airplane a0 l0-0 l1-0)
6.907: (unload-truck p1 t1 l1-1)
6.907: (unload-truck p0 t1 l1-1)
6.907: (fly-airplane a0 l0-0 l1-0)
5.686: (load-truck p2 t0 l0-0)
5.998: (load-truck p1 t1 l1-0)
5.998: (drive-truck t0 l0-0 l0-1 c0)
5.998: (drive-truck t0 l0-0 l0-1 c0)
5.998: (load-truck p0 t1 l1-0)
6.008: (fly-airplane a0 l0-0 l1-0)
6.008: (fly-airplane a0 l0-0 l1-0)
6.336: (unload-truck p2 t0 l0-1)
6.336: (unload-truck p2 t0 l0-1)
6.751: (fly-airplane a0 l0-0 l1-0)
5.856: (unload-truck p2 t0 l0-1)
5.856: (unload-truck p2 t0 l0-1)
5.856: (load-truck p1 t1 l1-0)
5.856: (load-truck p0 t1 l1-0)
5.909: (fly-airplane a0 l0-0 l1-0)
5.931: (fly-airplane a0 l0-0 l1-0)
5.931: (fly-airplane a0 l0-0 l1-0)
5.931: (drive-truck t0 l0-0 l0-1 c0)
5.931: (drive-truck t0 l0-0 l0-1 c0)
5.931: (load-truck p0 t1 l1-0)
5.715: (drive-truck t0 l0-1 l0-0 c0)
5.715: (drive-truck t0 l0-1 l0-0 c0)
5.773: (load-airplane p1 a0 l0-0)
5.773: (load-airplane p0 a0 l0-0)
6.213: (unload-truck p2 t0 l0-1)
6.213: (fly-airplane a0 l0-0 l1-0)
6.213: (fly-airplane a0 l0-0 l1-0)
6.213: (unload-truck p2 t0 l0-1)
6.320: (drive-truck t1 l1-0 l1-1 c1)
6.320: (drive-truck t1 l1-0 l1-1 c1)
4.988: (fly-airplane a0 l0-0 l1-0)
4.988: (fly-airplane a0 l0-0 l1-0)
5.734: (unload-truck p0 t1 l1-1)
5.734: (unload-truck p1 t1 l1-1)
5.772: (drive-truck t0 l0-1 l0-0 c0)
5.772: (load-airplane p1 a0 l0-0)
5.772: (load-airplane p0 a0 l0-0)
5.772: (drive-truck t0 l0-1 l0-0 c0)
6.223: (fly-airplane a0 l0-0 l1-0)
6.223: (fly-airplane a0 l0-0 l1-0)
3.969: (unload-airplane p1 a0 l1-0)
3.969: (unload-airplane p0 a0 l1-0)
4.987: (drive-truck t1 l1-1 l1-0 c1)
4.987: (drive-truck t1 l1-1 l1-0 c1)
4.990: (drive-truck t0 l0-1 l0-0 c0)
4.990: (drive-truck t0 l0-1 l0-0 c0)
4.990: (fly-airplane a0 l0-0 l1-0)
4.990: (fly-airplane a0 l0-0 l1-0)
5.715: (fly-airplane a0 l1-0 l0-0)
5.715: (fly-airplane a0 l1-0 l0-0)
2.991: (load-truck p0 t1 l1-0)
2.991: (load-truck p1 t1 l1-0)
3.991: (drive-truck t0 l0-1 l0-0 c0)
3.991: (drive-truck t0 l0-1 l0-0 c0)
3.991: (unload-airplane p1 a0 l1-0)
3.991: (unload-airplane p0 a0 l1-0)
4.018: (fly-airplane a0 l1-0 l0-0)
4.018: (fly-airplane a0 l1-0 l0-0)
4.967: (drive-truck t1 l1-0 l1-1 c1)
4.967: (drive-truck t1 l1-0 l1-1 c1)
1.959: (drive-truck t1 l1-0 l1-1 c1)
2.975: (load-truck p1 t1 l1-0)
2.975: (load-truck p0 t1 l1-0)
2.975: (fly-airplane a0 l1-0 l0-0)
3.009: (drive-truck t0 l0-1 l0-0 c0)
3.009: (load-truck p0 t1 l1-0)
3.009: (load-truck p1 t1 l1-0)
3.984: (unload-truck p0 t1 l1-1)
3.984: (unload-truck p1 t1 l1-1)
3.986: (load-truck p2 t0 l0-1)
0.963: (unload-truck p0 t1 l1-1)
0.963: (unload-truck p1 t1 l1-1)
1.949: (fly-airplane a0 l1-0 l0-0)
1.949: (drive-truck t1 l1-0 l1-1 c1)
1.959: (drive-truck t1 l1-0 l1-1 c1)
1.959: (drive-truck t0 l0-1 l0-0 c0)
2.944: (load-truck p2 t0 l0-1)
2.944: (drive-truck t1 l1-0 l1-1 c1)
2.960: (drive-truck t1 l1-1 l1-0 c1)
2.960: (drive-truck t1 l1-1 l1-0 c1)
-0.043: (unload-truck p0 t1 l1-1)
[Final] Expanded: 296, Generated: 2603
Found a solution of length 42!
   1: (load-truck p0 t0 l0-1)
   2: (drive-truck t1 l1-0 l1-1 c1)
   3: (load-truck p2 t1 l1-1)
   4: (drive-truck t1 l1-1 l1-0 c1)
   5: (load-truck p1 t0 l0-1)
   6: (drive-truck t0 l0-1 l0-0 c0)
   7: (unload-truck p1 t0 l0-0)
   8: (drive-truck t0 l0-0 l0-1 c0)
   9: (load-airplane p1 a0 l0-0)
  10: (fly-airplane a0 l0-0 l1-0)
  11: (unload-airplane p1 a0 l1-0)
  12: (load-truck p1 t1 l1-0)
  13: (drive-truck t1 l1-0 l1-1 c1)
  14: (unload-truck p1 t1 l1-1)
  15: (drive-truck t1 l1-1 l1-0 c1)
  16: (drive-truck t0 l0-1 l0-0 c0)
  17: (unload-truck p0 t0 l0-0)
  18: (unload-truck p2 t1 l1-0)
  19: (load-truck p0 t0 l0-0)
  20: (load-airplane p2 a0 l1-0)
  21: (fly-airplane a0 l1-0 l0-0)
  22: (unload-airplane p2 a0 l0-0)
  23: (load-truck p2 t0 l0-0)
  24: (drive-truck t0 l0-0 l0-1 c0)
  25: (drive-truck t1 l1-0 l1-1 c1)
  26: (fly-airplane a0 l0-0 l1-0)
  27: (load-truck p1 t1 l1-1)
  28: (drive-truck t1 l1-1 l1-0 c1)
  29: (unload-truck p1 t1 l1-0)
  30: (drive-truck t0 l0-1 l0-0 c0)
  31: (fly-airplane a0 l1-0 l0-0)
  32: (unload-truck p0 t0 l0-0)
  33: (drive-truck t0 l0-0 l0-1 c0)
  34: (load-truck p1 t1 l1-0)
  35: (unload-truck p2 t0 l0-1)
  36: (load-airplane p0 a0 l0-0)
  37: (fly-airplane a0 l0-0 l1-0)
  38: (unload-airplane p0 a0 l1-0)
  39: (load-truck p0 t1 l1-0)
  40: (drive-truck t1 l1-0 l1-1 c1)
  41: (unload-truck p1 t1 l1-1)
  42: (unload-truck p0 t1 l1-1)
