/u/ibrahim.eisawy/Neural-Guided-Search/venv/lib/python3.10/site-packages/pymimir_rgnn/model.py:151: UserWarning: index_reduce() is in beta and the API may change at any time. (Triggered internally at /pytorch/aten/src/ATen/native/cuda/Indexing.cu:1541.)
  max_msg.index_reduce_(0, output_indices, output_messages, reduce='amax', include_self=True)
Torch: 2.12.0+cu130
Using GPU:  NVIDIA L40S
15.026: (drive-truck t2 l2-0 l2-1 c2)
15.177: (load-truck p0 t2 l2-0)
15.177: (load-truck p4 t2 l2-0)
16.051: (fly-airplane a0 l1-0 l2-0)
16.051: (drive-truck t1 l1-0 l1-1 c1)
16.052: (fly-airplane a0 l1-0 l0-0)
16.053: (drive-truck t0 l0-1 l0-0 c0)
inf: (drive-truck t0 l0-1 l0-1 c0)
inf: (drive-truck t1 l1-0 l1-0 c1)
inf: (drive-truck t2 l2-0 l2-0 c2)
13.437: (load-truck p1 t2 l2-1)
13.437: (load-truck p3 t2 l2-1)
14.068: (drive-truck t2 l2-0 l2-1 c2)
14.068: (drive-truck t2 l2-0 l2-1 c2)
14.296: (load-truck p4 t2 l2-0)
14.296: (load-truck p0 t2 l2-0)
15.024: (fly-airplane a0 l1-0 l0-0)
15.024: (drive-truck t2 l2-0 l2-1 c2)
15.024: (drive-truck t2 l2-0 l2-1 c2)
15.024: (drive-truck t1 l1-0 l1-1 c1)
12.363: (load-truck p3 t2 l2-1)
12.363: (load-truck p1 t2 l2-1)
12.941: (load-truck p1 t2 l2-1)
12.941: (load-truck p3 t2 l2-1)
12.941: (load-truck p1 t2 l2-1)
12.941: (load-truck p3 t2 l2-1)
13.144: (drive-truck t2 l2-0 l2-1 c2)
13.434: (fly-airplane a0 l1-0 l0-0)
13.434: (fly-airplane a0 l1-0 l0-0)
13.434: (load-truck p1 t2 l2-1)
11.819: (load-truck p3 t2 l2-1)
11.819: (load-truck p1 t2 l2-1)
11.819: (load-truck p3 t2 l2-1)
11.819: (load-truck p1 t2 l2-1)
12.026: (load-truck p3 t2 l2-1)
12.026: (load-truck p1 t2 l2-1)
12.218: (drive-truck t2 l2-1 l2-0 c2)
12.360: (fly-airplane a0 l1-0 l0-0)
12.360: (load-truck p1 t2 l2-1)
12.360: (load-truck p3 t2 l2-1)
10.887: (load-truck p3 t2 l2-1)
10.887: (load-truck p1 t2 l2-1)
11.342: (load-airplane p5 a0 l0-0)
11.386: (load-truck p4 t2 l2-0)
11.386: (drive-truck t2 l2-1 l2-0 c2)
11.386: (drive-truck t2 l2-1 l2-0 c2)
11.386: (load-truck p0 t2 l2-0)
11.816: (fly-airplane a0 l1-0 l0-0)
11.816: (fly-airplane a0 l1-0 l0-0)
11.817: (fly-airplane a0 l1-0 l2-0)
10.526: (drive-truck t2 l2-1 l2-0 c2)
10.526: (load-truck p4 t2 l2-0)
10.526: (load-truck p0 t2 l2-0)
10.780: (load-airplane p5 a0 l0-0)
10.780: (load-airplane p5 a0 l0-0)
10.820: (load-airplane p4 a0 l2-0)
10.885: (fly-airplane a0 l1-0 l2-0)
10.887: (fly-airplane a0 l1-0 l0-0)
10.898: (drive-truck t0 l0-1 l0-0 c0)
10.900: (drive-truck t1 l1-0 l1-1 c1)
9.043: (load-truck p2 t1 l1-1)
9.879: (load-airplane p5 a0 l0-0)
10.036: (load-truck p5 t0 l0-0)
10.362: (drive-truck t2 l2-1 l2-0 c2)
10.521: (fly-airplane a0 l1-0 l0-0)
10.521: (drive-truck t2 l2-1 l2-0 c2)
10.524: (drive-truck t2 l2-1 l2-0 c2)
10.524: (fly-airplane a0 l1-0 l2-0)
10.527: (drive-truck t0 l0-1 l0-0 c0)
10.527: (drive-truck t2 l2-1 l2-0 c2)
9.048: (fly-airplane a0 l1-0 l2-0)
9.051: (fly-airplane a0 l1-0 l0-0)
9.054: (drive-truck t0 l0-1 l0-0 c0)
9.324: (drive-truck t2 l2-1 l2-0 c2)
9.388: (load-truck p5 t0 l0-0)
9.388: (drive-truck t2 l2-1 l2-0 c2)
9.416: (drive-truck t2 l2-1 l2-0 c2)
9.416: (load-airplane p5 a0 l0-0)
9.448: (drive-truck t1 l1-1 l1-0 c1)
9.879: (fly-airplane a0 l0-0 l2-0)
7.987: (load-airplane p5 a0 l0-0)
8.307: (drive-truck t2 l2-1 l2-0 c2)
8.307: (drive-truck t1 l1-1 l1-0 c1)
8.307: (load-truck p5 t0 l0-0)
9.058: (fly-airplane a0 l1-0 l2-0)
9.058: (drive-truck t0 l0-1 l0-0 c0)
9.059: (fly-airplane a0 l1-0 l0-0)
9.059: (drive-truck t0 l0-1 l0-0 c0)
9.094: (fly-airplane a0 l0-0 l1-0)
9.324: (fly-airplane a0 l1-0 l0-0)
8.011: (fly-airplane a0 l0-0 l2-0)
8.032: (fly-airplane a0 l0-0 l1-0)
8.043: (drive-truck t0 l0-1 l0-0 c0)
8.043: (load-airplane p5 a0 l0-0)
8.188: (load-airplane p5 a0 l0-0)
8.188: (drive-truck t2 l2-1 l2-0 c2)
8.308: (fly-airplane a0 l1-0 l2-0)
8.310: (drive-truck t0 l0-1 l0-0 c0)
8.311: (fly-airplane a0 l1-0 l2-0)
8.311: (load-truck p5 t0 l0-0)
6.999: (load-truck p5 t0 l0-0)
7.180: (drive-truck t1 l1-1 l1-0 c1)
8.011: (drive-truck t0 l0-1 l0-0 c0)
8.011: (fly-airplane a0 l0-0 l2-0)
8.031: (drive-truck t0 l0-1 l0-0 c0)
8.031: (fly-airplane a0 l0-0 l1-0)
8.163: (fly-airplane a0 l0-0 l1-0)
8.163: (drive-truck t2 l2-1 l2-0 c2)
8.217: (fly-airplane a0 l0-0 l2-0)
8.217: (drive-truck t2 l2-1 l2-0 c2)
7.000: (fly-airplane a0 l1-0 l0-0)
7.001: (fly-airplane a0 l1-0 l2-0)
7.063: (drive-truck t0 l0-1 l0-0 c0)
7.281: (fly-airplane a0 l0-0 l2-0)
7.281: (drive-truck t1 l1-1 l1-0 c1)
7.290: (drive-truck t1 l1-1 l1-0 c1)
7.290: (fly-airplane a0 l0-0 l1-0)
7.969: (unload-truck p3 t2 l2-0)
7.969: (unload-truck p1 t2 l2-0)
8.097: (unload-truck p4 t2 l2-0)
7.264: (drive-truck t0 l0-1 l0-0 c0)
7.264: (fly-airplane a0 l0-0 l2-0)
7.273: (drive-truck t0 l0-1 l0-0 c0)
7.273: (fly-airplane a0 l0-0 l1-0)
7.962: (fly-airplane a0 l1-0 l2-0)
7.962: (unload-truck p1 t2 l2-0)
7.962: (fly-airplane a0 l1-0 l2-0)
7.962: (unload-truck p3 t2 l2-0)
7.968: (fly-airplane a0 l1-0 l0-0)
7.968: (fly-airplane a0 l1-0 l0-0)
8.165: (drive-truck t1 l1-0 l1-1 c1)
8.211: (unload-truck p2 t1 l1-0)
8.218: (drive-truck t1 l1-0 l1-1 c1)
8.369: (unload-airplane p5 a0 l1-0)
8.400: (unload-truck p2 t1 l1-0)
8.476: (unload-truck p1 t2 l2-0)
8.476: (unload-truck p3 t2 l2-0)
8.480: (unload-truck p1 t2 l2-0)
8.480: (unload-truck p3 t2 l2-0)
8.496: (drive-truck t2 l2-0 l2-1 c2)
7.221: (load-airplane p2 a0 l1-0)
7.266: (load-truck p5 t1 l1-0)
8.209: (drive-truck t0 l0-0 l0-1 c0)
8.261: (fly-airplane a0 l2-0 l0-0)
8.261: (fly-airplane a0 l1-0 l0-0)
8.261: (fly-airplane a0 l1-0 l0-0)
8.261: (fly-airplane a0 l2-0 l0-0)
8.279: (fly-airplane a0 l2-0 l0-0)
8.279: (fly-airplane a0 l1-0 l0-0)
8.283: (fly-airplane a0 l1-0 l0-0)
7.220: (load-airplane p2 a0 l1-0)
7.220: (drive-truck t0 l0-0 l0-1 c0)
7.265: (fly-airplane a0 l1-0 l0-0)
7.268: (fly-airplane a0 l1-0 l2-0)
7.283: (drive-truck t0 l0-0 l0-1 c0)
7.373: (fly-airplane a0 l1-0 l0-0)
7.500: (fly-airplane a0 l1-0 l2-0)
7.659: (drive-truck t1 l1-0 l1-1 c1)
8.141: (unload-truck p2 t1 l1-0)
8.178: (drive-truck t2 l2-0 l2-1 c2)
7.122: (load-airplane p2 a0 l1-0)
7.157: (unload-airplane p2 a0 l0-0)
7.283: (fly-airplane a0 l1-0 l0-0)
7.283: (drive-truck t0 l0-0 l0-1 c0)
7.285: (drive-truck t0 l0-0 l0-1 c0)
7.285: (fly-airplane a0 l1-0 l2-0)
7.386: (drive-truck t0 l0-0 l0-1 c0)
7.386: (fly-airplane a0 l1-0 l0-0)
7.500: (fly-airplane a0 l1-0 l2-0)
7.500: (drive-truck t0 l0-0 l0-1 c0)
6.105: (fly-airplane a0 l0-0 l1-0)
6.385: (fly-airplane a0 l0-0 l2-0)
6.987: (fly-airplane a0 l1-0 l0-0)
7.110: (unload-airplane p2 a0 l0-0)
7.110: (drive-truck t0 l0-0 l0-1 c0)
7.118: (fly-airplane a0 l1-0 l2-0)
7.121: (drive-truck t0 l0-0 l0-1 c0)
7.335: (drive-truck t1 l1-0 l1-1 c1)
7.385: (load-truck p2 t0 l0-0)
7.583: (drive-truck t1 l1-0 l1-1 c1)
5.998: (unload-airplane p2 a0 l0-0)
6.108: (fly-airplane a0 l0-0 l1-0)
6.108: (drive-truck t0 l0-0 l0-1 c0)
6.387: (drive-truck t0 l0-0 l0-1 c0)
6.387: (fly-airplane a0 l0-0 l2-0)
6.550: (drive-truck t1 l1-0 l1-1 c1)
6.550: (fly-airplane a0 l0-0 l1-0)
6.555: (fly-airplane a0 l0-0 l2-0)
6.555: (drive-truck t1 l1-0 l1-1 c1)
6.913: (drive-truck t2 l2-0 l2-1 c2)
5.999: (fly-airplane a0 l0-0 l1-0)
6.000: (fly-airplane a0 l0-0 l2-0)
6.001: (drive-truck t0 l0-0 l0-1 c0)
6.551: (drive-truck t1 l1-0 l1-1 c1)
6.551: (drive-truck t0 l0-0 l0-1 c0)
6.557: (drive-truck t0 l0-0 l0-1 c0)
6.557: (drive-truck t1 l1-0 l1-1 c1)
6.916: (drive-truck t0 l0-0 l0-1 c0)
6.916: (drive-truck t2 l2-0 l2-1 c2)
6.964: (unload-truck p3 t2 l2-0)
6.001: (drive-truck t0 l0-0 l0-1 c0)
6.001: (fly-airplane a0 l0-0 l1-0)
6.002: (drive-truck t0 l0-0 l0-1 c0)
6.002: (fly-airplane a0 l0-0 l2-0)
6.961: (fly-airplane a0 l0-0 l2-0)
6.961: (unload-truck p1 t2 l2-0)
6.961: (unload-truck p3 t2 l2-0)
6.967: (fly-airplane a0 l0-0 l1-0)
6.967: (unload-truck p3 t2 l2-0)
6.967: (unload-truck p1 t2 l2-0)
6.962: (unload-truck p1 t2 l2-0)
6.963: (unload-truck p3 t2 l2-0)
6.963: (drive-truck t0 l0-0 l0-1 c0)
6.963: (drive-truck t0 l0-0 l0-1 c0)
6.964: (fly-airplane a0 l1-0 l0-0)
6.964: (fly-airplane a0 l2-0 l0-0)
6.969: (drive-truck t0 l0-0 l0-1 c0)
6.969: (unload-truck p1 t2 l2-0)
6.969: (drive-truck t0 l0-0 l0-1 c0)
6.969: (unload-truck p3 t2 l2-0)
6.968: (fly-airplane a0 l1-0 l0-0)
6.968: (drive-truck t0 l0-0 l0-1 c0)
6.968: (fly-airplane a0 l1-0 l0-0)
6.968: (fly-airplane a0 l2-0 l0-0)
6.968: (fly-airplane a0 l2-0 l0-0)
7.922: (unload-truck p3 t2 l2-0)
7.922: (unload-truck p1 t2 l2-0)
7.924: (unload-truck p3 t2 l2-0)
7.931: (unload-truck p1 t2 l2-0)
7.931: (unload-truck p3 t2 l2-0)
7.918: (fly-airplane a0 l0-0 l2-0)
7.918: (drive-truck t0 l0-1 l0-0 c0)
7.927: (drive-truck t0 l0-1 l0-0 c0)
7.927: (fly-airplane a0 l0-0 l1-0)
7.930: (fly-airplane a0 l1-0 l0-0)
7.930: (unload-truck p1 t2 l2-0)
7.930: (fly-airplane a0 l2-0 l0-0)
7.930: (drive-truck t0 l0-0 l0-1 c0)
7.930: (unload-truck p3 t2 l2-0)
7.969: (load-airplane p2 a0 l0-0)
7.001: (load-truck p3 t2 l2-0)
7.955: (drive-truck t0 l0-1 l0-0 c0)
8.092: (fly-airplane a0 l0-0 l1-0)
8.097: (fly-airplane a0 l0-0 l2-0)
8.914: (load-truck p2 t0 l0-0)
8.923: (load-truck p2 t0 l0-0)
8.924: (load-airplane p3 a0 l2-0)
8.924: (load-airplane p1 a0 l2-0)
8.927: (load-airplane p2 a0 l0-0)
8.927: (unload-truck p1 t2 l2-0)
7.118: (load-truck p3 t2 l2-0)
7.118: (fly-airplane a0 l0-0 l2-0)
7.962: (load-truck p1 t2 l2-0)
7.962: (load-truck p3 t2 l2-0)
7.966: (load-truck p3 t2 l2-0)
7.966: (load-truck p1 t2 l2-0)
7.969: (unload-truck p1 t2 l2-0)
7.969: (load-truck p3 t2 l2-0)
7.969: (load-truck p3 t2 l2-0)
7.969: (load-truck p1 t2 l2-0)
6.999: (load-truck p3 t2 l2-0)
6.999: (load-truck p1 t2 l2-0)
7.001: (load-truck p1 t2 l2-0)
7.001: (load-truck p3 t2 l2-0)
7.955: (drive-truck t0 l0-1 l0-0 c0)
7.968: (drive-truck t0 l0-0 l0-1 c0)
7.968: (drive-truck t0 l0-0 l0-1 c0)
7.968: (fly-airplane a0 l1-0 l0-0)
7.968: (fly-airplane a0 l1-0 l0-0)
7.968: (fly-airplane a0 l2-0 l0-0)
7.000: (fly-airplane a0 l1-0 l0-0)
7.000: (fly-airplane a0 l2-0 l0-0)
7.000: (load-truck p1 t2 l2-0)
7.000: (load-truck p3 t2 l2-0)
7.971: (fly-airplane a0 l2-0 l1-0)
7.971: (fly-airplane a0 l2-0 l1-0)
7.992: (drive-truck t0 l0-0 l0-1 c0)
7.993: (drive-truck t0 l0-0 l0-1 c0)
8.089: (unload-truck p4 t2 l2-0)
8.089: (unload-truck p0 t2 l2-0)
6.962: (unload-airplane p3 a0 l1-0)
6.962: (unload-airplane p1 a0 l1-0)
6.993: (load-airplane p0 a0 l2-0)
6.993: (load-airplane p4 a0 l2-0)
7.088: (unload-truck p2 t0 l0-0)
7.088: (unload-truck p2 t0 l0-0)
7.969: (drive-truck t0 l0-1 l0-0 c0)
7.969: (drive-truck t0 l0-1 l0-0 c0)
7.989: (fly-airplane a0 l2-0 l0-0)
7.989: (drive-truck t0 l0-0 l0-1 c0)
5.992: (load-airplane p0 a0 l2-0)
5.992: (load-airplane p4 a0 l2-0)
5.992: (unload-truck p2 t0 l0-0)
5.992: (unload-truck p2 t0 l0-0)
5.996: (load-truck p3 t1 l1-0)
5.996: (load-truck p1 t1 l1-0)
6.960: (unload-airplane p3 a0 l1-0)
6.960: (unload-airplane p1 a0 l1-0)
6.960: (drive-truck t0 l0-1 l0-0 c0)
6.960: (drive-truck t0 l0-1 l0-0 c0)
5.991: (fly-airplane a0 l2-0 l1-0)
5.991: (fly-airplane a0 l2-0 l1-0)
5.994: (drive-truck t0 l0-0 l0-1 c0)
5.994: (drive-truck t0 l0-0 l0-1 c0)
5.995: (load-truck p1 t1 l1-0)
5.995: (load-truck p3 t1 l1-0)
5.995: (drive-truck t0 l0-1 l0-0 c0)
5.995: (drive-truck t0 l0-1 l0-0 c0)
5.997: (fly-airplane a0 l1-0 l0-0)
5.997: (fly-airplane a0 l1-0 l0-0)
4.992: (unload-airplane p0 a0 l1-0)
4.992: (unload-airplane p4 a0 l1-0)
5.993: (fly-airplane a0 l1-0 l0-0)
5.993: (fly-airplane a0 l1-0 l0-0)
5.993: (drive-truck t0 l0-1 l0-0 c0)
5.993: (drive-truck t0 l0-1 l0-0 c0)
5.993: (fly-airplane a0 l2-0 l1-0)
5.993: (drive-truck t0 l0-0 l0-1 c0)
5.993: (drive-truck t0 l0-0 l0-1 c0)
5.993: (fly-airplane a0 l2-0 l1-0)
4.992: (fly-airplane a0 l1-0 l0-0)
4.992: (fly-airplane a0 l1-0 l0-0)
4.994: (unload-airplane p0 a0 l1-0)
4.994: (unload-airplane p4 a0 l1-0)
4.994: (drive-truck t0 l0-0 l0-1 c0)
4.994: (drive-truck t0 l0-0 l0-1 c0)
4.995: (fly-airplane a0 l1-0 l2-0)
4.995: (fly-airplane a0 l1-0 l2-0)
5.953: (unload-truck p3 t2 l2-0)
5.953: (unload-truck p1 t2 l2-0)
4.996: (fly-airplane a0 l1-0 l0-0)
4.996: (drive-truck t0 l0-0 l0-1 c0)
4.996: (fly-airplane a0 l1-0 l0-0)
4.996: (drive-truck t0 l0-0 l0-1 c0)
4.997: (drive-truck t0 l0-0 l0-1 c0)
4.997: (fly-airplane a0 l1-0 l2-0)
4.997: (drive-truck t0 l0-0 l0-1 c0)
4.997: (fly-airplane a0 l1-0 l2-0)
5.950: (unload-truck p1 t2 l2-0)
5.950: (unload-truck p3 t2 l2-0)
5.952: (fly-airplane a0 l2-0 l0-0)
5.952: (unload-truck p3 t2 l2-0)
5.952: (unload-truck p1 t2 l2-0)
5.952: (unload-truck p3 t2 l2-0)
5.952: (unload-truck p1 t2 l2-0)
5.952: (drive-truck t0 l0-0 l0-1 c0)
5.952: (fly-airplane a0 l2-0 l0-0)
5.952: (drive-truck t0 l0-0 l0-1 c0)
5.953: (fly-airplane a0 l2-0 l1-0)
5.953: (fly-airplane a0 l2-0 l1-0)
5.950: (drive-truck t0 l0-1 l0-0 c0)
5.950: (drive-truck t0 l0-1 l0-0 c0)
5.955: (fly-airplane a0 l2-0 l1-0)
5.955: (fly-airplane a0 l2-0 l1-0)
5.955: (fly-airplane a0 l2-0 l1-0)
5.955: (fly-airplane a0 l2-0 l1-0)
5.955: (drive-truck t0 l0-0 l0-1 c0)
5.955: (drive-truck t0 l0-0 l0-1 c0)
5.956: (fly-airplane a0 l2-0 l0-0)
5.956: (fly-airplane a0 l2-0 l0-0)
5.952: (fly-airplane a0 l2-0 l0-0)
5.952: (fly-airplane a0 l2-0 l0-0)
5.956: (fly-airplane a0 l1-0 l0-0)
5.956: (fly-airplane a0 l1-0 l0-0)
6.915: (unload-truck p3 t2 l2-0)
6.915: (unload-truck p1 t2 l2-0)
6.922: (unload-truck p3 t2 l2-0)
6.922: (unload-truck p3 t2 l2-0)
6.922: (unload-truck p1 t2 l2-0)
6.922: (unload-truck p1 t2 l2-0)
6.918: (unload-truck p3 t2 l2-0)
6.918: (unload-truck p1 t2 l2-0)
6.918: (fly-airplane a0 l2-0 l0-0)
6.918: (drive-truck t0 l0-0 l0-1 c0)
6.918: (fly-airplane a0 l1-0 l2-0)
6.918: (fly-airplane a0 l1-0 l2-0)
6.919: (fly-airplane a0 l2-0 l1-0)
6.919: (drive-truck t0 l0-1 l0-0 c0)
6.919: (drive-truck t0 l0-1 l0-0 c0)
6.924: (fly-airplane a0 l1-0 l0-0)
6.915: (drive-truck t0 l0-1 l0-0 c0)
6.915: (fly-airplane a0 l1-0 l2-0)
6.918: (fly-airplane a0 l1-0 l0-0)
6.924: (fly-airplane a0 l2-0 l0-0)
7.907: (load-airplane p2 a0 l0-0)
7.911: (load-truck p2 t0 l0-0)
7.911: (load-truck p2 t0 l0-0)
7.913: (load-airplane p1 a0 l2-0)
7.913: (load-airplane p3 a0 l2-0)
7.913: (load-airplane p3 a0 l2-0)
6.943: (load-truck p3 t2 l2-0)
6.943: (load-truck p1 t2 l2-0)
6.955: (load-truck p1 t2 l2-0)
6.955: (load-truck p3 t2 l2-0)
6.955: (load-truck p1 t2 l2-0)
6.955: (load-truck p3 t2 l2-0)
6.961: (load-truck p3 t2 l2-0)
6.961: (load-truck p1 t2 l2-0)
6.961: (load-truck p1 t2 l2-0)
7.895: (fly-airplane a0 l2-0 l1-0)
5.982: (load-truck p1 t2 l2-0)
5.982: (load-truck p3 t2 l2-0)
5.993: (load-truck p1 t2 l2-0)
5.993: (load-truck p3 t2 l2-0)
5.993: (load-truck p3 t2 l2-0)
5.993: (load-truck p1 t2 l2-0)
6.903: (unload-airplane p1 a0 l1-0)
6.952: (fly-airplane a0 l1-0 l2-0)
6.952: (fly-airplane a0 l1-0 l2-0)
6.952: (fly-airplane a0 l1-0 l2-0)
5.956: (load-truck p1 t1 l1-0)
5.969: (load-truck p3 t2 l2-0)
5.995: (fly-airplane a0 l1-0 l0-0)
5.995: (fly-airplane a0 l1-0 l0-0)
5.996: (drive-truck t0 l0-0 l0-1 c0)
5.997: (load-truck p1 t2 l2-0)
5.997: (load-truck p3 t2 l2-0)
5.997: (load-truck p1 t2 l2-0)
5.997: (fly-airplane a0 l1-0 l2-0)
5.997: (fly-airplane a0 l1-0 l2-0)
4.987: (load-truck p1 t1 l1-0)
4.987: (load-truck p3 t2 l2-0)
5.953: (fly-airplane a0 l1-0 l2-0)
5.954: (drive-truck t0 l0-1 l0-0 c0)
5.957: (fly-airplane a0 l1-0 l0-0)
5.967: (drive-truck t0 l0-1 l0-0 c0)
5.973: (fly-airplane a0 l1-0 l0-0)
5.979: (fly-airplane a0 l1-0 l2-0)
6.111: (fly-airplane a0 l0-0 l1-0)
6.113: (fly-airplane a0 l0-0 l2-0)
4.985: (load-truck p3 t2 l2-0)
4.985: (drive-truck t0 l0-1 l0-0 c0)
4.985: (load-truck p1 t1 l1-0)
4.989: (load-truck p3 t2 l2-0)
4.989: (fly-airplane a0 l1-0 l0-0)
4.989: (load-truck p1 t1 l1-0)
4.991: (load-truck p3 t2 l2-0)
4.991: (fly-airplane a0 l1-0 l2-0)
4.991: (load-truck p1 t1 l1-0)
5.628: (drive-truck t1 l1-0 l1-1 c1)
4.944: (unload-truck p1 t1 l1-1)
4.985: (drive-truck t0 l0-1 l0-0 c0)
4.985: (fly-airplane a0 l1-0 l0-0)
4.989: (drive-truck t0 l0-1 l0-0 c0)
4.989: (fly-airplane a0 l1-0 l2-0)
5.626: (drive-truck t1 l1-0 l1-1 c1)
5.626: (drive-truck t0 l0-1 l0-0 c0)
5.629: (fly-airplane a0 l1-0 l0-0)
5.629: (drive-truck t1 l1-0 l1-1 c1)
5.647: (fly-airplane a0 l1-0 l2-0)
3.899: (drive-truck t1 l1-1 l1-0 c1)
4.848: (drive-truck t2 l2-0 l2-1 c2)
4.943: (drive-truck t0 l0-1 l0-0 c0)
4.943: (unload-truck p1 t1 l1-1)
4.946: (unload-truck p1 t1 l1-1)
4.946: (fly-airplane a0 l1-0 l0-0)
4.954: (fly-airplane a0 l1-0 l2-0)
4.954: (unload-truck p1 t1 l1-1)
5.625: (drive-truck t1 l1-0 l1-1 c1)
5.625: (fly-airplane a0 l1-0 l0-0)
3.898: (drive-truck t1 l1-1 l1-0 c1)
3.898: (drive-truck t0 l0-1 l0-0 c0)
3.901: (drive-truck t1 l1-1 l1-0 c1)
3.901: (fly-airplane a0 l1-0 l0-0)
3.902: (drive-truck t1 l1-1 l1-0 c1)
3.902: (fly-airplane a0 l1-0 l2-0)
4.846: (fly-airplane a0 l1-0 l2-0)
4.846: (drive-truck t2 l2-0 l2-1 c2)
4.846: (drive-truck t0 l0-1 l0-0 c0)
4.846: (drive-truck t2 l2-0 l2-1 c2)
3.897: (drive-truck t0 l0-1 l0-0 c0)
3.897: (fly-airplane a0 l1-0 l0-0)
3.901: (drive-truck t0 l0-1 l0-0 c0)
3.901: (fly-airplane a0 l1-0 l2-0)
4.844: (fly-airplane a0 l1-0 l2-0)
4.844: (drive-truck t0 l0-1 l0-0 c0)
4.846: (fly-airplane a0 l1-0 l0-0)
4.850: (fly-airplane a0 l2-0 l0-0)
4.893: (unload-truck p3 t2 l2-0)
4.894: (unload-truck p3 t2 l2-0)
4.888: (load-airplane p2 a0 l0-0)
4.891: (drive-truck t0 l0-1 l0-0 c0)
4.891: (unload-truck p3 t2 l2-0)
4.891: (fly-airplane a0 l1-0 l2-0)
4.894: (unload-truck p3 t2 l2-0)
4.894: (fly-airplane a0 l1-0 l0-0)
4.896: (fly-airplane a0 l2-0 l1-0)
4.896: (drive-truck t0 l0-0 l0-1 c0)
4.898: (fly-airplane a0 l2-0 l0-0)
4.901: (load-truck p2 t0 l0-0)
4.899: (fly-airplane a0 l0-0 l1-0)
4.902: (drive-truck t0 l0-0 l0-1 c0)
4.902: (fly-airplane a0 l0-0 l2-0)
5.017: (fly-airplane a0 l0-0 l1-0)
5.019: (fly-airplane a0 l0-0 l2-0)
5.885: (unload-truck p3 t2 l2-0)
5.885: (load-airplane p2 a0 l0-0)
5.889: (drive-truck t0 l0-0 l0-1 c0)
5.892: (load-truck p0 t1 l1-0)
5.893: (load-truck p2 t0 l0-0)
4.901: (unload-airplane p2 a0 l0-0)
5.017: (fly-airplane a0 l0-0 l1-0)
5.017: (drive-truck t0 l0-0 l0-1 c0)
5.019: (drive-truck t0 l0-0 l0-1 c0)
5.019: (fly-airplane a0 l0-0 l2-0)
5.892: (drive-truck t0 l0-0 l0-1 c0)
5.892: (fly-airplane a0 l0-0 l1-0)
5.895: (drive-truck t0 l0-0 l0-1 c0)
5.895: (fly-airplane a0 l0-0 l2-0)
5.896: (fly-airplane a0 l2-0 l1-0)
4.902: (fly-airplane a0 l0-0 l1-0)
4.904: (fly-airplane a0 l0-0 l2-0)
4.905: (drive-truck t0 l0-0 l0-1 c0)
5.898: (fly-airplane a0 l1-0 l0-0)
5.902: (unload-truck p3 t2 l2-0)
5.905: (load-truck p2 t0 l0-0)
5.986: (drive-truck t1 l1-0 l1-1 c1)
5.994: (unload-truck p4 t2 l2-0)
6.008: (unload-truck p5 t1 l1-0)
6.015: (unload-truck p3 t2 l2-0)
4.904: (fly-airplane a0 l0-0 l1-0)
4.904: (drive-truck t0 l0-0 l0-1 c0)
4.906: (drive-truck t0 l0-0 l0-1 c0)
4.906: (fly-airplane a0 l0-0 l2-0)
4.981: (unload-truck p0 t1 l1-0)
5.214: (unload-truck p0 t1 l1-0)
5.898: (unload-truck p3 t2 l2-0)
5.898: (fly-airplane a0 l0-0 l2-0)
5.899: (fly-airplane a0 l1-0 l0-0)
5.904: (load-truck p2 t0 l0-0)
4.980: (fly-airplane a0 l0-0 l2-0)
4.981: (fly-airplane a0 l0-0 l1-0)
4.985: (drive-truck t0 l0-0 l0-1 c0)
5.216: (fly-airplane a0 l0-0 l2-0)
5.217: (fly-airplane a0 l0-0 l1-0)
5.218: (drive-truck t0 l0-0 l0-1 c0)
5.291: (drive-truck t1 l1-0 l1-1 c1)
5.419: (drive-truck t2 l2-0 l2-1 c2)
5.658: (drive-truck t1 l1-0 l1-1 c1)
5.900: (drive-truck t0 l0-0 l0-1 c0)
3.899: (load-airplane p4 a0 l2-0)
3.953: (load-airplane p5 a0 l1-0)
4.942: (load-truck p4 t2 l2-0)
4.981: (drive-truck t0 l0-0 l0-1 c0)
4.981: (fly-airplane a0 l0-0 l2-0)
4.983: (drive-truck t0 l0-0 l0-1 c0)
4.983: (fly-airplane a0 l0-0 l1-0)
5.218: (drive-truck t0 l0-0 l0-1 c0)
5.218: (fly-airplane a0 l0-0 l2-0)
5.219: (fly-airplane a0 l0-0 l1-0)
3.886: (fly-airplane a0 l2-0 l1-0)
3.901: (load-airplane p4 a0 l2-0)
3.901: (drive-truck t0 l0-0 l0-1 c0)
3.955: (load-airplane p5 a0 l1-0)
3.955: (drive-truck t0 l0-0 l0-1 c0)
4.169: (fly-airplane a0 l1-0 l2-0)
4.231: (drive-truck t1 l1-0 l1-1 c1)
4.365: (drive-truck t2 l2-0 l2-1 c2)
4.674: (fly-airplane a0 l2-0 l0-0)
4.787: (drive-truck t1 l1-0 l1-1 c1)
3.888: (drive-truck t0 l0-0 l0-1 c0)
3.888: (fly-airplane a0 l2-0 l1-0)
3.905: (unload-airplane p4 a0 l1-0)
4.147: (load-truck p1 t1 l1-1)
4.171: (drive-truck t0 l0-0 l0-1 c0)
4.171: (fly-airplane a0 l1-0 l2-0)
4.233: (drive-truck t0 l0-0 l0-1 c0)
4.233: (drive-truck t1 l1-0 l1-1 c1)
4.289: (fly-airplane a0 l1-0 l2-0)
4.289: (drive-truck t1 l1-0 l1-1 c1)
3.688: (drive-truck t1 l1-0 l1-1 c1)
3.886: (load-airplane p0 a0 l1-0)
3.897: (load-truck p4 t1 l1-0)
3.897: (load-truck p0 t1 l1-0)
3.904: (fly-airplane a0 l1-0 l2-0)
3.906: (fly-airplane a0 l1-0 l0-0)
3.907: (unload-airplane p4 a0 l1-0)
3.907: (drive-truck t0 l0-0 l0-1 c0)
3.927: (drive-truck t2 l2-0 l2-1 c2)
4.000: (unload-truck p5 t1 l1-0)
2.961: (load-airplane p5 a0 l1-0)
3.242: (drive-truck t2 l2-0 l2-1 c2)
3.242: (drive-truck t1 l1-0 l1-1 c1)
3.689: (fly-airplane a0 l1-0 l0-0)
3.689: (drive-truck t1 l1-0 l1-1 c1)
3.689: (drive-truck t1 l1-0 l1-1 c1)
3.689: (drive-truck t0 l0-0 l0-1 c0)
3.699: (fly-airplane a0 l1-0 l2-0)
3.699: (drive-truck t1 l1-0 l1-1 c1)
3.888: (load-airplane p0 a0 l1-0)
2.963: (drive-truck t0 l0-0 l0-1 c0)
3.041: (fly-airplane a0 l1-0 l2-0)
3.244: (drive-truck t2 l2-0 l2-1 c2)
3.244: (fly-airplane a0 l1-0 l0-0)
3.244: (drive-truck t2 l2-0 l2-1 c2)
3.244: (drive-truck t0 l0-0 l0-1 c0)
3.246: (fly-airplane a0 l1-0 l2-0)
3.246: (drive-truck t2 l2-0 l2-1 c2)
3.282: (drive-truck t2 l2-0 l2-1 c2)
3.692: (drive-truck t0 l0-0 l0-1 c0)
3.044: (fly-airplane a0 l1-0 l2-0)
3.044: (drive-truck t0 l0-0 l0-1 c0)
3.247: (drive-truck t2 l2-0 l2-1 c2)
3.247: (drive-truck t0 l0-0 l0-1 c0)
3.247: (fly-airplane a0 l1-0 l0-0)
3.248: (fly-airplane a0 l1-0 l2-0)
3.248: (drive-truck t0 l0-0 l0-1 c0)
3.283: (drive-truck t2 l2-0 l2-1 c2)
3.283: (drive-truck t0 l0-0 l0-1 c0)
3.304: (drive-truck t1 l1-0 l1-1 c1)
2.944: (load-truck p1 t1 l1-1)
3.307: (drive-truck t1 l1-0 l1-1 c1)
3.307: (drive-truck t0 l0-0 l0-1 c0)
3.391: (drive-truck t2 l2-0 l2-1 c2)
3.391: (fly-airplane a0 l1-0 l2-0)
3.644: (drive-truck t2 l2-0 l2-1 c2)
3.701: (drive-truck t2 l2-1 l2-0 c2)
3.760: (fly-airplane a0 l2-0 l0-0)
3.900: (load-truck p4 t1 l1-0)
3.900: (load-truck p0 t1 l1-0)
2.945: (drive-truck t0 l0-0 l0-1 c0)
2.945: (load-truck p1 t1 l1-1)
3.389: (drive-truck t0 l0-1 l0-0 c0)
3.389: (drive-truck t1 l1-1 l1-0 c1)
3.419: (load-truck p1 t1 l1-1)
3.419: (drive-truck t2 l2-0 l2-1 c2)
3.645: (drive-truck t2 l2-0 l2-1 c2)
3.645: (drive-truck t1 l1-0 l1-1 c1)
3.645: (drive-truck t0 l0-0 l0-1 c0)
3.725: (fly-airplane a0 l2-0 l0-0)
3.423: (load-truck p1 t1 l1-1)
3.423: (drive-truck t2 l2-0 l2-1 c2)
3.423: (drive-truck t0 l0-0 l0-1 c0)
3.677: (drive-truck t0 l0-0 l0-1 c0)
3.677: (fly-airplane a0 l2-0 l0-0)
3.795: (fly-airplane a0 l0-0 l1-0)
3.797: (fly-airplane a0 l2-0 l1-0)
3.935: (load-airplane p2 a0 l0-0)
3.949: (load-truck p2 t0 l0-0)
3.969: (drive-truck t1 l1-1 l1-0 c1)
3.937: (load-airplane p4 a0 l1-0)
3.937: (load-airplane p0 a0 l1-0)
3.939: (load-airplane p4 a0 l1-0)
3.939: (load-airplane p0 a0 l1-0)
3.945: (fly-airplane a0 l0-0 l2-0)
3.947: (load-airplane p2 a0 l0-0)
3.947: (drive-truck t0 l0-0 l0-1 c0)
3.951: (unload-truck p1 t1 l1-1)
3.953: (unload-truck p1 t1 l1-1)
3.967: (drive-truck t0 l0-1 l0-0 c0)
3.999: (fly-airplane a0 l2-0 l1-0)
4.024: (fly-airplane a0 l1-0 l0-0)
4.061: (fly-airplane a0 l0-0 l2-0)
4.079: (fly-airplane a0 l1-0 l2-0)
4.079: (fly-airplane a0 l1-0 l2-0)
4.081: (fly-airplane a0 l1-0 l2-0)
4.081: (fly-airplane a0 l1-0 l2-0)
4.082: (fly-airplane a0 l1-0 l0-0)
4.278: (drive-truck t2 l2-0 l2-1 c2)
4.280: (drive-truck t2 l2-0 l2-1 c2)
3.817: (drive-truck t1 l1-1 l1-0 c1)
4.001: (drive-truck t0 l0-0 l0-1 c0)
4.062: (drive-truck t0 l0-1 l0-0 c0)
4.100: (unload-truck p1 t1 l1-1)
4.100: (unload-truck p1 t1 l1-1)
4.102: (unload-truck p1 t1 l1-1)
4.102: (unload-truck p1 t1 l1-1)
4.292: (load-airplane p2 a0 l0-0)
4.300: (drive-truck t2 l2-0 l2-1 c2)
4.302: (load-truck p2 t0 l0-0)
4.010: (drive-truck t1 l1-1 l1-0 c1)
4.010: (drive-truck t1 l1-1 l1-0 c1)
4.012: (drive-truck t1 l1-1 l1-0 c1)
4.012: (drive-truck t1 l1-1 l1-0 c1)
4.028: (load-airplane p2 a0 l0-0)
4.028: (drive-truck t1 l1-1 l1-0 c1)
4.037: (load-truck p2 t0 l0-0)
4.037: (drive-truck t1 l1-1 l1-0 c1)
4.152: (drive-truck t2 l2-0 l2-1 c2)
4.285: (fly-airplane a0 l2-0 l1-0)
3.886: (drive-truck t1 l1-1 l1-0 c1)
3.886: (fly-airplane a0 l2-0 l1-0)
3.886: (fly-airplane a0 l2-0 l1-0)
3.888: (fly-airplane a0 l2-0 l1-0)
3.888: (fly-airplane a0 l2-0 l1-0)
3.962: (fly-airplane a0 l0-0 l1-0)
4.033: (fly-airplane a0 l0-0 l2-0)
4.040: (drive-truck t0 l0-0 l0-1 c0)
4.083: (fly-airplane a0 l0-0 l1-0)
4.092: (drive-truck t0 l0-0 l0-1 c0)
4.083: (fly-airplane a0 l0-0 l1-0)
4.083: (drive-truck t0 l0-0 l0-1 c0)
4.146: (fly-airplane a0 l1-0 l2-0)
4.149: (fly-airplane a0 l0-0 l2-0)
4.214: (drive-truck t2 l2-0 l2-1 c2)
4.214: (drive-truck t2 l2-0 l2-1 c2)
4.217: (drive-truck t2 l2-0 l2-1 c2)
4.217: (drive-truck t2 l2-0 l2-1 c2)
4.279: (drive-truck t2 l2-0 l2-1 c2)
4.285: (drive-truck t1 l1-0 l1-1 c1)
4.287: (drive-truck t0 l0-0 l0-1 c0)
4.349: (fly-airplane a0 l1-0 l2-0)
4.349: (fly-airplane a0 l1-0 l2-0)
4.353: (fly-airplane a0 l1-0 l2-0)
4.353: (fly-airplane a0 l1-0 l2-0)
4.378: (fly-airplane a0 l1-0 l0-0)
4.391: (fly-airplane a0 l1-0 l2-0)
4.398: (drive-truck t2 l2-0 l2-1 c2)
4.410: (drive-truck t1 l1-0 l1-1 c1)
4.413: (drive-truck t1 l1-0 l1-1 c1)
4.303: (fly-airplane a0 l2-0 l0-0)
4.381: (fly-airplane a0 l1-0 l0-0)
4.398: (drive-truck t0 l0-1 l0-0 c0)
4.450: (drive-truck t1 l1-0 l1-1 c1)
4.450: (drive-truck t1 l1-0 l1-1 c1)
4.453: (drive-truck t1 l1-0 l1-1 c1)
4.453: (drive-truck t1 l1-0 l1-1 c1)
4.507: (fly-airplane a0 l1-0 l2-0)
4.619: (drive-truck t2 l2-0 l2-1 c2)
4.640: (drive-truck t1 l1-0 l1-1 c1)
4.368: (drive-truck t0 l0-1 l0-0 c0)
4.368: (fly-airplane a0 l1-0 l0-0)
4.383: (load-truck p1 t1 l1-1)
4.403: (load-truck p1 t1 l1-1)
4.413: (unload-truck p2 t0 l0-0)
4.505: (fly-airplane a0 l1-0 l2-0)
4.505: (drive-truck t0 l0-1 l0-0 c0)
4.527: (load-truck p1 t1 l1-1)
4.527: (load-truck p1 t1 l1-1)
4.529: (load-truck p1 t1 l1-1)
4.156: (load-truck p1 t1 l1-1)
4.156: (unload-truck p2 t0 l0-0)
4.320: (unload-airplane p0 a0 l1-0)
4.355: (drive-truck t0 l0-0 l0-1 c0)
4.381: (drive-truck t0 l0-1 l0-0 c0)
4.381: (fly-airplane a0 l2-0 l1-0)
4.382: (fly-airplane a0 l2-0 l1-0)
4.412: (fly-airplane a0 l0-0 l2-0)
4.529: (drive-truck t0 l0-0 l0-1 c0)
4.630: (load-airplane p2 a0 l0-0)
4.124: (load-truck p1 t1 l1-1)
4.124: (fly-airplane a0 l1-0 l0-0)
4.124: (drive-truck t0 l0-0 l0-1 c0)
4.305: (drive-truck t1 l1-1 l1-0 c1)
4.338: (fly-airplane a0 l0-0 l1-0)
4.338: (drive-truck t0 l0-1 l0-0 c0)
4.338: (unload-airplane p0 a0 l1-0)
4.338: (unload-airplane p4 a0 l1-0)
4.383: (drive-truck t0 l0-0 l0-1 c0)
4.383: (load-airplane p4 a0 l1-0)
4.316: (fly-airplane a0 l1-0 l2-0)
4.401: (load-airplane p2 a0 l0-0)
4.619: (unload-truck p1 t1 l1-1)
4.991: (drive-truck t1 l1-1 l1-0 c1)
4.991: (fly-airplane a0 l1-0 l0-0)
5.233: (unload-airplane p5 a0 l1-0)
5.248: (load-truck p2 t0 l0-0)
5.248: (fly-airplane a0 l1-0 l0-0)
5.258: (unload-airplane p5 a0 l1-0)
5.301: (drive-truck t1 l1-1 l1-0 c1)
4.287: (drive-truck t2 l2-1 l2-0 c2)
4.312: (drive-truck t0 l0-1 l0-0 c0)
4.388: (drive-truck t0 l0-1 l0-0 c0)
4.529: (fly-airplane a0 l0-0 l2-0)
4.615: (drive-truck t0 l0-1 l0-0 c0)
4.643: (unload-truck p1 t1 l1-1)
4.700: (drive-truck t2 l2-1 l2-0 c2)
4.796: (drive-truck t2 l2-1 l2-0 c2)
4.818: (drive-truck t2 l2-1 l2-0 c2)
4.869: (drive-truck t2 l2-1 l2-0 c2)
4.529: (drive-truck t0 l0-1 l0-0 c0)
4.529: (fly-airplane a0 l0-0 l2-0)
4.749: (drive-truck t0 l0-1 l0-0 c0)
4.770: (unload-truck p1 t1 l1-1)
4.770: (fly-airplane a0 l0-0 l2-0)
4.839: (unload-truck p1 t1 l1-1)
4.839: (fly-airplane a0 l1-0 l0-0)
4.867: (drive-truck t0 l0-1 l0-0 c0)
4.869: (fly-airplane a0 l1-0 l0-0)
4.871: (drive-truck t0 l0-0 l0-1 c0)
4.744: (drive-truck t1 l1-1 l1-0 c1)
4.768: (drive-truck t0 l0-1 l0-0 c0)
4.768: (unload-truck p1 t1 l1-1)
4.871: (fly-airplane a0 l0-0 l2-0)
4.873: (drive-truck t0 l0-0 l0-1 c0)
4.873: (fly-airplane a0 l1-0 l0-0)
4.873: (fly-airplane a0 l1-0 l2-0)
4.887: (drive-truck t0 l0-1 l0-0 c0)
4.887: (unload-truck p1 t1 l1-1)
4.959: (load-airplane p2 a0 l0-0)
4.795: (drive-truck t0 l0-1 l0-0 c0)
4.795: (drive-truck t1 l1-1 l1-0 c1)
4.971: (drive-truck t0 l0-0 l0-1 c0)
5.001: (unload-truck p1 t1 l1-1)
5.003: (unload-truck p1 t1 l1-1)
5.004: (unload-truck p1 t1 l1-1)
5.012: (load-airplane p2 a0 l0-0)
5.043: (drive-truck t1 l1-1 l1-0 c1)
5.045: (drive-truck t1 l1-1 l1-0 c1)
5.047: (drive-truck t1 l1-1 l1-0 c1)
4.001: (drive-truck t1 l1-1 l1-0 c1)
4.003: (drive-truck t1 l1-1 l1-0 c1)
4.005: (drive-truck t1 l1-1 l1-0 c1)
4.902: (load-truck p5 t1 l1-0)
4.903: (load-truck p5 t1 l1-0)
4.907: (load-truck p5 t1 l1-0)
5.001: (load-airplane p2 a0 l0-0)
5.001: (drive-truck t0 l0-1 l0-0 c0)
5.001: (fly-airplane a0 l2-0 l0-0)
5.001: (drive-truck t0 l0-1 l0-0 c0)
3.906: (load-truck p5 t1 l1-0)
3.909: (load-truck p5 t1 l1-0)
4.001: (fly-airplane a0 l2-0 l0-0)
4.001: (drive-truck t0 l0-1 l0-0 c0)
4.001: (drive-truck t1 l1-1 l1-0 c1)
4.002: (fly-airplane a0 l2-0 l1-0)
4.002: (fly-airplane a0 l0-0 l1-0)
4.230: (drive-truck t2 l2-0 l2-1 c2)
4.231: (drive-truck t2 l2-0 l2-1 c2)
4.232: (drive-truck t2 l2-0 l2-1 c2)
3.900: (load-truck p0 t1 l1-0)
3.900: (load-truck p4 t1 l1-0)
3.902: (load-truck p4 t1 l1-0)
3.902: (load-truck p0 t1 l1-0)
3.929: (load-truck p5 t1 l1-0)
3.930: (load-truck p5 t1 l1-0)
3.930: (drive-truck t2 l2-0 l2-1 c2)
3.933: (load-truck p5 t1 l1-0)
3.933: (drive-truck t2 l2-0 l2-1 c2)
4.226: (fly-airplane a0 l2-0 l1-0)
3.897: (drive-truck t0 l0-1 l0-0 c0)
3.897: (drive-truck t0 l0-1 l0-0 c0)
3.898: (fly-airplane a0 l2-0 l1-0)
3.898: (fly-airplane a0 l0-0 l1-0)
3.898: (fly-airplane a0 l2-0 l1-0)
3.898: (fly-airplane a0 l0-0 l1-0)
3.900: (drive-truck t0 l0-1 l0-0 c0)
3.900: (drive-truck t0 l0-1 l0-0 c0)
3.929: (fly-airplane a0 l2-0 l0-0)
3.929: (drive-truck t0 l0-1 l0-0 c0)
4.227: (unload-truck p5 t1 l1-0)
4.398: (drive-truck t2 l2-0 l2-1 c2)
4.398: (drive-truck t2 l2-0 l2-1 c2)
4.398: (load-truck p0 t1 l1-0)
4.398: (load-truck p4 t1 l1-0)
4.399: (drive-truck t2 l2-0 l2-1 c2)
4.399: (drive-truck t2 l2-0 l2-1 c2)
4.400: (drive-truck t2 l2-0 l2-1 c2)
4.400: (drive-truck t2 l2-0 l2-1 c2)
4.887: (load-airplane p2 a0 l0-0)
3.929: (unload-truck p0 t1 l1-0)
3.929: (unload-truck p4 t1 l1-0)
4.398: (fly-airplane a0 l0-0 l1-0)
4.398: (fly-airplane a0 l0-0 l1-0)
4.398: (drive-truck t0 l0-1 l0-0 c0)
4.398: (fly-airplane a0 l2-0 l1-0)
4.398: (fly-airplane a0 l2-0 l1-0)
4.398: (drive-truck t0 l0-1 l0-0 c0)
4.401: (fly-airplane a0 l1-0 l2-0)
4.401: (fly-airplane a0 l1-0 l2-0)
4.228: (unload-truck p5 t1 l1-0)
4.384: (load-airplane p4 a0 l1-0)
4.384: (load-airplane p0 a0 l1-0)
4.401: (fly-airplane a0 l2-0 l0-0)
4.401: (fly-airplane a0 l2-0 l0-0)
4.523: (drive-truck t1 l1-0 l1-1 c1)
4.523: (drive-truck t1 l1-0 l1-1 c1)
4.530: (drive-truck t1 l1-0 l1-1 c1)
4.530: (drive-truck t1 l1-0 l1-1 c1)
5.248: (unload-truck p5 t1 l1-0)
4.227: (load-airplane p5 a0 l1-0)
4.228: (drive-truck t1 l1-0 l1-1 c1)
4.228: (drive-truck t1 l1-0 l1-1 c1)
4.369: (fly-airplane a0 l1-0 l2-0)
4.369: (fly-airplane a0 l1-0 l2-0)
4.382: (drive-truck t0 l0-1 l0-0 c0)
4.382: (drive-truck t0 l0-1 l0-0 c0)
4.523: (fly-airplane a0 l1-0 l0-0)
4.523: (fly-airplane a0 l1-0 l0-0)
4.525: (drive-truck t0 l0-0 l0-1 c0)
3.900: (drive-truck t2 l2-1 l2-0 c2)
3.901: (drive-truck t2 l2-1 l2-0 c2)
4.226: (drive-truck t1 l1-0 l1-1 c1)
4.226: (drive-truck t0 l0-1 l0-0 c0)
4.226: (drive-truck t0 l0-1 l0-0 c0)
4.226: (drive-truck t1 l1-0 l1-1 c1)
4.230: (drive-truck t0 l0-0 l0-1 c0)
4.243: (fly-airplane a0 l1-0 l2-0)
4.316: (drive-truck t1 l1-0 l1-1 c1)
4.357: (drive-truck t1 l1-0 l1-1 c1)
3.898: (drive-truck t2 l2-1 l2-0 c2)
3.898: (fly-airplane a0 l1-0 l2-0)
3.899: (drive-truck t0 l0-1 l0-0 c0)
3.902: (drive-truck t0 l0-0 l0-1 c0)
3.902: (drive-truck t2 l2-1 l2-0 c2)
4.246: (drive-truck t0 l0-0 l0-1 c0)
4.246: (fly-airplane a0 l1-0 l2-0)
4.317: (drive-truck t1 l1-0 l1-1 c1)
4.317: (drive-truck t0 l0-0 l0-1 c0)
4.355: (drive-truck t0 l0-1 l0-0 c0)
4.365: (drive-truck t2 l2-0 l2-1 c2)
4.365: (drive-truck t1 l1-1 l1-0 c1)
4.387: (fly-airplane a0 l1-0 l2-0)
4.387: (drive-truck t1 l1-0 l1-1 c1)
4.457: (drive-truck t1 l1-0 l1-1 c1)
4.457: (drive-truck t2 l2-1 l2-0 c2)
4.457: (drive-truck t1 l1-0 l1-1 c1)
4.633: (fly-airplane a0 l1-0 l0-0)
4.674: (fly-airplane a0 l2-0 l0-0)
4.680: (fly-airplane a0 l2-0 l0-0)
4.386: (drive-truck t2 l2-0 l2-1 c2)
4.386: (drive-truck t0 l0-1 l0-0 c0)
4.455: (drive-truck t0 l0-1 l0-0 c0)
4.455: (fly-airplane a0 l2-0 l1-0)
4.459: (fly-airplane a0 l1-0 l2-0)
4.459: (drive-truck t0 l0-0 l0-1 c0)
4.459: (drive-truck t2 l2-1 l2-0 c2)
4.627: (drive-truck t0 l0-0 l0-1 c0)
4.886: (load-airplane p2 a0 l0-0)
4.889: (load-airplane p2 a0 l0-0)
4.898: (drive-truck t0 l0-0 l0-1 c0)
4.898: (load-airplane p2 a0 l0-0)
4.902: (drive-truck t0 l0-0 l0-1 c0)
5.007: (fly-airplane a0 l0-0 l1-0)
5.016: (fly-airplane a0 l0-0 l2-0)
5.017: (fly-airplane a0 l0-0 l2-0)
5.018: (fly-airplane a0 l0-0 l1-0)
5.126: (drive-truck t2 l2-0 l2-1 c2)
5.134: (load-truck p1 t1 l1-1)
5.150: (fly-airplane a0 l2-0 l0-0)
4.988: (drive-truck t1 l1-1 l1-0 c1)
4.999: (drive-truck t1 l1-1 l1-0 c1)
5.007: (fly-airplane a0 l0-0 l1-0)
5.007: (drive-truck t0 l0-0 l0-1 c0)
5.016: (fly-airplane a0 l0-0 l2-0)
5.016: (drive-truck t0 l0-0 l0-1 c0)
5.016: (drive-truck t0 l0-0 l0-1 c0)
5.016: (fly-airplane a0 l0-0 l2-0)
5.018: (fly-airplane a0 l0-0 l1-0)
5.018: (drive-truck t0 l0-0 l0-1 c0)
4.952: (drive-truck t0 l0-0 l0-1 c0)
4.985: (fly-airplane a0 l1-0 l2-0)
4.990: (drive-truck t0 l0-0 l0-1 c0)
5.073: (unload-airplane p0 a0 l1-0)
5.215: (load-airplane p2 a0 l0-0)
5.229: (load-truck p2 t0 l0-0)
5.311: (drive-truck t2 l2-0 l2-1 c2)
5.343: (drive-truck t2 l2-0 l2-1 c2)
5.351: (drive-truck t2 l2-0 l2-1 c2)
5.469: (drive-truck t2 l2-0 l2-1 c2)
4.904: (drive-truck t2 l2-1 l2-0 c2)
4.910: (fly-airplane a0 l1-0 l0-0)
4.987: (drive-truck t0 l0-0 l0-1 c0)
4.987: (fly-airplane a0 l1-0 l2-0)
5.007: (load-airplane p4 a0 l1-0)
5.016: (load-truck p0 t1 l1-0)
5.016: (load-truck p4 t1 l1-0)
5.025: (fly-airplane a0 l1-0 l2-0)
5.072: (drive-truck t0 l0-1 l0-0 c0)
5.096: (drive-truck t2 l2-0 l2-1 c2)
4.693: (drive-truck t1 l1-0 l1-1 c1)
4.806: (drive-truck t1 l1-0 l1-1 c1)
4.896: (fly-airplane a0 l1-0 l0-0)
4.896: (drive-truck t0 l0-1 l0-0 c0)
4.898: (fly-airplane a0 l1-0 l0-0)
4.900: (fly-airplane a0 l0-0 l2-0)
4.901: (load-truck p0 t1 l1-0)
4.901: (load-truck p4 t1 l1-0)
4.901: (fly-airplane a0 l1-0 l0-0)
4.901: (fly-airplane a0 l1-0 l0-0)
4.248: (drive-truck t2 l2-0 l2-1 c2)
4.358: (drive-truck t2 l2-0 l2-1 c2)
4.627: (unload-airplane p2 a0 l0-0)
4.679: (drive-truck t1 l1-0 l1-1 c1)
4.679: (drive-truck t0 l0-1 l0-0 c0)
4.807: (drive-truck t0 l0-1 l0-0 c0)
4.886: (drive-truck t0 l0-1 l0-0 c0)
4.887: (drive-truck t0 l0-1 l0-0 c0)
4.887: (load-truck p0 t1 l1-0)
4.902: (fly-airplane a0 l2-0 l1-0)
4.234: (drive-truck t2 l2-0 l2-1 c2)
4.234: (drive-truck t0 l0-1 l0-0 c0)
4.359: (drive-truck t0 l0-1 l0-0 c0)
4.359: (drive-truck t2 l2-0 l2-1 c2)
4.933: (drive-truck t1 l1-1 l1-0 c1)
5.007: (fly-airplane a0 l0-0 l1-0)
5.016: (fly-airplane a0 l0-0 l2-0)
5.016: (fly-airplane a0 l0-0 l1-0)
5.019: (fly-airplane a0 l0-0 l2-0)
5.024: (drive-truck t1 l1-1 l1-0 c1)
4.919: (drive-truck t1 l1-1 l1-0 c1)
4.919: (drive-truck t0 l0-1 l0-0 c0)
5.016: (drive-truck t0 l0-0 l0-1 c0)
5.019: (drive-truck t0 l0-0 l0-1 c0)
5.019: (load-truck p4 t1 l1-0)
5.043: (fly-airplane a0 l0-0 l2-0)
5.043: (drive-truck t2 l2-0 l2-1 c2)
5.043: (drive-truck t1 l1-1 l1-0 c1)
5.131: (unload-truck p5 t1 l1-0)
5.206: (load-truck p1 t1 l1-1)
4.215: (unload-airplane p2 a0 l0-0)
4.991: (fly-airplane a0 l2-0 l0-0)
5.016: (fly-airplane a0 l2-0 l1-0)
5.019: (drive-truck t0 l0-0 l0-1 c0)
5.095: (fly-airplane a0 l0-0 l1-0)
5.095: (fly-airplane a0 l2-0 l1-0)
5.131: (drive-truck t0 l0-0 l0-1 c0)
5.133: (fly-airplane a0 l2-0 l1-0)
5.218: (unload-truck p5 t1 l1-0)
5.220: (drive-truck t0 l0-0 l0-1 c0)
4.214: (fly-airplane a0 l0-0 l1-0)
4.218: (fly-airplane a0 l0-0 l2-0)
4.219: (drive-truck t0 l0-0 l0-1 c0)
4.219: (unload-airplane p2 a0 l0-0)
4.256: (drive-truck t2 l2-1 l2-0 c2)
4.911: (drive-truck t1 l1-1 l1-0 c1)
5.005: (fly-airplane a0 l2-0 l0-0)
5.005: (drive-truck t0 l0-0 l0-1 c0)
5.133: (drive-truck t0 l0-0 l0-1 c0)
5.133: (fly-airplane a0 l2-0 l1-0)
4.216: (fly-airplane a0 l0-0 l1-0)
4.216: (drive-truck t0 l0-0 l0-1 c0)
4.220: (drive-truck t0 l0-0 l0-1 c0)
4.220: (fly-airplane a0 l0-0 l2-0)
4.255: (drive-truck t2 l2-1 l2-0 c2)
4.255: (fly-airplane a0 l0-0 l1-0)
4.260: (drive-truck t2 l2-1 l2-0 c2)
4.260: (drive-truck t0 l0-0 l0-1 c0)
4.270: (drive-truck t2 l2-1 l2-0 c2)
4.270: (fly-airplane a0 l0-0 l2-0)
4.257: (drive-truck t0 l0-0 l0-1 c0)
4.257: (drive-truck t2 l2-1 l2-0 c2)
4.257: (fly-airplane a0 l0-0 l1-0)
4.272: (drive-truck t0 l0-0 l0-1 c0)
4.272: (fly-airplane a0 l0-0 l2-0)
4.272: (drive-truck t2 l2-1 l2-0 c2)
4.903: (drive-truck t1 l1-1 l1-0 c1)
4.912: (drive-truck t1 l1-1 l1-0 c1)
4.914: (drive-truck t1 l1-1 l1-0 c1)
5.047: (unload-truck p5 t1 l1-1)
4.903: (fly-airplane a0 l1-0 l0-0)
4.904: (drive-truck t1 l1-1 l1-0 c1)
4.904: (drive-truck t0 l0-0 l0-1 c0)
4.904: (drive-truck t2 l2-1 l2-0 c2)
4.910: (drive-truck t0 l0-1 l0-0 c0)
4.910: (drive-truck t2 l2-0 l2-1 c2)
4.912: (drive-truck t0 l0-1 l0-0 c0)
4.914: (fly-airplane a0 l2-0 l0-0)
4.914: (fly-airplane a0 l1-0 l0-0)
4.970: (load-airplane p0 a0 l1-0)
4.972: (load-airplane p4 a0 l1-0)
4.972: (load-airplane p0 a0 l1-0)
4.972: (drive-truck t0 l0-0 l0-1 c0)
4.981: (fly-airplane a0 l1-0 l2-0)
4.984: (load-truck p0 t1 l1-0)
4.984: (load-truck p4 t1 l1-0)
4.987: (load-truck p0 t1 l1-0)
4.987: (load-truck p4 t1 l1-0)
5.037: (unload-truck p5 t1 l1-0)
5.044: (unload-truck p5 t1 l1-0)
4.970: (drive-truck t0 l0-1 l0-0 c0)
4.982: (fly-airplane a0 l1-0 l2-0)
4.982: (fly-airplane a0 l1-0 l2-0)
4.982: (drive-truck t0 l0-0 l0-1 c0)
4.985: (drive-truck t0 l0-1 l0-0 c0)
4.985: (fly-airplane a0 l0-0 l1-0)
4.985: (drive-truck t0 l0-1 l0-0 c0)
4.985: (fly-airplane a0 l0-0 l1-0)
4.988: (fly-airplane a0 l0-0 l2-0)
4.988: (fly-airplane a0 l0-0 l2-0)
4.981: (drive-truck t0 l0-1 l0-0 c0)
4.981: (fly-airplane a0 l1-0 l2-0)
4.990: (drive-truck t0 l0-0 l0-1 c0)
4.990: (drive-truck t0 l0-0 l0-1 c0)
5.347: (drive-truck t1 l1-0 l1-1 c1)
5.449: (drive-truck t2 l2-0 l2-1 c2)
5.449: (drive-truck t2 l2-0 l2-1 c2)
5.474: (drive-truck t2 l2-0 l2-1 c2)
5.492: (drive-truck t2 l2-0 l2-1 c2)
5.492: (drive-truck t2 l2-0 l2-1 c2)
4.721: (unload-truck p1 t1 l1-1)
4.988: (fly-airplane a0 l2-0 l0-0)
4.988: (fly-airplane a0 l2-0 l0-0)
5.199: (drive-truck t1 l1-0 l1-1 c1)
5.199: (drive-truck t2 l2-0 l2-1 c2)
5.330: (drive-truck t1 l1-0 l1-1 c1)
5.330: (drive-truck t1 l1-0 l1-1 c1)
5.349: (drive-truck t0 l0-0 l0-1 c0)
5.446: (fly-airplane a0 l1-0 l2-0)
5.446: (drive-truck t2 l2-0 l2-1 c2)
4.357: (unload-truck p1 t1 l1-1)
4.723: (drive-truck t0 l0-0 l0-1 c0)
4.723: (unload-truck p1 t1 l1-1)
5.201: (drive-truck t2 l2-0 l2-1 c2)
5.201: (drive-truck t0 l0-0 l0-1 c0)
5.201: (fly-airplane a0 l2-0 l1-0)
5.201: (fly-airplane a0 l2-0 l1-0)
5.328: (drive-truck t1 l1-0 l1-1 c1)
5.328: (fly-airplane a0 l1-0 l2-0)
5.328: (drive-truck t0 l0-1 l0-0 c0)
4.355: (unload-truck p1 t1 l1-1)
4.355: (drive-truck t0 l0-1 l0-0 c0)
4.789: (drive-truck t2 l2-1 l2-0 c2)
4.789: (fly-airplane a0 l1-0 l2-0)
5.085: (fly-airplane a0 l2-0 l0-0)
5.199: (drive-truck t0 l0-1 l0-0 c0)
5.349: (drive-truck t2 l2-1 l2-0 c2)
5.446: (unload-airplane p4 a0 l2-0)
5.476: (drive-truck t1 l1-1 l1-0 c1)
5.476: (drive-truck t1 l1-1 l1-0 c1)
4.723: (unload-truck p1 t1 l1-1)
5.126: (drive-truck t1 l1-1 l1-0 c1)
5.133: (fly-airplane a0 l2-0 l0-0)
5.133: (drive-truck t0 l0-1 l0-0 c0)
5.328: (fly-airplane a0 l1-0 l2-0)
5.347: (drive-truck t2 l2-1 l2-0 c2)
5.347: (drive-truck t0 l0-1 l0-0 c0)
5.357: (load-truck p2 t0 l0-0)
5.363: (load-airplane p2 a0 l0-0)
5.438: (drive-truck t1 l1-1 l1-0 c1)
4.721: (unload-truck p1 t1 l1-1)
4.721: (drive-truck t0 l0-1 l0-0 c0)
4.789: (fly-airplane a0 l1-0 l2-0)
5.173: (drive-truck t1 l1-1 l1-0 c1)
5.173: (drive-truck t0 l0-1 l0-0 c0)
5.228: (fly-airplane a0 l2-0 l1-0)
5.343: (fly-airplane a0 l0-0 l1-0)
5.349: (load-airplane p2 a0 l0-0)
5.349: (drive-truck t0 l0-1 l0-0 c0)
5.359: (drive-truck t1 l1-1 l1-0 c1)
4.244: (unload-airplane p4 a0 l1-0)
4.787: (fly-airplane a0 l1-0 l2-0)
4.787: (drive-truck t0 l0-1 l0-0 c0)
4.901: (drive-truck t2 l2-1 l2-0 c2)
5.219: (unload-airplane p4 a0 l1-0)
5.345: (fly-airplane a0 l0-0 l1-0)
5.345: (drive-truck t0 l0-1 l0-0 c0)
5.363: (fly-airplane a0 l1-0 l0-0)
5.384: (drive-truck t1 l1-1 l1-0 c1)
5.384: (fly-airplane a0 l2-0 l1-0)
4.247: (fly-airplane a0 l1-0 l0-0)
4.247: (fly-airplane a0 l1-0 l2-0)
4.690: (drive-truck t2 l2-1 l2-0 c2)
4.888: (drive-truck t2 l2-1 l2-0 c2)
4.888: (fly-airplane a0 l2-0 l1-0)
4.899: (fly-airplane a0 l2-0 l0-0)
4.929: (unload-airplane p4 a0 l1-0)
4.929: (drive-truck t1 l1-1 l1-0 c1)
5.215: (load-truck p1 t1 l1-1)
5.220: (drive-truck t0 l0-1 l0-0 c0)
4.693: (fly-airplane a0 l1-0 l0-0)
4.693: (drive-truck t2 l2-1 l2-0 c2)
4.701: (drive-truck t2 l2-1 l2-0 c2)
4.701: (fly-airplane a0 l1-0 l2-0)
4.906: (drive-truck t1 l1-1 l1-0 c1)
4.906: (drive-truck t2 l2-1 l2-0 c2)
4.906: (unload-airplane p4 a0 l1-0)
4.930: (drive-truck t1 l1-1 l1-0 c1)
4.930: (fly-airplane a0 l1-0 l2-0)
4.932: (fly-airplane a0 l1-0 l0-0)
4.888: (load-airplane p0 a0 l1-0)
4.898: (load-truck p4 t1 l1-0)
4.898: (load-truck p0 t1 l1-0)
4.906: (drive-truck t2 l2-1 l2-0 c2)
4.906: (fly-airplane a0 l1-0 l2-0)
4.906: (drive-truck t1 l1-1 l1-0 c1)
4.909: (drive-truck t1 l1-1 l1-0 c1)
4.909: (fly-airplane a0 l1-0 l0-0)
4.909: (drive-truck t2 l2-1 l2-0 c2)
5.001: (unload-truck p5 t1 l1-0)
4.899: (fly-airplane a0 l1-0 l0-0)
4.900: (load-truck p4 t1 l1-0)
4.900: (load-truck p0 t1 l1-0)
4.900: (fly-airplane a0 l1-0 l0-0)
4.900: (fly-airplane a0 l1-0 l0-0)
4.901: (fly-airplane a0 l1-0 l2-0)
4.902: (fly-airplane a0 l1-0 l2-0)
4.902: (fly-airplane a0 l1-0 l2-0)
4.902: (load-truck p0 t1 l1-0)
4.902: (load-truck p4 t1 l1-0)
5.359: (drive-truck t2 l2-0 l2-1 c2)
5.398: (drive-truck t2 l2-0 l2-1 c2)
5.401: (drive-truck t2 l2-0 l2-1 c2)
5.401: (drive-truck t2 l2-0 l2-1 c2)
5.401: (drive-truck t2 l2-0 l2-1 c2)
5.402: (drive-truck t2 l2-0 l2-1 c2)
5.789: (drive-truck t1 l1-0 l1-1 c1)
5.792: (drive-truck t1 l1-0 l1-1 c1)
5.875: (drive-truck t0 l0-0 l0-1 c0)
5.888: (drive-truck t0 l0-0 l0-1 c0)
5.173: (unload-truck p2 t0 l0-0)
5.357: (drive-truck t2 l2-0 l2-1 c2)
5.357: (drive-truck t1 l1-0 l1-1 c1)
5.363: (drive-truck t1 l1-0 l1-1 c1)
5.363: (drive-truck t2 l2-0 l2-1 c2)
5.384: (fly-airplane a0 l0-0 l1-0)
5.384: (fly-airplane a0 l2-0 l1-0)
5.399: (fly-airplane a0 l2-0 l1-0)
5.399: (fly-airplane a0 l0-0 l1-0)
5.399: (fly-airplane a0 l0-0 l1-0)
5.133: (unload-truck p2 t0 l0-0)
5.133: (drive-truck t1 l1-0 l1-1 c1)
5.228: (fly-airplane a0 l2-0 l1-0)
5.228: (drive-truck t1 l1-0 l1-1 c1)
5.228: (fly-airplane a0 l0-0 l1-0)
5.385: (load-airplane p2 a0 l0-0)
5.525: (drive-truck t1 l1-0 l1-1 c1)
5.525: (drive-truck t1 l1-0 l1-1 c1)
6.162: (unload-truck p5 t1 l1-0)
6.174: (load-truck p4 t1 l1-0)
5.085: (drive-truck t0 l0-0 l0-1 c0)
5.208: (fly-airplane a0 l0-0 l1-0)
5.340: (fly-airplane a0 l0-0 l2-0)
5.349: (load-airplane p2 a0 l0-0)
5.349: (drive-truck t1 l1-0 l1-1 c1)
5.394: (fly-airplane a0 l0-0 l1-0)
5.397: (drive-truck t0 l0-0 l0-1 c0)
5.404: (fly-airplane a0 l0-0 l2-0)
5.468: (fly-airplane a0 l0-0 l2-0)
5.504: (fly-airplane a0 l0-0 l1-0)
4.895: (drive-truck t2 l2-1 l2-0 c2)
4.895: (drive-truck t2 l2-1 l2-0 c2)
4.968: (drive-truck t2 l2-1 l2-0 c2)
5.171: (drive-truck t2 l2-1 l2-0 c2)
5.210: (drive-truck t0 l0-0 l0-1 c0)
5.343: (drive-truck t0 l0-0 l0-1 c0)
5.345: (fly-airplane a0 l0-0 l1-0)
5.345: (drive-truck t1 l1-0 l1-1 c1)
5.363: (drive-truck t1 l1-0 l1-1 c1)
5.363: (load-airplane p2 a0 l0-0)
4.897: (drive-truck t0 l0-0 l0-1 c0)
4.897: (drive-truck t0 l0-0 l0-1 c0)
4.897: (drive-truck t2 l2-1 l2-0 c2)
4.970: (drive-truck t2 l2-1 l2-0 c2)
4.970: (drive-truck t0 l0-0 l0-1 c0)
5.173: (drive-truck t0 l0-0 l0-1 c0)
5.220: (drive-truck t1 l1-0 l1-1 c1)
5.343: (drive-truck t0 l0-0 l0-1 c0)
5.343: (fly-airplane a0 l0-0 l1-0)
5.396: (fly-airplane a0 l2-0 l1-0)
5.177: (load-truck p1 t1 l1-1)
5.222: (drive-truck t1 l1-0 l1-1 c1)
5.222: (drive-truck t0 l0-0 l0-1 c0)
5.406: (drive-truck t2 l2-0 l2-1 c2)
5.408: (drive-truck t1 l1-0 l1-1 c1)
5.464: (drive-truck t2 l2-0 l2-1 c2)
5.466: (fly-airplane a0 l1-0 l2-0)
5.504: (drive-truck t1 l1-1 l1-0 c1)
5.625: (fly-airplane a0 l1-0 l0-0)
5.625: (fly-airplane a0 l2-0 l0-0)
4.525: (unload-airplane p0 a0 l1-0)
5.179: (drive-truck t0 l0-0 l0-1 c0)
5.179: (load-truck p1 t1 l1-1)
5.406: (drive-truck t0 l0-1 l0-0 c0)
5.465: (fly-airplane a0 l1-0 l2-0)
5.466: (drive-truck t0 l0-1 l0-0 c0)
5.467: (drive-truck t0 l0-0 l0-1 c0)
5.467: (drive-truck t2 l2-0 l2-1 c2)
5.467: (drive-truck t1 l1-0 l1-1 c1)
5.535: (load-truck p1 t1 l1-1)
4.527: (fly-airplane a0 l1-0 l0-0)
4.931: (drive-truck t2 l2-1 l2-0 c2)
5.463: (drive-truck t0 l0-1 l0-0 c0)
5.463: (fly-airplane a0 l1-0 l2-0)
5.515: (load-truck p1 t1 l1-1)
5.537: (drive-truck t2 l2-0 l2-1 c2)
5.537: (load-truck p1 t1 l1-1)
5.537: (drive-truck t0 l0-0 l0-1 c0)
5.759: (fly-airplane a0 l2-0 l1-0)
5.888: (drive-truck t2 l2-1 l2-0 c2)
4.929: (drive-truck t0 l0-1 l0-0 c0)
4.933: (drive-truck t2 l2-1 l2-0 c2)
4.933: (fly-airplane a0 l1-0 l0-0)
4.938: (fly-airplane a0 l1-0 l2-0)
5.494: (drive-truck t1 l1-1 l1-0 c1)
5.513: (drive-truck t0 l0-1 l0-0 c0)
5.517: (fly-airplane a0 l1-0 l0-0)
5.517: (load-truck p1 t1 l1-1)
5.519: (fly-airplane a0 l1-0 l2-0)
5.528: (load-airplane p2 a0 l0-0)
4.929: (fly-airplane a0 l1-0 l0-0)
4.929: (drive-truck t0 l0-1 l0-0 c0)
4.936: (drive-truck t0 l0-1 l0-0 c0)
4.936: (fly-airplane a0 l1-0 l2-0)
5.402: (drive-truck t1 l1-1 l1-0 c1)
5.495: (fly-airplane a0 l1-0 l0-0)
5.495: (drive-truck t1 l1-1 l1-0 c1)
5.495: (fly-airplane a0 l1-0 l2-0)
5.496: (drive-truck t1 l1-1 l1-0 c1)
5.513: (fly-airplane a0 l1-0 l0-0)
4.528: (drive-truck t2 l2-0 l2-1 c2)
5.388: (drive-truck t0 l0-1 l0-0 c0)
5.461: (fly-airplane a0 l0-0 l2-0)
5.492: (drive-truck t0 l0-1 l0-0 c0)
5.492: (drive-truck t1 l1-1 l1-0 c1)
5.494: (drive-truck t0 l0-1 l0-0 c0)
5.517: (fly-airplane a0 l0-0 l2-0)
5.518: (fly-airplane a0 l0-0 l1-0)
5.681: (load-truck p1 t1 l1-1)
5.681: (drive-truck t2 l2-1 l2-0 c2)
5.461: (drive-truck t0 l0-1 l0-0 c0)
5.461: (fly-airplane a0 l0-0 l2-0)
5.514: (drive-truck t1 l1-0 l1-1 c1)
5.518: (fly-airplane a0 l0-0 l1-0)
5.518: (drive-truck t0 l0-1 l0-0 c0)
5.529: (load-truck p2 t0 l0-0)
5.576: (drive-truck t1 l1-0 l1-1 c1)
5.635: (drive-truck t1 l1-0 l1-1 c1)
5.680: (fly-airplane a0 l0-0 l1-0)
5.685: (drive-truck t0 l0-0 l0-1 c0)
5.527: (fly-airplane a0 l2-0 l0-0)
5.577: (drive-truck t1 l1-0 l1-1 c1)
5.577: (fly-airplane a0 l0-0 l1-0)
5.577: (drive-truck t0 l0-1 l0-0 c0)
5.635: (fly-airplane a0 l0-0 l2-0)
5.635: (drive-truck t1 l1-0 l1-1 c1)
5.635: (drive-truck t0 l0-1 l0-0 c0)
5.682: (fly-airplane a0 l0-0 l1-0)
5.682: (drive-truck t0 l0-0 l0-1 c0)
5.696: (fly-airplane a0 l1-0 l2-0)
5.698: (fly-airplane a0 l1-0 l2-0)
5.698: (drive-truck t0 l0-0 l0-1 c0)
5.933: (drive-truck t2 l2-1 l2-0 c2)
6.030: (drive-truck t2 l2-1 l2-0 c2)
6.046: (drive-truck t2 l2-1 l2-0 c2)
6.515: (drive-truck t0 l0-0 l0-1 c0)
6.517: (load-truck p1 t1 l1-1)
6.523: (load-airplane p0 a0 l1-0)
6.564: (load-truck p1 t1 l1-1)
6.603: (load-airplane p0 a0 l1-0)
5.915: (unload-truck p1 t1 l1-1)
5.920: (fly-airplane a0 l2-0 l0-0)
5.920: (fly-airplane a0 l1-0 l0-0)
5.931: (fly-airplane a0 l0-0 l1-0)
5.938: (fly-airplane a0 l0-0 l2-0)
5.987: (drive-truck t1 l1-1 l1-0 c1)
6.029: (drive-truck t0 l0-0 l0-1 c0)
6.046: (drive-truck t0 l0-0 l0-1 c0)
6.391: (drive-truck t1 l1-1 l1-0 c1)
6.397: (drive-truck t2 l2-0 l2-1 c2)
5.913: (drive-truck t0 l0-1 l0-0 c0)
5.921: (unload-truck p4 t1 l1-0)
5.934: (fly-airplane a0 l1-0 l0-0)
5.934: (drive-truck t0 l0-0 l0-1 c0)
5.934: (fly-airplane a0 l2-0 l0-0)
5.986: (drive-truck t0 l0-1 l0-0 c0)
5.988: (fly-airplane a0 l1-0 l2-0)
6.393: (fly-airplane a0 l0-0 l1-0)
6.395: (fly-airplane a0 l0-0 l2-0)
6.395: (drive-truck t0 l0-1 l0-0 c0)
5.235: (drive-truck t1 l1-0 l1-1 c1)
5.886: (fly-airplane a0 l1-0 l2-0)
5.891: (drive-truck t2 l2-1 l2-0 c2)
5.894: (drive-truck t2 l2-1 l2-0 c2)
5.898: (drive-truck t2 l2-1 l2-0 c2)
5.922: (fly-airplane a0 l0-0 l1-0)
5.922: (unload-truck p4 t1 l1-0)
5.923: (fly-airplane a0 l0-0 l2-0)
5.923: (unload-truck p4 t1 l1-0)
5.986: (fly-airplane a0 l1-0 l2-0)
5.236: (fly-airplane a0 l0-0 l1-0)
5.236: (drive-truck t1 l1-0 l1-1 c1)
5.240: (fly-airplane a0 l0-0 l2-0)
5.240: (drive-truck t1 l1-0 l1-1 c1)
5.681: (drive-truck t2 l2-1 l2-0 c2)
5.681: (drive-truck t1 l1-0 l1-1 c1)
5.888: (load-truck p0 t1 l1-0)
5.898: (unload-truck p4 t1 l1-0)
5.898: (fly-airplane a0 l0-0 l2-0)
5.899: (drive-truck t2 l2-1 l2-0 c2)
5.682: (drive-truck t2 l2-1 l2-0 c2)
5.682: (fly-airplane a0 l0-0 l1-0)
5.694: (drive-truck t2 l2-1 l2-0 c2)
5.694: (drive-truck t1 l1-0 l1-1 c1)
5.694: (fly-airplane a0 l0-0 l2-0)
5.891: (fly-airplane a0 l0-0 l1-0)
5.894: (fly-airplane a0 l0-0 l2-0)
5.894: (load-truck p0 t1 l1-0)
5.899: (fly-airplane a0 l2-0 l1-0)
5.995: (unload-truck p5 t1 l1-0)
5.003: (drive-truck t0 l0-1 l0-0 c0)
5.880: (load-airplane p0 a0 l1-0)
5.880: (load-airplane p4 a0 l1-0)
5.992: (fly-airplane a0 l2-0 l0-0)
5.994: (unload-truck p5 t1 l1-0)
5.994: (fly-airplane a0 l2-0 l1-0)
6.225: (drive-truck t2 l2-0 l2-1 c2)
6.250: (load-truck p1 t1 l1-1)
6.264: (load-truck p1 t1 l1-1)
6.393: (drive-truck t2 l2-0 l2-1 c2)
4.954: (load-airplane p5 a0 l1-0)
5.004: (drive-truck t0 l0-1 l0-0 c0)
5.004: (fly-airplane a0 l2-0 l0-0)
5.232: (drive-truck t0 l0-1 l0-0 c0)
5.232: (drive-truck t2 l2-0 l2-1 c2)
5.257: (drive-truck t0 l0-1 l0-0 c0)
5.272: (drive-truck t0 l0-1 l0-0 c0)
5.875: (fly-airplane a0 l1-0 l0-0)
5.893: (fly-airplane a0 l1-0 l2-0)
5.893: (fly-airplane a0 l1-0 l2-0)
5.016: (fly-airplane a0 l1-0 l0-0)
5.020: (fly-airplane a0 l1-0 l2-0)
5.220: (drive-truck t2 l2-0 l2-1 c2)
5.228: (fly-airplane a0 l2-0 l1-0)
5.231: (fly-airplane a0 l2-0 l0-0)
5.231: (drive-truck t2 l2-0 l2-1 c2)
5.260: (fly-airplane a0 l1-0 l0-0)
5.260: (fly-airplane a0 l2-0 l0-0)
5.272: (drive-truck t2 l2-0 l2-1 c2)
5.880: (load-airplane p4 a0 l1-0)
4.887: (drive-truck t0 l0-1 l0-0 c0)
5.219: (fly-airplane a0 l2-0 l0-0)
5.219: (drive-truck t2 l2-0 l2-1 c2)
5.280: (drive-truck t1 l1-0 l1-1 c1)
5.283: (drive-truck t1 l1-0 l1-1 c1)
5.355: (drive-truck t2 l2-0 l2-1 c2)
5.355: (fly-airplane a0 l1-0 l0-0)
5.376: (fly-airplane a0 l1-0 l2-0)
5.376: (drive-truck t2 l2-0 l2-1 c2)
5.879: (load-truck p0 t1 l1-0)
4.297: (drive-truck t0 l0-1 l0-0 c0)
4.924: (load-truck p1 t1 l1-1)
4.938: (load-truck p1 t1 l1-1)
5.012: (fly-airplane a0 l1-0 l2-0)
5.013: (fly-airplane a0 l1-0 l0-0)
5.213: (drive-truck t2 l2-0 l2-1 c2)
5.286: (drive-truck t1 l1-0 l1-1 c1)
5.617: (drive-truck t1 l1-0 l1-1 c1)
5.617: (drive-truck t2 l2-0 l2-1 c2)
5.638: (drive-truck t2 l2-0 l2-1 c2)
4.654: (drive-truck t0 l0-1 l0-0 c0)
4.654: (drive-truck t2 l2-0 l2-1 c2)
4.939: (load-truck p1 t1 l1-1)
4.952: (unload-airplane p4 a0 l1-0)
4.952: (fly-airplane a0 l2-0 l1-0)
5.101: (fly-airplane a0 l1-0 l2-0)
5.101: (drive-truck t1 l1-0 l1-1 c1)
5.102: (drive-truck t1 l1-0 l1-1 c1)
5.102: (fly-airplane a0 l1-0 l0-0)
5.339: (drive-truck t2 l2-0 l2-1 c2)
5.080: (fly-airplane a0 l1-0 l2-0)
5.080: (load-truck p1 t1 l1-1)
5.082: (fly-airplane a0 l1-0 l0-0)
5.082: (load-truck p1 t1 l1-1)
5.119: (unload-truck p2 t0 l0-0)
5.278: (drive-truck t2 l2-0 l2-1 c2)
5.278: (fly-airplane a0 l2-0 l1-0)
5.286: (load-airplane p0 a0 l1-0)
5.344: (fly-airplane a0 l0-0 l2-0)
5.383: (drive-truck t2 l2-0 l2-1 c2)
4.887: (drive-truck t1 l1-1 l1-0 c1)
4.939: (load-truck p1 t1 l1-1)
5.069: (drive-truck t0 l0-0 l0-1 c0)
5.101: (fly-airplane a0 l1-0 l2-0)
5.102: (fly-airplane a0 l1-0 l0-0)
5.214: (drive-truck t1 l1-0 l1-1 c1)
5.323: (load-airplane p2 a0 l0-0)
5.443: (drive-truck t1 l1-0 l1-1 c1)
5.518: (fly-airplane a0 l1-0 l0-0)
5.518: (drive-truck t2 l2-0 l2-1 c2)
4.887: (unload-truck p2 t0 l0-0)
5.012: (drive-truck t1 l1-1 l1-0 c1)
5.012: (fly-airplane a0 l1-0 l2-0)
5.013: (drive-truck t1 l1-1 l1-0 c1)
5.013: (fly-airplane a0 l1-0 l0-0)
5.080: (fly-airplane a0 l1-0 l2-0)
5.080: (load-truck p1 t1 l1-1)
5.082: (fly-airplane a0 l1-0 l0-0)
5.082: (load-truck p1 t1 l1-1)
5.169: (drive-truck t0 l0-0 l0-1 c0)
4.795: (drive-truck t1 l1-1 l1-0 c1)
4.795: (unload-truck p2 t0 l0-0)
4.839: (drive-truck t0 l0-0 l0-1 c0)
4.867: (load-truck p1 t1 l1-1)
4.867: (unload-truck p2 t0 l0-0)
5.090: (load-airplane p2 a0 l0-0)
5.214: (drive-truck t2 l2-0 l2-1 c2)
5.339: (drive-truck t2 l2-0 l2-1 c2)
5.344: (drive-truck t2 l2-0 l2-1 c2)
5.428: (load-airplane p2 a0 l0-0)
4.615: (fly-airplane a0 l0-0 l1-0)
4.744: (drive-truck t1 l1-1 l1-0 c1)
4.744: (drive-truck t0 l0-0 l0-1 c0)
4.818: (drive-truck t0 l0-0 l0-1 c0)
4.818: (load-truck p1 t1 l1-1)
5.001: (load-airplane p2 a0 l0-0)
5.001: (drive-truck t1 l1-1 l1-0 c1)
5.070: (load-airplane p2 a0 l0-0)
5.070: (load-truck p1 t1 l1-1)
5.102: (drive-truck t0 l0-0 l0-1 c0)
5.005: (fly-airplane a0 l0-0 l1-0)
5.012: (drive-truck t0 l0-0 l0-1 c0)
5.012: (drive-truck t1 l1-1 l1-0 c1)
5.012: (load-airplane p2 a0 l0-0)
5.055: (fly-airplane a0 l0-0 l1-0)
5.069: (drive-truck t2 l2-0 l2-1 c2)
5.082: (load-airplane p2 a0 l0-0)
5.082: (load-truck p1 t1 l1-1)
5.082: (drive-truck t0 l0-0 l0-1 c0)
5.126: (fly-airplane a0 l0-0 l2-0)
4.918: (unload-airplane p0 a0 l1-0)
5.005: (drive-truck t0 l0-0 l0-1 c0)
5.005: (fly-airplane a0 l0-0 l1-0)
5.054: (drive-truck t0 l0-0 l0-1 c0)
5.054: (fly-airplane a0 l0-0 l1-0)
5.119: (drive-truck t0 l0-1 l0-0 c0)
5.127: (fly-airplane a0 l0-0 l2-0)
5.127: (drive-truck t0 l0-0 l0-1 c0)
5.169: (drive-truck t1 l1-0 l1-1 c1)
5.197: (fly-airplane a0 l0-0 l2-0)
4.918: (unload-airplane p0 a0 l1-0)
4.918: (drive-truck t0 l0-0 l0-1 c0)
5.055: (load-airplane p4 a0 l1-0)
5.075: (unload-truck p1 t1 l1-1)
5.124: (drive-truck t1 l1-1 l1-0 c1)
5.198: (drive-truck t0 l0-1 l0-0 c0)
5.208: (unload-truck p1 t1 l1-1)
5.208: (drive-truck t1 l1-0 l1-1 c1)
5.248: (load-truck p1 t1 l1-1)
5.323: (load-airplane p2 a0 l0-0)
5.054: (drive-truck t0 l0-0 l0-1 c0)
5.054: (load-airplane p4 a0 l1-0)
5.070: (fly-airplane a0 l1-0 l0-0)
5.074: (drive-truck t0 l0-0 l0-1 c0)
5.074: (unload-truck p1 t1 l1-1)
5.086: (fly-airplane a0 l1-0 l2-0)
5.124: (drive-truck t0 l0-0 l0-1 c0)
5.124: (drive-truck t1 l1-1 l1-0 c1)
5.198: (fly-airplane a0 l1-0 l2-0)
5.207: (drive-truck t0 l0-1 l0-0 c0)
5.082: (drive-truck t0 l0-0 l0-1 c0)
5.082: (fly-airplane a0 l1-0 l0-0)
5.086: (fly-airplane a0 l1-0 l2-0)
5.086: (drive-truck t0 l0-0 l0-1 c0)
5.090: (unload-truck p1 t1 l1-1)
5.197: (fly-airplane a0 l1-0 l2-0)
5.197: (drive-truck t0 l0-0 l0-1 c0)
5.206: (unload-truck p1 t1 l1-1)
5.399: (drive-truck t2 l2-0 l2-1 c2)
5.402: (load-airplane p4 a0 l1-0)
5.005: (drive-truck t1 l1-1 l1-0 c1)
5.102: (unload-truck p1 t1 l1-1)
5.102: (drive-truck t0 l0-0 l0-1 c0)
5.102: (fly-airplane a0 l1-0 l0-0)
5.126: (drive-truck t1 l1-1 l1-0 c1)
5.208: (fly-airplane a0 l1-0 l2-0)
5.208: (drive-truck t0 l0-0 l0-1 c0)
5.208: (unload-truck p1 t1 l1-1)
5.373: (load-truck p1 t1 l1-1)
5.400: (drive-truck t0 l0-1 l0-0 c0)
5.005: (fly-airplane a0 l2-0 l1-0)
5.005: (drive-truck t0 l0-1 l0-0 c0)
5.127: (drive-truck t1 l1-1 l1-0 c1)
5.127: (fly-airplane a0 l1-0 l2-0)
5.127: (drive-truck t0 l0-0 l0-1 c0)
5.326: (drive-truck t2 l2-0 l2-1 c2)
5.374: (load-truck p1 t1 l1-1)
5.374: (drive-truck t0 l0-1 l0-0 c0)
5.442: (drive-truck t1 l1-1 l1-0 c1)
5.457: (drive-truck t2 l2-0 l2-1 c2)
5.295: (fly-airplane a0 l1-0 l0-0)
5.327: (drive-truck t0 l0-1 l0-0 c0)
5.327: (drive-truck t2 l2-0 l2-1 c2)
5.327: (fly-airplane a0 l2-0 l1-0)
5.336: (fly-airplane a0 l1-0 l0-0)
5.404: (drive-truck t1 l1-0 l1-1 c1)
5.422: (fly-airplane a0 l1-0 l2-0)
5.443: (drive-truck t0 l0-1 l0-0 c0)
5.443: (drive-truck t1 l1-1 l1-0 c1)
5.457: (drive-truck t0 l0-0 l0-1 c0)
5.283: (drive-truck t0 l0-1 l0-0 c0)
5.283: (fly-airplane a0 l1-0 l0-0)
5.420: (drive-truck t0 l0-1 l0-0 c0)
5.420: (fly-airplane a0 l1-0 l2-0)
5.551: (drive-truck t1 l1-0 l1-1 c1)
5.719: (drive-truck t2 l2-0 l2-1 c2)
5.719: (drive-truck t1 l1-0 l1-1 c1)
6.226: (load-truck p0 t1 l1-0)
6.268: (unload-truck p1 t1 l1-0)
6.311: (load-truck p4 t1 l1-0)
5.239: (unload-airplane p2 a0 l0-0)
5.406: (fly-airplane a0 l1-0 l0-0)
5.499: (load-truck p1 t1 l1-1)
5.548: (fly-airplane a0 l1-0 l2-0)
5.548: (drive-truck t0 l0-1 l0-0 c0)
5.642: (load-truck p1 t1 l1-1)
5.718: (drive-truck t0 l0-0 l0-1 c0)
5.718: (fly-airplane a0 l2-0 l1-0)
5.894: (drive-truck t2 l2-1 l2-0 c2)
5.949: (drive-truck t2 l2-1 l2-0 c2)
5.294: (load-truck p2 t0 l0-0)
5.497: (drive-truck t0 l0-0 l0-1 c0)
5.497: (fly-airplane a0 l2-0 l1-0)
5.497: (load-truck p1 t1 l1-1)
5.506: (load-truck p1 t1 l1-1)
5.506: (fly-airplane a0 l1-0 l0-0)
5.514: (fly-airplane a0 l2-0 l0-0)
5.636: (unload-airplane p2 a0 l0-0)
5.643: (fly-airplane a0 l1-0 l2-0)
5.643: (load-truck p1 t1 l1-1)
4.896: (fly-airplane a0 l0-0 l2-0)
4.897: (fly-airplane a0 l0-0 l1-0)
4.973: (drive-truck t2 l2-1 l2-0 c2)
5.295: (unload-airplane p2 a0 l0-0)
5.306: (fly-airplane a0 l0-0 l2-0)
5.316: (fly-airplane a0 l0-0 l1-0)
5.685: (drive-truck t0 l0-1 l0-0 c0)
5.961: (drive-truck t2 l2-0 l2-1 c2)
6.161: (drive-truck t1 l1-0 l1-1 c1)
6.260: (drive-truck t0 l0-0 l0-1 c0)
4.894: (fly-airplane a0 l0-0 l2-0)
4.894: (drive-truck t0 l0-1 l0-0 c0)
4.895: (fly-airplane a0 l0-0 l1-0)
4.895: (drive-truck t0 l0-1 l0-0 c0)
4.969: (drive-truck t2 l2-1 l2-0 c2)
4.969: (fly-airplane a0 l0-0 l2-0)
5.001: (drive-truck t2 l2-1 l2-0 c2)
5.001: (fly-airplane a0 l0-0 l1-0)
5.232: (fly-airplane a0 l0-0 l1-0)
5.232: (drive-truck t2 l2-0 l2-1 c2)
5.229: (drive-truck t2 l2-0 l2-1 c2)
5.229: (drive-truck t0 l0-1 l0-0 c0)
5.247: (drive-truck t2 l2-0 l2-1 c2)
5.251: (fly-airplane a0 l1-0 l2-0)
5.261: (drive-truck t1 l1-0 l1-1 c1)
5.420: (drive-truck t1 l1-0 l1-1 c1)
5.444: (drive-truck t1 l1-0 l1-1 c1)
5.896: (load-truck p2 t0 l0-0)
5.897: (load-truck p2 t0 l0-0)
5.948: (unload-truck p1 t1 l1-0)
4.946: (unload-truck p2 t0 l0-0)
5.259: (drive-truck t1 l1-0 l1-1 c1)
5.259: (drive-truck t0 l0-1 l0-0 c0)
5.259: (drive-truck t2 l2-0 l2-1 c2)
5.336: (drive-truck t2 l2-0 l2-1 c2)
5.336: (drive-truck t1 l1-0 l1-1 c1)
5.338: (fly-airplane a0 l1-0 l2-0)
5.338: (drive-truck t1 l1-0 l1-1 c1)
5.422: (drive-truck t0 l0-0 l0-1 c0)
5.446: (drive-truck t2 l2-1 l2-0 c2)
4.948: (drive-truck t0 l0-0 l0-1 c0)
4.989: (fly-airplane a0 l2-0 l1-0)
5.286: (drive-truck t2 l2-0 l2-1 c2)
5.727: (fly-airplane a0 l2-0 l0-0)
5.947: (unload-truck p3 t2 l2-0)
5.954: (load-truck p0 t1 l1-0)
5.954: (load-truck p4 t1 l1-0)
6.026: (drive-truck t1 l1-0 l1-1 c1)
6.057: (fly-airplane a0 l2-0 l0-0)
6.094: (load-truck p1 t1 l1-1)
4.985: (load-truck p1 t1 l1-0)
4.988: (load-truck p1 t1 l1-0)
4.991: (fly-airplane a0 l2-0 l1-0)
4.991: (drive-truck t0 l0-0 l0-1 c0)
5.136: (unload-airplane p4 a0 l1-0)
5.289: (drive-truck t0 l0-0 l0-1 c0)
5.289: (drive-truck t2 l2-0 l2-1 c2)
5.301: (fly-airplane a0 l2-0 l1-0)
5.301: (drive-truck t2 l2-0 l2-1 c2)
5.677: (drive-truck t0 l0-0 l0-1 c0)
4.987: (drive-truck t0 l0-0 l0-1 c0)
4.988: (fly-airplane a0 l2-0 l1-0)
4.992: (drive-truck t0 l0-0 l0-1 c0)
5.034: (unload-airplane p5 a0 l2-0)
5.063: (fly-airplane a0 l2-0 l1-0)
5.164: (drive-truck t1 l1-0 l1-1 c1)
5.166: (fly-airplane a0 l1-0 l2-0)
5.229: (drive-truck t1 l1-0 l1-1 c1)
5.290: (drive-truck t2 l2-0 l2-1 c2)
5.303: (fly-airplane a0 l2-0 l1-0)
4.423: (unload-truck p1 t1 l1-1)
4.457: (unload-truck p1 t1 l1-1)
4.921: (load-truck p5 t2 l2-0)
4.959: (drive-truck t2 l2-0 l2-1 c2)
4.990: (fly-airplane a0 l2-0 l1-0)
4.990: (drive-truck t0 l0-0 l0-1 c0)
5.033: (drive-truck t2 l2-0 l2-1 c2)
5.036: (unload-airplane p5 a0 l2-0)
5.036: (drive-truck t0 l0-0 l0-1 c0)
5.054: (fly-airplane a0 l2-0 l1-0)
3.898: (drive-truck t1 l1-1 l1-0 c1)
3.969: (load-truck p3 t2 l2-0)
4.104: (drive-truck t1 l1-1 l1-0 c1)
4.386: (drive-truck t2 l2-0 l2-1 c2)
4.426: (drive-truck t0 l0-0 l0-1 c0)
4.455: (fly-airplane a0 l2-0 l1-0)
4.459: (drive-truck t0 l0-0 l0-1 c0)
4.923: (drive-truck t0 l0-0 l0-1 c0)
4.923: (load-truck p5 t2 l2-0)
4.923: (fly-airplane a0 l2-0 l1-0)
2.940: (drive-truck t1 l1-0 l1-1 c1)
3.900: (drive-truck t1 l1-1 l1-0 c1)
3.900: (fly-airplane a0 l2-0 l1-0)
3.965: (load-truck p3 t2 l2-0)
3.965: (fly-airplane a0 l2-0 l1-0)
3.966: (fly-airplane a0 l2-0 l0-0)
3.971: (drive-truck t0 l0-0 l0-1 c0)
3.971: (load-truck p3 t2 l2-0)
4.056: (fly-airplane a0 l2-0 l1-0)
4.108: (drive-truck t1 l1-1 l1-0 c1)
2.934: (drive-truck t1 l1-0 l1-1 c1)
2.934: (fly-airplane a0 l2-0 l1-0)
2.935: (drive-truck t1 l1-0 l1-1 c1)
2.935: (fly-airplane a0 l2-0 l0-0)
2.941: (drive-truck t1 l1-0 l1-1 c1)
2.941: (drive-truck t0 l0-0 l0-1 c0)
3.295: (unload-truck p1 t1 l1-1)
3.886: (drive-truck t2 l2-0 l2-1 c2)
3.902: (drive-truck t0 l0-0 l0-1 c0)
3.941: (load-truck p2 t0 l0-0)
2.936: (drive-truck t0 l0-0 l0-1 c0)
2.936: (fly-airplane a0 l2-0 l1-0)
2.939: (fly-airplane a0 l2-0 l0-0)
2.939: (drive-truck t0 l0-0 l0-1 c0)
3.031: (drive-truck t1 l1-1 l1-0 c1)
3.288: (fly-airplane a0 l2-0 l1-0)
3.288: (unload-truck p1 t1 l1-1)
3.292: (fly-airplane a0 l2-0 l0-0)
3.292: (unload-truck p1 t1 l1-1)
3.298: (unload-truck p1 t1 l1-1)
3.027: (fly-airplane a0 l2-0 l1-0)
3.027: (drive-truck t1 l1-1 l1-0 c1)
3.028: (drive-truck t1 l1-1 l1-0 c1)
3.028: (fly-airplane a0 l2-0 l0-0)
3.034: (drive-truck t1 l1-1 l1-0 c1)
3.034: (drive-truck t0 l0-0 l0-1 c0)
3.291: (unload-truck p1 t1 l1-1)
3.291: (drive-truck t0 l0-0 l0-1 c0)
3.291: (fly-airplane a0 l2-0 l1-0)
3.297: (drive-truck t0 l0-0 l0-1 c0)
3.030: (drive-truck t0 l0-0 l0-1 c0)
3.030: (drive-truck t1 l1-1 l1-0 c1)
3.030: (fly-airplane a0 l2-0 l1-0)
3.033: (drive-truck t0 l0-0 l0-1 c0)
3.033: (fly-airplane a0 l2-0 l0-0)
3.033: (drive-truck t1 l1-1 l1-0 c1)
3.882: (load-airplane p0 a0 l1-0)
3.882: (load-airplane p4 a0 l1-0)
3.896: (load-truck p0 t1 l1-0)
3.896: (load-truck p4 t1 l1-0)
3.884: (load-airplane p4 a0 l1-0)
3.884: (load-airplane p0 a0 l1-0)
3.884: (drive-truck t0 l0-0 l0-1 c0)
3.884: (drive-truck t0 l0-0 l0-1 c0)
3.897: (fly-airplane a0 l0-0 l1-0)
3.897: (fly-airplane a0 l0-0 l1-0)
3.899: (load-truck p4 t1 l1-0)
3.899: (load-truck p0 t1 l1-0)
3.899: (fly-airplane a0 l0-0 l2-0)
3.899: (fly-airplane a0 l0-0 l2-0)
3.900: (fly-airplane a0 l1-0 l0-0)
3.900: (fly-airplane a0 l1-0 l0-0)
3.901: (drive-truck t0 l0-0 l0-1 c0)
3.901: (fly-airplane a0 l1-0 l2-0)
3.901: (fly-airplane a0 l1-0 l2-0)
3.901: (drive-truck t0 l0-0 l0-1 c0)
4.013: (fly-airplane a0 l1-0 l2-0)
4.013: (fly-airplane a0 l1-0 l2-0)
4.279: (drive-truck t1 l1-0 l1-1 c1)
4.279: (drive-truck t1 l1-0 l1-1 c1)
3.928: (load-truck p1 t1 l1-1)
3.928: (load-truck p1 t1 l1-1)
4.011: (drive-truck t0 l0-1 l0-0 c0)
4.011: (drive-truck t0 l0-1 l0-0 c0)
4.102: (drive-truck t1 l1-0 l1-1 c1)
4.102: (fly-airplane a0 l1-0 l2-0)
4.102: (fly-airplane a0 l1-0 l2-0)
4.102: (drive-truck t1 l1-0 l1-1 c1)
4.277: (drive-truck t0 l0-1 l0-0 c0)
4.277: (drive-truck t0 l0-1 l0-0 c0)
3.926: (load-truck p1 t1 l1-1)
3.926: (drive-truck t0 l0-1 l0-0 c0)
3.926: (drive-truck t0 l0-1 l0-0 c0)
3.926: (load-truck p1 t1 l1-1)
4.073: (load-truck p1 t1 l1-1)
4.073: (load-truck p1 t1 l1-1)
4.073: (fly-airplane a0 l1-0 l2-0)
4.073: (fly-airplane a0 l1-0 l2-0)
4.100: (fly-airplane a0 l1-0 l2-0)
4.100: (fly-airplane a0 l1-0 l2-0)
4.071: (load-truck p1 t1 l1-1)
4.071: (load-truck p1 t1 l1-1)
4.071: (drive-truck t0 l0-1 l0-0 c0)
4.071: (fly-airplane a0 l1-0 l2-0)
4.071: (drive-truck t0 l0-1 l0-0 c0)
4.071: (fly-airplane a0 l1-0 l2-0)
4.795: (fly-airplane a0 l2-0 l0-0)
4.795: (fly-airplane a0 l2-0 l0-0)
4.843: (fly-airplane a0 l1-0 l0-0)
4.843: (fly-airplane a0 l1-0 l0-0)
4.822: (unload-truck p1 t1 l1-1)
4.822: (unload-truck p1 t1 l1-1)
4.870: (unload-truck p1 t1 l1-1)
4.870: (unload-truck p1 t1 l1-1)
4.973: (drive-truck t1 l1-1 l1-0 c1)
4.973: (drive-truck t1 l1-1 l1-0 c1)
4.984: (drive-truck t2 l2-0 l2-1 c2)
4.984: (drive-truck t2 l2-0 l2-1 c2)
5.060: (load-airplane p2 a0 l0-0)
5.060: (load-airplane p2 a0 l0-0)
4.735: (drive-truck t1 l1-1 l1-0 c1)
4.735: (drive-truck t1 l1-1 l1-0 c1)
4.782: (drive-truck t1 l1-1 l1-0 c1)
4.782: (drive-truck t1 l1-1 l1-0 c1)
4.868: (fly-airplane a0 l2-0 l1-0)
4.868: (fly-airplane a0 l2-0 l1-0)
4.947: (unload-truck p1 t1 l1-1)
4.947: (unload-truck p1 t1 l1-1)
4.965: (fly-airplane a0 l2-0 l1-0)
4.965: (fly-airplane a0 l2-0 l1-0)
3.887: (unload-airplane p4 a0 l1-0)
3.887: (unload-airplane p0 a0 l1-0)
4.855: (drive-truck t1 l1-1 l1-0 c1)
4.855: (drive-truck t1 l1-1 l1-0 c1)
4.870: (drive-truck t0 l0-0 l0-1 c0)
4.870: (drive-truck t0 l0-0 l0-1 c0)
4.948: (drive-truck t0 l0-0 l0-1 c0)
4.948: (drive-truck t0 l0-0 l0-1 c0)
4.967: (drive-truck t0 l0-0 l0-1 c0)
4.967: (drive-truck t0 l0-0 l0-1 c0)
3.888: (fly-airplane a0 l1-0 l0-0)
3.889: (unload-airplane p4 a0 l1-0)
3.889: (unload-airplane p0 a0 l1-0)
3.889: (drive-truck t0 l0-0 l0-1 c0)
3.967: (unload-airplane p4 a0 l1-0)
3.967: (unload-airplane p0 a0 l1-0)
4.155: (unload-truck p1 t1 l1-1)
4.452: (unload-truck p5 t2 l2-1)
4.749: (fly-airplane a0 l2-0 l1-0)
4.749: (fly-airplane a0 l2-0 l1-0)
3.888: (fly-airplane a0 l1-0 l2-0)
3.891: (fly-airplane a0 l1-0 l0-0)
3.891: (drive-truck t0 l0-0 l0-1 c0)
3.901: (unload-airplane p4 a0 l1-0)
3.901: (drive-truck t1 l1-1 l1-0 c1)
3.901: (unload-airplane p0 a0 l1-0)
3.970: (fly-airplane a0 l1-0 l0-0)
4.159: (fly-airplane a0 l1-0 l2-0)
4.159: (unload-truck p1 t1 l1-1)
4.159: (drive-truck t0 l0-0 l0-1 c0)
3.902: (drive-truck t1 l1-1 l1-0 c1)
3.902: (fly-airplane a0 l1-0 l2-0)
3.902: (fly-airplane a0 l1-0 l0-0)
3.905: (drive-truck t1 l1-1 l1-0 c1)
3.905: (drive-truck t0 l0-0 l0-1 c0)
4.159: (fly-airplane a0 l2-0 l0-0)
4.162: (unload-truck p1 t1 l1-1)
4.162: (fly-airplane a0 l1-0 l2-0)
4.162: (drive-truck t0 l0-0 l0-1 c0)
4.164: (fly-airplane a0 l1-0 l0-0)
3.906: (drive-truck t0 l0-0 l0-1 c0)
3.906: (fly-airplane a0 l1-0 l2-0)
3.906: (drive-truck t1 l1-1 l1-0 c1)
3.908: (drive-truck t0 l0-0 l0-1 c0)
3.908: (fly-airplane a0 l1-0 l0-0)
3.908: (drive-truck t1 l1-1 l1-0 c1)
4.424: (unload-truck p5 t2 l2-1)
4.427: (unload-truck p5 t2 l2-1)
4.431: (unload-truck p5 t2 l2-1)
4.686: (unload-truck p5 t2 l2-1)
4.423: (drive-truck t0 l0-1 l0-0 c0)
4.423: (fly-airplane a0 l2-0 l1-0)
4.423: (fly-airplane a0 l0-0 l1-0)
4.430: (fly-airplane a0 l1-0 l0-0)
4.430: (drive-truck t0 l0-0 l0-1 c0)
4.430: (unload-truck p5 t2 l2-1)
4.434: (drive-truck t0 l0-0 l0-1 c0)
4.434: (unload-truck p5 t2 l2-1)
4.434: (fly-airplane a0 l1-0 l2-0)
4.453: (load-truck p1 t1 l1-1)
4.457: (drive-truck t0 l0-0 l0-1 c0)
4.460: (fly-airplane a0 l0-0 l2-0)
4.682: (drive-truck t1 l1-0 l1-1 c1)
4.691: (drive-truck t1 l1-0 l1-1 c1)
4.696: (drive-truck t1 l1-0 l1-1 c1)
5.271: (load-airplane p0 a0 l1-0)
5.271: (load-airplane p4 a0 l1-0)
5.286: (load-truck p0 t1 l1-0)
5.286: (load-truck p4 t1 l1-0)
5.289: (load-truck p4 t1 l1-0)
4.454: (fly-airplane a0 l0-0 l1-0)
4.462: (drive-truck t0 l0-0 l0-1 c0)
4.462: (load-truck p1 t1 l1-1)
4.462: (fly-airplane a0 l0-0 l2-0)
4.686: (fly-airplane a0 l0-0 l1-0)
4.686: (fly-airplane a0 l2-0 l1-0)
4.686: (drive-truck t0 l0-0 l0-1 c0)
4.693: (drive-truck t0 l0-1 l0-0 c0)
4.693: (fly-airplane a0 l1-0 l2-0)
4.693: (unload-truck p1 t1 l1-1)
5.346: (drive-truck t1 l1-1 l1-0 c1)
5.350: (drive-truck t1 l1-1 l1-0 c1)
5.438: (load-airplane p4 a0 l1-0)
5.438: (load-airplane p0 a0 l1-0)
5.669: (load-airplane p4 a0 l1-0)
5.669: (load-airplane p0 a0 l1-0)
5.684: (load-truck p2 t0 l0-0)
5.926: (drive-truck t2 l2-1 l2-0 c2)
5.928: (drive-truck t2 l2-1 l2-0 c2)
6.422: (drive-truck t2 l2-1 l2-0 c2)
4.826: (load-truck p5 t2 l2-1)
4.826: (load-truck p5 t2 l2-1)
5.141: (load-truck p5 t2 l2-1)
5.141: (load-truck p5 t2 l2-1)
5.150: (load-truck p5 t2 l2-1)
5.273: (drive-truck t1 l1-1 l1-0 c1)
5.273: (drive-truck t1 l1-1 l1-0 c1)
5.344: (drive-truck t0 l0-1 l0-0 c0)
5.346: (fly-airplane a0 l2-0 l0-0)
5.346: (fly-airplane a0 l1-0 l0-0)
4.291: (drive-truck t2 l2-1 l2-0 c2)
4.751: (load-truck p5 t2 l2-1)
4.751: (load-truck p5 t2 l2-1)
4.751: (drive-truck t1 l1-1 l1-0 c1)
4.751: (drive-truck t1 l1-1 l1-0 c1)
4.824: (drive-truck t0 l0-1 l0-0 c0)
4.824: (load-truck p5 t2 l2-1)
4.824: (drive-truck t0 l0-1 l0-0 c0)
4.828: (load-truck p5 t2 l2-1)
4.828: (fly-airplane a0 l1-0 l0-0)
4.028: (drive-truck t1 l1-1 l1-0 c1)
4.284: (fly-airplane a0 l2-0 l1-0)
4.290: (fly-airplane a0 l2-0 l0-0)
4.825: (fly-airplane a0 l2-0 l0-0)
4.825: (fly-airplane a0 l1-0 l0-0)
4.825: (drive-truck t0 l0-1 l0-0 c0)
4.857: (fly-airplane a0 l1-0 l2-0)
4.857: (fly-airplane a0 l1-0 l2-0)
5.284: (drive-truck t0 l0-0 l0-1 c0)
5.346: (unload-truck p3 t2 l2-0)
3.936: (load-truck p1 t1 l1-1)
3.939: (load-truck p1 t1 l1-1)
4.024: (fly-airplane a0 l2-0 l1-0)
4.024: (drive-truck t1 l1-1 l1-0 c1)
4.028: (drive-truck t1 l1-1 l1-0 c1)
4.028: (fly-airplane a0 l2-0 l0-0)
4.350: (unload-truck p2 t0 l0-0)
4.894: (drive-truck t2 l2-0 l2-1 c2)
4.900: (load-truck p4 t1 l1-0)
4.900: (load-truck p0 t1 l1-0)
4.033: (drive-truck t1 l1-1 l1-0 c1)
4.348: (fly-airplane a0 l2-0 l1-0)
4.352: (fly-airplane a0 l2-0 l0-0)
4.353: (drive-truck t0 l0-0 l0-1 c0)
4.884: (load-airplane p0 a0 l1-0)
4.884: (load-airplane p4 a0 l1-0)
4.888: (drive-truck t2 l2-0 l2-1 c2)
4.891: (drive-truck t2 l2-0 l2-1 c2)
4.894: (fly-airplane a0 l2-0 l1-0)
4.894: (drive-truck t2 l2-0 l2-1 c2)
4.033: (drive-truck t1 l1-1 l1-0 c1)
4.033: (fly-airplane a0 l2-0 l1-0)
4.035: (drive-truck t1 l1-1 l1-0 c1)
4.035: (fly-airplane a0 l2-0 l0-0)
4.036: (drive-truck t0 l0-0 l0-1 c0)
4.036: (drive-truck t1 l1-1 l1-0 c1)
4.351: (drive-truck t0 l0-0 l0-1 c0)
4.351: (fly-airplane a0 l2-0 l1-0)
4.356: (drive-truck t0 l0-0 l0-1 c0)
4.356: (fly-airplane a0 l2-0 l0-0)
4.037: (fly-airplane a0 l2-0 l1-0)
4.037: (drive-truck t0 l0-0 l0-1 c0)
4.037: (drive-truck t1 l1-1 l1-0 c1)
4.040: (fly-airplane a0 l2-0 l0-0)
4.040: (drive-truck t1 l1-1 l1-0 c1)
4.040: (drive-truck t0 l0-0 l0-1 c0)
4.879: (load-airplane p0 a0 l1-0)
4.879: (load-airplane p4 a0 l1-0)
4.893: (load-truck p0 t1 l1-0)
4.893: (load-truck p4 t1 l1-0)
4.881: (load-airplane p0 a0 l1-0)
4.881: (load-airplane p4 a0 l1-0)
4.881: (drive-truck t0 l0-0 l0-1 c0)
4.881: (drive-truck t0 l0-0 l0-1 c0)
4.892: (drive-truck t0 l0-1 l0-0 c0)
4.892: (drive-truck t0 l0-1 l0-0 c0)
4.896: (fly-airplane a0 l2-0 l1-0)
4.896: (load-truck p4 t1 l1-0)
4.896: (load-truck p0 t1 l1-0)
4.896: (fly-airplane a0 l2-0 l1-0)
4.894: (fly-airplane a0 l2-0 l0-0)
4.894: (fly-airplane a0 l2-0 l0-0)
4.895: (drive-truck t0 l0-1 l0-0 c0)
4.895: (fly-airplane a0 l2-0 l1-0)
4.895: (drive-truck t0 l0-1 l0-0 c0)
4.895: (fly-airplane a0 l2-0 l1-0)
4.898: (fly-airplane a0 l1-0 l0-0)
4.898: (fly-airplane a0 l1-0 l0-0)
5.009: (unload-truck p5 t2 l2-0)
5.009: (unload-truck p5 t2 l2-0)
4.944: (unload-truck p0 t1 l1-0)
4.944: (unload-truck p4 t1 l1-0)
4.944: (drive-truck t2 l2-0 l2-1 c2)
4.944: (drive-truck t2 l2-0 l2-1 c2)
4.957: (load-airplane p5 a0 l2-0)
4.957: (load-airplane p5 a0 l2-0)
5.012: (drive-truck t0 l0-0 l0-1 c0)
5.012: (drive-truck t0 l0-0 l0-1 c0)
5.029: (unload-truck p5 t2 l2-0)
5.029: (fly-airplane a0 l2-0 l0-0)
4.761: (load-airplane p3 a0 l2-0)
4.946: (fly-airplane a0 l2-0 l0-0)
4.946: (fly-airplane a0 l2-0 l0-0)
4.946: (drive-truck t2 l2-0 l2-1 c2)
4.946: (drive-truck t2 l2-0 l2-1 c2)
4.946: (fly-airplane a0 l2-0 l1-0)
4.946: (fly-airplane a0 l2-0 l1-0)
4.947: (drive-truck t2 l2-0 l2-1 c2)
4.947: (drive-truck t2 l2-0 l2-1 c2)
4.947: (drive-truck t0 l0-0 l0-1 c0)
3.888: (fly-airplane a0 l2-0 l1-0)
4.698: (drive-truck t2 l2-0 l2-1 c2)
4.761: (fly-airplane a0 l2-0 l0-0)
4.764: (drive-truck t0 l0-0 l0-1 c0)
4.949: (fly-airplane a0 l2-0 l1-0)
4.949: (drive-truck t0 l0-0 l0-1 c0)
4.949: (drive-truck t0 l0-0 l0-1 c0)
4.949: (fly-airplane a0 l2-0 l1-0)
4.951: (fly-airplane a0 l2-0 l0-0)
4.951: (fly-airplane a0 l2-0 l0-0)
2.886: (unload-airplane p3 a0 l1-0)
3.890: (fly-airplane a0 l2-0 l1-0)
3.890: (drive-truck t0 l0-0 l0-1 c0)
3.890: (fly-airplane a0 l2-0 l1-0)
3.890: (drive-truck t2 l2-0 l2-1 c2)
4.698: (drive-truck t0 l0-0 l0-1 c0)
4.698: (fly-airplane a0 l2-0 l0-0)
4.700: (drive-truck t2 l2-0 l2-1 c2)
4.700: (drive-truck t0 l0-0 l0-1 c0)
4.764: (fly-airplane a0 l2-0 l0-0)
1.878: (load-truck p3 t1 l1-0)
2.888: (fly-airplane a0 l1-0 l2-0)
2.888: (fly-airplane a0 l1-0 l0-0)
2.888: (drive-truck t2 l2-0 l2-1 c2)
2.888: (drive-truck t0 l0-0 l0-1 c0)
2.888: (unload-airplane p3 a0 l1-0)
2.888: (unload-airplane p3 a0 l1-0)
3.866: (load-airplane p4 a0 l1-0)
3.866: (load-airplane p0 a0 l1-0)
3.888: (load-truck p5 t2 l2-0)
0.888: (drive-truck t1 l1-0 l1-1 c1)
1.879: (load-truck p3 t1 l1-0)
1.879: (fly-airplane a0 l1-0 l0-0)
1.879: (fly-airplane a0 l1-0 l2-0)
1.879: (load-truck p3 t1 l1-0)
1.880: (load-truck p3 t1 l1-0)
1.880: (drive-truck t0 l0-0 l0-1 c0)
1.880: (drive-truck t2 l2-0 l2-1 c2)
1.880: (load-truck p3 t1 l1-0)
2.876: (load-truck p3 t1 l1-0)
-0.134: (unload-truck p3 t1 l1-1)
[Final] Expanded: 1513, Generated: 21788
Found a solution of length 206!
   1: (load-truck p0 t2 l2-0)
   2: (load-truck p4 t2 l2-0)
   3: (drive-truck t2 l2-0 l2-1 c2)
   4: (load-truck p1 t2 l2-1)
   5: (load-truck p3 t2 l2-1)
   6: (drive-truck t1 l1-0 l1-1 c1)
   7: (load-truck p2 t1 l1-1)
   8: (drive-truck t2 l2-1 l2-0 c2)
   9: (fly-airplane a0 l1-0 l0-0)
  10: (load-airplane p5 a0 l0-0)
  11: (fly-airplane a0 l0-0 l1-0)
  12: (drive-truck t1 l1-1 l1-0 c1)
  13: (drive-truck t0 l0-1 l0-0 c0)
  14: (unload-airplane p5 a0 l1-0)
  15: (load-truck p5 t1 l1-0)
  16: (unload-truck p2 t1 l1-0)
  17: (load-airplane p2 a0 l1-0)
  18: (fly-airplane a0 l1-0 l0-0)
  19: (unload-airplane p2 a0 l0-0)
  20: (fly-airplane a0 l0-0 l1-0)
  21: (unload-truck p1 t2 l2-0)
  22: (fly-airplane a0 l1-0 l0-0)
  23: (unload-truck p3 t2 l2-0)
  24: (fly-airplane a0 l0-0 l2-0)
  25: (load-truck p2 t0 l0-0)
  26: (load-truck p3 t2 l2-0)
  27: (load-truck p1 t2 l2-0)
  28: (unload-truck p0 t2 l2-0)
  29: (unload-truck p2 t0 l0-0)
  30: (load-airplane p0 a0 l2-0)
  31: (fly-airplane a0 l2-0 l1-0)
  32: (unload-airplane p0 a0 l1-0)
  33: (fly-airplane a0 l1-0 l2-0)
  34: (drive-truck t0 l0-0 l0-1 c0)
  35: (unload-truck p1 t2 l2-0)
  36: (fly-airplane a0 l2-0 l1-0)
  37: (unload-truck p3 t2 l2-0)
  38: (fly-airplane a0 l1-0 l2-0)
  39: (load-airplane p1 a0 l2-0)
  40: (fly-airplane a0 l2-0 l1-0)
  41: (unload-airplane p1 a0 l1-0)
  42: (load-truck p3 t2 l2-0)
  43: (load-truck p1 t1 l1-0)
  44: (drive-truck t1 l1-0 l1-1 c1)
  45: (fly-airplane a0 l1-0 l0-0)
  46: (unload-truck p1 t1 l1-1)
  47: (drive-truck t1 l1-1 l1-0 c1)
  48: (drive-truck t0 l0-1 l0-0 c0)
  49: (load-airplane p2 a0 l0-0)
  50: (load-truck p0 t1 l1-0)
  51: (unload-airplane p2 a0 l0-0)
  52: (unload-truck p4 t2 l2-0)
  53: (unload-truck p0 t1 l1-0)
  54: (fly-airplane a0 l0-0 l2-0)
  55: (load-airplane p4 a0 l2-0)
  56: (fly-airplane a0 l2-0 l1-0)
  57: (unload-airplane p4 a0 l1-0)
  58: (unload-truck p5 t1 l1-0)
  59: (load-airplane p5 a0 l1-0)
  60: (fly-airplane a0 l1-0 l2-0)
  61: (drive-truck t1 l1-0 l1-1 c1)
  62: (load-truck p1 t1 l1-1)
  63: (fly-airplane a0 l2-0 l0-0)
  64: (fly-airplane a0 l0-0 l1-0)
  65: (unload-truck p1 t1 l1-1)
  66: (fly-airplane a0 l1-0 l0-0)
  67: (drive-truck t1 l1-1 l1-0 c1)
  68: (load-truck p2 t0 l0-0)
  69: (fly-airplane a0 l0-0 l1-0)
  70: (drive-truck t2 l2-0 l2-1 c2)
  71: (fly-airplane a0 l1-0 l0-0)
  72: (drive-truck t1 l1-0 l1-1 c1)
  73: (unload-truck p2 t0 l0-0)
  74: (load-truck p1 t1 l1-1)
  75: (fly-airplane a0 l0-0 l1-0)
  76: (unload-airplane p5 a0 l1-0)
  77: (drive-truck t2 l2-1 l2-0 c2)
  78: (fly-airplane a0 l1-0 l0-0)
  79: (drive-truck t0 l0-0 l0-1 c0)
  80: (unload-truck p1 t1 l1-1)
  81: (drive-truck t1 l1-1 l1-0 c1)
  82: (load-truck p5 t1 l1-0)
  83: (load-truck p0 t1 l1-0)
  84: (fly-airplane a0 l0-0 l1-0)
  85: (drive-truck t2 l2-0 l2-1 c2)
  86: (unload-truck p0 t1 l1-0)
  87: (load-airplane p0 a0 l1-0)
  88: (fly-airplane a0 l1-0 l2-0)
  89: (drive-truck t2 l2-1 l2-0 c2)
  90: (drive-truck t0 l0-1 l0-0 c0)
  91: (fly-airplane a0 l2-0 l0-0)
  92: (load-airplane p2 a0 l0-0)
  93: (drive-truck t0 l0-0 l0-1 c0)
  94: (fly-airplane a0 l0-0 l1-0)
  95: (unload-airplane p0 a0 l1-0)
  96: (drive-truck t0 l0-1 l0-0 c0)
  97: (fly-airplane a0 l1-0 l0-0)
  98: (drive-truck t1 l1-0 l1-1 c1)
  99: (drive-truck t2 l2-0 l2-1 c2)
 100: (load-truck p1 t1 l1-1)
 101: (unload-airplane p2 a0 l0-0)
 102: (fly-airplane a0 l0-0 l1-0)
 103: (drive-truck t2 l2-1 l2-0 c2)
 104: (drive-truck t0 l0-0 l0-1 c0)
 105: (drive-truck t1 l1-1 l1-0 c1)
 106: (load-airplane p4 a0 l1-0)
 107: (drive-truck t0 l0-1 l0-0 c0)
 108: (drive-truck t2 l2-0 l2-1 c2)
 109: (fly-airplane a0 l1-0 l2-0)
 110: (drive-truck t1 l1-0 l1-1 c1)
 111: (unload-truck p1 t1 l1-1)
 112: (load-truck p2 t0 l0-0)
 113: (fly-airplane a0 l2-0 l1-0)
 114: (unload-airplane p4 a0 l1-0)
 115: (drive-truck t2 l2-1 l2-0 c2)
 116: (drive-truck t1 l1-1 l1-0 c1)
 117: (load-airplane p0 a0 l1-0)
 118: (fly-airplane a0 l1-0 l0-0)
 119: (drive-truck t2 l2-0 l2-1 c2)
 120: (unload-truck p2 t0 l0-0)
 121: (load-truck p4 t1 l1-0)
 122: (fly-airplane a0 l0-0 l2-0)
 123: (drive-truck t0 l0-0 l0-1 c0)
 124: (fly-airplane a0 l2-0 l1-0)
 125: (drive-truck t1 l1-0 l1-1 c1)
 126: (unload-airplane p0 a0 l1-0)
 127: (drive-truck t2 l2-1 l2-0 c2)
 128: (fly-airplane a0 l1-0 l2-0)
 129: (drive-truck t0 l0-1 l0-0 c0)
 130: (drive-truck t2 l2-0 l2-1 c2)
 131: (load-truck p2 t0 l0-0)
 132: (fly-airplane a0 l2-0 l0-0)
 133: (drive-truck t0 l0-0 l0-1 c0)
 134: (drive-truck t1 l1-1 l1-0 c1)
 135: (fly-airplane a0 l0-0 l2-0)
 136: (drive-truck t2 l2-1 l2-0 c2)
 137: (unload-truck p4 t1 l1-0)
 138: (fly-airplane a0 l2-0 l1-0)
 139: (unload-truck p5 t1 l1-0)
 140: (load-airplane p5 a0 l1-0)
 141: (load-airplane p4 a0 l1-0)
 142: (drive-truck t0 l0-1 l0-0 c0)
 143: (drive-truck t1 l1-0 l1-1 c1)
 144: (unload-airplane p4 a0 l1-0)
 145: (load-airplane p0 a0 l1-0)
 146: (fly-airplane a0 l1-0 l0-0)
 147: (unload-truck p2 t0 l0-0)
 148: (load-truck p1 t1 l1-1)
 149: (load-airplane p2 a0 l0-0)
 150: (fly-airplane a0 l0-0 l1-0)
 151: (unload-airplane p0 a0 l1-0)
 152: (unload-truck p1 t1 l1-1)
 153: (drive-truck t0 l0-0 l0-1 c0)
 154: (drive-truck t2 l2-0 l2-1 c2)
 155: (load-truck p1 t1 l1-1)
 156: (drive-truck t1 l1-1 l1-0 c1)
 157: (fly-airplane a0 l1-0 l0-0)
 158: (drive-truck t0 l0-1 l0-0 c0)
 159: (unload-airplane p2 a0 l0-0)
 160: (load-truck p2 t0 l0-0)
 161: (fly-airplane a0 l0-0 l2-0)
 162: (drive-truck t2 l2-1 l2-0 c2)
 163: (unload-truck p1 t1 l1-0)
 164: (unload-truck p2 t0 l0-0)
 165: (unload-truck p3 t2 l2-0)
 166: (load-truck p1 t1 l1-0)
 167: (unload-airplane p5 a0 l2-0)
 168: (load-truck p5 t2 l2-0)
 169: (load-truck p3 t2 l2-0)
 170: (drive-truck t1 l1-0 l1-1 c1)
 171: (unload-truck p1 t1 l1-1)
 172: (drive-truck t1 l1-1 l1-0 c1)
 173: (fly-airplane a0 l2-0 l1-0)
 174: (drive-truck t0 l0-0 l0-1 c0)
 175: (load-airplane p4 a0 l1-0)
 176: (drive-truck t1 l1-0 l1-1 c1)
 177: (drive-truck t0 l0-1 l0-0 c0)
 178: (fly-airplane a0 l1-0 l2-0)
 179: (load-truck p1 t1 l1-1)
 180: (drive-truck t2 l2-0 l2-1 c2)
 181: (fly-airplane a0 l2-0 l1-0)
 182: (unload-airplane p4 a0 l1-0)
 183: (unload-truck p1 t1 l1-1)
 184: (fly-airplane a0 l1-0 l2-0)
 185: (drive-truck t1 l1-1 l1-0 c1)
 186: (unload-truck p5 t2 l2-1)
 187: (drive-truck t0 l0-0 l0-1 c0)
 188: (drive-truck t1 l1-0 l1-1 c1)
 189: (drive-truck t0 l0-1 l0-0 c0)
 190: (load-truck p2 t0 l0-0)
 191: (load-truck p5 t2 l2-1)
 192: (drive-truck t2 l2-1 l2-0 c2)
 193: (unload-truck p3 t2 l2-0)
 194: (unload-truck p2 t0 l0-0)
 195: (drive-truck t1 l1-1 l1-0 c1)
 196: (drive-truck t0 l0-0 l0-1 c0)
 197: (load-truck p0 t1 l1-0)
 198: (drive-truck t0 l0-1 l0-0 c0)
 199: (unload-truck p5 t2 l2-0)
 200: (unload-truck p0 t1 l1-0)
 201: (load-airplane p3 a0 l2-0)
 202: (fly-airplane a0 l2-0 l1-0)
 203: (unload-airplane p3 a0 l1-0)
 204: (load-truck p3 t1 l1-0)
 205: (drive-truck t1 l1-0 l1-1 c1)
 206: (unload-truck p3 t1 l1-1)
