/u/ibrahim.eisawy/Neural-Guided-Search/venv/lib/python3.10/site-packages/pymimir_rgnn/model.py:151: UserWarning: index_reduce() is in beta and the API may change at any time. (Triggered internally at /pytorch/aten/src/ATen/native/cuda/Indexing.cu:1541.)
  max_msg.index_reduce_(0, output_indices, output_messages, reduce='amax', include_self=True)
Torch: 2.12.0+cu130
Using GPU:  NVIDIA L40S
101.552: (calibrate rover2 camera6 objective9 waypoint45)
99.875: (navigate rover1 waypoint28 waypoint62)
98.419: (navigate rover0 waypoint35 waypoint78)
96.682: (navigate rover2 waypoint45 waypoint7)
95.743: (sample_rock rover4 rover4store waypoint18)
94.436: (navigate rover4 waypoint18 waypoint41)
93.540: (sample_soil rover0 rover0store waypoint78)
92.402: (drop rover0 rover0store)
91.505: (navigate rover3 waypoint12 waypoint4)
90.753: (drop rover4 rover4store)
90.371: (calibrate rover3 camera2 objective0 waypoint4)
87.164: (take_image rover3 waypoint4 objective4 camera2 high_res)
86.248: (calibrate rover3 camera2 objective0 waypoint4)
85.198: (take_image rover3 waypoint4 objective5 camera2 high_res)
84.794: (calibrate rover3 camera2 objective0 waypoint4)
83.560: (take_image rover3 waypoint4 objective7 camera2 colour)
83.187: (sample_soil rover1 rover1store waypoint62)
81.832: (drop rover1 rover1store)
81.605: (calibrate rover3 camera2 objective0 waypoint4)
81.415: (take_image rover2 waypoint7 objective6 camera6 low_res)
81.586: (navigate rover1 waypoint62 waypoint94)
81.692: (navigate rover2 waypoint7 waypoint4)
80.401: (calibrate rover2 camera5 objective4 waypoint4)
79.573: (sample_soil rover2 rover2store waypoint4)
78.036: (drop rover2 rover2store)
77.412: (navigate rover2 waypoint4 waypoint7)
76.917: (take_image rover2 waypoint7 objective10 camera5 low_res)
76.482: (navigate rover3 waypoint4 waypoint96)
74.896: (communicate_image_data rover3 general objective5 high_res waypoint96 waypoint41)
73.192: (communicate_image_data rover3 general objective4 high_res waypoint96 waypoint41)
73.076: (navigate rover1 waypoint94 waypoint62)
73.068: (navigate rover4 waypoint41 waypoint35)
72.034: (communicate_rock_data rover4 general waypoint18 waypoint35 waypoint41)
71.236: (calibrate rover4 camera7 objective6 waypoint35)
71.163: (navigate rover4 waypoint35 waypoint41)
71.268: (navigate rover1 waypoint62 waypoint94)
71.279: (navigate rover2 waypoint7 waypoint9)
70.977: (calibrate rover2 camera6 objective9 waypoint9)
70.429: (take_image rover2 waypoint9 objective9 camera6 low_res)
70.117: (calibrate rover2 camera6 objective9 waypoint9)
69.957: (take_image rover3 waypoint96 objective10 camera2 colour)
69.828: (navigate rover2 waypoint9 waypoint7)
69.723: (navigate rover1 waypoint94 waypoint62)
69.804: (navigate rover4 waypoint41 waypoint35)
69.777: (take_image rover4 waypoint35 objective6 camera7 low_res)
69.118: (communicate_image_data rover4 general objective6 low_res waypoint35 waypoint41)
68.668: (calibrate rover4 camera7 objective6 waypoint35)
68.595: (communicate_image_data rover3 general objective10 colour waypoint96 waypoint41)
68.699: (navigate rover4 waypoint35 waypoint41)
68.717: (navigate rover4 waypoint41 waypoint49)
68.400: (calibrate rover4 camera4 objective2 waypoint49)
68.427: (navigate rover4 waypoint49 waypoint41)
68.285: (navigate rover4 waypoint41 waypoint35)
68.407: (navigate rover1 waypoint62 waypoint28)
67.464: (navigate rover1 waypoint28 waypoint66)
66.663: (navigate rover1 waypoint66 waypoint60)
64.682: (sample_soil rover1 rover1store waypoint60)
63.828: (drop rover1 rover1store)
63.454: (calibrate rover1 camera0 objective7 waypoint60)
63.319: (take_image rover1 waypoint60 objective7 camera0 colour)
63.037: (calibrate rover1 camera0 objective7 waypoint60)
63.192: (navigate rover4 waypoint35 waypoint41)
63.353: (take_image rover4 waypoint41 objective5 camera4 low_res)
63.241: (navigate rover4 waypoint41 waypoint35)
63.275: (communicate_image_data rover4 general objective5 low_res waypoint35 waypoint41)
63.382: (navigate rover4 waypoint35 waypoint41)
63.592: (take_image rover2 waypoint7 objective8 camera6 low_res)
63.632: (navigate rover4 waypoint41 waypoint35)
63.852: (sample_rock rover4 rover4store waypoint35)
62.599: (drop rover4 rover4store)
61.506: (communicate_rock_data rover4 general waypoint35 waypoint35 waypoint41)
60.408: (navigate rover4 waypoint35 waypoint41)
60.670: (navigate rover2 waypoint7 waypoint9)
60.291: (calibrate rover2 camera6 objective9 waypoint9)
60.011: (navigate rover2 waypoint9 waypoint7)
60.264: (take_image rover1 waypoint60 objective10 camera0 colour)
59.954: (calibrate rover1 camera0 objective7 waypoint60)
60.232: (navigate rover2 waypoint7 waypoint9)
60.499: (take_image rover2 waypoint9 objective9 camera6 colour)
60.150: (calibrate rover2 camera6 objective9 waypoint9)
59.879: (navigate rover2 waypoint9 waypoint7)
60.062: (communicate_image_data rover3 general objective7 colour waypoint96 waypoint41)
60.275: (take_image rover1 waypoint60 objective6 camera0 colour)
60.024: (calibrate rover1 camera0 objective7 waypoint60)
60.249: (navigate rover2 waypoint7 waypoint9)
60.495: (take_image rover1 waypoint60 objective10 camera0 colour)
60.845: (navigate rover3 waypoint96 waypoint4)
60.444: (navigate rover3 waypoint4 waypoint7)
60.182: (navigate rover3 waypoint7 waypoint22)
59.940: (calibrate rover1 camera0 objective7 waypoint60)
60.203: (navigate rover3 waypoint22 waypoint7)
59.959: (calibrate rover3 camera3 objective1 waypoint7)
59.635: (navigate rover3 waypoint7 waypoint22)
59.797: (take_image rover3 waypoint22 objective8 camera3 high_res)
60.038: (navigate rover3 waypoint22 waypoint7)
59.836: (calibrate rover3 camera3 objective1 waypoint7)
59.527: (navigate rover3 waypoint7 waypoint22)
59.667: (take_image rover3 waypoint22 objective9 camera3 low_res)
59.888: (navigate rover3 waypoint22 waypoint7)
59.671: (calibrate rover3 camera3 objective1 waypoint7)
59.383: (navigate rover3 waypoint7 waypoint22)
59.589: (take_image rover3 waypoint22 objective7 camera3 low_res)
59.800: (navigate rover3 waypoint22 waypoint7)
59.586: (calibrate rover3 camera3 objective1 waypoint7)
59.300: (navigate rover3 waypoint7 waypoint22)
59.530: (take_image rover3 waypoint22 objective7 camera3 high_res)
59.772: (take_image rover1 waypoint60 objective10 camera0 colour)
60.018: (navigate rover3 waypoint22 waypoint7)
59.777: (calibrate rover1 camera0 objective7 waypoint60)
59.569: (calibrate rover3 camera3 objective1 waypoint7)
59.257: (navigate rover3 waypoint7 waypoint22)
59.490: (take_image rover3 waypoint22 objective10 camera3 low_res)
59.732: (take_image rover1 waypoint60 objective10 camera0 colour)
59.974: (navigate rover3 waypoint22 waypoint7)
59.736: (calibrate rover1 camera0 objective7 waypoint60)
59.528: (calibrate rover3 camera3 objective1 waypoint7)
59.218: (navigate rover3 waypoint7 waypoint22)
59.458: (take_image rover1 waypoint60 objective10 camera0 colour)
59.727: (take_image rover3 waypoint22 objective8 camera3 low_res)
59.481: (calibrate rover1 camera0 objective7 waypoint60)
59.726: (navigate rover3 waypoint22 waypoint7)
59.525: (calibrate rover3 camera3 objective1 waypoint7)
59.210: (navigate rover3 waypoint7 waypoint22)
59.446: (take_image rover1 waypoint60 objective10 camera0 colour)
59.716: (take_image rover3 waypoint22 objective10 camera3 high_res)
59.473: (calibrate rover1 camera0 objective7 waypoint60)
59.717: (navigate rover3 waypoint22 waypoint7)
59.513: (calibrate rover3 camera3 objective1 waypoint7)
59.204: (navigate rover3 waypoint7 waypoint22)
59.443: (take_image rover1 waypoint60 objective6 camera0 colour)
59.727: (take_image rover3 waypoint22 objective9 camera3 high_res)
59.483: (calibrate rover1 camera0 objective7 waypoint60)
59.718: (navigate rover3 waypoint22 waypoint7)
59.507: (calibrate rover3 camera3 objective1 waypoint7)
59.206: (navigate rover3 waypoint7 waypoint22)
59.446: (take_image rover1 waypoint60 objective6 camera0 colour)
59.749: (navigate rover3 waypoint22 waypoint7)
59.912: (take_image rover3 waypoint7 objective1 camera3 low_res)
59.586: (navigate rover3 waypoint7 waypoint22)
59.346: (calibrate rover1 camera0 objective7 waypoint60)
59.639: (take_image rover2 waypoint9 objective10 camera6 colour)
59.303: (calibrate rover2 camera6 objective9 waypoint9)
59.542: (take_image rover1 waypoint60 objective7 camera0 colour)
59.847: (navigate rover3 waypoint22 waypoint7)
59.608: (calibrate rover1 camera0 objective7 waypoint60)
59.388: (calibrate rover3 camera3 objective1 waypoint7)
59.042: (navigate rover3 waypoint7 waypoint22)
59.285: (take_image rover1 waypoint60 objective6 camera0 colour)
59.615: (take_image rover4 waypoint41 objective4 camera7 low_res)
59.378: (calibrate rover1 camera0 objective7 waypoint60)
59.659: (take_image rover2 waypoint9 objective5 camera6 low_res)
59.349: (calibrate rover2 camera6 objective9 waypoint9)
59.585: (take_image rover1 waypoint60 objective6 camera0 colour)
59.873: (take_image rover3 waypoint22 objective10 camera3 high_res)
59.634: (calibrate rover1 camera0 objective7 waypoint60)
59.940: (navigate rover3 waypoint22 waypoint7)
59.698: (calibrate rover3 camera3 objective1 waypoint7)
59.922: (navigate rover2 waypoint9 waypoint7)
59.831: (navigate rover3 waypoint7 waypoint9)
60.014: (navigate rover2 waypoint7 waypoint9)
60.255: (take_image rover1 waypoint60 objective6 camera0 colour)
59.937: (navigate rover3 waypoint9 waypoint7)
60.161: (navigate rover2 waypoint9 waypoint7)
60.071: (navigate rover3 waypoint7 waypoint9)
60.335: (take_image rover3 waypoint9 objective9 camera3 high_res)
60.094: (calibrate rover1 camera0 objective7 waypoint60)
60.168: (navigate rover3 waypoint9 waypoint7)
60.122: (navigate rover3 waypoint7 waypoint22)
60.366: (take_image rover1 waypoint60 objective7 camera0 colour)
60.404: (navigate rover3 waypoint22 waypoint7)
60.177: (navigate rover2 waypoint7 waypoint9)
60.519: (navigate rover3 waypoint7 waypoint4)
60.158: (navigate rover3 waypoint4 waypoint12)
58.720: (communicate_image_data rover3 general objective8 low_res waypoint12 waypoint41)
57.811: (communicate_image_data rover3 general objective10 low_res waypoint12 waypoint41)
57.616: (calibrate rover1 camera0 objective7 waypoint60)
57.419: (navigate rover2 waypoint9 waypoint7)
57.397: (communicate_image_data rover3 general objective1 low_res waypoint12 waypoint41)
57.385: (communicate_image_data rover3 general objective7 high_res waypoint12 waypoint41)
57.373: (communicate_image_data rover3 general objective9 low_res waypoint12 waypoint41)
57.371: (communicate_image_data rover3 general objective8 high_res waypoint12 waypoint41)
57.369: (communicate_image_data rover3 general objective10 high_res waypoint12 waypoint41)
57.370: (communicate_image_data rover3 general objective7 low_res waypoint12 waypoint41)
57.392: (navigate rover3 waypoint12 waypoint4)
57.206: (calibrate rover3 camera2 objective0 waypoint4)
57.042: (navigate rover3 waypoint4 waypoint7)
56.946: (navigate rover2 waypoint7 waypoint9)
56.862: (take_image rover3 waypoint7 objective6 camera2 colour)
56.863: (calibrate rover3 camera3 objective1 waypoint7)
56.790: (navigate rover3 waypoint7 waypoint22)
56.882: (take_image rover3 waypoint22 objective8 camera3 high_res)
57.019: (take_image rover1 waypoint60 objective8 camera0 colour)
56.824: (calibrate rover1 camera0 objective7 waypoint60)
56.821: (navigate rover3 waypoint22 waypoint7)
56.822: (calibrate rover3 camera3 objective1 waypoint7)
56.728: (navigate rover3 waypoint7 waypoint22)
56.906: (take_image rover2 waypoint9 objective5 camera6 colour)
56.686: (calibrate rover2 camera6 objective9 waypoint9)
56.770: (navigate rover3 waypoint22 waypoint7)
56.762: (take_image rover3 waypoint7 objective6 camera3 high_res)
56.767: (calibrate rover3 camera3 objective1 waypoint7)
56.682: (navigate rover3 waypoint7 waypoint22)
56.776: (take_image rover3 waypoint22 objective7 camera3 high_res)
56.972: (take_image rover1 waypoint60 objective8 camera0 colour)
56.961: (navigate rover3 waypoint22 waypoint7)
56.967: (calibrate rover3 camera3 objective1 waypoint7)
56.874: (navigate rover3 waypoint7 waypoint22)
57.183: (take_image rover2 waypoint9 objective5 camera6 colour)
56.899: (calibrate rover1 camera0 objective7 waypoint60)
56.974: (navigate rover3 waypoint22 waypoint7)
57.006: (take_image rover3 waypoint7 objective10 camera3 low_res)
57.027: (navigate rover3 waypoint7 waypoint22)
57.311: (take_image rover1 waypoint60 objective6 camera0 colour)
57.277: (navigate rover3 waypoint22 waypoint7)
57.242: (calibrate rover3 camera3 objective1 waypoint7)
57.275: (take_image rover3 waypoint7 objective6 camera3 low_res)
56.960: (calibrate rover2 camera6 objective9 waypoint9)
56.765: (calibrate rover1 camera0 objective7 waypoint60)
56.767: (calibrate rover3 camera3 objective1 waypoint7)
56.681: (navigate rover3 waypoint7 waypoint22)
56.774: (take_image rover3 waypoint22 objective7 camera3 low_res)
56.971: (take_image rover1 waypoint60 objective8 camera0 colour)
57.297: (navigate rover2 waypoint9 waypoint7)
57.091: (calibrate rover1 camera0 objective7 waypoint60)
56.938: (navigate rover3 waypoint22 waypoint7)
56.927: (calibrate rover3 camera3 objective1 waypoint7)
56.944: (take_image rover3 waypoint7 objective1 camera3 high_res)
56.766: (navigate rover2 waypoint7 waypoint9)
56.765: (calibrate rover3 camera3 objective1 waypoint7)
56.684: (navigate rover3 waypoint7 waypoint22)
56.777: (take_image rover3 waypoint22 objective9 camera3 high_res)
56.975: (take_image rover1 waypoint60 objective8 camera0 colour)
56.961: (navigate rover3 waypoint22 waypoint7)
56.967: (calibrate rover3 camera3 objective1 waypoint7)
56.875: (navigate rover3 waypoint7 waypoint22)
57.183: (take_image rover2 waypoint9 objective5 camera6 colour)
56.899: (calibrate rover1 camera0 objective7 waypoint60)
56.972: (navigate rover3 waypoint22 waypoint7)
57.007: (take_image rover3 waypoint7 objective10 camera3 low_res)
57.028: (navigate rover3 waypoint7 waypoint22)
57.311: (take_image rover1 waypoint60 objective6 camera0 colour)
57.276: (navigate rover3 waypoint22 waypoint7)
57.242: (calibrate rover3 camera3 objective1 waypoint7)
57.403: (navigate rover2 waypoint9 waypoint7)
57.123: (calibrate rover1 camera0 objective7 waypoint60)
57.166: (take_image rover3 waypoint7 objective6 camera3 low_res)
57.235: (navigate rover3 waypoint7 waypoint9)
57.524: (take_image rover1 waypoint60 objective6 camera0 colour)
57.448: (navigate rover3 waypoint9 waypoint7)
57.561: (navigate rover3 waypoint7 waypoint4)
57.261: (navigate rover3 waypoint4 waypoint96)
56.990: (calibrate rover1 camera0 objective7 waypoint60)
56.987: (communicate_image_data rover3 general objective1 high_res waypoint96 waypoint41)
57.039: (communicate_image_data rover3 general objective9 high_res waypoint96 waypoint41)
57.047: (communicate_image_data rover3 general objective6 high_res waypoint96 waypoint41)
57.299: (navigate rover2 waypoint7 waypoint9)
57.047: (calibrate rover2 camera6 objective9 waypoint9)
56.811: (navigate rover2 waypoint9 waypoint7)
57.011: (take_image rover1 waypoint60 objective8 camera0 colour)
57.242: (navigate rover2 waypoint7 waypoint9)
57.422: (navigate rover3 waypoint96 waypoint4)
57.019: (navigate rover3 waypoint4 waypoint7)
56.828: (calibrate rover1 camera0 objective7 waypoint60)
56.808: (calibrate rover3 camera3 objective1 waypoint7)
56.727: (navigate rover3 waypoint7 waypoint22)
56.832: (take_image rover3 waypoint22 objective9 camera3 low_res)
57.028: (take_image rover1 waypoint60 objective10 camera0 colour)
57.357: (navigate rover2 waypoint9 waypoint7)
57.152: (calibrate rover1 camera0 objective7 waypoint60)
56.998: (navigate rover3 waypoint22 waypoint7)
56.969: (calibrate rover3 camera3 objective1 waypoint7)
57.018: (navigate rover3 waypoint7 waypoint9)
57.065: (take_image rover3 waypoint9 objective10 camera3 low_res)
57.266: (take_image rover1 waypoint60 objective6 camera0 colour)
57.203: (navigate rover3 waypoint9 waypoint7)
57.170: (calibrate rover3 camera3 objective1 waypoint7)
57.001: (navigate rover2 waypoint7 waypoint9)
56.920: (navigate rover3 waypoint7 waypoint22)
57.225: (take_image rover2 waypoint9 objective10 camera6 low_res)
56.944: (calibrate rover1 camera0 objective7 waypoint60)
57.009: (navigate rover3 waypoint22 waypoint7)
57.067: (take_image rover3 waypoint7 objective10 camera3 low_res)
57.086: (navigate rover3 waypoint7 waypoint22)
57.367: (take_image rover1 waypoint60 objective6 camera0 colour)
57.332: (navigate rover3 waypoint22 waypoint7)
57.282: (calibrate rover3 camera3 objective1 waypoint7)
57.443: (navigate rover2 waypoint9 waypoint7)
57.163: (calibrate rover1 camera0 objective7 waypoint60)
57.208: (navigate rover3 waypoint7 waypoint9)
57.290: (take_image rover3 waypoint9 objective10 camera3 low_res)
57.228: (navigate rover3 waypoint9 waypoint7)
57.346: (navigate rover3 waypoint7 waypoint4)
57.130: (navigate rover3 waypoint4 waypoint12)
57.312: (navigate rover2 waypoint7 waypoint9)
57.061: (calibrate rover2 camera6 objective9 waypoint9)
56.891: (navigate rover2 waypoint9 waypoint7)
57.094: (take_image rover1 waypoint60 objective8 camera0 colour)
57.252: (navigate rover2 waypoint7 waypoint9)
57.351: (navigate rover3 waypoint12 waypoint14)
57.161: (calibrate rover1 camera0 objective7 waypoint60)
56.986: (calibrate rover3 camera2 objective0 waypoint14)
56.879: (navigate rover3 waypoint14 waypoint12)
56.721: (navigate rover2 waypoint9 waypoint7)
56.885: (take_image rover3 waypoint12 objective5 camera2 colour)
56.890: (communicate_image_data rover3 general objective5 colour waypoint12 waypoint41)
57.055: (navigate rover2 waypoint7 waypoint9)
57.155: (navigate rover3 waypoint12 waypoint14)
56.982: (calibrate rover3 camera2 objective0 waypoint14)
56.874: (navigate rover3 waypoint14 waypoint12)
56.716: (navigate rover2 waypoint9 waypoint7)
56.887: (take_image rover3 waypoint12 objective8 camera2 colour)
56.889: (communicate_image_data rover3 general objective8 colour waypoint12 waypoint41)
57.056: (navigate rover2 waypoint7 waypoint9)
57.150: (navigate rover3 waypoint12 waypoint14)
56.973: (calibrate rover3 camera2 objective0 waypoint14)
56.875: (navigate rover3 waypoint14 waypoint12)
56.712: (navigate rover2 waypoint9 waypoint7)
56.901: (take_image rover1 waypoint60 objective8 camera0 colour)
57.058: (navigate rover2 waypoint7 waypoint9)
57.161: (navigate rover3 waypoint12 waypoint14)
57.131: (navigate rover3 waypoint14 waypoint59)
56.947: (calibrate rover1 camera0 objective7 waypoint60)
56.777: (navigate rover2 waypoint9 waypoint7)
56.959: (take_image rover3 waypoint59 objective6 camera2 high_res)
57.127: (navigate rover2 waypoint7 waypoint9)
57.321: (take_image rover1 waypoint60 objective10 camera0 colour)
57.162: (navigate rover2 waypoint9 waypoint7)
57.427: (take_image rover2 waypoint7 objective8 camera6 colour)
57.158: (calibrate rover1 camera0 objective7 waypoint60)
57.358: (navigate rover2 waypoint7 waypoint9)
57.101: (calibrate rover2 camera6 objective9 waypoint9)
56.932: (navigate rover2 waypoint9 waypoint7)
57.136: (take_image rover1 waypoint60 objective6 camera0 colour)
57.297: (navigate rover2 waypoint7 waypoint9)
57.319: (navigate rover3 waypoint59 waypoint14)
57.131: (calibrate rover1 camera0 objective7 waypoint60)
56.952: (calibrate rover3 camera2 objective0 waypoint14)
56.849: (navigate rover3 waypoint14 waypoint12)
56.685: (navigate rover2 waypoint9 waypoint7)
56.862: (take_image rover3 waypoint12 objective8 camera2 colour)
57.026: (navigate rover2 waypoint7 waypoint9)
57.192: (navigate rover3 waypoint12 waypoint4)
56.793: (navigate rover3 waypoint4 waypoint7)
56.775: (calibrate rover3 camera3 objective1 waypoint7)
56.691: (navigate rover3 waypoint7 waypoint22)
56.795: (take_image rover3 waypoint22 objective10 camera3 low_res)
56.992: (take_image rover1 waypoint60 objective7 camera0 colour)
56.987: (navigate rover3 waypoint22 waypoint7)
56.966: (calibrate rover3 camera3 objective1 waypoint7)
56.882: (navigate rover3 waypoint7 waypoint22)
57.201: (take_image rover2 waypoint9 objective10 camera6 low_res)
56.907: (calibrate rover1 camera0 objective7 waypoint60)
56.977: (navigate rover3 waypoint22 waypoint7)
57.034: (take_image rover3 waypoint7 objective1 camera3 low_res)
57.049: (navigate rover3 waypoint7 waypoint22)
57.344: (take_image rover1 waypoint60 objective10 camera0 colour)
57.320: (navigate rover3 waypoint22 waypoint7)
57.268: (calibrate rover3 camera3 objective1 waypoint7)
57.427: (navigate rover2 waypoint9 waypoint7)
57.128: (calibrate rover1 camera0 objective7 waypoint60)
57.176: (navigate rover3 waypoint7 waypoint9)
57.261: (take_image rover3 waypoint9 objective5 camera3 high_res)
57.196: (navigate rover3 waypoint9 waypoint7)
57.309: (navigate rover3 waypoint7 waypoint4)
57.018: (navigate rover3 waypoint4 waypoint96)
57.268: (navigate rover2 waypoint7 waypoint9)
57.016: (calibrate rover2 camera6 objective9 waypoint9)
56.781: (navigate rover2 waypoint9 waypoint7)
56.985: (take_image rover1 waypoint60 objective10 camera0 colour)
57.209: (navigate rover2 waypoint7 waypoint9)
57.385: (navigate rover3 waypoint96 waypoint4)
57.197: (calibrate rover3 camera2 objective0 waypoint4)
56.804: (navigate rover3 waypoint4 waypoint7)
56.621: (calibrate rover1 camera0 objective7 waypoint60)
56.617: (navigate rover3 waypoint7 waypoint22)
56.772: (take_image rover3 waypoint22 objective9 camera2 colour)
56.777: (navigate rover3 waypoint22 waypoint7)
56.759: (calibrate rover3 camera3 objective1 waypoint7)
56.666: (navigate rover3 waypoint7 waypoint22)
56.856: (take_image rover1 waypoint60 objective6 camera0 colour)
56.951: (navigate rover3 waypoint22 waypoint7)
56.970: (take_image rover3 waypoint7 objective1 camera3 high_res)
56.968: (navigate rover3 waypoint7 waypoint22)
57.297: (navigate rover2 waypoint9 waypoint7)
57.097: (calibrate rover1 camera0 objective7 waypoint60)
56.956: (navigate rover3 waypoint22 waypoint7)
56.922: (calibrate rover3 camera3 objective1 waypoint7)
56.965: (navigate rover3 waypoint7 waypoint9)
57.013: (take_image rover3 waypoint9 objective5 camera3 high_res)
57.210: (take_image rover1 waypoint60 objective6 camera0 colour)
57.152: (navigate rover3 waypoint9 waypoint7)
57.115: (calibrate rover3 camera3 objective1 waypoint7)
57.158: (navigate rover3 waypoint7 waypoint9)
57.210: (take_image rover3 waypoint9 objective5 camera3 low_res)
57.013: (calibrate rover1 camera0 objective7 waypoint60)
56.955: (navigate rover3 waypoint9 waypoint7)
56.778: (navigate rover2 waypoint7 waypoint9)
56.759: (calibrate rover3 camera3 objective1 waypoint7)
56.666: (navigate rover3 waypoint7 waypoint22)
56.770: (take_image rover3 waypoint22 objective10 camera3 low_res)
56.968: (take_image rover1 waypoint60 objective7 camera0 colour)
56.970: (navigate rover3 waypoint22 waypoint7)
56.951: (calibrate rover3 camera3 objective1 waypoint7)
56.855: (navigate rover3 waypoint7 waypoint22)
57.171: (take_image rover2 waypoint9 objective9 camera6 colour)
56.889: (calibrate rover1 camera0 objective7 waypoint60)
56.966: (navigate rover3 waypoint22 waypoint7)
57.023: (take_image rover3 waypoint7 objective1 camera3 low_res)
57.032: (navigate rover3 waypoint7 waypoint22)
57.311: (take_image rover1 waypoint60 objective10 camera0 colour)
57.299: (navigate rover3 waypoint22 waypoint7)
57.248: (calibrate rover3 camera3 objective1 waypoint7)
57.406: (navigate rover2 waypoint9 waypoint7)
57.117: (calibrate rover1 camera0 objective7 waypoint60)
57.159: (navigate rover3 waypoint7 waypoint9)
57.245: (take_image rover3 waypoint9 objective5 camera3 high_res)
57.185: (navigate rover3 waypoint9 waypoint7)
57.297: (navigate rover3 waypoint7 waypoint4)
57.003: (navigate rover3 waypoint4 waypoint96)
56.749: (communicate_image_data rover3 general objective9 colour waypoint96 waypoint41)
56.931: (communicate_image_data rover3 general objective6 colour waypoint96 waypoint41)
56.697: (navigate rover3 waypoint96 waypoint4)
56.422: (navigate rover3 waypoint4 waypoint7)
56.260: (calibrate rover3 camera3 objective1 waypoint7)
56.322: (take_image rover1 waypoint60 objective4 camera0 colour)
56.247: (calibrate rover1 camera0 objective7 waypoint60)
56.407: (take_image rover3 waypoint7 objective10 camera3 high_res)
56.467: (take_image rover1 waypoint60 objective10 camera0 colour)
56.757: (navigate rover2 waypoint7 waypoint9)
56.620: (calibrate rover2 camera6 objective9 waypoint9)
56.368: (navigate rover2 waypoint9 waypoint7)
56.276: (calibrate rover3 camera3 objective1 waypoint7)
56.236: (calibrate rover1 camera0 objective7 waypoint60)
56.247: (take_image rover2 waypoint7 objective6 camera6 colour)
56.322: (take_image rover1 waypoint60 objective7 camera0 colour)
56.467: (take_image rover3 waypoint7 objective8 camera3 low_res)
56.412: (calibrate rover1 camera0 objective7 waypoint60)
56.692: (navigate rover3 waypoint7 waypoint4)
56.584: (calibrate rover3 camera2 objective0 waypoint4)
56.313: (navigate rover3 waypoint4 waypoint7)
56.246: (calibrate rover3 camera3 objective1 waypoint7)
56.251: (take_image rover3 waypoint7 objective1 camera2 colour)
56.333: (take_image rover1 waypoint60 objective7 camera0 colour)
56.477: (take_image rover3 waypoint7 objective10 camera3 low_res)
56.413: (calibrate rover1 camera0 objective7 waypoint60)
56.693: (navigate rover3 waypoint7 waypoint4)
56.589: (calibrate rover3 camera2 objective0 waypoint4)
56.317: (navigate rover3 waypoint4 waypoint7)
56.249: (calibrate rover3 camera3 objective1 waypoint7)
56.288: (take_image rover1 waypoint60 objective8 camera0 colour)
56.359: (take_image rover3 waypoint7 objective6 camera3 high_res)
56.641: (navigate rover3 waypoint7 waypoint4)
56.628: (navigate rover3 waypoint4 waypoint73)
56.564: (calibrate rover3 camera3 objective1 waypoint73)
56.527: (calibrate rover1 camera0 objective7 waypoint60)
56.508: (navigate rover3 waypoint73 waypoint4)
56.483: (take_image rover3 waypoint4 objective0 camera2 high_res)
56.218: (navigate rover3 waypoint4 waypoint7)
56.300: (take_image rover1 waypoint60 objective8 camera0 colour)
56.450: (take_image rover3 waypoint7 objective6 camera3 low_res)
56.387: (calibrate rover1 camera0 objective7 waypoint60)
56.660: (navigate rover3 waypoint7 waypoint4)
56.586: (calibrate rover3 camera2 objective0 waypoint4)
56.323: (navigate rover3 waypoint4 waypoint7)
56.252: (calibrate rover3 camera3 objective1 waypoint7)
56.296: (take_image rover1 waypoint60 objective6 camera0 colour)
56.365: (take_image rover3 waypoint7 objective10 camera3 low_res)
56.635: (navigate rover3 waypoint7 waypoint4)
56.635: (navigate rover3 waypoint4 waypoint73)
56.571: (calibrate rover3 camera3 objective1 waypoint73)
56.529: (calibrate rover1 camera0 objective7 waypoint60)
56.491: (take_image rover3 waypoint73 objective6 camera2 high_res)
56.571: (take_image rover1 waypoint60 objective4 camera0 colour)
56.574: (navigate rover3 waypoint73 waypoint4)
56.554: (calibrate rover3 camera2 objective0 waypoint4)
56.500: (calibrate rover1 camera0 objective7 waypoint60)
56.484: (take_image rover3 waypoint4 objective4 camera2 colour)
56.217: (navigate rover3 waypoint4 waypoint7)
56.301: (take_image rover1 waypoint60 objective8 camera0 colour)
56.450: (take_image rover3 waypoint7 objective6 camera3 low_res)
56.387: (calibrate rover1 camera0 objective7 waypoint60)
56.660: (navigate rover3 waypoint7 waypoint4)
56.585: (calibrate rover3 camera2 objective0 waypoint4)
56.323: (navigate rover3 waypoint4 waypoint7)
56.253: (calibrate rover3 camera3 objective1 waypoint7)
56.295: (take_image rover1 waypoint60 objective4 camera0 colour)
56.364: (take_image rover3 waypoint7 objective10 camera3 low_res)
56.637: (navigate rover3 waypoint7 waypoint4)
56.634: (navigate rover3 waypoint4 waypoint73)
56.570: (calibrate rover3 camera3 objective1 waypoint73)
56.529: (calibrate rover1 camera0 objective7 waypoint60)
56.492: (take_image rover3 waypoint73 objective6 camera2 colour)
56.573: (take_image rover1 waypoint60 objective4 camera0 colour)
56.576: (navigate rover3 waypoint73 waypoint4)
56.554: (calibrate rover3 camera2 objective0 waypoint4)
56.501: (calibrate rover1 camera0 objective7 waypoint60)
56.489: (take_image rover3 waypoint4 objective0 camera2 colour)
56.219: (navigate rover3 waypoint4 waypoint7)
56.306: (take_image rover1 waypoint60 objective10 camera0 colour)
56.452: (take_image rover3 waypoint7 objective6 camera3 low_res)
56.388: (calibrate rover1 camera0 objective7 waypoint60)
56.662: (navigate rover3 waypoint7 waypoint4)
56.585: (calibrate rover3 camera2 objective0 waypoint4)
56.323: (navigate rover3 waypoint4 waypoint7)
56.252: (calibrate rover3 camera3 objective1 waypoint7)
56.295: (take_image rover1 waypoint60 objective4 camera0 colour)
56.365: (take_image rover3 waypoint7 objective10 camera3 low_res)
56.637: (navigate rover3 waypoint7 waypoint4)
56.634: (navigate rover3 waypoint4 waypoint73)
56.571: (calibrate rover3 camera3 objective1 waypoint73)
56.529: (calibrate rover1 camera0 objective7 waypoint60)
56.494: (take_image rover3 waypoint73 objective4 camera2 colour)
56.579: (take_image rover1 waypoint60 objective4 camera0 colour)
56.583: (navigate rover3 waypoint73 waypoint4)
56.555: (calibrate rover3 camera2 objective0 waypoint4)
56.501: (calibrate rover1 camera0 objective7 waypoint60)
56.592: (take_image rover3 waypoint4 objective4 camera3 low_res)
56.325: (navigate rover3 waypoint4 waypoint7)
56.253: (calibrate rover3 camera3 objective1 waypoint7)
56.223: (take_image rover3 waypoint7 objective6 camera2 colour)
56.306: (take_image rover1 waypoint60 objective10 camera0 colour)
56.454: (take_image rover3 waypoint7 objective6 camera3 low_res)
56.390: (calibrate rover1 camera0 objective7 waypoint60)
56.663: (navigate rover3 waypoint7 waypoint4)
56.657: (navigate rover3 waypoint4 waypoint73)
56.496: (calibrate rover3 camera3 objective1 waypoint73)
56.488: (navigate rover3 waypoint73 waypoint4)
56.506: (calibrate rover3 camera2 objective0 waypoint4)
56.529: (navigate rover3 waypoint4 waypoint73)
56.569: (take_image rover1 waypoint60 objective7 camera0 colour)
56.555: (navigate rover3 waypoint73 waypoint4)
56.296: (navigate rover3 waypoint4 waypoint7)
56.367: (take_image rover3 waypoint7 objective10 camera3 low_res)
56.639: (navigate rover3 waypoint7 waypoint4)
56.637: (navigate rover3 waypoint4 waypoint73)
56.594: (calibrate rover1 camera0 objective7 waypoint60)
57.033: (navigate rover2 waypoint7 waypoint9)
56.898: (calibrate rover2 camera6 objective9 waypoint9)
56.506: (navigate rover2 waypoint9 waypoint7)
56.496: (navigate rover3 waypoint73 waypoint4)
56.232: (navigate rover3 waypoint4 waypoint7)
56.239: (calibrate rover3 camera3 objective1 waypoint7)
56.210: (take_image rover3 waypoint7 objective6 camera2 colour)
56.255: (take_image rover1 waypoint60 objective7 camera0 colour)
56.349: (take_image rover3 waypoint7 objective10 camera3 high_res)
56.304: (calibrate rover1 camera0 objective7 waypoint60)
56.444: (take_image rover2 waypoint7 objective1 camera6 low_res)
56.273: (calibrate rover3 camera3 objective1 waypoint7)
56.361: (take_image rover1 waypoint60 objective4 camera0 colour)
56.510: (take_image rover3 waypoint7 objective6 camera3 low_res)
56.786: (navigate rover2 waypoint7 waypoint9)
56.645: (calibrate rover2 camera6 objective9 waypoint9)
56.405: (navigate rover2 waypoint9 waypoint7)
56.307: (calibrate rover3 camera3 objective1 waypoint7)
56.264: (calibrate rover1 camera0 objective7 waypoint60)
56.274: (take_image rover2 waypoint7 objective1 camera6 colour)
56.360: (take_image rover1 waypoint60 objective6 camera0 colour)
56.511: (take_image rover3 waypoint7 objective6 camera3 low_res)
56.448: (calibrate rover1 camera0 objective7 waypoint60)
56.727: (navigate rover3 waypoint7 waypoint4)
56.653: (calibrate rover3 camera2 objective0 waypoint4)
56.382: (navigate rover3 waypoint4 waypoint7)
56.305: (calibrate rover3 camera3 objective1 waypoint7)
56.348: (take_image rover1 waypoint60 objective6 camera0 colour)
56.428: (take_image rover3 waypoint7 objective1 camera3 high_res)
56.707: (navigate rover3 waypoint7 waypoint4)
56.694: (navigate rover3 waypoint4 waypoint73)
56.622: (calibrate rover3 camera3 objective1 waypoint73)
56.579: (calibrate rover1 camera0 objective7 waypoint60)
56.544: (take_image rover3 waypoint73 objective6 camera2 high_res)
56.547: (navigate rover3 waypoint73 waypoint4)
56.565: (calibrate rover3 camera2 objective0 waypoint4)
56.613: (take_image rover1 waypoint60 objective4 camera0 colour)
56.643: (take_image rover3 waypoint4 objective4 camera2 colour)
56.632: (navigate rover3 waypoint4 waypoint73)
56.770: (take_image rover3 waypoint73 objective1 camera3 high_res)
56.709: (calibrate rover1 camera0 objective7 waypoint60)
57.119: (navigate rover2 waypoint7 waypoint9)
56.959: (calibrate rover3 camera3 objective1 waypoint73)
56.902: (calibrate rover2 camera6 objective9 waypoint9)
56.537: (navigate rover2 waypoint9 waypoint7)
56.536: (navigate rover3 waypoint73 waypoint4)
56.265: (navigate rover3 waypoint4 waypoint7)
56.307: (take_image rover1 waypoint60 objective8 camera0 colour)
56.409: (take_image rover3 waypoint7 objective1 camera3 high_res)
56.364: (calibrate rover1 camera0 objective7 waypoint60)
56.621: (navigate rover2 waypoint7 waypoint9)
56.548: (calibrate rover3 camera3 objective1 waypoint7)
56.572: (take_image rover1 waypoint60 objective6 camera0 colour)
56.639: (take_image rover3 waypoint7 objective10 camera3 low_res)
56.784: (take_image rover2 waypoint9 objective5 camera6 colour)
56.663: (calibrate rover3 camera3 objective1 waypoint7)
56.595: (calibrate rover1 camera0 objective7 waypoint60)
56.739: (take_image rover3 waypoint7 objective10 camera3 high_res)
57.251: (navigate rover0 waypoint78 waypoint35)
56.189: (communicate_soil_data rover0 general waypoint78 waypoint35 waypoint41)
55.170: (navigate rover0 waypoint35 waypoint7)
54.957: (calibrate rover0 camera8 objective1 waypoint7)
54.816: (calibrate rover3 camera3 objective1 waypoint7)
54.703: (navigate rover2 waypoint9 waypoint7)
54.720: (take_image rover1 waypoint60 objective7 camera0 colour)
54.822: (navigate rover2 waypoint7 waypoint9)
54.781: (calibrate rover2 camera6 objective9 waypoint9)
54.705: (navigate rover2 waypoint9 waypoint7)
54.678: (calibrate rover1 camera0 objective7 waypoint60)
54.735: (take_image rover3 waypoint7 objective6 camera3 low_res)
54.765: (take_image rover1 waypoint60 objective6 camera0 colour)
54.838: (navigate rover2 waypoint7 waypoint9)
54.825: (calibrate rover1 camera0 objective7 waypoint60)
54.767: (calibrate rover3 camera3 objective1 waypoint7)
54.885: (take_image rover0 waypoint7 objective1 camera8 colour)
54.724: (calibrate rover0 camera8 objective1 waypoint7)
54.605: (navigate rover2 waypoint9 waypoint7)
54.629: (take_image rover1 waypoint60 objective4 camera0 colour)
54.644: (take_image rover2 waypoint7 objective1 camera6 colour)
54.632: (calibrate rover1 camera0 objective7 waypoint60)
54.764: (take_image rover3 waypoint7 objective8 camera3 high_res)
54.781: (take_image rover1 waypoint60 objective10 camera0 colour)
54.916: (navigate rover2 waypoint7 waypoint9)
54.780: (calibrate rover3 camera3 objective1 waypoint7)
54.736: (calibrate rover2 camera6 objective9 waypoint9)
54.790: (take_image rover3 waypoint7 objective10 camera3 low_res)
54.690: (navigate rover2 waypoint9 waypoint7)
54.668: (calibrate rover1 camera0 objective7 waypoint60)
54.784: (navigate rover2 waypoint7 waypoint9)
54.915: (take_image rover2 waypoint9 objective10 camera6 low_res)
54.777: (calibrate rover3 camera3 objective1 waypoint7)
54.926: (take_image rover0 waypoint7 objective1 camera8 high_res)
54.781: (calibrate rover0 camera8 objective1 waypoint7)
54.634: (navigate rover2 waypoint9 waypoint7)
54.646: (take_image rover1 waypoint60 objective4 camera0 colour)
54.780: (navigate rover2 waypoint7 waypoint9)
54.737: (calibrate rover2 camera6 objective9 waypoint9)
54.631: (navigate rover2 waypoint9 waypoint7)
54.607: (calibrate rover1 camera0 objective7 waypoint60)
54.664: (take_image rover3 waypoint7 objective6 camera3 low_res)
54.691: (take_image rover1 waypoint60 objective6 camera0 colour)
54.783: (take_image rover2 waypoint7 objective1 camera6 colour)
54.769: (calibrate rover1 camera0 objective7 waypoint60)
54.916: (navigate rover2 waypoint7 waypoint9)
54.785: (calibrate rover2 camera6 objective9 waypoint9)
54.728: (calibrate rover3 camera3 objective1 waypoint7)
54.886: (take_image rover0 waypoint7 objective1 camera8 high_res)
54.800: (navigate rover2 waypoint9 waypoint7)
54.815: (take_image rover1 waypoint60 objective8 camera0 colour)
54.881: (take_image rover2 waypoint7 objective8 camera6 low_res)
54.821: (calibrate rover1 camera0 objective7 waypoint60)
54.997: (take_image rover3 waypoint7 objective6 camera3 low_res)
55.039: (take_image rover1 waypoint60 objective6 camera0 colour)
55.142: (navigate rover2 waypoint7 waypoint9)
54.918: (calibrate rover0 camera8 objective1 waypoint7)
54.792: (calibrate rover2 camera6 objective9 waypoint9)
54.995: (take_image rover0 waypoint7 objective1 camera8 high_res)
54.890: (calibrate rover3 camera3 objective1 waypoint7)
54.980: (take_image rover2 waypoint9 objective5 camera6 colour)
55.307: (navigate rover3 waypoint7 waypoint4)
55.098: (calibrate rover0 camera8 objective1 waypoint7)
55.021: (navigate rover3 waypoint4 waypoint73)
54.921: (navigate rover2 waypoint9 waypoint7)
54.908: (calibrate rover1 camera0 objective7 waypoint60)
55.009: (navigate rover3 waypoint73 waypoint4)
55.030: (take_image rover1 waypoint60 objective6 camera0 colour)
55.057: (calibrate rover3 camera2 objective0 waypoint4)
54.685: (navigate rover3 waypoint4 waypoint7)
54.668: (calibrate rover1 camera0 objective7 waypoint60)
54.756: (take_image rover3 waypoint7 objective10 camera3 low_res)
54.772: (take_image rover1 waypoint60 objective10 camera0 colour)
54.912: (navigate rover2 waypoint7 waypoint9)
54.779: (calibrate rover2 camera6 objective9 waypoint9)
54.676: (navigate rover2 waypoint9 waypoint7)
54.649: (calibrate rover1 camera0 objective7 waypoint60)
54.643: (calibrate rover3 camera3 objective1 waypoint7)
54.667: (take_image rover1 waypoint60 objective10 camera0 colour)
54.774: (navigate rover2 waypoint7 waypoint9)
54.761: (calibrate rover1 camera0 objective7 waypoint60)
54.768: (take_image rover3 waypoint7 objective1 camera3 high_res)
54.910: (take_image rover2 waypoint9 objective5 camera6 low_res)
54.822: (calibrate rover3 camera3 objective1 waypoint7)
54.823: (take_image rover1 waypoint60 objective6 camera0 colour)
54.972: (take_image rover0 waypoint7 objective1 camera8 colour)
54.869: (navigate rover2 waypoint9 waypoint7)
54.858: (calibrate rover1 camera0 objective7 waypoint60)
54.932: (take_image rover3 waypoint7 objective10 camera3 high_res)
54.944: (take_image rover1 waypoint60 objective10 camera0 colour)
55.052: (navigate rover2 waypoint7 waypoint9)
54.922: (calibrate rover2 camera6 objective9 waypoint9)
54.849: (navigate rover2 waypoint9 waypoint7)
54.827: (calibrate rover1 camera0 objective7 waypoint60)
54.836: (calibrate rover3 camera3 objective1 waypoint7)
54.854: (take_image rover1 waypoint60 objective10 camera0 colour)
54.928: (navigate rover2 waypoint7 waypoint9)
54.922: (calibrate rover1 camera0 objective7 waypoint60)
54.913: (take_image rover3 waypoint7 objective10 camera3 low_res)
54.982: (take_image rover3 waypoint7 objective1 camera2 colour)
54.904: (navigate rover2 waypoint9 waypoint7)
54.923: (take_image rover1 waypoint60 objective10 camera0 colour)
55.294: (navigate rover3 waypoint7 waypoint4)
55.065: (calibrate rover0 camera8 objective1 waypoint7)
54.952: (navigate rover3 waypoint4 waypoint73)
54.906: (calibrate rover3 camera3 objective1 waypoint73)
54.886: (calibrate rover1 camera0 objective7 waypoint60)
54.930: (take_image rover3 waypoint73 objective1 camera3 high_res)
55.016: (navigate rover2 waypoint7 waypoint9)
54.971: (calibrate rover3 camera3 objective1 waypoint73)
54.978: (take_image rover1 waypoint60 objective10 camera0 colour)
55.023: (take_image rover3 waypoint73 objective6 camera3 high_res)
55.099: (navigate rover3 waypoint73 waypoint4)
55.090: (calibrate rover1 camera0 objective7 waypoint60)
55.039: (navigate rover2 waypoint9 waypoint7)
55.021: (calibrate rover3 camera2 objective0 waypoint4)
54.929: (navigate rover3 waypoint4 waypoint73)
54.926: (calibrate rover3 camera3 objective1 waypoint73)
54.948: (take_image rover1 waypoint60 objective6 camera0 colour)
54.945: (take_image rover3 waypoint73 objective1 camera3 high_res)
55.019: (navigate rover2 waypoint7 waypoint9)
55.012: (calibrate rover1 camera0 objective7 waypoint60)
55.012: (calibrate rover3 camera3 objective1 waypoint73)
55.022: (take_image rover1 waypoint60 objective6 camera0 colour)
55.069: (take_image rover2 waypoint9 objective9 camera6 low_res)
54.966: (navigate rover2 waypoint9 waypoint7)
54.951: (calibrate rover1 camera0 objective7 waypoint60)
55.028: (take_image rover3 waypoint73 objective1 camera3 low_res)
55.032: (take_image rover3 waypoint73 objective1 camera2 colour)
55.041: (take_image rover1 waypoint60 objective8 camera0 colour)
55.146: (navigate rover2 waypoint7 waypoint9)
55.148: (calibrate rover1 camera0 objective7 waypoint60)
55.022: (calibrate rover3 camera3 objective1 waypoint73)
55.092: (navigate rover3 waypoint73 waypoint4)
55.031: (calibrate rover2 camera6 objective9 waypoint9)
54.979: (navigate rover2 waypoint9 waypoint7)
54.995: (calibrate rover3 camera2 objective0 waypoint4)
55.024: (take_image rover3 waypoint4 objective0 camera3 low_res)
54.651: (navigate rover3 waypoint4 waypoint7)
54.645: (calibrate rover3 camera3 objective1 waypoint7)
54.605: (take_image rover3 waypoint7 objective8 camera2 high_res)
54.632: (take_image rover1 waypoint60 objective6 camera0 colour)
54.649: (take_image rover2 waypoint7 objective10 camera6 low_res)
54.636: (calibrate rover1 camera0 objective7 waypoint60)
54.775: (take_image rover3 waypoint7 objective1 camera3 low_res)
54.792: (take_image rover1 waypoint60 objective8 camera0 colour)
54.927: (navigate rover2 waypoint7 waypoint9)
54.786: (calibrate rover3 camera3 objective1 waypoint7)
54.740: (calibrate rover2 camera6 objective9 waypoint9)
54.733: (calibrate rover1 camera0 objective7 waypoint60)
54.781: (take_image rover2 waypoint9 objective10 camera6 low_res)
54.924: (take_image rover3 waypoint7 objective8 camera3 low_res)
54.789: (calibrate rover2 camera6 objective9 waypoint9)
54.672: (navigate rover2 waypoint9 waypoint7)
54.697: (take_image rover1 waypoint60 objective6 camera0 colour)
54.796: (navigate rover2 waypoint7 waypoint9)
54.992: (take_image rover0 waypoint7 objective1 camera8 high_res)
54.893: (calibrate rover3 camera3 objective1 waypoint7)
54.821: (navigate rover2 waypoint9 waypoint7)
54.802: (calibrate rover1 camera0 objective7 waypoint60)
54.822: (take_image rover2 waypoint7 objective8 camera6 colour)
54.882: (take_image rover1 waypoint60 objective6 camera0 colour)
54.981: (navigate rover2 waypoint7 waypoint9)
54.933: (calibrate rover1 camera0 objective7 waypoint60)
54.887: (calibrate rover2 camera6 objective9 waypoint9)
54.983: (take_image rover3 waypoint7 objective6 camera3 high_res)
54.904: (navigate rover2 waypoint9 waypoint7)
54.922: (take_image rover1 waypoint60 objective10 camera0 colour)
55.043: (take_image rover2 waypoint7 objective10 camera6 colour)
55.003: (calibrate rover1 camera0 objective7 waypoint60)
55.113: (navigate rover2 waypoint7 waypoint9)
55.143: (take_image rover1 waypoint60 objective7 camera0 colour)
55.467: (navigate rover3 waypoint7 waypoint4)
55.242: (calibrate rover0 camera8 objective1 waypoint7)
55.103: (calibrate rover2 camera6 objective9 waypoint9)
55.026: (navigate rover3 waypoint4 waypoint73)
54.957: (navigate rover2 waypoint9 waypoint7)
54.909: (calibrate rover3 camera3 objective1 waypoint73)
54.889: (calibrate rover1 camera0 objective7 waypoint60)
54.911: (take_image rover2 waypoint7 objective10 camera6 low_res)
54.923: (take_image rover1 waypoint60 objective4 camera0 colour)
55.025: (navigate rover2 waypoint7 waypoint9)
54.980: (calibrate rover2 camera6 objective9 waypoint9)
54.974: (calibrate rover1 camera0 objective7 waypoint60)
55.021: (take_image rover3 waypoint73 objective6 camera3 low_res)
54.936: (navigate rover2 waypoint9 waypoint7)
55.038: (take_image rover2 waypoint7 objective10 camera6 low_res)
55.049: (take_image rover1 waypoint60 objective4 camera0 colour)
55.155: (navigate rover2 waypoint7 waypoint9)
55.156: (calibrate rover1 camera0 objective7 waypoint60)
55.025: (calibrate rover3 camera3 objective1 waypoint73)
55.094: (navigate rover3 waypoint73 waypoint4)
55.013: (navigate rover2 waypoint9 waypoint7)
55.033: (take_image rover1 waypoint60 objective7 camera0 colour)
55.060: (calibrate rover3 camera2 objective0 waypoint4)
54.688: (navigate rover3 waypoint4 waypoint7)
54.672: (calibrate rover1 camera0 objective7 waypoint60)
54.764: (take_image rover3 waypoint7 objective6 camera3 low_res)
54.779: (take_image rover1 waypoint60 objective10 camera0 colour)
54.920: (navigate rover2 waypoint7 waypoint9)
54.781: (calibrate rover2 camera6 objective9 waypoint9)
54.679: (navigate rover2 waypoint9 waypoint7)
54.671: (calibrate rover3 camera3 objective1 waypoint7)
54.777: (navigate rover2 waypoint7 waypoint9)
54.764: (calibrate rover1 camera0 objective7 waypoint60)
54.772: (take_image rover3 waypoint7 objective1 camera3 high_res)
54.917: (take_image rover2 waypoint9 objective10 camera6 colour)
54.826: (calibrate rover3 camera3 objective1 waypoint7)
54.826: (take_image rover1 waypoint60 objective6 camera0 colour)
54.974: (take_image rover0 waypoint7 objective1 camera8 high_res)
54.871: (navigate rover2 waypoint9 waypoint7)
54.859: (calibrate rover1 camera0 objective7 waypoint60)
54.939: (take_image rover3 waypoint7 objective6 camera3 low_res)
54.951: (take_image rover1 waypoint60 objective10 camera0 colour)
55.059: (navigate rover2 waypoint7 waypoint9)
54.925: (calibrate rover2 camera6 objective9 waypoint9)
54.852: (navigate rover2 waypoint9 waypoint7)
54.830: (calibrate rover1 camera0 objective7 waypoint60)
54.839: (calibrate rover3 camera3 objective1 waypoint7)
54.856: (take_image rover1 waypoint60 objective4 camera0 colour)
54.931: (navigate rover2 waypoint7 waypoint9)
54.925: (calibrate rover1 camera0 objective7 waypoint60)
54.915: (take_image rover3 waypoint7 objective8 camera3 high_res)
55.056: (take_image rover2 waypoint9 objective10 camera6 low_res)
54.970: (calibrate rover3 camera3 objective1 waypoint7)
55.282: (navigate rover3 waypoint7 waypoint4)
55.110: (calibrate rover0 camera8 objective1 waypoint7)
55.034: (navigate rover2 waypoint9 waypoint7)
54.953: (navigate rover3 waypoint4 waypoint73)
54.967: (take_image rover1 waypoint60 objective4 camera0 colour)
55.048: (take_image rover3 waypoint73 objective4 camera3 low_res)
55.035: (calibrate rover1 camera0 objective7 waypoint60)
55.141: (navigate rover3 waypoint73 waypoint4)
55.151: (take_image rover3 waypoint4 objective0 camera2 colour)
55.170: (take_image rover1 waypoint60 objective8 camera0 colour)
55.163: (calibrate rover3 camera2 objective0 waypoint4)
55.237: (navigate rover2 waypoint7 waypoint9)
55.094: (calibrate rover2 camera6 objective9 waypoint9)
55.023: (navigate rover3 waypoint4 waypoint73)
54.950: (navigate rover2 waypoint9 waypoint7)
54.931: (calibrate rover1 camera0 objective7 waypoint60)
54.926: (calibrate rover3 camera3 objective1 waypoint73)
54.949: (take_image rover1 waypoint60 objective7 camera0 colour)
55.023: (navigate rover2 waypoint7 waypoint9)
55.014: (calibrate rover1 camera0 objective7 waypoint60)
55.013: (take_image rover3 waypoint73 objective6 camera3 low_res)
55.076: (navigate rover3 waypoint73 waypoint4)
55.091: (take_image rover3 waypoint4 objective4 camera2 colour)
55.041: (navigate rover2 waypoint9 waypoint7)
55.067: (take_image rover1 waypoint60 objective10 camera0 colour)
55.056: (calibrate rover3 camera2 objective0 waypoint4)
55.196: (navigate rover3 waypoint4 waypoint96)
55.171: (communicate_image_data rover3 general objective0 low_res waypoint96 waypoint41)
55.040: (navigate rover3 waypoint96 waypoint4)
54.662: (navigate rover3 waypoint4 waypoint7)
54.633: (calibrate rover1 camera0 objective7 waypoint60)
54.626: (calibrate rover3 camera3 objective1 waypoint7)
54.591: (take_image rover3 waypoint7 objective1 camera2 colour)
54.616: (take_image rover1 waypoint60 objective7 camera0 colour)
54.634: (take_image rover2 waypoint7 objective1 camera6 colour)
54.621: (calibrate rover1 camera0 objective7 waypoint60)
54.750: (take_image rover3 waypoint7 objective10 camera3 high_res)
54.769: (take_image rover1 waypoint60 objective10 camera0 colour)
54.905: (navigate rover2 waypoint7 waypoint9)
54.770: (calibrate rover3 camera3 objective1 waypoint7)
54.724: (calibrate rover2 camera6 objective9 waypoint9)
54.717: (calibrate rover1 camera0 objective7 waypoint60)
54.767: (take_image rover2 waypoint9 objective10 camera6 low_res)
54.904: (take_image rover3 waypoint7 objective1 camera3 low_res)
54.772: (calibrate rover2 camera6 objective9 waypoint9)
54.655: (navigate rover2 waypoint9 waypoint7)
54.681: (take_image rover1 waypoint60 objective7 camera0 colour)
54.781: (navigate rover2 waypoint7 waypoint9)
54.978: (take_image rover0 waypoint7 objective1 camera8 colour)
54.878: (calibrate rover3 camera3 objective1 waypoint7)
54.804: (navigate rover2 waypoint9 waypoint7)
54.787: (calibrate rover1 camera0 objective7 waypoint60)
54.807: (take_image rover2 waypoint7 objective1 camera6 colour)
54.864: (take_image rover1 waypoint60 objective10 camera0 colour)
54.965: (navigate rover2 waypoint7 waypoint9)
54.917: (calibrate rover1 camera0 objective7 waypoint60)
54.871: (calibrate rover2 camera6 objective9 waypoint9)
54.968: (take_image rover3 waypoint7 objective1 camera3 high_res)
54.887: (navigate rover2 waypoint9 waypoint7)
54.906: (take_image rover1 waypoint60 objective10 camera0 colour)
55.020: (take_image rover2 waypoint7 objective10 camera6 low_res)
54.981: (calibrate rover1 camera0 objective7 waypoint60)
55.091: (navigate rover2 waypoint7 waypoint9)
55.122: (take_image rover1 waypoint60 objective4 camera0 colour)
55.444: (navigate rover3 waypoint7 waypoint4)
55.219: (calibrate rover0 camera8 objective1 waypoint7)
55.088: (calibrate rover2 camera6 objective9 waypoint9)
55.010: (navigate rover3 waypoint4 waypoint73)
54.940: (navigate rover2 waypoint9 waypoint7)
54.893: (calibrate rover3 camera3 objective1 waypoint73)
54.873: (calibrate rover1 camera0 objective7 waypoint60)
54.895: (take_image rover2 waypoint7 objective8 camera6 low_res)
54.908: (take_image rover1 waypoint60 objective4 camera0 colour)
55.009: (navigate rover2 waypoint7 waypoint9)
54.966: (calibrate rover2 camera6 objective9 waypoint9)
54.957: (calibrate rover1 camera0 objective7 waypoint60)
55.004: (take_image rover3 waypoint73 objective4 camera3 low_res)
54.918: (navigate rover2 waypoint9 waypoint7)
55.014: (take_image rover2 waypoint7 objective6 camera6 colour)
55.026: (take_image rover1 waypoint60 objective4 camera0 colour)
55.132: (navigate rover2 waypoint7 waypoint9)
55.134: (calibrate rover1 camera0 objective7 waypoint60)
55.009: (calibrate rover3 camera3 objective1 waypoint73)
55.077: (navigate rover3 waypoint73 waypoint4)
54.997: (navigate rover2 waypoint9 waypoint7)
55.016: (calibrate rover3 camera2 objective0 waypoint4)
54.654: (navigate rover3 waypoint4 waypoint7)
54.669: (take_image rover1 waypoint60 objective10 camera0 colour)
54.753: (take_image rover3 waypoint7 objective1 camera3 low_res)
54.741: (calibrate rover1 camera0 objective7 waypoint60)
54.894: (navigate rover2 waypoint7 waypoint9)
54.756: (calibrate rover2 camera6 objective9 waypoint9)
54.746: (calibrate rover3 camera3 objective1 waypoint7)
54.761: (take_image rover1 waypoint60 objective4 camera0 colour)
54.651: (navigate rover2 waypoint9 waypoint7)
54.837: (take_image rover0 waypoint7 objective1 camera8 colour)
54.819: (calibrate rover1 camera0 objective7 waypoint60)
54.808: (take_image rover3 waypoint7 objective10 camera3 low_res)
54.834: (take_image rover1 waypoint60 objective10 camera0 colour)
54.906: (navigate rover2 waypoint7 waypoint9)
54.767: (calibrate rover0 camera8 objective1 waypoint7)
54.894: (take_image rover2 waypoint9 objective9 camera6 low_res)
54.809: (calibrate rover3 camera3 objective1 waypoint7)
54.803: (calibrate rover1 camera0 objective7 waypoint60)
54.956: (take_image rover0 waypoint7 objective1 camera8 colour)
54.841: (navigate rover2 waypoint9 waypoint7)
54.852: (take_image rover1 waypoint60 objective6 camera0 colour)
54.928: (take_image rover3 waypoint7 objective6 camera3 high_res)
54.917: (calibrate rover1 camera0 objective7 waypoint60)
55.033: (navigate rover2 waypoint7 waypoint9)
54.897: (calibrate rover2 camera6 objective9 waypoint9)
54.905: (calibrate rover3 camera3 objective1 waypoint7)
54.912: (take_image rover1 waypoint60 objective4 camera0 colour)
54.956: (take_image rover2 waypoint9 objective10 camera6 low_res)
55.034: (take_image rover3 waypoint7 objective6 camera3 low_res)
55.363: (navigate rover3 waypoint7 waypoint4)
55.209: (calibrate rover0 camera8 objective1 waypoint7)
55.076: (calibrate rover2 camera6 objective9 waypoint9)
55.005: (navigate rover3 waypoint4 waypoint73)
54.932: (navigate rover2 waypoint9 waypoint7)
54.914: (calibrate rover1 camera0 objective7 waypoint60)
54.910: (calibrate rover3 camera3 objective1 waypoint73)
54.933: (take_image rover1 waypoint60 objective10 camera0 colour)
54.948: (take_image rover2 waypoint7 objective10 camera6 low_res)
54.934: (calibrate rover1 camera0 objective7 waypoint60)
55.007: (take_image rover3 waypoint73 objective1 camera3 low_res)
55.022: (take_image rover1 waypoint60 objective4 camera0 colour)
55.132: (navigate rover2 waypoint7 waypoint9)
55.052: (calibrate rover3 camera3 objective1 waypoint73)
55.006: (calibrate rover2 camera6 objective9 waypoint9)
54.995: (calibrate rover1 camera0 objective7 waypoint60)
54.993: (take_image rover3 waypoint73 objective1 camera3 low_res)
55.061: (navigate rover3 waypoint73 waypoint4)
55.007: (navigate rover2 waypoint9 waypoint7)
55.025: (take_image rover3 waypoint4 objective0 camera2 colour)
55.052: (take_image rover1 waypoint60 objective10 camera0 colour)
55.149: (take_image rover2 waypoint7 objective6 camera6 colour)
55.127: (calibrate rover1 camera0 objective7 waypoint60)
55.117: (calibrate rover3 camera2 objective0 waypoint4)
55.138: (take_image rover1 waypoint60 objective10 camera0 colour)
55.272: (navigate rover3 waypoint4 waypoint96)
55.254: (calibrate rover1 camera0 objective7 waypoint60)
55.257: (communicate_image_data rover3 general objective1 colour waypoint96 waypoint41)
55.117: (navigate rover3 waypoint96 waypoint4)
54.742: (navigate rover3 waypoint4 waypoint7)
54.653: (calibrate rover3 camera3 objective1 waypoint7)
54.616: (take_image rover3 waypoint7 objective1 camera2 high_res)
54.633: (take_image rover1 waypoint60 objective10 camera0 colour)
54.768: (take_image rover3 waypoint7 objective1 camera3 high_res)
54.757: (calibrate rover1 camera0 objective7 waypoint60)
54.904: (navigate rover2 waypoint7 waypoint9)
54.767: (calibrate rover3 camera3 objective1 waypoint7)
54.715: (calibrate rover2 camera6 objective9 waypoint9)
54.594: (navigate rover2 waypoint9 waypoint7)
54.617: (take_image rover1 waypoint60 objective6 camera0 colour)
54.677: (take_image rover3 waypoint7 objective8 camera3 low_res)
54.658: (calibrate rover1 camera0 objective7 waypoint60)
54.773: (navigate rover2 waypoint7 waypoint9)
54.780: (take_image rover1 waypoint60 objective10 camera0 colour)
54.724: (calibrate rover3 camera3 objective1 waypoint7)
54.769: (take_image rover2 waypoint9 objective9 camera6 low_res)
54.904: (take_image rover3 waypoint7 objective8 camera3 low_res)
55.118: (take_image rover0 waypoint7 objective1 camera8 high_res)
54.961: (calibrate rover3 camera3 objective1 waypoint7)
54.861: (navigate rover2 waypoint9 waypoint7)
54.809: (calibrate rover1 camera0 objective7 waypoint60)
54.917: (navigate rover2 waypoint7 waypoint9)
54.871: (calibrate rover2 camera6 objective9 waypoint9)
54.787: (navigate rover2 waypoint9 waypoint7)
54.804: (take_image rover1 waypoint60 objective10 camera0 colour)
54.877: (navigate rover2 waypoint7 waypoint9)
54.975: (take_image rover3 waypoint7 objective6 camera3 low_res)
54.907: (navigate rover2 waypoint9 waypoint7)
54.888: (calibrate rover1 camera0 objective7 waypoint60)
54.969: (navigate rover2 waypoint7 waypoint9)
55.090: (take_image rover2 waypoint9 objective9 camera6 low_res)
54.981: (navigate rover2 waypoint9 waypoint7)
55.019: (take_image rover1 waypoint60 objective6 camera0 colour)
55.398: (navigate rover3 waypoint7 waypoint4)
55.150: (calibrate rover0 camera8 objective1 waypoint7)
55.029: (navigate rover3 waypoint4 waypoint73)
[Final] Expanded: 1000, Generated: 36990
Failed to find a solution!
