/u/ibrahim.eisawy/Neural-Guided-Search/venv/lib/python3.10/site-packages/pymimir_rgnn/model.py:151: UserWarning: index_reduce() is in beta and the API may change at any time. (Triggered internally at /pytorch/aten/src/ATen/native/cuda/Indexing.cu:1541.)
  max_msg.index_reduce_(0, output_indices, output_messages, reduce='amax', include_self=True)
Torch: 2.12.0+cu130
Using GPU:  NVIDIA L40S
9.422: (navigate rover0 waypoint4 waypoint8)
8.174: (calibrate rover0 camera1 objective0 waypoint8)
7.715: (take_image rover0 waypoint8 objective0 camera1 high_res)
7.438: (calibrate rover0 camera1 objective0 waypoint8)
6.817: (take_image rover0 waypoint8 objective1 camera1 high_res)
5.870: (navigate rover0 waypoint8 waypoint4)
5.613: (communicate_image_data rover0 general objective0 high_res waypoint4 waypoint5)
4.667: (communicate_image_data rover0 general objective1 high_res waypoint4 waypoint5)
4.538: (sample_rock rover0 rover0store waypoint4)
3.529: (drop rover0 rover0store)
2.557: (communicate_rock_data rover0 general waypoint4 waypoint4 waypoint5)
2.509: (navigate rover0 waypoint4 waypoint8)
2.512: (calibrate rover0 camera0 objective1 waypoint8)
2.494: (take_image rover0 waypoint8 objective1 camera0 colour)
2.504: (calibrate rover0 camera0 objective1 waypoint8)
2.492: (take_image rover0 waypoint8 objective0 camera0 colour)
2.502: (calibrate rover0 camera0 objective1 waypoint8)
2.515: (navigate rover0 waypoint8 waypoint4)
2.509: (communicate_image_data rover0 general objective0 colour waypoint4 waypoint5)
2.502: (navigate rover0 waypoint4 waypoint8)
2.498: (take_image rover0 waypoint8 objective0 camera0 colour)
2.502: (calibrate rover0 camera1 objective0 waypoint8)
2.506: (navigate rover0 waypoint8 waypoint4)
2.505: (communicate_image_data rover0 general objective1 colour waypoint4 waypoint5)
2.501: (navigate rover0 waypoint4 waypoint8)
2.498: (take_image rover0 waypoint8 objective0 camera1 high_res)
2.501: (calibrate rover0 camera0 objective1 waypoint8)
2.508: (navigate rover0 waypoint8 waypoint4)
2.549: (navigate rover0 waypoint4 waypoint0)
2.137: (navigate rover0 waypoint0 waypoint6)
1.128: (navigate rover0 waypoint6 waypoint9)
0.493: (sample_rock rover0 rover0store waypoint9)
0.467: (drop rover0 rover0store)
0.689: (navigate rover0 waypoint9 waypoint6)
-0.316: (communicate_rock_data rover0 general waypoint9 waypoint6 waypoint5)
[Final] Expanded: 35, Generated: 206
Found a solution of length 35!
   1: (navigate rover0 waypoint4 waypoint8)
   2: (calibrate rover0 camera1 objective0 waypoint8)
   3: (take_image rover0 waypoint8 objective0 camera1 high_res)
   4: (calibrate rover0 camera1 objective0 waypoint8)
   5: (take_image rover0 waypoint8 objective1 camera1 high_res)
   6: (navigate rover0 waypoint8 waypoint4)
   7: (communicate_image_data rover0 general objective0 high_res waypoint4 waypoint5)
   8: (communicate_image_data rover0 general objective1 high_res waypoint4 waypoint5)
   9: (sample_rock rover0 rover0store waypoint4)
  10: (drop rover0 rover0store)
  11: (communicate_rock_data rover0 general waypoint4 waypoint4 waypoint5)
  12: (navigate rover0 waypoint4 waypoint8)
  13: (calibrate rover0 camera0 objective1 waypoint8)
  14: (take_image rover0 waypoint8 objective1 camera0 colour)
  15: (calibrate rover0 camera0 objective1 waypoint8)
  16: (take_image rover0 waypoint8 objective0 camera0 colour)
  17: (calibrate rover0 camera0 objective1 waypoint8)
  18: (navigate rover0 waypoint8 waypoint4)
  19: (communicate_image_data rover0 general objective0 colour waypoint4 waypoint5)
  20: (navigate rover0 waypoint4 waypoint8)
  21: (take_image rover0 waypoint8 objective0 camera0 colour)
  22: (calibrate rover0 camera1 objective0 waypoint8)
  23: (navigate rover0 waypoint8 waypoint4)
  24: (communicate_image_data rover0 general objective1 colour waypoint4 waypoint5)
  25: (navigate rover0 waypoint4 waypoint8)
  26: (take_image rover0 waypoint8 objective0 camera1 high_res)
  27: (calibrate rover0 camera0 objective1 waypoint8)
  28: (navigate rover0 waypoint8 waypoint4)
  29: (navigate rover0 waypoint4 waypoint0)
  30: (navigate rover0 waypoint0 waypoint6)
  31: (navigate rover0 waypoint6 waypoint9)
  32: (sample_rock rover0 rover0store waypoint9)
  33: (drop rover0 rover0store)
  34: (navigate rover0 waypoint9 waypoint6)
  35: (communicate_rock_data rover0 general waypoint9 waypoint6 waypoint5)
