/u/ibrahim.eisawy/Neural-Guided-Search/venv/lib/python3.10/site-packages/pymimir_rgnn/model.py:151: UserWarning: index_reduce() is in beta and the API may change at any time. (Triggered internally at /pytorch/aten/src/ATen/native/cuda/Indexing.cu:1541.)
  max_msg.index_reduce_(0, output_indices, output_messages, reduce='amax', include_self=True)
Torch: 2.12.0+cu130
Using GPU:  NVIDIA L40S
62.352: (navigate rover0 waypoint7 waypoint23)
60.909: (sample_soil rover0 rover0store waypoint23)
59.760: (drop rover0 rover0store)
59.088: (calibrate rover1 camera3 objective3 waypoint3)
58.046: (take_image rover1 waypoint3 objective3 camera3 high_res)
57.076: (calibrate rover1 camera3 objective3 waypoint3)
56.215: (take_image rover1 waypoint3 objective2 camera3 high_res)
55.932: (calibrate rover1 camera3 objective3 waypoint3)
55.908: (sample_rock rover0 rover0store waypoint23)
54.772: (drop rover0 rover0store)
54.156: (navigate rover0 waypoint23 waypoint7)
53.006: (navigate rover0 waypoint7 waypoint13)
52.237: (calibrate rover0 camera1 objective1 waypoint13)
51.528: (take_image rover0 waypoint13 objective0 camera1 low_res)
50.063: (calibrate rover0 camera1 objective1 waypoint13)
49.097: (take_image rover0 waypoint13 objective3 camera1 low_res)
49.044: (calibrate rover0 camera2 objective1 waypoint13)
48.939: (calibrate rover0 camera1 objective1 waypoint13)
48.888: (navigate rover0 waypoint13 waypoint7)
47.083: (communicate_image_data rover0 general objective0 low_res waypoint7 waypoint11)
46.013: (communicate_rock_data rover0 general waypoint23 waypoint7 waypoint11)
45.038: (communicate_soil_data rover0 general waypoint23 waypoint7 waypoint11)
44.098: (navigate rover0 waypoint7 waypoint10)
44.100: (sample_rock rover0 rover0store waypoint10)
42.969: (drop rover0 rover0store)
42.943: (navigate rover1 waypoint3 waypoint16)
41.997: (communicate_image_data rover1 general objective3 high_res waypoint16 waypoint11)
41.680: (communicate_image_data rover1 general objective2 high_res waypoint16 waypoint11)
41.671: (navigate rover0 waypoint10 waypoint20)
41.741: (take_image rover1 waypoint16 objective3 camera3 high_res)
41.766: (navigate rover0 waypoint20 waypoint10)
41.811: (navigate rover1 waypoint16 waypoint3)
41.729: (calibrate rover1 camera3 objective3 waypoint3)
41.767: (navigate rover0 waypoint10 waypoint20)
41.838: (take_image rover1 waypoint3 objective3 camera3 high_res)
42.110: (navigate rover1 waypoint3 waypoint21)
41.173: (sample_rock rover1 rover1store waypoint21)
40.223: (drop rover1 rover1store)
39.498: (navigate rover1 waypoint21 waypoint3)
39.402: (navigate rover1 waypoint3 waypoint16)
38.763: (communicate_rock_data rover1 general waypoint21 waypoint16 waypoint11)
38.690: (calibrate rover1 camera3 objective3 waypoint16)
38.860: (navigate rover0 waypoint20 waypoint10)
38.926: (take_image rover0 waypoint10 objective3 camera1 low_res)
38.816: (navigate rover0 waypoint10 waypoint20)
38.888: (take_image rover1 waypoint16 objective3 camera3 high_res)
39.009: (navigate rover0 waypoint20 waypoint10)
38.946: (calibrate rover0 camera1 objective1 waypoint10)
39.009: (take_image rover0 waypoint10 objective3 camera2 low_res)
38.888: (navigate rover0 waypoint10 waypoint20)
38.816: (calibrate rover1 camera3 objective3 waypoint16)
38.926: (navigate rover0 waypoint20 waypoint10)
38.915: (take_image rover0 waypoint10 objective3 camera1 low_res)
38.881: (navigate rover0 waypoint10 waypoint20)
38.942: (take_image rover1 waypoint16 objective3 camera3 high_res)
38.992: (navigate rover0 waypoint20 waypoint10)
39.153: (navigate rover1 waypoint16 waypoint3)
39.076: (calibrate rover1 camera3 objective3 waypoint3)
39.087: (calibrate rover0 camera1 objective1 waypoint10)
39.021: (calibrate rover0 camera2 objective1 waypoint10)
38.914: (navigate rover0 waypoint10 waypoint20)
38.987: (take_image rover1 waypoint3 objective3 camera3 high_res)
39.106: (navigate rover0 waypoint20 waypoint10)
39.160: (navigate rover0 waypoint10 waypoint9)
39.085: (calibrate rover1 camera3 objective3 waypoint3)
39.174: (navigate rover1 waypoint3 waypoint16)
39.192: (navigate rover0 waypoint9 waypoint15)
37.890: (communicate_rock_data rover0 general waypoint10 waypoint15 waypoint11)
37.659: (communicate_image_data rover0 general objective3 low_res waypoint15 waypoint11)
37.632: (take_image rover0 waypoint15 objective3 camera1 low_res)
37.597: (take_image rover0 waypoint15 objective3 camera2 low_res)
37.599: (take_image rover1 waypoint16 objective3 camera3 high_res)
37.616: (navigate rover0 waypoint15 waypoint9)
37.095: (navigate rover0 waypoint9 waypoint10)
37.082: (calibrate rover1 camera3 objective3 waypoint16)
37.110: (navigate rover0 waypoint10 waypoint20)
37.111: (take_image rover1 waypoint16 objective3 camera3 high_res)
37.311: (navigate rover1 waypoint16 waypoint3)
37.258: (navigate rover0 waypoint20 waypoint10)
37.246: (calibrate rover1 camera3 objective3 waypoint3)
37.250: (navigate rover1 waypoint3 waypoint5)
37.111: (navigate rover1 waypoint5 waypoint11)
37.121: (take_image rover1 waypoint11 objective3 camera3 high_res)
37.193: (calibrate rover0 camera2 objective1 waypoint10)
37.184: (calibrate rover1 camera3 objective3 waypoint11)
37.211: (take_image rover0 waypoint10 objective1 camera2 low_res)
37.221: (take_image rover1 waypoint11 objective3 camera3 high_res)
37.289: (calibrate rover0 camera2 objective1 waypoint10)
37.281: (calibrate rover1 camera3 objective3 waypoint11)
37.305: (calibrate rover0 camera1 objective1 waypoint10)
37.281: (take_image rover0 waypoint10 objective1 camera2 low_res)
37.290: (take_image rover1 waypoint11 objective3 camera3 high_res)
37.315: (calibrate rover0 camera2 objective1 waypoint10)
37.467: (navigate rover1 waypoint11 waypoint5)
37.440: (take_image rover0 waypoint10 objective3 camera2 low_res)
37.372: (take_image rover0 waypoint10 objective3 camera1 low_res)
37.362: (navigate rover1 waypoint5 waypoint3)
37.199: (navigate rover1 waypoint3 waypoint16)
37.135: (navigate rover0 waypoint10 waypoint20)
37.134: (calibrate rover1 camera3 objective3 waypoint16)
37.186: (navigate rover0 waypoint20 waypoint10)
37.260: (calibrate rover0 camera2 objective1 waypoint10)
37.184: (navigate rover0 waypoint10 waypoint20)
37.184: (take_image rover1 waypoint16 objective3 camera3 high_res)
37.273: (navigate rover0 waypoint20 waypoint10)
37.308: (calibrate rover0 camera1 objective1 waypoint10)
37.212: (navigate rover0 waypoint10 waypoint20)
37.211: (calibrate rover1 camera3 objective3 waypoint16)
37.295: (navigate rover0 waypoint20 waypoint10)
37.260: (take_image rover0 waypoint10 objective3 camera2 low_res)
37.184: (navigate rover0 waypoint10 waypoint20)
37.184: (take_image rover1 waypoint16 objective3 camera3 high_res)
37.273: (navigate rover0 waypoint20 waypoint10)
37.438: (navigate rover1 waypoint16 waypoint3)
37.383: (navigate rover0 waypoint10 waypoint20)
37.384: (calibrate rover1 camera3 objective3 waypoint3)
37.426: (navigate rover0 waypoint20 waypoint10)
37.350: (take_image rover0 waypoint10 objective1 camera1 low_res)
37.334: (navigate rover0 waypoint10 waypoint20)
37.334: (take_image rover1 waypoint3 objective2 camera3 high_res)
37.544: (navigate rover1 waypoint3 waypoint1)
36.963: (navigate rover1 waypoint1 waypoint2)
35.934: (sample_rock rover1 rover1store waypoint2)
34.995: (drop rover1 rover1store)
34.464: (navigate rover1 waypoint2 waypoint1)
34.052: (navigate rover1 waypoint1 waypoint4)
32.930: (sample_rock rover1 rover1store waypoint4)
31.867: (drop rover1 rover1store)
31.830: (calibrate rover1 camera3 objective3 waypoint4)
31.815: (navigate rover0 waypoint20 waypoint10)
31.860: (take_image rover1 waypoint4 objective3 camera3 high_res)
31.915: (navigate rover1 waypoint4 waypoint1)
31.413: (navigate rover1 waypoint1 waypoint17)
31.061: (sample_rock rover1 rover1store waypoint17)
30.795: (drop rover1 rover1store)
30.651: (navigate rover1 waypoint17 waypoint1)
29.916: (navigate rover1 waypoint1 waypoint19)
30.004: (calibrate rover0 camera2 objective1 waypoint10)
30.045: (calibrate rover0 camera1 objective1 waypoint10)
30.004: (take_image rover0 waypoint10 objective1 camera2 low_res)
30.197: (navigate rover0 waypoint10 waypoint20)
30.886: (navigate rover1 waypoint19 waypoint1)
30.144: (navigate rover1 waypoint1 waypoint13)
28.984: (calibrate rover1 camera0 objective1 waypoint13)
27.727: (take_image rover1 waypoint13 objective3 camera0 colour)
26.680: (calibrate rover1 camera0 objective1 waypoint13)
26.639: (calibrate rover1 camera3 objective3 waypoint13)
26.636: (take_image rover1 waypoint13 objective1 camera3 high_res)
26.594: (calibrate rover1 camera3 objective3 waypoint13)
26.642: (take_image rover1 waypoint13 objective0 camera3 high_res)
26.597: (calibrate rover1 camera3 objective3 waypoint13)
26.733: (navigate rover0 waypoint20 waypoint10)
26.435: (navigate rover0 waypoint10 waypoint12)
26.442: (take_image rover0 waypoint12 objective0 camera1 low_res)
26.488: (take_image rover1 waypoint13 objective0 camera3 high_res)
26.793: (navigate rover0 waypoint12 waypoint10)
26.654: (navigate rover0 waypoint10 waypoint20)
26.608: (calibrate rover1 camera3 objective3 waypoint13)
26.746: (navigate rover0 waypoint20 waypoint10)
26.733: (calibrate rover0 camera2 objective1 waypoint10)
26.435: (navigate rover0 waypoint10 waypoint12)
26.480: (take_image rover1 waypoint13 objective0 camera3 high_res)
26.779: (navigate rover0 waypoint12 waypoint10)
26.642: (navigate rover0 waypoint10 waypoint20)
26.597: (calibrate rover1 camera3 objective3 waypoint13)
27.096: (navigate rover1 waypoint13 waypoint1)
26.229: (take_image rover1 waypoint1 objective2 camera0 colour)
25.511: (navigate rover1 waypoint1 waypoint19)
25.442: (navigate rover0 waypoint20 waypoint10)
25.427: (take_image rover0 waypoint10 objective3 camera2 low_res)
25.442: (calibrate rover0 camera1 objective1 waypoint10)
25.473: (navigate rover0 waypoint10 waypoint12)
25.461: (take_image rover0 waypoint12 objective0 camera1 low_res)
26.012: (navigate rover1 waypoint19 waypoint1)
25.135: (navigate rover1 waypoint1 waypoint12)
25.260: (take_image rover1 waypoint12 objective0 camera3 high_res)
25.828: (navigate rover0 waypoint12 waypoint10)
25.850: (calibrate rover0 camera1 objective1 waypoint10)
25.272: (navigate rover0 waypoint10 waypoint12)
26.033: (navigate rover1 waypoint12 waypoint1)
25.607: (navigate rover1 waypoint1 waypoint19)
25.589: (navigate rover0 waypoint12 waypoint10)
25.566: (take_image rover0 waypoint10 objective1 camera1 low_res)
25.589: (calibrate rover0 camera2 objective1 waypoint10)
25.607: (navigate rover0 waypoint10 waypoint12)
25.597: (take_image rover0 waypoint12 objective0 camera2 low_res)
26.017: (navigate rover1 waypoint19 waypoint1)
25.606: (navigate rover1 waypoint1 waypoint13)
25.455: (calibrate rover1 camera0 objective1 waypoint13)
25.423: (take_image rover1 waypoint13 objective0 camera0 colour)
25.262: (calibrate rover1 camera0 objective1 waypoint13)
25.258: (calibrate rover1 camera3 objective3 waypoint13)
25.242: (take_image rover1 waypoint13 objective1 camera0 colour)
25.197: (calibrate rover1 camera0 objective1 waypoint13)
25.209: (take_image rover1 waypoint13 objective0 camera3 high_res)
25.374: (take_image rover1 waypoint13 objective3 camera0 colour)
25.665: (navigate rover0 waypoint12 waypoint10)
25.483: (calibrate rover1 camera0 objective1 waypoint13)
25.377: (navigate rover0 waypoint10 waypoint20)
25.351: (calibrate rover1 camera3 objective3 waypoint13)
25.402: (take_image rover1 waypoint13 objective0 camera0 colour)
25.517: (navigate rover0 waypoint20 waypoint10)
25.451: (calibrate rover1 camera0 objective1 waypoint13)
25.432: (calibrate rover0 camera1 objective1 waypoint10)
25.200: (navigate rover0 waypoint10 waypoint12)
25.201: (take_image rover1 waypoint13 objective0 camera3 high_res)
25.382: (take_image rover1 waypoint13 objective3 camera0 colour)
25.251: (calibrate rover1 camera3 objective3 waypoint13)
25.521: (navigate rover0 waypoint12 waypoint10)
25.409: (navigate rover0 waypoint10 waypoint20)
25.334: (calibrate rover1 camera0 objective1 waypoint13)
25.362: (take_image rover1 waypoint13 objective0 camera3 high_res)
25.462: (navigate rover0 waypoint20 waypoint10)
25.476: (calibrate rover0 camera2 objective1 waypoint10)
25.236: (navigate rover0 waypoint10 waypoint12)
25.201: (take_image rover0 waypoint12 objective0 camera1 low_res)
25.200: (calibrate rover1 camera3 objective3 waypoint13)
25.251: (take_image rover1 waypoint13 objective1 camera0 colour)
25.382: (take_image rover1 waypoint13 objective3 camera3 high_res)
25.669: (navigate rover0 waypoint12 waypoint10)
25.462: (calibrate rover1 camera0 objective1 waypoint13)
25.361: (navigate rover0 waypoint10 waypoint20)
25.334: (calibrate rover1 camera3 objective3 waypoint13)
25.409: (take_image rover1 waypoint13 objective3 camera0 colour)
25.521: (navigate rover0 waypoint20 waypoint10)
25.432: (calibrate rover1 camera0 objective1 waypoint13)
25.450: (calibrate rover0 camera1 objective1 waypoint10)
25.233: (navigate rover0 waypoint10 waypoint12)
25.283: (take_image rover1 waypoint13 objective0 camera0 colour)
25.416: (take_image rover1 waypoint13 objective3 camera3 high_res)
25.699: (navigate rover0 waypoint12 waypoint10)
25.553: (calibrate rover1 camera3 objective3 waypoint13)
25.441: (navigate rover0 waypoint10 waypoint20)
25.374: (calibrate rover1 camera0 objective1 waypoint13)
25.398: (take_image rover1 waypoint13 objective1 camera3 high_res)
25.576: (take_image rover1 waypoint13 objective3 camera0 colour)
26.105: (navigate rover1 waypoint13 waypoint1)
25.503: (navigate rover1 waypoint1 waypoint19)
25.491: (navigate rover0 waypoint20 waypoint10)
25.367: (navigate rover0 waypoint10 waypoint12)
25.332: (take_image rover0 waypoint12 objective0 camera1 low_res)
25.322: (take_image rover0 waypoint12 objective0 camera2 low_res)
25.459: (navigate rover0 waypoint12 waypoint10)
25.459: (calibrate rover0 camera2 objective1 waypoint10)
25.469: (navigate rover0 waypoint10 waypoint20)
26.066: (navigate rover1 waypoint19 waypoint1)
25.544: (navigate rover1 waypoint1 waypoint13)
26.557: (sample_rock rover1 rover1store waypoint13)
25.742: (drop rover1 rover1store)
25.586: (calibrate rover1 camera0 objective1 waypoint13)
25.559: (calibrate rover1 camera3 objective3 waypoint13)
25.623: (take_image rover1 waypoint13 objective3 camera0 colour)
25.727: (navigate rover0 waypoint20 waypoint10)
25.480: (navigate rover0 waypoint10 waypoint12)
25.413: (calibrate rover1 camera0 objective1 waypoint13)
25.429: (take_image rover0 waypoint12 objective0 camera2 low_res)
25.457: (take_image rover1 waypoint13 objective3 camera3 high_res)
25.510: (navigate rover1 waypoint13 waypoint1)
24.689: (navigate rover1 waypoint1 waypoint12)
24.975: (take_image rover1 waypoint12 objective0 camera0 colour)
25.577: (navigate rover0 waypoint12 waypoint10)
25.583: (calibrate rover0 camera1 objective1 waypoint10)
24.987: (navigate rover0 waypoint10 waypoint12)
25.718: (navigate rover1 waypoint12 waypoint1)
25.298: (navigate rover1 waypoint1 waypoint19)
25.286: (take_image rover0 waypoint12 objective0 camera1 low_res)
25.414: (navigate rover0 waypoint12 waypoint10)
25.416: (calibrate rover0 camera2 objective1 waypoint10)
25.297: (navigate rover0 waypoint10 waypoint12)
25.718: (navigate rover1 waypoint19 waypoint1)
24.987: (navigate rover1 waypoint1 waypoint12)
25.583: (navigate rover0 waypoint12 waypoint10)
25.615: (calibrate rover0 camera1 objective1 waypoint10)
25.025: (navigate rover0 waypoint10 waypoint12)
25.758: (navigate rover1 waypoint12 waypoint1)
25.332: (navigate rover1 waypoint1 waypoint19)
25.448: (navigate rover0 waypoint12 waypoint10)
25.415: (take_image rover0 waypoint10 objective1 camera2 low_res)
25.443: (navigate rover0 waypoint10 waypoint20)
26.017: (navigate rover1 waypoint19 waypoint1)
25.637: (navigate rover1 waypoint1 waypoint12)
25.583: (navigate rover0 waypoint20 waypoint10)
25.900: (navigate rover0 waypoint10 waypoint9)
25.800: (navigate rover0 waypoint9 waypoint15)
25.789: (take_image rover0 waypoint15 objective3 camera1 low_res)
25.778: (communicate_image_data rover0 general objective1 low_res waypoint15 waypoint11)
25.883: (navigate rover0 waypoint15 waypoint9)
25.561: (navigate rover0 waypoint9 waypoint10)
24.964: (navigate rover0 waypoint10 waypoint12)
25.691: (navigate rover1 waypoint12 waypoint1)
25.276: (navigate rover1 waypoint1 waypoint19)
25.398: (navigate rover0 waypoint12 waypoint10)
25.402: (calibrate rover0 camera1 objective1 waypoint10)
25.289: (navigate rover0 waypoint10 waypoint12)
25.709: (navigate rover1 waypoint19 waypoint1)
24.978: (navigate rover1 waypoint1 waypoint12)
25.569: (navigate rover0 waypoint12 waypoint10)
25.602: (calibrate rover0 camera2 objective1 waypoint10)
25.016: (navigate rover0 waypoint10 waypoint12)
24.978: (take_image rover0 waypoint12 objective0 camera1 low_res)
25.569: (navigate rover0 waypoint12 waypoint10)
25.628: (navigate rover0 waypoint10 waypoint20)
26.008: (navigate rover1 waypoint12 waypoint1)
25.435: (navigate rover1 waypoint1 waypoint19)
25.402: (navigate rover0 waypoint20 waypoint10)
25.289: (navigate rover0 waypoint10 waypoint12)
25.709: (navigate rover1 waypoint19 waypoint1)
25.559: (navigate rover1 waypoint1 waypoint0)
24.423: (communicate_rock_data rover1 general waypoint4 waypoint0 waypoint11)
23.237: (communicate_rock_data rover1 general waypoint17 waypoint0 waypoint11)
22.153: (communicate_image_data rover1 general objective3 colour waypoint0 waypoint11)
21.373: (communicate_image_data rover1 general objective2 colour waypoint0 waypoint11)
20.706: (communicate_rock_data rover1 general waypoint2 waypoint0 waypoint11)
20.626: (calibrate rover1 camera3 objective3 waypoint0)
20.605: (take_image rover0 waypoint12 objective0 camera2 low_res)
20.605: (communicate_image_data rover1 general objective0 high_res waypoint0 waypoint11)
20.605: (communicate_image_data rover1 general objective0 colour waypoint0 waypoint11)
20.605: (communicate_image_data rover1 general objective1 high_res waypoint0 waypoint11)
20.607: (communicate_image_data rover1 general objective1 colour waypoint0 waypoint11)
20.611: (communicate_rock_data rover1 general waypoint13 waypoint0 waypoint11)
20.697: (take_image rover1 waypoint0 objective3 camera3 high_res)
21.003: (navigate rover0 waypoint12 waypoint10)
20.724: (navigate rover0 waypoint10 waypoint20)
20.635: (calibrate rover1 camera3 objective3 waypoint0)
20.905: (navigate rover0 waypoint20 waypoint10)
20.889: (calibrate rover0 camera2 objective1 waypoint10)
20.629: (navigate rover0 waypoint10 waypoint12)
20.708: (take_image rover1 waypoint0 objective3 camera3 high_res)
20.984: (navigate rover0 waypoint12 waypoint10)
20.730: (navigate rover0 waypoint10 waypoint20)
20.642: (calibrate rover1 camera3 objective3 waypoint0)
21.261: (navigate rover1 waypoint0 waypoint1)
20.452: (navigate rover1 waypoint1 waypoint19)
20.668: (navigate rover0 waypoint20 waypoint10)
20.477: (navigate rover0 waypoint10 waypoint12)
20.468: (take_image rover0 waypoint12 objective0 camera2 low_res)
20.685: (navigate rover0 waypoint12 waypoint10)
20.446: (navigate rover0 waypoint10 waypoint20)
21.256: (navigate rover1 waypoint19 waypoint1)
20.732: (navigate rover1 waypoint1 waypoint12)
20.817: (take_image rover1 waypoint12 objective0 camera3 high_res)
21.001: (navigate rover0 waypoint20 waypoint10)
20.465: (navigate rover0 waypoint10 waypoint12)
21.235: (navigate rover1 waypoint12 waypoint1)
20.547: (navigate rover1 waypoint1 waypoint19)
20.776: (navigate rover0 waypoint12 waypoint10)
20.530: (navigate rover0 waypoint10 waypoint20)
21.283: (navigate rover1 waypoint19 waypoint1)
20.880: (navigate rover1 waypoint1 waypoint2)
20.778: (calibrate rover1 camera3 objective3 waypoint2)
21.062: (navigate rover0 waypoint20 waypoint10)
20.548: (navigate rover0 waypoint10 waypoint12)
20.649: (take_image rover1 waypoint2 objective3 camera3 high_res)
21.168: (navigate rover0 waypoint12 waypoint10)
21.146: (calibrate rover0 camera2 objective1 waypoint10)
20.660: (navigate rover0 waypoint10 waypoint12)
20.559: (calibrate rover1 camera3 objective3 waypoint2)
21.041: (navigate rover0 waypoint12 waypoint10)
20.784: (navigate rover0 waypoint10 waypoint20)
20.885: (take_image rover1 waypoint2 objective2 camera3 high_res)
21.285: (navigate rover1 waypoint2 waypoint1)
20.535: (navigate rover1 waypoint1 waypoint19)
20.758: (navigate rover0 waypoint20 waypoint10)
20.556: (navigate rover0 waypoint10 waypoint12)
21.242: (navigate rover1 waypoint19 waypoint1)
20.476: (navigate rover1 waypoint1 waypoint12)
20.984: (navigate rover0 waypoint12 waypoint10)
20.824: (navigate rover0 waypoint10 waypoint20)
20.984: (navigate rover0 waypoint20 waypoint10)
20.977: (calibrate rover0 camera1 objective1 waypoint10)
20.491: (navigate rover0 waypoint10 waypoint12)
20.476: (take_image rover0 waypoint12 objective0 camera2 low_res)
20.984: (navigate rover0 waypoint12 waypoint10)
20.824: (navigate rover0 waypoint10 waypoint20)
21.285: (navigate rover1 waypoint12 waypoint1)
20.535: (navigate rover1 waypoint1 waypoint19)
20.758: (navigate rover0 waypoint20 waypoint10)
20.556: (navigate rover0 waypoint10 waypoint12)
21.242: (navigate rover1 waypoint19 waypoint1)
20.660: (navigate rover1 waypoint1 waypoint2)
20.559: (calibrate rover1 camera3 objective3 waypoint2)
21.041: (navigate rover0 waypoint12 waypoint10)
20.784: (navigate rover0 waypoint10 waypoint20)
20.885: (take_image rover1 waypoint2 objective2 camera3 high_res)
21.146: (navigate rover0 waypoint20 waypoint10)
21.139: (calibrate rover0 camera2 objective1 waypoint10)
20.675: (navigate rover0 waypoint10 waypoint12)
20.575: (calibrate rover1 camera3 objective3 waypoint2)
21.033: (navigate rover0 waypoint12 waypoint10)
20.796: (navigate rover0 waypoint10 waypoint20)
20.897: (take_image rover1 waypoint2 objective3 camera3 high_res)
21.296: (navigate rover1 waypoint2 waypoint1)
20.544: (navigate rover1 waypoint1 waypoint19)
20.751: (navigate rover0 waypoint20 waypoint10)
20.570: (navigate rover0 waypoint10 waypoint12)
21.257: (navigate rover1 waypoint19 waypoint1)
20.725: (navigate rover1 waypoint1 waypoint0)
20.652: (calibrate rover1 camera3 objective3 waypoint0)
20.629: (take_image rover0 waypoint12 objective0 camera2 low_res)
20.708: (take_image rover1 waypoint0 objective3 camera3 high_res)
20.984: (navigate rover0 waypoint12 waypoint10)
20.730: (navigate rover0 waypoint10 waypoint20)
20.642: (calibrate rover1 camera3 objective3 waypoint0)
20.889: (navigate rover0 waypoint20 waypoint10)
20.895: (calibrate rover0 camera2 objective1 waypoint10)
20.658: (navigate rover0 waypoint10 waypoint20)
20.741: (take_image rover1 waypoint0 objective3 camera3 high_res)
20.979: (navigate rover0 waypoint20 waypoint10)
21.157: (navigate rover0 waypoint10 waypoint7)
20.276: (navigate rover0 waypoint7 waypoint0)
19.181: (navigate rover0 waypoint0 waypoint17)
18.972: (sample_soil rover0 rover0store waypoint17)
17.882: (drop rover0 rover0store)
17.610: (navigate rover0 waypoint17 waypoint0)
16.523: (communicate_soil_data rover0 general waypoint17 waypoint0 waypoint11)
15.611: (navigate rover0 waypoint0 waypoint1)
15.559: (calibrate rover1 camera3 objective3 waypoint0)
15.545: (take_image rover0 waypoint1 objective2 camera2 low_res)
15.544: (take_image rover0 waypoint1 objective3 camera1 low_res)
15.596: (take_image rover1 waypoint0 objective3 camera3 high_res)
15.659: (sample_soil rover0 rover0store waypoint1)
14.556: (drop rover0 rover0store)
14.278: (navigate rover1 waypoint0 waypoint1)
14.234: (calibrate rover1 camera3 objective3 waypoint1)
14.188: (navigate rover1 waypoint1 waypoint19)
13.951: (navigate rover0 waypoint1 waypoint19)
14.499: (sample_rock rover1 rover1store waypoint19)
13.944: (drop rover1 rover1store)
14.221: (navigate rover0 waypoint19 waypoint1)
14.185: (navigate rover1 waypoint19 waypoint1)
14.226: (take_image rover1 waypoint1 objective2 camera3 high_res)
14.276: (navigate rover1 waypoint1 waypoint19)
13.993: (navigate rover0 waypoint1 waypoint19)
14.701: (navigate rover1 waypoint19 waypoint1)
14.464: (navigate rover1 waypoint1 waypoint4)
14.423: (calibrate rover1 camera3 objective3 waypoint4)
14.499: (navigate rover0 waypoint19 waypoint1)
14.519: (take_image rover1 waypoint4 objective3 camera3 high_res)
14.654: (navigate rover0 waypoint1 waypoint0)
13.650: (communicate_soil_data rover0 general waypoint1 waypoint0 waypoint11)
13.073: (navigate rover0 waypoint0 waypoint14)
11.913: (navigate rover0 waypoint14 waypoint16)
11.559: (sample_soil rover0 rover0store waypoint16)
10.428: (drop rover0 rover0store)
9.399: (communicate_soil_data rover0 general waypoint16 waypoint16 waypoint11)
9.378: (calibrate rover1 camera3 objective3 waypoint4)
9.367: (navigate rover0 waypoint16 waypoint14)
9.367: (communicate_image_data rover0 general objective2 low_res waypoint14 waypoint11)
9.378: (navigate rover0 waypoint14 waypoint16)
9.399: (take_image rover1 waypoint4 objective3 camera3 high_res)
9.393: (navigate rover0 waypoint16 waypoint14)
9.488: (navigate rover1 waypoint4 waypoint1)
9.460: (calibrate rover1 camera3 objective3 waypoint1)
9.454: (navigate rover0 waypoint14 waypoint16)
9.341: (navigate rover1 waypoint1 waypoint3)
9.049: (navigate rover1 waypoint3 waypoint21)
9.087: (take_image rover1 waypoint21 objective3 camera3 high_res)
9.268: (navigate rover0 waypoint16 waypoint14)
9.227: (navigate rover0 waypoint14 waypoint0)
9.065: (navigate rover0 waypoint0 waypoint1)
8.963: (navigate rover1 waypoint21 waypoint6)
9.187: (navigate rover0 waypoint1 waypoint19)
9.107: (navigate rover1 waypoint6 waypoint21)
9.074: (calibrate rover1 camera3 objective3 waypoint21)
9.023: (navigate rover0 waypoint19 waypoint1)
8.940: (navigate rover1 waypoint21 waypoint6)
9.164: (navigate rover0 waypoint1 waypoint19)
8.940: (navigate rover0 waypoint19 waypoint1)
9.323: (navigate rover0 waypoint1 waypoint0)
9.186: (navigate rover1 waypoint6 waypoint21)
9.207: (navigate rover0 waypoint0 waypoint17)
8.853: (navigate rover0 waypoint17 waypoint5)
8.885: (take_image rover1 waypoint21 objective3 camera3 high_res)
8.991: (navigate rover1 waypoint21 waypoint6)
9.260: (navigate rover0 waypoint5 waypoint17)
9.240: (navigate rover1 waypoint6 waypoint21)
9.512: (navigate rover1 waypoint21 waypoint3)
9.093: (navigate rover0 waypoint17 waypoint5)
8.768: (navigate rover1 waypoint3 waypoint5)
8.738: (communicate_rock_data rover1 general waypoint19 waypoint5 waypoint11)
9.071: (navigate rover1 waypoint5 waypoint3)
8.858: (navigate rover1 waypoint3 waypoint21)
8.825: (calibrate rover1 camera3 objective3 waypoint21)
8.951: (navigate rover1 waypoint21 waypoint6)
9.211: (navigate rover0 waypoint5 waypoint17)
9.180: (navigate rover1 waypoint6 waypoint21)
9.161: (navigate rover0 waypoint17 waypoint0)
9.006: (navigate rover0 waypoint0 waypoint1)
8.925: (navigate rover1 waypoint21 waypoint6)
9.176: (navigate rover0 waypoint1 waypoint19)
9.080: (navigate rover1 waypoint6 waypoint21)
9.113: (take_image rover1 waypoint21 objective3 camera3 high_res)
9.048: (navigate rover0 waypoint19 waypoint1)
8.949: (navigate rover1 waypoint21 waypoint6)
9.198: (navigate rover0 waypoint1 waypoint19)
8.949: (navigate rover0 waypoint19 waypoint1)
9.331: (navigate rover0 waypoint1 waypoint0)
9.202: (navigate rover1 waypoint6 waypoint21)
9.214: (navigate rover0 waypoint0 waypoint17)
9.232: (navigate rover1 waypoint21 waypoint6)
8.961: (navigate rover0 waypoint17 waypoint5)
10.162: (sample_rock rover0 rover0store waypoint5)
9.016: (drop rover0 rover0store)
8.907: (navigate rover1 waypoint6 waypoint21)
8.877: (calibrate rover1 camera3 objective3 waypoint21)
8.872: (communicate_rock_data rover0 general waypoint5 waypoint5 waypoint11)
8.902: (take_image rover1 waypoint21 objective3 camera3 high_res)
9.009: (navigate rover1 waypoint21 waypoint6)
9.271: (navigate rover0 waypoint5 waypoint17)
9.246: (navigate rover1 waypoint6 waypoint21)
9.214: (calibrate rover1 camera3 objective3 waypoint21)
9.187: (navigate rover0 waypoint17 waypoint0)
9.038: (navigate rover0 waypoint0 waypoint1)
8.953: (navigate rover1 waypoint21 waypoint6)
9.208: (navigate rover0 waypoint1 waypoint19)
9.105: (navigate rover1 waypoint6 waypoint21)
9.135: (take_image rover1 waypoint21 objective3 camera3 high_res)
9.075: (navigate rover0 waypoint19 waypoint1)
8.975: (navigate rover1 waypoint21 waypoint6)
9.231: (navigate rover0 waypoint1 waypoint19)
8.975: (navigate rover0 waypoint19 waypoint1)
9.357: (navigate rover0 waypoint1 waypoint0)
9.225: (navigate rover1 waypoint6 waypoint21)
9.260: (navigate rover0 waypoint0 waypoint14)
9.093: (navigate rover0 waypoint14 waypoint16)
9.058: (calibrate rover1 camera3 objective3 waypoint21)
9.229: (navigate rover0 waypoint16 waypoint14)
9.339: (navigate rover1 waypoint21 waypoint6)
9.322: (navigate rover0 waypoint14 waypoint0)
9.249: (navigate rover0 waypoint0 waypoint17)
9.001: (navigate rover0 waypoint17 waypoint5)
8.872: (navigate rover1 waypoint6 waypoint21)
9.085: (navigate rover1 waypoint21 waypoint3)
8.810: (navigate rover1 waypoint3 waypoint5)
8.836: (take_image rover1 waypoint5 objective2 camera3 high_res)
9.081: (navigate rover1 waypoint5 waypoint3)
8.980: (navigate rover1 waypoint3 waypoint1)
8.949: (calibrate rover1 camera3 objective3 waypoint1)
9.097: (navigate rover1 waypoint1 waypoint4)
9.113: (take_image rover1 waypoint4 objective3 camera3 high_res)
9.323: (navigate rover0 waypoint5 waypoint17)
9.290: (calibrate rover1 camera3 objective3 waypoint4)
9.363: (navigate rover1 waypoint4 waypoint1)
9.171: (navigate rover1 waypoint1 waypoint17)
9.300: (navigate rover0 waypoint17 waypoint5)
8.949: (navigate rover1 waypoint17 waypoint1)
9.267: (navigate rover1 waypoint1 waypoint19)
9.421: (navigate rover0 waypoint5 waypoint17)
9.568: (navigate rover0 waypoint17 waypoint0)
9.131: (navigate rover0 waypoint0 waypoint1)
8.840: (navigate rover1 waypoint19 waypoint1)
8.872: (take_image rover1 waypoint1 objective3 camera3 high_res)
9.164: (navigate rover1 waypoint1 waypoint19)
8.971: (navigate rover0 waypoint1 waypoint19)
9.259: (navigate rover1 waypoint19 waypoint1)
9.229: (calibrate rover1 camera3 objective3 waypoint1)
8.940: (navigate rover1 waypoint1 waypoint19)
9.131: (navigate rover0 waypoint19 waypoint1)
8.840: (navigate rover1 waypoint19 waypoint1)
9.215: (navigate rover1 waypoint1 waypoint3)
8.924: (navigate rover1 waypoint3 waypoint5)
8.961: (take_image rover1 waypoint5 objective2 camera3 high_res)
9.209: (navigate rover1 waypoint5 waypoint3)
9.241: (navigate rover1 waypoint3 waypoint22)
9.170: (navigate rover1 waypoint22 waypoint24)
9.143: (calibrate rover1 camera3 objective3 waypoint24)
9.263: (navigate rover1 waypoint24 waypoint22)
9.260: (navigate rover0 waypoint1 waypoint19)
9.255: (take_image rover1 waypoint22 objective2 camera3 high_res)
9.376: (navigate rover1 waypoint22 waypoint3)
9.327: (navigate rover1 waypoint3 waypoint5)
9.874: (navigate rover1 waypoint5 waypoint11)
9.850: (navigate rover0 waypoint19 waypoint1)
9.844: (calibrate rover1 camera3 objective3 waypoint11)
9.858: (navigate rover0 waypoint1 waypoint19)
9.306: (navigate rover1 waypoint11 waypoint5)
9.376: (navigate rover1 waypoint5 waypoint3)
9.441: (sample_rock rover1 rover1store waypoint3)
9.213: (drop rover1 rover1store)
8.918: (navigate rover1 waypoint3 waypoint22)
8.916: (take_image rover1 waypoint22 objective2 camera3 high_res)
8.975: (navigate rover0 waypoint19 waypoint1)
9.110: (navigate rover1 waypoint22 waypoint24)
9.101: (calibrate rover1 camera3 objective3 waypoint24)
8.990: (navigate rover1 waypoint24 waypoint22)
9.117: (navigate rover1 waypoint22 waypoint3)
8.800: (navigate rover1 waypoint3 waypoint1)
8.810: (take_image rover1 waypoint1 objective3 camera3 high_res)
9.005: (navigate rover1 waypoint1 waypoint4)
8.927: (navigate rover0 waypoint1 waypoint19)
8.896: (calibrate rover1 camera3 objective3 waypoint4)
8.992: (navigate rover0 waypoint19 waypoint1)
9.100: (navigate rover0 waypoint1 waypoint0)
8.986: (navigate rover0 waypoint0 waypoint17)
8.800: (navigate rover0 waypoint17 waypoint5)
8.808: (take_image rover1 waypoint4 objective3 camera3 high_res)
8.889: (navigate rover1 waypoint4 waypoint1)
8.882: (calibrate rover1 camera3 objective3 waypoint1)
9.002: (navigate rover1 waypoint1 waypoint3)
8.695: (navigate rover1 waypoint3 waypoint5)
8.694: (communicate_rock_data rover1 general waypoint3 waypoint5 waypoint11)
8.701: (take_image rover1 waypoint5 objective2 camera3 high_res)
8.988: (navigate rover1 waypoint5 waypoint3)
8.775: (navigate rover1 waypoint3 waypoint22)
8.986: (navigate rover1 waypoint22 waypoint24)
8.992: (calibrate rover1 camera3 objective3 waypoint24)
8.798: (navigate rover1 waypoint24 waypoint22)
8.990: (navigate rover1 waypoint22 waypoint3)
8.877: (navigate rover1 waypoint3 waypoint21)
8.879: (navigate rover1 waypoint21 waypoint6)
9.097: (navigate rover0 waypoint5 waypoint17)
9.158: (navigate rover0 waypoint17 waypoint0)
8.916: (navigate rover0 waypoint0 waypoint1)
9.060: (navigate rover1 waypoint6 waypoint21)
9.070: (navigate rover0 waypoint1 waypoint19)
9.061: (navigate rover1 waypoint21 waypoint6)
8.916: (navigate rover0 waypoint19 waypoint1)
9.060: (navigate rover1 waypoint6 waypoint21)
9.081: (take_image rover1 waypoint21 objective3 camera3 high_res)
8.923: (navigate rover1 waypoint21 waypoint6)
9.072: (navigate rover0 waypoint1 waypoint19)
9.090: (navigate rover1 waypoint6 waypoint21)
9.221: (navigate rover1 waypoint21 waypoint3)
8.930: (navigate rover1 waypoint3 waypoint22)
8.974: (navigate rover0 waypoint19 waypoint1)
9.105: (navigate rover1 waypoint22 waypoint3)
8.813: (navigate rover1 waypoint3 waypoint1)
8.804: (calibrate rover1 camera3 objective3 waypoint1)
9.003: (navigate rover1 waypoint1 waypoint4)
8.918: (navigate rover0 waypoint1 waypoint19)
8.948: (take_image rover1 waypoint4 objective3 camera3 high_res)
9.013: (navigate rover0 waypoint19 waypoint1)
9.158: (navigate rover0 waypoint1 waypoint0)
9.039: (navigate rover0 waypoint0 waypoint17)
8.810: (navigate rover0 waypoint17 waypoint5)
8.804: (calibrate rover1 camera3 objective3 waypoint4)
8.880: (navigate rover1 waypoint4 waypoint1)
8.885: (take_image rover1 waypoint1 objective3 camera3 high_res)
9.170: (navigate rover1 waypoint1 waypoint19)
9.321: (navigate rover0 waypoint5 waypoint17)
9.288: (navigate rover1 waypoint19 waypoint1)
9.033: (navigate rover1 waypoint1 waypoint17)
9.173: (navigate rover0 waypoint17 waypoint5)
8.885: (navigate rover1 waypoint17 waypoint1)
9.201: (navigate rover1 waypoint1 waypoint12)
9.486: (navigate rover0 waypoint5 waypoint17)
9.472: (navigate rover0 waypoint17 waypoint0)
9.293: (navigate rover0 waypoint0 waypoint1)
9.460: (navigate rover0 waypoint1 waypoint19)
9.157: (navigate rover1 waypoint12 waypoint1)
8.804: (navigate rover1 waypoint1 waypoint19)
9.141: (navigate rover0 waypoint19 waypoint1)
9.471: (navigate rover0 waypoint1 waypoint0)
9.426: (navigate rover0 waypoint0 waypoint14)
9.390: (navigate rover1 waypoint19 waypoint1)
9.074: (navigate rover1 waypoint1 waypoint4)
9.049: (calibrate rover1 camera3 objective3 waypoint4)
9.121: (navigate rover0 waypoint14 waypoint0)
9.006: (navigate rover0 waypoint0 waypoint17)
9.275: (navigate rover1 waypoint4 waypoint1)
9.008: (navigate rover1 waypoint1 waypoint17)
9.166: (navigate rover0 waypoint17 waypoint5)
8.880: (navigate rover1 waypoint17 waypoint1)
9.165: (navigate rover1 waypoint1 waypoint19)
9.300: (navigate rover0 waypoint5 waypoint17)
9.440: (navigate rover0 waypoint17 waypoint0)
9.124: (navigate rover0 waypoint0 waypoint1)
8.783: (navigate rover0 waypoint1 waypoint19)
9.141: (navigate rover1 waypoint19 waypoint1)
9.218: (navigate rover1 waypoint1 waypoint3)
8.935: (navigate rover1 waypoint3 waypoint22)
8.991: (navigate rover0 waypoint19 waypoint1)
9.096: (navigate rover1 waypoint22 waypoint24)
9.105: (take_image rover1 waypoint24 objective3 camera3 high_res)
9.203: (navigate rover0 waypoint1 waypoint19)
9.194: (calibrate rover1 camera3 objective3 waypoint24)
8.935: (navigate rover1 waypoint24 waypoint22)
8.930: (take_image rover1 waypoint22 objective2 camera3 high_res)
8.974: (navigate rover0 waypoint19 waypoint1)
9.138: (navigate rover0 waypoint1 waypoint0)
9.017: (navigate rover0 waypoint0 waypoint14)
9.002: (navigate rover0 waypoint14 waypoint16)
9.210: (navigate rover1 waypoint22 waypoint3)
9.095: (navigate rover1 waypoint3 waypoint16)
9.088: (calibrate rover1 camera3 objective3 waypoint16)
9.213: (navigate rover1 waypoint16 waypoint3)
9.020: (navigate rover1 waypoint3 waypoint22)
9.024: (navigate rover0 waypoint16 waypoint14)
9.140: (navigate rover0 waypoint14 waypoint0)
9.109: (navigate rover0 waypoint0 waypoint17)
9.107: (take_image rover1 waypoint22 objective2 camera3 high_res)
9.319: (navigate rover1 waypoint22 waypoint24)
9.259: (navigate rover0 waypoint17 waypoint0)
9.249: (calibrate rover1 camera3 objective3 waypoint24)
9.294: (navigate rover0 waypoint0 waypoint14)
9.218: (navigate rover0 waypoint14 waypoint16)
9.224: (take_image rover1 waypoint24 objective3 camera3 high_res)
9.296: (navigate rover0 waypoint16 waypoint14)
9.018: (navigate rover1 waypoint24 waypoint22)
9.283: (navigate rover1 waypoint22 waypoint3)
9.229: (navigate rover1 waypoint3 waypoint21)
9.135: (navigate rover0 waypoint14 waypoint16)
9.110: (calibrate rover1 camera3 objective3 waypoint21)
9.211: (navigate rover0 waypoint16 waypoint14)
9.137: (navigate rover0 waypoint14 waypoint0)
9.164: (take_image rover1 waypoint21 objective3 camera3 high_res)
9.177: (navigate rover1 waypoint21 waypoint6)
9.107: (navigate rover0 waypoint0 waypoint17)
8.874: (navigate rover0 waypoint17 waypoint5)
8.890: (navigate rover1 waypoint6 waypoint21)
9.196: (navigate rover0 waypoint5 waypoint17)
9.176: (calibrate rover1 camera3 objective3 waypoint21)
9.347: (navigate rover1 waypoint21 waypoint3)
9.203: (navigate rover1 waypoint3 waypoint5)
9.210: (take_image rover1 waypoint5 objective2 camera3 high_res)
9.242: (navigate rover0 waypoint17 waypoint0)
8.936: (navigate rover0 waypoint0 waypoint1)
9.210: (navigate rover0 waypoint1 waypoint19)
9.655: (navigate rover1 waypoint5 waypoint11)
9.637: (calibrate rover1 camera3 objective3 waypoint11)
9.203: (navigate rover1 waypoint11 waypoint5)
8.927: (navigate rover0 waypoint19 waypoint1)
9.107: (navigate rover1 waypoint5 waypoint3)
9.269: (navigate rover1 waypoint3 waypoint9)
9.232: (navigate rover1 waypoint9 waypoint23)
9.240: (take_image rover1 waypoint23 objective3 camera3 high_res)
9.283: (navigate rover1 waypoint23 waypoint9)
9.302: (navigate rover1 waypoint9 waypoint14)
9.290: (calibrate rover1 camera3 objective3 waypoint14)
9.386: (navigate rover0 waypoint1 waypoint19)
9.397: (navigate rover1 waypoint14 waypoint9)
9.185: (navigate rover1 waypoint9 waypoint15)
9.207: (take_image rover1 waypoint15 objective3 camera3 high_res)
9.306: (navigate rover0 waypoint19 waypoint1)
9.294: (calibrate rover1 camera3 objective3 waypoint15)
9.505: (navigate rover0 waypoint1 waypoint0)
9.196: (navigate rover0 waypoint0 waypoint14)
9.208: (take_image rover1 waypoint15 objective3 camera3 high_res)
9.265: (navigate rover0 waypoint14 waypoint16)
9.252: (calibrate rover1 camera3 objective3 waypoint15)
9.329: (navigate rover1 waypoint15 waypoint9)
9.312: (navigate rover1 waypoint9 waypoint14)
8.900: (navigate rover0 waypoint16 waypoint14)
8.914: (take_image rover1 waypoint14 objective0 camera3 high_res)
9.319: (navigate rover0 waypoint14 waypoint16)
9.338: (navigate rover1 waypoint14 waypoint9)
9.334: (navigate rover0 waypoint16 waypoint14)
9.229: (navigate rover1 waypoint9 waypoint23)
9.214: (calibrate rover1 camera3 objective3 waypoint23)
9.302: (navigate rover0 waypoint14 waypoint0)
9.280: (navigate rover0 waypoint0 waypoint17)
9.063: (navigate rover0 waypoint17 waypoint5)
9.068: (take_image rover1 waypoint23 objective3 camera3 high_res)
9.074: (navigate rover1 waypoint23 waypoint9)
9.105: (navigate rover1 waypoint9 waypoint15)
9.104: (calibrate rover1 camera3 objective3 waypoint15)
9.073: (navigate rover1 waypoint15 waypoint9)
9.133: (navigate rover1 waypoint9 waypoint14)
9.135: (take_image rover1 waypoint14 objective3 camera3 high_res)
9.447: (navigate rover0 waypoint5 waypoint17)
9.430: (calibrate rover1 camera3 objective3 waypoint14)
9.465: (navigate rover0 waypoint17 waypoint0)
9.483: (take_image rover1 waypoint14 objective0 camera3 high_res)
9.590: (navigate rover1 waypoint14 waypoint9)
9.324: (navigate rover1 waypoint9 waypoint23)
9.303: (navigate rover0 waypoint0 waypoint17)
9.581: (navigate rover1 waypoint23 waypoint9)
9.352: (navigate rover1 waypoint9 waypoint3)
9.404: (navigate rover0 waypoint17 waypoint0)
9.396: (calibrate rover1 camera3 objective3 waypoint3)
9.237: (navigate rover1 waypoint3 waypoint5)
9.234: (navigate rover0 waypoint0 waypoint14)
9.238: (take_image rover1 waypoint5 objective2 camera3 high_res)
9.285: (navigate rover0 waypoint14 waypoint16)
9.726: (navigate rover1 waypoint5 waypoint11)
9.639: (navigate rover0 waypoint16 waypoint14)
9.623: (calibrate rover1 camera3 objective3 waypoint11)
9.707: (navigate rover0 waypoint14 waypoint16)
9.281: (navigate rover1 waypoint11 waypoint5)
10.547: (sample_rock rover0 rover0store waypoint16)
9.378: (drop rover0 rover0store)
9.209: (navigate rover0 waypoint16 waypoint14)
9.211: (communicate_rock_data rover0 general waypoint16 waypoint14 waypoint11)
9.216: (take_image rover1 waypoint5 objective2 camera3 high_res)
9.230: (navigate rover0 waypoint14 waypoint0)
8.918: (navigate rover0 waypoint0 waypoint1)
9.079: (navigate rover1 waypoint5 waypoint3)
8.800: (navigate rover1 waypoint3 waypoint1)
8.789: (calibrate rover1 camera3 objective3 waypoint1)
8.981: (navigate rover1 waypoint1 waypoint4)
8.892: (navigate rover0 waypoint1 waypoint19)
8.924: (take_image rover1 waypoint4 objective3 camera3 high_res)
8.994: (navigate rover0 waypoint19 waypoint1)
9.144: (navigate rover0 waypoint1 waypoint0)
9.019: (navigate rover0 waypoint0 waypoint17)
8.787: (navigate rover0 waypoint17 waypoint5)
8.780: (calibrate rover1 camera3 objective3 waypoint4)
8.863: (navigate rover1 waypoint4 waypoint1)
8.867: (take_image rover1 waypoint1 objective2 camera3 high_res)
8.956: (navigate rover1 waypoint1 waypoint3)
8.695: (navigate rover1 waypoint3 waypoint5)
9.199: (navigate rover0 waypoint5 waypoint17)
9.330: (navigate rover1 waypoint5 waypoint3)
9.085: (navigate rover1 waypoint3 waypoint22)
8.754: (navigate rover0 waypoint17 waypoint5)
8.981: (navigate rover1 waypoint22 waypoint24)
8.988: (calibrate rover1 camera3 objective3 waypoint24)
8.773: (navigate rover1 waypoint24 waypoint22)
8.957: (navigate rover1 waypoint22 waypoint3)
8.685: (navigate rover1 waypoint3 waypoint5)
9.191: (navigate rover0 waypoint5 waypoint17)
9.224: (navigate rover0 waypoint17 waypoint0)
8.908: (navigate rover0 waypoint0 waypoint1)
9.080: (navigate rover1 waypoint5 waypoint3)
8.975: (navigate rover1 waypoint3 waypoint22)
8.909: (navigate rover0 waypoint1 waypoint19)
8.908: (take_image rover1 waypoint22 objective2 camera3 high_res)
8.961: (navigate rover0 waypoint19 waypoint1)
9.095: (navigate rover1 waypoint22 waypoint24)
9.085: (calibrate rover1 camera3 objective3 waypoint24)
9.179: (navigate rover0 waypoint1 waypoint19)
9.188: (take_image rover1 waypoint24 objective3 camera3 high_res)
8.908: (navigate rover1 waypoint24 waypoint22)
9.186: (navigate rover1 waypoint22 waypoint3)
9.077: (navigate rover1 waypoint3 waypoint21)
9.054: (calibrate rover1 camera3 objective3 waypoint21)
9.043: (navigate rover1 waypoint21 waypoint6)
8.910: (navigate rover0 waypoint19 waypoint1)
9.049: (navigate rover1 waypoint6 waypoint21)
9.072: (take_image rover1 waypoint21 objective3 camera3 high_res)
8.916: (navigate rover1 waypoint21 waypoint6)
9.055: (navigate rover0 waypoint1 waypoint19)
8.916: (navigate rover0 waypoint19 waypoint1)
9.167: (navigate rover0 waypoint1 waypoint0)
9.097: (navigate rover0 waypoint0 waypoint17)
8.858: (navigate rover0 waypoint17 waypoint5)
8.885: (navigate rover1 waypoint6 waypoint21)
8.871: (calibrate rover1 camera3 objective3 waypoint21)
8.864: (navigate rover1 waypoint21 waypoint6)
9.086: (navigate rover0 waypoint5 waypoint17)
9.148: (navigate rover0 waypoint17 waypoint0)
9.130: (navigate rover1 waypoint6 waypoint21)
9.159: (take_image rover1 waypoint21 objective3 camera3 high_res)
9.193: (navigate rover0 waypoint0 waypoint17)
9.170: (calibrate rover1 camera3 objective3 waypoint21)
9.324: (navigate rover1 waypoint21 waypoint3)
9.083: (navigate rover1 waypoint3 waypoint22)
9.119: (navigate rover0 waypoint17 waypoint0)
9.017: (navigate rover0 waypoint0 waypoint14)
9.013: (take_image rover1 waypoint22 objective2 camera3 high_res)
9.111: (navigate rover0 waypoint14 waypoint16)
9.311: (navigate rover1 waypoint22 waypoint24)
9.294: (navigate rover0 waypoint16 waypoint14)
9.249: (navigate rover0 waypoint14 waypoint0)
9.121: (navigate rover1 waypoint24 waypoint22)
9.384: (navigate rover1 waypoint22 waypoint3)
9.267: (navigate rover0 waypoint0 waypoint14)
9.228: (navigate rover1 waypoint3 waypoint21)
9.208: (calibrate rover1 camera3 objective3 waypoint21)
9.223: (navigate rover1 waypoint21 waypoint6)
9.383: (navigate rover0 waypoint14 waypoint16)
9.226: (navigate rover1 waypoint6 waypoint21)
9.248: (take_image rover1 waypoint21 objective3 camera3 high_res)
9.312: (navigate rover1 waypoint21 waypoint3)
9.227: (navigate rover1 waypoint3 waypoint16)
9.220: (calibrate rover1 camera3 objective3 waypoint16)
9.317: (navigate rover1 waypoint16 waypoint3)
9.127: (navigate rover1 waypoint3 waypoint22)
9.308: (navigate rover1 waypoint22 waypoint24)
9.291: (navigate rover0 waypoint16 waypoint14)
9.239: (navigate rover0 waypoint14 waypoint0)
9.303: (navigate rover0 waypoint0 waypoint17)
9.310: (take_image rover1 waypoint24 objective3 camera3 high_res)
8.981: (navigate rover0 waypoint17 waypoint5)
8.754: (navigate rover1 waypoint24 waypoint22)
8.754: (communicate_rock_data rover0 general waypoint5 waypoint5 waypoint11)
8.754: (communicate_rock_data rover0 general waypoint5 waypoint5 waypoint11)
8.754: (communicate_rock_data rover0 general waypoint5 waypoint5 waypoint11)
8.754: (communicate_rock_data rover0 general waypoint5 waypoint5 waypoint11)
8.754: (communicate_rock_data rover0 general waypoint5 waypoint5 waypoint11)
8.754: (communicate_rock_data rover0 general waypoint5 waypoint5 waypoint11)
8.754: (communicate_rock_data rover0 general waypoint5 waypoint5 waypoint11)
8.754: (communicate_rock_data rover0 general waypoint5 waypoint5 waypoint11)
8.754: (communicate_rock_data rover0 general waypoint5 waypoint5 waypoint11)
8.754: (communicate_rock_data rover0 general waypoint5 waypoint5 waypoint11)
8.754: (communicate_rock_data rover0 general waypoint5 waypoint5 waypoint11)
8.754: (communicate_rock_data rover0 general waypoint5 waypoint5 waypoint11)
8.754: (communicate_rock_data rover0 general waypoint5 waypoint5 waypoint11)
8.754: (communicate_rock_data rover0 general waypoint5 waypoint5 waypoint11)
8.754: (communicate_rock_data rover0 general waypoint5 waypoint5 waypoint11)
8.754: (communicate_rock_data rover0 general waypoint5 waypoint5 waypoint11)
8.754: (communicate_rock_data rover0 general waypoint5 waypoint5 waypoint11)
8.754: (communicate_rock_data rover0 general waypoint5 waypoint5 waypoint11)
8.754: (communicate_rock_data rover0 general waypoint5 waypoint5 waypoint11)
8.754: (communicate_rock_data rover0 general waypoint5 waypoint5 waypoint11)
8.754: (communicate_rock_data rover0 general waypoint5 waypoint5 waypoint11)
8.754: (communicate_rock_data rover0 general waypoint5 waypoint5 waypoint11)
8.754: (communicate_rock_data rover0 general waypoint5 waypoint5 waypoint11)
8.754: (communicate_rock_data rover0 general waypoint5 waypoint5 waypoint11)
8.754: (communicate_rock_data rover0 general waypoint5 waypoint5 waypoint11)
8.754: (communicate_rock_data rover0 general waypoint5 waypoint5 waypoint11)
8.754: (communicate_rock_data rover0 general waypoint5 waypoint5 waypoint11)
8.754: (communicate_rock_data rover0 general waypoint5 waypoint5 waypoint11)
8.754: (communicate_rock_data rover0 general waypoint5 waypoint5 waypoint11)
8.754: (communicate_rock_data rover0 general waypoint5 waypoint5 waypoint11)
8.754: (communicate_rock_data rover0 general waypoint5 waypoint5 waypoint11)
8.754: (communicate_rock_data rover0 general waypoint5 waypoint5 waypoint11)
8.754: (communicate_rock_data rover0 general waypoint5 waypoint5 waypoint11)
8.754: (communicate_rock_data rover0 general waypoint5 waypoint5 waypoint11)
8.754: (communicate_rock_data rover0 general waypoint5 waypoint5 waypoint11)
8.754: (communicate_rock_data rover0 general waypoint5 waypoint5 waypoint11)
8.754: (communicate_rock_data rover0 general waypoint5 waypoint5 waypoint11)
8.754: (communicate_rock_data rover0 general waypoint5 waypoint5 waypoint11)
8.754: (communicate_rock_data rover0 general waypoint5 waypoint5 waypoint11)
8.754: (communicate_rock_data rover0 general waypoint5 waypoint5 waypoint11)
8.754: (communicate_rock_data rover0 general waypoint5 waypoint5 waypoint11)
8.754: (communicate_rock_data rover0 general waypoint5 waypoint5 waypoint11)
8.754: (communicate_rock_data rover0 general waypoint5 waypoint5 waypoint11)
8.754: (communicate_rock_data rover0 general waypoint5 waypoint5 waypoint11)
8.754: (communicate_rock_data rover0 general waypoint5 waypoint5 waypoint11)
8.754: (communicate_rock_data rover0 general waypoint5 waypoint5 waypoint11)
8.754: (communicate_rock_data rover0 general waypoint5 waypoint5 waypoint11)
8.754: (communicate_rock_data rover0 general waypoint5 waypoint5 waypoint11)
8.754: (communicate_rock_data rover0 general waypoint5 waypoint5 waypoint11)
8.754: (communicate_rock_data rover0 general waypoint5 waypoint5 waypoint11)
8.754: (communicate_rock_data rover0 general waypoint5 waypoint5 waypoint11)
8.754: (communicate_rock_data rover0 general waypoint5 waypoint5 waypoint11)
8.754: (communicate_rock_data rover0 general waypoint5 waypoint5 waypoint11)
8.754: (communicate_rock_data rover0 general waypoint5 waypoint5 waypoint11)
8.754: (communicate_rock_data rover0 general waypoint5 waypoint5 waypoint11)
8.754: (communicate_rock_data rover0 general waypoint5 waypoint5 waypoint11)
8.754: (communicate_rock_data rover0 general waypoint5 waypoint5 waypoint11)
8.754: (communicate_rock_data rover0 general waypoint5 waypoint5 waypoint11)
8.754: (communicate_rock_data rover0 general waypoint5 waypoint5 waypoint11)
8.754: (communicate_rock_data rover0 general waypoint5 waypoint5 waypoint11)
8.754: (communicate_rock_data rover0 general waypoint5 waypoint5 waypoint11)
8.754: (communicate_rock_data rover0 general waypoint5 waypoint5 waypoint11)
8.754: (communicate_rock_data rover0 general waypoint5 waypoint5 waypoint11)
8.754: (communicate_rock_data rover0 general waypoint5 waypoint5 waypoint11)
8.754: (communicate_rock_data rover0 general waypoint5 waypoint5 waypoint11)
8.754: (communicate_rock_data rover0 general waypoint5 waypoint5 waypoint11)
8.754: (communicate_rock_data rover0 general waypoint5 waypoint5 waypoint11)
8.754: (communicate_rock_data rover0 general waypoint5 waypoint5 waypoint11)
8.754: (communicate_rock_data rover0 general waypoint5 waypoint5 waypoint11)
8.754: (communicate_rock_data rover0 general waypoint5 waypoint5 waypoint11)
8.754: (communicate_rock_data rover0 general waypoint5 waypoint5 waypoint11)
8.754: (communicate_rock_data rover0 general waypoint5 waypoint5 waypoint11)
8.754: (communicate_rock_data rover0 general waypoint5 waypoint5 waypoint11)
8.754: (communicate_rock_data rover0 general waypoint5 waypoint5 waypoint11)
8.754: (communicate_rock_data rover0 general waypoint5 waypoint5 waypoint11)
8.754: (communicate_rock_data rover0 general waypoint5 waypoint5 waypoint11)
8.754: (communicate_rock_data rover0 general waypoint5 waypoint5 waypoint11)
8.754: (communicate_rock_data rover0 general waypoint5 waypoint5 waypoint11)
8.754: (communicate_rock_data rover0 general waypoint5 waypoint5 waypoint11)
8.754: (communicate_rock_data rover0 general waypoint5 waypoint5 waypoint11)
8.754: (communicate_rock_data rover0 general waypoint5 waypoint5 waypoint11)
8.754: (communicate_rock_data rover0 general waypoint5 waypoint5 waypoint11)
8.754: (communicate_rock_data rover0 general waypoint5 waypoint5 waypoint11)
8.754: (communicate_rock_data rover0 general waypoint5 waypoint5 waypoint11)
8.754: (communicate_rock_data rover0 general waypoint5 waypoint5 waypoint11)
8.754: (communicate_rock_data rover0 general waypoint5 waypoint5 waypoint11)
8.754: (communicate_rock_data rover0 general waypoint5 waypoint5 waypoint11)
8.754: (communicate_rock_data rover0 general waypoint5 waypoint5 waypoint11)
8.754: (communicate_rock_data rover0 general waypoint5 waypoint5 waypoint11)
8.754: (communicate_rock_data rover0 general waypoint5 waypoint5 waypoint11)
8.754: (communicate_rock_data rover0 general waypoint5 waypoint5 waypoint11)
8.754: (communicate_rock_data rover0 general waypoint5 waypoint5 waypoint11)
8.754: (communicate_rock_data rover0 general waypoint5 waypoint5 waypoint11)
8.754: (communicate_rock_data rover0 general waypoint5 waypoint5 waypoint11)
8.754: (communicate_rock_data rover0 general waypoint5 waypoint5 waypoint11)
8.754: (communicate_rock_data rover0 general waypoint5 waypoint5 waypoint11)
8.754: (communicate_rock_data rover0 general waypoint5 waypoint5 waypoint11)
8.754: (communicate_rock_data rover0 general waypoint5 waypoint5 waypoint11)
8.754: (communicate_rock_data rover0 general waypoint5 waypoint5 waypoint11)
8.754: (communicate_rock_data rover0 general waypoint5 waypoint5 waypoint11)
8.754: (communicate_rock_data rover0 general waypoint5 waypoint5 waypoint11)
8.754: (communicate_rock_data rover0 general waypoint5 waypoint5 waypoint11)
8.754: (communicate_rock_data rover0 general waypoint5 waypoint5 waypoint11)
8.754: (communicate_rock_data rover0 general waypoint5 waypoint5 waypoint11)
8.754: (communicate_rock_data rover0 general waypoint5 waypoint5 waypoint11)
8.754: (communicate_rock_data rover0 general waypoint5 waypoint5 waypoint11)
8.754: (communicate_rock_data rover0 general waypoint5 waypoint5 waypoint11)
8.754: (communicate_rock_data rover0 general waypoint5 waypoint5 waypoint11)
8.754: (communicate_rock_data rover0 general waypoint5 waypoint5 waypoint11)
8.754: (communicate_rock_data rover0 general waypoint5 waypoint5 waypoint11)
8.754: (communicate_rock_data rover0 general waypoint5 waypoint5 waypoint11)
8.754: (communicate_rock_data rover0 general waypoint5 waypoint5 waypoint11)
8.754: (communicate_rock_data rover0 general waypoint5 waypoint5 waypoint11)
8.754: (communicate_rock_data rover0 general waypoint5 waypoint5 waypoint11)
8.754: (communicate_rock_data rover0 general waypoint5 waypoint5 waypoint11)
8.754: (communicate_rock_data rover0 general waypoint5 waypoint5 waypoint11)
8.754: (communicate_rock_data rover0 general waypoint5 waypoint5 waypoint11)
8.754: (communicate_rock_data rover0 general waypoint5 waypoint5 waypoint11)
8.754: (communicate_rock_data rover0 general waypoint5 waypoint5 waypoint11)
8.754: (communicate_rock_data rover0 general waypoint5 waypoint5 waypoint11)
8.754: (communicate_rock_data rover0 general waypoint5 waypoint5 waypoint11)
8.754: (communicate_rock_data rover0 general waypoint5 waypoint5 waypoint11)
8.754: (communicate_rock_data rover0 general waypoint5 waypoint5 waypoint11)
8.754: (communicate_rock_data rover0 general waypoint5 waypoint5 waypoint11)
8.754: (communicate_rock_data rover0 general waypoint5 waypoint5 waypoint11)
[Final] Expanded: 1000, Generated: 13276
Failed to find a solution!
