/u/ibrahim.eisawy/Neural-Guided-Search/venv/lib/python3.10/site-packages/pymimir_rgnn/model.py:151: UserWarning: index_reduce() is in beta and the API may change at any time. (Triggered internally at /pytorch/aten/src/ATen/native/cuda/Indexing.cu:1541.)
  max_msg.index_reduce_(0, output_indices, output_messages, reduce='amax', include_self=True)
Torch: 2.12.0+cu130
Using GPU:  NVIDIA L40S
76.734: (calibrate rover1 camera4 objective1 waypoint36)
75.522: (navigate rover2 waypoint15 waypoint3)
74.195: (sample_soil rover2 rover2store waypoint3)
72.925: (drop rover2 rover2store)
71.863: (calibrate rover2 camera0 objective1 waypoint3)
71.320: (navigate rover0 waypoint39 waypoint26)
70.596: (navigate rover1 waypoint36 waypoint16)
69.322: (sample_rock rover1 rover1store waypoint16)
67.794: (communicate_rock_data rover1 general waypoint16 waypoint16 waypoint36)
67.233: (drop rover1 rover1store)
66.830: (calibrate rover2 camera2 objective5 waypoint3)
65.647: (take_image rover2 waypoint3 objective5 camera2 low_res)
65.047: (take_image rover2 waypoint3 objective1 camera0 colour)
64.055: (calibrate rover2 camera0 objective1 waypoint3)
63.649: (calibrate rover2 camera2 objective5 waypoint3)
62.525: (take_image rover1 waypoint16 objective5 camera4 high_res)
62.503: (navigate rover1 waypoint16 waypoint33)
62.102: (calibrate rover1 camera4 objective1 waypoint33)
62.094: (sample_rock rover0 rover0store waypoint26)
60.851: (communicate_rock_data rover0 general waypoint26 waypoint26 waypoint36)
59.959: (drop rover0 rover0store)
59.741: (navigate rover0 waypoint26 waypoint39)
59.042: (navigate rover0 waypoint39 waypoint24)
58.917: (navigate rover0 waypoint24 waypoint11)
58.718: (sample_rock rover0 rover0store waypoint11)
57.164: (communicate_rock_data rover0 general waypoint11 waypoint11 waypoint36)
56.192: (drop rover0 rover0store)
55.456: (navigate rover0 waypoint11 waypoint24)
55.424: (take_image rover1 waypoint33 objective0 camera4 high_res)
55.065: (calibrate rover1 camera4 objective1 waypoint33)
55.086: (navigate rover1 waypoint33 waypoint16)
55.260: (navigate rover1 waypoint16 waypoint36)
54.147: (navigate rover1 waypoint36 waypoint7)
53.827: (take_image rover1 waypoint7 objective3 camera4 low_res)
53.480: (calibrate rover1 camera4 objective1 waypoint7)
53.511: (navigate rover1 waypoint7 waypoint27)
52.663: (take_image rover1 waypoint27 objective2 camera4 high_res)
52.323: (calibrate rover1 camera4 objective1 waypoint27)
52.027: (calibrate rover1 camera1 objective2 waypoint27)
51.944: (navigate rover1 waypoint27 waypoint7)
52.115: (navigate rover1 waypoint7 waypoint8)
51.698: (sample_rock rover1 rover1store waypoint8)
50.383: (navigate rover1 waypoint8 waypoint12)
49.136: (drop rover1 rover1store)
49.439: (take_image rover1 waypoint12 objective5 camera1 high_res)
49.789: (take_image rover2 waypoint3 objective1 camera2 high_res)
49.454: (calibrate rover2 camera2 objective5 waypoint3)
49.789: (take_image rover2 waypoint3 objective5 camera2 high_res)
49.453: (calibrate rover2 camera2 objective5 waypoint3)
49.796: (take_image rover2 waypoint3 objective1 camera2 low_res)
49.462: (calibrate rover2 camera2 objective5 waypoint3)
49.860: (take_image rover1 waypoint12 objective5 camera4 high_res)
50.421: (navigate rover0 waypoint24 waypoint39)
49.998: (navigate rover0 waypoint39 waypoint29)
49.592: (calibrate rover1 camera4 objective1 waypoint12)
49.198: (sample_rock rover0 rover0store waypoint29)
47.789: (navigate rover0 waypoint29 waypoint23)
46.584: (drop rover0 rover0store)
46.661: (sample_rock rover0 rover0store waypoint23)
45.474: (drop rover0 rover0store)
45.767: (navigate rover0 waypoint23 waypoint29)
44.160: (navigate rover0 waypoint29 waypoint27)
42.984: (communicate_rock_data rover0 general waypoint23 waypoint27 waypoint36)
42.032: (communicate_rock_data rover0 general waypoint29 waypoint27 waypoint36)
41.591: (calibrate rover0 camera5 objective0 waypoint27)
41.520: (take_image rover0 waypoint27 objective3 camera5 colour)
41.117: (calibrate rover0 camera5 objective0 waypoint27)
41.436: (communicate_image_data rover0 general objective3 colour waypoint27 waypoint36)
41.744: (take_image rover2 waypoint3 objective1 camera2 low_res)
42.145: (take_image rover1 waypoint12 objective5 camera4 high_res)
41.848: (calibrate rover2 camera2 objective5 waypoint3)
42.259: (take_image rover2 waypoint3 objective5 camera0 colour)
41.716: (calibrate rover2 camera0 objective1 waypoint3)
41.303: (calibrate rover1 camera4 objective1 waypoint12)
41.605: (take_image rover2 waypoint3 objective5 camera2 high_res)
42.006: (take_image rover1 waypoint12 objective5 camera4 high_res)
42.553: (take_image rover2 waypoint3 objective5 camera0 colour)
42.185: (calibrate rover1 camera4 objective1 waypoint12)
41.891: (calibrate rover2 camera2 objective5 waypoint3)
42.267: (take_image rover1 waypoint12 objective5 camera4 low_res)
41.724: (calibrate rover2 camera0 objective1 waypoint3)
41.314: (calibrate rover1 camera4 objective1 waypoint12)
41.619: (take_image rover2 waypoint3 objective1 camera2 low_res)
42.017: (take_image rover1 waypoint12 objective5 camera4 high_res)
42.565: (take_image rover2 waypoint3 objective5 camera0 colour)
42.199: (calibrate rover1 camera4 objective1 waypoint12)
41.902: (calibrate rover2 camera2 objective5 waypoint3)
42.306: (take_image rover1 waypoint12 objective1 camera4 low_res)
41.764: (calibrate rover2 camera0 objective1 waypoint3)
41.351: (calibrate rover1 camera4 objective1 waypoint12)
41.656: (take_image rover2 waypoint3 objective5 camera2 high_res)
42.059: (take_image rover1 waypoint12 objective5 camera4 low_res)
42.604: (take_image rover2 waypoint3 objective1 camera0 colour)
42.237: (calibrate rover1 camera4 objective1 waypoint12)
41.940: (calibrate rover2 camera2 objective5 waypoint3)
42.330: (take_image rover1 waypoint12 objective1 camera4 high_res)
41.788: (calibrate rover2 camera0 objective1 waypoint3)
41.372: (calibrate rover1 camera4 objective1 waypoint12)
41.674: (take_image rover2 waypoint3 objective5 camera2 low_res)
42.084: (take_image rover1 waypoint12 objective5 camera4 low_res)
42.629: (take_image rover2 waypoint3 objective1 camera0 colour)
42.264: (calibrate rover1 camera4 objective1 waypoint12)
41.965: (calibrate rover2 camera2 objective5 waypoint3)
42.700: (take_image rover0 waypoint27 objective2 camera5 colour)
41.809: (calibrate rover0 camera5 objective0 waypoint27)
41.251: (calibrate rover2 camera0 objective1 waypoint3)
41.229: (communicate_image_data rover0 general objective2 colour waypoint27 waypoint36)
41.533: (take_image rover2 waypoint3 objective5 camera2 high_res)
41.942: (take_image rover1 waypoint12 objective1 camera4 low_res)
41.649: (calibrate rover2 camera2 objective5 waypoint3)
42.176: (take_image rover0 waypoint27 objective0 camera5 high_res)
41.549: (calibrate rover0 camera5 objective0 waypoint27)
41.133: (calibrate rover1 camera4 objective1 waypoint12)
41.434: (take_image rover2 waypoint3 objective5 camera2 low_res)
41.844: (take_image rover1 waypoint12 objective5 camera4 low_res)
42.391: (take_image rover2 waypoint3 objective1 camera0 colour)
42.025: (calibrate rover1 camera4 objective1 waypoint12)
41.727: (calibrate rover2 camera2 objective5 waypoint3)
42.091: (take_image rover1 waypoint12 objective5 camera4 low_res)
42.867: (communicate_image_data rover0 general objective0 high_res waypoint27 waypoint36)
42.316: (calibrate rover1 camera4 objective1 waypoint12)
41.783: (calibrate rover2 camera0 objective1 waypoint3)
42.118: (take_image rover0 waypoint27 objective0 camera5 low_res)
41.360: (communicate_image_data rover0 general objective0 low_res waypoint27 waypoint36)
40.571: (calibrate rover0 camera5 objective0 waypoint27)
40.856: (take_image rover2 waypoint3 objective5 camera2 low_res)
41.249: (take_image rover1 waypoint12 objective5 camera4 high_res)
40.983: (calibrate rover2 camera2 objective5 waypoint3)
41.508: (take_image rover2 waypoint3 objective5 camera0 colour)
41.157: (calibrate rover1 camera4 objective1 waypoint12)
41.438: (take_image rover2 waypoint3 objective1 camera2 high_res)
41.781: (take_image rover1 waypoint12 objective5 camera4 high_res)
42.698: (navigate rover2 waypoint3 waypoint38)
42.347: (calibrate rover1 camera4 objective1 waypoint12)
42.979: (sample_rock rover2 rover2store waypoint38)
41.205: (navigate rover2 waypoint38 waypoint3)
39.936: (drop rover2 rover2store)
39.316: (calibrate rover2 camera0 objective1 waypoint3)
39.027: (calibrate rover2 camera2 objective5 waypoint3)
39.281: (sample_rock rover2 rover2store waypoint3)
37.837: (drop rover2 rover2store)
36.973: (navigate rover2 waypoint3 waypoint2)
36.717: (calibrate rover2 camera3 objective3 waypoint2)
36.948: (take_image rover2 waypoint2 objective3 camera3 high_res)
36.691: (calibrate rover2 camera3 objective3 waypoint2)
36.961: (take_image rover2 waypoint2 objective3 camera2 low_res)
36.691: (calibrate rover2 camera2 objective5 waypoint2)
36.941: (take_image rover2 waypoint2 objective5 camera3 high_res)
37.217: (take_image rover2 waypoint2 objective3 camera2 high_res)
37.607: (take_image rover1 waypoint12 objective1 camera4 high_res)
37.353: (calibrate rover2 camera2 objective5 waypoint2)
37.093: (calibrate rover2 camera3 objective3 waypoint2)
37.352: (take_image rover2 waypoint2 objective5 camera2 high_res)
37.835: (take_image rover2 waypoint2 objective3 camera0 colour)
37.486: (calibrate rover1 camera4 objective1 waypoint12)
37.223: (calibrate rover2 camera2 objective5 waypoint2)
37.481: (take_image rover2 waypoint2 objective3 camera3 high_res)
37.800: (take_image rover2 waypoint2 objective5 camera2 low_res)
38.142: (take_image rover1 waypoint12 objective5 camera4 high_res)
37.831: (calibrate rover2 camera2 objective5 waypoint2)
37.571: (calibrate rover2 camera3 objective3 waypoint2)
38.112: (navigate rover2 waypoint2 waypoint5)
37.481: (take_image rover2 waypoint5 objective4 camera3 high_res)
36.743: (navigate rover2 waypoint5 waypoint2)
36.437: (calibrate rover1 camera4 objective1 waypoint12)
36.194: (calibrate rover2 camera3 objective3 waypoint2)
36.427: (take_image rover2 waypoint2 objective5 camera2 low_res)
36.734: (take_image rover2 waypoint2 objective3 camera3 high_res)
37.041: (take_image rover1 waypoint12 objective5 camera4 low_res)
36.735: (calibrate rover2 camera3 objective3 waypoint2)
36.499: (calibrate rover2 camera2 objective5 waypoint2)
37.187: (take_image rover0 waypoint27 objective0 camera5 colour)
36.297: (calibrate rover0 camera5 objective0 waypoint27)
35.992: (calibrate rover1 camera4 objective1 waypoint12)
36.030: (communicate_image_data rover0 general objective0 colour waypoint27 waypoint36)
36.265: (take_image rover2 waypoint2 objective5 camera3 high_res)
36.557: (take_image rover2 waypoint2 objective3 camera2 high_res)
36.268: (calibrate rover2 camera3 objective3 waypoint2)
36.572: (take_image rover1 waypoint12 objective1 camera4 high_res)
36.335: (calibrate rover2 camera2 objective5 waypoint2)
36.570: (take_image rover2 waypoint2 objective5 camera3 high_res)
36.862: (take_image rover2 waypoint2 objective5 camera2 high_res)
37.499: (take_image rover0 waypoint27 objective1 camera5 low_res)
36.778: (calibrate rover0 camera5 objective0 waypoint27)
36.470: (calibrate rover1 camera4 objective1 waypoint12)
36.178: (calibrate rover2 camera2 objective5 waypoint2)
35.944: (calibrate rover2 camera3 objective3 waypoint2)
36.180: (take_image rover2 waypoint2 objective3 camera2 high_res)
36.488: (take_image rover1 waypoint12 objective1 camera4 low_res)
36.250: (calibrate rover2 camera2 objective5 waypoint2)
36.486: (take_image rover2 waypoint2 objective5 camera3 high_res)
37.209: (navigate rover2 waypoint2 waypoint5)
36.903: (calibrate rover1 camera4 objective1 waypoint12)
36.863: (take_image rover2 waypoint5 objective4 camera2 low_res)
36.106: (navigate rover2 waypoint5 waypoint2)
35.812: (calibrate rover2 camera3 objective3 waypoint2)
35.580: (calibrate rover2 camera2 objective5 waypoint2)
35.706: (communicate_image_data rover0 general objective1 low_res waypoint27 waypoint36)
35.940: (take_image rover2 waypoint2 objective3 camera3 high_res)
36.308: (take_image rover1 waypoint12 objective1 camera4 high_res)
36.073: (calibrate rover2 camera3 objective3 waypoint2)
36.397: (take_image rover2 waypoint2 objective5 camera2 high_res)
36.034: (calibrate rover1 camera4 objective1 waypoint12)
36.332: (take_image rover2 waypoint2 objective5 camera3 high_res)
36.694: (take_image rover1 waypoint12 objective5 camera4 high_res)
37.495: (sample_rock rover0 rover0store waypoint27)
36.556: (drop rover0 rover0store)
36.172: (calibrate rover2 camera2 objective5 waypoint2)
35.806: (calibrate rover1 camera4 objective1 waypoint12)
35.563: (calibrate rover2 camera3 objective3 waypoint2)
35.570: (communicate_rock_data rover0 general waypoint27 waypoint27 waypoint36)
35.814: (take_image rover2 waypoint2 objective3 camera3 high_res)
36.181: (take_image rover1 waypoint12 objective1 camera4 high_res)
35.935: (calibrate rover2 camera3 objective3 waypoint2)
36.256: (take_image rover2 waypoint2 objective5 camera2 low_res)
35.896: (calibrate rover1 camera4 objective1 waypoint12)
36.201: (take_image rover2 waypoint2 objective3 camera3 high_res)
36.565: (take_image rover1 waypoint12 objective5 camera4 high_res)
37.106: (navigate rover0 waypoint27 waypoint29)
36.398: (navigate rover0 waypoint29 waypoint13)
36.019: (calibrate rover2 camera2 objective5 waypoint2)
35.638: (calibrate rover1 camera4 objective1 waypoint12)
35.388: (calibrate rover2 camera3 objective3 waypoint2)
35.704: (take_image rover2 waypoint2 objective5 camera2 low_res)
36.019: (take_image rover2 waypoint2 objective3 camera3 high_res)
36.729: (navigate rover0 waypoint13 waypoint29)
36.250: (navigate rover0 waypoint29 waypoint31)
35.868: (calibrate rover2 camera2 objective5 waypoint2)
35.616: (calibrate rover2 camera3 objective3 waypoint2)
35.934: (take_image rover2 waypoint2 objective5 camera2 low_res)
36.311: (take_image rover1 waypoint12 objective1 camera4 high_res)
35.995: (calibrate rover2 camera2 objective5 waypoint2)
36.247: (take_image rover2 waypoint2 objective3 camera3 high_res)
36.628: (take_image rover2 waypoint2 objective3 camera2 low_res)
37.364: (navigate rover2 waypoint2 waypoint5)
36.990: (calibrate rover1 camera4 objective1 waypoint12)
37.560: (navigate rover0 waypoint31 waypoint29)
36.785: (navigate rover0 waypoint29 waypoint13)
37.142: (take_image rover1 waypoint12 objective5 camera4 low_res)
37.925: (navigate rover0 waypoint13 waypoint29)
37.475: (navigate rover0 waypoint29 waypoint27)
37.121: (calibrate rover1 camera4 objective1 waypoint12)
37.972: (take_image rover0 waypoint27 objective1 camera5 high_res)
37.024: (navigate rover2 waypoint5 waypoint2)
36.126: (calibrate rover0 camera5 objective0 waypoint27)
35.616: (communicate_image_data rover0 general objective1 high_res waypoint27 waypoint36)
35.172: (calibrate rover2 camera2 objective5 waypoint2)
34.853: (calibrate rover2 camera3 objective3 waypoint2)
35.221: (take_image rover2 waypoint2 objective5 camera2 low_res)
35.631: (take_image rover1 waypoint12 objective5 camera4 low_res)
35.262: (calibrate rover2 camera2 objective5 waypoint2)
35.580: (take_image rover2 waypoint2 objective5 camera3 high_res)
36.026: (take_image rover2 waypoint2 objective5 camera2 low_res)
36.646: (navigate rover0 waypoint27 waypoint29)
35.941: (navigate rover0 waypoint29 waypoint13)
35.487: (calibrate rover2 camera2 objective5 waypoint2)
35.063: (calibrate rover1 camera4 objective1 waypoint12)
34.746: (calibrate rover2 camera3 objective3 waypoint2)
35.118: (take_image rover2 waypoint2 objective3 camera2 low_res)
35.515: (take_image rover2 waypoint2 objective5 camera3 high_res)
36.222: (navigate rover0 waypoint13 waypoint29)
35.701: (navigate rover0 waypoint29 waypoint39)
35.012: (take_image rover0 waypoint39 objective4 camera5 colour)
34.502: (navigate rover0 waypoint39 waypoint24)
34.074: (calibrate rover2 camera2 objective5 waypoint2)
33.746: (calibrate rover2 camera3 objective3 waypoint2)
34.084: (navigate rover0 waypoint24 waypoint20)
34.408: (take_image rover2 waypoint2 objective5 camera3 high_res)
34.841: (take_image rover2 waypoint2 objective5 camera2 high_res)
34.436: (calibrate rover2 camera3 objective3 waypoint2)
34.099: (navigate rover0 waypoint20 waypoint24)
34.472: (navigate rover0 waypoint24 waypoint11)
34.069: (communicate_image_data rover0 general objective4 colour waypoint11 waypoint36)
33.743: (calibrate rover2 camera2 objective5 waypoint2)
33.440: (navigate rover0 waypoint11 waypoint24)
33.682: (navigate rover0 waypoint24 waypoint20)
34.005: (take_image rover2 waypoint2 objective3 camera2 low_res)
33.764: (navigate rover0 waypoint20 waypoint24)
34.177: (take_image rover2 waypoint2 objective5 camera3 high_res)
33.778: (calibrate rover2 camera2 objective5 waypoint2)
34.017: (navigate rover0 waypoint24 waypoint20)
34.423: (take_image rover2 waypoint2 objective5 camera2 low_res)
35.473: (take_image rover1 waypoint12 objective5 camera4 high_res)
34.481: (calibrate rover2 camera2 objective5 waypoint2)
34.142: (calibrate rover2 camera3 objective3 waypoint2)
33.893: (navigate rover0 waypoint20 waypoint24)
34.187: (navigate rover0 waypoint24 waypoint11)
34.518: (take_image rover2 waypoint2 objective5 camera3 high_res)
34.071: (calibrate rover1 camera4 objective1 waypoint12)
34.477: (take_image rover2 waypoint2 objective3 camera2 low_res)
35.528: (take_image rover1 waypoint12 objective1 camera4 low_res)
34.706: (calibrate rover2 camera3 objective3 waypoint2)
34.415: (navigate rover0 waypoint11 waypoint24)
34.658: (navigate rover0 waypoint24 waypoint20)
35.675: (navigate rover2 waypoint2 waypoint3)
35.037: (calibrate rover1 camera4 objective1 waypoint12)
34.565: (calibrate rover2 camera0 objective1 waypoint3)
33.536: (navigate rover2 waypoint3 waypoint2)
33.167: (calibrate rover2 camera2 objective5 waypoint2)
32.922: (navigate rover0 waypoint20 waypoint24)
33.223: (navigate rover0 waypoint24 waypoint11)
33.551: (take_image rover2 waypoint2 objective5 camera3 high_res)
33.258: (navigate rover0 waypoint11 waypoint24)
33.499: (navigate rover0 waypoint24 waypoint20)
33.871: (take_image rover2 waypoint2 objective5 camera2 low_res)
33.627: (navigate rover0 waypoint20 waypoint24)
33.288: (calibrate rover2 camera3 objective3 waypoint2)
33.588: (navigate rover0 waypoint24 waypoint11)
33.918: (take_image rover2 waypoint2 objective3 camera3 high_res)
34.861: (take_image rover1 waypoint12 objective1 camera4 low_res)
33.966: (calibrate rover2 camera2 objective5 waypoint2)
33.641: (calibrate rover2 camera3 objective3 waypoint2)
33.352: (navigate rover0 waypoint11 waypoint24)
33.604: (navigate rover0 waypoint24 waypoint20)
33.937: (take_image rover2 waypoint2 objective3 camera3 high_res)
33.685: (navigate rover0 waypoint20 waypoint24)
34.144: (navigate rover0 waypoint24 waypoint39)
33.695: (calibrate rover1 camera4 objective1 waypoint12)
33.368: (calibrate rover2 camera3 objective3 waypoint2)
33.050: (navigate rover0 waypoint39 waypoint9)
32.305: (navigate rover0 waypoint9 waypoint28)
31.876: (calibrate rover0 camera5 objective0 waypoint28)
32.199: (take_image rover2 waypoint2 objective5 camera0 colour)
32.528: (take_image rover2 waypoint2 objective3 camera2 high_res)
32.932: (take_image rover2 waypoint2 objective5 camera3 high_res)
32.537: (calibrate rover2 camera2 objective5 waypoint2)
32.945: (take_image rover1 waypoint12 objective1 camera4 high_res)
32.608: (calibrate rover2 camera3 objective3 waypoint2)
32.932: (take_image rover2 waypoint2 objective5 camera2 low_res)
33.339: (take_image rover2 waypoint2 objective5 camera3 high_res)
34.070: (navigate rover0 waypoint28 waypoint9)
33.658: (calibrate rover1 camera4 objective1 waypoint12)
33.254: (calibrate rover2 camera3 objective3 waypoint2)
32.935: (calibrate rover2 camera2 objective5 waypoint2)
32.920: (navigate rover0 waypoint9 waypoint6)
32.611: (navigate rover0 waypoint6 waypoint1)
32.930: (take_image rover2 waypoint2 objective5 camera2 high_res)
33.240: (navigate rover0 waypoint1 waypoint6)
33.324: (navigate rover0 waypoint6 waypoint25)
32.998: (calibrate rover2 camera2 objective5 waypoint2)
33.329: (take_image rover2 waypoint2 objective3 camera3 high_res)
33.251: (navigate rover0 waypoint25 waypoint6)
32.941: (navigate rover0 waypoint6 waypoint1)
33.334: (take_image rover2 waypoint2 objective5 camera2 high_res)
33.644: (navigate rover0 waypoint1 waypoint6)
33.730: (navigate rover0 waypoint6 waypoint25)
34.142: (take_image rover1 waypoint12 objective5 camera4 low_res)
33.732: (calibrate rover2 camera3 objective3 waypoint2)
33.409: (calibrate rover2 camera2 objective5 waypoint2)
33.334: (navigate rover0 waypoint25 waypoint6)
33.018: (navigate rover0 waypoint6 waypoint1)
33.334: (take_image rover2 waypoint2 objective5 camera2 low_res)
33.650: (navigate rover0 waypoint1 waypoint6)
33.664: (navigate rover0 waypoint6 waypoint9)
33.347: (calibrate rover2 camera2 objective5 waypoint2)
33.578: (navigate rover0 waypoint9 waypoint37)
33.163: (calibrate rover1 camera4 objective1 waypoint12)
33.486: (take_image rover2 waypoint2 objective5 camera2 high_res)
33.885: (take_image rover2 waypoint2 objective3 camera3 high_res)
33.491: (calibrate rover2 camera2 objective5 waypoint2)
33.266: (navigate rover0 waypoint37 waypoint9)
33.570: (navigate rover0 waypoint9 waypoint39)
33.154: (navigate rover0 waypoint39 waypoint24)
32.824: (calibrate rover2 camera3 objective3 waypoint2)
33.042: (navigate rover0 waypoint24 waypoint20)
33.366: (take_image rover2 waypoint2 objective3 camera2 high_res)
33.142: (navigate rover0 waypoint20 waypoint24)
33.421: (navigate rover0 waypoint24 waypoint11)
33.102: (calibrate rover2 camera2 objective5 waypoint2)
33.426: (take_image rover2 waypoint2 objective3 camera3 high_res)
33.820: (take_image rover2 waypoint2 objective3 camera2 high_res)
33.542: (navigate rover0 waypoint11 waypoint24)
33.772: (navigate rover0 waypoint24 waypoint20)
33.373: (calibrate rover2 camera2 objective5 waypoint2)
33.790: (take_image rover1 waypoint12 objective5 camera4 high_res)
33.459: (calibrate rover2 camera3 objective3 waypoint2)
33.229: (navigate rover0 waypoint20 waypoint24)
33.504: (navigate rover0 waypoint24 waypoint11)
33.823: (take_image rover2 waypoint2 objective3 camera2 high_res)
33.545: (navigate rover0 waypoint11 waypoint24)
33.779: (navigate rover0 waypoint24 waypoint20)
34.187: (take_image rover2 waypoint2 objective3 camera3 high_res)
33.948: (navigate rover0 waypoint20 waypoint24)
33.559: (calibrate rover2 camera2 objective5 waypoint2)
33.827: (navigate rover0 waypoint24 waypoint11)
34.223: (take_image rover2 waypoint2 objective3 camera2 low_res)
35.202: (navigate rover2 waypoint2 waypoint5)
34.822: (calibrate rover1 camera4 objective1 waypoint12)
34.607: (navigate rover0 waypoint11 waypoint24)
34.866: (navigate rover0 waypoint24 waypoint20)
35.254: (take_image rover1 waypoint12 objective5 camera4 high_res)
34.991: (navigate rover0 waypoint20 waypoint24)
35.284: (navigate rover0 waypoint24 waypoint30)
34.422: (navigate rover2 waypoint5 waypoint2)
34.005: (calibrate rover1 camera4 objective1 waypoint12)
33.601: (calibrate rover2 camera3 objective3 waypoint2)
33.282: (calibrate rover2 camera2 objective5 waypoint2)
33.612: (take_image rover2 waypoint2 objective5 camera3 high_res)
34.030: (take_image rover1 waypoint12 objective1 camera4 low_res)
33.699: (calibrate rover2 camera3 objective3 waypoint2)
34.014: (take_image rover2 waypoint2 objective5 camera2 high_res)
34.861: (take_image rover0 waypoint30 objective3 camera5 high_res)
33.999: (calibrate rover0 camera5 objective0 waypoint30)
33.510: (navigate rover0 waypoint30 waypoint24)
33.106: (calibrate rover1 camera4 objective1 waypoint12)
32.788: (calibrate rover2 camera2 objective5 waypoint2)
33.027: (navigate rover0 waypoint24 waypoint20)
33.350: (take_image rover2 waypoint2 objective3 camera2 high_res)
33.752: (take_image rover2 waypoint2 objective3 camera3 high_res)
33.354: (calibrate rover2 camera2 objective5 waypoint2)
33.121: (navigate rover0 waypoint20 waypoint24)
33.409: (navigate rover0 waypoint24 waypoint11)
33.087: (calibrate rover2 camera3 objective3 waypoint2)
33.047: (communicate_image_data rover0 general objective3 high_res waypoint11 waypoint36)
32.743: (navigate rover0 waypoint11 waypoint24)
32.986: (navigate rover0 waypoint24 waypoint20)
33.307: (take_image rover2 waypoint2 objective5 camera3 high_res)
33.064: (navigate rover0 waypoint20 waypoint24)
33.366: (navigate rover0 waypoint24 waypoint11)
33.759: (take_image rover2 waypoint2 objective5 camera2 low_res)
33.365: (calibrate rover2 camera3 objective3 waypoint2)
33.059: (navigate rover0 waypoint11 waypoint24)
33.309: (navigate rover0 waypoint24 waypoint20)
33.704: (take_image rover2 waypoint2 objective5 camera3 high_res)
33.451: (navigate rover0 waypoint20 waypoint24)
33.855: (take_image rover1 waypoint12 objective5 camera4 high_res)
33.461: (calibrate rover2 camera3 objective3 waypoint2)
33.146: (calibrate rover2 camera2 objective5 waypoint2)
33.401: (navigate rover0 waypoint24 waypoint20)
33.721: (take_image rover2 waypoint2 objective5 camera2 high_res)
34.117: (take_image rover2 waypoint2 objective3 camera3 high_res)
33.722: (calibrate rover2 camera2 objective5 waypoint2)
33.468: (navigate rover0 waypoint20 waypoint24)
33.765: (navigate rover0 waypoint24 waypoint11)
33.446: (calibrate rover2 camera3 objective3 waypoint2)
33.764: (take_image rover2 waypoint2 objective3 camera2 high_res)
34.160: (take_image rover2 waypoint2 objective5 camera3 high_res)
35.145: (navigate rover2 waypoint2 waypoint5)
34.768: (calibrate rover1 camera4 objective1 waypoint12)
34.528: (navigate rover0 waypoint11 waypoint24)
34.795: (navigate rover0 waypoint24 waypoint20)
35.182: (take_image rover1 waypoint12 objective5 camera4 high_res)
34.908: (navigate rover0 waypoint20 waypoint24)
35.212: (navigate rover0 waypoint24 waypoint30)
34.344: (navigate rover2 waypoint5 waypoint2)
33.930: (calibrate rover1 camera4 objective1 waypoint12)
33.539: (calibrate rover2 camera3 objective3 waypoint2)
33.223: (calibrate rover2 camera2 objective5 waypoint2)
33.540: (take_image rover2 waypoint2 objective3 camera3 high_res)
33.955: (take_image rover1 waypoint12 objective1 camera4 high_res)
33.638: (calibrate rover2 camera3 objective3 waypoint2)
33.952: (take_image rover2 waypoint2 objective3 camera2 low_res)
34.782: (take_image rover0 waypoint30 objective1 camera5 colour)
33.953: (calibrate rover0 camera5 objective0 waypoint30)
33.462: (navigate rover0 waypoint30 waypoint24)
33.060: (calibrate rover1 camera4 objective1 waypoint12)
32.744: (calibrate rover2 camera2 objective5 waypoint2)
32.986: (navigate rover0 waypoint24 waypoint20)
33.308: (take_image rover2 waypoint2 objective5 camera3 high_res)
33.065: (navigate rover0 waypoint20 waypoint24)
33.366: (navigate rover0 waypoint24 waypoint11)
33.048: (calibrate rover2 camera3 objective3 waypoint2)
33.352: (communicate_image_data rover0 general objective1 colour waypoint11 waypoint36)
33.112: (navigate rover0 waypoint11 waypoint24)
33.282: (take_image rover1 waypoint12 objective1 camera4 low_res)
33.532: (navigate rover0 waypoint24 waypoint11)
33.832: (take_image rover2 waypoint2 objective5 camera2 low_res)
33.580: (navigate rover0 waypoint11 waypoint24)
33.415: (calibrate rover1 camera4 objective1 waypoint12)
33.658: (navigate rover0 waypoint24 waypoint11)
34.048: (take_image rover2 waypoint2 objective3 camera3 high_res)
33.675: (calibrate rover2 camera2 objective5 waypoint2)
33.433: (navigate rover0 waypoint11 waypoint24)
33.592: (take_image rover1 waypoint12 objective1 camera4 low_res)
33.841: (navigate rover0 waypoint24 waypoint11)
34.217: (take_image rover2 waypoint2 objective3 camera2 high_res)
33.959: (navigate rover0 waypoint11 waypoint24)
33.797: (calibrate rover1 camera4 objective1 waypoint12)
34.086: (navigate rover0 waypoint24 waypoint20)
33.692: (calibrate rover2 camera3 objective3 waypoint2)
33.382: (calibrate rover2 camera2 objective5 waypoint2)
33.569: (take_image rover1 waypoint12 objective5 camera4 high_res)
33.872: (take_image rover2 waypoint2 objective3 camera2 high_res)
34.261: (take_image rover2 waypoint2 objective3 camera3 high_res)
33.884: (calibrate rover2 camera2 objective5 waypoint2)
33.710: (calibrate rover1 camera4 objective1 waypoint12)
34.170: (take_image rover0 waypoint20 objective2 camera5 low_res)
33.792: (navigate rover0 waypoint20 waypoint24)
33.472: (calibrate rover2 camera3 objective3 waypoint2)
33.737: (take_image rover1 waypoint12 objective1 camera4 high_res)
34.056: (take_image rover2 waypoint2 objective5 camera3 high_res)
34.383: (navigate rover0 waypoint24 waypoint11)
34.068: (calibrate rover2 camera3 objective3 waypoint2)
33.814: (calibrate rover1 camera4 objective1 waypoint12)
33.614: (communicate_image_data rover0 general objective2 low_res waypoint11 waypoint36)
33.325: (navigate rover0 waypoint11 waypoint24)
33.624: (take_image rover1 waypoint12 objective1 camera4 low_res)
33.893: (navigate rover0 waypoint24 waypoint11)
34.203: (take_image rover2 waypoint2 objective3 camera3 high_res)
33.922: (calibrate rover1 camera4 objective1 waypoint12)
33.639: (navigate rover0 waypoint11 waypoint24)
33.937: (take_image rover1 waypoint12 objective1 camera4 high_res)
34.260: (navigate rover0 waypoint24 waypoint20)
33.949: (calibrate rover2 camera3 objective3 waypoint2)
33.646: (calibrate rover1 camera4 objective1 waypoint12)
33.955: (take_image rover2 waypoint2 objective3 camera3 high_res)
34.370: (take_image rover2 waypoint2 objective5 camera2 low_res)
33.964: (calibrate rover2 camera3 objective3 waypoint2)
33.643: (navigate rover0 waypoint20 waypoint24)
33.929: (navigate rover0 waypoint24 waypoint11)
34.331: (take_image rover2 waypoint2 objective3 camera3 high_res)
34.046: (navigate rover0 waypoint11 waypoint24)
34.552: (navigate rover0 waypoint24 waypoint39)
34.140: (calibrate rover2 camera2 objective5 waypoint2)
33.739: (navigate rover0 waypoint39 waypoint9)
33.070: (navigate rover0 waypoint9 waypoint28)
32.544: (calibrate rover0 camera5 objective0 waypoint28)
32.213: (calibrate rover2 camera3 objective3 waypoint2)
32.392: (take_image rover1 waypoint12 objective5 camera4 high_res)
32.715: (take_image rover2 waypoint2 objective3 camera3 high_res)
33.130: (take_image rover2 waypoint2 objective5 camera2 low_res)
32.723: (calibrate rover2 camera3 objective3 waypoint2)
32.550: (calibrate rover1 camera4 objective1 waypoint12)
32.958: (take_image rover2 waypoint2 objective3 camera3 high_res)
33.456: (take_image rover0 waypoint28 objective2 camera5 high_res)
32.939: (calibrate rover0 camera5 objective0 waypoint28)
32.524: (calibrate rover2 camera2 objective5 waypoint2)
32.196: (calibrate rover2 camera3 objective3 waypoint2)
32.375: (take_image rover1 waypoint12 objective5 camera4 high_res)
32.695: (take_image rover2 waypoint2 objective5 camera3 high_res)
33.110: (take_image rover2 waypoint2 objective3 camera2 high_res)
32.705: (calibrate rover2 camera3 objective3 waypoint2)
32.532: (calibrate rover1 camera4 objective1 waypoint12)
33.048: (take_image rover0 waypoint28 objective0 camera5 low_res)
32.723: (calibrate rover2 camera2 objective5 waypoint2)
33.025: (take_image rover1 waypoint12 objective5 camera4 high_res)
33.343: (take_image rover2 waypoint2 objective5 camera3 high_res)
33.046: (calibrate rover1 camera4 objective1 waypoint12)
33.743: (navigate rover0 waypoint28 waypoint9)
33.211: (calibrate rover0 camera5 objective0 waypoint9)
32.895: (calibrate rover2 camera3 objective3 waypoint2)
32.953: (navigate rover0 waypoint9 waypoint6)
32.581: (navigate rover0 waypoint6 waypoint1)
32.759: (take_image rover1 waypoint12 objective1 camera4 high_res)
33.069: (take_image rover2 waypoint2 objective3 camera3 high_res)
32.893: (calibrate rover1 camera4 objective1 waypoint12)
33.269: (navigate rover0 waypoint1 waypoint6)
33.338: (navigate rover0 waypoint6 waypoint25)
33.016: (calibrate rover2 camera3 objective3 waypoint2)
33.209: (take_image rover1 waypoint12 objective1 camera4 low_res)
33.140: (navigate rover0 waypoint25 waypoint6)
33.076: (navigate rover0 waypoint6 waypoint9)
33.363: (navigate rover0 waypoint9 waypoint37)
33.170: (calibrate rover1 camera4 objective1 waypoint12)
33.491: (take_image rover2 waypoint2 objective3 camera3 high_res)
33.676: (take_image rover1 waypoint12 objective5 camera4 low_res)
33.389: (navigate rover0 waypoint37 waypoint9)
33.451: (navigate rover0 waypoint9 waypoint6)
33.523: (navigate rover0 waypoint6 waypoint25)
33.948: (take_image rover2 waypoint2 objective5 camera2 high_res)
33.541: (calibrate rover2 camera3 objective3 waypoint2)
33.353: (calibrate rover1 camera4 objective1 waypoint12)
33.284: (navigate rover0 waypoint25 waypoint6)
32.910: (navigate rover0 waypoint6 waypoint1)
33.090: (take_image rover1 waypoint12 objective1 camera4 high_res)
33.472: (navigate rover0 waypoint1 waypoint6)
33.406: (navigate rover0 waypoint6 waypoint9)
33.222: (calibrate rover1 camera4 objective1 waypoint12)
33.501: (navigate rover0 waypoint9 waypoint37)
33.692: (take_image rover1 waypoint12 objective1 camera4 high_res)
34.091: (take_image rover2 waypoint2 objective5 camera3 high_res)
33.806: (navigate rover0 waypoint37 waypoint9)
33.625: (calibrate rover1 camera4 objective1 waypoint12)
33.683: (navigate rover0 waypoint9 waypoint6)
33.307: (navigate rover0 waypoint6 waypoint1)
33.486: (take_image rover1 waypoint12 objective5 camera4 high_res)
33.868: (navigate rover0 waypoint1 waypoint6)
34.056: (navigate rover0 waypoint6 waypoint21)
33.636: (calibrate rover2 camera2 objective5 waypoint2)
33.324: (calibrate rover2 camera3 objective3 waypoint2)
33.137: (calibrate rover1 camera4 objective1 waypoint12)
33.450: (take_image rover2 waypoint2 objective3 camera3 high_res)
33.868: (take_image rover2 waypoint2 objective3 camera2 high_res)
33.465: (calibrate rover2 camera3 objective3 waypoint2)
33.654: (take_image rover1 waypoint12 objective1 camera4 high_res)
34.422: (take_image rover0 waypoint21 objective1 camera5 colour)
33.977: (calibrate rover2 camera2 objective5 waypoint2)
33.663: (calibrate rover1 camera4 objective1 waypoint12)
33.505: (navigate rover0 waypoint21 waypoint6)
33.107: (navigate rover0 waypoint6 waypoint1)
33.405: (take_image rover1 waypoint12 objective1 camera4 high_res)
33.711: (take_image rover2 waypoint2 objective5 camera3 high_res)
33.414: (calibrate rover1 camera4 objective1 waypoint12)
33.810: (navigate rover0 waypoint1 waypoint6)
33.856: (navigate rover0 waypoint6 waypoint25)
33.546: (calibrate rover2 camera3 objective3 waypoint2)
33.860: (take_image rover1 waypoint12 objective1 camera4 high_res)
33.812: (navigate rover0 waypoint25 waypoint6)
33.732: (navigate rover0 waypoint6 waypoint9)
33.435: (calibrate rover1 camera4 objective1 waypoint12)
33.713: (navigate rover0 waypoint9 waypoint37)
34.013: (take_image rover1 waypoint12 objective5 camera4 low_res)
34.320: (take_image rover2 waypoint2 objective3 camera3 high_res)
34.018: (calibrate rover1 camera4 objective1 waypoint12)
34.427: (take_image rover2 waypoint2 objective3 camera2 low_res)
34.029: (calibrate rover2 camera3 objective3 waypoint2)
33.751: (navigate rover0 waypoint37 waypoint9)
33.823: (navigate rover0 waypoint9 waypoint6)
33.427: (navigate rover0 waypoint6 waypoint1)
33.826: (take_image rover2 waypoint2 objective3 camera3 high_res)
34.221: (navigate rover0 waypoint1 waypoint6)
34.153: (navigate rover0 waypoint6 waypoint9)
34.504: (navigate rover0 waypoint9 waypoint17)
34.091: (calibrate rover2 camera2 objective5 waypoint2)
33.785: (calibrate rover2 camera3 objective3 waypoint2)
33.573: (navigate rover0 waypoint17 waypoint5)
33.869: (take_image rover1 waypoint12 objective5 camera4 high_res)
34.085: (navigate rover0 waypoint5 waypoint17)
34.391: (take_image rover2 waypoint2 objective5 camera3 high_res)
34.040: (navigate rover0 waypoint17 waypoint9)
34.117: (navigate rover0 waypoint9 waypoint6)
34.170: (navigate rover0 waypoint6 waypoint25)
34.984: (navigate rover2 waypoint2 waypoint5)
34.308: (calibrate rover0 camera5 objective0 waypoint25)
34.134: (calibrate rover1 camera4 objective1 waypoint12)
34.403: (navigate rover0 waypoint25 waypoint6)
33.951: (navigate rover0 waypoint6 waypoint1)
34.123: (take_image rover1 waypoint12 objective5 camera4 high_res)
34.554: (take_image rover2 waypoint5 objective2 camera2 high_res)
33.471: (navigate rover2 waypoint5 waypoint2)
33.053: (calibrate rover2 camera2 objective5 waypoint2)
32.744: (calibrate rover2 camera3 objective3 waypoint2)
32.567: (calibrate rover1 camera4 objective1 waypoint12)
32.880: (take_image rover2 waypoint2 objective3 camera3 high_res)
33.258: (navigate rover0 waypoint1 waypoint6)
32.942: (calibrate rover2 camera3 objective3 waypoint2)
32.883: (navigate rover0 waypoint6 waypoint9)
32.183: (navigate rover0 waypoint9 waypoint28)
32.360: (take_image rover1 waypoint12 objective1 camera4 low_res)
32.680: (take_image rover2 waypoint2 objective5 camera3 high_res)
32.510: (calibrate rover1 camera4 objective1 waypoint12)
32.923: (take_image rover2 waypoint2 objective5 camera2 high_res)
32.518: (calibrate rover2 camera3 objective3 waypoint2)
32.691: (take_image rover1 waypoint12 objective1 camera4 high_res)
33.094: (take_image rover2 waypoint2 objective5 camera3 high_res)
33.795: (navigate rover0 waypoint28 waypoint9)
33.377: (calibrate rover2 camera2 objective5 waypoint2)
33.064: (calibrate rover2 camera3 objective3 waypoint2)
33.127: (navigate rover0 waypoint9 waypoint6)
33.195: (navigate rover0 waypoint6 waypoint25)
33.003: (calibrate rover1 camera4 objective1 waypoint12)
33.326: (take_image rover2 waypoint2 objective3 camera3 high_res)
33.510: (take_image rover1 waypoint12 objective1 camera4 low_res)
33.439: (navigate rover0 waypoint25 waypoint6)
33.622: (navigate rover0 waypoint6 waypoint21)
33.308: (calibrate rover2 camera3 objective3 waypoint2)
33.122: (calibrate rover1 camera4 objective1 waypoint12)
33.437: (take_image rover2 waypoint2 objective5 camera3 high_res)
33.854: (take_image rover2 waypoint2 objective5 camera2 low_res)
33.450: (calibrate rover2 camera3 objective3 waypoint2)
33.271: (navigate rover0 waypoint21 waypoint6)
32.895: (navigate rover0 waypoint6 waypoint1)
33.075: (take_image rover1 waypoint12 objective1 camera4 high_res)
33.459: (navigate rover0 waypoint1 waypoint6)
33.393: (navigate rover0 waypoint6 waypoint9)
33.210: (calibrate rover1 camera4 objective1 waypoint12)
33.488: (navigate rover0 waypoint9 waypoint37)
33.157: (calibrate rover2 camera2 objective5 waypoint2)
33.350: (take_image rover1 waypoint12 objective1 camera4 high_res)
33.661: (take_image rover2 waypoint2 objective5 camera3 high_res)
33.476: (calibrate rover1 camera4 objective1 waypoint12)
33.200: (navigate rover0 waypoint37 waypoint9)
33.533: (navigate rover0 waypoint9 waypoint17)
33.216: (calibrate rover2 camera3 objective3 waypoint2)
33.005: (navigate rover0 waypoint17 waypoint5)
33.194: (take_image rover1 waypoint12 objective5 camera4 low_res)
33.403: (navigate rover0 waypoint5 waypoint17)
33.717: (take_image rover2 waypoint2 objective5 camera3 high_res)
33.505: (navigate rover0 waypoint17 waypoint5)
33.324: (calibrate rover1 camera4 objective1 waypoint12)
33.732: (take_image rover2 waypoint2 objective3 camera2 high_res)
33.334: (calibrate rover2 camera3 objective3 waypoint2)
33.521: (take_image rover1 waypoint12 objective5 camera4 high_res)
33.732: (navigate rover0 waypoint5 waypoint17)
33.541: (calibrate rover1 camera4 objective1 waypoint12)
33.950: (take_image rover2 waypoint2 objective5 camera3 high_res)
33.614: (navigate rover0 waypoint17 waypoint9)
33.672: (navigate rover0 waypoint9 waypoint6)
33.293: (navigate rover0 waypoint6 waypoint1)
33.818: (take_image rover0 waypoint1 objective3 camera5 colour)
33.405: (calibrate rover2 camera2 objective5 waypoint2)
33.101: (calibrate rover2 camera3 objective3 waypoint2)
33.396: (take_image rover1 waypoint12 objective1 camera4 low_res)
33.701: (take_image rover2 waypoint2 objective5 camera3 high_res)
34.110: (navigate rover0 waypoint1 waypoint6)
33.806: (calibrate rover1 camera4 objective1 waypoint12)
33.501: (calibrate rover2 camera3 objective3 waypoint2)
33.432: (navigate rover0 waypoint6 waypoint9)
32.717: (navigate rover0 waypoint9 waypoint28)
33.017: (take_image rover1 waypoint12 objective1 camera4 high_res)
33.333: (take_image rover2 waypoint2 objective5 camera3 high_res)
33.038: (calibrate rover1 camera4 objective1 waypoint12)
33.449: (take_image rover2 waypoint2 objective3 camera2 low_res)
33.043: (calibrate rover2 camera3 objective3 waypoint2)
33.474: (take_image rover1 waypoint12 objective5 camera4 high_res)
34.156: (take_image rover2 waypoint2 objective3 camera3 high_res)
34.840: (navigate rover0 waypoint28 waypoint9)
34.033: (calibrate rover2 camera2 objective5 waypoint2)
33.727: (calibrate rover2 camera3 objective3 waypoint2)
33.806: (navigate rover0 waypoint9 waypoint6)
33.854: (navigate rover0 waypoint6 waypoint25)
33.542: (calibrate rover1 camera4 objective1 waypoint12)
33.850: (take_image rover2 waypoint2 objective3 camera3 high_res)
34.162: (take_image rover1 waypoint12 objective5 camera4 low_res)
34.979: (navigate rover2 waypoint2 waypoint5)
34.299: (calibrate rover0 camera5 objective0 waypoint25)
34.126: (calibrate rover1 camera4 objective1 waypoint12)
34.394: (navigate rover0 waypoint25 waypoint6)
33.942: (navigate rover0 waypoint6 waypoint1)
34.112: (take_image rover1 waypoint12 objective5 camera4 low_res)
34.554: (take_image rover2 waypoint5 objective2 camera2 low_res)
33.470: (navigate rover2 waypoint5 waypoint2)
33.051: (calibrate rover2 camera2 objective5 waypoint2)
32.742: (calibrate rover2 camera3 objective3 waypoint2)
32.566: (calibrate rover1 camera4 objective1 waypoint12)
32.878: (take_image rover2 waypoint2 objective5 camera3 high_res)
33.256: (navigate rover0 waypoint1 waypoint6)
32.939: (calibrate rover2 camera3 objective3 waypoint2)
32.881: (navigate rover0 waypoint6 waypoint9)
32.182: (navigate rover0 waypoint9 waypoint28)
32.358: (take_image rover1 waypoint12 objective5 camera4 high_res)
32.679: (take_image rover2 waypoint2 objective3 camera3 high_res)
32.509: (calibrate rover1 camera4 objective1 waypoint12)
32.922: (take_image rover2 waypoint2 objective5 camera2 low_res)
32.517: (calibrate rover2 camera3 objective3 waypoint2)
32.689: (take_image rover1 waypoint12 objective5 camera4 low_res)
33.093: (take_image rover2 waypoint2 objective5 camera3 high_res)
33.793: (navigate rover0 waypoint28 waypoint9)
33.374: (calibrate rover2 camera2 objective5 waypoint2)
33.061: (calibrate rover2 camera3 objective3 waypoint2)
33.124: (navigate rover0 waypoint9 waypoint6)
33.192: (navigate rover0 waypoint6 waypoint25)
33.000: (calibrate rover1 camera4 objective1 waypoint12)
33.323: (take_image rover2 waypoint2 objective5 camera3 high_res)
33.508: (take_image rover1 waypoint12 objective5 camera4 high_res)
33.437: (navigate rover0 waypoint25 waypoint6)
33.620: (navigate rover0 waypoint6 waypoint21)
33.305: (calibrate rover2 camera3 objective3 waypoint2)
33.119: (calibrate rover1 camera4 objective1 waypoint12)
33.435: (take_image rover2 waypoint2 objective3 camera3 high_res)
33.853: (take_image rover2 waypoint2 objective3 camera2 high_res)
33.448: (calibrate rover2 camera3 objective3 waypoint2)
33.269: (navigate rover0 waypoint21 waypoint6)
32.893: (navigate rover0 waypoint6 waypoint1)
33.073: (take_image rover1 waypoint12 objective5 camera4 low_res)
33.456: (navigate rover0 waypoint1 waypoint6)
33.390: (navigate rover0 waypoint6 waypoint9)
33.207: (calibrate rover1 camera4 objective1 waypoint12)
33.484: (navigate rover0 waypoint9 waypoint37)
33.153: (calibrate rover2 camera2 objective5 waypoint2)
33.346: (take_image rover1 waypoint12 objective5 camera4 low_res)
33.659: (take_image rover2 waypoint2 objective5 camera3 high_res)
33.474: (calibrate rover1 camera4 objective1 waypoint12)
33.197: (navigate rover0 waypoint37 waypoint9)
33.531: (navigate rover0 waypoint9 waypoint17)
33.213: (calibrate rover2 camera3 objective3 waypoint2)
33.001: (navigate rover0 waypoint17 waypoint5)
33.191: (take_image rover1 waypoint12 objective1 camera4 low_res)
33.400: (navigate rover0 waypoint5 waypoint17)
33.716: (take_image rover2 waypoint2 objective3 camera3 high_res)
33.503: (navigate rover0 waypoint17 waypoint5)
33.321: (calibrate rover1 camera4 objective1 waypoint12)
33.730: (take_image rover2 waypoint2 objective5 camera2 high_res)
33.331: (calibrate rover2 camera3 objective3 waypoint2)
33.518: (take_image rover1 waypoint12 objective5 camera4 high_res)
33.729: (navigate rover0 waypoint5 waypoint17)
33.539: (calibrate rover1 camera4 objective1 waypoint12)
33.948: (take_image rover2 waypoint2 objective5 camera3 high_res)
33.612: (navigate rover0 waypoint17 waypoint9)
33.670: (navigate rover0 waypoint9 waypoint6)
33.293: (navigate rover0 waypoint6 waypoint1)
33.817: (take_image rover0 waypoint1 objective1 camera5 low_res)
33.404: (calibrate rover2 camera2 objective5 waypoint2)
33.100: (calibrate rover2 camera3 objective3 waypoint2)
33.393: (take_image rover1 waypoint12 objective1 camera4 low_res)
33.698: (take_image rover2 waypoint2 objective5 camera3 high_res)
34.108: (navigate rover0 waypoint1 waypoint6)
33.803: (calibrate rover2 camera3 objective3 waypoint2)
33.499: (calibrate rover1 camera4 objective1 waypoint12)
33.430: (navigate rover0 waypoint6 waypoint9)
32.716: (navigate rover0 waypoint9 waypoint28)
33.015: (take_image rover1 waypoint12 objective5 camera4 low_res)
33.332: (take_image rover2 waypoint2 objective5 camera3 high_res)
33.038: (calibrate rover1 camera4 objective1 waypoint12)
33.448: (take_image rover2 waypoint2 objective3 camera2 low_res)
33.042: (calibrate rover2 camera3 objective3 waypoint2)
33.464: (take_image rover1 waypoint12 objective1 camera4 high_res)
34.153: (take_image rover2 waypoint2 objective3 camera3 high_res)
34.836: (navigate rover0 waypoint28 waypoint9)
34.031: (calibrate rover2 camera2 objective5 waypoint2)
33.722: (calibrate rover2 camera3 objective3 waypoint2)
34.001: (navigate rover0 waypoint9 waypoint37)
33.704: (calibrate rover1 camera4 objective1 waypoint12)
34.007: (take_image rover2 waypoint2 objective5 camera3 high_res)
33.736: (navigate rover0 waypoint37 waypoint9)
33.804: (navigate rover0 waypoint9 waypoint6)
33.848: (navigate rover0 waypoint6 waypoint25)
33.539: (calibrate rover2 camera3 objective3 waypoint2)
33.850: (take_image rover1 waypoint12 objective1 camera4 low_res)
34.160: (take_image rover2 waypoint2 objective5 camera3 high_res)
34.979: (navigate rover2 waypoint2 waypoint5)
34.299: (calibrate rover0 camera5 objective0 waypoint25)
34.126: (calibrate rover1 camera4 objective1 waypoint12)
34.394: (navigate rover0 waypoint25 waypoint6)
33.942: (navigate rover0 waypoint6 waypoint1)
34.113: (take_image rover1 waypoint12 objective5 camera4 low_res)
34.567: (navigate rover0 waypoint1 waypoint6)
34.394: (navigate rover0 waypoint6 waypoint9)
33.518: (navigate rover0 waypoint9 waypoint28)
33.355: (calibrate rover1 camera4 objective1 waypoint12)
33.795: (take_image rover2 waypoint5 objective2 camera2 high_res)
33.956: (take_image rover1 waypoint12 objective1 camera4 high_res)
34.775: (navigate rover1 waypoint12 waypoint8)
33.197: (navigate rover1 waypoint8 waypoint7)
31.881: (communicate_image_data rover1 general objective3 low_res waypoint7 waypoint36)
31.073: (communicate_rock_data rover1 general waypoint8 waypoint7 waypoint36)
30.601: (communicate_image_data rover1 general objective2 high_res waypoint7 waypoint36)
30.374: (navigate rover2 waypoint5 waypoint2)
30.150: (calibrate rover2 camera2 objective5 waypoint2)
30.146: (calibrate rover2 camera3 objective3 waypoint2)
30.146: (communicate_image_data rover1 general objective5 high_res waypoint7 waypoint36)
30.043: (calibrate rover1 camera4 objective1 waypoint7)
30.060: (communicate_image_data rover1 general objective5 low_res waypoint7 waypoint36)
30.108: (navigate rover1 waypoint7 waypoint5)
29.994: (calibrate rover1 camera1 objective2 waypoint5)
29.933: (navigate rover1 waypoint5 waypoint7)
30.059: (take_image rover1 waypoint7 objective0 camera1 low_res)
30.112: (navigate rover1 waypoint7 waypoint5)
29.998: (calibrate rover1 camera1 objective2 waypoint5)
29.931: (navigate rover1 waypoint5 waypoint7)
30.059: (take_image rover1 waypoint7 objective3 camera1 high_res)
30.112: (navigate rover1 waypoint7 waypoint5)
29.998: (calibrate rover1 camera1 objective2 waypoint5)
29.931: (navigate rover1 waypoint5 waypoint7)
30.060: (take_image rover1 waypoint7 objective0 camera4 low_res)
30.118: (navigate rover1 waypoint7 waypoint5)
30.105: (take_image rover1 waypoint5 objective4 camera1 high_res)
29.988: (navigate rover1 waypoint5 waypoint7)
29.102: (communicate_image_data rover1 general objective4 high_res waypoint7 waypoint36)
29.060: (take_image rover2 waypoint2 objective3 camera3 high_res)
29.132: (calibrate rover1 camera4 objective1 waypoint7)
29.164: (calibrate rover2 camera3 objective3 waypoint2)
29.216: (take_image rover2 waypoint2 objective5 camera2 high_res)
29.152: (take_image rover1 waypoint7 objective3 camera4 low_res)
29.152: (take_image rover2 waypoint2 objective5 camera3 high_res)
29.225: (calibrate rover1 camera4 objective1 waypoint7)
29.302: (navigate rover1 waypoint7 waypoint5)
29.212: (calibrate rover2 camera2 objective5 waypoint2)
29.156: (take_image rover1 waypoint5 objective2 camera4 low_res)
29.061: (navigate rover1 waypoint5 waypoint7)
29.102: (calibrate rover2 camera3 objective3 waypoint2)
29.153: (take_image rover2 waypoint2 objective5 camera2 high_res)
29.152: (take_image rover2 waypoint2 objective5 camera3 high_res)
29.225: (calibrate rover1 camera4 objective1 waypoint7)
29.131: (calibrate rover2 camera2 objective5 waypoint2)
29.165: (calibrate rover2 camera3 objective3 waypoint2)
29.216: (take_image rover2 waypoint2 objective5 camera2 high_res)
29.291: (navigate rover1 waypoint7 waypoint5)
29.239: (calibrate rover2 camera2 objective5 waypoint2)
29.191: (take_image rover1 waypoint5 objective4 camera4 high_res)
29.181: (navigate rover1 waypoint5 waypoint28)
29.146: (take_image rover2 waypoint2 objective5 camera3 high_res)
29.216: (calibrate rover1 camera4 objective1 waypoint28)
29.212: (navigate rover1 waypoint28 waypoint5)
29.160: (take_image rover1 waypoint5 objective4 camera4 low_res)
29.065: (navigate rover1 waypoint5 waypoint7)
29.067: (communicate_image_data rover1 general objective4 low_res waypoint7 waypoint36)
29.109: (calibrate rover2 camera3 objective3 waypoint2)
29.161: (take_image rover2 waypoint2 objective3 camera2 high_res)
29.159: (take_image rover2 waypoint2 objective5 camera3 high_res)
29.232: (calibrate rover1 camera4 objective1 waypoint7)
29.139: (calibrate rover2 camera2 objective5 waypoint2)
29.171: (calibrate rover2 camera3 objective3 waypoint2)
29.224: (take_image rover2 waypoint2 objective3 camera2 high_res)
29.297: (navigate rover1 waypoint7 waypoint5)
29.244: (calibrate rover2 camera2 objective5 waypoint2)
29.196: (take_image rover1 waypoint5 objective4 camera4 high_res)
29.162: (take_image rover2 waypoint2 objective5 camera3 high_res)
29.154: (navigate rover1 waypoint5 waypoint28)
29.188: (calibrate rover2 camera3 objective3 waypoint2)
29.240: (take_image rover2 waypoint2 objective3 camera2 high_res)
29.245: (take_image rover2 waypoint2 objective3 camera3 high_res)
29.250: (navigate rover1 waypoint28 waypoint5)
29.248: (calibrate rover2 camera3 objective3 waypoint2)
29.326: (calibrate rover1 camera1 objective2 waypoint5)
29.254: (navigate rover1 waypoint5 waypoint7)
29.201: (calibrate rover2 camera2 objective5 waypoint2)
29.170: (take_image rover2 waypoint2 objective3 camera3 high_res)
29.205: (calibrate rover1 camera4 objective1 waypoint7)
29.235: (calibrate rover2 camera3 objective3 waypoint2)
29.287: (take_image rover2 waypoint2 objective3 camera2 high_res)
29.297: (take_image rover2 waypoint2 objective5 camera3 high_res)
29.263: (take_image rover1 waypoint7 objective3 camera4 low_res)
29.338: (navigate rover1 waypoint7 waypoint5)
29.247: (calibrate rover2 camera2 objective5 waypoint2)
29.254: (navigate rover1 waypoint5 waypoint28)
29.279: (calibrate rover2 camera3 objective3 waypoint2)
29.274: (navigate rover1 waypoint28 waypoint5)
29.616: (take_image rover0 waypoint28 objective0 camera5 colour)
29.511: (navigate rover1 waypoint5 waypoint7)
29.432: (take_image rover1 waypoint7 objective1 camera1 low_res)
29.406: (take_image rover2 waypoint2 objective3 camera3 high_res)
29.447: (calibrate rover1 camera4 objective1 waypoint7)
29.480: (calibrate rover2 camera3 objective3 waypoint2)
29.533: (take_image rover2 waypoint2 objective5 camera2 high_res)
29.530: (take_image rover1 waypoint7 objective1 camera4 high_res)
29.600: (take_image rover2 waypoint2 objective5 camera3 high_res)
29.542: (calibrate rover1 camera4 objective1 waypoint7)
29.650: (navigate rover1 waypoint7 waypoint5)
29.308: (calibrate rover0 camera5 objective0 waypoint28)
29.217: (calibrate rover2 camera2 objective5 waypoint2)
29.223: (navigate rover1 waypoint5 waypoint28)
29.248: (calibrate rover2 camera3 objective3 waypoint2)
29.302: (take_image rover2 waypoint2 objective3 camera2 high_res)
29.317: (take_image rover2 waypoint2 objective3 camera3 high_res)
29.378: (calibrate rover1 camera1 objective2 waypoint28)
29.284: (calibrate rover2 camera2 objective5 waypoint2)
29.288: (navigate rover1 waypoint28 waypoint5)
29.315: (calibrate rover2 camera3 objective3 waypoint2)
29.310: (navigate rover1 waypoint5 waypoint28)
29.359: (take_image rover2 waypoint2 objective5 camera2 low_res)
29.332: (take_image rover1 waypoint28 objective1 camera4 high_res)
29.349: (take_image rover2 waypoint2 objective3 camera3 high_res)
29.458: (navigate rover0 waypoint28 waypoint9)
29.357: (take_image rover1 waypoint28 objective0 camera1 high_res)
29.264: (calibrate rover2 camera2 objective5 waypoint2)
29.299: (calibrate rover2 camera3 objective3 waypoint2)
29.354: (take_image rover2 waypoint2 objective3 camera2 high_res)
29.413: (calibrate rover1 camera4 objective1 waypoint28)
29.356: (calibrate rover2 camera2 objective5 waypoint2)
29.329: (take_image rover2 waypoint2 objective5 camera3 high_res)
29.391: (calibrate rover1 camera1 objective2 waypoint28)
29.361: (take_image rover1 waypoint28 objective1 camera4 high_res)
29.386: (calibrate rover2 camera3 objective3 waypoint2)
29.415: (calibrate rover1 camera4 objective1 waypoint28)
29.468: (take_image rover2 waypoint2 objective5 camera2 low_res)
29.442: (take_image rover1 waypoint28 objective1 camera4 high_res)
29.709: (navigate rover0 waypoint9 waypoint6)
29.393: (navigate rover0 waypoint6 waypoint1)
29.304: (take_image rover1 waypoint28 objective2 camera1 low_res)
29.250: (calibrate rover2 camera2 objective5 waypoint2)
29.213: (take_image rover2 waypoint2 objective3 camera3 high_res)
29.280: (calibrate rover1 camera4 objective1 waypoint28)
29.308: (calibrate rover2 camera3 objective3 waypoint2)
29.363: (take_image rover2 waypoint2 objective3 camera2 high_res)
29.378: (take_image rover2 waypoint2 objective3 camera3 high_res)
29.307: (take_image rover1 waypoint28 objective1 camera4 high_res)
29.409: (calibrate rover1 camera1 objective2 waypoint28)
29.312: (calibrate rover2 camera2 objective5 waypoint2)
29.338: (calibrate rover2 camera3 objective3 waypoint2)
29.369: (calibrate rover1 camera4 objective1 waypoint28)
29.342: (take_image rover2 waypoint2 objective5 camera3 high_res)
29.438: (take_image rover2 waypoint2 objective5 camera2 low_res)
29.420: (calibrate rover2 camera3 objective3 waypoint2)
29.711: (take_image rover0 waypoint1 objective3 camera5 low_res)
29.653: (take_image rover1 waypoint28 objective2 camera1 low_res)
29.598: (calibrate rover2 camera2 objective5 waypoint2)
29.554: (take_image rover1 waypoint28 objective1 camera4 high_res)
29.532: (take_image rover2 waypoint2 objective3 camera3 high_res)
29.569: (calibrate rover1 camera4 objective1 waypoint28)
29.631: (calibrate rover1 camera1 objective2 waypoint28)
29.601: (take_image rover1 waypoint28 objective0 camera4 low_res)
29.629: (calibrate rover2 camera3 objective3 waypoint2)
29.657: (calibrate rover1 camera4 objective1 waypoint28)
30.010: (navigate rover0 waypoint1 waypoint6)
29.683: (calibrate rover0 camera5 objective0 waypoint6)
29.368: (navigate rover0 waypoint6 waypoint1)
29.307: (take_image rover1 waypoint28 objective0 camera1 low_res)
29.250: (take_image rover1 waypoint28 objective0 camera4 high_res)
29.213: (take_image rover2 waypoint2 objective3 camera3 high_res)
29.280: (calibrate rover1 camera4 objective1 waypoint28)
29.342: (calibrate rover1 camera1 objective2 waypoint28)
29.312: (take_image rover1 waypoint28 objective0 camera4 high_res)
29.338: (calibrate rover2 camera3 objective3 waypoint2)
29.393: (take_image rover2 waypoint2 objective3 camera2 low_res)
29.304: (take_image rover1 waypoint28 objective1 camera1 high_res)
29.307: (take_image rover2 waypoint2 objective3 camera3 high_res)
29.378: (calibrate rover1 camera4 objective1 waypoint28)
29.363: (calibrate rover2 camera3 objective3 waypoint2)
29.420: (calibrate rover1 camera1 objective2 waypoint28)
29.438: (take_image rover2 waypoint2 objective5 camera3 high_res)
29.408: (take_image rover1 waypoint28 objective1 camera4 high_res)
29.699: (take_image rover0 waypoint1 objective1 camera5 colour)
29.684: (calibrate rover2 camera3 objective3 waypoint2)
29.653: (take_image rover1 waypoint28 objective0 camera1 high_res)
29.729: (take_image rover2 waypoint2 objective3 camera3 high_res)
29.668: (calibrate rover1 camera4 objective1 waypoint28)
29.730: (calibrate rover1 camera1 objective2 waypoint28)
30.078: (navigate rover0 waypoint1 waypoint6)
29.748: (calibrate rover0 camera5 objective0 waypoint6)
[Final] Expanded: 1000, Generated: 27737
Failed to find a solution!
