/u/ibrahim.eisawy/Neural-Guided-Search/venv/lib/python3.10/site-packages/pymimir_rgnn/model.py:151: UserWarning: index_reduce() is in beta and the API may change at any time. (Triggered internally at /pytorch/aten/src/ATen/native/cuda/Indexing.cu:1541.)
  max_msg.index_reduce_(0, output_indices, output_messages, reduce='amax', include_self=True)
Torch: 2.12.0+cu130
Using GPU:  NVIDIA L40S
81.097: (calibrate rover1 camera3 objective2 waypoint13)
80.029: (calibrate rover2 camera4 objective0 waypoint26)
78.927: (sample_rock rover0 rover0store waypoint5)
77.781: (communicate_rock_data rover0 general waypoint5 waypoint5 waypoint17)
77.049: (navigate rover2 waypoint26 waypoint0)
76.293: (navigate rover2 waypoint0 waypoint16)
75.013: (sample_soil rover2 rover2store waypoint16)
74.059: (drop rover2 rover2store)
73.513: (drop rover0 rover0store)
73.004: (navigate rover1 waypoint13 waypoint9)
72.532: (navigate rover1 waypoint9 waypoint17)
71.635: (sample_soil rover1 rover1store waypoint17)
70.932: (calibrate rover1 camera1 objective1 waypoint17)
69.503: (take_image rover1 waypoint17 objective5 camera1 high_res)
68.689: (drop rover1 rover1store)
68.368: (navigate rover1 waypoint17 waypoint9)
67.476: (communicate_image_data rover1 general objective5 high_res waypoint9 waypoint17)
66.549: (communicate_soil_data rover1 general waypoint17 waypoint9 waypoint17)
66.215: (navigate rover1 waypoint9 waypoint15)
65.596: (sample_soil rover1 rover1store waypoint15)
64.593: (communicate_soil_data rover1 general waypoint15 waypoint15 waypoint17)
63.426: (drop rover1 rover1store)
63.229: (take_image rover1 waypoint15 objective2 camera3 colour)
62.303: (calibrate rover1 camera3 objective2 waypoint15)
61.577: (communicate_image_data rover1 general objective2 colour waypoint15 waypoint17)
61.469: (navigate rover1 waypoint15 waypoint9)
61.005: (calibrate rover1 camera2 objective0 waypoint9)
60.804: (take_image rover2 waypoint16 objective2 camera4 low_res)
60.404: (calibrate rover2 camera4 objective0 waypoint16)
60.230: (navigate rover1 waypoint9 waypoint14)
60.204: (navigate rover0 waypoint5 waypoint2)
59.232: (sample_rock rover0 rover0store waypoint2)
57.718: (communicate_rock_data rover0 general waypoint2 waypoint2 waypoint17)
56.935: (drop rover0 rover0store)
56.549: (navigate rover0 waypoint2 waypoint24)
55.643: (sample_rock rover0 rover0store waypoint24)
54.697: (drop rover0 rover0store)
54.298: (navigate rover0 waypoint24 waypoint2)
53.506: (communicate_rock_data rover0 general waypoint24 waypoint2 waypoint17)
52.944: (navigate rover0 waypoint2 waypoint5)
52.809: (navigate rover0 waypoint5 waypoint1)
51.396: (sample_rock rover0 rover0store waypoint1)
50.487: (drop rover0 rover0store)
49.914: (navigate rover0 waypoint1 waypoint5)
48.963: (communicate_rock_data rover0 general waypoint1 waypoint5 waypoint17)
49.173: (sample_rock rover2 rover2store waypoint16)
47.926: (drop rover2 rover2store)
47.390: (navigate rover2 waypoint16 waypoint0)
47.012: (navigate rover2 waypoint0 waypoint6)
45.969: (take_image rover2 waypoint6 objective4 camera4 low_res)
45.731: (sample_soil rover2 rover2store waypoint6)
44.444: (drop rover2 rover2store)
43.280: (navigate rover2 waypoint6 waypoint18)
42.983: (sample_rock rover2 rover2store waypoint18)
41.727: (drop rover2 rover2store)
41.726: (navigate rover0 waypoint5 waypoint11)
41.454: (navigate rover0 waypoint11 waypoint22)
41.636: (navigate rover0 waypoint22 waypoint25)
40.650: (sample_rock rover0 rover0store waypoint25)
39.647: (drop rover0 rover0store)
39.255: (navigate rover0 waypoint25 waypoint22)
39.098: (navigate rover0 waypoint22 waypoint11)
39.028: (navigate rover0 waypoint11 waypoint5)
38.126: (communicate_rock_data rover0 general waypoint25 waypoint5 waypoint17)
38.108: (navigate rover0 waypoint5 waypoint11)
38.247: (navigate rover0 waypoint11 waypoint22)
38.447: (navigate rover1 waypoint14 waypoint9)
37.993: (navigate rover1 waypoint9 waypoint15)
38.080: (navigate rover0 waypoint22 waypoint11)
38.135: (navigate rover0 waypoint11 waypoint5)
37.872: (navigate rover0 waypoint5 waypoint14)
35.931: (sample_rock rover0 rover0store waypoint14)
34.704: (drop rover0 rover0store)
33.748: (navigate rover0 waypoint14 waypoint19)
33.291: (sample_rock rover0 rover0store waypoint19)
32.173: (drop rover0 rover0store)
32.030: (navigate rover0 waypoint19 waypoint14)
31.088: (navigate rover0 waypoint14 waypoint26)
29.939: (sample_rock rover0 rover0store waypoint26)
29.148: (drop rover0 rover0store)
29.545: (navigate rover0 waypoint26 waypoint14)
28.744: (navigate rover0 waypoint14 waypoint5)
27.641: (communicate_rock_data rover0 general waypoint14 waypoint5 waypoint17)
26.522: (communicate_rock_data rover0 general waypoint26 waypoint5 waypoint17)
25.802: (communicate_rock_data rover0 general waypoint19 waypoint5 waypoint17)
26.194: (navigate rover0 waypoint5 waypoint14)
25.386: (calibrate rover0 camera0 objective3 waypoint14)
25.008: (navigate rover0 waypoint14 waypoint5)
24.397: (take_image rover0 waypoint5 objective4 camera0 colour)
24.497: (communicate_image_data rover0 general objective4 colour waypoint5 waypoint17)
24.903: (navigate rover0 waypoint5 waypoint14)
24.406: (calibrate rover0 camera0 objective3 waypoint14)
24.020: (navigate rover0 waypoint14 waypoint5)
24.285: (take_image rover1 waypoint15 objective3 camera2 low_res)
23.585: (communicate_image_data rover1 general objective3 low_res waypoint15 waypoint17)
23.932: (navigate rover0 waypoint5 waypoint14)
23.877: (navigate rover0 waypoint14 waypoint26)
24.159: (navigate rover2 waypoint18 waypoint6)
23.321: (navigate rover2 waypoint6 waypoint0)
23.673: (navigate rover2 waypoint0 waypoint26)
22.561: (navigate rover2 waypoint26 waypoint10)
22.044: (calibrate rover2 camera4 objective0 waypoint10)
21.776: (navigate rover2 waypoint10 waypoint1)
21.590: (sample_soil rover2 rover2store waypoint1)
19.849: (navigate rover2 waypoint1 waypoint10)
18.565: (drop rover2 rover2store)
18.120: (navigate rover2 waypoint10 waypoint28)
17.874: (take_image rover0 waypoint26 objective0 camera0 colour)
18.018: (sample_soil rover2 rover2store waypoint28)
16.684: (drop rover2 rover2store)
16.172: (navigate rover2 waypoint28 waypoint10)
15.311: (navigate rover2 waypoint10 waypoint8)
15.311: (sample_rock rover2 rover2store waypoint8)
14.024: (drop rover2 rover2store)
14.312: (navigate rover2 waypoint8 waypoint10)
13.633: (navigate rover2 waypoint10 waypoint26)
12.731: (navigate rover2 waypoint26 waypoint20)
12.866: (take_image rover2 waypoint20 objective1 camera4 low_res)
12.347: (calibrate rover2 camera4 objective0 waypoint20)
12.385: (take_image rover1 waypoint15 objective2 camera3 colour)
12.665: (navigate rover0 waypoint26 waypoint14)
12.409: (navigate rover0 waypoint14 waypoint19)
12.139: (calibrate rover1 camera3 objective2 waypoint15)
12.232: (sample_rock rover2 rover2store waypoint20)
10.894: (drop rover2 rover2store)
10.788: (navigate rover2 waypoint20 waypoint22)
10.876: (take_image rover1 waypoint15 objective2 camera3 colour)
11.007: (navigate rover2 waypoint22 waypoint20)
10.891: (navigate rover2 waypoint20 waypoint4)
10.828: (calibrate rover1 camera3 objective2 waypoint15)
10.916: (take_image rover1 waypoint15 objective3 camera3 colour)
10.848: (calibrate rover1 camera3 objective2 waypoint15)
10.837: (communicate_image_data rover1 general objective3 colour waypoint15 waypoint17)
10.779: (take_image rover2 waypoint4 objective0 camera4 low_res)
10.802: (calibrate rover2 camera4 objective0 waypoint4)
10.756: (take_image rover2 waypoint4 objective5 camera4 low_res)
10.770: (calibrate rover2 camera4 objective0 waypoint4)
10.760: (take_image rover2 waypoint4 objective3 camera4 low_res)
10.776: (calibrate rover2 camera4 objective0 waypoint4)
10.810: (navigate rover2 waypoint4 waypoint20)
10.700: (navigate rover2 waypoint20 waypoint22)
10.685: (take_image rover2 waypoint22 objective2 camera4 low_res)
10.807: (navigate rover2 waypoint22 waypoint20)
10.793: (navigate rover2 waypoint20 waypoint5)
9.660: (communicate_soil_data rover2 general waypoint1 waypoint5 waypoint17)
8.605: (communicate_soil_data rover2 general waypoint6 waypoint5 waypoint17)
7.556: (communicate_rock_data rover2 general waypoint20 waypoint5 waypoint17)
6.577: (communicate_soil_data rover2 general waypoint28 waypoint5 waypoint17)
5.621: (communicate_rock_data rover2 general waypoint8 waypoint5 waypoint17)
4.669: (communicate_rock_data rover2 general waypoint18 waypoint5 waypoint17)
3.751: (communicate_soil_data rover2 general waypoint16 waypoint5 waypoint17)
2.935: (communicate_rock_data rover2 general waypoint16 waypoint5 waypoint17)
2.946: (communicate_image_data rover2 general objective5 low_res waypoint5 waypoint17)
2.969: (navigate rover2 waypoint5 waypoint20)
2.940: (navigate rover2 waypoint20 waypoint22)
3.027: (take_image rover1 waypoint15 objective3 camera3 colour)
3.047: (navigate rover2 waypoint22 waypoint20)
3.027: (navigate rover2 waypoint20 waypoint4)
2.942: (calibrate rover1 camera3 objective2 waypoint15)
2.960: (calibrate rover2 camera4 objective0 waypoint4)
2.990: (navigate rover2 waypoint4 waypoint20)
2.951: (navigate rover2 waypoint20 waypoint5)
2.883: (communicate_image_data rover2 general objective1 low_res waypoint5 waypoint17)
2.764: (communicate_image_data rover2 general objective2 low_res waypoint5 waypoint17)
2.261: (communicate_image_data rover2 general objective4 low_res waypoint5 waypoint17)
2.240: (take_image rover2 waypoint5 objective4 camera4 low_res)
2.239: (communicate_image_data rover2 general objective0 low_res waypoint5 waypoint17)
2.285: (navigate rover2 waypoint5 waypoint20)
2.245: (navigate rover2 waypoint20 waypoint4)
2.263: (calibrate rover2 camera4 objective0 waypoint4)
2.302: (navigate rover2 waypoint4 waypoint20)
2.261: (navigate rover2 waypoint20 waypoint5)
2.500: (take_image rover1 waypoint15 objective3 camera3 colour)
2.475: (take_image rover2 waypoint5 objective1 camera4 low_res)
2.544: (navigate rover2 waypoint5 waypoint20)
2.498: (navigate rover2 waypoint20 waypoint4)
2.519: (calibrate rover2 camera4 objective0 waypoint4)
2.565: (navigate rover2 waypoint4 waypoint20)
2.566: (navigate rover2 waypoint20 waypoint22)
2.319: (calibrate rover1 camera3 objective2 waypoint15)
2.296: (take_image rover2 waypoint22 objective1 camera4 low_res)
2.541: (take_image rover1 waypoint15 objective2 camera3 colour)
3.028: (navigate rover0 waypoint19 waypoint14)
2.665: (navigate rover0 waypoint14 waypoint9)
2.367: (calibrate rover0 camera0 objective3 waypoint9)
2.292: (communicate_image_data rover0 general objective0 colour waypoint9 waypoint17)
2.171: (calibrate rover1 camera3 objective2 waypoint15)
2.161: (navigate rover2 waypoint22 waypoint20)
2.067: (navigate rover2 waypoint20 waypoint5)
2.181: (take_image rover1 waypoint15 objective3 camera3 colour)
2.286: (navigate rover2 waypoint5 waypoint20)
2.196: (navigate rover2 waypoint20 waypoint4)
2.082: (calibrate rover1 camera3 objective2 waypoint15)
2.117: (calibrate rover2 camera4 objective0 waypoint4)
2.198: (navigate rover2 waypoint4 waypoint20)
2.105: (navigate rover2 waypoint20 waypoint5)
2.218: (take_image rover1 waypoint15 objective3 camera3 colour)
2.321: (navigate rover2 waypoint5 waypoint20)
2.232: (navigate rover2 waypoint20 waypoint4)
2.555: (navigate rover0 waypoint9 waypoint14)
2.196: (navigate rover0 waypoint14 waypoint19)
1.761: (take_image rover0 waypoint19 objective1 camera0 colour)
1.730: (calibrate rover1 camera3 objective2 waypoint15)
1.711: (take_image rover2 waypoint4 objective5 camera4 low_res)
1.742: (take_image rover1 waypoint15 objective3 camera3 colour)
1.784: (navigate rover2 waypoint4 waypoint20)
1.715: (navigate rover2 waypoint20 waypoint5)
1.691: (calibrate rover1 camera3 objective2 waypoint15)
1.748: (navigate rover2 waypoint5 waypoint20)
1.720: (navigate rover2 waypoint20 waypoint22)
1.752: (take_image rover1 waypoint15 objective3 camera3 colour)
2.239: (navigate rover0 waypoint19 waypoint14)
1.881: (navigate rover0 waypoint14 waypoint5)
1.089: (communicate_image_data rover0 general objective1 colour waypoint5 waypoint17)
0.977: (navigate rover0 waypoint5 waypoint11)
0.578: (navigate rover0 waypoint11 waypoint3)
0.512: (calibrate rover1 camera3 objective2 waypoint15)
0.461: (navigate rover2 waypoint22 waypoint20)
0.398: (navigate rover2 waypoint20 waypoint4)
0.378: (calibrate rover0 camera0 objective3 waypoint3)
0.368: (calibrate rover2 camera4 objective0 waypoint4)
0.390: (take_image rover0 waypoint3 objective3 camera0 colour)
0.350: (calibrate rover0 camera0 objective3 waypoint3)
0.358: (take_image rover2 waypoint4 objective1 camera4 low_res)
0.380: (take_image rover0 waypoint3 objective3 camera0 colour)
0.445: (take_image rover1 waypoint15 objective2 camera3 colour)
0.422: (calibrate rover0 camera0 objective3 waypoint3)
0.414: (calibrate rover2 camera4 objective0 waypoint4)
0.438: (take_image rover0 waypoint3 objective1 camera0 low_res)
0.392: (calibrate rover1 camera3 objective2 waypoint15)
0.352: (calibrate rover0 camera0 objective3 waypoint3)
0.361: (take_image rover2 waypoint4 objective1 camera4 low_res)
0.381: (take_image rover0 waypoint3 objective3 camera0 low_res)
0.359: (calibrate rover0 camera0 objective3 waypoint3)
0.350: (calibrate rover2 camera4 objective0 waypoint4)
0.389: (take_image rover0 waypoint3 objective0 camera0 low_res)
0.350: (calibrate rover0 camera0 objective3 waypoint3)
0.359: (take_image rover2 waypoint4 objective2 camera4 low_res)
0.380: (take_image rover0 waypoint3 objective3 camera0 colour)
0.443: (take_image rover1 waypoint15 objective3 camera3 colour)
0.422: (calibrate rover0 camera0 objective3 waypoint3)
0.414: (calibrate rover2 camera4 objective0 waypoint4)
0.430: (take_image rover0 waypoint3 objective4 camera0 low_res)
0.389: (calibrate rover1 camera3 objective2 waypoint15)
0.350: (calibrate rover0 camera0 objective3 waypoint3)
0.359: (take_image rover2 waypoint4 objective0 camera4 low_res)
0.383: (take_image rover0 waypoint3 objective4 camera0 colour)
0.444: (take_image rover1 waypoint15 objective3 camera3 colour)
0.422: (calibrate rover0 camera0 objective3 waypoint3)
0.413: (calibrate rover2 camera4 objective0 waypoint4)
0.441: (take_image rover0 waypoint3 objective0 camera0 high_res)
0.398: (calibrate rover1 camera3 objective2 waypoint15)
0.361: (calibrate rover0 camera0 objective3 waypoint3)
0.370: (take_image rover2 waypoint4 objective0 camera4 low_res)
0.392: (take_image rover0 waypoint3 objective1 camera0 high_res)
0.370: (calibrate rover0 camera0 objective3 waypoint3)
0.361: (calibrate rover2 camera4 objective0 waypoint4)
0.397: (take_image rover0 waypoint3 objective4 camera0 low_res)
0.442: (take_image rover1 waypoint15 objective2 camera3 colour)
0.425: (calibrate rover0 camera0 objective3 waypoint3)
0.434: (take_image rover2 waypoint4 objective3 camera4 low_res)
0.452: (take_image rover0 waypoint3 objective3 camera0 high_res)
0.392: (calibrate rover1 camera3 objective2 waypoint15)
0.370: (calibrate rover0 camera0 objective3 waypoint3)
0.361: (calibrate rover2 camera4 objective0 waypoint4)
0.397: (take_image rover0 waypoint3 objective4 camera0 low_res)
0.442: (take_image rover1 waypoint15 objective3 camera3 colour)
0.425: (calibrate rover0 camera0 objective3 waypoint3)
0.434: (take_image rover2 waypoint4 objective3 camera4 low_res)
0.458: (take_image rover0 waypoint3 objective4 camera0 high_res)
0.398: (calibrate rover1 camera3 objective2 waypoint15)
0.374: (calibrate rover0 camera0 objective3 waypoint3)
0.365: (calibrate rover2 camera4 objective0 waypoint4)
0.402: (take_image rover0 waypoint3 objective4 camera0 low_res)
0.446: (take_image rover1 waypoint15 objective2 camera3 colour)
0.429: (calibrate rover0 camera0 objective3 waypoint3)
0.437: (take_image rover2 waypoint4 objective5 camera4 low_res)
0.476: (navigate rover2 waypoint4 waypoint20)
0.416: (calibrate rover1 camera3 objective2 waypoint15)
0.410: (calibrate rover2 camera4 objective0 waypoint20)
0.431: (navigate rover1 waypoint15 waypoint9)
0.430: (calibrate rover1 camera2 objective0 waypoint9)
0.411: (navigate rover1 waypoint9 waypoint15)
0.365: (navigate rover2 waypoint20 waypoint4)
0.363: (take_image rover1 waypoint15 objective2 camera2 low_res)
0.372: (take_image rover2 waypoint4 objective1 camera4 low_res)
0.394: (take_image rover0 waypoint3 objective3 camera0 low_res)
0.403: (calibrate rover2 camera4 objective0 waypoint4)
0.446: (take_image rover1 waypoint15 objective3 camera3 colour)
0.428: (calibrate rover0 camera0 objective3 waypoint3)
0.437: (take_image rover2 waypoint4 objective5 camera4 low_res)
0.458: (take_image rover0 waypoint3 objective0 camera0 low_res)
0.508: (navigate rover2 waypoint4 waypoint20)
0.446: (calibrate rover1 camera3 objective2 waypoint15)
0.413: (calibrate rover0 camera0 objective3 waypoint3)
0.408: (calibrate rover2 camera4 objective0 waypoint20)
0.430: (navigate rover1 waypoint15 waypoint9)
0.429: (calibrate rover1 camera2 objective0 waypoint9)
0.409: (navigate rover1 waypoint9 waypoint15)
0.363: (navigate rover2 waypoint20 waypoint4)
0.364: (take_image rover1 waypoint15 objective2 camera3 colour)
0.378: (take_image rover2 waypoint4 objective5 camera4 low_res)
0.374: (calibrate rover1 camera3 objective2 waypoint15)
0.412: (take_image rover0 waypoint3 objective0 camera0 high_res)
0.395: (take_image rover1 waypoint15 objective2 camera3 colour)
0.382: (calibrate rover2 camera4 objective0 waypoint4)
0.399: (calibrate rover1 camera3 objective2 waypoint15)
0.456: (navigate rover2 waypoint4 waypoint20)
0.438: (take_image rover1 waypoint15 objective2 camera3 colour)
0.407: (calibrate rover0 camera0 objective3 waypoint3)
0.415: (take_image rover2 waypoint20 objective2 camera4 low_res)
0.415: (calibrate rover1 camera3 objective2 waypoint15)
0.440: (navigate rover1 waypoint15 waypoint9)
0.437: (take_image rover1 waypoint9 objective0 camera2 low_res)
0.409: (navigate rover1 waypoint9 waypoint15)
0.365: (navigate rover2 waypoint20 waypoint4)
0.356: (calibrate rover2 camera4 objective0 waypoint4)
0.396: (take_image rover0 waypoint3 objective4 camera0 colour)
0.389: (take_image rover2 waypoint4 objective1 camera4 low_res)
0.442: (navigate rover2 waypoint4 waypoint20)
0.456: (calibrate rover2 camera4 objective0 waypoint20)
0.405: (calibrate rover0 camera0 objective3 waypoint3)
0.427: (navigate rover1 waypoint15 waypoint9)
0.427: (calibrate rover1 camera2 objective0 waypoint9)
0.407: (navigate rover1 waypoint9 waypoint15)
0.358: (navigate rover2 waypoint20 waypoint4)
0.359: (take_image rover1 waypoint15 objective2 camera3 colour)
0.372: (take_image rover2 waypoint4 objective2 camera4 low_res)
0.368: (calibrate rover1 camera3 objective2 waypoint15)
0.407: (take_image rover0 waypoint3 objective0 camera0 colour)
0.389: (take_image rover1 waypoint15 objective3 camera3 colour)
0.377: (calibrate rover2 camera4 objective0 waypoint4)
0.394: (calibrate rover1 camera3 objective2 waypoint15)
0.455: (navigate rover2 waypoint4 waypoint20)
0.436: (take_image rover1 waypoint15 objective2 camera3 colour)
0.404: (calibrate rover0 camera0 objective3 waypoint3)
0.412: (take_image rover2 waypoint20 objective0 camera4 low_res)
0.411: (calibrate rover1 camera3 objective2 waypoint15)
0.438: (navigate rover1 waypoint15 waypoint9)
0.443: (take_image rover1 waypoint9 objective0 camera3 colour)
0.412: (navigate rover1 waypoint9 waypoint15)
0.372: (navigate rover2 waypoint20 waypoint4)
0.359: (calibrate rover2 camera4 objective0 waypoint4)
0.358: (calibrate rover1 camera3 objective2 waypoint15)
0.356: (take_image rover1 waypoint15 objective2 camera2 low_res)
0.365: (take_image rover2 waypoint4 objective0 camera4 low_res)
0.388: (take_image rover0 waypoint3 objective3 camera0 low_res)
0.396: (calibrate rover2 camera4 objective0 waypoint4)
0.440: (take_image rover1 waypoint15 objective3 camera3 colour)
0.421: (calibrate rover0 camera0 objective3 waypoint3)
0.430: (take_image rover2 waypoint4 objective0 camera4 low_res)
0.451: (take_image rover0 waypoint3 objective3 camera0 high_res)
0.506: (navigate rover2 waypoint4 waypoint20)
0.442: (calibrate rover1 camera3 objective2 waypoint15)
0.408: (calibrate rover0 camera0 objective3 waypoint3)
0.404: (calibrate rover2 camera4 objective0 waypoint20)
0.426: (navigate rover1 waypoint15 waypoint9)
0.427: (calibrate rover1 camera2 objective0 waypoint9)
0.407: (navigate rover1 waypoint9 waypoint15)
0.404: (take_image rover1 waypoint15 objective2 camera3 colour)
0.431: (navigate rover1 waypoint15 waypoint9)
0.462: (take_image rover0 waypoint3 objective1 camera0 high_res)
0.435: (navigate rover1 waypoint9 waypoint15)
0.376: (navigate rover2 waypoint20 waypoint4)
0.389: (take_image rover2 waypoint4 objective3 camera4 low_res)
0.406: (calibrate rover1 camera3 objective2 waypoint15)
0.367: (calibrate rover0 camera0 objective3 waypoint3)
0.410: (navigate rover2 waypoint4 waypoint20)
0.437: (navigate rover1 waypoint15 waypoint9)
0.437: (take_image rover1 waypoint9 objective3 camera2 low_res)
0.472: (take_image rover0 waypoint3 objective0 camera0 low_res)
0.480: (calibrate rover2 camera4 objective0 waypoint20)
0.455: (navigate rover1 waypoint9 waypoint15)
0.499: (take_image rover1 waypoint15 objective3 camera3 colour)
0.467: (calibrate rover0 camera0 objective3 waypoint3)
0.463: (navigate rover1 waypoint15 waypoint9)
0.474: (take_image rover2 waypoint20 objective0 camera4 low_res)
0.472: (navigate rover1 waypoint9 waypoint15)
0.521: (navigate rover2 waypoint20 waypoint22)
0.453: (calibrate rover1 camera3 objective2 waypoint15)
0.488: (navigate rover1 waypoint15 waypoint9)
0.489: (calibrate rover1 camera2 objective0 waypoint9)
0.455: (navigate rover1 waypoint9 waypoint15)
0.458: (take_image rover1 waypoint15 objective2 camera3 colour)
0.493: (take_image rover0 waypoint3 objective3 camera0 low_res)
0.442: (navigate rover2 waypoint22 waypoint20)
0.460: (calibrate rover1 camera3 objective2 waypoint15)
0.455: (calibrate rover2 camera4 objective0 waypoint20)
0.394: (navigate rover2 waypoint20 waypoint4)
0.530: (navigate rover1 waypoint15 waypoint9)
0.479: (navigate rover2 waypoint4 waypoint20)
0.491: (take_image rover2 waypoint20 objective0 camera4 low_res)
0.474: (take_image rover1 waypoint9 objective2 camera3 colour)
0.505: (take_image rover1 waypoint9 objective0 camera2 low_res)
0.492: (calibrate rover2 camera4 objective0 waypoint20)
0.543: (navigate rover2 waypoint20 waypoint22)
0.506: (calibrate rover1 camera2 objective0 waypoint9)
0.475: (calibrate rover0 camera0 objective3 waypoint3)
0.447: (navigate rover1 waypoint9 waypoint15)
0.447: (calibrate rover1 camera3 objective2 waypoint15)
0.444: (take_image rover1 waypoint15 objective3 camera2 low_res)
0.473: (navigate rover1 waypoint15 waypoint9)
0.472: (calibrate rover1 camera2 objective0 waypoint9)
0.524: (take_image rover0 waypoint3 objective3 camera0 low_res)
0.500: (navigate rover1 waypoint9 waypoint15)
0.483: (take_image rover1 waypoint15 objective3 camera3 colour)
0.548: (take_image rover1 waypoint15 objective2 camera2 low_res)
0.502: (calibrate rover1 camera3 objective2 waypoint15)
0.491: (take_image rover2 waypoint22 objective1 camera4 low_res)
0.523: (navigate rover1 waypoint15 waypoint9)
0.543: (calibrate rover1 camera2 objective0 waypoint9)
0.511: (navigate rover1 waypoint9 waypoint15)
0.822: (navigate rover0 waypoint3 waypoint7)
0.760: (navigate rover2 waypoint22 waypoint20)
0.738: (take_image rover1 waypoint15 objective2 camera2 low_res)
0.724: (navigate rover2 waypoint20 waypoint4)
0.736: (calibrate rover2 camera4 objective0 waypoint4)
0.758: (navigate rover2 waypoint4 waypoint20)
0.795: (take_image rover1 waypoint15 objective3 camera3 colour)
0.779: (navigate rover2 waypoint20 waypoint4)
0.773: (take_image rover2 waypoint4 objective2 camera4 low_res)
0.781: (navigate rover2 waypoint4 waypoint20)
0.850: (navigate rover2 waypoint20 waypoint22)
0.558: (navigate rover0 waypoint7 waypoint3)
0.559: (navigate rover1 waypoint15 waypoint9)
0.524: (calibrate rover1 camera2 objective0 waypoint9)
0.494: (calibrate rover0 camera0 objective3 waypoint3)
0.527: (take_image rover1 waypoint9 objective0 camera2 low_res)
0.609: (navigate rover1 waypoint9 waypoint13)
0.555: (calibrate rover1 camera3 objective2 waypoint13)
0.555: (calibrate rover1 camera2 objective0 waypoint13)
0.556: (take_image rover1 waypoint13 objective4 camera3 colour)
0.491: (navigate rover1 waypoint13 waypoint9)
0.442: (navigate rover2 waypoint22 waypoint20)
0.411: (navigate rover1 waypoint9 waypoint15)
0.371: (navigate rover2 waypoint20 waypoint4)
0.357: (calibrate rover2 camera4 objective0 waypoint4)
0.358: (calibrate rover1 camera3 objective2 waypoint15)
0.356: (take_image rover1 waypoint15 objective2 camera2 low_res)
0.365: (take_image rover2 waypoint4 objective2 camera4 low_res)
0.389: (take_image rover0 waypoint3 objective4 camera0 colour)
0.396: (calibrate rover2 camera4 objective0 waypoint4)
0.436: (take_image rover1 waypoint15 objective2 camera3 colour)
0.420: (calibrate rover0 camera0 objective3 waypoint3)
0.428: (take_image rover2 waypoint4 objective1 camera4 low_res)
0.448: (take_image rover0 waypoint3 objective3 camera0 low_res)
0.504: (navigate rover2 waypoint4 waypoint20)
0.443: (calibrate rover1 camera3 objective2 waypoint15)
0.410: (calibrate rover0 camera0 objective3 waypoint3)
0.405: (calibrate rover2 camera4 objective0 waypoint20)
0.427: (navigate rover1 waypoint15 waypoint9)
0.427: (calibrate rover1 camera2 objective0 waypoint9)
0.407: (navigate rover1 waypoint9 waypoint15)
0.404: (take_image rover1 waypoint15 objective3 camera3 colour)
0.430: (navigate rover1 waypoint15 waypoint9)
0.460: (take_image rover0 waypoint3 objective3 camera0 colour)
0.435: (navigate rover1 waypoint9 waypoint15)
0.374: (navigate rover2 waypoint20 waypoint4)
0.386: (take_image rover2 waypoint4 objective0 camera4 low_res)
0.406: (calibrate rover1 camera3 objective2 waypoint15)
0.367: (calibrate rover0 camera0 objective3 waypoint3)
0.411: (navigate rover2 waypoint4 waypoint20)
0.438: (navigate rover1 waypoint15 waypoint9)
0.437: (take_image rover1 waypoint9 objective0 camera2 low_res)
0.472: (take_image rover1 waypoint9 objective0 camera3 colour)
0.461: (calibrate rover2 camera4 objective0 waypoint20)
0.466: (navigate rover1 waypoint9 waypoint15)
0.470: (take_image rover2 waypoint20 objective0 camera4 low_res)
0.518: (navigate rover2 waypoint20 waypoint22)
0.452: (calibrate rover1 camera3 objective2 waypoint15)
0.487: (navigate rover1 waypoint15 waypoint9)
0.488: (calibrate rover1 camera2 objective0 waypoint9)
0.455: (navigate rover1 waypoint9 waypoint15)
0.455: (take_image rover1 waypoint15 objective3 camera3 colour)
0.489: (take_image rover0 waypoint3 objective0 camera0 colour)
0.441: (navigate rover2 waypoint22 waypoint20)
0.461: (calibrate rover1 camera3 objective2 waypoint15)
0.456: (calibrate rover2 camera4 objective0 waypoint20)
0.393: (navigate rover2 waypoint20 waypoint4)
0.528: (navigate rover1 waypoint15 waypoint9)
0.479: (navigate rover2 waypoint4 waypoint20)
0.481: (take_image rover1 waypoint9 objective0 camera2 low_res)
0.456: (navigate rover1 waypoint9 waypoint15)
0.497: (take_image rover1 waypoint15 objective3 camera3 colour)
0.489: (navigate rover1 waypoint15 waypoint9)
0.504: (take_image rover2 waypoint20 objective1 camera4 low_res)
0.472: (calibrate rover1 camera2 objective0 waypoint9)
0.491: (calibrate rover1 camera3 objective2 waypoint9)
0.473: (take_image rover1 waypoint9 objective0 camera2 low_res)
0.523: (navigate rover2 waypoint20 waypoint22)
0.492: (navigate rover1 waypoint9 waypoint15)
0.554: (take_image rover1 waypoint15 objective2 camera3 colour)
0.554: (navigate rover1 waypoint15 waypoint9)
0.519: (calibrate rover1 camera2 objective0 waypoint9)
0.541: (calibrate rover1 camera3 objective2 waypoint9)
0.510: (navigate rover1 waypoint9 waypoint15)
0.821: (navigate rover0 waypoint3 waypoint7)
0.760: (navigate rover2 waypoint22 waypoint20)
0.738: (take_image rover1 waypoint15 objective2 camera2 low_res)
0.723: (navigate rover2 waypoint20 waypoint4)
0.735: (calibrate rover2 camera4 objective0 waypoint4)
0.757: (navigate rover2 waypoint4 waypoint20)
0.793: (take_image rover1 waypoint15 objective3 camera3 colour)
0.776: (navigate rover2 waypoint20 waypoint4)
0.771: (take_image rover2 waypoint4 objective0 camera4 low_res)
0.780: (navigate rover2 waypoint4 waypoint20)
0.847: (navigate rover2 waypoint20 waypoint22)
0.800: (calibrate rover1 camera3 objective2 waypoint15)
1.035: (navigate rover1 waypoint15 waypoint9)
0.953: (navigate rover2 waypoint22 waypoint20)
0.958: (navigate rover2 waypoint20 waypoint5)
0.658: (navigate rover0 waypoint7 waypoint3)
0.587: (calibrate rover0 camera0 objective3 waypoint3)
0.522: (navigate rover1 waypoint9 waypoint15)
0.587: (take_image rover1 waypoint15 objective3 camera3 colour)
0.621: (navigate rover1 waypoint15 waypoint9)
0.590: (calibrate rover1 camera2 objective0 waypoint9)
0.521: (navigate rover1 waypoint9 waypoint15)
0.525: (calibrate rover1 camera3 objective2 waypoint15)
0.588: (navigate rover1 waypoint15 waypoint9)
0.676: (take_image rover0 waypoint3 objective4 camera0 low_res)
0.612: (navigate rover1 waypoint9 waypoint15)
0.590: (take_image rover1 waypoint15 objective3 camera3 colour)
0.656: (navigate rover1 waypoint15 waypoint9)
0.694: (take_image rover1 waypoint9 objective2 camera2 low_res)
0.664: (navigate rover1 waypoint9 waypoint15)
0.593: (calibrate rover1 camera3 objective2 waypoint15)
0.810: (navigate rover0 waypoint3 waypoint7)
0.858: (take_image rover1 waypoint15 objective3 camera3 colour)
0.982: (navigate rover1 waypoint15 waypoint9)
0.962: (calibrate rover1 camera2 objective0 waypoint9)
0.814: (navigate rover1 waypoint9 waypoint15)
0.745: (navigate rover2 waypoint5 waypoint20)
0.728: (navigate rover2 waypoint20 waypoint4)
0.718: (calibrate rover2 camera4 objective0 waypoint4)
0.732: (calibrate rover1 camera3 objective2 waypoint15)
0.742: (take_image rover2 waypoint4 objective5 camera4 low_res)
0.981: (navigate rover1 waypoint15 waypoint9)
0.547: (navigate rover0 waypoint7 waypoint3)
0.509: (calibrate rover0 camera0 objective3 waypoint3)
0.490: (calibrate rover2 camera4 objective0 waypoint4)
0.491: (take_image rover1 waypoint9 objective2 camera2 low_res)
0.507: (take_image rover2 waypoint4 objective2 camera4 low_res)
0.531: (take_image rover0 waypoint3 objective3 camera0 high_res)
0.531: (calibrate rover2 camera4 objective0 waypoint4)
0.544: (take_image rover1 waypoint9 objective3 camera3 colour)
0.508: (calibrate rover1 camera2 objective0 waypoint9)
0.492: (calibrate rover0 camera0 objective3 waypoint3)
0.511: (take_image rover2 waypoint4 objective2 camera4 low_res)
0.525: (take_image rover0 waypoint3 objective3 camera0 colour)
0.562: (take_image rover1 waypoint9 objective0 camera2 low_res)
0.542: (calibrate rover0 camera0 objective3 waypoint3)
0.527: (calibrate rover2 camera4 objective0 waypoint4)
0.728: (navigate rover1 waypoint9 waypoint13)
0.634: (navigate rover2 waypoint4 waypoint20)
0.585: (calibrate rover1 camera2 objective0 waypoint13)
0.540: (navigate rover2 waypoint20 waypoint22)
0.472: (navigate rover1 waypoint13 waypoint9)
0.444: (navigate rover1 waypoint9 waypoint15)
0.446: (calibrate rover1 camera3 objective2 waypoint15)
0.443: (take_image rover1 waypoint15 objective3 camera2 low_res)
0.472: (navigate rover1 waypoint15 waypoint9)
0.471: (calibrate rover1 camera2 objective0 waypoint9)
0.522: (take_image rover0 waypoint3 objective0 camera0 colour)
0.499: (navigate rover1 waypoint9 waypoint15)
0.479: (take_image rover1 waypoint15 objective3 camera3 colour)
0.502: (navigate rover1 waypoint15 waypoint9)
0.538: (take_image rover1 waypoint9 objective0 camera2 low_res)
0.510: (calibrate rover0 camera0 objective3 waypoint3)
0.509: (navigate rover1 waypoint9 waypoint15)
0.543: (take_image rover0 waypoint3 objective4 camera0 colour)
0.501: (calibrate rover1 camera3 objective2 waypoint15)
0.527: (navigate rover1 waypoint15 waypoint9)
0.602: (navigate rover1 waypoint9 waypoint13)
0.546: (calibrate rover0 camera0 objective3 waypoint3)
0.542: (calibrate rover1 camera2 objective0 waypoint13)
0.545: (take_image rover1 waypoint13 objective4 camera2 low_res)
0.472: (navigate rover1 waypoint13 waypoint9)
0.427: (navigate rover2 waypoint22 waypoint20)
0.405: (navigate rover1 waypoint9 waypoint15)
0.355: (navigate rover2 waypoint20 waypoint4)
0.364: (take_image rover2 waypoint4 objective0 camera4 low_res)
0.387: (take_image rover0 waypoint3 objective4 camera0 colour)
0.396: (calibrate rover2 camera4 objective0 waypoint4)
0.435: (take_image rover1 waypoint15 objective3 camera3 colour)
0.418: (calibrate rover0 camera0 objective3 waypoint3)
0.426: (take_image rover2 waypoint4 objective1 camera4 low_res)
0.446: (take_image rover0 waypoint3 objective0 camera0 low_res)
0.502: (navigate rover2 waypoint4 waypoint20)
0.443: (calibrate rover1 camera3 objective2 waypoint15)
0.410: (calibrate rover0 camera0 objective3 waypoint3)
0.438: (navigate rover1 waypoint15 waypoint9)
0.438: (calibrate rover1 camera2 objective0 waypoint9)
0.411: (navigate rover1 waypoint9 waypoint15)
0.366: (navigate rover2 waypoint20 waypoint4)
0.357: (calibrate rover2 camera4 objective0 waypoint4)
0.356: (take_image rover1 waypoint15 objective2 camera3 colour)
0.369: (take_image rover2 waypoint4 objective3 camera4 low_res)
0.384: (take_image rover0 waypoint3 objective3 camera0 colour)
0.373: (calibrate rover2 camera4 objective0 waypoint4)
0.393: (calibrate rover1 camera3 objective2 waypoint15)
0.405: (take_image rover2 waypoint4 objective5 camera4 low_res)
0.462: (navigate rover2 waypoint4 waypoint20)
0.440: (take_image rover1 waypoint15 objective3 camera3 colour)
0.409: (calibrate rover0 camera0 objective3 waypoint3)
0.403: (calibrate rover2 camera4 objective0 waypoint20)
0.408: (calibrate rover1 camera3 objective2 waypoint15)
0.428: (navigate rover1 waypoint15 waypoint9)
0.430: (take_image rover1 waypoint9 objective0 camera3 colour)
0.442: (take_image rover2 waypoint20 objective0 camera4 low_res)
0.471: (take_image rover1 waypoint9 objective0 camera2 low_res)
0.460: (calibrate rover2 camera4 objective0 waypoint20)
0.464: (navigate rover1 waypoint9 waypoint15)
0.468: (take_image rover2 waypoint20 objective1 camera4 low_res)
0.516: (navigate rover2 waypoint20 waypoint22)
0.452: (calibrate rover1 camera3 objective2 waypoint15)
0.487: (navigate rover1 waypoint15 waypoint9)
0.487: (calibrate rover1 camera2 objective0 waypoint9)
0.454: (navigate rover1 waypoint9 waypoint15)
0.453: (take_image rover1 waypoint15 objective3 camera3 colour)
0.488: (take_image rover0 waypoint3 objective1 camera0 colour)
0.510: (calibrate rover1 camera3 objective2 waypoint15)
0.490: (take_image rover1 waypoint15 objective3 camera2 low_res)
0.522: (navigate rover1 waypoint15 waypoint9)
0.473: (navigate rover2 waypoint22 waypoint20)
0.481: (calibrate rover2 camera4 objective0 waypoint20)
0.457: (navigate rover1 waypoint9 waypoint15)
0.496: (take_image rover1 waypoint15 objective2 camera3 colour)
0.488: (navigate rover1 waypoint15 waypoint9)
0.460: (calibrate rover1 camera2 objective0 waypoint9)
0.435: (navigate rover1 waypoint9 waypoint15)
0.456: (calibrate rover1 camera3 objective2 waypoint15)
0.479: (navigate rover1 waypoint15 waypoint9)
0.491: (take_image rover2 waypoint20 objective2 camera4 low_res)
0.471: (take_image rover1 waypoint9 objective0 camera3 colour)
0.503: (take_image rover1 waypoint9 objective0 camera2 low_res)
0.553: (navigate rover2 waypoint20 waypoint22)
0.519: (calibrate rover1 camera2 objective0 waypoint9)
0.490: (calibrate rover0 camera0 objective3 waypoint3)
0.523: (take_image rover1 waypoint9 objective2 camera2 low_res)
0.608: (navigate rover1 waypoint9 waypoint13)
0.555: (calibrate rover1 camera2 objective0 waypoint13)
0.555: (calibrate rover1 camera3 objective2 waypoint13)
0.555: (take_image rover1 waypoint13 objective0 camera2 low_res)
0.595: (take_image rover0 waypoint3 objective3 camera0 colour)
0.611: (calibrate rover1 camera2 objective0 waypoint13)
0.541: (navigate rover1 waypoint13 waypoint9)
0.912: (sample_rock rover0 rover0store waypoint3)
0.816: (drop rover0 rover0store)
0.763: (navigate rover2 waypoint22 waypoint20)
0.714: (calibrate rover0 camera0 objective3 waypoint3)
0.676: (navigate rover1 waypoint9 waypoint15)
0.628: (navigate rover2 waypoint20 waypoint4)
0.615: (calibrate rover2 camera4 objective0 waypoint4)
0.614: (take_image rover1 waypoint15 objective2 camera3 colour)
0.629: (take_image rover2 waypoint4 objective1 camera4 low_res)
0.652: (take_image rover0 waypoint3 objective3 camera0 colour)
0.639: (calibrate rover2 camera4 objective0 waypoint4)
0.653: (calibrate rover1 camera3 objective2 waypoint15)
0.657: (take_image rover1 waypoint15 objective3 camera2 low_res)
0.615: (calibrate rover0 camera0 objective3 waypoint3)
0.627: (take_image rover2 waypoint4 objective0 camera4 low_res)
0.653: (take_image rover0 waypoint3 objective0 camera0 low_res)
0.706: (take_image rover1 waypoint15 objective2 camera3 colour)
0.689: (calibrate rover0 camera0 objective3 waypoint3)
0.679: (calibrate rover2 camera4 objective0 waypoint4)
0.703: (take_image rover0 waypoint3 objective1 camera0 colour)
0.766: (navigate rover2 waypoint4 waypoint20)
0.723: (calibrate rover1 camera3 objective2 waypoint15)
0.669: (calibrate rover0 camera0 objective3 waypoint3)
0.676: (take_image rover2 waypoint20 objective0 camera4 low_res)
0.712: (take_image rover0 waypoint3 objective0 camera0 high_res)
0.745: (navigate rover1 waypoint15 waypoint9)
0.714: (calibrate rover0 camera0 objective3 waypoint3)
0.701: (calibrate rover2 camera4 objective0 waypoint20)
0.698: (calibrate rover1 camera2 objective0 waypoint9)
0.668: (navigate rover1 waypoint9 waypoint15)
0.664: (take_image rover1 waypoint15 objective2 camera3 colour)
0.674: (take_image rover2 waypoint20 objective1 camera4 low_res)
0.710: (take_image rover0 waypoint3 objective1 camera0 colour)
0.702: (calibrate rover2 camera4 objective0 waypoint20)
0.720: (calibrate rover1 camera3 objective2 waypoint15)
0.728: (take_image rover2 waypoint20 objective2 camera4 low_res)
0.668: (navigate rover2 waypoint20 waypoint4)
0.776: (navigate rover0 waypoint3 waypoint7)
0.760: (take_image rover1 waypoint15 objective2 camera2 low_res)
0.774: (navigate rover2 waypoint4 waypoint20)
0.800: (calibrate rover2 camera4 objective0 waypoint20)
0.778: (navigate rover2 waypoint20 waypoint4)
0.821: (take_image rover1 waypoint15 objective2 camera3 colour)
0.805: (take_image rover2 waypoint4 objective0 camera4 low_res)
0.817: (navigate rover2 waypoint4 waypoint20)
0.762: (navigate rover0 waypoint7 waypoint3)
0.733: (calibrate rover0 camera0 objective3 waypoint3)
0.727: (calibrate rover2 camera4 objective0 waypoint20)
0.730: (navigate rover1 waypoint15 waypoint9)
0.700: (calibrate rover1 camera2 objective0 waypoint9)
0.715: (take_image rover2 waypoint20 objective2 camera4 low_res)
0.742: (take_image rover1 waypoint9 objective0 camera2 low_res)
0.764: (take_image rover0 waypoint3 objective1 camera0 colour)
0.746: (calibrate rover1 camera2 objective0 waypoint9)
0.732: (calibrate rover2 camera4 objective0 waypoint20)
0.748: (calibrate rover1 camera3 objective2 waypoint9)
0.752: (take_image rover1 waypoint9 objective2 camera2 low_res)
0.760: (take_image rover1 waypoint9 objective2 camera3 colour)
0.786: (navigate rover2 waypoint20 waypoint4)
0.750: (calibrate rover1 camera2 objective0 waypoint9)
0.731: (calibrate rover0 camera0 objective3 waypoint3)
0.729: (calibrate rover1 camera3 objective2 waypoint9)
0.731: (take_image rover1 waypoint9 objective3 camera2 low_res)
0.747: (take_image rover2 waypoint4 objective1 camera4 low_res)
0.748: (calibrate rover1 camera2 objective0 waypoint9)
0.750: (take_image rover1 waypoint9 objective2 camera3 colour)
0.768: (take_image rover0 waypoint3 objective4 camera0 high_res)
0.785: (calibrate rover1 camera3 objective2 waypoint9)
0.766: (calibrate rover2 camera4 objective0 waypoint4)
0.770: (take_image rover1 waypoint9 objective3 camera2 low_res)
0.770: (take_image rover2 waypoint4 objective3 camera4 low_res)
0.796: (take_image rover1 waypoint9 objective2 camera3 colour)
0.783: (calibrate rover0 camera0 objective3 waypoint3)
0.767: (calibrate rover2 camera4 objective0 waypoint4)
1.000: (navigate rover0 waypoint3 waypoint7)
0.817: (navigate rover1 waypoint9 waypoint15)
0.759: (calibrate rover1 camera3 objective2 waypoint15)
0.759: (take_image rover2 waypoint4 objective5 camera4 low_res)
0.767: (navigate rover2 waypoint4 waypoint20)
0.771: (calibrate rover2 camera4 objective0 waypoint20)
0.824: (take_image rover1 waypoint15 objective2 camera3 colour)
0.821: (take_image rover2 waypoint20 objective0 camera4 low_res)
0.817: (navigate rover2 waypoint20 waypoint4)
1.013: (navigate rover1 waypoint15 waypoint9)
0.975: (calibrate rover1 camera3 objective2 waypoint9)
0.963: (calibrate rover2 camera4 objective0 waypoint4)
0.955: (navigate rover2 waypoint4 waypoint20)
0.953: (calibrate rover1 camera2 objective0 waypoint9)
0.769: (navigate rover1 waypoint9 waypoint15)
0.758: (navigate rover2 waypoint20 waypoint4)
0.760: (take_image rover1 waypoint15 objective3 camera3 colour)
0.762: (take_image rover0 waypoint7 objective1 camera0 high_res)
0.766: (take_image rover2 waypoint4 objective1 camera4 low_res)
0.783: (navigate rover2 waypoint4 waypoint20)
0.783: (calibrate rover2 camera4 objective0 waypoint20)
0.795: (calibrate rover1 camera3 objective2 waypoint15)
0.773: (navigate rover2 waypoint20 waypoint4)
0.979: (navigate rover1 waypoint15 waypoint9)
0.968: (take_image rover1 waypoint9 objective3 camera3 colour)
0.969: (navigate rover2 waypoint4 waypoint20)
0.980: (calibrate rover1 camera3 objective2 waypoint9)
0.985: (take_image rover1 waypoint9 objective0 camera2 low_res)
0.973: (take_image rover2 waypoint20 objective1 camera4 low_res)
0.980: (navigate rover2 waypoint20 waypoint4)
0.983: (calibrate rover2 camera4 objective0 waypoint4)
1.001: (take_image rover1 waypoint9 objective3 camera3 colour)
0.999: (take_image rover2 waypoint4 objective0 camera4 low_res)
0.983: (calibrate rover1 camera2 objective0 waypoint9)
0.981: (navigate rover2 waypoint4 waypoint20)
0.988: (take_image rover1 waypoint9 objective0 camera2 low_res)
0.999: (calibrate rover2 camera4 objective0 waypoint20)
0.840: (navigate rover1 waypoint9 waypoint15)
0.908: (navigate rover2 waypoint20 waypoint22)
0.812: (navigate rover0 waypoint7 waypoint3)
0.763: (calibrate rover1 camera3 objective2 waypoint15)
0.709: (calibrate rover0 camera0 objective3 waypoint3)
0.721: (take_image rover2 waypoint22 objective2 camera4 low_res)
0.755: (take_image rover0 waypoint3 objective4 camera0 low_res)
0.798: (navigate rover1 waypoint15 waypoint9)
0.768: (calibrate rover0 camera0 objective3 waypoint3)
0.767: (calibrate rover1 camera2 objective0 waypoint9)
0.722: (navigate rover1 waypoint9 waypoint15)
0.722: (take_image rover1 waypoint15 objective3 camera3 colour)
0.756: (take_image rover0 waypoint3 objective0 camera0 low_res)
0.773: (calibrate rover1 camera3 objective2 waypoint15)
0.862: (navigate rover0 waypoint3 waypoint7)
0.794: (navigate rover2 waypoint22 waypoint20)
0.919: (navigate rover2 waypoint20 waypoint5)
0.843: (navigate rover0 waypoint7 waypoint3)
0.790: (calibrate rover0 camera0 objective3 waypoint3)
0.789: (take_image rover1 waypoint15 objective2 camera3 colour)
0.827: (take_image rover0 waypoint3 objective1 camera0 colour)
0.884: (take_image rover1 waypoint15 objective3 camera2 low_res)
0.826: (calibrate rover1 camera3 objective2 waypoint15)
0.789: (calibrate rover0 camera0 objective3 waypoint3)
0.854: (take_image rover1 waypoint15 objective2 camera3 colour)
0.888: (navigate rover1 waypoint15 waypoint9)
0.857: (calibrate rover1 camera3 objective2 waypoint9)
0.857: (calibrate rover1 camera2 objective0 waypoint9)
0.858: (take_image rover1 waypoint9 objective0 camera3 colour)
0.892: (take_image rover0 waypoint3 objective0 camera0 high_res)
0.908: (calibrate rover1 camera3 objective2 waypoint9)
0.891: (take_image rover1 waypoint9 objective0 camera2 low_res)
0.915: (take_image rover1 waypoint9 objective0 camera3 colour)
1.067: (navigate rover0 waypoint3 waypoint7)
0.940: (navigate rover1 waypoint9 waypoint15)
0.898: (calibrate rover1 camera3 objective2 waypoint15)
1.053: (navigate rover1 waypoint15 waypoint9)
1.076: (calibrate rover1 camera2 objective0 waypoint9)
0.993: (navigate rover2 waypoint5 waypoint20)
0.995: (navigate rover2 waypoint20 waypoint4)
1.115: (navigate rover1 waypoint9 waypoint13)
1.007: (navigate rover0 waypoint7 waypoint3)
0.950: (navigate rover2 waypoint4 waypoint20)
0.901: (calibrate rover0 camera0 objective3 waypoint3)
0.861: (navigate rover2 waypoint20 waypoint22)
0.862: (take_image rover1 waypoint13 objective4 camera3 colour)
0.769: (navigate rover1 waypoint13 waypoint9)
0.799: (take_image rover0 waypoint3 objective0 camera0 colour)
0.822: (take_image rover1 waypoint9 objective3 camera2 low_res)
0.801: (calibrate rover0 camera0 objective3 waypoint3)
0.787: (navigate rover1 waypoint9 waypoint15)
0.812: (take_image rover0 waypoint3 objective3 camera0 high_res)
0.891: (navigate rover0 waypoint3 waypoint7)
0.844: (calibrate rover1 camera3 objective2 waypoint15)
1.050: (navigate rover1 waypoint15 waypoint9)
1.037: (navigate rover1 waypoint9 waypoint13)
0.895: (navigate rover0 waypoint7 waypoint3)
0.861: (calibrate rover0 camera0 objective3 waypoint3)
0.902: (navigate rover2 waypoint22 waypoint20)
0.894: (calibrate rover2 camera4 objective0 waypoint20)
0.850: (navigate rover2 waypoint20 waypoint22)
0.751: (navigate rover1 waypoint13 waypoint9)
0.748: (calibrate rover1 camera2 objective0 waypoint9)
0.710: (navigate rover1 waypoint9 waypoint15)
0.709: (take_image rover1 waypoint15 objective3 camera3 colour)
0.743: (take_image rover0 waypoint3 objective4 camera0 colour)
0.760: (calibrate rover1 camera3 objective2 waypoint15)
0.796: (navigate rover1 waypoint15 waypoint9)
0.780: (take_image rover1 waypoint9 objective2 camera3 colour)
0.749: (calibrate rover0 camera0 objective3 waypoint3)
0.785: (take_image rover1 waypoint9 objective0 camera2 low_res)
0.777: (navigate rover1 waypoint9 waypoint15)
0.897: (navigate rover0 waypoint3 waypoint7)
0.837: (calibrate rover1 camera3 objective2 waypoint15)
0.837: (take_image rover2 waypoint22 objective1 camera4 low_res)
0.899: (take_image rover1 waypoint15 objective2 camera3 colour)
1.079: (navigate rover1 waypoint15 waypoint9)
1.000: (navigate rover2 waypoint22 waypoint20)
0.965: (calibrate rover1 camera3 objective2 waypoint9)
0.965: (calibrate rover1 camera2 objective0 waypoint9)
0.768: (navigate rover1 waypoint9 waypoint15)
0.761: (navigate rover2 waypoint20 waypoint4)
0.766: (take_image rover1 waypoint15 objective3 camera3 colour)
0.770: (navigate rover2 waypoint4 waypoint20)
0.769: (calibrate rover2 camera4 objective0 waypoint20)
0.840: (navigate rover2 waypoint20 waypoint22)
0.839: (calibrate rover1 camera3 objective2 waypoint15)
0.839: (take_image rover2 waypoint22 objective2 camera4 low_res)
0.841: (take_image rover1 waypoint15 objective2 camera3 colour)
0.848: (take_image rover0 waypoint7 objective1 camera0 high_res)
1.056: (navigate rover1 waypoint15 waypoint9)
1.040: (navigate rover1 waypoint9 waypoint13)
0.895: (navigate rover0 waypoint7 waypoint3)
0.909: (calibrate rover1 camera3 objective2 waypoint13)
1.057: (navigate rover0 waypoint3 waypoint7)
1.069: (navigate rover1 waypoint13 waypoint9)
1.602: (navigate rover1 waypoint9 waypoint26)
1.110: (navigate rover1 waypoint26 waypoint4)
0.898: (navigate rover0 waypoint7 waypoint3)
0.865: (calibrate rover0 camera0 objective3 waypoint3)
0.852: (calibrate rover1 camera1 objective1 waypoint4)
0.848: (take_image rover1 waypoint4 objective1 camera2 low_res)
0.848: (calibrate rover1 camera2 objective0 waypoint4)
0.848: (take_image rover1 waypoint4 objective5 camera2 low_res)
0.848: (calibrate rover1 camera2 objective0 waypoint4)
0.849: (take_image rover1 waypoint4 objective1 camera3 colour)
0.847: (calibrate rover1 camera3 objective2 waypoint4)
0.848: (take_image rover1 waypoint4 objective3 camera2 low_res)
0.850: (take_image rover1 waypoint4 objective2 camera3 colour)
0.876: (navigate rover2 waypoint22 waypoint20)
0.468: (navigate rover2 waypoint20 waypoint4)
0.461: (calibrate rover2 camera4 objective0 waypoint4)
0.453: (calibrate rover1 camera2 objective0 waypoint4)
0.455: (calibrate rover1 camera3 objective2 waypoint4)
0.454: (take_image rover1 waypoint4 objective5 camera3 colour)
0.455: (calibrate rover1 camera3 objective2 waypoint4)
0.458: (take_image rover1 waypoint4 objective1 camera2 low_res)
0.461: (take_image rover1 waypoint4 objective5 camera3 colour)
0.467: (take_image rover2 waypoint4 objective5 camera4 low_res)
0.465: (calibrate rover1 camera3 objective2 waypoint4)
0.465: (calibrate rover1 camera2 objective0 waypoint4)
0.466: (take_image rover1 waypoint4 objective0 camera3 colour)
0.475: (take_image rover1 waypoint4 objective0 camera1 low_res)
0.464: (calibrate rover2 camera4 objective0 waypoint4)
0.466: (calibrate rover1 camera3 objective2 waypoint4)
0.470: (take_image rover1 waypoint4 objective2 camera2 low_res)
0.475: (take_image rover2 waypoint4 objective3 camera4 low_res)
0.475: (calibrate rover1 camera2 objective0 waypoint4)
0.506: (take_image rover0 waypoint3 objective1 camera0 colour)
0.491: (take_image rover1 waypoint4 objective5 camera3 colour)
0.480: (calibrate rover2 camera4 objective0 waypoint4)
0.486: (calibrate rover1 camera1 objective1 waypoint4)
0.484: (take_image rover1 waypoint4 objective1 camera1 high_res)
0.466: (calibrate rover0 camera0 objective3 waypoint3)
0.456: (calibrate rover1 camera1 objective1 waypoint4)
0.457: (calibrate rover1 camera3 objective2 waypoint4)
0.461: (take_image rover1 waypoint4 objective1 camera2 low_res)
0.463: (take_image rover1 waypoint4 objective5 camera3 colour)
0.470: (take_image rover2 waypoint4 objective3 camera4 low_res)
0.467: (calibrate rover1 camera3 objective2 waypoint4)
0.468: (calibrate rover1 camera2 objective0 waypoint4)
0.468: (take_image rover1 waypoint4 objective1 camera3 colour)
0.477: (take_image rover1 waypoint4 objective0 camera1 low_res)
0.477: (calibrate rover1 camera3 objective2 waypoint4)
0.467: (calibrate rover2 camera4 objective0 waypoint4)
0.471: (take_image rover1 waypoint4 objective5 camera2 low_res)
0.477: (take_image rover2 waypoint4 objective3 camera4 low_res)
0.499: (take_image rover0 waypoint3 objective4 camera0 colour)
0.500: (calibrate rover1 camera1 objective1 waypoint4)
0.495: (calibrate rover2 camera4 objective0 waypoint4)
0.491: (calibrate rover1 camera2 objective0 waypoint4)
0.489: (take_image rover1 waypoint4 objective3 camera3 colour)
0.484: (take_image rover1 waypoint4 objective3 camera1 high_res)
0.467: (calibrate rover0 camera0 objective3 waypoint3)
0.456: (calibrate rover1 camera1 objective1 waypoint4)
0.457: (calibrate rover1 camera3 objective2 waypoint4)
0.461: (take_image rover1 waypoint4 objective1 camera2 low_res)
0.463: (take_image rover1 waypoint4 objective3 camera3 colour)
0.470: (take_image rover2 waypoint4 objective0 camera4 low_res)
0.467: (calibrate rover1 camera3 objective2 waypoint4)
0.468: (calibrate rover1 camera2 objective0 waypoint4)
0.468: (take_image rover1 waypoint4 objective2 camera3 colour)
0.477: (take_image rover1 waypoint4 objective0 camera1 high_res)
0.466: (calibrate rover2 camera4 objective0 waypoint4)
0.456: (calibrate rover1 camera1 objective1 waypoint4)
0.457: (calibrate rover1 camera3 objective2 waypoint4)
0.460: (take_image rover1 waypoint4 objective1 camera2 low_res)
0.462: (take_image rover1 waypoint4 objective1 camera3 colour)
0.470: (take_image rover2 waypoint4 objective0 camera4 low_res)
0.466: (calibrate rover1 camera3 objective2 waypoint4)
0.467: (calibrate rover1 camera2 objective0 waypoint4)
0.467: (take_image rover1 waypoint4 objective0 camera3 colour)
0.478: (take_image rover1 waypoint4 objective2 camera1 high_res)
0.466: (calibrate rover2 camera4 objective0 waypoint4)
0.456: (calibrate rover1 camera1 objective1 waypoint4)
0.457: (calibrate rover1 camera3 objective2 waypoint4)
0.461: (take_image rover1 waypoint4 objective1 camera2 low_res)
0.462: (take_image rover1 waypoint4 objective3 camera3 colour)
0.469: (take_image rover2 waypoint4 objective3 camera4 low_res)
0.467: (calibrate rover1 camera3 objective2 waypoint4)
0.467: (calibrate rover1 camera2 objective0 waypoint4)
0.467: (take_image rover1 waypoint4 objective1 camera3 colour)
0.499: (take_image rover0 waypoint3 objective0 camera0 colour)
0.488: (calibrate rover2 camera4 objective0 waypoint4)
0.484: (take_image rover1 waypoint4 objective0 camera1 high_res)
0.494: (take_image rover2 waypoint4 objective1 camera4 low_res)
0.509: (calibrate rover1 camera3 objective2 waypoint4)
0.477: (calibrate rover0 camera0 objective3 waypoint3)
0.468: (calibrate rover2 camera4 objective0 waypoint4)
0.471: (take_image rover1 waypoint4 objective1 camera2 low_res)
0.478: (take_image rover2 waypoint4 objective2 camera4 low_res)
0.500: (take_image rover0 waypoint3 objective3 camera0 colour)
0.500: (calibrate rover1 camera1 objective1 waypoint4)
0.495: (calibrate rover2 camera4 objective0 waypoint4)
0.491: (calibrate rover1 camera2 objective0 waypoint4)
0.498: (take_image rover1 waypoint4 objective2 camera1 high_res)
0.504: (take_image rover1 waypoint4 objective0 camera2 low_res)
0.544: (take_image rover1 waypoint4 objective0 camera3 colour)
0.495: (calibrate rover1 camera1 objective1 waypoint4)
0.499: (take_image rover2 waypoint4 objective3 camera4 low_res)
0.546: (take_image rover1 waypoint4 objective1 camera1 colour)
0.533: (calibrate rover0 camera0 objective3 waypoint3)
0.525: (calibrate rover2 camera4 objective0 waypoint4)
0.779: (navigate rover0 waypoint3 waypoint7)
0.729: (calibrate rover1 camera1 objective1 waypoint4)
0.721: (calibrate rover1 camera2 objective0 waypoint4)
0.721: (calibrate rover1 camera3 objective2 waypoint4)
0.725: (take_image rover1 waypoint4 objective3 camera2 low_res)
0.730: (take_image rover2 waypoint4 objective2 camera4 low_res)
0.731: (calibrate rover1 camera2 objective0 waypoint4)
0.733: (take_image rover1 waypoint4 objective5 camera3 colour)
0.734: (take_image rover1 waypoint4 objective5 camera2 low_res)
0.739: (take_image rover0 waypoint7 objective1 camera0 low_res)
0.738: (calibrate rover2 camera4 objective0 waypoint4)
0.730: (calibrate rover1 camera2 objective0 waypoint4)
0.724: (take_image rover1 waypoint4 objective5 camera1 colour)
0.731: (take_image rover2 waypoint4 objective1 camera4 low_res)
0.738: (calibrate rover1 camera1 objective1 waypoint4)
0.738: (calibrate rover1 camera3 objective2 waypoint4)
0.500: (navigate rover0 waypoint7 waypoint3)
0.848: (navigate rover0 waypoint3 waypoint11)
0.841: (calibrate rover2 camera4 objective0 waypoint4)
0.842: (take_image rover1 waypoint4 objective0 camera3 colour)
0.833: (take_image rover1 waypoint4 objective5 camera1 colour)
0.840: (take_image rover2 waypoint4 objective5 camera4 low_res)
0.849: (calibrate rover1 camera1 objective1 waypoint4)
0.850: (take_image rover1 waypoint4 objective1 camera2 low_res)
0.847: (calibrate rover1 camera3 objective2 waypoint4)
0.843: (take_image rover1 waypoint4 objective0 camera1 colour)
0.854: (calibrate rover2 camera4 objective0 waypoint4)
0.845: (calibrate rover1 camera1 objective1 waypoint4)
0.848: (take_image rover1 waypoint4 objective5 camera3 colour)
0.886: (take_image rover1 waypoint4 objective1 camera1 low_res)
0.874: (take_image rover2 waypoint4 objective0 camera4 low_res)
1.074: (navigate rover0 waypoint11 waypoint22)
0.970: (navigate rover0 waypoint22 waypoint25)
0.938: (calibrate rover1 camera2 objective0 waypoint4)
0.934: (calibrate rover2 camera4 objective0 waypoint4)
0.945: (calibrate rover1 camera1 objective1 waypoint4)
0.946: (calibrate rover1 camera3 objective2 waypoint4)
0.947: (take_image rover1 waypoint4 objective1 camera1 high_res)
0.953: (take_image rover1 waypoint4 objective5 camera2 low_res)
[Final] Expanded: 1000, Generated: 27782
Failed to find a solution!
