/u/ibrahim.eisawy/Neural-Guided-Search/venv/lib/python3.10/site-packages/pymimir_rgnn/model.py:151: UserWarning: index_reduce() is in beta and the API may change at any time. (Triggered internally at /pytorch/aten/src/ATen/native/cuda/Indexing.cu:1541.)
  max_msg.index_reduce_(0, output_indices, output_messages, reduce='amax', include_self=True)
Torch: 2.12.0+cu130
Using GPU:  NVIDIA L40S
151.007: (sample_rock rover3 rover3store waypoint59)
147.983: (navigate rover3 waypoint59 waypoint64)
147.055: (navigate rover0 waypoint71 waypoint63)
145.689: (calibrate rover0 camera1 objective1 waypoint63)
144.557: (take_image rover0 waypoint63 objective1 camera1 colour)
142.877: (calibrate rover0 camera1 objective1 waypoint63)
142.231: (navigate rover4 waypoint9 waypoint76)
141.941: (take_image rover0 waypoint63 objective4 camera1 colour)
140.665: (calibrate rover0 camera1 objective1 waypoint63)
140.482: (take_image rover0 waypoint63 objective7 camera1 high_res)
138.920: (calibrate rover0 camera1 objective1 waypoint63)
138.210: (take_image rover0 waypoint63 objective5 camera1 high_res)
137.427: (calibrate rover0 camera1 objective1 waypoint63)
137.224: (navigate rover1 waypoint36 waypoint47)
136.974: (sample_soil rover1 rover1store waypoint47)
135.624: (drop rover1 rover1store)
135.411: (drop rover3 rover3store)
135.493: (navigate rover2 waypoint8 waypoint24)
134.852: (navigate rover2 waypoint24 waypoint57)
133.864: (navigate rover2 waypoint57 waypoint50)
132.762: (sample_soil rover2 rover2store waypoint50)
131.123: (drop rover2 rover2store)
130.662: (calibrate rover2 camera5 objective3 waypoint50)
130.524: (take_image rover2 waypoint50 objective9 camera5 high_res)
130.215: (calibrate rover2 camera5 objective3 waypoint50)
129.707: (take_image rover2 waypoint50 objective3 camera5 high_res)
129.433: (calibrate rover2 camera5 objective3 waypoint50)
129.514: (navigate rover1 waypoint47 waypoint62)
129.367: (navigate rover1 waypoint62 waypoint4)
129.188: (sample_soil rover1 rover1store waypoint4)
127.851: (drop rover1 rover1store)
126.577: (navigate rover1 waypoint4 waypoint62)
126.657: (navigate rover1 waypoint62 waypoint47)
126.826: (take_image rover0 waypoint63 objective4 camera1 high_res)
126.657: (calibrate rover0 camera1 objective1 waypoint63)
126.575: (navigate rover1 waypoint47 waypoint62)
126.699: (sample_soil rover1 rover1store waypoint62)
125.228: (drop rover1 rover1store)
123.868: (navigate rover1 waypoint62 waypoint47)
124.020: (take_image rover0 waypoint63 objective1 camera1 high_res)
123.862: (calibrate rover0 camera1 objective1 waypoint63)
124.016: (take_image rover0 waypoint63 objective5 camera1 colour)
123.842: (calibrate rover0 camera1 objective1 waypoint63)
124.019: (take_image rover0 waypoint63 objective7 camera1 colour)
123.859: (calibrate rover0 camera1 objective1 waypoint63)
124.045: (take_image rover2 waypoint50 objective4 camera5 high_res)
123.762: (calibrate rover2 camera5 objective3 waypoint50)
123.868: (take_image rover0 waypoint63 objective4 camera1 high_res)
124.129: (take_image rover2 waypoint50 objective3 camera5 high_res)
124.492: (navigate rover1 waypoint47 waypoint36)
124.219: (calibrate rover2 camera5 objective3 waypoint50)
124.114: (calibrate rover0 camera1 objective1 waypoint63)
124.077: (navigate rover1 waypoint36 waypoint74)
123.820: (navigate rover1 waypoint74 waypoint97)
123.935: (take_image rover0 waypoint63 objective4 camera1 high_res)
124.204: (navigate rover1 waypoint97 waypoint74)
124.018: (navigate rover1 waypoint74 waypoint93)
123.270: (sample_soil rover1 rover1store waypoint93)
121.710: (drop rover1 rover1store)
120.729: (navigate rover1 waypoint93 waypoint42)
120.626: (calibrate rover0 camera1 objective1 waypoint63)
120.910: (take_image rover2 waypoint50 objective9 camera5 high_res)
121.000: (take_image rover0 waypoint63 objective5 camera1 colour)
121.486: (navigate rover4 waypoint76 waypoint9)
121.210: (calibrate rover2 camera5 objective3 waypoint50)
120.944: (navigate rover4 waypoint9 waypoint38)
120.046: (navigate rover4 waypoint38 waypoint77)
119.425: (calibrate rover4 camera0 objective9 waypoint77)
115.645: (take_image rover4 waypoint77 objective2 camera0 low_res)
115.413: (calibrate rover4 camera0 objective9 waypoint77)
115.200: (calibrate rover4 camera7 objective9 waypoint77)
115.006: (calibrate rover0 camera1 objective1 waypoint63)
114.823: (calibrate rover4 camera6 objective9 waypoint77)
114.635: (take_image rover4 waypoint77 objective5 camera6 low_res)
114.438: (calibrate rover4 camera6 objective9 waypoint77)
114.580: (take_image rover4 waypoint77 objective2 camera6 colour)
114.387: (calibrate rover4 camera6 objective9 waypoint77)
114.558: (take_image rover4 waypoint77 objective4 camera6 colour)
114.368: (calibrate rover4 camera6 objective9 waypoint77)
114.537: (take_image rover4 waypoint77 objective3 camera0 high_res)
114.347: (calibrate rover4 camera0 objective9 waypoint77)
114.525: (take_image rover4 waypoint77 objective9 camera0 high_res)
114.323: (calibrate rover4 camera0 objective9 waypoint77)
114.515: (take_image rover4 waypoint77 objective1 camera6 colour)
114.320: (calibrate rover4 camera6 objective9 waypoint77)
114.514: (take_image rover4 waypoint77 objective2 camera0 high_res)
114.316: (calibrate rover4 camera0 objective9 waypoint77)
114.511: (take_image rover4 waypoint77 objective5 camera6 colour)
114.310: (calibrate rover4 camera6 objective9 waypoint77)
114.503: (take_image rover4 waypoint77 objective1 camera0 high_res)
114.311: (calibrate rover4 camera0 objective9 waypoint77)
114.504: (take_image rover4 waypoint77 objective3 camera6 colour)
114.312: (calibrate rover4 camera6 objective9 waypoint77)
114.503: (take_image rover4 waypoint77 objective2 camera0 high_res)
114.715: (take_image rover0 waypoint63 objective4 camera1 colour)
114.518: (calibrate rover4 camera0 objective9 waypoint77)
114.655: (take_image rover4 waypoint77 objective5 camera6 low_res)
114.876: (take_image rover4 waypoint77 objective1 camera7 high_res)
114.727: (calibrate rover0 camera1 objective1 waypoint63)
114.518: (calibrate rover4 camera6 objective9 waypoint77)
114.722: (take_image rover4 waypoint77 objective2 camera0 high_res)
114.928: (take_image rover0 waypoint63 objective1 camera1 colour)
114.732: (calibrate rover4 camera0 objective9 waypoint77)
114.876: (take_image rover4 waypoint77 objective4 camera6 low_res)
114.657: (calibrate rover4 camera7 objective9 waypoint77)
114.517: (calibrate rover0 camera1 objective1 waypoint63)
114.319: (calibrate rover4 camera6 objective9 waypoint77)
114.515: (take_image rover4 waypoint77 objective1 camera0 high_res)
114.722: (take_image rover0 waypoint63 objective5 camera1 high_res)
114.524: (calibrate rover4 camera0 objective9 waypoint77)
114.657: (take_image rover4 waypoint77 objective1 camera6 low_res)
114.521: (calibrate rover0 camera1 objective1 waypoint63)
114.321: (calibrate rover4 camera6 objective9 waypoint77)
114.519: (take_image rover4 waypoint77 objective2 camera0 high_res)
114.726: (take_image rover0 waypoint63 objective5 camera1 high_res)
114.526: (calibrate rover4 camera0 objective9 waypoint77)
114.660: (take_image rover4 waypoint77 objective6 camera6 colour)
114.543: (calibrate rover0 camera1 objective1 waypoint63)
114.343: (calibrate rover4 camera6 objective9 waypoint77)
114.543: (take_image rover4 waypoint77 objective5 camera0 low_res)
114.746: (take_image rover0 waypoint63 objective4 camera1 colour)
114.549: (calibrate rover4 camera0 objective9 waypoint77)
114.665: (take_image rover4 waypoint77 objective9 camera6 colour)
114.545: (calibrate rover0 camera1 objective1 waypoint63)
114.343: (calibrate rover4 camera6 objective9 waypoint77)
114.546: (take_image rover0 waypoint63 objective1 camera1 colour)
114.679: (take_image rover4 waypoint77 objective9 camera6 low_res)
114.559: (calibrate rover0 camera1 objective1 waypoint63)
114.355: (calibrate rover4 camera6 objective9 waypoint77)
114.556: (take_image rover4 waypoint77 objective9 camera0 low_res)
114.760: (take_image rover0 waypoint63 objective7 camera1 high_res)
114.560: (calibrate rover4 camera0 objective9 waypoint77)
114.700: (take_image rover4 waypoint77 objective3 camera6 low_res)
114.570: (calibrate rover4 camera6 objective9 waypoint77)
114.367: (calibrate rover0 camera1 objective1 waypoint63)
114.568: (take_image rover4 waypoint77 objective5 camera0 low_res)
114.772: (take_image rover0 waypoint63 objective1 camera1 high_res)
114.989: (take_image rover4 waypoint77 objective9 camera7 high_res)
114.785: (calibrate rover4 camera0 objective9 waypoint77)
114.587: (calibrate rover0 camera1 objective1 waypoint63)
114.786: (take_image rover4 waypoint77 objective5 camera0 low_res)
115.086: (take_image rover2 waypoint50 objective9 camera5 high_res)
114.869: (calibrate rover4 camera7 objective9 waypoint77)
114.688: (calibrate rover4 camera0 objective9 waypoint77)
114.865: (take_image rover4 waypoint77 objective5 camera0 high_res)
114.576: (calibrate rover2 camera5 objective3 waypoint50)
114.367: (calibrate rover4 camera0 objective9 waypoint77)
114.570: (take_image rover0 waypoint63 objective5 camera1 colour)
114.699: (take_image rover4 waypoint77 objective9 camera6 low_res)
114.572: (calibrate rover0 camera1 objective1 waypoint63)
114.789: (take_image rover4 waypoint77 objective9 camera7 high_res)
114.590: (calibrate rover4 camera6 objective9 waypoint77)
114.787: (take_image rover0 waypoint63 objective1 camera1 high_res)
114.924: (take_image rover4 waypoint77 objective9 camera6 low_res)
115.221: (take_image rover2 waypoint50 objective9 camera5 high_res)
115.002: (calibrate rover4 camera7 objective9 waypoint77)
114.865: (calibrate rover0 camera1 objective1 waypoint63)
114.690: (calibrate rover4 camera6 objective9 waypoint77)
114.868: (take_image rover4 waypoint77 objective4 camera0 high_res)
114.576: (calibrate rover2 camera5 objective3 waypoint50)
114.367: (calibrate rover4 camera0 objective9 waypoint77)
114.571: (take_image rover0 waypoint63 objective5 camera1 colour)
114.700: (take_image rover4 waypoint77 objective9 camera6 low_res)
114.574: (calibrate rover0 camera1 objective1 waypoint63)
114.789: (take_image rover4 waypoint77 objective2 camera7 high_res)
114.591: (calibrate rover4 camera6 objective9 waypoint77)
114.788: (take_image rover4 waypoint77 objective5 camera0 low_res)
114.990: (take_image rover0 waypoint63 objective1 camera1 high_res)
114.776: (calibrate rover4 camera7 objective9 waypoint77)
115.046: (take_image rover4 waypoint77 objective6 camera7 high_res)
114.830: (calibrate rover4 camera7 objective9 waypoint77)
114.626: (calibrate rover4 camera0 objective9 waypoint77)
114.422: (calibrate rover0 camera1 objective1 waypoint63)
114.623: (take_image rover4 waypoint77 objective3 camera6 colour)
114.762: (take_image rover0 waypoint63 objective4 camera1 colour)
114.982: (take_image rover4 waypoint77 objective9 camera7 high_res)
114.844: (calibrate rover4 camera6 objective9 waypoint77)
114.640: (calibrate rover0 camera1 objective1 waypoint63)
114.839: (take_image rover4 waypoint77 objective1 camera6 low_res)
115.140: (take_image rover2 waypoint50 objective3 camera5 high_res)
114.919: (calibrate rover4 camera7 objective9 waypoint77)
114.749: (calibrate rover4 camera6 objective9 waypoint77)
114.915: (take_image rover4 waypoint77 objective5 camera0 high_res)
114.628: (calibrate rover2 camera5 objective3 waypoint50)
114.842: (take_image rover4 waypoint77 objective2 camera7 high_res)
115.137: (take_image rover2 waypoint50 objective9 camera5 high_res)
114.933: (calibrate rover4 camera0 objective9 waypoint77)
115.134: (take_image rover0 waypoint63 objective1 camera1 colour)
114.945: (calibrate rover4 camera7 objective9 waypoint77)
115.059: (take_image rover4 waypoint77 objective3 camera6 low_res)
115.277: (take_image rover4 waypoint77 objective1 camera7 high_res)
115.601: (navigate rover0 waypoint63 waypoint67)
114.075: (communicate_image_data rover0 general objective5 high_res waypoint67 waypoint64)
113.487: (communicate_image_data rover0 general objective4 high_res waypoint67 waypoint64)
112.369: (communicate_image_data rover0 general objective4 colour waypoint67 waypoint64)
111.258: (communicate_image_data rover0 general objective1 high_res waypoint67 waypoint64)
110.813: (calibrate rover4 camera6 objective9 waypoint77)
110.570: (communicate_image_data rover0 general objective7 colour waypoint67 waypoint64)
110.229: (calibrate rover0 camera1 objective1 waypoint67)
110.098: (navigate rover0 waypoint67 waypoint63)
110.004: (calibrate rover2 camera5 objective3 waypoint50)
110.009: (calibrate rover4 camera7 objective9 waypoint77)
110.116: (navigate rover4 waypoint77 waypoint38)
110.032: (navigate rover4 waypoint38 waypoint23)
110.030: (take_image rover4 waypoint23 objective3 camera7 high_res)
110.102: (navigate rover4 waypoint23 waypoint38)
110.200: (take_image rover2 waypoint50 objective4 camera5 high_res)
110.116: (navigate rover4 waypoint38 waypoint23)
110.157: (calibrate rover4 camera7 objective9 waypoint23)
110.240: (navigate rover4 waypoint23 waypoint38)
110.145: (navigate rover4 waypoint38 waypoint77)
110.270: (navigate rover0 waypoint63 waypoint67)
110.133: (calibrate rover2 camera5 objective3 waypoint50)
110.074: (communicate_image_data rover0 general objective1 colour waypoint67 waypoint64)
109.889: (navigate rover0 waypoint67 waypoint63)
109.869: (take_image rover4 waypoint77 objective1 camera7 high_res)
109.940: (take_image rover2 waypoint50 objective4 camera5 high_res)
110.009: (calibrate rover4 camera7 objective9 waypoint77)
110.127: (take_image rover4 waypoint77 objective2 camera0 high_res)
110.048: (calibrate rover2 camera5 objective3 waypoint50)
110.035: (take_image rover4 waypoint77 objective9 camera7 high_res)
110.104: (take_image rover2 waypoint50 objective3 camera5 high_res)
110.248: (navigate rover4 waypoint77 waypoint38)
110.158: (navigate rover4 waypoint38 waypoint23)
109.981: (calibrate rover4 camera0 objective9 waypoint23)
109.918: (calibrate rover2 camera5 objective3 waypoint50)
109.931: (calibrate rover4 camera7 objective9 waypoint23)
110.026: (navigate rover4 waypoint23 waypoint38)
110.003: (take_image rover4 waypoint38 objective3 camera7 high_res)
110.073: (take_image rover2 waypoint50 objective3 camera5 high_res)
110.262: (navigate rover0 waypoint63 waypoint67)
110.118: (navigate rover4 waypoint38 waypoint77)
110.048: (calibrate rover2 camera5 objective3 waypoint50)
110.046: (communicate_image_data rover0 general objective5 colour waypoint67 waypoint64)
109.870: (navigate rover0 waypoint67 waypoint63)
109.889: (calibrate rover4 camera7 objective9 waypoint77)
110.006: (take_image rover2 waypoint50 objective4 camera5 high_res)
109.943: (take_image rover4 waypoint77 objective1 camera7 high_res)
110.073: (navigate rover4 waypoint77 waypoint38)
109.978: (navigate rover4 waypoint38 waypoint23)
109.915: (calibrate rover2 camera5 objective3 waypoint50)
109.927: (calibrate rover4 camera7 objective9 waypoint23)
110.024: (navigate rover4 waypoint23 waypoint38)
110.003: (take_image rover4 waypoint38 objective2 camera7 high_res)
110.178: (take_image rover4 waypoint38 objective3 camera0 low_res)
110.039: (navigate rover4 waypoint38 waypoint77)
110.047: (calibrate rover4 camera7 objective9 waypoint77)
110.126: (take_image rover2 waypoint50 objective4 camera5 high_res)
110.101: (take_image rover4 waypoint77 objective1 camera7 high_res)
110.245: (navigate rover4 waypoint77 waypoint38)
110.153: (navigate rover4 waypoint38 waypoint23)
110.092: (calibrate rover2 camera5 objective3 waypoint50)
110.087: (calibrate rover4 camera7 objective9 waypoint23)
110.165: (take_image rover2 waypoint50 objective4 camera5 high_res)
110.040: (calibrate rover4 camera0 objective9 waypoint23)
110.134: (navigate rover4 waypoint23 waypoint38)
110.263: (take_image rover4 waypoint38 objective2 camera0 low_res)
110.179: (calibrate rover2 camera5 objective3 waypoint50)
110.374: (navigate rover0 waypoint63 waypoint67)
110.223: (navigate rover4 waypoint38 waypoint77)
110.068: (calibrate rover4 camera0 objective9 waypoint77)
110.118: (communicate_image_data rover0 general objective7 high_res waypoint67 waypoint64)
109.932: (navigate rover0 waypoint67 waypoint63)
109.921: (take_image rover4 waypoint77 objective9 camera7 high_res)
109.998: (take_image rover2 waypoint50 objective3 camera5 high_res)
110.053: (calibrate rover4 camera7 objective9 waypoint77)
110.181: (take_image rover4 waypoint77 objective1 camera0 high_res)
110.095: (calibrate rover2 camera5 objective3 waypoint50)
110.089: (take_image rover4 waypoint77 objective2 camera7 high_res)
110.167: (take_image rover2 waypoint50 objective4 camera5 high_res)
110.313: (navigate rover4 waypoint77 waypoint38)
110.223: (navigate rover4 waypoint38 waypoint23)
110.044: (calibrate rover4 camera0 objective9 waypoint23)
109.974: (calibrate rover2 camera5 objective3 waypoint50)
109.979: (calibrate rover4 camera7 objective9 waypoint23)
110.072: (navigate rover4 waypoint23 waypoint38)
110.059: (take_image rover4 waypoint38 objective3 camera7 high_res)
110.134: (take_image rover2 waypoint50 objective9 camera5 high_res)
110.334: (navigate rover0 waypoint63 waypoint67)
110.183: (navigate rover4 waypoint38 waypoint77)
110.106: (calibrate rover2 camera5 objective3 waypoint50)
110.257: (navigate rover4 waypoint77 waypoint38)
110.147: (navigate rover4 waypoint38 waypoint23)
110.154: (calibrate rover4 camera7 objective9 waypoint23)
110.270: (take_image rover2 waypoint50 objective3 camera5 high_res)
110.100: (navigate rover0 waypoint67 waypoint63)
110.192: (navigate rover4 waypoint23 waypoint38)
110.321: (take_image rover4 waypoint38 objective3 camera0 high_res)
110.223: (navigate rover4 waypoint38 waypoint23)
110.139: (calibrate rover2 camera5 objective3 waypoint50)
110.147: (take_image rover4 waypoint23 objective9 camera7 high_res)
110.233: (navigate rover4 waypoint23 waypoint38)
110.435: (navigate rover0 waypoint63 waypoint67)
110.274: (navigate rover4 waypoint38 waypoint77)
110.278: (calibrate rover4 camera7 objective9 waypoint77)
110.367: (take_image rover2 waypoint50 objective9 camera5 high_res)
110.243: (calibrate rover4 camera0 objective9 waypoint77)
110.389: (navigate rover4 waypoint77 waypoint38)
110.276: (calibrate rover2 camera5 objective3 waypoint50)
110.426: (take_image rover4 waypoint38 objective2 camera0 low_res)
110.230: (navigate rover0 waypoint67 waypoint63)
110.472: (navigate rover0 waypoint63 waypoint70)
110.360: (navigate rover4 waypoint38 waypoint23)
110.196: (calibrate rover4 camera0 objective9 waypoint23)
110.193: (take_image rover4 waypoint23 objective3 camera7 high_res)
110.257: (take_image rover2 waypoint50 objective3 camera5 high_res)
110.310: (calibrate rover4 camera7 objective9 waypoint23)
110.428: (navigate rover4 waypoint23 waypoint38)
110.312: (calibrate rover2 camera5 objective3 waypoint50)
110.301: (take_image rover4 waypoint38 objective3 camera7 high_res)
110.309: (navigate rover4 waypoint38 waypoint77)
110.313: (calibrate rover4 camera7 objective9 waypoint77)
110.437: (take_image rover2 waypoint50 objective3 camera5 high_res)
110.385: (take_image rover4 waypoint77 objective1 camera7 high_res)
110.371: (navigate rover4 waypoint77 waypoint38)
110.549: (take_image rover4 waypoint38 objective3 camera0 low_res)
110.437: (navigate rover4 waypoint38 waypoint23)
110.372: (calibrate rover2 camera5 objective3 waypoint50)
110.481: (navigate rover4 waypoint23 waypoint38)
110.482: (navigate rover4 waypoint38 waypoint77)
110.481: (calibrate rover4 camera7 objective9 waypoint77)
110.568: (take_image rover2 waypoint50 objective3 camera5 high_res)
110.552: (take_image rover4 waypoint77 objective1 camera7 high_res)
110.734: (navigate rover4 waypoint77 waypoint78)
110.525: (navigate rover0 waypoint70 waypoint63)
110.345: (calibrate rover4 camera0 objective9 waypoint78)
110.271: (calibrate rover2 camera5 objective3 waypoint50)
110.277: (calibrate rover4 camera7 objective9 waypoint78)
110.400: (take_image rover2 waypoint50 objective9 camera5 high_res)
110.528: (take_image rover4 waypoint78 objective9 camera0 low_res)
110.441: (calibrate rover2 camera5 objective3 waypoint50)
110.451: (take_image rover4 waypoint78 objective2 camera7 high_res)
110.603: (navigate rover0 waypoint63 waypoint67)
110.427: (calibrate rover4 camera0 objective9 waypoint78)
110.435: (calibrate rover4 camera7 objective9 waypoint78)
110.551: (take_image rover2 waypoint50 objective4 camera5 high_res)
110.498: (take_image rover4 waypoint78 objective2 camera7 high_res)
110.663: (take_image rover4 waypoint78 objective5 camera0 low_res)
110.355: (navigate rover4 waypoint78 waypoint77)
110.508: (navigate rover4 waypoint77 waypoint38)
110.392: (navigate rover4 waypoint38 waypoint23)
110.215: (calibrate rover4 camera0 objective9 waypoint23)
110.550: (navigate rover4 waypoint23 waypoint27)
110.300: (navigate rover0 waypoint67 waypoint63)
110.230: (calibrate rover2 camera5 objective3 waypoint50)
110.186: (take_image rover4 waypoint27 objective7 camera0 low_res)
109.936: (navigate rover4 waypoint27 waypoint23)
109.762: (calibrate rover4 camera0 objective9 waypoint23)
109.763: (calibrate rover4 camera7 objective9 waypoint23)
109.861: (navigate rover4 waypoint23 waypoint38)
109.806: (navigate rover4 waypoint38 waypoint77)
109.792: (take_image rover4 waypoint77 objective6 camera7 high_res)
109.852: (navigate rover4 waypoint77 waypoint38)
109.928: (take_image rover2 waypoint50 objective4 camera5 high_res)
109.830: (navigate rover4 waypoint38 waypoint23)
109.883: (calibrate rover4 camera7 objective9 waypoint23)
109.979: (navigate rover4 waypoint23 waypoint38)
109.931: (navigate rover4 waypoint38 waypoint77)
109.867: (take_image rover4 waypoint77 objective9 camera7 high_res)
110.034: (take_image rover4 waypoint77 objective4 camera0 high_res)
109.960: (calibrate rover2 camera5 objective3 waypoint50)
109.965: (calibrate rover4 camera7 objective9 waypoint77)
110.016: (navigate rover4 waypoint77 waypoint38)
109.921: (navigate rover4 waypoint38 waypoint23)
110.008: (take_image rover2 waypoint50 objective9 camera5 high_res)
110.007: (take_image rover4 waypoint23 objective3 camera7 high_res)
110.103: (navigate rover4 waypoint23 waypoint38)
110.026: (calibrate rover2 camera5 objective3 waypoint50)
110.267: (navigate rover0 waypoint63 waypoint67)
110.155: (navigate rover4 waypoint38 waypoint23)
109.984: (calibrate rover4 camera0 objective9 waypoint23)
109.983: (calibrate rover4 camera7 objective9 waypoint23)
110.100: (navigate rover4 waypoint23 waypoint38)
110.043: (navigate rover4 waypoint38 waypoint77)
110.025: (take_image rover4 waypoint77 objective9 camera7 high_res)
110.092: (navigate rover4 waypoint77 waypoint38)
110.167: (take_image rover2 waypoint50 objective3 camera5 high_res)
110.047: (navigate rover4 waypoint38 waypoint23)
110.101: (calibrate rover4 camera7 objective9 waypoint23)
110.219: (navigate rover4 waypoint23 waypoint38)
110.168: (navigate rover4 waypoint38 waypoint77)
110.108: (take_image rover4 waypoint77 objective4 camera7 high_res)
110.274: (take_image rover4 waypoint77 objective5 camera0 low_res)
110.200: (calibrate rover2 camera5 objective3 waypoint50)
110.202: (calibrate rover4 camera7 objective9 waypoint77)
110.258: (navigate rover4 waypoint77 waypoint38)
110.143: (navigate rover4 waypoint38 waypoint23)
110.227: (take_image rover2 waypoint50 objective9 camera5 high_res)
110.223: (take_image rover4 waypoint23 objective3 camera7 high_res)
110.338: (navigate rover4 waypoint23 waypoint38)
110.752: (take_image rover0 waypoint67 objective2 camera1 colour)
110.330: (calibrate rover0 camera1 objective1 waypoint67)
110.086: (navigate rover0 waypoint67 waypoint63)
109.993: (navigate rover4 waypoint38 waypoint23)
109.816: (calibrate rover4 camera0 objective9 waypoint23)
109.749: (calibrate rover2 camera5 objective3 waypoint50)
109.750: (calibrate rover4 camera7 objective9 waypoint23)
109.846: (navigate rover4 waypoint23 waypoint38)
109.803: (navigate rover4 waypoint38 waypoint77)
109.794: (take_image rover4 waypoint77 objective2 camera7 high_res)
109.832: (navigate rover4 waypoint77 waypoint38)
109.907: (take_image rover2 waypoint50 objective9 camera5 high_res)
109.867: (navigate rover4 waypoint38 waypoint77)
109.925: (calibrate rover4 camera7 objective9 waypoint77)
109.964: (navigate rover4 waypoint77 waypoint38)
109.866: (navigate rover4 waypoint38 waypoint23)
109.992: (take_image rover4 waypoint23 objective9 camera0 high_res)
109.909: (calibrate rover2 camera5 objective3 waypoint50)
109.922: (take_image rover4 waypoint23 objective9 camera7 high_res)
110.006: (navigate rover4 waypoint23 waypoint38)
109.959: (navigate rover4 waypoint38 waypoint77)
109.961: (calibrate rover4 camera7 objective9 waypoint77)
110.001: (navigate rover4 waypoint77 waypoint38)
110.087: (take_image rover2 waypoint50 objective9 camera5 high_res)
110.051: (navigate rover4 waypoint38 waypoint77)
110.031: (take_image rover4 waypoint77 objective9 camera7 high_res)
110.274: (navigate rover0 waypoint63 waypoint67)
110.107: (calibrate rover4 camera0 objective9 waypoint77)
110.027: (calibrate rover2 camera5 objective3 waypoint50)
110.035: (calibrate rover4 camera7 objective9 waypoint77)
110.073: (communicate_image_data rover0 general objective2 colour waypoint67 waypoint64)
109.803: (navigate rover0 waypoint67 waypoint63)
109.787: (take_image rover4 waypoint77 objective3 camera7 high_res)
109.858: (navigate rover4 waypoint77 waypoint38)
109.750: (navigate rover4 waypoint38 waypoint23)
109.745: (calibrate rover4 camera7 objective9 waypoint23)
109.866: (navigate rover4 waypoint23 waypoint38)
109.985: (take_image rover2 waypoint50 objective9 camera5 high_res)
109.877: (navigate rover4 waypoint38 waypoint23)
109.811: (take_image rover4 waypoint23 objective9 camera7 high_res)
109.929: (navigate rover4 waypoint23 waypoint38)
109.865: (navigate rover4 waypoint38 waypoint77)
109.931: (calibrate rover4 camera7 objective9 waypoint77)
110.048: (take_image rover4 waypoint77 objective9 camera0 low_res)
109.959: (calibrate rover2 camera5 objective3 waypoint50)
109.954: (take_image rover4 waypoint77 objective4 camera7 high_res)
110.031: (navigate rover4 waypoint77 waypoint38)
109.922: (navigate rover4 waypoint38 waypoint23)
109.911: (calibrate rover4 camera7 objective9 waypoint23)
109.991: (take_image rover2 waypoint50 objective9 camera5 high_res)
109.988: (take_image rover4 waypoint23 objective9 camera7 high_res)
110.103: (navigate rover4 waypoint23 waypoint38)
110.034: (navigate rover4 waypoint38 waypoint77)
110.307: (navigate rover4 waypoint77 waypoint78)
110.128: (calibrate rover4 camera0 objective9 waypoint78)
110.064: (calibrate rover2 camera5 objective3 waypoint50)
110.063: (calibrate rover4 camera7 objective9 waypoint78)
110.191: (take_image rover2 waypoint50 objective4 camera5 high_res)
110.311: (take_image rover4 waypoint78 objective3 camera0 high_res)
110.232: (calibrate rover2 camera5 objective3 waypoint50)
110.235: (take_image rover4 waypoint78 objective2 camera7 high_res)
110.483: (navigate rover0 waypoint63 waypoint67)
110.240: (navigate rover4 waypoint78 waypoint77)
110.072: (calibrate rover4 camera0 objective9 waypoint77)
110.143: (take_image rover2 waypoint50 objective4 camera5 high_res)
110.208: (calibrate rover4 camera7 objective9 waypoint77)
110.279: (navigate rover4 waypoint77 waypoint38)
110.146: (navigate rover4 waypoint38 waypoint23)
110.024: (calibrate rover2 camera5 objective3 waypoint50)
110.023: (take_image rover4 waypoint23 objective4 camera7 high_res)
110.086: (take_image rover2 waypoint50 objective9 camera5 high_res)
110.221: (navigate rover4 waypoint23 waypoint38)
110.149: (calibrate rover2 camera5 objective3 waypoint50)
110.324: (take_image rover4 waypoint38 objective3 camera0 high_res)
110.200: (navigate rover4 waypoint38 waypoint23)
110.189: (calibrate rover4 camera7 objective9 waypoint23)
110.266: (take_image rover2 waypoint50 objective3 camera5 high_res)
110.256: (take_image rover4 waypoint23 objective3 camera7 high_res)
110.396: (navigate rover4 waypoint23 waypoint38)
110.310: (navigate rover4 waypoint38 waypoint77)
110.325: (calibrate rover4 camera7 objective9 waypoint77)
110.238: (calibrate rover2 camera5 objective3 waypoint50)
110.316: (navigate rover4 waypoint77 waypoint38)
110.024: (navigate rover0 waypoint67 waypoint63)
110.104: (take_image rover2 waypoint50 objective9 camera5 high_res)
110.400: (navigate rover0 waypoint63 waypoint67)
110.786: (navigate rover4 waypoint38 waypoint9)
110.452: (navigate rover0 waypoint67 waypoint63)
110.231: (navigate rover4 waypoint9 waypoint76)
110.151: (calibrate rover2 camera5 objective3 waypoint50)
110.150: (take_image rover4 waypoint76 objective1 camera7 high_res)
110.214: (take_image rover2 waypoint50 objective9 camera5 high_res)
110.449: (navigate rover4 waypoint76 waypoint9)
110.349: (navigate rover4 waypoint9 waypoint7)
109.182: (navigate rover4 waypoint7 waypoint28)
109.107: (calibrate rover2 camera5 objective3 waypoint50)
109.475: (take_image rover4 waypoint28 objective7 camera6 colour)
109.542: (take_image rover2 waypoint50 objective3 camera5 high_res)
109.939: (navigate rover4 waypoint28 waypoint18)
109.870: (calibrate rover2 camera5 objective3 waypoint50)
110.084: (navigate rover0 waypoint63 waypoint67)
109.938: (navigate rover4 waypoint18 waypoint28)
110.011: (take_image rover2 waypoint50 objective4 camera5 high_res)
110.150: (navigate rover4 waypoint28 waypoint18)
110.757: (navigate rover0 waypoint67 waypoint2)
110.671: (calibrate rover2 camera5 objective3 waypoint50)
110.670: (navigate rover4 waypoint18 waypoint28)
110.745: (take_image rover2 waypoint50 objective9 camera5 high_res)
111.284: (navigate rover4 waypoint28 waypoint54)
110.794: (navigate rover0 waypoint2 waypoint67)
110.514: (navigate rover0 waypoint67 waypoint63)
110.452: (calibrate rover2 camera5 objective3 waypoint50)
110.730: (navigate rover0 waypoint63 waypoint67)
111.198: (navigate rover0 waypoint67 waypoint2)
112.077: (take_image rover0 waypoint2 objective3 camera1 colour)
111.571: (navigate rover4 waypoint54 waypoint28)
110.823: (navigate rover0 waypoint2 waypoint67)
109.933: (calibrate rover0 camera1 objective1 waypoint67)
109.456: (navigate rover0 waypoint67 waypoint63)
109.531: (take_image rover2 waypoint50 objective3 camera5 high_res)
109.928: (navigate rover4 waypoint28 waypoint18)
109.856: (calibrate rover2 camera5 objective3 waypoint50)
110.077: (navigate rover0 waypoint63 waypoint67)
110.064: (communicate_image_data rover0 general objective3 colour waypoint67 waypoint64)
109.852: (navigate rover0 waypoint67 waypoint63)
109.420: (navigate rover4 waypoint18 waypoint28)
109.498: (take_image rover2 waypoint50 objective9 camera5 high_res)
109.930: (navigate rover4 waypoint28 waypoint18)
110.142: (navigate rover0 waypoint63 waypoint67)
109.974: (navigate rover4 waypoint18 waypoint28)
109.896: (calibrate rover2 camera5 objective3 waypoint50)
110.607: (navigate rover0 waypoint67 waypoint2)
110.656: (navigate rover4 waypoint28 waypoint18)
110.736: (take_image rover2 waypoint50 objective9 camera5 high_res)
110.688: (navigate rover4 waypoint18 waypoint28)
111.232: (navigate rover4 waypoint28 waypoint54)
110.749: (navigate rover0 waypoint2 waypoint67)
110.454: (navigate rover0 waypoint67 waypoint63)
110.393: (calibrate rover2 camera5 objective3 waypoint50)
110.686: (navigate rover0 waypoint63 waypoint67)
111.164: (navigate rover0 waypoint67 waypoint2)
112.024: (take_image rover0 waypoint2 objective9 camera1 colour)
111.501: (navigate rover4 waypoint54 waypoint28)
110.770: (navigate rover0 waypoint2 waypoint67)
109.760: (communicate_image_data rover0 general objective9 colour waypoint67 waypoint64)
109.441: (navigate rover0 waypoint67 waypoint63)
109.454: (calibrate rover0 camera1 objective1 waypoint63)
109.567: (take_image rover2 waypoint50 objective9 camera5 high_res)
109.582: (take_image rover0 waypoint63 objective7 camera1 high_res)
109.899: (navigate rover0 waypoint63 waypoint67)
109.853: (calibrate rover0 camera1 objective1 waypoint67)
109.745: (calibrate rover2 camera5 objective3 waypoint50)
109.759: (take_image rover0 waypoint67 objective2 camera1 high_res)
109.442: (navigate rover0 waypoint67 waypoint63)
109.454: (calibrate rover0 camera1 objective1 waypoint63)
109.567: (take_image rover2 waypoint50 objective9 camera5 high_res)
109.581: (take_image rover0 waypoint63 objective7 camera1 high_res)
109.899: (navigate rover0 waypoint63 waypoint67)
109.854: (calibrate rover0 camera1 objective1 waypoint67)
109.745: (calibrate rover2 camera5 objective3 waypoint50)
109.743: (communicate_image_data rover0 general objective2 high_res waypoint67 waypoint64)
109.454: (navigate rover0 waypoint67 waypoint63)
109.441: (take_image rover0 waypoint63 objective4 camera1 colour)
109.582: (take_image rover2 waypoint50 objective4 camera5 high_res)
109.565: (calibrate rover0 camera1 objective1 waypoint63)
109.854: (navigate rover0 waypoint63 waypoint67)
109.897: (take_image rover0 waypoint67 objective5 camera1 high_res)
109.759: (calibrate rover2 camera5 objective3 waypoint50)
109.982: (navigate rover4 waypoint28 waypoint18)
109.933: (navigate rover0 waypoint67 waypoint63)
109.955: (calibrate rover0 camera1 objective1 waypoint63)
109.993: (navigate rover0 waypoint63 waypoint67)
109.980: (take_image rover0 waypoint67 objective3 camera1 high_res)
109.756: (navigate rover4 waypoint18 waypoint28)
109.442: (navigate rover0 waypoint67 waypoint63)
109.454: (calibrate rover0 camera1 objective1 waypoint63)
109.569: (take_image rover2 waypoint50 objective9 camera5 high_res)
109.583: (take_image rover0 waypoint63 objective7 camera1 high_res)
109.899: (navigate rover0 waypoint63 waypoint67)
109.854: (calibrate rover0 camera1 objective1 waypoint67)
109.745: (calibrate rover2 camera5 objective3 waypoint50)
109.743: (communicate_image_data rover0 general objective3 high_res waypoint67 waypoint64)
109.454: (navigate rover0 waypoint67 waypoint63)
109.441: (take_image rover0 waypoint63 objective4 camera1 colour)
109.583: (take_image rover2 waypoint50 objective4 camera5 high_res)
109.566: (calibrate rover0 camera1 objective1 waypoint63)
109.854: (navigate rover0 waypoint63 waypoint67)
109.898: (take_image rover0 waypoint67 objective5 camera1 high_res)
109.758: (calibrate rover2 camera5 objective3 waypoint50)
109.982: (navigate rover4 waypoint28 waypoint18)
109.933: (navigate rover0 waypoint67 waypoint63)
109.955: (calibrate rover0 camera1 objective1 waypoint63)
109.992: (navigate rover0 waypoint63 waypoint67)
109.987: (take_image rover0 waypoint67 objective6 camera1 colour)
109.764: (navigate rover4 waypoint18 waypoint28)
109.450: (navigate rover0 waypoint67 waypoint63)
109.462: (calibrate rover0 camera1 objective1 waypoint63)
109.575: (take_image rover2 waypoint50 objective4 camera5 high_res)
109.590: (take_image rover0 waypoint63 objective1 camera1 colour)
109.908: (navigate rover0 waypoint63 waypoint67)
109.857: (calibrate rover0 camera1 objective1 waypoint67)
109.748: (calibrate rover2 camera5 objective3 waypoint50)
109.733: (communicate_image_data rover0 general objective6 colour waypoint67 waypoint64)
109.434: (navigate rover0 waypoint67 waypoint63)
109.416: (take_image rover0 waypoint63 objective5 camera1 colour)
109.556: (take_image rover2 waypoint50 objective4 camera5 high_res)
109.547: (calibrate rover0 camera1 objective1 waypoint63)
109.836: (navigate rover0 waypoint63 waypoint67)
109.881: (take_image rover0 waypoint67 objective6 camera1 high_res)
109.563: (navigate rover0 waypoint67 waypoint63)
109.420: (calibrate rover2 camera5 objective3 waypoint50)
109.439: (calibrate rover0 camera1 objective1 waypoint63)
109.551: (take_image rover2 waypoint50 objective9 camera5 high_res)
109.836: (navigate rover0 waypoint63 waypoint67)
109.729: (calibrate rover2 camera5 objective3 waypoint50)
109.733: (communicate_image_data rover0 general objective6 high_res waypoint67 waypoint64)
109.442: (navigate rover0 waypoint67 waypoint63)
109.423: (take_image rover0 waypoint63 objective5 camera1 high_res)
109.564: (take_image rover2 waypoint50 objective4 camera5 high_res)
109.554: (calibrate rover0 camera1 objective1 waypoint63)
109.839: (navigate rover0 waypoint63 waypoint67)
109.882: (take_image rover0 waypoint67 objective6 camera1 high_res)
109.744: (calibrate rover2 camera5 objective3 waypoint50)
109.969: (navigate rover4 waypoint28 waypoint18)
109.920: (navigate rover0 waypoint67 waypoint63)
109.948: (calibrate rover0 camera1 objective1 waypoint63)
109.979: (navigate rover0 waypoint63 waypoint67)
110.085: (take_image rover2 waypoint50 objective4 camera5 high_res)
110.059: (navigate rover0 waypoint67 waypoint63)
110.048: (take_image rover0 waypoint63 objective7 camera1 high_res)
110.106: (navigate rover0 waypoint63 waypoint67)
110.702: (navigate rover0 waypoint67 waypoint2)
110.558: (calibrate rover2 camera5 objective3 waypoint50)
110.491: (navigate rover4 waypoint18 waypoint28)
110.638: (take_image rover2 waypoint50 objective4 camera5 high_res)
111.101: (navigate rover4 waypoint28 waypoint54)
110.601: (navigate rover0 waypoint2 waypoint67)
110.431: (navigate rover0 waypoint67 waypoint63)
110.310: (calibrate rover2 camera5 objective3 waypoint50)
110.350: (calibrate rover0 camera1 objective1 waypoint63)
110.449: (take_image rover2 waypoint50 objective9 camera5 high_res)
110.596: (navigate rover0 waypoint63 waypoint67)
110.505: (calibrate rover2 camera5 objective3 waypoint50)
110.483: (take_image rover0 waypoint67 objective2 camera1 high_res)
110.970: (navigate rover0 waypoint67 waypoint2)
112.004: (navigate rover3 waypoint64 waypoint26)
110.853: (communicate_rock_data rover3 general waypoint59 waypoint26 waypoint64)
109.728: (sample_rock rover3 rover3store waypoint26)
108.044: (navigate rover3 waypoint26 waypoint64)
107.525: (drop rover3 rover3store)
107.043: (navigate rover4 waypoint54 waypoint28)
106.352: (navigate rover0 waypoint2 waypoint67)
105.939: (navigate rover0 waypoint67 waypoint63)
105.963: (calibrate rover0 camera1 objective1 waypoint63)
106.065: (take_image rover2 waypoint50 objective9 camera5 high_res)
106.076: (take_image rover0 waypoint63 objective4 camera1 colour)
106.492: (navigate rover0 waypoint63 waypoint67)
106.441: (calibrate rover0 camera1 objective1 waypoint67)
106.344: (calibrate rover2 camera5 objective3 waypoint50)
106.527: (navigate rover4 waypoint28 waypoint18)
106.441: (navigate rover0 waypoint67 waypoint63)
106.406: (take_image rover0 waypoint63 objective7 camera1 high_res)
106.520: (navigate rover0 waypoint63 waypoint67)
106.653: (take_image rover2 waypoint50 objective9 camera5 high_res)
106.537: (navigate rover0 waypoint67 waypoint63)
106.542: (calibrate rover0 camera1 objective1 waypoint63)
106.626: (navigate rover0 waypoint63 waypoint67)
107.180: (navigate rover0 waypoint67 waypoint2)
107.078: (calibrate rover2 camera5 objective3 waypoint50)
107.035: (navigate rover4 waypoint18 waypoint28)
107.040: (take_image rover0 waypoint2 objective9 camera1 high_res)
106.352: (navigate rover0 waypoint2 waypoint67)
105.940: (navigate rover0 waypoint67 waypoint63)
105.963: (calibrate rover0 camera1 objective1 waypoint63)
106.065: (take_image rover2 waypoint50 objective9 camera5 high_res)
106.077: (take_image rover0 waypoint63 objective4 camera1 colour)
106.491: (navigate rover0 waypoint63 waypoint67)
106.441: (calibrate rover0 camera1 objective1 waypoint67)
106.344: (calibrate rover2 camera5 objective3 waypoint50)
106.344: (communicate_image_data rover0 general objective9 high_res waypoint67 waypoint64)
105.964: (navigate rover0 waypoint67 waypoint63)
105.938: (take_image rover0 waypoint63 objective7 camera1 high_res)
106.079: (take_image rover2 waypoint50 objective3 camera5 high_res)
106.067: (calibrate rover0 camera1 objective1 waypoint63)
106.442: (navigate rover0 waypoint63 waypoint67)
106.492: (take_image rover0 waypoint67 objective5 camera1 high_res)
106.353: (calibrate rover2 camera5 objective3 waypoint50)
106.520: (navigate rover4 waypoint28 waypoint18)
106.408: (navigate rover0 waypoint67 waypoint63)
106.443: (calibrate rover0 camera1 objective1 waypoint63)
106.531: (navigate rover0 waypoint63 waypoint67)
106.626: (take_image rover2 waypoint50 objective3 camera5 high_res)
106.543: (navigate rover0 waypoint67 waypoint63)
106.539: (take_image rover0 waypoint63 objective1 camera1 colour)
106.654: (navigate rover0 waypoint63 waypoint67)
107.213: (navigate rover0 waypoint67 waypoint2)
107.070: (calibrate rover2 camera5 objective3 waypoint50)
107.044: (navigate rover4 waypoint18 waypoint28)
107.188: (take_image rover2 waypoint50 objective9 camera5 high_res)
107.660: (navigate rover4 waypoint28 waypoint54)
107.235: (navigate rover0 waypoint2 waypoint67)
106.991: (navigate rover0 waypoint67 waypoint63)
106.873: (calibrate rover2 camera5 objective3 waypoint50)
106.913: (calibrate rover0 camera1 objective1 waypoint63)
106.998: (take_image rover2 waypoint50 objective4 camera5 high_res)
107.222: (navigate rover0 waypoint63 waypoint67)
107.142: (calibrate rover2 camera5 objective3 waypoint50)
107.116: (take_image rover0 waypoint67 objective6 camera1 high_res)
107.524: (navigate rover0 waypoint67 waypoint2)
108.264: (navigate rover3 waypoint64 waypoint59)
107.262: (communicate_rock_data rover3 general waypoint26 waypoint59 waypoint64)
106.647: (navigate rover3 waypoint59 waypoint64)
106.137: (navigate rover4 waypoint54 waypoint28)
105.445: (navigate rover0 waypoint2 waypoint67)
105.146: (navigate rover0 waypoint67 waypoint63)
105.156: (calibrate rover0 camera1 objective1 waypoint63)
105.269: (take_image rover2 waypoint50 objective3 camera5 high_res)
105.283: (take_image rover0 waypoint63 objective1 camera1 high_res)
105.590: (navigate rover0 waypoint63 waypoint67)
105.545: (calibrate rover0 camera1 objective1 waypoint67)
105.435: (calibrate rover2 camera5 objective3 waypoint50)
105.684: (navigate rover4 waypoint28 waypoint18)
105.679: (take_image rover0 waypoint67 objective1 camera1 colour)
105.689: (navigate rover0 waypoint67 waypoint63)
105.677: (navigate rover0 waypoint63 waypoint70)
105.447: (navigate rover4 waypoint18 waypoint28)
105.590: (take_image rover2 waypoint50 objective4 camera5 high_res)
105.814: (navigate rover4 waypoint28 waypoint18)
105.821: (navigate rover0 waypoint70 waypoint63)
105.815: (navigate rover0 waypoint63 waypoint67)
105.791: (calibrate rover0 camera1 objective1 waypoint67)
105.829: (navigate rover0 waypoint67 waypoint63)
105.721: (calibrate rover2 camera5 objective3 waypoint50)
105.683: (navigate rover0 waypoint63 waypoint70)
105.431: (navigate rover4 waypoint18 waypoint28)
105.540: (take_image rover2 waypoint50 objective9 camera5 high_res)
105.788: (navigate rover4 waypoint28 waypoint18)
106.524: (navigate rover3 waypoint64 waypoint26)
106.292: (navigate rover4 waypoint18 waypoint28)
105.968: (navigate rover0 waypoint70 waypoint63)
105.854: (calibrate rover2 camera5 objective3 waypoint50)
105.861: (take_image rover0 waypoint63 objective1 camera1 colour)
106.000: (take_image rover2 waypoint50 objective4 camera5 high_res)
106.336: (navigate rover0 waypoint63 waypoint70)
106.204: (calibrate rover2 camera5 objective3 waypoint50)
106.420: (navigate rover4 waypoint28 waypoint18)
106.311: (navigate rover0 waypoint70 waypoint63)
106.326: (calibrate rover0 camera1 objective1 waypoint63)
106.424: (navigate rover0 waypoint63 waypoint70)
106.186: (navigate rover4 waypoint18 waypoint28)
106.600: (navigate rover4 waypoint28 waypoint19)
106.122: (navigate rover3 waypoint26 waypoint64)
106.122: (take_image rover0 waypoint70 objective9 camera1 colour)
106.201: (navigate rover0 waypoint70 waypoint63)
106.235: (calibrate rover0 camera1 objective1 waypoint63)
106.341: (take_image rover2 waypoint50 objective9 camera5 high_res)
106.221: (navigate rover0 waypoint63 waypoint70)
106.260: (take_image rover0 waypoint70 objective9 camera1 high_res)
106.337: (navigate rover0 waypoint70 waypoint63)
106.499: (navigate rover4 waypoint19 waypoint37)
106.162: (calibrate rover4 camera0 objective9 waypoint37)
106.017: (calibrate rover4 camera6 objective9 waypoint37)
105.900: (navigate rover4 waypoint37 waypoint19)
104.879: (navigate rover4 waypoint19 waypoint28)
104.776: (calibrate rover2 camera5 objective3 waypoint50)
104.820: (calibrate rover0 camera1 objective1 waypoint63)
104.914: (take_image rover4 waypoint28 objective5 camera6 colour)
104.905: (take_image rover0 waypoint63 objective4 camera1 colour)
105.004: (take_image rover2 waypoint50 objective3 camera5 high_res)
105.037: (calibrate rover0 camera1 objective1 waypoint63)
105.266: (take_image rover4 waypoint28 objective7 camera0 high_res)
105.152: (calibrate rover2 camera5 objective3 waypoint50)
105.136: (take_image rover0 waypoint63 objective5 camera1 high_res)
105.274: (take_image rover2 waypoint50 objective3 camera5 high_res)
105.590: (navigate rover0 waypoint63 waypoint67)
105.447: (calibrate rover2 camera5 objective3 waypoint50)
105.435: (calibrate rover0 camera1 objective1 waypoint67)
105.544: (take_image rover2 waypoint50 objective3 camera5 high_res)
105.791: (navigate rover4 waypoint28 waypoint18)
105.686: (calibrate rover2 camera5 objective3 waypoint50)
105.679: (take_image rover0 waypoint67 objective1 camera1 colour)
105.683: (navigate rover0 waypoint67 waypoint63)
105.678: (navigate rover0 waypoint63 waypoint70)
105.448: (navigate rover4 waypoint18 waypoint28)
105.590: (take_image rover2 waypoint50 objective4 camera5 high_res)
105.814: (navigate rover4 waypoint28 waypoint18)
105.810: (navigate rover0 waypoint70 waypoint63)
105.815: (navigate rover0 waypoint63 waypoint67)
106.368: (navigate rover0 waypoint67 waypoint2)
106.227: (calibrate rover2 camera5 objective3 waypoint50)
106.136: (navigate rover4 waypoint18 waypoint28)
106.283: (take_image rover2 waypoint50 objective3 camera5 high_res)
106.776: (navigate rover4 waypoint28 waypoint54)
106.403: (navigate rover0 waypoint2 waypoint67)
106.233: (navigate rover0 waypoint67 waypoint63)
106.118: (calibrate rover2 camera5 objective3 waypoint50)
106.147: (calibrate rover0 camera1 objective1 waypoint63)
106.243: (take_image rover2 waypoint50 objective9 camera5 high_res)
106.391: (navigate rover0 waypoint63 waypoint67)
106.301: (calibrate rover2 camera5 objective3 waypoint50)
106.286: (take_image rover0 waypoint67 objective3 camera1 high_res)
106.650: (navigate rover0 waypoint67 waypoint2)
107.264: (navigate rover3 waypoint64 waypoint59)
106.893: (navigate rover4 waypoint54 waypoint28)
106.346: (navigate rover3 waypoint59 waypoint47)
105.743: (sample_rock rover3 rover3store waypoint47)
104.622: (navigate rover3 waypoint47 waypoint16)
103.604: (drop rover3 rover3store)
102.889: (sample_rock rover3 rover3store waypoint16)
101.835: (drop rover3 rover3store)
101.162: (navigate rover0 waypoint2 waypoint67)
100.611: (navigate rover0 waypoint67 waypoint63)
100.121: (calibrate rover3 camera4 objective7 waypoint16)
99.810: (navigate rover3 waypoint16 waypoint47)
98.539: (navigate rover3 waypoint47 waypoint46)
97.504: (communicate_rock_data rover3 general waypoint47 waypoint46 waypoint64)
96.962: (communicate_rock_data rover3 general waypoint16 waypoint46 waypoint64)
96.600: (navigate rover3 waypoint46 waypoint25)
96.131: (sample_rock rover3 rover3store waypoint25)
95.091: (drop rover3 rover3store)
94.949: (navigate rover3 waypoint25 waypoint46)
94.517: (navigate rover3 waypoint46 waypoint94)
93.658: (sample_rock rover3 rover3store waypoint94)
92.620: (drop rover3 rover3store)
92.304: (navigate rover3 waypoint94 waypoint46)
91.236: (communicate_rock_data rover3 general waypoint94 waypoint46 waypoint64)
90.715: (communicate_rock_data rover3 general waypoint25 waypoint46 waypoint64)
90.597: (navigate rover3 waypoint46 waypoint25)
90.629: (calibrate rover0 camera1 objective1 waypoint63)
90.739: (take_image rover2 waypoint50 objective3 camera5 high_res)
90.694: (take_image rover0 waypoint63 objective5 camera1 high_res)
90.810: (navigate rover3 waypoint25 waypoint46)
90.855: (calibrate rover0 camera1 objective1 waypoint63)
90.748: (calibrate rover2 camera5 objective3 waypoint50)
91.079: (take_image rover3 waypoint46 objective3 camera4 low_res)
90.932: (navigate rover3 waypoint46 waypoint25)
90.463: (calibrate rover3 camera4 objective7 waypoint25)
90.419: (take_image rover0 waypoint63 objective1 camera1 colour)
90.565: (navigate rover3 waypoint25 waypoint46)
90.567: (communicate_image_data rover3 general objective3 low_res waypoint46 waypoint64)
90.428: (navigate rover3 waypoint46 waypoint25)
90.475: (calibrate rover0 camera1 objective1 waypoint63)
90.617: (navigate rover3 waypoint25 waypoint46)
90.769: (take_image rover2 waypoint50 objective9 camera5 high_res)
90.622: (navigate rover3 waypoint46 waypoint25)
90.575: (take_image rover0 waypoint63 objective1 camera1 colour)
90.721: (navigate rover3 waypoint25 waypoint46)
90.974: (navigate rover3 waypoint46 waypoint94)
90.828: (calibrate rover2 camera5 objective3 waypoint50)
90.824: (take_image rover3 waypoint94 objective2 camera4 low_res)
90.852: (calibrate rover0 camera1 objective1 waypoint63)
90.991: (take_image rover2 waypoint50 objective3 camera5 high_res)
91.008: (take_image rover0 waypoint63 objective7 camera1 high_res)
91.218: (navigate rover3 waypoint94 waypoint46)
90.922: (communicate_image_data rover3 general objective2 low_res waypoint46 waypoint64)
90.760: (calibrate rover2 camera5 objective3 waypoint50)
90.609: (navigate rover3 waypoint46 waypoint25)
90.134: (calibrate rover3 camera4 objective7 waypoint25)
90.193: (calibrate rover0 camera1 objective1 waypoint63)
90.317: (take_image rover2 waypoint50 objective4 camera5 high_res)
90.261: (take_image rover0 waypoint63 objective1 camera1 colour)
90.417: (navigate rover3 waypoint25 waypoint46)
90.293: (calibrate rover2 camera5 objective3 waypoint50)
90.349: (calibrate rover0 camera1 objective1 waypoint63)
90.473: (take_image rover2 waypoint50 objective9 camera5 high_res)
90.629: (navigate rover3 waypoint46 waypoint94)
90.503: (calibrate rover2 camera5 objective3 waypoint50)
90.443: (take_image rover0 waypoint63 objective1 camera1 colour)
90.572: (take_image rover2 waypoint50 objective9 camera5 high_res)
90.927: (navigate rover0 waypoint63 waypoint70)
90.801: (calibrate rover2 camera5 objective3 waypoint50)
90.743: (navigate rover3 waypoint94 waypoint46)
90.686: (navigate rover3 waypoint46 waypoint25)
90.810: (take_image rover2 waypoint50 objective9 camera5 high_res)
90.870: (navigate rover3 waypoint25 waypoint46)
91.166: (navigate rover4 waypoint28 waypoint19)
91.018: (navigate rover0 waypoint70 waypoint63)
90.902: (calibrate rover2 camera5 objective3 waypoint50)
90.974: (calibrate rover0 camera1 objective1 waypoint63)
91.074: (navigate rover0 waypoint63 waypoint71)
90.918: (navigate rover4 waypoint19 waypoint28)
90.684: (navigate rover0 waypoint71 waypoint18)
90.383: (navigate rover0 waypoint18 waypoint43)
90.267: (navigate rover3 waypoint46 waypoint25)
90.235: (take_image rover0 waypoint43 objective6 camera1 colour)
90.355: (navigate rover3 waypoint25 waypoint46)
90.483: (take_image rover2 waypoint50 objective9 camera5 high_res)
90.362: (navigate rover3 waypoint46 waypoint25)
90.594: (navigate rover0 waypoint43 waypoint3)
90.469: (calibrate rover2 camera5 objective3 waypoint50)
90.590: (navigate rover3 waypoint25 waypoint46)
90.531: (navigate rover3 waypoint46 waypoint94)
90.531: (navigate rover0 waypoint3 waypoint43)
90.660: (take_image rover2 waypoint50 objective9 camera5 high_res)
90.659: (navigate rover0 waypoint43 waypoint3)
90.715: (navigate rover3 waypoint94 waypoint46)
91.121: (navigate rover4 waypoint28 waypoint19)
90.962: (navigate rover3 waypoint46 waypoint94)
90.839: (calibrate rover2 camera5 objective3 waypoint50)
91.001: (navigate rover3 waypoint94 waypoint46)
90.902: (navigate rover0 waypoint3 waypoint43)
90.897: (navigate rover0 waypoint43 waypoint18)
90.634: (navigate rover4 waypoint19 waypoint28)
90.701: (navigate rover3 waypoint46 waypoint25)
90.735: (calibrate rover0 camera1 objective1 waypoint18)
90.793: (navigate rover0 waypoint18 waypoint88)
90.535: (navigate rover0 waypoint88 waypoint44)
90.495: (take_image rover0 waypoint44 objective1 camera1 colour)
90.543: (navigate rover3 waypoint25 waypoint46)
90.594: (calibrate rover0 camera1 objective1 waypoint44)
90.665: (navigate rover3 waypoint46 waypoint94)
90.619: (take_image rover0 waypoint44 objective5 camera1 colour)
90.750: (take_image rover2 waypoint50 objective3 camera5 high_res)
90.666: (navigate rover3 waypoint94 waypoint46)
90.619: (navigate rover3 waypoint46 waypoint25)
90.653: (calibrate rover0 camera1 objective1 waypoint44)
90.708: (navigate rover3 waypoint25 waypoint46)
90.789: (navigate rover3 waypoint46 waypoint94)
90.990: (navigate rover0 waypoint44 waypoint88)
90.833: (navigate rover0 waypoint88 waypoint11)
90.707: (calibrate rover2 camera5 objective3 waypoint50)
90.649: (navigate rover3 waypoint94 waypoint46)
90.580: (navigate rover3 waypoint46 waypoint25)
90.542: (navigate rover4 waypoint28 waypoint18)
90.487: (take_image rover0 waypoint11 objective6 camera1 high_res)
90.550: (navigate rover4 waypoint18 waypoint28)
90.616: (navigate rover3 waypoint25 waypoint46)
90.669: (navigate rover3 waypoint46 waypoint94)
90.786: (navigate rover4 waypoint28 waypoint18)
90.725: (navigate rover3 waypoint94 waypoint46)
90.786: (calibrate rover0 camera1 objective1 waypoint11)
90.844: (navigate rover3 waypoint46 waypoint94)
90.966: (take_image rover2 waypoint50 objective9 camera5 high_res)
90.906: (navigate rover3 waypoint94 waypoint46)
90.661: (navigate rover3 waypoint46 waypoint25)
90.612: (take_image rover0 waypoint11 objective4 camera1 colour)
90.677: (navigate rover4 waypoint18 waypoint28)
90.701: (calibrate rover0 camera1 objective1 waypoint11)
90.772: (navigate rover3 waypoint25 waypoint46)
90.735: (take_image rover0 waypoint11 objective5 camera1 high_res)
90.798: (navigate rover3 waypoint46 waypoint94)
90.914: (navigate rover4 waypoint28 waypoint18)
90.849: (navigate rover3 waypoint94 waypoint46)
91.223: (navigate rover0 waypoint11 waypoint88)
90.915: (navigate rover0 waypoint88 waypoint44)
90.682: (navigate rover3 waypoint46 waypoint25)
90.559: (calibrate rover2 camera5 objective3 waypoint50)
90.622: (calibrate rover0 camera1 objective1 waypoint44)
90.739: (take_image rover2 waypoint50 objective3 camera5 high_res)
90.980: (navigate rover3 waypoint25 waypoint46)
90.861: (calibrate rover2 camera5 objective3 waypoint50)
90.792: (take_image rover0 waypoint44 objective3 camera1 colour)
90.869: (navigate rover3 waypoint46 waypoint94)
90.935: (calibrate rover0 camera1 objective1 waypoint44)
91.063: (take_image rover2 waypoint50 objective3 camera5 high_res)
90.999: (take_image rover0 waypoint44 objective4 camera1 high_res)
91.229: (navigate rover0 waypoint44 waypoint88)
90.956: (navigate rover4 waypoint18 waypoint28)
90.828: (calibrate rover2 camera5 objective3 waypoint50)
90.763: (calibrate rover0 camera2 objective0 waypoint88)
90.294: (take_image rover0 waypoint88 objective7 camera2 low_res)
89.611: (communicate_image_data rover0 general objective7 low_res waypoint88 waypoint64)
89.401: (navigate rover0 waypoint88 waypoint44)
89.368: (calibrate rover0 camera1 objective1 waypoint44)
89.370: (navigate rover3 waypoint94 waypoint46)
89.173: (navigate rover3 waypoint46 waypoint25)
89.193: (take_image rover0 waypoint44 objective1 camera1 colour)
89.259: (take_image rover2 waypoint50 objective3 camera5 high_res)
89.255: (calibrate rover0 camera1 objective1 waypoint44)
89.298: (take_image rover3 waypoint25 objective3 camera4 low_res)
89.211: (calibrate rover2 camera5 objective3 waypoint50)
89.284: (take_image rover0 waypoint44 objective3 camera1 high_res)
89.373: (navigate rover4 waypoint28 waypoint18)
89.275: (calibrate rover3 camera4 objective7 waypoint25)
89.289: (calibrate rover0 camera1 objective1 waypoint44)
89.331: (take_image rover3 waypoint25 objective3 camera4 colour)
89.213: (navigate rover4 waypoint18 waypoint28)
89.174: (calibrate rover3 camera4 objective7 waypoint25)
89.194: (take_image rover0 waypoint44 objective1 camera1 colour)
89.260: (take_image rover2 waypoint50 objective3 camera5 high_res)
89.257: (calibrate rover0 camera1 objective1 waypoint44)
89.298: (take_image rover3 waypoint25 objective3 camera4 colour)
89.389: (take_image rover0 waypoint44 objective5 camera1 colour)
89.284: (calibrate rover2 camera5 objective3 waypoint50)
89.372: (navigate rover4 waypoint28 waypoint18)
89.277: (calibrate rover3 camera4 objective7 waypoint25)
89.291: (calibrate rover0 camera1 objective1 waypoint44)
89.333: (take_image rover3 waypoint25 objective3 camera4 high_res)
89.214: (navigate rover4 waypoint18 waypoint28)
89.175: (calibrate rover3 camera4 objective7 waypoint25)
89.193: (take_image rover0 waypoint44 objective1 camera1 colour)
89.260: (take_image rover2 waypoint50 objective3 camera5 high_res)
89.258: (calibrate rover0 camera1 objective1 waypoint44)
89.299: (take_image rover3 waypoint25 objective3 camera4 colour)
89.389: (take_image rover0 waypoint44 objective5 camera1 colour)
89.285: (calibrate rover2 camera5 objective3 waypoint50)
89.373: (navigate rover4 waypoint28 waypoint18)
89.278: (calibrate rover3 camera4 objective7 waypoint25)
89.291: (calibrate rover0 camera1 objective1 waypoint44)
89.341: (take_image rover3 waypoint25 objective1 camera4 low_res)
89.226: (navigate rover4 waypoint18 waypoint28)
89.188: (calibrate rover3 camera4 objective7 waypoint25)
89.206: (take_image rover0 waypoint44 objective1 camera1 colour)
89.275: (take_image rover2 waypoint50 objective3 camera5 high_res)
89.266: (calibrate rover0 camera1 objective1 waypoint44)
89.308: (take_image rover3 waypoint25 objective3 camera4 colour)
89.405: (take_image rover0 waypoint44 objective5 camera1 high_res)
89.300: (calibrate rover2 camera5 objective3 waypoint50)
89.388: (navigate rover4 waypoint28 waypoint18)
89.292: (calibrate rover3 camera4 objective7 waypoint25)
[Final] Expanded: 1000, Generated: 38943
Failed to find a solution!
