/u/ibrahim.eisawy/Neural-Guided-Search/venv/lib/python3.10/site-packages/pymimir_rgnn/model.py:151: UserWarning: index_reduce() is in beta and the API may change at any time. (Triggered internally at /pytorch/aten/src/ATen/native/cuda/Indexing.cu:1541.)
  max_msg.index_reduce_(0, output_indices, output_messages, reduce='amax', include_self=True)
Torch: 2.12.0+cu130
Using GPU:  NVIDIA L40S
94.915: (calibrate rover2 camera5 objective2 waypoint5)
93.652: (navigate rover1 waypoint28 waypoint40)
92.607: (take_image rover2 waypoint5 objective5 camera5 low_res)
91.368: (calibrate rover2 camera5 objective2 waypoint5)
89.721: (take_image rover2 waypoint5 objective2 camera5 high_res)
88.945: (navigate rover0 waypoint20 waypoint22)
84.569: (sample_soil rover0 rover0store waypoint22)
83.915: (calibrate rover1 camera1 objective5 waypoint40)
83.320: (take_image rover1 waypoint40 objective6 camera1 colour)
82.265: (calibrate rover1 camera1 objective5 waypoint40)
81.381: (take_image rover1 waypoint40 objective5 camera1 colour)
80.702: (calibrate rover2 camera5 objective2 waypoint5)
80.012: (calibrate rover1 camera1 objective5 waypoint40)
79.418: (drop rover0 rover0store)
78.910: (navigate rover2 waypoint5 waypoint37)
78.118: (take_image rover2 waypoint37 objective0 camera5 low_res)
77.834: (navigate rover0 waypoint22 waypoint3)
77.368: (communicate_soil_data rover0 general waypoint22 waypoint3 waypoint11)
77.145: (calibrate rover2 camera5 objective2 waypoint37)
76.433: (take_image rover2 waypoint37 objective1 camera5 low_res)
76.181: (navigate rover2 waypoint37 waypoint46)
75.358: (sample_rock rover2 rover2store waypoint46)
74.119: (drop rover2 rover2store)
73.400: (navigate rover2 waypoint46 waypoint37)
73.118: (calibrate rover2 camera5 objective2 waypoint37)
73.061: (navigate rover2 waypoint37 waypoint25)
73.015: (calibrate rover3 camera0 objective4 waypoint1)
72.623: (take_image rover3 waypoint1 objective2 camera0 colour)
72.506: (calibrate rover3 camera0 objective4 waypoint1)
72.553: (navigate rover2 waypoint25 waypoint37)
72.612: (take_image rover3 waypoint1 objective1 camera0 colour)
72.492: (calibrate rover3 camera0 objective4 waypoint1)
72.448: (navigate rover2 waypoint37 waypoint25)
72.564: (take_image rover3 waypoint1 objective6 camera0 low_res)
72.429: (calibrate rover3 camera0 objective4 waypoint1)
72.476: (navigate rover2 waypoint25 waypoint37)
72.592: (take_image rover3 waypoint1 objective6 camera0 colour)
72.462: (calibrate rover3 camera0 objective4 waypoint1)
72.416: (navigate rover2 waypoint37 waypoint25)
72.545: (take_image rover3 waypoint1 objective5 camera0 colour)
72.409: (calibrate rover3 camera0 objective4 waypoint1)
72.454: (navigate rover2 waypoint25 waypoint37)
72.579: (take_image rover3 waypoint1 objective2 camera0 low_res)
72.449: (calibrate rover3 camera0 objective4 waypoint1)
72.404: (navigate rover2 waypoint37 waypoint25)
72.541: (take_image rover3 waypoint1 objective2 camera0 low_res)
72.713: (take_image rover1 waypoint40 objective6 camera1 low_res)
72.543: (calibrate rover1 camera1 objective5 waypoint40)
72.405: (calibrate rover3 camera0 objective4 waypoint1)
72.448: (navigate rover2 waypoint25 waypoint37)
72.575: (take_image rover3 waypoint1 objective5 camera0 low_res)
72.447: (calibrate rover3 camera0 objective4 waypoint1)
72.404: (navigate rover2 waypoint37 waypoint25)
72.541: (take_image rover3 waypoint1 objective2 camera0 low_res)
72.711: (take_image rover1 waypoint40 objective5 camera1 low_res)
72.542: (calibrate rover1 camera1 objective5 waypoint40)
72.404: (calibrate rover3 camera0 objective4 waypoint1)
72.447: (navigate rover2 waypoint25 waypoint37)
72.575: (take_image rover3 waypoint1 objective6 camera0 low_res)
72.756: (take_image rover1 waypoint40 objective5 camera1 colour)
72.693: (calibrate rover3 camera0 objective4 waypoint1)
72.641: (navigate rover2 waypoint37 waypoint25)
72.717: (take_image rover3 waypoint1 objective1 camera0 low_res)
72.547: (calibrate rover1 camera1 objective5 waypoint40)
72.409: (calibrate rover3 camera0 objective4 waypoint1)
72.452: (navigate rover2 waypoint25 waypoint37)
72.579: (take_image rover3 waypoint1 objective5 camera0 colour)
72.760: (take_image rover1 waypoint40 objective6 camera1 low_res)
72.698: (calibrate rover3 camera0 objective4 waypoint1)
72.646: (navigate rover2 waypoint37 waypoint25)
72.735: (take_image rover3 waypoint1 objective3 camera0 colour)
72.582: (calibrate rover1 camera1 objective5 waypoint40)
72.446: (calibrate rover3 camera0 objective4 waypoint1)
72.486: (navigate rover2 waypoint25 waypoint37)
72.614: (take_image rover3 waypoint1 objective1 camera0 colour)
72.767: (take_image rover1 waypoint40 objective6 camera1 low_res)
72.734: (calibrate rover3 camera0 objective4 waypoint1)
72.684: (navigate rover2 waypoint37 waypoint25)
72.761: (take_image rover3 waypoint1 objective3 camera0 low_res)
72.617: (calibrate rover1 camera1 objective5 waypoint40)
72.479: (calibrate rover3 camera0 objective4 waypoint1)
72.522: (navigate rover2 waypoint25 waypoint37)
72.648: (take_image rover3 waypoint1 objective1 camera0 colour)
72.796: (take_image rover1 waypoint40 objective5 camera1 colour)
72.770: (calibrate rover3 camera0 objective4 waypoint1)
72.720: (navigate rover2 waypoint37 waypoint25)
72.849: (take_image rover3 waypoint1 objective4 camera0 colour)
72.692: (calibrate rover1 camera1 objective5 waypoint40)
72.547: (calibrate rover3 camera0 objective4 waypoint1)
72.589: (navigate rover2 waypoint25 waypoint37)
72.724: (take_image rover3 waypoint1 objective2 camera0 colour)
72.886: (take_image rover1 waypoint40 objective6 camera1 low_res)
72.838: (calibrate rover3 camera0 objective4 waypoint1)
72.786: (navigate rover2 waypoint37 waypoint25)
72.873: (take_image rover3 waypoint1 objective4 camera0 low_res)
72.713: (calibrate rover1 camera1 objective5 waypoint40)
72.569: (calibrate rover3 camera0 objective4 waypoint1)
72.611: (navigate rover2 waypoint25 waypoint37)
72.746: (take_image rover3 waypoint1 objective4 camera0 colour)
72.909: (take_image rover1 waypoint40 objective4 camera1 low_res)
72.743: (calibrate rover1 camera1 objective5 waypoint40)
72.608: (calibrate rover3 camera0 objective4 waypoint1)
72.565: (navigate rover2 waypoint37 waypoint25)
72.707: (take_image rover3 waypoint1 objective4 camera0 low_res)
72.870: (take_image rover1 waypoint40 objective5 camera1 colour)
72.806: (calibrate rover3 camera0 objective4 waypoint1)
72.858: (navigate rover2 waypoint25 waypoint37)
73.074: (take_image rover2 waypoint37 objective1 camera5 high_res)
72.542: (calibrate rover2 camera5 objective2 waypoint37)
72.292: (calibrate rover1 camera1 objective5 waypoint40)
72.250: (navigate rover2 waypoint37 waypoint25)
72.387: (take_image rover3 waypoint1 objective6 camera0 low_res)
72.423: (navigate rover2 waypoint25 waypoint37)
72.595: (take_image rover1 waypoint40 objective5 camera1 colour)
72.554: (navigate rover2 waypoint37 waypoint25)
72.491: (calibrate rover3 camera0 objective4 waypoint1)
72.957: (take_image rover2 waypoint25 objective6 camera5 low_res)
72.426: (calibrate rover2 camera5 objective2 waypoint25)
72.190: (calibrate rover1 camera1 objective5 waypoint40)
72.228: (navigate rover2 waypoint25 waypoint37)
72.360: (take_image rover3 waypoint1 objective2 camera0 colour)
72.330: (navigate rover2 waypoint37 waypoint25)
72.468: (take_image rover1 waypoint40 objective4 camera1 low_res)
72.503: (navigate rover2 waypoint25 waypoint37)
72.472: (calibrate rover3 camera0 objective4 waypoint1)
72.847: (navigate rover2 waypoint37 waypoint4)
72.437: (sample_rock rover2 rover2store waypoint4)
71.436: (drop rover2 rover2store)
70.639: (navigate rover2 waypoint4 waypoint37)
70.386: (calibrate rover1 camera1 objective5 waypoint40)
70.399: (navigate rover2 waypoint37 waypoint25)
70.536: (take_image rover3 waypoint1 objective4 camera0 low_res)
70.514: (navigate rover2 waypoint25 waypoint37)
70.668: (take_image rover1 waypoint40 objective5 camera1 low_res)
70.682: (navigate rover2 waypoint37 waypoint25)
70.643: (calibrate rover3 camera0 objective4 waypoint1)
70.967: (navigate rover0 waypoint3 waypoint22)
70.722: (calibrate rover1 camera1 objective5 waypoint40)
70.638: (navigate rover0 waypoint22 waypoint35)
70.700: (navigate rover2 waypoint25 waypoint37)
70.750: (navigate rover0 waypoint35 waypoint22)
70.790: (navigate rover0 waypoint22 waypoint20)
69.618: (navigate rover0 waypoint20 waypoint1)
68.256: (sample_soil rover0 rover0store waypoint1)
67.643: (drop rover0 rover0store)
67.398: (navigate rover3 waypoint1 waypoint17)
67.261: (navigate rover2 waypoint37 waypoint25)
67.341: (take_image rover3 waypoint17 objective6 camera0 colour)
67.425: (navigate rover1 waypoint40 waypoint31)
67.488: (take_image rover1 waypoint31 objective0 camera1 colour)
67.383: (calibrate rover1 camera1 objective5 waypoint31)
67.299: (navigate rover1 waypoint31 waypoint40)
67.398: (take_image rover1 waypoint40 objective5 camera1 low_res)
67.534: (navigate rover2 waypoint25 waypoint37)
67.420: (calibrate rover1 camera1 objective5 waypoint40)
67.496: (navigate rover1 waypoint40 waypoint31)
67.610: (take_image rover1 waypoint31 objective0 camera1 colour)
67.867: (navigate rover3 waypoint17 waypoint44)
67.701: (navigate rover1 waypoint31 waypoint40)
67.599: (navigate rover2 waypoint37 waypoint25)
67.521: (calibrate rover1 camera1 objective5 waypoint40)
67.605: (navigate rover2 waypoint25 waypoint37)
67.706: (take_image rover1 waypoint40 objective4 camera1 colour)
67.542: (navigate rover3 waypoint44 waypoint17)
67.406: (navigate rover2 waypoint37 waypoint25)
67.296: (calibrate rover1 camera1 objective5 waypoint40)
67.381: (navigate rover1 waypoint40 waypoint31)
67.491: (take_image rover1 waypoint31 objective5 camera1 colour)
67.610: (navigate rover2 waypoint25 waypoint37)
67.493: (calibrate rover1 camera1 objective5 waypoint31)
67.418: (navigate rover1 waypoint31 waypoint40)
67.605: (navigate rover3 waypoint17 waypoint44)
67.523: (navigate rover2 waypoint37 waypoint25)
67.606: (take_image rover1 waypoint40 objective6 camera1 low_res)
67.809: (navigate rover1 waypoint40 waypoint31)
67.731: (calibrate rover1 camera1 objective5 waypoint31)
67.782: (navigate rover2 waypoint25 waypoint37)
67.869: (take_image rover1 waypoint31 objective0 camera1 colour)
68.358: (navigate rover2 waypoint37 waypoint5)
67.320: (navigate rover2 waypoint5 waypoint23)
66.626: (navigate rover1 waypoint31 waypoint40)
66.493: (calibrate rover1 camera1 objective5 waypoint40)
66.656: (navigate rover3 waypoint44 waypoint17)
66.510: (navigate rover3 waypoint17 waypoint1)
66.358: (calibrate rover3 camera0 objective4 waypoint1)
66.281: (navigate rover3 waypoint1 waypoint22)
66.233: (navigate rover3 waypoint22 waypoint5)
66.383: (take_image rover3 waypoint5 objective5 camera0 colour)
66.434: (navigate rover3 waypoint5 waypoint22)
66.589: (take_image rover1 waypoint40 objective4 camera1 colour)
66.517: (navigate rover3 waypoint22 waypoint5)
66.844: (navigate rover2 waypoint23 waypoint31)
65.661: (sample_rock rover2 rover2store waypoint31)
64.173: (navigate rover2 waypoint31 waypoint23)
63.246: (drop rover2 rover2store)
63.117: (calibrate rover1 camera1 objective5 waypoint40)
63.184: (navigate rover3 waypoint5 waypoint22)
63.244: (navigate rover3 waypoint22 waypoint1)
63.089: (calibrate rover3 camera0 objective4 waypoint1)
63.030: (navigate rover3 waypoint1 waypoint22)
62.964: (navigate rover3 waypoint22 waypoint5)
63.179: (take_image rover1 waypoint40 objective4 camera1 low_res)
63.247: (navigate rover3 waypoint5 waypoint22)
63.315: (navigate rover3 waypoint22 waypoint1)
63.410: (take_image rover3 waypoint1 objective3 camera0 low_res)
63.337: (navigate rover3 waypoint1 waypoint22)
63.502: (navigate rover2 waypoint23 waypoint24)
62.302: (communicate_rock_data rover2 general waypoint31 waypoint24 waypoint11)
61.127: (communicate_rock_data rover2 general waypoint4 waypoint24 waypoint11)
60.553: (communicate_rock_data rover2 general waypoint46 waypoint24 waypoint11)
60.002: (communicate_image_data rover2 general objective5 low_res waypoint24 waypoint11)
59.971: (calibrate rover1 camera1 objective5 waypoint40)
59.930: (navigate rover2 waypoint24 waypoint23)
59.904: (navigate rover3 waypoint22 waypoint5)
59.937: (take_image rover1 waypoint40 objective4 camera1 colour)
59.977: (navigate rover2 waypoint23 waypoint24)
59.965: (calibrate rover1 camera1 objective5 waypoint40)
59.962: (navigate rover2 waypoint24 waypoint6)
59.887: (calibrate rover2 camera4 objective4 waypoint6)
59.888: (navigate rover2 waypoint6 waypoint24)
59.813: (navigate rover2 waypoint24 waypoint23)
59.840: (navigate rover3 waypoint5 waypoint22)
59.900: (navigate rover2 waypoint23 waypoint24)
59.949: (navigate rover3 waypoint22 waypoint1)
59.734: (navigate rover3 waypoint1 waypoint17)
59.784: (take_image rover2 waypoint24 objective6 camera4 colour)
58.281: (communicate_image_data rover2 general objective6 colour waypoint24 waypoint11)
58.272: (communicate_image_data rover2 general objective0 low_res waypoint24 waypoint11)
58.281: (communicate_image_data rover2 general objective6 low_res waypoint24 waypoint11)
58.314: (communicate_image_data rover2 general objective2 high_res waypoint24 waypoint11)
58.307: (communicate_image_data rover2 general objective1 high_res waypoint24 waypoint11)
58.374: (communicate_image_data rover2 general objective1 low_res waypoint24 waypoint11)
58.474: (take_image rover1 waypoint40 objective5 camera1 low_res)
58.620: (navigate rover3 waypoint17 waypoint44)
58.522: (calibrate rover1 camera1 objective5 waypoint40)
58.699: (navigate rover2 waypoint24 waypoint23)
58.758: (navigate rover3 waypoint44 waypoint17)
58.661: (navigate rover2 waypoint23 waypoint36)
58.000: (sample_rock rover2 rover2store waypoint36)
56.940: (drop rover2 rover2store)
56.190: (navigate rover2 waypoint36 waypoint23)
55.503: (navigate rover2 waypoint23 waypoint24)
54.584: (communicate_rock_data rover2 general waypoint36 waypoint24 waypoint11)
54.639: (navigate rover3 waypoint17 waypoint44)
54.741: (take_image rover1 waypoint40 objective5 camera1 low_res)
54.693: (navigate rover3 waypoint44 waypoint17)
54.885: (navigate rover3 waypoint17 waypoint1)
54.739: (calibrate rover1 camera1 objective5 waypoint40)
54.582: (calibrate rover3 camera0 objective4 waypoint1)
54.478: (navigate rover3 waypoint1 waypoint17)
54.499: (navigate rover3 waypoint17 waypoint44)
54.679: (take_image rover1 waypoint40 objective6 camera1 low_res)
54.666: (navigate rover3 waypoint44 waypoint17)
54.767: (navigate rover3 waypoint17 waypoint1)
54.726: (navigate rover3 waypoint1 waypoint22)
54.544: (calibrate rover1 camera1 objective5 waypoint40)
54.506: (navigate rover3 waypoint22 waypoint5)
54.665: (take_image rover3 waypoint5 objective6 camera0 low_res)
54.702: (navigate rover3 waypoint5 waypoint22)
54.835: (take_image rover1 waypoint40 objective6 camera1 colour)
54.777: (navigate rover3 waypoint22 waypoint5)
55.004: (navigate rover2 waypoint24 waypoint6)
54.933: (calibrate rover1 camera1 objective5 waypoint40)
54.874: (calibrate rover2 camera4 objective4 waypoint6)
54.597: (navigate rover2 waypoint6 waypoint24)
54.644: (navigate rover3 waypoint5 waypoint22)
54.681: (navigate rover3 waypoint22 waypoint1)
54.495: (calibrate rover3 camera0 objective4 waypoint1)
54.394: (navigate rover3 waypoint1 waypoint17)
54.417: (navigate rover3 waypoint17 waypoint44)
54.492: (take_image rover2 waypoint24 objective5 camera4 colour)
54.475: (navigate rover3 waypoint44 waypoint17)
54.459: (communicate_image_data rover2 general objective5 colour waypoint24 waypoint11)
54.480: (navigate rover3 waypoint17 waypoint44)
54.621: (take_image rover3 waypoint44 objective1 camera0 colour)
54.568: (navigate rover3 waypoint44 waypoint17)
54.695: (take_image rover1 waypoint40 objective4 camera1 colour)
54.744: (navigate rover3 waypoint17 waypoint44)
55.159: (navigate rover2 waypoint24 waypoint6)
55.004: (navigate rover3 waypoint44 waypoint17)
54.895: (calibrate rover1 camera1 objective5 waypoint40)
54.838: (calibrate rover2 camera4 objective4 waypoint6)
54.518: (navigate rover2 waypoint6 waypoint24)
54.565: (navigate rover3 waypoint17 waypoint44)
54.631: (take_image rover2 waypoint24 objective3 camera4 colour)
54.576: (navigate rover3 waypoint44 waypoint17)
54.561: (communicate_image_data rover2 general objective3 colour waypoint24 waypoint11)
54.620: (navigate rover3 waypoint17 waypoint44)
54.735: (take_image rover1 waypoint40 objective5 camera1 colour)
54.687: (navigate rover3 waypoint44 waypoint17)
54.875: (navigate rover3 waypoint17 waypoint1)
54.719: (calibrate rover1 camera1 objective5 waypoint40)
54.561: (calibrate rover3 camera0 objective4 waypoint1)
54.457: (navigate rover3 waypoint1 waypoint17)
54.479: (navigate rover3 waypoint17 waypoint44)
54.658: (take_image rover1 waypoint40 objective4 camera1 colour)
54.645: (navigate rover3 waypoint44 waypoint17)
54.743: (navigate rover3 waypoint17 waypoint1)
54.701: (navigate rover3 waypoint1 waypoint22)
54.521: (calibrate rover1 camera1 objective5 waypoint40)
54.485: (navigate rover3 waypoint22 waypoint5)
54.643: (take_image rover3 waypoint5 objective6 camera0 low_res)
54.681: (navigate rover3 waypoint5 waypoint22)
54.823: (take_image rover1 waypoint40 objective4 camera1 colour)
54.770: (navigate rover3 waypoint22 waypoint5)
54.983: (navigate rover2 waypoint24 waypoint6)
54.896: (calibrate rover1 camera1 objective5 waypoint40)
54.837: (calibrate rover2 camera4 objective4 waypoint6)
54.580: (navigate rover2 waypoint6 waypoint24)
54.623: (navigate rover3 waypoint5 waypoint22)
54.663: (navigate rover3 waypoint22 waypoint1)
54.475: (calibrate rover3 camera0 objective4 waypoint1)
54.372: (navigate rover3 waypoint1 waypoint17)
54.398: (navigate rover3 waypoint17 waypoint44)
54.562: (take_image rover3 waypoint44 objective2 camera0 colour)
54.512: (navigate rover3 waypoint44 waypoint17)
54.667: (take_image rover2 waypoint24 objective7 camera4 colour)
54.635: (communicate_image_data rover2 general objective7 colour waypoint24 waypoint11)
54.699: (navigate rover3 waypoint17 waypoint44)
54.827: (take_image rover1 waypoint40 objective5 camera1 low_res)
54.775: (navigate rover3 waypoint44 waypoint17)
54.965: (navigate rover3 waypoint17 waypoint1)
54.796: (calibrate rover1 camera1 objective5 waypoint40)
54.638: (calibrate rover3 camera0 objective4 waypoint1)
54.532: (navigate rover3 waypoint1 waypoint17)
54.559: (navigate rover3 waypoint17 waypoint44)
54.737: (take_image rover1 waypoint40 objective6 camera1 colour)
54.722: (navigate rover3 waypoint44 waypoint17)
54.821: (navigate rover3 waypoint17 waypoint1)
54.778: (navigate rover3 waypoint1 waypoint22)
54.597: (calibrate rover1 camera1 objective5 waypoint40)
54.603: (navigate rover3 waypoint22 waypoint5)
54.722: (take_image rover3 waypoint5 objective7 camera0 low_res)
54.720: (navigate rover3 waypoint5 waypoint22)
54.761: (navigate rover3 waypoint22 waypoint1)
54.595: (navigate rover3 waypoint1 waypoint17)
54.662: (navigate rover3 waypoint17 waypoint44)
54.780: (take_image rover1 waypoint40 objective5 camera1 colour)
54.720: (navigate rover3 waypoint44 waypoint17)
54.920: (navigate rover3 waypoint17 waypoint1)
54.783: (calibrate rover3 camera0 objective4 waypoint1)
54.601: (calibrate rover1 camera1 objective5 waypoint40)
54.488: (navigate rover3 waypoint1 waypoint17)
54.519: (navigate rover3 waypoint17 waypoint44)
54.697: (take_image rover1 waypoint40 objective6 camera1 low_res)
54.677: (navigate rover3 waypoint44 waypoint17)
54.947: (navigate rover2 waypoint24 waypoint6)
54.755: (calibrate rover1 camera1 objective5 waypoint40)
54.676: (calibrate rover2 camera4 objective4 waypoint6)
54.408: (navigate rover2 waypoint6 waypoint24)
54.443: (navigate rover3 waypoint17 waypoint44)
54.608: (take_image rover3 waypoint44 objective1 camera0 colour)
54.548: (navigate rover3 waypoint44 waypoint17)
54.708: (navigate rover3 waypoint17 waypoint1)
54.520: (calibrate rover3 camera0 objective4 waypoint1)
54.480: (navigate rover3 waypoint1 waypoint22)
54.476: (navigate rover3 waypoint22 waypoint5)
54.561: (take_image rover2 waypoint24 objective5 camera4 colour)
54.559: (navigate rover3 waypoint5 waypoint22)
54.740: (take_image rover1 waypoint40 objective4 camera1 colour)
54.737: (navigate rover3 waypoint22 waypoint5)
54.848: (take_image rover3 waypoint5 objective7 camera0 low_res)
54.867: (navigate rover3 waypoint5 waypoint22)
55.155: (navigate rover2 waypoint24 waypoint6)
55.006: (navigate rover3 waypoint22 waypoint5)
54.916: (calibrate rover1 camera1 objective5 waypoint40)
54.859: (calibrate rover2 camera4 objective4 waypoint6)
54.660: (navigate rover2 waypoint6 waypoint24)
54.667: (navigate rover3 waypoint5 waypoint22)
54.847: (take_image rover1 waypoint40 objective5 camera1 colour)
54.839: (navigate rover3 waypoint22 waypoint5)
55.038: (navigate rover2 waypoint24 waypoint6)
55.010: (take_image rover2 waypoint6 objective4 camera4 colour)
54.865: (navigate rover2 waypoint6 waypoint24)
54.737: (calibrate rover1 camera1 objective5 waypoint40)
54.710: (communicate_image_data rover2 general objective4 colour waypoint24 waypoint11)
54.707: (navigate rover3 waypoint5 waypoint22)
54.749: (navigate rover3 waypoint22 waypoint1)
54.580: (navigate rover3 waypoint1 waypoint17)
54.651: (navigate rover3 waypoint17 waypoint44)
54.771: (take_image rover1 waypoint40 objective4 camera1 colour)
54.707: (navigate rover3 waypoint44 waypoint17)
54.910: (navigate rover3 waypoint17 waypoint1)
54.769: (calibrate rover3 camera0 objective4 waypoint1)
54.587: (calibrate rover1 camera1 objective5 waypoint40)
54.470: (navigate rover3 waypoint1 waypoint17)
54.506: (navigate rover3 waypoint17 waypoint44)
54.683: (take_image rover1 waypoint40 objective4 camera1 colour)
54.659: (navigate rover3 waypoint44 waypoint17)
54.915: (navigate rover2 waypoint24 waypoint6)
54.724: (calibrate rover1 camera1 objective5 waypoint40)
54.643: (calibrate rover2 camera4 objective4 waypoint6)
54.394: (navigate rover2 waypoint6 waypoint24)
54.431: (navigate rover3 waypoint17 waypoint44)
54.593: (take_image rover3 waypoint44 objective1 camera0 colour)
54.528: (navigate rover3 waypoint44 waypoint17)
54.691: (navigate rover3 waypoint17 waypoint1)
54.511: (calibrate rover3 camera0 objective4 waypoint1)
54.469: (navigate rover3 waypoint1 waypoint22)
54.464: (navigate rover3 waypoint22 waypoint5)
54.548: (take_image rover2 waypoint24 objective5 camera4 colour)
54.544: (navigate rover3 waypoint5 waypoint22)
54.725: (take_image rover1 waypoint40 objective4 camera1 colour)
54.722: (navigate rover3 waypoint22 waypoint5)
54.839: (take_image rover3 waypoint5 objective1 camera0 colour)
54.856: (navigate rover3 waypoint5 waypoint22)
55.127: (navigate rover2 waypoint24 waypoint6)
54.980: (navigate rover3 waypoint22 waypoint5)
54.886: (calibrate rover1 camera1 objective5 waypoint40)
54.827: (calibrate rover2 camera4 objective4 waypoint6)
54.642: (navigate rover2 waypoint6 waypoint24)
54.649: (navigate rover3 waypoint5 waypoint22)
54.830: (take_image rover1 waypoint40 objective6 camera1 colour)
54.819: (navigate rover3 waypoint22 waypoint5)
55.003: (navigate rover2 waypoint24 waypoint6)
55.140: (navigate rover3 waypoint5 waypoint22)
54.975: (calibrate rover1 camera1 objective5 waypoint40)
55.029: (take_image rover2 waypoint6 objective4 camera4 colour)
55.085: (navigate rover3 waypoint22 waypoint1)
54.832: (navigate rover3 waypoint1 waypoint17)
54.778: (calibrate rover2 camera4 objective4 waypoint6)
54.968: (take_image rover1 waypoint40 objective6 camera1 low_res)
54.716: (navigate rover2 waypoint6 waypoint24)
54.771: (navigate rover3 waypoint17 waypoint44)
55.148: (navigate rover2 waypoint24 waypoint6)
54.981: (calibrate rover1 camera1 objective5 waypoint40)
55.037: (take_image rover2 waypoint6 objective7 camera4 colour)
55.121: (take_image rover1 waypoint40 objective5 camera1 colour)
54.946: (navigate rover3 waypoint44 waypoint17)
55.195: (navigate rover3 waypoint17 waypoint1)
55.092: (calibrate rover3 camera0 objective4 waypoint1)
54.921: (calibrate rover1 camera1 objective5 waypoint40)
54.847: (calibrate rover2 camera4 objective4 waypoint6)
54.786: (navigate rover3 waypoint1 waypoint16)
54.579: (navigate rover2 waypoint6 waypoint24)
54.384: (navigate rover3 waypoint16 waypoint0)
54.460: (take_image rover2 waypoint24 objective3 camera4 colour)
54.601: (take_image rover3 waypoint0 objective3 camera0 low_res)
54.715: (take_image rover1 waypoint40 objective6 camera1 colour)
54.916: (navigate rover2 waypoint24 waypoint6)
54.835: (calibrate rover1 camera1 objective5 waypoint40)
54.777: (calibrate rover2 camera4 objective4 waypoint6)
54.542: (navigate rover2 waypoint6 waypoint24)
54.717: (take_image rover1 waypoint40 objective4 camera1 low_res)
54.922: (navigate rover3 waypoint0 waypoint16)
54.740: (calibrate rover1 camera1 objective5 waypoint40)
54.800: (take_image rover2 waypoint24 objective3 camera4 colour)
54.926: (take_image rover1 waypoint40 objective6 camera1 colour)
55.105: (navigate rover2 waypoint24 waypoint6)
55.007: (calibrate rover1 camera1 objective5 waypoint40)
54.950: (calibrate rover2 camera4 objective4 waypoint6)
55.029: (navigate rover3 waypoint16 waypoint1)
54.944: (navigate rover3 waypoint1 waypoint15)
54.807: (navigate rover2 waypoint6 waypoint24)
54.751: (navigate rover3 waypoint15 waypoint8)
54.491: (calibrate rover3 camera3 objective0 waypoint8)
54.541: (navigate rover3 waypoint8 waypoint15)
54.414: (navigate rover3 waypoint15 waypoint1)
54.251: (calibrate rover3 camera0 objective4 waypoint1)
54.128: (navigate rover3 waypoint1 waypoint17)
54.176: (navigate rover3 waypoint17 waypoint44)
54.250: (take_image rover2 waypoint24 objective5 camera4 colour)
54.203: (navigate rover3 waypoint44 waypoint17)
54.324: (take_image rover3 waypoint17 objective2 camera0 colour)
54.391: (navigate rover3 waypoint17 waypoint44)
54.576: (take_image rover1 waypoint40 objective6 camera1 low_res)
54.525: (navigate rover3 waypoint44 waypoint17)
54.665: (navigate rover3 waypoint17 waypoint1)
54.474: (calibrate rover1 camera1 objective5 waypoint40)
54.326: (calibrate rover3 camera0 objective4 waypoint1)
54.281: (navigate rover3 waypoint1 waypoint22)
54.290: (navigate rover3 waypoint22 waypoint5)
54.428: (take_image rover3 waypoint5 objective6 camera0 colour)
54.429: (navigate rover3 waypoint5 waypoint22)
54.619: (take_image rover1 waypoint40 objective4 camera1 low_res)
54.612: (navigate rover3 waypoint22 waypoint5)
54.819: (take_image rover3 waypoint5 objective2 camera3 high_res)
54.691: (calibrate rover1 camera1 objective5 waypoint40)
54.690: (navigate rover3 waypoint5 waypoint22)
54.731: (navigate rover3 waypoint22 waypoint1)
54.563: (navigate rover3 waypoint1 waypoint17)
54.630: (navigate rover3 waypoint17 waypoint44)
54.751: (take_image rover1 waypoint40 objective4 camera1 colour)
54.690: (navigate rover3 waypoint44 waypoint17)
54.891: (navigate rover3 waypoint17 waypoint1)
54.751: (calibrate rover3 camera0 objective4 waypoint1)
54.569: (calibrate rover1 camera1 objective5 waypoint40)
54.453: (navigate rover3 waypoint1 waypoint17)
54.487: (navigate rover3 waypoint17 waypoint44)
54.663: (take_image rover1 waypoint40 objective4 camera1 colour)
54.643: (navigate rover3 waypoint44 waypoint17)
54.910: (navigate rover2 waypoint24 waypoint6)
54.718: (calibrate rover1 camera1 objective5 waypoint40)
54.638: (calibrate rover2 camera4 objective4 waypoint6)
54.376: (navigate rover2 waypoint6 waypoint24)
54.410: (navigate rover3 waypoint17 waypoint44)
54.571: (take_image rover3 waypoint44 objective3 camera0 colour)
54.512: (navigate rover3 waypoint44 waypoint17)
54.673: (navigate rover3 waypoint17 waypoint1)
54.492: (calibrate rover3 camera0 objective4 waypoint1)
54.452: (navigate rover3 waypoint1 waypoint22)
54.445: (navigate rover3 waypoint22 waypoint5)
54.531: (take_image rover2 waypoint24 objective5 camera4 colour)
54.528: (navigate rover3 waypoint5 waypoint22)
54.708: (take_image rover1 waypoint40 objective6 camera1 colour)
54.703: (navigate rover3 waypoint22 waypoint5)
54.822: (take_image rover3 waypoint5 objective7 camera0 colour)
54.691: (calibrate rover1 camera1 objective5 waypoint40)
54.690: (navigate rover3 waypoint5 waypoint22)
54.732: (navigate rover3 waypoint22 waypoint1)
54.564: (navigate rover3 waypoint1 waypoint17)
54.630: (navigate rover3 waypoint17 waypoint44)
54.752: (take_image rover1 waypoint40 objective4 camera1 colour)
54.693: (navigate rover3 waypoint44 waypoint17)
54.892: (navigate rover3 waypoint17 waypoint1)
54.751: (calibrate rover3 camera0 objective4 waypoint1)
54.569: (calibrate rover1 camera1 objective5 waypoint40)
54.454: (navigate rover3 waypoint1 waypoint17)
54.487: (navigate rover3 waypoint17 waypoint44)
54.663: (take_image rover1 waypoint40 objective5 camera1 colour)
54.644: (navigate rover3 waypoint44 waypoint17)
54.915: (navigate rover2 waypoint24 waypoint6)
54.723: (calibrate rover1 camera1 objective5 waypoint40)
54.643: (calibrate rover2 camera4 objective4 waypoint6)
54.378: (navigate rover2 waypoint6 waypoint24)
54.410: (navigate rover3 waypoint17 waypoint44)
54.571: (take_image rover3 waypoint44 objective3 camera0 colour)
54.513: (navigate rover3 waypoint44 waypoint17)
54.673: (navigate rover3 waypoint17 waypoint1)
54.492: (calibrate rover3 camera0 objective4 waypoint1)
54.452: (navigate rover3 waypoint1 waypoint22)
54.444: (navigate rover3 waypoint22 waypoint5)
54.531: (take_image rover2 waypoint24 objective5 camera4 colour)
54.528: (navigate rover3 waypoint5 waypoint22)
54.708: (take_image rover1 waypoint40 objective4 camera1 colour)
54.703: (navigate rover3 waypoint22 waypoint5)
54.910: (navigate rover2 waypoint24 waypoint6)
54.739: (calibrate rover1 camera1 objective5 waypoint40)
54.662: (calibrate rover2 camera4 objective4 waypoint6)
54.790: (navigate rover3 waypoint5 waypoint22)
54.841: (navigate rover3 waypoint22 waypoint1)
54.778: (navigate rover3 waypoint1 waypoint16)
54.558: (navigate rover2 waypoint6 waypoint24)
54.364: (navigate rover3 waypoint16 waypoint0)
54.442: (take_image rover2 waypoint24 objective6 camera4 colour)
54.582: (take_image rover3 waypoint0 objective5 camera0 colour)
54.698: (take_image rover1 waypoint40 objective6 camera1 colour)
54.907: (navigate rover3 waypoint0 waypoint16)
54.779: (calibrate rover1 camera1 objective5 waypoint40)
54.999: (navigate rover2 waypoint24 waypoint6)
54.830: (navigate rover3 waypoint16 waypoint0)
54.773: (calibrate rover2 camera4 objective4 waypoint6)
54.522: (navigate rover2 waypoint6 waypoint24)
54.699: (take_image rover1 waypoint40 objective6 camera1 low_res)
54.903: (navigate rover3 waypoint0 waypoint16)
54.720: (calibrate rover1 camera1 objective5 waypoint40)
54.942: (navigate rover2 waypoint24 waypoint6)
55.024: (navigate rover3 waypoint16 waypoint1)
54.776: (navigate rover3 waypoint1 waypoint17)
54.829: (take_image rover2 waypoint6 objective4 camera4 colour)
54.945: (take_image rover1 waypoint40 objective6 camera1 low_res)
54.967: (calibrate rover2 camera4 objective4 waypoint6)
54.701: (navigate rover2 waypoint6 waypoint24)
54.751: (navigate rover3 waypoint17 waypoint44)
55.140: (navigate rover2 waypoint24 waypoint6)
54.972: (calibrate rover1 camera1 objective5 waypoint40)
55.027: (take_image rover2 waypoint6 objective4 camera4 colour)
55.114: (take_image rover1 waypoint40 objective5 camera1 colour)
55.782: (navigate rover1 waypoint40 waypoint31)
55.500: (navigate rover2 waypoint6 waypoint24)
55.430: (calibrate rover1 camera1 objective5 waypoint31)
55.473: (take_image rover1 waypoint31 objective0 camera1 low_res)
54.722: (navigate rover1 waypoint31 waypoint40)
54.608: (calibrate rover1 camera1 objective5 waypoint40)
54.543: (navigate rover3 waypoint44 waypoint17)
54.662: (take_image rover1 waypoint40 objective6 camera1 colour)
54.864: (navigate rover3 waypoint17 waypoint1)
54.709: (calibrate rover1 camera1 objective5 waypoint40)
54.547: (calibrate rover3 camera0 objective4 waypoint1)
54.433: (navigate rover3 waypoint1 waypoint17)
54.464: (navigate rover3 waypoint17 waypoint44)
54.640: (take_image rover1 waypoint40 objective5 camera1 colour)
54.624: (navigate rover3 waypoint44 waypoint17)
54.729: (navigate rover3 waypoint17 waypoint1)
54.685: (navigate rover3 waypoint1 waypoint22)
54.504: (calibrate rover1 camera1 objective5 waypoint40)
54.507: (navigate rover3 waypoint22 waypoint5)
54.669: (take_image rover3 waypoint5 objective1 camera0 colour)
54.666: (navigate rover3 waypoint5 waypoint22)
54.809: (take_image rover1 waypoint40 objective5 camera1 colour)
54.792: (navigate rover3 waypoint22 waypoint5)
54.959: (navigate rover2 waypoint24 waypoint6)
54.866: (calibrate rover1 camera1 objective5 waypoint40)
54.807: (calibrate rover2 camera4 objective4 waypoint6)
54.600: (navigate rover2 waypoint6 waypoint24)
54.608: (navigate rover3 waypoint5 waypoint22)
54.650: (navigate rover3 waypoint22 waypoint1)
54.469: (calibrate rover3 camera0 objective4 waypoint1)
54.356: (navigate rover3 waypoint1 waypoint17)
54.388: (navigate rover3 waypoint17 waypoint44)
54.549: (take_image rover3 waypoint44 objective3 camera0 low_res)
54.492: (navigate rover3 waypoint44 waypoint17)
54.680: (take_image rover1 waypoint40 objective6 camera1 colour)
54.728: (navigate rover3 waypoint17 waypoint44)
55.130: (navigate rover2 waypoint24 waypoint6)
54.961: (navigate rover3 waypoint44 waypoint17)
54.769: (calibrate rover1 camera1 objective5 waypoint40)
54.823: (take_image rover2 waypoint6 objective4 camera4 colour)
54.937: (take_image rover1 waypoint40 objective6 camera1 low_res)
55.103: (navigate rover3 waypoint17 waypoint44)
55.019: (calibrate rover1 camera1 objective5 waypoint40)
54.963: (calibrate rover2 camera4 objective4 waypoint6)
55.617: (take_image rover2 waypoint6 objective7 camera5 high_res)
55.212: (navigate rover2 waypoint6 waypoint24)
55.161: (navigate rover3 waypoint44 waypoint17)
55.198: (communicate_image_data rover2 general objective7 high_res waypoint24 waypoint11)
55.247: (navigate rover3 waypoint17 waypoint44)
55.377: (take_image rover2 waypoint24 objective7 camera4 colour)
55.304: (navigate rover3 waypoint44 waypoint17)
55.466: (navigate rover3 waypoint17 waypoint1)
55.302: (calibrate rover3 camera0 objective4 waypoint1)
55.194: (navigate rover3 waypoint1 waypoint17)
55.232: (navigate rover3 waypoint17 waypoint44)
55.414: (take_image rover1 waypoint40 objective6 camera1 colour)
55.386: (navigate rover3 waypoint44 waypoint17)
55.491: (navigate rover3 waypoint17 waypoint1)
55.449: (navigate rover3 waypoint1 waypoint22)
55.264: (calibrate rover1 camera1 objective5 waypoint40)
55.293: (navigate rover3 waypoint22 waypoint5)
55.446: (navigate rover2 waypoint24 waypoint6)
55.354: (calibrate rover2 camera4 objective4 waypoint6)
55.135: (navigate rover2 waypoint6 waypoint24)
55.122: (navigate rover3 waypoint5 waypoint22)
55.159: (navigate rover3 waypoint22 waypoint1)
55.062: (navigate rover3 waypoint1 waypoint17)
55.081: (navigate rover3 waypoint17 waypoint44)
55.269: (take_image rover1 waypoint40 objective4 camera1 low_res)
55.254: (navigate rover3 waypoint44 waypoint17)
55.352: (navigate rover3 waypoint17 waypoint1)
55.311: (navigate rover3 waypoint1 waypoint22)
55.321: (navigate rover3 waypoint22 waypoint5)
55.477: (take_image rover2 waypoint24 objective6 camera4 colour)
55.624: (navigate rover2 waypoint24 waypoint6)
55.535: (calibrate rover2 camera4 objective4 waypoint6)
55.662: (navigate rover3 waypoint5 waypoint22)
55.489: (calibrate rover1 camera1 objective5 waypoint40)
55.536: (navigate rover3 waypoint22 waypoint1)
55.342: (navigate rover3 waypoint1 waypoint17)
55.428: (take_image rover2 waypoint6 objective4 camera4 colour)
55.537: (take_image rover3 waypoint17 objective2 camera0 colour)
55.476: (calibrate rover2 camera4 objective4 waypoint6)
55.661: (navigate rover3 waypoint17 waypoint44)
55.731: (take_image rover2 waypoint6 objective4 camera4 colour)
56.097: (take_image rover1 waypoint40 objective4 camera1 colour)
55.741: (navigate rover2 waypoint6 waypoint24)
55.660: (navigate rover3 waypoint44 waypoint17)
55.873: (navigate rover3 waypoint17 waypoint1)
55.818: (navigate rover3 waypoint1 waypoint22)
55.428: (calibrate rover1 camera1 objective5 waypoint40)
55.457: (navigate rover3 waypoint22 waypoint5)
55.587: (navigate rover2 waypoint24 waypoint6)
55.512: (calibrate rover2 camera4 objective4 waypoint6)
55.316: (navigate rover2 waypoint6 waypoint24)
55.305: (navigate rover3 waypoint5 waypoint22)
55.342: (navigate rover3 waypoint22 waypoint1)
55.299: (navigate rover3 waypoint1 waypoint29)
54.744: (calibrate rover3 camera3 objective0 waypoint29)
54.491: (navigate rover3 waypoint29 waypoint25)
54.616: (take_image rover2 waypoint24 objective5 camera4 colour)
54.803: (take_image rover1 waypoint40 objective5 camera1 low_res)
55.081: (navigate rover3 waypoint25 waypoint29)
54.880: (calibrate rover1 camera1 objective5 waypoint40)
54.872: (navigate rover3 waypoint29 waypoint1)
54.729: (navigate rover3 waypoint1 waypoint17)
54.795: (navigate rover3 waypoint17 waypoint44)
54.987: (take_image rover1 waypoint40 objective5 camera1 low_res)
54.931: (navigate rover3 waypoint44 waypoint17)
55.071: (navigate rover3 waypoint17 waypoint1)
54.920: (calibrate rover3 camera0 objective4 waypoint1)
54.731: (calibrate rover1 camera1 objective5 waypoint40)
54.611: (navigate rover3 waypoint1 waypoint17)
54.660: (navigate rover3 waypoint17 waypoint44)
54.842: (take_image rover1 waypoint40 objective4 camera1 low_res)
54.803: (navigate rover3 waypoint44 waypoint17)
55.045: (navigate rover2 waypoint24 waypoint6)
54.850: (calibrate rover1 camera1 objective5 waypoint40)
54.761: (calibrate rover2 camera4 objective4 waypoint6)
54.474: (navigate rover2 waypoint6 waypoint24)
54.512: (navigate rover3 waypoint17 waypoint44)
54.663: (take_image rover3 waypoint44 objective3 camera0 colour)
54.616: (navigate rover3 waypoint44 waypoint17)
54.745: (navigate rover3 waypoint17 waypoint1)
54.588: (calibrate rover3 camera0 objective4 waypoint1)
54.539: (navigate rover3 waypoint1 waypoint22)
54.564: (navigate rover3 waypoint22 waypoint5)
54.714: (take_image rover3 waypoint5 objective1 camera0 low_res)
54.696: (navigate rover3 waypoint5 waypoint22)
54.822: (take_image rover2 waypoint24 objective3 camera4 colour)
54.856: (navigate rover3 waypoint22 waypoint5)
55.023: (navigate rover2 waypoint24 waypoint6)
54.945: (calibrate rover2 camera4 objective4 waypoint6)
55.070: (navigate rover3 waypoint5 waypoint22)
55.121: (navigate rover3 waypoint22 waypoint1)
54.907: (navigate rover3 waypoint1 waypoint17)
54.971: (take_image rover2 waypoint6 objective4 camera4 colour)
55.164: (navigate rover3 waypoint17 waypoint44)
55.089: (calibrate rover2 camera4 objective4 waypoint6)
55.269: (take_image rover1 waypoint40 objective6 camera1 low_res)
54.853: (navigate rover2 waypoint6 waypoint24)
54.815: (navigate rover3 waypoint44 waypoint17)
54.938: (navigate rover3 waypoint17 waypoint1)
54.776: (calibrate rover3 camera0 objective4 waypoint1)
54.665: (navigate rover3 waypoint1 waypoint17)
54.695: (navigate rover3 waypoint17 waypoint44)
55.109: (navigate rover2 waypoint24 waypoint6)
54.936: (calibrate rover1 camera1 objective5 waypoint40)
55.025: (take_image rover2 waypoint6 objective4 camera4 colour)
55.198: (take_image rover1 waypoint40 objective6 camera1 low_res)
55.345: (take_image rover3 waypoint44 objective3 camera0 low_res)
55.174: (navigate rover3 waypoint44 waypoint17)
55.107: (calibrate rover2 camera4 objective4 waypoint6)
55.307: (navigate rover3 waypoint17 waypoint1)
55.142: (calibrate rover3 camera0 objective4 waypoint1)
54.956: (navigate rover3 waypoint1 waypoint17)
55.519: (take_image rover3 waypoint17 objective6 camera3 high_res)
55.232: (navigate rover2 waypoint6 waypoint24)
55.040: (calibrate rover1 camera1 objective5 waypoint40)
55.058: (navigate rover3 waypoint17 waypoint44)
55.207: (take_image rover2 waypoint24 objective3 camera4 colour)
55.171: (navigate rover3 waypoint44 waypoint17)
55.279: (navigate rover3 waypoint17 waypoint1)
55.241: (navigate rover3 waypoint1 waypoint22)
55.268: (navigate rover3 waypoint22 waypoint5)
55.426: (navigate rover2 waypoint24 waypoint6)
55.335: (calibrate rover2 camera4 objective4 waypoint6)
55.111: (navigate rover2 waypoint6 waypoint24)
55.099: (navigate rover3 waypoint5 waypoint22)
55.137: (navigate rover3 waypoint22 waypoint1)
55.093: (navigate rover3 waypoint1 waypoint29)
54.588: (calibrate rover3 camera3 objective0 waypoint29)
54.327: (navigate rover3 waypoint29 waypoint25)
54.468: (take_image rover2 waypoint24 objective7 camera4 colour)
54.610: (take_image rover3 waypoint25 objective7 camera0 colour)
54.797: (take_image rover1 waypoint40 objective5 camera1 colour)
55.076: (navigate rover3 waypoint25 waypoint29)
54.873: (calibrate rover1 camera1 objective5 waypoint40)
54.868: (navigate rover3 waypoint29 waypoint1)
54.727: (navigate rover3 waypoint1 waypoint17)
54.791: (navigate rover3 waypoint17 waypoint44)
54.983: (take_image rover1 waypoint40 objective6 camera1 low_res)
54.930: (navigate rover3 waypoint44 waypoint17)
55.068: (navigate rover3 waypoint17 waypoint1)
54.917: (calibrate rover3 camera0 objective4 waypoint1)
54.728: (calibrate rover1 camera1 objective5 waypoint40)
54.608: (navigate rover3 waypoint1 waypoint17)
54.656: (navigate rover3 waypoint17 waypoint44)
54.838: (take_image rover1 waypoint40 objective4 camera1 low_res)
54.800: (navigate rover3 waypoint44 waypoint17)
55.048: (navigate rover2 waypoint24 waypoint6)
54.852: (calibrate rover1 camera1 objective5 waypoint40)
54.763: (calibrate rover2 camera4 objective4 waypoint6)
54.473: (navigate rover2 waypoint6 waypoint24)
54.507: (navigate rover3 waypoint17 waypoint44)
54.659: (take_image rover3 waypoint44 objective2 camera0 low_res)
54.614: (navigate rover3 waypoint44 waypoint17)
54.742: (navigate rover3 waypoint17 waypoint1)
54.584: (calibrate rover3 camera0 objective4 waypoint1)
54.535: (navigate rover3 waypoint1 waypoint22)
54.559: (navigate rover3 waypoint22 waypoint5)
54.708: (take_image rover3 waypoint5 objective1 camera0 colour)
54.692: (navigate rover3 waypoint5 waypoint22)
54.818: (take_image rover2 waypoint24 objective5 camera4 colour)
54.850: (navigate rover3 waypoint22 waypoint5)
55.024: (navigate rover2 waypoint24 waypoint6)
54.946: (calibrate rover2 camera4 objective4 waypoint6)
55.075: (navigate rover3 waypoint5 waypoint22)
55.127: (navigate rover3 waypoint22 waypoint1)
54.910: (navigate rover3 waypoint1 waypoint17)
54.974: (take_image rover2 waypoint6 objective7 camera4 colour)
55.168: (navigate rover3 waypoint17 waypoint44)
55.092: (calibrate rover2 camera4 objective4 waypoint6)
55.273: (take_image rover1 waypoint40 objective5 camera1 low_res)
54.849: (navigate rover2 waypoint6 waypoint24)
54.814: (navigate rover3 waypoint44 waypoint17)
54.937: (navigate rover3 waypoint17 waypoint1)
54.773: (calibrate rover3 camera0 objective4 waypoint1)
54.663: (navigate rover3 waypoint1 waypoint17)
54.690: (navigate rover3 waypoint17 waypoint44)
55.112: (navigate rover2 waypoint24 waypoint6)
54.939: (calibrate rover1 camera1 objective5 waypoint40)
55.030: (take_image rover2 waypoint6 objective7 camera4 colour)
55.203: (take_image rover1 waypoint40 objective5 camera1 low_res)
55.351: (take_image rover3 waypoint44 objective1 camera0 colour)
55.178: (navigate rover3 waypoint44 waypoint17)
55.110: (calibrate rover2 camera4 objective4 waypoint6)
55.313: (navigate rover3 waypoint17 waypoint1)
55.148: (calibrate rover3 camera0 objective4 waypoint1)
54.958: (navigate rover3 waypoint1 waypoint17)
55.500: (take_image rover3 waypoint17 objective3 camera3 high_res)
55.210: (navigate rover2 waypoint6 waypoint24)
55.018: (calibrate rover1 camera1 objective5 waypoint40)
55.038: (navigate rover3 waypoint17 waypoint44)
55.186: (take_image rover2 waypoint24 objective3 camera4 colour)
55.149: (navigate rover3 waypoint44 waypoint17)
55.261: (navigate rover3 waypoint17 waypoint1)
55.220: (navigate rover3 waypoint1 waypoint22)
55.248: (navigate rover3 waypoint22 waypoint5)
55.409: (navigate rover2 waypoint24 waypoint6)
55.317: (calibrate rover2 camera4 objective4 waypoint6)
55.091: (navigate rover2 waypoint6 waypoint24)
55.079: (navigate rover3 waypoint5 waypoint22)
55.117: (navigate rover3 waypoint22 waypoint1)
55.071: (navigate rover3 waypoint1 waypoint29)
54.581: (calibrate rover3 camera3 objective0 waypoint29)
54.322: (navigate rover3 waypoint29 waypoint25)
54.462: (take_image rover2 waypoint24 objective7 camera4 colour)
54.604: (take_image rover3 waypoint25 objective1 camera0 colour)
54.792: (take_image rover1 waypoint40 objective4 camera1 colour)
55.071: (navigate rover3 waypoint25 waypoint29)
54.866: (calibrate rover1 camera1 objective5 waypoint40)
54.864: (navigate rover3 waypoint29 waypoint1)
54.723: (navigate rover3 waypoint1 waypoint17)
54.785: (navigate rover3 waypoint17 waypoint44)
54.978: (take_image rover1 waypoint40 objective5 camera1 low_res)
54.926: (navigate rover3 waypoint44 waypoint17)
55.064: (navigate rover3 waypoint17 waypoint1)
54.912: (calibrate rover3 camera0 objective4 waypoint1)
54.724: (calibrate rover1 camera1 objective5 waypoint40)
54.603: (navigate rover3 waypoint1 waypoint17)
54.651: (navigate rover3 waypoint17 waypoint44)
54.833: (take_image rover1 waypoint40 objective6 camera1 low_res)
54.796: (navigate rover3 waypoint44 waypoint17)
55.043: (navigate rover2 waypoint24 waypoint6)
54.847: (calibrate rover1 camera1 objective5 waypoint40)
54.760: (calibrate rover2 camera4 objective4 waypoint6)
54.469: (navigate rover2 waypoint6 waypoint24)
54.502: (navigate rover3 waypoint17 waypoint44)
54.653: (take_image rover3 waypoint44 objective1 camera0 colour)
54.610: (navigate rover3 waypoint44 waypoint17)
54.737: (navigate rover3 waypoint17 waypoint1)
54.579: (calibrate rover3 camera0 objective4 waypoint1)
54.530: (navigate rover3 waypoint1 waypoint22)
54.553: (navigate rover3 waypoint22 waypoint5)
54.703: (take_image rover3 waypoint5 objective2 camera0 colour)
54.687: (navigate rover3 waypoint5 waypoint22)
54.812: (take_image rover2 waypoint24 objective3 camera4 colour)
54.845: (navigate rover3 waypoint22 waypoint5)
55.022: (navigate rover2 waypoint24 waypoint6)
54.943: (calibrate rover2 camera4 objective4 waypoint6)
55.073: (navigate rover3 waypoint5 waypoint22)
55.125: (navigate rover3 waypoint22 waypoint1)
54.906: (navigate rover3 waypoint1 waypoint17)
54.971: (take_image rover2 waypoint6 objective4 camera4 colour)
55.167: (navigate rover3 waypoint17 waypoint44)
55.091: (calibrate rover2 camera4 objective4 waypoint6)
55.272: (take_image rover1 waypoint40 objective6 camera1 low_res)
54.845: (navigate rover2 waypoint6 waypoint24)
54.810: (navigate rover3 waypoint44 waypoint17)
54.933: (navigate rover3 waypoint17 waypoint1)
54.768: (calibrate rover3 camera0 objective4 waypoint1)
54.658: (navigate rover3 waypoint1 waypoint17)
54.685: (navigate rover3 waypoint17 waypoint44)
55.111: (navigate rover2 waypoint24 waypoint6)
54.937: (calibrate rover1 camera1 objective5 waypoint40)
55.028: (take_image rover2 waypoint6 objective4 camera4 colour)
55.201: (take_image rover1 waypoint40 objective5 camera1 low_res)
55.350: (take_image rover3 waypoint44 objective1 camera0 colour)
55.175: (navigate rover3 waypoint44 waypoint17)
55.107: (calibrate rover2 camera4 objective4 waypoint6)
55.313: (navigate rover3 waypoint17 waypoint1)
55.147: (calibrate rover3 camera0 objective4 waypoint1)
54.954: (navigate rover3 waypoint1 waypoint17)
55.766: (navigate rover0 waypoint1 waypoint10)
55.167: (navigate rover0 waypoint10 waypoint25)
54.340: (sample_soil rover0 rover0store waypoint25)
53.532: (navigate rover0 waypoint25 waypoint10)
52.109: (communicate_soil_data rover0 general waypoint25 waypoint10 waypoint11)
51.279: (navigate rover0 waypoint10 waypoint1)
50.608: (drop rover0 rover0store)
50.414: (calibrate rover1 camera1 objective5 waypoint40)
50.285: (navigate rover2 waypoint6 waypoint24)
50.420: (take_image rover2 waypoint24 objective5 camera4 colour)
50.502: (navigate rover2 waypoint24 waypoint6)
50.625: (take_image rover3 waypoint17 objective3 camera0 low_res)
50.537: (navigate rover2 waypoint6 waypoint24)
50.717: (navigate rover3 waypoint17 waypoint1)
50.580: (calibrate rover3 camera0 objective4 waypoint1)
50.524: (navigate rover3 waypoint1 waypoint22)
50.660: (navigate rover3 waypoint22 waypoint5)
50.681: (navigate rover2 waypoint24 waypoint6)
50.586: (calibrate rover2 camera4 objective4 waypoint6)
50.502: (navigate rover2 waypoint6 waypoint24)
50.381: (navigate rover3 waypoint5 waypoint22)
50.436: (navigate rover3 waypoint22 waypoint1)
50.555: (navigate rover3 waypoint1 waypoint16)
50.335: (navigate rover3 waypoint16 waypoint0)
50.474: (take_image rover2 waypoint24 objective7 camera4 colour)
50.568: (navigate rover2 waypoint24 waypoint6)
50.481: (calibrate rover2 camera4 objective4 waypoint6)
50.632: (take_image rover3 waypoint0 objective1 camera0 colour)
50.482: (navigate rover2 waypoint6 waypoint24)
50.605: (take_image rover2 waypoint24 objective3 camera4 colour)
50.703: (navigate rover2 waypoint24 waypoint6)
50.901: (take_image rover1 waypoint40 objective6 camera1 colour)
50.813: (navigate rover2 waypoint6 waypoint24)
51.036: (navigate rover3 waypoint0 waypoint16)
50.826: (calibrate rover1 camera1 objective5 waypoint40)
50.920: (navigate rover2 waypoint24 waypoint6)
50.846: (calibrate rover2 camera4 objective4 waypoint6)
50.705: (navigate rover2 waypoint6 waypoint24)
50.591: (navigate rover3 waypoint16 waypoint1)
50.427: (navigate rover3 waypoint1 waypoint17)
50.559: (navigate rover2 waypoint24 waypoint6)
50.759: (take_image rover1 waypoint40 objective5 camera1 colour)
50.624: (navigate rover2 waypoint6 waypoint24)
50.740: (take_image rover2 waypoint24 objective6 camera4 colour)
50.829: (navigate rover2 waypoint24 waypoint6)
51.092: (navigate rover3 waypoint17 waypoint1)
50.892: (calibrate rover1 camera1 objective5 waypoint40)
50.750: (calibrate rover3 camera0 objective4 waypoint1)
50.662: (calibrate rover2 camera4 objective4 waypoint6)
50.616: (navigate rover3 waypoint1 waypoint22)
50.705: (take_image rover2 waypoint6 objective4 camera4 colour)
50.845: (take_image rover3 waypoint22 objective2 camera0 low_res)
50.662: (navigate rover2 waypoint6 waypoint24)
50.792: (navigate rover3 waypoint22 waypoint5)
50.818: (navigate rover2 waypoint24 waypoint6)
50.737: (calibrate rover2 camera4 objective4 waypoint6)
50.651: (navigate rover2 waypoint6 waypoint24)
50.536: (navigate rover3 waypoint5 waypoint22)
50.744: (take_image rover1 waypoint40 objective4 camera1 colour)
50.799: (navigate rover3 waypoint22 waypoint1)
50.636: (calibrate rover3 camera0 objective4 waypoint1)
50.475: (navigate rover3 waypoint1 waypoint17)
50.611: (take_image rover2 waypoint24 objective5 camera4 colour)
50.697: (navigate rover2 waypoint24 waypoint6)
50.939: (navigate rover3 waypoint17 waypoint1)
50.781: (navigate rover2 waypoint6 waypoint24)
50.724: (navigate rover3 waypoint1 waypoint22)
50.855: (navigate rover3 waypoint22 waypoint5)
50.870: (navigate rover2 waypoint24 waypoint6)
50.775: (calibrate rover2 camera4 objective4 waypoint6)
50.697: (navigate rover2 waypoint6 waypoint24)
50.582: (navigate rover3 waypoint5 waypoint22)
50.803: (navigate rover2 waypoint24 waypoint6)
50.853: (navigate rover3 waypoint22 waypoint1)
50.865: (navigate rover3 waypoint1 waypoint15)
50.672: (calibrate rover1 camera1 objective5 waypoint40)
50.615: (navigate rover2 waypoint6 waypoint24)
50.443: (navigate rover3 waypoint15 waypoint8)
50.581: (take_image rover3 waypoint8 objective5 camera0 low_res)
50.702: (take_image rover2 waypoint24 objective3 camera4 colour)
50.839: (navigate rover2 waypoint24 waypoint6)
50.776: (calibrate rover2 camera4 objective4 waypoint6)
50.823: (navigate rover3 waypoint8 waypoint15)
50.764: (navigate rover2 waypoint6 waypoint24)
50.772: (navigate rover3 waypoint15 waypoint43)
50.885: (take_image rover2 waypoint24 objective7 camera4 colour)
50.891: (navigate rover3 waypoint43 waypoint15)
50.898: (navigate rover2 waypoint24 waypoint6)
51.100: (take_image rover1 waypoint40 objective6 camera1 colour)
51.023: (calibrate rover2 camera4 objective4 waypoint6)
50.970: (navigate rover2 waypoint6 waypoint24)
50.780: (navigate rover3 waypoint15 waypoint8)
50.897: (take_image rover2 waypoint24 objective7 camera4 colour)
51.038: (navigate rover2 waypoint24 waypoint6)
50.971: (calibrate rover2 camera4 objective4 waypoint6)
51.783: (take_image rover3 waypoint8 objective0 camera3 high_res)
50.968: (calibrate rover3 camera3 objective0 waypoint8)
50.772: (calibrate rover1 camera1 objective5 waypoint40)
50.586: (navigate rover2 waypoint6 waypoint24)
50.700: (take_image rover2 waypoint24 objective7 camera4 colour)
50.837: (navigate rover2 waypoint24 waypoint6)
50.891: (navigate rover3 waypoint8 waypoint15)
50.816: (calibrate rover2 camera4 objective4 waypoint6)
50.757: (navigate rover2 waypoint6 waypoint24)
50.582: (navigate rover3 waypoint15 waypoint1)
50.425: (navigate rover3 waypoint1 waypoint17)
50.539: (take_image rover2 waypoint24 objective3 camera4 colour)
50.621: (navigate rover2 waypoint24 waypoint6)
50.556: (calibrate rover2 camera4 objective4 waypoint6)
50.756: (take_image rover1 waypoint40 objective4 camera1 colour)
50.622: (navigate rover2 waypoint6 waypoint24)
50.739: (take_image rover2 waypoint24 objective3 camera4 colour)
50.825: (navigate rover2 waypoint24 waypoint6)
51.083: (navigate rover3 waypoint17 waypoint1)
50.883: (calibrate rover1 camera1 objective5 waypoint40)
50.709: (navigate rover2 waypoint6 waypoint24)
50.572: (calibrate rover3 camera0 objective4 waypoint1)
50.418: (navigate rover3 waypoint1 waypoint17)
50.499: (navigate rover2 waypoint24 waypoint6)
50.409: (calibrate rover2 camera4 objective4 waypoint6)
50.283: (navigate rover2 waypoint6 waypoint24)
50.428: (navigate rover3 waypoint17 waypoint1)
50.375: (navigate rover3 waypoint1 waypoint22)
50.497: (navigate rover3 waypoint22 waypoint5)
50.577: (navigate rover2 waypoint24 waypoint6)
50.607: (navigate rover3 waypoint5 waypoint22)
50.652: (navigate rover3 waypoint22 waypoint1)
50.665: (navigate rover3 waypoint1 waypoint15)
[Final] Expanded: 1000, Generated: 43061
Failed to find a solution!
