/u/ibrahim.eisawy/Neural-Guided-Search/venv/lib/python3.10/site-packages/pymimir_rgnn/model.py:151: UserWarning: index_reduce() is in beta and the API may change at any time. (Triggered internally at /pytorch/aten/src/ATen/native/cuda/Indexing.cu:1541.)
  max_msg.index_reduce_(0, output_indices, output_messages, reduce='amax', include_self=True)
Torch: 2.12.0+cu130
Loading model... (models/logistics_supervised.pth)
Using GPU:  NVIDIA L40S
[f=17.010] Expanded: 0, Generated: 0
[f=17.010] Expanded: 66, Generated: 880
[f=17.012] Expanded: 67, Generated: 893
[f=17.019] Expanded: 68, Generated: 905
[f=17.022] Expanded: 69, Generated: 918
[f=17.029] Expanded: 71, Generated: 945
[f=17.032] Expanded: 74, Generated: 984
[f=17.036] Expanded: 76, Generated: 1011
[f=17.038] Expanded: 77, Generated: 1024
[f=17.040] Expanded: 78, Generated: 1037
[f=17.062] Expanded: 79, Generated: 1051
[f=17.064] Expanded: 80, Generated: 1065
[f=17.067] Expanded: 81, Generated: 1078
[f=17.069] Expanded: 82, Generated: 1091
[f=17.077] Expanded: 83, Generated: 1105
[f=17.088] Expanded: 84, Generated: 1119
[f=17.095] Expanded: 85, Generated: 1132
[f=17.128] Expanded: 86, Generated: 1146
[f=17.133] Expanded: 89, Generated: 1182
[f=17.140] Expanded: 90, Generated: 1196
[f=17.156] Expanded: 92, Generated: 1225
[f=17.157] Expanded: 93, Generated: 1239
[f=17.159] Expanded: 94, Generated: 1254
[f=17.167] Expanded: 95, Generated: 1268
[f=17.171] Expanded: 96, Generated: 1279
[f=17.172] Expanded: 97, Generated: 1290
[f=17.178] Expanded: 98, Generated: 1303
[f=17.184] Expanded: 100, Generated: 1332
[f=17.187] Expanded: 101, Generated: 1345
[f=17.199] Expanded: 102, Generated: 1360
[f=17.202] Expanded: 103, Generated: 1372
[f=17.206] Expanded: 104, Generated: 1386
[f=17.206] Expanded: 105, Generated: 1400
[f=17.210] Expanded: 107, Generated: 1429
[f=17.218] Expanded: 109, Generated: 1458
[f=17.221] Expanded: 110, Generated: 1472
[f=17.228] Expanded: 111, Generated: 1485
[f=17.233] Expanded: 113, Generated: 1514
[f=17.236] Expanded: 115, Generated: 1543
[f=17.240] Expanded: 116, Generated: 1556
[f=17.263] Expanded: 117, Generated: 1569
[f=17.266] Expanded: 118, Generated: 1582
[f=17.267] Expanded: 119, Generated: 1594
[f=17.271] Expanded: 120, Generated: 1608
[f=17.305] Expanded: 121, Generated: 1622
[f=17.305] Expanded: 123, Generated: 1651
[f=17.308] Expanded: 124, Generated: 1666
[f=17.310] Expanded: 125, Generated: 1681
[f=17.311] Expanded: 126, Generated: 1694
[f=17.322] Expanded: 127, Generated: 1707
[f=17.339] Expanded: 128, Generated: 1721
[f=17.343] Expanded: 129, Generated: 1734
[f=17.343] Expanded: 130, Generated: 1749
[f=17.350] Expanded: 131, Generated: 1762
[f=17.352] Expanded: 132, Generated: 1775
[f=17.367] Expanded: 133, Generated: 1791
[f=17.385] Expanded: 134, Generated: 1807
[f=17.404] Expanded: 135, Generated: 1821
[f=17.482] Expanded: 136, Generated: 1834
[f=17.514] Expanded: 137, Generated: 1847
[f=17.524] Expanded: 138, Generated: 1861
[f=17.526] Expanded: 139, Generated: 1874
[f=17.532] Expanded: 140, Generated: 1887
[f=17.542] Expanded: 141, Generated: 1900
[f=17.545] Expanded: 142, Generated: 1914
[f=17.624] Expanded: 143, Generated: 1927
[f=17.648] Expanded: 144, Generated: 1940
[f=17.650] Expanded: 145, Generated: 1952
[f=17.651] Expanded: 146, Generated: 1965
[f=17.653] Expanded: 147, Generated: 1978
[f=17.654] Expanded: 148, Generated: 1991
[f=17.660] Expanded: 149, Generated: 2004
[f=17.665] Expanded: 150, Generated: 2015
[f=17.667] Expanded: 151, Generated: 2029
[f=17.668] Expanded: 155, Generated: 2091
[f=17.670] Expanded: 156, Generated: 2102
[f=17.671] Expanded: 158, Generated: 2135
[f=17.692] Expanded: 159, Generated: 2146
[f=17.696] Expanded: 161, Generated: 2177
[f=17.700] Expanded: 162, Generated: 2188
[f=17.701] Expanded: 163, Generated: 2199
[f=17.712] Expanded: 164, Generated: 2211
[f=17.718] Expanded: 165, Generated: 2223
[f=17.719] Expanded: 166, Generated: 2235
[f=17.721] Expanded: 167, Generated: 2248
[f=17.725] Expanded: 168, Generated: 2261
[f=17.735] Expanded: 169, Generated: 2273
[f=17.748] Expanded: 170, Generated: 2287
[f=17.750] Expanded: 171, Generated: 2299
[f=17.751] Expanded: 172, Generated: 2313
[f=17.752] Expanded: 173, Generated: 2327
[f=17.753] Expanded: 174, Generated: 2340
[f=17.788] Expanded: 175, Generated: 2353
[f=17.793] Expanded: 176, Generated: 2367
[f=17.794] Expanded: 177, Generated: 2381
[f=17.794] Expanded: 178, Generated: 2395
[f=17.797] Expanded: 179, Generated: 2407
[f=17.797] Expanded: 180, Generated: 2419
[f=17.809] Expanded: 181, Generated: 2432
[f=17.812] Expanded: 182, Generated: 2445
[f=17.824] Expanded: 183, Generated: 2458
[f=17.827] Expanded: 184, Generated: 2471
[f=17.828] Expanded: 185, Generated: 2484
[f=17.834] Expanded: 186, Generated: 2497
[f=17.835] Expanded: 187, Generated: 2510
[f=17.835] Expanded: 188, Generated: 2524
[f=17.836] Expanded: 189, Generated: 2537
[f=17.837] Expanded: 190, Generated: 2550
[f=17.857] Expanded: 191, Generated: 2564
[f=17.865] Expanded: 192, Generated: 2578
[f=17.868] Expanded: 193, Generated: 2591
[f=17.870] Expanded: 194, Generated: 2604
[f=17.882] Expanded: 195, Generated: 2618
[f=17.923] Expanded: 196, Generated: 2632
[f=17.960] Expanded: 197, Generated: 2646
[f=17.961] Expanded: 198, Generated: 2660
[f=17.962] Expanded: 199, Generated: 2674
[f=17.965] Expanded: 200, Generated: 2688
[f=17.969] Expanded: 201, Generated: 2702
[f=17.973] Expanded: 202, Generated: 2716
[f=17.980] Expanded: 203, Generated: 2729
[f=17.986] Expanded: 204, Generated: 2740
[f=17.987] Expanded: 205, Generated: 2751
[f=17.989] Expanded: 206, Generated: 2764
[f=17.995] Expanded: 207, Generated: 2777
[f=18.008] Expanded: 208, Generated: 2791
[f=18.009] Expanded: 209, Generated: 2802
[f=18.011] Expanded: 210, Generated: 2813
[f=18.011] Expanded: 211, Generated: 2825
[f=18.017] Expanded: 212, Generated: 2838
[f=18.026] Expanded: 213, Generated: 2851
[f=18.027] Expanded: 214, Generated: 2865
[f=18.029] Expanded: 215, Generated: 2878
[f=18.029] Expanded: 216, Generated: 2890
[f=18.031] Expanded: 217, Generated: 2904
[f=18.031] Expanded: 218, Generated: 2917
[f=18.035] Expanded: 219, Generated: 2930
[f=18.037] Expanded: 220, Generated: 2944
[f=18.037] Expanded: 221, Generated: 2958
[f=18.043] Expanded: 222, Generated: 2971
[f=18.051] Expanded: 223, Generated: 2985
[f=18.054] Expanded: 224, Generated: 2997
[f=18.061] Expanded: 225, Generated: 3011
[f=18.065] Expanded: 228, Generated: 3047
[f=18.066] Expanded: 229, Generated: 3061
[f=18.066] Expanded: 230, Generated: 3075
[f=18.069] Expanded: 231, Generated: 3088
[f=18.070] Expanded: 232, Generated: 3101
[f=18.072] Expanded: 233, Generated: 3114
[f=18.075] Expanded: 234, Generated: 3128
[f=18.075] Expanded: 235, Generated: 3142
[f=18.085] Expanded: 236, Generated: 3156
[f=18.088] Expanded: 237, Generated: 3170
[f=18.089] Expanded: 238, Generated: 3184
[f=18.094] Expanded: 239, Generated: 3198
[f=18.115] Expanded: 240, Generated: 3211
[f=18.118] Expanded: 241, Generated: 3225
[f=18.119] Expanded: 242, Generated: 3240
[f=18.120] Expanded: 243, Generated: 3255
[f=18.121] Expanded: 244, Generated: 3269
[f=18.128] Expanded: 245, Generated: 3283
[f=18.132] Expanded: 246, Generated: 3298
[f=18.132] Expanded: 247, Generated: 3313
[f=18.133] Expanded: 248, Generated: 3326
[f=18.137] Expanded: 249, Generated: 3340
[f=18.142] Expanded: 250, Generated: 3354
[f=18.154] Expanded: 251, Generated: 3368
[f=18.154] Expanded: 252, Generated: 3383
[f=18.157] Expanded: 253, Generated: 3398
[f=18.160] Expanded: 254, Generated: 3413
[f=18.162] Expanded: 255, Generated: 3427
[f=18.164] Expanded: 256, Generated: 3441
[f=18.170] Expanded: 257, Generated: 3452
[f=18.175] Expanded: 258, Generated: 3466
[f=18.176] Expanded: 259, Generated: 3480
[f=18.182] Expanded: 260, Generated: 3495
[f=18.183] Expanded: 261, Generated: 3509
[f=18.185] Expanded: 262, Generated: 3523
[f=18.191] Expanded: 263, Generated: 3539
[f=18.192] Expanded: 264, Generated: 3552
[f=18.196] Expanded: 265, Generated: 3564
[f=18.198] Expanded: 266, Generated: 3580
[f=18.200] Expanded: 267, Generated: 3595
[f=18.203] Expanded: 342, Generated: 4590
[f=18.208] Expanded: 343, Generated: 4605
[f=18.208] Expanded: 344, Generated: 4617
[f=18.212] Expanded: 345, Generated: 4631
[f=18.213] Expanded: 346, Generated: 4645
[f=18.214] Expanded: 347, Generated: 4659
[f=18.214] Expanded: 348, Generated: 4674
[f=18.217] Expanded: 349, Generated: 4688
[f=18.219] Expanded: 351, Generated: 4718
[f=18.224] Expanded: 352, Generated: 4732
[f=18.227] Expanded: 353, Generated: 4746
[f=18.230] Expanded: 354, Generated: 4761
[f=18.233] Expanded: 355, Generated: 4775
[f=18.233] Expanded: 356, Generated: 4788
[f=18.234] Expanded: 357, Generated: 4803
[f=18.240] Expanded: 358, Generated: 4818
[f=18.240] Expanded: 359, Generated: 4833
[f=18.246] Expanded: 360, Generated: 4846
[f=18.259] Expanded: 361, Generated: 4860
[f=18.271] Expanded: 362, Generated: 4874
[f=18.290] Expanded: 363, Generated: 4887
[f=18.296] Expanded: 364, Generated: 4900
[f=18.297] Expanded: 365, Generated: 4913
[f=18.298] Expanded: 366, Generated: 4927
[f=18.301] Expanded: 367, Generated: 4941
[f=18.302] Expanded: 368, Generated: 4956
[f=18.302] Expanded: 369, Generated: 4968
[f=18.304] Expanded: 370, Generated: 4982
[f=18.305] Expanded: 371, Generated: 4997
[f=18.306] Expanded: 372, Generated: 5012
[f=18.307] Expanded: 373, Generated: 5025
[f=18.307] Expanded: 374, Generated: 5038
[f=18.308] Expanded: 375, Generated: 5053
[f=18.310] Expanded: 376, Generated: 5068
[f=18.311] Expanded: 377, Generated: 5082
[f=18.312] Expanded: 379, Generated: 5112
[f=18.314] Expanded: 380, Generated: 5124
[f=18.318] Expanded: 381, Generated: 5138
[f=18.322] Expanded: 382, Generated: 5150
[f=18.323] Expanded: 383, Generated: 5163
[f=18.323] Expanded: 384, Generated: 5176
[f=18.325] Expanded: 385, Generated: 5189
[f=18.326] Expanded: 386, Generated: 5205
[f=18.332] Expanded: 387, Generated: 5221
[f=18.334] Expanded: 388, Generated: 5235
[f=18.339] Expanded: 389, Generated: 5250
[f=18.342] Expanded: 391, Generated: 5282
[f=18.349] Expanded: 392, Generated: 5295
[f=18.350] Expanded: 393, Generated: 5308
[f=18.352] Expanded: 394, Generated: 5321
[f=18.352] Expanded: 395, Generated: 5335
[f=18.354] Expanded: 396, Generated: 5350
[f=18.359] Expanded: 397, Generated: 5363
[f=18.362] Expanded: 398, Generated: 5376
[f=18.363] Expanded: 399, Generated: 5390
[f=18.363] Expanded: 400, Generated: 5404
[f=18.365] Expanded: 401, Generated: 5420
[f=18.366] Expanded: 402, Generated: 5436
[f=18.367] Expanded: 404, Generated: 5462
[f=18.371] Expanded: 405, Generated: 5478
[f=18.373] Expanded: 406, Generated: 5494
[f=18.375] Expanded: 407, Generated: 5508
[f=18.379] Expanded: 408, Generated: 5522
[f=18.383] Expanded: 409, Generated: 5534
[f=18.385] Expanded: 410, Generated: 5548
[f=18.386] Expanded: 411, Generated: 5564
[f=18.386] Expanded: 412, Generated: 5580
[f=18.393] Expanded: 413, Generated: 5594
[f=18.395] Expanded: 414, Generated: 5607
[f=18.400] Expanded: 415, Generated: 5622
[f=18.400] Expanded: 416, Generated: 5636
[f=18.404] Expanded: 417, Generated: 5649
[f=18.405] Expanded: 419, Generated: 5673
[f=18.412] Expanded: 420, Generated: 5687
[f=18.412] Expanded: 421, Generated: 5701
[f=18.424] Expanded: 422, Generated: 5715
[f=18.426] Expanded: 423, Generated: 5728
[f=18.426] Expanded: 424, Generated: 5741
[f=18.429] Expanded: 425, Generated: 5757
[f=18.430] Expanded: 426, Generated: 5771
[f=18.430] Expanded: 428, Generated: 5803
[f=18.431] Expanded: 429, Generated: 5817
[f=18.434] Expanded: 431, Generated: 5843
[f=18.449] Expanded: 432, Generated: 5857
[f=18.462] Expanded: 433, Generated: 5870
[f=18.470] Expanded: 434, Generated: 5884
[f=18.476] Expanded: 435, Generated: 5893
[f=18.487] Expanded: 436, Generated: 5910
[f=18.497] Expanded: 437, Generated: 5923
[f=18.501] Expanded: 438, Generated: 5936
[f=18.501] Expanded: 439, Generated: 5949
[f=18.503] Expanded: 440, Generated: 5963
[f=18.504] Expanded: 442, Generated: 5990
[f=18.508] Expanded: 444, Generated: 6024
[f=18.512] Expanded: 445, Generated: 6038
[f=18.522] Expanded: 448, Generated: 6079
[f=18.525] Expanded: 449, Generated: 6093
[f=18.530] Expanded: 450, Generated: 6106
[f=18.531] Expanded: 451, Generated: 6119
[f=18.531] Expanded: 633, Generated: 8541
[f=18.531] Expanded: 634, Generated: 8554
[f=18.532] Expanded: 636, Generated: 8580
[f=18.539] Expanded: 637, Generated: 8593
[f=18.540] Expanded: 638, Generated: 8604
[f=18.540] Expanded: 639, Generated: 8617
[f=18.541] Expanded: 640, Generated: 8630
[f=18.542] Expanded: 641, Generated: 8643
[f=18.544] Expanded: 642, Generated: 8657
[f=18.548] Expanded: 643, Generated: 8670
[f=18.556] Expanded: 644, Generated: 8683
[f=18.560] Expanded: 647, Generated: 8719
[f=18.563] Expanded: 648, Generated: 8732
[f=18.572] Expanded: 649, Generated: 8745
[f=18.574] Expanded: 650, Generated: 8758
[f=18.575] Expanded: 653, Generated: 8799
[f=18.577] Expanded: 654, Generated: 8812
[f=18.577] Expanded: 655, Generated: 8826
[f=18.580] Expanded: 656, Generated: 8839
[f=18.582] Expanded: 657, Generated: 8852
[f=18.582] Expanded: 658, Generated: 8865
[f=18.587] Expanded: 659, Generated: 8878
[f=18.589] Expanded: 660, Generated: 8890
[f=18.590] Expanded: 661, Generated: 8903
[f=18.593] Expanded: 662, Generated: 8915
[f=18.593] Expanded: 664, Generated: 8941
[f=18.597] Expanded: 665, Generated: 8954
[f=18.600] Expanded: 666, Generated: 8967
[f=18.601] Expanded: 667, Generated: 8980
[f=18.602] Expanded: 668, Generated: 8993
[f=18.603] Expanded: 669, Generated: 9004
[f=18.603] Expanded: 670, Generated: 9015
[f=18.617] Expanded: 673, Generated: 9054
[f=18.618] Expanded: 674, Generated: 9067
[f=18.619] Expanded: 675, Generated: 9081
[f=18.629] Expanded: 736, Generated: 9871
[f=18.629] Expanded: 737, Generated: 9884
[f=18.644] Expanded: 738, Generated: 9897
[f=18.645] Expanded: 741, Generated: 9936
[f=18.649] Expanded: 742, Generated: 9949
[f=18.650] Expanded: 743, Generated: 9962
[f=18.652] Expanded: 744, Generated: 9974
[f=18.654] Expanded: 745, Generated: 9987
[f=18.654] Expanded: 746, Generated: 10000
[f=18.658] Expanded: 747, Generated: 10013
[f=18.658] Expanded: 748, Generated: 10026
[f=18.659] Expanded: 749, Generated: 10039
[f=18.660] Expanded: 750, Generated: 10053
[f=18.664] Expanded: 751, Generated: 10067
[f=18.668] Expanded: 752, Generated: 10078
[f=18.668] Expanded: 753, Generated: 10094
[f=18.668] Expanded: 754, Generated: 10107
[f=18.670] Expanded: 755, Generated: 10124
[f=18.673] Expanded: 756, Generated: 10137
[f=18.675] Expanded: 757, Generated: 10151
[f=18.685] Expanded: 758, Generated: 10164
[f=18.686] Expanded: 759, Generated: 10177
[f=18.688] Expanded: 760, Generated: 10190
[f=18.690] Expanded: 761, Generated: 10202
[f=18.692] Expanded: 762, Generated: 10215
[f=18.692] Expanded: 763, Generated: 10229
[f=18.692] Expanded: 764, Generated: 10243
[f=18.695] Expanded: 765, Generated: 10256
[f=18.695] Expanded: 766, Generated: 10272
[f=18.697] Expanded: 767, Generated: 10286
[f=18.698] Expanded: 768, Generated: 10299
[f=18.699] Expanded: 769, Generated: 10312
[f=18.699] Expanded: 771, Generated: 10340
[f=18.700] Expanded: 772, Generated: 10351
[f=18.701] Expanded: 773, Generated: 10362
[f=18.702] Expanded: 774, Generated: 10376
[f=18.708] Expanded: 775, Generated: 10390
[f=18.708] Expanded: 776, Generated: 10402
[f=18.709] Expanded: 777, Generated: 10416
[f=18.710] Expanded: 778, Generated: 10433
[f=18.713] Expanded: 779, Generated: 10445
[f=18.714] Expanded: 780, Generated: 10457
[f=18.716] Expanded: 781, Generated: 10475
[f=18.721] Expanded: 782, Generated: 10488
[f=18.722] Expanded: 783, Generated: 10505
[f=18.725] Expanded: 784, Generated: 10519
[f=18.729] Expanded: 785, Generated: 10532
[f=18.729] Expanded: 786, Generated: 10545
[f=18.729] Expanded: 787, Generated: 10557
[f=18.732] Expanded: 788, Generated: 10569
[f=18.733] Expanded: 789, Generated: 10582
[f=18.734] Expanded: 790, Generated: 10595
[f=18.735] Expanded: 791, Generated: 10607
[f=18.737] Expanded: 792, Generated: 10620
[f=18.739] Expanded: 793, Generated: 10634
[f=18.740] Expanded: 794, Generated: 10648
[f=18.743] Expanded: 795, Generated: 10662
[f=18.747] Expanded: 796, Generated: 10676
[f=18.749] Expanded: 797, Generated: 10690
[f=18.750] Expanded: 798, Generated: 10704
[f=18.752] Expanded: 799, Generated: 10718
[f=18.752] Expanded: 800, Generated: 10732
[f=18.753] Expanded: 801, Generated: 10745
[f=18.756] Expanded: 802, Generated: 10758
[f=18.760] Expanded: 803, Generated: 10771
[f=18.763] Expanded: 804, Generated: 10784
[f=18.765] Expanded: 805, Generated: 10798
[f=18.768] Expanded: 806, Generated: 10811
[f=18.769] Expanded: 807, Generated: 10825
[f=18.772] Expanded: 808, Generated: 10839
[f=18.777] Expanded: 809, Generated: 10854
[f=18.778] Expanded: 810, Generated: 10866
[f=18.779] Expanded: 811, Generated: 10880
[f=18.779] Expanded: 812, Generated: 10893
[f=18.780] Expanded: 814, Generated: 10923
[f=18.780] Expanded: 815, Generated: 10938
[f=18.784] Expanded: 816, Generated: 10951
[f=18.784] Expanded: 817, Generated: 10964
[f=18.784] Expanded: 819, Generated: 10985
[f=18.789] Expanded: 820, Generated: 10998
[f=18.789] Expanded: 821, Generated: 11010
[f=18.790] Expanded: 822, Generated: 11025
[f=18.791] Expanded: 823, Generated: 11039
[f=18.792] Expanded: 824, Generated: 11052
[f=18.793] Expanded: 825, Generated: 11066
[f=18.793] Expanded: 826, Generated: 11080
[f=18.793] Expanded: 827, Generated: 11094
[f=18.794] Expanded: 828, Generated: 11107
[f=18.797] Expanded: 829, Generated: 11120
[f=18.798] Expanded: 830, Generated: 11134
[f=18.799] Expanded: 831, Generated: 11145
[f=18.799] Expanded: 832, Generated: 11159
[f=18.800] Expanded: 833, Generated: 11171
[f=18.801] Expanded: 834, Generated: 11185
[f=18.803] Expanded: 835, Generated: 11199
[f=18.807] Expanded: 836, Generated: 11212
[f=18.808] Expanded: 837, Generated: 11225
[f=18.808] Expanded: 838, Generated: 11238
[f=18.810] Expanded: 839, Generated: 11250
[f=18.810] Expanded: 840, Generated: 11263
[f=18.815] Expanded: 843, Generated: 11302
[f=18.815] Expanded: 844, Generated: 11315
[f=18.816] Expanded: 845, Generated: 11328
[f=18.817] Expanded: 846, Generated: 11341
[f=18.820] Expanded: 847, Generated: 11354
[f=18.820] Expanded: 848, Generated: 11367
[f=18.820] Expanded: 849, Generated: 11380
[f=18.822] Expanded: 850, Generated: 11393
[f=18.822] Expanded: 851, Generated: 11407
[f=18.826] Expanded: 852, Generated: 11421
[f=18.826] Expanded: 853, Generated: 11435
[f=18.826] Expanded: 854, Generated: 11448
[f=18.828] Expanded: 855, Generated: 11461
[f=18.829] Expanded: 856, Generated: 11475
[f=18.830] Expanded: 857, Generated: 11488
[f=18.832] Expanded: 858, Generated: 11501
[f=18.833] Expanded: 859, Generated: 11514
[f=18.833] Expanded: 860, Generated: 11527
[f=18.833] Expanded: 861, Generated: 11541
[f=18.833] Expanded: 862, Generated: 11555
[f=18.834] Expanded: 863, Generated: 11568
[f=18.834] Expanded: 864, Generated: 11581
[f=18.834] Expanded: 865, Generated: 11594
[f=18.835] Expanded: 866, Generated: 11607
[f=18.837] Expanded: 867, Generated: 11621
[f=18.838] Expanded: 868, Generated: 11634
[f=18.840] Expanded: 869, Generated: 11646
[f=18.841] Expanded: 870, Generated: 11658
[f=18.845] Expanded: 871, Generated: 11672
[f=18.845] Expanded: 873, Generated: 11698
[f=18.849] Expanded: 875, Generated: 11724
[f=18.849] Expanded: 876, Generated: 11738
[f=18.850] Expanded: 877, Generated: 11752
[f=18.853] Expanded: 878, Generated: 11765
[f=18.855] Expanded: 879, Generated: 11778
[f=18.856] Expanded: 880, Generated: 11792
[f=18.857] Expanded: 881, Generated: 11805
[f=18.857] Expanded: 882, Generated: 11819
[f=18.861] Expanded: 883, Generated: 11832
[f=18.862] Expanded: 885, Generated: 11859
[f=18.863] Expanded: 886, Generated: 11872
[f=18.864] Expanded: 887, Generated: 11886
[f=18.866] Expanded: 888, Generated: 11900
[f=18.866] Expanded: 890, Generated: 11922
[f=18.868] Expanded: 891, Generated: 11935
[f=18.869] Expanded: 892, Generated: 11949
[f=18.872] Expanded: 893, Generated: 11960
[f=18.874] Expanded: 894, Generated: 11973
[f=18.876] Expanded: 895, Generated: 11985
[f=18.876] Expanded: 896, Generated: 11999
[f=18.877] Expanded: 897, Generated: 12012
[f=18.880] Expanded: 898, Generated: 12025
[f=18.885] Expanded: 899, Generated: 12038
[f=18.885] Expanded: 900, Generated: 12051
[f=18.886] Expanded: 901, Generated: 12065
[f=18.889] Expanded: 902, Generated: 12076
[f=18.890] Expanded: 903, Generated: 12090
[f=18.890] Expanded: 904, Generated: 12103
[f=18.890] Expanded: 908, Generated: 12157
[f=18.895] Expanded: 909, Generated: 12170
[f=18.896] Expanded: 910, Generated: 12184
[f=18.899] Expanded: 911, Generated: 12197
[f=18.902] Expanded: 912, Generated: 12210
[f=18.904] Expanded: 913, Generated: 12224
[f=18.907] Expanded: 914, Generated: 12237
[f=18.909] Expanded: 915, Generated: 12251
[f=18.911] Expanded: 916, Generated: 12265
[f=18.911] Expanded: 917, Generated: 12279
[f=18.911] Expanded: 918, Generated: 12292
[f=18.915] Expanded: 919, Generated: 12306
[f=18.915] Expanded: 924, Generated: 12375
[f=18.916] Expanded: 925, Generated: 12389
[f=18.916] Expanded: 926, Generated: 12403
[f=18.919] Expanded: 930, Generated: 12456
[f=18.920] Expanded: 931, Generated: 12471
[f=18.921] Expanded: 932, Generated: 12484
[f=18.923] Expanded: 933, Generated: 12498
[f=18.923] Expanded: 934, Generated: 12511
[f=18.925] Expanded: 935, Generated: 12524
[f=18.927] Expanded: 936, Generated: 12536
[f=18.927] Expanded: 937, Generated: 12548
[f=18.931] Expanded: 938, Generated: 12562
[f=18.931] Expanded: 939, Generated: 12575
[f=18.932] Expanded: 940, Generated: 12589
[f=18.933] Expanded: 942, Generated: 12615
[f=18.936] Expanded: 943, Generated: 12627
[f=18.938] Expanded: 946, Generated: 12668
[f=18.938] Expanded: 947, Generated: 12682
[f=18.940] Expanded: 948, Generated: 12695
[f=18.941] Expanded: 949, Generated: 12707
[f=18.942] Expanded: 950, Generated: 12720
[f=18.944] Expanded: 952, Generated: 12746
[f=18.953] Expanded: 953, Generated: 12759
[f=18.955] Expanded: 954, Generated: 12773
[f=18.957] Expanded: 955, Generated: 12787
[f=18.959] Expanded: 956, Generated: 12801
[f=18.960] Expanded: 957, Generated: 12815
[f=18.962] Expanded: 958, Generated: 12828
[f=18.962] Expanded: 959, Generated: 12842
[f=18.963] Expanded: 960, Generated: 12856
[f=18.965] Expanded: 961, Generated: 12870
[f=18.966] Expanded: 962, Generated: 12882
[f=18.967] Expanded: 963, Generated: 12895
[f=18.967] Expanded: 964, Generated: 12909
[f=18.970] Expanded: 966, Generated: 12935
[f=18.971] Expanded: 967, Generated: 12949
[f=18.971] Expanded: 968, Generated: 12963
[f=18.973] Expanded: 969, Generated: 12976
[f=18.979] Expanded: 970, Generated: 12990
[f=18.980] Expanded: 973, Generated: 13031
[f=18.981] Expanded: 975, Generated: 13057
[f=18.983] Expanded: 976, Generated: 13069
[f=18.984] Expanded: 977, Generated: 13082
[f=18.986] Expanded: 978, Generated: 13093
[f=18.988] Expanded: 979, Generated: 13106
[f=18.989] Expanded: 980, Generated: 13120
[f=18.991] Expanded: 981, Generated: 13133
[f=18.994] Expanded: 982, Generated: 13147
[f=18.995] Expanded: 983, Generated: 13161
[f=18.998] Expanded: 984, Generated: 13175
[f=18.999] Expanded: 988, Generated: 13229
[f=19.000] Expanded: 989, Generated: 13242
[f=19.002] Expanded: 990, Generated: 13255
[f=19.003] Expanded: 991, Generated: 13268
[f=19.005] Expanded: 992, Generated: 13282
[f=19.005] Expanded: 993, Generated: 13296
[f=19.005] Expanded: 994, Generated: 13309
[f=19.008] Expanded: 995, Generated: 13322
[f=19.008] Expanded: 999, Generated: 13377
[f=19.008] Expanded: 1000, Generated: 13391
[f=19.010] Expanded: 1001, Generated: 13402
[f=19.010] Expanded: 1002, Generated: 13415
[f=19.012] Expanded: 1003, Generated: 13428
[f=19.012] Expanded: 1005, Generated: 13454
[f=19.014] Expanded: 1006, Generated: 13466
[f=19.014] Expanded: 1007, Generated: 13478
[f=19.017] Expanded: 1008, Generated: 13491
[f=19.018] Expanded: 1009, Generated: 13505
[f=19.019] Expanded: 1010, Generated: 13517
[f=19.022] Expanded: 1011, Generated: 13529
[f=19.024] Expanded: 1012, Generated: 13541
[f=19.026] Expanded: 1013, Generated: 13554
[f=19.026] Expanded: 1014, Generated: 13567
[f=19.027] Expanded: 1015, Generated: 13581
[f=19.028] Expanded: 1016, Generated: 13594
[f=19.028] Expanded: 1017, Generated: 13606
[f=19.029] Expanded: 1018, Generated: 13620
[f=19.030] Expanded: 1019, Generated: 13632
[f=19.034] Expanded: 1020, Generated: 13645
[f=19.037] Expanded: 1021, Generated: 13657
[f=19.038] Expanded: 1022, Generated: 13670
[f=19.040] Expanded: 1023, Generated: 13683
[f=19.041] Expanded: 1024, Generated: 13697
[f=19.052] Expanded: 1025, Generated: 13709
[f=19.054] Expanded: 1026, Generated: 13721
[f=19.059] Expanded: 1027, Generated: 13735
[f=19.060] Expanded: 1028, Generated: 13749
[f=19.063] Expanded: 1029, Generated: 13763
[f=19.065] Expanded: 1030, Generated: 13775
[f=19.067] Expanded: 1031, Generated: 13787
[f=19.069] Expanded: 1032, Generated: 13801
[f=19.073] Expanded: 1033, Generated: 13814
[f=19.073] Expanded: 1034, Generated: 13828
[f=19.074] Expanded: 1035, Generated: 13842
[f=19.074] Expanded: 1036, Generated: 13855
[f=19.080] Expanded: 1037, Generated: 13869
[f=19.080] Expanded: 1038, Generated: 13883
[f=19.085] Expanded: 1039, Generated: 13896
[f=19.088] Expanded: 1040, Generated: 13910
[f=19.089] Expanded: 1041, Generated: 13923
[f=19.090] Expanded: 1042, Generated: 13937
[f=19.091] Expanded: 1043, Generated: 13951
[f=19.091] Expanded: 1044, Generated: 13966
[f=19.093] Expanded: 1045, Generated: 13979
[f=19.094] Expanded: 1046, Generated: 13992
[f=19.095] Expanded: 1047, Generated: 14005
[f=19.095] Expanded: 1048, Generated: 14018
[f=19.096] Expanded: 1049, Generated: 14032
[f=19.096] Expanded: 1051, Generated: 14056
[f=19.097] Expanded: 1052, Generated: 14070
[f=19.097] Expanded: 1053, Generated: 14083
[f=19.098] Expanded: 1054, Generated: 14097
[f=19.098] Expanded: 1055, Generated: 14111
[f=19.100] Expanded: 1056, Generated: 14124
[f=19.100] Expanded: 1057, Generated: 14137
[f=19.101] Expanded: 1058, Generated: 14150
[f=19.102] Expanded: 1059, Generated: 14164
[f=19.104] Expanded: 1061, Generated: 14190
[f=19.107] Expanded: 1062, Generated: 14203
[f=19.108] Expanded: 1063, Generated: 14215
[f=19.110] Expanded: 1072, Generated: 14339
[f=19.112] Expanded: 1073, Generated: 14353
[f=19.113] Expanded: 1074, Generated: 14367
[f=19.115] Expanded: 1076, Generated: 14395
[f=19.118] Expanded: 1077, Generated: 14407
[f=19.118] Expanded: 1078, Generated: 14421
[f=19.119] Expanded: 1079, Generated: 14435
[f=19.120] Expanded: 1080, Generated: 14448
[f=19.120] Expanded: 1081, Generated: 14461
[f=19.121] Expanded: 1082, Generated: 14475
[f=19.121] Expanded: 1083, Generated: 14490
[f=19.121] Expanded: 1084, Generated: 14502
[f=19.121] Expanded: 1085, Generated: 14515
[f=19.123] Expanded: 1086, Generated: 14529
[f=19.123] Expanded: 1087, Generated: 14544
[f=19.123] Expanded: 1089, Generated: 14568
[f=19.127] Expanded: 1090, Generated: 14581
[f=19.128] Expanded: 1091, Generated: 14594
[f=19.128] Expanded: 1092, Generated: 14607
[f=19.128] Expanded: 1093, Generated: 14621
[f=19.129] Expanded: 1094, Generated: 14635
[f=19.130] Expanded: 1096, Generated: 14661
[f=19.131] Expanded: 1097, Generated: 14674
[f=19.133] Expanded: 1098, Generated: 14689
[f=19.133] Expanded: 1099, Generated: 14704
[f=19.134] Expanded: 1100, Generated: 14719
[f=19.135] Expanded: 1101, Generated: 14732
[f=19.137] Expanded: 1102, Generated: 14746
[f=19.140] Expanded: 1103, Generated: 14760
[f=19.140] Expanded: 1104, Generated: 14774
[f=19.140] Expanded: 1105, Generated: 14787
[f=19.142] Expanded: 1106, Generated: 14801
[f=19.143] Expanded: 1108, Generated: 14827
[f=19.143] Expanded: 1109, Generated: 14841
[f=19.144] Expanded: 1110, Generated: 14855
[f=19.145] Expanded: 1111, Generated: 14868
[f=19.145] Expanded: 1112, Generated: 14882
[f=19.146] Expanded: 1113, Generated: 14896
[f=19.147] Expanded: 1114, Generated: 14910
[f=19.147] Expanded: 1115, Generated: 14925
[f=19.148] Expanded: 1116, Generated: 14939
[f=19.148] Expanded: 1117, Generated: 14953
[f=19.151] Expanded: 1118, Generated: 14966
[f=19.152] Expanded: 1119, Generated: 14979
[f=19.152] Expanded: 1120, Generated: 14993
[f=19.153] Expanded: 1121, Generated: 15007
[f=19.154] Expanded: 1122, Generated: 15020
[f=19.155] Expanded: 1123, Generated: 15035
[f=19.155] Expanded: 1124, Generated: 15048
[f=19.155] Expanded: 1125, Generated: 15063
[f=19.156] Expanded: 1126, Generated: 15076
[f=19.156] Expanded: 1127, Generated: 15091
[f=19.157] Expanded: 1128, Generated: 15105
[f=19.157] Expanded: 1129, Generated: 15116
[f=19.158] Expanded: 1130, Generated: 15129
[f=19.159] Expanded: 1131, Generated: 15144
[f=19.160] Expanded: 1132, Generated: 15159
[f=19.163] Expanded: 1133, Generated: 15173
[f=19.163] Expanded: 1134, Generated: 15187
[f=19.164] Expanded: 1136, Generated: 15217
[f=19.165] Expanded: 1137, Generated: 15231
[f=19.166] Expanded: 1138, Generated: 15244
[f=19.167] Expanded: 1139, Generated: 15258
[f=19.168] Expanded: 1140, Generated: 15272
[f=19.170] Expanded: 1142, Generated: 15297
[f=19.171] Expanded: 1143, Generated: 15310
[f=19.176] Expanded: 1144, Generated: 15322
[f=19.176] Expanded: 1145, Generated: 15336
[f=19.177] Expanded: 1146, Generated: 15349
[f=19.178] Expanded: 1147, Generated: 15362
[f=19.179] Expanded: 1148, Generated: 15373
[f=19.179] Expanded: 1149, Generated: 15388
[f=19.179] Expanded: 1157, Generated: 15499
[f=19.180] Expanded: 1158, Generated: 15513
[f=19.180] Expanded: 1159, Generated: 15525
[f=19.180] Expanded: 1160, Generated: 15538
[f=19.182] Expanded: 1161, Generated: 15552
[f=19.183] Expanded: 1162, Generated: 15566
[f=19.183] Expanded: 1163, Generated: 15578
[f=19.184] Expanded: 1164, Generated: 15593
[f=19.185] Expanded: 1165, Generated: 15607
[f=19.186] Expanded: 1166, Generated: 15620
[f=19.187] Expanded: 1167, Generated: 15633
[f=19.187] Expanded: 1168, Generated: 15647
[f=19.188] Expanded: 1169, Generated: 15661
[f=19.189] Expanded: 1170, Generated: 15675
[f=19.190] Expanded: 1171, Generated: 15691
[f=19.191] Expanded: 1172, Generated: 15702
[f=19.193] Expanded: 1173, Generated: 15716
[f=19.194] Expanded: 1174, Generated: 15732
[f=19.195] Expanded: 1175, Generated: 15744
[f=19.195] Expanded: 1176, Generated: 15757
[f=19.196] Expanded: 1177, Generated: 15771
[f=19.197] Expanded: 1178, Generated: 15785
[f=19.198] Expanded: 1179, Generated: 15801
[f=19.199] Expanded: 1180, Generated: 15816
[f=19.199] Expanded: 1181, Generated: 15831
[f=19.200] Expanded: 1182, Generated: 15844
[f=19.200] Expanded: 1183, Generated: 15858
[f=19.201] Expanded: 1184, Generated: 15871
[f=19.202] Expanded: 1185, Generated: 15883
[f=19.202] Expanded: 1186, Generated: 15899
[f=19.203] Expanded: 1188, Generated: 15925
[f=19.205] Expanded: 1189, Generated: 15940
[f=19.206] Expanded: 1190, Generated: 15954
[f=19.208] Expanded: 1191, Generated: 15967
[f=19.209] Expanded: 1192, Generated: 15980
[f=19.209] Expanded: 1193, Generated: 15993
[f=19.209] Expanded: 1194, Generated: 16006
[f=19.210] Expanded: 1195, Generated: 16021
[f=19.211] Expanded: 1196, Generated: 16035
[f=19.211] Expanded: 1197, Generated: 16048
[f=19.212] Expanded: 1198, Generated: 16061
[f=19.212] Expanded: 1199, Generated: 16074
[f=19.213] Expanded: 1200, Generated: 16089
[f=19.214] Expanded: 1201, Generated: 16103
[f=19.214] Expanded: 1202, Generated: 16116
[f=19.217] Expanded: 1203, Generated: 16129
[f=19.217] Expanded: 1204, Generated: 16143
[f=19.218] Expanded: 1205, Generated: 16157
[f=19.218] Expanded: 1206, Generated: 16170
[f=19.219] Expanded: 1209, Generated: 16209
[f=19.220] Expanded: 1210, Generated: 16224
[f=19.220] Expanded: 1211, Generated: 16238
[f=19.221] Expanded: 1212, Generated: 16252
[f=19.222] Expanded: 1213, Generated: 16266
[f=19.222] Expanded: 1214, Generated: 16278
[f=19.223] Expanded: 1215, Generated: 16292
[f=19.224] Expanded: 1216, Generated: 16306
[f=19.225] Expanded: 1217, Generated: 16320
[f=19.225] Expanded: 1218, Generated: 16334
[f=19.226] Expanded: 1219, Generated: 16348
[f=19.227] Expanded: 1220, Generated: 16362
[f=19.228] Expanded: 1221, Generated: 16376
[f=19.230] Expanded: 1222, Generated: 16390
[f=19.230] Expanded: 1223, Generated: 16404
[f=19.232] Expanded: 1224, Generated: 16417
[f=19.233] Expanded: 1225, Generated: 16429
[f=19.234] Expanded: 1226, Generated: 16442
[f=19.234] Expanded: 1227, Generated: 16456
[f=19.235] Expanded: 1228, Generated: 16471
[f=19.235] Expanded: 1229, Generated: 16485
[f=19.237] Expanded: 1230, Generated: 16497
[f=19.237] Expanded: 1231, Generated: 16510
[f=19.239] Expanded: 1232, Generated: 16524
[f=19.239] Expanded: 1233, Generated: 16538
[f=19.240] Expanded: 1234, Generated: 16552
[f=19.240] Expanded: 1235, Generated: 16566
[f=19.241] Expanded: 1236, Generated: 16579
[f=19.241] Expanded: 1237, Generated: 16592
[f=19.243] Expanded: 1239, Generated: 16618
[f=19.244] Expanded: 1240, Generated: 16633
[f=19.244] Expanded: 1241, Generated: 16646
[f=19.244] Expanded: 1250, Generated: 16752
[f=19.245] Expanded: 1251, Generated: 16766
[f=19.247] Expanded: 1253, Generated: 16790
[f=19.249] Expanded: 1254, Generated: 16803
[f=19.250] Expanded: 1255, Generated: 16817
[f=19.251] Expanded: 1256, Generated: 16831
[f=19.252] Expanded: 1257, Generated: 16843
[f=19.254] Expanded: 1258, Generated: 16857
[f=19.255] Expanded: 1259, Generated: 16871
[f=19.256] Expanded: 1260, Generated: 16884
[f=19.257] Expanded: 1261, Generated: 16898
[f=19.258] Expanded: 1262, Generated: 16911
[f=19.258] Expanded: 1263, Generated: 16926
[f=19.259] Expanded: 1264, Generated: 16939
[f=19.260] Expanded: 1266, Generated: 16967
[f=19.261] Expanded: 1267, Generated: 16981
[f=19.261] Expanded: 1268, Generated: 16994
[f=19.261] Expanded: 1269, Generated: 17008
[f=19.263] Expanded: 1270, Generated: 17022
[f=19.263] Expanded: 1271, Generated: 17035
[f=19.264] Expanded: 1272, Generated: 17050
[f=19.264] Expanded: 1273, Generated: 17064
[f=19.265] Expanded: 1275, Generated: 17092
[f=19.270] Expanded: 1276, Generated: 17106
[f=19.272] Expanded: 1277, Generated: 17117
[f=19.273] Expanded: 1278, Generated: 17129
[f=19.276] Expanded: 1279, Generated: 17142
[f=19.283] Expanded: 1280, Generated: 17156
[f=19.284] Expanded: 1281, Generated: 17170
[f=19.286] Expanded: 1282, Generated: 17182
[f=19.287] Expanded: 1283, Generated: 17195
[f=19.292] Expanded: 1284, Generated: 17209
[f=19.294] Expanded: 1285, Generated: 17222
[f=19.294] Expanded: 1286, Generated: 17235
[f=19.297] Expanded: 1287, Generated: 17247
[f=19.298] Expanded: 1288, Generated: 17260
[f=19.299] Expanded: 1289, Generated: 17272
[f=19.300] Expanded: 1290, Generated: 17285
[f=19.302] Expanded: 1291, Generated: 17300
[f=19.306] Expanded: 1292, Generated: 17315
[f=19.308] Expanded: 1293, Generated: 17327
[f=19.308] Expanded: 1294, Generated: 17342
[f=19.308] Expanded: 1295, Generated: 17357
[f=19.309] Expanded: 1296, Generated: 17372
[f=19.309] Expanded: 1297, Generated: 17387
[f=19.310] Expanded: 1298, Generated: 17403
[f=19.310] Expanded: 1299, Generated: 17417
[f=19.311] Expanded: 1300, Generated: 17432
[f=19.311] Expanded: 1301, Generated: 17447
[f=19.312] Expanded: 1302, Generated: 17462
[f=19.318] Expanded: 1303, Generated: 17474
[f=19.319] Expanded: 1305, Generated: 17502
[f=19.319] Expanded: 1306, Generated: 17515
[f=19.320] Expanded: 1307, Generated: 17527
[f=19.322] Expanded: 1308, Generated: 17540
[f=19.322] Expanded: 1309, Generated: 17553
[f=19.323] Expanded: 1310, Generated: 17567
[f=19.324] Expanded: 1312, Generated: 17591
[f=19.326] Expanded: 1313, Generated: 17604
[f=19.328] Expanded: 1314, Generated: 17620
[f=19.331] Expanded: 1316, Generated: 17648
[f=19.331] Expanded: 1317, Generated: 17662
[f=19.332] Expanded: 1318, Generated: 17674
[f=19.334] Expanded: 1319, Generated: 17687
[f=19.336] Expanded: 1320, Generated: 17703
[f=19.338] Expanded: 1321, Generated: 17717
[f=19.340] Expanded: 1322, Generated: 17732
[f=19.341] Expanded: 1323, Generated: 17745
[f=19.341] Expanded: 1324, Generated: 17755
[f=19.343] Expanded: 1325, Generated: 17769
[f=19.343] Expanded: 1326, Generated: 17785
[f=19.343] Expanded: 1327, Generated: 17801
[f=19.344] Expanded: 1328, Generated: 17816
[f=19.345] Expanded: 1329, Generated: 17829
[f=19.345] Expanded: 1330, Generated: 17843
[f=19.346] Expanded: 1331, Generated: 17857
[f=19.349] Expanded: 1332, Generated: 17871
[f=19.350] Expanded: 1333, Generated: 17884
[f=19.350] Expanded: 1334, Generated: 17897
[f=19.355] Expanded: 1335, Generated: 17911
[f=19.355] Expanded: 1336, Generated: 17923
[f=19.356] Expanded: 1337, Generated: 17937
[f=19.358] Expanded: 1338, Generated: 17950
[f=19.360] Expanded: 1339, Generated: 17965
[f=19.361] Expanded: 1340, Generated: 17979
[f=19.364] Expanded: 1341, Generated: 17993
[f=19.365] Expanded: 1342, Generated: 18007
[f=19.367] Expanded: 1343, Generated: 18020
[f=19.367] Expanded: 1344, Generated: 18036
[f=19.368] Expanded: 1346, Generated: 18062
[f=19.369] Expanded: 1347, Generated: 18074
[f=19.370] Expanded: 1348, Generated: 18090
[f=19.371] Expanded: 1350, Generated: 18110
[f=19.373] Expanded: 1351, Generated: 18123
[f=19.373] Expanded: 1352, Generated: 18139
[f=19.375] Expanded: 1353, Generated: 18153
[f=19.375] Expanded: 1354, Generated: 18167
[f=19.376] Expanded: 1355, Generated: 18181
[f=19.377] Expanded: 1356, Generated: 18194
[f=19.379] Expanded: 1357, Generated: 18208
[f=19.380] Expanded: 1358, Generated: 18221
[f=19.382] Expanded: 1359, Generated: 18234
[f=19.384] Expanded: 1360, Generated: 18248
[f=19.385] Expanded: 1361, Generated: 18262
[f=19.395] Expanded: 1362, Generated: 18275
[f=19.397] Expanded: 1363, Generated: 18286
[f=19.398] Expanded: 1364, Generated: 18300
[f=19.399] Expanded: 1365, Generated: 18314
[f=19.403] Expanded: 1367, Generated: 18342
[f=19.403] Expanded: 1368, Generated: 18355
[f=19.406] Expanded: 1369, Generated: 18366
[f=19.410] Expanded: 1370, Generated: 18380
[f=19.411] Expanded: 1371, Generated: 18393
[f=19.411] Expanded: 1372, Generated: 18408
[f=19.412] Expanded: 1373, Generated: 18421
[f=19.413] Expanded: 1374, Generated: 18435
[f=19.415] Expanded: 1375, Generated: 18448
[f=19.416] Expanded: 1376, Generated: 18462
[f=19.422] Expanded: 1377, Generated: 18475
[f=19.423] Expanded: 1378, Generated: 18490
[f=19.424] Expanded: 1379, Generated: 18503
[f=19.428] Expanded: 1381, Generated: 18529
[f=19.431] Expanded: 1383, Generated: 18561
[f=19.432] Expanded: 1384, Generated: 18577
[f=19.433] Expanded: 1385, Generated: 18591
[f=19.435] Expanded: 1386, Generated: 18604
[f=19.438] Expanded: 1387, Generated: 18618
[f=19.440] Expanded: 1388, Generated: 18632
[f=19.440] Expanded: 1389, Generated: 18645
[f=19.445] Expanded: 1390, Generated: 18658
[f=19.446] Expanded: 1391, Generated: 18670
[f=19.446] Expanded: 1392, Generated: 18684
[f=19.447] Expanded: 1393, Generated: 18698
[f=19.449] Expanded: 1394, Generated: 18713
[f=19.451] Expanded: 1395, Generated: 18725
[f=19.451] Expanded: 1396, Generated: 18739
[f=19.454] Expanded: 1397, Generated: 18751
[f=19.455] Expanded: 1398, Generated: 18762
[f=19.455] Expanded: 1399, Generated: 18777
[f=19.457] Expanded: 1400, Generated: 18790
[f=19.458] Expanded: 1401, Generated: 18804
[f=19.459] Expanded: 1402, Generated: 18817
[f=19.462] Expanded: 1403, Generated: 18830
[f=19.463] Expanded: 1404, Generated: 18843
[f=19.464] Expanded: 1405, Generated: 18857
[f=19.465] Expanded: 1406, Generated: 18871
[f=19.465] Expanded: 1407, Generated: 18885
[f=19.468] Expanded: 1408, Generated: 18898
[f=19.472] Expanded: 1409, Generated: 18911
[f=19.474] Expanded: 1410, Generated: 18925
[f=19.475] Expanded: 1411, Generated: 18934
[f=19.476] Expanded: 1412, Generated: 18943
[f=19.478] Expanded: 1413, Generated: 18956
[f=19.479] Expanded: 1414, Generated: 18970
[f=19.480] Expanded: 1415, Generated: 18984
[f=19.481] Expanded: 1417, Generated: 19011
[f=19.482] Expanded: 1418, Generated: 19024
[f=19.484] Expanded: 1419, Generated: 19038
[f=19.486] Expanded: 1420, Generated: 19052
[f=19.488] Expanded: 1422, Generated: 19080
[f=19.494] Expanded: 1423, Generated: 19093
[f=19.494] Expanded: 1424, Generated: 19109
[f=19.495] Expanded: 1425, Generated: 19126
[f=19.496] Expanded: 1426, Generated: 19140
[f=19.501] Expanded: 1427, Generated: 19154
[f=19.505] Expanded: 1428, Generated: 19166
[f=19.507] Expanded: 1429, Generated: 19180
[f=19.507] Expanded: 1430, Generated: 19193
[f=19.509] Expanded: 1432, Generated: 19227
[f=19.511] Expanded: 1433, Generated: 19240
[f=19.515] Expanded: 1434, Generated: 19253
[f=19.515] Expanded: 1435, Generated: 19267
[f=19.517] Expanded: 1436, Generated: 19281
[f=19.517] Expanded: 1437, Generated: 19295
[f=19.519] Expanded: 1438, Generated: 19306
[f=19.520] Expanded: 1439, Generated: 19317
[f=19.520] Expanded: 1440, Generated: 19328
[f=19.520] Expanded: 1441, Generated: 19340
[f=19.521] Expanded: 1442, Generated: 19350
[f=19.521] Expanded: 1443, Generated: 19364
[f=19.522] Expanded: 1444, Generated: 19376
[f=19.523] Expanded: 1445, Generated: 19390
[f=19.526] Expanded: 1446, Generated: 19404
[f=19.528] Expanded: 1447, Generated: 19417
[f=19.528] Expanded: 1452, Generated: 19485
[f=19.528] Expanded: 1454, Generated: 19512
[f=19.529] Expanded: 1455, Generated: 19525
[f=19.531] Expanded: 1456, Generated: 19538
[f=19.531] Expanded: 1457, Generated: 19550
[f=19.532] Expanded: 1458, Generated: 19563
[f=19.533] Expanded: 1459, Generated: 19577
[f=19.533] Expanded: 1460, Generated: 19588
[f=19.533] Expanded: 1461, Generated: 19602
[f=19.534] Expanded: 1462, Generated: 19613
[f=19.534] Expanded: 1463, Generated: 19626
[f=19.535] Expanded: 1465, Generated: 19652
[f=19.536] Expanded: 1466, Generated: 19666
[f=19.537] Expanded: 1467, Generated: 19680
[f=19.537] Expanded: 1468, Generated: 19694
[f=19.539] Expanded: 1469, Generated: 19705
[f=19.539] Expanded: 1470, Generated: 19718
[f=19.539] Expanded: 1471, Generated: 19732
[f=19.540] Expanded: 1472, Generated: 19745
[f=19.542] Expanded: 1474, Generated: 19772
[f=19.542] Expanded: 1475, Generated: 19785
[f=19.543] Expanded: 1477, Generated: 19810
[f=19.543] Expanded: 1478, Generated: 19824
[f=19.545] Expanded: 1479, Generated: 19838
[f=19.547] Expanded: 1480, Generated: 19852
[f=19.548] Expanded: 1483, Generated: 19888
[f=19.550] Expanded: 1484, Generated: 19902
[f=19.550] Expanded: 1485, Generated: 19916
[f=19.552] Expanded: 1486, Generated: 19930
[f=19.553] Expanded: 1487, Generated: 19945
[f=19.553] Expanded: 1488, Generated: 19960
[f=19.554] Expanded: 1489, Generated: 19974
[f=19.558] Expanded: 1490, Generated: 19987
[f=19.559] Expanded: 1495, Generated: 20054
[f=19.563] Expanded: 1496, Generated: 20067
[f=19.568] Expanded: 1497, Generated: 20079
[f=19.568] Expanded: 1498, Generated: 20091
[f=19.569] Expanded: 1499, Generated: 20103
[f=19.569] Expanded: 1500, Generated: 20116
[f=19.570] Expanded: 1501, Generated: 20128
[f=19.571] Expanded: 1502, Generated: 20139
[f=19.571] Expanded: 1503, Generated: 20152
[f=19.573] Expanded: 1504, Generated: 20166
[f=19.574] Expanded: 1505, Generated: 20179
[f=19.575] Expanded: 1506, Generated: 20191
[f=19.576] Expanded: 1507, Generated: 20205
[f=19.576] Expanded: 1508, Generated: 20218
[f=19.577] Expanded: 1509, Generated: 20232
[f=19.578] Expanded: 1510, Generated: 20245
[f=19.579] Expanded: 1511, Generated: 20258
[f=19.581] Expanded: 1512, Generated: 20272
[f=19.581] Expanded: 1513, Generated: 20285
[f=19.583] Expanded: 1514, Generated: 20298
[f=19.584] Expanded: 1515, Generated: 20313
[f=19.584] Expanded: 1516, Generated: 20326
[f=19.584] Expanded: 1517, Generated: 20340
[f=19.585] Expanded: 1518, Generated: 20354
[f=19.585] Expanded: 1519, Generated: 20366
[f=19.586] Expanded: 1520, Generated: 20378
[f=19.586] Expanded: 1521, Generated: 20390
[f=19.586] Expanded: 1522, Generated: 20402
[f=19.587] Expanded: 1523, Generated: 20415
[f=19.587] Expanded: 1524, Generated: 20428
[f=19.587] Expanded: 1525, Generated: 20440
[f=19.589] Expanded: 1526, Generated: 20454
[f=19.589] Expanded: 1527, Generated: 20468
[f=19.597] Expanded: 1529, Generated: 20496
[f=19.599] Expanded: 1531, Generated: 20520
[f=19.600] Expanded: 1532, Generated: 20534
[f=19.601] Expanded: 1533, Generated: 20545
[f=19.602] Expanded: 1534, Generated: 20559
[f=19.603] Expanded: 1535, Generated: 20571
[f=19.603] Expanded: 1537, Generated: 20599
[f=19.604] Expanded: 1538, Generated: 20612
[f=19.606] Expanded: 1539, Generated: 20625
[f=19.607] Expanded: 1540, Generated: 20639
[f=19.607] Expanded: 1545, Generated: 20708
[f=19.609] Expanded: 1546, Generated: 20722
[f=19.610] Expanded: 1547, Generated: 20736
[f=19.611] Expanded: 1548, Generated: 20749
[f=19.612] Expanded: 1549, Generated: 20763
[f=19.613] Expanded: 1550, Generated: 20777
[f=19.613] Expanded: 1551, Generated: 20789
[f=19.614] Expanded: 1552, Generated: 20803
[f=19.616] Expanded: 1553, Generated: 20816
[f=19.616] Expanded: 1554, Generated: 20829
[f=19.616] Expanded: 1555, Generated: 20843
[f=19.617] Expanded: 1556, Generated: 20857
[f=19.618] Expanded: 1557, Generated: 20871
[f=19.619] Expanded: 1558, Generated: 20884
[f=19.619] Expanded: 1559, Generated: 20897
[f=19.620] Expanded: 1560, Generated: 20907
[f=19.621] Expanded: 1561, Generated: 20920
[f=19.621] Expanded: 1562, Generated: 20934
[f=19.624] Expanded: 1563, Generated: 20948
[f=19.626] Expanded: 1566, Generated: 20986
[f=19.626] Expanded: 1567, Generated: 20997
[f=19.628] Expanded: 1568, Generated: 21009
[f=19.628] Expanded: 1569, Generated: 21020
[f=19.628] Expanded: 1570, Generated: 21032
[f=19.632] Expanded: 1571, Generated: 21044
[f=19.633] Expanded: 1572, Generated: 21058
[f=19.634] Expanded: 1573, Generated: 21072
[f=19.634] Expanded: 1574, Generated: 21086
[f=19.635] Expanded: 1575, Generated: 21100
[f=19.636] Expanded: 1576, Generated: 21113
[f=19.640] Expanded: 1577, Generated: 21126
[f=19.640] Expanded: 1578, Generated: 21139
[f=19.641] Expanded: 1579, Generated: 21152
[f=19.644] Expanded: 1580, Generated: 21165
[f=19.645] Expanded: 1581, Generated: 21179
[f=19.646] Expanded: 1582, Generated: 21191
[f=19.647] Expanded: 1583, Generated: 21203
[f=19.648] Expanded: 1584, Generated: 21216
[f=19.648] Expanded: 1585, Generated: 21228
[f=19.650] Expanded: 1586, Generated: 21241
[f=19.653] Expanded: 1587, Generated: 21253
[f=19.653] Expanded: 1588, Generated: 21266
[f=19.655] Expanded: 1589, Generated: 21279
[f=19.656] Expanded: 1590, Generated: 21292
[f=19.657] Expanded: 1591, Generated: 21306
[f=19.658] Expanded: 1592, Generated: 21320
[f=19.659] Expanded: 1593, Generated: 21333
[f=19.659] Expanded: 1594, Generated: 21346
[f=19.660] Expanded: 1595, Generated: 21360
[f=19.660] Expanded: 1596, Generated: 21371
[f=19.661] Expanded: 1597, Generated: 21385
[f=19.663] Expanded: 1599, Generated: 21409
[f=19.665] Expanded: 1600, Generated: 21422
[f=19.666] Expanded: 1601, Generated: 21434
[f=19.667] Expanded: 1602, Generated: 21448
[f=19.668] Expanded: 1603, Generated: 21464
[f=19.670] Expanded: 1604, Generated: 21478
[f=19.670] Expanded: 1605, Generated: 21492
[f=19.671] Expanded: 1606, Generated: 21505
[f=19.675] Expanded: 1607, Generated: 21519
[f=19.675] Expanded: 1608, Generated: 21532
[f=19.676] Expanded: 1609, Generated: 21543
[f=19.677] Expanded: 1610, Generated: 21556
[f=19.677] Expanded: 1611, Generated: 21568
[f=19.678] Expanded: 1612, Generated: 21582
[f=19.678] Expanded: 1613, Generated: 21596
[f=19.681] Expanded: 1614, Generated: 21610
[f=19.685] Expanded: 1615, Generated: 21623
[f=19.685] Expanded: 1616, Generated: 21637
[f=19.689] Expanded: 1617, Generated: 21650
[f=19.690] Expanded: 1618, Generated: 21663
[f=19.690] Expanded: 1619, Generated: 21676
[f=19.692] Expanded: 1620, Generated: 21690
[f=19.692] Expanded: 1621, Generated: 21703
[f=19.693] Expanded: 1622, Generated: 21714
[f=19.693] Expanded: 1623, Generated: 21728
[f=19.694] Expanded: 1624, Generated: 21742
[f=19.695] Expanded: 1625, Generated: 21756
[f=19.697] Expanded: 1626, Generated: 21770
[f=19.697] Expanded: 1627, Generated: 21784
[f=19.698] Expanded: 1628, Generated: 21798
[f=19.700] Expanded: 1629, Generated: 21810
[f=19.702] Expanded: 1630, Generated: 21823
[f=19.702] Expanded: 1631, Generated: 21833
[f=19.703] Expanded: 1632, Generated: 21845
[f=19.703] Expanded: 1633, Generated: 21859
[f=19.704] Expanded: 1635, Generated: 21887
[f=19.704] Expanded: 1636, Generated: 21901
[f=19.705] Expanded: 1637, Generated: 21915
[f=19.705] Expanded: 1638, Generated: 21926
[f=19.705] Expanded: 1639, Generated: 21941
[f=19.705] Expanded: 1640, Generated: 21954
[f=19.707] Expanded: 1641, Generated: 21968
[f=19.711] Expanded: 1642, Generated: 21980
[f=19.711] Expanded: 1643, Generated: 21997
[f=19.713] Expanded: 1644, Generated: 22009
[f=19.713] Expanded: 1645, Generated: 22020
[f=19.714] Expanded: 1646, Generated: 22034
[f=19.716] Expanded: 1647, Generated: 22052
[f=19.718] Expanded: 1648, Generated: 22064
[f=19.718] Expanded: 1650, Generated: 22092
[f=19.719] Expanded: 1651, Generated: 22106
[f=19.721] Expanded: 1652, Generated: 22123
[f=19.722] Expanded: 1653, Generated: 22137
[f=19.725] Expanded: 1654, Generated: 22151
[f=19.726] Expanded: 1655, Generated: 22163
[f=19.727] Expanded: 1656, Generated: 22174
[f=19.728] Expanded: 1657, Generated: 22187
[f=19.729] Expanded: 1658, Generated: 22201
[f=19.731] Expanded: 1661, Generated: 22240
[f=19.732] Expanded: 1662, Generated: 22253
[f=19.732] Expanded: 1663, Generated: 22266
[f=19.732] Expanded: 1664, Generated: 22278
[f=19.733] Expanded: 1665, Generated: 22292
[f=19.734] Expanded: 1666, Generated: 22306
[f=19.734] Expanded: 1667, Generated: 22320
[f=19.739] Expanded: 1668, Generated: 22331
[f=19.742] Expanded: 1669, Generated: 22345
[f=19.742] Expanded: 1670, Generated: 22359
[f=19.742] Expanded: 1671, Generated: 22373
[f=19.743] Expanded: 1672, Generated: 22385
[f=19.748] Expanded: 1673, Generated: 22397
[f=19.750] Expanded: 1674, Generated: 22409
[f=19.750] Expanded: 1675, Generated: 22423
[f=19.750] Expanded: 1676, Generated: 22435
[f=19.751] Expanded: 1677, Generated: 22449
[f=19.752] Expanded: 1678, Generated: 22461
[f=19.752] Expanded: 1679, Generated: 22476
[f=19.752] Expanded: 1680, Generated: 22490
[f=19.752] Expanded: 1681, Generated: 22504
[f=19.753] Expanded: 1682, Generated: 22516
[f=19.754] Expanded: 1683, Generated: 22528
[f=19.756] Expanded: 1684, Generated: 22541
[f=19.757] Expanded: 1685, Generated: 22557
[f=19.759] Expanded: 1686, Generated: 22569
[f=19.760] Expanded: 1687, Generated: 22583
[f=19.761] Expanded: 1688, Generated: 22597
[f=19.765] Expanded: 1689, Generated: 22611
[f=19.765] Expanded: 1690, Generated: 22625
[f=19.767] Expanded: 1691, Generated: 22638
[f=19.767] Expanded: 1692, Generated: 22651
[f=19.767] Expanded: 1693, Generated: 22664
[f=19.770] Expanded: 1694, Generated: 22678
[f=19.770] Expanded: 1695, Generated: 22690
[f=19.772] Expanded: 1696, Generated: 22703
[f=19.772] Expanded: 1697, Generated: 22717
[f=19.773] Expanded: 1698, Generated: 22730
[f=19.774] Expanded: 1699, Generated: 22742
[f=19.777] Expanded: 1700, Generated: 22754
[f=19.778] Expanded: 1701, Generated: 22766
[f=19.778] Expanded: 1702, Generated: 22779
[f=19.779] Expanded: 1703, Generated: 22791
[f=19.780] Expanded: 1705, Generated: 22821
[f=19.780] Expanded: 1706, Generated: 22833
[f=19.781] Expanded: 1707, Generated: 22847
[f=19.781] Expanded: 1708, Generated: 22861
[f=19.782] Expanded: 1709, Generated: 22874
[f=19.783] Expanded: 1710, Generated: 22886
[f=19.784] Expanded: 1711, Generated: 22898
[f=19.784] Expanded: 1712, Generated: 22910
[f=19.785] Expanded: 1713, Generated: 22924
[f=19.786] Expanded: 1714, Generated: 22938
[f=19.787] Expanded: 1715, Generated: 22952
[f=19.787] Expanded: 1716, Generated: 22965
[f=19.787] Expanded: 1717, Generated: 22979
[f=19.788] Expanded: 1718, Generated: 22991
[f=19.788] Expanded: 1719, Generated: 23004
[f=19.788] Expanded: 1720, Generated: 23018
[f=19.789] Expanded: 1721, Generated: 23031
[f=19.789] Expanded: 1722, Generated: 23045
[f=19.790] Expanded: 1724, Generated: 23069
[f=19.790] Expanded: 1725, Generated: 23084
[f=19.791] Expanded: 1726, Generated: 23095
[f=19.791] Expanded: 1727, Generated: 23109
[f=19.792] Expanded: 1728, Generated: 23124
[f=19.792] Expanded: 1729, Generated: 23138
[f=19.793] Expanded: 1730, Generated: 23152
[f=19.793] Expanded: 1731, Generated: 23166
[f=19.793] Expanded: 1732, Generated: 23180
[f=19.794] Expanded: 1733, Generated: 23194
[f=19.794] Expanded: 1734, Generated: 23208
[f=19.794] Expanded: 1735, Generated: 23222
[f=19.796] Expanded: 1736, Generated: 23232
[f=19.797] Expanded: 1737, Generated: 23244
[f=19.797] Expanded: 1738, Generated: 23258
[f=19.797] Expanded: 1739, Generated: 23271
[f=19.798] Expanded: 1740, Generated: 23284
[f=19.798] Expanded: 1741, Generated: 23298
[f=19.798] Expanded: 1742, Generated: 23313
[f=19.798] Expanded: 1743, Generated: 23327
[f=19.798] Expanded: 1744, Generated: 23340
[f=19.799] Expanded: 1745, Generated: 23354
[f=19.799] Expanded: 1747, Generated: 23382
[f=19.800] Expanded: 1748, Generated: 23396
[f=19.800] Expanded: 1749, Generated: 23410
[f=19.803] Expanded: 1750, Generated: 23423
[f=19.804] Expanded: 1751, Generated: 23438
[f=19.804] Expanded: 1752, Generated: 23453
[f=19.804] Expanded: 1753, Generated: 23466
[f=19.804] Expanded: 1754, Generated: 23480
[f=19.807] Expanded: 1755, Generated: 23494
[f=19.807] Expanded: 1756, Generated: 23507
[f=19.809] Expanded: 1757, Generated: 23520
[f=19.809] Expanded: 1758, Generated: 23534
[f=19.809] Expanded: 1759, Generated: 23546
[f=19.809] Expanded: 1760, Generated: 23560
[f=19.809] Expanded: 1761, Generated: 23574
[f=19.810] Expanded: 1762, Generated: 23585
[f=19.810] Expanded: 1763, Generated: 23597
[f=19.811] Expanded: 1764, Generated: 23610
[f=19.812] Expanded: 1765, Generated: 23623
[f=19.812] Expanded: 1766, Generated: 23636
[f=19.812] Expanded: 1767, Generated: 23648
[f=19.812] Expanded: 1768, Generated: 23662
[f=19.814] Expanded: 1769, Generated: 23676
[f=19.817] Expanded: 1770, Generated: 23687
[f=19.817] Expanded: 1771, Generated: 23699
[f=19.818] Expanded: 1772, Generated: 23712
[f=19.818] Expanded: 1773, Generated: 23725
[f=19.820] Expanded: 1774, Generated: 23738
[f=19.820] Expanded: 1775, Generated: 23752
[f=19.820] Expanded: 1776, Generated: 23764
[f=19.822] Expanded: 1777, Generated: 23777
[f=19.823] Expanded: 1778, Generated: 23790
[f=19.823] Expanded: 1779, Generated: 23803
[f=19.824] Expanded: 1780, Generated: 23816
[f=19.824] Expanded: 1781, Generated: 23828
[f=19.824] Expanded: 1782, Generated: 23841
[f=19.824] Expanded: 1783, Generated: 23853
[f=19.826] Expanded: 1784, Generated: 23865
[f=19.830] Expanded: 1785, Generated: 23875
[f=19.832] Expanded: 1786, Generated: 23888
[f=19.833] Expanded: 1787, Generated: 23902
[f=19.833] Expanded: 1788, Generated: 23916
[f=19.835] Expanded: 1789, Generated: 23930
[f=19.836] Expanded: 1790, Generated: 23942
[f=19.837] Expanded: 1791, Generated: 23955
[f=19.837] Expanded: 1792, Generated: 23968
[f=19.838] Expanded: 1793, Generated: 23982
[f=19.839] Expanded: 1794, Generated: 23996
[f=19.839] Expanded: 1795, Generated: 24010
[f=19.841] Expanded: 1796, Generated: 24023
[f=19.842] Expanded: 1797, Generated: 24035
[f=19.843] Expanded: 1798, Generated: 24048
[f=19.843] Expanded: 1799, Generated: 24060
[f=19.843] Expanded: 1800, Generated: 24073
[f=19.845] Expanded: 1802, Generated: 24099
[f=19.845] Expanded: 1803, Generated: 24113
[f=19.846] Expanded: 1804, Generated: 24127
[f=19.850] Expanded: 1805, Generated: 24141
[f=19.851] Expanded: 1806, Generated: 24153
[f=19.853] Expanded: 1807, Generated: 24167
[f=19.854] Expanded: 1808, Generated: 24181
[f=19.856] Expanded: 1809, Generated: 24194
[f=19.857] Expanded: 1810, Generated: 24208
[f=19.857] Expanded: 1811, Generated: 24221
[f=19.857] Expanded: 1812, Generated: 24234
[f=19.859] Expanded: 1813, Generated: 24246
[f=19.859] Expanded: 1814, Generated: 24260
[f=19.859] Expanded: 1815, Generated: 24273
[f=19.861] Expanded: 1816, Generated: 24286
[f=19.864] Expanded: 1817, Generated: 24299
[f=19.864] Expanded: 1818, Generated: 24313
[f=19.865] Expanded: 1819, Generated: 24327
[f=19.865] Expanded: 1820, Generated: 24341
[f=19.865] Expanded: 1821, Generated: 24357
[f=19.868] Expanded: 1822, Generated: 24368
[f=19.868] Expanded: 1823, Generated: 24381
[f=19.868] Expanded: 1824, Generated: 24395
[f=19.870] Expanded: 1825, Generated: 24408
[f=19.871] Expanded: 1826, Generated: 24421
[f=19.871] Expanded: 1827, Generated: 24434
[f=19.872] Expanded: 1828, Generated: 24448
[f=19.875] Expanded: 1829, Generated: 24462
[f=19.875] Expanded: 1830, Generated: 24474
[f=19.876] Expanded: 1831, Generated: 24486
[f=19.876] Expanded: 1833, Generated: 24518
[f=19.877] Expanded: 1834, Generated: 24532
[f=19.877] Expanded: 1835, Generated: 24545
[f=19.878] Expanded: 1836, Generated: 24558
[f=19.879] Expanded: 1837, Generated: 24572
[f=19.879] Expanded: 1838, Generated: 24586
[f=19.880] Expanded: 1839, Generated: 24599
[f=19.880] Expanded: 1840, Generated: 24612
[f=19.880] Expanded: 1841, Generated: 24625
[f=19.880] Expanded: 1842, Generated: 24638
[f=19.880] Expanded: 1843, Generated: 24652
[f=19.880] Expanded: 1844, Generated: 24665
[f=19.880] Expanded: 1845, Generated: 24679
[f=19.882] Expanded: 1846, Generated: 24692
[f=19.882] Expanded: 1847, Generated: 24706
[f=19.883] Expanded: 1848, Generated: 24719
[f=19.883] Expanded: 1849, Generated: 24731
[f=19.885] Expanded: 1850, Generated: 24744
[f=19.885] Expanded: 1851, Generated: 24756
[f=19.887] Expanded: 1852, Generated: 24770
[f=19.889] Expanded: 1853, Generated: 24784
[f=19.889] Expanded: 1854, Generated: 24796
[f=19.889] Expanded: 1855, Generated: 24809
[f=19.892] Expanded: 1856, Generated: 24822
[f=19.893] Expanded: 1857, Generated: 24835
[f=19.893] Expanded: 1858, Generated: 24849
[f=19.894] Expanded: 1859, Generated: 24862
[f=19.896] Expanded: 1860, Generated: 24876
[f=19.897] Expanded: 1861, Generated: 24889
[f=19.897] Expanded: 1862, Generated: 24901
[f=19.898] Expanded: 1863, Generated: 24915
[f=19.898] Expanded: 1864, Generated: 24929
[f=19.900] Expanded: 1865, Generated: 24942
[f=19.901] Expanded: 1866, Generated: 24956
[f=19.901] Expanded: 1867, Generated: 24969
[f=19.902] Expanded: 1868, Generated: 24982
[f=19.902] Expanded: 1869, Generated: 24995
[f=19.902] Expanded: 1870, Generated: 25008
[f=19.903] Expanded: 1871, Generated: 25022
[f=19.903] Expanded: 1872, Generated: 25036
[f=19.903] Expanded: 1873, Generated: 25048
[f=19.905] Expanded: 1874, Generated: 25060
[f=19.906] Expanded: 1875, Generated: 25074
[f=19.906] Expanded: 1876, Generated: 25086
[f=19.908] Expanded: 1877, Generated: 25100
[f=19.908] Expanded: 1878, Generated: 25114
[f=19.908] Expanded: 1879, Generated: 25128
[f=19.909] Expanded: 1880, Generated: 25140
[f=19.909] Expanded: 1881, Generated: 25152
[f=19.910] Expanded: 1882, Generated: 25165
[f=19.911] Expanded: 1883, Generated: 25178
[f=19.912] Expanded: 1884, Generated: 25192
[f=19.912] Expanded: 1885, Generated: 25206
[f=19.913] Expanded: 1886, Generated: 25219
[f=19.914] Expanded: 1887, Generated: 25233
[f=19.914] Expanded: 1888, Generated: 25247
[f=19.915] Expanded: 1889, Generated: 25260
[f=19.915] Expanded: 1890, Generated: 25274
[f=19.915] Expanded: 1891, Generated: 25288
[f=19.915] Expanded: 1892, Generated: 25302
[f=19.916] Expanded: 1893, Generated: 25315
[f=19.916] Expanded: 1894, Generated: 25329
[f=19.916] Expanded: 1895, Generated: 25342
[f=19.916] Expanded: 1896, Generated: 25356
[f=19.916] Expanded: 1897, Generated: 25370
[f=19.916] Expanded: 1898, Generated: 25383
[f=19.917] Expanded: 1899, Generated: 25394
[f=19.917] Expanded: 1901, Generated: 25422
[f=19.918] Expanded: 1902, Generated: 25434
[f=19.918] Expanded: 1903, Generated: 25448
[f=19.919] Expanded: 1904, Generated: 25462
[f=19.919] Expanded: 1905, Generated: 25475
[f=19.920] Expanded: 1906, Generated: 25489
[f=19.921] Expanded: 1907, Generated: 25502
[f=19.921] Expanded: 1908, Generated: 25516
[f=19.922] Expanded: 1909, Generated: 25530
[f=19.922] Expanded: 1910, Generated: 25544
[f=19.922] Expanded: 1911, Generated: 25556
[f=19.923] Expanded: 1913, Generated: 25582
[f=19.923] Expanded: 1914, Generated: 25596
[f=19.923] Expanded: 1915, Generated: 25610
[f=19.924] Expanded: 1917, Generated: 25638
[f=19.924] Expanded: 1918, Generated: 25652
[f=19.925] Expanded: 1919, Generated: 25666
[f=19.925] Expanded: 1920, Generated: 25680
[f=19.925] Expanded: 1921, Generated: 25692
[f=19.925] Expanded: 1922, Generated: 25705
[f=19.926] Expanded: 1923, Generated: 25719
[f=19.927] Expanded: 1924, Generated: 25732
[f=19.927] Expanded: 1926, Generated: 25755
[f=19.929] Expanded: 1927, Generated: 25769
[f=19.929] Expanded: 1929, Generated: 25793
[f=19.930] Expanded: 1930, Generated: 25807
[f=19.930] Expanded: 1931, Generated: 25820
[f=19.931] Expanded: 1933, Generated: 25848
[f=19.932] Expanded: 1934, Generated: 25861
[f=19.934] Expanded: 1936, Generated: 25885
[f=19.934] Expanded: 1937, Generated: 25899
[f=19.935] Expanded: 1938, Generated: 25911
[f=19.935] Expanded: 1939, Generated: 25923
[f=19.935] Expanded: 1940, Generated: 25937
[f=19.936] Expanded: 1942, Generated: 25963
[f=19.936] Expanded: 1943, Generated: 25976
[f=19.936] Expanded: 1944, Generated: 25989
[f=19.936] Expanded: 1945, Generated: 25999
[f=19.936] Expanded: 1946, Generated: 26011
[f=19.936] Expanded: 1947, Generated: 26025
[f=19.937] Expanded: 1948, Generated: 26037
[f=19.938] Expanded: 1949, Generated: 26051
[f=19.939] Expanded: 1950, Generated: 26065
[f=19.940] Expanded: 1951, Generated: 26078
[f=19.940] Expanded: 1952, Generated: 26092
[f=19.941] Expanded: 1953, Generated: 26105
[f=19.941] Expanded: 1954, Generated: 26119
[f=19.942] Expanded: 1955, Generated: 26131
[f=19.942] Expanded: 1956, Generated: 26145
[f=19.943] Expanded: 1957, Generated: 26158
[f=19.943] Expanded: 1958, Generated: 26171
[f=19.943] Expanded: 1959, Generated: 26185
[f=19.944] Expanded: 1960, Generated: 26198
[f=19.944] Expanded: 1961, Generated: 26211
[f=19.944] Expanded: 1962, Generated: 26224
[f=19.945] Expanded: 1963, Generated: 26237
[f=19.947] Expanded: 1964, Generated: 26251
[f=19.948] Expanded: 1966, Generated: 26277
[f=19.948] Expanded: 1967, Generated: 26290
[f=19.949] Expanded: 1968, Generated: 26303
[f=19.949] Expanded: 1969, Generated: 26317
[f=19.949] Expanded: 1970, Generated: 26330
[f=19.949] Expanded: 1973, Generated: 26369
[f=19.950] Expanded: 1975, Generated: 26395
[f=19.950] Expanded: 1976, Generated: 26408
[f=19.950] Expanded: 1978, Generated: 26432
[f=19.952] Expanded: 1979, Generated: 26445
[f=19.954] Expanded: 1980, Generated: 26458
[f=19.954] Expanded: 1981, Generated: 26471
[f=19.955] Expanded: 1982, Generated: 26485
[f=19.957] Expanded: 1991, Generated: 26592
[f=19.957] Expanded: 1992, Generated: 26605
[f=19.958] Expanded: 1993, Generated: 26618
[f=19.958] Expanded: 1995, Generated: 26646
[f=19.962] Expanded: 1996, Generated: 26657
[f=19.962] Expanded: 1997, Generated: 26668
[f=19.962] Expanded: 1998, Generated: 26682
[f=19.962] Expanded: 1999, Generated: 26696
[f=19.963] Expanded: 2000, Generated: 26710
[f=19.965] Expanded: 2001, Generated: 26724
[f=19.965] Expanded: 2002, Generated: 26738
[f=19.965] Expanded: 2003, Generated: 26751
[f=19.967] Expanded: 2004, Generated: 26765
[f=19.967] Expanded: 2005, Generated: 26779
[f=19.968] Expanded: 2006, Generated: 26792
[f=19.969] Expanded: 2007, Generated: 26805
[f=19.969] Expanded: 2008, Generated: 26819
[f=19.969] Expanded: 2009, Generated: 26831
[f=19.970] Expanded: 2011, Generated: 26857
[f=19.970] Expanded: 2012, Generated: 26871
[f=19.971] Expanded: 2013, Generated: 26885
[f=19.971] Expanded: 2014, Generated: 26899
[f=19.971] Expanded: 2015, Generated: 26913
[f=19.972] Expanded: 2016, Generated: 26923
[f=19.972] Expanded: 2017, Generated: 26936
[f=19.972] Expanded: 2018, Generated: 26947
[f=19.972] Expanded: 2019, Generated: 26958
[f=19.973] Expanded: 2021, Generated: 26984
[f=19.975] Expanded: 2022, Generated: 26996
[f=19.975] Expanded: 2023, Generated: 27010
[f=19.976] Expanded: 2024, Generated: 27024
[f=19.976] Expanded: 2025, Generated: 27038
[f=19.977] Expanded: 2026, Generated: 27051
[f=19.978] Expanded: 2027, Generated: 27065
[f=19.982] Expanded: 2028, Generated: 27079
[f=19.982] Expanded: 2029, Generated: 27092
[f=19.983] Expanded: 2030, Generated: 27106
[f=19.983] Expanded: 2031, Generated: 27120
[f=19.985] Expanded: 2032, Generated: 27132
[f=19.985] Expanded: 2033, Generated: 27146
[f=19.987] Expanded: 2034, Generated: 27159
[f=19.988] Expanded: 2035, Generated: 27170
[f=19.988] Expanded: 2036, Generated: 27184
[f=19.989] Expanded: 2037, Generated: 27198
[f=19.989] Expanded: 2038, Generated: 27211
[f=19.990] Expanded: 2039, Generated: 27225
[f=19.991] Expanded: 2040, Generated: 27239
[f=19.992] Expanded: 2041, Generated: 27253
[f=19.993] Expanded: 2042, Generated: 27266
[f=19.994] Expanded: 2044, Generated: 27290
[f=19.994] Expanded: 2045, Generated: 27303
[f=19.995] Expanded: 2046, Generated: 27317
[f=19.995] Expanded: 2047, Generated: 27329
[f=19.995] Expanded: 2048, Generated: 27341
[f=19.995] Expanded: 2049, Generated: 27354
[f=19.997] Expanded: 2051, Generated: 27378
[f=19.998] Expanded: 2052, Generated: 27392
[f=19.998] Expanded: 2053, Generated: 27406
[f=19.999] Expanded: 2054, Generated: 27420
[Final] Expanded: 2054, Generated: 27420
Found a solution of length 20!
   1: (drive-truck t2 l2-0 l2-1 c2)
   2: (load-truck p3 t2 l2-1)
   3: (load-truck p1 t2 l2-1)
   4: (drive-truck t2 l2-1 l2-0 c2)
   5: (fly-airplane a0 l1-0 l2-0)
   6: (load-airplane p0 a0 l2-0)
   7: (unload-truck p3 t2 l2-0)
   8: (load-airplane p3 a0 l2-0)
   9: (unload-truck p1 t2 l2-0)
  10: (load-airplane p1 a0 l2-0)
  11: (load-airplane p4 a0 l2-0)
  12: (fly-airplane a0 l2-0 l0-0)
  13: (unload-airplane p3 a0 l0-0)
  14: (unload-airplane p0 a0 l0-0)
  15: (fly-airplane a0 l0-0 l1-0)
  16: (unload-airplane p1 a0 l1-0)
  17: (unload-airplane p4 a0 l1-0)
  18: (load-truck p4 t1 l1-0)
  19: (drive-truck t1 l1-0 l1-1 c1)
  20: (unload-truck p4 t1 l1-1)
