/u/ibrahim.eisawy/Neural-Guided-Search/venv/lib/python3.10/site-packages/pymimir_rgnn/model.py:151: UserWarning: index_reduce() is in beta and the API may change at any time. (Triggered internally at /pytorch/aten/src/ATen/native/cuda/Indexing.cu:1541.)
  max_msg.index_reduce_(0, output_indices, output_messages, reduce='amax', include_self=True)
Torch: 2.12.0+cu130
Using GPU:  NVIDIA L40S
5.699: (load-truck p0 t1 l1-1)
3.131: (load-truck p2 t0 l0-1)
3.127: (fly-airplane a0 l1-0 l0-0)
3.877: (drive-truck t0 l0-1 l0-0 c0)
3.878: (fly-airplane a0 l0-0 l1-0)
3.948: (drive-truck t1 l1-1 l1-0 c1)
3.924: (drive-truck t0 l0-0 l0-1 c0)
3.914: (fly-airplane a0 l1-0 l0-0)
3.948: (drive-truck t0 l0-1 l0-0 c0)
4.053: (unload-truck p2 t0 l0-0)
3.005: (load-airplane p2 a0 l0-0)
3.238: (drive-truck t1 l1-0 l1-1 c1)
3.754: (fly-airplane a0 l0-0 l1-0)
3.330: (drive-truck t1 l1-1 l1-0 c1)
4.311: (drive-truck t0 l0-0 l0-1 c0)
3.990: (fly-airplane a0 l1-0 l0-0)
4.186: (drive-truck t1 l1-0 l1-1 c1)
4.734: (fly-airplane a0 l0-0 l1-0)
5.017: (load-truck p1 t1 l1-1)
4.090: (drive-truck t0 l0-1 l0-0 c0)
3.700: (unload-airplane p2 a0 l1-0)
3.707: (fly-airplane a0 l1-0 l0-0)
4.696: (drive-truck t0 l0-0 l0-1 c0)
4.690: (fly-airplane a0 l0-0 l1-0)
5.927: (drive-truck t1 l1-1 l1-0 c1)
4.942: (drive-truck t0 l0-1 l0-0 c0)
4.959: (fly-airplane a0 l1-0 l0-0)
5.837: (load-truck p2 t1 l1-0)
5.051: (drive-truck t1 l1-0 l1-1 c1)
4.005: (unload-truck p1 t1 l1-1)
3.258: (drive-truck t1 l1-1 l1-0 c1)
3.280: (fly-airplane a0 l0-0 l1-0)
4.004: (drive-truck t1 l1-0 l1-1 c1)
4.397: (unload-truck p2 t1 l1-1)
4.393: (fly-airplane a0 l1-0 l0-0)
5.314: (drive-truck t0 l0-0 l0-1 c0)
4.926: (load-truck p2 t1 l1-1)
4.238: (drive-truck t1 l1-1 l1-0 c1)
4.261: (fly-airplane a0 l0-0 l1-0)
4.929: (drive-truck t1 l1-0 l1-1 c1)
5.321: (unload-truck p2 t1 l1-1)
7.639: (load-truck p1 t1 l1-1)
5.979: (load-truck p2 t1 l1-1)
5.050: (drive-truck t0 l0-1 l0-0 c0)
5.851: (drive-truck t1 l1-1 l1-0 c1)
6.828: (drive-truck t0 l0-0 l0-1 c0)
6.813: (fly-airplane a0 l1-0 l0-0)
5.944: (unload-truck p2 t1 l1-0)
7.012: (unload-truck p1 t1 l1-0)
6.026: (drive-truck t0 l0-1 l0-0 c0)
5.997: (fly-airplane a0 l0-0 l1-0)
6.214: (load-airplane p1 a0 l1-0)
5.922: (fly-airplane a0 l1-0 l0-0)
4.948: (unload-airplane p1 a0 l0-0)
3.950: (load-truck p1 t0 l0-0)
2.960: (drive-truck t0 l0-0 l0-1 c0)
1.937: (drive-truck t1 l1-0 l1-1 c1)
1.940: (fly-airplane a0 l0-0 l1-0)
2.935: (load-airplane p2 a0 l1-0)
3.864: (fly-airplane a0 l1-0 l0-0)
4.116: (drive-truck t0 l0-1 l0-0 c0)
3.976: (fly-airplane a0 l0-0 l1-0)
2.998: (unload-airplane p2 a0 l1-0)
2.984: (fly-airplane a0 l1-0 l0-0)
5.819: (unload-truck p1 t0 l0-0)
5.879: (fly-airplane a0 l0-0 l1-0)
4.947: (drive-truck t1 l1-1 l1-0 c1)
3.952: (load-truck p1 t0 l0-0)
2.965: (drive-truck t0 l0-0 l0-1 c0)
4.061: (load-truck p2 t1 l1-0)
3.945: (drive-truck t1 l1-0 l1-1 c1)
3.947: (fly-airplane a0 l1-0 l0-0)
4.049: (drive-truck t1 l1-1 l1-0 c1)
4.959: (drive-truck t0 l0-1 l0-0 c0)
4.902: (drive-truck t1 l1-0 l1-1 c1)
4.901: (fly-airplane a0 l0-0 l1-0)
4.962: (drive-truck t1 l1-1 l1-0 c1)
5.960: (unload-truck p0 t1 l1-0)
4.950: (unload-truck p2 t1 l1-0)
4.947: (fly-airplane a0 l1-0 l0-0)
5.944: (unload-truck p1 t0 l0-0)
5.943: (fly-airplane a0 l0-0 l1-0)
6.919: (load-airplane p0 a0 l1-0)
5.920: (load-truck p1 t0 l0-0)
6.059: (fly-airplane a0 l1-0 l0-0)
5.709: (unload-airplane p0 a0 l0-0)
4.694: (load-truck p0 t0 l0-0)
3.558: (drive-truck t0 l0-0 l0-1 c0)
3.552: (fly-airplane a0 l0-0 l1-0)
3.925: (load-airplane p2 a0 l1-0)
4.750: (drive-truck t1 l1-0 l1-1 c1)
4.229: (unload-airplane p2 a0 l1-0)
4.241: (fly-airplane a0 l1-0 l0-0)
5.377: (drive-truck t0 l0-1 l0-0 c0)
5.547: (fly-airplane a0 l0-0 l1-0)
4.870: (drive-truck t1 l1-1 l1-0 c1)
4.913: (load-airplane p2 a0 l1-0)
5.018: (fly-airplane a0 l1-0 l0-0)
4.828: (drive-truck t0 l0-0 l0-1 c0)
4.973: (drive-truck t1 l1-0 l1-1 c1)
5.242: (drive-truck t0 l0-1 l0-0 c0)
5.839: (fly-airplane a0 l0-0 l1-0)
6.818: (unload-truck p0 t0 l0-0)
5.996: (drive-truck t1 l1-1 l1-0 c1)
5.815: (unload-airplane p2 a0 l1-0)
6.000: (load-truck p2 t1 l1-0)
4.918: (load-truck p0 t0 l0-0)
3.928: (drive-truck t0 l0-0 l0-1 c0)
3.924: (fly-airplane a0 l1-0 l0-0)
3.949: (drive-truck t1 l1-0 l1-1 c1)
3.946: (fly-airplane a0 l0-0 l1-0)
4.938: (drive-truck t0 l0-1 l0-0 c0)
4.944: (fly-airplane a0 l1-0 l0-0)
4.914: (drive-truck t1 l1-1 l1-0 c1)
5.935: (unload-truck p0 t0 l0-0)
5.953: (drive-truck t1 l1-0 l1-1 c1)
6.015: (fly-airplane a0 l0-0 l1-0)
6.977: (drive-truck t0 l0-0 l0-1 c0)
6.981: (drive-truck t1 l1-1 l1-0 c1)
6.755: (unload-truck p2 t1 l1-0)
6.734: (fly-airplane a0 l1-0 l0-0)
6.977: (load-truck p2 t1 l1-0)
6.984: (drive-truck t1 l1-0 l1-1 c1)
7.946: (load-airplane p0 a0 l0-0)
6.961: (drive-truck t0 l0-1 l0-0 c0)
6.917: (drive-truck t1 l1-1 l1-0 c1)
6.950: (fly-airplane a0 l0-0 l1-0)
6.946: (drive-truck t1 l1-0 l1-1 c1)
5.986: (unload-airplane p0 a0 l1-0)
5.986: (fly-airplane a0 l1-0 l0-0)
5.960: (drive-truck t1 l1-1 l1-0 c1)
6.959: (unload-truck p1 t0 l0-0)
5.966: (load-truck p0 t1 l1-0)
5.964: (fly-airplane a0 l0-0 l1-0)
6.830: (drive-truck t1 l1-0 l1-1 c1)
6.828: (fly-airplane a0 l1-0 l0-0)
7.229: (unload-truck p2 t1 l1-1)
5.937: (load-truck p1 t0 l0-0)
4.949: (drive-truck t0 l0-0 l0-1 c0)
4.950: (fly-airplane a0 l0-0 l1-0)
5.942: (drive-truck t0 l0-1 l0-0 c0)
6.943: (drive-truck t1 l1-1 l1-0 c1)
6.080: (drive-truck t0 l0-0 l0-1 c0)
6.063: (fly-airplane a0 l1-0 l0-0)
6.949: (drive-truck t0 l0-1 l0-0 c0)
7.930: (unload-truck p1 t0 l0-0)
7.929: (fly-airplane a0 l0-0 l1-0)
7.239: (drive-truck t1 l1-0 l1-1 c1)
8.244: (drive-truck t0 l0-0 l0-1 c0)
7.822: (load-truck p2 t1 l1-1)
7.008: (drive-truck t1 l1-1 l1-0 c1)
5.967: (unload-truck p2 t1 l1-0)
5.964: (fly-airplane a0 l1-0 l0-0)
6.852: (drive-truck t1 l1-0 l1-1 c1)
6.884: (fly-airplane a0 l0-0 l1-0)
7.436: (load-airplane p2 a0 l1-0)
6.391: (drive-truck t0 l0-1 l0-0 c0)
5.956: (drive-truck t1 l1-1 l1-0 c1)
4.959: (load-truck p1 t0 l0-0)
4.071: (drive-truck t0 l0-0 l0-1 c0)
4.907: (fly-airplane a0 l1-0 l0-0)
4.976: (drive-truck t0 l0-1 l0-0 c0)
5.998: (unload-airplane p2 a0 l0-0)
5.071: (drive-truck t1 l1-0 l1-1 c1)
4.769: (load-truck p2 t0 l0-0)
3.943: (drive-truck t0 l0-0 l0-1 c0)
3.943: (fly-airplane a0 l0-0 l1-0)
4.764: (drive-truck t0 l0-1 l0-0 c0)
5.133: (unload-truck p2 t0 l0-0)
4.860: (drive-truck t0 l0-0 l0-1 c0)
4.872: (fly-airplane a0 l1-0 l0-0)
6.005: (drive-truck t1 l1-1 l1-0 c1)
6.005: (fly-airplane a0 l0-0 l1-0)
6.055: (drive-truck t0 l0-1 l0-0 c0)
5.861: (load-truck p2 t0 l0-0)
5.838: (drive-truck t0 l0-0 l0-1 c0)
5.831: (fly-airplane a0 l1-0 l0-0)
5.854: (drive-truck t0 l0-1 l0-0 c0)
6.701: (unload-truck p0 t1 l1-0)
6.702: (fly-airplane a0 l0-0 l1-0)
6.770: (drive-truck t1 l1-0 l1-1 c1)
6.753: (fly-airplane a0 l1-0 l0-0)
7.125: (unload-truck p2 t0 l0-0)
6.111: (load-airplane p2 a0 l0-0)
6.071: (drive-truck t1 l1-1 l1-0 c1)
5.950: (fly-airplane a0 l0-0 l1-0)
6.943: (unload-truck p1 t0 l0-0)
7.092: (fly-airplane a0 l1-0 l0-0)
5.999: (load-truck p0 t1 l1-0)
6.250: (drive-truck t1 l1-0 l1-1 c1)
7.216: (unload-airplane p2 a0 l0-0)
6.918: (load-truck p2 t0 l0-0)
6.952: (drive-truck t0 l0-0 l0-1 c0)
6.946: (fly-airplane a0 l0-0 l1-0)
6.962: (drive-truck t0 l0-1 l0-0 c0)
7.020: (drive-truck t1 l1-1 l1-0 c1)
6.979: (fly-airplane a0 l1-0 l0-0)
7.054: (unload-truck p2 t0 l0-0)
7.052: (fly-airplane a0 l0-0 l1-0)
7.223: (drive-truck t1 l1-0 l1-1 c1)
8.229: (drive-truck t0 l0-0 l0-1 c0)
8.100: (drive-truck t1 l1-1 l1-0 c1)
8.103: (fly-airplane a0 l1-0 l0-0)
7.082: (load-airplane p2 a0 l0-0)
6.998: (fly-airplane a0 l0-0 l1-0)
7.971: (unload-truck p0 t1 l1-0)
6.959: (unload-airplane p2 a0 l1-0)
6.958: (fly-airplane a0 l1-0 l0-0)
7.905: (load-airplane p1 a0 l0-0)
6.910: (load-truck p0 t1 l1-0)
7.207: (fly-airplane a0 l0-0 l1-0)
6.986: (unload-airplane p1 a0 l1-0)
7.954: (load-truck p2 t1 l1-0)
6.973: (drive-truck t0 l0-1 l0-0 c0)
6.991: (fly-airplane a0 l1-0 l0-0)
7.323: (drive-truck t1 l1-0 l1-1 c1)
7.343: (fly-airplane a0 l0-0 l1-0)
8.031: (load-airplane p1 a0 l1-0)
7.315: (drive-truck t1 l1-1 l1-0 c1)
6.957: (fly-airplane a0 l1-0 l0-0)
7.811: (drive-truck t1 l1-0 l1-1 c1)
8.191: (unload-truck p2 t1 l1-1)
8.864: (fly-airplane a0 l0-0 l1-0)
8.370: (unload-airplane p1 a0 l1-0)
8.358: (fly-airplane a0 l1-0 l0-0)
9.184: (drive-truck t1 l1-1 l1-0 c1)
8.199: (load-truck p1 t1 l1-0)
6.641: (drive-truck t1 l1-0 l1-1 c1)
6.647: (fly-airplane a0 l0-0 l1-0)
7.996: (unload-truck p0 t1 l1-1)
6.707: (load-truck p2 t1 l1-1)
5.165: (unload-truck p1 t1 l1-1)
5.160: (fly-airplane a0 l1-0 l0-0)
6.119: (drive-truck t0 l0-0 l0-1 c0)
6.127: (fly-airplane a0 l0-0 l1-0)
7.337: (drive-truck t1 l1-1 l1-0 c1)
6.332: (drive-truck t0 l0-1 l0-0 c0)
6.297: (fly-airplane a0 l1-0 l0-0)
7.302: (drive-truck t0 l0-0 l0-1 c0)
9.062: (unload-truck p2 t1 l1-0)
8.066: (drive-truck t0 l0-1 l0-0 c0)
7.702: (drive-truck t1 l1-0 l1-1 c1)
6.653: (load-truck p0 t1 l1-1)
6.467: (drive-truck t1 l1-1 l1-0 c1)
5.859: (unload-truck p0 t1 l1-0)
4.452: (load-truck p2 t1 l1-0)
4.427: (fly-airplane a0 l0-0 l1-0)
5.141: (load-airplane p0 a0 l1-0)
4.778: (unload-truck p2 t1 l1-0)
3.918: (fly-airplane a0 l1-0 l0-0)
2.935: (unload-airplane p0 a0 l0-0)
1.940: (load-truck p0 t0 l0-0)
0.934: (drive-truck t0 l0-0 l0-1 c0)
-0.054: (unload-truck p0 t0 l0-1)
[Final] Expanded: 254, Generated: 2266
Found a solution of length 254!
   1: (load-truck p0 t1 l1-1)
   2: (load-truck p2 t0 l0-1)
   3: (fly-airplane a0 l1-0 l0-0)
   4: (drive-truck t0 l0-1 l0-0 c0)
   5: (fly-airplane a0 l0-0 l1-0)
   6: (drive-truck t1 l1-1 l1-0 c1)
   7: (drive-truck t0 l0-0 l0-1 c0)
   8: (fly-airplane a0 l1-0 l0-0)
   9: (drive-truck t0 l0-1 l0-0 c0)
  10: (unload-truck p2 t0 l0-0)
  11: (load-airplane p2 a0 l0-0)
  12: (drive-truck t1 l1-0 l1-1 c1)
  13: (fly-airplane a0 l0-0 l1-0)
  14: (drive-truck t1 l1-1 l1-0 c1)
  15: (drive-truck t0 l0-0 l0-1 c0)
  16: (fly-airplane a0 l1-0 l0-0)
  17: (drive-truck t1 l1-0 l1-1 c1)
  18: (fly-airplane a0 l0-0 l1-0)
  19: (load-truck p1 t1 l1-1)
  20: (drive-truck t0 l0-1 l0-0 c0)
  21: (unload-airplane p2 a0 l1-0)
  22: (fly-airplane a0 l1-0 l0-0)
  23: (drive-truck t0 l0-0 l0-1 c0)
  24: (fly-airplane a0 l0-0 l1-0)
  25: (drive-truck t1 l1-1 l1-0 c1)
  26: (drive-truck t0 l0-1 l0-0 c0)
  27: (fly-airplane a0 l1-0 l0-0)
  28: (load-truck p2 t1 l1-0)
  29: (drive-truck t1 l1-0 l1-1 c1)
  30: (unload-truck p1 t1 l1-1)
  31: (drive-truck t1 l1-1 l1-0 c1)
  32: (fly-airplane a0 l0-0 l1-0)
  33: (drive-truck t1 l1-0 l1-1 c1)
  34: (unload-truck p2 t1 l1-1)
  35: (fly-airplane a0 l1-0 l0-0)
  36: (drive-truck t0 l0-0 l0-1 c0)
  37: (load-truck p2 t1 l1-1)
  38: (drive-truck t1 l1-1 l1-0 c1)
  39: (fly-airplane a0 l0-0 l1-0)
  40: (drive-truck t1 l1-0 l1-1 c1)
  41: (unload-truck p2 t1 l1-1)
  42: (load-truck p1 t1 l1-1)
  43: (load-truck p2 t1 l1-1)
  44: (drive-truck t0 l0-1 l0-0 c0)
  45: (drive-truck t1 l1-1 l1-0 c1)
  46: (drive-truck t0 l0-0 l0-1 c0)
  47: (fly-airplane a0 l1-0 l0-0)
  48: (unload-truck p2 t1 l1-0)
  49: (unload-truck p1 t1 l1-0)
  50: (drive-truck t0 l0-1 l0-0 c0)
  51: (fly-airplane a0 l0-0 l1-0)
  52: (load-airplane p1 a0 l1-0)
  53: (fly-airplane a0 l1-0 l0-0)
  54: (unload-airplane p1 a0 l0-0)
  55: (load-truck p1 t0 l0-0)
  56: (drive-truck t0 l0-0 l0-1 c0)
  57: (drive-truck t1 l1-0 l1-1 c1)
  58: (fly-airplane a0 l0-0 l1-0)
  59: (load-airplane p2 a0 l1-0)
  60: (fly-airplane a0 l1-0 l0-0)
  61: (drive-truck t0 l0-1 l0-0 c0)
  62: (fly-airplane a0 l0-0 l1-0)
  63: (unload-airplane p2 a0 l1-0)
  64: (fly-airplane a0 l1-0 l0-0)
  65: (unload-truck p1 t0 l0-0)
  66: (fly-airplane a0 l0-0 l1-0)
  67: (drive-truck t1 l1-1 l1-0 c1)
  68: (load-truck p1 t0 l0-0)
  69: (drive-truck t0 l0-0 l0-1 c0)
  70: (load-truck p2 t1 l1-0)
  71: (drive-truck t1 l1-0 l1-1 c1)
  72: (fly-airplane a0 l1-0 l0-0)
  73: (drive-truck t1 l1-1 l1-0 c1)
  74: (drive-truck t0 l0-1 l0-0 c0)
  75: (drive-truck t1 l1-0 l1-1 c1)
  76: (fly-airplane a0 l0-0 l1-0)
  77: (drive-truck t1 l1-1 l1-0 c1)
  78: (unload-truck p0 t1 l1-0)
  79: (unload-truck p2 t1 l1-0)
  80: (fly-airplane a0 l1-0 l0-0)
  81: (unload-truck p1 t0 l0-0)
  82: (fly-airplane a0 l0-0 l1-0)
  83: (load-airplane p0 a0 l1-0)
  84: (load-truck p1 t0 l0-0)
  85: (fly-airplane a0 l1-0 l0-0)
  86: (unload-airplane p0 a0 l0-0)
  87: (load-truck p0 t0 l0-0)
  88: (drive-truck t0 l0-0 l0-1 c0)
  89: (fly-airplane a0 l0-0 l1-0)
  90: (load-airplane p2 a0 l1-0)
  91: (drive-truck t1 l1-0 l1-1 c1)
  92: (unload-airplane p2 a0 l1-0)
  93: (fly-airplane a0 l1-0 l0-0)
  94: (drive-truck t0 l0-1 l0-0 c0)
  95: (fly-airplane a0 l0-0 l1-0)
  96: (drive-truck t1 l1-1 l1-0 c1)
  97: (load-airplane p2 a0 l1-0)
  98: (fly-airplane a0 l1-0 l0-0)
  99: (drive-truck t0 l0-0 l0-1 c0)
 100: (drive-truck t1 l1-0 l1-1 c1)
 101: (drive-truck t0 l0-1 l0-0 c0)
 102: (fly-airplane a0 l0-0 l1-0)
 103: (unload-truck p0 t0 l0-0)
 104: (drive-truck t1 l1-1 l1-0 c1)
 105: (unload-airplane p2 a0 l1-0)
 106: (load-truck p2 t1 l1-0)
 107: (load-truck p0 t0 l0-0)
 108: (drive-truck t0 l0-0 l0-1 c0)
 109: (fly-airplane a0 l1-0 l0-0)
 110: (drive-truck t1 l1-0 l1-1 c1)
 111: (fly-airplane a0 l0-0 l1-0)
 112: (drive-truck t0 l0-1 l0-0 c0)
 113: (fly-airplane a0 l1-0 l0-0)
 114: (drive-truck t1 l1-1 l1-0 c1)
 115: (unload-truck p0 t0 l0-0)
 116: (drive-truck t1 l1-0 l1-1 c1)
 117: (fly-airplane a0 l0-0 l1-0)
 118: (drive-truck t0 l0-0 l0-1 c0)
 119: (drive-truck t1 l1-1 l1-0 c1)
 120: (unload-truck p2 t1 l1-0)
 121: (fly-airplane a0 l1-0 l0-0)
 122: (load-truck p2 t1 l1-0)
 123: (drive-truck t1 l1-0 l1-1 c1)
 124: (load-airplane p0 a0 l0-0)
 125: (drive-truck t0 l0-1 l0-0 c0)
 126: (drive-truck t1 l1-1 l1-0 c1)
 127: (fly-airplane a0 l0-0 l1-0)
 128: (drive-truck t1 l1-0 l1-1 c1)
 129: (unload-airplane p0 a0 l1-0)
 130: (fly-airplane a0 l1-0 l0-0)
 131: (drive-truck t1 l1-1 l1-0 c1)
 132: (unload-truck p1 t0 l0-0)
 133: (load-truck p0 t1 l1-0)
 134: (fly-airplane a0 l0-0 l1-0)
 135: (drive-truck t1 l1-0 l1-1 c1)
 136: (fly-airplane a0 l1-0 l0-0)
 137: (unload-truck p2 t1 l1-1)
 138: (load-truck p1 t0 l0-0)
 139: (drive-truck t0 l0-0 l0-1 c0)
 140: (fly-airplane a0 l0-0 l1-0)
 141: (drive-truck t0 l0-1 l0-0 c0)
 142: (drive-truck t1 l1-1 l1-0 c1)
 143: (drive-truck t0 l0-0 l0-1 c0)
 144: (fly-airplane a0 l1-0 l0-0)
 145: (drive-truck t0 l0-1 l0-0 c0)
 146: (unload-truck p1 t0 l0-0)
 147: (fly-airplane a0 l0-0 l1-0)
 148: (drive-truck t1 l1-0 l1-1 c1)
 149: (drive-truck t0 l0-0 l0-1 c0)
 150: (load-truck p2 t1 l1-1)
 151: (drive-truck t1 l1-1 l1-0 c1)
 152: (unload-truck p2 t1 l1-0)
 153: (fly-airplane a0 l1-0 l0-0)
 154: (drive-truck t1 l1-0 l1-1 c1)
 155: (fly-airplane a0 l0-0 l1-0)
 156: (load-airplane p2 a0 l1-0)
 157: (drive-truck t0 l0-1 l0-0 c0)
 158: (drive-truck t1 l1-1 l1-0 c1)
 159: (load-truck p1 t0 l0-0)
 160: (drive-truck t0 l0-0 l0-1 c0)
 161: (fly-airplane a0 l1-0 l0-0)
 162: (drive-truck t0 l0-1 l0-0 c0)
 163: (unload-airplane p2 a0 l0-0)
 164: (drive-truck t1 l1-0 l1-1 c1)
 165: (load-truck p2 t0 l0-0)
 166: (drive-truck t0 l0-0 l0-1 c0)
 167: (fly-airplane a0 l0-0 l1-0)
 168: (drive-truck t0 l0-1 l0-0 c0)
 169: (unload-truck p2 t0 l0-0)
 170: (drive-truck t0 l0-0 l0-1 c0)
 171: (fly-airplane a0 l1-0 l0-0)
 172: (drive-truck t1 l1-1 l1-0 c1)
 173: (fly-airplane a0 l0-0 l1-0)
 174: (drive-truck t0 l0-1 l0-0 c0)
 175: (load-truck p2 t0 l0-0)
 176: (drive-truck t0 l0-0 l0-1 c0)
 177: (fly-airplane a0 l1-0 l0-0)
 178: (drive-truck t0 l0-1 l0-0 c0)
 179: (unload-truck p0 t1 l1-0)
 180: (fly-airplane a0 l0-0 l1-0)
 181: (drive-truck t1 l1-0 l1-1 c1)
 182: (fly-airplane a0 l1-0 l0-0)
 183: (unload-truck p2 t0 l0-0)
 184: (load-airplane p2 a0 l0-0)
 185: (drive-truck t1 l1-1 l1-0 c1)
 186: (fly-airplane a0 l0-0 l1-0)
 187: (unload-truck p1 t0 l0-0)
 188: (fly-airplane a0 l1-0 l0-0)
 189: (load-truck p0 t1 l1-0)
 190: (drive-truck t1 l1-0 l1-1 c1)
 191: (unload-airplane p2 a0 l0-0)
 192: (load-truck p2 t0 l0-0)
 193: (drive-truck t0 l0-0 l0-1 c0)
 194: (fly-airplane a0 l0-0 l1-0)
 195: (drive-truck t0 l0-1 l0-0 c0)
 196: (drive-truck t1 l1-1 l1-0 c1)
 197: (fly-airplane a0 l1-0 l0-0)
 198: (unload-truck p2 t0 l0-0)
 199: (fly-airplane a0 l0-0 l1-0)
 200: (drive-truck t1 l1-0 l1-1 c1)
 201: (drive-truck t0 l0-0 l0-1 c0)
 202: (drive-truck t1 l1-1 l1-0 c1)
 203: (fly-airplane a0 l1-0 l0-0)
 204: (load-airplane p2 a0 l0-0)
 205: (fly-airplane a0 l0-0 l1-0)
 206: (unload-truck p0 t1 l1-0)
 207: (unload-airplane p2 a0 l1-0)
 208: (fly-airplane a0 l1-0 l0-0)
 209: (load-airplane p1 a0 l0-0)
 210: (load-truck p0 t1 l1-0)
 211: (fly-airplane a0 l0-0 l1-0)
 212: (unload-airplane p1 a0 l1-0)
 213: (load-truck p2 t1 l1-0)
 214: (drive-truck t0 l0-1 l0-0 c0)
 215: (fly-airplane a0 l1-0 l0-0)
 216: (drive-truck t1 l1-0 l1-1 c1)
 217: (fly-airplane a0 l0-0 l1-0)
 218: (load-airplane p1 a0 l1-0)
 219: (drive-truck t1 l1-1 l1-0 c1)
 220: (fly-airplane a0 l1-0 l0-0)
 221: (drive-truck t1 l1-0 l1-1 c1)
 222: (unload-truck p2 t1 l1-1)
 223: (fly-airplane a0 l0-0 l1-0)
 224: (unload-airplane p1 a0 l1-0)
 225: (fly-airplane a0 l1-0 l0-0)
 226: (drive-truck t1 l1-1 l1-0 c1)
 227: (load-truck p1 t1 l1-0)
 228: (drive-truck t1 l1-0 l1-1 c1)
 229: (fly-airplane a0 l0-0 l1-0)
 230: (unload-truck p0 t1 l1-1)
 231: (load-truck p2 t1 l1-1)
 232: (unload-truck p1 t1 l1-1)
 233: (fly-airplane a0 l1-0 l0-0)
 234: (drive-truck t0 l0-0 l0-1 c0)
 235: (fly-airplane a0 l0-0 l1-0)
 236: (drive-truck t1 l1-1 l1-0 c1)
 237: (drive-truck t0 l0-1 l0-0 c0)
 238: (fly-airplane a0 l1-0 l0-0)
 239: (drive-truck t0 l0-0 l0-1 c0)
 240: (unload-truck p2 t1 l1-0)
 241: (drive-truck t0 l0-1 l0-0 c0)
 242: (drive-truck t1 l1-0 l1-1 c1)
 243: (load-truck p0 t1 l1-1)
 244: (drive-truck t1 l1-1 l1-0 c1)
 245: (unload-truck p0 t1 l1-0)
 246: (load-truck p2 t1 l1-0)
 247: (fly-airplane a0 l0-0 l1-0)
 248: (load-airplane p0 a0 l1-0)
 249: (unload-truck p2 t1 l1-0)
 250: (fly-airplane a0 l1-0 l0-0)
 251: (unload-airplane p0 a0 l0-0)
 252: (load-truck p0 t0 l0-0)
 253: (drive-truck t0 l0-0 l0-1 c0)
 254: (unload-truck p0 t0 l0-1)
