/u/ibrahim.eisawy/Neural-Guided-Search/venv/lib/python3.10/site-packages/pymimir_rgnn/model.py:151: UserWarning: index_reduce() is in beta and the API may change at any time. (Triggered internally at /pytorch/aten/src/ATen/native/cuda/Indexing.cu:1541.)
  max_msg.index_reduce_(0, output_indices, output_messages, reduce='amax', include_self=True)
Torch: 2.12.0+cu130
Using GPU:  NVIDIA L40S
14.908: (load-truck p4 t1 l1-1)
13.194: (load-truck p3 t1 l1-1)
11.814: (load-truck p0 t1 l1-1)
9.820: (drive-truck t1 l1-1 l1-0 c1)
9.123: (load-truck p2 t1 l1-0)
8.197: (fly-airplane a0 l2-0 l1-0)
8.064: (drive-truck t0 l0-1 l0-0 c0)
8.067: (drive-truck t2 l2-1 l2-0 c2)
8.204: (drive-truck t0 l0-0 l0-1 c0)
9.118: (drive-truck t1 l1-0 l1-1 c1)
9.041: (drive-truck t0 l0-1 l0-0 c0)
9.036: (drive-truck t2 l2-0 l2-1 c2)
9.110: (drive-truck t0 l0-0 l0-1 c0)
9.429: (fly-airplane a0 l1-0 l2-0)
9.337: (drive-truck t0 l0-1 l0-0 c0)
9.044: (drive-truck t1 l1-1 l1-0 c1)
9.049: (fly-airplane a0 l2-0 l0-0)
9.054: (drive-truck t2 l2-1 l2-0 c2)
9.053: (fly-airplane a0 l0-0 l2-0)
9.135: (drive-truck t0 l0-0 l0-1 c0)
9.136: (fly-airplane a0 l2-0 l0-0)
9.129: (drive-truck t2 l2-0 l2-1 c2)
9.435: (drive-truck t1 l1-0 l1-1 c1)
9.342: (drive-truck t0 l0-1 l0-0 c0)
9.345: (drive-truck t2 l2-1 l2-0 c2)
9.344: (fly-airplane a0 l0-0 l2-0)
9.443: (drive-truck t0 l0-0 l0-1 c0)
9.444: (fly-airplane a0 l2-0 l0-0)
10.497: (unload-truck p0 t1 l1-1)
10.118: (fly-airplane a0 l0-0 l1-0)
9.951: (drive-truck t0 l0-1 l0-0 c0)
9.947: (drive-truck t2 l2-0 l2-1 c2)
10.108: (drive-truck t0 l0-0 l0-1 c0)
10.485: (fly-airplane a0 l1-0 l0-0)
10.491: (fly-airplane a0 l0-0 l2-0)
10.502: (drive-truck t2 l2-1 l2-0 c2)
10.522: (drive-truck t0 l0-1 l0-0 c0)
10.516: (drive-truck t2 l2-0 l2-1 c2)
10.506: (fly-airplane a0 l2-0 l0-0)
10.517: (drive-truck t2 l2-1 l2-0 c2)
11.585: (load-airplane p1 a0 l0-0)
10.397: (load-truck p0 t1 l1-1)
10.096: (drive-truck t1 l1-1 l1-0 c1)
9.120: (fly-airplane a0 l0-0 l1-0)
9.116: (drive-truck t2 l2-0 l2-1 c2)
9.222: (drive-truck t0 l0-0 l0-1 c0)
9.230: (drive-truck t2 l2-1 l2-0 c2)
10.238: (unload-truck p4 t1 l1-0)
9.169: (load-airplane p4 a0 l1-0)
9.035: (drive-truck t0 l0-1 l0-0 c0)
9.037: (drive-truck t2 l2-0 l2-1 c2)
9.165: (drive-truck t0 l0-0 l0-1 c0)
10.043: (fly-airplane a0 l1-0 l2-0)
9.071: (unload-airplane p4 a0 l2-0)
8.225: (fly-airplane a0 l2-0 l1-0)
8.076: (drive-truck t0 l0-1 l0-0 c0)
8.074: (drive-truck t2 l2-1 l2-0 c2)
8.226: (drive-truck t0 l0-0 l0-1 c0)
9.110: (fly-airplane a0 l1-0 l2-0)
9.038: (drive-truck t0 l0-1 l0-0 c0)
8.949: (drive-truck t2 l2-0 l2-1 c2)
9.099: (fly-airplane a0 l2-0 l0-0)
8.013: (unload-airplane p1 a0 l0-0)
7.022: (fly-airplane a0 l0-0 l1-0)
7.021: (drive-truck t2 l2-1 l2-0 c2)
7.188: (drive-truck t0 l0-0 l0-1 c0)
7.190: (drive-truck t2 l2-0 l2-1 c2)
8.124: (drive-truck t1 l1-0 l1-1 c1)
8.008: (drive-truck t0 l0-1 l0-0 c0)
8.005: (drive-truck t2 l2-1 l2-0 c2)
8.128: (drive-truck t0 l0-0 l0-1 c0)
8.429: (fly-airplane a0 l1-0 l2-0)
8.134: (drive-truck t1 l1-1 l1-0 c1)
8.010: (drive-truck t0 l0-1 l0-0 c0)
8.011: (fly-airplane a0 l2-0 l0-0)
8.135: (drive-truck t0 l0-0 l0-1 c0)
8.131: (drive-truck t2 l2-0 l2-1 c2)
8.131: (fly-airplane a0 l0-0 l2-0)
8.013: (drive-truck t0 l0-1 l0-0 c0)
8.378: (drive-truck t1 l1-0 l1-1 c1)
8.374: (drive-truck t2 l2-1 l2-0 c2)
8.373: (fly-airplane a0 l2-0 l0-0)
8.376: (drive-truck t2 l2-0 l2-1 c2)
8.425: (drive-truck t0 l0-0 l0-1 c0)
8.425: (fly-airplane a0 l0-0 l2-0)
9.584: (load-airplane p4 a0 l2-0)
9.119: (drive-truck t1 l1-1 l1-0 c1)
8.233: (fly-airplane a0 l2-0 l1-0)
8.072: (drive-truck t0 l0-1 l0-0 c0)
8.075: (drive-truck t2 l2-1 l2-0 c2)
8.237: (drive-truck t0 l0-0 l0-1 c0)
9.149: (fly-airplane a0 l1-0 l0-0)
9.054: (drive-truck t0 l0-1 l0-0 c0)
9.051: (drive-truck t2 l2-0 l2-1 c2)
8.955: (fly-airplane a0 l0-0 l2-0)
9.085: (drive-truck t2 l2-1 l2-0 c2)
9.162: (drive-truck t0 l0-0 l0-1 c0)
9.450: (drive-truck t1 l1-0 l1-1 c1)
9.430: (drive-truck t0 l0-1 l0-0 c0)
9.339: (fly-airplane a0 l2-0 l0-0)
9.333: (drive-truck t2 l2-0 l2-1 c2)
9.489: (drive-truck t0 l0-0 l0-1 c0)
9.146: (drive-truck t1 l1-1 l1-0 c1)
9.745: (unload-truck p3 t1 l1-0)
9.197: (fly-airplane a0 l0-0 l1-0)
8.144: (load-airplane p3 a0 l1-0)
7.995: (drive-truck t0 l0-1 l0-0 c0)
7.994: (drive-truck t2 l2-1 l2-0 c2)
8.150: (drive-truck t0 l0-0 l0-1 c0)
8.862: (unload-truck p2 t1 l1-0)
7.869: (load-airplane p2 a0 l1-0)
7.374: (unload-truck p0 t1 l1-0)
7.237: (drive-truck t0 l0-1 l0-0 c0)
7.234: (drive-truck t2 l2-0 l2-1 c2)
7.303: (drive-truck t1 l1-0 l1-1 c1)
7.305: (drive-truck t2 l2-1 l2-0 c2)
7.454: (drive-truck t0 l0-0 l0-1 c0)
7.448: (drive-truck t2 l2-0 l2-1 c2)
7.370: (drive-truck t1 l1-1 l1-0 c1)
7.865: (load-truck p0 t1 l1-0)
7.699: (drive-truck t0 l0-1 l0-0 c0)
7.696: (drive-truck t2 l2-1 l2-0 c2)
8.536: (fly-airplane a0 l1-0 l0-0)
7.583: (unload-airplane p3 a0 l0-0)
6.969: (unload-truck p0 t1 l1-0)
6.258: (fly-airplane a0 l0-0 l1-0)
6.253: (drive-truck t2 l2-0 l2-1 c2)
6.634: (drive-truck t1 l1-0 l1-1 c1)
6.611: (drive-truck t2 l2-1 l2-0 c2)
6.957: (fly-airplane a0 l1-0 l0-0)
6.952: (drive-truck t2 l2-0 l2-1 c2)
6.964: (drive-truck t1 l1-1 l1-0 c1)
7.582: (load-truck p0 t1 l1-0)
7.344: (fly-airplane a0 l0-0 l1-0)
7.316: (drive-truck t2 l2-1 l2-0 c2)
7.611: (load-truck p3 t0 l0-0)
7.127: (unload-truck p0 t1 l1-0)
7.123: (drive-truck t2 l2-0 l2-1 c2)
7.190: (drive-truck t1 l1-0 l1-1 c1)
7.195: (drive-truck t2 l2-1 l2-0 c2)
7.834: (fly-airplane a0 l1-0 l2-0)
6.812: (unload-airplane p2 a0 l2-0)
5.812: (unload-airplane p4 a0 l2-0)
4.851: (fly-airplane a0 l2-0 l1-0)
4.840: (drive-truck t1 l1-1 l1-0 c1)
4.841: (drive-truck t2 l2-0 l2-1 c2)
4.852: (drive-truck t1 l1-0 l1-1 c1)
5.111: (unload-truck p3 t0 l0-0)
4.852: (load-truck p1 t0 l0-0)
4.841: (drive-truck t1 l1-1 l1-0 c1)
4.840: (drive-truck t2 l2-1 l2-0 c2)
4.851: (drive-truck t1 l1-0 l1-1 c1)
5.088: (unload-truck p1 t0 l0-0)
4.895: (load-airplane p0 a0 l1-0)
3.924: (fly-airplane a0 l1-0 l0-0)
2.941: (unload-airplane p0 a0 l0-0)
1.937: (load-truck p0 t0 l0-0)
0.936: (drive-truck t0 l0-0 l0-1 c0)
-0.078: (unload-truck p0 t0 l0-1)
[Final] Expanded: 159, Generated: 2213
Found a solution of length 159!
   1: (load-truck p4 t1 l1-1)
   2: (load-truck p3 t1 l1-1)
   3: (load-truck p0 t1 l1-1)
   4: (drive-truck t1 l1-1 l1-0 c1)
   5: (load-truck p2 t1 l1-0)
   6: (fly-airplane a0 l2-0 l1-0)
   7: (drive-truck t0 l0-1 l0-0 c0)
   8: (drive-truck t2 l2-1 l2-0 c2)
   9: (drive-truck t0 l0-0 l0-1 c0)
  10: (drive-truck t1 l1-0 l1-1 c1)
  11: (drive-truck t0 l0-1 l0-0 c0)
  12: (drive-truck t2 l2-0 l2-1 c2)
  13: (drive-truck t0 l0-0 l0-1 c0)
  14: (fly-airplane a0 l1-0 l2-0)
  15: (drive-truck t0 l0-1 l0-0 c0)
  16: (drive-truck t1 l1-1 l1-0 c1)
  17: (fly-airplane a0 l2-0 l0-0)
  18: (drive-truck t2 l2-1 l2-0 c2)
  19: (fly-airplane a0 l0-0 l2-0)
  20: (drive-truck t0 l0-0 l0-1 c0)
  21: (fly-airplane a0 l2-0 l0-0)
  22: (drive-truck t2 l2-0 l2-1 c2)
  23: (drive-truck t1 l1-0 l1-1 c1)
  24: (drive-truck t0 l0-1 l0-0 c0)
  25: (drive-truck t2 l2-1 l2-0 c2)
  26: (fly-airplane a0 l0-0 l2-0)
  27: (drive-truck t0 l0-0 l0-1 c0)
  28: (fly-airplane a0 l2-0 l0-0)
  29: (unload-truck p0 t1 l1-1)
  30: (fly-airplane a0 l0-0 l1-0)
  31: (drive-truck t0 l0-1 l0-0 c0)
  32: (drive-truck t2 l2-0 l2-1 c2)
  33: (drive-truck t0 l0-0 l0-1 c0)
  34: (fly-airplane a0 l1-0 l0-0)
  35: (fly-airplane a0 l0-0 l2-0)
  36: (drive-truck t2 l2-1 l2-0 c2)
  37: (drive-truck t0 l0-1 l0-0 c0)
  38: (drive-truck t2 l2-0 l2-1 c2)
  39: (fly-airplane a0 l2-0 l0-0)
  40: (drive-truck t2 l2-1 l2-0 c2)
  41: (load-airplane p1 a0 l0-0)
  42: (load-truck p0 t1 l1-1)
  43: (drive-truck t1 l1-1 l1-0 c1)
  44: (fly-airplane a0 l0-0 l1-0)
  45: (drive-truck t2 l2-0 l2-1 c2)
  46: (drive-truck t0 l0-0 l0-1 c0)
  47: (drive-truck t2 l2-1 l2-0 c2)
  48: (unload-truck p4 t1 l1-0)
  49: (load-airplane p4 a0 l1-0)
  50: (drive-truck t0 l0-1 l0-0 c0)
  51: (drive-truck t2 l2-0 l2-1 c2)
  52: (drive-truck t0 l0-0 l0-1 c0)
  53: (fly-airplane a0 l1-0 l2-0)
  54: (unload-airplane p4 a0 l2-0)
  55: (fly-airplane a0 l2-0 l1-0)
  56: (drive-truck t0 l0-1 l0-0 c0)
  57: (drive-truck t2 l2-1 l2-0 c2)
  58: (drive-truck t0 l0-0 l0-1 c0)
  59: (fly-airplane a0 l1-0 l2-0)
  60: (drive-truck t0 l0-1 l0-0 c0)
  61: (drive-truck t2 l2-0 l2-1 c2)
  62: (fly-airplane a0 l2-0 l0-0)
  63: (unload-airplane p1 a0 l0-0)
  64: (fly-airplane a0 l0-0 l1-0)
  65: (drive-truck t2 l2-1 l2-0 c2)
  66: (drive-truck t0 l0-0 l0-1 c0)
  67: (drive-truck t2 l2-0 l2-1 c2)
  68: (drive-truck t1 l1-0 l1-1 c1)
  69: (drive-truck t0 l0-1 l0-0 c0)
  70: (drive-truck t2 l2-1 l2-0 c2)
  71: (drive-truck t0 l0-0 l0-1 c0)
  72: (fly-airplane a0 l1-0 l2-0)
  73: (drive-truck t1 l1-1 l1-0 c1)
  74: (drive-truck t0 l0-1 l0-0 c0)
  75: (fly-airplane a0 l2-0 l0-0)
  76: (drive-truck t0 l0-0 l0-1 c0)
  77: (drive-truck t2 l2-0 l2-1 c2)
  78: (fly-airplane a0 l0-0 l2-0)
  79: (drive-truck t0 l0-1 l0-0 c0)
  80: (drive-truck t1 l1-0 l1-1 c1)
  81: (drive-truck t2 l2-1 l2-0 c2)
  82: (fly-airplane a0 l2-0 l0-0)
  83: (drive-truck t2 l2-0 l2-1 c2)
  84: (drive-truck t0 l0-0 l0-1 c0)
  85: (fly-airplane a0 l0-0 l2-0)
  86: (load-airplane p4 a0 l2-0)
  87: (drive-truck t1 l1-1 l1-0 c1)
  88: (fly-airplane a0 l2-0 l1-0)
  89: (drive-truck t0 l0-1 l0-0 c0)
  90: (drive-truck t2 l2-1 l2-0 c2)
  91: (drive-truck t0 l0-0 l0-1 c0)
  92: (fly-airplane a0 l1-0 l0-0)
  93: (drive-truck t0 l0-1 l0-0 c0)
  94: (drive-truck t2 l2-0 l2-1 c2)
  95: (fly-airplane a0 l0-0 l2-0)
  96: (drive-truck t2 l2-1 l2-0 c2)
  97: (drive-truck t0 l0-0 l0-1 c0)
  98: (drive-truck t1 l1-0 l1-1 c1)
  99: (drive-truck t0 l0-1 l0-0 c0)
 100: (fly-airplane a0 l2-0 l0-0)
 101: (drive-truck t2 l2-0 l2-1 c2)
 102: (drive-truck t0 l0-0 l0-1 c0)
 103: (drive-truck t1 l1-1 l1-0 c1)
 104: (unload-truck p3 t1 l1-0)
 105: (fly-airplane a0 l0-0 l1-0)
 106: (load-airplane p3 a0 l1-0)
 107: (drive-truck t0 l0-1 l0-0 c0)
 108: (drive-truck t2 l2-1 l2-0 c2)
 109: (drive-truck t0 l0-0 l0-1 c0)
 110: (unload-truck p2 t1 l1-0)
 111: (load-airplane p2 a0 l1-0)
 112: (unload-truck p0 t1 l1-0)
 113: (drive-truck t0 l0-1 l0-0 c0)
 114: (drive-truck t2 l2-0 l2-1 c2)
 115: (drive-truck t1 l1-0 l1-1 c1)
 116: (drive-truck t2 l2-1 l2-0 c2)
 117: (drive-truck t0 l0-0 l0-1 c0)
 118: (drive-truck t2 l2-0 l2-1 c2)
 119: (drive-truck t1 l1-1 l1-0 c1)
 120: (load-truck p0 t1 l1-0)
 121: (drive-truck t0 l0-1 l0-0 c0)
 122: (drive-truck t2 l2-1 l2-0 c2)
 123: (fly-airplane a0 l1-0 l0-0)
 124: (unload-airplane p3 a0 l0-0)
 125: (unload-truck p0 t1 l1-0)
 126: (fly-airplane a0 l0-0 l1-0)
 127: (drive-truck t2 l2-0 l2-1 c2)
 128: (drive-truck t1 l1-0 l1-1 c1)
 129: (drive-truck t2 l2-1 l2-0 c2)
 130: (fly-airplane a0 l1-0 l0-0)
 131: (drive-truck t2 l2-0 l2-1 c2)
 132: (drive-truck t1 l1-1 l1-0 c1)
 133: (load-truck p0 t1 l1-0)
 134: (fly-airplane a0 l0-0 l1-0)
 135: (drive-truck t2 l2-1 l2-0 c2)
 136: (load-truck p3 t0 l0-0)
 137: (unload-truck p0 t1 l1-0)
 138: (drive-truck t2 l2-0 l2-1 c2)
 139: (drive-truck t1 l1-0 l1-1 c1)
 140: (drive-truck t2 l2-1 l2-0 c2)
 141: (fly-airplane a0 l1-0 l2-0)
 142: (unload-airplane p2 a0 l2-0)
 143: (unload-airplane p4 a0 l2-0)
 144: (fly-airplane a0 l2-0 l1-0)
 145: (drive-truck t1 l1-1 l1-0 c1)
 146: (drive-truck t2 l2-0 l2-1 c2)
 147: (drive-truck t1 l1-0 l1-1 c1)
 148: (unload-truck p3 t0 l0-0)
 149: (load-truck p1 t0 l0-0)
 150: (drive-truck t1 l1-1 l1-0 c1)
 151: (drive-truck t2 l2-1 l2-0 c2)
 152: (drive-truck t1 l1-0 l1-1 c1)
 153: (unload-truck p1 t0 l0-0)
 154: (load-airplane p0 a0 l1-0)
 155: (fly-airplane a0 l1-0 l0-0)
 156: (unload-airplane p0 a0 l0-0)
 157: (load-truck p0 t0 l0-0)
 158: (drive-truck t0 l0-0 l0-1 c0)
 159: (unload-truck p0 t0 l0-1)
