/u/ibrahim.eisawy/Neural-Guided-Search/venv/lib/python3.10/site-packages/pymimir_rgnn/model.py:151: UserWarning: index_reduce() is in beta and the API may change at any time. (Triggered internally at /pytorch/aten/src/ATen/native/cuda/Indexing.cu:1541.)
  max_msg.index_reduce_(0, output_indices, output_messages, reduce='amax', include_self=True)
Torch: 2.12.0+cu130
Using GPU:  NVIDIA L40S
32.045: (load-airplane p1 a1 l2-0)
30.975: (drive-truck t3 l3-2 l3-1 c3)
28.318: (load-truck p3 t3 l3-1)
27.304: (load-truck p2 t2 l2-1)
22.030: (drive-truck t2 l2-1 l2-2 c2)
20.915: (load-truck p5 t2 l2-2)
19.291: (drive-truck t2 l2-2 l2-0 c2)
18.203: (load-truck p7 t3 l3-1)
18.122: (fly-airplane a0 l0-0 l2-0)
18.043: (drive-truck t3 l3-1 l3-2 c3)
18.040: (drive-truck t1 l1-1 l1-2 c1)
16.044: (load-truck p4 t1 l1-2)
15.944: (fly-airplane a1 l2-0 l0-0)
15.121: (unload-airplane p1 a1 l0-0)
15.118: (fly-airplane a1 l0-0 l1-0)
15.123: (fly-airplane a1 l1-0 l3-0)
15.124: (fly-airplane a1 l3-0 l2-0)
15.118: (fly-airplane a0 l2-0 l1-0)
15.121: (fly-airplane a0 l1-0 l0-0)
15.123: (fly-airplane a0 l0-0 l3-0)
15.162: (drive-truck t0 l0-0 l0-2 c0)
10.866: (load-truck p0 t0 l0-2)
10.863: (drive-truck t1 l1-2 l1-0 c1)
10.138: (unload-truck p4 t1 l1-0)
10.111: (fly-airplane a0 l3-0 l0-0)
10.111: (drive-truck t0 l0-2 l0-1 c0)
10.118: (fly-airplane a0 l0-0 l2-0)
10.111: (fly-airplane a1 l2-0 l0-0)
10.111: (drive-truck t0 l0-1 l0-2 c0)
10.118: (fly-airplane a1 l0-0 l2-0)
10.118: (fly-airplane a1 l2-0 l1-0)
10.118: (drive-truck t0 l0-2 l0-1 c0)
10.138: (fly-airplane a1 l1-0 l3-0)
10.138: (drive-truck t0 l0-1 l0-2 c0)
10.306: (drive-truck t1 l1-0 l1-1 c1)
10.281: (fly-airplane a1 l3-0 l0-0)
10.281: (drive-truck t0 l0-2 l0-1 c0)
10.285: (fly-airplane a1 l0-0 l1-0)
10.285: (drive-truck t0 l0-1 l0-2 c0)
10.288: (fly-airplane a1 l1-0 l2-0)
10.281: (fly-airplane a0 l2-0 l0-0)
10.281: (drive-truck t0 l0-2 l0-1 c0)
10.285: (fly-airplane a0 l0-0 l1-0)
10.118: (drive-truck t1 l1-1 l1-0 c1)
10.118: (drive-truck t0 l0-1 l0-2 c0)
10.285: (drive-truck t1 l1-0 l1-1 c1)
10.306: (fly-airplane a0 l1-0 l3-0)
10.306: (drive-truck t0 l0-2 l0-1 c0)
10.138: (drive-truck t1 l1-1 l1-0 c1)
10.863: (load-truck p4 t1 l1-0)
10.863: (fly-airplane a0 l3-0 l0-0)
10.863: (drive-truck t0 l0-1 l0-2 c0)
10.864: (fly-airplane a0 l0-0 l2-0)
10.863: (fly-airplane a1 l2-0 l0-0)
10.863: (drive-truck t0 l0-2 l0-1 c0)
10.863: (fly-airplane a1 l0-0 l3-0)
10.863: (drive-truck t0 l0-1 l0-2 c0)
10.866: (drive-truck t1 l1-0 l1-2 c1)
10.863: (fly-airplane a1 l3-0 l1-0)
10.863: (drive-truck t0 l0-2 l0-1 c0)
10.866: (fly-airplane a1 l1-0 l3-0)
10.866: (fly-airplane a1 l3-0 l0-0)
10.866: (drive-truck t0 l0-1 l0-2 c0)
10.868: (fly-airplane a1 l0-0 l2-0)
10.863: (fly-airplane a0 l2-0 l1-0)
10.863: (drive-truck t0 l0-2 l0-1 c0)
10.866: (fly-airplane a0 l1-0 l3-0)
10.866: (fly-airplane a0 l3-0 l0-0)
10.866: (drive-truck t0 l0-1 l0-2 c0)
11.700: (unload-truck p5 t2 l2-0)
10.674: (load-airplane p5 a1 l2-0)
10.579: (fly-airplane a0 l0-0 l2-0)
10.485: (fly-airplane a1 l2-0 l3-0)
9.573: (unload-airplane p5 a1 l3-0)
9.566: (fly-airplane a1 l3-0 l1-0)
9.566: (drive-truck t0 l0-2 l0-1 c0)
9.569: (fly-airplane a1 l1-0 l0-0)
9.569: (drive-truck t0 l0-1 l0-2 c0)
9.571: (fly-airplane a1 l0-0 l2-0)
9.566: (fly-airplane a0 l2-0 l1-0)
9.566: (drive-truck t0 l0-2 l0-1 c0)
9.569: (fly-airplane a0 l1-0 l0-0)
9.569: (drive-truck t0 l0-1 l0-2 c0)
9.573: (fly-airplane a0 l0-0 l3-0)
9.573: (drive-truck t0 l0-2 l0-1 c0)
9.571: (fly-airplane a0 l3-0 l2-0)
9.573: (fly-airplane a1 l2-0 l3-0)
9.872: (drive-truck t1 l1-2 l1-0 c1)
8.935: (unload-truck p2 t2 l2-0)
8.928: (fly-airplane a1 l3-0 l0-0)
8.928: (drive-truck t0 l0-1 l0-2 c0)
8.929: (drive-truck t2 l2-0 l2-1 c2)
8.929: (drive-truck t0 l0-2 l0-1 c0)
8.929: (drive-truck t2 l2-1 l2-2 c2)
8.929: (drive-truck t0 l0-1 l0-2 c0)
8.935: (fly-airplane a1 l0-0 l3-0)
8.935: (drive-truck t0 l0-2 l0-1 c0)
8.935: (drive-truck t2 l2-2 l2-1 c2)
8.935: (drive-truck t0 l0-1 l0-2 c0)
8.935: (drive-truck t2 l2-1 l2-0 c2)
8.941: (fly-airplane a1 l3-0 l2-0)
8.928: (fly-airplane a0 l2-0 l0-0)
8.928: (drive-truck t0 l0-2 l0-1 c0)
8.929: (drive-truck t2 l2-0 l2-2 c2)
8.929: (drive-truck t0 l0-1 l0-2 c0)
8.929: (drive-truck t2 l2-2 l2-1 c2)
8.929: (drive-truck t0 l0-2 l0-1 c0)
8.935: (fly-airplane a0 l0-0 l3-0)
8.935: (drive-truck t2 l2-1 l2-2 c2)
8.935: (drive-truck t0 l0-1 l0-2 c0)
8.935: (drive-truck t2 l2-2 l2-1 c2)
8.935: (drive-truck t2 l2-1 l2-0 c2)
8.935: (drive-truck t0 l0-2 l0-1 c0)
8.941: (fly-airplane a0 l3-0 l2-0)
8.938: (drive-truck t2 l2-0 l2-2 c2)
8.938: (drive-truck t0 l0-1 l0-2 c0)
8.938: (drive-truck t2 l2-2 l2-1 c2)
8.938: (drive-truck t0 l0-2 l0-1 c0)
8.943: (fly-airplane a1 l2-0 l1-0)
8.943: (drive-truck t0 l0-1 l0-2 c0)
8.943: (drive-truck t2 l2-1 l2-2 c2)
8.943: (drive-truck t0 l0-2 l0-1 c0)
8.948: (drive-truck t2 l2-2 l2-0 c2)
8.948: (drive-truck t0 l0-1 l0-2 c0)
9.449: (unload-truck p4 t1 l1-0)
8.968: (load-airplane p4 a1 l1-0)
8.955: (drive-truck t2 l2-0 l2-1 c2)
8.955: (drive-truck t0 l0-2 l0-1 c0)
8.955: (drive-truck t2 l2-1 l2-2 c2)
8.955: (drive-truck t0 l0-1 l0-2 c0)
9.261: (fly-airplane a1 l1-0 l2-0)
9.223: (drive-truck t2 l2-2 l2-0 c2)
9.214: (fly-airplane a0 l2-0 l0-0)
9.214: (drive-truck t0 l0-2 l0-1 c0)
9.216: (fly-airplane a0 l0-0 l1-0)
9.216: (drive-truck t0 l0-1 l0-2 c0)
9.218: (fly-airplane a0 l1-0 l3-0)
9.218: (drive-truck t0 l0-2 l0-1 c0)
9.223: (fly-airplane a0 l3-0 l2-0)
8.968: (fly-airplane a1 l2-0 l1-0)
9.379: (drive-truck t1 l1-0 l1-1 c1)
9.229: (fly-airplane a1 l1-0 l2-0)
9.220: (fly-airplane a0 l2-0 l0-0)
9.220: (drive-truck t0 l0-1 l0-2 c0)
9.222: (fly-airplane a0 l0-0 l1-0)
9.222: (drive-truck t0 l0-2 l0-1 c0)
9.224: (fly-airplane a0 l1-0 l3-0)
9.224: (drive-truck t0 l0-1 l0-2 c0)
9.229: (fly-airplane a0 l3-0 l2-0)
9.266: (drive-truck t2 l2-0 l2-2 c2)
9.266: (drive-truck t0 l0-2 l0-1 c0)
9.261: (drive-truck t1 l1-1 l1-0 c1)
9.261: (drive-truck t2 l2-2 l2-1 c2)
9.261: (drive-truck t0 l0-1 l0-2 c0)
9.266: (drive-truck t1 l1-0 l1-1 c1)
9.266: (drive-truck t0 l0-2 l0-1 c0)
9.285: (fly-airplane a0 l2-0 l0-0)
9.281: (drive-truck t1 l1-1 l1-0 c1)
9.281: (drive-truck t0 l0-1 l0-2 c0)
9.281: (drive-truck t2 l2-1 l2-2 c2)
9.281: (drive-truck t0 l0-2 l0-1 c0)
9.283: (fly-airplane a0 l0-0 l1-0)
9.283: (drive-truck t0 l0-1 l0-2 c0)
9.283: (drive-truck t2 l2-2 l2-1 c2)
9.283: (drive-truck t0 l0-2 l0-1 c0)
9.284: (fly-airplane a0 l1-0 l3-0)
9.284: (drive-truck t0 l0-1 l0-2 c0)
9.284: (drive-truck t2 l2-1 l2-2 c2)
9.284: (drive-truck t0 l0-2 l0-1 c0)
9.288: (drive-truck t1 l1-0 l1-1 c1)
9.285: (fly-airplane a0 l3-0 l0-0)
9.285: (drive-truck t0 l0-1 l0-2 c0)
9.285: (drive-truck t2 l2-2 l2-1 c2)
9.288: (fly-airplane a0 l0-0 l1-0)
9.288: (drive-truck t0 l0-2 l0-1 c0)
9.288: (drive-truck t2 l2-1 l2-2 c2)
9.288: (drive-truck t0 l0-1 l0-2 c0)
9.288: (fly-airplane a0 l1-0 l3-0)
9.288: (drive-truck t2 l2-2 l2-1 c2)
9.288: (drive-truck t0 l0-2 l0-1 c0)
9.452: (drive-truck t1 l1-1 l1-2 c1)
9.382: (drive-truck t2 l2-1 l2-0 c2)
9.379: (fly-airplane a0 l3-0 l0-0)
9.379: (drive-truck t0 l0-1 l0-2 c0)
9.379: (fly-airplane a0 l0-0 l1-0)
9.379: (drive-truck t0 l0-2 l0-1 c0)
9.388: (fly-airplane a0 l1-0 l2-0)
9.388: (drive-truck t0 l0-1 l0-2 c0)
9.382: (fly-airplane a0 l2-0 l3-0)
9.452: (drive-truck t2 l2-0 l2-1 c2)
9.427: (fly-airplane a0 l3-0 l2-0)
9.401: (fly-airplane a1 l2-0 l1-0)
9.361: (drive-truck t1 l1-2 l1-1 c1)
9.361: (drive-truck t0 l0-2 l0-1 c0)
9.361: (drive-truck t2 l2-1 l2-2 c2)
9.361: (drive-truck t0 l0-1 l0-2 c0)
9.379: (drive-truck t2 l2-2 l2-0 c2)
9.419: (drive-truck t1 l1-1 l1-2 c1)
9.401: (drive-truck t2 l2-0 l2-2 c2)
9.401: (drive-truck t0 l0-2 l0-1 c0)
9.401: (drive-truck t2 l2-2 l2-1 c2)
9.419: (drive-truck t2 l2-1 l2-0 c2)
9.941: (fly-airplane a1 l1-0 l3-0)
9.776: (drive-truck t1 l1-2 l1-0 c1)
9.776: (drive-truck t0 l0-1 l0-2 c0)
9.781: (drive-truck t1 l1-0 l1-1 c1)
9.781: (drive-truck t0 l0-2 l0-1 c0)
9.795: (drive-truck t2 l2-0 l2-1 c2)
9.790: (drive-truck t1 l1-1 l1-0 c1)
9.790: (drive-truck t2 l2-1 l2-2 c2)
9.790: (drive-truck t0 l0-1 l0-2 c0)
9.790: (drive-truck t2 l2-2 l2-1 c2)
9.795: (drive-truck t1 l1-0 l1-1 c1)
9.795: (drive-truck t2 l2-1 l2-2 c2)
9.795: (drive-truck t0 l0-2 l0-1 c0)
9.885: (fly-airplane a1 l3-0 l0-0)
9.871: (drive-truck t2 l2-2 l2-0 c2)
9.866: (drive-truck t1 l1-1 l1-0 c1)
9.866: (drive-truck t0 l0-1 l0-2 c0)
9.871: (drive-truck t1 l1-0 l1-1 c1)
9.885: (drive-truck t2 l2-0 l2-1 c2)
9.880: (drive-truck t1 l1-1 l1-0 c1)
9.880: (drive-truck t0 l0-2 l0-1 c0)
9.880: (drive-truck t2 l2-1 l2-2 c2)
9.880: (drive-truck t0 l0-1 l0-2 c0)
9.885: (drive-truck t1 l1-0 l1-1 c1)
9.961: (load-airplane p6 a1 l0-0)
9.947: (drive-truck t2 l2-2 l2-0 c2)
9.943: (drive-truck t1 l1-1 l1-0 c1)
9.943: (drive-truck t0 l0-2 l0-1 c0)
9.947: (drive-truck t1 l1-0 l1-1 c1)
9.961: (drive-truck t2 l2-0 l2-1 c2)
9.885: (unload-airplane p6 a1 l0-0)
9.961: (load-airplane p1 a1 l0-0)
9.947: (drive-truck t2 l2-1 l2-0 c2)
9.943: (drive-truck t1 l1-1 l1-0 c1)
9.943: (drive-truck t0 l0-1 l0-2 c0)
9.947: (drive-truck t1 l1-0 l1-1 c1)
9.961: (drive-truck t2 l2-0 l2-1 c2)
9.957: (drive-truck t1 l1-1 l1-0 c1)
9.957: (drive-truck t2 l2-1 l2-2 c2)
9.957: (drive-truck t0 l0-2 l0-1 c0)
9.957: (drive-truck t2 l2-2 l2-1 c2)
9.977: (fly-airplane a1 l0-0 l1-0)
9.020: (unload-airplane p4 a1 l1-0)
9.007: (drive-truck t2 l2-1 l2-0 c2)
9.007: (drive-truck t0 l0-1 l0-2 c0)
9.020: (drive-truck t2 l2-0 l2-2 c2)
9.020: (drive-truck t2 l2-2 l2-1 c2)
9.331: (fly-airplane a1 l1-0 l2-0)
9.296: (drive-truck t2 l2-1 l2-0 c2)
9.288: (fly-airplane a0 l2-0 l1-0)
9.288: (drive-truck t0 l0-2 l0-1 c0)
9.289: (fly-airplane a0 l1-0 l0-0)
9.289: (drive-truck t0 l0-1 l0-2 c0)
9.290: (fly-airplane a0 l0-0 l3-0)
9.290: (drive-truck t0 l0-2 l0-1 c0)
9.296: (fly-airplane a0 l3-0 l2-0)
9.331: (drive-truck t2 l2-0 l2-1 c2)
9.331: (drive-truck t2 l2-1 l2-2 c2)
9.020: (fly-airplane a1 l2-0 l1-0)
9.337: (fly-airplane a1 l1-0 l0-0)
9.337: (drive-truck t0 l0-1 l0-2 c0)
9.331: (fly-airplane a1 l0-0 l2-0)
9.351: (fly-airplane a0 l2-0 l0-0)
9.351: (drive-truck t2 l2-2 l2-1 c2)
9.351: (drive-truck t0 l0-2 l0-1 c0)
9.351: (drive-truck t2 l2-1 l2-2 c2)
9.351: (fly-airplane a0 l0-0 l1-0)
9.351: (drive-truck t0 l0-1 l0-2 c0)
9.351: (drive-truck t2 l2-2 l2-1 c2)
9.351: (drive-truck t0 l0-2 l0-1 c0)
9.353: (fly-airplane a0 l1-0 l3-0)
9.353: (drive-truck t0 l0-1 l0-2 c0)
9.353: (drive-truck t2 l2-1 l2-2 c2)
9.353: (drive-truck t0 l0-2 l0-1 c0)
9.384: (drive-truck t1 l1-0 l1-1 c1)
9.333: (drive-truck t2 l2-2 l2-0 c2)
9.328: (fly-airplane a0 l3-0 l1-0)
9.328: (drive-truck t0 l0-1 l0-2 c0)
9.331: (fly-airplane a0 l1-0 l0-0)
9.331: (drive-truck t0 l0-2 l0-1 c0)
9.338: (fly-airplane a0 l0-0 l2-0)
9.338: (drive-truck t0 l0-1 l0-2 c0)
9.333: (fly-airplane a0 l2-0 l3-0)
9.384: (drive-truck t2 l2-0 l2-2 c2)
9.365: (fly-airplane a0 l3-0 l2-0)
9.365: (drive-truck t0 l0-2 l0-1 c0)
9.365: (drive-truck t2 l2-2 l2-1 c2)
9.365: (drive-truck t0 l0-1 l0-2 c0)
9.380: (fly-airplane a0 l2-0 l1-0)
9.380: (drive-truck t0 l0-2 l0-1 c0)
9.380: (drive-truck t2 l2-1 l2-2 c2)
9.380: (drive-truck t0 l0-1 l0-2 c0)
9.382: (fly-airplane a0 l1-0 l0-0)
9.382: (drive-truck t0 l0-2 l0-1 c0)
9.382: (drive-truck t2 l2-2 l2-1 c2)
9.382: (drive-truck t0 l0-1 l0-2 c0)
9.384: (fly-airplane a0 l0-0 l3-0)
9.384: (drive-truck t0 l0-2 l0-1 c0)
10.110: (load-airplane p2 a1 l2-0)
9.224: (fly-airplane a1 l2-0 l0-0)
8.986: (unload-airplane p1 a1 l0-0)
8.241: (unload-airplane p2 a1 l0-0)
8.071: (fly-airplane a0 l3-0 l2-0)
8.030: (drive-truck t1 l1-1 l1-0 c1)
8.029: (drive-truck t2 l2-1 l2-0 c2)
8.029: (drive-truck t0 l0-1 l0-2 c0)
8.030: (drive-truck t2 l2-0 l2-1 c2)
8.030: (drive-truck t2 l2-1 l2-2 c2)
8.030: (drive-truck t0 l0-2 l0-1 c0)
8.034: (fly-airplane a1 l0-0 l1-0)
8.033: (drive-truck t2 l2-2 l2-0 c2)
8.033: (drive-truck t0 l0-1 l0-2 c0)
8.034: (drive-truck t2 l2-0 l2-2 c2)
8.034: (drive-truck t2 l2-2 l2-1 c2)
8.034: (drive-truck t0 l0-2 l0-1 c0)
8.036: (fly-airplane a1 l1-0 l3-0)
8.035: (drive-truck t2 l2-1 l2-0 c2)
8.035: (drive-truck t0 l0-1 l0-2 c0)
8.035: (fly-airplane a1 l3-0 l2-0)
8.029: (fly-airplane a0 l2-0 l0-0)
8.029: (drive-truck t0 l0-2 l0-1 c0)
8.030: (drive-truck t2 l2-0 l2-2 c2)
8.030: (drive-truck t2 l2-2 l2-1 c2)
8.030: (drive-truck t0 l0-1 l0-2 c0)
8.030: (drive-truck t2 l2-1 l2-2 c2)
8.034: (fly-airplane a0 l0-0 l1-0)
8.033: (drive-truck t2 l2-2 l2-0 c2)
8.033: (drive-truck t0 l0-2 l0-1 c0)
8.034: (drive-truck t2 l2-0 l2-2 c2)
8.034: (drive-truck t2 l2-2 l2-1 c2)
8.034: (drive-truck t0 l0-1 l0-2 c0)
8.036: (fly-airplane a0 l1-0 l3-0)
8.035: (drive-truck t2 l2-1 l2-0 c2)
8.035: (drive-truck t0 l0-2 l0-1 c0)
8.035: (fly-airplane a0 l3-0 l2-0)
8.036: (drive-truck t2 l2-0 l2-2 c2)
8.036: (fly-airplane a1 l2-0 l3-0)
8.036: (drive-truck t0 l0-1 l0-2 c0)
8.036: (drive-truck t2 l2-2 l2-1 c2)
8.036: (fly-airplane a1 l3-0 l2-0)
8.036: (drive-truck t2 l2-1 l2-2 c2)
8.036: (fly-airplane a0 l2-0 l3-0)
8.036: (drive-truck t0 l0-2 l0-1 c0)
8.036: (drive-truck t2 l2-2 l2-1 c2)
8.036: (fly-airplane a0 l3-0 l2-0)
8.075: (drive-truck t1 l1-0 l1-1 c1)
8.071: (fly-airplane a0 l2-0 l0-0)
8.068: (drive-truck t2 l2-1 l2-0 c2)
8.068: (drive-truck t0 l0-1 l0-2 c0)
8.069: (fly-airplane a0 l0-0 l1-0)
8.069: (drive-truck t0 l0-2 l0-1 c0)
8.071: (drive-truck t2 l2-0 l2-1 c2)
8.071: (drive-truck t0 l0-1 l0-2 c0)
8.071: (fly-airplane a0 l1-0 l0-0)
8.071: (drive-truck t2 l2-1 l2-2 c2)
8.071: (drive-truck t0 l0-2 l0-1 c0)
8.071: (fly-airplane a0 l0-0 l1-0)
8.071: (drive-truck t0 l0-1 l0-2 c0)
8.075: (fly-airplane a0 l1-0 l2-0)
8.071: (fly-airplane a1 l2-0 l0-0)
8.068: (drive-truck t2 l2-2 l2-0 c2)
8.068: (drive-truck t0 l0-2 l0-1 c0)
8.069: (fly-airplane a1 l0-0 l1-0)
8.069: (drive-truck t0 l0-1 l0-2 c0)
8.071: (drive-truck t2 l2-0 l2-1 c2)
8.071: (fly-airplane a1 l1-0 l0-0)
8.075: (fly-airplane a1 l0-0 l2-0)
8.072: (drive-truck t2 l2-1 l2-0 c2)
8.072: (drive-truck t0 l0-2 l0-1 c0)
8.073: (fly-airplane a1 l2-0 l3-0)
8.073: (drive-truck t0 l0-1 l0-2 c0)
8.075: (drive-truck t2 l2-0 l2-1 c2)
8.075: (drive-truck t2 l2-1 l2-2 c2)
8.071: (fly-airplane a1 l3-0 l1-0)
8.071: (drive-truck t0 l0-2 l0-1 c0)
8.071: (fly-airplane a1 l1-0 l0-0)
8.075: (fly-airplane a1 l0-0 l2-0)
8.075: (fly-airplane a0 l2-0 l3-0)
8.073: (drive-truck t2 l2-2 l2-0 c2)
8.073: (drive-truck t0 l0-1 l0-2 c0)
8.075: (drive-truck t2 l2-0 l2-1 c2)
8.075: (drive-truck t2 l2-1 l2-2 c2)
8.241: (fly-airplane a1 l2-0 l0-0)
8.077: (drive-truck t1 l1-1 l1-0 c1)
8.058: (fly-airplane a0 l3-0 l0-0)
8.058: (drive-truck t2 l2-2 l2-1 c2)
8.058: (drive-truck t0 l0-2 l0-1 c0)
8.058: (drive-truck t2 l2-1 l2-2 c2)
8.067: (drive-truck t2 l2-2 l2-0 c2)
8.067: (drive-truck t0 l0-1 l0-2 c0)
8.084: (fly-airplane a0 l0-0 l1-0)
8.073: (drive-truck t2 l2-0 l2-1 c2)
8.073: (drive-truck t0 l0-2 l0-1 c0)
8.073: (drive-truck t2 l2-1 l2-2 c2)
8.073: (drive-truck t0 l0-1 l0-2 c0)
8.099: (fly-airplane a1 l0-0 l1-0)
8.073: (fly-airplane a0 l1-0 l0-0)
8.073: (drive-truck t0 l0-2 l0-1 c0)
8.073: (drive-truck t2 l2-2 l2-1 c2)
8.073: (drive-truck t0 l0-1 l0-2 c0)
8.077: (fly-airplane a1 l1-0 l3-0)
8.077: (drive-truck t2 l2-1 l2-2 c2)
8.077: (drive-truck t0 l0-2 l0-1 c0)
8.077: (drive-truck t2 l2-2 l2-1 c2)
8.088: (drive-truck t2 l2-1 l2-0 c2)
8.084: (fly-airplane a1 l3-0 l1-0)
8.084: (drive-truck t0 l0-1 l0-2 c0)
8.088: (fly-airplane a1 l1-0 l3-0)
8.113: (fly-airplane a0 l0-0 l1-0)
8.101: (drive-truck t2 l2-0 l2-1 c2)
8.099: (fly-airplane a1 l3-0 l1-0)
8.099: (drive-truck t0 l0-2 l0-1 c0)
8.099: (drive-truck t2 l2-1 l2-2 c2)
8.101: (fly-airplane a1 l1-0 l3-0)
8.101: (drive-truck t0 l0-1 l0-2 c0)
8.108: (fly-airplane a0 l1-0 l3-0)
8.101: (fly-airplane a1 l3-0 l1-0)
8.101: (drive-truck t2 l2-2 l2-1 c2)
8.077: (fly-airplane a1 l1-0 l0-0)
8.077: (drive-truck t0 l0-2 l0-1 c0)
8.077: (drive-truck t2 l2-1 l2-2 c2)
8.088: (drive-truck t2 l2-2 l2-0 c2)
8.084: (fly-airplane a0 l3-0 l1-0)
8.111: (fly-airplane a1 l0-0 l1-0)
8.111: (drive-truck t0 l0-1 l0-2 c0)
8.113: (fly-airplane a0 l1-0 l3-0)
8.088: (fly-airplane a1 l1-0 l0-0)
8.120: (fly-airplane a1 l0-0 l3-0)
8.108: (drive-truck t2 l2-0 l2-1 c2)
8.108: (drive-truck t0 l0-2 l0-1 c0)
8.101: (fly-airplane a1 l3-0 l1-0)
8.101: (drive-truck t2 l2-1 l2-2 c2)
8.108: (fly-airplane a1 l1-0 l3-0)
8.120: (drive-truck t2 l2-2 l2-0 c2)
8.113: (fly-airplane a1 l3-0 l1-0)
8.278: (drive-truck t1 l1-0 l1-1 c1)
8.246: (fly-airplane a0 l3-0 l0-0)
8.225: (fly-airplane a1 l1-0 l0-0)
8.212: (drive-truck t2 l2-0 l2-2 c2)
8.212: (drive-truck t0 l0-1 l0-2 c0)
8.212: (drive-truck t2 l2-2 l2-1 c2)
8.212: (drive-truck t0 l0-2 l0-1 c0)
8.233: (fly-airplane a1 l0-0 l1-0)
8.071: (fly-airplane a0 l0-0 l2-0)
8.075: (fly-airplane a1 l1-0 l3-0)
8.075: (drive-truck t2 l2-1 l2-2 c2)
8.241: (fly-airplane a0 l2-0 l0-0)
8.233: (fly-airplane a1 l3-0 l1-0)
8.233: (drive-truck t0 l0-1 l0-2 c0)
8.233: (drive-truck t2 l2-2 l2-1 c2)
8.241: (fly-airplane a1 l1-0 l3-0)
8.241: (drive-truck t0 l0-2 l0-1 c0)
8.254: (drive-truck t2 l2-1 l2-0 c2)
8.254: (drive-truck t0 l0-1 l0-2 c0)
8.225: (fly-airplane a1 l3-0 l0-0)
8.246: (fly-airplane a1 l0-0 l1-0)
8.277: (fly-airplane a0 l0-0 l1-0)
8.246: (fly-airplane a1 l1-0 l0-0)
8.233: (drive-truck t2 l2-0 l2-1 c2)
8.233: (drive-truck t0 l0-2 l0-1 c0)
8.233: (drive-truck t2 l2-1 l2-2 c2)
8.233: (drive-truck t0 l0-1 l0-2 c0)
8.264: (fly-airplane a1 l0-0 l1-0)
8.264: (drive-truck t0 l0-2 l0-1 c0)
8.264: (drive-truck t2 l2-2 l2-1 c2)
8.264: (drive-truck t0 l0-1 l0-2 c0)
8.265: (fly-airplane a0 l1-0 l3-0)
8.241: (fly-airplane a1 l1-0 l0-0)
8.254: (drive-truck t2 l2-1 l2-0 c2)
8.254: (drive-truck t0 l0-2 l0-1 c0)
8.241: (drive-truck t2 l2-0 l2-2 c2)
8.265: (fly-airplane a1 l0-0 l1-0)
8.265: (drive-truck t0 l0-1 l0-2 c0)
8.276: (fly-airplane a1 l1-0 l3-0)
8.241: (fly-airplane a0 l3-0 l0-0)
8.265: (fly-airplane a0 l0-0 l1-0)
8.265: (drive-truck t0 l0-2 l0-1 c0)
8.265: (drive-truck t2 l2-2 l2-1 c2)
8.101: (drive-truck t1 l1-1 l1-0 c1)
8.113: (drive-truck t2 l2-1 l2-0 c2)
8.278: (drive-truck t1 l1-0 l1-1 c1)
8.246: (fly-airplane a1 l3-0 l0-0)
8.277: (fly-airplane a1 l0-0 l1-0)
8.911: (load-airplane p4 a1 l1-0)
8.888: (fly-airplane a0 l1-0 l2-0)
8.883: (drive-truck t1 l1-1 l1-0 c1)
8.883: (drive-truck t0 l0-1 l0-2 c0)
8.884: (drive-truck t2 l2-0 l2-2 c2)
8.884: (drive-truck t0 l0-2 l0-1 c0)
8.884: (drive-truck t2 l2-2 l2-1 c2)
8.884: (drive-truck t0 l0-1 l0-2 c0)
8.888: (drive-truck t1 l1-0 l1-1 c1)
8.888: (drive-truck t2 l2-1 l2-0 c2)
8.888: (drive-truck t2 l2-0 l2-2 c2)
8.888: (drive-truck t0 l0-2 l0-1 c0)
8.888: (drive-truck t2 l2-2 l2-1 c2)
8.906: (fly-airplane a0 l2-0 l0-0)
8.902: (drive-truck t1 l1-1 l1-0 c1)
8.902: (drive-truck t0 l0-1 l0-2 c0)
8.902: (drive-truck t2 l2-1 l2-2 c2)
8.902: (drive-truck t0 l0-2 l0-1 c0)
8.902: (drive-truck t2 l2-2 l2-0 c2)
8.902: (drive-truck t0 l0-1 l0-2 c0)
8.907: (drive-truck t1 l1-0 l1-1 c1)
8.906: (drive-truck t2 l2-0 l2-2 c2)
8.906: (drive-truck t0 l0-2 l0-1 c0)
8.907: (drive-truck t2 l2-2 l2-0 c2)
8.913: (fly-airplane a0 l0-0 l3-0)
8.908: (drive-truck t1 l1-1 l1-0 c1)
8.907: (fly-airplane a0 l3-0 l1-0)
8.907: (drive-truck t2 l2-0 l2-1 c2)
8.907: (drive-truck t2 l2-1 l2-2 c2)
8.907: (drive-truck t0 l0-1 l0-2 c0)
8.907: (drive-truck t2 l2-2 l2-1 c2)
8.907: (drive-truck t2 l2-1 l2-0 c2)
8.908: (fly-airplane a0 l1-0 l3-0)
8.908: (drive-truck t2 l2-0 l2-1 c2)
8.908: (drive-truck t2 l2-1 l2-2 c2)
8.908: (drive-truck t0 l0-2 l0-1 c0)
8.908: (drive-truck t2 l2-2 l2-1 c2)
8.912: (drive-truck t1 l1-0 l1-1 c1)
8.265: (unload-airplane p4 a1 l1-0)
8.075: (fly-airplane a1 l1-0 l2-0)
8.276: (fly-airplane a1 l2-0 l3-0)
8.276: (drive-truck t2 l2-1 l2-2 c2)
8.289: (drive-truck t2 l2-2 l2-0 c2)
8.289: (drive-truck t0 l0-1 l0-2 c0)
8.276: (drive-truck t2 l2-0 l2-1 c2)
8.265: (fly-airplane a0 l3-0 l1-0)
8.278: (drive-truck t2 l2-1 l2-0 c2)
8.913: (load-airplane p4 a0 l1-0)
8.888: (fly-airplane a1 l3-0 l2-0)
8.883: (drive-truck t1 l1-1 l1-0 c1)
8.883: (drive-truck t0 l0-2 l0-1 c0)
8.884: (drive-truck t2 l2-0 l2-2 c2)
8.884: (drive-truck t0 l0-1 l0-2 c0)
8.884: (drive-truck t2 l2-2 l2-1 c2)
8.884: (drive-truck t0 l0-2 l0-1 c0)
8.888: (drive-truck t1 l1-0 l1-1 c1)
8.888: (drive-truck t2 l2-1 l2-0 c2)
8.888: (drive-truck t2 l2-0 l2-2 c2)
8.888: (drive-truck t0 l0-1 l0-2 c0)
8.888: (drive-truck t2 l2-2 l2-1 c2)
8.906: (fly-airplane a1 l2-0 l0-0)
8.902: (drive-truck t1 l1-1 l1-0 c1)
8.902: (drive-truck t0 l0-2 l0-1 c0)
8.902: (drive-truck t2 l2-1 l2-2 c2)
8.902: (drive-truck t0 l0-1 l0-2 c0)
8.902: (drive-truck t2 l2-2 l2-0 c2)
8.902: (drive-truck t0 l0-2 l0-1 c0)
8.907: (drive-truck t1 l1-0 l1-1 c1)
8.906: (drive-truck t2 l2-0 l2-2 c2)
8.906: (drive-truck t0 l0-1 l0-2 c0)
8.907: (drive-truck t2 l2-2 l2-0 c2)
8.911: (fly-airplane a1 l0-0 l1-0)
8.907: (drive-truck t1 l1-1 l1-0 c1)
8.907: (drive-truck t2 l2-0 l2-1 c2)
8.907: (drive-truck t0 l0-2 l0-1 c0)
8.907: (drive-truck t2 l2-1 l2-2 c2)
8.907: (drive-truck t0 l0-1 l0-2 c0)
8.908: (fly-airplane a1 l1-0 l3-0)
8.908: (drive-truck t2 l2-2 l2-1 c2)
8.908: (drive-truck t0 l0-2 l0-1 c0)
8.908: (drive-truck t2 l2-1 l2-2 c2)
8.908: (drive-truck t2 l2-2 l2-0 c2)
8.907: (fly-airplane a1 l3-0 l1-0)
8.911: (drive-truck t1 l1-0 l1-1 c1)
8.911: (drive-truck t2 l2-0 l2-2 c2)
8.911: (drive-truck t0 l0-1 l0-2 c0)
8.911: (drive-truck t2 l2-2 l2-1 c2)
8.911: (drive-truck t0 l0-2 l0-1 c0)
8.906: (fly-airplane a1 l1-0 l0-0)
8.912: (fly-airplane a1 l0-0 l3-0)
8.912: (drive-truck t2 l2-1 l2-2 c2)
8.912: (drive-truck t0 l0-1 l0-2 c0)
8.912: (drive-truck t2 l2-2 l2-1 c2)
9.095: (drive-truck t1 l1-1 l1-2 c1)
9.070: (fly-airplane a1 l3-0 l2-0)
8.937: (unload-airplane p4 a0 l1-0)
8.929: (fly-airplane a0 l1-0 l0-0)
8.927: (drive-truck t2 l2-1 l2-0 c2)
8.927: (drive-truck t0 l0-2 l0-1 c0)
8.929: (drive-truck t2 l2-0 l2-2 c2)
8.929: (drive-truck t0 l0-1 l0-2 c0)
8.934: (fly-airplane a0 l0-0 l3-0)
8.932: (drive-truck t2 l2-2 l2-0 c2)
8.932: (fly-airplane a0 l3-0 l2-0)
8.927: (fly-airplane a1 l2-0 l0-0)
8.927: (drive-truck t0 l0-2 l0-1 c0)
8.929: (drive-truck t2 l2-0 l2-1 c2)
8.929: (drive-truck t0 l0-1 l0-2 c0)
8.929: (drive-truck t2 l2-1 l2-2 c2)
8.929: (drive-truck t0 l0-2 l0-1 c0)
8.934: (fly-airplane a1 l0-0 l3-0)
8.932: (drive-truck t2 l2-2 l2-0 c2)
8.932: (fly-airplane a1 l3-0 l2-0)
8.932: (fly-airplane a0 l2-0 l3-0)
8.934: (drive-truck t2 l2-0 l2-2 c2)
8.934: (drive-truck t2 l2-2 l2-1 c2)
8.929: (fly-airplane a0 l3-0 l0-0)
8.934: (fly-airplane a0 l0-0 l2-0)
8.934: (fly-airplane a1 l2-0 l3-0)
8.934: (drive-truck t0 l0-1 l0-2 c0)
8.932: (drive-truck t2 l2-1 l2-0 c2)
8.934: (drive-truck t2 l2-0 l2-2 c2)
8.934: (fly-airplane a1 l3-0 l2-0)
8.934: (drive-truck t0 l0-2 l0-1 c0)
8.937: (fly-airplane a0 l2-0 l1-0)
8.935: (drive-truck t2 l2-2 l2-0 c2)
8.935: (drive-truck t0 l0-1 l0-2 c0)
8.937: (drive-truck t2 l2-0 l2-2 c2)
9.056: (fly-airplane a1 l2-0 l0-0)
9.019: (fly-airplane a0 l1-0 l0-0)
9.019: (drive-truck t0 l0-2 l0-1 c0)
9.019: (drive-truck t2 l2-2 l2-1 c2)
9.019: (drive-truck t0 l0-1 l0-2 c0)
9.033: (drive-truck t2 l2-1 l2-0 c2)
9.032: (drive-truck t0 l0-2 l0-1 c0)
9.061: (fly-airplane a0 l0-0 l3-0)
9.048: (drive-truck t2 l2-0 l2-2 c2)
9.048: (drive-truck t0 l0-1 l0-2 c0)
9.048: (drive-truck t2 l2-2 l2-1 c2)
8.934: (fly-airplane a1 l0-0 l2-0)
8.934: (fly-airplane a0 l3-0 l2-0)
8.937: (fly-airplane a1 l2-0 l1-0)
8.935: (drive-truck t2 l2-1 l2-0 c2)
8.935: (drive-truck t0 l0-2 l0-1 c0)
8.937: (drive-truck t2 l2-0 l2-1 c2)
8.937: (drive-truck t2 l2-1 l2-2 c2)
8.937: (drive-truck t0 l0-1 l0-2 c0)
9.056: (fly-airplane a0 l2-0 l0-0)
9.048: (fly-airplane a1 l1-0 l3-0)
9.048: (drive-truck t2 l2-2 l2-1 c2)
9.048: (drive-truck t0 l0-2 l0-1 c0)
9.048: (drive-truck t2 l2-1 l2-2 c2)
9.056: (fly-airplane a1 l3-0 l1-0)
9.056: (drive-truck t2 l2-2 l2-1 c2)
9.056: (drive-truck t0 l0-1 l0-2 c0)
9.069: (drive-truck t2 l2-1 l2-0 c2)
9.061: (fly-airplane a1 l1-0 l3-0)
9.061: (drive-truck t0 l0-2 l0-1 c0)
9.069: (fly-airplane a1 l3-0 l1-0)
9.089: (load-airplane p4 a1 l1-0)
9.070: (fly-airplane a0 l0-0 l2-0)
9.070: (drive-truck t0 l0-1 l0-2 c0)
9.070: (drive-truck t2 l2-0 l2-1 c2)
9.070: (drive-truck t0 l0-2 l0-1 c0)
9.070: (drive-truck t2 l2-1 l2-2 c2)
9.070: (drive-truck t0 l0-1 l0-2 c0)
9.089: (fly-airplane a0 l2-0 l0-0)
9.089: (drive-truck t0 l0-2 l0-1 c0)
9.089: (drive-truck t2 l2-2 l2-1 c2)
9.089: (drive-truck t0 l0-1 l0-2 c0)
8.906: (drive-truck t1 l1-2 l1-1 c1)
8.911: (fly-airplane a0 l0-0 l1-0)
8.911: (drive-truck t0 l0-2 l0-1 c0)
8.911: (drive-truck t2 l2-1 l2-2 c2)
8.911: (drive-truck t0 l0-1 l0-2 c0)
8.911: (drive-truck t2 l2-2 l2-0 c2)
8.913: (fly-airplane a0 l1-0 l3-0)
8.278: (unload-airplane p4 a1 l1-0)
9.014: (load-airplane p5 a0 l3-0)
8.973: (drive-truck t1 l1-1 l1-0 c1)
8.950: (fly-airplane a1 l1-0 l2-0)
8.950: (drive-truck t0 l0-2 l0-1 c0)
8.951: (drive-truck t2 l2-0 l2-2 c2)
8.951: (drive-truck t2 l2-2 l2-1 c2)
8.951: (drive-truck t0 l0-1 l0-2 c0)
8.951: (drive-truck t2 l2-1 l2-2 c2)
8.969: (fly-airplane a1 l2-0 l0-0)
8.969: (drive-truck t2 l2-2 l2-1 c2)
8.969: (drive-truck t0 l0-2 l0-1 c0)
8.969: (drive-truck t2 l2-1 l2-2 c2)
8.969: (drive-truck t2 l2-2 l2-0 c2)
8.969: (drive-truck t0 l0-1 l0-2 c0)
8.973: (fly-airplane a1 l0-0 l3-0)
8.973: (drive-truck t2 l2-0 l2-1 c2)
8.973: (drive-truck t2 l2-1 l2-2 c2)
8.973: (drive-truck t0 l0-2 l0-1 c0)
8.973: (drive-truck t2 l2-2 l2-1 c2)
8.973: (drive-truck t2 l2-1 l2-0 c2)
8.973: (fly-airplane a1 l3-0 l1-0)
8.973: (drive-truck t2 l2-0 l2-1 c2)
8.973: (drive-truck t2 l2-1 l2-2 c2)
8.973: (drive-truck t0 l0-1 l0-2 c0)
8.973: (drive-truck t2 l2-2 l2-1 c2)
9.004: (fly-airplane a0 l3-0 l1-0)
9.000: (fly-airplane a1 l1-0 l2-0)
8.998: (drive-truck t2 l2-1 l2-0 c2)
8.998: (drive-truck t0 l0-2 l0-1 c0)
9.000: (drive-truck t2 l2-0 l2-2 c2)
9.000: (drive-truck t0 l0-1 l0-2 c0)
9.001: (fly-airplane a1 l2-0 l0-0)
9.001: (drive-truck t0 l0-2 l0-1 c0)
9.001: (drive-truck t2 l2-2 l2-1 c2)
9.000: (fly-airplane a1 l0-0 l2-0)
9.004: (fly-airplane a1 l2-0 l1-0)
9.004: (drive-truck t2 l2-1 l2-2 c2)
9.004: (drive-truck t0 l0-1 l0-2 c0)
9.004: (fly-airplane a1 l1-0 l3-0)
9.004: (drive-truck t2 l2-2 l2-1 c2)
9.001: (fly-airplane a1 l3-0 l0-0)
9.003: (drive-truck t2 l2-1 l2-0 c2)
9.003: (drive-truck t0 l0-2 l0-1 c0)
9.005: (fly-airplane a1 l0-0 l1-0)
9.005: (drive-truck t0 l0-1 l0-2 c0)
9.006: (fly-airplane a1 l1-0 l3-0)
9.006: (drive-truck t0 l0-2 l0-1 c0)
9.004: (drive-truck t2 l2-0 l2-1 c2)
9.004: (drive-truck t2 l2-1 l2-2 c2)
9.118: (drive-truck t0 l0-1 l0-0 c0)
8.077: (load-truck p2 t0 l0-0)
7.111: (drive-truck t0 l0-0 l0-2 c0)
7.060: (fly-airplane a0 l1-0 l3-0)
7.003: (unload-airplane p5 a0 l3-0)
6.503: (fly-airplane a0 l3-0 l2-0)
6.492: (fly-airplane a1 l3-0 l0-0)
6.492: (drive-truck t0 l0-2 l0-1 c0)
6.492: (drive-truck t2 l2-2 l2-1 c2)
6.492: (drive-truck t0 l0-1 l0-2 c0)
6.498: (fly-airplane a1 l0-0 l1-0)
6.498: (drive-truck t0 l0-2 l0-1 c0)
6.498: (drive-truck t2 l2-1 l2-2 c2)
6.498: (drive-truck t0 l0-1 l0-2 c0)
6.514: (fly-airplane a1 l1-0 l2-0)
6.492: (fly-airplane a0 l2-0 l0-0)
6.492: (drive-truck t0 l0-2 l0-1 c0)
6.492: (drive-truck t2 l2-2 l2-1 c2)
6.492: (drive-truck t0 l0-1 l0-2 c0)
6.498: (fly-airplane a0 l0-0 l1-0)
6.498: (drive-truck t0 l0-2 l0-1 c0)
6.498: (drive-truck t2 l2-1 l2-2 c2)
6.498: (drive-truck t0 l0-1 l0-2 c0)
6.503: (fly-airplane a0 l1-0 l3-0)
6.503: (drive-truck t0 l0-2 l0-1 c0)
6.503: (drive-truck t2 l2-2 l2-1 c2)
6.503: (drive-truck t0 l0-1 l0-2 c0)
6.514: (fly-airplane a0 l3-0 l2-0)
6.503: (fly-airplane a1 l2-0 l3-0)
6.503: (drive-truck t0 l0-2 l0-1 c0)
6.503: (drive-truck t2 l2-1 l2-2 c2)
6.514: (fly-airplane a1 l3-0 l2-0)
6.514: (drive-truck t2 l2-2 l2-1 c2)
6.539: (drive-truck t2 l2-1 l2-0 c2)
6.518: (fly-airplane a1 l2-0 l0-0)
6.518: (drive-truck t0 l0-1 l0-2 c0)
6.524: (fly-airplane a1 l0-0 l1-0)
6.524: (drive-truck t0 l0-2 l0-1 c0)
6.528: (fly-airplane a1 l1-0 l3-0)
6.528: (drive-truck t0 l0-1 l0-2 c0)
6.539: (fly-airplane a1 l3-0 l2-0)
6.518: (fly-airplane a0 l2-0 l0-0)
6.518: (drive-truck t0 l0-2 l0-1 c0)
6.524: (fly-airplane a0 l0-0 l1-0)
6.524: (drive-truck t0 l0-1 l0-2 c0)
6.528: (fly-airplane a0 l1-0 l3-0)
6.528: (drive-truck t0 l0-2 l0-1 c0)
6.692: (drive-truck t1 l1-0 l1-1 c1)
6.666: (drive-truck t2 l2-0 l2-2 c2)
6.656: (fly-airplane a0 l3-0 l0-0)
6.656: (drive-truck t2 l2-2 l2-1 c2)
6.656: (drive-truck t0 l0-1 l0-2 c0)
6.656: (drive-truck t2 l2-1 l2-2 c2)
6.659: (fly-airplane a0 l0-0 l1-0)
6.659: (drive-truck t0 l0-2 l0-1 c0)
6.659: (drive-truck t2 l2-2 l2-1 c2)
6.659: (drive-truck t0 l0-1 l0-2 c0)
6.666: (fly-airplane a0 l1-0 l3-0)
6.666: (drive-truck t2 l2-1 l2-2 c2)
6.678: (fly-airplane a0 l3-0 l2-0)
6.656: (fly-airplane a1 l2-0 l0-0)
6.656: (drive-truck t0 l0-2 l0-1 c0)
6.656: (drive-truck t2 l2-2 l2-1 c2)
6.656: (drive-truck t0 l0-1 l0-2 c0)
6.659: (fly-airplane a1 l0-0 l1-0)
6.659: (drive-truck t2 l2-1 l2-2 c2)
6.659: (drive-truck t0 l0-2 l0-1 c0)
6.659: (drive-truck t2 l2-2 l2-1 c2)
6.666: (fly-airplane a1 l1-0 l3-0)
6.666: (drive-truck t2 l2-1 l2-2 c2)
6.666: (drive-truck t0 l0-1 l0-2 c0)
6.666: (drive-truck t2 l2-2 l2-1 c2)
6.678: (fly-airplane a1 l3-0 l2-0)
6.678: (drive-truck t0 l0-2 l0-1 c0)
6.666: (fly-airplane a0 l2-0 l3-0)
7.105: (load-airplane p5 a0 l3-0)
7.061: (drive-truck t1 l1-1 l1-0 c1)
7.060: (fly-airplane a1 l2-0 l3-0)
7.003: (unload-airplane p5 a0 l3-0)
6.989: (fly-airplane a0 l3-0 l0-0)
6.985: (fly-airplane a1 l3-0 l1-0)
6.985: (drive-truck t2 l2-1 l2-2 c2)
6.985: (drive-truck t0 l0-1 l0-2 c0)
6.985: (drive-truck t2 l2-2 l2-1 c2)
6.988: (fly-airplane a1 l1-0 l0-0)
6.985: (fly-airplane a0 l0-0 l1-0)
6.985: (drive-truck t0 l0-2 l0-1 c0)
6.985: (drive-truck t2 l2-1 l2-2 c2)
6.985: (drive-truck t0 l0-1 l0-2 c0)
6.988: (fly-airplane a0 l1-0 l0-0)
6.988: (drive-truck t0 l0-2 l0-1 c0)
6.988: (drive-truck t2 l2-2 l2-1 c2)
6.989: (fly-airplane a0 l0-0 l3-0)
6.989: (drive-truck t2 l2-1 l2-2 c2)
6.989: (drive-truck t0 l0-1 l0-2 c0)
6.989: (drive-truck t2 l2-2 l2-1 c2)
6.996: (fly-airplane a1 l0-0 l1-0)
6.994: (fly-airplane a0 l3-0 l1-0)
6.994: (drive-truck t0 l0-2 l0-1 c0)
6.994: (drive-truck t2 l2-1 l2-2 c2)
6.994: (drive-truck t0 l0-1 l0-2 c0)
6.996: (fly-airplane a1 l1-0 l3-0)
6.989: (fly-airplane a0 l1-0 l0-0)
6.989: (drive-truck t0 l0-2 l0-1 c0)
6.996: (fly-airplane a0 l0-0 l1-0)
6.996: (drive-truck t2 l2-2 l2-1 c2)
6.996: (drive-truck t0 l0-1 l0-2 c0)
6.989: (fly-airplane a0 l1-0 l0-0)
7.001: (drive-truck t2 l2-1 l2-0 c2)
6.997: (fly-airplane a1 l3-0 l1-0)
6.997: (drive-truck t0 l0-2 l0-1 c0)
7.001: (fly-airplane a1 l1-0 l0-0)
6.997: (fly-airplane a0 l0-0 l1-0)
6.997: (drive-truck t0 l0-1 l0-2 c0)
7.001: (fly-airplane a0 l1-0 l0-0)
7.001: (fly-airplane a0 l0-0 l3-0)
7.001: (drive-truck t0 l0-2 l0-1 c0)
7.008: (fly-airplane a1 l0-0 l1-0)
6.996: (drive-truck t2 l2-0 l2-1 c2)
6.996: (drive-truck t2 l2-1 l2-2 c2)
6.996: (drive-truck t0 l0-1 l0-2 c0)
7.008: (drive-truck t2 l2-2 l2-0 c2)
7.006: (fly-airplane a0 l3-0 l1-0)
7.006: (drive-truck t0 l0-2 l0-1 c0)
7.008: (fly-airplane a1 l1-0 l3-0)
7.001: (fly-airplane a0 l1-0 l0-0)
7.015: (fly-airplane a0 l0-0 l3-0)
7.003: (drive-truck t2 l2-0 l2-2 c2)
7.022: (load-truck p4 t1 l1-0)
6.949: (drive-truck t1 l1-0 l1-2 c1)
6.938: (fly-airplane a0 l3-0 l2-0)
6.930: (fly-airplane a1 l3-0 l1-0)
6.929: (drive-truck t2 l2-2 l2-0 c2)
6.929: (drive-truck t0 l0-1 l0-2 c0)
6.930: (drive-truck t2 l2-0 l2-2 c2)
6.930: (drive-truck t2 l2-2 l2-1 c2)
6.930: (drive-truck t0 l0-2 l0-1 c0)
6.935: (fly-airplane a1 l1-0 l0-0)
6.933: (drive-truck t2 l2-1 l2-0 c2)
6.933: (drive-truck t0 l0-1 l0-2 c0)
6.935: (drive-truck t2 l2-0 l2-1 c2)
6.935: (drive-truck t2 l2-1 l2-2 c2)
6.935: (drive-truck t0 l0-2 l0-1 c0)
6.936: (fly-airplane a0 l2-0 l1-0)
6.930: (fly-airplane a1 l0-0 l2-0)
6.929: (drive-truck t2 l2-2 l2-0 c2)
6.929: (drive-truck t0 l0-1 l0-2 c0)
6.930: (drive-truck t2 l2-0 l2-1 c2)
6.930: (drive-truck t0 l0-2 l0-1 c0)
6.935: (fly-airplane a0 l1-0 l0-0)
6.933: (drive-truck t2 l2-1 l2-0 c2)
6.933: (drive-truck t0 l0-1 l0-2 c0)
6.935: (drive-truck t2 l2-0 l2-1 c2)
6.935: (drive-truck t2 l2-1 l2-2 c2)
6.930: (fly-airplane a0 l0-0 l1-0)
6.936: (fly-airplane a1 l2-0 l0-0)
6.936: (drive-truck t2 l2-2 l2-1 c2)
6.936: (drive-truck t0 l0-2 l0-1 c0)
6.937: (drive-truck t2 l2-1 l2-0 c2)
6.937: (drive-truck t0 l0-1 l0-2 c0)
6.940: (fly-airplane a1 l0-0 l1-0)
6.937: (fly-airplane a0 l1-0 l0-0)
6.936: (drive-truck t2 l2-0 l2-1 c2)
6.936: (drive-truck t2 l2-1 l2-2 c2)
6.936: (drive-truck t0 l0-2 l0-1 c0)
6.935: (fly-airplane a1 l1-0 l2-0)
6.938: (fly-airplane a0 l0-0 l2-0)
6.936: (drive-truck t2 l2-2 l2-0 c2)
6.936: (drive-truck t0 l0-1 l0-2 c0)
6.937: (fly-airplane a1 l2-0 l3-0)
6.937: (drive-truck t0 l0-2 l0-1 c0)
6.938: (drive-truck t2 l2-0 l2-1 c2)
6.938: (fly-airplane a1 l3-0 l2-0)
6.938: (drive-truck t0 l0-1 l0-2 c0)
6.938: (drive-truck t2 l2-1 l2-2 c2)
6.938: (fly-airplane a1 l2-0 l3-0)
6.938: (drive-truck t2 l2-2 l2-1 c2)
6.940: (fly-airplane a0 l2-0 l1-0)
6.940: (fly-airplane a1 l3-0 l1-0)
6.940: (drive-truck t0 l0-2 l0-1 c0)
6.936: (fly-airplane a0 l1-0 l0-0)
6.937: (drive-truck t2 l2-1 l2-0 c2)
6.940: (fly-airplane a0 l0-0 l1-0)
6.940: (drive-truck t2 l2-0 l2-2 c2)
6.940: (drive-truck t0 l0-1 l0-2 c0)
6.940: (fly-airplane a1 l1-0 l3-0)
6.940: (drive-truck t0 l0-2 l0-1 c0)
6.940: (drive-truck t2 l2-2 l2-1 c2)
6.940: (drive-truck t2 l2-1 l2-0 c2)
6.940: (drive-truck t0 l0-1 l0-2 c0)
6.944: (fly-airplane a0 l1-0 l0-0)
6.944: (drive-truck t2 l2-0 l2-1 c2)
6.944: (drive-truck t2 l2-1 l2-2 c2)
6.944: (drive-truck t0 l0-2 l0-1 c0)
6.944: (drive-truck t2 l2-2 l2-1 c2)
6.944: (drive-truck t2 l2-1 l2-0 c2)
6.945: (fly-airplane a1 l3-0 l0-0)
6.944: (fly-airplane a0 l0-0 l3-0)
6.937: (fly-airplane a1 l0-0 l2-0)
6.937: (drive-truck t0 l0-1 l0-2 c0)
6.938: (drive-truck t2 l2-0 l2-1 c2)
6.938: (drive-truck t0 l0-2 l0-1 c0)
6.938: (drive-truck t2 l2-1 l2-2 c2)
6.938: (drive-truck t0 l0-1 l0-2 c0)
6.940: (fly-airplane a1 l2-0 l1-0)
6.940: (drive-truck t2 l2-2 l2-1 c2)
6.940: (drive-truck t0 l0-2 l0-1 c0)
6.940: (drive-truck t2 l2-1 l2-2 c2)
6.940: (drive-truck t2 l2-2 l2-0 c2)
6.940: (drive-truck t0 l0-1 l0-2 c0)
6.944: (fly-airplane a1 l1-0 l0-0)
6.944: (drive-truck t2 l2-0 l2-2 c2)
6.944: (drive-truck t2 l2-2 l2-1 c2)
6.944: (drive-truck t0 l0-2 l0-1 c0)
6.944: (drive-truck t2 l2-1 l2-2 c2)
6.945: (fly-airplane a0 l3-0 l0-0)
6.945: (drive-truck t0 l0-1 l0-2 c0)
6.945: (drive-truck t2 l2-2 l2-1 c2)
6.945: (drive-truck t0 l0-2 l0-1 c0)
7.019: (drive-truck t1 l1-2 l1-0 c1)
6.994: (fly-airplane a1 l0-0 l2-0)
6.993: (drive-truck t2 l2-1 l2-0 c2)
6.993: (drive-truck t0 l0-1 l0-2 c0)
6.994: (drive-truck t2 l2-0 l2-2 c2)
6.994: (drive-truck t2 l2-2 l2-1 c2)
6.998: (fly-airplane a0 l0-0 l3-0)
6.997: (drive-truck t2 l2-1 l2-0 c2)
6.997: (drive-truck t0 l0-2 l0-1 c0)
6.997: (fly-airplane a0 l3-0 l2-0)
6.993: (fly-airplane a1 l2-0 l0-0)
6.993: (drive-truck t0 l0-1 l0-2 c0)
6.994: (drive-truck t2 l2-0 l2-1 c2)
6.994: (drive-truck t0 l0-2 l0-1 c0)
6.994: (drive-truck t2 l2-1 l2-2 c2)
6.994: (drive-truck t0 l0-1 l0-2 c0)
6.998: (fly-airplane a1 l0-0 l3-0)
6.997: (drive-truck t2 l2-2 l2-0 c2)
6.997: (drive-truck t0 l0-2 l0-1 c0)
6.998: (fly-airplane a1 l3-0 l1-0)
6.998: (drive-truck t0 l0-1 l0-2 c0)
6.997: (fly-airplane a1 l1-0 l2-0)
6.998: (fly-airplane a0 l2-0 l1-0)
6.998: (drive-truck t0 l0-2 l0-1 c0)
6.998: (drive-truck t2 l2-0 l2-2 c2)
6.994: (fly-airplane a0 l1-0 l0-0)
6.998: (fly-airplane a0 l0-0 l3-0)
6.998: (drive-truck t0 l0-1 l0-2 c0)
6.998: (fly-airplane a0 l3-0 l1-0)
6.998: (drive-truck t2 l2-2 l2-1 c2)
6.998: (drive-truck t0 l0-2 l0-1 c0)
6.998: (fly-airplane a0 l1-0 l3-0)
6.998: (fly-airplane a0 l3-0 l2-0)
6.998: (fly-airplane a1 l2-0 l3-0)
6.998: (drive-truck t0 l0-1 l0-2 c0)
6.998: (fly-airplane a1 l3-0 l1-0)
6.998: (drive-truck t0 l0-2 l0-1 c0)
6.998: (drive-truck t2 l2-1 l2-2 c2)
6.998: (fly-airplane a1 l1-0 l3-0)
6.998: (fly-airplane a1 l3-0 l2-0)
6.998: (drive-truck t0 l0-1 l0-2 c0)
6.998: (fly-airplane a1 l2-0 l1-0)
7.018: (fly-airplane a0 l2-0 l0-0)
7.018: (fly-airplane a1 l1-0 l3-0)
7.018: (drive-truck t2 l2-2 l2-1 c2)
7.018: (drive-truck t0 l0-2 l0-1 c0)
7.018: (drive-truck t2 l2-1 l2-2 c2)
7.018: (drive-truck t2 l2-2 l2-0 c2)
7.018: (drive-truck t0 l0-1 l0-2 c0)
7.018: (fly-airplane a1 l3-0 l1-0)
7.018: (drive-truck t2 l2-0 l2-1 c2)
7.018: (drive-truck t0 l0-2 l0-1 c0)
7.018: (drive-truck t2 l2-1 l2-2 c2)
7.018: (drive-truck t2 l2-2 l2-0 c2)
7.019: (fly-airplane a1 l1-0 l0-0)
7.018: (fly-airplane a0 l0-0 l3-0)
7.018: (drive-truck t2 l2-0 l2-1 c2)
7.018: (drive-truck t0 l0-1 l0-2 c0)
7.018: (drive-truck t2 l2-1 l2-2 c2)
7.018: (drive-truck t0 l0-2 l0-1 c0)
7.018: (fly-airplane a0 l3-0 l1-0)
7.018: (drive-truck t2 l2-2 l2-1 c2)
7.018: (drive-truck t0 l0-1 l0-2 c0)
7.018: (drive-truck t2 l2-1 l2-2 c2)
7.018: (drive-truck t2 l2-2 l2-0 c2)
7.018: (fly-airplane a0 l1-0 l3-0)
7.019: (fly-airplane a0 l3-0 l0-0)
6.945: (drive-truck t1 l1-0 l1-2 c1)
7.868: (load-airplane p6 a0 l0-0)
Failed to find a solution!
