/u/ibrahim.eisawy/Neural-Guided-Search/venv/lib/python3.10/site-packages/pymimir_rgnn/model.py:151: UserWarning: index_reduce() is in beta and the API may change at any time. (Triggered internally at /pytorch/aten/src/ATen/native/cuda/Indexing.cu:1541.)
  max_msg.index_reduce_(0, output_indices, output_messages, reduce='amax', include_self=True)
Torch: 2.12.0+cu130
Using GPU:  NVIDIA L40S
17.490: (load-truck p2 t1 l1-1)
16.135: (load-truck p4 t1 l1-1)
15.215: (drive-truck t1 l1-1 l1-0 c1)
14.016: (load-truck p1 t1 l1-0)
12.834: (load-truck p5 t1 l1-0)
11.845: (drive-truck t1 l1-0 l1-1 c1)
11.847: (fly-airplane a0 l2-0 l0-0)
11.852: (fly-airplane a0 l0-0 l1-0)
10.860: (load-airplane p3 a0 l1-0)
9.932: (fly-airplane a0 l1-0 l2-0)
9.930: (drive-truck t0 l0-0 l0-1 c0)
7.868: (load-truck p0 t0 l0-1)
7.956: (fly-airplane a0 l2-0 l0-0)
7.057: (unload-airplane p3 a0 l0-0)
7.052: (fly-airplane a0 l0-0 l1-0)
7.058: (fly-airplane a0 l1-0 l2-0)
7.425: (drive-truck t0 l0-1 l0-0 c0)
7.426: (fly-airplane a0 l2-0 l1-0)
7.432: (fly-airplane a0 l1-0 l0-0)
7.902: (unload-truck p0 t0 l0-0)
7.407: (load-airplane p3 a0 l0-0)
7.056: (fly-airplane a0 l0-0 l2-0)
7.197: (drive-truck t0 l0-0 l0-1 c0)
8.063: (drive-truck t1 l1-1 l1-0 c1)
7.959: (drive-truck t0 l0-1 l0-0 c0)
8.471: (fly-airplane a0 l2-0 l1-0)
7.983: (drive-truck t1 l1-0 l1-1 c1)
8.160: (drive-truck t0 l0-0 l0-1 c0)
8.412: (drive-truck t1 l1-1 l1-0 c1)
9.373: (drive-truck t2 l2-0 l2-1 c2)
9.035: (fly-airplane a0 l1-0 l2-0)
8.171: (drive-truck t1 l1-0 l1-1 c1)
8.056: (drive-truck t0 l0-1 l0-0 c0)
8.398: (fly-airplane a0 l2-0 l0-0)
8.897: (unload-airplane p3 a0 l0-0)
8.398: (load-airplane p0 a0 l0-0)
7.407: (drive-truck t2 l2-1 l2-0 c2)
7.056: (fly-airplane a0 l0-0 l2-0)
7.197: (drive-truck t0 l0-0 l0-1 c0)
8.063: (drive-truck t1 l1-1 l1-0 c1)
7.959: (drive-truck t0 l0-1 l0-0 c0)
8.471: (fly-airplane a0 l2-0 l1-0)
7.983: (drive-truck t1 l1-0 l1-1 c1)
8.160: (drive-truck t0 l0-0 l0-1 c0)
8.412: (drive-truck t1 l1-1 l1-0 c1)
9.373: (drive-truck t2 l2-0 l2-1 c2)
9.035: (fly-airplane a0 l1-0 l2-0)
8.171: (drive-truck t1 l1-0 l1-1 c1)
8.056: (drive-truck t0 l0-1 l0-0 c0)
8.912: (fly-airplane a0 l2-0 l1-0)
9.085: (drive-truck t0 l0-0 l0-1 c0)
9.669: (fly-airplane a0 l1-0 l0-0)
8.679: (drive-truck t2 l2-1 l2-0 c2)
8.581: (unload-airplane p0 a0 l0-0)
8.589: (fly-airplane a0 l0-0 l1-0)
7.896: (drive-truck t0 l0-1 l0-0 c0)
7.426: (load-truck p3 t0 l0-0)
7.052: (drive-truck t0 l0-0 l0-1 c0)
7.057: (fly-airplane a0 l1-0 l0-0)
7.058: (fly-airplane a0 l0-0 l2-0)
7.425: (drive-truck t0 l0-1 l0-0 c0)
7.432: (fly-airplane a0 l2-0 l0-0)
8.353: (load-truck p0 t0 l0-0)
8.152: (drive-truck t0 l0-0 l0-1 c0)
8.153: (fly-airplane a0 l0-0 l1-0)
8.159: (fly-airplane a0 l1-0 l2-0)
8.340: (drive-truck t0 l0-1 l0-0 c0)
8.341: (fly-airplane a0 l2-0 l1-0)
9.334: (drive-truck t2 l2-0 l2-1 c2)
8.417: (unload-truck p3 t0 l0-0)
7.985: (drive-truck t0 l0-0 l0-1 c0)
7.987: (fly-airplane a0 l1-0 l2-0)
7.992: (fly-airplane a0 l2-0 l0-0)
8.423: (drive-truck t0 l0-1 l0-0 c0)
8.415: (fly-airplane a0 l0-0 l2-0)
8.893: (unload-truck p0 t0 l0-0)
7.906: (drive-truck t2 l2-1 l2-0 c2)
8.593: (drive-truck t0 l0-0 l0-1 c0)
9.581: (drive-truck t2 l2-0 l2-1 c2)
9.573: (fly-airplane a0 l2-0 l0-0)
9.583: (fly-airplane a0 l0-0 l1-0)
8.893: (drive-truck t0 l0-1 l0-0 c0)
8.417: (load-truck p3 t0 l0-0)
7.985: (drive-truck t0 l0-0 l0-1 c0)
7.987: (fly-airplane a0 l1-0 l2-0)
7.992: (fly-airplane a0 l2-0 l0-0)
8.423: (drive-truck t0 l0-1 l0-0 c0)
8.415: (fly-airplane a0 l0-0 l2-0)
9.331: (load-truck p0 t0 l0-0)
9.083: (drive-truck t0 l0-0 l0-1 c0)
9.082: (fly-airplane a0 l2-0 l0-0)
9.084: (fly-airplane a0 l0-0 l1-0)
10.044: (drive-truck t1 l1-1 l1-0 c1)
9.140: (drive-truck t2 l2-1 l2-0 c2)
9.144: (fly-airplane a0 l1-0 l0-0)
9.147: (fly-airplane a0 l0-0 l2-0)
9.610: (drive-truck t0 l0-1 l0-0 c0)
8.706: (unload-truck p3 t0 l0-0)
8.056: (drive-truck t0 l0-0 l0-1 c0)
8.048: (fly-airplane a0 l2-0 l1-0)
8.057: (fly-airplane a0 l1-0 l0-0)
8.713: (drive-truck t0 l0-1 l0-0 c0)
8.527: (fly-airplane a0 l0-0 l1-0)
8.993: (unload-truck p0 t0 l0-0)
8.527: (load-truck p3 t0 l0-0)
8.048: (drive-truck t0 l0-0 l0-1 c0)
8.056: (fly-airplane a0 l1-0 l2-0)
8.057: (fly-airplane a0 l2-0 l0-0)
8.713: (drive-truck t0 l0-1 l0-0 c0)
8.706: (fly-airplane a0 l0-0 l2-0)
9.190: (unload-truck p3 t0 l0-0)
9.187: (fly-airplane a0 l2-0 l0-0)
8.685: (load-airplane p0 a0 l0-0)
9.587: (unload-truck p2 t1 l1-0)
8.919: (drive-truck t1 l1-0 l1-1 c1)
8.676: (unload-airplane p0 a0 l0-0)
8.664: (fly-airplane a0 l0-0 l1-0)
8.679: (fly-airplane a0 l1-0 l2-0)
8.934: (load-truck p3 t0 l0-0)
8.932: (fly-airplane a0 l2-0 l1-0)
8.936: (fly-airplane a0 l1-0 l0-0)
9.618: (drive-truck t1 l1-1 l1-0 c1)
9.506: (fly-airplane a0 l0-0 l1-0)
9.611: (fly-airplane a0 l1-0 l2-0)
10.001: (drive-truck t0 l0-0 l0-1 c0)
9.830: (drive-truck t1 l1-0 l1-1 c1)
9.831: (fly-airplane a0 l2-0 l1-0)
9.832: (fly-airplane a0 l1-0 l0-0)
10.003: (drive-truck t1 l1-1 l1-0 c1)
9.943: (fly-airplane a0 l0-0 l1-0)
10.873: (drive-truck t2 l2-0 l2-1 c2)
8.981: (load-truck p2 t1 l1-0)
8.985: (fly-airplane a0 l1-0 l2-0)
8.990: (fly-airplane a0 l2-0 l0-0)
9.694: (drive-truck t0 l0-1 l0-0 c0)
9.506: (fly-airplane a0 l0-0 l1-0)
9.685: (fly-airplane a0 l1-0 l2-0)
10.181: (unload-truck p3 t0 l0-0)
9.685: (load-truck p0 t0 l0-0)
8.985: (drive-truck t0 l0-0 l0-1 c0)
8.981: (fly-airplane a0 l2-0 l1-0)
8.990: (fly-airplane a0 l1-0 l0-0)
9.694: (drive-truck t0 l0-1 l0-0 c0)
9.506: (fly-airplane a0 l0-0 l1-0)
9.991: (unload-truck p0 t0 l0-0)
10.183: (fly-airplane a0 l1-0 l0-0)
9.675: (load-airplane p3 a0 l0-0)
8.685: (drive-truck t2 l2-1 l2-0 c2)
9.587: (unload-truck p4 t1 l1-0)
8.919: (drive-truck t1 l1-0 l1-1 c1)
8.676: (unload-airplane p3 a0 l0-0)
8.664: (fly-airplane a0 l0-0 l1-0)
8.679: (fly-airplane a0 l1-0 l2-0)
8.934: (load-truck p3 t0 l0-0)
8.932: (fly-airplane a0 l2-0 l1-0)
8.936: (fly-airplane a0 l1-0 l0-0)
9.618: (drive-truck t1 l1-1 l1-0 c1)
9.506: (fly-airplane a0 l0-0 l1-0)
9.611: (fly-airplane a0 l1-0 l2-0)
10.001: (drive-truck t0 l0-0 l0-1 c0)
9.831: (drive-truck t1 l1-0 l1-1 c1)
9.831: (fly-airplane a0 l2-0 l1-0)
9.832: (fly-airplane a0 l1-0 l0-0)
10.003: (drive-truck t1 l1-1 l1-0 c1)
9.943: (fly-airplane a0 l0-0 l1-0)
10.873: (drive-truck t2 l2-0 l2-1 c2)
10.499: (drive-truck t0 l0-1 l0-0 c0)
9.866: (drive-truck t1 l1-0 l1-1 c1)
9.656: (unload-truck p3 t0 l0-0)
9.668: (fly-airplane a0 l1-0 l0-0)
9.669: (fly-airplane a0 l0-0 l2-0)
9.865: (load-truck p3 t0 l0-0)
9.870: (fly-airplane a0 l2-0 l0-0)
10.612: (drive-truck t1 l1-1 l1-0 c1)
10.603: (fly-airplane a0 l0-0 l2-0)
10.937: (drive-truck t0 l0-0 l0-1 c0)
10.760: (drive-truck t1 l1-0 l1-1 c1)
10.764: (fly-airplane a0 l2-0 l1-0)
10.766: (fly-airplane a0 l1-0 l0-0)
10.943: (drive-truck t1 l1-1 l1-0 c1)
12.108: (unload-truck p1 t1 l1-0)
10.057: (load-truck p4 t1 l1-0)
9.126: (drive-truck t2 l2-1 l2-0 c2)
9.055: (fly-airplane a0 l0-0 l1-0)
9.124: (fly-airplane a0 l1-0 l2-0)
9.648: (drive-truck t0 l0-1 l0-0 c0)
9.543: (fly-airplane a0 l2-0 l1-0)
9.655: (fly-airplane a0 l1-0 l0-0)
10.128: (unload-truck p3 t0 l0-0)
9.630: (load-airplane p3 a0 l0-0)
9.082: (fly-airplane a0 l0-0 l2-0)
9.158: (drive-truck t0 l0-0 l0-1 c0)
9.578: (fly-airplane a0 l2-0 l1-0)
9.611: (drive-truck t0 l0-1 l0-0 c0)
10.213: (load-airplane p1 a0 l1-0)
9.997: (fly-airplane a0 l1-0 l2-0)
9.032: (unload-airplane p1 a0 l2-0)
8.000: (load-truck p1 t2 l2-0)
7.080: (drive-truck t1 l1-0 l1-1 c1)
6.821: (drive-truck t2 l2-0 l2-1 c2)
5.921: (fly-airplane a0 l2-0 l0-0)
5.096: (unload-airplane p3 a0 l0-0)
5.098: (fly-airplane a0 l0-0 l2-0)
5.098: (fly-airplane a0 l2-0 l1-0)
5.777: (drive-truck t0 l0-0 l0-1 c0)
5.764: (fly-airplane a0 l1-0 l0-0)
5.777: (fly-airplane a0 l0-0 l2-0)
6.975: (drive-truck t2 l2-1 l2-0 c2)
6.294: (drive-truck t0 l0-1 l0-0 c0)
6.498: (fly-airplane a0 l2-0 l0-0)
6.503: (fly-airplane a0 l0-0 l1-0)
6.989: (load-truck p3 t0 l0-0)
5.927: (drive-truck t2 l2-0 l2-1 c2)
5.898: (drive-truck t0 l0-0 l0-1 c0)
5.898: (fly-airplane a0 l1-0 l2-0)
5.901: (fly-airplane a0 l2-0 l0-0)
5.933: (drive-truck t0 l0-1 l0-0 c0)
5.927: (fly-airplane a0 l0-0 l2-0)
6.929: (load-truck p0 t0 l0-0)
5.927: (unload-truck p3 t0 l0-0)
5.898: (drive-truck t0 l0-0 l0-1 c0)
5.898: (fly-airplane a0 l2-0 l1-0)
5.901: (fly-airplane a0 l1-0 l0-0)
5.933: (drive-truck t0 l0-1 l0-0 c0)
5.927: (fly-airplane a0 l0-0 l1-0)
6.929: (load-truck p3 t0 l0-0)
6.934: (fly-airplane a0 l1-0 l0-0)
6.998: (drive-truck t0 l0-0 l0-1 c0)
6.999: (fly-airplane a0 l0-0 l1-0)
6.999: (fly-airplane a0 l1-0 l2-0)
8.022: (drive-truck t1 l1-1 l1-0 c1)
7.938: (drive-truck t0 l0-1 l0-0 c0)
6.943: (unload-truck p3 t0 l0-0)
6.448: (unload-truck p0 t0 l0-0)
6.247: (fly-airplane a0 l2-0 l1-0)
6.444: (fly-airplane a0 l1-0 l0-0)
6.939: (load-airplane p3 a0 l0-0)
7.041: (fly-airplane a0 l0-0 l1-0)
6.821: (drive-truck t1 l1-0 l1-1 c1)
6.983: (drive-truck t0 l0-0 l0-1 c0)
6.641: (fly-airplane a0 l1-0 l0-0)
6.983: (fly-airplane a0 l0-0 l2-0)
7.209: (drive-truck t2 l2-1 l2-0 c2)
7.702: (fly-airplane a0 l2-0 l0-0)
6.985: (drive-truck t0 l0-1 l0-0 c0)
7.868: (fly-airplane a0 l0-0 l1-0)
8.006: (drive-truck t0 l0-0 l0-1 c0)
8.082: (drive-truck t1 l1-1 l1-0 c1)
7.154: (drive-truck t2 l2-0 l2-1 c2)
7.654: (fly-airplane a0 l1-0 l0-0)
7.124: (unload-airplane p3 a0 l0-0)
6.935: (fly-airplane a0 l0-0 l1-0)
7.136: (fly-airplane a0 l1-0 l2-0)
7.923: (unload-truck p4 t1 l1-0)
7.346: (drive-truck t0 l0-1 l0-0 c0)
6.882: (drive-truck t1 l1-0 l1-1 c1)
6.885: (fly-airplane a0 l2-0 l1-0)
6.887: (fly-airplane a0 l1-0 l0-0)
7.343: (drive-truck t1 l1-1 l1-0 c1)
7.225: (fly-airplane a0 l0-0 l1-0)
7.800: (drive-truck t0 l0-0 l0-1 c0)
7.383: (drive-truck t1 l1-0 l1-1 c1)
7.379: (fly-airplane a0 l1-0 l0-0)
7.380: (fly-airplane a0 l0-0 l2-0)
8.433: (drive-truck t2 l2-1 l2-0 c2)
7.935: (drive-truck t0 l0-1 l0-0 c0)
7.948: (fly-airplane a0 l2-0 l1-0)
7.949: (fly-airplane a0 l1-0 l0-0)
8.441: (drive-truck t0 l0-0 l0-1 c0)
8.446: (fly-airplane a0 l0-0 l1-0)
9.106: (drive-truck t1 l1-1 l1-0 c1)
8.223: (load-truck p4 t1 l1-0)
7.182: (drive-truck t1 l1-0 l1-1 c1)
7.169: (fly-airplane a0 l1-0 l0-0)
7.702: (load-airplane p0 a0 l0-0)
6.641: (drive-truck t2 l2-0 l2-1 c2)
5.921: (drive-truck t0 l0-1 l0-0 c0)
6.821: (fly-airplane a0 l0-0 l2-0)
6.821: (fly-airplane a0 l2-0 l1-0)
6.983: (drive-truck t0 l0-0 l0-1 c0)
6.983: (fly-airplane a0 l1-0 l2-0)
7.209: (drive-truck t2 l2-1 l2-0 c2)
7.080: (drive-truck t0 l0-1 l0-0 c0)
6.985: (fly-airplane a0 l2-0 l0-0)
7.868: (fly-airplane a0 l0-0 l1-0)
8.006: (drive-truck t0 l0-0 l0-1 c0)
8.082: (drive-truck t1 l1-1 l1-0 c1)
7.154: (drive-truck t2 l2-0 l2-1 c2)
7.041: (drive-truck t0 l0-1 l0-0 c0)
6.939: (fly-airplane a0 l1-0 l0-0)
7.654: (drive-truck t0 l0-0 l0-1 c0)
7.939: (fly-airplane a0 l0-0 l2-0)
7.822: (drive-truck t0 l0-1 l0-0 c0)
8.000: (drive-truck t2 l2-1 l2-0 c2)
7.878: (fly-airplane a0 l2-0 l0-0)
7.729: (unload-airplane p0 a0 l0-0)
7.547: (fly-airplane a0 l0-0 l2-0)
7.551: (fly-airplane a0 l2-0 l1-0)
7.882: (load-truck p3 t0 l0-0)
6.940: (drive-truck t2 l2-0 l2-1 c2)
6.916: (drive-truck t0 l0-0 l0-1 c0)
6.918: (fly-airplane a0 l1-0 l2-0)
6.921: (fly-airplane a0 l2-0 l0-0)
6.950: (drive-truck t0 l0-1 l0-0 c0)
6.943: (fly-airplane a0 l0-0 l2-0)
7.874: (drive-truck t2 l2-1 l2-0 c2)
6.980: (drive-truck t1 l1-0 l1-1 c1)
6.933: (drive-truck t0 l0-0 l0-1 c0)
6.935: (fly-airplane a0 l2-0 l1-0)
6.938: (fly-airplane a0 l1-0 l0-0)
6.996: (drive-truck t0 l0-1 l0-0 c0)
7.883: (drive-truck t1 l1-1 l1-0 c1)
7.883: (drive-truck t0 l0-0 l0-1 c0)
7.872: (fly-airplane a0 l0-0 l1-0)
7.878: (fly-airplane a0 l1-0 l2-0)
8.880: (unload-truck p1 t2 l2-0)
8.875: (drive-truck t0 l0-1 l0-0 c0)
8.544: (unload-truck p3 t0 l0-0)
8.428: (fly-airplane a0 l2-0 l1-0)
8.606: (fly-airplane a0 l1-0 l0-0)
8.879: (load-airplane p3 a0 l0-0)
7.878: (load-truck p1 t2 l2-0)
8.010: (fly-airplane a0 l0-0 l1-0)
8.875: (load-truck p0 t0 l0-0)
7.948: (drive-truck t2 l2-0 l2-1 c2)
7.716: (drive-truck t1 l1-0 l1-1 c1)
6.939: (fly-airplane a0 l1-0 l0-0)
6.787: (drive-truck t0 l0-0 l0-1 c0)
7.641: (fly-airplane a0 l0-0 l1-0)
7.641: (fly-airplane a0 l1-0 l2-0)
7.716: (drive-truck t0 l0-1 l0-0 c0)
7.991: (drive-truck t2 l2-1 l2-0 c2)
7.889: (drive-truck t0 l0-0 l0-1 c0)
7.824: (fly-airplane a0 l2-0 l0-0)
6.938: (unload-airplane p3 a0 l0-0)
6.933: (fly-airplane a0 l0-0 l2-0)
6.935: (fly-airplane a0 l2-0 l1-0)
6.989: (drive-truck t0 l0-1 l0-0 c0)
6.980: (fly-airplane a0 l1-0 l2-0)
6.996: (fly-airplane a0 l2-0 l0-0)
7.883: (drive-truck t1 l1-1 l1-0 c1)
6.950: (drive-truck t2 l2-0 l2-1 c2)
6.921: (drive-truck t0 l0-0 l0-1 c0)
6.916: (fly-airplane a0 l0-0 l1-0)
6.918: (fly-airplane a0 l1-0 l2-0)
7.878: (drive-truck t2 l2-1 l2-0 c2)
7.872: (fly-airplane a0 l2-0 l1-0)
7.882: (drive-truck t0 l0-1 l0-0 c0)
6.940: (drive-truck t2 l2-0 l2-1 c2)
7.926: (unload-truck p4 t1 l1-0)
7.742: (drive-truck t1 l1-0 l1-1 c1)
7.739: (fly-airplane a0 l1-0 l2-0)
7.742: (fly-airplane a0 l2-0 l0-0)
7.999: (drive-truck t1 l1-1 l1-0 c1)
7.992: (fly-airplane a0 l0-0 l2-0)
8.882: (drive-truck t0 l0-0 l0-1 c0)
8.667: (drive-truck t1 l1-0 l1-1 c1)
8.670: (fly-airplane a0 l2-0 l0-0)
8.673: (fly-airplane a0 l0-0 l1-0)
8.818: (drive-truck t1 l1-1 l1-0 c1)
8.888: (fly-airplane a0 l1-0 l0-0)
9.848: (drive-truck t2 l2-1 l2-0 c2)
7.883: (load-truck p4 t1 l1-0)
8.778: (load-airplane p3 a0 l0-0)
7.810: (drive-truck t2 l2-0 l2-1 c2)
7.871: (fly-airplane a0 l0-0 l1-0)
8.665: (fly-airplane a0 l1-0 l2-0)
8.731: (drive-truck t0 l0-1 l0-0 c0)
7.822: (unload-truck p0 t0 l0-0)
7.939: (drive-truck t0 l0-0 l0-1 c0)
8.072: (drive-truck t2 l2-1 l2-0 c2)
8.573: (fly-airplane a0 l2-0 l0-0)
8.396: (unload-airplane p3 a0 l0-0)
8.219: (fly-airplane a0 l0-0 l2-0)
9.027: (unload-truck p2 t1 l1-0)
7.923: (drive-truck t2 l2-0 l2-1 c2)
7.346: (drive-truck t0 l0-1 l0-0 c0)
6.882: (drive-truck t1 l1-0 l1-1 c1)
6.885: (fly-airplane a0 l2-0 l1-0)
6.887: (fly-airplane a0 l1-0 l0-0)
7.343: (drive-truck t1 l1-1 l1-0 c1)
7.225: (fly-airplane a0 l0-0 l1-0)
7.800: (drive-truck t0 l0-0 l0-1 c0)
7.383: (drive-truck t1 l1-0 l1-1 c1)
7.379: (fly-airplane a0 l1-0 l0-0)
7.380: (fly-airplane a0 l0-0 l2-0)
8.433: (drive-truck t2 l2-1 l2-0 c2)
7.935: (drive-truck t0 l0-1 l0-0 c0)
7.948: (fly-airplane a0 l2-0 l1-0)
7.949: (fly-airplane a0 l1-0 l0-0)
8.441: (drive-truck t0 l0-0 l0-1 c0)
8.446: (fly-airplane a0 l0-0 l1-0)
9.106: (drive-truck t1 l1-1 l1-0 c1)
8.535: (drive-truck t0 l0-1 l0-0 c0)
8.457: (fly-airplane a0 l1-0 l2-0)
8.640: (fly-airplane a0 l2-0 l0-0)
8.947: (load-airplane p0 a0 l0-0)
7.983: (drive-truck t2 l2-0 l2-1 c2)
7.723: (drive-truck t1 l1-0 l1-1 c1)
7.909: (fly-airplane a0 l0-0 l1-0)
8.043: (drive-truck t0 l0-0 l0-1 c0)
8.202: (drive-truck t1 l1-1 l1-0 c1)
8.091: (drive-truck t0 l0-1 l0-0 c0)
8.870: (fly-airplane a0 l1-0 l2-0)
8.639: (drive-truck t1 l1-0 l1-1 c1)
8.772: (drive-truck t0 l0-0 l0-1 c0)
8.349: (fly-airplane a0 l2-0 l0-0)
8.610: (drive-truck t1 l1-1 l1-0 c1)
7.909: (unload-airplane p0 a0 l0-0)
8.610: (load-airplane p3 a0 l0-0)
7.983: (drive-truck t0 l0-1 l0-0 c0)
7.723: (drive-truck t1 l1-0 l1-1 c1)
7.909: (fly-airplane a0 l0-0 l1-0)
8.043: (drive-truck t0 l0-0 l0-1 c0)
8.202: (drive-truck t1 l1-1 l1-0 c1)
8.091: (drive-truck t0 l0-1 l0-0 c0)
8.870: (fly-airplane a0 l1-0 l2-0)
8.639: (drive-truck t1 l1-0 l1-1 c1)
8.772: (drive-truck t0 l0-0 l0-1 c0)
8.349: (fly-airplane a0 l2-0 l0-0)
9.413: (drive-truck t2 l2-1 l2-0 c2)
8.784: (drive-truck t0 l0-1 l0-0 c0)
8.891: (fly-airplane a0 l0-0 l2-0)
8.951: (fly-airplane a0 l2-0 l1-0)
9.048: (drive-truck t0 l0-0 l0-1 c0)
8.980: (fly-airplane a0 l1-0 l2-0)
9.122: (drive-truck t1 l1-1 l1-0 c1)
8.978: (drive-truck t2 l2-0 l2-1 c2)
9.961: (unload-airplane p3 a0 l2-0)
8.920: (load-truck p2 t1 l1-0)
7.997: (drive-truck t1 l1-0 l1-1 c1)
7.816: (drive-truck t0 l0-1 l0-0 c0)
7.805: (fly-airplane a0 l2-0 l1-0)
7.809: (fly-airplane a0 l1-0 l0-0)
7.990: (drive-truck t0 l0-0 l0-1 c0)
7.987: (fly-airplane a0 l0-0 l1-0)
8.246: (drive-truck t2 l2-1 l2-0 c2)
7.870: (load-truck p3 t2 l2-0)
7.072: (drive-truck t2 l2-0 l2-1 c2)
6.893: (drive-truck t0 l0-1 l0-0 c0)
6.891: (fly-airplane a0 l1-0 l2-0)
6.895: (fly-airplane a0 l2-0 l0-0)
7.074: (drive-truck t0 l0-0 l0-1 c0)
7.069: (fly-airplane a0 l0-0 l2-0)
7.862: (drive-truck t2 l2-1 l2-0 c2)
7.717: (drive-truck t0 l0-1 l0-0 c0)
7.718: (fly-airplane a0 l2-0 l1-0)
7.726: (fly-airplane a0 l1-0 l0-0)
7.874: (drive-truck t0 l0-0 l0-1 c0)
8.251: (unload-truck p3 t2 l2-0)
8.092: (drive-truck t0 l0-1 l0-0 c0)
8.023: (fly-airplane a0 l0-0 l2-0)
8.084: (fly-airplane a0 l2-0 l1-0)
9.010: (drive-truck t1 l1-1 l1-0 c1)
8.598: (load-truck p3 t2 l2-0)
7.818: (drive-truck t2 l2-0 l2-1 c2)
7.818: (fly-airplane a0 l1-0 l2-0)
7.826: (fly-airplane a0 l2-0 l0-0)
7.972: (drive-truck t0 l0-0 l0-1 c0)
7.964: (fly-airplane a0 l0-0 l1-0)
7.967: (fly-airplane a0 l1-0 l2-0)
8.672: (drive-truck t2 l2-1 l2-0 c2)
8.587: (drive-truck t0 l0-1 l0-0 c0)
8.598: (fly-airplane a0 l2-0 l0-0)
8.685: (drive-truck t0 l0-0 l0-1 c0)
8.686: (fly-airplane a0 l0-0 l1-0)
9.101: (unload-truck p3 t2 l2-0)
8.914: (drive-truck t2 l2-0 l2-1 c2)
8.797: (drive-truck t0 l0-1 l0-0 c0)
8.806: (fly-airplane a0 l1-0 l0-0)
8.810: (fly-airplane a0 l0-0 l2-0)
8.952: (drive-truck t2 l2-1 l2-0 c2)
9.011: (fly-airplane a0 l2-0 l0-0)
9.102: (drive-truck t0 l0-0 l0-1 c0)
8.924: (drive-truck t2 l2-0 l2-1 c2)
9.922: (load-airplane p0 a0 l0-0)
8.979: (drive-truck t1 l1-0 l1-1 c1)
8.791: (drive-truck t0 l0-1 l0-0 c0)
8.830: (fly-airplane a0 l0-0 l2-0)
7.806: (load-airplane p3 a0 l2-0)
6.940: (fly-airplane a0 l2-0 l0-0)
7.759: (drive-truck t0 l0-0 l0-1 c0)
7.965: (fly-airplane a0 l0-0 l1-0)
7.806: (drive-truck t0 l0-1 l0-0 c0)
8.029: (drive-truck t1 l1-1 l1-0 c1)
7.947: (fly-airplane a0 l1-0 l0-0)
8.760: (drive-truck t0 l0-0 l0-1 c0)
8.111: (fly-airplane a0 l0-0 l1-0)
8.897: (fly-airplane a0 l1-0 l2-0)
7.966: (drive-truck t1 l1-0 l1-1 c1)
8.166: (drive-truck t2 l2-1 l2-0 c2)
8.067: (drive-truck t0 l0-1 l0-0 c0)
8.004: (fly-airplane a0 l2-0 l0-0)
8.808: (drive-truck t0 l0-0 l0-1 c0)
8.962: (fly-airplane a0 l0-0 l1-0)
8.848: (drive-truck t0 l0-1 l0-0 c0)
8.959: (drive-truck t1 l1-1 l1-0 c1)
8.843: (fly-airplane a0 l1-0 l0-0)
8.949: (fly-airplane a0 l0-0 l2-0)
8.801: (drive-truck t2 l2-0 l2-1 c2)
9.819: (unload-airplane p0 a0 l2-0)
8.830: (drive-truck t1 l1-0 l1-1 c1)
8.791: (fly-airplane a0 l2-0 l0-0)
7.809: (unload-airplane p3 a0 l0-0)
7.805: (fly-airplane a0 l0-0 l1-0)
7.816: (fly-airplane a0 l1-0 l2-0)
7.997: (drive-truck t0 l0-0 l0-1 c0)
7.987: (fly-airplane a0 l2-0 l1-0)
7.990: (fly-airplane a0 l1-0 l0-0)
8.251: (drive-truck t2 l2-1 l2-0 c2)
7.874: (load-truck p0 t2 l2-0)
7.074: (drive-truck t2 l2-0 l2-1 c2)
6.895: (drive-truck t0 l0-1 l0-0 c0)
6.891: (fly-airplane a0 l0-0 l2-0)
6.893: (fly-airplane a0 l2-0 l1-0)
7.072: (drive-truck t0 l0-0 l0-1 c0)
7.069: (fly-airplane a0 l1-0 l2-0)
7.862: (drive-truck t2 l2-1 l2-0 c2)
7.717: (drive-truck t0 l0-1 l0-0 c0)
7.718: (fly-airplane a0 l2-0 l1-0)
7.726: (fly-airplane a0 l1-0 l0-0)
8.092: (unload-truck p0 t2 l2-0)
8.023: (fly-airplane a0 l0-0 l2-0)
8.084: (fly-airplane a0 l2-0 l1-0)
8.246: (drive-truck t0 l0-0 l0-1 c0)
7.870: (load-truck p0 t2 l2-0)
8.686: (drive-truck t1 l1-1 l1-0 c1)
7.964: (drive-truck t2 l2-0 l2-1 c2)
7.818: (drive-truck t0 l0-1 l0-0 c0)
7.818: (fly-airplane a0 l1-0 l2-0)
7.826: (fly-airplane a0 l2-0 l0-0)
7.972: (drive-truck t0 l0-0 l0-1 c0)
7.967: (fly-airplane a0 l0-0 l2-0)
8.672: (drive-truck t2 l2-1 l2-0 c2)
8.587: (drive-truck t0 l0-1 l0-0 c0)
8.598: (fly-airplane a0 l2-0 l0-0)
8.598: (fly-airplane a0 l0-0 l1-0)
9.010: (unload-truck p0 t2 l2-0)
8.797: (drive-truck t2 l2-0 l2-1 c2)
8.806: (fly-airplane a0 l1-0 l0-0)
8.810: (fly-airplane a0 l0-0 l2-0)
8.920: (drive-truck t0 l0-0 l0-1 c0)
8.914: (fly-airplane a0 l2-0 l1-0)
8.924: (fly-airplane a0 l1-0 l0-0)
9.102: (drive-truck t2 l2-1 l2-0 c2)
8.685: (load-truck p0 t2 l2-0)
9.733: (unload-truck p2 t1 l1-0)
9.014: (drive-truck t2 l2-0 l2-1 c2)
8.864: (drive-truck t1 l1-0 l1-1 c1)
8.713: (drive-truck t0 l0-1 l0-0 c0)
8.709: (fly-airplane a0 l0-0 l2-0)
8.715: (fly-airplane a0 l2-0 l1-0)
8.805: (drive-truck t1 l1-1 l1-0 c1)
8.868: (fly-airplane a0 l1-0 l2-0)
8.876: (fly-airplane a0 l2-0 l0-0)
9.662: (drive-truck t2 l2-1 l2-0 c2)
9.534: (drive-truck t1 l1-0 l1-1 c1)
9.534: (fly-airplane a0 l0-0 l2-0)
9.536: (fly-airplane a0 l2-0 l1-0)
9.596: (drive-truck t1 l1-1 l1-0 c1)
9.653: (fly-airplane a0 l1-0 l2-0)
9.722: (drive-truck t0 l0-0 l0-1 c0)
9.009: (drive-truck t2 l2-0 l2-1 c2)
8.858: (drive-truck t1 l1-0 l1-1 c1)
8.865: (fly-airplane a0 l2-0 l1-0)
8.948: (drive-truck t1 l1-1 l1-0 c1)
9.672: (drive-truck t2 l2-1 l2-0 c2)
9.637: (drive-truck t1 l1-0 l1-1 c1)
9.640: (fly-airplane a0 l1-0 l2-0)
9.643: (fly-airplane a0 l2-0 l0-0)
10.017: (unload-truck p0 t2 l2-0)
9.777: (drive-truck t2 l2-0 l2-1 c2)
9.626: (drive-truck t0 l0-1 l0-0 c0)
9.626: (fly-airplane a0 l0-0 l1-0)
9.633: (fly-airplane a0 l1-0 l2-0)
9.780: (drive-truck t0 l0-0 l0-1 c0)
9.772: (fly-airplane a0 l2-0 l1-0)
9.897: (drive-truck t1 l1-1 l1-0 c1)
9.784: (drive-truck t0 l0-1 l0-0 c0)
9.855: (fly-airplane a0 l1-0 l0-0)
9.860: (fly-airplane a0 l0-0 l2-0)
9.961: (drive-truck t0 l0-0 l0-1 c0)
8.978: (load-airplane p0 a0 l2-0)
9.122: (drive-truck t2 l2-1 l2-0 c2)
8.072: (load-truck p2 t1 l1-0)
8.573: (fly-airplane a0 l2-0 l0-0)
9.568: (unload-truck p2 t1 l1-0)
9.131: (fly-airplane a0 l0-0 l1-0)
9.048: (drive-truck t1 l1-0 l1-1 c1)
8.951: (drive-truck t0 l0-1 l0-0 c0)
8.784: (fly-airplane a0 l1-0 l0-0)
8.891: (fly-airplane a0 l0-0 l2-0)
8.980: (drive-truck t0 l0-0 l0-1 c0)
9.413: (fly-airplane a0 l2-0 l0-0)
10.582: (load-airplane p3 a0 l0-0)
9.516: (drive-truck t2 l2-0 l2-1 c2)
8.739: (drive-truck t0 l0-1 l0-0 c0)
8.891: (fly-airplane a0 l0-0 l1-0)
9.011: (drive-truck t0 l0-0 l0-1 c0)
9.155: (drive-truck t1 l1-1 l1-0 c1)
9.077: (drive-truck t0 l0-1 l0-0 c0)
9.001: (fly-airplane a0 l1-0 l0-0)
9.775: (drive-truck t0 l0-0 l0-1 c0)
9.931: (fly-airplane a0 l0-0 l2-0)
9.747: (drive-truck t1 l1-0 l1-1 c1)
9.625: (drive-truck t0 l0-1 l0-0 c0)
9.856: (drive-truck t1 l1-1 l1-0 c1)
10.028: (drive-truck t2 l2-1 l2-0 c2)
9.876: (drive-truck t1 l1-0 l1-1 c1)
9.798: (fly-airplane a0 l2-0 l0-0)
9.923: (drive-truck t1 l1-1 l1-0 c1)
8.947: (unload-airplane p0 a0 l0-0)
9.071: (fly-airplane a0 l0-0 l1-0)
9.072: (fly-airplane a0 l1-0 l2-0)
9.935: (load-truck p0 t0 l0-0)
8.865: (load-truck p2 t1 l1-0)
8.827: (drive-truck t0 l0-0 l0-1 c0)
8.819: (fly-airplane a0 l2-0 l1-0)
8.682: (drive-truck t1 l1-0 l1-1 c1)
8.777: (drive-truck t0 l0-1 l0-0 c0)
8.002: (fly-airplane a0 l1-0 l0-0)
8.851: (drive-truck t1 l1-1 l1-0 c1)
7.945: (drive-truck t2 l2-0 l2-1 c2)
9.000: (unload-truck p2 t1 l1-0)
7.999: (unload-airplane p3 a0 l0-0)
7.742: (drive-truck t1 l1-0 l1-1 c1)
7.739: (fly-airplane a0 l0-0 l2-0)
7.742: (fly-airplane a0 l2-0 l1-0)
7.926: (drive-truck t1 l1-1 l1-0 c1)
7.992: (fly-airplane a0 l1-0 l2-0)
8.882: (drive-truck t0 l0-0 l0-1 c0)
8.667: (drive-truck t1 l1-0 l1-1 c1)
8.670: (fly-airplane a0 l2-0 l0-0)
8.673: (fly-airplane a0 l0-0 l1-0)
8.818: (drive-truck t1 l1-1 l1-0 c1)
8.888: (fly-airplane a0 l1-0 l0-0)
9.848: (drive-truck t2 l2-1 l2-0 c2)
8.958: (drive-truck t0 l0-1 l0-0 c0)
8.800: (drive-truck t1 l1-0 l1-1 c1)
8.783: (fly-airplane a0 l0-0 l2-0)
8.797: (fly-airplane a0 l2-0 l1-0)
8.896: (drive-truck t1 l1-1 l1-0 c1)
8.950: (fly-airplane a0 l1-0 l2-0)
7.874: (load-truck p2 t1 l1-0)
8.841: (load-truck p3 t0 l0-0)
7.981: (drive-truck t1 l1-0 l1-1 c1)
7.992: (fly-airplane a0 l2-0 l1-0)
7.998: (fly-airplane a0 l1-0 l0-0)
8.035: (drive-truck t0 l0-0 l0-1 c0)
8.034: (fly-airplane a0 l0-0 l2-0)
8.036: (fly-airplane a0 l2-0 l1-0)
8.935: (drive-truck t1 l1-1 l1-0 c1)
8.019: (drive-truck t2 l2-0 l2-1 c2)
7.931: (drive-truck t0 l0-1 l0-0 c0)
7.944: (fly-airplane a0 l1-0 l0-0)
8.022: (drive-truck t0 l0-0 l0-1 c0)
8.929: (drive-truck t2 l2-1 l2-0 c2)
8.851: (drive-truck t0 l0-1 l0-0 c0)
8.849: (fly-airplane a0 l0-0 l1-0)
9.849: (unload-truck p1 t2 l2-0)
8.884: (unload-truck p3 t0 l0-0)
8.875: (fly-airplane a0 l1-0 l2-0)
8.880: (drive-truck t0 l0-0 l0-1 c0)
8.877: (fly-airplane a0 l2-0 l1-0)
8.877: (fly-airplane a0 l1-0 l0-0)
8.884: (drive-truck t0 l0-1 l0-0 c0)
9.852: (load-truck p3 t0 l0-0)
8.884: (unload-truck p0 t0 l0-0)
8.877: (drive-truck t0 l0-0 l0-1 c0)
8.877: (fly-airplane a0 l0-0 l1-0)
8.884: (drive-truck t0 l0-1 l0-0 c0)
9.891: (unload-truck p2 t1 l1-0)
8.896: (load-truck p1 t2 l2-0)
7.926: (drive-truck t2 l2-0 l2-1 c2)
7.742: (drive-truck t1 l1-0 l1-1 c1)
7.739: (fly-airplane a0 l1-0 l2-0)
7.742: (fly-airplane a0 l2-0 l0-0)
7.999: (drive-truck t1 l1-1 l1-0 c1)
7.992: (fly-airplane a0 l0-0 l2-0)
8.882: (drive-truck t0 l0-0 l0-1 c0)
8.667: (drive-truck t1 l1-0 l1-1 c1)
8.670: (fly-airplane a0 l2-0 l0-0)
8.673: (fly-airplane a0 l0-0 l1-0)
8.818: (drive-truck t1 l1-1 l1-0 c1)
8.888: (fly-airplane a0 l1-0 l0-0)
9.848: (drive-truck t2 l2-1 l2-0 c2)
8.958: (drive-truck t0 l0-1 l0-0 c0)
8.800: (drive-truck t1 l1-0 l1-1 c1)
8.783: (fly-airplane a0 l0-0 l2-0)
8.797: (fly-airplane a0 l2-0 l1-0)
9.715: (drive-truck t0 l0-0 l0-1 c0)
9.706: (fly-airplane a0 l1-0 l2-0)
9.711: (fly-airplane a0 l2-0 l0-0)
10.787: (load-airplane p0 a0 l0-0)
9.746: (drive-truck t2 l2-0 l2-1 c2)
8.738: (drive-truck t0 l0-1 l0-0 c0)
8.800: (fly-airplane a0 l0-0 l1-0)
8.996: (drive-truck t1 l1-1 l1-0 c1)
7.948: (load-truck p2 t1 l1-0)
7.716: (drive-truck t1 l1-0 l1-1 c1)
6.939: (fly-airplane a0 l1-0 l0-0)
6.787: (drive-truck t0 l0-0 l0-1 c0)
7.641: (fly-airplane a0 l0-0 l1-0)
7.641: (fly-airplane a0 l1-0 l2-0)
7.716: (drive-truck t0 l0-1 l0-0 c0)
7.991: (drive-truck t2 l2-1 l2-0 c2)
7.889: (drive-truck t0 l0-0 l0-1 c0)
7.824: (fly-airplane a0 l2-0 l0-0)
8.002: (drive-truck t0 l0-1 l0-0 c0)
8.777: (fly-airplane a0 l0-0 l1-0)
8.682: (drive-truck t0 l0-0 l0-1 c0)
8.819: (drive-truck t1 l1-1 l1-0 c1)
7.871: (drive-truck t2 l2-0 l2-1 c2)
7.810: (fly-airplane a0 l1-0 l0-0)
7.945: (drive-truck t0 l0-1 l0-0 c0)
8.731: (fly-airplane a0 l0-0 l2-0)
8.665: (drive-truck t0 l0-0 l0-1 c0)
8.827: (drive-truck t2 l2-1 l2-0 c2)
8.778: (fly-airplane a0 l2-0 l0-0)
8.851: (drive-truck t0 l0-1 l0-0 c0)
8.865: (fly-airplane a0 l0-0 l2-0)
8.875: (fly-airplane a0 l2-0 l1-0)
8.010: (unload-truck p3 t0 l0-0)
8.957: (unload-airplane p0 a0 l1-0)
7.981: (drive-truck t2 l2-0 l2-1 c2)
7.618: (load-truck p0 t1 l1-0)
6.826: (drive-truck t1 l1-0 l1-1 c1)
6.828: (fly-airplane a0 l1-0 l2-0)
6.834: (fly-airplane a0 l2-0 l0-0)
7.008: (drive-truck t0 l0-0 l0-1 c0)
6.999: (fly-airplane a0 l0-0 l1-0)
7.001: (fly-airplane a0 l1-0 l2-0)
7.725: (drive-truck t1 l1-1 l1-0 c1)
7.616: (drive-truck t0 l0-1 l0-0 c0)
7.623: (fly-airplane a0 l2-0 l0-0)
7.729: (drive-truck t0 l0-0 l0-1 c0)
7.725: (fly-airplane a0 l0-0 l1-0)
8.129: (unload-truck p0 t1 l1-0)
7.997: (drive-truck t1 l1-0 l1-1 c1)
7.816: (drive-truck t0 l0-1 l0-0 c0)
7.806: (fly-airplane a0 l1-0 l2-0)
7.809: (fly-airplane a0 l2-0 l0-0)
7.990: (drive-truck t0 l0-0 l0-1 c0)
7.987: (fly-airplane a0 l0-0 l2-0)
8.180: (drive-truck t1 l1-1 l1-0 c1)
8.037: (drive-truck t0 l0-1 l0-0 c0)
8.045: (fly-airplane a0 l2-0 l0-0)
8.185: (drive-truck t0 l0-0 l0-1 c0)
9.103: (drive-truck t2 l2-1 l2-0 c2)
8.614: (load-truck p0 t1 l1-0)
7.971: (drive-truck t1 l1-0 l1-1 c1)
7.828: (drive-truck t0 l0-1 l0-0 c0)
7.814: (fly-airplane a0 l0-0 l2-0)
7.818: (fly-airplane a0 l2-0 l1-0)
7.966: (drive-truck t0 l0-0 l0-1 c0)
7.954: (fly-airplane a0 l1-0 l2-0)
8.606: (drive-truck t1 l1-1 l1-0 c1)
8.536: (drive-truck t0 l0-1 l0-0 c0)
8.538: (fly-airplane a0 l2-0 l1-0)
8.542: (fly-airplane a0 l1-0 l0-0)
9.011: (unload-truck p0 t1 l1-0)
8.853: (drive-truck t1 l1-0 l1-1 c1)
8.846: (fly-airplane a0 l0-0 l2-0)
8.859: (fly-airplane a0 l2-0 l1-0)
8.990: (drive-truck t0 l0-0 l0-1 c0)
8.980: (fly-airplane a0 l1-0 l2-0)
8.991: (fly-airplane a0 l2-0 l0-0)
9.988: (load-airplane p3 a0 l0-0)
8.979: (drive-truck t2 l2-0 l2-1 c2)
8.792: (drive-truck t0 l0-1 l0-0 c0)
8.830: (fly-airplane a0 l0-0 l1-0)
9.005: (drive-truck t0 l0-0 l0-1 c0)
9.135: (drive-truck t1 l1-1 l1-0 c1)
8.702: (load-truck p0 t1 l1-0)
8.624: (drive-truck t0 l0-1 l0-0 c0)
8.588: (drive-truck t1 l1-0 l1-1 c1)
7.932: (fly-airplane a0 l1-0 l0-0)
8.526: (drive-truck t0 l0-0 l0-1 c0)
8.747: (fly-airplane a0 l0-0 l2-0)
8.579: (drive-truck t0 l0-1 l0-0 c0)
8.775: (drive-truck t2 l2-1 l2-0 c2)
8.891: (drive-truck t0 l0-0 l0-1 c0)
9.474: (fly-airplane a0 l2-0 l0-0)
8.916: (drive-truck t0 l0-1 l0-0 c0)
9.521: (fly-airplane a0 l0-0 l1-0)
9.511: (drive-truck t1 l1-1 l1-0 c1)
9.482: (fly-airplane a0 l1-0 l2-0)
9.349: (drive-truck t2 l2-0 l2-1 c2)
8.707: (fly-airplane a0 l2-0 l0-0)
9.044: (unload-truck p0 t1 l1-0)
9.005: (fly-airplane a0 l0-0 l1-0)
9.779: (fly-airplane a0 l1-0 l2-0)
9.563: (drive-truck t1 l1-0 l1-1 c1)
9.739: (drive-truck t0 l0-0 l0-1 c0)
9.903: (drive-truck t1 l1-1 l1-0 c1)
9.190: (fly-airplane a0 l2-0 l0-0)
9.305: (load-truck p0 t1 l1-0)
9.445: (fly-airplane a0 l0-0 l2-0)
9.556: (drive-truck t2 l2-1 l2-0 c2)
9.588: (fly-airplane a0 l2-0 l1-0)
9.671: (drive-truck t1 l1-0 l1-1 c1)
8.755: (drive-truck t2 l2-0 l2-1 c2)
9.741: (unload-airplane p3 a0 l1-0)
9.580: (drive-truck t0 l0-1 l0-0 c0)
9.550: (drive-truck t1 l1-1 l1-0 c1)
8.677: (load-truck p3 t1 l1-0)
7.942: (drive-truck t1 l1-0 l1-1 c1)
7.945: (fly-airplane a0 l1-0 l2-0)
7.947: (fly-airplane a0 l2-0 l0-0)
8.096: (drive-truck t0 l0-0 l0-1 c0)
8.098: (fly-airplane a0 l0-0 l1-0)
8.101: (fly-airplane a0 l1-0 l2-0)
8.739: (drive-truck t1 l1-1 l1-0 c1)
8.675: (drive-truck t0 l0-1 l0-0 c0)
8.678: (fly-airplane a0 l2-0 l0-0)
8.739: (drive-truck t0 l0-0 l0-1 c0)
8.744: (fly-airplane a0 l0-0 l1-0)
9.631: (drive-truck t2 l2-1 l2-0 c2)
9.028: (drive-truck t1 l1-0 l1-1 c1)
8.924: (drive-truck t0 l0-1 l0-0 c0)
8.922: (fly-airplane a0 l1-0 l2-0)
8.934: (fly-airplane a0 l2-0 l0-0)
9.031: (drive-truck t0 l0-0 l0-1 c0)
9.016: (fly-airplane a0 l0-0 l2-0)
9.622: (drive-truck t1 l1-1 l1-0 c1)
9.550: (drive-truck t0 l0-1 l0-0 c0)
9.555: (fly-airplane a0 l2-0 l0-0)
9.556: (fly-airplane a0 l0-0 l1-0)
10.468: (unload-truck p0 t1 l1-0)
9.511: (load-airplane p0 a0 l1-0)
8.624: (drive-truck t2 l2-0 l2-1 c2)
8.588: (drive-truck t1 l1-0 l1-1 c1)
7.932: (fly-airplane a0 l1-0 l0-0)
6.834: (unload-airplane p0 a0 l0-0)
6.826: (fly-airplane a0 l0-0 l1-0)
6.828: (fly-airplane a0 l1-0 l2-0)
7.001: (drive-truck t0 l0-0 l0-1 c0)
6.999: (fly-airplane a0 l2-0 l1-0)
7.008: (fly-airplane a0 l1-0 l0-0)
7.729: (drive-truck t1 l1-1 l1-0 c1)
7.623: (drive-truck t0 l0-1 l0-0 c0)
7.616: (fly-airplane a0 l0-0 l2-0)
7.618: (fly-airplane a0 l2-0 l1-0)
7.725: (drive-truck t0 l0-0 l0-1 c0)
7.725: (fly-airplane a0 l1-0 l2-0)
8.180: (unload-truck p3 t1 l1-0)
7.987: (drive-truck t1 l1-0 l1-1 c1)
7.806: (drive-truck t0 l0-1 l0-0 c0)
7.809: (fly-airplane a0 l2-0 l0-0)
7.816: (fly-airplane a0 l0-0 l1-0)
7.981: (drive-truck t1 l1-1 l1-0 c1)
8.037: (fly-airplane a0 l1-0 l2-0)
8.045: (fly-airplane a0 l2-0 l0-0)
8.185: (drive-truck t0 l0-0 l0-1 c0)
7.990: (drive-truck t1 l1-0 l1-1 c1)
7.997: (fly-airplane a0 l0-0 l1-0)
8.129: (drive-truck t1 l1-1 l1-0 c1)
9.055: (drive-truck t2 l2-1 l2-0 c2)
8.609: (load-truck p3 t1 l1-0)
7.966: (drive-truck t1 l1-0 l1-1 c1)
7.818: (drive-truck t0 l0-1 l0-0 c0)
7.814: (fly-airplane a0 l1-0 l2-0)
7.828: (fly-airplane a0 l2-0 l0-0)
7.971: (drive-truck t0 l0-0 l0-1 c0)
7.954: (fly-airplane a0 l0-0 l2-0)
8.606: (drive-truck t1 l1-1 l1-0 c1)
8.536: (drive-truck t0 l0-1 l0-0 c0)
8.538: (fly-airplane a0 l2-0 l1-0)
8.542: (fly-airplane a0 l1-0 l0-0)
8.614: (drive-truck t0 l0-0 l0-1 c0)
9.103: (unload-truck p3 t1 l1-0)
8.991: (drive-truck t1 l1-0 l1-1 c1)
8.853: (drive-truck t0 l0-1 l0-0 c0)
8.846: (fly-airplane a0 l0-0 l2-0)
8.859: (fly-airplane a0 l2-0 l1-0)
8.957: (drive-truck t1 l1-1 l1-0 c1)
9.005: (fly-airplane a0 l1-0 l2-0)
9.011: (fly-airplane a0 l2-0 l0-0)
10.002: (unload-truck p1 t2 l2-0)
9.542: (load-truck p3 t1 l1-0)
9.536: (fly-airplane a0 l0-0 l2-0)
9.539: (fly-airplane a0 l2-0 l1-0)
9.612: (drive-truck t0 l0-0 l0-1 c0)
9.607: (fly-airplane a0 l1-0 l2-0)
9.615: (fly-airplane a0 l2-0 l0-0)
10.101: (unload-truck p3 t1 l1-0)
10.055: (fly-airplane a0 l0-0 l1-0)
9.084: (load-airplane p3 a0 l1-0)
9.009: (drive-truck t0 l0-1 l0-0 c0)
9.876: (load-truck p0 t0 l0-0)
9.832: (drive-truck t0 l0-0 l0-1 c0)
9.770: (fly-airplane a0 l1-0 l0-0)
9.852: (drive-truck t0 l0-1 l0-0 c0)
9.905: (fly-airplane a0 l0-0 l2-0)
9.870: (drive-truck t0 l0-0 l0-1 c0)
10.728: (drive-truck t1 l1-0 l1-1 c1)
10.646: (fly-airplane a0 l2-0 l0-0)
9.757: (unload-airplane p3 a0 l0-0)
9.750: (fly-airplane a0 l0-0 l2-0)
9.780: (fly-airplane a0 l2-0 l1-0)
10.361: (drive-truck t0 l0-1 l0-0 c0)
10.256: (fly-airplane a0 l1-0 l2-0)
10.337: (fly-airplane a0 l2-0 l0-0)
10.813: (unload-truck p0 t0 l0-0)
10.309: (load-airplane p0 a0 l0-0)
8.879: (drive-truck t1 l1-1 l1-0 c1)
9.009: (fly-airplane a0 l0-0 l1-0)
9.032: (fly-airplane a0 l1-0 l2-0)
9.111: (drive-truck t0 l0-0 l0-1 c0)
9.084: (fly-airplane a0 l2-0 l1-0)
9.585: (fly-airplane a0 l1-0 l0-0)
9.281: (unload-airplane p0 a0 l0-0)
9.107: (fly-airplane a0 l0-0 l1-0)
9.218: (fly-airplane a0 l1-0 l2-0)
9.582: (load-airplane p1 a0 l2-0)
9.007: (drive-truck t0 l0-1 l0-0 c0)
9.172: (fly-airplane a0 l2-0 l0-0)
8.889: (unload-airplane p1 a0 l0-0)
7.835: (load-truck p1 t0 l0-0)
6.512: (drive-truck t0 l0-0 l0-1 c0)
5.121: (drive-truck t1 l1-0 l1-1 c1)
5.128: (fly-airplane a0 l0-0 l2-0)
5.129: (fly-airplane a0 l2-0 l1-0)
6.124: (drive-truck t2 l2-0 l2-1 c2)
6.115: (fly-airplane a0 l1-0 l0-0)
6.121: (fly-airplane a0 l0-0 l2-0)
7.511: (drive-truck t1 l1-1 l1-0 c1)
6.519: (drive-truck t2 l2-1 l2-0 c2)
6.316: (fly-airplane a0 l2-0 l1-0)
7.308: (drive-truck t2 l2-0 l2-1 c2)
7.505: (fly-airplane a0 l1-0 l0-0)
8.027: (load-airplane p0 a0 l0-0)
6.981: (drive-truck t1 l1-0 l1-1 c1)
6.047: (drive-truck t2 l2-1 l2-0 c2)
6.025: (fly-airplane a0 l0-0 l2-0)
6.951: (fly-airplane a0 l2-0 l1-0)
7.209: (drive-truck t1 l1-1 l1-0 c1)
7.034: (fly-airplane a0 l1-0 l2-0)
7.099: (fly-airplane a0 l2-0 l0-0)
8.090: (load-airplane p3 a0 l0-0)
7.046: (drive-truck t1 l1-0 l1-1 c1)
6.047: (unload-airplane p0 a0 l0-0)
6.025: (fly-airplane a0 l0-0 l2-0)
6.951: (fly-airplane a0 l2-0 l1-0)
7.209: (drive-truck t1 l1-1 l1-0 c1)
7.034: (fly-airplane a0 l1-0 l2-0)
7.099: (fly-airplane a0 l2-0 l0-0)
8.027: (drive-truck t2 l2-0 l2-1 c2)
6.981: (drive-truck t1 l1-0 l1-1 c1)
7.016: (fly-airplane a0 l0-0 l2-0)
7.881: (fly-airplane a0 l2-0 l1-0)
8.137: (drive-truck t1 l1-1 l1-0 c1)
8.005: (fly-airplane a0 l1-0 l2-0)
8.900: (drive-truck t0 l0-1 l0-0 c0)
7.929: (drive-truck t2 l2-1 l2-0 c2)
7.039: (drive-truck t1 l1-0 l1-1 c1)
7.599: (fly-airplane a0 l2-0 l0-0)
6.565: (unload-airplane p3 a0 l0-0)
6.583: (fly-airplane a0 l0-0 l2-0)
6.585: (fly-airplane a0 l2-0 l1-0)
7.574: (drive-truck t2 l2-0 l2-1 c2)
7.554: (fly-airplane a0 l1-0 l0-0)
7.571: (fly-airplane a0 l0-0 l2-0)
8.579: (load-truck p3 t0 l0-0)
7.592: (drive-truck t2 l2-1 l2-0 c2)
7.056: (drive-truck t0 l0-0 l0-1 c0)
7.051: (fly-airplane a0 l2-0 l1-0)
7.057: (fly-airplane a0 l1-0 l0-0)
7.605: (drive-truck t0 l0-1 l0-0 c0)
7.595: (fly-airplane a0 l0-0 l1-0)
8.550: (drive-truck t1 l1-1 l1-0 c1)
7.673: (unload-truck p3 t0 l0-0)
7.854: (fly-airplane a0 l1-0 l2-0)
8.731: (load-truck p0 t0 l0-0)
7.592: (drive-truck t1 l1-0 l1-1 c1)
7.056: (drive-truck t0 l0-0 l0-1 c0)
7.051: (fly-airplane a0 l2-0 l1-0)
7.057: (fly-airplane a0 l1-0 l0-0)
7.605: (drive-truck t0 l0-1 l0-0 c0)
7.595: (fly-airplane a0 l0-0 l1-0)
8.550: (drive-truck t1 l1-1 l1-0 c1)
8.004: (drive-truck t0 l0-0 l0-1 c0)
8.014: (fly-airplane a0 l1-0 l2-0)
8.016: (fly-airplane a0 l2-0 l0-0)
8.739: (drive-truck t0 l0-1 l0-0 c0)
9.648: (unload-truck p2 t1 l1-0)
8.746: (unload-truck p0 t0 l0-0)
7.958: (drive-truck t1 l1-0 l1-1 c1)
7.957: (fly-airplane a0 l0-0 l1-0)
7.958: (fly-airplane a0 l1-0 l2-0)
8.600: (drive-truck t0 l0-0 l0-1 c0)
8.586: (fly-airplane a0 l2-0 l1-0)
8.591: (fly-airplane a0 l1-0 l0-0)
9.180: (load-airplane p3 a0 l0-0)
8.997: (fly-airplane a0 l0-0 l2-0)
8.851: (drive-truck t0 l0-1 l0-0 c0)
9.001: (drive-truck t1 l1-1 l1-0 c1)
9.180: (drive-truck t0 l0-0 l0-1 c0)
9.393: (fly-airplane a0 l2-0 l1-0)
9.203: (drive-truck t1 l1-0 l1-1 c1)
Failed to find a solution!
