/u/ibrahim.eisawy/Neural-Guided-Search/venv/lib/python3.10/site-packages/pymimir_rgnn/model.py:151: UserWarning: index_reduce() is in beta and the API may change at any time. (Triggered internally at /pytorch/aten/src/ATen/native/cuda/Indexing.cu:1541.)
  max_msg.index_reduce_(0, output_indices, output_messages, reduce='amax', include_self=True)
Torch: 2.12.0+cu130
Using GPU:  NVIDIA L40S
15.128: (load-truck p1 t0 l0-0)
14.141: (drive-truck t0 l0-0 l0-1 c0)
13.090: (load-truck p4 t0 l0-1)
11.420: (unload-truck p1 t0 l0-1)
10.980: (load-truck p2 t0 l0-1)
10.404: (drive-truck t0 l0-1 l0-0 c0)
9.466: (load-truck p3 t0 l0-0)
9.465: (fly-airplane a0 l2-0 l1-0)
9.467: (fly-airplane a0 l1-0 l0-0)
9.470: (drive-truck t1 l1-1 l1-0 c1)
9.469: (fly-airplane a0 l0-0 l1-0)
9.469: (fly-airplane a0 l1-0 l2-0)
9.508: (drive-truck t2 l2-0 l2-1 c2)
8.149: (load-truck p5 t2 l2-1)
7.525: (load-truck p0 t2 l2-1)
6.250: (drive-truck t2 l2-1 l2-0 c2)
6.251: (fly-airplane a0 l2-0 l1-0)
6.253: (fly-airplane a0 l1-0 l0-0)
6.271: (drive-truck t1 l1-0 l1-1 c1)
6.268: (fly-airplane a0 l0-0 l2-0)
6.268: (fly-airplane a0 l2-0 l1-0)
7.126: (unload-truck p5 t2 l2-0)
7.123: (fly-airplane a0 l1-0 l2-0)
6.103: (load-airplane p5 a0 l2-0)
5.988: (fly-airplane a0 l2-0 l1-0)
4.987: (unload-airplane p5 a0 l1-0)
4.983: (drive-truck t1 l1-1 l1-0 c1)
4.983: (fly-airplane a0 l1-0 l2-0)
4.985: (drive-truck t1 l1-0 l1-1 c1)
4.988: (fly-airplane a0 l2-0 l0-0)
4.986: (drive-truck t1 l1-1 l1-0 c1)
5.945: (unload-truck p4 t0 l0-0)
5.947: (drive-truck t1 l1-0 l1-1 c1)
5.951: (fly-airplane a0 l0-0 l2-0)
5.949: (drive-truck t1 l1-1 l1-0 c1)
5.948: (fly-airplane a0 l2-0 l1-0)
5.952: (drive-truck t1 l1-0 l1-1 c1)
6.922: (unload-truck p3 t0 l0-0)
5.952: (load-truck p4 t0 l0-0)
5.947: (fly-airplane a0 l1-0 l0-0)
5.945: (drive-truck t1 l1-1 l1-0 c1)
5.948: (fly-airplane a0 l0-0 l1-0)
5.949: (fly-airplane a0 l1-0 l2-0)
5.951: (drive-truck t1 l1-0 l1-1 c1)
6.921: (unload-truck p4 t0 l0-0)
6.915: (fly-airplane a0 l2-0 l0-0)
6.911: (drive-truck t1 l1-1 l1-0 c1)
6.917: (fly-airplane a0 l0-0 l1-0)
6.918: (fly-airplane a0 l1-0 l2-0)
7.910: (load-truck p5 t1 l1-0)
6.951: (load-truck p3 t0 l0-0)
5.985: (load-truck p4 t0 l0-0)
5.987: (fly-airplane a0 l2-0 l1-0)
5.988: (fly-airplane a0 l1-0 l0-0)
6.947: (unload-truck p4 t0 l0-0)
6.952: (fly-airplane a0 l0-0 l1-0)
7.911: (unload-truck p3 t0 l0-0)
6.952: (load-truck p4 t0 l0-0)
6.947: (fly-airplane a0 l1-0 l0-0)
6.951: (fly-airplane a0 l0-0 l2-0)
7.943: (drive-truck t1 l1-0 l1-1 c1)
6.977: (load-truck p3 t0 l0-0)
6.975: (fly-airplane a0 l2-0 l1-0)
6.980: (fly-airplane a0 l1-0 l0-0)
7.939: (unload-truck p4 t0 l0-0)
7.940: (fly-airplane a0 l0-0 l1-0)
7.943: (fly-airplane a0 l1-0 l2-0)
8.898: (unload-truck p3 t0 l0-0)
8.891: (fly-airplane a0 l2-0 l0-0)
7.903: (drive-truck t1 l1-1 l1-0 c1)
8.910: (load-airplane p4 a0 l0-0)
7.907: (unload-truck p5 t1 l1-0)
6.952: (load-truck p3 t0 l0-0)
6.950: (fly-airplane a0 l0-0 l2-0)
5.943: (unload-airplane p4 a0 l2-0)
4.979: (load-truck p4 t2 l2-0)
4.979: (fly-airplane a0 l2-0 l1-0)
4.982: (fly-airplane a0 l1-0 l0-0)
4.984: (drive-truck t1 l1-0 l1-1 c1)
4.981: (fly-airplane a0 l0-0 l2-0)
4.982: (fly-airplane a0 l2-0 l1-0)
5.635: (drive-truck t2 l2-0 l2-1 c2)
4.942: (unload-truck p4 t2 l2-1)
3.892: (drive-truck t2 l2-1 l2-0 c2)
3.889: (drive-truck t1 l1-1 l1-0 c1)
3.889: (fly-airplane a0 l1-0 l2-0)
3.891: (drive-truck t1 l1-0 l1-1 c1)
3.893: (fly-airplane a0 l2-0 l0-0)
3.891: (drive-truck t1 l1-1 l1-0 c1)
4.884: (unload-truck p3 t0 l0-0)
4.886: (drive-truck t1 l1-0 l1-1 c1)
4.891: (fly-airplane a0 l0-0 l2-0)
4.889: (drive-truck t1 l1-1 l1-0 c1)
4.889: (fly-airplane a0 l2-0 l1-0)
4.892: (drive-truck t1 l1-0 l1-1 c1)
5.893: (load-airplane p5 a0 l1-0)
4.893: (load-truck p3 t0 l0-0)
4.879: (drive-truck t1 l1-1 l1-0 c1)
5.009: (fly-airplane a0 l1-0 l2-0)
5.009: (drive-truck t1 l1-0 l1-1 c1)
5.010: (fly-airplane a0 l2-0 l0-0)
5.010: (drive-truck t1 l1-1 l1-0 c1)
6.022: (unload-truck p3 t0 l0-0)
5.879: (fly-airplane a0 l0-0 l1-0)
6.011: (fly-airplane a0 l1-0 l2-0)
6.010: (drive-truck t1 l1-0 l1-1 c1)
6.022: (fly-airplane a0 l2-0 l0-0)
7.038: (unload-airplane p5 a0 l0-0)
6.028: (load-truck p3 t0 l0-0)
5.185: (load-truck p5 t0 l0-0)
5.167: (drive-truck t1 l1-1 l1-0 c1)
5.164: (fly-airplane a0 l0-0 l2-0)
5.165: (fly-airplane a0 l2-0 l1-0)
5.183: (drive-truck t1 l1-0 l1-1 c1)
5.183: (fly-airplane a0 l1-0 l2-0)
6.032: (unload-truck p5 t0 l0-0)
6.031: (fly-airplane a0 l2-0 l1-0)
6.033: (drive-truck t1 l1-1 l1-0 c1)
6.028: (fly-airplane a0 l1-0 l0-0)
6.033: (fly-airplane a0 l0-0 l2-0)
6.885: (drive-truck t2 l2-0 l2-1 c2)
6.212: (load-truck p5 t0 l0-0)
6.064: (drive-truck t0 l0-0 l0-1 c0)
6.062: (fly-airplane a0 l2-0 l0-0)
6.062: (drive-truck t1 l1-0 l1-1 c1)
6.064: (fly-airplane a0 l0-0 l2-0)
6.066: (fly-airplane a0 l2-0 l1-0)
6.066: (drive-truck t1 l1-1 l1-0 c1)
6.215: (drive-truck t0 l0-1 l0-0 c0)
6.224: (fly-airplane a0 l1-0 l0-0)
6.242: (drive-truck t1 l1-0 l1-1 c1)
6.230: (fly-airplane a0 l0-0 l2-0)
6.233: (fly-airplane a0 l2-0 l1-0)
6.886: (unload-truck p5 t0 l0-0)
6.884: (fly-airplane a0 l1-0 l2-0)
6.922: (fly-airplane a0 l2-0 l0-0)
6.056: (load-airplane p5 a0 l0-0)
5.940: (drive-truck t0 l0-0 l0-1 c0)
5.846: (fly-airplane a0 l0-0 l1-0)
4.846: (unload-airplane p5 a0 l1-0)
4.840: (fly-airplane a0 l1-0 l0-0)
4.838: (drive-truck t1 l1-1 l1-0 c1)
4.838: (fly-airplane a0 l0-0 l2-0)
4.840: (drive-truck t1 l1-0 l1-1 c1)
4.940: (drive-truck t0 l0-1 l0-0 c0)
4.938: (drive-truck t1 l1-1 l1-0 c1)
4.938: (fly-airplane a0 l2-0 l1-0)
4.842: (drive-truck t0 l0-0 l0-1 c0)
5.206: (drive-truck t2 l2-1 l2-0 c2)
5.202: (fly-airplane a0 l1-0 l2-0)
5.204: (drive-truck t1 l1-0 l1-1 c1)
5.206: (fly-airplane a0 l2-0 l0-0)
5.204: (drive-truck t1 l1-1 l1-0 c1)
5.413: (unload-truck p2 t0 l0-1)
5.256: (drive-truck t2 l2-0 l2-1 c2)
5.251: (fly-airplane a0 l0-0 l2-0)
5.252: (fly-airplane a0 l2-0 l1-0)
5.256: (drive-truck t1 l1-0 l1-1 c1)
5.253: (fly-airplane a0 l1-0 l2-0)
5.258: (fly-airplane a0 l2-0 l0-0)
5.415: (drive-truck t2 l2-1 l2-0 c2)
5.410: (fly-airplane a0 l0-0 l2-0)
5.408: (drive-truck t1 l1-1 l1-0 c1)
5.409: (fly-airplane a0 l2-0 l1-0)
5.413: (drive-truck t1 l1-0 l1-1 c1)
5.210: (load-truck p2 t0 l0-1)
5.917: (unload-truck p0 t2 l2-0)
5.207: (drive-truck t0 l0-1 l0-0 c0)
5.203: (drive-truck t1 l1-1 l1-0 c1)
5.206: (fly-airplane a0 l1-0 l0-0)
5.207: (drive-truck t1 l1-0 l1-1 c1)
5.221: (fly-airplane a0 l0-0 l2-0)
3.960: (load-airplane p0 a0 l2-0)
3.958: (drive-truck t1 l1-1 l1-0 c1)
4.164: (fly-airplane a0 l2-0 l0-0)
4.166: (drive-truck t1 l1-0 l1-1 c1)
4.281: (drive-truck t2 l2-0 l2-1 c2)
4.223: (fly-airplane a0 l0-0 l2-0)
4.161: (load-truck p4 t2 l2-1)
4.159: (drive-truck t1 l1-1 l1-0 c1)
4.221: (unload-truck p4 t2 l2-1)
4.279: (fly-airplane a0 l2-0 l0-0)
4.255: (load-truck p4 t2 l2-1)
4.257: (drive-truck t1 l1-0 l1-1 c1)
4.981: (drive-truck t2 l2-1 l2-0 c2)
4.979: (drive-truck t1 l1-1 l1-0 c1)
4.984: (fly-airplane a0 l0-0 l2-0)
4.985: (drive-truck t1 l1-0 l1-1 c1)
5.715: (fly-airplane a0 l2-0 l1-0)
4.992: (drive-truck t2 l2-0 l2-1 c2)
5.015: (unload-truck p4 t2 l2-1)
4.900: (drive-truck t2 l2-1 l2-0 c2)
4.948: (drive-truck t1 l1-1 l1-0 c1)
5.062: (drive-truck t2 l2-0 l2-1 c2)
5.039: (load-truck p4 t2 l2-1)
5.249: (load-airplane p5 a0 l1-0)
5.262: (drive-truck t1 l1-0 l1-1 c1)
5.269: (fly-airplane a0 l1-0 l2-0)
5.269: (drive-truck t1 l1-1 l1-0 c1)
5.331: (unload-truck p4 t2 l2-1)
5.073: (drive-truck t2 l2-1 l2-0 c2)
5.073: (drive-truck t1 l1-0 l1-1 c1)
5.169: (fly-airplane a0 l2-0 l1-0)
5.156: (drive-truck t1 l1-1 l1-0 c1)
5.272: (drive-truck t2 l2-0 l2-1 c2)
5.284: (drive-truck t1 l1-0 l1-1 c1)
5.331: (fly-airplane a0 l1-0 l2-0)
5.389: (fly-airplane a0 l2-0 l0-0)
5.280: (drive-truck t2 l2-1 l2-0 c2)
5.280: (drive-truck t1 l1-1 l1-0 c1)
5.388: (drive-truck t2 l2-0 l2-1 c2)
5.374: (load-truck p4 t2 l2-1)
5.373: (drive-truck t1 l1-0 l1-1 c1)
6.097: (drive-truck t2 l2-1 l2-0 c2)
5.984: (fly-airplane a0 l0-0 l1-0)
5.971: (drive-truck t1 l1-1 l1-0 c1)
5.763: (unload-airplane p5 a0 l1-0)
5.985: (load-truck p5 t1 l1-0)
5.263: (drive-truck t2 l2-0 l2-1 c2)
5.160: (fly-airplane a0 l1-0 l2-0)
5.223: (unload-truck p4 t2 l2-1)
4.959: (drive-truck t2 l2-1 l2-0 c2)
5.165: (fly-airplane a0 l2-0 l0-0)
5.171: (fly-airplane a0 l0-0 l1-0)
5.286: (drive-truck t2 l2-0 l2-1 c2)
5.281: (fly-airplane a0 l1-0 l0-0)
5.257: (load-truck p4 t2 l2-1)
5.980: (drive-truck t2 l2-1 l2-0 c2)
5.985: (fly-airplane a0 l0-0 l2-0)
6.978: (drive-truck t1 l1-0 l1-1 c1)
6.153: (drive-truck t2 l2-0 l2-1 c2)
6.215: (unload-truck p4 t2 l2-1)
5.952: (drive-truck t2 l2-1 l2-0 c2)
6.146: (fly-airplane a0 l2-0 l1-0)
6.158: (fly-airplane a0 l1-0 l0-0)
6.274: (drive-truck t2 l2-0 l2-1 c2)
6.249: (load-truck p4 t2 l2-1)
6.239: (fly-airplane a0 l0-0 l1-0)
6.261: (unload-truck p4 t2 l2-1)
6.933: (drive-truck t0 l0-0 l0-1 c0)
5.960: (drive-truck t1 l1-1 l1-0 c1)
5.731: (unload-truck p5 t1 l1-0)
4.938: (fly-airplane a0 l1-0 l2-0)
4.922: (drive-truck t2 l2-1 l2-0 c2)
4.862: (fly-airplane a0 l2-0 l0-0)
4.864: (drive-truck t1 l1-0 l1-1 c1)
4.924: (fly-airplane a0 l0-0 l2-0)
4.940: (drive-truck t2 l2-0 l2-1 c2)
4.957: (load-truck p4 t2 l2-1)
4.955: (drive-truck t1 l1-1 l1-0 c1)
5.006: (fly-airplane a0 l2-0 l0-0)
4.958: (unload-truck p4 t2 l2-1)
4.960: (drive-truck t1 l1-0 l1-1 c1)
5.008: (load-truck p4 t2 l2-1)
5.480: (unload-truck p2 t0 l0-1)
5.402: (fly-airplane a0 l0-0 l2-0)
5.375: (unload-truck p4 t2 l2-1)
5.272: (drive-truck t2 l2-1 l2-0 c2)
5.270: (drive-truck t1 l1-1 l1-0 c1)
5.324: (fly-airplane a0 l2-0 l0-0)
5.326: (drive-truck t1 l1-0 l1-1 c1)
5.427: (drive-truck t2 l2-0 l2-1 c2)
5.425: (drive-truck t1 l1-1 l1-0 c1)
5.373: (fly-airplane a0 l0-0 l2-0)
5.400: (load-truck p4 t2 l2-1)
5.478: (fly-airplane a0 l2-0 l0-0)
6.185: (fly-airplane a0 l0-0 l1-0)
5.778: (load-truck p2 t0 l0-1)
5.728: (drive-truck t1 l1-0 l1-1 c1)
5.681: (unload-truck p4 t2 l2-1)
5.571: (drive-truck t2 l2-1 l2-0 c2)
5.623: (drive-truck t1 l1-1 l1-0 c1)
5.849: (load-airplane p5 a0 l1-0)
5.862: (drive-truck t1 l1-0 l1-1 c1)
5.956: (drive-truck t2 l2-0 l2-1 c2)
5.939: (drive-truck t1 l1-1 l1-0 c1)
5.995: (load-truck p4 t2 l2-1)
6.006: (drive-truck t1 l1-0 l1-1 c1)
6.064: (fly-airplane a0 l1-0 l2-0)
6.036: (unload-truck p4 t2 l2-1)
6.024: (drive-truck t2 l2-1 l2-0 c2)
5.980: (fly-airplane a0 l2-0 l0-0)
5.982: (drive-truck t1 l1-1 l1-0 c1)
6.026: (fly-airplane a0 l0-0 l2-0)
6.036: (drive-truck t2 l2-0 l2-1 c2)
6.066: (load-truck p4 t2 l2-1)
6.126: (fly-airplane a0 l2-0 l0-0)
6.076: (unload-truck p4 t2 l2-1)
6.075: (drive-truck t1 l1-0 l1-1 c1)
6.124: (load-truck p4 t2 l2-1)
6.596: (unload-truck p2 t0 l0-1)
6.416: (fly-airplane a0 l0-0 l1-0)
6.141: (unload-airplane p5 a0 l1-0)
6.100: (unload-truck p4 t2 l2-1)
6.003: (drive-truck t2 l2-1 l2-0 c2)
6.050: (drive-truck t1 l1-1 l1-0 c1)
6.148: (drive-truck t2 l2-0 l2-1 c2)
6.363: (load-airplane p5 a0 l1-0)
6.264: (drive-truck t2 l2-1 l2-0 c2)
6.277: (drive-truck t1 l1-0 l1-1 c1)
6.375: (drive-truck t2 l2-0 l2-1 c2)
6.479: (fly-airplane a0 l1-0 l2-0)
6.382: (drive-truck t2 l2-1 l2-0 c2)
6.384: (drive-truck t1 l1-1 l1-0 c1)
6.445: (fly-airplane a0 l2-0 l0-0)
6.443: (drive-truck t1 l1-0 l1-1 c1)
6.544: (drive-truck t2 l2-0 l2-1 c2)
6.546: (drive-truck t1 l1-1 l1-0 c1)
6.481: (fly-airplane a0 l0-0 l2-0)
6.508: (load-truck p4 t2 l2-1)
6.403: (fly-airplane a0 l2-0 l1-0)
6.598: (fly-airplane a0 l1-0 l0-0)
7.500: (drive-truck t2 l2-1 l2-0 c2)
7.243: (load-truck p2 t0 l0-1)
6.097: (drive-truck t0 l0-1 l0-0 c0)
6.100: (fly-airplane a0 l0-0 l2-0)
6.100: (drive-truck t1 l1-0 l1-1 c1)
7.110: (unload-truck p4 t2 l2-0)
7.110: (drive-truck t1 l1-1 l1-0 c1)
7.132: (fly-airplane a0 l2-0 l1-0)
6.924: (unload-airplane p5 a0 l1-0)
5.989: (fly-airplane a0 l1-0 l2-0)
5.991: (drive-truck t1 l1-0 l1-1 c1)
6.142: (fly-airplane a0 l2-0 l0-0)
6.140: (drive-truck t1 l1-1 l1-0 c1)
6.253: (drive-truck t2 l2-0 l2-1 c2)
6.255: (drive-truck t1 l1-0 l1-1 c1)
6.700: (fly-airplane a0 l0-0 l2-0)
6.697: (drive-truck t1 l1-1 l1-0 c1)
7.034: (fly-airplane a0 l2-0 l1-0)
6.990: (drive-truck t1 l1-0 l1-1 c1)
6.877: (drive-truck t2 l2-1 l2-0 c2)
7.145: (load-airplane p5 a0 l1-0)
7.258: (fly-airplane a0 l1-0 l0-0)
7.259: (drive-truck t1 l1-1 l1-0 c1)
7.358: (drive-truck t2 l2-0 l2-1 c2)
7.242: (fly-airplane a0 l0-0 l1-0)
7.260: (drive-truck t1 l1-0 l1-1 c1)
7.357: (fly-airplane a0 l1-0 l0-0)
7.812: (fly-airplane a0 l0-0 l2-0)
7.812: (drive-truck t1 l1-1 l1-0 c1)
8.452: (unload-truck p2 t0 l0-0)
8.332: (drive-truck t2 l2-1 l2-0 c2)
7.355: (load-truck p4 t2 l2-0)
6.357: (drive-truck t2 l2-0 l2-1 c2)
6.250: (fly-airplane a0 l2-0 l1-0)
6.038: (unload-airplane p5 a0 l1-0)
5.250: (fly-airplane a0 l1-0 l2-0)
5.252: (drive-truck t1 l1-0 l1-1 c1)
5.282: (fly-airplane a0 l2-0 l0-0)
4.077: (load-airplane p2 a0 l0-0)
3.942: (fly-airplane a0 l0-0 l2-0)
3.743: (unload-airplane p2 a0 l2-0)
2.933: (fly-airplane a0 l2-0 l0-0)
2.931: (drive-truck t1 l1-1 l1-0 c1)
3.230: (drive-truck t0 l0-0 l0-1 c0)
3.233: (drive-truck t1 l1-0 l1-1 c1)
3.511: (unload-truck p4 t2 l2-1)
3.262: (drive-truck t2 l2-1 l2-0 c2)
3.045: (drive-truck t0 l0-1 l0-0 c0)
2.951: (fly-airplane a0 l0-0 l2-0)
2.949: (drive-truck t1 l1-1 l1-0 c1)
3.041: (fly-airplane a0 l2-0 l0-0)
3.260: (drive-truck t0 l0-0 l0-1 c0)
3.177: (fly-airplane a0 l0-0 l2-0)
3.177: (drive-truck t1 l1-0 l1-1 c1)
3.963: (fly-airplane a0 l2-0 l1-0)
3.760: (drive-truck t0 l0-1 l0-0 c0)
3.819: (drive-truck t1 l1-1 l1-0 c1)
4.025: (drive-truck t0 l0-0 l0-1 c0)
4.246: (load-airplane p5 a0 l1-0)
4.030: (drive-truck t0 l0-1 l0-0 c0)
4.041: (drive-truck t1 l1-0 l1-1 c1)
4.071: (fly-airplane a0 l1-0 l2-0)
4.072: (drive-truck t1 l1-1 l1-0 c1)
4.146: (fly-airplane a0 l2-0 l0-0)
4.150: (drive-truck t1 l1-0 l1-1 c1)
4.374: (drive-truck t0 l0-0 l0-1 c0)
4.258: (fly-airplane a0 l0-0 l1-0)
4.286: (fly-airplane a0 l1-0 l2-0)
4.287: (drive-truck t1 l1-1 l1-0 c1)
4.372: (fly-airplane a0 l2-0 l0-0)
4.626: (drive-truck t2 l2-0 l2-1 c2)
4.350: (load-truck p4 t2 l2-1)
4.049: (drive-truck t0 l0-1 l0-0 c0)
3.923: (fly-airplane a0 l0-0 l1-0)
3.713: (unload-airplane p5 a0 l1-0)
3.665: (drive-truck t1 l1-0 l1-1 c1)
3.936: (load-airplane p5 a0 l1-0)
4.049: (fly-airplane a0 l1-0 l0-0)
4.348: (drive-truck t0 l0-0 l0-1 c0)
4.229: (fly-airplane a0 l0-0 l1-0)
3.954: (unload-airplane p5 a0 l1-0)
3.998: (drive-truck t1 l1-1 l1-0 c1)
4.007: (fly-airplane a0 l1-0 l2-0)
3.742: (drive-truck t0 l0-1 l0-0 c0)
3.897: (unload-truck p4 t2 l2-1)
3.296: (fly-airplane a0 l2-0 l0-0)
3.300: (drive-truck t1 l1-0 l1-1 c1)
3.899: (fly-airplane a0 l0-0 l2-0)
4.015: (fly-airplane a0 l2-0 l1-0)
4.075: (drive-truck t1 l1-1 l1-0 c1)
4.281: (drive-truck t0 l0-0 l0-1 c0)
3.509: (fly-airplane a0 l1-0 l0-0)
4.115: (fly-airplane a0 l0-0 l2-0)
4.117: (drive-truck t1 l1-0 l1-1 c1)
4.010: (load-truck p4 t2 l2-1)
4.193: (drive-truck t2 l2-1 l2-0 c2)
3.991: (drive-truck t0 l0-1 l0-0 c0)
3.963: (fly-airplane a0 l2-0 l0-0)
3.960: (drive-truck t1 l1-1 l1-0 c1)
3.990: (fly-airplane a0 l0-0 l2-0)
4.190: (drive-truck t0 l0-0 l0-1 c0)
4.176: (fly-airplane a0 l2-0 l0-0)
4.180: (drive-truck t1 l1-0 l1-1 c1)
4.876: (fly-airplane a0 l0-0 l1-0)
4.696: (drive-truck t0 l0-1 l0-0 c0)
4.744: (drive-truck t1 l1-1 l1-0 c1)
4.951: (load-airplane p5 a0 l1-0)
4.964: (drive-truck t1 l1-0 l1-1 c1)
5.078: (fly-airplane a0 l1-0 l0-0)
5.078: (drive-truck t1 l1-1 l1-0 c1)
5.115: (fly-airplane a0 l0-0 l2-0)
4.865: (drive-truck t2 l2-0 l2-1 c2)
4.864: (drive-truck t1 l1-0 l1-1 c1)
5.020: (unload-truck p4 t2 l2-1)
4.297: (fly-airplane a0 l2-0 l1-0)
4.286: (drive-truck t1 l1-1 l1-0 c1)
4.402: (fly-airplane a0 l1-0 l0-0)
4.405: (drive-truck t1 l1-0 l1-1 c1)
4.628: (drive-truck t0 l0-0 l0-1 c0)
4.510: (fly-airplane a0 l0-0 l1-0)
4.220: (unload-airplane p5 a0 l1-0)
5.093: (load-truck p1 t0 l0-1)
4.243: (fly-airplane a0 l1-0 l0-0)
3.253: (unload-airplane p0 a0 l0-0)
2.878: (load-truck p4 t2 l2-1)
2.876: (drive-truck t1 l1-1 l1-0 c1)
2.876: (fly-airplane a0 l0-0 l2-0)
2.877: (fly-airplane a0 l2-0 l1-0)
2.881: (drive-truck t1 l1-0 l1-1 c1)
2.878: (fly-airplane a0 l1-0 l2-0)
3.251: (unload-truck p4 t2 l2-1)
2.998: (drive-truck t2 l2-1 l2-0 c2)
2.996: (drive-truck t1 l1-1 l1-0 c1)
2.996: (fly-airplane a0 l2-0 l0-0)
2.997: (fly-airplane a0 l0-0 l1-0)
3.000: (drive-truck t1 l1-0 l1-1 c1)
2.998: (fly-airplane a0 l1-0 l0-0)
3.861: (load-truck p2 t2 l2-0)
3.859: (drive-truck t1 l1-1 l1-0 c1)
3.860: (fly-airplane a0 l0-0 l2-0)
3.860: (fly-airplane a0 l2-0 l1-0)
3.864: (drive-truck t1 l1-0 l1-1 c1)
3.861: (fly-airplane a0 l1-0 l2-0)
3.866: (drive-truck t2 l2-0 l2-1 c2)
3.864: (drive-truck t1 l1-1 l1-0 c1)
3.868: (fly-airplane a0 l2-0 l0-0)
3.869: (fly-airplane a0 l0-0 l1-0)
3.873: (drive-truck t1 l1-0 l1-1 c1)
3.870: (fly-airplane a0 l1-0 l0-0)
4.865: (drive-truck t0 l0-1 l0-0 c0)
4.852: (drive-truck t2 l2-1 l2-0 c2)
4.136: (unload-truck p2 t2 l2-0)
4.111: (drive-truck t1 l1-1 l1-0 c1)
4.127: (fly-airplane a0 l0-0 l2-0)
4.127: (fly-airplane a0 l2-0 l1-0)
4.159: (drive-truck t1 l1-0 l1-1 c1)
4.152: (fly-airplane a0 l1-0 l2-0)
4.472: (drive-truck t2 l2-0 l2-1 c2)
3.884: (load-truck p4 t2 l2-1)
3.881: (drive-truck t1 l1-1 l1-0 c1)
3.881: (fly-airplane a0 l2-0 l0-0)
3.882: (fly-airplane a0 l0-0 l1-0)
3.887: (drive-truck t1 l1-0 l1-1 c1)
3.884: (fly-airplane a0 l1-0 l0-0)
4.464: (unload-truck p4 t2 l2-1)
4.440: (drive-truck t1 l1-1 l1-0 c1)
3.246: (drive-truck t0 l0-0 l0-1 c0)
3.244: (fly-airplane a0 l0-0 l2-0)
3.247: (fly-airplane a0 l2-0 l1-0)
3.258: (drive-truck t1 l1-0 l1-1 c1)
4.263: (load-airplane p5 a0 l1-0)
3.882: (load-truck p4 t2 l2-1)
3.868: (drive-truck t1 l1-1 l1-0 c1)
4.257: (unload-truck p4 t2 l2-1)
4.007: (drive-truck t2 l2-1 l2-0 c2)
4.017: (drive-truck t1 l1-0 l1-1 c1)
4.029: (fly-airplane a0 l1-0 l2-0)
4.029: (drive-truck t1 l1-1 l1-0 c1)
4.920: (fly-airplane a0 l2-0 l0-0)
4.920: (drive-truck t1 l1-0 l1-1 c1)
5.106: (load-airplane p0 a0 l0-0)
5.107: (drive-truck t1 l1-1 l1-0 c1)
5.106: (fly-airplane a0 l0-0 l1-0)
4.890: (unload-airplane p5 a0 l1-0)
3.990: (fly-airplane a0 l1-0 l0-0)
3.993: (drive-truck t1 l1-0 l1-1 c1)
4.038: (fly-airplane a0 l0-0 l2-0)
4.036: (drive-truck t1 l1-1 l1-0 c1)
4.967: (drive-truck t0 l0-1 l0-0 c0)
4.969: (drive-truck t1 l1-0 l1-1 c1)
5.064: (fly-airplane a0 l2-0 l0-0)
5.049: (drive-truck t1 l1-1 l1-0 c1)
5.364: (drive-truck t2 l2-0 l2-1 c2)
4.240: (drive-truck t0 l0-0 l0-1 c0)
3.873: (load-truck p4 t2 l2-1)
3.875: (drive-truck t1 l1-0 l1-1 c1)
4.730: (fly-airplane a0 l0-0 l1-0)
4.776: (drive-truck t1 l1-1 l1-0 c1)
4.811: (fly-airplane a0 l1-0 l2-0)
4.813: (drive-truck t1 l1-0 l1-1 c1)
4.991: (unload-truck p4 t2 l2-1)
4.989: (drive-truck t1 l1-1 l1-0 c1)
5.141: (fly-airplane a0 l2-0 l1-0)
5.355: (load-airplane p5 a0 l1-0)
4.498: (unload-truck p1 t0 l0-1)
4.216: (load-truck p4 t2 l2-1)
4.991: (load-truck p1 t0 l0-1)
4.993: (fly-airplane a0 l1-0 l0-0)
4.806: (unload-airplane p0 a0 l0-0)
4.805: (fly-airplane a0 l0-0 l2-0)
4.805: (drive-truck t1 l1-0 l1-1 c1)
4.805: (fly-airplane a0 l2-0 l0-0)
4.992: (load-airplane p0 a0 l0-0)
5.004: (fly-airplane a0 l0-0 l1-0)
5.368: (unload-truck p4 t2 l2-1)
5.119: (drive-truck t2 l2-1 l2-0 c2)
4.840: (unload-airplane p5 a0 l1-0)
5.714: (load-truck p2 t2 l2-0)
4.839: (unload-truck p1 t0 l0-1)
4.105: (fly-airplane a0 l1-0 l0-0)
3.891: (drive-truck t0 l0-1 l0-0 c0)
3.889: (drive-truck t1 l1-1 l1-0 c1)
3.892: (fly-airplane a0 l0-0 l2-0)
3.894: (drive-truck t1 l1-0 l1-1 c1)
4.113: (drive-truck t0 l0-0 l0-1 c0)
4.111: (drive-truck t1 l1-1 l1-0 c1)
4.102: (fly-airplane a0 l2-0 l0-0)
4.216: (drive-truck t2 l2-0 l2-1 c2)
4.165: (fly-airplane a0 l0-0 l2-0)
4.167: (drive-truck t1 l1-0 l1-1 c1)
4.218: (fly-airplane a0 l2-0 l0-0)
4.454: (drive-truck t0 l0-1 l0-0 c0)
4.453: (drive-truck t1 l1-1 l1-0 c1)
4.451: (fly-airplane a0 l0-0 l2-0)
4.453: (drive-truck t1 l1-0 l1-1 c1)
5.147: (load-truck p4 t2 l2-1)
4.985: (drive-truck t2 l2-1 l2-0 c2)
4.981: (fly-airplane a0 l2-0 l0-0)
4.979: (drive-truck t1 l1-1 l1-0 c1)
4.983: (fly-airplane a0 l0-0 l2-0)
5.145: (drive-truck t2 l2-0 l2-1 c2)
5.148: (drive-truck t0 l0-0 l0-1 c0)
5.151: (drive-truck t1 l1-0 l1-1 c1)
5.201: (drive-truck t2 l2-1 l2-0 c2)
5.191: (fly-airplane a0 l2-0 l0-0)
5.189: (drive-truck t1 l1-1 l1-0 c1)
5.199: (fly-airplane a0 l0-0 l2-0)
5.971: (fly-airplane a0 l2-0 l1-0)
5.010: (unload-truck p2 t2 l2-0)
5.165: (load-airplane p5 a0 l1-0)
5.176: (drive-truck t1 l1-0 l1-1 c1)
5.285: (fly-airplane a0 l1-0 l0-0)
5.286: (drive-truck t1 l1-1 l1-0 c1)
5.328: (fly-airplane a0 l0-0 l2-0)
5.161: (drive-truck t2 l2-0 l2-1 c2)
5.160: (drive-truck t1 l1-0 l1-1 c1)
5.239: (unload-truck p4 t2 l2-1)
5.240: (drive-truck t1 l1-1 l1-0 c1)
5.020: (drive-truck t0 l0-1 l0-0 c0)
5.578: (load-airplane p2 a0 l2-0)
4.998: (drive-truck t2 l2-1 l2-0 c2)
4.993: (fly-airplane a0 l2-0 l1-0)
4.790: (unload-airplane p5 a0 l1-0)
3.879: (fly-airplane a0 l1-0 l2-0)
3.881: (drive-truck t1 l1-0 l1-1 c1)
4.004: (fly-airplane a0 l2-0 l0-0)
4.002: (drive-truck t1 l1-1 l1-0 c1)
4.095: (drive-truck t2 l2-0 l2-1 c2)
4.075: (load-truck p4 t2 l2-1)
3.940: (fly-airplane a0 l0-0 l2-0)
4.223: (drive-truck t0 l0-0 l0-1 c0)
4.225: (drive-truck t1 l1-0 l1-1 c1)
4.357: (fly-airplane a0 l2-0 l0-0)
4.316: (unload-truck p4 t2 l2-1)
4.097: (drive-truck t0 l0-1 l0-0 c0)
4.460: (fly-airplane a0 l0-0 l2-0)
4.458: (drive-truck t1 l1-1 l1-0 c1)
4.678: (drive-truck t0 l0-0 l0-1 c0)
4.099: (drive-truck t2 l2-1 l2-0 c2)
4.100: (drive-truck t1 l1-0 l1-1 c1)
4.218: (fly-airplane a0 l2-0 l0-0)
4.216: (drive-truck t1 l1-1 l1-0 c1)
4.314: (drive-truck t2 l2-0 l2-1 c2)
4.355: (load-truck p4 t2 l2-1)
4.997: (load-truck p1 t0 l0-1)
4.811: (unload-airplane p0 a0 l0-0)
3.873: (fly-airplane a0 l0-0 l2-0)
3.874: (drive-truck t1 l1-0 l1-1 c1)
4.422: (unload-truck p4 t2 l2-1)
3.853: (drive-truck t2 l2-1 l2-0 c2)
3.850: (drive-truck t1 l1-1 l1-0 c1)
4.420: (drive-truck t2 l2-0 l2-1 c2)
4.841: (fly-airplane a0 l2-0 l1-0)
4.749: (drive-truck t2 l2-1 l2-0 c2)
4.702: (drive-truck t1 l1-0 l1-1 c1)
4.786: (fly-airplane a0 l1-0 l0-0)
4.783: (drive-truck t1 l1-1 l1-0 c1)
4.877: (drive-truck t2 l2-0 l2-1 c2)
4.879: (drive-truck t1 l1-0 l1-1 c1)
4.794: (fly-airplane a0 l0-0 l1-0)
4.729: (load-truck p4 t2 l2-1)
4.776: (drive-truck t1 l1-1 l1-0 c1)
4.991: (load-airplane p5 a0 l1-0)
4.992: (fly-airplane a0 l1-0 l2-0)
4.991: (drive-truck t1 l1-0 l1-1 c1)
5.003: (fly-airplane a0 l2-0 l1-0)
5.069: (unload-truck p4 t2 l2-1)
4.977: (drive-truck t2 l2-1 l2-0 c2)
4.964: (drive-truck t1 l1-1 l1-0 c1)
4.968: (fly-airplane a0 l1-0 l2-0)
4.967: (drive-truck t1 l1-0 l1-1 c1)
5.538: (drive-truck t2 l2-0 l2-1 c2)
4.981: (unload-airplane p2 a0 l2-0)
4.981: (drive-truck t1 l1-1 l1-0 c1)
5.169: (fly-airplane a0 l2-0 l0-0)
5.169: (drive-truck t1 l1-0 l1-1 c1)
5.355: (load-airplane p0 a0 l0-0)
5.356: (drive-truck t1 l1-1 l1-0 c1)
6.115: (fly-airplane a0 l0-0 l2-0)
5.162: (drive-truck t2 l2-1 l2-0 c2)
5.160: (drive-truck t1 l1-0 l1-1 c1)
6.088: (drive-truck t0 l0-1 l0-0 c0)
6.037: (fly-airplane a0 l2-0 l1-0)
5.751: (unload-airplane p5 a0 l1-0)
5.813: (drive-truck t1 l1-1 l1-0 c1)
6.048: (load-airplane p5 a0 l1-0)
6.089: (fly-airplane a0 l1-0 l2-0)
6.159: (fly-airplane a0 l2-0 l0-0)
5.137: (unload-airplane p0 a0 l0-0)
5.003: (fly-airplane a0 l0-0 l1-0)
4.992: (drive-truck t1 l1-0 l1-1 c1)
5.014: (fly-airplane a0 l1-0 l2-0)
5.014: (drive-truck t1 l1-1 l1-0 c1)
5.950: (load-airplane p2 a0 l2-0)
5.946: (fly-airplane a0 l2-0 l1-0)
5.715: (unload-airplane p5 a0 l1-0)
4.846: (fly-airplane a0 l1-0 l2-0)
4.850: (drive-truck t1 l1-0 l1-1 c1)
4.984: (fly-airplane a0 l2-0 l0-0)
4.982: (drive-truck t1 l1-1 l1-0 c1)
5.071: (drive-truck t2 l2-0 l2-1 c2)
5.025: (load-truck p4 t2 l2-1)
4.873: (fly-airplane a0 l0-0 l2-0)
4.875: (drive-truck t1 l1-0 l1-1 c1)
5.027: (fly-airplane a0 l2-0 l0-0)
4.813: (drive-truck t0 l0-0 l0-1 c0)
4.999: (load-airplane p0 a0 l0-0)
4.999: (fly-airplane a0 l0-0 l2-0)
4.997: (drive-truck t1 l1-1 l1-0 c1)
5.547: (unload-truck p4 t2 l2-1)
4.974: (drive-truck t2 l2-1 l2-0 c2)
4.971: (fly-airplane a0 l2-0 l0-0)
4.973: (drive-truck t1 l1-0 l1-1 c1)
4.976: (fly-airplane a0 l0-0 l2-0)
5.550: (drive-truck t2 l2-0 l2-1 c2)
4.680: (unload-truck p1 t0 l0-1)
5.050: (fly-airplane a0 l2-0 l1-0)
4.834: (drive-truck t0 l0-1 l0-0 c0)
4.740: (drive-truck t2 l2-1 l2-0 c2)
4.941: (drive-truck t0 l0-0 l0-1 c0)
4.994: (drive-truck t1 l1-1 l1-0 c1)
5.098: (drive-truck t2 l2-0 l2-1 c2)
4.883: (drive-truck t0 l0-1 l0-0 c0)
4.865: (load-truck p4 t2 l2-1)
4.815: (drive-truck t1 l1-0 l1-1 c1)
5.079: (drive-truck t0 l0-0 l0-1 c0)
5.130: (drive-truck t1 l1-1 l1-0 c1)
5.340: (load-airplane p5 a0 l1-0)
5.067: (drive-truck t0 l0-1 l0-0 c0)
5.059: (fly-airplane a0 l1-0 l2-0)
5.058: (drive-truck t1 l1-0 l1-1 c1)
5.079: (fly-airplane a0 l2-0 l1-0)
5.098: (unload-truck p4 t2 l2-1)
5.005: (drive-truck t2 l2-1 l2-0 c2)
4.997: (fly-airplane a0 l1-0 l2-0)
5.119: (fly-airplane a0 l2-0 l0-0)
5.119: (drive-truck t1 l1-1 l1-0 c1)
5.205: (drive-truck t2 l2-0 l2-1 c2)
5.086: (fly-airplane a0 l0-0 l1-0)
5.290: (drive-truck t0 l0-0 l0-1 c0)
5.212: (drive-truck t2 l2-1 l2-0 c2)
5.214: (fly-airplane a0 l1-0 l2-0)
5.213: (drive-truck t1 l1-0 l1-1 c1)
5.222: (fly-airplane a0 l2-0 l1-0)
5.314: (drive-truck t2 l2-0 l2-1 c2)
5.348: (load-truck p4 t2 l2-1)
5.337: (fly-airplane a0 l1-0 l2-0)
5.340: (drive-truck t1 l1-1 l1-0 c1)
5.471: (fly-airplane a0 l2-0 l0-0)
5.194: (drive-truck t0 l0-1 l0-0 c0)
5.193: (drive-truck t1 l1-0 l1-1 c1)
5.205: (unload-truck p4 t2 l2-1)
5.427: (drive-truck t0 l0-0 l0-1 c0)
5.331: (drive-truck t2 l2-1 l2-0 c2)
5.332: (drive-truck t1 l1-1 l1-0 c1)
5.430: (drive-truck t2 l2-0 l2-1 c2)
5.794: (fly-airplane a0 l0-0 l2-0)
5.791: (drive-truck t1 l1-0 l1-1 c1)
5.577: (drive-truck t0 l0-1 l0-0 c0)
6.776: (unload-truck p3 t0 l0-0)
6.124: (drive-truck t2 l2-1 l2-0 c2)
5.183: (unload-airplane p2 a0 l2-0)
5.150: (drive-truck t0 l0-0 l0-1 c0)
5.140: (fly-airplane a0 l2-0 l1-0)
4.838: (unload-airplane p5 a0 l1-0)
4.014: (fly-airplane a0 l1-0 l2-0)
4.013: (drive-truck t1 l1-1 l1-0 c1)
4.048: (drive-truck t0 l0-1 l0-0 c0)
4.050: (drive-truck t1 l1-0 l1-1 c1)
4.081: (fly-airplane a0 l2-0 l0-0)
4.077: (drive-truck t1 l1-1 l1-0 c1)
4.388: (drive-truck t2 l2-0 l2-1 c2)
4.391: (drive-truck t1 l1-0 l1-1 c1)
5.024: (fly-airplane a0 l0-0 l2-0)
4.996: (drive-truck t0 l0-0 l0-1 c0)
4.992: (drive-truck t1 l1-1 l1-0 c1)
5.021: (drive-truck t0 l0-1 l0-0 c0)
5.236: (fly-airplane a0 l2-0 l1-0)
4.925: (drive-truck t2 l2-1 l2-0 c2)
4.866: (drive-truck t1 l1-0 l1-1 c1)
5.167: (load-airplane p5 a0 l1-0)
5.149: (drive-truck t1 l1-1 l1-0 c1)
5.122: (drive-truck t0 l0-0 l0-1 c0)
4.897: (unload-airplane p5 a0 l1-0)
5.124: (load-truck p5 t1 l1-0)
5.014: (fly-airplane a0 l1-0 l2-0)
5.049: (drive-truck t0 l0-1 l0-0 c0)
3.951: (load-truck p3 t0 l0-0)
4.034: (fly-airplane a0 l2-0 l0-0)
4.039: (fly-airplane a0 l0-0 l1-0)
4.255: (drive-truck t0 l0-0 l0-1 c0)
4.166: (fly-airplane a0 l1-0 l2-0)
4.257: (fly-airplane a0 l2-0 l0-0)
4.511: (drive-truck t2 l2-0 l2-1 c2)
4.231: (load-truck p4 t2 l2-1)
3.933: (drive-truck t0 l0-1 l0-0 c0)
3.938: (fly-airplane a0 l0-0 l1-0)
4.231: (drive-truck t0 l0-0 l0-1 c0)
4.507: (unload-truck p4 t2 l2-1)
4.295: (drive-truck t0 l0-1 l0-0 c0)
4.290: (fly-airplane a0 l1-0 l0-0)
4.898: (fly-airplane a0 l0-0 l2-0)
4.743: (load-truck p4 t2 l2-1)
4.942: (load-airplane p2 a0 l2-0)
5.077: (fly-airplane a0 l2-0 l0-0)
5.080: (fly-airplane a0 l0-0 l1-0)
5.099: (unload-truck p4 t2 l2-1)
5.006: (drive-truck t2 l2-1 l2-0 c2)
4.881: (fly-airplane a0 l1-0 l2-0)
5.004: (fly-airplane a0 l2-0 l0-0)
5.097: (drive-truck t2 l2-0 l2-1 c2)
5.316: (drive-truck t0 l0-0 l0-1 c0)
5.218: (drive-truck t2 l2-1 l2-0 c2)
5.100: (fly-airplane a0 l0-0 l2-0)
5.225: (fly-airplane a0 l2-0 l1-0)
5.317: (drive-truck t2 l2-0 l2-1 c2)
5.353: (load-truck p4 t2 l2-1)
5.225: (fly-airplane a0 l1-0 l2-0)
5.035: (unload-airplane p2 a0 l2-0)
5.116: (unload-truck p4 t2 l2-1)
5.678: (load-airplane p2 a0 l2-0)
5.459: (drive-truck t0 l0-1 l0-0 c0)
6.452: (drive-truck t1 l1-0 l1-1 c1)
5.874: (drive-truck t2 l2-1 l2-0 c2)
4.943: (unload-airplane p2 a0 l2-0)
5.018: (fly-airplane a0 l2-0 l1-0)
5.018: (fly-airplane a0 l1-0 l0-0)
5.242: (drive-truck t0 l0-0 l0-1 c0)
5.157: (fly-airplane a0 l0-0 l2-0)
5.232: (fly-airplane a0 l2-0 l1-0)
5.484: (drive-truck t2 l2-0 l2-1 c2)
5.204: (load-truck p4 t2 l2-1)
4.913: (drive-truck t0 l0-1 l0-0 c0)
4.925: (fly-airplane a0 l1-0 l0-0)
5.224: (drive-truck t0 l0-0 l0-1 c0)
5.496: (unload-truck p4 t2 l2-1)
5.274: (drive-truck t0 l0-1 l0-0 c0)
5.274: (fly-airplane a0 l0-0 l1-0)
5.891: (fly-airplane a0 l1-0 l2-0)
5.735: (load-truck p4 t2 l2-1)
5.934: (load-airplane p2 a0 l2-0)
6.049: (fly-airplane a0 l2-0 l1-0)
6.068: (unload-truck p4 t2 l2-1)
5.975: (drive-truck t2 l2-1 l2-0 c2)
5.996: (fly-airplane a0 l1-0 l0-0)
6.089: (drive-truck t2 l2-0 l2-1 c2)
6.069: (load-truck p4 t2 l2-1)
6.349: (drive-truck t0 l0-0 l0-1 c0)
5.356: (drive-truck t1 l1-1 l1-0 c1)
5.998: (load-truck p1 t0 l0-1)
5.811: (unload-airplane p0 a0 l0-0)
4.874: (fly-airplane a0 l0-0 l2-0)
3.878: (unload-airplane p2 a0 l2-0)
3.878: (fly-airplane a0 l2-0 l0-0)
3.881: (fly-airplane a0 l0-0 l1-0)
4.264: (unload-truck p4 t2 l2-1)
4.013: (drive-truck t2 l2-1 l2-0 c2)
4.009: (fly-airplane a0 l1-0 l0-0)
4.010: (fly-airplane a0 l0-0 l2-0)
4.257: (drive-truck t2 l2-0 l2-1 c2)
4.260: (fly-airplane a0 l2-0 l0-0)
5.238: (load-airplane p0 a0 l0-0)
4.875: (load-truck p4 t2 l2-1)
5.006: (fly-airplane a0 l0-0 l1-0)
5.369: (unload-truck p4 t2 l2-1)
5.120: (drive-truck t2 l2-1 l2-0 c2)
4.989: (fly-airplane a0 l1-0 l0-0)
5.036: (fly-airplane a0 l0-0 l2-0)
5.966: (drive-truck t0 l0-1 l0-0 c0)
6.047: (fly-airplane a0 l2-0 l0-0)
5.005: (unload-airplane p0 a0 l0-0)
5.005: (fly-airplane a0 l0-0 l2-0)
5.008: (fly-airplane a0 l2-0 l1-0)
5.257: (drive-truck t2 l2-0 l2-1 c2)
4.455: (unload-truck p5 t1 l1-0)
4.449: (fly-airplane a0 l1-0 l2-0)
5.251: (load-truck p5 t1 l1-0)
4.878: (load-truck p4 t2 l2-1)
4.879: (fly-airplane a0 l2-0 l0-0)
4.881: (fly-airplane a0 l0-0 l1-0)
5.870: (drive-truck t1 l1-0 l1-1 c1)
4.869: (drive-truck t0 l0-0 l0-1 c0)
4.871: (fly-airplane a0 l1-0 l2-0)
4.871: (fly-airplane a0 l2-0 l0-0)
5.244: (unload-truck p4 t2 l2-1)
4.993: (drive-truck t2 l2-1 l2-0 c2)
4.993: (fly-airplane a0 l0-0 l1-0)
4.994: (fly-airplane a0 l1-0 l2-0)
5.241: (drive-truck t2 l2-0 l2-1 c2)
5.244: (fly-airplane a0 l2-0 l1-0)
6.239: (drive-truck t0 l0-1 l0-0 c0)
5.989: (drive-truck t2 l2-1 l2-0 c2)
5.990: (fly-airplane a0 l1-0 l0-0)
5.990: (fly-airplane a0 l0-0 l2-0)
6.237: (drive-truck t2 l2-0 l2-1 c2)
5.871: (load-truck p4 t2 l2-1)
5.872: (fly-airplane a0 l2-0 l0-0)
6.240: (unload-truck p4 t2 l2-1)
5.254: (drive-truck t1 l1-1 l1-0 c1)
6.273: (unload-truck p1 t0 l0-0)
5.499: (unload-truck p5 t1 l1-0)
4.908: (load-truck p4 t2 l2-1)
4.911: (drive-truck t1 l1-0 l1-1 c1)
4.921: (fly-airplane a0 l0-0 l2-0)
4.918: (drive-truck t1 l1-1 l1-0 c1)
4.919: (fly-airplane a0 l2-0 l1-0)
4.924: (drive-truck t1 l1-0 l1-1 c1)
5.556: (unload-truck p4 t2 l2-1)
4.486: (load-truck p1 t0 l0-0)
5.253: (load-airplane p5 a0 l1-0)
4.885: (load-truck p4 t2 l2-1)
4.871: (drive-truck t1 l1-1 l1-0 c1)
5.020: (fly-airplane a0 l1-0 l0-0)
5.020: (drive-truck t1 l1-0 l1-1 c1)
5.389: (unload-truck p4 t2 l2-1)
5.141: (drive-truck t2 l2-1 l2-0 c2)
5.989: (load-truck p2 t2 l2-0)
5.789: (drive-truck t0 l0-0 l0-1 c0)
4.865: (fly-airplane a0 l0-0 l1-0)
4.851: (drive-truck t1 l1-1 l1-0 c1)
4.860: (drive-truck t2 l2-0 l2-1 c2)
4.874: (drive-truck t1 l1-0 l1-1 c1)
4.942: (fly-airplane a0 l1-0 l2-0)
4.942: (drive-truck t1 l1-1 l1-0 c1)
4.980: (drive-truck t2 l2-1 l2-0 c2)
4.980: (drive-truck t1 l1-0 l1-1 c1)
5.964: (drive-truck t0 l0-1 l0-0 c0)
5.852: (fly-airplane a0 l2-0 l1-0)
4.855: (unload-airplane p5 a0 l1-0)
4.849: (drive-truck t1 l1-1 l1-0 c1)
4.849: (fly-airplane a0 l1-0 l0-0)
4.849: (fly-airplane a0 l0-0 l2-0)
4.852: (drive-truck t1 l1-0 l1-1 c1)
4.860: (drive-truck t2 l2-0 l2-1 c2)
4.858: (drive-truck t1 l1-1 l1-0 c1)
4.863: (fly-airplane a0 l2-0 l0-0)
4.863: (fly-airplane a0 l0-0 l1-0)
4.867: (drive-truck t1 l1-0 l1-1 c1)
5.867: (load-airplane p5 a0 l1-0)
5.853: (drive-truck t1 l1-1 l1-0 c1)
5.839: (drive-truck t2 l2-1 l2-0 c2)
5.964: (fly-airplane a0 l1-0 l2-0)
5.936: (drive-truck t2 l2-0 l2-1 c2)
5.935: (drive-truck t1 l1-0 l1-1 c1)
6.005: (fly-airplane a0 l2-0 l0-0)
5.797: (drive-truck t0 l0-0 l0-1 c0)
5.797: (drive-truck t1 l1-1 l1-0 c1)
5.789: (drive-truck t2 l2-1 l2-0 c2)
5.977: (load-airplane p0 a0 l0-0)
5.222: (unload-truck p1 t0 l0-1)
5.008: (drive-truck t0 l0-1 l0-0 c0)
4.881: (fly-airplane a0 l0-0 l1-0)
4.671: (unload-airplane p5 a0 l1-0)
4.624: (drive-truck t1 l1-0 l1-1 c1)
4.894: (load-airplane p5 a0 l1-0)
5.007: (fly-airplane a0 l1-0 l0-0)
5.008: (fly-airplane a0 l0-0 l2-0)
5.009: (drive-truck t1 l1-1 l1-0 c1)
5.229: (drive-truck t0 l0-0 l0-1 c0)
5.100: (fly-airplane a0 l2-0 l1-0)
4.887: (unload-airplane p5 a0 l1-0)
4.990: (drive-truck t2 l2-0 l2-1 c2)
4.940: (drive-truck t1 l1-0 l1-1 c1)
5.193: (drive-truck t0 l0-1 l0-0 c0)
5.240: (drive-truck t1 l1-1 l1-0 c1)
5.449: (load-airplane p5 a0 l1-0)
5.202: (drive-truck t0 l0-0 l0-1 c0)
5.214: (drive-truck t1 l1-0 l1-1 c1)
5.113: (drive-truck t2 l2-1 l2-0 c2)
5.220: (fly-airplane a0 l1-0 l0-0)
5.227: (fly-airplane a0 l0-0 l2-0)
5.274: (drive-truck t2 l2-0 l2-1 c2)
5.275: (drive-truck t1 l1-1 l1-0 c1)
5.336: (fly-airplane a0 l2-0 l0-0)
5.335: (drive-truck t1 l1-0 l1-1 c1)
5.570: (drive-truck t0 l0-1 l0-0 c0)
5.462: (fly-airplane a0 l0-0 l1-0)
5.560: (fly-airplane a0 l1-0 l2-0)
5.560: (drive-truck t1 l1-1 l1-0 c1)
5.571: (fly-airplane a0 l2-0 l0-0)
6.292: (load-truck p4 t2 l2-1)
6.097: (drive-truck t2 l2-1 l2-0 c2)
5.970: (fly-airplane a0 l0-0 l1-0)
5.762: (unload-airplane p5 a0 l1-0)
5.715: (drive-truck t1 l1-0 l1-1 c1)
5.912: (drive-truck t2 l2-0 l2-1 c2)
5.176: (fly-airplane a0 l1-0 l0-0)
5.174: (drive-truck t1 l1-1 l1-0 c1)
5.200: (drive-truck t0 l0-0 l0-1 c0)
5.202: (drive-truck t1 l1-0 l1-1 c1)
5.869: (load-truck p1 t0 l0-1)
4.867: (unload-truck p4 t2 l2-1)
4.859: (drive-truck t2 l2-1 l2-0 c2)
4.857: (drive-truck t1 l1-1 l1-0 c1)
4.865: (drive-truck t2 l2-0 l2-1 c2)
4.948: (fly-airplane a0 l0-0 l2-0)
4.950: (drive-truck t1 l1-0 l1-1 c1)
4.988: (drive-truck t2 l2-1 l2-0 c2)
4.986: (drive-truck t1 l1-1 l1-0 c1)
5.761: (fly-airplane a0 l2-0 l1-0)
5.770: (drive-truck t2 l2-0 l2-1 c2)
5.724: (drive-truck t1 l1-0 l1-1 c1)
5.996: (load-airplane p5 a0 l1-0)
5.983: (drive-truck t1 l1-1 l1-0 c1)
5.975: (drive-truck t2 l2-1 l2-0 c2)
5.988: (drive-truck t1 l1-0 l1-1 c1)
5.975: (fly-airplane a0 l1-0 l0-0)
5.983: (drive-truck t2 l2-0 l2-1 c2)
5.985: (drive-truck t1 l1-1 l1-0 c1)
6.058: (fly-airplane a0 l0-0 l2-0)
6.057: (drive-truck t1 l1-0 l1-1 c1)
6.101: (drive-truck t2 l2-1 l2-0 c2)
6.103: (drive-truck t1 l1-1 l1-0 c1)
7.023: (drive-truck t0 l0-1 l0-0 c0)
6.895: (fly-airplane a0 l2-0 l1-0)
6.687: (unload-airplane p5 a0 l1-0)
5.899: (fly-airplane a0 l1-0 l0-0)
5.901: (drive-truck t1 l1-0 l1-1 c1)
5.908: (fly-airplane a0 l0-0 l2-0)
5.906: (drive-truck t1 l1-1 l1-0 c1)
6.464: (drive-truck t2 l2-0 l2-1 c2)
6.462: (fly-airplane a0 l2-0 l0-0)
6.464: (drive-truck t1 l1-0 l1-1 c1)
6.466: (fly-airplane a0 l0-0 l2-0)
7.158: (load-truck p4 t2 l2-1)
5.951: (drive-truck t0 l0-0 l0-1 c0)
5.949: (drive-truck t1 l1-1 l1-0 c1)
5.868: (fly-airplane a0 l2-0 l0-0)
4.870: (unload-airplane p0 a0 l0-0)
4.867: (fly-airplane a0 l0-0 l2-0)
4.868: (drive-truck t1 l1-0 l1-1 c1)
4.871: (fly-airplane a0 l2-0 l0-0)
4.874: (fly-airplane a0 l0-0 l1-0)
4.870: (drive-truck t1 l1-1 l1-0 c1)
4.946: (drive-truck t2 l2-1 l2-0 c2)
3.928: (unload-truck p2 t2 l2-0)
3.927: (fly-airplane a0 l1-0 l0-0)
3.927: (fly-airplane a0 l0-0 l2-0)
3.931: (drive-truck t1 l1-0 l1-1 c1)
3.931: (fly-airplane a0 l2-0 l0-0)
3.934: (fly-airplane a0 l0-0 l1-0)
4.898: (unload-truck p4 t2 l2-0)
4.893: (drive-truck t1 l1-1 l1-0 c1)
4.893: (fly-airplane a0 l1-0 l0-0)
4.894: (fly-airplane a0 l0-0 l2-0)
4.897: (drive-truck t1 l1-0 l1-1 c1)
4.895: (fly-airplane a0 l2-0 l0-0)
5.891: (load-airplane p0 a0 l0-0)
Failed to find a solution!
