/u/ibrahim.eisawy/Neural-Guided-Search/venv/lib/python3.10/site-packages/pymimir_rgnn/model.py:151: UserWarning: index_reduce() is in beta and the API may change at any time. (Triggered internally at /pytorch/aten/src/ATen/native/cuda/Indexing.cu:1541.)
  max_msg.index_reduce_(0, output_indices, output_messages, reduce='amax', include_self=True)
Torch: 2.12.0+cu130
Using GPU:  NVIDIA L40S
25.273: (load-airplane p6 a1 l0-0)
22.776: (load-truck p0 t1 l1-1)
21.116: (load-truck p5 t3 l3-1)
20.020: (load-truck p2 t1 l1-1)
18.987: (drive-truck t2 l2-0 l2-1 c2)
16.311: (load-truck p4 t2 l2-1)
15.213: (drive-truck t2 l2-1 l2-2 c2)
14.702: (fly-airplane a1 l0-0 l3-0)
14.503: (fly-airplane a0 l1-0 l0-0)
14.345: (load-truck p7 t0 l0-1)
13.315: (drive-truck t0 l0-1 l0-0 c0)
12.314: (unload-truck p7 t0 l0-0)
11.323: (load-airplane p7 a0 l0-0)
10.481: (fly-airplane a0 l0-0 l3-0)
10.480: (drive-truck t0 l0-0 l0-1 c0)
10.480: (drive-truck t1 l1-1 l1-2 c1)
10.480: (drive-truck t0 l0-1 l0-2 c0)
10.480: (drive-truck t1 l1-2 l1-1 c1)
10.494: (drive-truck t3 l3-1 l3-2 c3)
10.494: (drive-truck t1 l1-1 l1-2 c1)
10.494: (drive-truck t0 l0-2 l0-1 c0)
10.494: (drive-truck t1 l1-2 l1-1 c1)
10.496: (drive-truck t0 l0-1 l0-0 c0)
10.496: (drive-truck t1 l1-1 l1-2 c1)
10.481: (drive-truck t3 l3-2 l3-1 c3)
10.504: (fly-airplane a0 l3-0 l1-0)
9.516: (unload-airplane p7 a0 l1-0)
9.460: (drive-truck t1 l1-2 l1-0 c1)
9.256: (drive-truck t3 l3-1 l3-0 c3)
9.225: (fly-airplane a0 l1-0 l0-0)
9.210: (fly-airplane a1 l3-0 l1-0)
9.211: (drive-truck t0 l0-0 l0-2 c0)
9.211: (drive-truck t0 l0-2 l0-1 c0)
9.226: (fly-airplane a1 l1-0 l3-0)
9.226: (drive-truck t0 l0-1 l0-2 c0)
9.250: (fly-airplane a0 l0-0 l3-0)
9.234: (fly-airplane a1 l3-0 l1-0)
9.234: (drive-truck t0 l0-2 l0-1 c0)
9.234: (drive-truck t0 l0-1 l0-0 c0)
9.241: (fly-airplane a0 l3-0 l1-0)
9.241: (drive-truck t0 l0-0 l0-1 c0)
9.241: (drive-truck t0 l0-1 l0-2 c0)
9.243: (fly-airplane a0 l1-0 l2-0)
8.064: (load-airplane p1 a0 l2-0)
8.057: (fly-airplane a1 l1-0 l3-0)
8.057: (drive-truck t0 l0-2 l0-1 c0)
8.057: (drive-truck t0 l0-1 l0-0 c0)
8.063: (fly-airplane a1 l3-0 l2-0)
7.874: (unload-airplane p6 a1 l2-0)
7.119: (fly-airplane a0 l2-0 l3-0)
7.094: (fly-airplane a1 l2-0 l0-0)
7.095: (drive-truck t0 l0-0 l0-1 c0)
7.095: (drive-truck t0 l0-1 l0-2 c0)
7.105: (fly-airplane a0 l3-0 l1-0)
7.104: (drive-truck t0 l0-2 l0-0 c0)
7.105: (drive-truck t0 l0-0 l0-1 c0)
7.123: (fly-airplane a1 l0-0 l3-0)
7.118: (fly-airplane a0 l1-0 l3-0)
7.118: (drive-truck t0 l0-1 l0-2 c0)
7.118: (drive-truck t0 l0-2 l0-0 c0)
7.123: (fly-airplane a0 l3-0 l1-0)
7.123: (drive-truck t0 l0-0 l0-2 c0)
7.128: (fly-airplane a1 l3-0 l2-0)
7.119: (fly-airplane a0 l1-0 l3-0)
7.119: (drive-truck t0 l0-2 l0-1 c0)
7.124: (fly-airplane a1 l2-0 l1-0)
7.124: (drive-truck t0 l0-1 l0-2 c0)
7.124: (drive-truck t0 l0-2 l0-0 c0)
7.134: (fly-airplane a0 l3-0 l1-0)
7.128: (fly-airplane a1 l1-0 l2-0)
7.128: (drive-truck t0 l0-0 l0-1 c0)
7.134: (fly-airplane a1 l2-0 l1-0)
7.134: (drive-truck t0 l0-1 l0-2 c0)
7.417: (drive-truck t3 l3-0 l3-1 c3)
7.272: (fly-airplane a0 l1-0 l3-0)
6.366: (unload-airplane p1 a0 l3-0)
6.337: (fly-airplane a1 l1-0 l0-0)
6.336: (drive-truck t0 l0-2 l0-0 c0)
6.337: (drive-truck t0 l0-0 l0-1 c0)
6.340: (fly-airplane a0 l3-0 l2-0)
6.340: (drive-truck t0 l0-1 l0-0 c0)
6.340: (drive-truck t0 l0-0 l0-2 c0)
6.341: (fly-airplane a0 l2-0 l0-0)
6.337: (fly-airplane a1 l0-0 l3-0)
6.336: (drive-truck t0 l0-2 l0-0 c0)
6.337: (drive-truck t0 l0-0 l0-1 c0)
6.340: (fly-airplane a1 l3-0 l2-0)
6.340: (drive-truck t0 l0-1 l0-0 c0)
6.340: (drive-truck t0 l0-0 l0-2 c0)
6.345: (fly-airplane a1 l2-0 l1-0)
6.345: (drive-truck t0 l0-2 l0-0 c0)
6.340: (fly-airplane a1 l1-0 l0-0)
6.341: (drive-truck t0 l0-0 l0-1 c0)
6.345: (fly-airplane a0 l0-0 l1-0)
6.345: (drive-truck t0 l0-1 l0-0 c0)
6.345: (drive-truck t0 l0-0 l0-2 c0)
6.366: (fly-airplane a1 l0-0 l3-0)
6.361: (fly-airplane a0 l1-0 l2-0)
6.361: (drive-truck t0 l0-2 l0-1 c0)
6.361: (drive-truck t0 l0-1 l0-0 c0)
6.362: (fly-airplane a0 l2-0 l3-0)
6.361: (fly-airplane a1 l3-0 l2-0)
6.361: (drive-truck t0 l0-0 l0-1 c0)
6.361: (drive-truck t0 l0-1 l0-2 c0)
6.362: (fly-airplane a1 l2-0 l3-0)
6.362: (drive-truck t0 l0-2 l0-1 c0)
6.366: (fly-airplane a0 l3-0 l1-0)
6.366: (drive-truck t0 l0-1 l0-0 c0)
6.369: (fly-airplane a1 l3-0 l2-0)
6.365: (fly-airplane a0 l1-0 l2-0)
6.365: (drive-truck t0 l0-0 l0-2 c0)
6.365: (drive-truck t0 l0-2 l0-1 c0)
6.369: (fly-airplane a0 l2-0 l1-0)
6.369: (drive-truck t0 l0-1 l0-2 c0)
6.369: (fly-airplane a1 l2-0 l1-0)
6.369: (fly-airplane a0 l1-0 l2-0)
6.369: (drive-truck t0 l0-2 l0-1 c0)
6.345: (fly-airplane a0 l2-0 l0-0)
6.366: (fly-airplane a0 l0-0 l3-0)
6.366: (drive-truck t0 l0-1 l0-0 c0)
6.369: (fly-airplane a0 l3-0 l2-0)
6.370: (fly-airplane a0 l2-0 l1-0)
6.369: (drive-truck t0 l0-0 l0-1 c0)
6.437: (drive-truck t1 l1-0 l1-2 c1)
6.413: (fly-airplane a1 l1-0 l0-0)
6.409: (fly-airplane a0 l1-0 l3-0)
6.408: (drive-truck t0 l0-1 l0-0 c0)
6.408: (drive-truck t1 l1-2 l1-1 c1)
6.409: (drive-truck t0 l0-0 l0-2 c0)
6.409: (drive-truck t1 l1-1 l1-2 c1)
6.412: (fly-airplane a0 l3-0 l2-0)
6.412: (drive-truck t0 l0-2 l0-0 c0)
6.412: (drive-truck t1 l1-2 l1-1 c1)
6.412: (fly-airplane a0 l2-0 l1-0)
6.412: (drive-truck t1 l1-1 l1-2 c1)
6.412: (fly-airplane a0 l1-0 l0-0)
6.408: (fly-airplane a1 l0-0 l3-0)
6.408: (drive-truck t1 l1-2 l1-1 c1)
6.409: (drive-truck t0 l0-0 l0-1 c0)
6.409: (drive-truck t0 l0-1 l0-2 c0)
6.409: (drive-truck t1 l1-1 l1-2 c1)
6.409: (drive-truck t0 l0-2 l0-1 c0)
6.412: (fly-airplane a1 l3-0 l2-0)
6.412: (drive-truck t0 l0-1 l0-0 c0)
6.412: (drive-truck t1 l1-2 l1-1 c1)
6.412: (fly-airplane a1 l2-0 l1-0)
6.412: (drive-truck t1 l1-1 l1-2 c1)
6.413: (drive-truck t0 l0-0 l0-2 c0)
6.412: (fly-airplane a1 l1-0 l2-0)
6.412: (drive-truck t1 l1-2 l1-1 c1)
6.412: (drive-truck t0 l0-2 l0-1 c0)
6.413: (fly-airplane a1 l2-0 l1-0)
6.413: (drive-truck t1 l1-1 l1-2 c1)
6.413: (fly-airplane a1 l1-0 l0-0)
6.412: (fly-airplane a0 l0-0 l2-0)
6.412: (drive-truck t1 l1-2 l1-1 c1)
6.409: (fly-airplane a0 l2-0 l3-0)
6.413: (fly-airplane a0 l3-0 l1-0)
6.413: (drive-truck t0 l0-1 l0-2 c0)
6.412: (fly-airplane a0 l1-0 l2-0)
6.413: (fly-airplane a0 l2-0 l0-0)
6.412: (drive-truck t0 l0-2 l0-0 c0)
6.413: (drive-truck t0 l0-0 l0-1 c0)
6.431: (drive-truck t3 l3-1 l3-2 c3)
6.427: (fly-airplane a1 l0-0 l3-0)
6.426: (drive-truck t0 l0-1 l0-0 c0)
6.426: (drive-truck t1 l1-1 l1-2 c1)
6.427: (drive-truck t0 l0-0 l0-2 c0)
6.427: (drive-truck t1 l1-2 l1-1 c1)
6.430: (fly-airplane a1 l3-0 l2-0)
6.430: (drive-truck t0 l0-2 l0-0 c0)
6.430: (drive-truck t1 l1-1 l1-2 c1)
6.430: (drive-truck t0 l0-0 l0-1 c0)
6.427: (fly-airplane a1 l2-0 l3-0)
6.431: (fly-airplane a1 l3-0 l1-0)
6.430: (drive-truck t0 l0-1 l0-0 c0)
6.430: (drive-truck t1 l1-2 l1-1 c1)
6.430: (fly-airplane a1 l1-0 l0-0)
6.426: (fly-airplane a0 l0-0 l3-0)
6.426: (drive-truck t1 l1-1 l1-2 c1)
6.427: (drive-truck t0 l0-0 l0-2 c0)
6.427: (drive-truck t1 l1-2 l1-1 c1)
6.427: (drive-truck t0 l0-2 l0-1 c0)
6.427: (drive-truck t1 l1-1 l1-2 c1)
6.430: (fly-airplane a0 l3-0 l2-0)
6.430: (drive-truck t0 l0-1 l0-0 c0)
6.430: (drive-truck t1 l1-2 l1-1 c1)
6.430: (drive-truck t0 l0-0 l0-1 c0)
6.430: (drive-truck t0 l0-1 l0-2 c0)
6.430: (drive-truck t1 l1-1 l1-2 c1)
6.431: (fly-airplane a0 l2-0 l1-0)
6.413: (drive-truck t3 l3-2 l3-1 c3)
6.413: (fly-airplane a0 l1-0 l0-0)
6.431: (drive-truck t3 l3-1 l3-2 c3)
6.430: (fly-airplane a1 l0-0 l2-0)
6.431: (fly-airplane a1 l2-0 l1-0)
6.431: (drive-truck t1 l1-2 l1-1 c1)
6.413: (drive-truck t3 l3-2 l3-1 c3)
6.433: (fly-airplane a0 l0-0 l3-0)
6.433: (fly-airplane a1 l1-0 l2-0)
6.433: (drive-truck t1 l1-1 l1-2 c1)
6.433: (drive-truck t0 l0-2 l0-1 c0)
6.433: (drive-truck t1 l1-2 l1-1 c1)
6.433: (drive-truck t0 l0-1 l0-0 c0)
6.433: (drive-truck t1 l1-1 l1-2 c1)
6.433: (fly-airplane a1 l2-0 l1-0)
6.433: (drive-truck t0 l0-0 l0-2 c0)
6.433: (drive-truck t0 l0-2 l0-1 c0)
6.433: (drive-truck t1 l1-2 l1-1 c1)
6.433: (drive-truck t0 l0-1 l0-0 c0)
6.434: (fly-airplane a1 l1-0 l3-0)
6.433: (fly-airplane a0 l3-0 l2-0)
6.433: (drive-truck t0 l0-0 l0-2 c0)
6.433: (drive-truck t1 l1-1 l1-2 c1)
6.433: (drive-truck t0 l0-2 l0-1 c0)
6.433: (drive-truck t1 l1-2 l1-1 c1)
6.433: (fly-airplane a0 l2-0 l1-0)
6.433: (drive-truck t1 l1-1 l1-2 c1)
6.433: (drive-truck t0 l0-1 l0-2 c0)
6.433: (drive-truck t1 l1-2 l1-1 c1)
6.433: (drive-truck t0 l0-2 l0-0 c0)
6.433: (drive-truck t1 l1-1 l1-2 c1)
6.433: (fly-airplane a0 l1-0 l2-0)
6.434: (fly-airplane a0 l2-0 l3-0)
6.434: (drive-truck t0 l0-0 l0-1 c0)
6.434: (drive-truck t0 l0-1 l0-2 c0)
6.434: (drive-truck t1 l1-2 l1-1 c1)
6.434: (drive-truck t0 l0-2 l0-1 c0)
6.452: (drive-truck t3 l3-1 l3-2 c3)
6.451: (fly-airplane a1 l3-0 l2-0)
6.430: (fly-airplane a0 l3-0 l0-0)
6.431: (fly-airplane a1 l2-0 l1-0)
6.451: (fly-airplane a0 l0-0 l3-0)
6.451: (drive-truck t0 l0-1 l0-2 c0)
6.451: (fly-airplane a1 l1-0 l2-0)
6.451: (drive-truck t1 l1-1 l1-2 c1)
6.451: (drive-truck t0 l0-2 l0-1 c0)
6.451: (drive-truck t0 l0-1 l0-0 c0)
6.451: (drive-truck t1 l1-2 l1-1 c1)
6.451: (fly-airplane a1 l2-0 l1-0)
6.451: (drive-truck t1 l1-1 l1-2 c1)
6.451: (drive-truck t0 l0-0 l0-1 c0)
6.451: (drive-truck t0 l0-1 l0-2 c0)
6.452: (fly-airplane a1 l1-0 l3-0)
6.451: (fly-airplane a0 l3-0 l2-0)
6.451: (drive-truck t1 l1-2 l1-1 c1)
6.451: (drive-truck t0 l0-2 l0-1 c0)
6.451: (drive-truck t1 l1-1 l1-2 c1)
6.451: (drive-truck t0 l0-1 l0-0 c0)
6.451: (drive-truck t1 l1-2 l1-1 c1)
6.451: (fly-airplane a0 l2-0 l1-0)
6.430: (fly-airplane a1 l3-0 l0-0)
6.430: (drive-truck t1 l1-1 l1-2 c1)
6.430: (fly-airplane a0 l1-0 l0-0)
6.431: (drive-truck t0 l0-0 l0-1 c0)
6.431: (fly-airplane a0 l0-0 l1-0)
6.431: (drive-truck t1 l1-2 l1-1 c1)
6.431: (drive-truck t0 l0-1 l0-2 c0)
6.431: (fly-airplane a0 l1-0 l0-0)
7.187: (drive-truck t3 l3-2 l3-0 c3)
7.122: (drive-truck t1 l1-1 l1-0 c1)
7.095: (load-truck p1 t3 l3-0)
7.093: (fly-airplane a1 l0-0 l3-0)
7.092: (drive-truck t0 l0-2 l0-0 c0)
7.093: (drive-truck t0 l0-0 l0-1 c0)
7.094: (fly-airplane a1 l3-0 l2-0)
7.094: (drive-truck t0 l0-1 l0-0 c0)
7.094: (drive-truck t0 l0-0 l0-2 c0)
7.099: (fly-airplane a1 l2-0 l1-0)
7.099: (drive-truck t0 l0-2 l0-0 c0)
7.095: (fly-airplane a1 l1-0 l0-0)
7.092: (fly-airplane a0 l0-0 l3-0)
7.093: (drive-truck t0 l0-0 l0-2 c0)
7.093: (drive-truck t0 l0-2 l0-1 c0)
7.094: (fly-airplane a0 l3-0 l2-0)
7.094: (drive-truck t0 l0-1 l0-0 c0)
7.094: (drive-truck t0 l0-0 l0-2 c0)
7.099: (fly-airplane a0 l2-0 l1-0)
7.099: (drive-truck t0 l0-2 l0-0 c0)
7.099: (drive-truck t0 l0-0 l0-1 c0)
7.095: (fly-airplane a0 l1-0 l0-0)
7.099: (fly-airplane a1 l0-0 l1-0)
7.122: (fly-airplane a0 l0-0 l3-0)
7.117: (fly-airplane a1 l1-0 l2-0)
7.117: (drive-truck t0 l0-1 l0-2 c0)
7.117: (fly-airplane a1 l2-0 l3-0)
7.117: (fly-airplane a0 l3-0 l2-0)
7.117: (drive-truck t0 l0-2 l0-1 c0)
7.117: (fly-airplane a0 l2-0 l3-0)
7.117: (drive-truck t0 l0-1 l0-0 c0)
7.117: (fly-airplane a1 l3-0 l2-0)
7.120: (fly-airplane a0 l3-0 l2-0)
7.117: (fly-airplane a1 l2-0 l3-0)
7.122: (fly-airplane a0 l2-0 l1-0)
7.122: (drive-truck t0 l0-0 l0-2 c0)
7.122: (drive-truck t0 l0-2 l0-1 c0)
7.123: (fly-airplane a1 l3-0 l1-0)
7.123: (drive-truck t0 l0-1 l0-2 c0)
7.122: (fly-airplane a0 l1-0 l3-0)
7.122: (drive-truck t0 l0-2 l0-0 c0)
7.123: (fly-airplane a0 l3-0 l1-0)
7.124: (fly-airplane a0 l1-0 l2-0)
7.123: (drive-truck t0 l0-0 l0-2 c0)
7.120: (fly-airplane a1 l1-0 l2-0)
7.120: (drive-truck t0 l0-2 l0-1 c0)
7.123: (fly-airplane a0 l2-0 l1-0)
7.123: (drive-truck t0 l0-1 l0-2 c0)
7.124: (drive-truck t0 l0-2 l0-0 c0)
7.150: (unload-truck p1 t3 l3-0)
7.120: (fly-airplane a0 l1-0 l0-0)
7.117: (fly-airplane a1 l2-0 l3-0)
7.094: (load-airplane p1 a1 l3-0)
7.095: (drive-truck t0 l0-0 l0-1 c0)
7.095: (drive-truck t0 l0-1 l0-2 c0)
7.105: (fly-airplane a1 l3-0 l1-0)
7.104: (drive-truck t0 l0-2 l0-0 c0)
7.105: (drive-truck t0 l0-0 l0-1 c0)
7.123: (fly-airplane a0 l0-0 l3-0)
7.118: (fly-airplane a1 l1-0 l3-0)
7.118: (drive-truck t0 l0-1 l0-2 c0)
7.118: (drive-truck t0 l0-2 l0-0 c0)
7.119: (fly-airplane a0 l3-0 l2-0)
7.119: (drive-truck t0 l0-0 l0-2 c0)
7.119: (drive-truck t0 l0-2 l0-1 c0)
7.124: (fly-airplane a0 l2-0 l1-0)
7.124: (drive-truck t0 l0-1 l0-2 c0)
7.124: (drive-truck t0 l0-2 l0-0 c0)
7.134: (fly-airplane a1 l3-0 l1-0)
7.123: (fly-airplane a0 l1-0 l3-0)
7.123: (drive-truck t0 l0-0 l0-2 c0)
7.128: (fly-airplane a0 l3-0 l2-0)
7.128: (drive-truck t0 l0-2 l0-1 c0)
7.128: (drive-truck t0 l0-1 l0-0 c0)
7.413: (drive-truck t3 l3-0 l3-1 c3)
7.267: (fly-airplane a1 l1-0 l3-0)
7.242: (fly-airplane a0 l2-0 l0-0)
7.243: (drive-truck t0 l0-0 l0-2 c0)
7.243: (drive-truck t0 l0-2 l0-1 c0)
7.266: (fly-airplane a0 l0-0 l3-0)
7.266: (drive-truck t0 l0-1 l0-2 c0)
7.266: (drive-truck t0 l0-2 l0-0 c0)
7.272: (fly-airplane a0 l3-0 l1-0)
7.272: (drive-truck t0 l0-0 l0-2 c0)
7.267: (fly-airplane a0 l1-0 l2-0)
7.267: (drive-truck t0 l0-2 l0-1 c0)
7.272: (fly-airplane a0 l2-0 l1-0)
7.339: (drive-truck t1 l1-0 l1-2 c1)
7.314: (fly-airplane a0 l1-0 l0-0)
7.313: (drive-truck t0 l0-1 l0-0 c0)
7.313: (drive-truck t1 l1-2 l1-1 c1)
7.314: (drive-truck t0 l0-0 l0-1 c0)
7.314: (drive-truck t0 l0-1 l0-2 c0)
7.314: (drive-truck t1 l1-1 l1-2 c1)
7.328: (drive-truck t3 l3-1 l3-2 c3)
7.327: (drive-truck t0 l0-2 l0-0 c0)
7.327: (drive-truck t1 l1-2 l1-1 c1)
7.328: (drive-truck t0 l0-0 l0-2 c0)
7.328: (drive-truck t0 l0-2 l0-1 c0)
7.328: (drive-truck t1 l1-1 l1-2 c1)
7.351: (fly-airplane a0 l0-0 l3-0)
6.452: (unload-airplane p1 a1 l3-0)
6.451: (fly-airplane a0 l3-0 l1-0)
6.451: (drive-truck t0 l0-1 l0-2 c0)
6.451: (drive-truck t1 l1-2 l1-1 c1)
6.451: (drive-truck t0 l0-2 l0-1 c0)
6.454: (fly-airplane a1 l3-0 l2-0)
6.436: (drive-truck t3 l3-2 l3-1 c3)
6.436: (drive-truck t1 l1-1 l1-2 c1)
6.436: (drive-truck t0 l0-1 l0-2 c0)
6.436: (drive-truck t1 l1-2 l1-1 c1)
6.437: (drive-truck t0 l0-2 l0-0 c0)
6.437: (drive-truck t1 l1-1 l1-2 c1)
6.437: (fly-airplane a1 l2-0 l1-0)
6.437: (fly-airplane a0 l1-0 l2-0)
6.436: (drive-truck t0 l0-0 l0-1 c0)
6.436: (drive-truck t0 l0-1 l0-2 c0)
6.436: (drive-truck t1 l1-2 l1-1 c1)
6.436: (drive-truck t0 l0-2 l0-1 c0)
6.437: (drive-truck t0 l0-1 l0-0 c0)
6.437: (fly-airplane a0 l2-0 l1-0)
6.437: (drive-truck t0 l0-0 l0-1 c0)
6.437: (drive-truck t0 l0-1 l0-2 c0)
6.437: (drive-truck t1 l1-1 l1-2 c1)
6.455: (drive-truck t3 l3-1 l3-2 c3)
6.454: (fly-airplane a0 l1-0 l2-0)
6.454: (drive-truck t1 l1-2 l1-1 c1)
6.454: (drive-truck t0 l0-2 l0-1 c0)
6.454: (drive-truck t1 l1-1 l1-2 c1)
6.455: (drive-truck t0 l0-1 l0-0 c0)
6.455: (drive-truck t1 l1-2 l1-1 c1)
6.455: (fly-airplane a0 l2-0 l1-0)
6.455: (fly-airplane a1 l1-0 l2-0)
6.454: (drive-truck t0 l0-0 l0-2 c0)
6.454: (drive-truck t1 l1-1 l1-2 c1)
6.454: (drive-truck t0 l0-2 l0-1 c0)
6.455: (drive-truck t0 l0-1 l0-0 c0)
6.451: (fly-airplane a1 l2-0 l3-0)
6.452: (fly-airplane a0 l1-0 l3-0)
6.452: (drive-truck t1 l1-2 l1-1 c1)
6.452: (drive-truck t0 l0-0 l0-2 c0)
7.199: (drive-truck t1 l1-1 l1-0 c1)
7.138: (drive-truck t3 l3-2 l3-0 c3)
7.118: (fly-airplane a0 l3-0 l0-0)
7.118: (drive-truck t0 l0-2 l0-1 c0)
7.121: (fly-airplane a1 l3-0 l2-0)
7.121: (drive-truck t0 l0-1 l0-2 c0)
7.126: (fly-airplane a1 l2-0 l1-0)
7.125: (drive-truck t0 l0-2 l0-0 c0)
7.121: (fly-airplane a1 l1-0 l0-0)
7.117: (fly-airplane a0 l0-0 l3-0)
7.118: (drive-truck t0 l0-0 l0-1 c0)
7.118: (drive-truck t0 l0-1 l0-2 c0)
7.121: (fly-airplane a0 l3-0 l2-0)
7.120: (drive-truck t0 l0-2 l0-0 c0)
7.121: (drive-truck t0 l0-0 l0-1 c0)
7.122: (fly-airplane a0 l2-0 l0-0)
7.126: (fly-airplane a1 l0-0 l1-0)
7.146: (fly-airplane a0 l0-0 l3-0)
7.138: (fly-airplane a1 l1-0 l3-0)
7.139: (drive-truck t0 l0-1 l0-0 c0)
7.142: (fly-airplane a1 l3-0 l2-0)
7.142: (drive-truck t0 l0-0 l0-1 c0)
7.142: (drive-truck t0 l0-1 l0-2 c0)
7.146: (fly-airplane a0 l3-0 l2-0)
7.142: (fly-airplane a1 l2-0 l3-0)
7.142: (drive-truck t0 l0-2 l0-1 c0)
7.142: (drive-truck t0 l0-1 l0-0 c0)
7.146: (fly-airplane a1 l3-0 l2-0)
7.146: (drive-truck t0 l0-0 l0-1 c0)
7.150: (fly-airplane a0 l2-0 l1-0)
7.126: (fly-airplane a1 l2-0 l0-0)
7.125: (drive-truck t0 l0-1 l0-0 c0)
7.126: (drive-truck t0 l0-0 l0-2 c0)
7.146: (fly-airplane a1 l0-0 l3-0)
7.146: (drive-truck t0 l0-2 l0-1 c0)
7.147: (drive-truck t0 l0-1 l0-0 c0)
7.150: (fly-airplane a1 l3-0 l1-0)
7.147: (fly-airplane a0 l1-0 l3-0)
7.146: (drive-truck t0 l0-0 l0-2 c0)
7.150: (fly-airplane a0 l3-0 l2-0)
7.150: (drive-truck t0 l0-2 l0-1 c0)
7.123: (load-truck p1 t3 l3-0)
7.549: (drive-truck t3 l3-0 l3-1 c3)
7.539: (fly-airplane a1 l1-0 l0-0)
7.538: (drive-truck t0 l0-1 l0-0 c0)
7.536: (fly-airplane a0 l2-0 l3-0)
7.537: (fly-airplane a0 l3-0 l0-0)
7.536: (fly-airplane a1 l0-0 l3-0)
7.538: (fly-airplane a1 l3-0 l2-0)
7.539: (drive-truck t0 l0-0 l0-2 c0)
7.538: (fly-airplane a1 l2-0 l3-0)
7.538: (drive-truck t0 l0-2 l0-1 c0)
7.539: (fly-airplane a1 l3-0 l2-0)
7.539: (fly-airplane a1 l2-0 l0-0)
7.538: (fly-airplane a0 l0-0 l3-0)
7.538: (drive-truck t0 l0-1 l0-2 c0)
7.539: (fly-airplane a0 l3-0 l2-0)
7.539: (fly-airplane a0 l2-0 l0-0)
7.543: (fly-airplane a0 l0-0 l1-0)
7.541: (drive-truck t0 l0-2 l0-0 c0)
7.543: (drive-truck t0 l0-0 l0-1 c0)
7.548: (fly-airplane a1 l0-0 l3-0)
7.543: (fly-airplane a0 l1-0 l3-0)
7.543: (drive-truck t0 l0-1 l0-2 c0)
7.544: (fly-airplane a0 l3-0 l2-0)
7.544: (drive-truck t0 l0-2 l0-1 c0)
7.545: (drive-truck t0 l0-1 l0-0 c0)
7.545: (fly-airplane a0 l2-0 l3-0)
7.545: (fly-airplane a1 l3-0 l2-0)
7.544: (drive-truck t0 l0-0 l0-2 c0)
7.544: (drive-truck t0 l0-2 l0-1 c0)
7.546: (fly-airplane a0 l3-0 l2-0)
7.546: (drive-truck t0 l0-1 l0-2 c0)
7.547: (drive-truck t0 l0-2 l0-0 c0)
7.550: (fly-airplane a1 l2-0 l1-0)
7.541: (fly-airplane a0 l2-0 l0-0)
7.543: (drive-truck t0 l0-0 l0-2 c0)
7.543: (drive-truck t0 l0-2 l0-1 c0)
7.548: (fly-airplane a0 l0-0 l3-0)
7.548: (drive-truck t0 l0-1 l0-2 c0)
7.549: (fly-airplane a0 l3-0 l2-0)
7.549: (fly-airplane a0 l2-0 l1-0)
7.548: (fly-airplane a1 l1-0 l3-0)
7.549: (fly-airplane a1 l3-0 l2-0)
7.549: (drive-truck t0 l0-2 l0-1 c0)
7.549: (fly-airplane a1 l2-0 l1-0)
7.550: (drive-truck t0 l0-1 l0-0 c0)
7.549: (fly-airplane a1 l1-0 l3-0)
7.550: (fly-airplane a1 l3-0 l2-0)
7.622: (drive-truck t1 l1-0 l1-2 c1)
7.610: (fly-airplane a1 l2-0 l0-0)
7.607: (fly-airplane a0 l1-0 l3-0)
7.607: (drive-truck t1 l1-2 l1-1 c1)
7.609: (drive-truck t0 l0-0 l0-1 c0)
7.609: (drive-truck t1 l1-1 l1-2 c1)
7.609: (drive-truck t0 l0-1 l0-2 c0)
7.609: (drive-truck t1 l1-2 l1-1 c1)
7.612: (fly-airplane a0 l3-0 l1-0)
7.610: (drive-truck t0 l0-2 l0-0 c0)
7.610: (fly-airplane a0 l1-0 l0-0)
7.607: (fly-airplane a1 l0-0 l3-0)
7.607: (drive-truck t1 l1-1 l1-2 c1)
7.609: (drive-truck t0 l0-0 l0-2 c0)
7.609: (drive-truck t1 l1-2 l1-1 c1)
7.609: (drive-truck t0 l0-2 l0-1 c0)
7.609: (drive-truck t1 l1-1 l1-2 c1)
7.612: (fly-airplane a1 l3-0 l1-0)
7.610: (drive-truck t0 l0-1 l0-0 c0)
7.610: (drive-truck t1 l1-2 l1-1 c1)
7.610: (fly-airplane a1 l1-0 l2-0)
7.610: (drive-truck t1 l1-1 l1-2 c1)
7.610: (fly-airplane a1 l2-0 l0-0)
7.610: (fly-airplane a0 l0-0 l2-0)
7.610: (drive-truck t1 l1-2 l1-1 c1)
7.612: (drive-truck t0 l0-0 l0-1 c0)
7.612: (fly-airplane a0 l2-0 l1-0)
7.612: (drive-truck t1 l1-1 l1-2 c1)
7.612: (drive-truck t0 l0-1 l0-2 c0)
7.612: (fly-airplane a0 l1-0 l2-0)
7.612: (drive-truck t1 l1-2 l1-1 c1)
7.612: (fly-airplane a0 l2-0 l0-0)
7.612: (fly-airplane a1 l0-0 l1-0)
7.612: (drive-truck t1 l1-1 l1-2 c1)
7.612: (fly-airplane a1 l1-0 l0-0)
7.612: (fly-airplane a1 l0-0 l2-0)
7.612: (drive-truck t1 l1-2 l1-1 c1)
7.612: (drive-truck t0 l0-2 l0-1 c0)
7.612: (fly-airplane a1 l2-0 l1-0)
7.612: (fly-airplane a1 l1-0 l0-0)
7.612: (drive-truck t1 l1-1 l1-2 c1)
7.612: (fly-airplane a1 l0-0 l2-0)
7.619: (fly-airplane a0 l0-0 l3-0)
7.619: (drive-truck t0 l0-1 l0-2 c0)
7.619: (drive-truck t1 l1-2 l1-1 c1)
7.619: (drive-truck t0 l0-2 l0-1 c0)
7.619: (drive-truck t0 l0-1 l0-0 c0)
7.619: (drive-truck t1 l1-1 l1-2 c1)
7.619: (fly-airplane a1 l2-0 l3-0)
7.619: (fly-airplane a0 l3-0 l2-0)
7.619: (drive-truck t0 l0-0 l0-1 c0)
7.612: (fly-airplane a1 l3-0 l0-0)
7.622: (fly-airplane a1 l0-0 l1-0)
7.620: (fly-airplane a0 l2-0 l3-0)
7.619: (fly-airplane a1 l1-0 l3-0)
7.619: (drive-truck t0 l0-1 l0-2 c0)
7.619: (fly-airplane a0 l3-0 l2-0)
7.619: (drive-truck t1 l1-2 l1-1 c1)
7.619: (drive-truck t0 l0-2 l0-1 c0)
7.619: (drive-truck t0 l0-1 l0-0 c0)
7.619: (fly-airplane a0 l2-0 l3-0)
7.619: (drive-truck t0 l0-0 l0-2 c0)
7.619: (drive-truck t0 l0-2 l0-1 c0)
7.620: (fly-airplane a1 l3-0 l1-0)
7.620: (drive-truck t0 l0-1 l0-2 c0)
7.620: (drive-truck t1 l1-1 l1-2 c1)
7.620: (drive-truck t0 l0-2 l0-0 c0)
7.549: (drive-truck t1 l1-2 l1-0 c1)
7.620: (drive-truck t1 l1-0 l1-1 c1)
7.622: (fly-airplane a0 l3-0 l2-0)
7.622: (drive-truck t0 l0-0 l0-2 c0)
7.622: (drive-truck t1 l1-1 l1-2 c1)
7.622: (drive-truck t0 l0-2 l0-0 c0)
7.623: (fly-airplane a0 l2-0 l1-0)
7.620: (fly-airplane a1 l1-0 l3-0)
7.620: (drive-truck t0 l0-0 l0-1 c0)
7.620: (drive-truck t1 l1-2 l1-1 c1)
7.620: (drive-truck t0 l0-1 l0-2 c0)
7.620: (drive-truck t1 l1-1 l1-2 c1)
7.622: (fly-airplane a1 l3-0 l2-0)
7.622: (drive-truck t1 l1-2 l1-1 c1)
7.622: (drive-truck t0 l0-2 l0-1 c0)
7.622: (drive-truck t1 l1-1 l1-2 c1)
7.622: (fly-airplane a0 l1-0 l2-0)
7.622: (drive-truck t0 l0-1 l0-2 c0)
7.622: (drive-truck t1 l1-2 l1-1 c1)
7.622: (drive-truck t0 l0-2 l0-1 c0)
7.622: (fly-airplane a1 l2-0 l1-0)
7.623: (fly-airplane a0 l2-0 l1-0)
7.623: (drive-truck t1 l1-1 l1-2 c1)
7.623: (drive-truck t0 l0-1 l0-2 c0)
7.623: (drive-truck t1 l1-2 l1-1 c1)
7.623: (drive-truck t0 l0-2 l0-0 c0)
7.620: (fly-airplane a1 l1-0 l3-0)
7.622: (fly-airplane a1 l3-0 l2-0)
7.623: (fly-airplane a0 l1-0 l2-0)
7.623: (drive-truck t1 l1-1 l1-2 c1)
7.637: (drive-truck t3 l3-1 l3-2 c3)
7.627: (fly-airplane a1 l2-0 l0-0)
7.625: (fly-airplane a0 l2-0 l3-0)
7.625: (drive-truck t1 l1-2 l1-1 c1)
7.626: (drive-truck t0 l0-0 l0-1 c0)
7.626: (drive-truck t1 l1-1 l1-2 c1)
7.626: (drive-truck t0 l0-1 l0-2 c0)
7.626: (drive-truck t1 l1-2 l1-1 c1)
7.628: (fly-airplane a0 l3-0 l1-0)
7.627: (drive-truck t0 l0-2 l0-0 c0)
7.627: (drive-truck t1 l1-1 l1-2 c1)
7.627: (fly-airplane a0 l1-0 l0-0)
7.625: (fly-airplane a1 l0-0 l3-0)
7.625: (drive-truck t1 l1-2 l1-1 c1)
7.626: (drive-truck t0 l0-0 l0-2 c0)
7.626: (drive-truck t0 l0-2 l0-1 c0)
7.626: (drive-truck t1 l1-1 l1-2 c1)
7.626: (drive-truck t0 l0-1 l0-2 c0)
7.628: (fly-airplane a1 l3-0 l1-0)
7.627: (drive-truck t0 l0-2 l0-0 c0)
7.627: (drive-truck t1 l1-2 l1-1 c1)
7.627: (fly-airplane a1 l1-0 l0-0)
7.627: (fly-airplane a0 l0-0 l2-0)
7.629: (drive-truck t0 l0-0 l0-2 c0)
7.629: (drive-truck t1 l1-1 l1-2 c1)
7.628: (fly-airplane a0 l2-0 l1-0)
7.628: (drive-truck t0 l0-2 l0-1 c0)
7.628: (drive-truck t1 l1-2 l1-1 c1)
7.629: (fly-airplane a0 l1-0 l2-0)
7.629: (drive-truck t1 l1-1 l1-2 c1)
7.629: (fly-airplane a0 l2-0 l0-0)
7.628: (fly-airplane a1 l0-0 l1-0)
7.628: (drive-truck t1 l1-2 l1-1 c1)
7.628: (drive-truck t0 l0-1 l0-2 c0)
7.629: (fly-airplane a1 l1-0 l2-0)
7.627: (drive-truck t0 l0-2 l0-0 c0)
7.627: (drive-truck t1 l1-1 l1-2 c1)
7.629: (drive-truck t0 l0-0 l0-2 c0)
7.629: (drive-truck t0 l0-2 l0-1 c0)
7.629: (drive-truck t1 l1-2 l1-1 c1)
7.629: (fly-airplane a1 l2-0 l0-0)
7.629: (drive-truck t0 l0-1 l0-2 c0)
7.629: (drive-truck t1 l1-1 l1-2 c1)
7.639: (drive-truck t3 l3-2 l3-0 c3)
7.187: (unload-truck p1 t3 l3-0)
7.182: (fly-airplane a0 l0-0 l3-0)
7.182: (drive-truck t0 l0-2 l0-0 c0)
7.182: (drive-truck t1 l1-2 l1-1 c1)
7.182: (drive-truck t0 l0-0 l0-1 c0)
7.182: (drive-truck t0 l0-1 l0-2 c0)
7.186: (fly-airplane a0 l3-0 l2-0)
7.185: (drive-truck t0 l0-2 l0-0 c0)
7.185: (drive-truck t1 l1-1 l1-2 c1)
7.186: (drive-truck t0 l0-0 l0-1 c0)
7.182: (fly-airplane a0 l2-0 l3-0)
7.187: (fly-airplane a0 l3-0 l1-0)
7.186: (drive-truck t0 l0-1 l0-0 c0)
7.186: (fly-airplane a0 l1-0 l0-0)
7.182: (fly-airplane a1 l0-0 l3-0)
7.182: (drive-truck t1 l1-2 l1-1 c1)
7.182: (drive-truck t0 l0-0 l0-1 c0)
7.182: (drive-truck t0 l0-1 l0-2 c0)
7.182: (drive-truck t1 l1-1 l1-2 c1)
7.182: (drive-truck t0 l0-2 l0-1 c0)
7.186: (fly-airplane a1 l3-0 l2-0)
7.185: (drive-truck t0 l0-1 l0-0 c0)
7.185: (drive-truck t1 l1-2 l1-1 c1)
7.186: (drive-truck t0 l0-0 l0-2 c0)
7.186: (drive-truck t0 l0-2 l0-1 c0)
7.187: (fly-airplane a1 l2-0 l1-0)
7.186: (drive-truck t0 l0-1 l0-0 c0)
7.186: (fly-airplane a1 l1-0 l0-0)
7.186: (fly-airplane a0 l0-0 l1-0)
7.187: (drive-truck t0 l0-0 l0-2 c0)
7.187: (drive-truck t0 l0-2 l0-1 c0)
7.186: (fly-airplane a0 l1-0 l2-0)
7.187: (fly-airplane a0 l2-0 l0-0)
7.187: (drive-truck t1 l1-1 l1-2 c1)
7.187: (fly-airplane a1 l0-0 l1-0)
7.186: (drive-truck t0 l0-1 l0-0 c0)
7.187: (drive-truck t0 l0-0 l0-2 c0)
7.186: (fly-airplane a1 l1-0 l2-0)
7.206: (fly-airplane a0 l0-0 l3-0)
7.203: (fly-airplane a1 l2-0 l3-0)
7.203: (drive-truck t1 l1-2 l1-1 c1)
7.203: (drive-truck t0 l0-2 l0-1 c0)
7.203: (drive-truck t1 l1-1 l1-2 c1)
7.203: (drive-truck t0 l0-1 l0-0 c0)
7.203: (drive-truck t1 l1-2 l1-1 c1)
7.206: (fly-airplane a1 l3-0 l2-0)
7.206: (drive-truck t0 l0-0 l0-1 c0)
7.206: (drive-truck t1 l1-1 l1-2 c1)
7.206: (drive-truck t0 l0-1 l0-0 c0)
7.207: (fly-airplane a1 l2-0 l1-0)
7.207: (drive-truck t0 l0-0 l0-2 c0)
7.207: (drive-truck t1 l1-2 l1-1 c1)
7.187: (fly-airplane a0 l3-0 l0-0)
7.210: (fly-airplane a0 l0-0 l2-0)
7.206: (fly-airplane a1 l1-0 l3-0)
7.206: (drive-truck t1 l1-1 l1-2 c1)
7.186: (fly-airplane a1 l3-0 l0-0)
7.187: (fly-airplane a0 l2-0 l1-0)
7.207: (fly-airplane a1 l0-0 l3-0)
7.207: (drive-truck t1 l1-2 l1-1 c1)
7.207: (drive-truck t0 l0-2 l0-1 c0)
7.206: (fly-airplane a0 l1-0 l2-0)
7.206: (drive-truck t1 l1-1 l1-2 c1)
7.206: (drive-truck t0 l0-1 l0-0 c0)
7.206: (drive-truck t1 l1-2 l1-1 c1)
7.207: (fly-airplane a0 l2-0 l1-0)
7.207: (drive-truck t1 l1-1 l1-2 c1)
7.207: (drive-truck t0 l0-0 l0-1 c0)
7.210: (fly-airplane a1 l3-0 l2-0)
7.210: (drive-truck t1 l1-2 l1-1 c1)
7.210: (drive-truck t0 l0-1 l0-2 c0)
7.150: (drive-truck t1 l1-1 l1-0 c1)
7.150: (fly-airplane a1 l2-0 l1-0)
7.150: (drive-truck t0 l0-2 l0-1 c0)
7.202: (unload-truck p5 t3 l3-0)
7.188: (fly-airplane a0 l1-0 l0-0)
7.183: (fly-airplane a1 l1-0 l3-0)
6.155: (load-airplane p5 a1 l3-0)
6.154: (drive-truck t0 l0-1 l0-0 c0)
6.155: (drive-truck t0 l0-0 l0-2 c0)
6.176: (fly-airplane a0 l0-0 l1-0)
6.176: (drive-truck t0 l0-2 l0-1 c0)
6.176: (drive-truck t0 l0-1 l0-0 c0)
6.178: (fly-airplane a0 l1-0 l3-0)
6.178: (drive-truck t0 l0-0 l0-1 c0)
6.178: (drive-truck t0 l0-1 l0-2 c0)
6.178: (fly-airplane a0 l3-0 l2-0)
6.178: (drive-truck t0 l0-2 l0-1 c0)
6.179: (drive-truck t0 l0-1 l0-0 c0)
6.572: (drive-truck t1 l1-0 l1-1 c1)
6.548: (fly-airplane a0 l2-0 l0-0)
6.548: (drive-truck t1 l1-1 l1-2 c1)
6.548: (drive-truck t0 l0-0 l0-2 c0)
6.548: (drive-truck t0 l0-2 l0-1 c0)
6.548: (drive-truck t1 l1-2 l1-1 c1)
6.548: (drive-truck t0 l0-1 l0-2 c0)
6.571: (fly-airplane a0 l0-0 l3-0)
6.571: (drive-truck t0 l0-2 l0-1 c0)
6.571: (drive-truck t1 l1-1 l1-2 c1)
6.571: (drive-truck t0 l0-1 l0-2 c0)
6.572: (drive-truck t0 l0-2 l0-0 c0)
6.572: (drive-truck t1 l1-2 l1-1 c1)
6.572: (fly-airplane a0 l3-0 l1-0)
6.572: (drive-truck t0 l0-0 l0-2 c0)
6.572: (fly-airplane a0 l1-0 l2-0)
6.572: (drive-truck t0 l0-2 l0-1 c0)
6.572: (drive-truck t1 l1-1 l1-2 c1)
6.572: (drive-truck t0 l0-1 l0-2 c0)
6.572: (drive-truck t0 l0-2 l0-0 c0)
6.572: (fly-airplane a0 l2-0 l1-0)
6.572: (drive-truck t0 l0-0 l0-2 c0)
6.572: (drive-truck t0 l0-2 l0-1 c0)
6.572: (drive-truck t1 l1-2 l1-1 c1)
7.211: (fly-airplane a1 l3-0 l1-0)
6.700: (fly-airplane a0 l1-0 l0-0)
6.300: (drive-truck t1 l1-1 l1-0 c1)
6.300: (drive-truck t0 l0-1 l0-2 c0)
6.325: (drive-truck t0 l0-2 l0-0 c0)
6.537: (drive-truck t3 l3-0 l3-1 c3)
6.515: (drive-truck t0 l0-0 l0-1 c0)
6.515: (drive-truck t0 l0-1 l0-2 c0)
6.522: (drive-truck t3 l3-1 l3-2 c3)
6.522: (drive-truck t0 l0-2 l0-1 c0)
6.545: (drive-truck t0 l0-1 l0-0 c0)
6.930: (drive-truck t1 l1-0 l1-2 c1)
6.718: (drive-truck t3 l3-2 l3-0 c3)
6.700: (drive-truck t0 l0-0 l0-1 c0)
6.700: (drive-truck t0 l0-1 l0-2 c0)
6.700: (drive-truck t1 l1-2 l1-1 c1)
6.718: (drive-truck t0 l0-2 l0-0 c0)
6.930: (drive-truck t3 l3-0 l3-2 c3)
6.911: (drive-truck t0 l0-0 l0-2 c0)
6.911: (drive-truck t0 l0-2 l0-1 c0)
6.912: (drive-truck t1 l1-1 l1-2 c1)
6.912: (drive-truck t0 l0-1 l0-2 c0)
6.922: (drive-truck t3 l3-2 l3-1 c3)
6.922: (drive-truck t0 l0-2 l0-1 c0)
6.922: (drive-truck t1 l1-2 l1-1 c1)
6.922: (drive-truck t0 l0-1 l0-2 c0)
6.937: (drive-truck t0 l0-2 l0-0 c0)
6.937: (drive-truck t1 l1-1 l1-2 c1)
7.417: (fly-airplane a0 l0-0 l3-0)
7.024: (drive-truck t1 l1-2 l1-0 c1)
6.817: (drive-truck t3 l3-1 l3-0 c3)
6.804: (drive-truck t0 l0-0 l0-1 c0)
6.804: (drive-truck t0 l0-1 l0-2 c0)
6.806: (fly-airplane a0 l3-0 l2-0)
6.806: (drive-truck t0 l0-2 l0-1 c0)
6.818: (drive-truck t0 l0-1 l0-0 c0)
6.836: (fly-airplane a0 l2-0 l1-0)
6.824: (drive-truck t0 l0-0 l0-2 c0)
6.824: (drive-truck t0 l0-2 l0-1 c0)
7.035: (drive-truck t3 l3-0 l3-1 c3)
7.011: (fly-airplane a0 l1-0 l3-0)
7.011: (drive-truck t0 l0-1 l0-2 c0)
7.018: (fly-airplane a0 l3-0 l2-0)
7.018: (drive-truck t0 l0-2 l0-1 c0)
7.025: (drive-truck t3 l3-1 l3-2 c3)
7.019: (fly-airplane a0 l2-0 l3-0)
7.019: (drive-truck t0 l0-1 l0-2 c0)
7.025: (fly-airplane a0 l3-0 l2-0)
7.038: (drive-truck t0 l0-2 l0-0 c0)
7.030: (drive-truck t3 l3-2 l3-1 c3)
7.048: (fly-airplane a0 l2-0 l1-0)
7.035: (drive-truck t0 l0-0 l0-2 c0)
7.043: (drive-truck t3 l3-1 l3-2 c3)
7.043: (drive-truck t0 l0-2 l0-1 c0)
7.056: (drive-truck t0 l0-1 l0-0 c0)
7.031: (fly-airplane a0 l1-0 l3-0)
7.288: (fly-airplane a1 l1-0 l3-0)
7.217: (fly-airplane a0 l3-0 l0-0)
7.210: (drive-truck t3 l3-2 l3-1 c3)
7.211: (drive-truck t0 l0-0 l0-2 c0)
7.211: (drive-truck t0 l0-2 l0-1 c0)
7.218: (drive-truck t3 l3-1 l3-2 c3)
7.218: (drive-truck t0 l0-1 l0-2 c0)
7.235: (fly-airplane a1 l3-0 l2-0)
7.002: (drive-truck t3 l3-2 l3-0 c3)
7.000: (drive-truck t0 l0-2 l0-0 c0)
7.002: (drive-truck t0 l0-0 l0-1 c0)
7.095: (fly-airplane a0 l0-0 l2-0)
7.095: (drive-truck t0 l0-1 l0-2 c0)
7.108: (drive-truck t0 l0-2 l0-0 c0)
7.118: (fly-airplane a1 l2-0 l0-0)
7.113: (fly-airplane a0 l2-0 l0-0)
7.114: (fly-airplane a0 l0-0 l1-0)
7.116: (fly-airplane a0 l1-0 l3-0)
7.120: (drive-truck t0 l0-0 l0-2 c0)
7.118: (fly-airplane a0 l3-0 l0-0)
7.118: (drive-truck t0 l0-2 l0-1 c0)
7.118: (fly-airplane a0 l0-0 l1-0)
7.118: (drive-truck t0 l0-1 l0-2 c0)
7.122: (fly-airplane a0 l1-0 l2-0)
7.122: (drive-truck t0 l0-2 l0-1 c0)
7.120: (fly-airplane a0 l2-0 l3-0)
7.126: (fly-airplane a1 l0-0 l2-0)
7.126: (drive-truck t0 l0-1 l0-2 c0)
7.133: (fly-airplane a0 l3-0 l1-0)
7.133: (drive-truck t0 l0-2 l0-1 c0)
7.146: (drive-truck t0 l0-1 l0-0 c0)
7.139: (fly-airplane a0 l1-0 l3-0)
7.193: (load-airplane p6 a1 l2-0)
7.183: (fly-airplane a0 l3-0 l0-0)
7.183: (drive-truck t0 l0-0 l0-2 c0)
7.183: (drive-truck t0 l0-2 l0-1 c0)
7.193: (fly-airplane a0 l0-0 l2-0)
7.192: (drive-truck t0 l0-1 l0-0 c0)
7.193: (drive-truck t0 l0-0 l0-2 c0)
7.194: (fly-airplane a0 l2-0 l3-0)
7.194: (drive-truck t0 l0-2 l0-1 c0)
7.194: (fly-airplane a0 l3-0 l1-0)
7.193: (drive-truck t0 l0-1 l0-0 c0)
7.194: (drive-truck t0 l0-0 l0-2 c0)
7.265: (fly-airplane a1 l2-0 l3-0)
7.253: (fly-airplane a0 l1-0 l0-0)
7.251: (drive-truck t0 l0-2 l0-0 c0)
7.253: (drive-truck t0 l0-0 l0-1 c0)
7.261: (fly-airplane a0 l0-0 l2-0)
7.261: (drive-truck t0 l0-1 l0-0 c0)
7.261: (drive-truck t0 l0-0 l0-2 c0)
7.265: (fly-airplane a0 l2-0 l3-0)
7.265: (drive-truck t0 l0-2 l0-0 c0)
7.265: (fly-airplane a0 l3-0 l1-0)
7.265: (drive-truck t0 l0-0 l0-1 c0)
7.265: (fly-airplane a0 l1-0 l3-0)
7.377: (fly-airplane a1 l3-0 l1-0)
7.356: (fly-airplane a0 l3-0 l0-0)
7.355: (drive-truck t0 l0-1 l0-0 c0)
7.356: (drive-truck t0 l0-0 l0-2 c0)
7.376: (fly-airplane a0 l0-0 l2-0)
7.376: (drive-truck t0 l0-2 l0-1 c0)
7.376: (drive-truck t0 l0-1 l0-0 c0)
7.377: (fly-airplane a0 l2-0 l3-0)
7.377: (drive-truck t0 l0-0 l0-2 c0)
7.379: (fly-airplane a0 l3-0 l1-0)
7.379: (drive-truck t0 l0-2 l0-1 c0)
7.379: (drive-truck t0 l0-1 l0-0 c0)
7.603: (drive-truck t3 l3-0 l3-1 c3)
7.421: (fly-airplane a1 l1-0 l2-0)
7.357: (unload-airplane p6 a1 l2-0)
7.229: (fly-airplane a0 l1-0 l0-0)
7.230: (drive-truck t0 l0-0 l0-2 c0)
7.230: (drive-truck t0 l0-2 l0-1 c0)
7.235: (drive-truck t3 l3-1 l3-2 c3)
7.234: (drive-truck t0 l0-1 l0-0 c0)
7.326: (fly-airplane a0 l0-0 l2-0)
7.313: (drive-truck t0 l0-0 l0-1 c0)
7.307: (drive-truck t3 l3-2 l3-1 c3)
7.304: (fly-airplane a1 l2-0 l3-0)
7.263: (fly-airplane a0 l2-0 l3-0)
7.263: (drive-truck t0 l0-1 l0-2 c0)
7.275: (drive-truck t0 l0-2 l0-0 c0)
7.317: (fly-airplane a0 l3-0 l2-0)
7.304: (drive-truck t0 l0-0 l0-2 c0)
7.307: (fly-airplane a1 l3-0 l2-0)
7.313: (drive-truck t3 l3-1 l3-2 c3)
7.317: (fly-airplane a1 l2-0 l3-0)
7.276: (fly-airplane a0 l2-0 l3-0)
7.276: (drive-truck t0 l0-2 l0-1 c0)
7.317: (fly-airplane a0 l3-0 l2-0)
7.324: (fly-airplane a0 l2-0 l1-0)
7.310: (drive-truck t3 l3-2 l3-1 c3)
7.310: (drive-truck t0 l0-1 l0-2 c0)
7.323: (drive-truck t0 l0-2 l0-0 c0)
7.337: (drive-truck t3 l3-1 l3-2 c3)
7.324: (drive-truck t0 l0-0 l0-2 c0)
7.351: (fly-airplane a1 l3-0 l2-0)
7.338: (fly-airplane a0 l1-0 l3-0)
7.331: (drive-truck t3 l3-2 l3-1 c3)
7.331: (drive-truck t0 l0-2 l0-1 c0)
7.338: (drive-truck t3 l3-1 l3-2 c3)
7.351: (fly-airplane a0 l3-0 l1-0)
7.343: (drive-truck t3 l3-2 l3-1 c3)
7.343: (drive-truck t0 l0-1 l0-2 c0)
7.348: (fly-airplane a1 l2-0 l0-0)
7.344: (drive-truck t0 l0-2 l0-0 c0)
7.343: (fly-airplane a0 l1-0 l0-0)
7.346: (fly-airplane a0 l0-0 l3-0)
7.344: (fly-airplane a1 l0-0 l2-0)
7.319: (fly-airplane a0 l3-0 l2-0)
7.348: (fly-airplane a1 l2-0 l0-0)
7.351: (drive-truck t0 l0-0 l0-1 c0)
7.347: (fly-airplane a0 l2-0 l0-0)
7.347: (drive-truck t0 l0-1 l0-2 c0)
7.349: (fly-airplane a0 l0-0 l3-0)
7.349: (drive-truck t0 l0-2 l0-1 c0)
7.348: (fly-airplane a0 l3-0 l1-0)
7.353: (drive-truck t3 l3-1 l3-2 c3)
7.349: (drive-truck t0 l0-1 l0-0 c0)
7.348: (fly-airplane a0 l1-0 l0-0)
7.351: (fly-airplane a0 l0-0 l3-0)
7.351: (fly-airplane a1 l0-0 l2-0)
7.364: (fly-airplane a0 l3-0 l1-0)
7.428: (load-airplane p6 a1 l2-0)
7.416: (fly-airplane a0 l1-0 l0-0)
7.409: (drive-truck t3 l3-2 l3-1 c3)
7.410: (drive-truck t0 l0-0 l0-2 c0)
7.410: (drive-truck t0 l0-2 l0-1 c0)
7.417: (drive-truck t3 l3-1 l3-2 c3)
7.417: (drive-truck t0 l0-1 l0-2 c0)
7.428: (fly-airplane a0 l0-0 l2-0)
7.421: (drive-truck t3 l3-2 l3-1 c3)
7.420: (drive-truck t0 l0-2 l0-0 c0)
7.421: (drive-truck t0 l0-0 l0-1 c0)
7.422: (fly-airplane a0 l2-0 l3-0)
7.421: (drive-truck t0 l0-1 l0-0 c0)
7.422: (drive-truck t0 l0-0 l0-2 c0)
7.422: (fly-airplane a0 l3-0 l1-0)
7.422: (drive-truck t0 l0-2 l0-1 c0)
7.429: (drive-truck t3 l3-1 l3-2 c3)
7.428: (fly-airplane a0 l1-0 l2-0)
7.427: (drive-truck t0 l0-1 l0-0 c0)
7.428: (fly-airplane a0 l2-0 l3-0)
7.429: (drive-truck t0 l0-0 l0-2 c0)
7.429: (drive-truck t0 l0-2 l0-1 c0)
7.610: (fly-airplane a1 l2-0 l1-0)
7.590: (fly-airplane a0 l3-0 l0-0)
7.581: (drive-truck t3 l3-2 l3-1 c3)
7.580: (drive-truck t0 l0-1 l0-0 c0)
7.581: (drive-truck t0 l0-0 l0-2 c0)
7.590: (drive-truck t3 l3-1 l3-2 c3)
7.589: (drive-truck t0 l0-2 l0-0 c0)
7.610: (fly-airplane a0 l0-0 l2-0)
7.601: (drive-truck t3 l3-2 l3-1 c3)
7.601: (drive-truck t0 l0-0 l0-2 c0)
7.601: (drive-truck t0 l0-2 l0-1 c0)
7.602: (fly-airplane a0 l2-0 l3-0)
7.602: (drive-truck t0 l0-1 l0-2 c0)
7.602: (drive-truck t0 l0-2 l0-0 c0)
7.611: (drive-truck t3 l3-1 l3-2 c3)
7.610: (drive-truck t0 l0-0 l0-2 c0)
7.609: (fly-airplane a0 l3-0 l2-0)
7.609: (drive-truck t0 l0-2 l0-1 c0)
7.613: (fly-airplane a0 l2-0 l1-0)
7.603: (drive-truck t3 l3-2 l3-1 c3)
7.603: (drive-truck t0 l0-1 l0-2 c0)
7.613: (drive-truck t3 l3-1 l3-2 c3)
7.429: (fly-airplane a1 l1-0 l2-0)
7.816: (drive-truck t1 l1-0 l1-1 c1)
7.607: (drive-truck t3 l3-2 l3-0 c3)
7.424: (unload-airplane p6 a1 l2-0)
7.211: (fly-airplane a1 l2-0 l1-0)
7.194: (fly-airplane a0 l1-0 l3-0)
7.194: (drive-truck t1 l1-1 l1-2 c1)
7.194: (drive-truck t0 l0-2 l0-1 c0)
7.194: (drive-truck t1 l1-2 l1-1 c1)
7.195: (fly-airplane a0 l3-0 l2-0)
7.195: (drive-truck t1 l1-1 l1-2 c1)
7.195: (drive-truck t0 l0-1 l0-2 c0)
7.195: (drive-truck t1 l1-2 l1-1 c1)
7.208: (drive-truck t0 l0-2 l0-0 c0)
7.207: (fly-airplane a0 l2-0 l3-0)
7.207: (drive-truck t1 l1-1 l1-2 c1)
7.208: (fly-airplane a0 l3-0 l2-0)
7.224: (fly-airplane a0 l2-0 l1-0)
7.211: (drive-truck t0 l0-0 l0-1 c0)
7.211: (drive-truck t0 l0-1 l0-2 c0)
7.423: (drive-truck t3 l3-0 l3-2 c3)
7.401: (fly-airplane a0 l1-0 l3-0)
7.401: (drive-truck t1 l1-2 l1-1 c1)
7.401: (drive-truck t0 l0-2 l0-1 c0)
7.401: (drive-truck t1 l1-1 l1-2 c1)
7.405: (drive-truck t3 l3-2 l3-1 c3)
7.405: (drive-truck t1 l1-2 l1-1 c1)
7.405: (drive-truck t0 l0-1 l0-2 c0)
7.405: (drive-truck t1 l1-1 l1-2 c1)
7.411: (fly-airplane a0 l3-0 l2-0)
7.408: (drive-truck t3 l3-1 l3-2 c3)
7.408: (drive-truck t0 l0-2 l0-1 c0)
7.408: (drive-truck t1 l1-2 l1-1 c1)
Failed to find a solution!
