/u/ibrahim.eisawy/Neural-Guided-Search/venv/lib/python3.10/site-packages/pymimir_rgnn/model.py:151: UserWarning: index_reduce() is in beta and the API may change at any time. (Triggered internally at /pytorch/aten/src/ATen/native/cuda/Indexing.cu:1541.)
  max_msg.index_reduce_(0, output_indices, output_messages, reduce='amax', include_self=True)
Torch: 2.12.0+cu130
Using GPU:  NVIDIA L40S
43.190: (load-truck p5 t0 l0-1)
41.153: (load-truck p7 t1 l1-2)
39.705: (load-airplane p9 a0 l3-0)
38.309: (drive-truck t4 l4-2 l4-0 c4)
35.227: (load-truck p1 t4 l4-0)
34.364: (load-truck p12 t2 l2-0)
33.515: (load-truck p3 t3 l3-0)
32.098: (drive-truck t3 l3-0 l3-2 c3)
30.311: (load-truck p11 t3 l3-2)
29.807: (load-truck p10 t0 l0-1)
28.812: (drive-truck t0 l0-1 l0-2 c0)
27.822: (unload-truck p5 t0 l0-2)
27.360: (drive-truck t2 l2-0 l2-1 c2)
24.785: (load-truck p13 t2 l2-1)
23.699: (drive-truck t4 l4-0 l4-1 c4)
23.509: (fly-airplane a0 l3-0 l0-0)
22.592: (unload-airplane p9 a0 l0-0)
22.546: (drive-truck t3 l3-2 l3-1 c3)
20.618: (load-truck p4 t3 l3-1)
19.817: (unload-truck p11 t3 l3-1)
18.633: (drive-truck t3 l3-1 l3-2 c3)
18.618: (fly-airplane a0 l0-0 l4-0)
18.611: (fly-airplane a1 l1-0 l3-0)
18.615: (fly-airplane a1 l3-0 l2-0)
18.620: (fly-airplane a1 l2-0 l0-0)
18.620: (fly-airplane a1 l0-0 l4-0)
18.611: (fly-airplane a0 l4-0 l3-0)
18.615: (fly-airplane a0 l3-0 l2-0)
18.618: (fly-airplane a0 l2-0 l1-0)
18.620: (fly-airplane a0 l1-0 l0-0)
18.626: (fly-airplane a1 l4-0 l3-0)
18.621: (fly-airplane a0 l0-0 l2-0)
18.624: (fly-airplane a0 l2-0 l1-0)
18.626: (fly-airplane a0 l1-0 l3-0)
18.621: (fly-airplane a1 l3-0 l2-0)
18.624: (fly-airplane a1 l2-0 l1-0)
18.626: (fly-airplane a1 l1-0 l0-0)
18.630: (fly-airplane a0 l3-0 l2-0)
18.629: (fly-airplane a1 l0-0 l1-0)
18.630: (fly-airplane a1 l1-0 l2-0)
18.629: (fly-airplane a0 l2-0 l1-0)
18.630: (fly-airplane a0 l1-0 l0-0)
18.636: (fly-airplane a1 l2-0 l0-0)
18.633: (fly-airplane a0 l0-0 l1-0)
18.633: (fly-airplane a1 l0-0 l1-0)
18.805: (drive-truck t2 l2-1 l2-2 c2)
17.629: (load-truck p0 t2 l2-2)
17.614: (fly-airplane a0 l1-0 l4-0)
17.601: (fly-airplane a1 l1-0 l2-0)
17.601: (drive-truck t2 l2-2 l2-1 c2)
17.604: (fly-airplane a1 l2-0 l3-0)
17.604: (drive-truck t2 l2-1 l2-2 c2)
17.604: (fly-airplane a0 l4-0 l2-0)
17.601: (fly-airplane a1 l3-0 l4-0)
17.601: (drive-truck t2 l2-2 l2-1 c2)
17.604: (fly-airplane a0 l2-0 l3-0)
17.604: (drive-truck t2 l2-1 l2-2 c2)
17.604: (fly-airplane a1 l4-0 l2-0)
17.604: (drive-truck t2 l2-2 l2-1 c2)
17.614: (fly-airplane a0 l3-0 l2-0)
17.604: (fly-airplane a1 l2-0 l3-0)
17.615: (fly-airplane a1 l3-0 l1-0)
17.614: (drive-truck t2 l2-1 l2-2 c2)
17.614: (fly-airplane a1 l1-0 l2-0)
17.614: (fly-airplane a0 l2-0 l1-0)
17.614: (fly-airplane a1 l2-0 l4-0)
17.615: (drive-truck t2 l2-2 l2-1 c2)
17.615: (fly-airplane a1 l4-0 l2-0)
17.616: (fly-airplane a0 l1-0 l0-0)
17.616: (fly-airplane a1 l2-0 l4-0)
17.616: (drive-truck t2 l2-1 l2-2 c2)
17.616: (fly-airplane a0 l0-0 l4-0)
17.616: (fly-airplane a1 l4-0 l0-0)
17.616: (drive-truck t2 l2-2 l2-1 c2)
17.615: (fly-airplane a1 l0-0 l1-0)
17.616: (fly-airplane a1 l1-0 l4-0)
17.904: (drive-truck t1 l1-2 l1-0 c1)
16.831: (load-truck p2 t1 l1-0)
15.791: (drive-truck t1 l1-0 l1-2 c1)
15.776: (fly-airplane a1 l4-0 l2-0)
15.778: (fly-airplane a1 l2-0 l3-0)
15.778: (fly-airplane a0 l4-0 l2-0)
15.776: (fly-airplane a1 l3-0 l4-0)
15.778: (fly-airplane a0 l2-0 l3-0)
15.778: (fly-airplane a1 l4-0 l2-0)
15.782: (drive-truck t2 l2-1 l2-2 c2)
15.780: (fly-airplane a0 l3-0 l4-0)
15.782: (fly-airplane a1 l2-0 l3-0)
15.782: (fly-airplane a0 l4-0 l2-0)
15.780: (fly-airplane a1 l3-0 l4-0)
15.782: (fly-airplane a0 l2-0 l3-0)
15.790: (fly-airplane a0 l3-0 l1-0)
15.786: (drive-truck t2 l2-2 l2-1 c2)
15.786: (fly-airplane a1 l4-0 l2-0)
15.788: (fly-airplane a1 l2-0 l3-0)
15.792: (drive-truck t2 l2-1 l2-2 c2)
15.790: (fly-airplane a1 l3-0 l2-0)
15.793: (fly-airplane a0 l1-0 l2-0)
15.789: (drive-truck t2 l2-2 l2-1 c2)
15.786: (fly-airplane a1 l2-0 l1-0)
15.786: (fly-airplane a0 l2-0 l4-0)
15.788: (fly-airplane a0 l4-0 l3-0)
15.792: (drive-truck t2 l2-1 l2-2 c2)
15.790: (fly-airplane a0 l3-0 l4-0)
15.790: (fly-airplane a0 l4-0 l2-0)
15.795: (fly-airplane a1 l1-0 l0-0)
15.791: (drive-truck t2 l2-2 l2-1 c2)
15.791: (fly-airplane a0 l2-0 l4-0)
15.793: (fly-airplane a0 l4-0 l3-0)
15.793: (fly-airplane a1 l0-0 l3-0)
15.793: (fly-airplane a0 l3-0 l0-0)
15.791: (fly-airplane a1 l3-0 l4-0)
15.791: (fly-airplane a1 l4-0 l2-0)
15.795: (drive-truck t2 l2-1 l2-2 c2)
15.795: (fly-airplane a1 l2-0 l4-0)
15.795: (fly-airplane a0 l0-0 l4-0)
15.795: (fly-airplane a1 l4-0 l0-0)
15.797: (fly-airplane a0 l4-0 l3-0)
15.797: (fly-airplane a1 l0-0 l3-0)
15.797: (fly-airplane a0 l3-0 l0-0)
15.805: (fly-airplane a1 l3-0 l1-0)
15.801: (drive-truck t2 l2-2 l2-1 c2)
15.800: (fly-airplane a0 l0-0 l1-0)
15.801: (fly-airplane a1 l1-0 l0-0)
15.805: (drive-truck t2 l2-1 l2-2 c2)
15.805: (fly-airplane a1 l0-0 l1-0)
15.952: (drive-truck t1 l1-2 l1-1 c1)
14.270: (unload-truck p2 t1 l1-1)
13.793: (load-truck p6 t1 l1-1)
12.686: (drive-truck t1 l1-1 l1-2 c1)
12.671: (fly-airplane a0 l1-0 l2-0)
12.669: (fly-airplane a1 l1-0 l4-0)
12.670: (fly-airplane a0 l2-0 l3-0)
12.670: (fly-airplane a1 l4-0 l2-0)
12.669: (fly-airplane a0 l3-0 l4-0)
12.670: (fly-airplane a1 l2-0 l3-0)
12.670: (fly-airplane a0 l4-0 l2-0)
12.673: (fly-airplane a0 l2-0 l1-0)
12.671: (fly-airplane a1 l3-0 l2-0)
12.671: (fly-airplane a1 l2-0 l4-0)
12.684: (fly-airplane a0 l1-0 l4-0)
12.671: (fly-airplane a1 l4-0 l1-0)
12.673: (fly-airplane a0 l4-0 l3-0)
12.685: (fly-airplane a1 l1-0 l0-0)
12.684: (fly-airplane a0 l3-0 l4-0)
12.684: (fly-airplane a0 l4-0 l2-0)
12.682: (fly-airplane a1 l0-0 l2-0)
12.684: (fly-airplane a0 l2-0 l0-0)
12.684: (fly-airplane a1 l2-0 l4-0)
12.685: (fly-airplane a1 l4-0 l3-0)
12.685: (fly-airplane a0 l0-0 l3-0)
12.736: (drive-truck t2 l2-2 l2-1 c2)
12.721: (fly-airplane a1 l3-0 l4-0)
12.721: (fly-airplane a0 l3-0 l2-0)
12.722: (fly-airplane a1 l4-0 l3-0)
12.721: (fly-airplane a0 l2-0 l4-0)
12.721: (fly-airplane a1 l3-0 l2-0)
12.722: (fly-airplane a0 l4-0 l3-0)
12.723: (fly-airplane a0 l3-0 l1-0)
12.723: (fly-airplane a1 l2-0 l4-0)
12.724: (fly-airplane a1 l4-0 l3-0)
12.736: (fly-airplane a0 l1-0 l0-0)
12.736: (fly-airplane a1 l3-0 l4-0)
12.736: (fly-airplane a0 l0-0 l4-0)
12.723: (fly-airplane a1 l4-0 l1-0)
12.723: (fly-airplane a0 l4-0 l2-0)
12.724: (fly-airplane a0 l2-0 l3-0)
12.736: (fly-airplane a1 l1-0 l0-0)
12.736: (fly-airplane a0 l3-0 l4-0)
12.736: (fly-airplane a0 l4-0 l2-0)
12.734: (fly-airplane a1 l0-0 l2-0)
12.736: (fly-airplane a0 l2-0 l0-0)
12.738: (fly-airplane a1 l2-0 l1-0)
12.686: (drive-truck t2 l2-1 l2-2 c2)
12.700: (fly-airplane a1 l1-0 l0-0)
12.686: (fly-airplane a0 l0-0 l1-0)
12.738: (drive-truck t2 l2-2 l2-1 c2)
12.738: (fly-airplane a1 l0-0 l1-0)
13.489: (drive-truck t2 l2-1 l2-0 c2)
13.474: (fly-airplane a0 l1-0 l4-0)
13.475: (fly-airplane a1 l1-0 l3-0)
13.476: (fly-airplane a1 l3-0 l2-0)
13.478: (fly-airplane a0 l4-0 l1-0)
13.474: (fly-airplane a1 l2-0 l4-0)
13.475: (fly-airplane a0 l1-0 l3-0)
13.476: (fly-airplane a0 l3-0 l2-0)
13.478: (fly-airplane a1 l4-0 l1-0)
13.477: (fly-airplane a0 l2-0 l3-0)
13.479: (fly-airplane a1 l1-0 l2-0)
13.489: (fly-airplane a1 l2-0 l0-0)
13.487: (fly-airplane a0 l3-0 l4-0)
13.487: (fly-airplane a1 l0-0 l4-0)
13.487: (fly-airplane a0 l4-0 l0-0)
13.489: (fly-airplane a1 l4-0 l1-0)
13.489: (fly-airplane a1 l1-0 l3-0)
13.477: (fly-airplane a0 l0-0 l1-0)
13.478: (fly-airplane a0 l1-0 l2-0)
13.489: (fly-airplane a0 l2-0 l3-0)
13.842: (unload-truck p0 t2 l2-0)
13.561: (drive-truck t2 l2-0 l2-2 c2)
13.545: (fly-airplane a1 l3-0 l4-0)
13.540: (fly-airplane a0 l3-0 l1-0)
13.548: (fly-airplane a1 l4-0 l3-0)
13.545: (fly-airplane a0 l1-0 l4-0)
13.540: (fly-airplane a1 l3-0 l1-0)
13.548: (fly-airplane a0 l4-0 l3-0)
13.555: (fly-airplane a0 l3-0 l1-0)
13.555: (fly-airplane a1 l1-0 l0-0)
13.553: (fly-airplane a0 l1-0 l4-0)
13.553: (fly-airplane a1 l0-0 l4-0)
13.553: (fly-airplane a0 l4-0 l0-0)
13.555: (fly-airplane a1 l4-0 l1-0)
13.560: (fly-airplane a1 l1-0 l3-0)
13.569: (fly-airplane a1 l3-0 l0-0)
13.560: (fly-airplane a0 l0-0 l3-0)
13.577: (fly-airplane a1 l0-0 l2-0)
12.555: (load-airplane p0 a1 l2-0)
11.837: (fly-airplane a1 l2-0 l3-0)
10.849: (unload-airplane p0 a1 l3-0)
10.834: (fly-airplane a1 l3-0 l4-0)
10.821: (fly-airplane a0 l3-0 l2-0)
10.823: (fly-airplane a0 l2-0 l1-0)
10.823: (fly-airplane a1 l4-0 l2-0)
10.821: (fly-airplane a0 l1-0 l4-0)
10.823: (fly-airplane a1 l2-0 l1-0)
10.823: (fly-airplane a0 l4-0 l2-0)
10.834: (fly-airplane a1 l1-0 l2-0)
10.834: (fly-airplane a1 l2-0 l3-0)
10.834: (fly-airplane a0 l2-0 l4-0)
10.835: (fly-airplane a1 l3-0 l4-0)
10.835: (fly-airplane a0 l4-0 l0-0)
10.836: (fly-airplane a1 l4-0 l2-0)
10.834: (fly-airplane a0 l0-0 l3-0)
10.836: (fly-airplane a1 l2-0 l1-0)
10.837: (fly-airplane a0 l3-0 l1-0)
10.836: (fly-airplane a1 l1-0 l3-0)
10.837: (fly-airplane a1 l3-0 l0-0)
10.835: (fly-airplane a0 l1-0 l4-0)
10.836: (fly-airplane a0 l4-0 l2-0)
10.848: (fly-airplane a0 l2-0 l3-0)
10.851: (fly-airplane a0 l3-0 l0-0)
10.837: (fly-airplane a1 l0-0 l1-0)
10.848: (fly-airplane a1 l1-0 l3-0)
10.914: (drive-truck t2 l2-2 l2-1 c2)
10.900: (fly-airplane a0 l0-0 l4-0)
10.887: (fly-airplane a1 l3-0 l2-0)
10.889: (fly-airplane a1 l2-0 l1-0)
10.889: (fly-airplane a0 l4-0 l2-0)
10.887: (fly-airplane a1 l1-0 l4-0)
10.889: (fly-airplane a0 l2-0 l1-0)
10.889: (fly-airplane a1 l4-0 l2-0)
10.900: (fly-airplane a0 l1-0 l2-0)
10.900: (fly-airplane a0 l2-0 l3-0)
10.900: (fly-airplane a1 l2-0 l4-0)
10.901: (fly-airplane a0 l3-0 l0-0)
10.901: (fly-airplane a0 l0-0 l4-0)
10.901: (fly-airplane a1 l4-0 l0-0)
10.902: (fly-airplane a0 l4-0 l2-0)
10.900: (fly-airplane a1 l0-0 l3-0)
10.902: (fly-airplane a0 l2-0 l1-0)
10.903: (fly-airplane a1 l3-0 l1-0)
10.902: (fly-airplane a0 l1-0 l3-0)
10.904: (fly-airplane a0 l3-0 l0-0)
10.902: (fly-airplane a1 l1-0 l2-0)
10.917: (fly-airplane a1 l2-0 l0-0)
10.904: (fly-airplane a0 l0-0 l1-0)
10.914: (fly-airplane a0 l1-0 l3-0)
10.915: (fly-airplane a1 l0-0 l3-0)
11.792: (drive-truck t1 l1-2 l1-0 c1)
11.696: (drive-truck t2 l2-1 l2-2 c2)
11.650: (fly-airplane a1 l3-0 l1-0)
11.637: (fly-airplane a0 l3-0 l4-0)
11.637: (fly-airplane a0 l4-0 l2-0)
11.651: (fly-airplane a0 l2-0 l1-0)
11.637: (fly-airplane a1 l1-0 l4-0)
11.637: (fly-airplane a1 l4-0 l2-0)
11.650: (fly-airplane a1 l2-0 l3-0)
11.651: (fly-airplane a1 l3-0 l0-0)
11.683: (fly-airplane a0 l1-0 l4-0)
11.669: (fly-airplane a1 l0-0 l2-0)
11.681: (fly-airplane a1 l2-0 l3-0)
11.682: (fly-airplane a0 l4-0 l2-0)
11.669: (fly-airplane a1 l3-0 l4-0)
11.681: (fly-airplane a0 l2-0 l3-0)
11.682: (fly-airplane a1 l4-0 l2-0)
11.681: (fly-airplane a0 l3-0 l2-0)
11.683: (fly-airplane a0 l2-0 l0-0)
11.651: (fly-airplane a1 l2-0 l1-0)
11.683: (fly-airplane a1 l1-0 l4-0)
11.683: (fly-airplane a0 l0-0 l4-0)
11.778: (drive-truck t2 l2-2 l2-1 c2)
11.730: (fly-airplane a1 l4-0 l1-0)
11.730: (fly-airplane a0 l4-0 l2-0)
11.743: (fly-airplane a0 l2-0 l3-0)
11.744: (fly-airplane a0 l3-0 l1-0)
11.730: (fly-airplane a1 l1-0 l4-0)
11.730: (fly-airplane a1 l4-0 l2-0)
11.743: (fly-airplane a1 l2-0 l3-0)
11.744: (fly-airplane a1 l3-0 l0-0)
11.778: (fly-airplane a0 l1-0 l4-0)
11.764: (fly-airplane a1 l0-0 l2-0)
11.777: (fly-airplane a1 l2-0 l3-0)
11.778: (fly-airplane a0 l4-0 l2-0)
11.764: (fly-airplane a1 l3-0 l4-0)
11.777: (fly-airplane a0 l2-0 l3-0)
11.778: (fly-airplane a1 l4-0 l2-0)
11.777: (fly-airplane a0 l3-0 l2-0)
11.779: (fly-airplane a1 l2-0 l0-0)
11.683: (drive-truck t2 l2-1 l2-2 c2)
11.696: (fly-airplane a0 l2-0 l3-0)
11.699: (fly-airplane a0 l3-0 l0-0)
11.696: (fly-airplane a1 l0-0 l3-0)
11.792: (drive-truck t2 l2-2 l2-1 c2)
11.744: (fly-airplane a1 l3-0 l1-0)
11.778: (fly-airplane a1 l1-0 l4-0)
11.779: (fly-airplane a1 l4-0 l2-0)
11.794: (fly-airplane a1 l2-0 l0-0)
11.792: (fly-airplane a0 l0-0 l3-0)
12.042: (drive-truck t1 l1-0 l1-1 c1)
11.940: (drive-truck t2 l2-1 l2-2 c2)
11.925: (fly-airplane a1 l0-0 l4-0)
11.913: (fly-airplane a0 l3-0 l2-0)
11.925: (fly-airplane a1 l4-0 l2-0)
11.913: (fly-airplane a0 l2-0 l4-0)
11.925: (fly-airplane a1 l2-0 l3-0)
11.926: (fly-airplane a0 l4-0 l2-0)
11.927: (fly-airplane a1 l3-0 l0-0)
11.927: (fly-airplane a0 l2-0 l4-0)
11.927: (fly-airplane a1 l0-0 l4-0)
11.927: (fly-airplane a0 l4-0 l0-0)
11.927: (fly-airplane a1 l4-0 l2-0)
11.926: (fly-airplane a0 l0-0 l3-0)
11.930: (fly-airplane a0 l3-0 l1-0)
11.929: (fly-airplane a1 l2-0 l4-0)
11.942: (fly-airplane a1 l4-0 l1-0)
11.929: (fly-airplane a0 l1-0 l4-0)
11.930: (fly-airplane a0 l4-0 l2-0)
11.943: (fly-airplane a0 l2-0 l3-0)
11.941: (fly-airplane a1 l1-0 l3-0)
11.940: (fly-airplane a0 l3-0 l0-0)
11.943: (fly-airplane a1 l3-0 l0-0)
11.944: (fly-airplane a1 l0-0 l1-0)
12.047: (drive-truck t2 l2-2 l2-1 c2)
12.029: (fly-airplane a1 l1-0 l4-0)
12.015: (fly-airplane a0 l0-0 l2-0)
12.028: (fly-airplane a0 l2-0 l3-0)
12.029: (fly-airplane a1 l4-0 l2-0)
12.015: (fly-airplane a0 l3-0 l4-0)
12.028: (fly-airplane a1 l2-0 l3-0)
12.029: (fly-airplane a0 l4-0 l2-0)
12.028: (fly-airplane a1 l3-0 l2-0)
12.030: (fly-airplane a1 l2-0 l0-0)
12.029: (fly-airplane a0 l2-0 l4-0)
12.029: (fly-airplane a1 l0-0 l4-0)
12.032: (fly-airplane a1 l4-0 l1-0)
12.033: (fly-airplane a0 l4-0 l2-0)
12.045: (fly-airplane a0 l2-0 l1-0)
12.032: (fly-airplane a1 l1-0 l4-0)
12.033: (fly-airplane a1 l4-0 l2-0)
12.030: (fly-airplane a0 l1-0 l0-0)
12.043: (fly-airplane a1 l2-0 l3-0)
12.043: (fly-airplane a0 l0-0 l3-0)
12.046: (fly-airplane a1 l3-0 l1-0)
12.535: (unload-truck p6 t1 l1-1)
12.426: (drive-truck t2 l2-1 l2-2 c2)
12.407: (fly-airplane a1 l1-0 l4-0)
12.393: (fly-airplane a0 l3-0 l2-0)
12.406: (fly-airplane a1 l4-0 l2-0)
12.393: (fly-airplane a0 l2-0 l4-0)
12.407: (fly-airplane a1 l2-0 l3-0)
12.407: (fly-airplane a1 l3-0 l4-0)
12.407: (fly-airplane a0 l4-0 l0-0)
12.408: (fly-airplane a1 l4-0 l2-0)
12.408: (fly-airplane a0 l0-0 l3-0)
12.412: (fly-airplane a0 l3-0 l1-0)
12.412: (fly-airplane a1 l2-0 l4-0)
12.425: (fly-airplane a1 l4-0 l1-0)
12.412: (fly-airplane a0 l1-0 l4-0)
12.407: (fly-airplane a1 l1-0 l0-0)
12.408: (fly-airplane a0 l4-0 l2-0)
12.408: (fly-airplane a1 l0-0 l3-0)
12.412: (fly-airplane a1 l3-0 l1-0)
12.426: (fly-airplane a0 l2-0 l0-0)
12.422: (fly-airplane a1 l1-0 l3-0)
12.422: (fly-airplane a0 l0-0 l3-0)
12.422: (fly-airplane a1 l3-0 l0-0)
12.423: (fly-airplane a0 l3-0 l0-0)
12.426: (fly-airplane a0 l0-0 l1-0)
11.944: (load-truck p6 t1 l1-1)
11.943: (fly-airplane a1 l0-0 l3-0)
12.046: (drive-truck t2 l2-2 l2-1 c2)
12.047: (fly-airplane a1 l3-0 l0-0)
12.045: (fly-airplane a0 l1-0 l0-0)
12.530: (unload-truck p6 t1 l1-1)
12.514: (fly-airplane a0 l0-0 l4-0)
12.500: (fly-airplane a1 l0-0 l2-0)
12.513: (fly-airplane a0 l4-0 l2-0)
12.500: (fly-airplane a1 l2-0 l4-0)
12.514: (fly-airplane a0 l2-0 l3-0)
12.514: (fly-airplane a0 l3-0 l0-0)
12.514: (fly-airplane a0 l0-0 l4-0)
12.514: (fly-airplane a1 l4-0 l3-0)
12.515: (fly-airplane a0 l4-0 l2-0)
12.515: (fly-airplane a1 l3-0 l0-0)
12.521: (fly-airplane a1 l0-0 l1-0)
12.521: (fly-airplane a0 l2-0 l4-0)
12.534: (fly-airplane a0 l4-0 l1-0)
12.521: (fly-airplane a1 l1-0 l4-0)
12.521: (fly-airplane a1 l4-0 l2-0)
12.515: (fly-airplane a0 l1-0 l3-0)
12.515: (fly-airplane a0 l3-0 l0-0)
12.529: (fly-airplane a1 l2-0 l3-0)
12.529: (fly-airplane a0 l0-0 l3-0)
12.529: (fly-airplane a1 l3-0 l0-0)
12.536: (fly-airplane a0 l3-0 l1-0)
12.535: (fly-airplane a1 l0-0 l3-0)
12.426: (drive-truck t2 l2-1 l2-2 c2)
13.196: (drive-truck t1 l1-1 l1-2 c1)
13.171: (fly-airplane a0 l1-0 l4-0)
13.157: (fly-airplane a1 l3-0 l2-0)
13.157: (drive-truck t2 l2-2 l2-1 c2)
13.169: (fly-airplane a0 l4-0 l2-0)
13.157: (fly-airplane a1 l2-0 l4-0)
13.157: (drive-truck t2 l2-1 l2-2 c2)
13.170: (fly-airplane a1 l4-0 l2-0)
13.172: (fly-airplane a0 l2-0 l3-0)
13.171: (fly-airplane a1 l2-0 l4-0)
13.170: (drive-truck t2 l2-2 l2-1 c2)
13.171: (fly-airplane a0 l3-0 l0-0)
13.171: (fly-airplane a0 l0-0 l4-0)
13.170: (fly-airplane a1 l4-0 l3-0)
13.171: (fly-airplane a1 l3-0 l0-0)
13.171: (drive-truck t2 l2-1 l2-2 c2)
13.171: (fly-airplane a1 l0-0 l4-0)
13.171: (fly-airplane a0 l4-0 l0-0)
13.172: (fly-airplane a1 l4-0 l2-0)
13.171: (drive-truck t2 l2-2 l2-1 c2)
13.171: (fly-airplane a0 l0-0 l3-0)
13.181: (fly-airplane a0 l3-0 l1-0)
13.181: (fly-airplane a1 l2-0 l4-0)
13.182: (drive-truck t2 l2-1 l2-2 c2)
13.182: (fly-airplane a1 l4-0 l2-0)
13.196: (fly-airplane a1 l2-0 l0-0)
13.172: (fly-airplane a0 l1-0 l2-0)
13.171: (drive-truck t2 l2-2 l2-1 c2)
13.171: (fly-airplane a1 l0-0 l3-0)
13.172: (drive-truck t2 l2-1 l2-2 c2)
13.182: (fly-airplane a1 l3-0 l1-0)
13.181: (drive-truck t2 l2-2 l2-1 c2)
13.181: (fly-airplane a0 l2-0 l4-0)
13.182: (drive-truck t2 l2-1 l2-2 c2)
13.196: (fly-airplane a0 l4-0 l3-0)
13.186: (fly-airplane a1 l1-0 l0-0)
13.185: (drive-truck t2 l2-2 l2-1 c2)
13.186: (fly-airplane a1 l0-0 l3-0)
13.185: (fly-airplane a0 l3-0 l0-0)
13.186: (drive-truck t2 l2-1 l2-2 c2)
13.186: (fly-airplane a0 l0-0 l3-0)
13.984: (drive-truck t1 l1-2 l1-0 c1)
13.969: (fly-airplane a0 l3-0 l4-0)
13.955: (fly-airplane a1 l3-0 l2-0)
13.961: (fly-airplane a1 l2-0 l1-0)
13.961: (fly-airplane a0 l4-0 l2-0)
13.955: (fly-airplane a1 l1-0 l4-0)
13.961: (fly-airplane a0 l2-0 l1-0)
13.961: (fly-airplane a1 l4-0 l2-0)
13.968: (fly-airplane a0 l1-0 l2-0)
13.970: (fly-airplane a0 l2-0 l3-0)
13.969: (fly-airplane a1 l2-0 l4-0)
13.969: (fly-airplane a0 l3-0 l0-0)
13.969: (fly-airplane a0 l0-0 l4-0)
13.969: (fly-airplane a1 l4-0 l0-0)
13.970: (fly-airplane a0 l4-0 l2-0)
13.970: (fly-airplane a1 l0-0 l3-0)
13.975: (fly-airplane a0 l2-0 l1-0)
13.975: (fly-airplane a1 l3-0 l1-0)
13.197: (drive-truck t1 l1-0 l1-2 c1)
13.196: (drive-truck t2 l2-2 l2-1 c2)
13.195: (fly-airplane a1 l1-0 l3-0)
13.195: (fly-airplane a1 l3-0 l0-0)
13.187: (fly-airplane a0 l1-0 l0-0)
13.187: (drive-truck t2 l2-1 l2-2 c2)
13.196: (fly-airplane a1 l0-0 l1-0)
13.195: (drive-truck t2 l2-2 l2-1 c2)
12.536: (drive-truck t1 l1-2 l1-1 c1)
13.451: (drive-truck t0 l0-2 l0-0 c0)
12.962: (load-truck p6 t1 l1-1)
11.818: (drive-truck t1 l1-1 l1-2 c1)
11.748: (drive-truck t2 l2-1 l2-2 c2)
11.746: (fly-airplane a1 l1-0 l4-0)
11.746: (fly-airplane a1 l4-0 l2-0)
11.749: (fly-airplane a0 l0-0 l4-0)
11.746: (fly-airplane a1 l2-0 l0-0)
11.746: (fly-airplane a0 l4-0 l2-0)
11.748: (fly-airplane a0 l2-0 l1-0)
11.751: (fly-airplane a1 l0-0 l4-0)
11.749: (fly-airplane a0 l1-0 l2-0)
11.751: (fly-airplane a1 l4-0 l1-0)
11.751: (fly-airplane a0 l2-0 l4-0)
11.762: (fly-airplane a1 l1-0 l3-0)
11.759: (fly-airplane a0 l4-0 l0-0)
11.752: (fly-airplane a1 l3-0 l0-0)
11.759: (fly-airplane a0 l0-0 l3-0)
11.762: (fly-airplane a1 l0-0 l4-0)
11.763: (fly-airplane a1 l4-0 l2-0)
11.751: (fly-airplane a0 l3-0 l1-0)
11.762: (fly-airplane a0 l1-0 l2-0)
11.763: (fly-airplane a1 l2-0 l3-0)
11.764: (fly-airplane a0 l2-0 l1-0)
11.765: (fly-airplane a1 l3-0 l1-0)
11.764: (fly-airplane a0 l1-0 l3-0)
11.777: (fly-airplane a1 l1-0 l3-0)
11.847: (drive-truck t2 l2-2 l2-1 c2)
11.829: (fly-airplane a0 l3-0 l0-0)
11.816: (fly-airplane a1 l3-0 l4-0)
11.817: (fly-airplane a1 l4-0 l2-0)
11.819: (fly-airplane a0 l0-0 l4-0)
11.816: (fly-airplane a1 l2-0 l0-0)
11.817: (fly-airplane a0 l4-0 l2-0)
11.818: (fly-airplane a0 l2-0 l1-0)
11.821: (fly-airplane a1 l0-0 l4-0)
11.819: (fly-airplane a0 l1-0 l2-0)
11.822: (fly-airplane a1 l4-0 l1-0)
11.821: (fly-airplane a0 l2-0 l4-0)
11.832: (fly-airplane a1 l1-0 l3-0)
11.833: (fly-airplane a0 l4-0 l2-0)
11.832: (fly-airplane a1 l3-0 l2-0)
11.822: (fly-airplane a0 l2-0 l1-0)
11.833: (fly-airplane a0 l1-0 l3-0)
11.829: (fly-airplane a1 l2-0 l0-0)
11.822: (fly-airplane a0 l3-0 l0-0)
12.091: (drive-truck t0 l0-0 l0-1 c0)
12.021: (drive-truck t2 l2-1 l2-2 c2)
12.007: (fly-airplane a0 l0-0 l4-0)
11.996: (fly-airplane a1 l0-0 l2-0)
11.998: (fly-airplane a1 l2-0 l1-0)
11.998: (fly-airplane a0 l4-0 l2-0)
11.996: (fly-airplane a1 l1-0 l4-0)
11.998: (fly-airplane a0 l2-0 l1-0)
11.998: (fly-airplane a1 l4-0 l2-0)
12.007: (fly-airplane a0 l1-0 l0-0)
12.007: (fly-airplane a1 l2-0 l4-0)
12.009: (fly-airplane a1 l4-0 l1-0)
12.011: (fly-airplane a0 l0-0 l3-0)
12.009: (fly-airplane a1 l1-0 l4-0)
12.010: (fly-airplane a1 l4-0 l2-0)
12.009: (fly-airplane a0 l3-0 l2-0)
12.007: (fly-airplane a1 l2-0 l0-0)
12.009: (fly-airplane a0 l2-0 l1-0)
12.011: (fly-airplane a1 l0-0 l3-0)
12.009: (fly-airplane a0 l1-0 l4-0)
12.010: (fly-airplane a0 l4-0 l2-0)
12.020: (fly-airplane a0 l2-0 l0-0)
12.024: (fly-airplane a0 l0-0 l3-0)
12.020: (fly-airplane a1 l3-0 l0-0)
12.090: (drive-truck t2 l2-2 l2-1 c2)
12.077: (fly-airplane a0 l3-0 l4-0)
12.066: (fly-airplane a1 l0-0 l2-0)
12.068: (fly-airplane a1 l2-0 l1-0)
12.069: (fly-airplane a0 l4-0 l2-0)
12.066: (fly-airplane a1 l1-0 l4-0)
12.068: (fly-airplane a0 l2-0 l1-0)
12.069: (fly-airplane a1 l4-0 l2-0)
12.078: (fly-airplane a0 l1-0 l0-0)
12.077: (fly-airplane a1 l2-0 l4-0)
12.079: (fly-airplane a0 l0-0 l3-0)
11.832: (drive-truck t0 l0-1 l0-0 c0)
11.833: (fly-airplane a0 l3-0 l4-0)
11.763: (drive-truck t2 l2-1 l2-2 c2)
12.010: (drive-truck t0 l0-0 l0-1 c0)
12.080: (drive-truck t2 l2-2 l2-1 c2)
12.079: (fly-airplane a1 l4-0 l3-0)
12.080: (fly-airplane a0 l4-0 l2-0)
12.078: (fly-airplane a1 l3-0 l0-0)
12.079: (fly-airplane a1 l0-0 l2-0)
12.080: (fly-airplane a0 l2-0 l3-0)
12.081: (fly-airplane a1 l2-0 l1-0)
11.834: (drive-truck t0 l0-1 l0-0 c0)
11.835: (fly-airplane a0 l3-0 l1-0)
11.834: (fly-airplane a1 l1-0 l3-0)
12.081: (drive-truck t0 l0-0 l0-1 c0)
12.079: (fly-airplane a1 l3-0 l0-0)
12.082: (fly-airplane a1 l0-0 l1-0)
12.012: (drive-truck t2 l2-1 l2-2 c2)
12.826: (drive-truck t1 l1-2 l1-0 c1)
12.579: (drive-truck t0 l0-1 l0-0 c0)
12.562: (fly-airplane a0 l1-0 l0-0)
12.565: (fly-airplane a0 l0-0 l4-0)
12.566: (fly-airplane a0 l4-0 l2-0)
12.579: (fly-airplane a0 l2-0 l3-0)
12.607: (fly-airplane a1 l1-0 l0-0)
12.562: (fly-airplane a0 l3-0 l1-0)
12.565: (fly-airplane a1 l0-0 l4-0)
12.566: (fly-airplane a1 l4-0 l2-0)
12.579: (fly-airplane a1 l2-0 l3-0)
12.607: (fly-airplane a0 l1-0 l0-0)
12.593: (fly-airplane a1 l3-0 l4-0)
12.594: (fly-airplane a1 l4-0 l2-0)
12.597: (fly-airplane a0 l0-0 l4-0)
12.593: (fly-airplane a1 l2-0 l0-0)
12.594: (fly-airplane a0 l4-0 l2-0)
12.597: (fly-airplane a1 l0-0 l4-0)
12.610: (fly-airplane a1 l4-0 l2-0)
12.611: (fly-airplane a0 l2-0 l3-0)
12.610: (fly-airplane a1 l2-0 l4-0)
12.611: (fly-airplane a0 l3-0 l4-0)
12.610: (fly-airplane a1 l4-0 l3-0)
12.611: (fly-airplane a0 l4-0 l2-0)
12.625: (fly-airplane a0 l2-0 l3-0)
12.725: (drive-truck t2 l2-2 l2-1 c2)
12.676: (fly-airplane a1 l3-0 l1-0)
12.659: (fly-airplane a0 l3-0 l0-0)
12.662: (fly-airplane a0 l0-0 l4-0)
12.663: (fly-airplane a0 l4-0 l2-0)
12.676: (fly-airplane a0 l2-0 l1-0)
12.659: (fly-airplane a1 l1-0 l0-0)
12.662: (fly-airplane a1 l0-0 l4-0)
12.663: (fly-airplane a1 l4-0 l2-0)
12.676: (fly-airplane a1 l2-0 l3-0)
12.707: (fly-airplane a0 l1-0 l0-0)
12.693: (fly-airplane a1 l3-0 l4-0)
12.694: (fly-airplane a1 l4-0 l2-0)
12.697: (fly-airplane a0 l0-0 l4-0)
12.693: (fly-airplane a1 l2-0 l0-0)
12.694: (fly-airplane a0 l4-0 l2-0)
12.697: (fly-airplane a1 l0-0 l4-0)
12.709: (fly-airplane a1 l4-0 l2-0)
12.710: (fly-airplane a1 l2-0 l3-0)
12.709: (fly-airplane a0 l2-0 l4-0)
12.711: (fly-airplane a1 l3-0 l4-0)
12.709: (fly-airplane a0 l4-0 l3-0)
12.707: (fly-airplane a1 l4-0 l0-0)
12.699: (fly-airplane a0 l3-0 l0-0)
12.599: (drive-truck t2 l2-1 l2-2 c2)
12.844: (drive-truck t1 l1-0 l1-1 c1)
12.837: (fly-airplane a1 l0-0 l4-0)
12.838: (fly-airplane a1 l4-0 l2-0)
12.841: (fly-airplane a0 l0-0 l4-0)
12.837: (fly-airplane a1 l2-0 l0-0)
12.838: (fly-airplane a0 l4-0 l2-0)
12.841: (fly-airplane a1 l0-0 l4-0)
12.854: (fly-airplane a1 l4-0 l2-0)
12.855: (fly-airplane a0 l2-0 l3-0)
12.851: (fly-airplane a1 l2-0 l0-0)
12.854: (fly-airplane a1 l0-0 l4-0)
12.855: (fly-airplane a0 l3-0 l4-0)
12.854: (fly-airplane a1 l4-0 l3-0)
12.851: (fly-airplane a0 l4-0 l0-0)
12.855: (fly-airplane a1 l3-0 l1-0)
12.857: (fly-airplane a0 l0-0 l4-0)
12.858: (fly-airplane a0 l4-0 l2-0)
12.855: (fly-airplane a1 l1-0 l3-0)
12.869: (fly-airplane a0 l2-0 l3-0)
12.871: (fly-airplane a0 l3-0 l1-0)
12.855: (fly-airplane a1 l3-0 l0-0)
12.857: (fly-airplane a1 l0-0 l4-0)
12.858: (fly-airplane a1 l4-0 l2-0)
12.870: (fly-airplane a1 l2-0 l1-0)
12.871: (fly-airplane a0 l1-0 l3-0)
12.978: (drive-truck t2 l2-2 l2-1 c2)
12.958: (fly-airplane a1 l1-0 l0-0)
12.944: (fly-airplane a0 l3-0 l4-0)
12.945: (fly-airplane a0 l4-0 l2-0)
12.947: (fly-airplane a1 l0-0 l4-0)
12.944: (fly-airplane a0 l2-0 l0-0)
12.945: (fly-airplane a1 l4-0 l2-0)
12.947: (fly-airplane a0 l0-0 l4-0)
12.960: (fly-airplane a0 l4-0 l2-0)
12.961: (fly-airplane a0 l2-0 l3-0)
12.710: (drive-truck t1 l1-1 l1-0 c1)
12.958: (drive-truck t0 l0-0 l0-1 c0)
12.858: (drive-truck t2 l2-1 l2-2 c2)
12.813: (fly-airplane a0 l3-0 l1-0)
12.812: (fly-airplane a1 l2-0 l4-0)
12.823: (fly-airplane a1 l4-0 l0-0)
12.826: (fly-airplane a1 l0-0 l3-0)
12.858: (fly-airplane a0 l1-0 l4-0)
12.812: (fly-airplane a1 l3-0 l1-0)
12.813: (fly-airplane a0 l4-0 l2-0)
12.823: (fly-airplane a0 l2-0 l0-0)
12.826: (fly-airplane a0 l0-0 l3-0)
12.857: (fly-airplane a1 l1-0 l4-0)
12.844: (fly-airplane a0 l3-0 l2-0)
12.855: (fly-airplane a0 l2-0 l0-0)
12.856: (fly-airplane a1 l4-0 l2-0)
12.844: (fly-airplane a0 l0-0 l4-0)
12.855: (fly-airplane a1 l2-0 l0-0)
12.856: (fly-airplane a0 l4-0 l2-0)
12.857: (fly-airplane a1 l0-0 l2-0)
12.858: (fly-airplane a1 l2-0 l3-0)
12.869: (fly-airplane a0 l2-0 l0-0)
12.869: (fly-airplane a1 l3-0 l0-0)
12.869: (fly-airplane a0 l0-0 l3-0)
12.873: (fly-airplane a1 l0-0 l3-0)
12.972: (drive-truck t2 l2-2 l2-1 c2)
12.094: (drive-truck t1 l1-0 l1-2 c1)
12.090: (fly-airplane a0 l3-0 l0-0)
12.079: (fly-airplane a1 l3-0 l1-0)
12.921: (drive-truck t1 l1-2 l1-0 c1)
12.909: (fly-airplane a0 l0-0 l4-0)
12.910: (fly-airplane a0 l4-0 l2-0)
12.923: (fly-airplane a0 l2-0 l3-0)
12.923: (fly-airplane a0 l3-0 l1-0)
12.909: (fly-airplane a1 l1-0 l4-0)
12.910: (fly-airplane a1 l4-0 l2-0)
12.921: (fly-airplane a1 l2-0 l0-0)
12.923: (fly-airplane a1 l0-0 l3-0)
12.957: (fly-airplane a0 l1-0 l4-0)
12.944: (fly-airplane a1 l3-0 l2-0)
12.955: (fly-airplane a1 l2-0 l0-0)
12.955: (fly-airplane a0 l4-0 l2-0)
12.944: (fly-airplane a1 l0-0 l4-0)
12.955: (fly-airplane a0 l2-0 l0-0)
12.955: (fly-airplane a1 l4-0 l2-0)
12.957: (fly-airplane a0 l0-0 l2-0)
12.958: (fly-airplane a1 l2-0 l3-0)
12.969: (fly-airplane a0 l2-0 l0-0)
12.969: (fly-airplane a1 l3-0 l0-0)
12.969: (fly-airplane a0 l0-0 l3-0)
12.957: (fly-airplane a1 l0-0 l4-0)
12.958: (fly-airplane a0 l3-0 l4-0)
12.858: (drive-truck t2 l2-1 l2-2 c2)
13.103: (drive-truck t1 l1-0 l1-1 c1)
13.089: (fly-airplane a1 l4-0 l2-0)
13.099: (fly-airplane a1 l2-0 l0-0)
13.100: (fly-airplane a0 l4-0 l2-0)
13.089: (fly-airplane a1 l0-0 l4-0)
13.099: (fly-airplane a0 l2-0 l0-0)
13.100: (fly-airplane a1 l4-0 l2-0)
13.101: (fly-airplane a0 l0-0 l2-0)
13.103: (fly-airplane a1 l2-0 l3-0)
13.102: (fly-airplane a0 l2-0 l4-0)
13.105: (fly-airplane a1 l3-0 l1-0)
13.106: (fly-airplane a0 l4-0 l2-0)
13.117: (fly-airplane a0 l2-0 l0-0)
13.113: (fly-airplane a1 l1-0 l3-0)
13.114: (fly-airplane a1 l3-0 l0-0)
13.113: (fly-airplane a0 l0-0 l3-0)
13.102: (fly-airplane a1 l0-0 l4-0)
13.103: (fly-airplane a1 l4-0 l2-0)
13.106: (fly-airplane a0 l3-0 l1-0)
13.105: (fly-airplane a1 l2-0 l4-0)
13.117: (fly-airplane a1 l4-0 l0-0)
13.118: (fly-airplane a1 l0-0 l1-0)
13.119: (fly-airplane a0 l1-0 l3-0)
13.117: (fly-airplane a1 l1-0 l3-0)
13.119: (fly-airplane a0 l3-0 l1-0)
13.226: (drive-truck t2 l2-2 l2-1 c2)
12.978: (drive-truck t0 l0-1 l0-0 c0)
12.958: (fly-airplane a0 l1-0 l0-0)
12.950: (fly-airplane a1 l3-0 l0-0)
12.962: (fly-airplane a0 l0-0 l1-0)
12.965: (fly-airplane a1 l0-0 l4-0)
12.960: (fly-airplane a0 l1-0 l3-0)
12.961: (fly-airplane a0 l3-0 l4-0)
12.960: (fly-airplane a1 l4-0 l3-0)
12.961: (fly-airplane a0 l4-0 l2-0)
12.965: (fly-airplane a1 l3-0 l1-0)
12.965: (fly-airplane a0 l2-0 l4-0)
12.977: (fly-airplane a0 l4-0 l1-0)
12.965: (fly-airplane a1 l1-0 l2-0)
13.213: (drive-truck t0 l0-0 l0-1 c0)
13.195: (fly-airplane a0 l1-0 l4-0)
13.206: (fly-airplane a1 l2-0 l0-0)
13.207: (fly-airplane a0 l4-0 l2-0)
13.195: (fly-airplane a1 l0-0 l4-0)
13.206: (fly-airplane a0 l2-0 l0-0)
13.207: (fly-airplane a1 l4-0 l2-0)
13.208: (fly-airplane a0 l0-0 l2-0)
13.209: (fly-airplane a0 l2-0 l3-0)
13.208: (fly-airplane a1 l2-0 l4-0)
13.209: (fly-airplane a0 l3-0 l4-0)
13.208: (fly-airplane a1 l4-0 l3-0)
13.209: (fly-airplane a0 l4-0 l2-0)
13.213: (fly-airplane a1 l3-0 l1-0)
13.212: (fly-airplane a0 l2-0 l4-0)
13.224: (fly-airplane a0 l4-0 l0-0)
13.220: (fly-airplane a1 l1-0 l3-0)
13.220: (fly-airplane a1 l3-0 l0-0)
13.220: (fly-airplane a0 l0-0 l3-0)
13.224: (fly-airplane a1 l0-0 l3-0)
12.976: (drive-truck t0 l0-1 l0-0 c0)
13.236: (unload-truck p10 t0 l0-0)
12.105: (drive-truck t1 l1-1 l1-2 c1)
12.040: (drive-truck t2 l2-1 l2-2 c2)
12.024: (fly-airplane a1 l3-0 l4-0)
12.010: (fly-airplane a0 l3-0 l2-0)
12.012: (fly-airplane a0 l2-0 l1-0)
12.013: (fly-airplane a1 l4-0 l2-0)
12.010: (fly-airplane a0 l1-0 l4-0)
12.012: (fly-airplane a1 l2-0 l1-0)
12.013: (fly-airplane a0 l4-0 l2-0)
12.020: (fly-airplane a1 l1-0 l0-0)
11.023: (load-airplane p10 a1 l0-0)
11.022: (fly-airplane a0 l2-0 l4-0)
11.024: (fly-airplane a0 l4-0 l1-0)
11.032: (fly-airplane a0 l1-0 l0-0)
11.035: (fly-airplane a0 l0-0 l3-0)
11.095: (fly-airplane a1 l0-0 l3-0)
10.193: (unload-airplane p10 a1 l3-0)
10.177: (fly-airplane a0 l3-0 l4-0)
10.165: (fly-airplane a1 l3-0 l2-0)
10.166: (fly-airplane a1 l2-0 l1-0)
10.167: (fly-airplane a0 l4-0 l2-0)
10.165: (fly-airplane a1 l1-0 l4-0)
10.166: (fly-airplane a0 l2-0 l1-0)
10.167: (fly-airplane a1 l4-0 l2-0)
10.177: (fly-airplane a0 l1-0 l2-0)
10.178: (fly-airplane a1 l2-0 l3-0)
10.178: (fly-airplane a1 l3-0 l0-0)
10.177: (fly-airplane a0 l2-0 l4-0)
10.179: (fly-airplane a1 l0-0 l4-0)
10.177: (fly-airplane a0 l4-0 l3-0)
10.177: (fly-airplane a0 l3-0 l0-0)
10.178: (fly-airplane a1 l4-0 l2-0)
10.178: (fly-airplane a0 l0-0 l3-0)
10.180: (fly-airplane a1 l2-0 l1-0)
10.180: (fly-airplane a0 l3-0 l0-0)
10.181: (fly-airplane a0 l0-0 l1-0)
10.180: (fly-airplane a1 l1-0 l3-0)
10.180: (fly-airplane a1 l3-0 l0-0)
10.191: (fly-airplane a0 l1-0 l3-0)
10.191: (fly-airplane a0 l3-0 l0-0)
10.191: (fly-airplane a1 l0-0 l3-0)
10.261: (drive-truck t2 l2-2 l2-1 c2)
10.247: (fly-airplane a0 l0-0 l4-0)
10.235: (fly-airplane a1 l3-0 l2-0)
10.236: (fly-airplane a1 l2-0 l1-0)
10.237: (fly-airplane a0 l4-0 l2-0)
10.235: (fly-airplane a1 l1-0 l4-0)
10.236: (fly-airplane a0 l2-0 l1-0)
10.237: (fly-airplane a1 l4-0 l2-0)
10.248: (fly-airplane a0 l1-0 l2-0)
10.248: (fly-airplane a1 l2-0 l3-0)
10.248: (fly-airplane a1 l3-0 l0-0)
10.248: (fly-airplane a0 l2-0 l4-0)
10.249: (fly-airplane a1 l0-0 l4-0)
10.247: (fly-airplane a0 l4-0 l3-0)
10.248: (fly-airplane a0 l3-0 l0-0)
10.248: (fly-airplane a1 l4-0 l2-0)
10.248: (fly-airplane a0 l0-0 l3-0)
10.250: (fly-airplane a1 l2-0 l1-0)
10.250: (fly-airplane a0 l3-0 l0-0)
10.251: (fly-airplane a0 l0-0 l1-0)
10.250: (fly-airplane a1 l1-0 l3-0)
10.250: (fly-airplane a1 l3-0 l0-0)
10.261: (fly-airplane a0 l1-0 l3-0)
10.262: (fly-airplane a0 l3-0 l0-0)
10.334: (drive-truck t0 l0-0 l0-1 c0)
10.264: (drive-truck t2 l2-1 l2-2 c2)
10.248: (fly-airplane a1 l0-0 l4-0)
10.236: (fly-airplane a0 l0-0 l2-0)
10.238: (fly-airplane a0 l2-0 l1-0)
10.238: (fly-airplane a1 l4-0 l2-0)
10.236: (fly-airplane a0 l1-0 l4-0)
10.238: (fly-airplane a1 l2-0 l1-0)
10.238: (fly-airplane a0 l4-0 l2-0)
10.249: (fly-airplane a1 l1-0 l2-0)
10.249: (fly-airplane a0 l2-0 l0-0)
10.250: (fly-airplane a0 l0-0 l3-0)
10.249: (fly-airplane a1 l2-0 l4-0)
10.250: (fly-airplane a0 l3-0 l4-0)
10.248: (fly-airplane a1 l4-0 l0-0)
10.249: (fly-airplane a1 l0-0 l3-0)
10.250: (fly-airplane a0 l4-0 l2-0)
10.249: (fly-airplane a1 l3-0 l0-0)
10.251: (fly-airplane a0 l2-0 l1-0)
10.251: (fly-airplane a1 l0-0 l3-0)
10.252: (fly-airplane a1 l3-0 l1-0)
10.251: (fly-airplane a0 l1-0 l0-0)
10.251: (fly-airplane a0 l0-0 l3-0)
10.262: (fly-airplane a1 l1-0 l0-0)
10.264: (fly-airplane a1 l0-0 l3-0)
10.262: (fly-airplane a0 l3-0 l0-0)
10.332: (drive-truck t2 l2-2 l2-1 c2)
10.319: (fly-airplane a1 l3-0 l4-0)
10.306: (fly-airplane a0 l0-0 l2-0)
10.308: (fly-airplane a0 l2-0 l1-0)
10.309: (fly-airplane a1 l4-0 l2-0)
10.306: (fly-airplane a0 l1-0 l4-0)
10.308: (fly-airplane a1 l2-0 l1-0)
10.309: (fly-airplane a0 l4-0 l2-0)
10.319: (fly-airplane a1 l1-0 l2-0)
10.319: (fly-airplane a1 l2-0 l0-0)
10.319: (fly-airplane a0 l2-0 l4-0)
10.319: (fly-airplane a1 l0-0 l3-0)
10.320: (fly-airplane a0 l4-0 l2-0)
10.321: (fly-airplane a0 l2-0 l1-0)
10.321: (fly-airplane a1 l3-0 l0-0)
10.322: (fly-airplane a1 l0-0 l1-0)
10.321: (fly-airplane a0 l1-0 l0-0)
10.319: (fly-airplane a1 l1-0 l2-0)
10.320: (fly-airplane a0 l0-0 l3-0)
10.319: (fly-airplane a1 l2-0 l4-0)
10.320: (fly-airplane a0 l3-0 l4-0)
10.760: (drive-truck t0 l0-1 l0-2 c0)
10.111: (load-truck p5 t0 l0-2)
10.044: (drive-truck t2 l2-1 l2-2 c2)
10.030: (fly-airplane a1 l4-0 l2-0)
10.032: (fly-airplane a1 l2-0 l1-0)
10.032: (fly-airplane a0 l4-0 l2-0)
10.030: (fly-airplane a1 l1-0 l4-0)
10.032: (fly-airplane a0 l2-0 l1-0)
10.032: (fly-airplane a1 l4-0 l2-0)
10.043: (fly-airplane a0 l1-0 l2-0)
10.043: (fly-airplane a1 l2-0 l3-0)
10.043: (fly-airplane a0 l2-0 l4-0)
10.044: (fly-airplane a1 l3-0 l0-0)
10.045: (fly-airplane a0 l4-0 l2-0)
10.046: (fly-airplane a0 l2-0 l1-0)
10.045: (fly-airplane a1 l0-0 l3-0)
10.046: (fly-airplane a1 l3-0 l1-0)
10.045: (fly-airplane a0 l1-0 l3-0)
10.043: (fly-airplane a1 l1-0 l4-0)
10.043: (fly-airplane a1 l4-0 l2-0)
10.045: (fly-airplane a0 l3-0 l0-0)
10.044: (fly-airplane a1 l2-0 l4-0)
10.046: (fly-airplane a1 l4-0 l1-0)
10.058: (fly-airplane a1 l1-0 l3-0)
10.058: (fly-airplane a0 l0-0 l3-0)
10.058: (fly-airplane a1 l3-0 l0-0)
10.060: (fly-airplane a0 l3-0 l0-0)
10.127: (drive-truck t2 l2-2 l2-1 c2)
10.111: (fly-airplane a1 l0-0 l4-0)
10.097: (fly-airplane a0 l0-0 l2-0)
10.098: (fly-airplane a0 l2-0 l1-0)
10.099: (fly-airplane a1 l4-0 l2-0)
10.097: (fly-airplane a0 l1-0 l4-0)
10.098: (fly-airplane a1 l2-0 l1-0)
10.099: (fly-airplane a0 l4-0 l2-0)
10.110: (fly-airplane a1 l1-0 l2-0)
10.110: (fly-airplane a0 l2-0 l3-0)
10.109: (fly-airplane a1 l2-0 l4-0)
10.112: (fly-airplane a1 l4-0 l1-0)
10.113: (fly-airplane a0 l3-0 l1-0)
10.112: (fly-airplane a1 l1-0 l3-0)
10.109: (fly-airplane a0 l1-0 l4-0)
10.110: (fly-airplane a0 l4-0 l2-0)
10.112: (fly-airplane a1 l3-0 l0-0)
10.111: (fly-airplane a0 l2-0 l4-0)
10.113: (fly-airplane a0 l4-0 l1-0)
10.124: (fly-airplane a0 l1-0 l3-0)
10.125: (fly-airplane a1 l0-0 l3-0)
10.124: (fly-airplane a0 l3-0 l0-0)
10.112: (fly-airplane a1 l3-0 l2-0)
10.113: (fly-airplane a1 l2-0 l1-0)
10.763: (unload-truck p5 t0 l0-2)
10.693: (drive-truck t2 l2-1 l2-2 c2)
10.678: (fly-airplane a0 l0-0 l4-0)
10.676: (fly-airplane a1 l1-0 l2-0)
10.678: (fly-airplane a0 l4-0 l1-0)
10.678: (fly-airplane a1 l2-0 l4-0)
10.676: (fly-airplane a0 l1-0 l2-0)
10.678: (fly-airplane a1 l4-0 l1-0)
10.689: (fly-airplane a1 l1-0 l2-0)
10.690: (fly-airplane a1 l2-0 l3-0)
10.689: (fly-airplane a0 l2-0 l4-0)
10.690: (fly-airplane a1 l3-0 l4-0)
10.689: (fly-airplane a0 l4-0 l3-0)
10.690: (fly-airplane a1 l4-0 l2-0)
10.691: (fly-airplane a1 l2-0 l1-0)
10.692: (fly-airplane a0 l3-0 l1-0)
10.691: (fly-airplane a1 l1-0 l3-0)
10.693: (fly-airplane a1 l3-0 l0-0)
10.691: (fly-airplane a0 l1-0 l4-0)
10.692: (fly-airplane a0 l4-0 l2-0)
10.704: (fly-airplane a0 l2-0 l3-0)
10.704: (fly-airplane a1 l0-0 l3-0)
10.704: (fly-airplane a0 l3-0 l0-0)
10.691: (fly-airplane a1 l3-0 l4-0)
10.692: (fly-airplane a1 l4-0 l2-0)
10.707: (fly-airplane a1 l2-0 l0-0)
10.777: (drive-truck t2 l2-2 l2-1 c2)
10.761: (fly-airplane a0 l0-0 l4-0)
10.746: (fly-airplane a1 l0-0 l2-0)
10.748: (fly-airplane a1 l2-0 l1-0)
10.748: (fly-airplane a0 l4-0 l2-0)
10.746: (fly-airplane a1 l1-0 l4-0)
10.748: (fly-airplane a0 l2-0 l1-0)
10.748: (fly-airplane a1 l4-0 l2-0)
10.759: (fly-airplane a0 l1-0 l2-0)
10.759: (fly-airplane a1 l2-0 l3-0)
10.759: (fly-airplane a0 l2-0 l4-0)
10.761: (fly-airplane a0 l4-0 l1-0)
10.762: (fly-airplane a1 l3-0 l1-0)
10.761: (fly-airplane a0 l1-0 l3-0)
10.321: (drive-truck t0 l0-2 l0-1 c0)
10.332: (fly-airplane a1 l1-0 l0-0)
10.334: (fly-airplane a1 l0-0 l3-0)
10.263: (drive-truck t0 l0-1 l0-0 c0)
10.774: (drive-truck t0 l0-0 l0-2 c0)
10.759: (fly-airplane a1 l3-0 l4-0)
10.759: (fly-airplane a1 l4-0 l2-0)
10.762: (fly-airplane a0 l3-0 l0-0)
10.761: (fly-airplane a1 l2-0 l4-0)
10.774: (fly-airplane a1 l4-0 l3-0)
11.225: (load-airplane p9 a0 l0-0)
11.045: (load-truck p5 t0 l0-2)
10.978: (drive-truck t2 l2-1 l2-2 c2)
10.965: (fly-airplane a1 l3-0 l4-0)
Failed to find a solution!
