/u/ibrahim.eisawy/Neural-Guided-Search/venv/lib/python3.10/site-packages/pymimir_rgnn/model.py:151: UserWarning: index_reduce() is in beta and the API may change at any time. (Triggered internally at /pytorch/aten/src/ATen/native/cuda/Indexing.cu:1541.)
  max_msg.index_reduce_(0, output_indices, output_messages, reduce='amax', include_self=True)
Torch: 2.12.0+cu130
Using GPU:  NVIDIA L40S
58.358: (drive-truck t5 l5-1 l5-2 c5)
56.058: (load-truck p10 t5 l5-2)
54.088: (load-truck p1 t1 l1-1)
52.599: (drive-truck t0 l0-0 l0-1 c0)
50.037: (load-truck p5 t0 l0-1)
48.817: (load-truck p4 t4 l4-0)
47.777: (drive-truck t5 l5-2 l5-0 c5)
46.744: (drive-truck t4 l4-0 l4-2 c4)
45.586: (load-truck p13 t4 l4-2)
44.603: (load-truck p0 t0 l0-1)
43.633: (drive-truck t0 l0-1 l0-0 c0)
42.983: (drive-truck t1 l1-1 l1-2 c1)
39.631: (load-truck p15 t1 l1-2)
38.447: (load-truck p9 t1 l1-2)
37.239: (drive-truck t0 l0-0 l0-2 c0)
36.901: (fly-airplane a0 l2-0 l5-0)
36.620: (fly-airplane a1 l2-0 l3-0)
36.571: (drive-truck t2 l2-0 l2-1 c2)
31.779: (load-truck p14 t2 l2-1)
31.772: (drive-truck t3 l3-0 l3-2 c3)
31.924: (drive-truck t1 l1-2 l1-1 c1)
31.931: (drive-truck t3 l3-2 l3-0 c3)
32.188: (fly-airplane a1 l3-0 l2-0)
32.036: (drive-truck t1 l1-1 l1-2 c1)
31.967: (drive-truck t3 l3-0 l3-2 c3)
31.971: (fly-airplane a1 l2-0 l0-0)
31.980: (fly-airplane a1 l0-0 l5-0)
31.772: (fly-airplane a0 l5-0 l3-0)
31.779: (drive-truck t3 l3-2 l3-0 c3)
31.931: (drive-truck t1 l1-2 l1-1 c1)
31.924: (drive-truck t3 l3-0 l3-2 c3)
32.119: (fly-airplane a0 l3-0 l2-0)
31.967: (drive-truck t1 l1-1 l1-2 c1)
31.971: (fly-airplane a0 l2-0 l0-0)
32.003: (fly-airplane a0 l0-0 l1-0)
31.295: (load-airplane p7 a0 l1-0)
30.350: (fly-airplane a0 l1-0 l5-0)
30.242: (fly-airplane a1 l5-0 l3-0)
30.266: (drive-truck t3 l3-2 l3-0 c3)
30.349: (drive-truck t1 l1-2 l1-1 c1)
30.337: (drive-truck t3 l3-0 l3-2 c3)
30.505: (fly-airplane a1 l3-0 l5-0)
30.535: (fly-airplane a1 l5-0 l2-0)
30.376: (drive-truck t1 l1-1 l1-2 c1)
30.380: (fly-airplane a1 l2-0 l0-0)
30.396: (fly-airplane a1 l0-0 l4-0)
30.408: (fly-airplane a1 l4-0 l1-0)
30.479: (drive-truck t3 l3-2 l3-0 c3)
30.417: (fly-airplane a1 l1-0 l5-0)
30.446: (fly-airplane a1 l5-0 l2-0)
30.451: (fly-airplane a1 l2-0 l0-0)
30.466: (fly-airplane a1 l0-0 l4-0)
30.625: (drive-truck t1 l1-2 l1-1 c1)
30.555: (drive-truck t3 l3-0 l3-2 c3)
30.540: (fly-airplane a1 l4-0 l0-0)
30.566: (fly-airplane a1 l0-0 l1-0)
30.636: (drive-truck t3 l3-2 l3-0 c3)
30.576: (fly-airplane a1 l1-0 l5-0)
30.606: (fly-airplane a1 l5-0 l2-0)
30.610: (fly-airplane a1 l2-0 l0-0)
30.697: (fly-airplane a0 l5-0 l3-0)
30.648: (drive-truck t1 l1-1 l1-2 c1)
30.611: (fly-airplane a1 l0-0 l5-0)
30.632: (fly-airplane a1 l5-0 l3-0)
30.649: (fly-airplane a1 l3-0 l2-0)
30.657: (fly-airplane a1 l2-0 l1-0)
30.662: (fly-airplane a1 l1-0 l4-0)
30.679: (drive-truck t3 l3-0 l3-2 c3)
30.639: (fly-airplane a1 l4-0 l5-0)
30.665: (fly-airplane a1 l5-0 l2-0)
30.666: (fly-airplane a1 l2-0 l0-0)
30.680: (fly-airplane a1 l0-0 l1-0)
30.708: (fly-airplane a1 l1-0 l3-0)
30.839: (drive-truck t1 l1-2 l1-1 c1)
30.681: (drive-truck t3 l3-2 l3-0 c3)
30.665: (fly-airplane a1 l3-0 l5-0)
30.686: (drive-truck t3 l3-0 l3-2 c3)
30.778: (fly-airplane a1 l5-0 l2-0)
30.698: (drive-truck t3 l3-2 l3-0 c3)
30.705: (fly-airplane a1 l2-0 l1-0)
30.711: (fly-airplane a1 l1-0 l4-0)
30.795: (drive-truck t3 l3-0 l3-2 c3)
30.782: (fly-airplane a1 l4-0 l0-0)
30.808: (fly-airplane a1 l0-0 l1-0)
31.116: (drive-truck t3 l3-2 l3-1 c3)
27.947: (load-truck p3 t3 l3-1)
27.241: (fly-airplane a0 l3-0 l5-0)
27.186: (drive-truck t1 l1-1 l1-2 c1)
27.178: (fly-airplane a1 l1-0 l3-0)
27.178: (fly-airplane a1 l3-0 l0-0)
27.179: (fly-airplane a1 l0-0 l2-0)
27.180: (fly-airplane a1 l2-0 l5-0)
27.193: (fly-airplane a1 l5-0 l4-0)
27.246: (drive-truck t1 l1-2 l1-1 c1)
27.232: (fly-airplane a1 l4-0 l3-0)
27.232: (fly-airplane a1 l3-0 l0-0)
27.232: (fly-airplane a1 l0-0 l2-0)
27.234: (fly-airplane a1 l2-0 l5-0)
27.310: (drive-truck t4 l4-2 l4-1 c4)
25.086: (load-truck p11 t4 l4-1)
23.316: (load-truck p12 t4 l4-1)
23.267: (drive-truck t1 l1-1 l1-2 c1)
23.228: (drive-truck t4 l4-1 l4-2 c4)
23.225: (fly-airplane a1 l5-0 l3-0)
23.225: (fly-airplane a1 l3-0 l0-0)
23.226: (fly-airplane a1 l0-0 l2-0)
23.237: (fly-airplane a1 l2-0 l4-0)
23.237: (fly-airplane a1 l4-0 l1-0)
23.276: (drive-truck t4 l4-2 l4-1 c4)
23.265: (fly-airplane a1 l1-0 l3-0)
23.265: (fly-airplane a1 l3-0 l0-0)
23.266: (fly-airplane a1 l0-0 l2-0)
23.276: (fly-airplane a1 l2-0 l4-0)
23.324: (drive-truck t1 l1-2 l1-1 c1)
23.285: (drive-truck t4 l4-1 l4-2 c4)
23.274: (fly-airplane a1 l4-0 l3-0)
23.274: (fly-airplane a1 l3-0 l0-0)
23.275: (fly-airplane a1 l0-0 l2-0)
23.276: (fly-airplane a1 l2-0 l5-0)
23.285: (fly-airplane a1 l5-0 l1-0)
23.325: (drive-truck t4 l4-2 l4-1 c4)
23.314: (fly-airplane a1 l1-0 l3-0)
23.314: (fly-airplane a1 l3-0 l0-0)
23.314: (fly-airplane a1 l0-0 l2-0)
23.572: (fly-airplane a0 l5-0 l1-0)
23.465: (fly-airplane a1 l2-0 l1-0)
23.417: (drive-truck t1 l1-1 l1-2 c1)
23.379: (drive-truck t4 l4-1 l4-2 c4)
23.427: (drive-truck t1 l1-2 l1-1 c1)
23.493: (fly-airplane a1 l1-0 l5-0)
23.444: (drive-truck t1 l1-1 l1-2 c1)
23.483: (drive-truck t4 l4-2 l4-1 c4)
23.523: (fly-airplane a1 l5-0 l3-0)
23.485: (drive-truck t4 l4-1 l4-2 c4)
23.485: (fly-airplane a1 l3-0 l0-0)
23.486: (fly-airplane a1 l0-0 l2-0)
23.497: (fly-airplane a1 l2-0 l4-0)
23.535: (drive-truck t4 l4-2 l4-1 c4)
23.523: (fly-airplane a1 l4-0 l0-0)
23.524: (fly-airplane a1 l0-0 l2-0)
23.966: (fly-airplane a0 l1-0 l4-0)
22.342: (unload-airplane p7 a0 l4-0)
22.288: (fly-airplane a0 l4-0 l5-0)
22.251: (drive-truck t4 l4-1 l4-2 c4)
22.250: (fly-airplane a1 l2-0 l3-0)
22.250: (fly-airplane a1 l3-0 l0-0)
22.261: (fly-airplane a1 l0-0 l1-0)
22.263: (fly-airplane a1 l1-0 l4-0)
22.265: (fly-airplane a1 l4-0 l5-0)
22.250: (fly-airplane a0 l5-0 l3-0)
22.250: (fly-airplane a0 l3-0 l0-0)
22.251: (fly-airplane a0 l0-0 l2-0)
22.262: (fly-airplane a0 l2-0 l1-0)
22.263: (fly-airplane a0 l1-0 l4-0)
22.301: (drive-truck t4 l4-2 l4-1 c4)
22.288: (fly-airplane a0 l4-0 l3-0)
22.288: (fly-airplane a0 l3-0 l0-0)
22.288: (fly-airplane a0 l0-0 l2-0)
22.299: (fly-airplane a0 l2-0 l1-0)
22.303: (fly-airplane a0 l1-0 l5-0)
22.288: (fly-airplane a1 l5-0 l3-0)
22.288: (fly-airplane a1 l3-0 l0-0)
22.299: (fly-airplane a1 l0-0 l1-0)
22.301: (fly-airplane a1 l1-0 l4-0)
22.342: (fly-airplane a0 l5-0 l3-0)
22.304: (drive-truck t4 l4-1 l4-2 c4)
22.291: (fly-airplane a1 l4-0 l0-0)
22.292: (fly-airplane a1 l0-0 l2-0)
22.292: (fly-airplane a0 l3-0 l0-0)
22.291: (fly-airplane a1 l2-0 l3-0)
22.292: (fly-airplane a0 l0-0 l2-0)
22.292: (fly-airplane a1 l3-0 l0-0)
22.302: (fly-airplane a0 l2-0 l1-0)
22.302: (fly-airplane a1 l0-0 l3-0)
22.303: (fly-airplane a1 l3-0 l2-0)
22.304: (fly-airplane a0 l1-0 l2-0)
22.303: (fly-airplane a1 l2-0 l1-0)
22.302: (fly-airplane a0 l2-0 l3-0)
22.302: (fly-airplane a0 l3-0 l0-0)
22.304: (fly-airplane a1 l1-0 l4-0)
22.305: (fly-airplane a0 l0-0 l2-0)
22.315: (fly-airplane a0 l2-0 l1-0)
22.316: (fly-airplane a1 l4-0 l1-0)
22.315: (fly-airplane a0 l1-0 l4-0)
22.304: (fly-airplane a1 l1-0 l3-0)
22.304: (fly-airplane a1 l3-0 l0-0)
22.305: (fly-airplane a1 l0-0 l2-0)
22.318: (fly-airplane a1 l2-0 l4-0)
22.355: (drive-truck t4 l4-2 l4-1 c4)
22.342: (fly-airplane a1 l4-0 l3-0)
22.329: (fly-airplane a0 l4-0 l0-0)
22.329: (fly-airplane a0 l0-0 l2-0)
22.329: (fly-airplane a1 l3-0 l0-0)
22.329: (fly-airplane a0 l2-0 l3-0)
22.329: (fly-airplane a1 l0-0 l2-0)
22.329: (fly-airplane a0 l3-0 l0-0)
22.340: (fly-airplane a1 l2-0 l1-0)
22.340: (fly-airplane a0 l0-0 l3-0)
22.341: (fly-airplane a0 l3-0 l2-0)
22.342: (fly-airplane a1 l1-0 l2-0)
22.341: (fly-airplane a0 l2-0 l1-0)
22.340: (fly-airplane a1 l2-0 l3-0)
22.340: (fly-airplane a1 l3-0 l0-0)
22.342: (fly-airplane a0 l1-0 l4-0)
22.343: (fly-airplane a0 l4-0 l0-0)
22.306: (drive-truck t4 l4-1 l4-2 c4)
22.354: (drive-truck t1 l1-2 l1-1 c1)
22.299: (fly-airplane a0 l0-0 l5-0)
22.299: (fly-airplane a1 l0-0 l3-0)
22.299: (fly-airplane a1 l3-0 l2-0)
22.310: (fly-airplane a1 l2-0 l1-0)
22.312: (fly-airplane a1 l1-0 l4-0)
22.314: (fly-airplane a1 l4-0 l5-0)
22.299: (fly-airplane a0 l5-0 l3-0)
22.299: (fly-airplane a0 l3-0 l0-0)
22.299: (fly-airplane a0 l0-0 l2-0)
22.310: (fly-airplane a0 l2-0 l1-0)
22.312: (fly-airplane a0 l1-0 l4-0)
22.349: (drive-truck t4 l4-2 l4-1 c4)
22.336: (fly-airplane a0 l4-0 l3-0)
22.336: (fly-airplane a0 l3-0 l0-0)
22.337: (fly-airplane a0 l0-0 l2-0)
22.348: (fly-airplane a0 l2-0 l1-0)
22.351: (fly-airplane a0 l1-0 l5-0)
22.336: (fly-airplane a1 l5-0 l3-0)
22.336: (fly-airplane a1 l3-0 l0-0)
22.337: (fly-airplane a1 l0-0 l2-0)
22.348: (fly-airplane a1 l2-0 l1-0)
22.349: (fly-airplane a1 l1-0 l4-0)
22.390: (fly-airplane a0 l5-0 l3-0)
22.352: (drive-truck t4 l4-1 l4-2 c4)
22.340: (fly-airplane a1 l4-0 l0-0)
22.340: (fly-airplane a1 l0-0 l2-0)
22.340: (fly-airplane a0 l3-0 l0-0)
22.340: (fly-airplane a1 l2-0 l3-0)
22.340: (fly-airplane a0 l0-0 l2-0)
22.340: (fly-airplane a1 l3-0 l0-0)
22.351: (fly-airplane a0 l2-0 l1-0)
22.351: (fly-airplane a1 l0-0 l3-0)
22.351: (fly-airplane a1 l3-0 l2-0)
22.353: (fly-airplane a0 l1-0 l2-0)
22.351: (fly-airplane a1 l2-0 l1-0)
22.351: (fly-airplane a0 l2-0 l3-0)
22.351: (fly-airplane a0 l3-0 l0-0)
22.353: (fly-airplane a1 l1-0 l4-0)
22.353: (fly-airplane a0 l0-0 l2-0)
22.364: (fly-airplane a0 l2-0 l1-0)
22.364: (fly-airplane a1 l4-0 l1-0)
22.364: (fly-airplane a0 l1-0 l4-0)
22.352: (fly-airplane a1 l1-0 l3-0)
22.353: (fly-airplane a1 l3-0 l0-0)
22.353: (fly-airplane a1 l0-0 l2-0)
22.366: (fly-airplane a1 l2-0 l4-0)
22.404: (drive-truck t4 l4-2 l4-1 c4)
22.390: (fly-airplane a1 l4-0 l3-0)
22.377: (fly-airplane a0 l4-0 l0-0)
22.377: (fly-airplane a0 l0-0 l2-0)
22.378: (fly-airplane a1 l3-0 l0-0)
22.377: (fly-airplane a0 l2-0 l3-0)
22.377: (fly-airplane a1 l0-0 l2-0)
22.378: (fly-airplane a0 l3-0 l0-0)
22.388: (fly-airplane a1 l2-0 l1-0)
22.388: (fly-airplane a0 l0-0 l3-0)
22.389: (fly-airplane a0 l3-0 l2-0)
22.390: (fly-airplane a1 l1-0 l2-0)
22.389: (fly-airplane a0 l2-0 l1-0)
22.388: (fly-airplane a1 l2-0 l3-0)
22.388: (fly-airplane a1 l3-0 l0-0)
22.390: (fly-airplane a0 l1-0 l4-0)
22.391: (fly-airplane a1 l0-0 l2-0)
22.401: (fly-airplane a1 l2-0 l1-0)
22.353: (drive-truck t1 l1-1 l1-2 c1)
22.354: (fly-airplane a0 l4-0 l1-0)
22.353: (fly-airplane a1 l1-0 l4-0)
22.342: (fly-airplane a0 l1-0 l0-0)
22.342: (fly-airplane a0 l0-0 l2-0)
22.391: (drive-truck t1 l1-2 l1-1 c1)
22.390: (fly-airplane a0 l2-0 l0-0)
22.392: (fly-airplane a1 l4-0 l0-0)
22.860: (drive-truck t5 l5-0 l5-2 c5)
22.813: (drive-truck t1 l1-1 l1-2 c1)
22.776: (drive-truck t4 l4-1 l4-2 c4)
22.761: (fly-airplane a1 l0-0 l3-0)
22.761: (fly-airplane a0 l0-0 l2-0)
22.762: (fly-airplane a1 l3-0 l0-0)
22.761: (fly-airplane a0 l2-0 l3-0)
22.761: (fly-airplane a1 l0-0 l2-0)
22.762: (fly-airplane a0 l3-0 l0-0)
22.772: (fly-airplane a1 l2-0 l1-0)
22.772: (fly-airplane a0 l0-0 l3-0)
22.773: (fly-airplane a0 l3-0 l2-0)
22.774: (fly-airplane a1 l1-0 l2-0)
22.773: (fly-airplane a0 l2-0 l1-0)
22.772: (fly-airplane a1 l2-0 l3-0)
22.772: (fly-airplane a1 l3-0 l0-0)
22.774: (fly-airplane a0 l1-0 l4-0)
22.774: (fly-airplane a1 l0-0 l3-0)
22.774: (fly-airplane a1 l3-0 l2-0)
22.777: (fly-airplane a0 l4-0 l5-0)
22.776: (fly-airplane a1 l2-0 l3-0)
22.775: (fly-airplane a0 l5-0 l3-0)
22.306: (drive-truck t5 l5-2 l5-0 c5)
22.343: (drive-truck t4 l4-2 l4-1 c4)
22.392: (drive-truck t1 l1-2 l1-1 c1)
22.354: (drive-truck t4 l4-1 l4-2 c4)
22.823: (drive-truck t5 l5-0 l5-2 c5)
22.808: (fly-airplane a0 l3-0 l0-0)
22.809: (fly-airplane a0 l0-0 l2-0)
22.809: (fly-airplane a1 l3-0 l0-0)
22.808: (fly-airplane a0 l2-0 l3-0)
22.809: (fly-airplane a1 l0-0 l2-0)
22.809: (fly-airplane a0 l3-0 l0-0)
22.819: (fly-airplane a1 l2-0 l1-0)
22.819: (fly-airplane a0 l0-0 l3-0)
22.820: (fly-airplane a0 l3-0 l2-0)
22.821: (fly-airplane a1 l1-0 l2-0)
22.820: (fly-airplane a0 l2-0 l1-0)
22.819: (fly-airplane a1 l2-0 l3-0)
22.819: (fly-airplane a1 l3-0 l0-0)
22.821: (fly-airplane a0 l1-0 l4-0)
22.821: (fly-airplane a1 l0-0 l3-0)
22.822: (fly-airplane a1 l3-0 l2-0)
22.824: (fly-airplane a0 l4-0 l5-0)
22.823: (fly-airplane a1 l2-0 l3-0)
22.823: (fly-airplane a1 l3-0 l0-0)
22.776: (drive-truck t1 l1-1 l1-2 c1)
22.787: (fly-airplane a1 l0-0 l1-0)
22.785: (fly-airplane a0 l5-0 l4-0)
22.785: (fly-airplane a0 l4-0 l1-0)
22.785: (fly-airplane a1 l1-0 l4-0)
22.774: (fly-airplane a0 l1-0 l3-0)
22.774: (fly-airplane a0 l3-0 l0-0)
22.774: (fly-airplane a0 l0-0 l2-0)
22.777: (fly-airplane a1 l4-0 l5-0)
22.776: (fly-airplane a0 l2-0 l3-0)
22.776: (fly-airplane a0 l3-0 l0-0)
22.787: (fly-airplane a0 l0-0 l1-0)
22.789: (fly-airplane a0 l1-0 l4-0)
22.788: (fly-airplane a1 l5-0 l4-0)
22.789: (fly-airplane a0 l4-0 l5-0)
22.789: (fly-airplane a1 l4-0 l5-0)
22.827: (drive-truck t4 l4-2 l4-1 c4)
22.814: (fly-airplane a0 l5-0 l3-0)
22.798: (fly-airplane a1 l5-0 l0-0)
22.799: (fly-airplane a1 l0-0 l2-0)
22.799: (fly-airplane a0 l3-0 l0-0)
22.798: (fly-airplane a1 l2-0 l3-0)
22.799: (fly-airplane a0 l0-0 l2-0)
22.799: (fly-airplane a1 l3-0 l0-0)
22.810: (fly-airplane a0 l2-0 l1-0)
22.810: (fly-airplane a1 l0-0 l3-0)
22.810: (fly-airplane a1 l3-0 l2-0)
22.812: (fly-airplane a0 l1-0 l2-0)
22.810: (fly-airplane a1 l2-0 l1-0)
22.810: (fly-airplane a0 l2-0 l3-0)
22.810: (fly-airplane a0 l3-0 l0-0)
22.811: (fly-airplane a1 l1-0 l4-0)
22.811: (fly-airplane a0 l0-0 l3-0)
22.812: (fly-airplane a0 l3-0 l2-0)
22.814: (fly-airplane a1 l4-0 l5-0)
22.814: (fly-airplane a0 l2-0 l0-0)
22.825: (fly-airplane a0 l0-0 l1-0)
22.823: (fly-airplane a1 l5-0 l4-0)
22.823: (fly-airplane a1 l4-0 l1-0)
22.823: (fly-airplane a0 l1-0 l4-0)
22.811: (fly-airplane a1 l1-0 l3-0)
22.811: (fly-airplane a1 l3-0 l0-0)
22.812: (fly-airplane a1 l0-0 l2-0)
22.814: (fly-airplane a0 l4-0 l5-0)
22.814: (fly-airplane a1 l2-0 l3-0)
22.813: (fly-airplane a0 l5-0 l3-0)
22.860: (drive-truck t1 l1-2 l1-1 c1)
22.845: (fly-airplane a1 l3-0 l0-0)
22.846: (fly-airplane a1 l0-0 l2-0)
22.846: (fly-airplane a0 l3-0 l0-0)
22.845: (fly-airplane a1 l2-0 l3-0)
22.846: (fly-airplane a0 l0-0 l2-0)
22.846: (fly-airplane a1 l3-0 l0-0)
22.857: (fly-airplane a0 l2-0 l1-0)
22.857: (fly-airplane a1 l0-0 l3-0)
22.857: (fly-airplane a1 l3-0 l2-0)
22.859: (fly-airplane a0 l1-0 l2-0)
22.857: (fly-airplane a1 l2-0 l1-0)
22.857: (fly-airplane a0 l2-0 l3-0)
22.857: (fly-airplane a0 l3-0 l0-0)
22.858: (fly-airplane a1 l1-0 l4-0)
22.821: (drive-truck t4 l4-1 l4-2 c4)
22.821: (fly-airplane a0 l0-0 l3-0)
22.822: (fly-airplane a0 l3-0 l2-0)
22.824: (fly-airplane a1 l4-0 l5-0)
22.823: (fly-airplane a0 l2-0 l3-0)
22.824: (fly-airplane a0 l3-0 l0-0)
22.823: (fly-airplane a1 l5-0 l0-0)
23.217: (drive-truck t5 l5-2 l5-1 c5)
23.168: (drive-truck t1 l1-1 l1-2 c1)
23.142: (fly-airplane a1 l0-0 l5-0)
23.142: (fly-airplane a0 l0-0 l3-0)
23.143: (fly-airplane a0 l3-0 l2-0)
23.153: (fly-airplane a1 l5-0 l3-0)
23.142: (fly-airplane a0 l2-0 l5-0)
23.142: (fly-airplane a1 l3-0 l0-0)
23.143: (fly-airplane a1 l0-0 l2-0)
23.153: (fly-airplane a0 l5-0 l3-0)
23.153: (fly-airplane a1 l2-0 l0-0)
23.154: (fly-airplane a0 l3-0 l2-0)
23.164: (fly-airplane a0 l2-0 l1-0)
23.154: (fly-airplane a1 l0-0 l5-0)
23.155: (fly-airplane a0 l1-0 l4-0)
23.157: (fly-airplane a0 l4-0 l5-0)
23.154: (fly-airplane a1 l5-0 l1-0)
23.155: (fly-airplane a1 l1-0 l4-0)
23.166: (fly-airplane a0 l5-0 l3-0)
23.164: (fly-airplane a1 l4-0 l1-0)
23.165: (fly-airplane a0 l3-0 l0-0)
23.153: (fly-airplane a1 l1-0 l3-0)
23.154: (fly-airplane a1 l3-0 l2-0)
23.165: (fly-airplane a0 l0-0 l1-0)
23.164: (fly-airplane a1 l2-0 l3-0)
23.166: (fly-airplane a0 l1-0 l4-0)
23.166: (fly-airplane a1 l3-0 l0-0)
23.166: (fly-airplane a1 l0-0 l2-0)
23.166: (fly-airplane a0 l4-0 l2-0)
23.165: (fly-airplane a1 l2-0 l1-0)
23.166: (fly-airplane a1 l1-0 l4-0)
23.166: (fly-airplane a0 l2-0 l0-0)
23.177: (fly-airplane a0 l0-0 l1-0)
23.178: (fly-airplane a1 l4-0 l1-0)
23.177: (fly-airplane a0 l1-0 l4-0)
23.180: (fly-airplane a1 l1-0 l4-0)
23.217: (drive-truck t4 l4-2 l4-1 c4)
22.825: (drive-truck t5 l5-1 l5-2 c5)
22.827: (fly-airplane a0 l4-0 l5-0)
22.814: (fly-airplane a1 l4-0 l0-0)
22.825: (fly-airplane a1 l0-0 l1-0)
22.872: (drive-truck t1 l1-2 l1-1 c1)
22.835: (drive-truck t4 l4-1 l4-2 c4)
22.832: (fly-airplane a0 l5-0 l4-0)
22.833: (fly-airplane a0 l4-0 l1-0)
22.832: (fly-airplane a1 l1-0 l4-0)
22.835: (fly-airplane a1 l4-0 l5-0)
22.836: (fly-airplane a0 l1-0 l4-0)
22.835: (fly-airplane a1 l5-0 l4-0)
22.836: (fly-airplane a0 l4-0 l5-0)
22.836: (fly-airplane a1 l4-0 l5-0)
22.874: (drive-truck t4 l4-2 l4-1 c4)
22.861: (fly-airplane a0 l5-0 l3-0)
22.858: (fly-airplane a1 l5-0 l4-0)
22.859: (fly-airplane a0 l3-0 l2-0)
22.862: (fly-airplane a1 l4-0 l5-0)
22.861: (fly-airplane a0 l2-0 l0-0)
22.872: (fly-airplane a0 l0-0 l1-0)
22.870: (fly-airplane a1 l5-0 l4-0)
22.401: (drive-truck t5 l5-2 l5-0 c5)
22.402: (fly-airplane a1 l4-0 l1-0)
22.870: (drive-truck t5 l5-0 l5-2 c5)
22.870: (fly-airplane a0 l1-0 l4-0)
22.858: (fly-airplane a1 l1-0 l3-0)
22.858: (fly-airplane a1 l3-0 l0-0)
22.859: (fly-airplane a1 l0-0 l2-0)
22.862: (fly-airplane a0 l4-0 l5-0)
22.861: (fly-airplane a1 l2-0 l3-0)
22.861: (fly-airplane a1 l3-0 l0-0)
22.874: (fly-airplane a1 l0-0 l4-0)
22.872: (fly-airplane a0 l5-0 l4-0)
22.874: (fly-airplane a1 l4-0 l5-0)
22.827: (drive-truck t1 l1-1 l1-2 c1)
23.193: (drive-truck t5 l5-2 l5-1 c5)
23.179: (fly-airplane a0 l4-0 l3-0)
23.180: (fly-airplane a0 l3-0 l0-0)
23.180: (fly-airplane a0 l0-0 l2-0)
23.191: (fly-airplane a1 l5-0 l3-0)
23.179: (fly-airplane a0 l2-0 l5-0)
23.180: (fly-airplane a1 l3-0 l0-0)
23.180: (fly-airplane a1 l0-0 l2-0)
23.191: (fly-airplane a0 l5-0 l3-0)
23.190: (fly-airplane a1 l2-0 l0-0)
23.191: (fly-airplane a0 l3-0 l2-0)
23.202: (fly-airplane a0 l2-0 l1-0)
23.191: (fly-airplane a1 l0-0 l5-0)
23.195: (fly-airplane a0 l1-0 l5-0)
23.191: (fly-airplane a1 l5-0 l1-0)
23.192: (fly-airplane a1 l1-0 l4-0)
23.203: (fly-airplane a0 l5-0 l3-0)
23.202: (fly-airplane a1 l4-0 l1-0)
23.202: (fly-airplane a0 l3-0 l0-0)
23.190: (fly-airplane a1 l1-0 l3-0)
23.191: (fly-airplane a1 l3-0 l2-0)
23.203: (fly-airplane a0 l0-0 l1-0)
23.202: (fly-airplane a1 l2-0 l3-0)
23.203: (fly-airplane a0 l1-0 l4-0)
23.203: (fly-airplane a1 l3-0 l0-0)
23.204: (fly-airplane a1 l0-0 l2-0)
23.204: (fly-airplane a0 l4-0 l2-0)
23.203: (fly-airplane a1 l2-0 l1-0)
23.204: (fly-airplane a1 l1-0 l4-0)
23.203: (fly-airplane a0 l2-0 l0-0)
23.205: (fly-airplane a1 l4-0 l0-0)
23.254: (drive-truck t1 l1-2 l1-1 c1)
23.229: (fly-airplane a0 l0-0 l5-0)
23.191: (drive-truck t4 l4-1 l4-2 c4)
23.191: (fly-airplane a1 l0-0 l3-0)
23.192: (fly-airplane a1 l3-0 l2-0)
23.202: (fly-airplane a0 l5-0 l3-0)
23.191: (fly-airplane a1 l2-0 l5-0)
23.191: (fly-airplane a0 l3-0 l0-0)
23.192: (fly-airplane a0 l0-0 l2-0)
23.202: (fly-airplane a1 l5-0 l3-0)
23.202: (fly-airplane a0 l2-0 l0-0)
23.203: (fly-airplane a1 l3-0 l2-0)
23.214: (fly-airplane a1 l2-0 l1-0)
23.203: (fly-airplane a0 l0-0 l5-0)
23.204: (fly-airplane a1 l1-0 l4-0)
23.206: (fly-airplane a1 l4-0 l5-0)
23.203: (fly-airplane a0 l5-0 l1-0)
23.204: (fly-airplane a0 l1-0 l4-0)
23.215: (fly-airplane a1 l5-0 l3-0)
23.213: (fly-airplane a0 l4-0 l1-0)
23.214: (fly-airplane a1 l3-0 l0-0)
23.202: (fly-airplane a0 l1-0 l3-0)
23.203: (fly-airplane a0 l3-0 l2-0)
23.214: (fly-airplane a1 l0-0 l1-0)
23.213: (fly-airplane a0 l2-0 l3-0)
23.215: (fly-airplane a1 l1-0 l4-0)
23.215: (fly-airplane a0 l3-0 l0-0)
23.215: (fly-airplane a0 l0-0 l2-0)
23.215: (fly-airplane a1 l4-0 l2-0)
23.214: (fly-airplane a0 l2-0 l1-0)
23.215: (fly-airplane a0 l1-0 l4-0)
23.215: (fly-airplane a1 l2-0 l0-0)
23.226: (fly-airplane a1 l0-0 l1-0)
23.227: (fly-airplane a0 l4-0 l1-0)
23.226: (fly-airplane a1 l1-0 l4-0)
23.229: (fly-airplane a0 l1-0 l4-0)
23.266: (drive-truck t4 l4-2 l4-1 c4)
23.241: (fly-airplane a0 l4-0 l5-0)
23.228: (fly-airplane a1 l4-0 l3-0)
23.229: (fly-airplane a1 l3-0 l2-0)
23.240: (fly-airplane a0 l5-0 l3-0)
23.228: (fly-airplane a1 l2-0 l5-0)
23.229: (fly-airplane a0 l3-0 l0-0)
23.229: (fly-airplane a0 l0-0 l2-0)
23.240: (fly-airplane a1 l5-0 l3-0)
23.239: (fly-airplane a0 l2-0 l0-0)
23.240: (fly-airplane a1 l3-0 l2-0)
23.251: (fly-airplane a1 l2-0 l1-0)
23.241: (fly-airplane a0 l0-0 l5-0)
23.244: (fly-airplane a1 l1-0 l5-0)
23.241: (fly-airplane a0 l5-0 l1-0)
23.241: (fly-airplane a0 l1-0 l4-0)
23.252: (fly-airplane a1 l5-0 l3-0)
23.251: (fly-airplane a0 l4-0 l1-0)
23.251: (fly-airplane a1 l3-0 l0-0)
23.239: (fly-airplane a0 l1-0 l3-0)
23.240: (fly-airplane a0 l3-0 l2-0)
23.252: (fly-airplane a1 l0-0 l1-0)
23.251: (fly-airplane a0 l2-0 l3-0)
23.252: (fly-airplane a1 l1-0 l4-0)
23.252: (fly-airplane a0 l3-0 l0-0)
23.253: (fly-airplane a0 l0-0 l2-0)
23.253: (fly-airplane a1 l4-0 l2-0)
23.252: (fly-airplane a0 l2-0 l1-0)
23.253: (fly-airplane a0 l1-0 l4-0)
23.252: (fly-airplane a1 l2-0 l0-0)
23.264: (fly-airplane a1 l0-0 l1-0)
23.215: (drive-truck t1 l1-1 l1-2 c1)
23.215: (fly-airplane a0 l4-0 l1-0)
23.215: (fly-airplane a1 l1-0 l4-0)
23.264: (drive-truck t1 l1-2 l1-1 c1)
23.265: (fly-airplane a1 l4-0 l1-0)
24.146: (drive-truck t0 l0-2 l0-0 c0)
23.283: (drive-truck t5 l5-1 l5-0 c5)
23.229: (fly-airplane a1 l1-0 l5-0)
23.179: (fly-airplane a0 l1-0 l0-0)
23.131: (drive-truck t1 l1-1 l1-2 c1)
23.088: (drive-truck t4 l4-1 l4-2 c4)
23.127: (fly-airplane a0 l0-0 l3-0)
23.127: (fly-airplane a0 l3-0 l2-0)
23.129: (fly-airplane a1 l5-0 l0-0)
23.088: (fly-airplane a0 l2-0 l5-0)
23.127: (fly-airplane a1 l0-0 l3-0)
23.127: (fly-airplane a1 l3-0 l2-0)
23.129: (fly-airplane a0 l5-0 l0-0)
23.128: (fly-airplane a1 l2-0 l3-0)
23.140: (fly-airplane a1 l3-0 l1-0)
23.138: (fly-airplane a0 l0-0 l5-0)
23.140: (fly-airplane a1 l1-0 l4-0)
23.142: (fly-airplane a0 l5-0 l0-0)
23.142: (fly-airplane a1 l4-0 l0-0)
23.129: (fly-airplane a0 l0-0 l3-0)
23.140: (fly-airplane a0 l3-0 l1-0)
23.138: (fly-airplane a1 l0-0 l5-0)
23.140: (fly-airplane a0 l1-0 l4-0)
23.142: (fly-airplane a1 l5-0 l0-0)
23.180: (fly-airplane a1 l0-0 l3-0)
23.167: (fly-airplane a0 l4-0 l2-0)
23.178: (fly-airplane a0 l2-0 l1-0)
23.179: (fly-airplane a1 l3-0 l2-0)
23.167: (fly-airplane a0 l1-0 l3-0)
23.178: (fly-airplane a1 l2-0 l1-0)
23.179: (fly-airplane a0 l3-0 l2-0)
23.180: (fly-airplane a1 l1-0 l2-0)
23.181: (fly-airplane a0 l2-0 l4-0)
23.191: (fly-airplane a1 l2-0 l1-0)
23.192: (fly-airplane a0 l4-0 l1-0)
23.191: (fly-airplane a1 l1-0 l4-0)
23.180: (fly-airplane a0 l1-0 l3-0)
23.181: (fly-airplane a0 l3-0 l2-0)
23.194: (fly-airplane a0 l2-0 l4-0)
23.237: (drive-truck t4 l4-2 l4-1 c4)
23.183: (fly-airplane a1 l4-0 l5-0)
23.170: (fly-airplane a0 l4-0 l3-0)
23.170: (fly-airplane a0 l3-0 l2-0)
23.172: (fly-airplane a1 l5-0 l0-0)
23.131: (fly-airplane a0 l2-0 l5-0)
23.169: (fly-airplane a1 l0-0 l3-0)
23.170: (fly-airplane a1 l3-0 l2-0)
23.172: (fly-airplane a0 l5-0 l0-0)
23.171: (fly-airplane a1 l2-0 l3-0)
23.183: (fly-airplane a1 l3-0 l1-0)
23.181: (fly-airplane a0 l0-0 l5-0)
23.183: (fly-airplane a1 l1-0 l4-0)
23.185: (fly-airplane a0 l5-0 l0-0)
23.185: (fly-airplane a1 l4-0 l0-0)
23.171: (fly-airplane a0 l0-0 l3-0)
23.183: (fly-airplane a0 l3-0 l1-0)
23.181: (fly-airplane a1 l0-0 l5-0)
23.185: (fly-airplane a0 l1-0 l5-0)
23.142: (drive-truck t4 l4-1 l4-2 c4)
23.190: (drive-truck t1 l1-2 l1-1 c1)
23.137: (fly-airplane a0 l5-0 l0-0)
23.175: (fly-airplane a0 l0-0 l3-0)
23.175: (fly-airplane a0 l3-0 l2-0)
23.177: (fly-airplane a1 l5-0 l0-0)
23.137: (fly-airplane a0 l2-0 l5-0)
23.175: (fly-airplane a1 l0-0 l3-0)
23.175: (fly-airplane a1 l3-0 l2-0)
23.177: (fly-airplane a0 l5-0 l0-0)
23.176: (fly-airplane a1 l2-0 l3-0)
23.188: (fly-airplane a1 l3-0 l1-0)
23.186: (fly-airplane a0 l0-0 l5-0)
23.188: (fly-airplane a1 l1-0 l4-0)
23.190: (fly-airplane a0 l5-0 l0-0)
23.190: (fly-airplane a1 l4-0 l0-0)
23.176: (fly-airplane a0 l0-0 l3-0)
23.188: (fly-airplane a0 l3-0 l1-0)
23.186: (fly-airplane a1 l0-0 l5-0)
23.188: (fly-airplane a0 l1-0 l4-0)
23.190: (fly-airplane a1 l5-0 l0-0)
23.228: (fly-airplane a1 l0-0 l3-0)
23.215: (fly-airplane a0 l4-0 l2-0)
23.226: (fly-airplane a0 l2-0 l1-0)
23.227: (fly-airplane a1 l3-0 l2-0)
23.215: (fly-airplane a0 l1-0 l3-0)
23.226: (fly-airplane a1 l2-0 l1-0)
23.227: (fly-airplane a0 l3-0 l2-0)
23.228: (fly-airplane a1 l1-0 l2-0)
23.229: (fly-airplane a0 l2-0 l4-0)
23.239: (fly-airplane a1 l2-0 l1-0)
23.240: (fly-airplane a0 l4-0 l1-0)
23.239: (fly-airplane a1 l1-0 l4-0)
23.228: (fly-airplane a0 l1-0 l3-0)
23.229: (fly-airplane a0 l3-0 l2-0)
23.242: (fly-airplane a0 l2-0 l4-0)
23.285: (drive-truck t4 l4-2 l4-1 c4)
23.231: (fly-airplane a1 l4-0 l5-0)
23.218: (fly-airplane a0 l4-0 l3-0)
23.218: (fly-airplane a0 l3-0 l2-0)
23.220: (fly-airplane a1 l5-0 l0-0)
23.179: (fly-airplane a0 l2-0 l5-0)
23.218: (fly-airplane a1 l0-0 l3-0)
23.218: (fly-airplane a1 l3-0 l2-0)
23.220: (fly-airplane a0 l5-0 l0-0)
23.219: (fly-airplane a1 l2-0 l3-0)
23.231: (fly-airplane a1 l3-0 l1-0)
23.229: (fly-airplane a0 l0-0 l5-0)
23.231: (fly-airplane a1 l1-0 l4-0)
23.233: (fly-airplane a0 l5-0 l0-0)
23.233: (fly-airplane a1 l4-0 l0-0)
23.219: (fly-airplane a0 l0-0 l3-0)
23.231: (fly-airplane a0 l3-0 l1-0)
23.233: (fly-airplane a0 l1-0 l4-0)
23.185: (drive-truck t1 l1-1 l1-2 c1)
23.223: (fly-airplane a1 l0-0 l3-0)
23.210: (fly-airplane a0 l4-0 l2-0)
23.221: (fly-airplane a0 l2-0 l1-0)
23.222: (fly-airplane a1 l3-0 l2-0)
23.210: (fly-airplane a0 l1-0 l3-0)
23.221: (fly-airplane a1 l2-0 l1-0)
23.222: (fly-airplane a0 l3-0 l2-0)
23.223: (fly-airplane a1 l1-0 l2-0)
23.224: (fly-airplane a1 l2-0 l4-0)
23.223: (fly-airplane a0 l2-0 l3-0)
23.224: (fly-airplane a1 l4-0 l3-0)
23.182: (drive-truck t4 l4-1 l4-2 c4)
23.229: (drive-truck t1 l1-2 l1-1 c1)
23.272: (drive-truck t4 l4-2 l4-1 c4)
23.258: (fly-airplane a0 l3-0 l2-0)
23.269: (fly-airplane a0 l2-0 l1-0)
23.270: (fly-airplane a1 l3-0 l2-0)
23.258: (fly-airplane a0 l1-0 l3-0)
23.269: (fly-airplane a1 l2-0 l1-0)
23.270: (fly-airplane a0 l3-0 l2-0)
23.271: (fly-airplane a1 l1-0 l2-0)
23.272: (fly-airplane a0 l2-0 l4-0)
23.224: (drive-truck t1 l1-1 l1-2 c1)
23.234: (fly-airplane a1 l2-0 l1-0)
23.235: (fly-airplane a0 l4-0 l1-0)
23.235: (fly-airplane a1 l1-0 l4-0)
23.282: (drive-truck t1 l1-2 l1-1 c1)
23.271: (fly-airplane a0 l1-0 l3-0)
23.272: (fly-airplane a0 l3-0 l2-0)
23.531: (drive-truck t0 l0-0 l0-1 c0)
23.477: (fly-airplane a1 l4-0 l5-0)
23.429: (drive-truck t1 l1-1 l1-2 c1)
23.387: (drive-truck t4 l4-1 l4-2 c4)
23.386: (fly-airplane a0 l2-0 l3-0)
23.397: (fly-airplane a0 l3-0 l1-0)
23.399: (fly-airplane a0 l1-0 l0-0)
23.400: (fly-airplane a0 l0-0 l4-0)
23.401: (fly-airplane a0 l4-0 l5-0)
23.386: (fly-airplane a1 l5-0 l3-0)
23.387: (fly-airplane a1 l3-0 l2-0)
23.397: (fly-airplane a1 l2-0 l1-0)
23.399: (fly-airplane a1 l1-0 l0-0)
23.400: (fly-airplane a1 l0-0 l4-0)
23.441: (fly-airplane a0 l5-0 l3-0)
23.427: (fly-airplane a1 l4-0 l2-0)
23.438: (fly-airplane a1 l2-0 l1-0)
23.439: (fly-airplane a0 l3-0 l2-0)
23.427: (fly-airplane a1 l1-0 l3-0)
23.438: (fly-airplane a0 l2-0 l1-0)
23.439: (fly-airplane a1 l3-0 l2-0)
23.440: (fly-airplane a0 l1-0 l0-0)
23.439: (fly-airplane a1 l2-0 l3-0)
23.440: (fly-airplane a0 l0-0 l4-0)
23.441: (fly-airplane a1 l3-0 l2-0)
23.440: (fly-airplane a0 l4-0 l2-0)
23.440: (fly-airplane a1 l2-0 l0-0)
23.439: (fly-airplane a0 l2-0 l3-0)
23.441: (fly-airplane a1 l0-0 l3-0)
23.484: (drive-truck t4 l4-2 l4-1 c4)
23.429: (fly-airplane a1 l3-0 l5-0)
23.440: (fly-airplane a0 l3-0 l1-0)
23.441: (fly-airplane a0 l1-0 l0-0)
23.443: (fly-airplane a0 l0-0 l4-0)
23.444: (fly-airplane a0 l4-0 l5-0)
23.429: (fly-airplane a1 l5-0 l3-0)
23.429: (fly-airplane a1 l3-0 l2-0)
23.440: (fly-airplane a1 l2-0 l1-0)
23.441: (fly-airplane a1 l1-0 l0-0)
23.443: (fly-airplane a1 l0-0 l4-0)
23.483: (fly-airplane a0 l5-0 l3-0)
23.470: (fly-airplane a1 l4-0 l2-0)
23.481: (fly-airplane a1 l2-0 l1-0)
23.482: (fly-airplane a0 l3-0 l2-0)
23.470: (fly-airplane a1 l1-0 l3-0)
23.481: (fly-airplane a0 l2-0 l1-0)
23.482: (fly-airplane a1 l3-0 l2-0)
23.483: (fly-airplane a0 l1-0 l0-0)
23.482: (fly-airplane a1 l2-0 l3-0)
23.483: (fly-airplane a0 l0-0 l4-0)
23.484: (fly-airplane a1 l3-0 l2-0)
23.483: (fly-airplane a0 l4-0 l2-0)
23.482: (fly-airplane a1 l2-0 l0-0)
23.482: (fly-airplane a0 l2-0 l3-0)
23.493: (fly-airplane a0 l3-0 l1-0)
23.450: (drive-truck t4 l4-1 l4-2 c4)
23.452: (fly-airplane a1 l0-0 l1-0)
23.450: (fly-airplane a0 l1-0 l0-0)
23.452: (fly-airplane a0 l0-0 l4-0)
23.453: (fly-airplane a1 l1-0 l0-0)
23.452: (fly-airplane a0 l4-0 l0-0)
23.453: (fly-airplane a1 l0-0 l4-0)
23.441: (fly-airplane a0 l0-0 l2-0)
23.452: (fly-airplane a0 l2-0 l1-0)
23.455: (fly-airplane a0 l1-0 l4-0)
23.497: (drive-truck t4 l4-2 l4-1 c4)
23.484: (fly-airplane a0 l4-0 l2-0)
23.495: (fly-airplane a0 l2-0 l1-0)
23.495: (fly-airplane a1 l4-0 l1-0)
23.493: (fly-airplane a0 l1-0 l0-0)
23.495: (fly-airplane a0 l0-0 l4-0)
23.496: (fly-airplane a1 l1-0 l0-0)
23.495: (fly-airplane a0 l4-0 l0-0)
23.496: (fly-airplane a1 l0-0 l4-0)
23.543: (drive-truck t1 l1-2 l1-1 c1)
23.489: (fly-airplane a1 l4-0 l5-0)
23.446: (drive-truck t4 l4-1 l4-2 c4)
23.434: (fly-airplane a0 l0-0 l3-0)
23.434: (fly-airplane a0 l3-0 l2-0)
23.445: (fly-airplane a0 l2-0 l1-0)
23.448: (fly-airplane a0 l1-0 l4-0)
23.449: (fly-airplane a0 l4-0 l5-0)
23.434: (fly-airplane a1 l5-0 l3-0)
23.434: (fly-airplane a1 l3-0 l2-0)
23.445: (fly-airplane a1 l2-0 l1-0)
23.446: (fly-airplane a1 l1-0 l0-0)
23.448: (fly-airplane a1 l0-0 l4-0)
23.488: (fly-airplane a0 l5-0 l3-0)
23.475: (fly-airplane a1 l4-0 l2-0)
23.486: (fly-airplane a1 l2-0 l1-0)
23.486: (fly-airplane a0 l3-0 l2-0)
23.475: (fly-airplane a1 l1-0 l3-0)
23.486: (fly-airplane a0 l2-0 l1-0)
23.486: (fly-airplane a1 l3-0 l2-0)
23.487: (fly-airplane a0 l1-0 l0-0)
23.487: (fly-airplane a1 l2-0 l3-0)
23.488: (fly-airplane a0 l0-0 l4-0)
23.489: (fly-airplane a1 l3-0 l2-0)
23.487: (fly-airplane a0 l4-0 l2-0)
23.487: (fly-airplane a1 l2-0 l0-0)
23.487: (fly-airplane a0 l2-0 l3-0)
23.489: (fly-airplane a1 l0-0 l3-0)
23.532: (drive-truck t4 l4-2 l4-1 c4)
23.477: (fly-airplane a0 l3-0 l5-0)
23.477: (fly-airplane a1 l3-0 l2-0)
23.488: (fly-airplane a1 l2-0 l1-0)
23.489: (fly-airplane a1 l1-0 l0-0)
23.490: (fly-airplane a1 l0-0 l4-0)
23.492: (fly-airplane a1 l4-0 l5-0)
23.233: (drive-truck t0 l0-1 l0-0 c0)
23.564: (unload-truck p0 t0 l0-0)
23.324: (drive-truck t0 l0-0 l0-2 c0)
23.210: (fly-airplane a1 l5-0 l0-0)
22.133: (load-airplane p0 a1 l0-0)
21.465: (fly-airplane a1 l0-0 l5-0)
21.416: (drive-truck t1 l1-1 l1-2 c1)
21.380: (drive-truck t4 l4-1 l4-2 c4)
21.378: (fly-airplane a0 l5-0 l3-0)
21.378: (fly-airplane a0 l3-0 l0-0)
21.378: (fly-airplane a0 l0-0 l2-0)
21.385: (fly-airplane a0 l2-0 l4-0)
21.389: (fly-airplane a0 l4-0 l1-0)
21.425: (drive-truck t4 l4-2 l4-1 c4)
21.414: (fly-airplane a0 l1-0 l0-0)
21.414: (fly-airplane a0 l0-0 l3-0)
21.414: (fly-airplane a0 l3-0 l2-0)
21.422: (fly-airplane a0 l2-0 l4-0)
21.471: (drive-truck t1 l1-2 l1-1 c1)
21.434: (drive-truck t4 l4-1 l4-2 c4)
21.427: (fly-airplane a0 l4-0 l3-0)
21.427: (fly-airplane a0 l3-0 l0-0)
21.427: (fly-airplane a0 l0-0 l2-0)
21.429: (fly-airplane a0 l2-0 l5-0)
21.438: (fly-airplane a0 l5-0 l1-0)
21.474: (drive-truck t4 l4-2 l4-1 c4)
21.463: (fly-airplane a0 l1-0 l3-0)
21.463: (fly-airplane a0 l3-0 l0-0)
21.463: (fly-airplane a0 l0-0 l2-0)
21.722: (fly-airplane a1 l5-0 l1-0)
21.615: (fly-airplane a0 l2-0 l1-0)
21.566: (drive-truck t1 l1-1 l1-2 c1)
21.531: (drive-truck t4 l4-1 l4-2 c4)
21.580: (drive-truck t1 l1-2 l1-1 c1)
21.646: (fly-airplane a0 l1-0 l5-0)
21.597: (drive-truck t1 l1-1 l1-2 c1)
21.632: (drive-truck t4 l4-2 l4-1 c4)
21.673: (fly-airplane a0 l5-0 l3-0)
21.638: (drive-truck t4 l4-1 l4-2 c4)
21.638: (fly-airplane a0 l3-0 l0-0)
21.638: (fly-airplane a0 l0-0 l2-0)
21.645: (fly-airplane a0 l2-0 l4-0)
21.681: (drive-truck t4 l4-2 l4-1 c4)
21.673: (fly-airplane a0 l4-0 l0-0)
21.673: (fly-airplane a0 l0-0 l2-0)
21.974: (drive-truck t4 l4-1 l4-0 c4)
20.956: (load-truck p8 t4 l4-0)
20.575: (drive-truck t4 l4-0 l4-2 c4)
20.218: (fly-airplane a1 l1-0 l4-0)
19.305: (unload-airplane p0 a1 l4-0)
19.253: (fly-airplane a1 l4-0 l5-0)
19.252: (fly-airplane a0 l2-0 l3-0)
19.252: (fly-airplane a0 l3-0 l0-0)
19.263: (fly-airplane a0 l0-0 l4-0)
19.264: (fly-airplane a0 l4-0 l1-0)
19.267: (fly-airplane a0 l1-0 l5-0)
19.252: (fly-airplane a1 l5-0 l3-0)
19.252: (fly-airplane a1 l3-0 l0-0)
19.253: (fly-airplane a1 l0-0 l2-0)
19.263: (fly-airplane a1 l2-0 l4-0)
19.264: (fly-airplane a1 l4-0 l1-0)
19.304: (fly-airplane a0 l5-0 l0-0)
19.292: (fly-airplane a1 l1-0 l3-0)
19.293: (fly-airplane a0 l0-0 l2-0)
19.293: (fly-airplane a1 l3-0 l0-0)
19.292: (fly-airplane a0 l2-0 l3-0)
19.293: (fly-airplane a1 l0-0 l2-0)
19.293: (fly-airplane a0 l3-0 l0-0)
19.304: (fly-airplane a1 l2-0 l4-0)
19.304: (fly-airplane a0 l0-0 l3-0)
19.304: (fly-airplane a1 l4-0 l1-0)
19.305: (fly-airplane a0 l3-0 l2-0)
19.306: (fly-airplane a1 l1-0 l2-0)
19.305: (fly-airplane a0 l2-0 l4-0)
19.304: (fly-airplane a1 l2-0 l3-0)
19.304: (fly-airplane a1 l3-0 l0-0)
19.304: (fly-airplane a0 l4-0 l1-0)
19.304: (fly-airplane a1 l0-0 l3-0)
19.305: (fly-airplane a1 l3-0 l2-0)
19.315: (fly-airplane a1 l2-0 l4-0)
19.318: (fly-airplane a1 l4-0 l1-0)
19.315: (fly-airplane a0 l1-0 l4-0)
19.319: (fly-airplane a1 l1-0 l4-0)
19.349: (drive-truck t2 l2-1 l2-2 c2)
19.314: (fly-airplane a1 l4-0 l5-0)
19.302: (fly-airplane a0 l4-0 l3-0)
19.302: (fly-airplane a0 l3-0 l0-0)
19.303: (fly-airplane a0 l0-0 l2-0)
19.314: (fly-airplane a0 l2-0 l1-0)
19.318: (fly-airplane a0 l1-0 l5-0)
19.302: (fly-airplane a1 l5-0 l3-0)
19.302: (fly-airplane a1 l3-0 l0-0)
19.303: (fly-airplane a1 l0-0 l2-0)
19.314: (fly-airplane a1 l2-0 l4-0)
19.314: (fly-airplane a1 l4-0 l1-0)
19.334: (fly-airplane a0 l5-0 l3-0)
19.323: (fly-airplane a1 l1-0 l0-0)
19.323: (fly-airplane a0 l3-0 l2-0)
19.323: (fly-airplane a1 l0-0 l3-0)
19.323: (fly-airplane a0 l2-0 l0-0)
19.323: (fly-airplane a1 l3-0 l2-0)
19.323: (fly-airplane a0 l0-0 l3-0)
19.334: (fly-airplane a1 l2-0 l4-0)
19.334: (fly-airplane a0 l3-0 l0-0)
19.334: (fly-airplane a1 l4-0 l1-0)
19.335: (fly-airplane a0 l0-0 l2-0)
19.335: (fly-airplane a1 l1-0 l4-0)
19.336: (fly-airplane a1 l4-0 l2-0)
19.335: (fly-airplane a0 l2-0 l4-0)
19.334: (fly-airplane a1 l2-0 l3-0)
19.334: (fly-airplane a0 l4-0 l1-0)
19.334: (fly-airplane a1 l3-0 l0-0)
19.334: (fly-airplane a0 l1-0 l4-0)
19.338: (fly-airplane a0 l4-0 l0-0)
19.307: (drive-truck t2 l2-2 l2-1 c2)
19.356: (drive-truck t1 l1-2 l1-1 c1)
19.301: (fly-airplane a1 l0-0 l5-0)
19.301: (fly-airplane a0 l0-0 l3-0)
19.302: (fly-airplane a0 l3-0 l2-0)
19.312: (fly-airplane a0 l2-0 l4-0)
19.313: (fly-airplane a0 l4-0 l1-0)
19.316: (fly-airplane a0 l1-0 l5-0)
19.301: (fly-airplane a1 l5-0 l3-0)
19.301: (fly-airplane a1 l3-0 l0-0)
19.302: (fly-airplane a1 l0-0 l2-0)
19.312: (fly-airplane a1 l2-0 l4-0)
19.313: (fly-airplane a1 l4-0 l1-0)
19.353: (fly-airplane a0 l5-0 l3-0)
19.341: (fly-airplane a1 l1-0 l0-0)
19.342: (fly-airplane a1 l0-0 l2-0)
19.342: (fly-airplane a0 l3-0 l0-0)
19.341: (fly-airplane a1 l2-0 l3-0)
19.342: (fly-airplane a0 l0-0 l2-0)
19.342: (fly-airplane a1 l3-0 l0-0)
19.352: (fly-airplane a0 l2-0 l4-0)
19.352: (fly-airplane a1 l0-0 l3-0)
19.353: (fly-airplane a0 l4-0 l1-0)
19.353: (fly-airplane a1 l3-0 l0-0)
19.354: (fly-airplane a1 l0-0 l2-0)
19.353: (fly-airplane a0 l1-0 l4-0)
19.355: (fly-airplane a0 l4-0 l2-0)
19.353: (fly-airplane a1 l2-0 l4-0)
19.352: (fly-airplane a0 l2-0 l3-0)
19.352: (fly-airplane a0 l3-0 l0-0)
19.353: (fly-airplane a1 l4-0 l1-0)
19.354: (fly-airplane a0 l0-0 l2-0)
19.364: (fly-airplane a0 l2-0 l4-0)
19.367: (fly-airplane a0 l4-0 l1-0)
19.364: (fly-airplane a1 l1-0 l4-0)
19.368: (fly-airplane a0 l1-0 l4-0)
19.398: (drive-truck t2 l2-1 l2-2 c2)
19.363: (fly-airplane a1 l4-0 l5-0)
19.352: (fly-airplane a0 l4-0 l3-0)
19.352: (fly-airplane a0 l3-0 l0-0)
19.352: (fly-airplane a0 l0-0 l2-0)
19.363: (fly-airplane a0 l2-0 l1-0)
19.367: (fly-airplane a0 l1-0 l5-0)
19.352: (fly-airplane a1 l5-0 l3-0)
19.352: (fly-airplane a1 l3-0 l0-0)
19.352: (fly-airplane a1 l0-0 l2-0)
19.363: (fly-airplane a1 l2-0 l4-0)
19.363: (fly-airplane a1 l4-0 l1-0)
19.383: (fly-airplane a0 l5-0 l3-0)
19.372: (fly-airplane a1 l1-0 l0-0)
19.373: (fly-airplane a1 l0-0 l2-0)
19.373: (fly-airplane a0 l3-0 l0-0)
19.372: (fly-airplane a1 l2-0 l3-0)
19.373: (fly-airplane a0 l0-0 l2-0)
19.373: (fly-airplane a1 l3-0 l0-0)
19.383: (fly-airplane a0 l2-0 l4-0)
19.383: (fly-airplane a1 l0-0 l3-0)
19.383: (fly-airplane a0 l4-0 l1-0)
19.383: (fly-airplane a1 l3-0 l0-0)
19.384: (fly-airplane a1 l0-0 l2-0)
19.335: (drive-truck t1 l1-1 l1-2 c1)
19.345: (fly-airplane a1 l2-0 l4-0)
19.348: (fly-airplane a1 l4-0 l1-0)
19.345: (fly-airplane a0 l1-0 l4-0)
19.395: (drive-truck t1 l1-2 l1-1 c1)
19.383: (fly-airplane a0 l4-0 l0-0)
Failed to find a solution!
