/u/ibrahim.eisawy/Neural-Guided-Search/venv/lib/python3.10/site-packages/pymimir_rgnn/model.py:151: UserWarning: index_reduce() is in beta and the API may change at any time. (Triggered internally at /pytorch/aten/src/ATen/native/cuda/Indexing.cu:1541.)
  max_msg.index_reduce_(0, output_indices, output_messages, reduce='amax', include_self=True)
Torch: 2.12.0+cu130
Using GPU:  NVIDIA L40S
73.034: (drive-truck t3 l3-1 l3-0 c3)
70.877: (load-truck p2 t5 l5-1)
68.686: (load-truck p11 t4 l4-2)
63.221: (drive-truck t4 l4-2 l4-3 c4)
61.215: (drive-truck t0 l0-3 l0-0 c0)
60.093: (load-truck p16 t3 l3-0)
58.977: (load-truck p10 t4 l4-3)
57.674: (drive-truck t5 l5-1 l5-3 c5)
56.317: (load-truck p0 t5 l5-3)
53.371: (load-truck p1 t5 l5-3)
51.999: (drive-truck t4 l4-3 l4-0 c4)
50.936: (load-truck p13 t3 l3-0)
49.886: (drive-truck t2 l2-2 l2-1 c2)
47.488: (load-truck p14 t2 l2-1)
46.192: (load-truck p4 t2 l2-1)
45.234: (load-truck p7 t0 l0-0)
43.991: (drive-truck t3 l3-0 l3-1 c3)
43.203: (load-truck p9 t4 l4-0)
41.518: (drive-truck t4 l4-0 l4-2 c4)
40.429: (unload-truck p9 t4 l4-2)
39.913: (load-truck p17 t1 l1-0)
38.659: (drive-truck t1 l1-0 l1-3 c1)
38.287: (drive-truck t0 l0-0 l0-2 c0)
37.240: (load-truck p5 t0 l0-2)
34.700: (drive-truck t0 l0-2 l0-1 c0)
33.598: (load-truck p3 t0 l0-1)
30.805: (drive-truck t0 l0-1 l0-3 c0)
30.689: (drive-truck t2 l2-1 l2-2 c2)
30.657: (fly-airplane a0 l5-0 l1-0)
30.660: (fly-airplane a1 l0-0 l4-0)
30.664: (fly-airplane a0 l1-0 l0-0)
30.657: (fly-airplane a1 l4-0 l1-0)
30.660: (fly-airplane a0 l0-0 l4-0)
30.664: (fly-airplane a1 l1-0 l0-0)
30.664: (fly-airplane a2 l3-0 l1-0)
30.657: (fly-airplane a0 l4-0 l3-0)
30.660: (fly-airplane a1 l0-0 l4-0)
30.664: (fly-airplane a2 l1-0 l0-0)
30.657: (fly-airplane a1 l4-0 l1-0)
30.660: (fly-airplane a2 l0-0 l4-0)
30.663: (fly-airplane a1 l1-0 l0-0)
30.664: (fly-airplane a0 l3-0 l1-0)
30.660: (fly-airplane a1 l0-0 l3-0)
30.657: (fly-airplane a2 l4-0 l0-0)
30.664: (fly-airplane a0 l1-0 l4-0)
30.660: (fly-airplane a2 l0-0 l1-0)
30.657: (fly-airplane a0 l4-0 l0-0)
30.664: (fly-airplane a2 l1-0 l4-0)
30.664: (fly-airplane a1 l3-0 l1-0)
30.685: (fly-airplane a2 l4-0 l1-0)
30.664: (fly-airplane a1 l1-0 l4-0)
30.686: (fly-airplane a1 l4-0 l0-0)
30.685: (fly-airplane a0 l0-0 l1-0)
30.682: (fly-airplane a1 l0-0 l3-0)
30.682: (fly-airplane a2 l1-0 l3-0)
30.682: (fly-airplane a1 l3-0 l1-0)
30.682: (fly-airplane a0 l1-0 l3-0)
30.682: (fly-airplane a2 l3-0 l1-0)
30.682: (fly-airplane a1 l1-0 l3-0)
30.685: (fly-airplane a2 l1-0 l0-0)
30.686: (fly-airplane a0 l3-0 l0-0)
30.685: (fly-airplane a2 l0-0 l3-0)
30.686: (fly-airplane a1 l3-0 l0-0)
30.685: (fly-airplane a0 l0-0 l3-0)
30.685: (fly-airplane a2 l3-0 l0-0)
30.686: (fly-airplane a0 l3-0 l1-0)
30.664: (fly-airplane a1 l0-0 l4-0)
30.685: (fly-airplane a1 l4-0 l1-0)
30.664: (fly-airplane a0 l1-0 l4-0)
30.686: (fly-airplane a0 l4-0 l0-0)
30.690: (fly-airplane a2 l0-0 l5-0)
30.686: (fly-airplane a0 l0-0 l3-0)
30.689: (fly-airplane a1 l1-0 l0-0)
30.690: (fly-airplane a0 l3-0 l1-0)
30.686: (fly-airplane a1 l0-0 l3-0)
30.689: (fly-airplane a0 l1-0 l0-0)
30.692: (fly-airplane a0 l0-0 l4-0)
30.688: (fly-airplane a2 l5-0 l3-0)
30.688: (fly-airplane a2 l3-0 l4-0)
30.688: (fly-airplane a0 l4-0 l3-0)
30.688: (fly-airplane a1 l3-0 l4-0)
30.688: (fly-airplane a2 l4-0 l3-0)
30.688: (fly-airplane a0 l3-0 l4-0)
30.688: (fly-airplane a2 l3-0 l1-0)
30.688: (fly-airplane a0 l4-0 l1-0)
30.688: (fly-airplane a2 l1-0 l4-0)
30.688: (fly-airplane a1 l4-0 l1-0)
30.688: (fly-airplane a0 l1-0 l4-0)
30.688: (fly-airplane a2 l4-0 l1-0)
30.692: (fly-airplane a2 l1-0 l5-0)
30.696: (fly-airplane a1 l1-0 l0-0)
30.692: (fly-airplane a2 l5-0 l4-0)
30.692: (fly-airplane a2 l4-0 l0-0)
30.692: (fly-airplane a1 l0-0 l4-0)
30.692: (fly-airplane a0 l4-0 l0-0)
30.692: (fly-airplane a2 l0-0 l4-0)
30.692: (fly-airplane a1 l4-0 l0-0)
30.695: (fly-airplane a1 l0-0 l5-0)
30.689: (fly-airplane a2 l4-0 l3-0)
30.686: (fly-airplane a0 l0-0 l1-0)
30.689: (fly-airplane a2 l3-0 l0-0)
30.689: (fly-airplane a0 l1-0 l3-0)
30.686: (fly-airplane a2 l0-0 l1-0)
30.690: (fly-airplane a0 l3-0 l0-0)
30.692: (fly-airplane a0 l0-0 l4-0)
30.692: (fly-airplane a2 l1-0 l3-0)
30.696: (fly-airplane a2 l3-0 l0-0)
30.707: (fly-airplane a1 l5-0 l2-0)
30.701: (fly-airplane a0 l4-0 l3-0)
30.697: (fly-airplane a2 l0-0 l1-0)
30.701: (fly-airplane a0 l3-0 l0-0)
30.701: (fly-airplane a2 l1-0 l3-0)
30.697: (fly-airplane a0 l0-0 l1-0)
30.701: (fly-airplane a2 l3-0 l0-0)
30.704: (fly-airplane a2 l0-0 l4-0)
30.692: (fly-airplane a1 l2-0 l5-0)
30.692: (fly-airplane a0 l1-0 l3-0)
30.703: (fly-airplane a1 l5-0 l2-0)
30.707: (fly-airplane a0 l3-0 l0-0)
30.729: (fly-airplane a2 l4-0 l0-0)
30.714: (fly-airplane a1 l2-0 l0-0)
30.717: (fly-airplane a1 l0-0 l5-0)
30.714: (fly-airplane a2 l0-0 l5-0)
30.696: (fly-airplane a1 l5-0 l4-0)
30.692: (fly-airplane a0 l0-0 l1-0)
30.692: (fly-airplane a0 l1-0 l3-0)
30.703: (fly-airplane a2 l5-0 l2-0)
30.697: (fly-airplane a1 l4-0 l1-0)
30.701: (fly-airplane a1 l1-0 l0-0)
30.701: (fly-airplane a0 l3-0 l1-0)
30.697: (fly-airplane a1 l0-0 l3-0)
30.701: (fly-airplane a0 l1-0 l0-0)
30.701: (fly-airplane a1 l3-0 l1-0)
30.704: (fly-airplane a0 l0-0 l4-0)
30.703: (fly-airplane a1 l1-0 l3-0)
30.707: (fly-airplane a1 l3-0 l0-0)
30.729: (fly-airplane a0 l4-0 l0-0)
30.707: (fly-airplane a1 l0-0 l4-0)
30.704: (fly-airplane a0 l0-0 l1-0)
30.725: (fly-airplane a1 l4-0 l1-0)
30.710: (fly-airplane a2 l2-0 l1-0)
30.714: (fly-airplane a1 l1-0 l5-0)
30.710: (fly-airplane a2 l1-0 l5-0)
30.710: (fly-airplane a0 l1-0 l3-0)
30.714: (fly-airplane a1 l5-0 l3-0)
30.709: (fly-airplane a2 l5-0 l3-0)
30.714: (fly-airplane a0 l3-0 l5-0)
30.686: (fly-airplane a2 l3-0 l1-0)
30.689: (fly-airplane a2 l1-0 l0-0)
30.690: (fly-airplane a1 l3-0 l1-0)
30.686: (fly-airplane a2 l0-0 l3-0)
30.692: (fly-airplane a2 l3-0 l4-0)
30.692: (fly-airplane a1 l1-0 l3-0)
30.696: (fly-airplane a1 l3-0 l0-0)
30.690: (fly-airplane a2 l4-0 l1-0)
30.692: (fly-airplane a1 l0-0 l4-0)
30.692: (fly-airplane a2 l1-0 l3-0)
30.695: (fly-airplane a2 l3-0 l0-0)
30.707: (fly-airplane a0 l5-0 l2-0)
30.701: (fly-airplane a1 l4-0 l3-0)
30.697: (fly-airplane a2 l0-0 l1-0)
30.701: (fly-airplane a1 l3-0 l0-0)
30.701: (fly-airplane a2 l1-0 l3-0)
30.697: (fly-airplane a1 l0-0 l1-0)
30.701: (fly-airplane a2 l3-0 l0-0)
30.704: (fly-airplane a2 l0-0 l4-0)
30.703: (fly-airplane a1 l1-0 l3-0)
30.707: (fly-airplane a1 l3-0 l0-0)
30.729: (fly-airplane a2 l4-0 l0-0)
30.718: (fly-airplane a0 l2-0 l5-0)
30.713: (fly-airplane a1 l0-0 l5-0)
30.710: (fly-airplane a2 l0-0 l1-0)
30.710: (fly-airplane a2 l1-0 l3-0)
30.713: (fly-airplane a0 l5-0 l3-0)
30.725: (fly-airplane a1 l5-0 l2-0)
30.703: (fly-airplane a0 l3-0 l4-0)
30.704: (fly-airplane a2 l3-0 l1-0)
30.725: (fly-airplane a0 l4-0 l1-0)
30.728: (fly-airplane a2 l1-0 l2-0)
30.728: (fly-airplane a0 l1-0 l3-0)
30.725: (fly-airplane a1 l2-0 l3-0)
30.728: (fly-airplane a0 l3-0 l2-0)
30.725: (fly-airplane a2 l2-0 l3-0)
30.703: (fly-airplane a1 l3-0 l4-0)
30.704: (fly-airplane a2 l3-0 l1-0)
30.725: (fly-airplane a1 l4-0 l1-0)
30.714: (fly-airplane a0 l2-0 l5-0)
30.710: (fly-airplane a2 l1-0 l5-0)
30.710: (fly-airplane a1 l1-0 l3-0)
30.714: (fly-airplane a1 l3-0 l0-0)
30.716: (fly-airplane a1 l0-0 l4-0)
30.720: (fly-airplane a0 l5-0 l4-0)
30.716: (fly-airplane a2 l5-0 l4-0)
30.720: (fly-airplane a0 l4-0 l5-0)
30.716: (fly-airplane a1 l4-0 l5-0)
30.720: (fly-airplane a0 l5-0 l4-0)
30.716: (fly-airplane a2 l4-0 l5-0)
30.734: (fly-airplane a0 l4-0 l5-0)
30.753: (fly-airplane a0 l5-0 l2-0)
30.729: (fly-airplane a1 l5-0 l3-0)
30.729: (fly-airplane a1 l3-0 l1-0)
30.714: (fly-airplane a0 l2-0 l1-0)
30.729: (fly-airplane a1 l1-0 l2-0)
30.729: (fly-airplane a0 l1-0 l3-0)
30.733: (fly-airplane a0 l3-0 l0-0)
30.718: (fly-airplane a1 l2-0 l0-0)
30.733: (fly-airplane a0 l0-0 l2-0)
30.731: (fly-airplane a2 l5-0 l2-0)
30.728: (fly-airplane a1 l0-0 l1-0)
30.729: (fly-airplane a0 l2-0 l5-0)
30.729: (fly-airplane a1 l1-0 l3-0)
30.733: (fly-airplane a1 l3-0 l0-0)
30.735: (fly-airplane a1 l0-0 l4-0)
30.731: (fly-airplane a0 l5-0 l4-0)
30.734: (fly-airplane a0 l4-0 l2-0)
30.731: (fly-airplane a2 l2-0 l4-0)
30.734: (fly-airplane a1 l4-0 l2-0)
30.728: (fly-airplane a2 l4-0 l3-0)
30.728: (fly-airplane a2 l3-0 l1-0)
30.729: (fly-airplane a1 l2-0 l5-0)
30.729: (fly-airplane a2 l1-0 l3-0)
30.733: (fly-airplane a2 l3-0 l0-0)
30.731: (fly-airplane a1 l5-0 l2-0)
30.733: (fly-airplane a0 l2-0 l5-0)
30.729: (fly-airplane a2 l0-0 l3-0)
30.729: (fly-airplane a2 l3-0 l1-0)
30.735: (fly-airplane a2 l1-0 l4-0)
30.731: (fly-airplane a0 l5-0 l4-0)
30.734: (fly-airplane a2 l4-0 l2-0)
30.731: (fly-airplane a0 l4-0 l0-0)
30.733: (fly-airplane a1 l2-0 l5-0)
30.729: (fly-airplane a0 l0-0 l1-0)
30.729: (fly-airplane a0 l1-0 l3-0)
30.736: (fly-airplane a0 l3-0 l4-0)
30.753: (fly-airplane a0 l4-0 l5-0)
30.760: (fly-airplane a0 l5-0 l2-0)
30.735: (fly-airplane a2 l2-0 l4-0)
30.843: (drive-truck t2 l2-2 l2-1 c2)
30.807: (fly-airplane a0 l2-0 l1-0)
30.777: (fly-airplane a1 l5-0 l3-0)
30.774: (fly-airplane a2 l4-0 l0-0)
30.780: (fly-airplane a1 l3-0 l4-0)
30.777: (fly-airplane a2 l0-0 l3-0)
30.774: (fly-airplane a1 l4-0 l0-0)
30.780: (fly-airplane a2 l3-0 l4-0)
30.780: (fly-airplane a0 l1-0 l3-0)
30.774: (fly-airplane a2 l4-0 l1-0)
30.776: (fly-airplane a1 l0-0 l4-0)
30.780: (fly-airplane a0 l3-0 l0-0)
30.774: (fly-airplane a1 l4-0 l3-0)
30.776: (fly-airplane a0 l0-0 l4-0)
30.780: (fly-airplane a1 l3-0 l0-0)
30.780: (fly-airplane a2 l1-0 l3-0)
30.776: (fly-airplane a1 l0-0 l1-0)
30.774: (fly-airplane a0 l4-0 l0-0)
30.780: (fly-airplane a2 l3-0 l4-0)
30.776: (fly-airplane a0 l0-0 l3-0)
30.774: (fly-airplane a2 l4-0 l0-0)
30.780: (fly-airplane a0 l3-0 l4-0)
30.780: (fly-airplane a1 l1-0 l3-0)
30.801: (fly-airplane a0 l4-0 l3-0)
30.780: (fly-airplane a1 l3-0 l4-0)
30.801: (fly-airplane a1 l4-0 l0-0)
30.801: (fly-airplane a2 l0-0 l3-0)
30.798: (fly-airplane a1 l0-0 l1-0)
30.798: (fly-airplane a2 l3-0 l1-0)
30.798: (fly-airplane a1 l1-0 l3-0)
30.798: (fly-airplane a0 l3-0 l1-0)
30.798: (fly-airplane a2 l1-0 l3-0)
30.798: (fly-airplane a1 l3-0 l1-0)
30.801: (fly-airplane a2 l3-0 l0-0)
30.801: (fly-airplane a0 l1-0 l0-0)
30.801: (fly-airplane a2 l0-0 l1-0)
30.802: (fly-airplane a1 l1-0 l0-0)
30.801: (fly-airplane a0 l0-0 l1-0)
30.802: (fly-airplane a2 l1-0 l0-0)
30.805: (fly-airplane a1 l0-0 l5-0)
30.801: (fly-airplane a2 l0-0 l3-0)
30.805: (fly-airplane a0 l1-0 l0-0)
30.780: (fly-airplane a1 l5-0 l4-0)
30.801: (fly-airplane a1 l4-0 l3-0)
30.780: (fly-airplane a2 l3-0 l4-0)
30.802: (fly-airplane a2 l4-0 l0-0)
30.805: (fly-airplane a2 l0-0 l5-0)
30.801: (fly-airplane a0 l0-0 l1-0)
30.805: (fly-airplane a1 l3-0 l0-0)
30.805: (fly-airplane a0 l1-0 l3-0)
30.801: (fly-airplane a1 l0-0 l1-0)
30.805: (fly-airplane a0 l3-0 l0-0)
30.807: (fly-airplane a0 l0-0 l4-0)
30.804: (fly-airplane a2 l5-0 l1-0)
30.804: (fly-airplane a1 l1-0 l4-0)
30.804: (fly-airplane a0 l4-0 l1-0)
30.804: (fly-airplane a2 l1-0 l4-0)
30.804: (fly-airplane a1 l4-0 l1-0)
30.804: (fly-airplane a0 l1-0 l4-0)
30.804: (fly-airplane a1 l1-0 l3-0)
30.804: (fly-airplane a0 l4-0 l3-0)
30.804: (fly-airplane a1 l3-0 l4-0)
30.804: (fly-airplane a2 l4-0 l3-0)
30.804: (fly-airplane a0 l3-0 l4-0)
30.804: (fly-airplane a1 l4-0 l3-0)
30.807: (fly-airplane a2 l3-0 l5-0)
30.811: (fly-airplane a1 l3-0 l0-0)
30.808: (fly-airplane a2 l5-0 l4-0)
30.808: (fly-airplane a0 l4-0 l0-0)
30.802: (fly-airplane a2 l4-0 l3-0)
30.809: (fly-airplane a0 l0-0 l2-0)
30.806: (fly-airplane a1 l0-0 l1-0)
30.801: (fly-airplane a0 l2-0 l5-0)
30.805: (fly-airplane a2 l3-0 l0-0)
30.805: (fly-airplane a1 l1-0 l3-0)
30.801: (fly-airplane a2 l0-0 l1-0)
30.805: (fly-airplane a1 l3-0 l0-0)
30.807: (fly-airplane a1 l0-0 l4-0)
30.807: (fly-airplane a2 l1-0 l3-0)
30.811: (fly-airplane a2 l3-0 l0-0)
30.808: (fly-airplane a0 l5-0 l4-0)
30.808: (fly-airplane a1 l4-0 l0-0)
30.811: (fly-airplane a1 l0-0 l5-0)
30.805: (fly-airplane a0 l4-0 l3-0)
30.801: (fly-airplane a2 l0-0 l1-0)
30.805: (fly-airplane a0 l3-0 l0-0)
30.807: (fly-airplane a0 l0-0 l4-0)
30.807: (fly-airplane a2 l1-0 l3-0)
30.812: (fly-airplane a1 l5-0 l2-0)
30.805: (fly-airplane a0 l4-0 l1-0)
30.809: (fly-airplane a0 l1-0 l0-0)
30.809: (fly-airplane a2 l3-0 l1-0)
30.805: (fly-airplane a0 l0-0 l3-0)
30.809: (fly-airplane a2 l1-0 l0-0)
30.809: (fly-airplane a0 l3-0 l1-0)
30.812: (fly-airplane a2 l0-0 l4-0)
30.812: (fly-airplane a0 l1-0 l3-0)
30.807: (fly-airplane a1 l2-0 l5-0)
30.811: (fly-airplane a0 l3-0 l0-0)
30.808: (fly-airplane a1 l5-0 l4-0)
30.808: (fly-airplane a2 l4-0 l0-0)
30.811: (fly-airplane a2 l0-0 l5-0)
30.807: (fly-airplane a0 l0-0 l1-0)
30.807: (fly-airplane a0 l1-0 l3-0)
30.812: (fly-airplane a2 l5-0 l2-0)
30.805: (fly-airplane a1 l4-0 l1-0)
30.809: (fly-airplane a1 l1-0 l0-0)
30.809: (fly-airplane a0 l3-0 l1-0)
30.806: (fly-airplane a1 l0-0 l3-0)
30.809: (fly-airplane a0 l1-0 l0-0)
30.809: (fly-airplane a1 l3-0 l1-0)
30.812: (fly-airplane a0 l0-0 l4-0)
30.812: (fly-airplane a1 l1-0 l3-0)
30.815: (fly-airplane a1 l3-0 l0-0)
30.837: (fly-airplane a0 l4-0 l0-0)
30.815: (fly-airplane a1 l0-0 l4-0)
30.812: (fly-airplane a0 l0-0 l1-0)
30.833: (fly-airplane a1 l4-0 l1-0)
30.825: (fly-airplane a2 l2-0 l1-0)
30.829: (fly-airplane a1 l1-0 l5-0)
30.825: (fly-airplane a2 l1-0 l5-0)
30.825: (fly-airplane a0 l1-0 l3-0)
30.828: (fly-airplane a0 l3-0 l0-0)
30.831: (fly-airplane a0 l0-0 l4-0)
30.835: (fly-airplane a1 l5-0 l4-0)
30.831: (fly-airplane a0 l4-0 l5-0)
30.825: (fly-airplane a1 l4-0 l1-0)
30.807: (fly-airplane a2 l5-0 l4-0)
30.807: (fly-airplane a1 l1-0 l3-0)
30.811: (fly-airplane a1 l3-0 l0-0)
30.815: (fly-airplane a0 l5-0 l2-0)
30.809: (fly-airplane a2 l4-0 l1-0)
30.806: (fly-airplane a1 l0-0 l3-0)
30.809: (fly-airplane a2 l1-0 l0-0)
30.809: (fly-airplane a1 l3-0 l1-0)
30.812: (fly-airplane a2 l0-0 l4-0)
30.812: (fly-airplane a1 l1-0 l3-0)
30.833: (fly-airplane a2 l4-0 l3-0)
30.812: (fly-airplane a1 l3-0 l4-0)
30.812: (fly-airplane a2 l3-0 l1-0)
30.815: (fly-airplane a2 l1-0 l0-0)
30.837: (fly-airplane a1 l4-0 l0-0)
30.829: (fly-airplane a0 l2-0 l0-0)
30.832: (fly-airplane a1 l0-0 l5-0)
30.829: (fly-airplane a0 l0-0 l5-0)
30.825: (fly-airplane a2 l0-0 l1-0)
30.825: (fly-airplane a2 l1-0 l3-0)
30.828: (fly-airplane a0 l5-0 l3-0)
30.825: (fly-airplane a1 l5-0 l3-0)
30.828: (fly-airplane a2 l3-0 l5-0)
30.825: (fly-airplane a0 l3-0 l5-0)
30.829: (fly-airplane a1 l3-0 l0-0)
30.832: (fly-airplane a0 l5-0 l0-0)
30.840: (fly-airplane a0 l0-0 l2-0)
30.837: (fly-airplane a1 l0-0 l3-0)
30.836: (fly-airplane a2 l5-0 l2-0)
30.833: (fly-airplane a0 l2-0 l3-0)
30.835: (fly-airplane a1 l3-0 l2-0)
30.833: (fly-airplane a2 l2-0 l3-0)
30.836: (fly-airplane a0 l3-0 l2-0)
30.836: (fly-airplane a2 l3-0 l1-0)
30.812: (fly-airplane a0 l2-0 l4-0)
30.815: (fly-airplane a2 l1-0 l0-0)
30.837: (fly-airplane a0 l4-0 l0-0)
30.815: (fly-airplane a2 l0-0 l4-0)
30.839: (fly-airplane a2 l4-0 l2-0)
30.836: (fly-airplane a0 l0-0 l1-0)
30.833: (fly-airplane a2 l2-0 l1-0)
30.837: (fly-airplane a2 l1-0 l5-0)
30.829: (fly-airplane a1 l2-0 l1-0)
30.837: (fly-airplane a0 l1-0 l2-0)
30.833: (fly-airplane a2 l5-0 l1-0)
30.829: (fly-airplane a0 l2-0 l5-0)
30.837: (fly-airplane a1 l1-0 l2-0)
30.837: (fly-airplane a2 l1-0 l3-0)
30.829: (fly-airplane a1 l2-0 l3-0)
30.837: (fly-airplane a2 l3-0 l2-0)
30.837: (fly-airplane a1 l3-0 l1-0)
30.836: (fly-airplane a0 l5-0 l2-0)
30.839: (fly-airplane a1 l1-0 l0-0)
30.840: (fly-airplane a0 l2-0 l5-0)
30.832: (fly-airplane a2 l2-0 l0-0)
30.840: (fly-airplane a1 l0-0 l2-0)
30.839: (fly-airplane a0 l5-0 l2-0)
30.840: (fly-airplane a1 l2-0 l5-0)
30.837: (fly-airplane a2 l0-0 l1-0)
30.837: (fly-airplane a2 l1-0 l3-0)
30.861: (fly-airplane a2 l3-0 l5-0)
30.843: (fly-airplane a1 l5-0 l4-0)
30.735: (drive-truck t2 l2-1 l2-2 c2)
30.760: (fly-airplane a1 l4-0 l2-0)
30.736: (fly-airplane a0 l2-0 l4-0)
30.753: (fly-airplane a0 l4-0 l5-0)
30.760: (fly-airplane a2 l5-0 l2-0)
30.758: (fly-airplane a0 l5-0 l2-0)
30.866: (drive-truck t2 l2-2 l2-1 c2)
30.842: (fly-airplane a0 l2-0 l4-0)
30.839: (fly-airplane a2 l2-0 l4-0)
30.832: (fly-airplane a1 l2-0 l4-0)
30.835: (fly-airplane a0 l4-0 l5-0)
30.831: (fly-airplane a1 l4-0 l5-0)
30.835: (fly-airplane a0 l5-0 l4-0)
30.843: (fly-airplane a2 l4-0 l2-0)
30.837: (fly-airplane a0 l4-0 l1-0)
30.837: (fly-airplane a0 l1-0 l3-0)
30.840: (fly-airplane a0 l3-0 l0-0)
30.861: (fly-airplane a0 l0-0 l5-0)
30.843: (fly-airplane a1 l5-0 l4-0)
30.839: (fly-airplane a0 l5-0 l4-0)
30.842: (fly-airplane a0 l4-0 l2-0)
30.839: (fly-airplane a2 l2-0 l4-0)
30.842: (fly-airplane a1 l4-0 l2-0)
30.843: (fly-airplane a0 l2-0 l5-0)
30.861: (fly-airplane a2 l4-0 l5-0)
30.837: (fly-airplane a0 l5-0 l3-0)
30.840: (fly-airplane a0 l3-0 l0-0)
30.843: (fly-airplane a0 l0-0 l4-0)
30.867: (fly-airplane a0 l4-0 l2-0)
30.931: (drive-truck t2 l2-1 l2-3 c2)
30.900: (fly-airplane a2 l5-0 l3-0)
30.870: (fly-airplane a0 l2-0 l1-0)
30.831: (fly-airplane a1 l2-0 l0-0)
30.834: (fly-airplane a1 l0-0 l4-0)
30.838: (fly-airplane a0 l1-0 l0-0)
30.831: (fly-airplane a1 l4-0 l1-0)
30.834: (fly-airplane a0 l0-0 l4-0)
30.838: (fly-airplane a1 l1-0 l0-0)
30.838: (fly-airplane a2 l3-0 l1-0)
30.831: (fly-airplane a0 l4-0 l3-0)
30.834: (fly-airplane a1 l0-0 l4-0)
30.838: (fly-airplane a2 l1-0 l0-0)
30.831: (fly-airplane a1 l4-0 l1-0)
30.834: (fly-airplane a2 l0-0 l4-0)
30.838: (fly-airplane a0 l3-0 l0-0)
30.838: (fly-airplane a1 l1-0 l3-0)
30.831: (fly-airplane a2 l4-0 l1-0)
30.834: (fly-airplane a0 l0-0 l4-0)
30.838: (fly-airplane a2 l1-0 l0-0)
30.831: (fly-airplane a0 l4-0 l1-0)
30.834: (fly-airplane a2 l0-0 l4-0)
30.838: (fly-airplane a1 l3-0 l0-0)
30.838: (fly-airplane a0 l1-0 l3-0)
30.859: (fly-airplane a2 l4-0 l3-0)
30.855: (fly-airplane a1 l0-0 l1-0)
30.855: (fly-airplane a0 l3-0 l1-0)
30.855: (fly-airplane a1 l1-0 l3-0)
30.855: (fly-airplane a2 l3-0 l1-0)
30.855: (fly-airplane a0 l1-0 l3-0)
30.855: (fly-airplane a1 l3-0 l1-0)
30.859: (fly-airplane a0 l3-0 l0-0)
30.838: (fly-airplane a1 l1-0 l4-0)
30.859: (fly-airplane a1 l4-0 l0-0)
30.859: (fly-airplane a0 l0-0 l1-0)
30.859: (fly-airplane a2 l1-0 l0-0)
30.838: (fly-airplane a1 l0-0 l4-0)
30.859: (fly-airplane a1 l4-0 l1-0)
30.838: (fly-airplane a0 l1-0 l4-0)
30.859: (fly-airplane a0 l4-0 l0-0)
30.859: (fly-airplane a1 l1-0 l3-0)
30.859: (fly-airplane a0 l0-0 l3-0)
30.859: (fly-airplane a1 l3-0 l0-0)
30.863: (fly-airplane a1 l0-0 l5-0)
30.859: (fly-airplane a2 l0-0 l1-0)
30.863: (fly-airplane a0 l3-0 l0-0)
30.863: (fly-airplane a2 l1-0 l3-0)
30.859: (fly-airplane a1 l5-0 l3-0)
30.859: (fly-airplane a1 l3-0 l0-0)
30.863: (fly-airplane a0 l0-0 l5-0)
30.859: (fly-airplane a1 l0-0 l1-0)
30.863: (fly-airplane a2 l3-0 l0-0)
30.863: (fly-airplane a1 l1-0 l3-0)
30.859: (fly-airplane a2 l0-0 l1-0)
30.863: (fly-airplane a1 l3-0 l0-0)
30.865: (fly-airplane a1 l0-0 l4-0)
30.862: (fly-airplane a0 l5-0 l1-0)
30.862: (fly-airplane a0 l1-0 l4-0)
30.862: (fly-airplane a1 l4-0 l1-0)
30.862: (fly-airplane a2 l1-0 l4-0)
30.862: (fly-airplane a0 l4-0 l1-0)
30.862: (fly-airplane a1 l1-0 l4-0)
30.862: (fly-airplane a0 l1-0 l3-0)
30.862: (fly-airplane a1 l4-0 l3-0)
30.862: (fly-airplane a0 l3-0 l4-0)
30.862: (fly-airplane a2 l4-0 l3-0)
30.862: (fly-airplane a1 l3-0 l4-0)
30.862: (fly-airplane a0 l4-0 l3-0)
30.865: (fly-airplane a2 l3-0 l5-0)
30.859: (fly-airplane a1 l4-0 l1-0)
30.863: (fly-airplane a0 l3-0 l0-0)
30.863: (fly-airplane a1 l1-0 l3-0)
30.859: (fly-airplane a0 l0-0 l1-0)
30.863: (fly-airplane a1 l3-0 l0-0)
30.863: (fly-airplane a0 l1-0 l3-0)
30.869: (fly-airplane a0 l3-0 l4-0)
30.865: (fly-airplane a1 l0-0 l1-0)
30.865: (fly-airplane a1 l1-0 l3-0)
30.876: (fly-airplane a2 l5-0 l2-0)
30.870: (fly-airplane a0 l4-0 l1-0)
30.873: (fly-airplane a1 l3-0 l0-0)
30.873: (fly-airplane a0 l1-0 l3-0)
30.870: (fly-airplane a1 l0-0 l1-0)
30.873: (fly-airplane a0 l3-0 l0-0)
30.873: (fly-airplane a1 l1-0 l3-0)
30.879: (fly-airplane a1 l3-0 l4-0)
30.865: (fly-airplane a2 l2-0 l4-0)
30.865: (fly-airplane a1 l4-0 l0-0)
30.865: (fly-airplane a0 l0-0 l4-0)
30.865: (fly-airplane a2 l4-0 l0-0)
30.865: (fly-airplane a1 l0-0 l4-0)
30.865: (fly-airplane a0 l4-0 l0-0)
30.869: (fly-airplane a0 l0-0 l5-0)
30.865: (fly-airplane a2 l0-0 l3-0)
30.876: (fly-airplane a0 l5-0 l2-0)
30.870: (fly-airplane a1 l4-0 l1-0)
30.873: (fly-airplane a1 l1-0 l0-0)
30.873: (fly-airplane a2 l3-0 l1-0)
30.870: (fly-airplane a1 l0-0 l3-0)
30.873: (fly-airplane a2 l1-0 l0-0)
30.873: (fly-airplane a1 l3-0 l1-0)
30.876: (fly-airplane a2 l0-0 l4-0)
30.865: (fly-airplane a0 l2-0 l5-0)
30.865: (fly-airplane a1 l1-0 l3-0)
30.869: (fly-airplane a1 l3-0 l0-0)
30.879: (fly-airplane a0 l5-0 l2-0)
30.876: (fly-airplane a1 l0-0 l3-0)
30.897: (fly-airplane a2 l4-0 l3-0)
30.883: (fly-airplane a0 l2-0 l3-0)
30.886: (fly-airplane a0 l3-0 l5-0)
30.883: (fly-airplane a2 l3-0 l5-0)
30.883: (fly-airplane a1 l3-0 l1-0)
30.886: (fly-airplane a1 l1-0 l0-0)
30.889: (fly-airplane a1 l0-0 l4-0)
30.865: (fly-airplane a0 l5-0 l1-0)
30.869: (fly-airplane a0 l1-0 l0-0)
30.886: (fly-airplane a1 l4-0 l5-0)
30.869: (fly-airplane a2 l5-0 l4-0)
30.865: (fly-airplane a0 l0-0 l3-0)
30.865: (fly-airplane a0 l3-0 l1-0)
30.859: (fly-airplane a2 l4-0 l3-0)
30.863: (fly-airplane a2 l3-0 l0-0)
30.869: (fly-airplane a0 l1-0 l4-0)
30.865: (fly-airplane a2 l0-0 l1-0)
30.865: (fly-airplane a2 l1-0 l3-0)
30.876: (fly-airplane a1 l5-0 l2-0)
30.873: (fly-airplane a0 l4-0 l0-0)
30.873: (fly-airplane a2 l3-0 l1-0)
30.870: (fly-airplane a0 l0-0 l3-0)
30.873: (fly-airplane a2 l1-0 l0-0)
30.873: (fly-airplane a0 l3-0 l1-0)
30.876: (fly-airplane a2 l0-0 l4-0)
30.876: (fly-airplane a0 l1-0 l3-0)
30.879: (fly-airplane a0 l3-0 l0-0)
30.901: (fly-airplane a2 l4-0 l0-0)
30.879: (fly-airplane a0 l0-0 l4-0)
30.876: (fly-airplane a2 l0-0 l1-0)
30.897: (fly-airplane a0 l4-0 l1-0)
30.883: (fly-airplane a1 l2-0 l1-0)
30.886: (fly-airplane a0 l1-0 l5-0)
30.883: (fly-airplane a1 l1-0 l5-0)
30.883: (fly-airplane a2 l1-0 l3-0)
30.886: (fly-airplane a2 l3-0 l0-0)
30.889: (fly-airplane a2 l0-0 l4-0)
30.893: (fly-airplane a0 l5-0 l4-0)
30.889: (fly-airplane a2 l4-0 l5-0)
30.883: (fly-airplane a0 l4-0 l3-0)
30.883: (fly-airplane a0 l3-0 l1-0)
30.887: (fly-airplane a2 l5-0 l1-0)
30.901: (fly-airplane a2 l1-0 l2-0)
30.876: (fly-airplane a1 l5-0 l4-0)
30.876: (fly-airplane a0 l1-0 l3-0)
30.897: (fly-airplane a1 l4-0 l3-0)
30.887: (fly-airplane a2 l2-0 l5-0)
30.901: (fly-airplane a0 l3-0 l2-0)
30.900: (fly-airplane a2 l5-0 l2-0)
30.900: (fly-airplane a1 l3-0 l1-0)
30.876: (fly-airplane a0 l2-0 l4-0)
30.879: (fly-airplane a1 l1-0 l0-0)
30.901: (fly-airplane a0 l4-0 l0-0)
30.887: (fly-airplane a2 l2-0 l0-0)
30.890: (fly-airplane a1 l0-0 l5-0)
30.905: (fly-airplane a0 l0-0 l2-0)
30.879: (fly-airplane a1 l5-0 l4-0)
30.876: (fly-airplane a2 l0-0 l1-0)
30.897: (fly-airplane a1 l4-0 l1-0)
30.900: (fly-airplane a1 l1-0 l2-0)
30.901: (fly-airplane a1 l2-0 l5-0)
30.901: (fly-airplane a2 l1-0 l3-0)
30.887: (fly-airplane a0 l2-0 l3-0)
30.897: (fly-airplane a1 l5-0 l2-0)
30.900: (fly-airplane a2 l3-0 l2-0)
30.900: (fly-airplane a0 l3-0 l1-0)
30.897: (fly-airplane a1 l2-0 l1-0)
30.887: (fly-airplane a2 l2-0 l5-0)
30.901: (fly-airplane a1 l1-0 l2-0)
30.901: (fly-airplane a0 l1-0 l3-0)
30.905: (fly-airplane a0 l3-0 l0-0)
30.891: (fly-airplane a1 l2-0 l0-0)
30.905: (fly-airplane a0 l0-0 l2-0)
30.901: (fly-airplane a2 l5-0 l0-0)
30.891: (fly-airplane a0 l2-0 l5-0)
30.904: (fly-airplane a1 l0-0 l2-0)
30.901: (fly-airplane a2 l0-0 l1-0)
30.901: (fly-airplane a2 l1-0 l3-0)
30.907: (fly-airplane a2 l3-0 l4-0)
30.893: (fly-airplane a1 l2-0 l4-0)
30.889: (fly-airplane a0 l5-0 l4-0)
30.893: (fly-airplane a2 l4-0 l5-0)
30.903: (fly-airplane a2 l5-0 l2-0)
30.906: (fly-airplane a0 l4-0 l2-0)
30.903: (fly-airplane a1 l4-0 l0-0)
30.905: (fly-airplane a0 l2-0 l5-0)
30.901: (fly-airplane a1 l0-0 l3-0)
30.901: (fly-airplane a1 l3-0 l1-0)
30.907: (fly-airplane a1 l1-0 l4-0)
30.925: (fly-airplane a1 l4-0 l5-0)
30.901: (fly-airplane a0 l5-0 l3-0)
30.905: (fly-airplane a0 l3-0 l0-0)
30.903: (fly-airplane a1 l5-0 l2-0)
30.906: (fly-airplane a0 l0-0 l4-0)
30.903: (fly-airplane a2 l2-0 l4-0)
30.906: (fly-airplane a0 l4-0 l2-0)
30.903: (fly-airplane a2 l4-0 l0-0)
30.930: (fly-airplane a2 l0-0 l2-0)
30.931: (fly-airplane a1 l2-0 l5-0)
30.867: (drive-truck t2 l2-3 l2-1 c2)
31.124: (drive-truck t2 l2-1 l2-0 c2)
30.209: (unload-truck p4 t2 l2-0)
29.991: (drive-truck t2 l2-0 l2-2 c2)
29.960: (fly-airplane a1 l5-0 l3-0)
29.930: (fly-airplane a2 l2-0 l1-0)
29.904: (fly-airplane a0 l2-0 l0-0)
29.907: (fly-airplane a0 l0-0 l4-0)
29.910: (fly-airplane a2 l1-0 l0-0)
29.904: (fly-airplane a0 l4-0 l1-0)
29.907: (fly-airplane a2 l0-0 l4-0)
29.910: (fly-airplane a0 l1-0 l0-0)
29.910: (fly-airplane a1 l3-0 l1-0)
29.904: (fly-airplane a2 l4-0 l3-0)
29.907: (fly-airplane a0 l0-0 l4-0)
29.910: (fly-airplane a1 l1-0 l0-0)
29.904: (fly-airplane a0 l4-0 l1-0)
29.907: (fly-airplane a1 l0-0 l4-0)
29.910: (fly-airplane a0 l1-0 l0-0)
29.910: (fly-airplane a2 l3-0 l1-0)
29.907: (fly-airplane a0 l0-0 l3-0)
29.904: (fly-airplane a1 l4-0 l0-0)
29.910: (fly-airplane a0 l3-0 l4-0)
29.931: (fly-airplane a0 l4-0 l1-0)
29.910: (fly-airplane a2 l1-0 l4-0)
29.910: (fly-airplane a0 l1-0 l3-0)
29.907: (fly-airplane a1 l0-0 l1-0)
29.904: (fly-airplane a2 l4-0 l0-0)
29.910: (fly-airplane a1 l1-0 l4-0)
29.910: (fly-airplane a0 l3-0 l1-0)
29.931: (fly-airplane a1 l4-0 l1-0)
29.910: (fly-airplane a0 l1-0 l4-0)
29.932: (fly-airplane a0 l4-0 l0-0)
29.931: (fly-airplane a2 l0-0 l1-0)
29.928: (fly-airplane a0 l0-0 l3-0)
29.928: (fly-airplane a2 l1-0 l3-0)
29.928: (fly-airplane a0 l3-0 l1-0)
29.928: (fly-airplane a1 l1-0 l3-0)
29.928: (fly-airplane a2 l3-0 l1-0)
29.928: (fly-airplane a0 l1-0 l3-0)
29.930: (fly-airplane a1 l3-0 l2-0)
29.932: (fly-airplane a1 l2-0 l5-0)
29.936: (fly-airplane a2 l1-0 l0-0)
29.931: (fly-airplane a1 l5-0 l3-0)
29.932: (fly-airplane a0 l3-0 l0-0)
29.931: (fly-airplane a2 l0-0 l3-0)
29.932: (fly-airplane a1 l3-0 l0-0)
29.931: (fly-airplane a0 l0-0 l3-0)
29.931: (fly-airplane a2 l3-0 l0-0)
29.932: (fly-airplane a0 l3-0 l1-0)
29.933: (fly-airplane a2 l0-0 l2-0)
29.930: (fly-airplane a1 l0-0 l3-0)
29.932: (fly-airplane a2 l2-0 l5-0)
29.936: (fly-airplane a0 l1-0 l0-0)
29.934: (fly-airplane a2 l5-0 l2-0)
29.933: (fly-airplane a1 l3-0 l1-0)
29.930: (fly-airplane a0 l0-0 l3-0)
29.932: (fly-airplane a2 l2-0 l5-0)
29.936: (fly-airplane a1 l1-0 l0-0)
29.934: (fly-airplane a2 l5-0 l2-0)
29.936: (fly-airplane a1 l0-0 l4-0)
29.934: (fly-airplane a2 l2-0 l3-0)
29.934: (fly-airplane a2 l3-0 l4-0)
29.934: (fly-airplane a1 l4-0 l3-0)
29.934: (fly-airplane a0 l3-0 l4-0)
29.934: (fly-airplane a2 l4-0 l3-0)
29.934: (fly-airplane a1 l3-0 l4-0)
29.934: (fly-airplane a2 l3-0 l1-0)
29.934: (fly-airplane a0 l4-0 l1-0)
29.934: (fly-airplane a2 l1-0 l4-0)
29.934: (fly-airplane a1 l4-0 l1-0)
29.934: (fly-airplane a0 l1-0 l4-0)
29.934: (fly-airplane a2 l4-0 l1-0)
29.936: (fly-airplane a2 l1-0 l2-0)
29.936: (fly-airplane a1 l1-0 l3-0)
29.939: (fly-airplane a2 l2-0 l5-0)
29.938: (fly-airplane a1 l3-0 l1-0)
29.936: (fly-airplane a0 l4-0 l0-0)
29.942: (fly-airplane a1 l1-0 l4-0)
29.938: (fly-airplane a2 l5-0 l4-0)
29.938: (fly-airplane a1 l4-0 l0-0)
29.932: (fly-airplane a2 l4-0 l1-0)
29.933: (fly-airplane a0 l0-0 l2-0)
29.934: (fly-airplane a2 l1-0 l3-0)
29.930: (fly-airplane a1 l0-0 l1-0)
29.932: (fly-airplane a0 l2-0 l5-0)
29.936: (fly-airplane a2 l3-0 l0-0)
29.934: (fly-airplane a0 l5-0 l2-0)
29.933: (fly-airplane a1 l1-0 l3-0)
29.936: (fly-airplane a2 l0-0 l4-0)
29.936: (fly-airplane a1 l3-0 l1-0)
29.938: (fly-airplane a0 l2-0 l5-0)
29.939: (fly-airplane a1 l1-0 l3-0)
29.932: (fly-airplane a2 l4-0 l1-0)
29.936: (fly-airplane a2 l1-0 l0-0)
29.942: (fly-airplane a1 l3-0 l4-0)
29.938: (fly-airplane a0 l5-0 l4-0)
29.938: (fly-airplane a1 l4-0 l0-0)
29.938: (fly-airplane a2 l0-0 l4-0)
29.940: (fly-airplane a0 l4-0 l2-0)
29.942: (fly-airplane a0 l2-0 l5-0)
29.936: (fly-airplane a2 l4-0 l1-0)
29.936: (fly-airplane a2 l1-0 l3-0)
29.938: (fly-airplane a1 l0-0 l4-0)
29.936: (fly-airplane a0 l5-0 l2-0)
29.936: (fly-airplane a2 l3-0 l1-0)
29.938: (fly-airplane a0 l2-0 l5-0)
29.956: (fly-airplane a1 l4-0 l5-0)
29.936: (fly-airplane a0 l5-0 l0-0)
29.933: (fly-airplane a1 l5-0 l2-0)
29.934: (fly-airplane a2 l1-0 l3-0)
29.930: (fly-airplane a0 l0-0 l1-0)
29.932: (fly-airplane a1 l2-0 l5-0)
29.936: (fly-airplane a2 l3-0 l0-0)
29.933: (fly-airplane a1 l5-0 l2-0)
29.933: (fly-airplane a0 l1-0 l3-0)
29.936: (fly-airplane a2 l0-0 l4-0)
29.936: (fly-airplane a0 l3-0 l1-0)
29.938: (fly-airplane a1 l2-0 l5-0)
29.938: (fly-airplane a0 l1-0 l3-0)
29.942: (fly-airplane a0 l3-0 l0-0)
29.936: (fly-airplane a2 l4-0 l3-0)
29.939: (fly-airplane a0 l0-0 l4-0)
29.936: (fly-airplane a1 l5-0 l2-0)
29.936: (fly-airplane a2 l3-0 l1-0)
29.938: (fly-airplane a1 l2-0 l5-0)
29.942: (fly-airplane a2 l1-0 l0-0)
29.940: (fly-airplane a1 l5-0 l2-0)
29.961: (fly-airplane a0 l4-0 l0-0)
29.938: (fly-airplane a1 l2-0 l4-0)
29.940: (fly-airplane a0 l0-0 l2-0)
29.961: (fly-airplane a1 l4-0 l0-0)
29.959: (fly-airplane a0 l2-0 l0-0)
29.961: (fly-airplane a2 l0-0 l2-0)
29.940: (fly-airplane a1 l0-0 l4-0)
29.936: (fly-airplane a0 l0-0 l1-0)
29.938: (fly-airplane a2 l2-0 l5-0)
29.936: (fly-airplane a1 l4-0 l0-0)
29.942: (fly-airplane a0 l1-0 l4-0)
29.940: (fly-airplane a2 l5-0 l2-0)
29.963: (fly-airplane a0 l4-0 l2-0)
29.960: (fly-airplane a1 l0-0 l1-0)
29.957: (fly-airplane a2 l2-0 l1-0)
29.955: (fly-airplane a0 l2-0 l1-0)
29.957: (fly-airplane a1 l1-0 l2-0)
29.960: (fly-airplane a2 l1-0 l2-0)
29.957: (fly-airplane a1 l2-0 l1-0)
29.960: (fly-airplane a2 l2-0 l5-0)
29.956: (fly-airplane a1 l1-0 l5-0)
29.956: (fly-airplane a0 l1-0 l3-0)
29.939: (fly-airplane a1 l5-0 l4-0)
29.960: (fly-airplane a1 l4-0 l3-0)
29.955: (fly-airplane a2 l5-0 l3-0)
29.957: (fly-airplane a2 l3-0 l2-0)
29.960: (fly-airplane a1 l3-0 l2-0)
29.957: (fly-airplane a2 l2-0 l3-0)
29.960: (fly-airplane a0 l3-0 l2-0)
29.957: (fly-airplane a1 l2-0 l3-0)
29.960: (fly-airplane a0 l2-0 l5-0)
29.956: (fly-airplane a2 l3-0 l5-0)
29.956: (fly-airplane a1 l3-0 l1-0)
29.960: (fly-airplane a2 l5-0 l1-0)
29.962: (fly-airplane a1 l1-0 l2-0)
29.960: (fly-airplane a0 l5-0 l2-0)
29.962: (fly-airplane a1 l2-0 l5-0)
29.960: (fly-airplane a0 l2-0 l1-0)
29.962: (fly-airplane a2 l1-0 l2-0)
29.962: (fly-airplane a0 l1-0 l3-0)
29.960: (fly-airplane a2 l2-0 l3-0)
29.956: (fly-airplane a0 l3-0 l5-0)
29.959: (fly-airplane a2 l3-0 l0-0)
29.962: (fly-airplane a2 l0-0 l4-0)
29.966: (fly-airplane a0 l5-0 l4-0)
29.962: (fly-airplane a1 l5-0 l4-0)
29.964: (fly-airplane a0 l4-0 l2-0)
29.966: (fly-airplane a2 l4-0 l2-0)
29.964: (fly-airplane a0 l2-0 l4-0)
29.966: (fly-airplane a1 l4-0 l2-0)
29.963: (fly-airplane a0 l4-0 l0-0)
29.940: (fly-airplane a2 l2-0 l4-0)
29.964: (fly-airplane a0 l0-0 l4-0)
29.966: (fly-airplane a0 l4-0 l2-0)
29.963: (fly-airplane a2 l4-0 l0-0)
29.965: (fly-airplane a1 l2-0 l5-0)
29.962: (fly-airplane a2 l0-0 l3-0)
29.968: (fly-airplane a2 l3-0 l4-0)
29.986: (fly-airplane a2 l4-0 l5-0)
29.960: (fly-airplane a0 l2-0 l0-0)
29.962: (fly-airplane a0 l0-0 l4-0)
29.966: (fly-airplane a1 l5-0 l4-0)
29.962: (fly-airplane a0 l4-0 l5-0)
29.960: (fly-airplane a1 l4-0 l0-0)
29.963: (fly-airplane a0 l5-0 l0-0)
29.965: (fly-airplane a1 l0-0 l2-0)
29.962: (fly-airplane a0 l0-0 l3-0)
29.962: (fly-airplane a0 l3-0 l1-0)
29.968: (fly-airplane a0 l1-0 l4-0)
29.986: (fly-airplane a0 l4-0 l5-0)
29.962: (fly-airplane a2 l5-0 l3-0)
29.965: (fly-airplane a2 l3-0 l0-0)
29.964: (fly-airplane a1 l2-0 l0-0)
29.965: (fly-airplane a2 l0-0 l2-0)
29.962: (fly-airplane a1 l0-0 l3-0)
29.962: (fly-airplane a1 l3-0 l1-0)
29.968: (fly-airplane a1 l1-0 l4-0)
29.966: (fly-airplane a2 l2-0 l4-0)
29.968: (fly-airplane a1 l4-0 l2-0)
29.991: (fly-airplane a2 l4-0 l2-0)
29.986: (fly-airplane a1 l2-0 l5-0)
29.965: (fly-airplane a0 l5-0 l0-0)
29.964: (fly-airplane a2 l2-0 l0-0)
30.096: (drive-truck t2 l2-2 l2-1 c2)
30.067: (fly-airplane a1 l5-0 l1-0)
30.039: (fly-airplane a0 l0-0 l3-0)
30.042: (fly-airplane a2 l0-0 l4-0)
30.045: (fly-airplane a1 l1-0 l0-0)
30.039: (fly-airplane a2 l4-0 l1-0)
30.042: (fly-airplane a1 l0-0 l4-0)
30.045: (fly-airplane a0 l3-0 l0-0)
30.039: (fly-airplane a1 l4-0 l3-0)
30.042: (fly-airplane a0 l0-0 l4-0)
30.045: (fly-airplane a1 l3-0 l0-0)
30.045: (fly-airplane a2 l1-0 l3-0)
30.039: (fly-airplane a0 l4-0 l1-0)
30.042: (fly-airplane a1 l0-0 l4-0)
30.045: (fly-airplane a2 l3-0 l0-0)
30.039: (fly-airplane a1 l4-0 l3-0)
30.042: (fly-airplane a2 l0-0 l4-0)
30.045: (fly-airplane a1 l3-0 l0-0)
30.066: (fly-airplane a2 l4-0 l1-0)
30.063: (fly-airplane a1 l0-0 l3-0)
30.063: (fly-airplane a0 l1-0 l3-0)
30.063: (fly-airplane a1 l3-0 l1-0)
30.063: (fly-airplane a2 l1-0 l3-0)
30.039: (fly-airplane a0 l3-0 l0-0)
30.042: (fly-airplane a0 l0-0 l4-0)
30.045: (fly-airplane a2 l3-0 l0-0)
30.045: (fly-airplane a1 l1-0 l3-0)
30.066: (fly-airplane a0 l4-0 l3-0)
30.045: (fly-airplane a1 l3-0 l4-0)
30.067: (fly-airplane a1 l4-0 l0-0)
30.066: (fly-airplane a2 l0-0 l3-0)
30.067: (fly-airplane a0 l3-0 l0-0)
30.045: (fly-airplane a1 l0-0 l4-0)
30.066: (fly-airplane a1 l4-0 l3-0)
30.045: (fly-airplane a2 l3-0 l4-0)
30.045: (fly-airplane a1 l3-0 l1-0)
30.066: (fly-airplane a2 l4-0 l1-0)
30.067: (fly-airplane a1 l1-0 l0-0)
30.068: (fly-airplane a1 l0-0 l2-0)
30.064: (fly-airplane a0 l0-0 l3-0)
30.065: (fly-airplane a1 l2-0 l5-0)
30.068: (fly-airplane a2 l1-0 l0-0)
30.068: (fly-airplane a1 l5-0 l2-0)
30.068: (fly-airplane a0 l3-0 l1-0)
30.065: (fly-airplane a2 l0-0 l3-0)
30.063: (fly-airplane a1 l2-0 l3-0)
30.063: (fly-airplane a1 l3-0 l1-0)
30.065: (fly-airplane a0 l1-0 l2-0)
30.065: (fly-airplane a0 l2-0 l5-0)
30.068: (fly-airplane a2 l3-0 l0-0)
30.066: (fly-airplane a0 l5-0 l1-0)
30.067: (fly-airplane a1 l1-0 l0-0)
30.068: (fly-airplane a2 l0-0 l2-0)
30.064: (fly-airplane a1 l0-0 l3-0)
30.065: (fly-airplane a2 l2-0 l5-0)
30.068: (fly-airplane a0 l1-0 l0-0)
30.067: (fly-airplane a2 l5-0 l0-0)
30.068: (fly-airplane a0 l0-0 l2-0)
30.064: (fly-airplane a2 l0-0 l1-0)
30.065: (fly-airplane a0 l2-0 l5-0)
30.068: (fly-airplane a1 l3-0 l0-0)
30.068: (fly-airplane a0 l5-0 l2-0)
30.068: (fly-airplane a2 l1-0 l3-0)
30.069: (fly-airplane a0 l2-0 l5-0)
30.071: (fly-airplane a1 l0-0 l4-0)
30.069: (fly-airplane a0 l5-0 l3-0)
30.069: (fly-airplane a2 l3-0 l4-0)
30.069: (fly-airplane a1 l4-0 l3-0)
30.069: (fly-airplane a0 l3-0 l4-0)
30.069: (fly-airplane a2 l4-0 l3-0)
30.069: (fly-airplane a1 l3-0 l4-0)
30.069: (fly-airplane a2 l3-0 l1-0)
30.069: (fly-airplane a0 l4-0 l1-0)
30.069: (fly-airplane a2 l1-0 l4-0)
30.069: (fly-airplane a1 l4-0 l1-0)
30.069: (fly-airplane a0 l1-0 l4-0)
30.069: (fly-airplane a2 l4-0 l1-0)
30.071: (fly-airplane a2 l1-0 l2-0)
30.065: (fly-airplane a0 l4-0 l3-0)
30.065: (fly-airplane a2 l2-0 l5-0)
30.068: (fly-airplane a1 l1-0 l0-0)
30.068: (fly-airplane a2 l5-0 l2-0)
30.070: (fly-airplane a1 l0-0 l4-0)
30.071: (fly-airplane a0 l3-0 l1-0)
30.071: (fly-airplane a2 l2-0 l5-0)
30.068: (fly-airplane a1 l4-0 l0-0)
30.075: (fly-airplane a0 l1-0 l4-0)
30.071: (fly-airplane a1 l0-0 l3-0)
30.071: (fly-airplane a2 l5-0 l2-0)
30.068: (fly-airplane a0 l4-0 l0-0)
30.068: (fly-airplane a1 l3-0 l1-0)
30.068: (fly-airplane a2 l2-0 l5-0)
30.071: (fly-airplane a0 l0-0 l4-0)
30.089: (fly-airplane a0 l4-0 l5-0)
30.071: (fly-airplane a2 l5-0 l4-0)
30.071: (fly-airplane a0 l5-0 l2-0)
30.068: (fly-airplane a2 l4-0 l0-0)
30.074: (fly-airplane a1 l1-0 l4-0)
30.071: (fly-airplane a2 l0-0 l1-0)
30.071: (fly-airplane a2 l1-0 l3-0)
30.092: (fly-airplane a1 l4-0 l3-0)
30.070: (fly-airplane a2 l3-0 l4-0)
30.071: (fly-airplane a0 l2-0 l5-0)
30.069: (fly-airplane a2 l4-0 l0-0)
30.075: (fly-airplane a1 l3-0 l4-0)
30.071: (fly-airplane a2 l0-0 l1-0)
30.089: (fly-airplane a1 l4-0 l5-0)
30.068: (fly-airplane a0 l5-0 l0-0)
30.069: (fly-airplane a2 l1-0 l3-0)
30.065: (fly-airplane a0 l0-0 l1-0)
30.068: (fly-airplane a2 l3-0 l0-0)
30.071: (fly-airplane a2 l0-0 l4-0)
30.071: (fly-airplane a1 l5-0 l2-0)
30.071: (fly-airplane a0 l1-0 l3-0)
30.071: (fly-airplane a1 l2-0 l5-0)
30.075: (fly-airplane a0 l3-0 l0-0)
30.073: (fly-airplane a1 l5-0 l4-0)
30.073: (fly-airplane a2 l4-0 l0-0)
30.073: (fly-airplane a0 l0-0 l4-0)
30.073: (fly-airplane a1 l4-0 l0-0)
30.073: (fly-airplane a2 l0-0 l4-0)
30.073: (fly-airplane a0 l4-0 l0-0)
30.074: (fly-airplane a1 l0-0 l2-0)
30.068: (fly-airplane a2 l4-0 l3-0)
30.071: (fly-airplane a0 l0-0 l4-0)
30.071: (fly-airplane a2 l3-0 l1-0)
30.071: (fly-airplane a1 l2-0 l5-0)
30.071: (fly-airplane a2 l1-0 l3-0)
Failed to find a solution!
