/u/ibrahim.eisawy/Neural-Guided-Search/venv/lib/python3.10/site-packages/pymimir_rgnn/model.py:151: UserWarning: index_reduce() is in beta and the API may change at any time. (Triggered internally at /pytorch/aten/src/ATen/native/cuda/Indexing.cu:1541.)
  max_msg.index_reduce_(0, output_indices, output_messages, reduce='amax', include_self=True)
Torch: 2.12.0+cu130
Using GPU:  NVIDIA L40S
15.567: (switch_on instrument1 satellite0)
12.813: (turn_to satellite0 star5 planet13)
7.992: (calibrate satellite0 instrument1 star5)
7.071: (turn_to satellite0 star10 star5)
6.174: (take_image satellite0 star10 instrument1 image2)
5.389: (turn_to satellite0 phenomenon11 star10)
4.106: (take_image satellite0 phenomenon11 instrument1 infrared1)
3.366: (turn_to satellite0 planet13 phenomenon11)
2.691: (take_image satellite0 planet13 instrument1 spectrograph0)
1.990: (turn_to satellite0 phenomenon14 planet13)
1.537: (take_image satellite0 phenomenon14 instrument1 spectrograph0)
0.774: (turn_to satellite0 star12 phenomenon14)
0.025: (take_image satellite0 star12 instrument1 spectrograph0)
[Final] Expanded: 13, Generated: 242
Found a solution of length 13!
   1: (switch_on instrument1 satellite0)
   2: (turn_to satellite0 star5 planet13)
   3: (calibrate satellite0 instrument1 star5)
   4: (turn_to satellite0 star10 star5)
   5: (take_image satellite0 star10 instrument1 image2)
   6: (turn_to satellite0 phenomenon11 star10)
   7: (take_image satellite0 phenomenon11 instrument1 infrared1)
   8: (turn_to satellite0 planet13 phenomenon11)
   9: (take_image satellite0 planet13 instrument1 spectrograph0)
  10: (turn_to satellite0 phenomenon14 planet13)
  11: (take_image satellite0 phenomenon14 instrument1 spectrograph0)
  12: (turn_to satellite0 star12 phenomenon14)
  13: (take_image satellite0 star12 instrument1 spectrograph0)
