/u/ibrahim.eisawy/Neural-Guided-Search/venv/lib/python3.10/site-packages/pymimir_rgnn/model.py:151: UserWarning: index_reduce() is in beta and the API may change at any time. (Triggered internally at /pytorch/aten/src/ATen/native/cuda/Indexing.cu:1541.)
  max_msg.index_reduce_(0, output_indices, output_messages, reduce='amax', include_self=True)
Torch: 2.12.0+cu130
Using GPU:  NVIDIA L40S
21.679: (switch_on instrument1 satellite1)
19.594: (turn_to satellite1 star2 planet21)
15.676: (calibrate satellite1 instrument1 star2)
14.415: (switch_on instrument0 satellite0)
13.605: (turn_to satellite1 star17 star2)
12.983: (take_image satellite1 star17 instrument1 infrared2)
12.195: (turn_to satellite1 phenomenon22 star17)
11.191: (take_image satellite1 phenomenon22 instrument1 infrared2)
10.434: (turn_to satellite1 planet21 phenomenon22)
9.464: (take_image satellite1 planet21 instrument1 thermograph1)
8.766: (turn_to satellite1 planet15 planet21)
8.132: (take_image satellite1 planet15 instrument1 thermograph1)
7.357: (turn_to satellite1 star19 planet15)
6.847: (take_image satellite1 star19 instrument1 thermograph1)
6.414: (turn_to satellite1 planet20 star19)
5.530: (take_image satellite1 planet20 instrument1 thermograph1)
5.281: (turn_to satellite0 star0 planet20)
3.042: (calibrate satellite0 instrument0 star0)
2.291: (turn_to satellite0 star16 star0)
1.521: (turn_to satellite1 planet18 planet20)
0.866: (take_image satellite0 star16 instrument0 spectrograph0)
0.573: (turn_to satellite0 planet18 star16)
-0.001: (take_image satellite0 planet18 instrument0 spectrograph0)
[Final] Expanded: 23, Generated: 1161
Found a solution of length 23!
   1: (switch_on instrument1 satellite1)
   2: (turn_to satellite1 star2 planet21)
   3: (calibrate satellite1 instrument1 star2)
   4: (switch_on instrument0 satellite0)
   5: (turn_to satellite1 star17 star2)
   6: (take_image satellite1 star17 instrument1 infrared2)
   7: (turn_to satellite1 phenomenon22 star17)
   8: (take_image satellite1 phenomenon22 instrument1 infrared2)
   9: (turn_to satellite1 planet21 phenomenon22)
  10: (take_image satellite1 planet21 instrument1 thermograph1)
  11: (turn_to satellite1 planet15 planet21)
  12: (take_image satellite1 planet15 instrument1 thermograph1)
  13: (turn_to satellite1 star19 planet15)
  14: (take_image satellite1 star19 instrument1 thermograph1)
  15: (turn_to satellite1 planet20 star19)
  16: (take_image satellite1 planet20 instrument1 thermograph1)
  17: (turn_to satellite0 star0 planet20)
  18: (calibrate satellite0 instrument0 star0)
  19: (turn_to satellite0 star16 star0)
  20: (turn_to satellite1 planet18 planet20)
  21: (take_image satellite0 star16 instrument0 spectrograph0)
  22: (turn_to satellite0 planet18 star16)
  23: (take_image satellite0 planet18 instrument0 spectrograph0)
