/u/ibrahim.eisawy/Neural-Guided-Search/venv/lib/python3.10/site-packages/pymimir_rgnn/model.py:151: UserWarning: index_reduce() is in beta and the API may change at any time. (Triggered internally at /pytorch/aten/src/ATen/native/cuda/Indexing.cu:1541.)
  max_msg.index_reduce_(0, output_indices, output_messages, reduce='amax', include_self=True)
Torch: 2.12.0+cu130
Using GPU:  NVIDIA L40S
22.268: (switch_on instrument2 satellite0)
20.552: (turn_to satellite0 groundstation9 star6)
16.939: (calibrate satellite0 instrument2 groundstation9)
16.086: (turn_to satellite0 star19 groundstation9)
14.921: (take_image satellite0 star19 instrument2 infrared0)
14.191: (turn_to satellite0 planet21 star19)
13.218: (take_image satellite0 planet21 instrument2 thermograph1)
12.609: (turn_to satellite0 planet16 planet21)
11.896: (take_image satellite0 planet16 instrument2 thermograph1)
11.289: (turn_to satellite0 phenomenon15 planet16)
10.731: (take_image satellite0 phenomenon15 instrument2 thermograph1)
10.034: (turn_to satellite0 star17 phenomenon15)
9.339: (take_image satellite0 star17 instrument2 thermograph1)
8.646: (turn_to satellite0 groundstation2 star17)
8.471: (turn_to satellite1 star13 groundstation3)
8.330: (switch_off instrument2 satellite0)
7.138: (switch_on instrument1 satellite0)
6.859: (turn_to satellite0 star13 groundstation2)
5.467: (calibrate satellite0 instrument1 star13)
4.548: (turn_to satellite0 planet20 star13)
3.942: (take_image satellite0 planet20 instrument1 thermograph2)
3.207: (turn_to satellite0 star22 planet20)
2.798: (take_image satellite0 star22 instrument1 thermograph2)
1.999: (turn_to satellite0 star18 star22)
1.306: (take_image satellite0 star18 instrument1 thermograph2)
0.366: (turn_to satellite0 groundstation2 star18)
[Final] Expanded: 26, Generated: 1289
Found a solution of length 26!
   1: (switch_on instrument2 satellite0)
   2: (turn_to satellite0 groundstation9 star6)
   3: (calibrate satellite0 instrument2 groundstation9)
   4: (turn_to satellite0 star19 groundstation9)
   5: (take_image satellite0 star19 instrument2 infrared0)
   6: (turn_to satellite0 planet21 star19)
   7: (take_image satellite0 planet21 instrument2 thermograph1)
   8: (turn_to satellite0 planet16 planet21)
   9: (take_image satellite0 planet16 instrument2 thermograph1)
  10: (turn_to satellite0 phenomenon15 planet16)
  11: (take_image satellite0 phenomenon15 instrument2 thermograph1)
  12: (turn_to satellite0 star17 phenomenon15)
  13: (take_image satellite0 star17 instrument2 thermograph1)
  14: (turn_to satellite0 groundstation2 star17)
  15: (turn_to satellite1 star13 groundstation3)
  16: (switch_off instrument2 satellite0)
  17: (switch_on instrument1 satellite0)
  18: (turn_to satellite0 star13 groundstation2)
  19: (calibrate satellite0 instrument1 star13)
  20: (turn_to satellite0 planet20 star13)
  21: (take_image satellite0 planet20 instrument1 thermograph2)
  22: (turn_to satellite0 star22 planet20)
  23: (take_image satellite0 star22 instrument1 thermograph2)
  24: (turn_to satellite0 star18 star22)
  25: (take_image satellite0 star18 instrument1 thermograph2)
  26: (turn_to satellite0 groundstation2 star18)
