/u/ibrahim.eisawy/Neural-Guided-Search/venv/lib/python3.10/site-packages/pymimir_rgnn/model.py:151: UserWarning: index_reduce() is in beta and the API may change at any time. (Triggered internally at /pytorch/aten/src/ATen/native/cuda/Indexing.cu:1541.)
  max_msg.index_reduce_(0, output_indices, output_messages, reduce='amax', include_self=True)
Torch: 2.12.0+cu130
Using GPU:  NVIDIA L40S
18.282: (switch_on instrument5 satellite1)
12.639: (calibrate satellite1 instrument5 groundstation14)
11.829: (turn_to satellite1 planet20 groundstation14)
10.909: (take_image satellite1 planet20 instrument5 infrared2)
10.142: (turn_to satellite1 star18 planet20)
9.161: (take_image satellite1 star18 instrument5 infrared0)
8.561: (turn_to satellite1 planet22 star18)
7.464: (take_image satellite1 planet22 instrument5 infrared0)
6.755: (turn_to satellite1 planet15 planet22)
5.955: (take_image satellite1 planet15 instrument5 spectrograph1)
5.347: (turn_to satellite1 phenomenon19 planet15)
4.809: (take_image satellite1 phenomenon19 instrument5 spectrograph1)
4.202: (turn_to satellite1 phenomenon21 phenomenon19)
3.671: (take_image satellite1 phenomenon21 instrument5 spectrograph1)
3.057: (turn_to satellite1 star17 phenomenon21)
2.532: (take_image satellite1 star17 instrument5 spectrograph1)
1.845: (turn_to satellite1 planet16 star17)
1.179: (take_image satellite1 planet16 instrument5 spectrograph1)
0.551: (turn_to satellite1 groundstation6 planet16)
[Final] Expanded: 19, Generated: 1005
Found a solution of length 19!
   1: (switch_on instrument5 satellite1)
   2: (calibrate satellite1 instrument5 groundstation14)
   3: (turn_to satellite1 planet20 groundstation14)
   4: (take_image satellite1 planet20 instrument5 infrared2)
   5: (turn_to satellite1 star18 planet20)
   6: (take_image satellite1 star18 instrument5 infrared0)
   7: (turn_to satellite1 planet22 star18)
   8: (take_image satellite1 planet22 instrument5 infrared0)
   9: (turn_to satellite1 planet15 planet22)
  10: (take_image satellite1 planet15 instrument5 spectrograph1)
  11: (turn_to satellite1 phenomenon19 planet15)
  12: (take_image satellite1 phenomenon19 instrument5 spectrograph1)
  13: (turn_to satellite1 phenomenon21 phenomenon19)
  14: (take_image satellite1 phenomenon21 instrument5 spectrograph1)
  15: (turn_to satellite1 star17 phenomenon21)
  16: (take_image satellite1 star17 instrument5 spectrograph1)
  17: (turn_to satellite1 planet16 star17)
  18: (take_image satellite1 planet16 instrument5 spectrograph1)
  19: (turn_to satellite1 groundstation6 planet16)
