/u/ibrahim.eisawy/Neural-Guided-Search/venv/lib/python3.10/site-packages/pymimir_rgnn/model.py:151: UserWarning: index_reduce() is in beta and the API may change at any time. (Triggered internally at /pytorch/aten/src/ATen/native/cuda/Indexing.cu:1541.)
  max_msg.index_reduce_(0, output_indices, output_messages, reduce='amax', include_self=True)
Torch: 2.12.0+cu130
Using GPU:  NVIDIA L40S
28.039: (switch_on instrument0 satellite0)
25.082: (turn_to satellite0 groundstation18 star7)
21.516: (calibrate satellite0 instrument0 groundstation18)
20.228: (switch_on instrument2 satellite1)
19.762: (turn_to satellite1 star8 groundstation14)
19.238: (turn_to satellite0 phenomenon26 groundstation18)
18.167: (take_image satellite0 phenomenon26 instrument0 thermograph2)
17.307: (calibrate satellite1 instrument2 star8)
16.511: (turn_to satellite0 star1 phenomenon26)
16.406: (take_image satellite1 star8 instrument2 image3)
16.360: (take_image satellite0 star1 instrument0 image3)
16.370: (take_image satellite1 star8 instrument2 thermograph1)
16.391: (take_image satellite0 star1 instrument0 thermograph2)
16.429: (take_image satellite0 star1 instrument0 infrared0)
16.469: (turn_to satellite1 groundstation18 star8)
16.382: (take_image satellite1 groundstation18 instrument2 image3)
16.393: (take_image satellite1 groundstation18 instrument2 thermograph1)
16.447: (turn_to satellite1 star8 groundstation18)
16.561: (turn_to satellite1 star11 star8)
16.461: (take_image satellite1 star11 instrument2 image3)
16.420: (turn_to satellite1 groundstation18 star11)
16.474: (turn_to satellite1 star8 groundstation18)
16.588: (turn_to satellite1 star9 star8)
16.488: (take_image satellite1 star9 instrument2 image3)
16.448: (turn_to satellite1 groundstation18 star9)
16.490: (turn_to satellite1 star11 groundstation18)
16.501: (take_image satellite1 star11 instrument2 thermograph1)
16.449: (turn_to satellite1 groundstation18 star11)
16.490: (turn_to satellite1 star9 groundstation18)
16.501: (take_image satellite1 star9 instrument2 thermograph1)
16.449: (turn_to satellite1 groundstation18 star9)
16.502: (turn_to satellite1 star8 groundstation18)
16.504: (turn_to satellite1 star11 star8)
16.698: (turn_to satellite1 groundstation2 star11)
16.619: (take_image satellite1 groundstation2 instrument2 image3)
16.463: (turn_to satellite1 groundstation18 groundstation2)
16.515: (turn_to satellite1 star8 groundstation18)
16.517: (turn_to satellite1 star11 star8)
16.515: (turn_to satellite1 star9 star11)
16.710: (turn_to satellite1 star12 star9)
16.632: (take_image satellite1 star12 instrument2 image3)
16.476: (turn_to satellite1 groundstation18 star12)
16.528: (turn_to satellite1 star8 groundstation18)
16.531: (turn_to satellite1 star11 star8)
16.529: (turn_to satellite1 star9 star11)
16.630: (turn_to satellite1 groundstation2 star9)
16.636: (take_image satellite1 groundstation2 instrument2 thermograph1)
16.476: (turn_to satellite1 groundstation18 groundstation2)
16.529: (turn_to satellite1 star8 groundstation18)
16.531: (turn_to satellite1 star11 star8)
16.529: (turn_to satellite1 star9 star11)
16.630: (turn_to satellite1 star12 star9)
16.634: (take_image satellite1 star12 instrument2 thermograph1)
16.476: (turn_to satellite1 groundstation18 star12)
16.529: (turn_to satellite1 star11 groundstation18)
16.529: (turn_to satellite1 star9 star11)
16.529: (turn_to satellite1 star8 star9)
16.635: (turn_to satellite1 groundstation2 star8)
16.724: (turn_to satellite1 groundstation19 groundstation2)
16.645: (take_image satellite1 groundstation19 instrument2 image3)
16.489: (turn_to satellite1 groundstation18 groundstation19)
16.542: (turn_to satellite1 star9 groundstation18)
16.542: (turn_to satellite1 star8 star9)
16.545: (turn_to satellite1 star11 star8)
16.648: (turn_to satellite1 star12 star11)
16.648: (turn_to satellite1 groundstation2 star12)
16.738: (turn_to satellite1 groundstation6 groundstation2)
16.658: (take_image satellite1 groundstation6 instrument2 image3)
16.503: (turn_to satellite1 groundstation18 groundstation6)
16.556: (turn_to satellite1 star9 groundstation18)
16.556: (turn_to satellite1 star11 star9)
16.556: (turn_to satellite1 star8 star11)
16.656: (turn_to satellite1 groundstation19 star8)
16.661: (turn_to satellite1 star12 groundstation19)
16.662: (turn_to satellite1 groundstation2 star12)
16.751: (turn_to satellite1 groundstation5 groundstation2)
16.672: (take_image satellite1 groundstation5 instrument2 image3)
16.517: (turn_to satellite1 groundstation18 groundstation5)
16.569: (turn_to satellite1 star8 groundstation18)
16.572: (turn_to satellite1 star11 star8)
16.569: (turn_to satellite1 star9 star11)
16.670: (turn_to satellite1 groundstation19 star9)
16.671: (turn_to satellite1 groundstation6 groundstation19)
16.674: (turn_to satellite1 star12 groundstation6)
16.675: (turn_to satellite1 groundstation2 star12)
16.764: (turn_to satellite1 star7 groundstation2)
16.685: (take_image satellite1 star7 instrument2 image3)
16.530: (turn_to satellite1 groundstation18 star7)
16.583: (turn_to satellite1 star11 groundstation18)
16.583: (turn_to satellite1 star8 star11)
16.585: (turn_to satellite1 star9 star8)
16.683: (turn_to satellite1 groundstation19 star9)
16.684: (turn_to satellite1 groundstation6 groundstation19)
16.684: (turn_to satellite1 groundstation5 groundstation6)
16.687: (turn_to satellite1 star12 groundstation5)
16.688: (turn_to satellite1 groundstation2 star12)
16.777: (turn_to satellite1 star17 groundstation2)
16.699: (take_image satellite1 star17 instrument2 image3)
16.544: (turn_to satellite1 groundstation18 star17)
16.596: (turn_to satellite1 star8 groundstation18)
16.599: (turn_to satellite1 star9 star8)
16.596: (turn_to satellite1 star11 star9)
16.696: (turn_to satellite1 groundstation19 star11)
16.697: (turn_to satellite1 groundstation6 groundstation19)
16.697: (turn_to satellite1 star7 groundstation6)
16.697: (turn_to satellite1 groundstation5 star7)
16.701: (turn_to satellite1 star12 groundstation5)
16.701: (turn_to satellite1 groundstation2 star12)
16.791: (turn_to satellite1 groundstation10 groundstation2)
16.713: (take_image satellite1 groundstation10 instrument2 image3)
16.558: (turn_to satellite1 groundstation18 groundstation10)
16.610: (turn_to satellite1 star11 groundstation18)
16.610: (turn_to satellite1 star8 star11)
16.612: (turn_to satellite1 star9 star8)
16.709: (turn_to satellite1 star17 star9)
16.710: (turn_to satellite1 groundstation19 star17)
16.710: (turn_to satellite1 groundstation5 groundstation19)
16.710: (turn_to satellite1 groundstation6 groundstation5)
16.710: (turn_to satellite1 star7 groundstation6)
16.714: (turn_to satellite1 star12 star7)
16.715: (turn_to satellite1 groundstation2 star12)
16.804: (turn_to satellite1 groundstation4 groundstation2)
16.726: (take_image satellite1 groundstation4 instrument2 image3)
16.572: (turn_to satellite1 groundstation18 groundstation4)
16.623: (turn_to satellite1 star8 groundstation18)
16.625: (turn_to satellite1 star9 star8)
16.623: (turn_to satellite1 star11 star9)
16.723: (turn_to satellite1 star17 star11)
16.723: (turn_to satellite1 groundstation19 star17)
16.723: (turn_to satellite1 groundstation6 groundstation19)
16.723: (turn_to satellite1 star7 groundstation6)
16.723: (turn_to satellite1 groundstation10 star7)
16.723: (turn_to satellite1 groundstation5 groundstation10)
16.727: (turn_to satellite1 star12 groundstation5)
16.728: (turn_to satellite1 groundstation2 star12)
16.818: (turn_to satellite1 star3 groundstation2)
16.740: (take_image satellite1 star3 instrument2 image3)
16.586: (turn_to satellite1 groundstation18 star3)
16.637: (turn_to satellite1 star8 groundstation18)
16.639: (turn_to satellite1 star9 star8)
16.637: (turn_to satellite1 star11 star9)
16.736: (turn_to satellite1 star17 star11)
16.736: (turn_to satellite1 groundstation19 star17)
16.736: (turn_to satellite1 groundstation5 groundstation19)
16.736: (turn_to satellite1 groundstation4 groundstation5)
16.736: (turn_to satellite1 groundstation6 groundstation4)
16.736: (turn_to satellite1 star7 groundstation6)
16.736: (turn_to satellite1 groundstation10 star7)
16.741: (turn_to satellite1 star12 groundstation10)
16.741: (turn_to satellite1 groundstation2 star12)
16.831: (turn_to satellite1 star16 groundstation2)
16.753: (take_image satellite1 star16 instrument2 image3)
16.599: (turn_to satellite1 groundstation18 star16)
16.650: (turn_to satellite1 star11 groundstation18)
16.650: (turn_to satellite1 star8 star11)
16.652: (turn_to satellite1 star9 star8)
16.749: (turn_to satellite1 star17 star9)
16.750: (turn_to satellite1 star3 star17)
16.750: (turn_to satellite1 groundstation4 star3)
16.750: (turn_to satellite1 groundstation5 groundstation4)
16.750: (turn_to satellite1 groundstation6 groundstation5)
16.750: (turn_to satellite1 star7 groundstation6)
16.750: (turn_to satellite1 groundstation10 star7)
16.750: (turn_to satellite1 groundstation19 groundstation10)
16.754: (turn_to satellite1 star12 groundstation19)
16.754: (turn_to satellite1 groundstation2 star12)
16.844: (turn_to satellite1 groundstation13 groundstation2)
16.767: (take_image satellite1 groundstation13 instrument2 image3)
16.613: (turn_to satellite1 groundstation18 groundstation13)
16.664: (turn_to satellite1 star11 groundstation18)
16.664: (turn_to satellite1 star9 star11)
16.664: (turn_to satellite1 star8 star9)
16.762: (turn_to satellite1 star17 star8)
16.763: (turn_to satellite1 star3 star17)
16.763: (turn_to satellite1 groundstation4 star3)
16.763: (turn_to satellite1 groundstation5 groundstation4)
16.763: (turn_to satellite1 groundstation6 groundstation5)
16.763: (turn_to satellite1 star7 groundstation6)
16.763: (turn_to satellite1 groundstation10 star7)
16.763: (turn_to satellite1 star16 groundstation10)
16.763: (turn_to satellite1 groundstation19 star16)
16.767: (turn_to satellite1 star12 groundstation19)
16.768: (turn_to satellite1 groundstation2 star12)
16.857: (turn_to satellite1 groundstation14 groundstation2)
16.780: (take_image satellite1 groundstation14 instrument2 image3)
16.624: (turn_to satellite1 groundstation18 groundstation14)
16.677: (turn_to satellite1 star11 groundstation18)
16.677: (turn_to satellite1 star9 star11)
16.677: (turn_to satellite1 star8 star9)
16.775: (turn_to satellite1 star17 star8)
16.776: (turn_to satellite1 groundstation10 star17)
16.776: (turn_to satellite1 groundstation4 groundstation10)
16.776: (turn_to satellite1 groundstation5 groundstation4)
16.776: (turn_to satellite1 groundstation6 groundstation5)
16.776: (turn_to satellite1 star7 groundstation6)
16.776: (turn_to satellite1 star3 star7)
16.776: (turn_to satellite1 star16 star3)
16.776: (turn_to satellite1 groundstation13 star16)
16.776: (turn_to satellite1 groundstation19 groundstation13)
16.780: (turn_to satellite1 star12 groundstation19)
16.781: (turn_to satellite1 groundstation2 star12)
16.870: (turn_to satellite1 groundstation15 groundstation2)
16.794: (take_image satellite1 groundstation15 instrument2 image3)
16.641: (turn_to satellite1 groundstation18 groundstation15)
16.691: (turn_to satellite1 star9 groundstation18)
16.691: (turn_to satellite1 star8 star9)
16.692: (turn_to satellite1 star11 star8)
16.789: (turn_to satellite1 star17 star11)
16.789: (turn_to satellite1 groundstation4 star17)
16.789: (turn_to satellite1 groundstation5 groundstation4)
16.789: (turn_to satellite1 groundstation6 groundstation5)
16.789: (turn_to satellite1 star7 groundstation6)
16.789: (turn_to satellite1 groundstation10 star7)
16.789: (turn_to satellite1 star3 groundstation10)
16.789: (turn_to satellite1 star16 star3)
16.789: (turn_to satellite1 groundstation14 star16)
16.789: (turn_to satellite1 groundstation19 groundstation14)
16.789: (turn_to satellite1 groundstation13 groundstation19)
16.793: (turn_to satellite1 star12 groundstation13)
16.794: (turn_to satellite1 groundstation2 star12)
16.886: (turn_to satellite1 star0 groundstation2)
16.808: (take_image satellite1 star0 instrument2 image3)
16.655: (turn_to satellite1 groundstation18 star0)
16.704: (turn_to satellite1 star8 groundstation18)
16.706: (turn_to satellite1 star11 star8)
16.704: (turn_to satellite1 star9 star11)
16.802: (turn_to satellite1 groundstation4 star9)
16.802: (turn_to satellite1 groundstation5 groundstation4)
16.802: (turn_to satellite1 star7 groundstation5)
16.802: (turn_to satellite1 groundstation6 star7)
16.802: (turn_to satellite1 groundstation10 groundstation6)
16.802: (turn_to satellite1 star16 groundstation10)
16.802: (turn_to satellite1 star3 star16)
16.803: (turn_to satellite1 star17 star3)
16.803: (turn_to satellite1 groundstation14 star17)
16.802: (turn_to satellite1 groundstation19 groundstation14)
16.803: (turn_to satellite1 groundstation13 groundstation19)
16.803: (turn_to satellite1 groundstation15 groundstation13)
16.806: (turn_to satellite1 star12 groundstation15)
16.807: (turn_to satellite1 groundstation2 star12)
17.007: (turn_to satellite1 star28 groundstation2)
16.886: (take_image satellite1 star28 instrument2 image3)
16.588: (turn_to satellite1 groundstation18 star28)
16.643: (turn_to satellite1 star8 groundstation18)
16.639: (turn_to satellite1 star11 star8)
16.643: (turn_to satellite1 star9 star11)
16.738: (turn_to satellite1 star0 star9)
16.738: (turn_to satellite1 groundstation19 star0)
16.739: (turn_to satellite1 groundstation10 groundstation19)
16.739: (turn_to satellite1 groundstation4 groundstation10)
16.739: (turn_to satellite1 groundstation5 groundstation4)
16.739: (turn_to satellite1 star7 groundstation5)
16.739: (turn_to satellite1 groundstation6 star7)
16.739: (turn_to satellite1 star17 groundstation6)
16.739: (turn_to satellite1 star3 star17)
16.739: (turn_to satellite1 star16 star3)
16.739: (turn_to satellite1 groundstation15 star16)
16.740: (turn_to satellite1 groundstation14 groundstation15)
16.738: (turn_to satellite1 groundstation13 groundstation14)
16.742: (turn_to satellite1 star12 groundstation13)
16.743: (turn_to satellite1 groundstation2 star12)
16.947: (turn_to satellite1 phenomenon29 groundstation2)
16.824: (take_image satellite1 phenomenon29 instrument2 image3)
16.525: (turn_to satellite1 groundstation18 phenomenon29)
16.580: (turn_to satellite1 star8 groundstation18)
16.576: (turn_to satellite1 star11 star8)
16.580: (turn_to satellite1 star9 star11)
16.675: (turn_to satellite1 star0 star9)
16.675: (turn_to satellite1 groundstation19 star0)
16.675: (turn_to satellite1 groundstation10 groundstation19)
16.675: (turn_to satellite1 groundstation5 groundstation10)
16.675: (turn_to satellite1 groundstation4 groundstation5)
16.675: (turn_to satellite1 groundstation6 groundstation4)
16.675: (turn_to satellite1 star7 groundstation6)
16.675: (turn_to satellite1 star17 star7)
16.676: (turn_to satellite1 star3 star17)
16.676: (turn_to satellite1 star16 star3)
16.676: (turn_to satellite1 groundstation15 star16)
16.676: (turn_to satellite1 groundstation14 groundstation15)
16.675: (turn_to satellite1 groundstation13 groundstation14)
16.679: (turn_to satellite1 star12 groundstation13)
16.680: (turn_to satellite1 groundstation2 star12)
16.824: (turn_to satellite1 star28 groundstation2)
16.838: (take_image satellite1 star28 instrument2 thermograph1)
16.525: (turn_to satellite1 groundstation18 star28)
16.580: (turn_to satellite1 star8 groundstation18)
16.574: (turn_to satellite1 star11 star8)
16.580: (turn_to satellite1 star9 star11)
16.673: (turn_to satellite1 groundstation19 star9)
16.674: (turn_to satellite1 groundstation10 groundstation19)
16.674: (turn_to satellite1 star17 groundstation10)
16.674: (turn_to satellite1 groundstation4 star17)
16.674: (turn_to satellite1 groundstation5 groundstation4)
16.674: (turn_to satellite1 star7 groundstation5)
16.674: (turn_to satellite1 groundstation6 star7)
16.674: (turn_to satellite1 star3 groundstation6)
16.674: (turn_to satellite1 star0 star3)
16.675: (turn_to satellite1 star16 star0)
16.675: (turn_to satellite1 groundstation15 star16)
16.675: (turn_to satellite1 groundstation13 groundstation15)
16.675: (turn_to satellite1 groundstation14 groundstation13)
16.677: (turn_to satellite1 star12 groundstation14)
16.678: (turn_to satellite1 groundstation2 star12)
16.822: (turn_to satellite1 phenomenon29 groundstation2)
16.838: (take_image satellite1 phenomenon29 instrument2 thermograph1)
16.525: (turn_to satellite1 groundstation18 phenomenon29)
16.580: (turn_to satellite1 star9 groundstation18)
16.580: (turn_to satellite1 star11 star9)
16.580: (turn_to satellite1 star8 star11)
16.673: (turn_to satellite1 groundstation19 star8)
16.673: (turn_to satellite1 groundstation10 groundstation19)
16.674: (turn_to satellite1 groundstation4 groundstation10)
16.674: (turn_to satellite1 groundstation5 groundstation4)
16.674: (turn_to satellite1 groundstation6 groundstation5)
16.674: (turn_to satellite1 star7 groundstation6)
16.674: (turn_to satellite1 star3 star7)
16.674: (turn_to satellite1 star0 star3)
16.674: (turn_to satellite1 star17 star0)
16.674: (turn_to satellite1 star16 star17)
16.675: (turn_to satellite1 groundstation15 star16)
16.675: (turn_to satellite1 groundstation14 groundstation15)
16.673: (turn_to satellite1 groundstation13 groundstation14)
16.677: (turn_to satellite1 star12 groundstation13)
16.678: (turn_to satellite1 groundstation2 star12)
16.838: (turn_to satellite1 star28 groundstation2)
16.884: (turn_to satellite1 planet30 star28)
16.759: (take_image satellite1 planet30 instrument2 image3)
16.461: (turn_to satellite1 groundstation18 planet30)
16.515: (turn_to satellite1 star9 groundstation18)
16.515: (turn_to satellite1 star8 star9)
16.510: (turn_to satellite1 star11 star8)
16.608: (turn_to satellite1 groundstation19 star11)
16.609: (turn_to satellite1 groundstation10 groundstation19)
16.609: (turn_to satellite1 star17 groundstation10)
16.610: (turn_to satellite1 groundstation4 star17)
16.610: (turn_to satellite1 groundstation5 groundstation4)
16.610: (turn_to satellite1 groundstation6 groundstation5)
16.610: (turn_to satellite1 star7 groundstation6)
16.610: (turn_to satellite1 star3 star7)
16.610: (turn_to satellite1 star0 star3)
16.611: (turn_to satellite1 star16 star0)
16.611: (turn_to satellite1 groundstation15 star16)
16.611: (turn_to satellite1 groundstation14 groundstation15)
16.609: (turn_to satellite1 groundstation13 groundstation14)
16.613: (turn_to satellite1 star12 groundstation13)
16.613: (turn_to satellite1 groundstation2 star12)
16.773: (turn_to satellite1 phenomenon29 groundstation2)
16.773: (turn_to satellite1 star28 phenomenon29)
16.826: (turn_to satellite1 star20 star28)
14.561: (take_image satellite1 star20 instrument2 thermograph1)
14.107: (turn_to satellite1 groundstation18 star20)
14.135: (turn_to satellite1 star8 groundstation18)
14.131: (turn_to satellite1 star9 star8)
14.135: (turn_to satellite1 star11 star9)
14.282: (turn_to satellite1 star12 star11)
14.282: (turn_to satellite1 groundstation2 star12)
14.306: (turn_to satellite1 star16 groundstation2)
14.283: (take_image satellite1 star16 instrument2 thermograph1)
14.107: (turn_to satellite1 groundstation18 star16)
14.135: (turn_to satellite1 star8 groundstation18)
14.131: (turn_to satellite1 star9 star8)
14.135: (turn_to satellite1 star11 star9)
14.282: (turn_to satellite1 star12 star11)
14.281: (turn_to satellite1 groundstation2 star12)
14.306: (turn_to satellite1 groundstation13 groundstation2)
14.282: (take_image satellite1 groundstation13 instrument2 thermograph1)
14.107: (turn_to satellite1 groundstation18 groundstation13)
14.135: (turn_to satellite1 star8 groundstation18)
14.131: (turn_to satellite1 star11 star8)
14.135: (turn_to satellite1 star9 star11)
14.280: (turn_to satellite1 star16 star9)
14.281: (turn_to satellite1 star12 star16)
14.281: (turn_to satellite1 groundstation2 star12)
14.306: (turn_to satellite1 groundstation14 groundstation2)
14.281: (take_image satellite1 groundstation14 instrument2 thermograph1)
14.108: (turn_to satellite1 groundstation18 groundstation14)
14.135: (turn_to satellite1 star8 groundstation18)
14.131: (turn_to satellite1 star9 star8)
14.135: (turn_to satellite1 star11 star9)
14.280: (turn_to satellite1 star16 star11)
14.280: (turn_to satellite1 groundstation13 star16)
14.281: (turn_to satellite1 star12 groundstation13)
14.281: (turn_to satellite1 groundstation2 star12)
14.306: (turn_to satellite1 groundstation15 groundstation2)
14.280: (take_image satellite1 groundstation15 instrument2 thermograph1)
14.108: (turn_to satellite1 groundstation18 groundstation15)
14.135: (turn_to satellite1 star8 groundstation18)
14.131: (turn_to satellite1 star9 star8)
14.135: (turn_to satellite1 star11 star9)
14.279: (turn_to satellite1 star16 star11)
14.279: (turn_to satellite1 groundstation13 star16)
14.279: (turn_to satellite1 groundstation14 groundstation13)
14.281: (turn_to satellite1 groundstation2 groundstation14)
14.280: (turn_to satellite1 star12 groundstation2)
14.306: (turn_to satellite1 star17 star12)
14.280: (take_image satellite1 star17 instrument2 thermograph1)
14.108: (turn_to satellite1 groundstation18 star17)
14.135: (turn_to satellite1 star8 groundstation18)
14.131: (turn_to satellite1 star9 star8)
14.135: (turn_to satellite1 star11 star9)
14.279: (turn_to satellite1 star16 star11)
14.279: (turn_to satellite1 groundstation13 star16)
14.279: (turn_to satellite1 groundstation15 groundstation13)
14.279: (turn_to satellite1 groundstation14 groundstation15)
14.281: (turn_to satellite1 groundstation2 groundstation14)
14.280: (turn_to satellite1 star12 groundstation2)
14.306: (turn_to satellite1 groundstation19 star12)
14.279: (take_image satellite1 groundstation19 instrument2 thermograph1)
14.109: (turn_to satellite1 groundstation18 groundstation19)
14.135: (turn_to satellite1 star8 groundstation18)
14.131: (turn_to satellite1 star11 star8)
14.136: (turn_to satellite1 star9 star11)
14.278: (turn_to satellite1 star16 star9)
14.278: (turn_to satellite1 groundstation14 star16)
14.280: (turn_to satellite1 groundstation2 groundstation14)
14.278: (turn_to satellite1 groundstation15 groundstation2)
14.278: (turn_to satellite1 groundstation13 groundstation15)
14.279: (turn_to satellite1 star17 groundstation13)
14.279: (turn_to satellite1 star12 star17)
14.306: (turn_to satellite1 groundstation10 star12)
14.278: (take_image satellite1 groundstation10 instrument2 thermograph1)
14.109: (turn_to satellite1 groundstation18 groundstation10)
14.136: (turn_to satellite1 star8 groundstation18)
14.131: (turn_to satellite1 star11 star8)
14.136: (turn_to satellite1 star9 star11)
14.277: (turn_to satellite1 star16 star9)
14.278: (turn_to satellite1 groundstation15 star16)
14.278: (turn_to satellite1 groundstation13 groundstation15)
14.278: (turn_to satellite1 groundstation14 groundstation13)
14.280: (turn_to satellite1 groundstation2 groundstation14)
14.278: (turn_to satellite1 star17 groundstation2)
14.278: (turn_to satellite1 groundstation19 star17)
14.279: (turn_to satellite1 star12 groundstation19)
14.305: (turn_to satellite1 star7 star12)
14.277: (take_image satellite1 star7 instrument2 thermograph1)
14.109: (turn_to satellite1 groundstation18 star7)
14.136: (turn_to satellite1 star8 groundstation18)
14.131: (turn_to satellite1 star9 star8)
14.136: (turn_to satellite1 star11 star9)
14.277: (turn_to satellite1 star16 star11)
14.277: (turn_to satellite1 groundstation15 star16)
14.277: (turn_to satellite1 groundstation13 groundstation15)
14.277: (turn_to satellite1 groundstation14 groundstation13)
14.279: (turn_to satellite1 groundstation2 groundstation14)
14.278: (turn_to satellite1 star17 groundstation2)
14.278: (turn_to satellite1 groundstation19 star17)
14.278: (turn_to satellite1 groundstation10 groundstation19)
14.279: (turn_to satellite1 star12 groundstation10)
14.305: (turn_to satellite1 groundstation5 star12)
14.277: (take_image satellite1 groundstation5 instrument2 thermograph1)
14.110: (turn_to satellite1 groundstation18 groundstation5)
14.136: (turn_to satellite1 star8 groundstation18)
14.130: (turn_to satellite1 star11 star8)
14.136: (turn_to satellite1 star9 star11)
14.277: (turn_to satellite1 star16 star9)
14.277: (turn_to satellite1 groundstation15 star16)
14.277: (turn_to satellite1 groundstation13 groundstation15)
14.277: (turn_to satellite1 groundstation14 groundstation13)
14.279: (turn_to satellite1 groundstation2 groundstation14)
14.277: (turn_to satellite1 star17 groundstation2)
14.277: (turn_to satellite1 groundstation19 star17)
14.278: (turn_to satellite1 star7 groundstation19)
14.278: (turn_to satellite1 groundstation10 star7)
14.278: (turn_to satellite1 star12 groundstation10)
14.305: (turn_to satellite1 groundstation6 star12)
14.276: (take_image satellite1 groundstation6 instrument2 thermograph1)
14.110: (turn_to satellite1 groundstation18 groundstation6)
14.136: (turn_to satellite1 star8 groundstation18)
14.130: (turn_to satellite1 star9 star8)
14.136: (turn_to satellite1 star11 star9)
14.276: (turn_to satellite1 star16 star11)
14.276: (turn_to satellite1 groundstation15 star16)
14.276: (turn_to satellite1 groundstation13 groundstation15)
14.276: (turn_to satellite1 groundstation14 groundstation13)
14.278: (turn_to satellite1 groundstation2 groundstation14)
14.277: (turn_to satellite1 star17 groundstation2)
14.277: (turn_to satellite1 groundstation19 star17)
14.278: (turn_to satellite1 star7 groundstation19)
14.278: (turn_to satellite1 groundstation10 star7)
14.278: (turn_to satellite1 groundstation5 groundstation10)
14.278: (turn_to satellite1 star12 groundstation5)
14.305: (turn_to satellite1 groundstation4 star12)
14.275: (take_image satellite1 groundstation4 instrument2 thermograph1)
14.111: (turn_to satellite1 groundstation18 groundstation4)
14.136: (turn_to satellite1 star8 groundstation18)
14.130: (turn_to satellite1 star9 star8)
14.136: (turn_to satellite1 star11 star9)
14.275: (turn_to satellite1 star16 star11)
14.276: (turn_to satellite1 groundstation15 star16)
14.276: (turn_to satellite1 groundstation13 groundstation15)
14.276: (turn_to satellite1 groundstation14 groundstation13)
14.278: (turn_to satellite1 groundstation2 groundstation14)
14.277: (turn_to satellite1 star17 groundstation2)
14.277: (turn_to satellite1 groundstation19 star17)
14.277: (turn_to satellite1 groundstation6 groundstation19)
14.277: (turn_to satellite1 star7 groundstation6)
14.277: (turn_to satellite1 groundstation5 star7)
14.277: (turn_to satellite1 groundstation10 groundstation5)
14.277: (turn_to satellite1 star12 groundstation10)
14.305: (turn_to satellite1 star3 star12)
14.274: (take_image satellite1 star3 instrument2 thermograph1)
14.111: (turn_to satellite1 groundstation18 star3)
14.137: (turn_to satellite1 star8 groundstation18)
14.130: (turn_to satellite1 star9 star8)
14.137: (turn_to satellite1 star11 star9)
14.275: (turn_to satellite1 star16 star11)
14.275: (turn_to satellite1 groundstation15 star16)
14.275: (turn_to satellite1 groundstation13 groundstation15)
14.275: (turn_to satellite1 groundstation14 groundstation13)
14.277: (turn_to satellite1 groundstation2 groundstation14)
14.276: (turn_to satellite1 star17 groundstation2)
14.276: (turn_to satellite1 groundstation19 star17)
14.277: (turn_to satellite1 groundstation6 groundstation19)
14.277: (turn_to satellite1 star7 groundstation6)
14.277: (turn_to satellite1 groundstation4 star7)
14.277: (turn_to satellite1 groundstation5 groundstation4)
14.277: (turn_to satellite1 groundstation10 groundstation5)
14.277: (turn_to satellite1 star12 groundstation10)
14.305: (turn_to satellite1 star0 star12)
14.273: (take_image satellite1 star0 instrument2 thermograph1)
14.111: (turn_to satellite1 groundstation18 star0)
14.137: (turn_to satellite1 star8 groundstation18)
14.129: (turn_to satellite1 star9 star8)
14.137: (turn_to satellite1 star11 star9)
14.274: (turn_to satellite1 star16 star11)
14.275: (turn_to satellite1 groundstation15 star16)
14.275: (turn_to satellite1 groundstation13 groundstation15)
14.275: (turn_to satellite1 groundstation14 groundstation13)
14.277: (turn_to satellite1 groundstation2 groundstation14)
14.276: (turn_to satellite1 star17 groundstation2)
14.276: (turn_to satellite1 groundstation19 star17)
14.276: (turn_to satellite1 star7 groundstation19)
14.276: (turn_to satellite1 groundstation6 star7)
14.276: (turn_to satellite1 groundstation5 groundstation6)
14.276: (turn_to satellite1 star3 groundstation5)
14.276: (turn_to satellite1 groundstation4 star3)
14.276: (turn_to satellite1 groundstation10 groundstation4)
14.277: (turn_to satellite1 star12 groundstation10)
14.476: (turn_to satellite1 phenomenon29 star12)
14.476: (turn_to satellite1 star28 phenomenon29)
14.494: (turn_to satellite1 planet30 star28)
14.478: (take_image satellite1 planet30 instrument2 thermograph1)
14.117: (turn_to satellite1 groundstation18 planet30)
14.148: (turn_to satellite1 star11 groundstation18)
14.148: (turn_to satellite1 star8 star11)
14.140: (turn_to satellite1 star9 star8)
14.295: (turn_to satellite1 star0 star9)
14.295: (turn_to satellite1 groundstation15 star0)
14.295: (turn_to satellite1 groundstation13 groundstation15)
14.295: (turn_to satellite1 groundstation14 groundstation13)
14.296: (turn_to satellite1 groundstation6 groundstation14)
14.296: (turn_to satellite1 star16 groundstation6)
14.297: (turn_to satellite1 groundstation2 star16)
14.297: (turn_to satellite1 star3 groundstation2)
14.297: (turn_to satellite1 groundstation4 star3)
14.297: (turn_to satellite1 groundstation5 groundstation4)
14.297: (turn_to satellite1 star7 groundstation5)
14.297: (turn_to satellite1 star17 star7)
14.297: (turn_to satellite1 groundstation19 star17)
14.297: (turn_to satellite1 groundstation10 groundstation19)
14.297: (turn_to satellite1 star12 groundstation10)
14.478: (turn_to satellite1 phenomenon29 star12)
14.478: (turn_to satellite1 star28 phenomenon29)
14.543: (turn_to satellite1 phenomenon31 star28)
12.910: (take_image satellite1 phenomenon31 instrument2 thermograph1)
12.439: (turn_to satellite1 phenomenon23 phenomenon31)
10.969: (take_image satellite1 phenomenon23 instrument2 thermograph1)
10.194: (turn_to satellite1 star24 phenomenon23)
9.231: (take_image satellite1 star24 instrument2 image3)
8.542: (turn_to satellite1 phenomenon25 star24)
8.014: (turn_to satellite0 star28 star1)
7.318: (take_image satellite0 star28 instrument0 thermograph2)
6.631: (turn_to satellite0 star21 star28)
6.006: (take_image satellite0 star21 instrument0 image3)
5.315: (turn_to satellite0 planet22 star21)
4.852: (take_image satellite0 planet22 instrument0 image3)
4.092: (turn_to satellite0 star27 planet22)
3.662: (take_image satellite0 star27 instrument0 image3)
3.029: (turn_to satellite0 phenomenon29 star27)
2.467: (take_image satellite1 phenomenon25 instrument2 image3)
1.739: (turn_to satellite1 planet30 phenomenon25)
1.305: (take_image satellite0 phenomenon29 instrument0 thermograph2)
1.004: (turn_to satellite0 planet30 phenomenon29)
0.451: (take_image satellite0 planet30 instrument0 thermograph2)
[Final] Expanded: 584, Generated: 41624
Found a solution of length 584!
   1: (switch_on instrument0 satellite0)
   2: (turn_to satellite0 groundstation18 star7)
   3: (calibrate satellite0 instrument0 groundstation18)
   4: (switch_on instrument2 satellite1)
   5: (turn_to satellite1 star8 groundstation14)
   6: (turn_to satellite0 phenomenon26 groundstation18)
   7: (take_image satellite0 phenomenon26 instrument0 thermograph2)
   8: (calibrate satellite1 instrument2 star8)
   9: (turn_to satellite0 star1 phenomenon26)
  10: (take_image satellite1 star8 instrument2 image3)
  11: (take_image satellite0 star1 instrument0 image3)
  12: (take_image satellite1 star8 instrument2 thermograph1)
  13: (take_image satellite0 star1 instrument0 thermograph2)
  14: (take_image satellite0 star1 instrument0 infrared0)
  15: (turn_to satellite1 groundstation18 star8)
  16: (take_image satellite1 groundstation18 instrument2 image3)
  17: (take_image satellite1 groundstation18 instrument2 thermograph1)
  18: (turn_to satellite1 star8 groundstation18)
  19: (turn_to satellite1 star11 star8)
  20: (take_image satellite1 star11 instrument2 image3)
  21: (turn_to satellite1 groundstation18 star11)
  22: (turn_to satellite1 star8 groundstation18)
  23: (turn_to satellite1 star9 star8)
  24: (take_image satellite1 star9 instrument2 image3)
  25: (turn_to satellite1 groundstation18 star9)
  26: (turn_to satellite1 star11 groundstation18)
  27: (take_image satellite1 star11 instrument2 thermograph1)
  28: (turn_to satellite1 groundstation18 star11)
  29: (turn_to satellite1 star9 groundstation18)
  30: (take_image satellite1 star9 instrument2 thermograph1)
  31: (turn_to satellite1 groundstation18 star9)
  32: (turn_to satellite1 star8 groundstation18)
  33: (turn_to satellite1 star11 star8)
  34: (turn_to satellite1 groundstation2 star11)
  35: (take_image satellite1 groundstation2 instrument2 image3)
  36: (turn_to satellite1 groundstation18 groundstation2)
  37: (turn_to satellite1 star8 groundstation18)
  38: (turn_to satellite1 star11 star8)
  39: (turn_to satellite1 star9 star11)
  40: (turn_to satellite1 star12 star9)
  41: (take_image satellite1 star12 instrument2 image3)
  42: (turn_to satellite1 groundstation18 star12)
  43: (turn_to satellite1 star8 groundstation18)
  44: (turn_to satellite1 star11 star8)
  45: (turn_to satellite1 star9 star11)
  46: (turn_to satellite1 groundstation2 star9)
  47: (take_image satellite1 groundstation2 instrument2 thermograph1)
  48: (turn_to satellite1 groundstation18 groundstation2)
  49: (turn_to satellite1 star8 groundstation18)
  50: (turn_to satellite1 star11 star8)
  51: (turn_to satellite1 star9 star11)
  52: (turn_to satellite1 star12 star9)
  53: (take_image satellite1 star12 instrument2 thermograph1)
  54: (turn_to satellite1 groundstation18 star12)
  55: (turn_to satellite1 star11 groundstation18)
  56: (turn_to satellite1 star9 star11)
  57: (turn_to satellite1 star8 star9)
  58: (turn_to satellite1 groundstation2 star8)
  59: (turn_to satellite1 groundstation19 groundstation2)
  60: (take_image satellite1 groundstation19 instrument2 image3)
  61: (turn_to satellite1 groundstation18 groundstation19)
  62: (turn_to satellite1 star9 groundstation18)
  63: (turn_to satellite1 star8 star9)
  64: (turn_to satellite1 star11 star8)
  65: (turn_to satellite1 star12 star11)
  66: (turn_to satellite1 groundstation2 star12)
  67: (turn_to satellite1 groundstation6 groundstation2)
  68: (take_image satellite1 groundstation6 instrument2 image3)
  69: (turn_to satellite1 groundstation18 groundstation6)
  70: (turn_to satellite1 star9 groundstation18)
  71: (turn_to satellite1 star11 star9)
  72: (turn_to satellite1 star8 star11)
  73: (turn_to satellite1 groundstation19 star8)
  74: (turn_to satellite1 star12 groundstation19)
  75: (turn_to satellite1 groundstation2 star12)
  76: (turn_to satellite1 groundstation5 groundstation2)
  77: (take_image satellite1 groundstation5 instrument2 image3)
  78: (turn_to satellite1 groundstation18 groundstation5)
  79: (turn_to satellite1 star8 groundstation18)
  80: (turn_to satellite1 star11 star8)
  81: (turn_to satellite1 star9 star11)
  82: (turn_to satellite1 groundstation19 star9)
  83: (turn_to satellite1 groundstation6 groundstation19)
  84: (turn_to satellite1 star12 groundstation6)
  85: (turn_to satellite1 groundstation2 star12)
  86: (turn_to satellite1 star7 groundstation2)
  87: (take_image satellite1 star7 instrument2 image3)
  88: (turn_to satellite1 groundstation18 star7)
  89: (turn_to satellite1 star11 groundstation18)
  90: (turn_to satellite1 star8 star11)
  91: (turn_to satellite1 star9 star8)
  92: (turn_to satellite1 groundstation19 star9)
  93: (turn_to satellite1 groundstation6 groundstation19)
  94: (turn_to satellite1 groundstation5 groundstation6)
  95: (turn_to satellite1 star12 groundstation5)
  96: (turn_to satellite1 groundstation2 star12)
  97: (turn_to satellite1 star17 groundstation2)
  98: (take_image satellite1 star17 instrument2 image3)
  99: (turn_to satellite1 groundstation18 star17)
 100: (turn_to satellite1 star8 groundstation18)
 101: (turn_to satellite1 star9 star8)
 102: (turn_to satellite1 star11 star9)
 103: (turn_to satellite1 groundstation19 star11)
 104: (turn_to satellite1 groundstation6 groundstation19)
 105: (turn_to satellite1 star7 groundstation6)
 106: (turn_to satellite1 groundstation5 star7)
 107: (turn_to satellite1 star12 groundstation5)
 108: (turn_to satellite1 groundstation2 star12)
 109: (turn_to satellite1 groundstation10 groundstation2)
 110: (take_image satellite1 groundstation10 instrument2 image3)
 111: (turn_to satellite1 groundstation18 groundstation10)
 112: (turn_to satellite1 star11 groundstation18)
 113: (turn_to satellite1 star8 star11)
 114: (turn_to satellite1 star9 star8)
 115: (turn_to satellite1 star17 star9)
 116: (turn_to satellite1 groundstation19 star17)
 117: (turn_to satellite1 groundstation5 groundstation19)
 118: (turn_to satellite1 groundstation6 groundstation5)
 119: (turn_to satellite1 star7 groundstation6)
 120: (turn_to satellite1 star12 star7)
 121: (turn_to satellite1 groundstation2 star12)
 122: (turn_to satellite1 groundstation4 groundstation2)
 123: (take_image satellite1 groundstation4 instrument2 image3)
 124: (turn_to satellite1 groundstation18 groundstation4)
 125: (turn_to satellite1 star8 groundstation18)
 126: (turn_to satellite1 star9 star8)
 127: (turn_to satellite1 star11 star9)
 128: (turn_to satellite1 star17 star11)
 129: (turn_to satellite1 groundstation19 star17)
 130: (turn_to satellite1 groundstation6 groundstation19)
 131: (turn_to satellite1 star7 groundstation6)
 132: (turn_to satellite1 groundstation10 star7)
 133: (turn_to satellite1 groundstation5 groundstation10)
 134: (turn_to satellite1 star12 groundstation5)
 135: (turn_to satellite1 groundstation2 star12)
 136: (turn_to satellite1 star3 groundstation2)
 137: (take_image satellite1 star3 instrument2 image3)
 138: (turn_to satellite1 groundstation18 star3)
 139: (turn_to satellite1 star8 groundstation18)
 140: (turn_to satellite1 star9 star8)
 141: (turn_to satellite1 star11 star9)
 142: (turn_to satellite1 star17 star11)
 143: (turn_to satellite1 groundstation19 star17)
 144: (turn_to satellite1 groundstation5 groundstation19)
 145: (turn_to satellite1 groundstation4 groundstation5)
 146: (turn_to satellite1 groundstation6 groundstation4)
 147: (turn_to satellite1 star7 groundstation6)
 148: (turn_to satellite1 groundstation10 star7)
 149: (turn_to satellite1 star12 groundstation10)
 150: (turn_to satellite1 groundstation2 star12)
 151: (turn_to satellite1 star16 groundstation2)
 152: (take_image satellite1 star16 instrument2 image3)
 153: (turn_to satellite1 groundstation18 star16)
 154: (turn_to satellite1 star11 groundstation18)
 155: (turn_to satellite1 star8 star11)
 156: (turn_to satellite1 star9 star8)
 157: (turn_to satellite1 star17 star9)
 158: (turn_to satellite1 star3 star17)
 159: (turn_to satellite1 groundstation4 star3)
 160: (turn_to satellite1 groundstation5 groundstation4)
 161: (turn_to satellite1 groundstation6 groundstation5)
 162: (turn_to satellite1 star7 groundstation6)
 163: (turn_to satellite1 groundstation10 star7)
 164: (turn_to satellite1 groundstation19 groundstation10)
 165: (turn_to satellite1 star12 groundstation19)
 166: (turn_to satellite1 groundstation2 star12)
 167: (turn_to satellite1 groundstation13 groundstation2)
 168: (take_image satellite1 groundstation13 instrument2 image3)
 169: (turn_to satellite1 groundstation18 groundstation13)
 170: (turn_to satellite1 star11 groundstation18)
 171: (turn_to satellite1 star9 star11)
 172: (turn_to satellite1 star8 star9)
 173: (turn_to satellite1 star17 star8)
 174: (turn_to satellite1 star3 star17)
 175: (turn_to satellite1 groundstation4 star3)
 176: (turn_to satellite1 groundstation5 groundstation4)
 177: (turn_to satellite1 groundstation6 groundstation5)
 178: (turn_to satellite1 star7 groundstation6)
 179: (turn_to satellite1 groundstation10 star7)
 180: (turn_to satellite1 star16 groundstation10)
 181: (turn_to satellite1 groundstation19 star16)
 182: (turn_to satellite1 star12 groundstation19)
 183: (turn_to satellite1 groundstation2 star12)
 184: (turn_to satellite1 groundstation14 groundstation2)
 185: (take_image satellite1 groundstation14 instrument2 image3)
 186: (turn_to satellite1 groundstation18 groundstation14)
 187: (turn_to satellite1 star11 groundstation18)
 188: (turn_to satellite1 star9 star11)
 189: (turn_to satellite1 star8 star9)
 190: (turn_to satellite1 star17 star8)
 191: (turn_to satellite1 groundstation10 star17)
 192: (turn_to satellite1 groundstation4 groundstation10)
 193: (turn_to satellite1 groundstation5 groundstation4)
 194: (turn_to satellite1 groundstation6 groundstation5)
 195: (turn_to satellite1 star7 groundstation6)
 196: (turn_to satellite1 star3 star7)
 197: (turn_to satellite1 star16 star3)
 198: (turn_to satellite1 groundstation13 star16)
 199: (turn_to satellite1 groundstation19 groundstation13)
 200: (turn_to satellite1 star12 groundstation19)
 201: (turn_to satellite1 groundstation2 star12)
 202: (turn_to satellite1 groundstation15 groundstation2)
 203: (take_image satellite1 groundstation15 instrument2 image3)
 204: (turn_to satellite1 groundstation18 groundstation15)
 205: (turn_to satellite1 star9 groundstation18)
 206: (turn_to satellite1 star8 star9)
 207: (turn_to satellite1 star11 star8)
 208: (turn_to satellite1 star17 star11)
 209: (turn_to satellite1 groundstation4 star17)
 210: (turn_to satellite1 groundstation5 groundstation4)
 211: (turn_to satellite1 groundstation6 groundstation5)
 212: (turn_to satellite1 star7 groundstation6)
 213: (turn_to satellite1 groundstation10 star7)
 214: (turn_to satellite1 star3 groundstation10)
 215: (turn_to satellite1 star16 star3)
 216: (turn_to satellite1 groundstation14 star16)
 217: (turn_to satellite1 groundstation19 groundstation14)
 218: (turn_to satellite1 groundstation13 groundstation19)
 219: (turn_to satellite1 star12 groundstation13)
 220: (turn_to satellite1 groundstation2 star12)
 221: (turn_to satellite1 star0 groundstation2)
 222: (take_image satellite1 star0 instrument2 image3)
 223: (turn_to satellite1 groundstation18 star0)
 224: (turn_to satellite1 star8 groundstation18)
 225: (turn_to satellite1 star11 star8)
 226: (turn_to satellite1 star9 star11)
 227: (turn_to satellite1 groundstation4 star9)
 228: (turn_to satellite1 groundstation5 groundstation4)
 229: (turn_to satellite1 star7 groundstation5)
 230: (turn_to satellite1 groundstation6 star7)
 231: (turn_to satellite1 groundstation10 groundstation6)
 232: (turn_to satellite1 star16 groundstation10)
 233: (turn_to satellite1 star3 star16)
 234: (turn_to satellite1 star17 star3)
 235: (turn_to satellite1 groundstation14 star17)
 236: (turn_to satellite1 groundstation19 groundstation14)
 237: (turn_to satellite1 groundstation13 groundstation19)
 238: (turn_to satellite1 groundstation15 groundstation13)
 239: (turn_to satellite1 star12 groundstation15)
 240: (turn_to satellite1 groundstation2 star12)
 241: (turn_to satellite1 star28 groundstation2)
 242: (take_image satellite1 star28 instrument2 image3)
 243: (turn_to satellite1 groundstation18 star28)
 244: (turn_to satellite1 star8 groundstation18)
 245: (turn_to satellite1 star11 star8)
 246: (turn_to satellite1 star9 star11)
 247: (turn_to satellite1 star0 star9)
 248: (turn_to satellite1 groundstation19 star0)
 249: (turn_to satellite1 groundstation10 groundstation19)
 250: (turn_to satellite1 groundstation4 groundstation10)
 251: (turn_to satellite1 groundstation5 groundstation4)
 252: (turn_to satellite1 star7 groundstation5)
 253: (turn_to satellite1 groundstation6 star7)
 254: (turn_to satellite1 star17 groundstation6)
 255: (turn_to satellite1 star3 star17)
 256: (turn_to satellite1 star16 star3)
 257: (turn_to satellite1 groundstation15 star16)
 258: (turn_to satellite1 groundstation14 groundstation15)
 259: (turn_to satellite1 groundstation13 groundstation14)
 260: (turn_to satellite1 star12 groundstation13)
 261: (turn_to satellite1 groundstation2 star12)
 262: (turn_to satellite1 phenomenon29 groundstation2)
 263: (take_image satellite1 phenomenon29 instrument2 image3)
 264: (turn_to satellite1 groundstation18 phenomenon29)
 265: (turn_to satellite1 star8 groundstation18)
 266: (turn_to satellite1 star11 star8)
 267: (turn_to satellite1 star9 star11)
 268: (turn_to satellite1 star0 star9)
 269: (turn_to satellite1 groundstation19 star0)
 270: (turn_to satellite1 groundstation10 groundstation19)
 271: (turn_to satellite1 groundstation5 groundstation10)
 272: (turn_to satellite1 groundstation4 groundstation5)
 273: (turn_to satellite1 groundstation6 groundstation4)
 274: (turn_to satellite1 star7 groundstation6)
 275: (turn_to satellite1 star17 star7)
 276: (turn_to satellite1 star3 star17)
 277: (turn_to satellite1 star16 star3)
 278: (turn_to satellite1 groundstation15 star16)
 279: (turn_to satellite1 groundstation14 groundstation15)
 280: (turn_to satellite1 groundstation13 groundstation14)
 281: (turn_to satellite1 star12 groundstation13)
 282: (turn_to satellite1 groundstation2 star12)
 283: (turn_to satellite1 star28 groundstation2)
 284: (take_image satellite1 star28 instrument2 thermograph1)
 285: (turn_to satellite1 groundstation18 star28)
 286: (turn_to satellite1 star8 groundstation18)
 287: (turn_to satellite1 star11 star8)
 288: (turn_to satellite1 star9 star11)
 289: (turn_to satellite1 groundstation19 star9)
 290: (turn_to satellite1 groundstation10 groundstation19)
 291: (turn_to satellite1 star17 groundstation10)
 292: (turn_to satellite1 groundstation4 star17)
 293: (turn_to satellite1 groundstation5 groundstation4)
 294: (turn_to satellite1 star7 groundstation5)
 295: (turn_to satellite1 groundstation6 star7)
 296: (turn_to satellite1 star3 groundstation6)
 297: (turn_to satellite1 star0 star3)
 298: (turn_to satellite1 star16 star0)
 299: (turn_to satellite1 groundstation15 star16)
 300: (turn_to satellite1 groundstation13 groundstation15)
 301: (turn_to satellite1 groundstation14 groundstation13)
 302: (turn_to satellite1 star12 groundstation14)
 303: (turn_to satellite1 groundstation2 star12)
 304: (turn_to satellite1 phenomenon29 groundstation2)
 305: (take_image satellite1 phenomenon29 instrument2 thermograph1)
 306: (turn_to satellite1 groundstation18 phenomenon29)
 307: (turn_to satellite1 star9 groundstation18)
 308: (turn_to satellite1 star11 star9)
 309: (turn_to satellite1 star8 star11)
 310: (turn_to satellite1 groundstation19 star8)
 311: (turn_to satellite1 groundstation10 groundstation19)
 312: (turn_to satellite1 groundstation4 groundstation10)
 313: (turn_to satellite1 groundstation5 groundstation4)
 314: (turn_to satellite1 groundstation6 groundstation5)
 315: (turn_to satellite1 star7 groundstation6)
 316: (turn_to satellite1 star3 star7)
 317: (turn_to satellite1 star0 star3)
 318: (turn_to satellite1 star17 star0)
 319: (turn_to satellite1 star16 star17)
 320: (turn_to satellite1 groundstation15 star16)
 321: (turn_to satellite1 groundstation14 groundstation15)
 322: (turn_to satellite1 groundstation13 groundstation14)
 323: (turn_to satellite1 star12 groundstation13)
 324: (turn_to satellite1 groundstation2 star12)
 325: (turn_to satellite1 star28 groundstation2)
 326: (turn_to satellite1 planet30 star28)
 327: (take_image satellite1 planet30 instrument2 image3)
 328: (turn_to satellite1 groundstation18 planet30)
 329: (turn_to satellite1 star9 groundstation18)
 330: (turn_to satellite1 star8 star9)
 331: (turn_to satellite1 star11 star8)
 332: (turn_to satellite1 groundstation19 star11)
 333: (turn_to satellite1 groundstation10 groundstation19)
 334: (turn_to satellite1 star17 groundstation10)
 335: (turn_to satellite1 groundstation4 star17)
 336: (turn_to satellite1 groundstation5 groundstation4)
 337: (turn_to satellite1 groundstation6 groundstation5)
 338: (turn_to satellite1 star7 groundstation6)
 339: (turn_to satellite1 star3 star7)
 340: (turn_to satellite1 star0 star3)
 341: (turn_to satellite1 star16 star0)
 342: (turn_to satellite1 groundstation15 star16)
 343: (turn_to satellite1 groundstation14 groundstation15)
 344: (turn_to satellite1 groundstation13 groundstation14)
 345: (turn_to satellite1 star12 groundstation13)
 346: (turn_to satellite1 groundstation2 star12)
 347: (turn_to satellite1 phenomenon29 groundstation2)
 348: (turn_to satellite1 star28 phenomenon29)
 349: (turn_to satellite1 star20 star28)
 350: (take_image satellite1 star20 instrument2 thermograph1)
 351: (turn_to satellite1 groundstation18 star20)
 352: (turn_to satellite1 star8 groundstation18)
 353: (turn_to satellite1 star9 star8)
 354: (turn_to satellite1 star11 star9)
 355: (turn_to satellite1 star12 star11)
 356: (turn_to satellite1 groundstation2 star12)
 357: (turn_to satellite1 star16 groundstation2)
 358: (take_image satellite1 star16 instrument2 thermograph1)
 359: (turn_to satellite1 groundstation18 star16)
 360: (turn_to satellite1 star8 groundstation18)
 361: (turn_to satellite1 star9 star8)
 362: (turn_to satellite1 star11 star9)
 363: (turn_to satellite1 star12 star11)
 364: (turn_to satellite1 groundstation2 star12)
 365: (turn_to satellite1 groundstation13 groundstation2)
 366: (take_image satellite1 groundstation13 instrument2 thermograph1)
 367: (turn_to satellite1 groundstation18 groundstation13)
 368: (turn_to satellite1 star8 groundstation18)
 369: (turn_to satellite1 star11 star8)
 370: (turn_to satellite1 star9 star11)
 371: (turn_to satellite1 star16 star9)
 372: (turn_to satellite1 star12 star16)
 373: (turn_to satellite1 groundstation2 star12)
 374: (turn_to satellite1 groundstation14 groundstation2)
 375: (take_image satellite1 groundstation14 instrument2 thermograph1)
 376: (turn_to satellite1 groundstation18 groundstation14)
 377: (turn_to satellite1 star8 groundstation18)
 378: (turn_to satellite1 star9 star8)
 379: (turn_to satellite1 star11 star9)
 380: (turn_to satellite1 star16 star11)
 381: (turn_to satellite1 groundstation13 star16)
 382: (turn_to satellite1 star12 groundstation13)
 383: (turn_to satellite1 groundstation2 star12)
 384: (turn_to satellite1 groundstation15 groundstation2)
 385: (take_image satellite1 groundstation15 instrument2 thermograph1)
 386: (turn_to satellite1 groundstation18 groundstation15)
 387: (turn_to satellite1 star8 groundstation18)
 388: (turn_to satellite1 star9 star8)
 389: (turn_to satellite1 star11 star9)
 390: (turn_to satellite1 star16 star11)
 391: (turn_to satellite1 groundstation13 star16)
 392: (turn_to satellite1 groundstation14 groundstation13)
 393: (turn_to satellite1 groundstation2 groundstation14)
 394: (turn_to satellite1 star12 groundstation2)
 395: (turn_to satellite1 star17 star12)
 396: (take_image satellite1 star17 instrument2 thermograph1)
 397: (turn_to satellite1 groundstation18 star17)
 398: (turn_to satellite1 star8 groundstation18)
 399: (turn_to satellite1 star9 star8)
 400: (turn_to satellite1 star11 star9)
 401: (turn_to satellite1 star16 star11)
 402: (turn_to satellite1 groundstation13 star16)
 403: (turn_to satellite1 groundstation15 groundstation13)
 404: (turn_to satellite1 groundstation14 groundstation15)
 405: (turn_to satellite1 groundstation2 groundstation14)
 406: (turn_to satellite1 star12 groundstation2)
 407: (turn_to satellite1 groundstation19 star12)
 408: (take_image satellite1 groundstation19 instrument2 thermograph1)
 409: (turn_to satellite1 groundstation18 groundstation19)
 410: (turn_to satellite1 star8 groundstation18)
 411: (turn_to satellite1 star11 star8)
 412: (turn_to satellite1 star9 star11)
 413: (turn_to satellite1 star16 star9)
 414: (turn_to satellite1 groundstation14 star16)
 415: (turn_to satellite1 groundstation2 groundstation14)
 416: (turn_to satellite1 groundstation15 groundstation2)
 417: (turn_to satellite1 groundstation13 groundstation15)
 418: (turn_to satellite1 star17 groundstation13)
 419: (turn_to satellite1 star12 star17)
 420: (turn_to satellite1 groundstation10 star12)
 421: (take_image satellite1 groundstation10 instrument2 thermograph1)
 422: (turn_to satellite1 groundstation18 groundstation10)
 423: (turn_to satellite1 star8 groundstation18)
 424: (turn_to satellite1 star11 star8)
 425: (turn_to satellite1 star9 star11)
 426: (turn_to satellite1 star16 star9)
 427: (turn_to satellite1 groundstation15 star16)
 428: (turn_to satellite1 groundstation13 groundstation15)
 429: (turn_to satellite1 groundstation14 groundstation13)
 430: (turn_to satellite1 groundstation2 groundstation14)
 431: (turn_to satellite1 star17 groundstation2)
 432: (turn_to satellite1 groundstation19 star17)
 433: (turn_to satellite1 star12 groundstation19)
 434: (turn_to satellite1 star7 star12)
 435: (take_image satellite1 star7 instrument2 thermograph1)
 436: (turn_to satellite1 groundstation18 star7)
 437: (turn_to satellite1 star8 groundstation18)
 438: (turn_to satellite1 star9 star8)
 439: (turn_to satellite1 star11 star9)
 440: (turn_to satellite1 star16 star11)
 441: (turn_to satellite1 groundstation15 star16)
 442: (turn_to satellite1 groundstation13 groundstation15)
 443: (turn_to satellite1 groundstation14 groundstation13)
 444: (turn_to satellite1 groundstation2 groundstation14)
 445: (turn_to satellite1 star17 groundstation2)
 446: (turn_to satellite1 groundstation19 star17)
 447: (turn_to satellite1 groundstation10 groundstation19)
 448: (turn_to satellite1 star12 groundstation10)
 449: (turn_to satellite1 groundstation5 star12)
 450: (take_image satellite1 groundstation5 instrument2 thermograph1)
 451: (turn_to satellite1 groundstation18 groundstation5)
 452: (turn_to satellite1 star8 groundstation18)
 453: (turn_to satellite1 star11 star8)
 454: (turn_to satellite1 star9 star11)
 455: (turn_to satellite1 star16 star9)
 456: (turn_to satellite1 groundstation15 star16)
 457: (turn_to satellite1 groundstation13 groundstation15)
 458: (turn_to satellite1 groundstation14 groundstation13)
 459: (turn_to satellite1 groundstation2 groundstation14)
 460: (turn_to satellite1 star17 groundstation2)
 461: (turn_to satellite1 groundstation19 star17)
 462: (turn_to satellite1 star7 groundstation19)
 463: (turn_to satellite1 groundstation10 star7)
 464: (turn_to satellite1 star12 groundstation10)
 465: (turn_to satellite1 groundstation6 star12)
 466: (take_image satellite1 groundstation6 instrument2 thermograph1)
 467: (turn_to satellite1 groundstation18 groundstation6)
 468: (turn_to satellite1 star8 groundstation18)
 469: (turn_to satellite1 star9 star8)
 470: (turn_to satellite1 star11 star9)
 471: (turn_to satellite1 star16 star11)
 472: (turn_to satellite1 groundstation15 star16)
 473: (turn_to satellite1 groundstation13 groundstation15)
 474: (turn_to satellite1 groundstation14 groundstation13)
 475: (turn_to satellite1 groundstation2 groundstation14)
 476: (turn_to satellite1 star17 groundstation2)
 477: (turn_to satellite1 groundstation19 star17)
 478: (turn_to satellite1 star7 groundstation19)
 479: (turn_to satellite1 groundstation10 star7)
 480: (turn_to satellite1 groundstation5 groundstation10)
 481: (turn_to satellite1 star12 groundstation5)
 482: (turn_to satellite1 groundstation4 star12)
 483: (take_image satellite1 groundstation4 instrument2 thermograph1)
 484: (turn_to satellite1 groundstation18 groundstation4)
 485: (turn_to satellite1 star8 groundstation18)
 486: (turn_to satellite1 star9 star8)
 487: (turn_to satellite1 star11 star9)
 488: (turn_to satellite1 star16 star11)
 489: (turn_to satellite1 groundstation15 star16)
 490: (turn_to satellite1 groundstation13 groundstation15)
 491: (turn_to satellite1 groundstation14 groundstation13)
 492: (turn_to satellite1 groundstation2 groundstation14)
 493: (turn_to satellite1 star17 groundstation2)
 494: (turn_to satellite1 groundstation19 star17)
 495: (turn_to satellite1 groundstation6 groundstation19)
 496: (turn_to satellite1 star7 groundstation6)
 497: (turn_to satellite1 groundstation5 star7)
 498: (turn_to satellite1 groundstation10 groundstation5)
 499: (turn_to satellite1 star12 groundstation10)
 500: (turn_to satellite1 star3 star12)
 501: (take_image satellite1 star3 instrument2 thermograph1)
 502: (turn_to satellite1 groundstation18 star3)
 503: (turn_to satellite1 star8 groundstation18)
 504: (turn_to satellite1 star9 star8)
 505: (turn_to satellite1 star11 star9)
 506: (turn_to satellite1 star16 star11)
 507: (turn_to satellite1 groundstation15 star16)
 508: (turn_to satellite1 groundstation13 groundstation15)
 509: (turn_to satellite1 groundstation14 groundstation13)
 510: (turn_to satellite1 groundstation2 groundstation14)
 511: (turn_to satellite1 star17 groundstation2)
 512: (turn_to satellite1 groundstation19 star17)
 513: (turn_to satellite1 groundstation6 groundstation19)
 514: (turn_to satellite1 star7 groundstation6)
 515: (turn_to satellite1 groundstation4 star7)
 516: (turn_to satellite1 groundstation5 groundstation4)
 517: (turn_to satellite1 groundstation10 groundstation5)
 518: (turn_to satellite1 star12 groundstation10)
 519: (turn_to satellite1 star0 star12)
 520: (take_image satellite1 star0 instrument2 thermograph1)
 521: (turn_to satellite1 groundstation18 star0)
 522: (turn_to satellite1 star8 groundstation18)
 523: (turn_to satellite1 star9 star8)
 524: (turn_to satellite1 star11 star9)
 525: (turn_to satellite1 star16 star11)
 526: (turn_to satellite1 groundstation15 star16)
 527: (turn_to satellite1 groundstation13 groundstation15)
 528: (turn_to satellite1 groundstation14 groundstation13)
 529: (turn_to satellite1 groundstation2 groundstation14)
 530: (turn_to satellite1 star17 groundstation2)
 531: (turn_to satellite1 groundstation19 star17)
 532: (turn_to satellite1 star7 groundstation19)
 533: (turn_to satellite1 groundstation6 star7)
 534: (turn_to satellite1 groundstation5 groundstation6)
 535: (turn_to satellite1 star3 groundstation5)
 536: (turn_to satellite1 groundstation4 star3)
 537: (turn_to satellite1 groundstation10 groundstation4)
 538: (turn_to satellite1 star12 groundstation10)
 539: (turn_to satellite1 phenomenon29 star12)
 540: (turn_to satellite1 star28 phenomenon29)
 541: (turn_to satellite1 planet30 star28)
 542: (take_image satellite1 planet30 instrument2 thermograph1)
 543: (turn_to satellite1 groundstation18 planet30)
 544: (turn_to satellite1 star11 groundstation18)
 545: (turn_to satellite1 star8 star11)
 546: (turn_to satellite1 star9 star8)
 547: (turn_to satellite1 star0 star9)
 548: (turn_to satellite1 groundstation15 star0)
 549: (turn_to satellite1 groundstation13 groundstation15)
 550: (turn_to satellite1 groundstation14 groundstation13)
 551: (turn_to satellite1 groundstation6 groundstation14)
 552: (turn_to satellite1 star16 groundstation6)
 553: (turn_to satellite1 groundstation2 star16)
 554: (turn_to satellite1 star3 groundstation2)
 555: (turn_to satellite1 groundstation4 star3)
 556: (turn_to satellite1 groundstation5 groundstation4)
 557: (turn_to satellite1 star7 groundstation5)
 558: (turn_to satellite1 star17 star7)
 559: (turn_to satellite1 groundstation19 star17)
 560: (turn_to satellite1 groundstation10 groundstation19)
 561: (turn_to satellite1 star12 groundstation10)
 562: (turn_to satellite1 phenomenon29 star12)
 563: (turn_to satellite1 star28 phenomenon29)
 564: (turn_to satellite1 phenomenon31 star28)
 565: (take_image satellite1 phenomenon31 instrument2 thermograph1)
 566: (turn_to satellite1 phenomenon23 phenomenon31)
 567: (take_image satellite1 phenomenon23 instrument2 thermograph1)
 568: (turn_to satellite1 star24 phenomenon23)
 569: (take_image satellite1 star24 instrument2 image3)
 570: (turn_to satellite1 phenomenon25 star24)
 571: (turn_to satellite0 star28 star1)
 572: (take_image satellite0 star28 instrument0 thermograph2)
 573: (turn_to satellite0 star21 star28)
 574: (take_image satellite0 star21 instrument0 image3)
 575: (turn_to satellite0 planet22 star21)
 576: (take_image satellite0 planet22 instrument0 image3)
 577: (turn_to satellite0 star27 planet22)
 578: (take_image satellite0 star27 instrument0 image3)
 579: (turn_to satellite0 phenomenon29 star27)
 580: (take_image satellite1 phenomenon25 instrument2 image3)
 581: (turn_to satellite1 planet30 phenomenon25)
 582: (take_image satellite0 phenomenon29 instrument0 thermograph2)
 583: (turn_to satellite0 planet30 phenomenon29)
 584: (take_image satellite0 planet30 instrument0 thermograph2)
