/u/ibrahim.eisawy/Neural-Guided-Search/venv/lib/python3.10/site-packages/pymimir_rgnn/model.py:151: UserWarning: index_reduce() is in beta and the API may change at any time. (Triggered internally at /pytorch/aten/src/ATen/native/cuda/Indexing.cu:1541.)
  max_msg.index_reduce_(0, output_indices, output_messages, reduce='amax', include_self=True)
Torch: 2.12.0+cu130
Using GPU:  NVIDIA L40S
34.827: (switch_on instrument1 satellite0)
33.116: (switch_on instrument4 satellite1)
31.593: (turn_to satellite1 star19 star29)
26.858: (calibrate satellite1 instrument4 star19)
26.008: (turn_to satellite2 groundstation14 star10)
25.714: (turn_to satellite0 groundstation6 star5)
21.129: (calibrate satellite0 instrument1 groundstation6)
20.189: (turn_to satellite0 planet37 groundstation6)
19.181: (take_image satellite0 planet37 instrument1 infrared3)
18.369: (turn_to satellite0 planet25 planet37)
17.887: (turn_to satellite1 planet38 star19)
17.314: (take_image satellite1 planet38 instrument4 spectrograph2)
16.610: (turn_to satellite1 phenomenon26 planet38)
15.477: (take_image satellite1 phenomenon26 instrument4 spectrograph1)
14.783: (turn_to satellite1 planet27 phenomenon26)
14.151: (take_image satellite1 planet27 instrument4 spectrograph1)
13.468: (turn_to satellite1 phenomenon32 planet27)
12.840: (take_image satellite1 phenomenon32 instrument4 spectrograph1)
12.153: (turn_to satellite1 planet28 phenomenon32)
11.530: (take_image satellite1 planet28 instrument4 spectrograph1)
10.766: (turn_to satellite1 phenomenon39 planet28)
10.148: (take_image satellite1 phenomenon39 instrument4 spectrograph1)
9.469: (turn_to satellite1 planet31 phenomenon39)
9.469: (turn_to satellite1 planet36 planet31)
9.469: (turn_to satellite1 star35 planet36)
9.470: (turn_to satellite1 star34 star35)
9.470: (turn_to satellite1 planet30 star34)
9.473: (turn_to satellite1 star33 planet30)
8.873: (take_image satellite1 star33 instrument4 spectrograph2)
8.096: (turn_to satellite1 star29 star33)
7.202: (take_image satellite1 star29 instrument4 spectrograph2)
6.462: (turn_to satellite1 planet36 star29)
6.472: (switch_on instrument5 satellite2)
6.474: (turn_to satellite1 planet30 planet36)
6.475: (turn_to satellite1 planet31 planet30)
6.476: (turn_to satellite1 star35 planet31)
6.476: (turn_to satellite1 star34 star35)
6.477: (switch_off instrument5 satellite2)
6.477: (turn_to satellite1 planet30 star34)
6.478: (turn_to satellite1 star35 planet30)
6.478: (turn_to satellite1 planet31 star35)
6.488: (take_image satellite0 planet25 instrument1 spectrograph0)
6.495: (turn_to satellite1 planet30 planet31)
6.495: (turn_to satellite1 star34 planet30)
6.495: (turn_to satellite1 star35 star34)
6.495: (turn_to satellite1 planet36 star35)
6.497: (switch_on instrument5 satellite2)
6.493: (turn_to satellite1 planet30 planet36)
6.494: (turn_to satellite1 planet31 planet30)
6.494: (turn_to satellite1 star34 planet31)
6.494: (turn_to satellite1 star35 star34)
6.529: (turn_to satellite0 star34 planet25)
5.776: (take_image satellite0 star34 instrument1 spectrograph0)
5.097: (turn_to satellite0 planet25 star34)
5.095: (switch_off instrument5 satellite2)
5.095: (turn_to satellite1 planet36 star35)
5.096: (turn_to satellite1 planet31 planet36)
5.096: (turn_to satellite1 planet30 planet31)
5.102: (switch_on instrument5 satellite2)
5.098: (turn_to satellite1 planet31 planet30)
5.098: (turn_to satellite1 planet36 planet31)
5.122: (turn_to satellite0 star35 planet25)
4.624: (take_image satellite0 star35 instrument1 spectrograph0)
3.948: (turn_to satellite0 planet25 star35)
3.946: (switch_off instrument5 satellite2)
3.946: (turn_to satellite1 planet30 planet36)
3.946: (turn_to satellite1 planet31 planet30)
3.952: (switch_on instrument5 satellite2)
3.948: (turn_to satellite1 planet30 planet31)
3.973: (turn_to satellite0 planet36 planet25)
3.479: (take_image satellite0 planet36 instrument1 spectrograph0)
2.743: (turn_to satellite0 planet31 planet36)
2.260: (take_image satellite0 planet31 instrument1 spectrograph0)
1.587: (turn_to satellite0 planet25 planet31)
1.584: (switch_off instrument5 satellite2)
1.611: (switch_on instrument6 satellite2)
1.597: (calibrate satellite2 instrument6 groundstation14)
1.577: (switch_off instrument6 satellite2)
1.604: (switch_on instrument5 satellite2)
1.647: (take_image satellite0 planet25 instrument1 spectrograph2)
1.615: (switch_off instrument5 satellite2)
1.634: (take_image satellite1 planet30 instrument4 spectrograph2)
1.666: (switch_on instrument5 satellite2)
1.704: (take_image satellite0 planet25 instrument1 infrared3)
1.673: (switch_off instrument5 satellite2)
1.712: (switch_on instrument6 satellite2)
1.681: (switch_off instrument6 satellite2)
1.693: (switch_on instrument5 satellite2)
1.739: (take_image satellite1 planet30 instrument4 spectrograph1)
1.726: (switch_off instrument5 satellite2)
1.759: (switch_on instrument6 satellite2)
1.747: (calibrate satellite2 instrument6 groundstation14)
1.717: (switch_off instrument6 satellite2)
1.753: (switch_on instrument5 satellite2)
2.183: (turn_to satellite0 planet30 planet25)
1.717: (take_image satellite0 planet30 instrument1 spectrograph0)
0.970: (turn_to satellite1 planet25 planet30)
0.284: (take_image satellite1 planet25 instrument4 spectrograph1)
[Final] Expanded: 98, Generated: 12594
Found a solution of length 98!
   1: (switch_on instrument1 satellite0)
   2: (switch_on instrument4 satellite1)
   3: (turn_to satellite1 star19 star29)
   4: (calibrate satellite1 instrument4 star19)
   5: (turn_to satellite2 groundstation14 star10)
   6: (turn_to satellite0 groundstation6 star5)
   7: (calibrate satellite0 instrument1 groundstation6)
   8: (turn_to satellite0 planet37 groundstation6)
   9: (take_image satellite0 planet37 instrument1 infrared3)
  10: (turn_to satellite0 planet25 planet37)
  11: (turn_to satellite1 planet38 star19)
  12: (take_image satellite1 planet38 instrument4 spectrograph2)
  13: (turn_to satellite1 phenomenon26 planet38)
  14: (take_image satellite1 phenomenon26 instrument4 spectrograph1)
  15: (turn_to satellite1 planet27 phenomenon26)
  16: (take_image satellite1 planet27 instrument4 spectrograph1)
  17: (turn_to satellite1 phenomenon32 planet27)
  18: (take_image satellite1 phenomenon32 instrument4 spectrograph1)
  19: (turn_to satellite1 planet28 phenomenon32)
  20: (take_image satellite1 planet28 instrument4 spectrograph1)
  21: (turn_to satellite1 phenomenon39 planet28)
  22: (take_image satellite1 phenomenon39 instrument4 spectrograph1)
  23: (turn_to satellite1 planet31 phenomenon39)
  24: (turn_to satellite1 planet36 planet31)
  25: (turn_to satellite1 star35 planet36)
  26: (turn_to satellite1 star34 star35)
  27: (turn_to satellite1 planet30 star34)
  28: (turn_to satellite1 star33 planet30)
  29: (take_image satellite1 star33 instrument4 spectrograph2)
  30: (turn_to satellite1 star29 star33)
  31: (take_image satellite1 star29 instrument4 spectrograph2)
  32: (turn_to satellite1 planet36 star29)
  33: (switch_on instrument5 satellite2)
  34: (turn_to satellite1 planet30 planet36)
  35: (turn_to satellite1 planet31 planet30)
  36: (turn_to satellite1 star35 planet31)
  37: (turn_to satellite1 star34 star35)
  38: (switch_off instrument5 satellite2)
  39: (turn_to satellite1 planet30 star34)
  40: (turn_to satellite1 star35 planet30)
  41: (turn_to satellite1 planet31 star35)
  42: (take_image satellite0 planet25 instrument1 spectrograph0)
  43: (turn_to satellite1 planet30 planet31)
  44: (turn_to satellite1 star34 planet30)
  45: (turn_to satellite1 star35 star34)
  46: (turn_to satellite1 planet36 star35)
  47: (switch_on instrument5 satellite2)
  48: (turn_to satellite1 planet30 planet36)
  49: (turn_to satellite1 planet31 planet30)
  50: (turn_to satellite1 star34 planet31)
  51: (turn_to satellite1 star35 star34)
  52: (turn_to satellite0 star34 planet25)
  53: (take_image satellite0 star34 instrument1 spectrograph0)
  54: (turn_to satellite0 planet25 star34)
  55: (switch_off instrument5 satellite2)
  56: (turn_to satellite1 planet36 star35)
  57: (turn_to satellite1 planet31 planet36)
  58: (turn_to satellite1 planet30 planet31)
  59: (switch_on instrument5 satellite2)
  60: (turn_to satellite1 planet31 planet30)
  61: (turn_to satellite1 planet36 planet31)
  62: (turn_to satellite0 star35 planet25)
  63: (take_image satellite0 star35 instrument1 spectrograph0)
  64: (turn_to satellite0 planet25 star35)
  65: (switch_off instrument5 satellite2)
  66: (turn_to satellite1 planet30 planet36)
  67: (turn_to satellite1 planet31 planet30)
  68: (switch_on instrument5 satellite2)
  69: (turn_to satellite1 planet30 planet31)
  70: (turn_to satellite0 planet36 planet25)
  71: (take_image satellite0 planet36 instrument1 spectrograph0)
  72: (turn_to satellite0 planet31 planet36)
  73: (take_image satellite0 planet31 instrument1 spectrograph0)
  74: (turn_to satellite0 planet25 planet31)
  75: (switch_off instrument5 satellite2)
  76: (switch_on instrument6 satellite2)
  77: (calibrate satellite2 instrument6 groundstation14)
  78: (switch_off instrument6 satellite2)
  79: (switch_on instrument5 satellite2)
  80: (take_image satellite0 planet25 instrument1 spectrograph2)
  81: (switch_off instrument5 satellite2)
  82: (take_image satellite1 planet30 instrument4 spectrograph2)
  83: (switch_on instrument5 satellite2)
  84: (take_image satellite0 planet25 instrument1 infrared3)
  85: (switch_off instrument5 satellite2)
  86: (switch_on instrument6 satellite2)
  87: (switch_off instrument6 satellite2)
  88: (switch_on instrument5 satellite2)
  89: (take_image satellite1 planet30 instrument4 spectrograph1)
  90: (switch_off instrument5 satellite2)
  91: (switch_on instrument6 satellite2)
  92: (calibrate satellite2 instrument6 groundstation14)
  93: (switch_off instrument6 satellite2)
  94: (switch_on instrument5 satellite2)
  95: (turn_to satellite0 planet30 planet25)
  96: (take_image satellite0 planet30 instrument1 spectrograph0)
  97: (turn_to satellite1 planet25 planet30)
  98: (take_image satellite1 planet25 instrument4 spectrograph1)
