/u/ibrahim.eisawy/Neural-Guided-Search/venv/lib/python3.10/site-packages/pymimir_rgnn/model.py:151: UserWarning: index_reduce() is in beta and the API may change at any time. (Triggered internally at /pytorch/aten/src/ATen/native/cuda/Indexing.cu:1541.)
  max_msg.index_reduce_(0, output_indices, output_messages, reduce='amax', include_self=True)
Torch: 2.12.0+cu130
Using GPU:  NVIDIA L40S
29.112: (switch_on instrument0 satellite0)
26.855: (turn_to satellite0 groundstation15 groundstation9)
21.027: (calibrate satellite0 instrument0 groundstation15)
20.063: (switch_on instrument3 satellite1)
18.948: (turn_to satellite1 groundstation8 groundstation2)
17.566: (calibrate satellite1 instrument3 groundstation8)
16.654: (turn_to satellite1 phenomenon31 groundstation8)
15.982: (take_image satellite1 phenomenon31 instrument3 spectrograph2)
15.187: (turn_to satellite1 phenomenon30 phenomenon31)
14.754: (turn_to satellite0 star23 groundstation15)
13.601: (take_image satellite0 star23 instrument0 image0)
13.138: (turn_to satellite0 phenomenon24 star23)
11.871: (take_image satellite0 phenomenon24 instrument0 infrared3)
11.408: (turn_to satellite0 star20 phenomenon24)
10.560: (take_image satellite0 star20 instrument0 spectrograph2)
10.027: (turn_to satellite0 phenomenon27 star20)
9.051: (take_image satellite0 phenomenon27 instrument0 spectrograph2)
8.495: (turn_to satellite0 planet26 phenomenon27)
7.850: (take_image satellite0 planet26 instrument0 infrared3)
7.353: (turn_to satellite0 planet25 planet26)
6.715: (take_image satellite0 planet25 instrument0 infrared3)
6.137: (turn_to satellite0 phenomenon21 planet25)
5.176: (take_image satellite0 phenomenon21 instrument0 infrared3)
4.605: (turn_to satellite0 planet28 phenomenon21)
4.608: (turn_to satellite0 planet22 planet28)
4.635: (take_image satellite1 phenomenon30 instrument3 thermograph1)
4.635: (turn_to satellite0 planet28 planet22)
4.678: (turn_to satellite1 planet22 phenomenon30)
4.135: (take_image satellite1 planet22 instrument3 thermograph1)
3.382: (turn_to satellite1 phenomenon30 planet22)
3.429: (take_image satellite1 phenomenon30 instrument3 spectrograph2)
3.453: (take_image satellite0 planet28 instrument0 spectrograph2)
3.494: (take_image satellite0 planet28 instrument0 infrared3)
3.544: (take_image satellite0 planet28 instrument0 image0)
3.907: (turn_to satellite0 phenomenon29 planet28)
3.915: (turn_to satellite1 planet28 phenomenon30)
3.368: (take_image satellite1 planet28 instrument3 thermograph1)
2.643: (turn_to satellite1 phenomenon30 planet28)
2.691: (take_image satellite0 phenomenon29 instrument0 spectrograph2)
2.726: (take_image satellite0 phenomenon29 instrument0 image0)
2.736: (turn_to satellite0 phenomenon30 phenomenon29)
2.186: (take_image satellite0 phenomenon30 instrument0 image0)
1.404: (turn_to satellite0 phenomenon29 phenomenon30)
1.167: (turn_to satellite1 phenomenon29 phenomenon30)
0.513: (take_image satellite1 phenomenon29 instrument3 thermograph1)
[Final] Expanded: 45, Generated: 3186
Found a solution of length 45!
   1: (switch_on instrument0 satellite0)
   2: (turn_to satellite0 groundstation15 groundstation9)
   3: (calibrate satellite0 instrument0 groundstation15)
   4: (switch_on instrument3 satellite1)
   5: (turn_to satellite1 groundstation8 groundstation2)
   6: (calibrate satellite1 instrument3 groundstation8)
   7: (turn_to satellite1 phenomenon31 groundstation8)
   8: (take_image satellite1 phenomenon31 instrument3 spectrograph2)
   9: (turn_to satellite1 phenomenon30 phenomenon31)
  10: (turn_to satellite0 star23 groundstation15)
  11: (take_image satellite0 star23 instrument0 image0)
  12: (turn_to satellite0 phenomenon24 star23)
  13: (take_image satellite0 phenomenon24 instrument0 infrared3)
  14: (turn_to satellite0 star20 phenomenon24)
  15: (take_image satellite0 star20 instrument0 spectrograph2)
  16: (turn_to satellite0 phenomenon27 star20)
  17: (take_image satellite0 phenomenon27 instrument0 spectrograph2)
  18: (turn_to satellite0 planet26 phenomenon27)
  19: (take_image satellite0 planet26 instrument0 infrared3)
  20: (turn_to satellite0 planet25 planet26)
  21: (take_image satellite0 planet25 instrument0 infrared3)
  22: (turn_to satellite0 phenomenon21 planet25)
  23: (take_image satellite0 phenomenon21 instrument0 infrared3)
  24: (turn_to satellite0 planet28 phenomenon21)
  25: (turn_to satellite0 planet22 planet28)
  26: (take_image satellite1 phenomenon30 instrument3 thermograph1)
  27: (turn_to satellite0 planet28 planet22)
  28: (turn_to satellite1 planet22 phenomenon30)
  29: (take_image satellite1 planet22 instrument3 thermograph1)
  30: (turn_to satellite1 phenomenon30 planet22)
  31: (take_image satellite1 phenomenon30 instrument3 spectrograph2)
  32: (take_image satellite0 planet28 instrument0 spectrograph2)
  33: (take_image satellite0 planet28 instrument0 infrared3)
  34: (take_image satellite0 planet28 instrument0 image0)
  35: (turn_to satellite0 phenomenon29 planet28)
  36: (turn_to satellite1 planet28 phenomenon30)
  37: (take_image satellite1 planet28 instrument3 thermograph1)
  38: (turn_to satellite1 phenomenon30 planet28)
  39: (take_image satellite0 phenomenon29 instrument0 spectrograph2)
  40: (take_image satellite0 phenomenon29 instrument0 image0)
  41: (turn_to satellite0 phenomenon30 phenomenon29)
  42: (take_image satellite0 phenomenon30 instrument0 image0)
  43: (turn_to satellite0 phenomenon29 phenomenon30)
  44: (turn_to satellite1 phenomenon29 phenomenon30)
  45: (take_image satellite1 phenomenon29 instrument3 thermograph1)
