/u/ibrahim.eisawy/Neural-Guided-Search/venv/lib/python3.10/site-packages/pymimir_rgnn/model.py:151: UserWarning: index_reduce() is in beta and the API may change at any time. (Triggered internally at /pytorch/aten/src/ATen/native/cuda/Indexing.cu:1541.)
  max_msg.index_reduce_(0, output_indices, output_messages, reduce='amax', include_self=True)
Torch: 2.12.0+cu130
Using GPU:  NVIDIA L40S
83.766: (switch_on instrument6 satellite2)
79.094: (turn_to satellite2 groundstation39 phenomenon64)
67.966: (calibrate satellite2 instrument6 groundstation39)
64.674: (switch_on instrument2 satellite0)
63.462: (turn_to satellite0 groundstation52 planet77)
57.817: (calibrate satellite0 instrument2 groundstation52)
56.662: (turn_to satellite0 planet77 groundstation52)
55.893: (turn_to satellite2 planet71 groundstation39)
54.931: (take_image satellite2 planet71 instrument6 infrared3)
54.530: (turn_to satellite2 planet98 planet71)
54.037: (turn_to satellite3 star8 groundstation52)
53.578: (switch_on instrument4 satellite1)
53.386: (turn_to satellite4 star12 star30)
53.332: (turn_to satellite1 phenomenon62 planet76)
53.361: (turn_to satellite2 planet85 planet98)
53.362: (turn_to satellite0 planet94 planet77)
52.624: (take_image satellite0 planet94 instrument2 thermograph4)
51.751: (turn_to satellite0 phenomenon79 planet94)
51.474: (turn_to satellite1 star88 phenomenon62)
51.245: (turn_to satellite4 groundstation34 star12)
51.196: (turn_to satellite2 star73 planet85)
51.188: (turn_to satellite0 phenomenon99 phenomenon79)
50.659: (take_image satellite0 phenomenon99 instrument2 image0)
49.647: (turn_to satellite0 star89 phenomenon99)
49.619: (turn_to satellite4 star12 groundstation34)
49.542: (turn_to satellite4 star8 star12)
49.586: (turn_to satellite3 star88 star8)
49.515: (turn_to satellite2 phenomenon74 star73)
48.077: (take_image satellite2 phenomenon74 instrument6 thermograph1)
47.436: (turn_to satellite2 star91 phenomenon74)
46.302: (take_image satellite2 star91 instrument6 thermograph2)
45.601: (turn_to satellite2 phenomenon86 star91)
44.964: (take_image satellite2 phenomenon86 instrument6 infrared3)
44.296: (turn_to satellite2 phenomenon96 phenomenon86)
43.655: (take_image satellite2 phenomenon96 instrument6 infrared3)
42.990: (turn_to satellite2 star81 phenomenon96)
42.346: (take_image satellite2 star81 instrument6 infrared3)
41.675: (turn_to satellite2 planet80 star81)
41.035: (take_image satellite2 planet80 instrument6 infrared3)
40.380: (turn_to satellite2 planet82 planet80)
39.725: (take_image satellite2 planet82 instrument6 infrared3)
39.090: (turn_to satellite2 star67 planet82)
38.423: (take_image satellite2 star67 instrument6 infrared3)
37.788: (turn_to satellite2 planet77 star67)
37.114: (take_image satellite2 planet77 instrument6 infrared3)
36.490: (turn_to satellite2 phenomenon62 planet77)
36.429: (turn_to satellite2 phenomenon78 phenomenon62)
35.942: (take_image satellite2 phenomenon78 instrument6 infrared3)
35.276: (turn_to satellite2 phenomenon62 phenomenon78)
35.262: (turn_to satellite3 groundstation34 star88)
35.179: (turn_to satellite3 groundstation50 groundstation34)
35.191: (turn_to satellite2 planet98 phenomenon62)
35.180: (turn_to satellite3 groundstation34 groundstation50)
35.196: (turn_to satellite3 star8 groundstation34)
35.155: (turn_to satellite0 planet85 star89)
34.575: (take_image satellite0 planet85 instrument2 thermograph4)
33.825: (turn_to satellite0 planet65 planet85)
33.269: (take_image satellite0 planet65 instrument2 image0)
32.447: (turn_to satellite0 star73 planet65)
31.847: (take_image satellite0 star73 instrument2 image0)
31.148: (turn_to satellite0 planet72 star73)
30.581: (take_image satellite0 planet72 instrument2 thermograph4)
29.843: (turn_to satellite0 phenomenon63 planet72)
29.282: (take_image satellite0 phenomenon63 instrument2 thermograph4)
28.540: (turn_to satellite0 planet75 phenomenon63)
27.929: (take_image satellite0 planet75 instrument2 thermograph4)
27.238: (turn_to satellite0 phenomenon62 planet75)
26.619: (take_image satellite0 phenomenon62 instrument2 thermograph4)
25.934: (turn_to satellite0 phenomenon64 phenomenon62)
25.339: (take_image satellite0 phenomenon64 instrument2 thermograph4)
24.586: (turn_to satellite0 star69 phenomenon64)
23.989: (take_image satellite0 star69 instrument2 thermograph4)
23.313: (turn_to satellite0 planet76 star69)
23.313: (turn_to satellite0 star83 planet76)
23.313: (turn_to satellite0 planet92 star83)
23.313: (turn_to satellite0 planet93 planet92)
23.313: (turn_to satellite0 planet95 planet93)
23.313: (turn_to satellite0 star97 planet95)
23.317: (turn_to satellite0 phenomenon61 star97)
23.317: (turn_to satellite0 star66 phenomenon61)
23.317: (turn_to satellite0 star68 star66)
23.317: (turn_to satellite0 phenomenon70 star68)
23.341: (turn_to satellite0 phenomenon79 phenomenon70)
23.364: (turn_to satellite4 groundstation50 star8)
23.397: (turn_to satellite4 star12 groundstation50)
23.338: (turn_to satellite0 star83 phenomenon79)
23.334: (turn_to satellite0 phenomenon70 star83)
23.347: (turn_to satellite0 phenomenon61 phenomenon70)
23.347: (turn_to satellite0 star66 phenomenon61)
23.347: (turn_to satellite0 star68 star66)
23.347: (turn_to satellite0 planet76 star68)
23.375: (turn_to satellite0 planet92 planet76)
23.375: (turn_to satellite0 planet93 planet92)
23.375: (turn_to satellite0 planet95 planet93)
23.375: (turn_to satellite0 star97 planet95)
23.383: (turn_to satellite0 phenomenon84 star97)
23.383: (turn_to satellite0 star87 phenomenon84)
23.383: (turn_to satellite0 star89 star87)
23.383: (turn_to satellite0 planet90 star89)
23.403: (turn_to satellite0 phenomenon60 planet90)
23.429: (turn_to satellite4 star8 star12)
23.341: (turn_to satellite0 phenomenon84 phenomenon60)
23.341: (turn_to satellite0 star87 phenomenon84)
23.341: (turn_to satellite0 star89 star87)
23.358: (turn_to satellite0 planet90 star89)
23.403: (take_image satellite0 planet90 instrument2 image0)
23.334: (turn_to satellite0 planet76 planet90)
23.334: (turn_to satellite0 star83 planet76)
23.341: (turn_to satellite0 phenomenon61 star83)
23.341: (turn_to satellite0 star66 phenomenon61)
23.341: (turn_to satellite0 star68 star66)
23.341: (turn_to satellite0 phenomenon70 star68)
23.354: (turn_to satellite0 planet92 phenomenon70)
23.354: (turn_to satellite0 planet93 planet92)
23.354: (turn_to satellite0 planet95 planet93)
23.354: (turn_to satellite0 star97 planet95)
23.382: (turn_to satellite0 phenomenon79 star97)
23.391: (turn_to satellite4 groundstation50 star8)
23.421: (turn_to satellite4 star12 groundstation50)
23.365: (turn_to satellite0 star83 phenomenon79)
23.361: (turn_to satellite0 phenomenon70 star83)
23.370: (turn_to satellite0 planet76 phenomenon70)
23.372: (turn_to satellite0 phenomenon61 planet76)
23.372: (turn_to satellite0 star66 phenomenon61)
23.372: (turn_to satellite0 star68 star66)
23.414: (turn_to satellite0 planet92 star68)
23.414: (turn_to satellite0 planet93 planet92)
23.414: (turn_to satellite0 planet95 planet93)
23.414: (turn_to satellite0 star97 planet95)
23.422: (turn_to satellite0 phenomenon84 star97)
23.422: (turn_to satellite0 star87 phenomenon84)
23.422: (turn_to satellite0 star89 star87)
23.426: (turn_to satellite0 phenomenon60 star89)
23.439: (turn_to satellite0 planet90 phenomenon60)
23.447: (take_image satellite0 planet90 instrument2 thermograph4)
23.359: (turn_to satellite0 phenomenon70 planet90)
23.369: (turn_to satellite0 planet76 phenomenon70)
23.369: (turn_to satellite0 star83 planet76)
23.371: (turn_to satellite0 phenomenon61 star83)
23.371: (turn_to satellite0 star66 phenomenon61)
23.371: (turn_to satellite0 star68 star66)
23.416: (turn_to satellite0 planet92 star68)
23.417: (turn_to satellite0 planet93 planet92)
23.417: (turn_to satellite0 planet95 planet93)
23.417: (turn_to satellite0 star97 planet95)
23.421: (turn_to satellite0 phenomenon79 star97)
23.419: (turn_to satellite0 phenomenon84 phenomenon79)
23.421: (turn_to satellite0 star87 phenomenon84)
23.421: (turn_to satellite0 star89 star87)
23.424: (turn_to satellite0 phenomenon60 star89)
23.447: (take_image satellite0 phenomenon60 instrument2 thermograph4)
23.389: (turn_to satellite0 phenomenon70 phenomenon60)
23.402: (turn_to satellite0 phenomenon61 phenomenon70)
23.402: (turn_to satellite0 star66 phenomenon61)
23.402: (turn_to satellite0 star68 star66)
23.402: (turn_to satellite0 planet76 star68)
23.403: (turn_to satellite0 star83 planet76)
23.433: (turn_to satellite0 planet92 star83)
23.433: (turn_to satellite0 planet93 planet92)
23.434: (turn_to satellite0 planet95 planet93)
23.434: (turn_to satellite0 star97 planet95)
23.438: (turn_to satellite0 phenomenon79 star97)
23.440: (turn_to satellite0 phenomenon84 phenomenon79)
23.438: (turn_to satellite0 star87 phenomenon84)
23.438: (turn_to satellite0 star89 star87)
23.464: (take_image satellite0 star89 instrument2 thermograph4)
23.420: (turn_to satellite0 phenomenon70 star89)
23.432: (turn_to satellite0 star68 phenomenon70)
23.433: (turn_to satellite0 phenomenon61 star68)
23.433: (turn_to satellite0 star66 phenomenon61)
23.436: (turn_to satellite0 planet76 star66)
23.436: (turn_to satellite0 star83 planet76)
23.451: (turn_to satellite0 planet92 star83)
23.451: (turn_to satellite0 planet93 planet92)
23.451: (turn_to satellite0 planet95 planet93)
23.451: (turn_to satellite0 star97 planet95)
23.455: (turn_to satellite0 phenomenon79 star97)
23.461: (turn_to satellite0 phenomenon84 phenomenon79)
23.455: (turn_to satellite0 star87 phenomenon84)
23.481: (take_image satellite0 star87 instrument2 thermograph4)
23.450: (turn_to satellite0 phenomenon70 star87)
23.458: (turn_to satellite0 star68 phenomenon70)
23.464: (turn_to satellite0 phenomenon61 star68)
23.464: (turn_to satellite0 star66 phenomenon61)
23.468: (turn_to satellite0 planet92 star66)
23.468: (turn_to satellite0 planet93 planet92)
23.468: (turn_to satellite0 planet95 planet93)
23.468: (turn_to satellite0 star97 planet95)
23.469: (turn_to satellite0 planet76 star97)
23.469: (turn_to satellite0 star83 planet76)
23.472: (turn_to satellite0 phenomenon79 star83)
23.482: (turn_to satellite0 phenomenon84 phenomenon79)
23.494: (turn_to satellite0 star89 phenomenon84)
23.498: (take_image satellite0 star89 instrument2 image0)
23.449: (turn_to satellite0 phenomenon70 star89)
23.458: (turn_to satellite0 star68 phenomenon70)
23.463: (turn_to satellite0 planet76 star68)
23.463: (turn_to satellite0 star83 planet76)
23.463: (turn_to satellite0 phenomenon61 star83)
23.463: (turn_to satellite0 star66 phenomenon61)
23.472: (turn_to satellite0 planet95 star66)
23.472: (turn_to satellite0 planet92 planet95)
23.472: (turn_to satellite0 planet93 planet92)
23.472: (turn_to satellite0 star97 planet93)
23.476: (turn_to satellite0 phenomenon79 star97)
23.483: (turn_to satellite0 phenomenon84 phenomenon79)
23.494: (turn_to satellite0 star87 phenomenon84)
23.498: (take_image satellite0 star87 instrument2 image0)
23.449: (turn_to satellite0 phenomenon70 star87)
23.455: (turn_to satellite0 star68 phenomenon70)
23.456: (turn_to satellite0 planet76 star68)
23.456: (turn_to satellite0 star83 planet76)
23.462: (turn_to satellite0 phenomenon61 star83)
23.462: (turn_to satellite0 star66 phenomenon61)
23.477: (turn_to satellite0 planet92 star66)
23.477: (turn_to satellite0 planet93 planet92)
23.477: (turn_to satellite0 planet95 planet93)
23.477: (turn_to satellite0 star97 planet95)
23.481: (turn_to satellite0 phenomenon79 star97)
23.483: (turn_to satellite0 phenomenon84 phenomenon79)
23.497: (turn_to satellite0 phenomenon60 phenomenon84)
23.498: (take_image satellite0 phenomenon60 instrument2 image0)
23.449: (turn_to satellite0 phenomenon70 phenomenon60)
23.449: (turn_to satellite0 planet76 phenomenon70)
23.449: (turn_to satellite0 star83 planet76)
23.455: (turn_to satellite0 star68 star83)
23.461: (turn_to satellite0 phenomenon61 star68)
23.461: (turn_to satellite0 star66 phenomenon61)
23.481: (turn_to satellite0 planet92 star66)
23.481: (turn_to satellite0 planet93 planet92)
23.481: (turn_to satellite0 planet95 planet93)
23.481: (turn_to satellite0 star97 planet95)
23.485: (turn_to satellite0 phenomenon79 star97)
23.483: (turn_to satellite0 phenomenon84 phenomenon79)
23.500: (take_image satellite0 phenomenon84 instrument2 thermograph4)
23.479: (turn_to satellite0 phenomenon70 phenomenon84)
23.483: (turn_to satellite0 planet76 phenomenon70)
23.483: (turn_to satellite0 star83 planet76)
23.486: (turn_to satellite0 star68 star83)
23.492: (turn_to satellite0 phenomenon61 star68)
23.492: (turn_to satellite0 star66 phenomenon61)
23.498: (turn_to satellite0 planet92 star66)
23.498: (turn_to satellite0 planet93 planet92)
23.498: (turn_to satellite0 planet95 planet93)
23.498: (turn_to satellite0 star97 planet95)
23.502: (turn_to satellite0 phenomenon79 star97)
23.522: (take_image satellite0 phenomenon79 instrument2 image0)
23.512: (turn_to satellite0 star83 phenomenon79)
23.508: (turn_to satellite0 phenomenon70 star83)
23.508: (turn_to satellite0 planet76 phenomenon70)
23.509: (turn_to satellite0 star68 planet76)
23.519: (turn_to satellite0 planet92 star68)
23.519: (turn_to satellite0 planet93 planet92)
23.519: (turn_to satellite0 planet95 planet93)
23.519: (turn_to satellite0 star97 planet95)
23.521: (turn_to satellite0 phenomenon61 star97)
23.521: (turn_to satellite0 star66 phenomenon61)
23.530: (turn_to satellite0 phenomenon84 star66)
23.534: (take_image satellite0 phenomenon84 instrument2 image0)
23.503: (turn_to satellite0 planet76 phenomenon84)
23.503: (turn_to satellite0 star83 planet76)
23.509: (turn_to satellite0 star68 star83)
23.509: (turn_to satellite0 phenomenon70 star68)
23.521: (turn_to satellite0 phenomenon61 phenomenon70)
23.521: (turn_to satellite0 star66 phenomenon61)
23.523: (turn_to satellite0 planet92 star66)
23.523: (turn_to satellite0 planet93 planet92)
23.523: (turn_to satellite0 planet95 planet93)
23.523: (turn_to satellite0 star97 planet95)
23.531: (turn_to satellite0 phenomenon79 star97)
23.537: (take_image satellite0 phenomenon79 instrument2 thermograph4)
23.511: (turn_to satellite0 star83 phenomenon79)
23.502: (turn_to satellite0 planet76 star83)
23.509: (turn_to satellite0 phenomenon70 planet76)
23.509: (turn_to satellite0 star68 phenomenon70)
23.520: (turn_to satellite0 phenomenon61 star68)
23.520: (turn_to satellite0 star66 phenomenon61)
23.524: (turn_to satellite0 planet92 star66)
23.524: (turn_to satellite0 planet93 planet92)
23.524: (turn_to satellite0 planet95 planet93)
23.524: (turn_to satellite0 star97 planet95)
23.535: (take_image satellite0 star97 instrument2 thermograph4)
23.536: (turn_to satellite0 planet76 star97)
23.536: (turn_to satellite0 star83 planet76)
23.539: (turn_to satellite0 phenomenon70 star83)
23.539: (turn_to satellite0 star68 phenomenon70)
23.541: (turn_to satellite0 planet92 star68)
23.541: (turn_to satellite0 planet93 planet92)
23.541: (turn_to satellite0 planet95 planet93)
23.552: (turn_to satellite0 phenomenon61 planet95)
23.552: (turn_to satellite0 star66 phenomenon61)
23.563: (turn_to satellite0 phenomenon79 star66)
23.558: (turn_to satellite0 phenomenon84 phenomenon79)
23.546: (turn_to satellite0 planet90 phenomenon84)
23.563: (turn_to satellite0 star87 planet90)
23.563: (turn_to satellite0 star89 star87)
23.566: (turn_to satellite0 phenomenon60 star89)
23.678: (turn_to satellite4 star8 star12)
23.482: (turn_to satellite0 planet92 phenomenon60)
23.482: (turn_to satellite0 planet93 planet92)
23.482: (turn_to satellite0 planet95 planet93)
23.500: (turn_to satellite0 star83 planet95)
23.506: (turn_to satellite0 star97 star83)
23.509: (turn_to satellite0 planet76 star97)
23.521: (turn_to satellite0 phenomenon61 planet76)
23.521: (turn_to satellite0 star66 phenomenon61)
23.521: (turn_to satellite0 star68 star66)
23.521: (turn_to satellite0 phenomenon70 star68)
23.549: (turn_to satellite0 phenomenon79 phenomenon70)
23.541: (turn_to satellite4 groundstation50 star8)
23.561: (turn_to satellite4 groundstation32 groundstation50)
23.588: (turn_to satellite4 groundstation34 groundstation32)
23.600: (turn_to satellite4 star36 groundstation34)
23.600: (turn_to satellite4 star27 star36)
23.637: (turn_to satellite4 groundstation48 star27)
23.658: (turn_to satellite4 star88 groundstation48)
23.662: (turn_to satellite4 groundstation25 star88)
23.680: (turn_to satellite4 star21 groundstation25)
23.694: (turn_to satellite4 star23 star21)
23.687: (turn_to satellite4 star0 star23)
23.688: (turn_to satellite4 groundstation52 star0)
23.688: (turn_to satellite4 star54 groundstation52)
23.688: (turn_to satellite4 groundstation45 star54)
23.688: (turn_to satellite4 star14 groundstation45)
23.700: (turn_to satellite4 star13 star14)
23.704: (turn_to satellite4 groundstation3 star13)
23.710: (turn_to satellite4 star91 groundstation3)
23.713: (turn_to satellite4 star20 star91)
23.719: (turn_to satellite4 star33 star20)
23.719: (turn_to satellite4 groundstation44 star33)
23.719: (turn_to satellite4 star26 groundstation44)
23.720: (turn_to satellite4 star37 star26)
23.722: (turn_to satellite4 star10 star37)
23.725: (turn_to satellite4 star89 star10)
23.725: (turn_to satellite4 planet90 star89)
23.726: (turn_to satellite4 star97 planet90)
23.732: (turn_to satellite4 phenomenon99 star97)
23.733: (turn_to satellite4 phenomenon79 phenomenon99)
23.733: (turn_to satellite4 planet98 phenomenon79)
23.737: (turn_to satellite4 star42 planet98)
23.740: (turn_to satellite4 planet94 star42)
23.737: (turn_to satellite4 star22 planet94)
23.741: (turn_to satellite4 planet77 star22)
23.737: (turn_to satellite4 groundstation16 planet77)
23.741: (turn_to satellite4 phenomenon78 groundstation16)
23.737: (turn_to satellite4 star2 phenomenon78)
23.741: (turn_to satellite4 planet80 star2)
23.741: (turn_to satellite4 star81 planet80)
23.741: (turn_to satellite4 planet82 star81)
23.741: (turn_to satellite4 phenomenon86 planet82)
23.745: (turn_to satellite4 phenomenon96 phenomenon86)
23.748: (turn_to satellite0 star83 phenomenon79)
23.516: (turn_to satellite4 groundstation50 phenomenon96)
23.521: (turn_to satellite0 planet92 star83)
23.521: (turn_to satellite0 planet93 planet92)
23.521: (turn_to satellite0 planet95 planet93)
23.525: (turn_to satellite0 star97 planet95)
23.542: (take_image satellite0 star97 instrument2 image0)
23.516: (turn_to satellite0 star83 star97)
23.520: (turn_to satellite4 star8 groundstation50)
23.486: (turn_to satellite0 planet92 star83)
23.486: (turn_to satellite0 planet93 planet92)
23.486: (turn_to satellite0 planet95 planet93)
23.509: (turn_to satellite0 planet76 planet95)
23.520: (turn_to satellite0 phenomenon61 planet76)
23.520: (turn_to satellite0 star66 phenomenon61)
23.520: (turn_to satellite0 star68 star66)
23.520: (turn_to satellite0 phenomenon70 star68)
23.525: (turn_to satellite0 star97 phenomenon70)
23.550: (turn_to satellite0 phenomenon79 star97)
23.538: (turn_to satellite4 groundstation50 star8)
23.557: (turn_to satellite4 star12 groundstation50)
23.540: (turn_to satellite0 star83 phenomenon79)
23.529: (turn_to satellite0 planet76 star83)
23.539: (turn_to satellite0 phenomenon70 planet76)
23.539: (turn_to satellite0 star68 phenomenon70)
23.546: (turn_to satellite0 planet92 star68)
23.546: (turn_to satellite0 planet93 planet92)
23.546: (turn_to satellite0 planet95 planet93)
23.550: (turn_to satellite0 star66 planet95)
23.551: (turn_to satellite0 phenomenon61 star66)
23.551: (turn_to satellite0 star97 phenomenon61)
23.547: (turn_to satellite0 planet90 star97)
23.562: (turn_to satellite0 phenomenon60 planet90)
23.563: (turn_to satellite0 phenomenon84 phenomenon60)
23.563: (turn_to satellite0 star87 phenomenon84)
23.563: (turn_to satellite0 star89 star87)
23.674: (turn_to satellite4 star8 star12)
23.538: (turn_to satellite4 groundstation50 star8)
23.521: (turn_to satellite0 planet92 star89)
23.521: (turn_to satellite0 planet93 planet92)
23.521: (turn_to satellite0 planet95 planet93)
23.540: (take_image satellite0 planet95 instrument2 image0)
23.541: (turn_to satellite0 planet92 planet95)
23.541: (turn_to satellite0 planet93 planet92)
23.541: (turn_to satellite4 star8 groundstation50)
23.507: (turn_to satellite0 planet92 planet93)
23.520: (turn_to satellite0 star83 planet92)
23.537: (turn_to satellite0 planet95 star83)
23.533: (take_image satellite0 planet95 instrument2 thermograph4)
23.508: (turn_to satellite0 planet92 planet95)
23.508: (turn_to satellite0 planet93 planet92)
23.520: (turn_to satellite0 star83 planet93)
23.539: (turn_to satellite0 planet76 star83)
23.543: (turn_to satellite0 star97 planet76)
23.550: (turn_to satellite0 phenomenon61 star97)
23.550: (turn_to satellite0 star66 phenomenon61)
23.550: (turn_to satellite0 star68 star66)
23.550: (turn_to satellite0 phenomenon70 star68)
23.567: (turn_to satellite0 phenomenon79 phenomenon70)
23.554: (turn_to satellite4 groundstation50 star8)
23.575: (turn_to satellite4 star12 groundstation50)
23.568: (turn_to satellite0 planet92 phenomenon79)
23.556: (turn_to satellite0 star83 planet92)
23.556: (turn_to satellite0 planet76 star83)
23.564: (turn_to satellite0 planet90 planet76)
23.567: (turn_to satellite0 planet93 planet90)
23.568: (turn_to satellite0 planet95 planet93)
23.568: (turn_to satellite0 star97 planet95)
23.568: (turn_to satellite0 phenomenon70 star97)
23.569: (turn_to satellite0 star68 phenomenon70)
23.580: (turn_to satellite0 phenomenon60 star68)
23.580: (turn_to satellite0 phenomenon61 phenomenon60)
23.580: (turn_to satellite0 star66 phenomenon61)
23.581: (turn_to satellite0 phenomenon84 star66)
23.581: (turn_to satellite0 star87 phenomenon84)
23.581: (turn_to satellite0 star89 star87)
23.701: (turn_to satellite4 star8 star12)
23.554: (turn_to satellite4 groundstation50 star8)
23.542: (turn_to satellite0 planet92 star89)
23.542: (turn_to satellite0 planet93 planet92)
23.546: (turn_to satellite0 star83 planet93)
23.560: (turn_to satellite0 phenomenon84 star83)
23.541: (turn_to satellite0 planet76 phenomenon84)
23.560: (turn_to satellite0 star87 planet76)
23.547: (turn_to satellite0 star68 star87)
23.560: (turn_to satellite0 planet90 star68)
23.547: (turn_to satellite0 phenomenon70 planet90)
23.560: (turn_to satellite0 planet95 phenomenon70)
23.560: (turn_to satellite0 star97 planet95)
23.575: (turn_to satellite4 groundstation32 groundstation50)
23.568: (turn_to satellite0 planet92 star97)
23.568: (turn_to satellite0 planet93 planet92)
23.570: (turn_to satellite0 star83 planet93)
23.575: (turn_to satellite0 phenomenon84 star83)
23.571: (turn_to satellite4 star8 groundstation32)
23.567: (turn_to satellite0 star87 phenomenon84)
23.567: (turn_to satellite0 planet90 star87)
23.571: (turn_to satellite0 phenomenon60 planet90)
23.641: (turn_to satellite4 groundstation34 star8)
23.553: (turn_to satellite0 planet92 phenomenon60)
23.553: (turn_to satellite0 planet93 planet92)
23.556: (turn_to satellite0 planet76 planet93)
23.556: (turn_to satellite0 star83 planet76)
23.565: (turn_to satellite0 planet95 star83)
23.565: (turn_to satellite0 star97 planet95)
23.581: (turn_to satellite0 phenomenon79 star97)
23.575: (turn_to satellite4 groundstation32 groundstation34)
23.614: (turn_to satellite4 star36 groundstation32)
23.614: (turn_to satellite4 star27 star36)
23.651: (turn_to satellite4 groundstation48 star27)
23.681: (turn_to satellite4 groundstation25 groundstation48)
23.694: (turn_to satellite4 star21 groundstation25)
23.709: (turn_to satellite4 star0 star21)
23.696: (turn_to satellite4 star88 star0)
23.696: (turn_to satellite0 star66 phenomenon79)
23.545: (turn_to satellite4 groundstation50 star88)
23.570: (turn_to satellite4 groundstation32 groundstation50)
23.575: (turn_to satellite0 star87 star66)
23.575: (turn_to satellite0 star89 star87)
23.575: (turn_to satellite0 planet90 star89)
23.575: (turn_to satellite0 planet95 planet90)
23.614: (turn_to satellite4 star36 groundstation32)
23.597: (turn_to satellite0 planet92 planet95)
23.597: (turn_to satellite0 planet93 planet92)
23.597: (turn_to satellite4 star27 star36)
23.597: (turn_to satellite0 planet92 planet93)
23.607: (turn_to satellite0 star83 planet92)
23.607: (turn_to satellite4 star36 star27)
23.614: (turn_to satellite0 phenomenon84 star83)
23.602: (turn_to satellite4 groundstation34 star36)
23.581: (turn_to satellite0 star87 phenomenon84)
23.581: (turn_to satellite0 star89 star87)
23.585: (turn_to satellite0 phenomenon70 star89)
23.590: (turn_to satellite0 star68 phenomenon70)
23.594: (turn_to satellite0 planet90 star68)
23.597: (turn_to satellite0 phenomenon61 planet90)
23.597: (turn_to satellite0 star66 phenomenon61)
23.618: (take_image satellite0 star66 instrument2 thermograph4)
23.591: (turn_to satellite0 planet76 star66)
23.591: (turn_to satellite0 star83 planet76)
23.596: (turn_to satellite0 planet92 star83)
23.586: (turn_to satellite4 star8 groundstation34)
23.552: (turn_to satellite0 planet93 planet92)
23.552: (turn_to satellite0 star83 planet93)
23.568: (turn_to satellite0 planet76 star83)
23.577: (turn_to satellite0 phenomenon61 planet76)
23.577: (turn_to satellite0 star68 phenomenon61)
23.577: (turn_to satellite0 phenomenon70 star68)
23.590: (turn_to satellite0 planet95 phenomenon70)
23.590: (turn_to satellite0 star97 planet95)
23.592: (turn_to satellite0 phenomenon60 star97)
23.614: (turn_to satellite0 phenomenon79 phenomenon60)
23.575: (turn_to satellite4 groundstation50 star8)
23.596: (turn_to satellite4 star12 groundstation50)
23.589: (turn_to satellite0 planet92 phenomenon79)
23.591: (turn_to satellite0 planet76 planet92)
23.591: (turn_to satellite0 star83 planet76)
23.601: (turn_to satellite0 star68 star83)
23.601: (turn_to satellite0 phenomenon70 star68)
23.602: (turn_to satellite0 phenomenon60 phenomenon70)
23.610: (turn_to satellite0 phenomenon61 phenomenon60)
23.610: (turn_to satellite0 planet93 phenomenon61)
23.615: (turn_to satellite0 planet95 planet93)
23.615: (turn_to satellite0 star97 planet95)
23.628: (turn_to satellite0 phenomenon84 star97)
23.628: (turn_to satellite0 star87 phenomenon84)
23.628: (turn_to satellite0 star89 star87)
23.632: (turn_to satellite0 planet90 star89)
23.634: (turn_to satellite0 star66 planet90)
23.630: (take_image satellite0 star66 instrument2 image0)
23.594: (turn_to satellite0 planet76 star66)
23.594: (turn_to satellite0 star83 planet76)
23.600: (turn_to satellite0 phenomenon60 star83)
23.600: (turn_to satellite0 star68 phenomenon60)
23.600: (turn_to satellite0 phenomenon70 star68)
23.603: (turn_to satellite0 planet92 phenomenon70)
23.603: (turn_to satellite0 planet93 planet92)
23.609: (turn_to satellite0 planet95 planet93)
23.609: (turn_to satellite0 star97 planet95)
23.611: (turn_to satellite0 phenomenon61 star97)
23.613: (turn_to satellite0 planet90 phenomenon61)
23.621: (turn_to satellite0 phenomenon79 planet90)
23.592: (turn_to satellite0 phenomenon84 phenomenon79)
23.621: (turn_to satellite0 star87 phenomenon84)
23.621: (turn_to satellite0 star89 star87)
23.704: (turn_to satellite4 star8 star12)
23.554: (turn_to satellite0 planet92 star89)
23.545: (turn_to satellite0 planet93 planet92)
23.555: (turn_to satellite0 star83 planet93)
23.568: (turn_to satellite0 planet76 star83)
23.579: (turn_to satellite0 phenomenon61 planet76)
23.579: (turn_to satellite0 star68 phenomenon61)
23.579: (turn_to satellite0 phenomenon70 star68)
23.583: (turn_to satellite0 planet95 phenomenon70)
23.583: (turn_to satellite0 star97 planet95)
23.591: (turn_to satellite0 phenomenon60 star97)
23.607: (turn_to satellite0 phenomenon79 phenomenon60)
23.574: (turn_to satellite4 groundstation50 star8)
23.595: (turn_to satellite4 groundstation32 groundstation50)
23.624: (turn_to satellite4 groundstation34 groundstation32)
23.653: (turn_to satellite4 star36 groundstation34)
23.653: (turn_to satellite4 star27 star36)
23.689: (turn_to satellite4 groundstation48 star27)
23.720: (turn_to satellite4 groundstation25 groundstation48)
23.729: (turn_to satellite4 star0 groundstation25)
23.722: (turn_to satellite4 groundstation52 star0)
23.722: (turn_to satellite4 star23 groundstation52)
23.722: (turn_to satellite4 star54 star23)
23.722: (turn_to satellite4 groundstation45 star54)
23.722: (turn_to satellite4 star14 groundstation45)
23.727: (turn_to satellite4 star21 star14)
23.741: (turn_to satellite4 star13 star21)
23.725: (turn_to satellite4 star88 star13)
23.726: (turn_to satellite0 star68 phenomenon79)
23.576: (turn_to satellite4 groundstation50 star88)
23.563: (turn_to satellite0 planet92 star68)
23.563: (turn_to satellite0 planet93 planet92)
23.576: (turn_to satellite0 star83 planet93)
23.580: (turn_to satellite0 phenomenon84 star83)
23.579: (turn_to satellite0 phenomenon70 phenomenon84)
23.580: (turn_to satellite0 star87 phenomenon70)
23.579: (turn_to satellite0 planet76 star87)
23.580: (turn_to satellite0 star89 planet76)
23.580: (turn_to satellite0 planet90 star89)
23.589: (turn_to satellite0 phenomenon60 planet90)
23.590: (turn_to satellite0 phenomenon61 phenomenon60)
23.580: (turn_to satellite0 planet95 phenomenon61)
23.580: (turn_to satellite0 star97 planet95)
23.595: (turn_to satellite4 groundstation32 groundstation50)
23.589: (turn_to satellite0 planet92 star97)
23.589: (turn_to satellite0 planet93 planet92)
23.595: (turn_to satellite0 phenomenon84 planet93)
23.591: (turn_to satellite4 star8 groundstation32)
23.607: (turn_to satellite0 star87 phenomenon84)
23.607: (turn_to satellite0 planet90 star87)
23.629: (turn_to satellite0 star66 planet90)
23.658: (turn_to satellite3 star88 star8)
23.447: (turn_to satellite0 planet92 star66)
23.447: (turn_to satellite0 planet93 planet92)
23.473: (take_image satellite0 planet93 instrument2 thermograph4)
23.475: (turn_to satellite0 planet92 planet93)
23.487: (take_image satellite0 planet92 instrument2 thermograph4)
23.532: (turn_to satellite0 planet93 planet92)
23.547: (turn_to satellite0 planet95 planet93)
23.547: (turn_to satellite0 star97 planet95)
23.673: (turn_to satellite0 planet90 star97)
23.678: (turn_to satellite0 phenomenon84 planet90)
23.678: (turn_to satellite0 star87 phenomenon84)
23.678: (turn_to satellite0 star89 star87)
23.623: (turn_to satellite3 groundstation50 star88)
23.645: (turn_to satellite3 star12 groundstation50)
23.645: (turn_to satellite3 groundstation32 star12)
23.648: (turn_to satellite3 star8 groundstation32)
23.614: (turn_to satellite0 star83 star89)
23.618: (turn_to satellite0 planet95 star83)
23.618: (turn_to satellite0 star97 planet95)
23.619: (turn_to satellite0 planet92 star97)
23.619: (turn_to satellite0 planet93 planet92)
23.619: (take_image satellite0 planet93 instrument2 image0)
23.606: (turn_to satellite0 star83 planet93)
23.619: (turn_to satellite0 planet95 star83)
23.619: (turn_to satellite0 star97 planet95)
23.619: (turn_to satellite0 planet76 star97)
23.622: (turn_to satellite0 planet92 planet76)
23.620: (take_image satellite0 planet92 instrument2 image0)
23.599: (turn_to satellite0 star83 planet92)
23.619: (turn_to satellite0 planet76 star83)
23.620: (turn_to satellite0 planet95 planet76)
23.620: (turn_to satellite0 planet93 planet95)
23.620: (turn_to satellite0 star97 planet93)
23.624: (turn_to satellite0 phenomenon61 star97)
23.624: (turn_to satellite0 star68 phenomenon61)
23.624: (turn_to satellite0 phenomenon70 star68)
23.628: (turn_to satellite0 planet90 phenomenon70)
23.644: (turn_to satellite0 phenomenon79 planet90)
23.631: (turn_to satellite4 groundstation50 star8)
23.654: (turn_to satellite4 star12 groundstation50)
23.646: (turn_to satellite0 star83 phenomenon79)
23.635: (turn_to satellite0 planet76 star83)
23.646: (turn_to satellite0 planet92 planet76)
23.646: (turn_to satellite0 planet93 planet92)
23.646: (turn_to satellite0 planet95 planet93)
23.646: (turn_to satellite0 star97 planet95)
23.648: (turn_to satellite0 star68 star97)
23.648: (turn_to satellite0 phenomenon70 star68)
23.657: (turn_to satellite0 phenomenon61 phenomenon70)
23.658: (turn_to satellite0 phenomenon84 phenomenon61)
23.658: (turn_to satellite0 star87 phenomenon84)
23.658: (turn_to satellite0 star89 star87)
23.659: (turn_to satellite0 phenomenon60 star89)
23.704: (turn_to satellite0 star66 phenomenon60)
23.710: (turn_to satellite4 groundstation32 star12)
23.647: (turn_to satellite0 star83 star66)
23.623: (turn_to satellite4 groundstation50 groundstation32)
23.637: (turn_to satellite0 phenomenon84 star83)
23.622: (turn_to satellite0 planet76 phenomenon84)
23.637: (turn_to satellite0 star87 planet76)
23.631: (turn_to satellite0 star68 star87)
23.637: (turn_to satellite0 star89 star68)
23.637: (turn_to satellite0 planet90 star89)
23.631: (turn_to satellite0 phenomenon70 planet90)
23.637: (turn_to satellite0 planet92 phenomenon70)
23.637: (turn_to satellite0 planet93 planet92)
23.637: (turn_to satellite0 planet95 planet93)
23.637: (turn_to satellite0 star97 planet95)
23.654: (turn_to satellite4 groundstation32 groundstation50)
23.654: (turn_to satellite0 phenomenon84 star97)
23.648: (turn_to satellite4 star8 groundstation32)
23.644: (turn_to satellite0 star87 phenomenon84)
23.644: (turn_to satellite0 star89 star87)
23.650: (turn_to satellite4 groundstation32 star8)
23.654: (turn_to satellite0 star87 star89)
23.654: (turn_to satellite0 planet90 star87)
23.654: (turn_to satellite0 planet92 planet90)
23.654: (turn_to satellite0 planet93 planet92)
23.654: (turn_to satellite0 planet95 planet93)
23.668: (turn_to satellite0 phenomenon79 planet95)
23.678: (turn_to satellite4 groundstation34 groundstation32)
23.710: (turn_to satellite4 star36 groundstation34)
23.710: (turn_to satellite4 star27 star36)
23.745: (turn_to satellite4 groundstation48 star27)
23.771: (turn_to satellite4 groundstation3 groundstation48)
23.729: (turn_to satellite4 star88 groundstation3)
23.756: (turn_to satellite0 phenomenon61 phenomenon79)
23.621: (turn_to satellite4 groundstation50 star88)
23.647: (turn_to satellite4 groundstation32 groundstation50)
23.666: (turn_to satellite0 planet76 phenomenon61)
23.674: (turn_to satellite4 star36 groundstation32)
23.674: (turn_to satellite0 star83 planet76)
23.674: (turn_to satellite4 star27 star36)
23.676: (turn_to satellite4 groundstation34 star27)
23.624: (turn_to satellite0 planet76 star83)
23.642: (turn_to satellite0 planet92 planet76)
23.642: (turn_to satellite0 planet93 planet92)
23.642: (turn_to satellite0 planet95 planet93)
23.642: (turn_to satellite0 star97 planet95)
23.658: (turn_to satellite0 phenomenon84 star97)
23.658: (turn_to satellite0 star87 phenomenon84)
23.658: (turn_to satellite0 star89 star87)
23.669: (turn_to satellite0 star68 star89)
23.669: (turn_to satellite0 phenomenon70 star68)
23.676: (turn_to satellite0 phenomenon61 phenomenon70)
23.678: (turn_to satellite0 phenomenon60 phenomenon61)
23.694: (turn_to satellite4 star8 groundstation34)
23.688: (turn_to satellite0 star66 phenomenon60)
23.697: (turn_to satellite3 star88 star8)
23.547: (turn_to satellite0 planet92 star66)
23.547: (turn_to satellite0 planet93 planet92)
23.547: (turn_to satellite0 planet95 planet93)
23.547: (turn_to satellite0 star97 planet95)
23.678: (turn_to satellite0 planet90 star97)
23.678: (turn_to satellite0 phenomenon84 planet90)
23.678: (turn_to satellite0 star87 phenomenon84)
23.678: (turn_to satellite0 star89 star87)
23.622: (turn_to satellite3 groundstation50 star88)
23.645: (turn_to satellite3 star12 groundstation50)
23.645: (turn_to satellite3 groundstation32 star12)
23.654: (turn_to satellite3 star89 groundstation32)
23.666: (turn_to satellite3 planet90 star89)
23.666: (turn_to satellite3 planet92 planet90)
23.666: (turn_to satellite3 planet93 planet92)
23.666: (turn_to satellite3 planet95 planet93)
23.666: (turn_to satellite3 star97 planet95)
23.670: (turn_to satellite3 groundstation34 star97)
23.692: (turn_to satellite3 planet98 groundstation34)
23.727: (turn_to satellite3 star36 planet98)
23.733: (turn_to satellite3 star27 star36)
23.749: (turn_to satellite3 groundstation3 star27)
23.770: (turn_to satellite3 star91 groundstation3)
23.771: (turn_to satellite3 groundstation48 star91)
23.760: (turn_to satellite0 phenomenon61 star89)
23.615: (turn_to satellite3 groundstation50 groundstation48)
23.577: (turn_to satellite0 planet76 phenomenon61)
23.580: (turn_to satellite0 star83 planet76)
23.592: (turn_to satellite0 planet92 star83)
23.592: (turn_to satellite0 planet93 planet92)
23.592: (turn_to satellite0 planet95 planet93)
23.592: (turn_to satellite0 star97 planet95)
23.604: (turn_to satellite0 phenomenon79 star97)
23.645: (turn_to satellite3 star12 groundstation50)
23.645: (turn_to satellite3 groundstation32 star12)
23.666: (turn_to satellite3 star89 groundstation32)
23.666: (turn_to satellite3 planet90 star89)
23.666: (turn_to satellite3 planet92 planet90)
23.666: (turn_to satellite3 planet93 planet92)
23.666: (turn_to satellite3 planet95 planet93)
23.666: (turn_to satellite3 star97 planet95)
23.670: (turn_to satellite3 groundstation34 star97)
23.625: (turn_to satellite3 star88 groundstation34)
23.631: (turn_to satellite0 phenomenon70 phenomenon79)
23.597: (take_image satellite0 phenomenon70 instrument2 thermograph4)
23.580: (turn_to satellite0 planet92 phenomenon70)
23.580: (turn_to satellite0 planet93 planet92)
23.580: (turn_to satellite0 planet95 planet93)
23.580: (turn_to satellite0 star97 planet95)
23.700: (turn_to satellite0 phenomenon61 star97)
23.621: (take_image satellite0 phenomenon61 instrument2 thermograph4)
23.612: (turn_to satellite0 planet92 phenomenon61)
23.612: (turn_to satellite0 planet93 planet92)
23.612: (turn_to satellite0 planet95 planet93)
23.612: (turn_to satellite0 star97 planet95)
23.720: (turn_to satellite0 star68 star97)
23.645: (take_image satellite0 star68 instrument2 thermograph4)
23.645: (turn_to satellite0 planet92 star68)
23.645: (turn_to satellite0 planet93 planet92)
23.645: (turn_to satellite0 planet95 planet93)
23.645: (turn_to satellite0 star97 planet95)
23.747: (turn_to satellite0 planet90 star97)
23.758: (turn_to satellite0 planet76 planet90)
23.672: (take_image satellite0 planet76 instrument2 thermograph4)
23.678: (turn_to satellite0 planet92 planet76)
23.678: (turn_to satellite0 planet93 planet92)
23.678: (turn_to satellite0 star97 planet93)
23.678: (turn_to satellite0 planet95 star97)
23.768: (turn_to satellite0 planet90 planet95)
23.781: (turn_to satellite0 star83 planet90)
23.682: (take_image satellite0 star83 instrument2 thermograph4)
23.709: (turn_to satellite0 planet92 star83)
23.709: (turn_to satellite0 planet93 planet92)
23.709: (turn_to satellite0 planet95 planet93)
23.709: (turn_to satellite0 star97 planet95)
23.774: (turn_to satellite0 planet90 star97)
23.825: (turn_to satellite0 phenomenon61 planet90)
23.744: (take_image satellite0 phenomenon61 instrument2 image0)
23.710: (turn_to satellite0 planet92 phenomenon61)
23.710: (turn_to satellite0 planet93 planet92)
23.710: (turn_to satellite0 planet95 planet93)
23.710: (turn_to satellite0 star97 planet95)
23.771: (turn_to satellite0 planet90 star97)
23.828: (turn_to satellite0 star68 planet90)
23.744: (take_image satellite0 star68 instrument2 image0)
23.711: (turn_to satellite0 planet92 star68)
23.711: (turn_to satellite0 planet93 planet92)
23.711: (turn_to satellite0 planet95 planet93)
23.711: (turn_to satellite0 star97 planet95)
23.772: (turn_to satellite0 planet90 star97)
23.828: (turn_to satellite0 phenomenon70 planet90)
23.745: (take_image satellite0 phenomenon70 instrument2 image0)
23.712: (turn_to satellite0 planet92 phenomenon70)
23.712: (turn_to satellite0 planet93 planet92)
23.712: (turn_to satellite0 planet95 planet93)
23.712: (turn_to satellite0 star97 planet95)
23.778: (turn_to satellite0 planet90 star97)
23.839: (turn_to satellite0 phenomenon60 planet90)
23.839: (turn_to satellite3 star8 star88)
23.756: (turn_to satellite0 planet92 phenomenon60)
23.756: (turn_to satellite0 planet93 planet92)
23.756: (turn_to satellite0 planet95 planet93)
23.756: (turn_to satellite0 star97 planet95)
23.773: (turn_to satellite0 star83 star97)
23.762: (take_image satellite0 star83 instrument2 image0)
23.751: (turn_to satellite0 planet92 star83)
23.751: (turn_to satellite0 planet93 planet92)
23.751: (turn_to satellite0 planet95 planet93)
23.751: (turn_to satellite0 star97 planet95)
23.772: (turn_to satellite0 phenomenon79 star97)
23.773: (turn_to satellite4 groundstation50 star8)
23.790: (turn_to satellite4 star36 groundstation50)
23.790: (turn_to satellite4 star27 star36)
23.795: (turn_to satellite4 star12 star27)
23.792: (turn_to satellite0 phenomenon84 phenomenon79)
23.777: (turn_to satellite0 planet92 phenomenon84)
23.777: (turn_to satellite0 planet93 planet92)
23.777: (turn_to satellite0 planet95 planet93)
23.777: (turn_to satellite0 star97 planet95)
23.785: (turn_to satellite0 planet90 star97)
23.789: (turn_to satellite0 star87 planet90)
23.789: (turn_to satellite0 star89 star87)
23.796: (turn_to satellite0 star83 star89)
23.803: (turn_to satellite0 phenomenon60 star83)
23.811: (turn_to satellite0 planet76 phenomenon60)
23.792: (take_image satellite0 planet76 instrument2 image0)
23.772: (turn_to satellite0 planet92 planet76)
23.772: (turn_to satellite0 planet93 planet92)
23.772: (turn_to satellite0 planet95 planet93)
23.772: (turn_to satellite0 star97 planet95)
23.776: (turn_to satellite0 planet90 star97)
23.784: (turn_to satellite0 phenomenon79 planet90)
23.792: (turn_to satellite0 phenomenon84 phenomenon79)
23.784: (turn_to satellite0 star87 phenomenon84)
23.784: (turn_to satellite0 star89 star87)
23.796: (turn_to satellite0 star83 star89)
23.804: (turn_to satellite0 phenomenon60 star83)
23.812: (turn_to satellite0 star66 phenomenon60)
23.812: (turn_to satellite0 star68 star66)
23.812: (turn_to satellite0 phenomenon70 star68)
23.818: (turn_to satellite0 phenomenon61 phenomenon70)
23.848: (turn_to satellite4 groundstation32 star12)
23.794: (turn_to satellite4 groundstation50 groundstation32)
23.778: (turn_to satellite0 phenomenon84 phenomenon61)
23.768: (turn_to satellite0 planet90 phenomenon84)
23.768: (turn_to satellite0 planet92 planet90)
23.778: (turn_to satellite0 star87 planet92)
23.768: (turn_to satellite0 planet93 star87)
23.778: (turn_to satellite0 star89 planet93)
23.778: (turn_to satellite0 planet95 star89)
23.778: (turn_to satellite0 star97 planet95)
23.791: (turn_to satellite4 star36 groundstation50)
23.791: (turn_to satellite0 star87 star97)
23.791: (turn_to satellite0 star89 star87)
23.791: (turn_to satellite0 planet90 star89)
23.791: (turn_to satellite0 planet92 planet90)
23.791: (turn_to satellite0 planet93 planet92)
23.791: (turn_to satellite0 planet95 planet93)
23.791: (turn_to satellite4 star27 star36)
23.791: (turn_to satellite0 star87 planet95)
23.791: (turn_to satellite0 star89 star87)
23.791: (turn_to satellite0 planet90 star89)
23.791: (turn_to satellite0 planet92 planet90)
23.791: (turn_to satellite0 planet93 planet92)
23.791: (turn_to satellite0 star97 planet93)
23.791: (turn_to satellite0 phenomenon84 star97)
23.791: (turn_to satellite4 star36 star27)
23.793: (turn_to satellite4 star8 star36)
23.745: (turn_to satellite0 planet92 phenomenon84)
23.745: (turn_to satellite0 planet93 planet92)
23.745: (turn_to satellite0 planet95 planet93)
23.746: (turn_to satellite0 star97 planet95)
23.767: (turn_to satellite0 phenomenon79 star97)
23.773: (turn_to satellite4 groundstation50 star8)
23.791: (turn_to satellite4 star36 groundstation50)
23.791: (turn_to satellite4 star27 star36)
23.796: (turn_to satellite4 groundstation32 star27)
23.823: (turn_to satellite4 groundstation34 groundstation32)
23.835: (turn_to satellite4 groundstation48 groundstation34)
23.870: (turn_to satellite4 star88 groundstation48)
23.868: (turn_to satellite4 star21 star88)
23.875: (turn_to satellite4 groundstation3 star21)
23.873: (turn_to satellite4 groundstation25 groundstation3)
23.916: (turn_to satellite4 star33 groundstation25)
23.915: (turn_to satellite4 groundstation44 star33)
23.915: (turn_to satellite4 star26 groundstation44)
23.918: (turn_to satellite4 star20 star26)
23.920: (turn_to satellite4 star10 star20)
23.921: (turn_to satellite4 planet77 star10)
23.921: (turn_to satellite4 planet80 planet77)
23.921: (turn_to satellite4 star81 planet80)
23.921: (turn_to satellite4 planet82 star81)
23.921: (turn_to satellite4 phenomenon86 planet82)
23.923: (turn_to satellite4 star0 phenomenon86)
23.921: (turn_to satellite4 phenomenon78 star0)
23.923: (turn_to satellite4 star23 phenomenon78)
23.924: (turn_to satellite4 groundstation52 star23)
23.924: (turn_to satellite4 star54 groundstation52)
23.924: (turn_to satellite4 groundstation45 star54)
23.924: (turn_to satellite4 star14 groundstation45)
23.925: (turn_to satellite4 phenomenon96 star14)
23.925: (turn_to satellite4 phenomenon99 phenomenon96)
23.934: (turn_to satellite4 star13 phenomenon99)
23.943: (turn_to satellite4 star89 star13)
23.943: (turn_to satellite4 planet90 star89)
23.943: (turn_to satellite4 planet92 planet90)
23.943: (turn_to satellite4 planet93 planet92)
23.943: (turn_to satellite4 planet95 planet93)
23.943: (turn_to satellite4 star37 planet95)
23.943: (turn_to satellite4 star97 star37)
23.949: (turn_to satellite4 star91 star97)
23.952: (turn_to satellite4 planet94 star91)
23.961: (turn_to satellite4 planet98 planet94)
23.971: (turn_to satellite4 planet65 planet98)
23.962: (turn_to satellite4 phenomenon79 planet65)
23.972: (turn_to satellite4 groundstation56 phenomenon79)
23.973: (turn_to satellite4 star2 groundstation56)
23.975: (turn_to satellite4 star42 star2)
23.975: (turn_to satellite4 star22 star42)
23.975: (turn_to satellite4 groundstation16 star22)
23.981: (turn_to satellite4 phenomenon64 groundstation16)
23.981: (turn_to satellite4 star69 phenomenon64)
23.981: (turn_to satellite4 planet72 star69)
23.981: (turn_to satellite4 planet75 planet72)
23.984: (turn_to satellite4 phenomenon84 planet75)
23.984: (turn_to satellite4 star87 phenomenon84)
23.991: (turn_to satellite4 groundstation4 star87)
23.991: (turn_to satellite4 star5 groundstation4)
23.991: (turn_to satellite4 groundstation7 star5)
23.991: (turn_to satellite4 groundstation17 groundstation7)
23.991: (turn_to satellite4 groundstation18 groundstation17)
23.991: (turn_to satellite4 star19 groundstation18)
23.991: (turn_to satellite4 star30 star19)
23.990: (turn_to satellite0 phenomenon84 phenomenon79)
23.904: (turn_to satellite4 groundstation34 star30)
23.767: (turn_to satellite0 star89 phenomenon84)
23.771: (turn_to satellite0 planet90 star89)
23.771: (turn_to satellite0 planet92 planet90)
23.771: (turn_to satellite0 planet93 planet92)
23.771: (turn_to satellite0 planet95 planet93)
23.771: (turn_to satellite0 star97 planet95)
23.788: (turn_to satellite0 star87 star97)
23.802: (turn_to satellite0 star83 star87)
23.823: (turn_to satellite0 phenomenon60 star83)
23.835: (turn_to satellite0 star66 phenomenon60)
23.835: (turn_to satellite0 star68 star66)
23.835: (turn_to satellite0 phenomenon70 star68)
23.835: (turn_to satellite0 planet76 phenomenon70)
23.838: (turn_to satellite0 phenomenon61 planet76)
23.860: (turn_to satellite4 star8 groundstation34)
23.770: (turn_to satellite0 star87 phenomenon61)
23.770: (turn_to satellite0 star89 star87)
23.778: (turn_to satellite0 planet90 star89)
23.786: (turn_to satellite0 star83 planet90)
23.793: (turn_to satellite0 phenomenon60 star83)
23.805: (turn_to satellite0 star68 phenomenon60)
23.805: (turn_to satellite0 phenomenon70 star68)
23.805: (turn_to satellite0 planet76 phenomenon70)
23.806: (turn_to satellite0 star66 planet76)
23.808: (turn_to satellite3 star88 star8)
23.714: (turn_to satellite0 planet92 star66)
23.714: (turn_to satellite0 planet93 planet92)
23.714: (turn_to satellite0 planet95 planet93)
23.714: (turn_to satellite0 star97 planet95)
23.775: (turn_to satellite0 planet90 star97)
23.840: (turn_to satellite0 phenomenon61 planet90)
23.841: (turn_to satellite0 phenomenon60 phenomenon61)
23.843: (turn_to satellite0 star68 phenomenon60)
23.843: (turn_to satellite0 phenomenon70 star68)
23.845: (turn_to satellite0 phenomenon84 phenomenon70)
23.845: (turn_to satellite0 star87 phenomenon84)
23.845: (turn_to satellite0 star89 star87)
23.764: (turn_to satellite3 groundstation50 star88)
23.779: (turn_to satellite3 star89 groundstation50)
23.782: (turn_to satellite3 star12 star89)
23.787: (turn_to satellite3 groundstation32 star12)
23.794: (turn_to satellite3 planet90 groundstation32)
23.794: (turn_to satellite3 planet92 planet90)
23.794: (turn_to satellite3 planet93 planet92)
23.794: (turn_to satellite3 planet95 planet93)
23.794: (turn_to satellite3 star97 planet95)
23.811: (turn_to satellite3 star36 star97)
23.816: (turn_to satellite3 star27 star36)
23.820: (turn_to satellite3 groundstation34 star27)
23.823: (turn_to satellite3 planet98 groundstation34)
23.836: (turn_to satellite3 phenomenon99 planet98)
23.849: (turn_to satellite3 groundstation3 phenomenon99)
23.861: (turn_to satellite3 groundstation48 groundstation3)
23.895: (turn_to satellite3 planet94 groundstation48)
23.902: (turn_to satellite3 groundstation25 planet94)
23.900: (turn_to satellite3 star87 groundstation25)
23.906: (turn_to satellite3 star21 star87)
23.915: (turn_to satellite3 star33 star21)
23.914: (turn_to satellite3 groundstation44 star33)
23.914: (turn_to satellite3 star26 groundstation44)
23.917: (turn_to satellite3 phenomenon79 star26)
23.915: (turn_to satellite3 star20 phenomenon79)
23.917: (turn_to satellite3 phenomenon84 star20)
23.916: (turn_to satellite3 star10 phenomenon84)
23.888: (turn_to satellite4 groundstation48 star8)
23.835: (turn_to satellite3 star8 star10)
23.796: (turn_to satellite4 groundstation32 groundstation48)
23.796: (turn_to satellite0 phenomenon84 star89)
[Final] Expanded: 1000, Generated: 510000
Failed to find a solution!
