/u/ibrahim.eisawy/Neural-Guided-Search/venv/lib/python3.10/site-packages/pymimir_rgnn/model.py:151: UserWarning: index_reduce() is in beta and the API may change at any time. (Triggered internally at /pytorch/aten/src/ATen/native/cuda/Indexing.cu:1541.)
  max_msg.index_reduce_(0, output_indices, output_messages, reduce='amax', include_self=True)
Torch: 2.12.0+cu130
Using GPU:  NVIDIA L40S
82.661: (switch_on instrument9 satellite4)
77.865: (switch_on instrument1 satellite0)
70.553: (calibrate satellite0 instrument1 star24)
68.471: (turn_to satellite4 star55 phenomenon82)
61.629: (calibrate satellite4 instrument9 star55)
60.177: (turn_to satellite2 star3 star89)
59.219: (turn_to satellite0 star26 star24)
58.551: (turn_to satellite4 phenomenon60 star55)
57.431: (take_image satellite4 phenomenon60 instrument9 infrared4)
56.771: (turn_to satellite4 star39 phenomenon60)
56.421: (turn_to satellite1 groundstation34 star10)
56.356: (turn_to satellite3 star20 star16)
56.284: (take_image satellite0 star26 instrument1 image0)
56.339: (take_image satellite0 star26 instrument1 infrared3)
56.411: (turn_to satellite3 star2 star20)
56.404: (turn_to satellite0 planet81 star26)
56.226: (turn_to satellite1 star26 groundstation34)
56.157: (take_image satellite0 planet81 instrument1 image0)
56.147: (take_image satellite4 star39 instrument9 thermograph2)
56.156: (take_image satellite4 star39 instrument9 infrared1)
56.171: (take_image satellite4 star39 instrument9 infrared4)
56.187: (turn_to satellite3 groundstation6 star2)
56.134: (turn_to satellite3 star19 groundstation6)
56.138: (turn_to satellite3 star20 star19)
56.142: (take_image satellite0 planet81 instrument1 infrared3)
56.138: (turn_to satellite3 star2 star20)
56.153: (turn_to satellite3 groundstation34 star2)
56.135: (turn_to satellite3 star19 groundstation34)
56.138: (turn_to satellite3 groundstation6 star19)
56.179: (turn_to satellite0 phenomenon90 planet81)
54.562: (take_image satellite0 phenomenon90 instrument1 infrared3)
53.922: (turn_to satellite0 star93 phenomenon90)
51.931: (take_image satellite0 star93 instrument1 image0)
51.332: (turn_to satellite0 star61 star93)
51.297: (turn_to satellite3 groundstation34 groundstation6)
51.297: (turn_to satellite3 star46 groundstation34)
51.304: (turn_to satellite3 star19 star46)
51.332: (turn_to satellite0 star89 star61)
50.424: (take_image satellite0 star89 instrument1 image0)
49.863: (turn_to satellite0 star30 star89)
49.870: (turn_to satellite4 planet80 star39)
49.369: (turn_to satellite0 phenomenon63 star30)
48.613: (take_image satellite0 phenomenon63 instrument1 infrared3)
48.063: (turn_to satellite0 star25 phenomenon63)
47.958: (turn_to satellite1 star46 star26)
47.957: (turn_to satellite3 groundstation6 star19)
47.966: (take_image satellite0 star25 instrument1 image0)
47.964: (turn_to satellite1 groundstation4 star46)
47.963: (turn_to satellite0 star61 star25)
47.490: (turn_to satellite1 star30 groundstation4)
47.475: (turn_to satellite4 star86 planet80)
47.462: (turn_to satellite1 star25 star30)
47.433: (turn_to satellite4 planet91 star86)
47.437: (turn_to satellite0 planet92 star61)
47.445: (turn_to satellite0 planet84 planet92)
46.764: (take_image satellite0 planet84 instrument1 image0)
46.160: (turn_to satellite0 planet85 planet84)
45.455: (take_image satellite0 planet85 instrument1 image0)
44.860: (turn_to satellite0 phenomenon70 planet85)
44.635: (turn_to satellite2 groundstation15 star3)
44.458: (turn_to satellite3 star3 groundstation6)
44.363: (turn_to satellite4 phenomenon82 planet91)
43.116: (take_image satellite4 phenomenon82 instrument9 thermograph2)
42.366: (turn_to satellite4 planet83 phenomenon82)
41.223: (take_image satellite4 planet83 instrument9 infrared1)
40.519: (turn_to satellite4 star74 planet83)
39.902: (take_image satellite4 star74 instrument9 thermograph2)
39.215: (turn_to satellite4 star62 star74)
38.592: (take_image satellite4 star62 instrument9 thermograph2)
37.913: (turn_to satellite4 planet64 star62)
37.286: (take_image satellite4 planet64 instrument9 thermograph2)
36.610: (turn_to satellite4 star65 planet64)
35.977: (take_image satellite4 star65 instrument9 thermograph2)
35.308: (turn_to satellite4 star88 star65)
34.666: (take_image satellite4 star88 instrument9 thermograph2)
34.002: (turn_to satellite4 planet92 star88)
33.358: (take_image satellite4 planet92 instrument9 thermograph2)
32.693: (turn_to satellite4 star94 planet92)
32.049: (take_image satellite4 star94 instrument9 thermograph2)
31.382: (turn_to satellite4 star95 star94)
30.688: (take_image satellite4 star95 instrument9 thermograph2)
30.051: (turn_to satellite4 planet96 star95)
29.332: (take_image satellite4 planet96 instrument9 thermograph2)
28.737: (turn_to satellite4 phenomenon98 planet96)
28.737: (turn_to satellite4 phenomenon99 phenomenon98)
28.778: (turn_to satellite4 star97 phenomenon99)
28.779: (turn_to satellite0 star72 phenomenon70)
28.755: (turn_to satellite0 phenomenon98 star72)
28.075: (take_image satellite0 phenomenon98 instrument1 infrared3)
27.452: (turn_to satellite0 phenomenon99 phenomenon98)
26.769: (take_image satellite0 phenomenon99 instrument1 infrared3)
26.155: (turn_to satellite0 phenomenon87 phenomenon99)
26.143: (turn_to satellite4 phenomenon67 star97)
25.415: (take_image satellite4 phenomenon67 instrument9 thermograph2)
24.804: (turn_to satellite4 planet91 phenomenon67)
24.802: (turn_to satellite0 planet66 phenomenon87)
24.831: (turn_to satellite0 star97 planet66)
24.152: (take_image satellite0 star97 instrument1 infrared3)
23.497: (turn_to satellite0 planet66 star97)
23.537: (turn_to satellite0 phenomenon87 planet66)
23.566: (turn_to satellite0 phenomenon79 phenomenon87)
23.571: (turn_to satellite4 phenomenon87 planet91)
22.824: (take_image satellite4 phenomenon87 instrument9 infrared1)
22.189: (turn_to satellite4 planet91 phenomenon87)
22.212: (turn_to satellite0 planet66 phenomenon79)
22.232: (take_image satellite0 planet66 instrument1 image0)
22.258: (take_image satellite0 planet66 instrument1 infrared3)
22.267: (turn_to satellite0 star86 planet66)
21.575: (take_image satellite0 star86 instrument1 infrared3)
21.002: (turn_to satellite0 planet66 star86)
20.993: (turn_to satellite0 planet80 planet66)
20.270: (take_image satellite0 planet80 instrument1 infrared3)
19.695: (turn_to satellite0 planet66 planet80)
19.682: (turn_to satellite0 phenomenon79 planet66)
19.678: (turn_to satellite4 phenomenon70 planet91)
18.943: (take_image satellite4 phenomenon70 instrument9 infrared1)
18.292: (turn_to satellite4 planet91 phenomenon70)
18.369: (turn_to satellite4 star73 planet91)
17.630: (take_image satellite4 star73 instrument9 infrared1)
16.988: (turn_to satellite4 planet91 star73)
17.035: (turn_to satellite4 planet76 planet91)
16.361: (take_image satellite4 planet76 instrument9 infrared1)
15.680: (turn_to satellite4 planet91 planet76)
15.746: (turn_to satellite4 phenomenon69 planet91)
15.005: (take_image satellite4 phenomenon69 instrument9 infrared4)
14.373: (turn_to satellite4 planet91 phenomenon69)
14.436: (turn_to satellite4 star71 planet91)
13.707: (take_image satellite4 star71 instrument9 infrared4)
13.068: (turn_to satellite4 planet91 star71)
13.124: (turn_to satellite4 star72 planet91)
12.408: (take_image satellite4 star72 instrument9 infrared4)
11.752: (turn_to satellite4 planet91 star72)
11.816: (turn_to satellite0 star78 phenomenon79)
11.204: (take_image satellite0 star78 instrument1 infrared3)
10.603: (turn_to satellite0 phenomenon79 star78)
10.608: (switch_on instrument4 satellite2)
10.525: (take_image satellite0 phenomenon79 instrument1 infrared3)
10.542: (take_image satellite0 phenomenon79 instrument1 image0)
10.573: (turn_to satellite0 phenomenon68 phenomenon79)
10.064: (take_image satellite0 phenomenon68 instrument1 infrared3)
9.396: (turn_to satellite0 phenomenon75 phenomenon68)
8.892: (take_image satellite0 phenomenon75 instrument1 image0)
8.245: (turn_to satellite0 star77 phenomenon75)
7.603: (take_image satellite0 star77 instrument1 image0)
6.947: (turn_to satellite0 planet66 star77)
6.773: (turn_to satellite3 phenomenon79 star3)
6.431: (switch_on instrument8 satellite3)
6.415: (turn_to satellite0 star61 planet66)
6.385: (turn_to satellite3 planet81 phenomenon79)
6.398: (turn_to satellite3 planet66 planet81)
6.430: (turn_to satellite0 phenomenon79 star61)
6.410: (turn_to satellite3 planet81 planet66)
6.448: (turn_to satellite4 star61 planet91)
5.852: (take_image satellite4 star61 instrument9 infrared4)
5.280: (turn_to satellite4 planet91 star61)
5.287: (turn_to satellite1 groundstation52 star25)
5.309: (turn_to satellite3 planet66 planet81)
5.299: (turn_to satellite0 planet81 phenomenon79)
5.310: (turn_to satellite3 phenomenon79 planet66)
5.293: (take_image satellite4 planet91 instrument9 infrared4)
5.307: (take_image satellite4 planet91 instrument9 infrared1)
5.345: (turn_to satellite4 planet66 planet91)
4.876: (take_image satellite4 planet66 instrument9 thermograph2)
4.196: (turn_to satellite4 planet91 planet66)
4.247: (turn_to satellite1 star25 groundstation52)
4.275: (turn_to satellite1 groundstation32 star25)
4.320: (turn_to satellite1 star30 groundstation32)
4.302: (switch_off instrument4 satellite2)
4.257: (switch_on instrument5 satellite2)
4.280: (turn_to satellite1 groundstation52 star30)
4.228: (switch_off instrument5 satellite2)
4.276: (switch_on instrument6 satellite2)
4.277: (turn_to satellite1 groundstation32 groundstation52)
4.232: (switch_off instrument6 satellite2)
4.271: (switch_on instrument5 satellite2)
4.266: (turn_to satellite1 star25 groundstation32)
4.210: (switch_off instrument5 satellite2)
4.310: (switch_on instrument6 satellite2)
4.292: (turn_to satellite1 star30 star25)
4.404: (turn_to satellite3 star86 phenomenon79)
4.404: (turn_to satellite3 phenomenon90 star86)
4.404: (turn_to satellite3 star97 phenomenon90)
4.404: (turn_to satellite3 phenomenon98 star97)
4.405: (turn_to satellite3 phenomenon99 phenomenon98)
4.411: (turn_to satellite3 phenomenon63 phenomenon99)
4.411: (turn_to satellite3 phenomenon68 phenomenon63)
4.411: (turn_to satellite3 star78 phenomenon68)
4.411: (turn_to satellite3 planet80 star78)
4.422: (turn_to satellite3 star61 planet80)
4.421: (turn_to satellite3 phenomenon60 star61)
4.422: (turn_to satellite3 phenomenon69 phenomenon60)
4.422: (turn_to satellite3 star71 phenomenon69)
4.422: (turn_to satellite3 star72 star71)
4.428: (turn_to satellite3 star93 star72)
4.428: (turn_to satellite3 star89 star93)
4.432: (turn_to satellite3 phenomenon87 star89)
4.438: (turn_to satellite3 groundstation15 phenomenon87)
4.424: (turn_to satellite1 groundstation32 star30)
4.381: (turn_to satellite4 phenomenon79 planet91)
3.449: (take_image satellite4 phenomenon79 instrument9 infrared1)
2.865: (turn_to satellite4 planet91 phenomenon79)
2.936: (turn_to satellite1 star30 groundstation32)
2.963: (turn_to satellite1 groundstation52 star30)
2.946: (turn_to satellite3 phenomenon60 groundstation15)
2.953: (turn_to satellite3 star61 phenomenon60)
2.953: (turn_to satellite3 phenomenon69 star61)
2.953: (turn_to satellite3 star71 phenomenon69)
2.953: (turn_to satellite3 star72 star71)
2.966: (turn_to satellite3 phenomenon63 star72)
2.966: (turn_to satellite3 phenomenon68 phenomenon63)
2.967: (turn_to satellite3 planet80 phenomenon68)
2.967: (turn_to satellite3 star86 planet80)
2.967: (turn_to satellite3 star78 star86)
2.991: (turn_to satellite3 planet81 star78)
3.004: (turn_to satellite3 groundstation52 planet81)
2.978: (turn_to satellite1 planet91 groundstation52)
2.917: (turn_to satellite1 planet81 planet91)
2.926: (turn_to satellite1 phenomenon60 planet81)
2.956: (turn_to satellite1 phenomenon69 phenomenon60)
2.956: (turn_to satellite1 star71 phenomenon69)
2.956: (turn_to satellite1 star72 star71)
2.963: (turn_to satellite1 star89 star72)
2.963: (turn_to satellite1 star93 star89)
2.970: (turn_to satellite1 phenomenon75 star93)
2.970: (turn_to satellite1 star77 phenomenon75)
2.970: (turn_to satellite1 planet84 star77)
2.970: (turn_to satellite1 planet85 planet84)
2.971: (turn_to satellite1 star78 planet85)
2.971: (turn_to satellite1 phenomenon68 star78)
2.971: (turn_to satellite1 planet80 phenomenon68)
2.971: (turn_to satellite1 star86 planet80)
2.971: (turn_to satellite1 phenomenon63 star86)
2.976: (turn_to satellite1 star61 phenomenon63)
2.977: (turn_to satellite1 phenomenon70 star61)
2.977: (turn_to satellite1 star73 phenomenon70)
2.977: (turn_to satellite1 planet76 star73)
2.977: (turn_to satellite1 planet83 planet76)
2.981: (turn_to satellite1 groundstation15 planet83)
2.969: (turn_to satellite3 groundstation32 groundstation52)
2.978: (turn_to satellite1 planet91 groundstation15)
3.007: (turn_to satellite1 groundstation32 planet91)
2.953: (turn_to satellite3 phenomenon69 groundstation32)
2.953: (turn_to satellite3 phenomenon60 phenomenon69)
2.953: (turn_to satellite3 star61 phenomenon60)
2.953: (turn_to satellite3 star71 star61)
2.953: (turn_to satellite3 star72 star71)
2.966: (turn_to satellite3 phenomenon63 star72)
2.966: (turn_to satellite3 phenomenon68 phenomenon63)
2.967: (turn_to satellite3 planet80 phenomenon68)
2.967: (turn_to satellite3 star86 planet80)
2.967: (turn_to satellite3 star78 star86)
2.991: (turn_to satellite3 planet81 star78)
3.047: (turn_to satellite3 phenomenon90 planet81)
3.009: (turn_to satellite3 phenomenon79 phenomenon90)
3.021: (switch_off instrument6 satellite2)
3.016: (turn_to satellite1 groundstation52 groundstation32)
3.071: (turn_to satellite3 groundstation52 phenomenon79)
2.969: (turn_to satellite3 phenomenon60 groundstation52)
2.969: (turn_to satellite3 star61 phenomenon60)
2.969: (turn_to satellite3 phenomenon69 star61)
2.969: (turn_to satellite3 star71 phenomenon69)
2.969: (turn_to satellite3 star72 star71)
2.971: (turn_to satellite3 phenomenon63 star72)
2.971: (turn_to satellite3 phenomenon68 phenomenon63)
2.971: (turn_to satellite3 star78 phenomenon68)
2.971: (turn_to satellite3 planet80 star78)
2.997: (turn_to satellite3 planet81 planet80)
3.118: (turn_to satellite3 star97 planet81)
3.000: (turn_to satellite3 phenomenon98 star97)
3.000: (turn_to satellite3 phenomenon99 phenomenon98)
3.005: (turn_to satellite3 phenomenon75 phenomenon99)
3.005: (turn_to satellite3 star77 phenomenon75)
3.013: (turn_to satellite3 phenomenon70 star77)
3.013: (turn_to satellite3 star73 phenomenon70)
3.013: (turn_to satellite3 planet76 star73)
3.013: (turn_to satellite3 planet83 planet76)
3.019: (turn_to satellite3 planet84 planet83)
3.022: (turn_to satellite3 star62 planet84)
3.022: (turn_to satellite3 planet64 star62)
3.022: (turn_to satellite3 star65 planet64)
3.022: (turn_to satellite3 phenomenon67 star65)
3.022: (turn_to satellite3 star74 phenomenon67)
3.022: (turn_to satellite3 phenomenon82 star74)
3.027: (turn_to satellite3 star86 phenomenon82)
3.028: (turn_to satellite3 phenomenon90 star86)
3.028: (turn_to satellite3 planet66 phenomenon90)
3.133: (turn_to satellite3 planet85 planet66)
3.041: (turn_to satellite3 star93 planet85)
3.042: (turn_to satellite3 star89 star93)
3.045: (turn_to satellite3 planet96 star89)
3.047: (turn_to satellite3 groundstation15 planet96)
2.950: (switch_on instrument5 satellite2)
2.860: (turn_to satellite1 star30 groundstation52)
2.880: (turn_to satellite3 phenomenon63 groundstation15)
2.879: (turn_to satellite3 phenomenon60 phenomenon63)
2.881: (turn_to satellite3 phenomenon68 phenomenon60)
2.881: (turn_to satellite3 star78 phenomenon68)
2.881: (turn_to satellite3 planet80 star78)
2.881: (turn_to satellite3 star86 planet80)
2.886: (turn_to satellite3 star61 star86)
2.886: (turn_to satellite3 phenomenon69 star61)
2.886: (turn_to satellite3 star71 phenomenon69)
2.886: (turn_to satellite3 star72 star71)
2.909: (turn_to satellite3 planet81 star72)
2.918: (turn_to satellite3 phenomenon99 planet81)
2.918: (turn_to satellite3 star97 phenomenon99)
2.918: (turn_to satellite3 phenomenon98 star97)
2.930: (turn_to satellite3 phenomenon90 phenomenon98)
2.936: (turn_to satellite3 phenomenon75 phenomenon90)
2.936: (turn_to satellite3 star77 phenomenon75)
2.936: (turn_to satellite3 planet84 star77)
2.936: (turn_to satellite3 planet85 planet84)
2.937: (turn_to satellite3 star62 planet85)
2.937: (turn_to satellite3 planet64 star62)
2.937: (turn_to satellite3 star65 planet64)
2.937: (turn_to satellite3 phenomenon67 star65)
2.937: (turn_to satellite3 star74 phenomenon67)
2.937: (turn_to satellite3 phenomenon82 star74)
2.939: (turn_to satellite3 phenomenon79 phenomenon82)
2.937: (turn_to satellite3 star88 phenomenon79)
2.945: (turn_to satellite3 planet66 star88)
2.948: (turn_to satellite3 planet91 planet66)
2.957: (turn_to satellite3 phenomenon70 planet91)
2.957: (turn_to satellite3 star73 phenomenon70)
2.957: (turn_to satellite3 planet76 star73)
2.957: (turn_to satellite3 planet83 planet76)
2.964: (turn_to satellite3 star89 planet83)
2.964: (turn_to satellite3 star93 star89)
2.967: (turn_to satellite3 planet96 star93)
2.975: (turn_to satellite3 phenomenon87 planet96)
2.975: (turn_to satellite3 planet92 phenomenon87)
2.975: (turn_to satellite3 star94 planet92)
2.975: (turn_to satellite3 star95 star94)
3.048: (turn_to satellite3 groundstation5 star95)
2.990: (turn_to satellite3 groundstation52 groundstation5)
3.012: (turn_to satellite1 planet81 star30)
2.860: (turn_to satellite1 phenomenon60 planet81)
2.891: (turn_to satellite1 planet91 phenomenon60)
2.880: (turn_to satellite1 star61 planet91)
2.896: (turn_to satellite1 phenomenon69 star61)
2.896: (turn_to satellite1 star71 phenomenon69)
2.896: (turn_to satellite1 star72 star71)
2.913: (turn_to satellite1 phenomenon63 star72)
2.913: (turn_to satellite1 phenomenon68 phenomenon63)
2.913: (turn_to satellite1 star78 phenomenon68)
2.913: (turn_to satellite1 planet80 star78)
2.913: (turn_to satellite1 star86 planet80)
2.924: (turn_to satellite1 planet64 star86)
2.924: (turn_to satellite1 phenomenon82 planet64)
2.925: (turn_to satellite1 star74 phenomenon82)
2.925: (turn_to satellite1 star62 star74)
2.925: (turn_to satellite1 star65 star62)
2.926: (turn_to satellite1 phenomenon67 star65)
2.928: (turn_to satellite1 phenomenon70 phenomenon67)
2.928: (turn_to satellite1 star73 phenomenon70)
2.928: (turn_to satellite1 planet76 star73)
2.928: (turn_to satellite1 planet83 planet76)
2.936: (turn_to satellite1 phenomenon75 planet83)
2.936: (turn_to satellite1 star77 phenomenon75)
2.936: (turn_to satellite1 planet84 star77)
2.936: (turn_to satellite1 planet85 planet84)
2.939: (turn_to satellite1 planet66 planet85)
2.944: (turn_to satellite1 phenomenon79 planet66)
2.960: (turn_to satellite1 phenomenon99 phenomenon79)
2.962: (turn_to satellite1 groundstation52 phenomenon99)
2.894: (turn_to satellite3 phenomenon60 groundstation52)
2.901: (turn_to satellite3 star61 phenomenon60)
2.901: (turn_to satellite3 phenomenon69 star61)
2.901: (turn_to satellite3 star71 phenomenon69)
2.901: (turn_to satellite3 star72 star71)
2.920: (turn_to satellite3 star86 star72)
2.920: (turn_to satellite3 star78 star86)
2.920: (turn_to satellite3 planet80 star78)
2.921: (turn_to satellite3 phenomenon63 planet80)
2.921: (turn_to satellite3 phenomenon68 phenomenon63)
2.937: (turn_to satellite3 planet81 phenomenon68)
3.009: (turn_to satellite3 phenomenon99 planet81)
2.961: (turn_to satellite3 star77 phenomenon99)
2.961: (turn_to satellite3 planet84 star77)
2.961: (turn_to satellite3 planet85 planet84)
2.961: (turn_to satellite3 phenomenon75 planet85)
2.962: (turn_to satellite3 phenomenon79 phenomenon75)
3.010: (turn_to satellite3 phenomenon98 phenomenon79)
2.966: (turn_to satellite3 planet76 phenomenon98)
2.967: (turn_to satellite3 phenomenon70 planet76)
2.967: (turn_to satellite3 star73 phenomenon70)
2.967: (turn_to satellite3 planet83 star73)
2.969: (turn_to satellite3 star97 planet83)
2.969: (turn_to satellite3 phenomenon90 star97)
2.969: (turn_to satellite3 phenomenon82 phenomenon90)
2.971: (turn_to satellite3 star62 phenomenon82)
2.971: (turn_to satellite3 planet64 star62)
2.971: (turn_to satellite3 star65 planet64)
2.971: (turn_to satellite3 phenomenon67 star65)
2.971: (turn_to satellite3 star74 phenomenon67)
2.973: (turn_to satellite3 planet66 star74)
3.040: (turn_to satellite3 planet91 planet66)
2.985: (turn_to satellite3 star89 planet91)
2.985: (turn_to satellite3 star93 star89)
2.995: (turn_to satellite3 phenomenon87 star93)
3.008: (turn_to satellite3 star88 phenomenon87)
3.008: (turn_to satellite3 planet92 star88)
3.008: (turn_to satellite3 star94 planet92)
3.008: (turn_to satellite3 star95 star94)
3.008: (turn_to satellite3 planet96 star95)
3.071: (turn_to satellite1 star25 groundstation52)
2.892: (turn_to satellite3 groundstation15 planet96)
2.924: (turn_to satellite3 star61 groundstation15)
2.924: (turn_to satellite3 phenomenon69 star61)
2.924: (turn_to satellite3 star71 phenomenon69)
2.924: (turn_to satellite3 star72 star71)
2.928: (turn_to satellite3 phenomenon63 star72)
2.927: (turn_to satellite3 phenomenon60 phenomenon63)
2.928: (turn_to satellite3 phenomenon68 phenomenon60)
2.928: (turn_to satellite3 star78 phenomenon68)
2.928: (turn_to satellite3 planet80 star78)
2.928: (turn_to satellite3 star86 planet80)
2.959: (turn_to satellite3 planet81 star86)
2.996: (turn_to satellite3 phenomenon70 planet81)
2.996: (turn_to satellite3 star73 phenomenon70)
2.996: (turn_to satellite3 planet76 star73)
2.996: (turn_to satellite3 planet83 planet76)
2.998: (turn_to satellite3 star97 planet83)
2.996: (turn_to satellite3 phenomenon87 star97)
2.998: (turn_to satellite3 phenomenon98 phenomenon87)
2.998: (turn_to satellite3 star62 phenomenon98)
2.998: (turn_to satellite3 phenomenon99 star62)
2.998: (turn_to satellite3 planet64 phenomenon99)
2.998: (turn_to satellite3 star65 planet64)
2.998: (turn_to satellite3 phenomenon67 star65)
2.998: (turn_to satellite3 star74 phenomenon67)
2.998: (turn_to satellite3 phenomenon82 star74)
3.002: (turn_to satellite3 phenomenon79 phenomenon82)
2.998: (turn_to satellite3 star88 phenomenon79)
3.002: (turn_to satellite3 phenomenon90 star88)
3.006: (turn_to satellite3 phenomenon75 phenomenon90)
3.006: (turn_to satellite3 star77 phenomenon75)
3.006: (turn_to satellite3 planet84 star77)
3.006: (turn_to satellite3 planet85 planet84)
3.011: (turn_to satellite3 planet66 planet85)
3.023: (turn_to satellite3 planet91 planet66)
3.051: (turn_to satellite3 star89 planet91)
3.051: (turn_to satellite3 star93 star89)
3.061: (turn_to satellite3 planet92 star93)
3.058: (turn_to satellite3 star95 planet92)
3.061: (turn_to satellite3 star94 star95)
3.084: (turn_to satellite3 groundstation5 star94)
3.058: (turn_to satellite3 groundstation52 groundstation5)
3.046: (turn_to satellite1 groundstation15 star25)
2.944: (turn_to satellite3 groundstation32 groundstation52)
2.950: (turn_to satellite1 planet91 groundstation15)
2.994: (turn_to satellite1 groundstation32 planet91)
2.891: (turn_to satellite3 phenomenon60 groundstation32)
2.893: (turn_to satellite3 groundstation15 phenomenon60)
2.901: (turn_to satellite3 star72 groundstation15)
2.901: (turn_to satellite3 star61 star72)
2.901: (turn_to satellite3 phenomenon69 star61)
2.901: (turn_to satellite3 star71 phenomenon69)
2.920: (turn_to satellite3 star86 star71)
2.920: (turn_to satellite3 star78 star86)
2.920: (turn_to satellite3 planet80 star78)
2.921: (turn_to satellite3 phenomenon63 planet80)
2.921: (turn_to satellite3 phenomenon68 phenomenon63)
2.937: (turn_to satellite3 planet81 phenomenon68)
3.009: (turn_to satellite3 phenomenon99 planet81)
2.961: (turn_to satellite3 star77 phenomenon99)
2.961: (turn_to satellite3 planet84 star77)
2.961: (turn_to satellite3 planet85 planet84)
2.961: (turn_to satellite3 phenomenon75 planet85)
2.962: (turn_to satellite3 phenomenon79 phenomenon75)
3.010: (turn_to satellite3 phenomenon98 phenomenon79)
2.966: (turn_to satellite3 planet76 phenomenon98)
2.967: (turn_to satellite3 phenomenon70 planet76)
2.967: (turn_to satellite3 star73 phenomenon70)
2.967: (turn_to satellite3 planet83 star73)
2.969: (turn_to satellite3 star97 planet83)
2.969: (turn_to satellite3 phenomenon90 star97)
2.969: (turn_to satellite3 phenomenon82 phenomenon90)
2.971: (turn_to satellite3 star62 phenomenon82)
2.971: (turn_to satellite3 planet64 star62)
2.971: (turn_to satellite3 star65 planet64)
2.971: (turn_to satellite3 phenomenon67 star65)
2.971: (turn_to satellite3 star74 phenomenon67)
2.973: (turn_to satellite3 planet66 star74)
3.040: (turn_to satellite3 planet91 planet66)
2.985: (turn_to satellite3 star89 planet91)
2.985: (turn_to satellite3 star93 star89)
2.995: (turn_to satellite3 phenomenon87 star93)
3.008: (turn_to satellite3 star88 phenomenon87)
3.008: (turn_to satellite3 planet92 star88)
3.008: (turn_to satellite3 star94 planet92)
3.008: (turn_to satellite3 star95 star94)
3.008: (turn_to satellite3 planet96 star95)
3.069: (turn_to satellite3 groundstation52 planet96)
3.014: (turn_to satellite1 phenomenon87 groundstation32)
2.963: (turn_to satellite1 phenomenon90 phenomenon87)
2.963: (turn_to satellite1 star97 phenomenon90)
2.963: (turn_to satellite1 phenomenon98 star97)
2.967: (turn_to satellite1 star88 phenomenon98)
2.967: (turn_to satellite1 planet92 star88)
2.967: (turn_to satellite1 star94 planet92)
2.967: (turn_to satellite1 star95 star94)
2.967: (turn_to satellite1 planet96 star95)
2.971: (turn_to satellite1 star89 planet96)
2.971: (turn_to satellite1 star93 star89)
3.005: (turn_to satellite3 groundstation32 groundstation52)
2.995: (turn_to satellite1 planet81 star93)
3.004: (turn_to satellite1 phenomenon75 planet81)
3.004: (turn_to satellite1 star77 phenomenon75)
3.004: (turn_to satellite1 phenomenon70 star77)
3.004: (turn_to satellite1 star73 phenomenon70)
3.004: (turn_to satellite1 planet76 star73)
3.014: (turn_to satellite1 planet83 planet76)
3.014: (turn_to satellite1 phenomenon87 planet83)
2.860: (turn_to satellite1 phenomenon60 phenomenon87)
3.015: (turn_to satellite1 star71 phenomenon60)
3.015: (turn_to satellite1 star72 star71)
3.015: (turn_to satellite1 star61 star72)
3.015: (turn_to satellite1 phenomenon69 star61)
3.018: (turn_to satellite1 planet84 phenomenon69)
3.018: (turn_to satellite1 planet85 planet84)
3.018: (turn_to satellite1 star89 planet85)
3.019: (turn_to satellite1 planet64 star89)
2.913: (turn_to satellite1 phenomenon68 planet64)
3.019: (turn_to satellite1 phenomenon67 phenomenon68)
2.913: (turn_to satellite1 star78 phenomenon67)
3.019: (turn_to satellite1 star62 star78)
2.913: (turn_to satellite1 planet80 star62)
3.019: (turn_to satellite1 star65 planet80)
2.913: (turn_to satellite1 star86 star65)
3.019: (turn_to satellite1 star74 star86)
2.913: (turn_to satellite1 phenomenon63 star74)
3.023: (turn_to satellite1 star97 phenomenon63)
2.924: (turn_to satellite1 phenomenon82 star97)
2.939: (turn_to satellite1 planet66 phenomenon82)
2.944: (turn_to satellite1 phenomenon79 planet66)
2.960: (turn_to satellite1 phenomenon99 phenomenon79)
2.963: (turn_to satellite1 phenomenon90 phenomenon99)
2.963: (turn_to satellite1 phenomenon98 phenomenon90)
2.967: (turn_to satellite1 star88 phenomenon98)
2.967: (turn_to satellite1 planet92 star88)
2.967: (turn_to satellite1 star94 planet92)
2.967: (turn_to satellite1 star95 star94)
2.967: (turn_to satellite1 planet96 star95)
3.043: (turn_to satellite1 star9 planet96)
2.956: (turn_to satellite1 groundstation52 star9)
3.084: (turn_to satellite3 groundstation5 groundstation32)
3.084: (turn_to satellite3 star9 groundstation5)
3.036: (turn_to satellite1 star30 groundstation52)
3.048: (turn_to satellite3 star12 star9)
3.048: (turn_to satellite3 groundstation21 star12)
3.048: (turn_to satellite3 star23 groundstation21)
3.048: (turn_to satellite3 groundstation27 star23)
3.048: (turn_to satellite3 star42 groundstation27)
3.048: (turn_to satellite3 star43 star42)
3.048: (turn_to satellite3 star45 star43)
3.048: (turn_to satellite3 groundstation47 star45)
3.048: (turn_to satellite3 star49 groundstation47)
3.048: (turn_to satellite3 groundstation50 star49)
3.048: (turn_to satellite3 groundstation53 groundstation50)
3.074: (turn_to satellite3 star30 groundstation53)
3.037: (turn_to satellite1 planet91 star30)
3.063: (turn_to satellite1 planet81 planet91)
3.071: (turn_to satellite1 phenomenon75 planet81)
3.071: (turn_to satellite1 star77 phenomenon75)
3.072: (turn_to satellite1 planet84 star77)
3.072: (turn_to satellite1 planet85 planet84)
3.072: (turn_to satellite1 star89 planet85)
3.072: (turn_to satellite1 star93 star89)
3.096: (turn_to satellite1 phenomenon70 star93)
3.096: (turn_to satellite1 star73 phenomenon70)
3.096: (turn_to satellite1 planet76 star73)
3.097: (turn_to satellite1 phenomenon69 planet76)
3.097: (turn_to satellite1 star61 phenomenon69)
3.097: (turn_to satellite1 star71 star61)
3.097: (turn_to satellite1 star72 star71)
3.098: (turn_to satellite1 phenomenon60 star72)
3.099: (turn_to satellite1 star97 phenomenon60)
3.099: (turn_to satellite1 phenomenon98 star97)
3.099: (turn_to satellite1 phenomenon99 phenomenon98)
3.099: (turn_to satellite1 planet83 phenomenon99)
3.099: (turn_to satellite1 phenomenon87 planet83)
3.102: (turn_to satellite1 star62 phenomenon87)
3.102: (turn_to satellite1 planet64 star62)
3.102: (turn_to satellite1 star65 planet64)
3.102: (turn_to satellite1 phenomenon67 star65)
3.102: (turn_to satellite1 star74 phenomenon67)
3.103: (turn_to satellite1 planet80 star74)
3.103: (turn_to satellite1 star86 planet80)
3.103: (turn_to satellite1 phenomenon90 star86)
3.112: (turn_to satellite1 phenomenon82 phenomenon90)
3.112: (turn_to satellite1 star88 phenomenon82)
3.112: (turn_to satellite1 planet92 star88)
3.112: (turn_to satellite1 star94 planet92)
3.112: (turn_to satellite1 phenomenon79 star94)
3.113: (turn_to satellite1 star95 phenomenon79)
3.117: (turn_to satellite1 planet96 star95)
3.123: (turn_to satellite1 phenomenon68 planet96)
3.123: (turn_to satellite1 phenomenon63 phenomenon68)
3.123: (turn_to satellite1 star78 phenomenon63)
3.131: (turn_to satellite1 planet66 star78)
3.133: (turn_to satellite1 groundstation15 planet66)
3.109: (take_image satellite4 planet91 instrument9 thermograph2)
2.922: (turn_to satellite3 groundstation52 star30)
2.845: (turn_to satellite1 planet81 groundstation15)
2.872: (turn_to satellite1 phenomenon60 planet81)
2.898: (turn_to satellite1 star61 phenomenon60)
2.901: (turn_to satellite1 phenomenon69 star61)
2.901: (turn_to satellite1 star71 phenomenon69)
2.901: (turn_to satellite1 star72 star71)
2.915: (turn_to satellite1 star78 star72)
2.915: (turn_to satellite1 planet80 star78)
2.915: (turn_to satellite1 star86 planet80)
2.915: (turn_to satellite1 phenomenon63 star86)
2.916: (turn_to satellite1 phenomenon68 phenomenon63)
2.921: (turn_to satellite1 planet91 phenomenon68)
2.933: (turn_to satellite1 phenomenon70 planet91)
2.933: (turn_to satellite1 planet76 phenomenon70)
2.933: (turn_to satellite1 planet83 planet76)
2.933: (turn_to satellite1 star73 planet83)
2.935: (turn_to satellite1 star77 star73)
2.935: (turn_to satellite1 planet84 star77)
2.935: (turn_to satellite1 phenomenon75 planet84)
2.935: (turn_to satellite1 planet85 phenomenon75)
2.945: (turn_to satellite1 star62 planet85)
2.945: (turn_to satellite1 planet64 star62)
2.945: (turn_to satellite1 star65 planet64)
2.945: (turn_to satellite1 phenomenon67 star65)
2.945: (turn_to satellite1 star74 phenomenon67)
2.945: (turn_to satellite1 phenomenon82 star74)
2.948: (turn_to satellite1 phenomenon79 phenomenon82)
2.956: (turn_to satellite1 planet66 phenomenon79)
2.982: (turn_to satellite1 phenomenon87 planet66)
3.003: (turn_to satellite1 phenomenon90 phenomenon87)
3.003: (turn_to satellite1 star97 phenomenon90)
3.003: (turn_to satellite1 phenomenon98 star97)
3.005: (turn_to satellite1 groundstation52 phenomenon98)
2.917: (turn_to satellite3 groundstation15 groundstation52)
2.916: (turn_to satellite1 star30 groundstation52)
2.906: (turn_to satellite3 phenomenon60 groundstation15)
2.906: (turn_to satellite3 phenomenon69 phenomenon60)
2.906: (turn_to satellite3 star71 phenomenon69)
2.906: (turn_to satellite3 star72 star71)
2.906: (turn_to satellite3 star61 star72)
2.910: (turn_to satellite3 phenomenon63 star61)
2.910: (turn_to satellite3 phenomenon68 phenomenon63)
2.910: (turn_to satellite3 star78 phenomenon68)
2.910: (turn_to satellite3 planet80 star78)
2.910: (turn_to satellite3 star86 planet80)
2.945: (turn_to satellite3 planet81 star86)
2.958: (turn_to satellite3 phenomenon79 planet81)
2.968: (turn_to satellite3 phenomenon75 phenomenon79)
2.968: (turn_to satellite3 star77 phenomenon75)
2.968: (turn_to satellite3 planet84 star77)
2.968: (turn_to satellite3 planet85 planet84)
2.972: (turn_to satellite3 planet66 planet85)
2.976: (turn_to satellite3 phenomenon70 planet66)
2.976: (turn_to satellite3 star73 phenomenon70)
2.976: (turn_to satellite3 planet76 star73)
2.976: (turn_to satellite3 planet83 planet76)
2.980: (turn_to satellite3 star62 planet83)
2.980: (turn_to satellite3 planet64 star62)
2.980: (turn_to satellite3 star65 planet64)
2.980: (turn_to satellite3 phenomenon67 star65)
2.980: (turn_to satellite3 star74 phenomenon67)
2.980: (turn_to satellite3 phenomenon82 star74)
2.990: (turn_to satellite3 star97 phenomenon82)
2.990: (turn_to satellite3 phenomenon98 star97)
2.990: (turn_to satellite3 phenomenon99 phenomenon98)
2.991: (turn_to satellite3 phenomenon90 phenomenon99)
3.018: (turn_to satellite3 phenomenon87 phenomenon90)
3.023: (turn_to satellite3 planet91 phenomenon87)
3.027: (turn_to satellite3 star89 planet91)
3.027: (turn_to satellite3 star93 star89)
3.039: (turn_to satellite3 star88 star93)
3.039: (turn_to satellite3 planet92 star88)
3.039: (turn_to satellite3 star94 planet92)
3.039: (turn_to satellite3 star95 star94)
3.040: (turn_to satellite3 planet96 star95)
3.078: (turn_to satellite3 groundstation5 planet96)
3.014: (turn_to satellite3 groundstation52 groundstation5)
3.078: (turn_to satellite3 star9 groundstation52)
3.078: (turn_to satellite3 star12 star9)
3.078: (turn_to satellite3 groundstation21 star12)
3.078: (turn_to satellite3 star23 groundstation21)
3.078: (turn_to satellite3 groundstation27 star23)
3.078: (turn_to satellite3 star42 groundstation27)
3.078: (turn_to satellite3 star43 star42)
3.078: (turn_to satellite3 star45 star43)
3.078: (turn_to satellite3 groundstation47 star45)
3.078: (turn_to satellite3 star49 groundstation47)
3.078: (turn_to satellite3 groundstation50 star49)
3.078: (turn_to satellite3 groundstation53 groundstation50)
3.085: (turn_to satellite3 star30 groundstation53)
3.077: (switch_off instrument8 satellite3)
2.985: (turn_to satellite3 planet81 star30)
3.005: (turn_to satellite3 star61 planet81)
3.026: (turn_to satellite3 planet91 star61)
3.005: (turn_to satellite3 phenomenon60 planet91)
3.029: (turn_to satellite3 planet83 phenomenon60)
3.030: (turn_to satellite3 planet76 planet83)
3.030: (turn_to satellite3 phenomenon70 planet76)
3.030: (turn_to satellite3 star73 phenomenon70)
3.035: (turn_to satellite3 phenomenon69 star73)
3.035: (turn_to satellite3 star71 phenomenon69)
3.035: (turn_to satellite3 star72 star71)
3.035: (turn_to satellite3 phenomenon79 star72)
3.029: (turn_to satellite3 phenomenon87 phenomenon79)
3.046: (turn_to satellite3 groundstation52 phenomenon87)
3.053: (turn_to satellite3 planet66 groundstation52)
3.053: (turn_to satellite3 phenomenon82 planet66)
3.054: (turn_to satellite3 star62 phenomenon82)
3.054: (turn_to satellite3 planet64 star62)
3.054: (turn_to satellite3 star65 planet64)
3.054: (turn_to satellite3 phenomenon67 star65)
3.054: (turn_to satellite3 star74 phenomenon67)
3.055: (turn_to satellite3 star78 star74)
3.055: (turn_to satellite3 planet80 star78)
3.055: (turn_to satellite3 star86 planet80)
3.056: (turn_to satellite3 phenomenon63 star86)
3.056: (turn_to satellite3 phenomenon68 phenomenon63)
3.063: (turn_to satellite3 planet84 phenomenon68)
3.063: (turn_to satellite3 planet85 planet84)
3.063: (turn_to satellite3 star77 planet85)
3.063: (turn_to satellite3 phenomenon75 star77)
3.083: (turn_to satellite3 groundstation15 phenomenon75)
3.092: (switch_on instrument7 satellite3)
3.021: (turn_to satellite3 star61 groundstation15)
3.017: (turn_to satellite3 phenomenon60 star61)
3.021: (turn_to satellite3 phenomenon69 phenomenon60)
3.021: (turn_to satellite3 star71 phenomenon69)
3.021: (turn_to satellite3 star72 star71)
3.067: (turn_to satellite3 planet81 star72)
3.071: (turn_to satellite3 phenomenon79 planet81)
3.074: (turn_to satellite3 phenomenon70 phenomenon79)
3.074: (turn_to satellite3 star73 phenomenon70)
3.074: (turn_to satellite3 planet76 star73)
3.074: (turn_to satellite3 planet83 planet76)
3.074: (turn_to satellite3 phenomenon87 planet83)
3.085: (turn_to satellite3 phenomenon63 phenomenon87)
3.085: (turn_to satellite3 phenomenon68 phenomenon63)
3.085: (turn_to satellite3 star78 phenomenon68)
3.085: (turn_to satellite3 planet80 star78)
3.085: (turn_to satellite3 star86 planet80)
3.102: (turn_to satellite3 phenomenon75 star86)
3.102: (turn_to satellite3 star77 phenomenon75)
3.102: (turn_to satellite3 planet84 star77)
3.102: (turn_to satellite3 planet85 planet84)
3.108: (turn_to satellite3 planet66 planet85)
3.108: (turn_to satellite3 star62 planet66)
3.108: (turn_to satellite3 planet64 star62)
3.108: (turn_to satellite3 star65 planet64)
3.108: (turn_to satellite3 phenomenon67 star65)
3.108: (turn_to satellite3 star74 phenomenon67)
3.108: (turn_to satellite3 phenomenon82 star74)
3.130: (turn_to satellite3 planet91 phenomenon82)
3.141: (turn_to satellite3 phenomenon99 planet91)
3.110: (switch_off instrument7 satellite3)
3.104: (turn_to satellite3 planet96 phenomenon99)
3.110: (turn_to satellite3 star97 planet96)
3.110: (turn_to satellite3 phenomenon98 star97)
3.120: (turn_to satellite3 star95 phenomenon98)
3.128: (turn_to satellite3 star88 star95)
3.128: (turn_to satellite3 planet92 star88)
3.128: (turn_to satellite3 star94 planet92)
3.133: (turn_to satellite3 phenomenon90 star94)
3.133: (turn_to satellite3 star89 phenomenon90)
3.133: (turn_to satellite3 star93 star89)
3.139: (turn_to satellite3 star10 star93)
3.140: (turn_to satellite3 star35 star10)
3.117: (turn_to satellite3 groundstation17 star35)
3.147: (turn_to satellite3 groundstation5 groundstation17)
3.147: (turn_to satellite3 star9 groundstation5)
3.147: (turn_to satellite3 star12 star9)
3.147: (turn_to satellite3 groundstation21 star12)
3.147: (turn_to satellite3 star23 groundstation21)
3.147: (turn_to satellite3 groundstation27 star23)
3.147: (turn_to satellite3 star42 groundstation27)
3.147: (turn_to satellite3 star43 star42)
3.147: (turn_to satellite3 star45 star43)
3.147: (turn_to satellite3 groundstation47 star45)
3.147: (turn_to satellite3 star49 groundstation47)
3.147: (turn_to satellite3 groundstation50 star49)
3.147: (turn_to satellite3 groundstation53 groundstation50)
3.171: (turn_to satellite3 groundstation32 groundstation53)
3.142: (turn_to satellite1 groundstation15 star30)
2.986: (turn_to satellite3 groundstation52 groundstation32)
2.962: (turn_to satellite1 planet81 groundstation15)
3.021: (turn_to satellite1 planet91 planet81)
3.031: (turn_to satellite1 phenomenon60 planet91)
2.998: (turn_to satellite1 groundstation52 phenomenon60)
2.976: (turn_to satellite3 planet81 groundstation52)
3.060: (turn_to satellite3 planet91 planet81)
3.015: (turn_to satellite3 phenomenon60 planet91)
3.038: (turn_to satellite3 phenomenon69 phenomenon60)
3.038: (turn_to satellite3 star71 phenomenon69)
3.038: (turn_to satellite3 star72 star71)
3.039: (turn_to satellite3 star61 star72)
3.053: (turn_to satellite3 star78 star61)
3.053: (turn_to satellite3 planet80 star78)
3.053: (turn_to satellite3 phenomenon68 planet80)
3.053: (turn_to satellite3 phenomenon63 phenomenon68)
3.060: (turn_to satellite3 star74 phenomenon63)
3.060: (turn_to satellite3 phenomenon82 star74)
3.060: (turn_to satellite3 star62 phenomenon82)
3.060: (turn_to satellite3 planet64 star62)
3.060: (turn_to satellite3 star65 planet64)
3.060: (turn_to satellite3 phenomenon67 star65)
3.064: (turn_to satellite3 phenomenon75 phenomenon67)
3.064: (turn_to satellite3 star77 phenomenon75)
3.064: (turn_to satellite3 planet84 star77)
3.064: (turn_to satellite3 planet85 planet84)
3.064: (turn_to satellite3 planet66 planet85)
3.109: (turn_to satellite3 star88 planet66)
3.069: (turn_to satellite3 phenomenon70 star88)
3.069: (turn_to satellite3 star73 phenomenon70)
3.069: (turn_to satellite3 planet76 star73)
3.069: (turn_to satellite3 planet83 planet76)
3.070: (turn_to satellite3 phenomenon79 planet83)
3.109: (turn_to satellite3 planet92 phenomenon79)
3.071: (turn_to satellite3 groundstation15 planet92)
3.078: (turn_to satellite1 groundstation32 groundstation52)
2.976: (turn_to satellite3 planet81 groundstation15)
3.060: (turn_to satellite3 planet91 planet81)
3.015: (turn_to satellite3 phenomenon60 planet91)
3.038: (turn_to satellite3 phenomenon69 phenomenon60)
3.038: (turn_to satellite3 star71 phenomenon69)
3.038: (turn_to satellite3 star72 star71)
3.039: (turn_to satellite3 star61 star72)
3.053: (turn_to satellite3 star78 star61)
3.053: (turn_to satellite3 planet80 star78)
3.053: (turn_to satellite3 phenomenon68 planet80)
3.053: (turn_to satellite3 phenomenon63 phenomenon68)
3.060: (turn_to satellite3 star74 phenomenon63)
3.060: (turn_to satellite3 phenomenon82 star74)
3.060: (turn_to satellite3 star62 phenomenon82)
3.060: (turn_to satellite3 planet64 star62)
3.060: (turn_to satellite3 star65 planet64)
3.060: (turn_to satellite3 phenomenon67 star65)
3.064: (turn_to satellite3 phenomenon75 phenomenon67)
3.064: (turn_to satellite3 star77 phenomenon75)
3.064: (turn_to satellite3 planet84 star77)
3.064: (turn_to satellite3 planet85 planet84)
3.064: (turn_to satellite3 planet66 planet85)
3.109: (turn_to satellite3 star88 planet66)
3.069: (turn_to satellite3 phenomenon70 star88)
3.069: (turn_to satellite3 star73 phenomenon70)
3.069: (turn_to satellite3 planet76 star73)
3.069: (turn_to satellite3 planet83 planet76)
3.070: (turn_to satellite3 phenomenon79 planet83)
3.109: (turn_to satellite3 planet92 phenomenon79)
3.097: (turn_to satellite3 groundstation52 planet92)
3.113: (turn_to satellite3 phenomenon98 groundstation52)
3.115: (turn_to satellite3 groundstation32 phenomenon98)
3.068: (turn_to satellite1 planet91 groundstation32)
3.033: (turn_to satellite3 star30 groundstation32)
3.056: (turn_to satellite3 star25 star30)
3.061: (turn_to satellite1 phenomenon82 planet91)
3.061: (turn_to satellite1 star88 phenomenon82)
3.061: (turn_to satellite1 planet92 star88)
3.063: (turn_to satellite1 planet66 planet92)
3.066: (turn_to satellite1 star74 planet66)
3.066: (turn_to satellite1 star65 star74)
3.066: (turn_to satellite1 star62 star65)
3.066: (turn_to satellite1 planet64 star62)
3.066: (turn_to satellite1 phenomenon67 planet64)
3.079: (turn_to satellite1 star94 phenomenon67)
3.079: (turn_to satellite1 star95 star94)
3.079: (turn_to satellite1 planet96 star95)
3.081: (turn_to satellite3 star30 star25)
3.059: (turn_to satellite1 star74 planet96)
3.059: (turn_to satellite1 star62 star74)
3.059: (turn_to satellite1 planet64 star62)
3.059: (turn_to satellite1 star65 planet64)
3.059: (turn_to satellite1 phenomenon67 star65)
3.066: (turn_to satellite1 planet66 phenomenon67)
3.067: (turn_to satellite1 star73 planet66)
3.061: (turn_to satellite3 groundstation52 star30)
3.031: (turn_to satellite1 star72 star73)
3.031: (turn_to satellite1 star71 star72)
3.031: (turn_to satellite1 star61 star71)
3.031: (turn_to satellite1 phenomenon69 star61)
3.044: (turn_to satellite1 phenomenon75 phenomenon69)
3.044: (turn_to satellite1 star77 phenomenon75)
3.044: (turn_to satellite1 planet84 star77)
3.044: (turn_to satellite1 planet85 planet84)
3.047: (turn_to satellite1 star78 planet85)
3.047: (turn_to satellite1 planet80 star78)
3.047: (turn_to satellite1 phenomenon63 planet80)
3.047: (turn_to satellite1 phenomenon68 phenomenon63)
3.051: (turn_to satellite1 phenomenon70 phenomenon68)
3.051: (turn_to satellite1 planet76 phenomenon70)
3.051: (turn_to satellite1 planet83 planet76)
3.054: (turn_to satellite1 phenomenon79 planet83)
3.067: (turn_to satellite1 planet66 phenomenon79)
3.068: (turn_to satellite1 star74 planet66)
3.068: (turn_to satellite1 phenomenon82 star74)
3.063: (turn_to satellite3 star30 groundstation52)
3.067: (turn_to satellite1 planet76 phenomenon82)
3.068: (turn_to satellite1 phenomenon70 planet76)
3.076: (turn_to satellite1 star88 phenomenon70)
3.076: (turn_to satellite1 planet92 star88)
3.080: (turn_to satellite1 phenomenon75 planet92)
3.080: (turn_to satellite1 star77 phenomenon75)
3.081: (turn_to satellite1 star94 star77)
3.081: (turn_to satellite1 star95 star94)
3.082: (turn_to satellite3 groundstation52 star30)
3.069: (turn_to satellite1 star62 star95)
3.069: (turn_to satellite1 planet64 star62)
3.069: (turn_to satellite1 star65 planet64)
3.069: (turn_to satellite1 phenomenon67 star65)
3.093: (turn_to satellite1 phenomenon87 phenomenon67)
3.069: (turn_to satellite3 star30 groundstation52)
3.083: (turn_to satellite1 planet83 phenomenon87)
3.086: (turn_to satellite1 planet81 planet83)
3.081: (turn_to satellite1 phenomenon79 planet81)
3.083: (turn_to satellite3 star25 star30)
3.088: (turn_to satellite1 star73 phenomenon79)
3.088: (turn_to satellite1 planet76 star73)
3.088: (turn_to satellite1 phenomenon70 planet76)
3.092: (turn_to satellite1 planet83 phenomenon70)
3.092: (turn_to satellite1 phenomenon87 planet83)
3.097: (turn_to satellite1 phenomenon75 phenomenon87)
3.101: (turn_to satellite1 star77 phenomenon75)
3.101: (turn_to satellite1 planet84 star77)
3.093: (turn_to satellite3 star30 star25)
3.094: (turn_to satellite1 planet85 planet84)
3.094: (turn_to satellite1 star89 planet85)
3.047: (turn_to satellite3 groundstation52 star30)
3.102: (turn_to satellite1 phenomenon99 star89)
3.104: (turn_to satellite1 star93 phenomenon99)
3.082: (turn_to satellite3 star30 groundstation52)
3.096: (turn_to satellite1 star97 star93)
3.031: (turn_to satellite3 groundstation52 star30)
3.103: (turn_to satellite1 phenomenon98 star97)
3.107: (turn_to satellite1 star86 phenomenon98)
3.110: (turn_to satellite1 star88 star86)
3.111: (turn_to satellite1 planet92 star88)
3.111: (turn_to satellite1 star94 planet92)
3.111: (turn_to satellite1 planet96 star94)
3.114: (turn_to satellite1 phenomenon90 planet96)
3.112: (turn_to satellite3 star30 groundstation52)
3.096: (turn_to satellite1 phenomenon98 phenomenon90)
3.096: (turn_to satellite1 phenomenon99 phenomenon98)
3.096: (turn_to satellite1 star71 phenomenon99)
3.096: (turn_to satellite1 star72 star71)
3.096: (turn_to satellite1 phenomenon69 star72)
3.097: (turn_to satellite1 phenomenon60 phenomenon69)
3.097: (turn_to satellite1 star61 phenomenon60)
3.110: (turn_to satellite1 star78 star61)
3.112: (turn_to satellite1 phenomenon63 star78)
3.112: (turn_to satellite1 phenomenon68 phenomenon63)
3.115: (turn_to satellite1 planet80 phenomenon68)
3.115: (turn_to satellite1 star86 planet80)
3.134: (turn_to satellite3 star25 star30)
3.101: (turn_to satellite1 planet85 star86)
3.101: (turn_to satellite1 star89 planet85)
3.102: (turn_to satellite1 planet81 star89)
3.087: (turn_to satellite3 groundstation32 star25)
3.056: (switch_on instrument8 satellite3)
2.977: (turn_to satellite1 planet91 planet81)
2.990: (turn_to satellite1 star62 planet91)
2.871: (turn_to satellite1 phenomenon60 star62)
2.990: (turn_to satellite1 planet64 phenomenon60)
2.901: (turn_to satellite1 phenomenon69 planet64)
2.990: (turn_to satellite1 star65 phenomenon69)
2.901: (turn_to satellite1 star71 star65)
2.990: (turn_to satellite1 phenomenon67 star71)
2.902: (turn_to satellite1 star72 phenomenon67)
2.990: (turn_to satellite1 star74 star72)
2.908: (turn_to satellite1 star61 star74)
3.007: (turn_to satellite1 planet66 star61)
2.915: (turn_to satellite1 star78 planet66)
3.009: (turn_to satellite1 phenomenon82 star78)
2.915: (turn_to satellite1 planet80 phenomenon82)
3.009: (turn_to satellite1 star88 planet80)
2.915: (turn_to satellite1 star86 star88)
3.009: (turn_to satellite1 planet92 star86)
2.915: (turn_to satellite1 phenomenon63 planet92)
3.009: (turn_to satellite1 star94 phenomenon63)
2.915: (turn_to satellite1 phenomenon68 star94)
3.009: (turn_to satellite1 star95 phenomenon68)
2.933: (turn_to satellite1 planet76 star95)
3.015: (turn_to satellite1 star77 planet76)
3.015: (turn_to satellite1 phenomenon75 star77)
3.020: (turn_to satellite1 star97 phenomenon75)
2.933: (turn_to satellite1 phenomenon70 star97)
3.020: (turn_to satellite1 phenomenon98 phenomenon70)
2.933: (turn_to satellite1 star73 phenomenon98)
3.020: (turn_to satellite1 phenomenon99 star73)
2.933: (turn_to satellite1 planet83 phenomenon99)
3.024: (turn_to satellite1 planet96 planet83)
2.935: (turn_to satellite1 planet84 planet96)
3.031: (turn_to satellite1 planet85 planet84)
3.031: (turn_to satellite1 star89 planet85)
3.007: (turn_to satellite3 groundstation52 groundstation32)
3.009: (turn_to satellite1 star93 star89)
3.013: (turn_to satellite1 phenomenon99 star93)
3.029: (turn_to satellite1 star88 phenomenon99)
3.029: (turn_to satellite1 planet92 star88)
[Final] Expanded: 1000, Generated: 510909
Failed to find a solution!
