/u/ibrahim.eisawy/Neural-Guided-Search/venv/lib/python3.10/site-packages/pymimir_rgnn/model.py:151: UserWarning: index_reduce() is in beta and the API may change at any time. (Triggered internally at /pytorch/aten/src/ATen/native/cuda/Indexing.cu:1541.)
  max_msg.index_reduce_(0, output_indices, output_messages, reduce='amax', include_self=True)
Torch: 2.12.0+cu130
Using GPU:  NVIDIA L40S
78.720: (switch_on instrument12 satellite4)
67.846: (calibrate satellite4 instrument12 groundstation57)
66.014: (switch_on instrument10 satellite3)
59.798: (calibrate satellite3 instrument10 groundstation47)
57.966: (switch_on instrument0 satellite0)
57.355: (turn_to satellite4 planet82 groundstation57)
56.594: (take_image satellite4 planet82 instrument12 thermograph1)
55.911: (turn_to satellite4 planet83 planet82)
55.255: (take_image satellite4 planet83 instrument12 thermograph1)
54.598: (turn_to satellite4 star79 planet83)
53.958: (turn_to satellite0 star49 planet93)
50.583: (calibrate satellite0 instrument0 star49)
49.762: (turn_to satellite3 planet92 groundstation47)
49.281: (turn_to satellite0 star75 star49)
48.870: (take_image satellite0 star75 instrument0 infrared2)
48.240: (turn_to satellite0 star78 star75)
47.175: (take_image satellite0 star78 instrument0 image4)
46.506: (turn_to satellite0 planet88 star78)
46.115: (turn_to satellite2 star2 star91)
45.902: (turn_to satellite1 groundstation1 star74)
45.845: (turn_to satellite1 groundstation46 groundstation1)
45.853: (turn_to satellite3 planet63 planet92)
44.533: (take_image satellite3 planet63 instrument10 spectrograph0)
43.854: (turn_to satellite3 star74 planet63)
43.875: (turn_to satellite3 planet70 star74)
43.138: (take_image satellite3 planet70 instrument10 spectrograph0)
42.551: (turn_to satellite3 star74 planet70)
42.573: (turn_to satellite3 phenomenon84 star74)
42.573: (turn_to satellite3 planet92 phenomenon84)
42.623: (turn_to satellite1 groundstation1 groundstation46)
42.653: (turn_to satellite0 star91 planet88)
42.549: (turn_to satellite0 star73 star91)
41.658: (take_image satellite0 star73 instrument0 infrared3)
40.940: (turn_to satellite0 phenomenon72 star73)
40.947: (turn_to satellite0 phenomenon71 phenomenon72)
40.970: (turn_to satellite0 star74 phenomenon71)
40.365: (take_image satellite0 star74 instrument0 image4)
39.644: (turn_to satellite0 star85 star74)
39.010: (take_image satellite0 star85 instrument0 infrared2)
38.308: (turn_to satellite0 star99 star85)
38.351: (turn_to satellite0 phenomenon98 star99)
37.675: (take_image satellite0 phenomenon98 instrument0 image4)
36.941: (turn_to satellite0 phenomenon84 phenomenon98)
36.326: (take_image satellite0 phenomenon84 instrument0 image4)
35.624: (turn_to satellite0 phenomenon95 phenomenon84)
35.621: (turn_to satellite0 star97 phenomenon95)
35.621: (turn_to satellite0 star99 star97)
35.643: (turn_to satellite0 star96 star99)
35.006: (take_image satellite0 star96 instrument0 infrared2)
34.322: (turn_to satellite0 phenomenon95 star96)
34.322: (turn_to satellite0 star97 phenomenon95)
34.322: (turn_to satellite0 star99 star97)
34.340: (turn_to satellite0 planet93 star99)
33.639: (take_image satellite0 planet93 instrument0 infrared3)
33.087: (turn_to satellite0 planet88 planet93)
33.089: (turn_to satellite4 star99 star79)
32.983: (turn_to satellite4 phenomenon95 star99)
32.983: (turn_to satellite4 star97 phenomenon95)
33.015: (turn_to satellite4 phenomenon71 star97)
33.015: (turn_to satellite4 phenomenon72 phenomenon71)
33.028: (take_image satellite4 phenomenon72 instrument12 thermograph1)
33.010: (turn_to satellite4 phenomenon95 phenomenon72)
33.010: (turn_to satellite4 star97 phenomenon95)
33.010: (turn_to satellite4 star99 star97)
33.049: (turn_to satellite4 phenomenon71 star99)
33.049: (turn_to satellite4 star79 phenomenon71)
33.118: (turn_to satellite0 phenomenon89 planet88)
33.010: (turn_to satellite0 phenomenon95 phenomenon89)
33.010: (turn_to satellite0 star97 phenomenon95)
33.010: (turn_to satellite0 star99 star97)
33.049: (turn_to satellite0 phenomenon71 star99)
33.061: (turn_to satellite0 planet86 phenomenon71)
32.389: (take_image satellite0 planet86 instrument0 infrared2)
31.710: (turn_to satellite0 planet88 planet86)
31.816: (turn_to satellite0 star80 planet88)
31.710: (turn_to satellite0 phenomenon95 star80)
31.710: (turn_to satellite0 star97 phenomenon95)
31.710: (turn_to satellite0 star99 star97)
31.752: (turn_to satellite0 phenomenon71 star99)
31.753: (turn_to satellite0 phenomenon87 phenomenon71)
31.035: (take_image satellite0 phenomenon87 instrument0 infrared3)
30.371: (turn_to satellite0 planet88 phenomenon87)
30.496: (turn_to satellite0 phenomenon89 planet88)
30.371: (turn_to satellite0 phenomenon95 phenomenon89)
30.371: (turn_to satellite0 star97 phenomenon95)
30.371: (turn_to satellite0 star99 star97)
30.419: (turn_to satellite0 phenomenon71 star99)
30.453: (take_image satellite0 phenomenon71 instrument0 image4)
30.398: (turn_to satellite0 planet88 phenomenon71)
30.518: (turn_to satellite0 star80 planet88)
30.398: (turn_to satellite0 phenomenon95 star80)
30.398: (turn_to satellite0 star97 phenomenon95)
30.398: (turn_to satellite0 star99 star97)
30.474: (take_image satellite0 star99 instrument0 image4)
30.421: (turn_to satellite0 planet88 star99)
30.541: (turn_to satellite0 planet77 planet88)
30.421: (turn_to satellite0 phenomenon95 planet77)
30.421: (turn_to satellite0 star97 phenomenon95)
30.496: (take_image satellite0 star97 instrument0 image4)
30.443: (turn_to satellite0 planet88 star97)
30.563: (turn_to satellite0 planet77 planet88)
30.443: (turn_to satellite0 phenomenon95 planet77)
30.496: (turn_to satellite0 star99 phenomenon95)
30.511: (take_image satellite0 star99 instrument0 infrared2)
30.473: (turn_to satellite0 phenomenon95 star99)
30.473: (turn_to satellite0 planet88 phenomenon95)
30.567: (turn_to satellite0 planet77 planet88)
30.517: (turn_to satellite0 star97 planet77)
30.523: (take_image satellite0 star97 instrument0 infrared2)
30.492: (turn_to satellite0 phenomenon95 star97)
30.492: (turn_to satellite0 planet88 phenomenon95)
30.572: (turn_to satellite0 planet77 planet88)
30.523: (turn_to satellite0 star99 planet77)
30.544: (take_image satellite0 star99 instrument0 infrared3)
30.485: (turn_to satellite0 planet88 star99)
30.579: (turn_to satellite0 planet77 planet88)
30.485: (turn_to satellite0 phenomenon95 planet77)
30.531: (turn_to satellite0 star97 phenomenon95)
30.546: (take_image satellite0 star97 instrument0 infrared3)
30.473: (turn_to satellite0 planet88 star97)
30.583: (turn_to satellite0 planet77 planet88)
30.473: (turn_to satellite0 phenomenon95 planet77)
30.546: (turn_to satellite0 star99 phenomenon95)
30.566: (turn_to satellite0 phenomenon89 star99)
30.566: (turn_to satellite0 phenomenon90 phenomenon89)
30.566: (turn_to satellite0 star91 phenomenon90)
30.566: (turn_to satellite0 planet94 star91)
30.584: (turn_to satellite1 groundstation46 groundstation1)
30.471: (turn_to satellite0 planet88 planet94)
30.584: (turn_to satellite0 planet77 planet88)
30.471: (turn_to satellite0 phenomenon95 planet77)
30.545: (turn_to satellite0 star97 phenomenon95)
30.545: (turn_to satellite0 star99 star97)
30.563: (turn_to satellite0 phenomenon89 star99)
30.563: (turn_to satellite0 phenomenon90 phenomenon89)
30.563: (turn_to satellite0 star91 phenomenon90)
30.575: (turn_to satellite0 phenomenon71 star91)
30.543: (take_image satellite0 phenomenon71 instrument0 infrared2)
30.490: (turn_to satellite0 planet88 phenomenon71)
30.588: (turn_to satellite0 planet77 planet88)
30.490: (turn_to satellite0 phenomenon95 planet77)
30.557: (turn_to satellite0 star97 phenomenon95)
30.557: (turn_to satellite0 star99 star97)
30.582: (turn_to satellite0 phenomenon89 star99)
30.582: (turn_to satellite0 phenomenon90 phenomenon89)
30.582: (turn_to satellite0 star91 phenomenon90)
30.582: (turn_to satellite0 planet94 star91)
30.590: (turn_to satellite0 phenomenon72 planet94)
30.536: (take_image satellite0 phenomenon72 instrument0 image4)
30.498: (turn_to satellite0 planet88 phenomenon72)
30.588: (turn_to satellite0 planet77 planet88)
30.498: (turn_to satellite0 phenomenon95 planet77)
30.570: (turn_to satellite0 star97 phenomenon95)
30.570: (turn_to satellite0 star99 star97)
30.590: (turn_to satellite0 phenomenon89 star99)
30.590: (turn_to satellite0 phenomenon90 phenomenon89)
30.590: (turn_to satellite0 star91 phenomenon90)
30.590: (turn_to satellite0 planet94 star91)
30.594: (turn_to satellite0 phenomenon71 planet94)
30.572: (take_image satellite0 phenomenon71 instrument0 infrared3)
30.486: (turn_to satellite0 planet88 phenomenon71)
30.591: (turn_to satellite0 planet77 planet88)
30.486: (turn_to satellite0 phenomenon95 planet77)
30.567: (take_image satellite0 phenomenon95 instrument0 image4)
30.508: (turn_to satellite0 planet88 phenomenon95)
30.613: (turn_to satellite0 planet77 planet88)
30.594: (turn_to satellite0 star97 planet77)
30.594: (turn_to satellite0 star99 star97)
30.601: (turn_to satellite0 phenomenon89 star99)
30.601: (turn_to satellite0 phenomenon90 phenomenon89)
30.601: (turn_to satellite0 star91 phenomenon90)
30.601: (turn_to satellite0 planet94 star91)
30.609: (turn_to satellite0 phenomenon72 planet94)
30.575: (take_image satellite0 phenomenon72 instrument0 infrared2)
30.509: (turn_to satellite0 planet88 phenomenon72)
30.613: (turn_to satellite0 planet77 planet88)
30.567: (turn_to satellite0 phenomenon95 planet77)
30.590: (take_image satellite0 phenomenon95 instrument0 infrared2)
30.527: (turn_to satellite0 planet88 phenomenon95)
30.618: (turn_to satellite0 planet77 planet88)
30.605: (turn_to satellite0 star97 planet77)
30.605: (turn_to satellite0 star99 star97)
30.621: (turn_to satellite0 phenomenon89 star99)
30.621: (turn_to satellite0 phenomenon90 phenomenon89)
30.621: (turn_to satellite0 star91 phenomenon90)
30.621: (turn_to satellite0 planet94 star91)
30.630: (turn_to satellite0 phenomenon67 planet94)
29.904: (take_image satellite0 phenomenon67 instrument0 infrared2)
29.228: (turn_to satellite0 planet88 phenomenon67)
29.318: (turn_to satellite0 planet94 planet88)
29.291: (turn_to satellite0 phenomenon95 planet94)
29.308: (turn_to satellite0 star97 phenomenon95)
29.308: (turn_to satellite0 star99 star97)
29.321: (turn_to satellite0 phenomenon89 star99)
29.321: (turn_to satellite0 phenomenon90 phenomenon89)
29.321: (turn_to satellite0 star91 phenomenon90)
29.325: (turn_to satellite0 planet64 star91)
28.601: (take_image satellite0 planet64 instrument0 infrared2)
27.928: (turn_to satellite0 planet88 planet64)
28.016: (turn_to satellite0 phenomenon89 planet88)
27.991: (turn_to satellite0 phenomenon95 phenomenon89)
28.007: (turn_to satellite0 star97 phenomenon95)
28.007: (turn_to satellite0 star99 star97)
28.017: (turn_to satellite0 star69 star99)
27.296: (take_image satellite0 star69 instrument0 infrared2)
26.631: (turn_to satellite0 planet88 star69)
26.633: (turn_to satellite0 phenomenon68 planet88)
26.266: (take_image satellite0 phenomenon68 instrument0 infrared2)
25.518: (turn_to satellite0 star76 phenomenon68)
25.518: (turn_to satellite0 planet77 star76)
25.518: (turn_to satellite0 star80 planet77)
25.518: (turn_to satellite0 star81 star80)
25.536: (turn_to satellite0 phenomenon89 star81)
25.536: (turn_to satellite0 phenomenon90 phenomenon89)
25.536: (turn_to satellite0 star91 phenomenon90)
25.536: (turn_to satellite0 planet94 star91)
25.544: (turn_to satellite0 phenomenon60 planet94)
25.552: (turn_to satellite0 planet61 phenomenon60)
24.844: (take_image satellite0 planet61 instrument0 infrared3)
24.182: (turn_to satellite0 phenomenon62 planet61)
23.464: (take_image satellite0 phenomenon62 instrument0 infrared3)
22.804: (turn_to satellite0 star76 phenomenon62)
22.801: (turn_to satellite0 planet77 star76)
22.804: (turn_to satellite0 star80 planet77)
22.804: (turn_to satellite0 star81 star80)
22.804: (turn_to satellite0 phenomenon89 star81)
22.804: (turn_to satellite0 phenomenon90 phenomenon89)
22.804: (turn_to satellite0 star91 phenomenon90)
22.804: (turn_to satellite0 planet94 star91)
22.824: (take_image satellite0 planet94 instrument0 infrared2)
22.801: (turn_to satellite0 phenomenon89 planet94)
22.801: (turn_to satellite0 phenomenon90 phenomenon89)
22.801: (turn_to satellite0 star91 phenomenon90)
22.804: (turn_to satellite0 star76 star91)
22.804: (turn_to satellite0 planet77 star76)
22.804: (turn_to satellite0 star80 planet77)
22.804: (turn_to satellite0 star81 star80)
22.821: (turn_to satellite0 planet88 star81)
22.870: (turn_to satellite1 groundstation1 groundstation46)
22.886: (turn_to satellite0 planet65 planet88)
22.803: (turn_to satellite0 phenomenon89 planet65)
22.803: (turn_to satellite0 phenomenon90 phenomenon89)
22.803: (turn_to satellite0 star91 phenomenon90)
22.806: (turn_to satellite0 star76 star91)
22.806: (turn_to satellite0 planet77 star76)
22.807: (turn_to satellite0 star80 planet77)
22.807: (turn_to satellite0 star81 star80)
22.822: (turn_to satellite0 planet94 star81)
22.864: (turn_to satellite0 phenomenon60 planet94)
22.826: (take_image satellite0 phenomenon60 instrument0 infrared2)
22.803: (turn_to satellite0 phenomenon89 phenomenon60)
22.803: (turn_to satellite0 phenomenon90 phenomenon89)
22.803: (turn_to satellite0 star91 phenomenon90)
22.809: (turn_to satellite0 star76 star91)
22.809: (turn_to satellite0 planet77 star76)
22.810: (turn_to satellite0 star80 planet77)
22.810: (turn_to satellite0 star81 star80)
22.819: (turn_to satellite0 planet88 star81)
22.868: (turn_to satellite1 groundstation46 groundstation1)
22.896: (turn_to satellite0 planet65 planet88)
22.801: (turn_to satellite0 phenomenon89 planet65)
22.801: (turn_to satellite0 phenomenon90 phenomenon89)
22.801: (turn_to satellite0 star91 phenomenon90)
22.806: (turn_to satellite0 planet77 star91)
22.806: (turn_to satellite0 star76 planet77)
22.807: (turn_to satellite0 star80 star76)
22.807: (turn_to satellite0 star81 star80)
22.822: (take_image satellite0 star81 instrument0 infrared2)
22.801: (turn_to satellite0 phenomenon89 star81)
22.801: (turn_to satellite0 phenomenon90 phenomenon89)
22.801: (turn_to satellite0 star91 phenomenon90)
22.808: (turn_to satellite0 planet77 star91)
22.809: (turn_to satellite0 star76 planet77)
22.810: (turn_to satellite0 star80 star76)
22.812: (turn_to satellite0 planet88 star80)
22.883: (turn_to satellite1 groundstation1 groundstation46)
22.905: (turn_to satellite4 planet65 star79)
22.808: (turn_to satellite4 phenomenon89 planet65)
22.179: (take_image satellite4 phenomenon89 instrument12 thermograph1)
21.490: (turn_to satellite4 phenomenon90 phenomenon89)
20.871: (take_image satellite4 phenomenon90 instrument12 thermograph1)
20.170: (turn_to satellite4 star91 phenomenon90)
19.562: (take_image satellite4 star91 instrument12 thermograph1)
18.867: (turn_to satellite4 planet94 star91)
18.271: (take_image satellite4 planet94 instrument12 thermograph1)
17.563: (turn_to satellite4 star79 planet94)
17.612: (turn_to satellite1 groundstation46 groundstation1)
17.646: (turn_to satellite1 star49 groundstation46)
17.544: (turn_to satellite2 groundstation55 star2)
17.575: (turn_to satellite0 planet65 planet88)
17.576: (turn_to satellite2 groundstation51 groundstation55)
17.589: (turn_to satellite2 star12 groundstation51)
17.577: (take_image satellite3 planet92 instrument10 infrared2)
17.582: (turn_to satellite2 groundstation55 star12)
17.592: (turn_to satellite2 groundstation51 groundstation55)
17.610: (turn_to satellite2 groundstation22 groundstation51)
17.573: (turn_to satellite1 groundstation40 star49)
17.597: (turn_to satellite1 groundstation57 groundstation40)
17.615: (turn_to satellite2 star4 groundstation22)
17.632: (turn_to satellite2 star31 star4)
17.649: (turn_to satellite1 star49 groundstation57)
17.611: (turn_to satellite2 star34 star31)
17.625: (turn_to satellite2 star18 star34)
17.634: (turn_to satellite2 groundstation19 star18)
17.644: (turn_to satellite2 star35 groundstation19)
17.644: (turn_to satellite2 star28 star35)
17.646: (turn_to satellite2 star96 star28)
17.646: (turn_to satellite2 star85 star96)
17.646: (turn_to satellite2 planet86 star85)
17.653: (turn_to satellite2 planet64 planet86)
17.653: (turn_to satellite2 phenomenon67 planet64)
17.653: (turn_to satellite2 phenomenon68 phenomenon67)
17.653: (turn_to satellite2 star69 phenomenon68)
17.660: (turn_to satellite2 star2 star69)
17.657: (turn_to satellite2 star23 star2)
17.647: (turn_to satellite1 groundstation40 star49)
17.622: (turn_to satellite2 star12 star23)
17.654: (turn_to satellite0 planet88 planet65)
17.578: (turn_to satellite2 groundstation22 star12)
17.597: (turn_to satellite1 groundstation57 groundstation40)
17.609: (turn_to satellite1 star49 groundstation57)
17.582: (turn_to satellite2 groundstation55 groundstation22)
17.592: (turn_to satellite2 groundstation51 groundstation55)
17.607: (turn_to satellite2 star12 groundstation51)
17.608: (turn_to satellite4 planet65 star79)
17.581: (turn_to satellite0 star79 planet88)
17.503: (take_image satellite0 star79 instrument0 infrared2)
17.507: (turn_to satellite0 planet88 star79)
17.574: (turn_to satellite2 groundstation55 star12)
17.590: (turn_to satellite2 groundstation51 groundstation55)
17.605: (turn_to satellite2 groundstation22 groundstation51)
17.582: (turn_to satellite1 groundstation40 star49)
17.606: (turn_to satellite1 groundstation57 groundstation40)
17.624: (turn_to satellite2 star4 groundstation22)
17.630: (take_image satellite0 planet88 instrument0 infrared2)
17.618: (turn_to satellite2 groundstation22 star4)
17.590: (turn_to satellite1 groundstation40 groundstation57)
17.625: (turn_to satellite1 star49 groundstation40)
17.590: (turn_to satellite2 groundstation55 groundstation22)
17.609: (turn_to satellite2 groundstation51 groundstation55)
17.613: (turn_to satellite2 star34 groundstation51)
17.620: (turn_to satellite2 star12 star34)
17.595: (turn_to satellite0 planet77 planet88)
17.595: (turn_to satellite0 star80 planet77)
17.595: (turn_to satellite0 star76 star80)
17.601: (turn_to satellite0 star79 star76)
17.556: (turn_to satellite0 star81 star79)
17.598: (turn_to satellite2 groundstation55 star12)
17.612: (turn_to satellite0 planet77 star81)
17.612: (turn_to satellite0 star80 planet77)
17.612: (turn_to satellite0 star76 star80)
17.626: (turn_to satellite2 groundstation51 groundstation55)
17.637: (turn_to satellite2 groundstation22 groundstation51)
17.594: (turn_to satellite1 groundstation40 star49)
17.613: (turn_to satellite1 groundstation57 groundstation40)
17.639: (turn_to satellite2 star4 groundstation22)
17.637: (turn_to satellite0 star80 star76)
17.613: (turn_to satellite2 groundstation22 star4)
17.588: (turn_to satellite1 groundstation40 groundstation57)
17.637: (turn_to satellite1 star49 groundstation40)
17.626: (turn_to satellite2 groundstation51 groundstation22)
17.638: (turn_to satellite2 star85 groundstation51)
17.638: (turn_to satellite2 planet86 star85)
17.638: (turn_to satellite2 star96 planet86)
17.639: (turn_to satellite2 star34 star96)
17.630: (turn_to satellite0 planet77 star80)
17.626: (turn_to satellite2 groundstation51 star34)
17.637: (turn_to satellite2 groundstation22 groundstation51)
17.594: (turn_to satellite1 groundstation40 star49)
17.613: (turn_to satellite1 groundstation57 groundstation40)
17.639: (turn_to satellite2 star4 groundstation22)
17.640: (turn_to satellite0 star79 planet77)
17.529: (turn_to satellite0 star81 star79)
17.619: (turn_to satellite2 groundstation22 star4)
17.590: (turn_to satellite1 groundstation40 groundstation57)
17.631: (turn_to satellite1 star49 groundstation40)
17.614: (turn_to satellite2 groundstation51 groundstation22)
17.617: (turn_to satellite2 star34 groundstation51)
17.631: (turn_to satellite0 star76 star81)
17.634: (turn_to satellite0 star79 star76)
17.534: (turn_to satellite0 phenomenon95 star79)
17.623: (turn_to satellite2 groundstation55 star34)
17.627: (turn_to satellite0 star79 phenomenon95)
17.533: (take_image satellite0 star79 instrument0 image4)
17.476: (turn_to satellite0 planet88 star79)
17.622: (turn_to satellite2 groundstation51 groundstation55)
17.627: (turn_to satellite2 star34 groundstation51)
17.636: (turn_to satellite2 star12 star34)
17.619: (turn_to satellite0 star80 planet88)
17.619: (turn_to satellite0 star76 star80)
17.619: (turn_to satellite0 planet77 star76)
17.626: (turn_to satellite2 groundstation55 star12)
17.636: (turn_to satellite0 star80 planet77)
17.636: (turn_to satellite0 star76 star80)
17.642: (turn_to satellite2 groundstation51 groundstation55)
17.652: (turn_to satellite2 groundstation22 groundstation51)
17.610: (turn_to satellite1 groundstation40 star49)
17.628: (turn_to satellite1 groundstation57 groundstation40)
17.655: (turn_to satellite2 star4 groundstation22)
17.657: (turn_to satellite2 star31 star4)
17.693: (turn_to satellite2 star12 star31)
17.660: (turn_to satellite1 groundstation40 groundstation57)
17.678: (turn_to satellite0 planet88 star76)
17.609: (turn_to satellite2 groundstation22 star12)
17.632: (turn_to satellite1 groundstation57 groundstation40)
17.639: (turn_to satellite1 star49 groundstation57)
17.656: (turn_to satellite2 star18 groundstation22)
17.662: (turn_to satellite2 groundstation19 star18)
17.671: (turn_to satellite2 star35 groundstation19)
17.671: (turn_to satellite2 star28 star35)
17.685: (turn_to satellite2 star31 star28)
17.661: (turn_to satellite1 groundstation57 star49)
17.645: (turn_to satellite2 star4 star31)
17.663: (turn_to satellite0 star80 planet88)
17.628: (turn_to satellite2 groundstation22 star4)
17.604: (turn_to satellite1 groundstation40 groundstation57)
17.652: (turn_to satellite1 star49 groundstation40)
17.642: (turn_to satellite2 groundstation51 groundstation22)
17.655: (turn_to satellite2 star34 groundstation51)
17.658: (turn_to satellite0 star76 star80)
17.658: (turn_to satellite0 planet77 star76)
17.642: (turn_to satellite2 groundstation51 star34)
17.652: (turn_to satellite2 groundstation22 groundstation51)
17.610: (turn_to satellite1 groundstation40 star49)
17.628: (turn_to satellite1 groundstation57 groundstation40)
17.655: (turn_to satellite2 star4 groundstation22)
17.657: (turn_to satellite2 star31 star4)
17.693: (turn_to satellite2 star12 star31)
17.660: (turn_to satellite1 groundstation40 groundstation57)
17.678: (turn_to satellite0 star80 planet77)
17.693: (turn_to satellite2 star23 star12)
17.691: (turn_to satellite2 groundstation55 star23)
17.699: (turn_to satellite2 star4 groundstation55)
17.701: (turn_to satellite2 star34 star4)
17.704: (turn_to satellite0 planet88 star80)
17.690: (turn_to satellite2 groundstation55 star34)
17.687: (turn_to satellite2 star23 groundstation55)
17.694: (turn_to satellite2 star4 star23)
17.703: (turn_to satellite2 groundstation3 star4)
17.700: (turn_to satellite0 star80 planet88)
17.700: (turn_to satellite0 star76 star80)
17.691: (turn_to satellite2 groundstation55 groundstation3)
17.693: (turn_to satellite2 star23 groundstation55)
17.694: (turn_to satellite2 star4 star23)
17.701: (turn_to satellite2 star34 star4)
17.709: (turn_to satellite0 planet77 star76)
17.691: (turn_to satellite2 groundstation55 star34)
17.693: (turn_to satellite2 star23 groundstation55)
17.694: (turn_to satellite2 star4 star23)
17.708: (turn_to satellite2 groundstation3 star4)
17.712: (turn_to satellite2 star30 groundstation3)
17.721: (turn_to satellite0 star76 planet77)
17.721: (turn_to satellite0 star80 star76)
17.721: (turn_to satellite0 planet88 star80)
17.714: (turn_to satellite1 star49 groundstation40)
17.691: (turn_to satellite2 groundstation44 star30)
17.693: (turn_to satellite2 planet64 groundstation44)
17.693: (turn_to satellite2 phenomenon67 planet64)
17.693: (turn_to satellite2 phenomenon68 phenomenon67)
17.693: (turn_to satellite2 star69 phenomenon68)
17.697: (turn_to satellite2 star85 star69)
17.697: (turn_to satellite2 planet86 star85)
17.697: (turn_to satellite2 star96 planet86)
17.703: (turn_to satellite2 star2 star96)
17.691: (turn_to satellite1 groundstation46 star49)
17.617: (take_image satellite4 planet65 instrument12 infrared2)
17.648: (turn_to satellite4 star76 planet65)
17.025: (take_image satellite4 star76 instrument12 thermograph1)
16.329: (turn_to satellite4 planet65 star76)
16.333: (turn_to satellite4 star97 planet65)
16.333: (turn_to satellite4 star99 star97)
16.335: (turn_to satellite4 phenomenon95 star99)
16.339: (turn_to satellite4 planet77 phenomenon95)
15.710: (take_image satellite4 planet77 instrument12 thermograph1)
15.012: (turn_to satellite4 star97 planet77)
15.012: (turn_to satellite4 planet65 star97)
15.012: (turn_to satellite4 star99 planet65)
15.014: (turn_to satellite4 phenomenon95 star99)
15.016: (turn_to satellite4 star80 phenomenon95)
14.402: (take_image satellite4 star80 instrument12 thermograph1)
13.706: (turn_to satellite4 star97 star80)
13.707: (turn_to satellite4 star99 star97)
13.708: (turn_to satellite4 phenomenon95 star99)
13.714: (turn_to satellite4 phenomenon60 phenomenon95)
13.094: (take_image satellite4 phenomenon60 instrument12 thermograph1)
12.404: (turn_to satellite4 star97 phenomenon60)
12.404: (turn_to satellite4 star99 star97)
12.405: (turn_to satellite4 phenomenon95 star99)
12.410: (turn_to satellite4 planet65 phenomenon95)
12.403: (take_image satellite4 planet65 instrument12 infrared3)
12.413: (turn_to satellite4 star97 planet65)
12.413: (turn_to satellite4 star99 star97)
12.418: (turn_to satellite4 phenomenon95 star99)
12.421: (take_image satellite4 phenomenon95 instrument12 infrared3)
12.421: (turn_to satellite4 star97 phenomenon95)
12.421: (turn_to satellite4 star99 star97)
12.443: (turn_to satellite4 star81 star99)
11.674: (take_image satellite4 star81 instrument12 thermograph1)
10.852: (turn_to satellite4 planet65 star81)
10.889: (turn_to satellite4 phenomenon71 planet65)
10.927: (turn_to satellite4 phenomenon95 phenomenon71)
10.927: (turn_to satellite4 star97 phenomenon95)
10.927: (turn_to satellite4 star99 star97)
10.932: (turn_to satellite4 star79 star99)
10.917: (turn_to satellite1 star49 groundstation46)
10.837: (turn_to satellite2 star12 star2)
10.791: (turn_to satellite2 groundstation44 star12)
10.839: (turn_to satellite2 star18 groundstation44)
10.848: (turn_to satellite2 groundstation55 star18)
10.853: (turn_to satellite2 groundstation51 groundstation55)
10.864: (turn_to satellite2 star34 groundstation51)
10.873: (turn_to satellite2 groundstation3 star34)
10.839: (turn_to satellite2 groundstation10 groundstation3)
10.889: (turn_to satellite2 groundstation22 groundstation10)
10.838: (turn_to satellite1 groundstation40 star49)
10.885: (turn_to satellite1 groundstation57 groundstation40)
10.868: (turn_to satellite2 star4 groundstation22)
10.833: (turn_to satellite2 groundstation3 star4)
10.886: (turn_to satellite2 groundstation44 groundstation3)
10.891: (turn_to satellite2 star31 groundstation44)
10.911: (turn_to satellite1 star49 groundstation57)
10.901: (turn_to satellite2 groundstation19 star31)
10.908: (turn_to satellite2 star35 groundstation19)
10.908: (turn_to satellite2 star28 star35)
10.916: (turn_to satellite2 star26 star28)
10.917: (turn_to satellite2 star48 star26)
10.918: (turn_to satellite2 groundstation27 star48)
10.918: (turn_to satellite2 groundstation50 groundstation27)
10.941: (turn_to satellite2 star30 groundstation50)
10.912: (turn_to satellite1 groundstation40 star49)
10.827: (turn_to satellite2 groundstation3 star30)
10.887: (turn_to satellite2 star18 groundstation3)
10.899: (turn_to satellite2 star12 star18)
10.905: (turn_to satellite2 star34 star12)
10.902: (turn_to satellite2 groundstation44 star34)
10.922: (turn_to satellite2 groundstation51 groundstation44)
10.915: (turn_to satellite2 star4 groundstation51)
10.937: (turn_to satellite2 groundstation55 star4)
10.931: (turn_to satellite2 star23 groundstation55)
10.935: (turn_to satellite2 groundstation10 star23)
10.948: (turn_to satellite2 star31 groundstation10)
10.974: (turn_to satellite1 groundstation1 groundstation40)
10.935: (turn_to satellite2 star0 star31)
10.938: (turn_to satellite2 groundstation10 star0)
10.960: (turn_to satellite2 star2 groundstation10)
10.951: (turn_to satellite1 star54 groundstation1)
10.951: (turn_to satellite1 groundstation44 star54)
10.885: (turn_to satellite2 star49 star2)
10.844: (turn_to satellite1 star12 groundstation44)
10.832: (turn_to satellite1 star18 star12)
10.855: (turn_to satellite1 groundstation10 star18)
10.860: (turn_to satellite1 groundstation51 groundstation10)
10.860: (turn_to satellite1 groundstation3 groundstation51)
10.869: (turn_to satellite1 groundstation55 groundstation3)
10.854: (turn_to satellite4 phenomenon95 star79)
10.805: (turn_to satellite1 groundstation44 groundstation55)
10.860: (turn_to satellite1 star12 groundstation44)
10.846: (turn_to satellite1 star18 star12)
10.869: (turn_to satellite1 groundstation10 star18)
10.872: (turn_to satellite1 groundstation51 groundstation10)
10.874: (turn_to satellite1 groundstation3 groundstation51)
10.876: (turn_to satellite1 star34 groundstation3)
10.866: (turn_to satellite4 planet65 phenomenon95)
10.784: (turn_to satellite1 groundstation44 star34)
10.851: (turn_to satellite1 star12 groundstation44)
10.836: (turn_to satellite1 star18 star12)
10.858: (turn_to satellite1 groundstation10 star18)
10.867: (turn_to satellite1 groundstation3 groundstation10)
10.867: (turn_to satellite1 groundstation51 groundstation3)
10.876: (turn_to satellite1 groundstation55 groundstation51)
10.895: (turn_to satellite2 groundstation40 star49)
10.823: (turn_to satellite1 groundstation22 groundstation55)
10.820: (turn_to satellite1 groundstation3 groundstation22)
10.878: (turn_to satellite1 star12 groundstation3)
10.886: (turn_to satellite1 star34 star12)
10.899: (turn_to satellite1 star4 star34)
10.852: (turn_to satellite2 groundstation57 groundstation40)
10.852: (turn_to satellite1 groundstation22 star4)
10.888: (turn_to satellite1 star12 groundstation22)
10.917: (turn_to satellite1 star34 star12)
10.930: (turn_to satellite1 groundstation3 star34)
10.939: (turn_to satellite1 star30 groundstation3)
10.880: (turn_to satellite1 star31 star30)
10.890: (turn_to satellite1 groundstation44 star31)
10.942: (turn_to satellite1 groundstation51 groundstation44)
10.905: (turn_to satellite2 groundstation40 groundstation57)
10.910: (turn_to satellite1 star30 groundstation51)
10.868: (turn_to satellite1 star18 star30)
10.917: (turn_to satellite1 star23 star18)
10.907: (turn_to satellite1 groundstation44 star23)
10.948: (turn_to satellite2 groundstation56 groundstation40)
10.966: (turn_to satellite2 star2 groundstation56)
10.918: (turn_to satellite1 star49 groundstation44)
10.877: (turn_to satellite2 star12 star2)
10.799: (turn_to satellite2 groundstation44 star12)
10.843: (turn_to satellite2 star18 groundstation44)
10.851: (turn_to satellite2 groundstation10 star18)
10.853: (turn_to satellite2 groundstation55 groundstation10)
10.860: (turn_to satellite2 groundstation51 groundstation55)
10.865: (turn_to satellite2 star34 groundstation51)
10.879: (turn_to satellite2 groundstation3 star34)
10.894: (turn_to satellite2 groundstation22 groundstation3)
10.821: (turn_to satellite1 groundstation40 star49)
10.859: (turn_to satellite1 groundstation57 groundstation40)
10.851: (turn_to satellite2 star4 groundstation22)
10.820: (turn_to satellite2 groundstation3 star4)
10.871: (turn_to satellite2 star31 groundstation3)
10.887: (turn_to satellite2 star12 star31)
10.879: (turn_to satellite1 groundstation40 groundstation57)
10.887: (turn_to satellite2 star34 star12)
10.814: (turn_to satellite2 groundstation3 star34)
10.863: (turn_to satellite2 star18 groundstation3)
10.888: (turn_to satellite2 groundstation10 star18)
10.898: (turn_to satellite2 star30 groundstation10)
10.899: (turn_to satellite2 groundstation51 star30)
10.898: (turn_to satellite2 star4 groundstation51)
10.908: (turn_to satellite2 groundstation55 star4)
10.914: (turn_to satellite2 star23 groundstation55)
10.912: (turn_to satellite2 groundstation44 star23)
10.927: (turn_to satellite2 star31 groundstation44)
10.920: (turn_to satellite1 star49 groundstation40)
10.910: (turn_to satellite2 groundstation19 star31)
10.917: (turn_to satellite2 star48 groundstation19)
10.918: (turn_to satellite2 star35 star48)
10.912: (turn_to satellite4 phenomenon71 planet65)
10.820: (turn_to satellite2 groundstation44 star35)
10.841: (turn_to satellite2 star12 groundstation44)
10.853: (turn_to satellite2 star18 star12)
10.860: (turn_to satellite2 groundstation55 star18)
10.864: (turn_to satellite2 groundstation51 groundstation55)
10.869: (turn_to satellite2 star34 groundstation51)
10.886: (turn_to satellite2 groundstation3 star34)
10.866: (turn_to satellite2 groundstation10 groundstation3)
10.901: (turn_to satellite2 groundstation22 groundstation10)
10.846: (turn_to satellite1 groundstation40 star49)
10.885: (turn_to satellite1 groundstation57 groundstation40)
10.876: (turn_to satellite2 star4 groundstation22)
10.841: (turn_to satellite2 groundstation3 star4)
10.893: (turn_to satellite2 star31 groundstation3)
10.913: (turn_to satellite2 star12 star31)
10.905: (turn_to satellite1 groundstation40 groundstation57)
10.913: (turn_to satellite2 star34 star12)
10.835: (turn_to satellite2 groundstation3 star34)
10.890: (turn_to satellite2 star18 groundstation3)
10.914: (turn_to satellite2 groundstation10 star18)
10.916: (turn_to satellite2 star30 groundstation10)
10.925: (turn_to satellite2 groundstation51 star30)
10.923: (turn_to satellite2 star4 groundstation51)
10.929: (turn_to satellite2 groundstation44 star4)
10.933: (turn_to satellite2 groundstation55 groundstation44)
10.932: (turn_to satellite2 star23 groundstation55)
10.948: (turn_to satellite2 star31 star23)
10.924: (turn_to satellite1 star49 groundstation40)
10.913: (turn_to satellite2 groundstation19 star31)
10.920: (turn_to satellite2 star28 groundstation19)
10.905: (turn_to satellite4 planet65 phenomenon71)
10.913: (turn_to satellite4 star97 planet65)
10.820: (turn_to satellite2 groundstation44 star28)
10.841: (turn_to satellite2 star12 groundstation44)
10.853: (turn_to satellite2 star18 star12)
10.860: (turn_to satellite2 groundstation55 star18)
10.864: (turn_to satellite2 groundstation51 groundstation55)
10.869: (turn_to satellite2 star34 groundstation51)
10.886: (turn_to satellite2 groundstation3 star34)
10.866: (turn_to satellite2 groundstation10 groundstation3)
10.901: (turn_to satellite2 groundstation22 groundstation10)
10.846: (turn_to satellite1 groundstation40 star49)
10.885: (turn_to satellite1 groundstation57 groundstation40)
10.876: (turn_to satellite2 star4 groundstation22)
10.841: (turn_to satellite2 groundstation3 star4)
10.893: (turn_to satellite2 star31 groundstation3)
10.913: (turn_to satellite2 star12 star31)
10.905: (turn_to satellite1 groundstation40 groundstation57)
10.913: (turn_to satellite2 star34 star12)
10.835: (turn_to satellite2 groundstation3 star34)
10.890: (turn_to satellite2 star18 groundstation3)
10.914: (turn_to satellite2 groundstation10 star18)
10.916: (turn_to satellite2 star30 groundstation10)
10.925: (turn_to satellite2 groundstation51 star30)
10.923: (turn_to satellite2 star4 groundstation51)
10.929: (turn_to satellite2 groundstation44 star4)
10.933: (turn_to satellite2 groundstation55 groundstation44)
10.932: (turn_to satellite2 star23 groundstation55)
10.948: (turn_to satellite2 star31 star23)
10.924: (turn_to satellite1 star49 groundstation40)
10.913: (turn_to satellite2 groundstation19 star31)
10.919: (turn_to satellite2 star35 groundstation19)
10.913: (turn_to satellite4 phenomenon95 star97)
10.820: (turn_to satellite2 groundstation44 star35)
10.841: (turn_to satellite2 star12 groundstation44)
10.853: (turn_to satellite2 star18 star12)
10.860: (turn_to satellite2 groundstation55 star18)
10.864: (turn_to satellite2 groundstation51 groundstation55)
10.869: (turn_to satellite2 star34 groundstation51)
10.886: (turn_to satellite2 groundstation3 star34)
10.866: (turn_to satellite2 groundstation10 groundstation3)
10.901: (turn_to satellite2 groundstation22 groundstation10)
10.846: (turn_to satellite1 groundstation40 star49)
10.885: (turn_to satellite1 groundstation57 groundstation40)
10.876: (turn_to satellite2 star4 groundstation22)
10.841: (turn_to satellite2 groundstation3 star4)
10.893: (turn_to satellite2 star31 groundstation3)
10.913: (turn_to satellite2 star12 star31)
10.905: (turn_to satellite1 groundstation40 groundstation57)
10.913: (turn_to satellite2 star34 star12)
10.835: (turn_to satellite2 groundstation3 star34)
10.890: (turn_to satellite2 star18 groundstation3)
10.914: (turn_to satellite2 groundstation10 star18)
10.916: (turn_to satellite2 star30 groundstation10)
10.925: (turn_to satellite2 groundstation51 star30)
10.923: (turn_to satellite2 star4 groundstation51)
10.929: (turn_to satellite2 groundstation44 star4)
10.933: (turn_to satellite2 groundstation55 groundstation44)
10.932: (turn_to satellite2 star23 groundstation55)
10.948: (turn_to satellite2 star31 star23)
10.924: (turn_to satellite1 star49 groundstation40)
10.913: (turn_to satellite2 groundstation19 star31)
10.920: (turn_to satellite2 star28 groundstation19)
10.913: (turn_to satellite4 star99 phenomenon95)
10.820: (turn_to satellite2 groundstation44 star28)
10.841: (turn_to satellite2 star12 groundstation44)
10.853: (turn_to satellite2 star18 star12)
10.860: (turn_to satellite2 groundstation55 star18)
10.864: (turn_to satellite2 groundstation51 groundstation55)
10.869: (turn_to satellite2 star34 groundstation51)
10.886: (turn_to satellite2 groundstation3 star34)
10.866: (turn_to satellite2 groundstation10 groundstation3)
10.901: (turn_to satellite2 groundstation22 groundstation10)
10.846: (turn_to satellite1 groundstation40 star49)
10.885: (turn_to satellite1 groundstation57 groundstation40)
10.876: (turn_to satellite2 star4 groundstation22)
10.841: (turn_to satellite2 groundstation3 star4)
10.893: (turn_to satellite2 star31 groundstation3)
10.913: (turn_to satellite2 star12 star31)
10.905: (turn_to satellite1 groundstation40 groundstation57)
10.913: (turn_to satellite2 star34 star12)
10.835: (turn_to satellite2 groundstation3 star34)
10.890: (turn_to satellite2 star18 groundstation3)
10.914: (turn_to satellite2 groundstation10 star18)
10.916: (turn_to satellite2 star30 groundstation10)
10.925: (turn_to satellite2 groundstation51 star30)
10.923: (turn_to satellite2 star4 groundstation51)
10.929: (turn_to satellite2 groundstation44 star4)
10.933: (turn_to satellite2 groundstation55 groundstation44)
10.932: (turn_to satellite2 star23 groundstation55)
10.948: (turn_to satellite2 star31 star23)
10.924: (turn_to satellite1 star49 groundstation40)
10.913: (turn_to satellite2 groundstation19 star31)
10.919: (turn_to satellite2 star35 groundstation19)
10.924: (turn_to satellite2 star48 star35)
10.932: (turn_to satellite2 star2 star48)
10.929: (turn_to satellite4 phenomenon95 star99)
10.929: (turn_to satellite4 star97 phenomenon95)
10.945: (take_image satellite4 star97 instrument12 thermograph1)
10.910: (turn_to satellite2 star12 star2)
10.830: (turn_to satellite2 groundstation44 star12)
10.867: (turn_to satellite2 star18 groundstation44)
10.875: (turn_to satellite2 groundstation55 star18)
10.882: (turn_to satellite2 groundstation51 groundstation55)
10.885: (turn_to satellite2 star34 groundstation51)
10.867: (turn_to satellite4 planet65 star97)
10.798: (turn_to satellite2 groundstation44 star34)
10.823: (turn_to satellite2 star12 groundstation44)
10.838: (turn_to satellite2 star18 star12)
10.848: (turn_to satellite2 groundstation55 star18)
10.855: (turn_to satellite2 groundstation51 groundstation55)
10.874: (turn_to satellite2 groundstation3 groundstation51)
10.846: (turn_to satellite2 groundstation10 groundstation3)
10.889: (turn_to satellite2 groundstation22 groundstation10)
10.820: (turn_to satellite1 groundstation40 star49)
10.853: (turn_to satellite1 groundstation57 groundstation40)
10.850: (turn_to satellite2 star4 groundstation22)
10.815: (turn_to satellite2 groundstation3 star4)
10.866: (turn_to satellite2 star31 groundstation3)
10.882: (turn_to satellite2 star12 star31)
10.874: (turn_to satellite1 groundstation40 groundstation57)
10.886: (turn_to satellite2 star34 star12)
10.809: (turn_to satellite2 groundstation3 star34)
10.858: (turn_to satellite2 star18 groundstation3)
10.883: (turn_to satellite2 groundstation10 star18)
10.893: (turn_to satellite2 star30 groundstation10)
10.893: (turn_to satellite2 groundstation51 star30)
10.897: (turn_to satellite2 star4 groundstation51)
10.903: (turn_to satellite2 groundstation55 star4)
10.913: (turn_to satellite2 star23 groundstation55)
10.911: (turn_to satellite2 groundstation44 star23)
10.922: (turn_to satellite2 star31 groundstation44)
10.918: (turn_to satellite1 star49 groundstation40)
10.905: (turn_to satellite2 groundstation19 star31)
10.911: (turn_to satellite2 star48 groundstation19)
10.913: (turn_to satellite2 star2 star48)
10.911: (turn_to satellite2 star35 star2)
10.906: (turn_to satellite4 star79 planet65)
10.791: (turn_to satellite2 groundstation44 star35)
10.826: (turn_to satellite2 star12 groundstation44)
10.834: (turn_to satellite2 star18 star12)
10.842: (turn_to satellite2 groundstation55 star18)
10.847: (turn_to satellite2 groundstation51 groundstation55)
10.859: (turn_to satellite2 star34 groundstation51)
10.867: (turn_to satellite2 groundstation3 star34)
10.834: (turn_to satellite2 groundstation10 groundstation3)
10.883: (turn_to satellite2 groundstation22 groundstation10)
10.837: (turn_to satellite1 groundstation40 star49)
10.881: (turn_to satellite1 groundstation57 groundstation40)
10.867: (turn_to satellite2 star4 groundstation22)
10.829: (turn_to satellite2 groundstation3 star4)
10.886: (turn_to satellite2 star31 groundstation3)
10.886: (turn_to satellite2 groundstation44 star31)
10.910: (turn_to satellite2 star18 groundstation44)
10.906: (turn_to satellite2 star12 star18)
10.901: (turn_to satellite1 groundstation40 groundstation57)
10.903: (turn_to satellite2 star34 star12)
10.823: (turn_to satellite2 groundstation3 star34)
10.883: (turn_to satellite2 star18 groundstation3)
10.902: (turn_to satellite2 groundstation44 star18)
10.909: (turn_to satellite2 star30 groundstation44)
10.917: (turn_to satellite2 groundstation51 star30)
10.914: (turn_to satellite2 star4 groundstation51)
10.931: (turn_to satellite2 groundstation55 star4)
10.928: (turn_to satellite2 star23 groundstation55)
10.932: (turn_to satellite2 groundstation10 star23)
10.943: (turn_to satellite2 star31 groundstation10)
10.909: (turn_to satellite1 star49 groundstation40)
10.895: (turn_to satellite2 groundstation19 star31)
10.903: (turn_to satellite2 star28 groundstation19)
10.911: (turn_to satellite2 star48 star28)
10.913: (turn_to satellite2 star2 star48)
10.939: (turn_to satellite1 groundstation46 star49)
10.942: (turn_to satellite1 groundstation1 groundstation46)
10.950: (turn_to satellite1 star54 groundstation1)
10.950: (turn_to satellite1 groundstation44 star54)
10.884: (turn_to satellite2 star49 star2)
10.842: (turn_to satellite1 star12 groundstation44)
10.827: (turn_to satellite1 star18 star12)
10.845: (turn_to satellite1 groundstation10 star18)
10.854: (turn_to satellite1 groundstation51 groundstation10)
10.855: (turn_to satellite1 groundstation3 groundstation51)
10.863: (turn_to satellite1 groundstation55 groundstation3)
10.855: (turn_to satellite4 phenomenon95 star79)
10.804: (turn_to satellite1 groundstation44 groundstation55)
10.859: (turn_to satellite1 star12 groundstation44)
10.841: (turn_to satellite1 star18 star12)
10.867: (turn_to satellite1 groundstation51 star18)
10.869: (turn_to satellite1 groundstation3 groundstation51)
10.860: (turn_to satellite1 groundstation10 groundstation3)
10.871: (turn_to satellite1 star34 groundstation10)
10.865: (turn_to satellite4 planet65 phenomenon95)
10.783: (turn_to satellite1 groundstation44 star34)
10.849: (turn_to satellite1 star12 groundstation44)
10.831: (turn_to satellite1 star18 star12)
10.853: (turn_to satellite1 groundstation10 star18)
10.862: (turn_to satellite1 groundstation3 groundstation10)
10.862: (turn_to satellite1 groundstation51 groundstation3)
10.871: (turn_to satellite1 groundstation55 groundstation51)
10.894: (turn_to satellite2 groundstation40 star49)
10.822: (turn_to satellite1 groundstation22 groundstation55)
10.814: (turn_to satellite1 groundstation3 groundstation22)
10.877: (turn_to satellite1 star12 groundstation3)
10.886: (turn_to satellite1 star34 star12)
10.898: (turn_to satellite1 star4 star34)
10.851: (turn_to satellite2 groundstation57 groundstation40)
10.851: (turn_to satellite1 groundstation22 star4)
10.887: (turn_to satellite1 star12 groundstation22)
10.916: (turn_to satellite1 star34 star12)
10.929: (turn_to satellite1 groundstation3 star34)
10.937: (turn_to satellite1 star30 groundstation3)
10.876: (turn_to satellite1 star31 star30)
10.889: (turn_to satellite1 groundstation44 star31)
10.941: (turn_to satellite1 groundstation51 groundstation44)
10.900: (turn_to satellite2 groundstation40 groundstation57)
10.908: (turn_to satellite1 star30 groundstation51)
10.863: (turn_to satellite1 star18 star30)
10.915: (turn_to satellite1 star23 star18)
10.907: (turn_to satellite1 groundstation44 star23)
10.948: (turn_to satellite2 groundstation56 groundstation40)
10.962: (turn_to satellite2 star2 groundstation56)
10.919: (turn_to satellite1 groundstation46 groundstation44)
10.884: (turn_to satellite4 phenomenon71 planet65)
10.922: (turn_to satellite4 phenomenon95 phenomenon71)
10.922: (turn_to satellite4 star99 phenomenon95)
10.933: (take_image satellite4 star99 instrument12 thermograph1)
10.843: (turn_to satellite4 planet65 star99)
10.875: (turn_to satellite4 phenomenon71 planet65)
10.917: (turn_to satellite4 phenomenon95 phenomenon71)
10.924: (turn_to satellite4 star79 phenomenon95)
10.906: (turn_to satellite1 star49 groundstation46)
10.832: (turn_to satellite2 star12 star2)
10.791: (turn_to satellite2 groundstation44 star12)
10.828: (turn_to satellite2 star18 groundstation44)
10.836: (turn_to satellite2 groundstation55 star18)
10.841: (turn_to satellite2 groundstation51 groundstation55)
10.853: (turn_to satellite2 star34 groundstation51)
10.862: (turn_to satellite2 groundstation3 star34)
10.833: (turn_to satellite2 groundstation10 groundstation3)
10.877: (turn_to satellite2 groundstation22 groundstation10)
10.835: (turn_to satellite1 groundstation40 star49)
10.877: (turn_to satellite1 groundstation57 groundstation40)
10.865: (turn_to satellite2 star4 groundstation22)
10.825: (turn_to satellite2 groundstation3 star4)
10.881: (turn_to satellite2 star31 groundstation3)
10.887: (turn_to satellite2 groundstation44 star31)
10.906: (turn_to satellite2 star18 groundstation44)
10.900: (turn_to satellite2 star12 star18)
10.896: (turn_to satellite1 groundstation40 groundstation57)
10.902: (turn_to satellite2 star34 star12)
10.819: (turn_to satellite2 groundstation3 star34)
10.879: (turn_to satellite2 star18 groundstation3)
10.899: (turn_to satellite2 groundstation10 star18)
10.903: (turn_to satellite2 groundstation44 groundstation10)
10.904: (turn_to satellite2 star30 groundstation44)
10.912: (turn_to satellite2 groundstation51 star30)
10.913: (turn_to satellite2 star4 groundstation51)
10.925: (turn_to satellite2 groundstation55 star4)
10.926: (turn_to satellite2 star23 groundstation55)
10.938: (turn_to satellite2 star31 star23)
10.907: (turn_to satellite1 star49 groundstation40)
10.889: (turn_to satellite2 groundstation19 star31)
10.898: (turn_to satellite2 star35 groundstation19)
10.898: (turn_to satellite2 star28 star35)
10.906: (turn_to satellite2 star48 star28)
10.916: (turn_to satellite2 star26 star48)
10.919: (turn_to satellite2 groundstation27 star26)
10.919: (turn_to satellite2 groundstation50 groundstation27)
10.929: (turn_to satellite2 star30 groundstation50)
10.937: (turn_to satellite1 groundstation57 star49)
10.929: (turn_to satellite2 star34 star30)
10.930: (turn_to satellite2 groundstation10 star34)
10.942: (turn_to satellite2 groundstation51 groundstation10)
10.971: (turn_to satellite2 groundstation55 groundstation51)
10.959: (turn_to satellite1 groundstation56 groundstation57)
11.013: (turn_to satellite1 groundstation1 groundstation56)
10.935: (turn_to satellite2 star0 groundstation55)
10.932: (turn_to satellite2 groundstation10 star0)
10.951: (turn_to satellite2 star2 groundstation10)
10.948: (turn_to satellite1 star54 groundstation1)
10.948: (turn_to satellite1 groundstation44 star54)
10.884: (turn_to satellite2 star49 star2)
10.839: (turn_to satellite1 star12 groundstation44)
10.822: (turn_to satellite1 star18 star12)
10.844: (turn_to satellite1 groundstation10 star18)
10.848: (turn_to satellite1 groundstation51 groundstation10)
10.850: (turn_to satellite1 groundstation3 groundstation51)
10.857: (turn_to satellite1 groundstation55 groundstation3)
10.855: (turn_to satellite4 phenomenon95 star79)
10.803: (turn_to satellite1 groundstation44 groundstation55)
10.857: (turn_to satellite1 star12 groundstation44)
10.836: (turn_to satellite1 star18 star12)
10.862: (turn_to satellite1 groundstation51 star18)
10.864: (turn_to satellite1 groundstation3 groundstation51)
10.854: (turn_to satellite1 groundstation10 groundstation3)
10.866: (turn_to satellite1 star34 groundstation10)
10.865: (turn_to satellite4 planet65 phenomenon95)
10.782: (turn_to satellite1 groundstation44 star34)
10.848: (turn_to satellite1 star12 groundstation44)
10.826: (turn_to satellite1 star18 star12)
10.848: (turn_to satellite1 groundstation10 star18)
10.856: (turn_to satellite1 groundstation3 groundstation10)
10.857: (turn_to satellite1 groundstation51 groundstation3)
10.866: (turn_to satellite1 groundstation55 groundstation51)
10.893: (turn_to satellite2 groundstation40 star49)
10.821: (turn_to satellite1 groundstation22 groundstation55)
10.809: (turn_to satellite1 groundstation3 groundstation22)
10.876: (turn_to satellite1 star12 groundstation3)
10.884: (turn_to satellite1 star34 star12)
10.897: (turn_to satellite1 star4 star34)
10.849: (turn_to satellite2 groundstation57 groundstation40)
10.850: (turn_to satellite1 groundstation22 star4)
10.886: (turn_to satellite1 star12 groundstation22)
10.915: (turn_to satellite1 star34 star12)
10.928: (turn_to satellite1 groundstation3 star34)
10.936: (turn_to satellite1 star30 groundstation3)
10.871: (turn_to satellite1 star31 star30)
10.886: (turn_to satellite1 star18 star31)
10.928: (turn_to satellite2 groundstation40 groundstation57)
10.907: (turn_to satellite1 star30 star18)
10.894: (turn_to satellite1 groundstation51 star30)
10.913: (turn_to satellite1 star23 groundstation51)
10.906: (turn_to satellite1 groundstation44 star23)
10.948: (turn_to satellite2 groundstation56 groundstation40)
10.957: (turn_to satellite2 star2 groundstation56)
10.908: (turn_to satellite1 star49 groundstation44)
10.877: (turn_to satellite2 star12 star2)
10.797: (turn_to satellite2 groundstation44 star12)
10.833: (turn_to satellite2 star18 groundstation44)
10.841: (turn_to satellite2 groundstation10 star18)
10.843: (turn_to satellite2 groundstation55 groundstation10)
10.850: (turn_to satellite2 groundstation51 groundstation55)
10.855: (turn_to satellite2 star34 groundstation51)
10.869: (turn_to satellite2 groundstation3 star34)
10.884: (turn_to satellite2 groundstation22 groundstation3)
10.819: (turn_to satellite1 groundstation40 star49)
10.848: (turn_to satellite1 groundstation57 groundstation40)
10.849: (turn_to satellite2 star4 groundstation22)
10.810: (turn_to satellite2 groundstation3 star4)
10.861: (turn_to satellite2 star31 groundstation3)
10.877: (turn_to satellite2 star12 star31)
10.869: (turn_to satellite1 groundstation40 groundstation57)
10.885: (turn_to satellite2 star34 star12)
10.804: (turn_to satellite2 groundstation3 star34)
10.853: (turn_to satellite2 star18 groundstation3)
[Final] Expanded: 1000, Generated: 513994
Failed to find a solution!
