/u/ibrahim.eisawy/Neural-Guided-Search/venv/lib/python3.10/site-packages/pymimir_rgnn/model.py:151: UserWarning: index_reduce() is in beta and the API may change at any time. (Triggered internally at /pytorch/aten/src/ATen/native/cuda/Indexing.cu:1541.)
  max_msg.index_reduce_(0, output_indices, output_messages, reduce='amax', include_self=True)
Torch: 2.12.0+cu130
Using GPU:  NVIDIA L40S
81.082: (switch_on instrument5 satellite2)
77.688: (switch_on instrument4 satellite1)
74.178: (turn_to satellite2 star40 star55)
64.155: (calibrate satellite2 instrument5 star40)
63.285: (turn_to satellite2 planet97 star40)
62.418: (take_image satellite2 planet97 instrument5 thermograph0)
61.952: (turn_to satellite2 star51 planet97)
61.663: (switch_on instrument3 satellite0)
61.452: (turn_to satellite3 star43 star51)
61.306: (take_image satellite2 star51 instrument5 infrared1)
61.281: (turn_to satellite2 star21 star51)
61.266: (take_image satellite2 star21 instrument5 infrared2)
61.277: (take_image satellite2 star21 instrument5 infrared1)
61.293: (turn_to satellite3 star42 star43)
61.297: (turn_to satellite2 groundstation8 star21)
61.268: (take_image satellite2 groundstation8 instrument5 infrared2)
61.235: (turn_to satellite1 groundstation18 star50)
61.237: (turn_to satellite1 star54 groundstation18)
54.104: (calibrate satellite1 instrument4 star54)
53.141: (turn_to satellite1 star79 star54)
52.776: (turn_to satellite2 phenomenon68 groundstation8)
52.596: (turn_to satellite3 star40 star42)
52.552: (turn_to satellite4 groundstation18 star53)
52.501: (turn_to satellite3 groundstation48 star40)
52.530: (turn_to satellite1 phenomenon82 star79)
52.001: (take_image satellite1 phenomenon82 instrument4 image3)
51.202: (turn_to satellite1 phenomenon81 phenomenon82)
50.107: (take_image satellite1 phenomenon81 instrument4 infrared4)
49.288: (turn_to satellite1 star65 phenomenon81)
49.199: (turn_to satellite2 planet63 phenomenon68)
48.303: (take_image satellite2 planet63 instrument5 infrared1)
47.600: (turn_to satellite2 planet86 planet63)
46.332: (take_image satellite2 planet86 instrument5 infrared2)
45.664: (turn_to satellite2 star94 planet86)
45.691: (turn_to satellite2 planet60 star94)
45.020: (take_image satellite2 planet60 instrument5 infrared1)
44.361: (turn_to satellite2 star94 planet60)
44.386: (turn_to satellite2 phenomenon61 star94)
43.711: (take_image satellite2 phenomenon61 instrument5 infrared1)
43.057: (turn_to satellite2 star94 phenomenon61)
43.015: (turn_to satellite1 star64 star65)
43.003: (turn_to satellite2 star65 star94)
42.342: (take_image satellite2 star65 instrument5 infrared2)
41.693: (turn_to satellite2 star93 star65)
41.033: (take_image satellite2 star93 instrument5 infrared2)
40.386: (turn_to satellite2 star79 star93)
39.723: (take_image satellite2 star79 instrument5 infrared2)
39.080: (turn_to satellite2 star80 star79)
38.414: (take_image satellite2 star80 instrument5 infrared2)
37.805: (turn_to satellite2 star94 star80)
37.780: (turn_to satellite2 phenomenon67 star94)
37.108: (take_image satellite2 phenomenon67 instrument5 infrared2)
36.477: (turn_to satellite2 star75 phenomenon67)
35.805: (take_image satellite2 star75 instrument5 infrared2)
35.200: (turn_to satellite2 phenomenon73 star75)
34.500: (take_image satellite2 phenomenon73 instrument5 infrared2)
33.907: (turn_to satellite2 star94 phenomenon73)
33.862: (turn_to satellite2 planet95 star94)
33.281: (take_image satellite2 planet95 instrument5 infrared2)
32.553: (turn_to satellite2 star94 planet95)
32.550: (turn_to satellite3 star43 groundstation48)
32.574: (turn_to satellite3 star40 star43)
32.581: (turn_to satellite2 phenomenon68 star94)
32.519: (turn_to satellite2 planet62 phenomenon68)
31.781: (take_image satellite2 planet62 instrument5 thermograph0)
31.236: (turn_to satellite2 phenomenon99 planet62)
31.241: (turn_to satellite2 phenomenon98 phenomenon99)
30.480: (take_image satellite2 phenomenon98 instrument5 thermograph0)
29.917: (turn_to satellite2 phenomenon99 phenomenon98)
29.928: (turn_to satellite2 phenomenon87 phenomenon99)
29.170: (take_image satellite2 phenomenon87 instrument5 thermograph0)
28.599: (turn_to satellite2 phenomenon99 phenomenon87)
28.620: (turn_to satellite3 groundstation48 star40)
28.615: (turn_to satellite2 phenomenon68 phenomenon99)
28.623: (turn_to satellite2 planet66 phenomenon68)
27.901: (take_image satellite2 planet66 instrument5 thermograph0)
27.295: (turn_to satellite2 phenomenon68 planet66)
27.310: (turn_to satellite3 star40 groundstation48)
27.301: (turn_to satellite2 planet69 phenomenon68)
26.568: (take_image satellite2 planet69 instrument5 thermograph0)
25.956: (turn_to satellite2 phenomenon99 planet69)
25.981: (turn_to satellite2 phenomenon71 phenomenon99)
25.981: (turn_to satellite2 planet72 phenomenon71)
25.981: (turn_to satellite2 phenomenon70 planet72)
25.985: (turn_to satellite2 phenomenon68 phenomenon70)
25.990: (turn_to satellite2 planet74 phenomenon68)
25.258: (take_image satellite2 planet74 instrument5 thermograph0)
24.633: (turn_to satellite2 phenomenon99 planet74)
24.664: (turn_to satellite2 phenomenon70 phenomenon99)
24.664: (turn_to satellite2 phenomenon71 phenomenon70)
24.664: (turn_to satellite2 planet72 phenomenon71)
24.668: (turn_to satellite2 phenomenon68 planet72)
24.676: (turn_to satellite2 phenomenon76 phenomenon68)
23.949: (take_image satellite2 phenomenon76 instrument5 thermograph0)
23.309: (turn_to satellite2 phenomenon99 phenomenon76)
23.347: (turn_to satellite2 phenomenon70 phenomenon99)
23.347: (turn_to satellite2 phenomenon71 phenomenon70)
23.347: (turn_to satellite2 planet72 phenomenon71)
23.348: (turn_to satellite2 planet85 planet72)
22.641: (take_image satellite2 planet85 instrument5 thermograph0)
21.986: (turn_to satellite2 phenomenon99 planet85)
22.024: (turn_to satellite2 phenomenon96 phenomenon99)
22.028: (turn_to satellite2 phenomenon70 phenomenon96)
22.028: (turn_to satellite2 phenomenon71 phenomenon70)
22.028: (turn_to satellite2 planet72 phenomenon71)
22.030: (turn_to satellite2 star84 planet72)
21.332: (take_image satellite2 star84 instrument5 thermograph0)
20.656: (turn_to satellite2 phenomenon99 star84)
20.673: (turn_to satellite2 planet72 phenomenon99)
20.669: (turn_to satellite2 phenomenon71 planet72)
20.691: (turn_to satellite2 phenomenon96 phenomenon71)
20.710: (turn_to satellite2 phenomenon70 phenomenon96)
20.712: (turn_to satellite2 phenomenon68 phenomenon70)
20.708: (take_image satellite1 star64 instrument4 infrared4)
20.729: (take_image satellite1 star64 instrument4 image3)
20.772: (turn_to satellite1 phenomenon99 star64)
20.131: (take_image satellite1 phenomenon99 instrument4 image3)
19.476: (turn_to satellite1 star94 phenomenon99)
18.772: (take_image satellite1 star94 instrument4 image3)
18.118: (turn_to satellite1 star64 star94)
18.135: (turn_to satellite1 phenomenon96 star64)
17.504: (take_image satellite1 phenomenon96 instrument4 infrared4)
16.836: (turn_to satellite1 star64 phenomenon96)
16.834: (turn_to satellite1 phenomenon70 star64)
16.197: (take_image satellite1 phenomenon70 instrument4 infrared4)
15.498: (turn_to satellite1 star64 phenomenon70)
15.547: (turn_to satellite3 star43 star40)
15.478: (turn_to satellite1 phenomenon71 star64)
14.858: (take_image satellite1 phenomenon71 instrument4 infrared4)
14.168: (turn_to satellite1 planet72 phenomenon71)
13.552: (take_image satellite1 planet72 instrument4 infrared4)
12.893: (turn_to satellite1 star64 planet72)
12.941: (turn_to satellite1 planet89 star64)
12.244: (take_image satellite1 planet89 instrument4 infrared4)
11.610: (turn_to satellite1 star64 planet89)
11.638: (turn_to satellite1 planet90 star64)
11.103: (take_image satellite1 planet90 instrument4 infrared4)
10.480: (turn_to satellite1 star64 planet90)
10.432: (turn_to satellite4 planet88 groundstation18)
10.355: (turn_to satellite4 star64 planet88)
10.355: (turn_to satellite4 planet92 star64)
10.355: (turn_to satellite4 phenomenon91 planet92)
10.395: (turn_to satellite4 phenomenon96 phenomenon91)
10.395: (turn_to satellite4 planet90 phenomenon96)
10.396: (turn_to satellite4 planet97 planet90)
10.396: (turn_to satellite4 phenomenon98 planet97)
10.407: (turn_to satellite4 star93 phenomenon98)
10.407: (turn_to satellite4 planet95 star93)
10.408: (turn_to satellite4 planet89 planet95)
10.414: (turn_to satellite4 star94 planet89)
10.414: (turn_to satellite4 phenomenon99 star94)
10.427: (turn_to satellite4 phenomenon68 phenomenon99)
10.438: (turn_to satellite4 star43 phenomenon68)
10.331: (turn_to satellite3 planet88 star43)
10.236: (turn_to satellite3 phenomenon91 planet88)
10.236: (turn_to satellite3 planet92 phenomenon91)
10.240: (switch_on instrument10 satellite3)
10.033: (turn_to satellite3 phenomenon91 planet92)
10.135: (turn_to satellite1 planet92 star64)
9.445: (take_image satellite1 planet92 instrument4 infrared4)
8.725: (turn_to satellite1 star64 planet92)
8.845: (turn_to satellite1 planet77 star64)
8.788: (take_image satellite1 planet77 instrument4 infrared4)
8.743: (turn_to satellite1 star64 planet77)
8.837: (turn_to satellite3 planet77 phenomenon91)
8.865: (turn_to satellite1 phenomenon91 star64)
8.117: (take_image satellite1 phenomenon91 instrument4 infrared4)
7.357: (turn_to satellite1 star64 phenomenon91)
7.490: (turn_to satellite3 phenomenon78 planet77)
7.490: (turn_to satellite3 phenomenon83 phenomenon78)
7.636: (turn_to satellite4 groundstation48 star43)
7.600: (turn_to satellite3 planet77 phenomenon83)
7.618: (turn_to satellite3 phenomenon78 planet77)
7.633: (turn_to satellite4 groundstation45 groundstation48)
7.638: (turn_to satellite3 planet77 phenomenon78)
7.646: (turn_to satellite3 phenomenon83 planet77)
7.760: (turn_to satellite4 star6 groundstation45)
7.766: (turn_to satellite4 star42 star6)
7.768: (turn_to satellite3 phenomenon78 phenomenon83)
7.760: (turn_to satellite4 star6 star42)
7.799: (turn_to satellite3 planet77 phenomenon78)
7.737: (turn_to satellite4 star40 star6)
7.808: (turn_to satellite4 star42 star40)
7.820: (turn_to satellite4 planet88 star42)
7.653: (turn_to satellite3 star43 planet77)
7.508: (turn_to satellite4 star64 planet88)
7.550: (turn_to satellite4 planet77 star64)
7.581: (turn_to satellite4 phenomenon68 planet77)
7.591: (turn_to satellite4 star65 phenomenon68)
7.591: (turn_to satellite4 phenomenon67 star65)
7.591: (turn_to satellite4 phenomenon73 phenomenon67)
7.591: (turn_to satellite4 star75 phenomenon73)
7.605: (turn_to satellite4 phenomenon70 star75)
7.605: (turn_to satellite4 phenomenon71 phenomenon70)
7.605: (turn_to satellite4 planet72 phenomenon71)
7.607: (turn_to satellite4 planet60 planet72)
7.607: (turn_to satellite4 phenomenon61 planet60)
7.607: (turn_to satellite4 planet63 phenomenon61)
7.680: (turn_to satellite4 phenomenon96 planet63)
7.695: (turn_to satellite4 star79 phenomenon96)
7.695: (turn_to satellite4 star80 star79)
7.695: (turn_to satellite4 planet86 star80)
7.702: (turn_to satellite4 phenomenon78 planet86)
7.695: (turn_to satellite4 star93 phenomenon78)
7.702: (turn_to satellite4 phenomenon83 star93)
7.704: (turn_to satellite4 planet62 phenomenon83)
7.704: (turn_to satellite4 planet66 planet62)
7.704: (turn_to satellite4 planet69 planet66)
7.704: (turn_to satellite4 planet74 planet69)
7.715: (turn_to satellite4 phenomenon81 planet74)
7.715: (turn_to satellite4 planet89 phenomenon81)
7.703: (turn_to satellite4 planet95 planet89)
7.704: (turn_to satellite4 phenomenon76 planet95)
7.716: (turn_to satellite4 planet90 phenomenon76)
7.719: (turn_to satellite4 phenomenon91 planet90)
7.719: (turn_to satellite4 planet92 phenomenon91)
7.740: (turn_to satellite4 phenomenon82 planet92)
7.748: (turn_to satellite4 star94 phenomenon82)
7.753: (turn_to satellite4 star41 star94)
7.755: (turn_to satellite4 phenomenon99 star41)
7.753: (turn_to satellite4 star12 phenomenon99)
7.777: (turn_to satellite4 star43 star12)
7.781: (turn_to satellite4 star84 star43)
7.782: (turn_to satellite4 planet85 star84)
7.782: (turn_to satellite4 phenomenon87 planet85)
7.792: (turn_to satellite4 groundstation4 phenomenon87)
7.792: (turn_to satellite4 groundstation13 groundstation4)
7.792: (turn_to satellite4 star19 groundstation13)
7.792: (turn_to satellite4 groundstation31 star19)
7.792: (turn_to satellite4 star52 groundstation31)
7.792: (turn_to satellite4 groundstation58 star52)
7.792: (turn_to satellite1 planet77 star64)
7.522: (turn_to satellite4 star64 groundstation58)
7.546: (turn_to satellite1 phenomenon78 planet77)
7.649: (turn_to satellite1 phenomenon83 phenomenon78)
7.670: (turn_to satellite4 planet88 star64)
7.471: (turn_to satellite1 phenomenon78 phenomenon83)
7.489: (turn_to satellite1 planet77 phenomenon78)
7.664: (take_image satellite1 planet77 instrument4 image3)
7.493: (turn_to satellite1 phenomenon78 planet77)
7.510: (turn_to satellite1 star64 phenomenon78)
7.530: (turn_to satellite4 star64 planet88)
7.569: (turn_to satellite4 planet77 star64)
7.604: (turn_to satellite4 phenomenon68 planet77)
7.612: (turn_to satellite4 star65 phenomenon68)
7.612: (turn_to satellite4 phenomenon73 star65)
7.612: (turn_to satellite4 star75 phenomenon73)
7.612: (turn_to satellite4 phenomenon67 star75)
7.625: (turn_to satellite4 phenomenon70 phenomenon67)
7.625: (turn_to satellite4 phenomenon71 phenomenon70)
7.625: (turn_to satellite4 planet72 phenomenon71)
7.627: (turn_to satellite4 planet60 planet72)
7.627: (turn_to satellite4 phenomenon61 planet60)
7.627: (turn_to satellite4 planet63 phenomenon61)
7.704: (turn_to satellite4 phenomenon96 planet63)
7.721: (turn_to satellite4 planet66 phenomenon96)
7.721: (turn_to satellite4 planet62 planet66)
7.721: (turn_to satellite4 planet69 planet62)
7.721: (turn_to satellite4 planet74 planet69)
7.722: (turn_to satellite4 star79 planet74)
7.722: (turn_to satellite4 star80 star79)
7.722: (turn_to satellite4 planet86 star80)
7.728: (turn_to satellite4 phenomenon78 planet86)
7.721: (turn_to satellite4 phenomenon76 phenomenon78)
7.728: (turn_to satellite4 phenomenon83 phenomenon76)
7.722: (turn_to satellite4 star93 phenomenon83)
7.730: (turn_to satellite4 planet95 star93)
7.740: (turn_to satellite4 planet90 planet95)
7.742: (turn_to satellite4 planet89 planet90)
7.742: (turn_to satellite4 phenomenon81 planet89)
7.746: (turn_to satellite4 phenomenon91 phenomenon81)
7.746: (turn_to satellite4 planet92 phenomenon91)
7.766: (turn_to satellite4 star12 planet92)
7.765: (turn_to satellite4 phenomenon82 star12)
7.766: (turn_to satellite4 star41 phenomenon82)
7.773: (turn_to satellite4 star94 star41)
7.778: (turn_to satellite4 phenomenon99 star94)
7.786: (turn_to satellite4 star43 phenomenon99)
7.632: (turn_to satellite3 phenomenon83 star43)
7.499: (turn_to satellite3 planet77 phenomenon83)
7.509: (turn_to satellite3 phenomenon78 planet77)
7.641: (turn_to satellite4 groundstation45 star43)
7.631: (turn_to satellite4 groundstation48 groundstation45)
7.616: (turn_to satellite3 planet77 phenomenon78)
7.627: (turn_to satellite3 phenomenon83 planet77)
7.634: (turn_to satellite4 groundstation45 groundstation48)
7.655: (turn_to satellite3 planet77 phenomenon83)
7.768: (turn_to satellite4 star40 groundstation45)
7.806: (turn_to satellite4 star6 star40)
7.774: (turn_to satellite3 phenomenon78 planet77)
7.773: (turn_to satellite4 star42 star6)
7.775: (turn_to satellite3 phenomenon83 phenomenon78)
7.766: (turn_to satellite4 star6 star42)
7.816: (turn_to satellite4 star40 star6)
7.828: (turn_to satellite4 planet88 star40)
7.740: (turn_to satellite3 groundstation48 phenomenon83)
7.674: (turn_to satellite4 planet77 planet88)
7.706: (turn_to satellite4 star64 planet77)
7.725: (turn_to satellite4 phenomenon68 star64)
7.795: (turn_to satellite4 phenomenon78 phenomenon68)
7.795: (turn_to satellite4 phenomenon83 phenomenon78)
7.803: (turn_to satellite1 phenomenon83 star64)
7.725: (turn_to satellite4 planet88 phenomenon83)
7.627: (turn_to satellite1 phenomenon78 phenomenon83)
7.672: (turn_to satellite1 planet77 phenomenon78)
7.847: (turn_to satellite4 planet77 planet88)
7.758: (turn_to satellite4 star64 planet77)
7.723: (turn_to satellite1 phenomenon78 planet77)
7.760: (turn_to satellite1 phenomenon83 phenomenon78)
7.809: (take_image satellite1 phenomenon83 instrument4 infrared4)
7.703: (turn_to satellite1 star64 phenomenon83)
7.706: (turn_to satellite4 planet88 star64)
7.684: (turn_to satellite4 planet77 planet88)
7.723: (turn_to satellite4 phenomenon68 planet77)
7.764: (turn_to satellite4 phenomenon83 phenomenon68)
7.816: (turn_to satellite4 phenomenon70 phenomenon83)
7.816: (turn_to satellite4 phenomenon71 phenomenon70)
7.816: (turn_to satellite4 planet72 phenomenon71)
7.816: (turn_to satellite4 phenomenon78 planet72)
7.828: (turn_to satellite1 phenomenon78 star64)
7.726: (turn_to satellite4 planet88 phenomenon78)
7.670: (turn_to satellite1 planet77 phenomenon78)
7.742: (turn_to satellite1 phenomenon83 planet77)
7.761: (take_image satellite1 phenomenon83 instrument4 image3)
7.589: (turn_to satellite1 phenomenon78 phenomenon83)
7.632: (turn_to satellite1 star64 phenomenon78)
7.699: (turn_to satellite4 planet77 planet88)
7.715: (turn_to satellite4 star64 planet77)
7.738: (turn_to satellite4 phenomenon68 star64)
7.784: (turn_to satellite4 phenomenon83 phenomenon68)
7.830: (turn_to satellite4 phenomenon70 phenomenon83)
7.830: (turn_to satellite4 phenomenon71 phenomenon70)
7.830: (turn_to satellite4 planet72 phenomenon71)
7.838: (turn_to satellite4 phenomenon78 planet72)
7.849: (turn_to satellite4 phenomenon96 phenomenon78)
7.852: (turn_to satellite4 planet60 phenomenon96)
7.852: (turn_to satellite4 phenomenon61 planet60)
7.852: (turn_to satellite4 planet63 phenomenon61)
7.853: (turn_to satellite4 star65 planet63)
7.853: (turn_to satellite4 phenomenon67 star65)
7.853: (turn_to satellite4 phenomenon73 phenomenon67)
7.853: (turn_to satellite4 star75 phenomenon73)
7.915: (turn_to satellite4 phenomenon99 star75)
7.916: (turn_to satellite4 phenomenon81 phenomenon99)
7.920: (turn_to satellite4 planet89 phenomenon81)
7.920: (turn_to satellite4 planet90 planet89)
7.920: (turn_to satellite4 phenomenon91 planet90)
7.920: (turn_to satellite4 planet92 phenomenon91)
7.927: (turn_to satellite4 planet62 planet92)
7.927: (turn_to satellite4 planet66 planet62)
7.927: (turn_to satellite4 planet69 planet66)
7.927: (turn_to satellite4 planet74 planet69)
7.933: (turn_to satellite4 star79 planet74)
7.933: (turn_to satellite4 star80 star79)
7.933: (turn_to satellite4 planet86 star80)
7.933: (turn_to satellite4 phenomenon82 planet86)
7.934: (turn_to satellite4 groundstation4 phenomenon82)
7.934: (turn_to satellite4 groundstation13 groundstation4)
7.934: (turn_to satellite4 star19 groundstation13)
7.934: (turn_to satellite4 groundstation31 star19)
7.934: (turn_to satellite4 star52 groundstation31)
7.934: (turn_to satellite4 groundstation58 star52)
7.940: (turn_to satellite4 star94 groundstation58)
7.927: (turn_to satellite4 phenomenon76 star94)
7.940: (turn_to satellite4 star93 phenomenon76)
7.940: (turn_to satellite4 planet95 star93)
7.968: (turn_to satellite4 phenomenon98 planet95)
7.973: (turn_to satellite4 star84 phenomenon98)
7.968: (turn_to satellite4 planet97 star84)
7.973: (turn_to satellite4 planet85 planet97)
7.970: (turn_to satellite4 phenomenon87 planet85)
7.976: (turn_to satellite4 groundstation48 phenomenon87)
7.797: (turn_to satellite3 planet77 groundstation48)
7.623: (turn_to satellite3 phenomenon83 planet77)
7.631: (turn_to satellite4 groundstation45 groundstation48)
7.631: (turn_to satellite3 planet77 phenomenon83)
7.640: (turn_to satellite4 star43 groundstation45)
7.519: (turn_to satellite3 phenomenon78 planet77)
7.531: (turn_to satellite3 phenomenon83 phenomenon78)
7.667: (turn_to satellite3 star64 phenomenon83)
7.666: (turn_to satellite1 phenomenon78 star64)
7.588: (turn_to satellite3 planet77 star64)
7.597: (turn_to satellite1 phenomenon83 phenomenon78)
7.663: (turn_to satellite3 star64 planet77)
7.639: (turn_to satellite3 phenomenon78 star64)
7.596: (turn_to satellite1 planet77 phenomenon83)
7.432: (turn_to satellite3 star64 phenomenon78)
7.597: (turn_to satellite3 phenomenon83 star64)
7.698: (turn_to satellite2 phenomenon78 phenomenon68)
7.205: (take_image satellite2 phenomenon78 instrument5 thermograph0)
6.405: (turn_to satellite2 phenomenon68 phenomenon78)
6.346: (turn_to satellite3 star64 phenomenon83)
6.542: (turn_to satellite1 phenomenon83 planet77)
6.501: (turn_to satellite3 planet77 star64)
6.323: (turn_to satellite1 star64 phenomenon83)
6.409: (turn_to satellite3 phenomenon83 planet77)
6.530: (turn_to satellite4 groundstation45 star43)
6.526: (turn_to satellite3 planet77 phenomenon83)
6.535: (turn_to satellite4 groundstation48 groundstation45)
6.529: (turn_to satellite3 phenomenon83 planet77)
6.550: (turn_to satellite4 planet88 groundstation48)
6.476: (turn_to satellite3 planet77 phenomenon83)
6.497: (turn_to satellite3 star43 planet77)
6.380: (turn_to satellite4 star64 planet88)
6.397: (turn_to satellite4 planet77 star64)
6.442: (turn_to satellite4 phenomenon68 planet77)
6.483: (turn_to satellite4 phenomenon83 phenomenon68)
6.519: (turn_to satellite4 star65 phenomenon83)
6.519: (turn_to satellite4 phenomenon67 star65)
6.519: (turn_to satellite4 phenomenon73 phenomenon67)
6.519: (turn_to satellite4 star75 phenomenon73)
6.526: (turn_to satellite4 planet60 star75)
6.526: (turn_to satellite4 phenomenon61 planet60)
6.526: (turn_to satellite4 planet63 phenomenon61)
6.530: (turn_to satellite4 phenomenon70 planet63)
6.530: (turn_to satellite4 phenomenon71 phenomenon70)
6.530: (turn_to satellite4 planet72 phenomenon71)
6.565: (turn_to satellite4 phenomenon96 planet72)
6.591: (turn_to satellite4 planet62 phenomenon96)
6.591: (turn_to satellite4 planet69 planet62)
6.591: (turn_to satellite4 planet66 planet69)
6.591: (turn_to satellite4 planet74 planet66)
6.601: (turn_to satellite4 star79 planet74)
6.601: (turn_to satellite4 star80 star79)
6.601: (turn_to satellite4 planet86 star80)
6.611: (turn_to satellite4 star93 planet86)
6.591: (turn_to satellite4 phenomenon76 star93)
6.620: (turn_to satellite4 phenomenon81 phenomenon76)
6.624: (turn_to satellite4 planet89 phenomenon81)
6.611: (turn_to satellite4 planet95 planet89)
6.624: (turn_to satellite4 planet90 planet95)
6.624: (turn_to satellite4 phenomenon91 planet90)
6.624: (turn_to satellite4 planet92 phenomenon91)
6.647: (turn_to satellite4 phenomenon99 planet92)
6.648: (turn_to satellite4 phenomenon82 phenomenon99)
6.657: (turn_to satellite4 star94 phenomenon82)
6.670: (turn_to satellite4 phenomenon78 star94)
6.670: (turn_to satellite4 planet85 phenomenon78)
6.670: (turn_to satellite4 star84 planet85)
6.678: (turn_to satellite4 star22 star84)
6.680: (turn_to satellite4 star12 star22)
6.680: (turn_to satellite4 star41 star12)
6.682: (turn_to satellite4 phenomenon87 star41)
6.682: (turn_to satellite4 planet97 phenomenon87)
6.682: (turn_to satellite4 phenomenon98 planet97)
6.703: (turn_to satellite4 star43 phenomenon98)
6.682: (turn_to satellite3 planet88 star43)
6.552: (switch_off instrument10 satellite3)
6.619: (turn_to satellite3 star64 planet88)
6.627: (turn_to satellite3 phenomenon68 star64)
6.688: (turn_to satellite3 planet77 phenomenon68)
6.688: (turn_to satellite3 phenomenon83 planet77)
6.695: (switch_on instrument7 satellite3)
6.564: (turn_to satellite3 planet77 phenomenon83)
6.619: (turn_to satellite1 phenomenon83 star64)
6.645: (take_image satellite2 phenomenon68 instrument5 infrared1)
6.541: (turn_to satellite1 star64 phenomenon83)
6.614: (turn_to satellite3 phenomenon83 planet77)
6.687: (turn_to satellite1 planet77 star64)
6.539: (turn_to satellite3 star64 phenomenon83)
6.696: (turn_to satellite1 phenomenon83 planet77)
6.704: (turn_to satellite2 planet77 phenomenon68)
6.164: (take_image satellite2 planet77 instrument5 thermograph0)
5.446: (turn_to satellite2 phenomenon68 planet77)
5.497: (take_image satellite2 phenomenon68 instrument5 thermograph0)
5.576: (take_image satellite2 phenomenon68 instrument5 infrared2)
5.685: (switch_on instrument11 satellite4)
5.776: (turn_to satellite4 groundstation48 star43)
5.621: (switch_off instrument11 satellite4)
5.716: (turn_to satellite4 star40 groundstation48)
5.745: (turn_to satellite4 groundstation45 star40)
5.748: (turn_to satellite4 planet88 groundstation45)
5.634: (turn_to satellite3 star43 star64)
5.357: (turn_to satellite1 star64 phenomenon83)
5.415: (turn_to satellite4 star64 planet88)
5.433: (turn_to satellite4 phenomenon68 star64)
5.557: (turn_to satellite4 phenomenon83 phenomenon68)
5.560: (turn_to satellite4 planet60 phenomenon83)
5.560: (turn_to satellite4 phenomenon61 planet60)
5.560: (turn_to satellite4 planet63 phenomenon61)
5.575: (turn_to satellite4 planet77 planet63)
5.583: (turn_to satellite4 phenomenon70 planet77)
5.584: (turn_to satellite4 star65 phenomenon70)
5.584: (turn_to satellite4 phenomenon67 star65)
5.584: (turn_to satellite4 phenomenon73 phenomenon67)
5.584: (turn_to satellite4 star75 phenomenon73)
5.585: (turn_to satellite4 phenomenon71 star75)
5.585: (turn_to satellite4 planet72 phenomenon71)
5.597: (turn_to satellite4 planet62 planet72)
5.597: (turn_to satellite4 planet69 planet62)
5.597: (turn_to satellite4 planet74 planet69)
5.597: (turn_to satellite4 phenomenon76 planet74)
5.597: (turn_to satellite4 planet66 phenomenon76)
5.665: (turn_to satellite4 phenomenon87 planet66)
5.665: (turn_to satellite4 star84 phenomenon87)
5.665: (turn_to satellite4 planet85 star84)
5.669: (turn_to satellite4 phenomenon78 planet85)
5.686: (turn_to satellite4 phenomenon98 phenomenon78)
5.688: (turn_to satellite4 phenomenon96 phenomenon98)
5.690: (turn_to satellite4 planet89 phenomenon96)
5.690: (turn_to satellite4 planet90 planet89)
5.690: (turn_to satellite4 phenomenon91 planet90)
5.690: (turn_to satellite4 planet92 phenomenon91)
5.690: (turn_to satellite4 phenomenon81 planet92)
5.693: (turn_to satellite4 star80 phenomenon81)
5.693: (turn_to satellite4 star79 star80)
5.694: (turn_to satellite4 phenomenon82 star79)
5.695: (turn_to satellite4 planet86 phenomenon82)
5.695: (turn_to satellite4 star93 planet86)
5.695: (turn_to satellite4 planet95 star93)
5.695: (turn_to satellite4 star94 planet95)
5.709: (turn_to satellite4 phenomenon99 star94)
5.714: (turn_to satellite4 planet97 phenomenon99)
5.737: (turn_to satellite4 star22 planet97)
5.737: (turn_to satellite4 star12 star22)
5.737: (turn_to satellite4 star41 star12)
5.758: (turn_to satellite4 groundstation58 star41)
5.758: (turn_to satellite4 groundstation13 groundstation58)
5.758: (turn_to satellite4 star19 groundstation13)
5.758: (turn_to satellite4 groundstation31 star19)
5.758: (turn_to satellite4 star52 groundstation31)
5.758: (turn_to satellite4 groundstation4 star52)
5.771: (turn_to satellite4 star43 groundstation4)
5.583: (turn_to satellite3 phenomenon83 star43)
5.621: (turn_to satellite4 groundstation48 star43)
5.579: (turn_to satellite4 groundstation45 groundstation48)
5.597: (turn_to satellite4 star40 groundstation45)
5.698: (turn_to satellite4 planet88 star40)
5.737: (turn_to satellite3 groundstation48 phenomenon83)
5.684: (switch_off instrument7 satellite3)
5.676: (turn_to satellite4 star64 planet88)
5.693: (turn_to satellite4 phenomenon68 star64)
5.763: (turn_to satellite4 phenomenon83 phenomenon68)
5.730: (switch_on instrument11 satellite4)
5.601: (switch_on instrument10 satellite3)
5.539: (turn_to satellite3 star43 groundstation48)
5.526: (switch_off instrument11 satellite4)
5.307: (turn_to satellite4 phenomenon68 phenomenon83)
5.314: (turn_to satellite4 star64 phenomenon68)
5.380: (turn_to satellite4 planet88 star64)
5.448: (turn_to satellite1 phenomenon83 star64)
5.496: (turn_to satellite4 phenomenon83 planet88)
5.502: (turn_to satellite4 star64 phenomenon83)
5.483: (switch_on instrument11 satellite4)
5.529: (turn_to satellite1 star64 phenomenon83)
5.527: (turn_to satellite4 phenomenon68 star64)
5.513: (turn_to satellite2 phenomenon83 phenomenon68)
4.659: (take_image satellite2 phenomenon83 instrument5 thermograph0)
4.400: (turn_to satellite2 phenomenon68 phenomenon83)
4.362: (switch_off instrument11 satellite4)
4.156: (turn_to satellite4 planet88 phenomenon68)
4.175: (turn_to satellite4 star64 planet88)
4.324: (turn_to satellite4 planet63 star64)
4.324: (turn_to satellite4 planet60 planet63)
4.324: (turn_to satellite4 phenomenon61 planet60)
4.330: (turn_to satellite4 phenomenon73 phenomenon61)
4.330: (turn_to satellite4 star65 phenomenon73)
4.330: (turn_to satellite4 phenomenon67 star65)
4.348: (turn_to satellite4 planet62 phenomenon67)
4.348: (turn_to satellite4 planet66 planet62)
4.348: (turn_to satellite4 planet69 planet66)
4.348: (turn_to satellite4 planet74 planet69)
4.355: (turn_to satellite4 phenomenon70 planet74)
4.355: (turn_to satellite4 phenomenon71 phenomenon70)
4.355: (turn_to satellite4 planet72 phenomenon71)
4.376: (turn_to satellite4 star75 planet72)
4.386: (turn_to satellite4 planet77 star75)
4.380: (turn_to satellite4 phenomenon83 planet77)
4.388: (turn_to satellite4 phenomenon76 phenomenon83)
4.388: (turn_to satellite4 phenomenon78 phenomenon76)
4.389: (turn_to satellite4 star84 phenomenon78)
4.389: (turn_to satellite4 planet85 star84)
4.389: (turn_to satellite4 phenomenon87 planet85)
4.394: (turn_to satellite4 star93 phenomenon87)
4.394: (turn_to satellite4 planet95 star93)
4.394: (turn_to satellite4 planet86 planet95)
4.399: (turn_to satellite4 star79 planet86)
4.399: (turn_to satellite4 star80 star79)
4.417: (turn_to satellite4 star43 star80)
4.423: (turn_to satellite4 planet89 star43)
4.423: (turn_to satellite4 planet90 planet89)
4.423: (turn_to satellite4 phenomenon91 planet90)
4.423: (turn_to satellite4 planet92 phenomenon91)
4.426: (turn_to satellite4 star94 planet92)
4.427: (turn_to satellite4 phenomenon81 star94)
4.431: (turn_to satellite4 phenomenon82 phenomenon81)
4.467: (turn_to satellite4 groundstation4 phenomenon82)
4.467: (turn_to satellite4 star19 groundstation4)
4.467: (turn_to satellite4 groundstation13 star19)
4.467: (turn_to satellite4 groundstation31 groundstation13)
4.467: (turn_to satellite4 star52 groundstation31)
4.467: (turn_to satellite4 groundstation58 star52)
4.477: (turn_to satellite4 star22 groundstation58)
4.451: (turn_to satellite4 phenomenon96 star22)
4.477: (turn_to satellite4 star12 phenomenon96)
4.477: (turn_to satellite4 star41 star12)
4.506: (turn_to satellite4 planet97 star41)
4.494: (turn_to satellite4 phenomenon98 planet97)
4.514: (turn_to satellite4 phenomenon99 phenomenon98)
4.542: (turn_to satellite4 star42 phenomenon99)
4.537: (turn_to satellite4 star24 star42)
4.570: (turn_to satellite4 star54 star24)
4.572: (turn_to satellite4 star56 star54)
4.581: (turn_to satellite4 star6 star56)
4.599: (turn_to satellite4 star15 star6)
4.605: (turn_to satellite4 star51 star15)
4.605: (turn_to satellite4 groundstation34 star51)
4.619: (turn_to satellite4 star37 groundstation34)
4.625: (turn_to satellite4 groundstation27 star37)
4.625: (turn_to satellite4 star23 groundstation27)
4.633: (turn_to satellite4 star53 star23)
4.710: (turn_to satellite4 star38 star53)
4.633: (turn_to satellite4 star50 star38)
4.633: (turn_to satellite4 groundstation57 star50)
4.635: (turn_to satellite4 star21 groundstation57)
4.636: (turn_to satellite4 groundstation7 star21)
4.636: (turn_to satellite4 star0 groundstation7)
4.637: (turn_to satellite4 star33 star0)
4.641: (turn_to satellite4 groundstation2 star33)
4.647: (turn_to satellite4 groundstation45 groundstation2)
4.625: (turn_to satellite3 planet88 star43)
4.516: (turn_to satellite4 star43 groundstation45)
4.389: (turn_to satellite3 star64 planet88)
4.396: (turn_to satellite3 phenomenon68 star64)
4.415: (turn_to satellite3 planet60 phenomenon68)
4.415: (turn_to satellite3 phenomenon61 planet60)
4.415: (turn_to satellite3 planet63 phenomenon61)
4.450: (turn_to satellite3 planet62 planet63)
4.450: (turn_to satellite3 planet66 planet62)
4.450: (turn_to satellite3 planet69 planet66)
4.450: (turn_to satellite3 planet74 planet69)
4.468: (turn_to satellite3 star65 planet74)
4.468: (turn_to satellite3 phenomenon67 star65)
4.468: (turn_to satellite3 phenomenon73 phenomenon67)
4.477: (turn_to satellite3 phenomenon70 phenomenon73)
4.477: (turn_to satellite3 phenomenon71 phenomenon70)
4.477: (turn_to satellite3 planet72 phenomenon71)
4.512: (turn_to satellite3 star84 planet72)
4.512: (turn_to satellite3 planet85 star84)
4.512: (turn_to satellite3 phenomenon87 planet85)
4.513: (turn_to satellite3 phenomenon83 phenomenon87)
4.516: (turn_to satellite3 phenomenon76 phenomenon83)
4.516: (turn_to satellite3 phenomenon78 phenomenon76)
4.516: (turn_to satellite3 planet77 phenomenon78)
4.525: (turn_to satellite3 star94 planet77)
4.532: (turn_to satellite3 phenomenon82 star94)
4.557: (turn_to satellite3 star93 phenomenon82)
4.557: (turn_to satellite3 planet86 star93)
4.559: (turn_to satellite3 planet89 planet86)
4.559: (turn_to satellite3 planet90 planet89)
4.559: (turn_to satellite3 phenomenon91 planet90)
4.468: (turn_to satellite3 star75 phenomenon91)
4.559: (turn_to satellite3 planet92 star75)
4.557: (turn_to satellite3 planet95 planet92)
4.567: (turn_to satellite3 star79 planet95)
4.567: (turn_to satellite3 star80 star79)
4.569: (turn_to satellite3 phenomenon81 star80)
4.575: (turn_to satellite3 phenomenon99 phenomenon81)
4.576: (turn_to satellite3 planet97 phenomenon99)
4.576: (turn_to satellite3 phenomenon98 planet97)
4.590: (turn_to satellite3 star24 phenomenon98)
4.600: (turn_to satellite3 groundstation4 star24)
4.600: (turn_to satellite3 groundstation13 groundstation4)
4.600: (turn_to satellite3 star19 groundstation13)
4.600: (turn_to satellite3 groundstation31 star19)
4.600: (turn_to satellite3 star52 groundstation31)
4.600: (turn_to satellite3 groundstation58 star52)
4.602: (turn_to satellite3 phenomenon96 groundstation58)
4.603: (turn_to satellite3 star22 phenomenon96)
4.590: (turn_to satellite3 star54 star22)
4.601: (turn_to satellite4 planet88 star43)
4.389: (turn_to satellite3 groundstation48 star54)
4.430: (turn_to satellite4 star64 planet88)
4.438: (turn_to satellite4 phenomenon68 star64)
4.568: (turn_to satellite4 planet60 phenomenon68)
4.568: (turn_to satellite4 phenomenon61 planet60)
4.568: (turn_to satellite4 planet63 phenomenon61)
4.581: (turn_to satellite4 star65 planet63)
4.581: (turn_to satellite4 phenomenon67 star65)
4.581: (turn_to satellite4 phenomenon73 phenomenon67)
4.585: (turn_to satellite4 phenomenon70 phenomenon73)
4.585: (turn_to satellite4 phenomenon71 phenomenon70)
4.585: (turn_to satellite4 planet72 phenomenon71)
4.599: (turn_to satellite4 groundstation48 planet72)
4.575: (turn_to satellite3 planet88 groundstation48)
4.534: (switch_off instrument10 satellite3)
4.518: (turn_to satellite4 star43 groundstation48)
4.447: (turn_to satellite3 star64 planet88)
4.483: (turn_to satellite3 phenomenon68 star64)
4.611: (turn_to satellite3 planet60 phenomenon68)
4.611: (turn_to satellite3 phenomenon61 planet60)
4.611: (turn_to satellite3 planet63 phenomenon61)
4.636: (turn_to satellite3 star65 planet63)
4.636: (turn_to satellite3 phenomenon67 star65)
4.648: (turn_to satellite3 phenomenon70 phenomenon67)
4.648: (turn_to satellite3 phenomenon71 phenomenon70)
4.648: (turn_to satellite3 planet72 phenomenon71)
4.661: (turn_to satellite3 planet77 planet72)
4.661: (turn_to satellite3 phenomenon83 planet77)
4.667: (turn_to satellite3 star75 phenomenon83)
4.667: (turn_to satellite3 planet62 star75)
4.667: (turn_to satellite3 planet66 planet62)
4.667: (turn_to satellite3 planet69 planet66)
4.672: (turn_to satellite3 star79 planet69)
4.672: (turn_to satellite3 star80 star79)
4.672: (turn_to satellite3 planet86 star80)
4.678: (turn_to satellite3 phenomenon87 planet86)
4.679: (turn_to satellite3 phenomenon73 phenomenon87)
4.682: (turn_to satellite3 phenomenon76 phenomenon73)
4.682: (turn_to satellite3 phenomenon78 phenomenon76)
4.682: (turn_to satellite3 star84 phenomenon78)
4.682: (turn_to satellite3 planet85 star84)
4.683: (turn_to satellite3 planet74 planet85)
4.688: (turn_to satellite3 star43 planet74)
4.496: (turn_to satellite4 planet88 star43)
4.499: (turn_to satellite4 star64 planet88)
4.535: (turn_to satellite4 phenomenon68 star64)
4.628: (switch_on instrument7 satellite3)
4.282: (turn_to satellite4 planet88 phenomenon68)
4.315: (turn_to satellite4 star64 planet88)
4.453: (turn_to satellite4 planet77 star64)
4.457: (turn_to satellite4 planet60 planet77)
4.457: (turn_to satellite4 phenomenon61 planet60)
4.457: (turn_to satellite4 planet63 phenomenon61)
4.468: (turn_to satellite4 star65 planet63)
4.468: (turn_to satellite4 phenomenon67 star65)
4.468: (turn_to satellite4 phenomenon73 phenomenon67)
4.468: (turn_to satellite4 star75 phenomenon73)
4.469: (turn_to satellite4 planet62 star75)
4.469: (turn_to satellite4 planet66 planet62)
4.469: (turn_to satellite4 planet69 planet66)
4.469: (turn_to satellite4 planet74 planet69)
4.469: (turn_to satellite4 phenomenon76 planet74)
4.488: (turn_to satellite4 phenomenon71 phenomenon76)
4.488: (turn_to satellite4 planet72 phenomenon71)
4.488: (turn_to satellite4 phenomenon70 planet72)
4.494: (turn_to satellite4 phenomenon83 phenomenon70)
4.507: (turn_to satellite4 star84 phenomenon83)
4.507: (turn_to satellite4 planet85 star84)
4.507: (turn_to satellite4 phenomenon87 planet85)
4.509: (turn_to satellite4 phenomenon78 phenomenon87)
4.529: (turn_to satellite4 planet86 phenomenon78)
4.529: (turn_to satellite4 planet95 planet86)
4.529: (turn_to satellite4 star93 planet95)
4.537: (turn_to satellite4 star79 star93)
4.537: (turn_to satellite4 star80 star79)
4.546: (turn_to satellite4 planet89 star80)
4.546: (turn_to satellite4 planet90 planet89)
4.546: (turn_to satellite4 phenomenon91 planet90)
4.546: (turn_to satellite4 planet92 phenomenon91)
4.546: (turn_to satellite4 phenomenon96 planet92)
4.551: (turn_to satellite4 phenomenon81 phenomenon96)
4.556: (turn_to satellite4 phenomenon82 phenomenon81)
4.555: (turn_to satellite4 star94 phenomenon82)
4.598: (turn_to satellite4 phenomenon98 star94)
4.605: (turn_to satellite4 star43 phenomenon98)
4.586: (turn_to satellite3 planet88 star43)
4.557: (turn_to satellite3 star64 planet88)
4.565: (turn_to satellite3 planet60 star64)
4.565: (turn_to satellite3 phenomenon61 planet60)
4.565: (turn_to satellite3 planet63 phenomenon61)
4.581: (turn_to satellite3 phenomenon68 planet63)
4.603: (turn_to satellite3 planet69 phenomenon68)
4.603: (turn_to satellite3 planet62 planet69)
4.603: (turn_to satellite3 planet66 planet62)
4.603: (turn_to satellite3 planet74 planet66)
4.627: (turn_to satellite3 phenomenon70 planet74)
4.627: (turn_to satellite3 phenomenon71 phenomenon70)
4.627: (turn_to satellite3 planet72 phenomenon71)
4.637: (turn_to satellite3 star65 planet72)
4.637: (turn_to satellite3 phenomenon67 star65)
4.637: (turn_to satellite3 phenomenon73 phenomenon67)
4.637: (turn_to satellite3 star75 phenomenon73)
4.641: (turn_to satellite3 phenomenon83 star75)
4.596: (turn_to satellite3 phenomenon76 phenomenon83)
4.646: (turn_to satellite3 planet77 phenomenon76)
4.654: (turn_to satellite3 star84 planet77)
4.654: (turn_to satellite3 planet85 star84)
4.654: (turn_to satellite3 phenomenon87 planet85)
4.659: (turn_to satellite3 phenomenon78 phenomenon87)
4.667: (turn_to satellite3 phenomenon82 phenomenon78)
4.667: (turn_to satellite3 star94 phenomenon82)
4.698: (turn_to satellite3 phenomenon99 star94)
4.701: (turn_to satellite3 star24 phenomenon99)
4.703: (turn_to satellite3 planet97 star24)
4.703: (turn_to satellite3 phenomenon98 planet97)
4.705: (turn_to satellite3 phenomenon81 phenomenon98)
4.699: (switch_off instrument7 satellite3)
4.695: (turn_to satellite3 planet97 phenomenon81)
4.695: (turn_to satellite3 phenomenon98 planet97)
4.700: (turn_to satellite3 planet89 phenomenon98)
4.700: (turn_to satellite3 planet95 planet89)
4.700: (turn_to satellite3 planet90 planet95)
4.700: (turn_to satellite3 phenomenon91 planet90)
4.700: (turn_to satellite3 star93 phenomenon91)
4.700: (turn_to satellite3 planet92 star93)
4.704: (turn_to satellite3 star21 planet92)
4.710: (turn_to satellite3 phenomenon96 star21)
4.715: (turn_to satellite4 star40 star43)
4.536: (turn_to satellite3 planet88 phenomenon96)
4.617: (turn_to satellite4 groundstation45 star40)
4.679: (turn_to satellite3 star64 planet88)
4.592: (turn_to satellite3 phenomenon68 star64)
4.601: (turn_to satellite3 planet60 phenomenon68)
4.601: (turn_to satellite3 phenomenon61 planet60)
4.601: (turn_to satellite3 planet63 phenomenon61)
4.620: (turn_to satellite3 phenomenon67 planet63)
4.620: (turn_to satellite3 star65 phenomenon67)
4.640: (turn_to satellite3 phenomenon70 star65)
4.640: (turn_to satellite3 phenomenon71 phenomenon70)
4.641: (turn_to satellite3 planet69 phenomenon71)
4.641: (turn_to satellite3 planet77 planet69)
4.675: (turn_to satellite4 star40 groundstation45)
4.673: (turn_to satellite3 star64 planet77)
4.593: (turn_to satellite3 phenomenon68 star64)
4.668: (turn_to satellite3 planet60 phenomenon68)
4.667: (turn_to satellite3 phenomenon61 planet60)
4.667: (turn_to satellite3 planet63 phenomenon61)
4.671: (turn_to satellite3 star40 planet63)
4.545: (turn_to satellite4 planet88 star40)
4.551: (turn_to satellite4 star64 planet88)
4.600: (turn_to satellite4 phenomenon68 star64)
4.699: (turn_to satellite4 planet60 phenomenon68)
4.699: (turn_to satellite4 phenomenon61 planet60)
4.699: (turn_to satellite4 planet63 phenomenon61)
4.708: (turn_to satellite4 phenomenon70 planet63)
4.708: (turn_to satellite4 phenomenon71 phenomenon70)
4.719: (turn_to satellite4 star65 phenomenon71)
4.719: (turn_to satellite4 phenomenon67 star65)
4.733: (turn_to satellite4 planet62 phenomenon67)
4.733: (turn_to satellite4 planet66 planet62)
4.733: (turn_to satellite4 planet69 planet66)
4.736: (turn_to satellite4 planet77 planet69)
4.733: (turn_to satellite4 planet72 planet77)
4.742: (turn_to satellite4 star21 planet72)
4.752: (turn_to satellite4 phenomenon83 star21)
4.750: (turn_to satellite4 planet74 phenomenon83)
4.750: (turn_to satellite4 phenomenon76 planet74)
4.757: (turn_to satellite4 phenomenon73 phenomenon76)
4.742: (turn_to satellite3 star43 star40)
4.647: (turn_to satellite4 planet60 phenomenon73)
4.647: (turn_to satellite4 phenomenon61 planet60)
4.647: (turn_to satellite4 planet63 phenomenon61)
4.648: (turn_to satellite4 star65 planet63)
4.647: (turn_to satellite4 phenomenon67 star65)
4.665: (turn_to satellite4 phenomenon70 phenomenon67)
4.665: (turn_to satellite4 phenomenon71 phenomenon70)
4.676: (turn_to satellite4 star75 phenomenon71)
4.676: (turn_to satellite4 star79 star75)
4.676: (turn_to satellite4 star80 star79)
4.684: (turn_to satellite4 planet74 star80)
4.687: (turn_to satellite4 planet77 planet74)
4.687: (turn_to satellite4 phenomenon83 planet77)
4.689: (turn_to satellite4 planet62 phenomenon83)
4.689: (turn_to satellite4 planet72 planet62)
4.688: (turn_to satellite4 planet69 planet72)
4.689: (turn_to satellite4 planet66 planet69)
4.690: (turn_to satellite4 phenomenon76 planet66)
4.690: (turn_to satellite4 phenomenon78 phenomenon76)
4.695: (turn_to satellite4 phenomenon81 phenomenon78)
4.698: (turn_to satellite4 phenomenon87 phenomenon81)
4.697: (turn_to satellite4 star84 phenomenon87)
4.699: (turn_to satellite4 planet85 star84)
4.706: (turn_to satellite4 planet86 planet85)
4.709: (turn_to satellite4 planet97 planet86)
4.709: (turn_to satellite4 phenomenon98 planet97)
4.713: (turn_to satellite4 star93 phenomenon98)
4.713: (turn_to satellite4 phenomenon96 star93)
4.713: (turn_to satellite4 planet95 phenomenon96)
4.720: (turn_to satellite4 planet89 planet95)
4.720: (turn_to satellite4 planet90 planet89)
4.720: (turn_to satellite4 phenomenon91 planet90)
4.720: (turn_to satellite4 planet92 phenomenon91)
4.722: (turn_to satellite4 star21 planet92)
4.728: (turn_to satellite4 groundstation27 star21)
4.728: (turn_to satellite4 star23 groundstation27)
4.728: (turn_to satellite4 groundstation4 star23)
4.723: (turn_to satellite4 phenomenon82 groundstation4)
4.729: (turn_to satellite4 groundstation13 phenomenon82)
4.729: (turn_to satellite4 star19 groundstation13)
4.729: (turn_to satellite4 groundstation31 star19)
4.729: (turn_to satellite4 star52 groundstation31)
4.729: (turn_to satellite4 groundstation58 star52)
4.735: (turn_to satellite4 groundstation18 groundstation58)
4.760: (turn_to satellite4 star94 groundstation18)
4.744: (turn_to satellite4 phenomenon99 star94)
4.749: (turn_to satellite4 star51 phenomenon99)
4.750: (turn_to satellite4 groundstation26 star51)
4.754: (turn_to satellite4 groundstation8 groundstation26)
4.770: (turn_to satellite4 star54 groundstation8)
4.750: (turn_to satellite3 planet88 star43)
4.697: (switch_on instrument10 satellite3)
4.638: (turn_to satellite4 star64 star54)
4.422: (turn_to satellite3 groundstation45 planet88)
4.378: (turn_to satellite4 planet88 star64)
4.470: (turn_to satellite4 phenomenon68 planet88)
4.569: (turn_to satellite3 star40 groundstation45)
4.376: (calibrate satellite3 instrument10 star40)
4.195: (turn_to satellite4 planet88 phenomenon68)
4.194: (turn_to satellite3 planet88 star40)
3.875: (turn_to satellite4 star40 planet88)
3.792: (take_image satellite3 planet88 instrument10 infrared2)
3.829: (take_image satellite3 planet88 instrument10 infrared1)
3.939: (turn_to satellite4 star43 star40)
3.814: (turn_to satellite3 star64 planet88)
3.620: (take_image satellite3 star64 instrument10 infrared1)
3.181: (turn_to satellite3 planet88 star64)
3.011: (turn_to satellite1 phenomenon68 star64)
2.462: (take_image satellite1 phenomenon68 instrument4 image3)
2.274: (turn_to satellite2 planet88 phenomenon68)
2.183: (turn_to satellite1 planet97 phenomenon68)
2.070: (turn_to satellite1 planet62 planet97)
2.070: (turn_to satellite1 planet66 planet62)
2.070: (turn_to satellite1 planet69 planet66)
2.070: (turn_to satellite1 planet74 planet69)
2.070: (turn_to satellite1 phenomenon76 planet74)
2.082: (turn_to satellite1 planet88 phenomenon76)
2.108: (switch_off instrument3 satellite0)
1.978: (take_image satellite1 planet88 instrument4 image3)
2.007: (take_image satellite1 planet88 instrument4 infrared4)
2.055: (turn_to satellite1 planet66 planet88)
2.052: (turn_to satellite1 planet62 planet66)
2.055: (turn_to satellite1 planet69 planet62)
2.055: (turn_to satellite1 planet74 planet69)
2.130: (turn_to satellite1 planet60 planet74)
2.130: (turn_to satellite1 phenomenon61 planet60)
2.134: (turn_to satellite1 star65 phenomenon61)
2.244: (turn_to satellite1 phenomenon78 star65)
2.186: (turn_to satellite1 planet97 phenomenon78)
2.134: (turn_to satellite1 phenomenon67 planet97)
2.134: (turn_to satellite1 phenomenon73 phenomenon67)
2.134: (turn_to satellite1 planet63 phenomenon73)
2.140: (turn_to satellite1 phenomenon68 planet63)
2.186: (turn_to satellite1 phenomenon98 phenomenon68)
2.147: (turn_to satellite1 star64 phenomenon98)
2.245: (turn_to satellite1 phenomenon76 star64)
2.148: (turn_to satellite1 phenomenon70 phenomenon76)
2.249: (turn_to satellite1 planet77 phenomenon70)
2.209: (turn_to satellite1 phenomenon83 planet77)
2.212: (turn_to satellite1 phenomenon87 phenomenon83)
2.148: (turn_to satellite1 phenomenon71 phenomenon87)
2.251: (turn_to satellite1 star84 phenomenon71)
2.148: (turn_to satellite1 planet72 star84)
2.251: (turn_to satellite1 planet85 planet72)
2.173: (turn_to satellite1 star94 planet85)
2.284: (turn_to satellite1 planet89 star94)
2.284: (turn_to satellite1 planet90 planet89)
2.284: (turn_to satellite1 phenomenon91 planet90)
2.217: (turn_to satellite1 star93 phenomenon91)
2.176: (turn_to satellite1 planet92 star93)
2.217: (turn_to satellite1 planet95 planet92)
2.177: (turn_to satellite1 phenomenon99 planet95)
2.291: (switch_on instrument2 satellite0)
2.219: (turn_to satellite1 planet88 phenomenon99)
2.092: (turn_to satellite1 planet62 planet88)
2.092: (turn_to satellite1 planet66 planet62)
2.092: (turn_to satellite1 planet69 planet66)
2.092: (turn_to satellite1 planet74 planet69)
2.129: (turn_to satellite1 phenomenon76 planet74)
2.157: (turn_to satellite1 star64 phenomenon76)
2.229: (turn_to satellite1 planet77 star64)
2.180: (turn_to satellite1 phenomenon83 planet77)
2.190: (turn_to satellite1 planet97 phenomenon83)
2.163: (turn_to satellite1 phenomenon68 planet97)
2.166: (turn_to satellite1 phenomenon98 phenomenon68)
2.166: (turn_to satellite1 star65 phenomenon98)
2.230: (turn_to satellite4 star40 star43)
2.270: (turn_to satellite1 planet88 star65)
2.008: (switch_off instrument2 satellite0)
2.164: (turn_to satellite1 planet62 planet88)
2.164: (turn_to satellite1 planet66 planet62)
2.164: (turn_to satellite1 planet69 planet66)
2.232: (turn_to satellite1 phenomenon83 planet69)
2.249: (turn_to satellite1 planet97 phenomenon83)
2.236: (turn_to satellite1 phenomenon98 planet97)
2.236: (turn_to satellite1 star84 phenomenon98)
2.236: (turn_to satellite1 planet85 star84)
2.236: (turn_to satellite1 phenomenon87 planet85)
2.250: (turn_to satellite1 planet74 phenomenon87)
2.252: (turn_to satellite1 planet77 planet74)
2.315: (switch_on instrument2 satellite0)
2.254: (turn_to satellite1 star79 planet77)
2.241: (turn_to satellite4 star43 star40)
2.203: (switch_off instrument2 satellite0)
2.292: (turn_to satellite1 phenomenon81 star79)
2.290: (switch_on instrument2 satellite0)
2.231: (turn_to satellite1 phenomenon78 phenomenon81)
2.161: (take_image satellite1 phenomenon78 instrument4 infrared4)
2.156: (take_image satellite1 phenomenon78 instrument4 image3)
2.160: (turn_to satellite1 planet88 phenomenon78)
2.006: (switch_off instrument2 satellite0)
2.064: (turn_to satellite1 planet66 planet88)
2.062: (turn_to satellite1 planet62 planet66)
2.064: (turn_to satellite1 planet69 planet62)
2.064: (turn_to satellite1 planet74 planet69)
2.133: (turn_to satellite1 planet60 planet74)
2.133: (turn_to satellite1 phenomenon61 planet60)
2.135: (turn_to satellite1 star65 phenomenon61)
2.253: (turn_to satellite1 phenomenon76 star65)
2.135: (turn_to satellite1 phenomenon67 phenomenon76)
[Final] Expanded: 1000, Generated: 511269
Failed to find a solution!
