/u/ibrahim.eisawy/Neural-Guided-Search/venv/lib/python3.10/site-packages/pymimir_rgnn/model.py:151: UserWarning: index_reduce() is in beta and the API may change at any time. (Triggered internally at /pytorch/aten/src/ATen/native/cuda/Indexing.cu:1541.)
  max_msg.index_reduce_(0, output_indices, output_messages, reduce='amax', include_self=True)
Torch: 2.12.0+cu130
Using GPU:  NVIDIA L40S
50.800: (switch_on instrument6 satellite1)
43.117: (calibrate satellite1 instrument6 groundstation17)
41.753: (switch_on instrument3 satellite0)
40.307: (turn_to satellite1 groundstation18 groundstation17)
39.958: (turn_to satellite3 groundstation15 star20)
39.556: (turn_to satellite2 star30 star19)
39.481: (take_image satellite1 groundstation18 instrument6 thermograph2)
39.483: (turn_to satellite0 star25 groundstation36)
35.357: (calibrate satellite0 instrument3 star25)
34.584: (turn_to satellite0 star60 star25)
33.851: (take_image satellite0 star60 instrument3 thermograph2)
33.290: (turn_to satellite0 phenomenon52 star60)
32.259: (take_image satellite0 phenomenon52 instrument3 image0)
31.622: (turn_to satellite0 phenomenon40 phenomenon52)
30.673: (take_image satellite0 phenomenon40 instrument3 image0)
30.004: (turn_to satellite0 planet43 phenomenon40)
29.742: (turn_to satellite1 star44 groundstation18)
28.449: (take_image satellite1 star44 instrument6 infrared3)
27.957: (turn_to satellite1 planet47 star44)
27.090: (take_image satellite1 planet47 instrument6 infrared3)
26.664: (turn_to satellite1 star61 planet47)
26.487: (turn_to satellite2 groundstation6 star30)
26.431: (turn_to satellite1 planet64 star61)
24.935: (take_image satellite1 planet64 instrument6 infrared1)
24.447: (turn_to satellite1 star42 planet64)
23.607: (take_image satellite1 star42 instrument6 infrared1)
23.142: (turn_to satellite1 star41 star42)
22.343: (take_image satellite1 star41 instrument6 thermograph2)
21.837: (turn_to satellite1 phenomenon45 star41)
21.044: (take_image satellite1 phenomenon45 instrument6 thermograph2)
20.534: (turn_to satellite1 phenomenon46 phenomenon45)
19.746: (take_image satellite1 phenomenon46 instrument6 thermograph2)
19.259: (turn_to satellite1 planet55 phenomenon46)
18.448: (take_image satellite1 planet55 instrument6 thermograph2)
17.875: (turn_to satellite1 phenomenon59 planet55)
16.947: (take_image satellite1 phenomenon59 instrument6 thermograph2)
16.403: (turn_to satellite1 phenomenon53 phenomenon59)
15.532: (take_image satellite1 phenomenon53 instrument6 infrared1)
15.076: (turn_to satellite1 phenomenon56 phenomenon53)
14.213: (take_image satellite1 phenomenon56 instrument6 infrared1)
13.750: (turn_to satellite1 star62 phenomenon56)
12.894: (take_image satellite1 star62 instrument6 infrared1)
12.425: (turn_to satellite1 phenomenon57 star62)
11.574: (take_image satellite1 phenomenon57 instrument6 infrared1)
11.099: (turn_to satellite1 phenomenon58 phenomenon57)
10.324: (take_image satellite1 phenomenon58 instrument6 infrared1)
9.796: (turn_to satellite1 phenomenon49 phenomenon58)
9.175: (take_image satellite1 phenomenon49 instrument6 infrared1)
8.648: (turn_to satellite1 planet48 phenomenon49)
7.991: (take_image satellite1 planet48 instrument6 infrared1)
7.493: (turn_to satellite1 planet51 planet48)
7.494: (turn_to satellite1 star61 planet51)
7.494: (turn_to satellite2 planet50 groundstation6)
7.431: (switch_on instrument7 satellite2)
7.337: (turn_to satellite2 phenomenon63 planet50)
7.341: (turn_to satellite2 planet51 phenomenon63)
7.371: (turn_to satellite1 phenomenon63 star61)
7.375: (turn_to satellite2 star61 planet51)
7.370: (turn_to satellite2 planet50 star61)
7.370: (turn_to satellite1 planet51 phenomenon63)
7.337: (turn_to satellite2 star61 planet50)
7.337: (turn_to satellite2 phenomenon63 star61)
7.407: (take_image satellite0 planet43 instrument3 infrared4)
7.369: (turn_to satellite2 star61 phenomenon63)
7.409: (turn_to satellite2 planet50 star61)
7.457: (turn_to satellite1 phenomenon63 planet51)
7.410: (turn_to satellite2 planet51 planet50)
7.369: (turn_to satellite1 star61 phenomenon63)
7.369: (turn_to satellite2 phenomenon63 planet51)
7.409: (turn_to satellite2 planet50 phenomenon63)
7.478: (turn_to satellite2 groundstation15 planet50)
7.476: (turn_to satellite1 planet51 star61)
7.488: (turn_to satellite1 phenomenon63 planet51)
7.369: (turn_to satellite2 star61 groundstation15)
7.427: (turn_to satellite0 planet51 planet43)
6.633: (take_image satellite0 planet51 instrument3 infrared4)
6.070: (turn_to satellite0 planet43 planet51)
6.154: (take_image satellite0 planet43 instrument3 image0)
6.196: (take_image satellite0 planet43 instrument3 thermograph2)
6.219: (take_image satellite1 phenomenon63 instrument6 thermograph2)
6.268: (take_image satellite1 phenomenon63 instrument6 infrared3)
6.288: (take_image satellite1 phenomenon63 instrument6 infrared1)
6.357: (turn_to satellite2 phenomenon54 star61)
6.313: (turn_to satellite1 star61 phenomenon63)
6.186: (turn_to satellite2 phenomenon63 phenomenon54)
6.252: (take_image satellite1 star61 instrument6 thermograph2)
6.281: (turn_to satellite2 planet50 phenomenon63)
6.284: (turn_to satellite2 phenomenon54 planet50)
6.342: (turn_to satellite2 groundstation15 phenomenon54)
6.399: (turn_to satellite1 phenomenon63 star61)
6.230: (turn_to satellite2 star61 groundstation15)
6.352: (turn_to satellite2 phenomenon54 star61)
6.355: (turn_to satellite2 planet50 phenomenon54)
6.408: (turn_to satellite0 star61 planet43)
5.839: (take_image satellite0 star61 instrument3 infrared4)
5.221: (turn_to satellite0 planet43 star61)
5.213: (turn_to satellite2 phenomenon54 planet50)
5.228: (turn_to satellite2 groundstation15 phenomenon54)
5.312: (switch_off instrument7 satellite2)
5.296: (turn_to satellite2 phenomenon54 groundstation15)
5.299: (turn_to satellite2 phenomenon63 phenomenon54)
5.303: (turn_to satellite2 star25 phenomenon63)
5.306: (turn_to satellite2 groundstation18 star25)
5.323: (turn_to satellite2 groundstation6 groundstation18)
5.324: (turn_to satellite2 planet50 groundstation6)
5.333: (turn_to satellite2 planet43 planet50)
5.351: (turn_to satellite2 phenomenon59 planet43)
5.351: (turn_to satellite2 star60 phenomenon59)
5.355: (turn_to satellite2 planet55 star60)
5.355: (turn_to satellite2 phenomenon45 planet55)
5.355: (turn_to satellite2 phenomenon46 phenomenon45)
5.368: (turn_to satellite2 phenomenon52 phenomenon46)
5.387: (switch_on instrument7 satellite2)
5.337: (turn_to satellite2 star25 phenomenon52)
5.339: (turn_to satellite2 star44 star25)
5.339: (turn_to satellite2 planet47 star44)
5.347: (turn_to satellite2 phenomenon63 planet47)
5.383: (turn_to satellite2 phenomenon40 phenomenon63)
5.355: (turn_to satellite2 planet51 phenomenon40)
5.385: (turn_to satellite2 star41 planet51)
5.361: (turn_to satellite2 planet43 star41)
5.361: (turn_to satellite2 phenomenon59 planet43)
5.362: (turn_to satellite2 star60 phenomenon59)
5.363: (turn_to satellite2 planet55 star60)
5.366: (turn_to satellite2 phenomenon45 planet55)
5.366: (turn_to satellite2 phenomenon46 phenomenon45)
5.367: (turn_to satellite2 groundstation6 phenomenon46)
5.396: (turn_to satellite2 planet48 groundstation6)
5.375: (turn_to satellite2 phenomenon56 planet48)
5.375: (turn_to satellite2 phenomenon57 phenomenon56)
5.375: (turn_to satellite2 phenomenon58 phenomenon57)
5.377: (turn_to satellite2 star42 phenomenon58)
5.377: (turn_to satellite2 phenomenon49 star42)
5.377: (turn_to satellite2 phenomenon53 phenomenon49)
5.377: (turn_to satellite2 planet64 phenomenon53)
5.379: (turn_to satellite2 star62 planet64)
5.385: (turn_to satellite2 groundstation18 star62)
5.237: (calibrate satellite2 instrument7 groundstation18)
5.056: (turn_to satellite2 phenomenon63 groundstation18)
5.068: (turn_to satellite1 groundstation15 phenomenon63)
5.006: (take_image satellite1 groundstation15 instrument6 thermograph2)
4.922: (turn_to satellite1 phenomenon63 groundstation15)
4.960: (turn_to satellite1 groundstation18 phenomenon63)
4.946: (take_image satellite1 groundstation18 instrument6 infrared1)
4.945: (turn_to satellite1 groundstation15 groundstation18)
4.928: (turn_to satellite1 phenomenon63 groundstation15)
4.969: (turn_to satellite2 planet43 phenomenon63)
5.006: (turn_to satellite0 groundstation15 planet43)
4.968: (turn_to satellite0 phenomenon63 groundstation15)
4.438: (take_image satellite0 phenomenon63 instrument3 infrared4)
4.198: (turn_to satellite0 planet50 phenomenon63)
3.889: (turn_to satellite1 groundstation18 phenomenon63)
3.878: (take_image satellite1 groundstation18 instrument6 infrared3)
3.920: (take_image satellite0 planet50 instrument3 thermograph2)
3.923: (take_image satellite0 planet50 instrument3 image0)
3.948: (take_image satellite0 planet50 instrument3 infrared4)
4.024: (turn_to satellite1 star25 groundstation18)
4.028: (take_image satellite1 star25 instrument6 infrared1)
3.956: (turn_to satellite1 groundstation18 star25)
4.090: (switch_on instrument8 satellite3)
4.155: (turn_to satellite1 star25 groundstation18)
4.135: (take_image satellite1 star25 instrument6 thermograph2)
4.031: (switch_off instrument8 satellite3)
3.958: (turn_to satellite1 groundstation18 star25)
4.093: (switch_on instrument8 satellite3)
4.278: (turn_to satellite1 groundstation27 groundstation18)
4.155: (switch_off instrument8 satellite3)
4.150: (take_image satellite1 groundstation27 instrument6 infrared1)
3.956: (turn_to satellite1 groundstation18 groundstation27)
4.037: (turn_to satellite1 star25 groundstation18)
4.028: (take_image satellite1 star25 instrument6 infrared3)
3.956: (turn_to satellite1 groundstation18 star25)
4.093: (switch_on instrument8 satellite3)
4.170: (turn_to satellite1 star25 groundstation18)
4.254: (turn_to satellite1 planet43 star25)
3.552: (take_image satellite1 planet43 instrument6 infrared3)
3.237: (turn_to satellite1 groundstation18 planet43)
3.079: (switch_off instrument8 satellite3)
2.960: (turn_to satellite2 planet50 planet43)
2.956: (turn_to satellite1 phenomenon54 groundstation18)
2.799: (turn_to satellite2 groundstation18 planet50)
2.815: (take_image satellite1 phenomenon54 instrument6 thermograph2)
2.846: (take_image satellite1 phenomenon54 instrument6 infrared1)
2.885: (take_image satellite1 phenomenon54 instrument6 infrared3)
2.958: (turn_to satellite2 star25 groundstation18)
2.975: (switch_off instrument7 satellite2)
2.998: (turn_to satellite2 groundstation18 star25)
3.060: (turn_to satellite1 groundstation15 phenomenon54)
3.073: (take_image satellite1 groundstation15 instrument6 infrared1)
2.960: (turn_to satellite1 phenomenon54 groundstation15)
2.972: (turn_to satellite2 star25 groundstation18)
3.006: (switch_on instrument7 satellite2)
2.976: (switch_off instrument7 satellite2)
3.026: (turn_to satellite2 groundstation18 star25)
3.065: (turn_to satellite2 groundstation27 groundstation18)
3.045: (turn_to satellite2 groundstation6 groundstation27)
2.941: (turn_to satellite0 groundstation15 planet50)
2.942: (take_image satellite0 groundstation15 instrument3 infrared4)
2.944: (take_image satellite0 groundstation15 instrument3 image0)
2.964: (turn_to satellite0 phenomenon49 groundstation15)
3.024: (turn_to satellite0 planet50 phenomenon49)
2.964: (turn_to satellite0 planet48 planet50)
3.027: (turn_to satellite0 star42 planet48)
3.033: (take_image satellite0 star42 instrument3 infrared4)
2.933: (turn_to satellite0 groundstation15 star42)
2.966: (turn_to satellite0 planet48 groundstation15)
3.030: (turn_to satellite0 planet50 planet48)
2.966: (turn_to satellite0 phenomenon49 planet50)
3.034: (take_image satellite0 phenomenon49 instrument3 infrared4)
2.933: (turn_to satellite0 groundstation15 phenomenon49)
2.968: (turn_to satellite0 planet48 groundstation15)
3.028: (turn_to satellite0 star42 planet48)
3.035: (turn_to satellite0 planet50 star42)
2.974: (turn_to satellite2 star25 groundstation6)
3.002: (switch_on instrument7 satellite2)
3.064: (turn_to satellite1 groundstation15 phenomenon54)
3.073: (take_image satellite1 groundstation15 instrument6 infrared3)
2.969: (turn_to satellite1 phenomenon54 groundstation15)
2.968: (switch_off instrument7 satellite2)
3.023: (turn_to satellite2 groundstation18 star25)
3.061: (turn_to satellite2 groundstation27 groundstation18)
3.050: (turn_to satellite2 star2 groundstation27)
3.058: (turn_to satellite2 groundstation6 star2)
2.943: (turn_to satellite0 groundstation15 planet50)
2.965: (turn_to satellite0 planet48 groundstation15)
3.024: (turn_to satellite0 star42 planet48)
3.033: (turn_to satellite0 phenomenon49 star42)
3.039: (switch_on instrument7 satellite2)
2.974: (turn_to satellite0 groundstation15 phenomenon49)
2.985: (turn_to satellite2 planet50 groundstation6)
2.964: (turn_to satellite0 planet48 groundstation15)
3.036: (turn_to satellite0 groundstation6 planet48)
3.006: (turn_to satellite2 groundstation15 planet50)
2.998: (take_image satellite0 groundstation6 instrument3 thermograph2)
2.997: (take_image satellite0 groundstation6 instrument3 image0)
3.010: (take_image satellite0 groundstation6 instrument3 infrared4)
3.032: (turn_to satellite2 planet50 groundstation15)
2.941: (turn_to satellite0 groundstation15 groundstation6)
2.960: (turn_to satellite0 phenomenon53 groundstation15)
3.030: (turn_to satellite0 star42 phenomenon53)
3.038: (turn_to satellite2 groundstation15 planet50)
3.037: (turn_to satellite0 groundstation15 star42)
2.985: (turn_to satellite0 star61 groundstation15)
2.984: (take_image satellite0 star61 instrument3 image0)
2.986: (turn_to satellite0 planet51 star61)
2.989: (turn_to satellite0 phenomenon63 planet51)
2.990: (take_image satellite0 phenomenon63 instrument3 image0)
2.983: (turn_to satellite0 star61 phenomenon63)
2.985: (turn_to satellite0 planet51 star61)
2.990: (take_image satellite0 planet51 instrument3 thermograph2)
2.991: (take_image satellite0 planet51 instrument3 image0)
2.990: (turn_to satellite0 star61 planet51)
2.996: (turn_to satellite0 phenomenon63 star61)
3.005: (turn_to satellite0 planet48 phenomenon63)
3.015: (turn_to satellite2 planet50 groundstation15)
2.950: (turn_to satellite0 groundstation15 planet48)
2.969: (turn_to satellite0 phenomenon53 groundstation15)
3.016: (turn_to satellite0 groundstation6 phenomenon53)
3.030: (turn_to satellite2 groundstation15 planet50)
3.048: (turn_to satellite0 groundstation15 groundstation6)
3.007: (turn_to satellite0 star42 groundstation15)
3.018: (turn_to satellite2 planet50 groundstation15)
3.059: (switch_off instrument7 satellite2)
3.006: (turn_to satellite0 groundstation15 star42)
2.979: (turn_to satellite2 groundstation6 planet50)
2.987: (turn_to satellite0 phenomenon49 groundstation15)
3.051: (turn_to satellite0 star42 phenomenon49)
3.065: (turn_to satellite0 star61 star42)
2.990: (turn_to satellite0 planet48 star61)
3.066: (turn_to satellite0 planet51 planet48)
2.998: (turn_to satellite0 phenomenon58 planet51)
3.070: (take_image satellite0 phenomenon58 instrument3 infrared4)
2.939: (turn_to satellite0 groundstation15 phenomenon58)
2.990: (turn_to satellite0 phenomenon49 groundstation15)
3.053: (turn_to satellite0 star42 phenomenon49)
3.066: (turn_to satellite0 star61 star42)
2.992: (turn_to satellite0 planet48 star61)
3.068: (turn_to satellite0 planet51 planet48)
3.000: (turn_to satellite0 phenomenon53 planet51)
3.072: (take_image satellite0 phenomenon53 instrument3 infrared4)
2.939: (turn_to satellite0 groundstation15 phenomenon53)
2.992: (turn_to satellite0 phenomenon49 groundstation15)
3.055: (turn_to satellite0 star42 phenomenon49)
3.067: (turn_to satellite0 star61 star42)
2.995: (turn_to satellite0 planet48 star61)
3.069: (turn_to satellite0 planet51 planet48)
2.998: (turn_to satellite0 phenomenon58 planet51)
3.072: (turn_to satellite0 phenomenon40 phenomenon58)
3.003: (turn_to satellite0 phenomenon56 phenomenon40)
3.073: (turn_to satellite2 planet50 groundstation6)
3.001: (turn_to satellite0 groundstation15 phenomenon56)
2.988: (switch_on instrument7 satellite2)
2.970: (turn_to satellite0 phenomenon56 groundstation15)
3.016: (turn_to satellite0 groundstation6 phenomenon56)
3.032: (turn_to satellite2 groundstation15 planet50)
3.050: (turn_to satellite0 star42 groundstation6)
3.018: (turn_to satellite2 planet50 groundstation15)
3.062: (switch_off instrument7 satellite2)
3.092: (turn_to satellite0 groundstation6 star42)
3.100: (turn_to satellite2 phenomenon54 planet50)
3.018: (turn_to satellite0 groundstation15 groundstation6)
3.062: (turn_to satellite0 planet48 groundstation15)
3.073: (turn_to satellite2 planet50 phenomenon54)
3.025: (switch_on instrument7 satellite2)
3.047: (turn_to satellite2 groundstation15 planet50)
3.054: (turn_to satellite0 groundstation15 planet48)
2.996: (turn_to satellite0 star61 groundstation15)
3.000: (turn_to satellite0 planet51 star61)
3.002: (turn_to satellite0 phenomenon63 planet51)
3.009: (turn_to satellite0 phenomenon49 phenomenon63)
3.018: (turn_to satellite2 planet50 groundstation15)
3.062: (switch_off instrument7 satellite2)
3.094: (turn_to satellite2 phenomenon54 planet50)
3.120: (turn_to satellite2 groundstation15 phenomenon54)
3.064: (turn_to satellite0 groundstation15 phenomenon49)
3.086: (turn_to satellite0 planet48 groundstation15)
3.096: (turn_to satellite0 groundstation6 planet48)
3.132: (turn_to satellite2 star25 groundstation15)
2.918: (turn_to satellite0 planet50 groundstation6)
2.995: (switch_on instrument7 satellite2)
3.068: (turn_to satellite1 groundstation15 phenomenon54)
3.084: (switch_off instrument7 satellite2)
3.123: (turn_to satellite1 planet64 groundstation15)
3.131: (turn_to satellite1 planet48 planet64)
3.135: (turn_to satellite1 phenomenon49 planet48)
3.139: (turn_to satellite1 phenomenon56 phenomenon49)
3.139: (turn_to satellite1 phenomenon57 phenomenon56)
3.139: (turn_to satellite1 star62 phenomenon57)
3.139: (turn_to satellite1 star42 star62)
3.139: (turn_to satellite1 phenomenon53 star42)
3.140: (turn_to satellite1 phenomenon58 phenomenon53)
3.149: (take_image satellite1 phenomenon58 instrument6 infrared3)
2.947: (turn_to satellite1 phenomenon54 phenomenon58)
3.000: (switch_on instrument7 satellite2)
3.073: (turn_to satellite1 groundstation15 phenomenon54)
3.089: (switch_off instrument7 satellite2)
3.124: (turn_to satellite1 phenomenon63 groundstation15)
3.141: (turn_to satellite1 planet48 phenomenon63)
3.142: (turn_to satellite1 phenomenon49 planet48)
3.145: (turn_to satellite1 phenomenon56 phenomenon49)
3.145: (turn_to satellite1 phenomenon57 phenomenon56)
3.146: (turn_to satellite1 star62 phenomenon57)
3.146: (turn_to satellite1 planet64 star62)
3.146: (turn_to satellite1 star42 planet64)
3.149: (turn_to satellite1 phenomenon53 star42)
3.156: (take_image satellite1 phenomenon53 instrument6 infrared3)
2.956: (turn_to satellite1 phenomenon54 phenomenon53)
3.008: (switch_on instrument7 satellite2)
3.079: (turn_to satellite1 groundstation15 phenomenon54)
3.098: (switch_off instrument7 satellite2)
3.129: (turn_to satellite1 phenomenon63 groundstation15)
3.146: (turn_to satellite1 planet48 phenomenon63)
3.148: (turn_to satellite1 phenomenon49 planet48)
3.151: (turn_to satellite1 star42 phenomenon49)
3.151: (turn_to satellite1 phenomenon56 star42)
3.151: (turn_to satellite1 phenomenon57 phenomenon56)
3.152: (turn_to satellite1 star62 phenomenon57)
3.152: (turn_to satellite1 planet64 star62)
3.153: (turn_to satellite1 phenomenon58 planet64)
3.157: (take_image satellite1 phenomenon58 instrument6 thermograph2)
2.956: (turn_to satellite1 phenomenon54 phenomenon58)
3.008: (switch_on instrument7 satellite2)
3.079: (turn_to satellite1 groundstation15 phenomenon54)
3.097: (switch_off instrument7 satellite2)
3.130: (turn_to satellite1 phenomenon63 groundstation15)
3.147: (turn_to satellite1 planet48 phenomenon63)
3.148: (turn_to satellite1 phenomenon49 planet48)
3.152: (turn_to satellite1 star42 phenomenon49)
3.152: (turn_to satellite1 phenomenon56 star42)
3.152: (turn_to satellite1 phenomenon57 phenomenon56)
3.152: (turn_to satellite1 star62 phenomenon57)
3.152: (turn_to satellite1 planet64 star62)
3.154: (turn_to satellite1 phenomenon53 planet64)
3.158: (take_image satellite1 phenomenon53 instrument6 thermograph2)
2.956: (turn_to satellite1 phenomenon54 phenomenon53)
3.008: (switch_on instrument7 satellite2)
3.080: (turn_to satellite1 groundstation15 phenomenon54)
3.098: (switch_off instrument7 satellite2)
3.131: (turn_to satellite1 phenomenon63 groundstation15)
3.147: (turn_to satellite1 planet48 phenomenon63)
3.149: (turn_to satellite1 phenomenon49 planet48)
3.152: (turn_to satellite1 star42 phenomenon49)
3.152: (turn_to satellite1 phenomenon56 star42)
3.152: (turn_to satellite1 phenomenon57 phenomenon56)
3.152: (turn_to satellite1 star62 phenomenon57)
3.153: (turn_to satellite1 planet64 star62)
3.156: (turn_to satellite1 phenomenon58 planet64)
3.161: (turn_to satellite1 planet51 phenomenon58)
3.165: (turn_to satellite1 star61 planet51)
3.166: (take_image satellite1 star61 instrument6 infrared3)
2.957: (turn_to satellite1 phenomenon54 star61)
3.008: (switch_on instrument7 satellite2)
3.080: (turn_to satellite1 groundstation15 phenomenon54)
3.098: (switch_off instrument7 satellite2)
3.133: (turn_to satellite1 phenomenon63 groundstation15)
3.148: (turn_to satellite1 planet48 phenomenon63)
3.149: (turn_to satellite1 phenomenon49 planet48)
3.152: (turn_to satellite1 phenomenon56 phenomenon49)
3.152: (turn_to satellite1 phenomenon57 phenomenon56)
3.152: (turn_to satellite1 planet64 phenomenon57)
3.152: (turn_to satellite1 star62 planet64)
3.153: (turn_to satellite1 star42 star62)
3.156: (turn_to satellite1 phenomenon58 star42)
3.157: (turn_to satellite1 phenomenon53 phenomenon58)
3.165: (turn_to satellite1 planet51 phenomenon53)
3.167: (take_image satellite1 planet51 instrument6 infrared3)
2.958: (turn_to satellite1 phenomenon54 planet51)
3.008: (switch_on instrument7 satellite2)
3.080: (turn_to satellite1 groundstation15 phenomenon54)
3.097: (switch_off instrument7 satellite2)
3.134: (turn_to satellite1 phenomenon63 groundstation15)
3.149: (turn_to satellite1 planet48 phenomenon63)
3.150: (turn_to satellite1 phenomenon49 planet48)
3.152: (turn_to satellite1 phenomenon56 phenomenon49)
3.152: (turn_to satellite1 phenomenon57 phenomenon56)
3.152: (turn_to satellite1 star62 phenomenon57)
3.153: (turn_to satellite1 planet64 star62)
3.153: (turn_to satellite1 star42 planet64)
3.156: (turn_to satellite1 phenomenon58 star42)
3.157: (turn_to satellite1 phenomenon53 phenomenon58)
3.166: (turn_to satellite1 star61 phenomenon53)
3.166: (take_image satellite1 star61 instrument6 infrared1)
2.956: (turn_to satellite1 phenomenon54 star61)
3.007: (switch_on instrument7 satellite2)
3.080: (turn_to satellite1 groundstation15 phenomenon54)
3.096: (switch_off instrument7 satellite2)
3.134: (turn_to satellite1 phenomenon56 groundstation15)
3.151: (turn_to satellite1 planet48 phenomenon56)
3.152: (turn_to satellite1 phenomenon49 planet48)
3.155: (turn_to satellite1 phenomenon57 phenomenon49)
3.155: (turn_to satellite1 star42 phenomenon57)
3.155: (turn_to satellite1 planet64 star42)
3.155: (turn_to satellite1 star62 planet64)
3.159: (turn_to satellite1 phenomenon53 star62)
3.159: (turn_to satellite1 phenomenon58 phenomenon53)
3.164: (turn_to satellite1 phenomenon63 phenomenon58)
3.166: (turn_to satellite1 planet51 phenomenon63)
3.166: (take_image satellite1 planet51 instrument6 infrared1)
2.953: (turn_to satellite1 phenomenon54 planet51)
3.006: (switch_on instrument7 satellite2)
3.080: (turn_to satellite1 groundstation15 phenomenon54)
3.096: (switch_off instrument7 satellite2)
3.134: (turn_to satellite1 phenomenon56 groundstation15)
3.153: (turn_to satellite1 planet48 phenomenon56)
3.154: (turn_to satellite1 phenomenon49 planet48)
3.157: (turn_to satellite1 star42 phenomenon49)
3.158: (turn_to satellite1 phenomenon57 star42)
3.158: (turn_to satellite1 star62 phenomenon57)
3.158: (turn_to satellite1 planet64 star62)
3.161: (turn_to satellite1 phenomenon53 planet64)
3.162: (turn_to satellite1 phenomenon58 phenomenon53)
3.165: (turn_to satellite1 star61 phenomenon58)
3.165: (turn_to satellite1 phenomenon63 star61)
3.182: (switch_on instrument7 satellite2)
3.162: (turn_to satellite1 planet48 phenomenon63)
3.165: (turn_to satellite1 phenomenon49 planet48)
3.169: (turn_to satellite1 phenomenon53 phenomenon49)
3.169: (turn_to satellite1 star42 phenomenon53)
3.170: (turn_to satellite1 phenomenon56 star42)
3.170: (turn_to satellite1 phenomenon57 phenomenon56)
3.171: (turn_to satellite1 star62 phenomenon57)
3.171: (turn_to satellite1 planet64 star62)
3.173: (turn_to satellite1 phenomenon58 planet64)
3.175: (turn_to satellite1 planet51 phenomenon58)
3.182: (turn_to satellite1 star61 planet51)
3.205: (turn_to satellite2 phenomenon54 star25)
3.093: (turn_to satellite1 star25 star61)
3.107: (turn_to satellite2 groundstation15 phenomenon54)
3.123: (turn_to satellite1 phenomenon54 star25)
3.003: (turn_to satellite0 planet48 planet50)
3.019: (turn_to satellite2 planet50 groundstation15)
2.952: (turn_to satellite0 groundstation15 planet48)
2.978: (turn_to satellite0 phenomenon56 groundstation15)
3.030: (turn_to satellite0 groundstation6 phenomenon56)
3.039: (turn_to satellite2 groundstation15 planet50)
3.061: (turn_to satellite0 star42 groundstation6)
3.021: (turn_to satellite2 planet50 groundstation15)
3.064: (switch_off instrument7 satellite2)
3.011: (turn_to satellite0 groundstation15 star42)
2.988: (turn_to satellite2 groundstation6 planet50)
3.003: (turn_to satellite0 planet48 groundstation15)
3.061: (turn_to satellite0 star42 planet48)
3.067: (turn_to satellite0 phenomenon49 star42)
3.076: (turn_to satellite0 phenomenon56 phenomenon49)
3.069: (take_image satellite0 phenomenon56 instrument3 infrared4)
2.941: (turn_to satellite0 groundstation15 phenomenon56)
3.006: (turn_to satellite0 planet48 groundstation15)
3.063: (turn_to satellite0 star42 planet48)
3.070: (turn_to satellite0 phenomenon49 star42)
3.078: (turn_to satellite0 phenomenon57 phenomenon49)
3.071: (take_image satellite0 phenomenon57 instrument3 infrared4)
2.942: (turn_to satellite0 groundstation15 phenomenon57)
3.009: (turn_to satellite0 planet48 groundstation15)
3.065: (turn_to satellite0 star42 planet48)
3.072: (turn_to satellite0 phenomenon49 star42)
3.075: (turn_to satellite0 phenomenon56 phenomenon49)
3.080: (turn_to satellite0 star62 phenomenon56)
3.073: (take_image satellite0 star62 instrument3 infrared4)
2.943: (turn_to satellite0 groundstation15 star62)
3.012: (turn_to satellite0 planet48 groundstation15)
3.067: (turn_to satellite0 star42 planet48)
3.074: (turn_to satellite0 phenomenon49 star42)
3.077: (turn_to satellite0 phenomenon56 phenomenon49)
3.077: (turn_to satellite0 phenomenon57 phenomenon56)
3.082: (turn_to satellite0 planet64 phenomenon57)
3.075: (take_image satellite0 planet64 instrument3 infrared4)
2.944: (turn_to satellite0 groundstation15 planet64)
3.014: (turn_to satellite0 planet48 groundstation15)
3.069: (turn_to satellite0 star42 planet48)
3.076: (turn_to satellite0 phenomenon49 star42)
3.079: (turn_to satellite0 phenomenon56 phenomenon49)
3.079: (turn_to satellite0 phenomenon57 phenomenon56)
3.079: (turn_to satellite0 star62 phenomenon57)
3.085: (turn_to satellite2 planet50 groundstation6)
3.002: (turn_to satellite0 groundstation15 star62)
2.995: (switch_on instrument7 satellite2)
2.982: (turn_to satellite0 phenomenon53 groundstation15)
3.027: (turn_to satellite0 groundstation6 phenomenon53)
3.043: (turn_to satellite2 groundstation15 planet50)
3.060: (turn_to satellite0 star42 groundstation6)
3.021: (turn_to satellite2 planet50 groundstation15)
3.071: (switch_off instrument7 satellite2)
3.090: (turn_to satellite0 groundstation6 star42)
3.107: (turn_to satellite2 phenomenon54 planet50)
3.034: (turn_to satellite0 groundstation15 groundstation6)
3.071: (turn_to satellite0 planet48 groundstation15)
3.079: (turn_to satellite2 planet50 phenomenon54)
3.036: (switch_on instrument7 satellite2)
3.061: (turn_to satellite2 groundstation15 planet50)
3.075: (turn_to satellite0 groundstation15 planet48)
3.009: (turn_to satellite0 phenomenon49 groundstation15)
3.021: (turn_to satellite2 planet50 groundstation15)
3.071: (switch_off instrument7 satellite2)
3.094: (turn_to satellite2 phenomenon54 planet50)
3.135: (turn_to satellite0 star42 phenomenon49)
3.137: (turn_to satellite2 groundstation15 phenomenon54)
3.083: (turn_to satellite0 groundstation15 star42)
3.085: (turn_to satellite0 planet48 groundstation15)
3.104: (turn_to satellite0 groundstation6 planet48)
3.139: (turn_to satellite2 star25 groundstation15)
2.935: (turn_to satellite0 planet50 groundstation6)
3.006: (switch_on instrument7 satellite2)
3.071: (turn_to satellite1 groundstation15 phenomenon54)
3.079: (switch_off instrument7 satellite2)
3.119: (turn_to satellite1 star62 groundstation15)
3.140: (turn_to satellite1 planet48 star62)
3.142: (turn_to satellite1 phenomenon49 planet48)
3.143: (turn_to satellite1 phenomenon56 phenomenon49)
3.143: (turn_to satellite1 phenomenon57 phenomenon56)
3.144: (turn_to satellite1 planet64 phenomenon57)
3.144: (turn_to satellite1 phenomenon53 planet64)
3.145: (turn_to satellite1 phenomenon58 phenomenon53)
3.148: (turn_to satellite1 star42 phenomenon58)
3.152: (take_image satellite1 star42 instrument6 infrared3)
2.964: (turn_to satellite1 phenomenon54 star42)
3.014: (switch_on instrument7 satellite2)
3.078: (turn_to satellite1 groundstation15 phenomenon54)
3.087: (switch_off instrument7 satellite2)
3.125: (turn_to satellite1 star62 groundstation15)
3.145: (turn_to satellite1 planet48 star62)
3.147: (turn_to satellite1 phenomenon49 planet48)
3.149: (turn_to satellite1 phenomenon56 phenomenon49)
3.149: (turn_to satellite1 phenomenon57 phenomenon56)
3.150: (turn_to satellite1 planet64 phenomenon57)
3.152: (turn_to satellite1 phenomenon53 planet64)
3.152: (turn_to satellite1 phenomenon58 phenomenon53)
3.158: (turn_to satellite1 planet51 phenomenon58)
3.158: (turn_to satellite1 star61 planet51)
3.158: (turn_to satellite1 phenomenon63 star61)
3.178: (switch_on instrument7 satellite2)
3.156: (turn_to satellite1 planet48 phenomenon63)
3.158: (turn_to satellite1 phenomenon49 planet48)
3.161: (turn_to satellite1 phenomenon53 phenomenon49)
3.163: (turn_to satellite1 phenomenon56 phenomenon53)
3.163: (turn_to satellite1 phenomenon57 phenomenon56)
3.164: (turn_to satellite1 star62 phenomenon57)
3.164: (turn_to satellite1 planet64 star62)
3.165: (turn_to satellite1 phenomenon58 planet64)
3.167: (turn_to satellite1 star42 phenomenon58)
3.167: (take_image satellite1 star42 instrument6 thermograph2)
2.995: (turn_to satellite1 phenomenon54 star42)
2.980: (switch_off instrument7 satellite2)
3.037: (turn_to satellite2 groundstation18 star25)
3.074: (turn_to satellite2 star2 groundstation18)
3.044: (turn_to satellite2 groundstation27 star2)
3.109: (switch_on instrument7 satellite2)
3.058: (turn_to satellite2 groundstation18 groundstation27)
2.886: (calibrate satellite2 instrument7 groundstation18)
2.963: (turn_to satellite2 star25 groundstation18)
2.980: (switch_off instrument7 satellite2)
3.018: (turn_to satellite2 groundstation18 star25)
3.075: (turn_to satellite1 groundstation15 phenomenon54)
3.094: (turn_to satellite2 star25 groundstation18)
3.110: (switch_on instrument7 satellite2)
3.087: (switch_off instrument7 satellite2)
3.125: (turn_to satellite1 star62 groundstation15)
3.146: (turn_to satellite1 planet48 star62)
3.148: (turn_to satellite1 phenomenon49 planet48)
3.150: (turn_to satellite1 phenomenon56 phenomenon49)
3.150: (turn_to satellite1 phenomenon57 phenomenon56)
3.150: (turn_to satellite1 planet64 phenomenon57)
3.153: (turn_to satellite1 phenomenon53 planet64)
3.153: (turn_to satellite1 phenomenon58 phenomenon53)
3.157: (turn_to satellite1 star42 phenomenon58)
3.158: (turn_to satellite1 planet51 star42)
3.159: (turn_to satellite1 phenomenon63 planet51)
3.159: (turn_to satellite1 star61 phenomenon63)
3.178: (switch_on instrument7 satellite2)
3.157: (turn_to satellite1 planet48 star61)
3.160: (turn_to satellite1 phenomenon49 planet48)
3.162: (turn_to satellite1 phenomenon53 phenomenon49)
3.164: (turn_to satellite1 phenomenon56 phenomenon53)
3.164: (turn_to satellite1 phenomenon57 phenomenon56)
3.166: (turn_to satellite1 phenomenon58 phenomenon57)
3.166: (turn_to satellite1 star62 phenomenon58)
3.166: (turn_to satellite1 planet64 star62)
3.170: (turn_to satellite1 planet51 planet64)
3.176: (turn_to satellite1 phenomenon63 planet51)
3.201: (turn_to satellite2 phenomenon54 star25)
3.095: (turn_to satellite1 star25 phenomenon63)
3.098: (turn_to satellite2 groundstation15 phenomenon54)
3.131: (turn_to satellite1 phenomenon54 star25)
3.009: (turn_to satellite0 planet48 planet50)
3.024: (turn_to satellite2 planet50 groundstation15)
2.958: (turn_to satellite0 groundstation15 planet48)
2.989: (turn_to satellite0 phenomenon53 groundstation15)
3.037: (turn_to satellite0 groundstation6 phenomenon53)
3.050: (turn_to satellite2 groundstation15 planet50)
3.063: (turn_to satellite0 star42 groundstation6)
3.030: (turn_to satellite2 planet50 groundstation15)
3.079: (switch_off instrument7 satellite2)
3.010: (turn_to satellite0 groundstation15 star42)
2.996: (turn_to satellite2 groundstation6 planet50)
3.022: (turn_to satellite0 planet48 groundstation15)
3.078: (turn_to satellite0 phenomenon49 planet48)
3.082: (turn_to satellite0 phenomenon56 phenomenon49)
3.082: (turn_to satellite0 phenomenon57 phenomenon56)
3.082: (turn_to satellite0 star62 phenomenon57)
3.082: (turn_to satellite0 planet64 star62)
3.088: (take_image satellite0 planet64 instrument3 image0)
2.957: (turn_to satellite0 groundstation15 planet64)
3.028: (turn_to satellite0 planet48 groundstation15)
3.079: (turn_to satellite0 phenomenon49 planet48)
3.084: (turn_to satellite0 phenomenon56 phenomenon49)
3.084: (turn_to satellite0 phenomenon57 phenomenon56)
3.084: (turn_to satellite0 star62 phenomenon57)
3.089: (take_image satellite0 star62 instrument3 image0)
2.964: (turn_to satellite0 groundstation15 star62)
3.034: (turn_to satellite0 planet48 groundstation15)
3.080: (turn_to satellite0 phenomenon49 planet48)
3.085: (turn_to satellite0 phenomenon56 phenomenon49)
3.085: (turn_to satellite0 phenomenon57 phenomenon56)
3.091: (take_image satellite0 phenomenon57 instrument3 image0)
2.970: (turn_to satellite0 groundstation15 phenomenon57)
3.040: (turn_to satellite0 planet48 groundstation15)
3.081: (turn_to satellite0 phenomenon49 planet48)
3.087: (turn_to satellite0 phenomenon56 phenomenon49)
3.093: (take_image satellite0 phenomenon56 instrument3 image0)
2.977: (turn_to satellite0 groundstation15 phenomenon56)
3.046: (turn_to satellite0 planet48 groundstation15)
3.082: (turn_to satellite0 phenomenon49 planet48)
3.094: (take_image satellite0 phenomenon49 instrument3 image0)
2.984: (turn_to satellite0 groundstation15 phenomenon49)
3.053: (turn_to satellite0 planet48 groundstation15)
3.089: (take_image satellite0 planet48 instrument3 infrared4)
2.984: (turn_to satellite0 groundstation15 planet48)
3.057: (turn_to satellite0 phenomenon56 groundstation15)
3.095: (turn_to satellite0 phenomenon49 phenomenon56)
3.100: (turn_to satellite0 phenomenon53 phenomenon49)
3.098: (take_image satellite0 phenomenon53 instrument3 image0)
2.984: (turn_to satellite0 groundstation15 phenomenon53)
3.056: (turn_to satellite0 planet48 groundstation15)
3.095: (turn_to satellite0 phenomenon49 planet48)
3.101: (take_image satellite0 phenomenon49 instrument3 thermograph2)
2.985: (turn_to satellite0 groundstation15 phenomenon49)
3.057: (turn_to satellite0 planet48 groundstation15)
3.100: (turn_to satellite0 phenomenon53 planet48)
3.102: (turn_to satellite0 phenomenon57 phenomenon53)
3.101: (take_image satellite0 phenomenon57 instrument3 thermograph2)
2.986: (turn_to satellite0 groundstation15 phenomenon57)
3.058: (turn_to satellite0 planet48 groundstation15)
3.096: (turn_to satellite0 phenomenon49 planet48)
3.100: (turn_to satellite0 phenomenon53 phenomenon49)
3.102: (turn_to satellite0 phenomenon56 phenomenon53)
3.102: (take_image satellite0 phenomenon56 instrument3 thermograph2)
2.986: (turn_to satellite0 groundstation15 phenomenon56)
3.058: (turn_to satellite0 planet48 groundstation15)
3.096: (turn_to satellite0 phenomenon49 planet48)
3.100: (turn_to satellite0 phenomenon53 phenomenon49)
3.102: (turn_to satellite0 phenomenon57 phenomenon53)
3.103: (turn_to satellite0 star62 phenomenon57)
3.102: (take_image satellite0 star62 instrument3 thermograph2)
2.987: (turn_to satellite0 groundstation15 star62)
3.058: (turn_to satellite0 planet48 groundstation15)
3.097: (turn_to satellite0 phenomenon49 planet48)
3.101: (turn_to satellite0 phenomenon53 phenomenon49)
3.102: (turn_to satellite0 phenomenon57 phenomenon53)
3.102: (turn_to satellite0 phenomenon56 phenomenon57)
3.103: (turn_to satellite0 planet64 phenomenon56)
3.103: (take_image satellite0 planet64 instrument3 thermograph2)
2.988: (turn_to satellite0 groundstation15 planet64)
3.059: (turn_to satellite0 planet48 groundstation15)
3.097: (turn_to satellite0 phenomenon49 planet48)
3.101: (turn_to satellite0 phenomenon53 phenomenon49)
3.103: (turn_to satellite0 phenomenon57 phenomenon53)
3.103: (turn_to satellite0 star62 phenomenon57)
3.103: (turn_to satellite0 phenomenon56 star62)
3.106: (turn_to satellite0 phenomenon58 phenomenon56)
3.101: (take_image satellite0 phenomenon58 instrument3 image0)
2.988: (turn_to satellite0 groundstation15 phenomenon58)
3.059: (turn_to satellite0 planet48 groundstation15)
3.098: (turn_to satellite0 phenomenon49 planet48)
3.101: (turn_to satellite0 phenomenon53 phenomenon49)
3.103: (turn_to satellite0 phenomenon57 phenomenon53)
3.103: (turn_to satellite0 star62 phenomenon57)
3.103: (turn_to satellite0 planet64 star62)
3.103: (turn_to satellite0 phenomenon56 planet64)
3.111: (turn_to satellite0 star42 phenomenon56)
3.101: (take_image satellite0 star42 instrument3 image0)
2.987: (turn_to satellite0 groundstation15 star42)
3.060: (turn_to satellite0 planet48 groundstation15)
3.098: (turn_to satellite0 phenomenon49 planet48)
3.101: (turn_to satellite0 phenomenon53 phenomenon49)
3.102: (turn_to satellite0 phenomenon56 phenomenon53)
3.102: (turn_to satellite0 phenomenon57 phenomenon56)
3.102: (turn_to satellite0 star62 phenomenon57)
3.102: (turn_to satellite0 planet64 star62)
3.105: (turn_to satellite0 phenomenon58 planet64)
3.125: (turn_to satellite0 star25 phenomenon58)
3.080: (turn_to satellite0 star61 star25)
3.082: (turn_to satellite0 planet51 star61)
3.084: (turn_to satellite0 phenomenon63 planet51)
3.100: (turn_to satellite0 phenomenon52 phenomenon63)
3.102: (take_image satellite0 phenomenon52 instrument3 infrared4)
3.024: (turn_to satellite0 groundstation15 phenomenon52)
3.047: (turn_to satellite0 planet48 groundstation15)
3.083: (turn_to satellite0 phenomenon49 planet48)
3.086: (turn_to satellite0 phenomenon53 phenomenon49)
3.087: (turn_to satellite0 phenomenon56 phenomenon53)
3.087: (turn_to satellite0 phenomenon57 phenomenon56)
3.087: (turn_to satellite0 star62 phenomenon57)
3.087: (turn_to satellite0 planet64 star62)
3.089: (turn_to satellite0 phenomenon58 planet64)
3.093: (turn_to satellite0 star42 phenomenon58)
3.114: (turn_to satellite0 star25 star42)
3.067: (turn_to satellite0 star61 star25)
3.069: (turn_to satellite0 phenomenon63 star61)
3.071: (turn_to satellite0 planet51 phenomenon63)
3.091: (turn_to satellite0 phenomenon40 planet51)
3.091: (take_image satellite0 phenomenon40 instrument3 infrared4)
3.014: (turn_to satellite0 groundstation15 phenomenon40)
3.034: (turn_to satellite0 planet48 groundstation15)
3.068: (turn_to satellite0 phenomenon49 planet48)
3.071: (turn_to satellite0 phenomenon53 phenomenon49)
3.072: (turn_to satellite0 phenomenon56 phenomenon53)
3.072: (turn_to satellite0 phenomenon57 phenomenon56)
3.072: (turn_to satellite0 star62 phenomenon57)
3.072: (turn_to satellite0 planet64 star62)
3.074: (turn_to satellite0 phenomenon58 planet64)
3.080: (turn_to satellite0 star42 phenomenon58)
3.105: (turn_to satellite0 star25 star42)
3.056: (turn_to satellite0 star61 star25)
3.056: (turn_to satellite0 phenomenon63 star61)
3.058: (turn_to satellite0 planet51 phenomenon63)
3.086: (turn_to satellite0 phenomenon52 planet51)
3.094: (turn_to satellite0 phenomenon59 phenomenon52)
3.110: (turn_to satellite0 star0 phenomenon59)
3.099: (take_image satellite0 star0 instrument3 image0)
2.967: (turn_to satellite0 groundstation15 star0)
3.037: (turn_to satellite0 planet48 groundstation15)
3.070: (turn_to satellite0 phenomenon49 planet48)
3.073: (turn_to satellite0 phenomenon53 phenomenon49)
3.073: (turn_to satellite0 phenomenon56 phenomenon53)
3.073: (turn_to satellite0 phenomenon57 phenomenon56)
3.073: (turn_to satellite0 star62 phenomenon57)
3.073: (turn_to satellite0 planet64 star62)
3.075: (turn_to satellite0 phenomenon58 planet64)
3.080: (turn_to satellite0 star42 phenomenon58)
3.109: (turn_to satellite0 star25 star42)
3.057: (turn_to satellite0 phenomenon63 star25)
3.059: (turn_to satellite0 star61 phenomenon63)
3.060: (turn_to satellite0 planet51 star61)
3.088: (turn_to satellite0 phenomenon52 planet51)
3.096: (turn_to satellite0 phenomenon59 phenomenon52)
3.115: (turn_to satellite0 star1 phenomenon59)
3.100: (take_image satellite0 star1 instrument3 image0)
2.969: (turn_to satellite0 groundstation15 star1)
3.039: (turn_to satellite0 planet48 groundstation15)
3.056: (turn_to satellite0 star0 planet48)
3.071: (turn_to satellite0 phenomenon49 star0)
3.074: (turn_to satellite0 phenomenon53 phenomenon49)
3.075: (turn_to satellite0 phenomenon56 phenomenon53)
3.075: (turn_to satellite0 phenomenon57 phenomenon56)
3.075: (turn_to satellite0 star62 phenomenon57)
3.075: (turn_to satellite0 planet64 star62)
3.077: (turn_to satellite0 phenomenon58 planet64)
3.080: (turn_to satellite0 star42 phenomenon58)
3.113: (turn_to satellite2 planet50 groundstation6)
3.034: (turn_to satellite0 groundstation15 star42)
3.015: (switch_on instrument7 satellite2)
3.002: (turn_to satellite0 phenomenon56 groundstation15)
3.045: (turn_to satellite0 star0 phenomenon56)
3.047: (turn_to satellite0 star1 star0)
3.065: (turn_to satellite0 star42 star1)
3.080: (turn_to satellite0 groundstation6 star42)
3.060: (turn_to satellite2 groundstation15 planet50)
3.080: (turn_to satellite0 star0 groundstation6)
3.074: (turn_to satellite0 star1 star0)
3.096: (turn_to satellite0 star42 star1)
3.102: (turn_to satellite0 groundstation15 star42)
3.042: (turn_to satellite0 phenomenon53 groundstation15)
3.037: (turn_to satellite2 planet50 groundstation15)
3.096: (switch_off instrument7 satellite2)
3.110: (turn_to satellite0 groundstation6 phenomenon53)
3.120: (turn_to satellite0 star0 groundstation6)
3.116: (turn_to satellite0 star1 star0)
3.160: (turn_to satellite2 phenomenon54 planet50)
3.063: (turn_to satellite0 groundstation15 star1)
3.101: (turn_to satellite0 phenomenon53 groundstation15)
3.115: (turn_to satellite0 groundstation6 phenomenon53)
3.140: (turn_to satellite2 groundstation15 phenomenon54)
3.108: (turn_to satellite0 groundstation15 groundstation6)
3.123: (turn_to satellite0 planet48 groundstation15)
3.078: (switch_on instrument7 satellite2)
3.036: (turn_to satellite2 planet50 groundstation15)
3.093: (switch_off instrument7 satellite2)
3.116: (turn_to satellite2 phenomenon54 planet50)
3.145: (turn_to satellite0 star0 planet48)
3.181: (turn_to satellite0 star42 star0)
3.158: (turn_to satellite2 groundstation15 phenomenon54)
3.161: (turn_to satellite0 star1 star42)
3.165: (turn_to satellite0 star0 star1)
3.206: (turn_to satellite2 groundstation17 groundstation15)
3.106: (turn_to satellite0 groundstation15 star0)
3.100: (turn_to satellite2 star25 groundstation17)
2.950: (turn_to satellite0 planet50 groundstation15)
3.033: (switch_on instrument7 satellite2)
3.094: (turn_to satellite1 groundstation15 phenomenon54)
3.099: (switch_off instrument7 satellite2)
3.142: (turn_to satellite1 planet51 groundstation15)
3.151: (turn_to satellite1 planet48 planet51)
3.154: (turn_to satellite1 phenomenon49 planet48)
3.159: (turn_to satellite1 star42 phenomenon49)
3.163: (turn_to satellite1 star61 star42)
3.163: (turn_to satellite1 phenomenon63 star61)
3.165: (turn_to satellite1 phenomenon53 phenomenon63)
3.175: (turn_to satellite1 star1 phenomenon53)
3.162: (turn_to satellite1 star0 star1)
3.200: (turn_to satellite1 phenomenon58 star0)
3.179: (turn_to satellite1 phenomenon56 phenomenon58)
3.179: (take_image satellite1 phenomenon56 instrument6 infrared3)
2.995: (turn_to satellite1 phenomenon54 phenomenon56)
3.034: (switch_on instrument7 satellite2)
3.095: (turn_to satellite1 groundstation15 phenomenon54)
3.099: (switch_off instrument7 satellite2)
3.139: (turn_to satellite1 planet51 groundstation15)
3.151: (turn_to satellite1 planet48 planet51)
3.154: (turn_to satellite1 phenomenon49 planet48)
3.159: (turn_to satellite1 star42 phenomenon49)
3.162: (turn_to satellite1 star61 star42)
3.162: (turn_to satellite1 phenomenon63 star61)
3.165: (turn_to satellite1 phenomenon53 phenomenon63)
3.174: (turn_to satellite1 star1 phenomenon53)
3.161: (turn_to satellite1 star0 star1)
3.200: (turn_to satellite1 phenomenon58 star0)
3.179: (turn_to satellite1 phenomenon57 phenomenon58)
3.179: (take_image satellite1 phenomenon57 instrument6 infrared3)
2.995: (turn_to satellite1 phenomenon54 phenomenon57)
3.034: (switch_on instrument7 satellite2)
3.095: (turn_to satellite1 groundstation15 phenomenon54)
3.098: (switch_off instrument7 satellite2)
3.137: (turn_to satellite1 planet51 groundstation15)
3.150: (turn_to satellite1 planet48 planet51)
3.154: (turn_to satellite1 phenomenon49 planet48)
3.159: (turn_to satellite1 star42 phenomenon49)
3.161: (turn_to satellite1 star61 star42)
3.161: (turn_to satellite1 phenomenon63 star61)
3.165: (turn_to satellite1 phenomenon53 phenomenon63)
3.174: (turn_to satellite1 star1 phenomenon53)
3.162: (turn_to satellite1 star0 star1)
3.200: (turn_to satellite1 phenomenon56 star0)
3.178: (turn_to satellite1 phenomenon58 phenomenon56)
3.179: (turn_to satellite1 star62 phenomenon58)
3.179: (take_image satellite1 star62 instrument6 infrared3)
2.995: (turn_to satellite1 phenomenon54 star62)
3.034: (switch_on instrument7 satellite2)
3.096: (turn_to satellite1 groundstation15 phenomenon54)
3.098: (switch_off instrument7 satellite2)
3.136: (turn_to satellite1 planet51 groundstation15)
3.150: (turn_to satellite1 planet48 planet51)
3.154: (turn_to satellite1 phenomenon49 planet48)
3.160: (turn_to satellite1 star42 phenomenon49)
3.160: (turn_to satellite1 star61 star42)
3.160: (turn_to satellite1 phenomenon63 star61)
3.166: (turn_to satellite1 phenomenon53 phenomenon63)
3.174: (turn_to satellite1 star1 phenomenon53)
3.161: (turn_to satellite1 star0 star1)
3.200: (turn_to satellite1 phenomenon56 star0)
3.178: (turn_to satellite1 phenomenon58 phenomenon56)
3.179: (turn_to satellite1 phenomenon57 phenomenon58)
3.179: (turn_to satellite1 planet64 phenomenon57)
3.179: (take_image satellite1 planet64 instrument6 infrared3)
2.994: (turn_to satellite1 phenomenon54 planet64)
3.034: (switch_on instrument7 satellite2)
3.096: (turn_to satellite1 groundstation15 phenomenon54)
3.097: (switch_off instrument7 satellite2)
3.134: (turn_to satellite1 planet51 groundstation15)
3.150: (turn_to satellite1 planet48 planet51)
3.155: (turn_to satellite1 phenomenon49 planet48)
3.159: (turn_to satellite1 star61 phenomenon49)
3.159: (turn_to satellite1 phenomenon63 star61)
3.160: (turn_to satellite1 star42 phenomenon63)
3.166: (turn_to satellite1 phenomenon53 star42)
3.174: (turn_to satellite1 star0 phenomenon53)
3.161: (turn_to satellite1 star1 star0)
3.200: (turn_to satellite1 phenomenon56 star1)
3.178: (turn_to satellite1 phenomenon58 phenomenon56)
3.179: (turn_to satellite1 phenomenon57 phenomenon58)
3.179: (turn_to satellite1 star62 phenomenon57)
3.183: (switch_on instrument7 satellite2)
3.160: (turn_to satellite1 planet48 star62)
3.164: (turn_to satellite1 phenomenon49 planet48)
3.171: (turn_to satellite1 star42 phenomenon49)
3.178: (turn_to satellite1 phenomenon53 star42)
3.185: (turn_to satellite1 phenomenon56 phenomenon53)
3.185: (turn_to satellite1 phenomenon57 phenomenon56)
3.185: (turn_to satellite1 phenomenon58 phenomenon57)
3.186: (turn_to satellite1 planet64 phenomenon58)
3.189: (turn_to satellite1 planet51 planet64)
3.196: (turn_to satellite1 star61 planet51)
3.196: (turn_to satellite1 phenomenon63 star61)
3.200: (turn_to satellite1 star0 phenomenon63)
3.173: (turn_to satellite1 star1 star0)
3.236: (turn_to satellite1 groundstation11 star1)
3.235: (switch_off instrument7 satellite2)
3.204: (turn_to satellite1 phenomenon45 groundstation11)
3.192: (turn_to satellite1 phenomenon59 phenomenon45)
3.192: (take_image satellite1 phenomenon59 instrument6 infrared3)
2.997: (turn_to satellite1 phenomenon54 phenomenon59)
3.034: (switch_on instrument7 satellite2)
3.096: (turn_to satellite1 groundstation15 phenomenon54)
3.098: (switch_off instrument7 satellite2)
3.134: (turn_to satellite1 planet51 groundstation15)
3.151: (turn_to satellite1 planet48 planet51)
3.154: (turn_to satellite1 phenomenon49 planet48)
3.158: (turn_to satellite1 star61 phenomenon49)
3.158: (turn_to satellite1 phenomenon63 star61)
3.160: (turn_to satellite1 star42 phenomenon63)
3.166: (turn_to satellite1 phenomenon53 star42)
3.173: (turn_to satellite1 star1 phenomenon53)
3.162: (turn_to satellite1 star0 star1)
3.201: (turn_to satellite1 phenomenon56 star0)
3.178: (turn_to satellite1 phenomenon58 phenomenon56)
3.178: (turn_to satellite1 phenomenon57 phenomenon58)
3.179: (turn_to satellite1 star62 phenomenon57)
3.179: (turn_to satellite1 planet64 star62)
3.184: (switch_on instrument7 satellite2)
3.160: (turn_to satellite1 planet48 planet64)
3.164: (turn_to satellite1 phenomenon49 planet48)
3.172: (turn_to satellite1 star42 phenomenon49)
3.178: (turn_to satellite1 phenomenon53 star42)
3.184: (turn_to satellite1 phenomenon56 phenomenon53)
3.184: (turn_to satellite1 phenomenon57 phenomenon56)
3.184: (turn_to satellite1 phenomenon58 phenomenon57)
3.185: (turn_to satellite1 star62 phenomenon58)
3.190: (turn_to satellite1 planet51 star62)
3.195: (turn_to satellite1 star61 planet51)
3.195: (turn_to satellite1 phenomenon63 star61)
3.200: (turn_to satellite1 phenomenon59 phenomenon63)
3.200: (turn_to satellite1 star0 phenomenon59)
3.173: (turn_to satellite1 star1 star0)
3.236: (turn_to satellite1 star41 star1)
3.195: (switch_off instrument7 satellite2)
3.194: (take_image satellite1 star41 instrument6 infrared3)
3.000: (turn_to satellite1 phenomenon54 star41)
3.034: (switch_on instrument7 satellite2)
3.097: (turn_to satellite1 groundstation15 phenomenon54)
3.098: (switch_off instrument7 satellite2)
3.135: (turn_to satellite1 planet51 groundstation15)
3.153: (turn_to satellite1 planet48 planet51)
3.154: (turn_to satellite1 phenomenon49 planet48)
3.158: (turn_to satellite1 star61 phenomenon49)
3.158: (turn_to satellite1 phenomenon63 star61)
3.160: (turn_to satellite1 star42 phenomenon63)
3.166: (turn_to satellite1 phenomenon53 star42)
3.174: (turn_to satellite1 star0 phenomenon53)
3.161: (turn_to satellite1 star1 star0)
3.201: (turn_to satellite1 phenomenon56 star1)
3.177: (turn_to satellite1 phenomenon58 phenomenon56)
3.178: (turn_to satellite1 phenomenon57 phenomenon58)
3.178: (turn_to satellite1 star62 phenomenon57)
3.178: (turn_to satellite1 planet64 star62)
3.184: (switch_on instrument7 satellite2)
3.161: (turn_to satellite1 planet48 planet64)
3.165: (turn_to satellite1 phenomenon49 planet48)
3.172: (turn_to satellite1 star42 phenomenon49)
3.178: (turn_to satellite1 phenomenon53 star42)
3.183: (turn_to satellite1 phenomenon56 phenomenon53)
3.183: (turn_to satellite1 phenomenon57 phenomenon56)
3.184: (turn_to satellite1 phenomenon58 phenomenon57)
[Final] Expanded: 1000, Generated: 270045
Failed to find a solution!
