/u/ibrahim.eisawy/Neural-Guided-Search/venv/lib/python3.10/site-packages/pymimir_rgnn/model.py:151: UserWarning: index_reduce() is in beta and the API may change at any time. (Triggered internally at /pytorch/aten/src/ATen/native/cuda/Indexing.cu:1541.)
  max_msg.index_reduce_(0, output_indices, output_messages, reduce='amax', include_self=True)
Torch: 2.12.0+cu130
Using GPU:  NVIDIA L40S
74.119: (switch_on instrument8 satellite3)
68.508: (turn_to satellite3 star30 star65)
58.200: (calibrate satellite3 instrument8 star30)
56.269: (switch_on instrument1 satellite0)
55.277: (switch_on instrument10 satellite4)
54.484: (turn_to satellite2 star28 star43)
53.891: (turn_to satellite0 groundstation13 star0)
51.717: (calibrate satellite0 instrument1 groundstation13)
50.770: (turn_to satellite0 phenomenon73 groundstation13)
50.526: (turn_to satellite4 star9 phenomenon83)
47.285: (calibrate satellite4 instrument10 star9)
46.448: (turn_to satellite4 planet51 star9)
45.600: (take_image satellite4 planet51 instrument10 thermograph1)
45.065: (turn_to satellite4 planet79 planet51)
44.851: (turn_to satellite1 groundstation17 planet52)
44.734: (turn_to satellite3 planet66 star30)
43.371: (take_image satellite3 planet66 instrument8 spectrograph0)
42.883: (turn_to satellite3 planet52 planet66)
41.396: (take_image satellite3 planet52 instrument8 infrared3)
40.852: (turn_to satellite3 star77 planet52)
40.046: (take_image satellite3 star77 instrument8 spectrograph0)
39.532: (turn_to satellite3 phenomenon72 star77)
38.755: (take_image satellite3 phenomenon72 instrument8 spectrograph0)
38.239: (turn_to satellite3 phenomenon82 phenomenon72)
37.465: (take_image satellite3 phenomenon82 instrument8 spectrograph0)
36.930: (turn_to satellite3 star62 phenomenon82)
36.174: (take_image satellite3 star62 instrument8 spectrograph0)
35.609: (turn_to satellite3 star63 star62)
34.882: (take_image satellite3 star63 instrument8 spectrograph0)
34.317: (turn_to satellite3 star55 star63)
33.521: (take_image satellite3 star55 instrument8 spectrograph0)
32.981: (turn_to satellite3 planet54 star55)
32.118: (take_image satellite3 planet54 instrument8 infrared3)
31.666: (turn_to satellite3 planet50 planet54)
30.810: (take_image satellite3 planet50 instrument8 infrared3)
30.390: (turn_to satellite3 planet60 planet50)
29.501: (take_image satellite3 planet60 instrument8 infrared3)
29.076: (turn_to satellite3 planet58 planet60)
28.193: (take_image satellite3 planet58 instrument8 infrared3)
27.771: (turn_to satellite3 planet68 planet58)
26.883: (take_image satellite3 planet68 instrument8 infrared3)
26.456: (turn_to satellite3 star71 planet68)
25.575: (take_image satellite3 star71 instrument8 infrared3)
25.140: (turn_to satellite3 phenomenon76 star71)
24.266: (take_image satellite3 phenomenon76 instrument8 infrared3)
23.819: (turn_to satellite3 phenomenon80 phenomenon76)
22.929: (take_image satellite3 phenomenon80 instrument8 infrared3)
22.530: (turn_to satellite3 planet78 phenomenon80)
22.114: (turn_to satellite1 groundstation13 groundstation17)
22.097: (turn_to satellite3 star65 planet78)
21.455: (take_image satellite3 star65 instrument8 thermograph1)
20.887: (turn_to satellite3 planet75 star65)
20.147: (take_image satellite3 planet75 instrument8 thermograph1)
19.554: (turn_to satellite3 phenomenon84 planet75)
18.841: (take_image satellite3 phenomenon84 instrument8 thermograph1)
18.242: (turn_to satellite3 phenomenon83 phenomenon84)
17.536: (take_image satellite3 phenomenon83 instrument8 thermograph1)
16.934: (turn_to satellite3 phenomenon64 phenomenon83)
16.229: (take_image satellite3 phenomenon64 instrument8 thermograph1)
15.625: (turn_to satellite3 star67 phenomenon64)
14.924: (take_image satellite3 star67 instrument8 thermograph1)
14.314: (turn_to satellite3 phenomenon69 star67)
13.616: (take_image satellite3 phenomenon69 instrument8 thermograph1)
13.007: (turn_to satellite3 planet59 phenomenon69)
12.295: (take_image satellite3 planet59 instrument8 thermograph1)
11.727: (turn_to satellite3 planet78 planet59)
11.609: (turn_to satellite3 star81 planet78)
11.637: (turn_to satellite4 planet78 planet79)
10.806: (take_image satellite4 planet78 instrument10 image4)
10.172: (turn_to satellite4 planet79 planet78)
10.159: (take_image satellite4 planet79 instrument10 thermograph1)
10.186: (take_image satellite4 planet79 instrument10 image4)
10.191: (turn_to satellite4 phenomenon61 planet79)
10.220: (turn_to satellite3 planet79 star81)
9.492: (take_image satellite3 planet79 instrument8 infrared3)
8.823: (turn_to satellite3 star81 planet79)
8.718: (take_image satellite3 star81 instrument8 thermograph1)
8.787: (turn_to satellite3 phenomenon53 star81)
8.723: (turn_to satellite4 star81 phenomenon61)
8.150: (take_image satellite4 star81 instrument10 image4)
7.671: (turn_to satellite4 star56 star81)
7.466: (turn_to satellite3 phenomenon70 phenomenon53)
7.465: (turn_to satellite4 planet57 star56)
7.514: (turn_to satellite3 phenomenon61 phenomenon70)
7.519: (turn_to satellite4 star56 planet57)
7.520: (turn_to satellite4 phenomenon53 star56)
7.466: (turn_to satellite3 phenomenon70 phenomenon61)
7.518: (turn_to satellite3 star56 phenomenon70)
7.512: (turn_to satellite4 phenomenon61 phenomenon53)
7.519: (turn_to satellite4 planet57 phenomenon61)
7.541: (take_image satellite4 planet57 instrument10 thermograph1)
7.537: (turn_to satellite4 phenomenon61 planet57)
7.544: (turn_to satellite4 phenomenon53 phenomenon61)
7.565: (take_image satellite4 phenomenon53 instrument10 thermograph1)
7.567: (turn_to satellite4 phenomenon61 phenomenon53)
7.572: (turn_to satellite4 planet57 phenomenon61)
7.583: (take_image satellite4 planet57 instrument10 image4)
7.568: (turn_to satellite4 phenomenon61 planet57)
7.574: (turn_to satellite4 phenomenon53 phenomenon61)
7.579: (take_image satellite4 phenomenon53 instrument10 image4)
7.568: (turn_to satellite4 phenomenon61 phenomenon53)
7.584: (take_image satellite4 phenomenon61 instrument10 thermograph1)
7.599: (take_image satellite4 phenomenon61 instrument10 image4)
7.605: (turn_to satellite4 phenomenon53 phenomenon61)
7.605: (turn_to satellite4 planet57 phenomenon53)
7.681: (take_image satellite4 planet57 instrument10 spectrograph0)
7.664: (turn_to satellite4 phenomenon61 planet57)
7.676: (turn_to satellite4 phenomenon53 phenomenon61)
7.690: (take_image satellite4 phenomenon53 instrument10 spectrograph0)
7.668: (turn_to satellite4 phenomenon61 phenomenon53)
7.695: (take_image satellite4 phenomenon61 instrument10 spectrograph0)
7.706: (turn_to satellite4 phenomenon53 phenomenon61)
7.706: (turn_to satellite4 planet57 phenomenon53)
7.779: (turn_to satellite3 phenomenon70 star56)
7.693: (take_image satellite0 phenomenon73 instrument1 infrared2)
7.745: (turn_to satellite3 star56 phenomenon70)
7.735: (turn_to satellite4 phenomenon61 planet57)
7.746: (turn_to satellite4 phenomenon53 phenomenon61)
7.815: (switch_on instrument4 satellite2)
7.759: (turn_to satellite4 planet57 phenomenon53)
7.769: (turn_to satellite4 phenomenon61 planet57)
7.810: (turn_to satellite3 planet57 star56)
7.751: (switch_off instrument4 satellite2)
7.741: (turn_to satellite4 star56 phenomenon61)
7.739: (turn_to satellite3 phenomenon70 planet57)
7.685: (take_image satellite4 star56 instrument10 spectrograph0)
7.727: (turn_to satellite4 phenomenon53 star56)
7.747: (turn_to satellite3 star56 phenomenon70)
7.741: (turn_to satellite4 phenomenon61 phenomenon53)
7.750: (turn_to satellite4 planet57 phenomenon61)
7.844: (turn_to satellite3 phenomenon70 star56)
7.750: (turn_to satellite3 phenomenon61 phenomenon70)
7.751: (turn_to satellite4 star56 planet57)
7.762: (turn_to satellite4 phenomenon53 star56)
7.762: (turn_to satellite3 planet57 phenomenon61)
7.751: (turn_to satellite4 star56 phenomenon53)
7.751: (turn_to satellite4 phenomenon61 star56)
7.844: (turn_to satellite3 phenomenon70 planet57)
7.817: (switch_on instrument4 satellite2)
7.783: (turn_to satellite4 star56 phenomenon61)
7.797: (turn_to satellite3 planet57 phenomenon70)
7.783: (turn_to satellite4 phenomenon53 star56)
7.790: (turn_to satellite4 phenomenon61 phenomenon53)
7.818: (turn_to satellite3 star56 planet57)
7.783: (turn_to satellite4 phenomenon53 phenomenon61)
7.783: (turn_to satellite4 planet57 phenomenon53)
7.820: (turn_to satellite3 phenomenon61 star56)
7.764: (turn_to satellite4 star56 planet57)
7.783: (turn_to satellite4 phenomenon53 star56)
7.855: (turn_to satellite3 phenomenon70 phenomenon61)
7.897: (turn_to satellite0 star56 phenomenon73)
7.091: (take_image satellite0 star56 instrument1 infrared2)
6.546: (turn_to satellite0 planet57 star56)
5.938: (take_image satellite0 planet57 instrument1 infrared2)
5.353: (turn_to satellite0 phenomenon61 planet57)
4.742: (take_image satellite0 phenomenon61 instrument1 infrared2)
4.342: (turn_to satellite0 phenomenon73 phenomenon61)
4.325: (take_image satellite3 phenomenon70 instrument8 spectrograph0)
4.330: (take_image satellite3 phenomenon70 instrument8 infrared3)
4.360: (take_image satellite3 phenomenon70 instrument8 thermograph1)
4.452: (switch_off instrument4 satellite2)
4.436: (switch_on instrument5 satellite2)
4.645: (switch_on instrument3 satellite1)
3.874: (calibrate satellite1 instrument3 groundstation13)
3.765: (switch_off instrument5 satellite2)
3.729: (switch_on instrument4 satellite2)
3.770: (take_image satellite1 groundstation13 instrument3 image4)
3.782: (switch_off instrument4 satellite2)
3.873: (switch_on instrument5 satellite2)
4.061: (turn_to satellite1 phenomenon53 groundstation13)
3.578: (turn_to satellite4 groundstation13 phenomenon53)
3.427: (switch_off instrument5 satellite2)
3.477: (switch_on instrument4 satellite2)
3.537: (take_image satellite4 groundstation13 instrument10 spectrograph0)
3.418: (switch_off instrument4 satellite2)
3.533: (take_image satellite4 groundstation13 instrument10 thermograph1)
3.497: (switch_on instrument4 satellite2)
3.815: (turn_to satellite4 star30 groundstation13)
3.706: (switch_off instrument4 satellite2)
3.816: (take_image satellite4 star30 instrument10 spectrograph0)
3.523: (turn_to satellite4 groundstation13 star30)
3.495: (switch_on instrument4 satellite2)
3.767: (turn_to satellite4 star30 groundstation13)
3.882: (take_image satellite4 star30 instrument10 image4)
3.572: (turn_to satellite4 groundstation13 star30)
3.427: (switch_off instrument4 satellite2)
3.642: (switch_on instrument5 satellite2)
3.961: (turn_to satellite4 star30 groundstation13)
3.729: (switch_off instrument5 satellite2)
3.819: (take_image satellite4 star30 instrument10 thermograph1)
3.517: (turn_to satellite4 groundstation13 star30)
3.496: (switch_on instrument4 satellite2)
3.765: (turn_to satellite4 star30 groundstation13)
3.921: (turn_to satellite4 groundstation19 star30)
3.780: (switch_off instrument4 satellite2)
3.862: (take_image satellite4 groundstation19 instrument10 image4)
3.525: (turn_to satellite4 groundstation13 groundstation19)
3.499: (switch_on instrument4 satellite2)
3.763: (turn_to satellite4 star30 groundstation13)
3.726: (switch_off instrument4 satellite2)
3.912: (turn_to satellite4 groundstation10 star30)
3.842: (switch_on instrument4 satellite2)
3.921: (take_image satellite4 groundstation10 instrument10 image4)
3.582: (turn_to satellite4 groundstation13 groundstation10)
3.432: (switch_off instrument4 satellite2)
3.645: (switch_on instrument5 satellite2)
3.969: (turn_to satellite4 star30 groundstation13)
3.749: (switch_off instrument5 satellite2)
3.768: (switch_on instrument4 satellite2)
3.923: (turn_to satellite4 groundstation19 star30)
3.779: (switch_off instrument4 satellite2)
3.855: (take_image satellite4 groundstation19 instrument10 spectrograph0)
3.520: (turn_to satellite4 groundstation13 groundstation19)
3.499: (switch_on instrument4 satellite2)
3.764: (turn_to satellite4 star30 groundstation13)
3.734: (switch_off instrument4 satellite2)
3.910: (turn_to satellite4 groundstation10 star30)
3.842: (switch_on instrument4 satellite2)
3.913: (turn_to satellite4 groundstation19 groundstation10)
3.888: (take_image satellite4 groundstation19 instrument10 thermograph1)
3.570: (turn_to satellite4 groundstation13 groundstation19)
3.439: (switch_off instrument4 satellite2)
3.646: (switch_on instrument5 satellite2)
3.968: (turn_to satellite4 star30 groundstation13)
3.753: (switch_off instrument5 satellite2)
3.769: (switch_on instrument4 satellite2)
3.917: (turn_to satellite4 groundstation10 star30)
3.796: (switch_off instrument4 satellite2)
3.878: (turn_to satellite4 groundstation19 groundstation10)
3.948: (turn_to satellite4 star49 groundstation19)
3.915: (switch_on instrument4 satellite2)
3.994: (take_image satellite4 star49 instrument10 image4)
3.580: (turn_to satellite4 groundstation13 star49)
3.447: (switch_off instrument4 satellite2)
3.647: (switch_on instrument5 satellite2)
3.978: (turn_to satellite4 star30 groundstation13)
3.756: (switch_off instrument5 satellite2)
3.771: (switch_on instrument4 satellite2)
3.914: (turn_to satellite4 groundstation19 star30)
3.765: (switch_off instrument4 satellite2)
3.916: (turn_to satellite4 groundstation10 groundstation19)
3.843: (switch_on instrument4 satellite2)
3.934: (take_image satellite4 groundstation10 instrument10 spectrograph0)
3.589: (turn_to satellite4 groundstation13 groundstation10)
3.452: (switch_off instrument4 satellite2)
3.652: (switch_on instrument5 satellite2)
3.985: (turn_to satellite4 star30 groundstation13)
3.761: (switch_off instrument5 satellite2)
3.775: (switch_on instrument4 satellite2)
3.916: (turn_to satellite4 groundstation19 star30)
3.765: (switch_off instrument4 satellite2)
3.908: (turn_to satellite4 groundstation10 groundstation19)
3.938: (turn_to satellite4 star49 groundstation10)
3.918: (switch_on instrument4 satellite2)
3.988: (take_image satellite4 star49 instrument10 spectrograph0)
3.587: (turn_to satellite4 groundstation13 star49)
3.455: (switch_off instrument4 satellite2)
3.655: (switch_on instrument5 satellite2)
3.981: (turn_to satellite4 star30 groundstation13)
3.760: (switch_off instrument5 satellite2)
3.779: (switch_on instrument4 satellite2)
3.920: (turn_to satellite4 groundstation19 star30)
3.774: (switch_off instrument4 satellite2)
3.910: (turn_to satellite4 groundstation10 groundstation19)
3.861: (switch_on instrument4 satellite2)
3.969: (take_image satellite4 groundstation10 instrument10 thermograph1)
3.587: (turn_to satellite4 groundstation13 groundstation10)
3.455: (switch_off instrument4 satellite2)
3.655: (switch_on instrument5 satellite2)
3.981: (turn_to satellite4 star30 groundstation13)
3.760: (switch_off instrument5 satellite2)
3.779: (switch_on instrument4 satellite2)
3.920: (turn_to satellite4 groundstation19 star30)
3.774: (switch_off instrument4 satellite2)
3.918: (turn_to satellite4 star49 groundstation19)
3.929: (switch_on instrument4 satellite2)
3.999: (turn_to satellite4 star12 star49)
3.893: (switch_off instrument4 satellite2)
3.936: (turn_to satellite4 groundstation10 star12)
3.993: (switch_on instrument5 satellite2)
4.015: (turn_to satellite4 groundstation19 groundstation10)
4.032: (turn_to satellite4 star49 groundstation19)
4.070: (turn_to satellite4 phenomenon64 star49)
3.961: (switch_off instrument5 satellite2)
4.024: (switch_on instrument4 satellite2)
4.063: (turn_to satellite4 phenomenon53 phenomenon64)
3.809: (turn_to satellite1 groundstation13 phenomenon53)
3.782: (switch_off instrument4 satellite2)
3.902: (switch_on instrument5 satellite2)
4.067: (turn_to satellite1 phenomenon53 groundstation13)
3.975: (switch_off instrument5 satellite2)
3.943: (turn_to satellite4 groundstation15 phenomenon53)
3.985: (switch_on instrument4 satellite2)
4.030: (take_image satellite4 groundstation15 instrument10 image4)
3.581: (turn_to satellite4 groundstation13 groundstation15)
3.452: (switch_off instrument4 satellite2)
3.653: (switch_on instrument5 satellite2)
3.981: (turn_to satellite4 star30 groundstation13)
3.757: (switch_off instrument5 satellite2)
3.777: (switch_on instrument4 satellite2)
3.912: (turn_to satellite4 groundstation19 star30)
3.771: (switch_off instrument4 satellite2)
3.920: (turn_to satellite4 star49 groundstation19)
3.928: (switch_on instrument4 satellite2)
3.955: (turn_to satellite4 groundstation10 star49)
3.783: (switch_off instrument4 satellite2)
3.974: (turn_to satellite4 star12 groundstation10)
3.919: (switch_on instrument4 satellite2)
3.977: (take_image satellite4 star12 instrument10 image4)
3.587: (turn_to satellite4 groundstation13 star12)
3.445: (switch_off instrument4 satellite2)
3.652: (switch_on instrument5 satellite2)
3.987: (turn_to satellite4 star30 groundstation13)
3.764: (switch_off instrument5 satellite2)
3.774: (switch_on instrument4 satellite2)
3.914: (turn_to satellite4 groundstation19 star30)
3.773: (switch_off instrument4 satellite2)
3.919: (turn_to satellite4 star49 groundstation19)
3.926: (switch_on instrument4 satellite2)
3.973: (turn_to satellite4 groundstation10 star49)
3.781: (switch_off instrument4 satellite2)
3.957: (turn_to satellite4 star12 groundstation10)
3.988: (take_image satellite4 star12 instrument10 thermograph1)
3.540: (turn_to satellite4 groundstation13 star12)
3.504: (switch_on instrument4 satellite2)
3.783: (turn_to satellite4 star30 groundstation13)
3.749: (switch_off instrument4 satellite2)
3.889: (turn_to satellite4 groundstation19 star30)
3.829: (switch_on instrument4 satellite2)
3.953: (turn_to satellite4 star49 groundstation19)
3.874: (switch_off instrument4 satellite2)
3.943: (turn_to satellite4 groundstation10 star49)
3.859: (switch_on instrument4 satellite2)
4.001: (turn_to satellite4 star12 groundstation10)
4.029: (take_image satellite4 star12 instrument10 spectrograph0)
3.588: (turn_to satellite4 groundstation13 star12)
3.447: (switch_off instrument4 satellite2)
3.655: (switch_on instrument5 satellite2)
3.986: (turn_to satellite4 star30 groundstation13)
3.762: (switch_off instrument5 satellite2)
3.778: (switch_on instrument4 satellite2)
3.920: (turn_to satellite4 groundstation19 star30)
3.776: (switch_off instrument4 satellite2)
3.921: (turn_to satellite4 star49 groundstation19)
3.929: (switch_on instrument4 satellite2)
3.974: (turn_to satellite4 groundstation10 star49)
3.777: (switch_off instrument4 satellite2)
3.967: (turn_to satellite4 star12 groundstation10)
4.016: (turn_to satellite4 star21 star12)
3.997: (switch_on instrument4 satellite2)
4.059: (turn_to satellite4 phenomenon53 star21)
3.799: (turn_to satellite1 groundstation13 phenomenon53)
3.785: (switch_off instrument4 satellite2)
3.903: (switch_on instrument5 satellite2)
4.080: (turn_to satellite1 phenomenon53 groundstation13)
3.914: (turn_to satellite4 groundstation19 phenomenon53)
4.038: (turn_to satellite4 star49 groundstation19)
4.052: (turn_to satellite4 groundstation10 star49)
4.058: (turn_to satellite4 star12 groundstation10)
4.073: (turn_to satellite4 phenomenon83 star12)
3.986: (switch_off instrument5 satellite2)
3.970: (turn_to satellite4 groundstation15 phenomenon83)
3.988: (switch_on instrument4 satellite2)
4.054: (take_image satellite4 groundstation15 instrument10 spectrograph0)
3.599: (turn_to satellite4 groundstation13 groundstation15)
3.454: (switch_off instrument4 satellite2)
3.662: (switch_on instrument5 satellite2)
3.994: (turn_to satellite4 star30 groundstation13)
3.771: (switch_off instrument5 satellite2)
3.785: (switch_on instrument4 satellite2)
3.928: (turn_to satellite4 groundstation19 star30)
3.785: (switch_off instrument4 satellite2)
3.920: (turn_to satellite4 star49 groundstation19)
3.936: (switch_on instrument4 satellite2)
3.989: (turn_to satellite4 groundstation10 star49)
3.788: (switch_off instrument4 satellite2)
3.967: (turn_to satellite4 star12 groundstation10)
3.938: (switch_on instrument4 satellite2)
4.055: (turn_to satellite4 phenomenon53 star12)
3.813: (turn_to satellite1 groundstation13 phenomenon53)
3.799: (switch_off instrument4 satellite2)
3.910: (switch_on instrument5 satellite2)
4.077: (turn_to satellite1 phenomenon53 groundstation13)
3.916: (turn_to satellite4 groundstation19 phenomenon53)
4.042: (turn_to satellite4 star49 groundstation19)
4.066: (turn_to satellite4 phenomenon83 star49)
3.994: (turn_to satellite4 groundstation10 phenomenon83)
4.058: (turn_to satellite4 star12 groundstation10)
4.066: (turn_to satellite4 phenomenon84 star12)
3.958: (switch_off instrument5 satellite2)
4.025: (switch_on instrument4 satellite2)
4.078: (turn_to satellite4 star31 phenomenon84)
3.927: (switch_off instrument4 satellite2)
4.028: (turn_to satellite4 star21 star31)
4.004: (switch_on instrument4 satellite2)
4.088: (turn_to satellite4 groundstation3 star21)
4.095: (turn_to satellite4 groundstation17 groundstation3)
4.074: (switch_off instrument4 satellite2)
4.055: (turn_to satellite4 groundstation15 groundstation17)
4.068: (turn_to satellite4 phenomenon53 groundstation15)
3.947: (turn_to satellite3 groundstation13 phenomenon70)
3.595: (turn_to satellite4 star74 phenomenon53)
3.653: (take_image satellite3 groundstation13 instrument8 infrared3)
3.648: (take_image satellite4 star74 instrument10 spectrograph0)
3.655: (take_image satellite4 star74 instrument10 thermograph1)
3.655: (take_image satellite4 star74 instrument10 image4)
3.739: (switch_on instrument4 satellite2)
4.067: (turn_to satellite3 star31 groundstation13)
4.053: (switch_off instrument4 satellite2)
4.125: (turn_to satellite3 star30 star31)
4.155: (turn_to satellite3 star9 star30)
4.153: (switch_on instrument4 satellite2)
4.097: (turn_to satellite3 star30 star9)
4.164: (turn_to satellite3 groundstation10 star30)
4.139: (switch_off instrument4 satellite2)
4.140: (take_image satellite3 groundstation10 instrument8 infrared3)
3.648: (turn_to satellite3 groundstation13 groundstation10)
3.739: (switch_on instrument4 satellite2)
4.067: (turn_to satellite3 star31 groundstation13)
4.052: (switch_off instrument4 satellite2)
4.124: (turn_to satellite3 star30 star31)
4.154: (turn_to satellite3 star9 star30)
4.153: (switch_on instrument4 satellite2)
4.097: (turn_to satellite3 star30 star9)
4.170: (turn_to satellite3 groundstation10 star30)
4.196: (turn_to satellite3 phenomenon53 groundstation10)
3.862: (turn_to satellite1 groundstation13 phenomenon53)
3.846: (take_image satellite3 phenomenon53 instrument8 infrared3)
3.857: (switch_off instrument4 satellite2)
4.126: (switch_on instrument5 satellite2)
4.327: (turn_to satellite3 phenomenon70 phenomenon53)
3.958: (turn_to satellite4 phenomenon53 star74)
3.834: (switch_off instrument5 satellite2)
3.813: (switch_on instrument4 satellite2)
4.037: (turn_to satellite1 phenomenon53 groundstation13)
3.570: (turn_to satellite4 groundstation13 phenomenon53)
3.518: (switch_off instrument4 satellite2)
3.714: (switch_on instrument5 satellite2)
4.029: (turn_to satellite4 star30 groundstation13)
3.790: (switch_off instrument5 satellite2)
3.832: (switch_on instrument4 satellite2)
3.984: (turn_to satellite4 star49 star30)
3.926: (switch_off instrument4 satellite2)
3.926: (turn_to satellite4 groundstation19 star49)
3.887: (switch_on instrument4 satellite2)
4.029: (turn_to satellite4 groundstation10 groundstation19)
3.833: (switch_off instrument4 satellite2)
3.990: (turn_to satellite4 star12 groundstation10)
3.987: (switch_on instrument4 satellite2)
4.111: (turn_to satellite4 star21 star12)
4.003: (switch_off instrument4 satellite2)
4.091: (turn_to satellite4 phenomenon53 star21)
3.957: (turn_to satellite4 groundstation15 phenomenon53)
4.050: (switch_on instrument4 satellite2)
4.122: (turn_to satellite4 star81 groundstation15)
4.024: (turn_to satellite4 star31 star81)
3.988: (switch_off instrument4 satellite2)
4.102: (take_image satellite4 star31 instrument10 image4)
3.641: (turn_to satellite4 groundstation13 star31)
3.567: (switch_on instrument4 satellite2)
3.856: (turn_to satellite4 star30 groundstation13)
3.784: (switch_off instrument4 satellite2)
3.926: (turn_to satellite4 groundstation19 star30)
3.887: (switch_on instrument4 satellite2)
3.981: (turn_to satellite4 star49 groundstation19)
3.924: (switch_off instrument4 satellite2)
4.011: (turn_to satellite4 groundstation10 star49)
3.922: (switch_on instrument4 satellite2)
4.058: (turn_to satellite4 star21 groundstation10)
4.001: (switch_off instrument4 satellite2)
3.985: (turn_to satellite4 star12 star21)
3.987: (switch_on instrument4 satellite2)
4.101: (turn_to satellite4 phenomenon53 star12)
3.847: (turn_to satellite1 groundstation13 phenomenon53)
3.831: (switch_off instrument4 satellite2)
3.961: (switch_on instrument5 satellite2)
4.130: (turn_to satellite1 phenomenon53 groundstation13)
3.707: (turn_to satellite4 groundstation13 phenomenon53)
4.028: (turn_to satellite4 star30 groundstation13)
4.077: (turn_to satellite4 groundstation19 star30)
4.098: (turn_to satellite4 groundstation10 groundstation19)
4.110: (turn_to satellite4 star49 groundstation10)
4.119: (turn_to satellite4 phenomenon83 star49)
4.092: (switch_off instrument5 satellite2)
4.021: (turn_to satellite4 phenomenon53 phenomenon83)
3.960: (turn_to satellite4 groundstation15 phenomenon53)
4.050: (switch_on instrument4 satellite2)
4.124: (turn_to satellite4 star56 groundstation15)
4.025: (turn_to satellite4 star31 star56)
4.125: (turn_to satellite4 phenomenon82 star31)
4.117: (switch_off instrument4 satellite2)
4.119: (turn_to satellite4 phenomenon64 phenomenon82)
4.076: (switch_on instrument4 satellite2)
4.122: (take_image satellite4 phenomenon64 instrument10 image4)
3.652: (turn_to satellite4 groundstation13 phenomenon64)
3.517: (switch_off instrument4 satellite2)
3.714: (switch_on instrument5 satellite2)
4.024: (turn_to satellite4 star30 groundstation13)
3.786: (switch_off instrument5 satellite2)
3.832: (switch_on instrument4 satellite2)
3.981: (turn_to satellite4 star49 star30)
3.925: (switch_off instrument4 satellite2)
3.926: (turn_to satellite4 groundstation19 star49)
3.887: (switch_on instrument4 satellite2)
4.019: (turn_to satellite4 groundstation10 groundstation19)
3.837: (switch_off instrument4 satellite2)
3.988: (turn_to satellite4 star12 groundstation10)
3.987: (switch_on instrument4 satellite2)
4.101: (turn_to satellite4 phenomenon53 star12)
3.847: (turn_to satellite1 groundstation13 phenomenon53)
3.832: (switch_off instrument4 satellite2)
3.961: (switch_on instrument5 satellite2)
4.130: (turn_to satellite1 phenomenon53 groundstation13)
3.993: (turn_to satellite4 groundstation19 phenomenon53)
4.105: (turn_to satellite4 groundstation10 groundstation19)
4.110: (turn_to satellite4 star49 groundstation10)
4.118: (turn_to satellite4 phenomenon64 star49)
4.034: (switch_off instrument5 satellite2)
4.097: (turn_to satellite4 phenomenon53 phenomenon64)
3.960: (turn_to satellite4 groundstation15 phenomenon53)
4.045: (turn_to satellite4 star21 groundstation15)
4.052: (switch_on instrument4 satellite2)
4.124: (turn_to satellite4 star56 star21)
4.008: (turn_to satellite4 groundstation15 star56)
4.125: (turn_to satellite4 phenomenon82 groundstation15)
4.117: (switch_off instrument4 satellite2)
4.103: (turn_to satellite4 star31 phenomenon82)
4.037: (switch_on instrument4 satellite2)
4.126: (turn_to satellite4 planet75 star31)
4.034: (switch_off instrument4 satellite2)
4.119: (turn_to satellite4 star65 planet75)
4.075: (switch_on instrument4 satellite2)
4.122: (take_image satellite4 star65 instrument10 image4)
3.647: (turn_to satellite4 groundstation13 star65)
3.517: (switch_off instrument4 satellite2)
3.714: (switch_on instrument5 satellite2)
4.024: (turn_to satellite4 star30 groundstation13)
3.786: (switch_off instrument5 satellite2)
3.832: (switch_on instrument4 satellite2)
3.980: (turn_to satellite4 star49 star30)
3.925: (switch_off instrument4 satellite2)
3.926: (turn_to satellite4 groundstation19 star49)
3.887: (switch_on instrument4 satellite2)
4.015: (turn_to satellite4 groundstation10 groundstation19)
3.837: (switch_off instrument4 satellite2)
3.991: (turn_to satellite4 star12 groundstation10)
3.987: (switch_on instrument4 satellite2)
4.101: (turn_to satellite4 phenomenon53 star12)
3.847: (turn_to satellite1 groundstation13 phenomenon53)
3.832: (switch_off instrument4 satellite2)
3.961: (switch_on instrument5 satellite2)
4.130: (turn_to satellite1 phenomenon53 groundstation13)
3.993: (turn_to satellite4 groundstation19 phenomenon53)
4.105: (turn_to satellite4 groundstation10 groundstation19)
4.110: (turn_to satellite4 star49 groundstation10)
4.119: (turn_to satellite4 phenomenon64 star49)
4.034: (switch_off instrument5 satellite2)
4.076: (switch_on instrument4 satellite2)
4.124: (turn_to satellite4 star56 phenomenon64)
4.007: (turn_to satellite4 star21 star56)
4.001: (switch_off instrument4 satellite2)
4.097: (turn_to satellite4 phenomenon53 star21)
3.960: (turn_to satellite4 groundstation15 phenomenon53)
4.051: (switch_on instrument4 satellite2)
4.125: (turn_to satellite4 phenomenon82 groundstation15)
4.117: (switch_off instrument4 satellite2)
4.103: (turn_to satellite4 star31 phenomenon82)
4.037: (switch_on instrument4 satellite2)
4.125: (turn_to satellite4 planet75 star31)
4.034: (switch_off instrument4 satellite2)
4.120: (turn_to satellite4 star67 planet75)
4.075: (switch_on instrument4 satellite2)
4.122: (take_image satellite4 star67 instrument10 image4)
3.643: (turn_to satellite4 groundstation13 star67)
3.516: (switch_off instrument4 satellite2)
3.714: (switch_on instrument5 satellite2)
4.024: (turn_to satellite4 star30 groundstation13)
3.786: (switch_off instrument5 satellite2)
3.832: (switch_on instrument4 satellite2)
3.980: (turn_to satellite4 star49 star30)
3.925: (switch_off instrument4 satellite2)
3.926: (turn_to satellite4 groundstation19 star49)
3.887: (switch_on instrument4 satellite2)
4.011: (turn_to satellite4 groundstation10 groundstation19)
3.837: (switch_off instrument4 satellite2)
3.991: (turn_to satellite4 star12 groundstation10)
3.987: (switch_on instrument4 satellite2)
4.101: (turn_to satellite4 phenomenon53 star12)
3.847: (turn_to satellite1 groundstation13 phenomenon53)
3.832: (switch_off instrument4 satellite2)
3.961: (switch_on instrument5 satellite2)
4.130: (turn_to satellite1 phenomenon53 groundstation13)
3.993: (turn_to satellite4 groundstation19 phenomenon53)
4.105: (turn_to satellite4 groundstation10 groundstation19)
4.110: (turn_to satellite4 star49 groundstation10)
4.119: (turn_to satellite4 phenomenon64 star49)
4.034: (switch_off instrument5 satellite2)
4.075: (switch_on instrument4 satellite2)
4.121: (turn_to satellite4 star65 phenomenon64)
4.039: (switch_off instrument4 satellite2)
4.097: (turn_to satellite4 phenomenon53 star65)
3.960: (turn_to satellite4 groundstation15 phenomenon53)
4.045: (turn_to satellite4 star21 groundstation15)
4.052: (switch_on instrument4 satellite2)
4.123: (turn_to satellite4 star56 star21)
4.007: (turn_to satellite4 groundstation15 star56)
4.125: (turn_to satellite4 phenomenon82 groundstation15)
4.117: (switch_off instrument4 satellite2)
4.103: (turn_to satellite4 star31 phenomenon82)
4.037: (switch_on instrument4 satellite2)
4.124: (turn_to satellite4 phenomenon69 star31)
4.034: (switch_off instrument4 satellite2)
4.120: (turn_to satellite4 planet75 phenomenon69)
4.075: (switch_on instrument4 satellite2)
4.121: (take_image satellite4 planet75 instrument10 image4)
3.639: (turn_to satellite4 groundstation13 planet75)
3.516: (switch_off instrument4 satellite2)
3.714: (switch_on instrument5 satellite2)
4.024: (turn_to satellite4 star30 groundstation13)
3.786: (switch_off instrument5 satellite2)
3.832: (switch_on instrument4 satellite2)
3.980: (turn_to satellite4 star49 star30)
3.925: (switch_off instrument4 satellite2)
3.926: (turn_to satellite4 groundstation19 star49)
3.888: (switch_on instrument4 satellite2)
4.007: (turn_to satellite4 groundstation10 groundstation19)
3.837: (switch_off instrument4 satellite2)
3.991: (turn_to satellite4 star12 groundstation10)
3.987: (switch_on instrument4 satellite2)
4.101: (turn_to satellite4 phenomenon53 star12)
3.847: (turn_to satellite1 groundstation13 phenomenon53)
3.832: (switch_off instrument4 satellite2)
3.961: (switch_on instrument5 satellite2)
4.130: (turn_to satellite1 phenomenon53 groundstation13)
3.993: (turn_to satellite4 groundstation19 phenomenon53)
4.105: (turn_to satellite4 groundstation10 groundstation19)
4.109: (turn_to satellite4 star49 groundstation10)
4.119: (turn_to satellite4 phenomenon83 star49)
4.094: (switch_off instrument5 satellite2)
4.010: (turn_to satellite4 star31 phenomenon83)
4.037: (switch_on instrument4 satellite2)
4.057: (turn_to satellite4 star21 star31)
4.001: (switch_off instrument4 satellite2)
4.097: (turn_to satellite4 phenomenon53 star21)
3.960: (turn_to satellite4 groundstation15 phenomenon53)
4.051: (switch_on instrument4 satellite2)
4.119: (turn_to satellite4 phenomenon64 groundstation15)
4.039: (switch_off instrument4 satellite2)
4.121: (turn_to satellite4 phenomenon69 phenomenon64)
4.075: (switch_on instrument4 satellite2)
4.120: (turn_to satellite4 star65 phenomenon69)
4.039: (switch_off instrument4 satellite2)
4.122: (turn_to satellite4 phenomenon84 star65)
4.075: (switch_on instrument4 satellite2)
4.120: (turn_to satellite4 star67 phenomenon84)
4.039: (switch_off instrument4 satellite2)
4.123: (turn_to satellite4 planet75 star67)
4.126: (turn_to satellite4 star56 planet75)
4.032: (turn_to satellite4 planet51 star56)
4.032: (turn_to satellite4 planet59 planet51)
4.075: (switch_on instrument4 satellite2)
4.120: (take_image satellite4 planet59 instrument10 image4)
3.635: (turn_to satellite4 groundstation13 planet59)
3.516: (switch_off instrument4 satellite2)
3.714: (switch_on instrument5 satellite2)
4.024: (turn_to satellite4 star30 groundstation13)
3.786: (switch_off instrument5 satellite2)
3.832: (switch_on instrument4 satellite2)
3.980: (turn_to satellite4 star49 star30)
3.925: (switch_off instrument4 satellite2)
3.926: (turn_to satellite4 groundstation19 star49)
3.887: (switch_on instrument4 satellite2)
4.003: (turn_to satellite4 groundstation10 groundstation19)
3.837: (switch_off instrument4 satellite2)
3.991: (turn_to satellite4 star12 groundstation10)
3.987: (switch_on instrument4 satellite2)
4.101: (turn_to satellite4 phenomenon53 star12)
3.847: (turn_to satellite1 groundstation13 phenomenon53)
3.832: (switch_off instrument4 satellite2)
3.961: (switch_on instrument5 satellite2)
4.130: (turn_to satellite1 phenomenon53 groundstation13)
3.993: (turn_to satellite4 groundstation19 phenomenon53)
4.105: (turn_to satellite4 groundstation10 groundstation19)
4.109: (turn_to satellite4 star49 groundstation10)
4.119: (turn_to satellite4 phenomenon83 star49)
4.095: (switch_off instrument5 satellite2)
4.011: (turn_to satellite4 star31 phenomenon83)
4.037: (switch_on instrument4 satellite2)
4.056: (turn_to satellite4 star21 star31)
4.001: (switch_off instrument4 satellite2)
4.097: (turn_to satellite4 phenomenon53 star21)
3.960: (turn_to satellite4 groundstation15 phenomenon53)
4.050: (switch_on instrument4 satellite2)
4.118: (turn_to satellite4 phenomenon64 groundstation15)
4.039: (switch_off instrument4 satellite2)
4.121: (turn_to satellite4 phenomenon69 phenomenon64)
4.075: (switch_on instrument4 satellite2)
4.119: (turn_to satellite4 star65 phenomenon69)
4.039: (switch_off instrument4 satellite2)
4.122: (turn_to satellite4 phenomenon84 star65)
4.075: (switch_on instrument4 satellite2)
4.119: (turn_to satellite4 star67 phenomenon84)
4.039: (switch_off instrument4 satellite2)
4.123: (turn_to satellite4 planet75 star67)
4.075: (switch_on instrument4 satellite2)
4.123: (turn_to satellite4 star56 planet75)
4.046: (turn_to satellite4 phenomenon83 star56)
4.070: (turn_to satellite4 star81 phenomenon83)
4.053: (turn_to satellite4 planet51 star81)
4.050: (take_image satellite4 planet51 instrument10 image4)
3.560: (turn_to satellite4 groundstation13 planet51)
3.516: (switch_off instrument4 satellite2)
3.714: (switch_on instrument5 satellite2)
4.024: (turn_to satellite4 star30 groundstation13)
3.786: (switch_off instrument5 satellite2)
3.832: (switch_on instrument4 satellite2)
3.980: (turn_to satellite4 star49 star30)
3.925: (switch_off instrument4 satellite2)
3.926: (turn_to satellite4 groundstation19 star49)
3.888: (switch_on instrument4 satellite2)
3.999: (turn_to satellite4 groundstation10 groundstation19)
3.837: (switch_off instrument4 satellite2)
3.988: (turn_to satellite4 star12 groundstation10)
3.987: (switch_on instrument4 satellite2)
4.101: (turn_to satellite4 phenomenon53 star12)
3.847: (turn_to satellite1 groundstation13 phenomenon53)
3.832: (switch_off instrument4 satellite2)
3.961: (switch_on instrument5 satellite2)
4.130: (turn_to satellite1 phenomenon53 groundstation13)
3.993: (turn_to satellite4 groundstation19 phenomenon53)
4.105: (turn_to satellite4 groundstation10 groundstation19)
4.109: (turn_to satellite4 star49 groundstation10)
4.119: (turn_to satellite4 phenomenon83 star49)
4.096: (switch_off instrument5 satellite2)
4.011: (turn_to satellite4 star31 phenomenon83)
4.037: (switch_on instrument4 satellite2)
4.056: (turn_to satellite4 star21 star31)
4.001: (switch_off instrument4 satellite2)
4.097: (turn_to satellite4 phenomenon53 star21)
3.960: (turn_to satellite4 groundstation15 phenomenon53)
4.050: (switch_on instrument4 satellite2)
4.118: (turn_to satellite4 phenomenon64 groundstation15)
4.039: (switch_off instrument4 satellite2)
4.122: (turn_to satellite4 phenomenon69 phenomenon64)
4.074: (switch_on instrument4 satellite2)
4.119: (turn_to satellite4 star65 phenomenon69)
4.039: (switch_off instrument4 satellite2)
4.123: (turn_to satellite4 phenomenon84 star65)
4.074: (switch_on instrument4 satellite2)
4.119: (turn_to satellite4 star67 phenomenon84)
4.039: (switch_off instrument4 satellite2)
4.124: (turn_to satellite4 planet75 star67)
4.075: (switch_on instrument4 satellite2)
4.122: (turn_to satellite4 planet59 planet75)
4.039: (switch_off instrument4 satellite2)
4.126: (turn_to satellite4 star56 planet59)
4.036: (turn_to satellite4 planet51 star56)
4.042: (take_image satellite4 planet51 instrument10 spectrograph0)
3.535: (turn_to satellite4 groundstation13 planet51)
3.572: (switch_on instrument4 satellite2)
3.856: (turn_to satellite4 star30 groundstation13)
3.788: (switch_off instrument4 satellite2)
3.928: (turn_to satellite4 groundstation19 star30)
3.893: (switch_on instrument4 satellite2)
3.981: (turn_to satellite4 star49 groundstation19)
3.931: (switch_off instrument4 satellite2)
3.974: (turn_to satellite4 groundstation10 star49)
3.928: (switch_on instrument4 satellite2)
4.058: (turn_to satellite4 star12 groundstation10)
3.932: (switch_off instrument4 satellite2)
4.063: (turn_to satellite4 star21 star12)
4.058: (switch_on instrument4 satellite2)
4.099: (turn_to satellite4 phenomenon53 star21)
3.847: (turn_to satellite1 groundstation13 phenomenon53)
3.827: (switch_off instrument4 satellite2)
3.967: (switch_on instrument5 satellite2)
4.135: (turn_to satellite1 phenomenon53 groundstation13)
3.711: (turn_to satellite4 groundstation13 phenomenon53)
4.033: (turn_to satellite4 star30 groundstation13)
4.077: (turn_to satellite4 groundstation19 star30)
4.105: (turn_to satellite4 groundstation10 groundstation19)
4.108: (turn_to satellite4 star49 groundstation10)
4.119: (turn_to satellite4 star81 star49)
4.098: (turn_to satellite4 star12 star81)
4.124: (turn_to satellite4 planet78 star12)
4.109: (switch_off instrument5 satellite2)
3.983: (turn_to satellite4 star31 planet78)
4.043: (switch_on instrument4 satellite2)
4.121: (turn_to satellite4 star65 star31)
4.044: (switch_off instrument4 satellite2)
4.098: (turn_to satellite4 phenomenon53 star65)
3.969: (turn_to satellite4 groundstation15 phenomenon53)
4.056: (switch_on instrument4 satellite2)
4.121: (turn_to satellite4 phenomenon64 groundstation15)
4.044: (switch_off instrument4 satellite2)
4.125: (turn_to satellite4 star56 phenomenon64)
4.033: (turn_to satellite4 phenomenon83 star56)
4.056: (turn_to satellite4 star81 phenomenon83)
4.033: (turn_to satellite4 phenomenon84 star81)
4.081: (switch_on instrument4 satellite2)
4.121: (turn_to satellite4 star67 phenomenon84)
4.044: (switch_off instrument4 satellite2)
4.127: (turn_to satellite4 phenomenon69 star67)
4.081: (switch_on instrument4 satellite2)
4.121: (turn_to satellite4 planet75 phenomenon69)
4.044: (switch_off instrument4 satellite2)
4.129: (turn_to satellite4 star9 planet75)
4.044: (turn_to satellite4 planet59 star9)
4.082: (switch_on instrument4 satellite2)
4.124: (turn_to satellite4 star56 planet59)
4.059: (turn_to satellite4 phenomenon83 star56)
4.070: (turn_to satellite4 star81 phenomenon83)
4.064: (turn_to satellite4 planet51 star81)
4.072: (turn_to satellite4 planet78 planet51)
4.076: (turn_to satellite4 planet57 planet78)
4.082: (turn_to satellite4 groundstation17 planet57)
4.119: (take_image satellite4 groundstation17 instrument10 spectrograph0)
3.627: (turn_to satellite4 groundstation13 groundstation17)
3.526: (switch_off instrument4 satellite2)
3.723: (switch_on instrument5 satellite2)
4.046: (turn_to satellite4 star30 groundstation13)
3.792: (switch_off instrument5 satellite2)
3.840: (switch_on instrument4 satellite2)
3.954: (turn_to satellite4 groundstation19 star30)
3.855: (switch_off instrument4 satellite2)
3.951: (turn_to satellite4 star49 groundstation19)
3.979: (turn_to satellite4 groundstation10 star49)
3.931: (switch_on instrument4 satellite2)
3.975: (turn_to satellite4 star49 groundstation10)
4.052: (turn_to satellite4 star12 star49)
3.934: (switch_off instrument4 satellite2)
4.063: (turn_to satellite4 star21 star12)
4.060: (switch_on instrument4 satellite2)
4.098: (turn_to satellite4 phenomenon53 star21)
3.843: (turn_to satellite1 groundstation13 phenomenon53)
3.826: (switch_off instrument4 satellite2)
3.970: (switch_on instrument5 satellite2)
4.143: (turn_to satellite1 phenomenon53 groundstation13)
4.007: (turn_to satellite4 groundstation19 phenomenon53)
4.113: (turn_to satellite4 star49 groundstation19)
4.114: (turn_to satellite4 groundstation10 star49)
4.132: (turn_to satellite4 star56 groundstation10)
4.100: (turn_to satellite4 star12 star56)
4.133: (turn_to satellite4 star81 star12)
4.118: (switch_off instrument5 satellite2)
3.985: (turn_to satellite4 star31 star81)
4.046: (switch_on instrument4 satellite2)
4.115: (take_image satellite4 star31 instrument10 spectrograph0)
3.628: (turn_to satellite4 groundstation13 star31)
3.535: (switch_off instrument4 satellite2)
3.728: (switch_on instrument5 satellite2)
4.056: (turn_to satellite4 star30 groundstation13)
3.801: (switch_off instrument5 satellite2)
3.844: (switch_on instrument4 satellite2)
3.957: (turn_to satellite4 groundstation19 star30)
3.857: (switch_off instrument4 satellite2)
3.958: (turn_to satellite4 star49 groundstation19)
3.982: (turn_to satellite4 groundstation10 star49)
3.935: (switch_on instrument4 satellite2)
3.983: (turn_to satellite4 star49 groundstation10)
4.059: (take_image satellite4 star49 instrument10 thermograph1)
3.628: (turn_to satellite4 groundstation13 star49)
3.535: (switch_off instrument4 satellite2)
3.728: (switch_on instrument5 satellite2)
4.056: (turn_to satellite4 star30 groundstation13)
3.801: (switch_off instrument5 satellite2)
3.844: (switch_on instrument4 satellite2)
3.957: (turn_to satellite4 groundstation19 star30)
3.857: (switch_off instrument4 satellite2)
3.966: (turn_to satellite4 star49 groundstation19)
3.981: (turn_to satellite4 groundstation10 star49)
3.935: (switch_on instrument4 satellite2)
4.060: (turn_to satellite4 star12 groundstation10)
3.938: (switch_off instrument4 satellite2)
4.072: (turn_to satellite4 star21 star12)
4.065: (switch_on instrument4 satellite2)
4.102: (turn_to satellite4 phenomenon53 star21)
3.842: (turn_to satellite1 groundstation13 phenomenon53)
3.830: (switch_off instrument4 satellite2)
3.975: (switch_on instrument5 satellite2)
4.146: (turn_to satellite1 phenomenon53 groundstation13)
4.008: (turn_to satellite4 groundstation19 phenomenon53)
4.117: (turn_to satellite4 groundstation10 groundstation19)
4.119: (turn_to satellite4 star49 groundstation10)
4.141: (turn_to satellite4 star56 star49)
4.106: (turn_to satellite4 star12 star56)
4.141: (turn_to satellite4 star81 star12)
4.123: (switch_off instrument5 satellite2)
3.982: (turn_to satellite4 star31 star81)
4.063: (switch_on instrument4 satellite2)
4.127: (take_image satellite4 star31 instrument10 thermograph1)
3.628: (turn_to satellite4 groundstation13 star31)
3.535: (switch_off instrument4 satellite2)
3.728: (switch_on instrument5 satellite2)
4.056: (turn_to satellite4 star30 groundstation13)
3.801: (switch_off instrument5 satellite2)
3.844: (switch_on instrument4 satellite2)
3.957: (turn_to satellite4 groundstation19 star30)
3.857: (switch_off instrument4 satellite2)
3.966: (turn_to satellite4 star49 groundstation19)
3.981: (turn_to satellite4 groundstation10 star49)
3.935: (switch_on instrument4 satellite2)
3.986: (turn_to satellite4 star49 groundstation10)
4.060: (turn_to satellite4 star12 star49)
3.938: (switch_off instrument4 satellite2)
4.072: (turn_to satellite4 star21 star12)
4.065: (switch_on instrument4 satellite2)
4.102: (turn_to satellite4 phenomenon53 star21)
3.842: (turn_to satellite1 groundstation13 phenomenon53)
3.830: (switch_off instrument4 satellite2)
3.975: (switch_on instrument5 satellite2)
4.146: (turn_to satellite1 phenomenon53 groundstation13)
4.008: (turn_to satellite4 groundstation19 phenomenon53)
4.117: (turn_to satellite4 groundstation10 groundstation19)
4.119: (turn_to satellite4 star49 groundstation10)
4.141: (turn_to satellite4 star56 star49)
4.106: (turn_to satellite4 star12 star56)
4.141: (turn_to satellite4 star81 star12)
4.123: (switch_off instrument5 satellite2)
3.972: (turn_to satellite4 star31 star81)
4.097: (turn_to satellite4 phenomenon53 star31)
3.978: (turn_to satellite4 groundstation15 phenomenon53)
4.063: (switch_on instrument4 satellite2)
4.134: (take_image satellite4 groundstation15 instrument10 thermograph1)
3.628: (turn_to satellite4 groundstation13 groundstation15)
3.535: (switch_off instrument4 satellite2)
3.728: (switch_on instrument5 satellite2)
4.056: (turn_to satellite4 star30 groundstation13)
3.801: (switch_off instrument5 satellite2)
3.844: (switch_on instrument4 satellite2)
3.957: (turn_to satellite4 groundstation19 star30)
3.857: (switch_off instrument4 satellite2)
3.966: (turn_to satellite4 star49 groundstation19)
3.981: (turn_to satellite4 groundstation10 star49)
3.935: (switch_on instrument4 satellite2)
3.986: (turn_to satellite4 star49 groundstation10)
4.060: (turn_to satellite4 star12 star49)
3.938: (switch_off instrument4 satellite2)
4.072: (turn_to satellite4 star21 star12)
4.065: (switch_on instrument4 satellite2)
4.102: (turn_to satellite4 phenomenon53 star21)
3.843: (turn_to satellite1 groundstation13 phenomenon53)
3.830: (switch_off instrument4 satellite2)
3.975: (switch_on instrument5 satellite2)
4.146: (turn_to satellite1 phenomenon53 groundstation13)
4.008: (turn_to satellite4 groundstation19 phenomenon53)
4.117: (turn_to satellite4 groundstation10 groundstation19)
4.119: (turn_to satellite4 star49 groundstation10)
4.141: (turn_to satellite4 star56 star49)
4.106: (turn_to satellite4 star12 star56)
4.141: (turn_to satellite4 star81 star12)
4.123: (switch_off instrument5 satellite2)
3.972: (turn_to satellite4 star31 star81)
4.065: (switch_on instrument4 satellite2)
4.135: (turn_to satellite4 groundstation17 star31)
4.137: (turn_to satellite4 star56 groundstation17)
4.061: (turn_to satellite4 phenomenon83 star56)
4.078: (turn_to satellite4 star81 phenomenon83)
4.061: (turn_to satellite4 phenomenon84 star81)
4.049: (switch_off instrument4 satellite2)
4.097: (turn_to satellite4 phenomenon53 phenomenon84)
3.985: (turn_to satellite4 groundstation15 phenomenon53)
4.123: (turn_to satellite4 star56 groundstation15)
4.044: (turn_to satellite4 phenomenon83 star56)
4.066: (turn_to satellite4 planet51 phenomenon83)
4.053: (turn_to satellite4 phenomenon69 planet51)
4.088: (switch_on instrument4 satellite2)
4.139: (turn_to satellite4 star63 phenomenon69)
4.137: (switch_off instrument4 satellite2)
4.125: (turn_to satellite4 planet75 star63)
4.088: (switch_on instrument4 satellite2)
4.139: (turn_to satellite4 phenomenon82 planet75)
4.137: (switch_off instrument4 satellite2)
4.125: (turn_to satellite4 phenomenon64 phenomenon82)
4.088: (switch_on instrument4 satellite2)
4.140: (turn_to satellite4 star65 phenomenon64)
4.056: (switch_off instrument4 satellite2)
4.125: (turn_to satellite4 star67 star65)
4.088: (switch_on instrument4 satellite2)
4.140: (turn_to satellite4 star77 star67)
4.137: (switch_off instrument4 satellite2)
4.131: (turn_to satellite4 planet57 star77)
4.088: (turn_to satellite4 groundstation37 planet57)
4.130: (turn_to satellite4 phenomenon61 groundstation37)
4.059: (turn_to satellite4 planet59 phenomenon61)
4.088: (switch_on instrument4 satellite2)
4.140: (turn_to satellite4 planet66 planet59)
4.137: (switch_off instrument4 satellite2)
4.134: (turn_to satellite4 star9 planet66)
4.065: (take_image satellite4 star9 instrument10 spectrograph0)
3.540: (turn_to satellite4 groundstation13 star9)
3.584: (switch_on instrument4 satellite2)
3.866: (turn_to satellite4 star30 groundstation13)
3.807: (switch_off instrument4 satellite2)
3.957: (turn_to satellite4 groundstation19 star30)
3.903: (switch_on instrument4 satellite2)
4.020: (turn_to satellite4 groundstation10 groundstation19)
3.864: (switch_off instrument4 satellite2)
4.006: (turn_to satellite4 star49 groundstation10)
4.003: (switch_on instrument4 satellite2)
[Final] Expanded: 1000, Generated: 438725
Failed to find a solution!
