/u/ibrahim.eisawy/Neural-Guided-Search/venv/lib/python3.10/site-packages/pymimir_rgnn/model.py:151: UserWarning: index_reduce() is in beta and the API may change at any time. (Triggered internally at /pytorch/aten/src/ATen/native/cuda/Indexing.cu:1541.)
  max_msg.index_reduce_(0, output_indices, output_messages, reduce='amax', include_self=True)
Torch: 2.12.0+cu130
Using GPU:  NVIDIA L40S
90.647: (switch_on instrument10 satellite2)
86.280: (switch_on instrument12 satellite3)
84.128: (turn_to satellite2 star57 planet77)
71.967: (calibrate satellite2 instrument10 star57)
70.391: (turn_to satellite3 star33 planet78)
64.645: (calibrate satellite3 instrument12 star33)
62.930: (turn_to satellite1 star7 planet65)
62.364: (turn_to satellite3 star85 star33)
61.258: (take_image satellite3 star85 instrument12 image3)
60.403: (turn_to satellite3 planet87 star85)
59.782: (turn_to satellite2 planet62 star57)
59.084: (take_image satellite2 planet62 instrument10 thermograph2)
58.303: (turn_to satellite2 planet79 planet62)
58.245: (turn_to satellite4 groundstation43 groundstation50)
58.175: (take_image satellite3 planet87 instrument12 infrared0)
58.166: (take_image satellite3 planet87 instrument12 image3)
58.216: (turn_to satellite3 phenomenon104 planet87)
57.047: (take_image satellite3 phenomenon104 instrument12 infrared0)
56.368: (turn_to satellite3 planet87 phenomenon104)
56.266: (turn_to satellite5 groundstation52 groundstation47)
56.042: (turn_to satellite4 star16 groundstation43)
55.990: (turn_to satellite2 star101 planet79)
54.944: (take_image satellite2 star101 instrument10 infrared4)
54.223: (turn_to satellite2 phenomenon73 star101)
52.982: (take_image satellite2 phenomenon73 instrument10 thermograph1)
52.364: (turn_to satellite2 planet78 phenomenon73)
51.660: (take_image satellite2 planet78 instrument10 thermograph1)
51.039: (turn_to satellite2 star75 planet78)
50.349: (take_image satellite2 star75 instrument10 thermograph1)
49.724: (turn_to satellite2 planet92 star75)
49.035: (take_image satellite2 planet92 instrument10 thermograph1)
48.397: (turn_to satellite2 phenomenon80 planet92)
47.824: (take_image satellite2 phenomenon80 instrument10 thermograph1)
47.079: (turn_to satellite2 planet82 phenomenon80)
46.459: (take_image satellite2 planet82 instrument10 thermograph1)
45.754: (turn_to satellite2 phenomenon83 planet82)
45.142: (take_image satellite2 phenomenon83 instrument10 thermograph1)
44.444: (turn_to satellite2 star94 phenomenon83)
43.832: (take_image satellite2 star94 instrument10 thermograph1)
43.129: (turn_to satellite2 planet97 star94)
42.514: (take_image satellite2 planet97 instrument10 thermograph1)
41.809: (turn_to satellite2 planet95 planet97)
41.791: (turn_to satellite2 star67 planet95)
41.204: (take_image satellite2 star67 instrument10 thermograph1)
40.492: (turn_to satellite2 planet95 star67)
40.475: (turn_to satellite0 planet87 groundstation55)
39.868: (turn_to satellite1 star48 star7)
39.599: (turn_to satellite1 groundstation13 star48)
39.658: (turn_to satellite1 groundstation44 groundstation13)
39.704: (turn_to satellite1 star6 groundstation44)
39.732: (turn_to satellite1 star25 star6)
39.738: (turn_to satellite1 star41 star25)
39.743: (turn_to satellite1 groundstation29 star41)
39.750: (turn_to satellite1 groundstation0 groundstation29)
39.763: (turn_to satellite1 star57 groundstation0)
39.776: (turn_to satellite1 star19 star57)
39.786: (turn_to satellite1 groundstation55 star19)
39.795: (turn_to satellite1 groundstation20 groundstation55)
39.797: (turn_to satellite1 groundstation37 groundstation20)
39.838: (turn_to satellite1 star3 groundstation37)
39.846: (turn_to satellite1 star14 star3)
39.919: (turn_to satellite3 star60 planet87)
39.148: (take_image satellite3 star60 instrument12 image3)
38.274: (turn_to satellite3 planet61 star60)
38.286: (turn_to satellite3 phenomenon63 planet61)
37.859: (take_image satellite3 phenomenon63 instrument12 infrared0)
36.974: (turn_to satellite3 planet61 phenomenon63)
36.983: (turn_to satellite3 planet71 planet61)
36.560: (take_image satellite3 planet71 instrument12 infrared0)
35.673: (turn_to satellite3 planet61 planet71)
35.680: (turn_to satellite3 planet79 planet61)
35.258: (take_image satellite3 planet79 instrument12 infrared0)
34.375: (turn_to satellite3 planet61 planet79)
34.378: (turn_to satellite3 phenomenon66 planet61)
33.957: (take_image satellite3 phenomenon66 instrument12 infrared0)
33.017: (turn_to satellite3 phenomenon86 phenomenon66)
32.677: (take_image satellite3 phenomenon86 instrument12 image3)
31.748: (turn_to satellite3 planet84 phenomenon86)
31.383: (take_image satellite3 planet84 instrument12 image3)
30.465: (turn_to satellite3 planet89 planet84)
30.090: (take_image satellite3 planet89 instrument12 image3)
29.169: (turn_to satellite3 planet61 planet89)
29.132: (turn_to satellite1 groundstation13 star14)
29.053: (turn_to satellite3 star64 planet61)
28.702: (take_image satellite3 star64 instrument12 image3)
27.717: (turn_to satellite3 star72 star64)
27.406: (take_image satellite3 star72 instrument12 image3)
26.365: (turn_to satellite3 star74 star72)
26.160: (take_image satellite3 star74 instrument12 image3)
25.114: (turn_to satellite3 planet61 star74)
25.091: (switch_on instrument4 satellite0)
24.904: (turn_to satellite3 star70 planet61)
24.893: (turn_to satellite3 planet69 star70)
24.965: (turn_to satellite1 star48 groundstation13)
24.842: (turn_to satellite3 planet61 planet69)
24.890: (turn_to satellite3 star70 planet61)
24.982: (turn_to satellite1 groundstation0 star48)
24.852: (turn_to satellite3 planet61 star70)
24.951: (turn_to satellite3 planet69 planet61)
24.986: (turn_to satellite1 groundstation44 groundstation0)
24.931: (turn_to satellite3 planet61 planet69)
24.957: (turn_to satellite1 star6 groundstation44)
24.959: (turn_to satellite3 star70 planet61)
24.966: (turn_to satellite3 planet69 star70)
24.991: (turn_to satellite1 star19 star6)
24.922: (turn_to satellite3 planet61 planet69)
24.951: (turn_to satellite3 star70 planet61)
24.987: (turn_to satellite1 groundstation44 star19)
25.001: (turn_to satellite1 star25 groundstation44)
24.889: (turn_to satellite3 planet61 star70)
24.987: (turn_to satellite3 planet69 planet61)
25.017: (turn_to satellite1 star57 star25)
24.916: (turn_to satellite3 planet61 planet69)
24.993: (turn_to satellite1 groundstation55 star57)
24.968: (turn_to satellite3 star70 planet61)
24.968: (turn_to satellite3 planet69 star70)
25.032: (turn_to satellite1 groundstation29 groundstation55)
24.901: (turn_to satellite3 planet61 planet69)
24.953: (turn_to satellite3 star70 planet61)
25.017: (turn_to satellite1 star57 groundstation29)
25.036: (turn_to satellite1 groundstation20 star57)
24.969: (turn_to satellite3 planet61 star70)
25.016: (turn_to satellite1 star3 groundstation20)
24.915: (turn_to satellite3 star70 planet61)
24.923: (turn_to satellite3 planet69 star70)
24.971: (turn_to satellite3 planet76 planet69)
24.971: (turn_to satellite3 planet77 planet76)
24.971: (turn_to satellite3 phenomenon81 planet77)
24.997: (turn_to satellite1 groundstation13 star3)
24.979: (switch_on instrument21 satellite5)
24.745: (turn_to satellite3 planet61 phenomenon81)
24.853: (turn_to satellite3 planet69 planet61)
24.853: (turn_to satellite3 star70 planet69)
24.905: (turn_to satellite3 planet76 star70)
24.905: (turn_to satellite3 planet77 planet76)
24.906: (turn_to satellite3 phenomenon88 planet77)
24.923: (turn_to satellite3 planet96 phenomenon88)
24.331: (take_image satellite3 planet96 instrument12 infrared0)
23.448: (turn_to satellite3 planet61 planet96)
23.556: (turn_to satellite3 planet69 planet61)
23.526: (turn_to satellite3 star70 planet69)
23.607: (turn_to satellite1 star48 groundstation13)
23.463: (turn_to satellite3 planet61 star70)
23.563: (turn_to satellite1 groundstation0 star48)
23.583: (turn_to satellite1 star25 groundstation0)
23.592: (turn_to satellite1 star6 star25)
23.595: (turn_to satellite1 groundstation44 star6)
23.632: (turn_to satellite1 groundstation29 groundstation44)
23.636: (turn_to satellite1 star3 groundstation29)
23.580: (turn_to satellite3 planet69 planet61)
23.580: (turn_to satellite3 star70 planet69)
23.610: (turn_to satellite3 planet76 star70)
23.596: (turn_to satellite1 groundstation13 star3)
23.608: (turn_to satellite3 planet77 planet76)
23.608: (turn_to satellite3 phenomenon81 planet77)
23.608: (turn_to satellite3 phenomenon88 phenomenon81)
23.630: (turn_to satellite3 phenomenon102 phenomenon88)
23.036: (take_image satellite3 phenomenon102 instrument12 infrared0)
22.152: (turn_to satellite3 planet61 phenomenon102)
22.216: (turn_to satellite3 planet69 planet61)
22.215: (turn_to satellite3 star70 planet69)
22.301: (turn_to satellite1 star48 groundstation13)
22.166: (turn_to satellite3 planet61 star70)
22.227: (turn_to satellite3 planet69 planet61)
22.293: (turn_to satellite3 planet103 planet69)
21.613: (take_image satellite3 planet103 instrument12 infrared0)
20.617: (turn_to satellite3 planet61 planet103)
20.674: (turn_to satellite3 planet69 planet61)
20.674: (turn_to satellite3 star70 planet69)
20.741: (turn_to satellite1 groundstation13 star48)
20.617: (turn_to satellite3 planet61 star70)
20.698: (turn_to satellite3 planet69 planet61)
20.778: (take_image satellite2 planet95 instrument10 thermograph2)
20.649: (turn_to satellite3 planet61 planet69)
20.726: (turn_to satellite3 star70 planet61)
20.794: (take_image satellite2 planet95 instrument10 infrared4)
20.660: (turn_to satellite3 planet61 star70)
20.742: (turn_to satellite3 planet69 planet61)
20.797: (turn_to satellite2 phenomenon98 planet95)
20.227: (take_image satellite2 phenomenon98 instrument10 infrared4)
19.438: (turn_to satellite2 star70 phenomenon98)
18.935: (take_image satellite2 star70 instrument10 infrared4)
18.118: (turn_to satellite2 planet61 star70)
17.632: (take_image satellite2 planet61 instrument10 thermograph1)
16.968: (turn_to satellite2 planet65 planet61)
16.380: (take_image satellite2 planet65 instrument10 thermograph2)
15.647: (turn_to satellite2 phenomenon81 planet65)
15.087: (take_image satellite2 phenomenon81 instrument10 thermograph2)
14.329: (turn_to satellite2 planet76 phenomenon81)
13.793: (take_image satellite2 planet76 instrument10 thermograph2)
13.011: (turn_to satellite2 phenomenon68 planet76)
12.515: (take_image satellite2 phenomenon68 instrument10 thermograph2)
11.689: (turn_to satellite2 planet77 phenomenon68)
11.380: (take_image satellite2 planet77 instrument10 thermograph2)
10.573: (turn_to satellite2 phenomenon99 planet77)
10.254: (take_image satellite2 phenomenon99 instrument10 infrared4)
9.597: (turn_to satellite2 phenomenon100 phenomenon99)
9.044: (take_image satellite2 phenomenon100 instrument10 thermograph1)
8.481: (turn_to satellite2 planet95 phenomenon100)
8.106: (switch_on instrument8 satellite1)
8.024: (turn_to satellite4 planet87 star16)
8.002: (turn_to satellite4 star67 planet87)
8.002: (turn_to satellite4 planet61 star67)
8.051: (turn_to satellite4 star21 planet61)
8.073: (turn_to satellite4 groundstation13 star21)
8.078: (turn_to satellite1 phenomenon88 groundstation13)
7.872: (turn_to satellite1 planet61 phenomenon88)
7.872: (turn_to satellite1 star67 planet61)
8.041: (turn_to satellite1 planet62 star67)
8.041: (turn_to satellite1 planet65 planet62)
7.951: (turn_to satellite1 planet90 planet65)
7.932: (take_image satellite2 planet95 instrument10 thermograph1)
7.926: (turn_to satellite1 planet61 planet90)
7.926: (turn_to satellite1 star67 planet61)
8.125: (turn_to satellite1 planet65 star67)
7.966: (turn_to satellite1 star93 planet65)
7.966: (turn_to satellite2 phenomenon91 planet95)
7.628: (take_image satellite2 phenomenon91 instrument10 thermograph2)
7.015: (turn_to satellite2 planet90 phenomenon91)
6.510: (take_image satellite2 planet90 instrument10 thermograph2)
5.835: (turn_to satellite2 phenomenon88 planet90)
5.373: (take_image satellite2 phenomenon88 instrument10 thermograph2)
4.810: (turn_to satellite2 planet95 phenomenon88)
4.528: (switch_on instrument17 satellite4)
4.582: (turn_to satellite1 planet61 star93)
4.746: (turn_to satellite1 groundstation13 planet61)
4.570: (turn_to satellite4 planet61 groundstation13)
4.754: (turn_to satellite2 star93 planet95)
4.513: (take_image satellite2 star93 instrument10 thermograph2)
4.038: (turn_to satellite2 planet95 star93)
3.644: (turn_to satellite4 groundstation28 planet61)
3.614: (turn_to satellite1 groundstation0 groundstation13)
3.625: (turn_to satellite1 star48 groundstation0)
3.639: (switch_off instrument17 satellite4)
3.543: (turn_to satellite1 groundstation13 star48)
3.568: (turn_to satellite1 star25 groundstation13)
3.574: (turn_to satellite1 groundstation0 star25)
3.578: (turn_to satellite1 star57 groundstation0)
3.604: (turn_to satellite1 groundstation29 star57)
3.605: (turn_to satellite1 groundstation37 groundstation29)
3.606: (turn_to satellite1 star6 groundstation37)
3.610: (turn_to satellite1 groundstation44 star6)
3.615: (turn_to satellite1 groundstation55 groundstation44)
3.634: (turn_to satellite1 star14 groundstation55)
3.642: (turn_to satellite1 star19 star14)
3.621: (turn_to satellite4 star21 groundstation28)
3.540: (turn_to satellite1 star25 star19)
3.547: (turn_to satellite1 groundstation0 star25)
3.554: (turn_to satellite1 star48 groundstation0)
3.558: (turn_to satellite1 star6 star48)
3.568: (turn_to satellite1 groundstation13 star6)
3.580: (turn_to satellite1 star57 groundstation13)
3.587: (turn_to satellite1 groundstation29 star57)
3.599: (turn_to satellite1 groundstation37 groundstation29)
3.605: (turn_to satellite1 groundstation44 groundstation37)
3.611: (turn_to satellite1 groundstation55 groundstation44)
3.632: (turn_to satellite1 star14 groundstation55)
3.638: (turn_to satellite1 groundstation20 star14)
3.640: (turn_to satellite1 star3 groundstation20)
3.602: (turn_to satellite4 star33 star21)
3.563: (turn_to satellite1 star48 star3)
3.576: (turn_to satellite1 groundstation0 star48)
3.583: (turn_to satellite4 groundstation8 star33)
3.591: (turn_to satellite1 groundstation13 groundstation0)
3.613: (turn_to satellite1 star48 groundstation13)
3.611: (turn_to satellite4 star16 groundstation8)
3.547: (turn_to satellite4 planet87 star16)
3.617: (turn_to satellite4 groundstation39 planet87)
3.565: (turn_to satellite1 groundstation13 star48)
3.572: (turn_to satellite1 groundstation0 groundstation13)
3.598: (turn_to satellite1 groundstation37 groundstation0)
3.601: (turn_to satellite1 star25 groundstation37)
3.595: (turn_to satellite4 star16 groundstation39)
3.530: (turn_to satellite4 planet87 star16)
3.613: (turn_to satellite4 groundstation8 planet87)
3.635: (turn_to satellite4 groundstation47 groundstation8)
3.553: (turn_to satellite1 groundstation0 star25)
3.561: (turn_to satellite1 star48 groundstation0)
3.581: (turn_to satellite1 groundstation13 star48)
3.593: (turn_to satellite1 star57 groundstation13)
3.606: (turn_to satellite1 groundstation29 star57)
3.615: (turn_to satellite1 groundstation44 groundstation29)
3.625: (turn_to satellite1 groundstation37 groundstation44)
3.629: (turn_to satellite1 star6 groundstation37)
3.625: (turn_to satellite4 groundstation8 groundstation47)
3.640: (turn_to satellite4 star16 groundstation8)
3.533: (turn_to satellite4 planet87 star16)
3.634: (turn_to satellite1 groundstation0 star6)
3.605: (turn_to satellite4 star16 planet87)
3.575: (turn_to satellite1 star57 groundstation0)
3.516: (turn_to satellite4 planet87 star16)
3.640: (turn_to satellite4 groundstation8 planet87)
3.653: (turn_to satellite1 groundstation44 star57)
3.647: (turn_to satellite4 star16 groundstation8)
3.562: (turn_to satellite4 planet87 star16)
3.660: (switch_off instrument8 satellite1)
3.676: (turn_to satellite1 groundstation0 groundstation44)
3.678: (switch_on instrument17 satellite4)
3.625: (switch_on instrument8 satellite1)
3.649: (turn_to satellite4 groundstation47 planet87)
3.638: (turn_to satellite1 star48 groundstation0)
3.640: (turn_to satellite1 star57 star48)
3.645: (turn_to satellite1 star3 star57)
3.648: (turn_to satellite1 groundstation13 star3)
3.651: (turn_to satellite1 groundstation29 groundstation13)
3.675: (turn_to satellite1 star25 groundstation29)
3.641: (turn_to satellite4 star21 groundstation47)
3.631: (turn_to satellite1 groundstation0 star25)
3.638: (turn_to satellite1 star48 groundstation0)
3.646: (turn_to satellite1 star6 star48)
3.649: (turn_to satellite1 star3 star6)
3.650: (turn_to satellite1 groundstation29 star3)
3.652: (turn_to satellite1 star57 groundstation29)
3.665: (turn_to satellite1 groundstation13 star57)
3.653: (turn_to satellite4 groundstation39 star21)
3.654: (turn_to satellite4 groundstation13 groundstation39)
3.580: (turn_to satellite1 groundstation28 groundstation13)
3.656: (turn_to satellite1 groundstation39 groundstation28)
3.657: (turn_to satellite1 star21 groundstation39)
3.648: (turn_to satellite4 star6 groundstation13)
3.582: (turn_to satellite4 planet61 star6)
3.602: (turn_to satellite1 planet61 star21)
3.690: (turn_to satellite1 groundstation8 planet61)
3.687: (turn_to satellite4 groundstation0 planet61)
3.656: (turn_to satellite4 groundstation13 groundstation0)
3.686: (turn_to satellite1 star16 groundstation8)
3.617: (turn_to satellite4 star57 groundstation13)
3.598: (switch_off instrument17 satellite4)
3.612: (turn_to satellite4 star3 star57)
3.652: (turn_to satellite4 star6 star3)
3.634: (turn_to satellite4 groundstation55 star6)
3.653: (turn_to satellite4 star19 groundstation55)
3.658: (turn_to satellite4 star25 star19)
3.669: (take_image satellite3 planet69 instrument12 infrared0)
3.673: (take_image satellite3 planet69 instrument12 image3)
3.731: (turn_to satellite4 star6 star25)
3.671: (turn_to satellite4 star57 star6)
3.747: (turn_to satellite4 star19 star57)
3.751: (turn_to satellite4 star3 star19)
3.768: (switch_off instrument8 satellite1)
3.794: (turn_to satellite4 planet69 star3)
3.811: (turn_to satellite4 star48 planet69)
3.765: (switch_on instrument17 satellite4)
3.735: (turn_to satellite4 planet61 star48)
3.677: (turn_to satellite1 star21 star16)
3.764: (turn_to satellite1 star33 star21)
3.771: (turn_to satellite1 groundstation13 star33)
3.773: (turn_to satellite4 star60 planet61)
3.773: (turn_to satellite4 star64 star60)
3.777: (switch_on instrument8 satellite1)
3.760: (turn_to satellite4 groundstation13 star64)
3.686: (turn_to satellite1 groundstation28 groundstation13)
3.781: (turn_to satellite4 star48 groundstation13)
3.714: (turn_to satellite4 planet61 star48)
3.691: (turn_to satellite1 star21 groundstation28)
3.712: (turn_to satellite1 planet61 star21)
3.769: (turn_to satellite1 groundstation8 planet61)
3.771: (turn_to satellite1 star33 groundstation8)
3.775: (turn_to satellite1 star6 star33)
3.746: (turn_to satellite4 star21 planet61)
3.735: (turn_to satellite1 groundstation0 star6)
3.744: (turn_to satellite1 star48 groundstation0)
3.746: (turn_to satellite1 star3 star48)
3.747: (turn_to satellite1 star25 star3)
3.747: (turn_to satellite1 groundstation13 star25)
3.756: (turn_to satellite1 groundstation29 groundstation13)
3.757: (turn_to satellite1 star57 groundstation29)
3.767: (turn_to satellite1 star14 star57)
3.780: (turn_to satellite1 groundstation55 star14)
3.786: (turn_to satellite1 groundstation44 groundstation55)
3.797: (turn_to satellite1 groundstation37 groundstation44)
3.806: (turn_to satellite1 groundstation20 groundstation37)
3.823: (turn_to satellite1 star41 groundstation20)
3.778: (turn_to satellite4 planet62 star21)
3.813: (turn_to satellite4 star60 planet62)
3.800: (turn_to satellite1 groundstation0 star41)
3.780: (turn_to satellite4 groundstation28 star60)
3.688: (turn_to satellite1 groundstation13 groundstation0)
3.704: (turn_to satellite1 star48 groundstation13)
3.726: (turn_to satellite1 groundstation44 star48)
3.730: (turn_to satellite1 star3 groundstation44)
3.730: (turn_to satellite1 star25 star3)
3.737: (turn_to satellite1 star57 star25)
3.741: (turn_to satellite1 star6 star57)
3.746: (turn_to satellite1 groundstation29 star6)
3.752: (turn_to satellite1 groundstation55 groundstation29)
3.791: (turn_to satellite1 groundstation37 groundstation55)
3.788: (switch_off instrument17 satellite4)
3.630: (turn_to satellite1 groundstation13 groundstation37)
3.646: (turn_to satellite1 star48 groundstation13)
3.655: (turn_to satellite1 star25 star48)
3.664: (turn_to satellite1 groundstation0 star25)
3.669: (turn_to satellite1 groundstation44 groundstation0)
3.683: (turn_to satellite1 star57 groundstation44)
3.687: (turn_to satellite1 groundstation55 star57)
3.690: (turn_to satellite1 star6 groundstation55)
3.694: (turn_to satellite1 star19 star6)
3.694: (turn_to satellite1 groundstation29 star19)
3.708: (turn_to satellite1 star14 groundstation29)
3.752: (turn_to satellite1 groundstation20 star14)
3.771: (turn_to satellite1 star41 groundstation20)
3.779: (turn_to satellite1 star3 star41)
3.694: (turn_to satellite4 groundstation8 groundstation28)
3.640: (turn_to satellite1 groundstation13 star3)
3.681: (turn_to satellite1 star48 groundstation13)
3.687: (turn_to satellite1 groundstation0 star48)
3.693: (turn_to satellite1 groundstation44 groundstation0)
3.708: (turn_to satellite1 star25 groundstation44)
3.693: (turn_to satellite4 star16 groundstation8)
3.599: (turn_to satellite4 planet87 star16)
3.692: (turn_to satellite1 groundstation0 star25)
3.691: (switch_on instrument17 satellite4)
3.727: (turn_to satellite1 star48 groundstation0)
3.754: (turn_to satellite1 star25 star48)
3.769: (turn_to satellite4 star16 planet87)
3.733: (turn_to satellite4 groundstation47 star16)
3.731: (switch_off instrument17 satellite4)
3.634: (turn_to satellite1 groundstation0 star25)
3.651: (turn_to satellite1 star48 groundstation0)
3.673: (turn_to satellite1 groundstation44 star48)
3.673: (turn_to satellite1 groundstation13 groundstation44)
3.682: (turn_to satellite1 groundstation29 groundstation13)
3.683: (turn_to satellite1 star57 groundstation29)
3.694: (turn_to satellite1 star6 star57)
3.697: (turn_to satellite1 groundstation37 star6)
3.706: (turn_to satellite1 groundstation55 groundstation37)
3.709: (turn_to satellite1 star19 groundstation55)
3.712: (turn_to satellite4 groundstation8 groundstation47)
3.709: (turn_to satellite1 star6 star19)
3.727: (turn_to satellite4 star16 groundstation8)
3.600: (turn_to satellite4 planet87 star16)
3.709: (turn_to satellite1 star48 star6)
3.701: (turn_to satellite4 groundstation39 planet87)
3.645: (turn_to satellite1 groundstation0 star48)
3.651: (turn_to satellite1 star25 groundstation0)
3.651: (turn_to satellite1 groundstation13 star25)
3.665: (turn_to satellite1 groundstation44 groundstation13)
3.672: (turn_to satellite1 groundstation37 groundstation44)
3.686: (turn_to satellite1 groundstation55 groundstation37)
3.704: (turn_to satellite1 groundstation29 groundstation55)
3.708: (turn_to satellite1 star57 groundstation29)
3.715: (turn_to satellite1 star6 star57)
3.743: (turn_to satellite4 star21 groundstation39)
3.633: (turn_to satellite1 star25 star6)
3.648: (turn_to satellite1 groundstation0 star25)
3.652: (turn_to satellite1 groundstation13 groundstation0)
3.659: (turn_to satellite1 star48 groundstation13)
3.669: (turn_to satellite1 groundstation37 star48)
3.671: (turn_to satellite1 star19 groundstation37)
3.675: (turn_to satellite1 groundstation44 star19)
3.677: (turn_to satellite1 groundstation29 groundstation44)
3.678: (turn_to satellite1 star57 groundstation29)
3.692: (turn_to satellite1 groundstation55 star57)
3.698: (turn_to satellite1 groundstation20 groundstation55)
3.705: (turn_to satellite1 star14 groundstation20)
3.728: (turn_to satellite1 star3 star14)
3.707: (turn_to satellite4 star33 star21)
3.642: (turn_to satellite1 groundstation44 star3)
3.665: (turn_to satellite1 groundstation0 groundstation44)
3.667: (turn_to satellite1 star48 groundstation0)
3.673: (turn_to satellite1 groundstation13 star48)
3.684: (turn_to satellite1 star25 groundstation13)
3.692: (turn_to satellite1 star19 star25)
3.696: (turn_to satellite1 groundstation37 star19)
3.700: (turn_to satellite1 groundstation55 groundstation37)
3.711: (turn_to satellite1 star6 groundstation55)
3.716: (turn_to satellite1 groundstation20 star6)
3.716: (turn_to satellite1 star57 groundstation20)
3.720: (turn_to satellite1 groundstation29 star57)
3.724: (turn_to satellite1 star14 groundstation29)
3.801: (turn_to satellite1 star41 star14)
3.793: (turn_to satellite4 star60 star33)
3.792: (turn_to satellite4 groundstation8 star60)
3.738: (turn_to satellite1 star57 star41)
3.747: (turn_to satellite4 star16 groundstation8)
3.572: (turn_to satellite4 planet87 star16)
3.716: (switch_on instrument17 satellite4)
3.796: (turn_to satellite1 star41 star57)
3.782: (turn_to satellite1 star6 star41)
3.758: (turn_to satellite4 planet62 planet87)
3.761: (turn_to satellite4 star6 planet62)
3.730: (turn_to satellite1 star21 star6)
3.713: (switch_off instrument17 satellite4)
3.730: (turn_to satellite4 star19 star6)
3.764: (turn_to satellite4 star25 star19)
3.753: (switch_on instrument17 satellite4)
3.730: (turn_to satellite4 star64 star25)
3.730: (turn_to satellite4 star60 star64)
3.756: (turn_to satellite4 star21 star60)
3.752: (turn_to satellite1 planet61 star21)
3.798: (turn_to satellite1 star60 planet61)
3.838: (turn_to satellite4 star57 star21)
3.798: (switch_off instrument17 satellite4)
3.815: (turn_to satellite1 groundstation47 star60)
3.727: (turn_to satellite4 groundstation55 star57)
3.768: (turn_to satellite4 planet87 groundstation55)
3.625: (turn_to satellite1 star21 groundstation47)
3.661: (turn_to satellite1 star19 star21)
3.724: (turn_to satellite4 star16 planet87)
3.706: (turn_to satellite1 groundstation44 star19)
3.637: (turn_to satellite4 planet87 star16)
3.740: (switch_on instrument17 satellite4)
3.810: (turn_to satellite1 groundstation29 groundstation44)
3.831: (turn_to satellite1 groundstation28 groundstation29)
3.666: (turn_to satellite1 star21 groundstation28)
3.692: (turn_to satellite1 planet61 star21)
3.727: (turn_to satellite1 groundstation8 planet61)
3.740: (turn_to satellite1 star33 groundstation8)
3.755: (turn_to satellite1 star60 star33)
3.756: (turn_to satellite1 groundstation13 star60)
3.768: (turn_to satellite4 planet62 planet87)
3.786: (turn_to satellite4 star60 planet62)
3.802: (turn_to satellite4 planet61 star60)
3.805: (turn_to satellite4 groundstation39 planet61)
3.735: (turn_to satellite1 groundstation0 groundstation13)
3.758: (turn_to satellite1 star48 groundstation0)
3.784: (turn_to satellite1 star3 star48)
3.761: (turn_to satellite4 star3 groundstation39)
3.750: (turn_to satellite1 groundstation28 star3)
3.753: (turn_to satellite4 star60 star3)
3.805: (turn_to satellite4 phenomenon63 star60)
3.807: (turn_to satellite4 star6 phenomenon63)
3.753: (turn_to satellite4 star64 star6)
3.822: (turn_to satellite4 groundstation0 star64)
3.701: (switch_off instrument17 satellite4)
3.764: (switch_off instrument8 satellite1)
3.656: (turn_to satellite4 planet69 groundstation0)
3.764: (turn_to satellite4 planet61 planet69)
3.780: (turn_to satellite1 star21 groundstation28)
3.787: (turn_to satellite4 planet87 planet61)
3.664: (turn_to satellite1 groundstation13 star21)
3.627: (switch_on instrument8 satellite1)
3.745: (turn_to satellite4 star32 planet87)
3.669: (turn_to satellite1 groundstation0 groundstation13)
3.673: (turn_to satellite1 star25 groundstation0)
3.677: (turn_to satellite1 star48 star25)
3.701: (turn_to satellite1 groundstation44 star48)
3.705: (turn_to satellite1 star6 groundstation44)
3.726: (turn_to satellite1 star57 star6)
3.731: (turn_to satellite1 groundstation29 star57)
3.732: (turn_to satellite1 star19 groundstation29)
3.735: (turn_to satellite1 groundstation55 star19)
3.741: (turn_to satellite1 groundstation20 groundstation55)
3.741: (turn_to satellite1 groundstation37 groundstation20)
3.760: (turn_to satellite1 star41 groundstation37)
3.764: (turn_to satellite1 star14 star41)
3.803: (turn_to satellite1 star3 star14)
3.725: (turn_to satellite4 planet62 star32)
3.725: (turn_to satellite4 planet65 planet62)
3.726: (turn_to satellite4 star60 planet65)
3.726: (turn_to satellite4 star64 star60)
3.785: (turn_to satellite4 groundstation39 star64)
3.725: (turn_to satellite4 phenomenon68 groundstation39)
3.757: (turn_to satellite1 star48 star3)
3.719: (turn_to satellite4 star16 phenomenon68)
3.719: (turn_to satellite1 groundstation0 star48)
3.716: (turn_to satellite4 planet95 star16)
3.749: (turn_to satellite4 star59 planet95)
3.682: (turn_to satellite1 groundstation13 groundstation0)
3.687: (turn_to satellite1 groundstation44 groundstation13)
3.688: (turn_to satellite1 star25 groundstation44)
3.696: (turn_to satellite1 star48 star25)
3.700: (turn_to satellite1 groundstation37 star48)
3.708: (turn_to satellite1 star6 groundstation37)
3.719: (turn_to satellite1 groundstation55 star6)
3.731: (turn_to satellite1 star57 groundstation55)
3.735: (turn_to satellite1 groundstation29 star57)
3.739: (turn_to satellite1 star19 groundstation29)
3.740: (turn_to satellite4 star64 star59)
3.740: (turn_to satellite4 star60 star64)
3.761: (turn_to satellite4 star19 star60)
3.742: (turn_to satellite1 groundstation28 star19)
3.771: (turn_to satellite1 star33 groundstation28)
3.675: (turn_to satellite4 star57 star19)
3.703: (turn_to satellite4 groundstation55 star57)
3.734: (turn_to satellite4 groundstation44 groundstation55)
3.737: (turn_to satellite4 star6 groundstation44)
3.756: (turn_to satellite1 star6 star33)
3.708: (turn_to satellite1 groundstation47 star6)
3.763: (switch_on instrument17 satellite4)
3.743: (turn_to satellite4 star57 star6)
3.762: (switch_off instrument8 satellite1)
3.761: (switch_off instrument17 satellite4)
3.825: (turn_to satellite4 planet87 star57)
3.692: (turn_to satellite1 star6 groundstation47)
3.751: (turn_to satellite1 groundstation0 star6)
3.745: (switch_on instrument17 satellite4)
3.785: (turn_to satellite1 star48 groundstation0)
3.812: (turn_to satellite1 star25 star48)
3.780: (turn_to satellite4 star21 planet87)
3.765: (turn_to satellite1 groundstation13 star25)
3.779: (turn_to satellite4 planet65 star21)
3.778: (turn_to satellite4 planet62 planet65)
3.820: (turn_to satellite4 groundstation13 planet62)
3.725: (turn_to satellite1 star16 groundstation13)
3.713: (switch_on instrument8 satellite1)
3.744: (turn_to satellite4 star57 groundstation13)
3.736: (turn_to satellite4 planet61 star57)
3.785: (turn_to satellite4 star25 planet61)
3.767: (turn_to satellite4 star60 star25)
3.767: (turn_to satellite4 star64 star60)
3.781: (turn_to satellite4 star6 star64)
3.787: (turn_to satellite4 groundstation55 star6)
3.733: (switch_off instrument17 satellite4)
3.772: (turn_to satellite4 planet69 groundstation55)
3.780: (turn_to satellite4 groundstation0 planet69)
3.721: (turn_to satellite4 groundstation44 groundstation0)
3.762: (turn_to satellite1 star21 star16)
3.766: (turn_to satellite4 groundstation0 groundstation44)
3.721: (turn_to satellite4 planet69 groundstation0)
3.770: (turn_to satellite4 planet61 planet69)
3.721: (turn_to satellite4 star57 planet61)
3.768: (switch_off instrument8 satellite1)
3.728: (turn_to satellite4 planet69 star57)
3.775: (turn_to satellite4 star21 planet69)
3.799: (turn_to satellite4 groundstation0 star21)
3.780: (turn_to satellite4 star67 groundstation0)
3.804: (turn_to satellite4 star48 star67)
3.772: (switch_on instrument8 satellite1)
3.743: (switch_on instrument17 satellite4)
3.734: (switch_off instrument8 satellite1)
3.738: (turn_to satellite4 star60 star48)
3.775: (turn_to satellite4 phenomenon63 star60)
3.776: (turn_to satellite4 star6 phenomenon63)
3.738: (turn_to satellite4 star64 star6)
3.780: (turn_to satellite4 groundstation0 star64)
3.728: (switch_on instrument8 satellite1)
3.784: (turn_to satellite1 groundstation8 star21)
3.782: (turn_to satellite4 star3 groundstation0)
3.760: (turn_to satellite1 star33 groundstation8)
3.736: (switch_off instrument17 satellite4)
3.757: (switch_off instrument8 satellite1)
3.790: (turn_to satellite1 groundstation8 star33)
3.822: (switch_on instrument8 satellite1)
3.753: (turn_to satellite4 star67 star3)
3.761: (turn_to satellite1 star3 groundstation8)
3.791: (turn_to satellite4 star3 star67)
3.718: (turn_to satellite1 star21 star3)
3.770: (turn_to satellite4 star67 star3)
3.753: (turn_to satellite4 groundstation55 star67)
3.796: (turn_to satellite4 groundstation13 groundstation55)
3.732: (switch_on instrument17 satellite4)
3.752: (switch_off instrument8 satellite1)
3.763: (turn_to satellite4 star57 groundstation13)
3.769: (switch_on instrument8 satellite1)
3.792: (turn_to satellite4 phenomenon63 star57)
3.823: (turn_to satellite4 star3 phenomenon63)
3.827: (switch_off instrument8 satellite1)
3.769: (switch_off instrument17 satellite4)
3.810: (turn_to satellite4 star19 star3)
3.820: (turn_to satellite4 groundstation20 star19)
3.776: (switch_on instrument8 satellite1)
3.802: (turn_to satellite1 star33 star21)
3.772: (turn_to satellite4 star25 groundstation20)
3.776: (turn_to satellite4 groundstation0 star25)
3.780: (switch_on instrument17 satellite4)
3.772: (turn_to satellite4 groundstation55 groundstation0)
3.778: (turn_to satellite4 star57 groundstation55)
3.785: (switch_off instrument8 satellite1)
3.762: (turn_to satellite4 star48 star57)
3.754: (switch_off instrument17 satellite4)
3.800: (switch_on instrument8 satellite1)
3.782: (turn_to satellite4 planet87 star48)
3.687: (turn_to satellite1 star3 star33)
3.762: (turn_to satellite1 groundstation29 star3)
3.769: (turn_to satellite1 groundstation55 groundstation29)
3.744: (switch_on instrument17 satellite4)
3.823: (turn_to satellite4 planet62 planet87)
3.823: (turn_to satellite4 star33 planet62)
3.766: (turn_to satellite1 star3 groundstation55)
3.786: (turn_to satellite1 groundstation0 star3)
3.780: (turn_to satellite4 groundstation8 star33)
3.722: (turn_to satellite1 groundstation13 groundstation0)
3.743: (turn_to satellite1 star48 groundstation13)
3.753: (turn_to satellite1 star6 star48)
3.756: (turn_to satellite1 star25 star6)
3.757: (turn_to satellite1 groundstation44 star25)
3.767: (turn_to satellite1 star3 groundstation44)
3.774: (turn_to satellite1 star57 star3)
3.779: (turn_to satellite1 groundstation29 star57)
3.795: (turn_to satellite1 groundstation55 groundstation29)
3.802: (turn_to satellite1 star41 groundstation55)
3.812: (turn_to satellite1 groundstation20 star41)
3.831: (turn_to satellite1 star14 groundstation20)
3.847: (turn_to satellite1 groundstation37 star14)
3.887: (switch_off instrument17 satellite4)
3.761: (turn_to satellite1 groundstation29 groundstation37)
3.766: (turn_to satellite1 groundstation55 groundstation29)
3.767: (turn_to satellite4 star16 groundstation8)
3.721: (turn_to satellite1 planet87 groundstation55)
3.623: (turn_to satellite4 groundstation13 star16)
3.732: (switch_on instrument17 satellite4)
3.794: (turn_to satellite1 star60 planet87)
3.802: (turn_to satellite1 planet62 star60)
3.794: (turn_to satellite1 star64 planet62)
3.807: (turn_to satellite1 groundstation39 star64)
3.754: (switch_off instrument8 satellite1)
3.771: (turn_to satellite1 groundstation8 groundstation39)
3.765: (switch_on instrument8 satellite1)
3.813: (turn_to satellite1 planet61 groundstation8)
3.847: (turn_to satellite1 groundstation47 planet61)
3.756: (switch_off instrument8 satellite1)
3.783: (turn_to satellite1 star60 groundstation47)
3.808: (turn_to satellite1 planet62 star60)
3.783: (turn_to satellite1 star64 planet62)
3.825: (turn_to satellite1 star32 star64)
3.772: (switch_on instrument8 satellite1)
3.818: (turn_to satellite4 star57 groundstation13)
3.783: (switch_off instrument17 satellite4)
3.760: (turn_to satellite4 planet87 star57)
3.713: (turn_to satellite1 groundstation20 star32)
3.764: (turn_to satellite1 star41 groundstation20)
3.782: (switch_off instrument8 satellite1)
3.771: (turn_to satellite1 star48 star41)
3.776: (switch_on instrument7 satellite1)
3.804: (turn_to satellite1 groundstation0 star48)
3.832: (switch_on instrument17 satellite4)
3.835: (turn_to satellite1 star48 groundstation0)
3.839: (turn_to satellite1 star25 star48)
3.872: (turn_to satellite1 star6 star25)
3.882: (turn_to satellite1 star57 star6)
3.887: (turn_to satellite1 groundstation29 star57)
3.905: (turn_to satellite1 groundstation13 groundstation29)
3.881: (turn_to satellite4 groundstation13 planet87)
3.848: (turn_to satellite1 star16 groundstation13)
3.866: (turn_to satellite4 star57 groundstation13)
3.854: (switch_off instrument17 satellite4)
3.927: (turn_to satellite4 star3 star57)
3.929: (turn_to satellite4 star48 star3)
3.885: (switch_on instrument17 satellite4)
3.855: (turn_to satellite4 planet61 star48)
3.825: (turn_to satellite1 star21 star16)
3.869: (turn_to satellite1 planet61 star21)
3.871: (turn_to satellite1 planet87 planet61)
3.879: (turn_to satellite1 groundstation8 planet87)
3.919: (turn_to satellite1 star33 groundstation8)
3.922: (turn_to satellite1 star64 star33)
3.909: (turn_to satellite4 star57 planet61)
3.900: (switch_off instrument17 satellite4)
3.913: (turn_to satellite4 planet87 star57)
3.794: (turn_to satellite1 star21 star64)
3.807: (turn_to satellite1 star6 star21)
3.848: (turn_to satellite1 groundstation13 star6)
3.855: (turn_to satellite1 star25 groundstation13)
3.868: (turn_to satellite1 star57 star25)
3.870: (turn_to satellite1 groundstation29 star57)
3.884: (turn_to satellite1 star3 groundstation29)
3.873: (turn_to satellite4 star33 planet87)
3.794: (turn_to satellite1 groundstation0 star3)
3.808: (turn_to satellite1 star48 groundstation0)
3.814: (turn_to satellite1 groundstation44 star48)
3.818: (turn_to satellite1 star25 groundstation44)
3.833: (turn_to satellite1 groundstation37 star25)
3.840: (turn_to satellite1 groundstation13 groundstation37)
3.845: (turn_to satellite1 groundstation29 groundstation13)
3.846: (turn_to satellite1 star57 groundstation29)
3.870: (turn_to satellite1 star6 star57)
3.878: (turn_to satellite1 star19 star6)
3.885: (turn_to satellite4 star60 star33)
3.885: (turn_to satellite4 star64 star60)
3.919: (turn_to satellite1 groundstation0 star19)
3.867: (turn_to satellite4 groundstation8 star64)
3.860: (turn_to satellite1 groundstation13 groundstation0)
3.879: (turn_to satellite1 star48 groundstation13)
3.894: (turn_to satellite1 groundstation44 star48)
3.895: (turn_to satellite1 star25 groundstation44)
3.890: (turn_to satellite4 star16 groundstation8)
3.839: (turn_to satellite1 star57 star25)
3.860: (turn_to satellite1 groundstation0 star57)
3.836: (turn_to satellite4 star21 star16)
3.785: (turn_to satellite1 star25 groundstation0)
3.792: (turn_to satellite1 star48 star25)
3.806: (turn_to satellite1 star6 star48)
3.813: (turn_to satellite1 groundstation13 star6)
3.820: (turn_to satellite1 star57 groundstation13)
3.827: (turn_to satellite1 groundstation29 star57)
3.830: (turn_to satellite1 groundstation37 groundstation29)
3.859: (turn_to satellite1 star19 groundstation37)
3.865: (turn_to satellite1 groundstation20 star19)
3.867: (turn_to satellite1 groundstation44 groundstation20)
3.869: (turn_to satellite1 star14 groundstation44)
3.881: (turn_to satellite1 star3 star14)
3.886: (turn_to satellite4 star64 star21)
3.886: (turn_to satellite4 star60 star64)
3.894: (turn_to satellite4 groundstation8 star60)
3.910: (turn_to satellite4 planet65 groundstation8)
3.896: (turn_to satellite1 groundstation0 star3)
3.916: (turn_to satellite4 star32 planet65)
3.829: (turn_to satellite1 star25 groundstation0)
3.838: (turn_to satellite1 star48 star25)
3.855: (turn_to satellite1 groundstation13 star48)
3.877: (turn_to satellite1 star6 groundstation13)
3.881: (turn_to satellite1 star57 star6)
3.891: (turn_to satellite1 groundstation44 star57)
3.894: (turn_to satellite1 groundstation29 groundstation44)
3.918: (turn_to satellite1 star19 groundstation29)
3.921: (turn_to satellite1 groundstation20 star19)
3.924: (turn_to satellite1 groundstation37 groundstation20)
3.925: (turn_to satellite1 star14 groundstation37)
3.970: (turn_to satellite1 star3 star14)
3.910: (turn_to satellite4 planet62 star32)
3.896: (turn_to satellite1 groundstation0 star3)
3.925: (turn_to satellite4 star59 planet62)
3.836: (turn_to satellite1 groundstation13 groundstation0)
3.841: (turn_to satellite1 star48 groundstation13)
3.848: (turn_to satellite1 groundstation37 star48)
3.863: (turn_to satellite1 star25 groundstation37)
3.868: (turn_to satellite1 groundstation44 star25)
3.873: (turn_to satellite1 star57 groundstation44)
3.878: (turn_to satellite1 groundstation29 star57)
3.895: (turn_to satellite1 star14 groundstation29)
3.905: (turn_to satellite1 star6 star14)
3.906: (turn_to satellite1 star19 star6)
3.924: (turn_to satellite4 phenomenon68 star59)
3.896: (turn_to satellite1 groundstation0 star19)
3.932: (turn_to satellite1 star48 groundstation0)
3.903: (turn_to satellite4 star16 phenomenon68)
3.873: (turn_to satellite4 planet95 star16)
3.877: (turn_to satellite1 groundstation0 star48)
3.902: (turn_to satellite1 groundstation13 groundstation0)
3.914: (turn_to satellite1 star25 groundstation13)
3.938: (turn_to satellite1 groundstation44 star25)
3.925: (turn_to satellite4 star16 planet95)
3.793: (turn_to satellite4 planet87 star16)
3.886: (switch_on instrument17 satellite4)
3.907: (turn_to satellite1 star3 groundstation44)
3.922: (turn_to satellite4 groundstation8 planet87)
3.877: (turn_to satellite1 groundstation0 star3)
3.879: (turn_to satellite1 groundstation13 groundstation0)
3.885: (turn_to satellite1 star48 groundstation13)
3.896: (turn_to satellite1 star25 star48)
3.910: (turn_to satellite4 star16 groundstation8)
3.863: (turn_to satellite1 star57 star25)
3.892: (turn_to satellite4 star21 star16)
3.845: (turn_to satellite1 groundstation0 star57)
3.850: (turn_to satellite1 star6 groundstation0)
3.861: (turn_to satellite1 star48 star6)
3.863: (turn_to satellite1 groundstation13 star48)
3.867: (turn_to satellite1 star25 groundstation13)
3.883: (turn_to satellite1 star3 star25)
3.884: (turn_to satellite1 groundstation29 star3)
3.896: (turn_to satellite1 star14 groundstation29)
3.920: (turn_to satellite1 groundstation44 star14)
3.930: (turn_to satellite1 groundstation37 groundstation44)
3.931: (turn_to satellite1 groundstation20 groundstation37)
3.974: (turn_to satellite4 groundstation8 star21)
3.910: (turn_to satellite1 star6 groundstation20)
3.919: (turn_to satellite1 groundstation44 star6)
3.927: (turn_to satellite1 star57 groundstation44)
3.930: (turn_to satellite1 groundstation29 star57)
3.986: (turn_to satellite1 star14 groundstation29)
3.981: (turn_to satellite4 star33 groundstation8)
3.900: (turn_to satellite1 star3 star14)
3.904: (turn_to satellite1 groundstation0 star3)
3.914: (turn_to satellite4 star16 star33)
3.900: (turn_to satellite4 phenomenon80 star16)
3.892: (switch_off instrument7 satellite1)
3.797: (switch_on instrument8 satellite1)
3.794: (turn_to satellite4 star16 phenomenon80)
3.732: (turn_to satellite4 groundstation47 star16)
3.751: (turn_to satellite1 groundstation13 groundstation0)
3.745: (turn_to satellite1 star48 groundstation13)
3.758: (turn_to satellite1 star3 star48)
3.770: (turn_to satellite1 groundstation29 star3)
3.770: (turn_to satellite1 star57 groundstation29)
3.788: (turn_to satellite1 groundstation37 star57)
3.808: (turn_to satellite1 groundstation44 groundstation37)
3.809: (turn_to satellite1 star6 groundstation44)
3.758: (turn_to satellite4 planet65 groundstation47)
3.790: (turn_to satellite4 star60 planet65)
3.794: (turn_to satellite4 star16 star60)
3.745: (turn_to satellite1 star57 star6)
3.749: (turn_to satellite4 star33 star16)
3.800: (turn_to satellite1 groundstation44 star57)
3.798: (turn_to satellite1 star48 groundstation44)
3.800: (turn_to satellite4 star16 star33)
3.777: (turn_to satellite4 planet95 star16)
3.766: (turn_to satellite2 planet87 planet95)
3.721: (take_image satellite2 planet87 instrument10 thermograph1)
3.279: (turn_to satellite1 groundstation13 star48)
3.327: (switch_off instrument8 satellite1)
3.298: (turn_to satellite2 planet69 planet87)
2.965: (turn_to satellite3 planet95 planet69)
2.362: (take_image satellite2 planet69 instrument10 infrared4)
2.076: (turn_to satellite4 star59 planet95)
2.079: (turn_to satellite2 planet95 planet69)
1.854: (switch_off instrument4 satellite0)
1.883: (turn_to satellite4 star16 star59)
1.932: (turn_to satellite1 star57 groundstation13)
2.000: (turn_to satellite1 star16 star57)
1.983: (switch_off instrument17 satellite4)
1.942: (turn_to satellite1 star57 star16)
2.046: (switch_on instrument4 satellite0)
1.871: (turn_to satellite1 groundstation0 star57)
1.952: (turn_to satellite1 groundstation55 groundstation0)
1.979: (turn_to satellite1 groundstation29 groundstation55)
2.006: (turn_to satellite1 star48 groundstation29)
2.007: (switch_on instrument8 satellite1)
1.863: (turn_to satellite1 star57 star48)
1.911: (turn_to satellite1 groundstation0 star57)
1.925: (turn_to satellite1 groundstation55 groundstation0)
1.949: (turn_to satellite1 star14 groundstation55)
1.978: (turn_to satellite1 groundstation29 star14)
1.979: (turn_to satellite1 planet87 groundstation29)
1.872: (take_image satellite3 planet95 instrument12 image3)
1.473: (turn_to satellite3 groundstation38 planet95)
[Final] Expanded: 906, Generated: 583149
Found a solution of length 906!
   1: (switch_on instrument10 satellite2)
   2: (switch_on instrument12 satellite3)
   3: (turn_to satellite2 star57 planet77)
   4: (calibrate satellite2 instrument10 star57)
   5: (turn_to satellite3 star33 planet78)
   6: (calibrate satellite3 instrument12 star33)
   7: (turn_to satellite1 star7 planet65)
   8: (turn_to satellite3 star85 star33)
   9: (take_image satellite3 star85 instrument12 image3)
  10: (turn_to satellite3 planet87 star85)
  11: (turn_to satellite2 planet62 star57)
  12: (take_image satellite2 planet62 instrument10 thermograph2)
  13: (turn_to satellite2 planet79 planet62)
  14: (turn_to satellite4 groundstation43 groundstation50)
  15: (take_image satellite3 planet87 instrument12 infrared0)
  16: (take_image satellite3 planet87 instrument12 image3)
  17: (turn_to satellite3 phenomenon104 planet87)
  18: (take_image satellite3 phenomenon104 instrument12 infrared0)
  19: (turn_to satellite3 planet87 phenomenon104)
  20: (turn_to satellite5 groundstation52 groundstation47)
  21: (turn_to satellite4 star16 groundstation43)
  22: (turn_to satellite2 star101 planet79)
  23: (take_image satellite2 star101 instrument10 infrared4)
  24: (turn_to satellite2 phenomenon73 star101)
  25: (take_image satellite2 phenomenon73 instrument10 thermograph1)
  26: (turn_to satellite2 planet78 phenomenon73)
  27: (take_image satellite2 planet78 instrument10 thermograph1)
  28: (turn_to satellite2 star75 planet78)
  29: (take_image satellite2 star75 instrument10 thermograph1)
  30: (turn_to satellite2 planet92 star75)
  31: (take_image satellite2 planet92 instrument10 thermograph1)
  32: (turn_to satellite2 phenomenon80 planet92)
  33: (take_image satellite2 phenomenon80 instrument10 thermograph1)
  34: (turn_to satellite2 planet82 phenomenon80)
  35: (take_image satellite2 planet82 instrument10 thermograph1)
  36: (turn_to satellite2 phenomenon83 planet82)
  37: (take_image satellite2 phenomenon83 instrument10 thermograph1)
  38: (turn_to satellite2 star94 phenomenon83)
  39: (take_image satellite2 star94 instrument10 thermograph1)
  40: (turn_to satellite2 planet97 star94)
  41: (take_image satellite2 planet97 instrument10 thermograph1)
  42: (turn_to satellite2 planet95 planet97)
  43: (turn_to satellite2 star67 planet95)
  44: (take_image satellite2 star67 instrument10 thermograph1)
  45: (turn_to satellite2 planet95 star67)
  46: (turn_to satellite0 planet87 groundstation55)
  47: (turn_to satellite1 star48 star7)
  48: (turn_to satellite1 groundstation13 star48)
  49: (turn_to satellite1 groundstation44 groundstation13)
  50: (turn_to satellite1 star6 groundstation44)
  51: (turn_to satellite1 star25 star6)
  52: (turn_to satellite1 star41 star25)
  53: (turn_to satellite1 groundstation29 star41)
  54: (turn_to satellite1 groundstation0 groundstation29)
  55: (turn_to satellite1 star57 groundstation0)
  56: (turn_to satellite1 star19 star57)
  57: (turn_to satellite1 groundstation55 star19)
  58: (turn_to satellite1 groundstation20 groundstation55)
  59: (turn_to satellite1 groundstation37 groundstation20)
  60: (turn_to satellite1 star3 groundstation37)
  61: (turn_to satellite1 star14 star3)
  62: (turn_to satellite3 star60 planet87)
  63: (take_image satellite3 star60 instrument12 image3)
  64: (turn_to satellite3 planet61 star60)
  65: (turn_to satellite3 phenomenon63 planet61)
  66: (take_image satellite3 phenomenon63 instrument12 infrared0)
  67: (turn_to satellite3 planet61 phenomenon63)
  68: (turn_to satellite3 planet71 planet61)
  69: (take_image satellite3 planet71 instrument12 infrared0)
  70: (turn_to satellite3 planet61 planet71)
  71: (turn_to satellite3 planet79 planet61)
  72: (take_image satellite3 planet79 instrument12 infrared0)
  73: (turn_to satellite3 planet61 planet79)
  74: (turn_to satellite3 phenomenon66 planet61)
  75: (take_image satellite3 phenomenon66 instrument12 infrared0)
  76: (turn_to satellite3 phenomenon86 phenomenon66)
  77: (take_image satellite3 phenomenon86 instrument12 image3)
  78: (turn_to satellite3 planet84 phenomenon86)
  79: (take_image satellite3 planet84 instrument12 image3)
  80: (turn_to satellite3 planet89 planet84)
  81: (take_image satellite3 planet89 instrument12 image3)
  82: (turn_to satellite3 planet61 planet89)
  83: (turn_to satellite1 groundstation13 star14)
  84: (turn_to satellite3 star64 planet61)
  85: (take_image satellite3 star64 instrument12 image3)
  86: (turn_to satellite3 star72 star64)
  87: (take_image satellite3 star72 instrument12 image3)
  88: (turn_to satellite3 star74 star72)
  89: (take_image satellite3 star74 instrument12 image3)
  90: (turn_to satellite3 planet61 star74)
  91: (switch_on instrument4 satellite0)
  92: (turn_to satellite3 star70 planet61)
  93: (turn_to satellite3 planet69 star70)
  94: (turn_to satellite1 star48 groundstation13)
  95: (turn_to satellite3 planet61 planet69)
  96: (turn_to satellite3 star70 planet61)
  97: (turn_to satellite1 groundstation0 star48)
  98: (turn_to satellite3 planet61 star70)
  99: (turn_to satellite3 planet69 planet61)
 100: (turn_to satellite1 groundstation44 groundstation0)
 101: (turn_to satellite3 planet61 planet69)
 102: (turn_to satellite1 star6 groundstation44)
 103: (turn_to satellite3 star70 planet61)
 104: (turn_to satellite3 planet69 star70)
 105: (turn_to satellite1 star19 star6)
 106: (turn_to satellite3 planet61 planet69)
 107: (turn_to satellite3 star70 planet61)
 108: (turn_to satellite1 groundstation44 star19)
 109: (turn_to satellite1 star25 groundstation44)
 110: (turn_to satellite3 planet61 star70)
 111: (turn_to satellite3 planet69 planet61)
 112: (turn_to satellite1 star57 star25)
 113: (turn_to satellite3 planet61 planet69)
 114: (turn_to satellite1 groundstation55 star57)
 115: (turn_to satellite3 star70 planet61)
 116: (turn_to satellite3 planet69 star70)
 117: (turn_to satellite1 groundstation29 groundstation55)
 118: (turn_to satellite3 planet61 planet69)
 119: (turn_to satellite3 star70 planet61)
 120: (turn_to satellite1 star57 groundstation29)
 121: (turn_to satellite1 groundstation20 star57)
 122: (turn_to satellite3 planet61 star70)
 123: (turn_to satellite1 star3 groundstation20)
 124: (turn_to satellite3 star70 planet61)
 125: (turn_to satellite3 planet69 star70)
 126: (turn_to satellite3 planet76 planet69)
 127: (turn_to satellite3 planet77 planet76)
 128: (turn_to satellite3 phenomenon81 planet77)
 129: (turn_to satellite1 groundstation13 star3)
 130: (switch_on instrument21 satellite5)
 131: (turn_to satellite3 planet61 phenomenon81)
 132: (turn_to satellite3 planet69 planet61)
 133: (turn_to satellite3 star70 planet69)
 134: (turn_to satellite3 planet76 star70)
 135: (turn_to satellite3 planet77 planet76)
 136: (turn_to satellite3 phenomenon88 planet77)
 137: (turn_to satellite3 planet96 phenomenon88)
 138: (take_image satellite3 planet96 instrument12 infrared0)
 139: (turn_to satellite3 planet61 planet96)
 140: (turn_to satellite3 planet69 planet61)
 141: (turn_to satellite3 star70 planet69)
 142: (turn_to satellite1 star48 groundstation13)
 143: (turn_to satellite3 planet61 star70)
 144: (turn_to satellite1 groundstation0 star48)
 145: (turn_to satellite1 star25 groundstation0)
 146: (turn_to satellite1 star6 star25)
 147: (turn_to satellite1 groundstation44 star6)
 148: (turn_to satellite1 groundstation29 groundstation44)
 149: (turn_to satellite1 star3 groundstation29)
 150: (turn_to satellite3 planet69 planet61)
 151: (turn_to satellite3 star70 planet69)
 152: (turn_to satellite3 planet76 star70)
 153: (turn_to satellite1 groundstation13 star3)
 154: (turn_to satellite3 planet77 planet76)
 155: (turn_to satellite3 phenomenon81 planet77)
 156: (turn_to satellite3 phenomenon88 phenomenon81)
 157: (turn_to satellite3 phenomenon102 phenomenon88)
 158: (take_image satellite3 phenomenon102 instrument12 infrared0)
 159: (turn_to satellite3 planet61 phenomenon102)
 160: (turn_to satellite3 planet69 planet61)
 161: (turn_to satellite3 star70 planet69)
 162: (turn_to satellite1 star48 groundstation13)
 163: (turn_to satellite3 planet61 star70)
 164: (turn_to satellite3 planet69 planet61)
 165: (turn_to satellite3 planet103 planet69)
 166: (take_image satellite3 planet103 instrument12 infrared0)
 167: (turn_to satellite3 planet61 planet103)
 168: (turn_to satellite3 planet69 planet61)
 169: (turn_to satellite3 star70 planet69)
 170: (turn_to satellite1 groundstation13 star48)
 171: (turn_to satellite3 planet61 star70)
 172: (turn_to satellite3 planet69 planet61)
 173: (take_image satellite2 planet95 instrument10 thermograph2)
 174: (turn_to satellite3 planet61 planet69)
 175: (turn_to satellite3 star70 planet61)
 176: (take_image satellite2 planet95 instrument10 infrared4)
 177: (turn_to satellite3 planet61 star70)
 178: (turn_to satellite3 planet69 planet61)
 179: (turn_to satellite2 phenomenon98 planet95)
 180: (take_image satellite2 phenomenon98 instrument10 infrared4)
 181: (turn_to satellite2 star70 phenomenon98)
 182: (take_image satellite2 star70 instrument10 infrared4)
 183: (turn_to satellite2 planet61 star70)
 184: (take_image satellite2 planet61 instrument10 thermograph1)
 185: (turn_to satellite2 planet65 planet61)
 186: (take_image satellite2 planet65 instrument10 thermograph2)
 187: (turn_to satellite2 phenomenon81 planet65)
 188: (take_image satellite2 phenomenon81 instrument10 thermograph2)
 189: (turn_to satellite2 planet76 phenomenon81)
 190: (take_image satellite2 planet76 instrument10 thermograph2)
 191: (turn_to satellite2 phenomenon68 planet76)
 192: (take_image satellite2 phenomenon68 instrument10 thermograph2)
 193: (turn_to satellite2 planet77 phenomenon68)
 194: (take_image satellite2 planet77 instrument10 thermograph2)
 195: (turn_to satellite2 phenomenon99 planet77)
 196: (take_image satellite2 phenomenon99 instrument10 infrared4)
 197: (turn_to satellite2 phenomenon100 phenomenon99)
 198: (take_image satellite2 phenomenon100 instrument10 thermograph1)
 199: (turn_to satellite2 planet95 phenomenon100)
 200: (switch_on instrument8 satellite1)
 201: (turn_to satellite4 planet87 star16)
 202: (turn_to satellite4 star67 planet87)
 203: (turn_to satellite4 planet61 star67)
 204: (turn_to satellite4 star21 planet61)
 205: (turn_to satellite4 groundstation13 star21)
 206: (turn_to satellite1 phenomenon88 groundstation13)
 207: (turn_to satellite1 planet61 phenomenon88)
 208: (turn_to satellite1 star67 planet61)
 209: (turn_to satellite1 planet62 star67)
 210: (turn_to satellite1 planet65 planet62)
 211: (turn_to satellite1 planet90 planet65)
 212: (take_image satellite2 planet95 instrument10 thermograph1)
 213: (turn_to satellite1 planet61 planet90)
 214: (turn_to satellite1 star67 planet61)
 215: (turn_to satellite1 planet65 star67)
 216: (turn_to satellite1 star93 planet65)
 217: (turn_to satellite2 phenomenon91 planet95)
 218: (take_image satellite2 phenomenon91 instrument10 thermograph2)
 219: (turn_to satellite2 planet90 phenomenon91)
 220: (take_image satellite2 planet90 instrument10 thermograph2)
 221: (turn_to satellite2 phenomenon88 planet90)
 222: (take_image satellite2 phenomenon88 instrument10 thermograph2)
 223: (turn_to satellite2 planet95 phenomenon88)
 224: (switch_on instrument17 satellite4)
 225: (turn_to satellite1 planet61 star93)
 226: (turn_to satellite1 groundstation13 planet61)
 227: (turn_to satellite4 planet61 groundstation13)
 228: (turn_to satellite2 star93 planet95)
 229: (take_image satellite2 star93 instrument10 thermograph2)
 230: (turn_to satellite2 planet95 star93)
 231: (turn_to satellite4 groundstation28 planet61)
 232: (turn_to satellite1 groundstation0 groundstation13)
 233: (turn_to satellite1 star48 groundstation0)
 234: (switch_off instrument17 satellite4)
 235: (turn_to satellite1 groundstation13 star48)
 236: (turn_to satellite1 star25 groundstation13)
 237: (turn_to satellite1 groundstation0 star25)
 238: (turn_to satellite1 star57 groundstation0)
 239: (turn_to satellite1 groundstation29 star57)
 240: (turn_to satellite1 groundstation37 groundstation29)
 241: (turn_to satellite1 star6 groundstation37)
 242: (turn_to satellite1 groundstation44 star6)
 243: (turn_to satellite1 groundstation55 groundstation44)
 244: (turn_to satellite1 star14 groundstation55)
 245: (turn_to satellite1 star19 star14)
 246: (turn_to satellite4 star21 groundstation28)
 247: (turn_to satellite1 star25 star19)
 248: (turn_to satellite1 groundstation0 star25)
 249: (turn_to satellite1 star48 groundstation0)
 250: (turn_to satellite1 star6 star48)
 251: (turn_to satellite1 groundstation13 star6)
 252: (turn_to satellite1 star57 groundstation13)
 253: (turn_to satellite1 groundstation29 star57)
 254: (turn_to satellite1 groundstation37 groundstation29)
 255: (turn_to satellite1 groundstation44 groundstation37)
 256: (turn_to satellite1 groundstation55 groundstation44)
 257: (turn_to satellite1 star14 groundstation55)
 258: (turn_to satellite1 groundstation20 star14)
 259: (turn_to satellite1 star3 groundstation20)
 260: (turn_to satellite4 star33 star21)
 261: (turn_to satellite1 star48 star3)
 262: (turn_to satellite1 groundstation0 star48)
 263: (turn_to satellite4 groundstation8 star33)
 264: (turn_to satellite1 groundstation13 groundstation0)
 265: (turn_to satellite1 star48 groundstation13)
 266: (turn_to satellite4 star16 groundstation8)
 267: (turn_to satellite4 planet87 star16)
 268: (turn_to satellite4 groundstation39 planet87)
 269: (turn_to satellite1 groundstation13 star48)
 270: (turn_to satellite1 groundstation0 groundstation13)
 271: (turn_to satellite1 groundstation37 groundstation0)
 272: (turn_to satellite1 star25 groundstation37)
 273: (turn_to satellite4 star16 groundstation39)
 274: (turn_to satellite4 planet87 star16)
 275: (turn_to satellite4 groundstation8 planet87)
 276: (turn_to satellite4 groundstation47 groundstation8)
 277: (turn_to satellite1 groundstation0 star25)
 278: (turn_to satellite1 star48 groundstation0)
 279: (turn_to satellite1 groundstation13 star48)
 280: (turn_to satellite1 star57 groundstation13)
 281: (turn_to satellite1 groundstation29 star57)
 282: (turn_to satellite1 groundstation44 groundstation29)
 283: (turn_to satellite1 groundstation37 groundstation44)
 284: (turn_to satellite1 star6 groundstation37)
 285: (turn_to satellite4 groundstation8 groundstation47)
 286: (turn_to satellite4 star16 groundstation8)
 287: (turn_to satellite4 planet87 star16)
 288: (turn_to satellite1 groundstation0 star6)
 289: (turn_to satellite4 star16 planet87)
 290: (turn_to satellite1 star57 groundstation0)
 291: (turn_to satellite4 planet87 star16)
 292: (turn_to satellite4 groundstation8 planet87)
 293: (turn_to satellite1 groundstation44 star57)
 294: (turn_to satellite4 star16 groundstation8)
 295: (turn_to satellite4 planet87 star16)
 296: (switch_off instrument8 satellite1)
 297: (turn_to satellite1 groundstation0 groundstation44)
 298: (switch_on instrument17 satellite4)
 299: (switch_on instrument8 satellite1)
 300: (turn_to satellite4 groundstation47 planet87)
 301: (turn_to satellite1 star48 groundstation0)
 302: (turn_to satellite1 star57 star48)
 303: (turn_to satellite1 star3 star57)
 304: (turn_to satellite1 groundstation13 star3)
 305: (turn_to satellite1 groundstation29 groundstation13)
 306: (turn_to satellite1 star25 groundstation29)
 307: (turn_to satellite4 star21 groundstation47)
 308: (turn_to satellite1 groundstation0 star25)
 309: (turn_to satellite1 star48 groundstation0)
 310: (turn_to satellite1 star6 star48)
 311: (turn_to satellite1 star3 star6)
 312: (turn_to satellite1 groundstation29 star3)
 313: (turn_to satellite1 star57 groundstation29)
 314: (turn_to satellite1 groundstation13 star57)
 315: (turn_to satellite4 groundstation39 star21)
 316: (turn_to satellite4 groundstation13 groundstation39)
 317: (turn_to satellite1 groundstation28 groundstation13)
 318: (turn_to satellite1 groundstation39 groundstation28)
 319: (turn_to satellite1 star21 groundstation39)
 320: (turn_to satellite4 star6 groundstation13)
 321: (turn_to satellite4 planet61 star6)
 322: (turn_to satellite1 planet61 star21)
 323: (turn_to satellite1 groundstation8 planet61)
 324: (turn_to satellite4 groundstation0 planet61)
 325: (turn_to satellite4 groundstation13 groundstation0)
 326: (turn_to satellite1 star16 groundstation8)
 327: (turn_to satellite4 star57 groundstation13)
 328: (switch_off instrument17 satellite4)
 329: (turn_to satellite4 star3 star57)
 330: (turn_to satellite4 star6 star3)
 331: (turn_to satellite4 groundstation55 star6)
 332: (turn_to satellite4 star19 groundstation55)
 333: (turn_to satellite4 star25 star19)
 334: (take_image satellite3 planet69 instrument12 infrared0)
 335: (take_image satellite3 planet69 instrument12 image3)
 336: (turn_to satellite4 star6 star25)
 337: (turn_to satellite4 star57 star6)
 338: (turn_to satellite4 star19 star57)
 339: (turn_to satellite4 star3 star19)
 340: (switch_off instrument8 satellite1)
 341: (turn_to satellite4 planet69 star3)
 342: (turn_to satellite4 star48 planet69)
 343: (switch_on instrument17 satellite4)
 344: (turn_to satellite4 planet61 star48)
 345: (turn_to satellite1 star21 star16)
 346: (turn_to satellite1 star33 star21)
 347: (turn_to satellite1 groundstation13 star33)
 348: (turn_to satellite4 star60 planet61)
 349: (turn_to satellite4 star64 star60)
 350: (switch_on instrument8 satellite1)
 351: (turn_to satellite4 groundstation13 star64)
 352: (turn_to satellite1 groundstation28 groundstation13)
 353: (turn_to satellite4 star48 groundstation13)
 354: (turn_to satellite4 planet61 star48)
 355: (turn_to satellite1 star21 groundstation28)
 356: (turn_to satellite1 planet61 star21)
 357: (turn_to satellite1 groundstation8 planet61)
 358: (turn_to satellite1 star33 groundstation8)
 359: (turn_to satellite1 star6 star33)
 360: (turn_to satellite4 star21 planet61)
 361: (turn_to satellite1 groundstation0 star6)
 362: (turn_to satellite1 star48 groundstation0)
 363: (turn_to satellite1 star3 star48)
 364: (turn_to satellite1 star25 star3)
 365: (turn_to satellite1 groundstation13 star25)
 366: (turn_to satellite1 groundstation29 groundstation13)
 367: (turn_to satellite1 star57 groundstation29)
 368: (turn_to satellite1 star14 star57)
 369: (turn_to satellite1 groundstation55 star14)
 370: (turn_to satellite1 groundstation44 groundstation55)
 371: (turn_to satellite1 groundstation37 groundstation44)
 372: (turn_to satellite1 groundstation20 groundstation37)
 373: (turn_to satellite1 star41 groundstation20)
 374: (turn_to satellite4 planet62 star21)
 375: (turn_to satellite4 star60 planet62)
 376: (turn_to satellite1 groundstation0 star41)
 377: (turn_to satellite4 groundstation28 star60)
 378: (turn_to satellite1 groundstation13 groundstation0)
 379: (turn_to satellite1 star48 groundstation13)
 380: (turn_to satellite1 groundstation44 star48)
 381: (turn_to satellite1 star3 groundstation44)
 382: (turn_to satellite1 star25 star3)
 383: (turn_to satellite1 star57 star25)
 384: (turn_to satellite1 star6 star57)
 385: (turn_to satellite1 groundstation29 star6)
 386: (turn_to satellite1 groundstation55 groundstation29)
 387: (turn_to satellite1 groundstation37 groundstation55)
 388: (switch_off instrument17 satellite4)
 389: (turn_to satellite1 groundstation13 groundstation37)
 390: (turn_to satellite1 star48 groundstation13)
 391: (turn_to satellite1 star25 star48)
 392: (turn_to satellite1 groundstation0 star25)
 393: (turn_to satellite1 groundstation44 groundstation0)
 394: (turn_to satellite1 star57 groundstation44)
 395: (turn_to satellite1 groundstation55 star57)
 396: (turn_to satellite1 star6 groundstation55)
 397: (turn_to satellite1 star19 star6)
 398: (turn_to satellite1 groundstation29 star19)
 399: (turn_to satellite1 star14 groundstation29)
 400: (turn_to satellite1 groundstation20 star14)
 401: (turn_to satellite1 star41 groundstation20)
 402: (turn_to satellite1 star3 star41)
 403: (turn_to satellite4 groundstation8 groundstation28)
 404: (turn_to satellite1 groundstation13 star3)
 405: (turn_to satellite1 star48 groundstation13)
 406: (turn_to satellite1 groundstation0 star48)
 407: (turn_to satellite1 groundstation44 groundstation0)
 408: (turn_to satellite1 star25 groundstation44)
 409: (turn_to satellite4 star16 groundstation8)
 410: (turn_to satellite4 planet87 star16)
 411: (turn_to satellite1 groundstation0 star25)
 412: (switch_on instrument17 satellite4)
 413: (turn_to satellite1 star48 groundstation0)
 414: (turn_to satellite1 star25 star48)
 415: (turn_to satellite4 star16 planet87)
 416: (turn_to satellite4 groundstation47 star16)
 417: (switch_off instrument17 satellite4)
 418: (turn_to satellite1 groundstation0 star25)
 419: (turn_to satellite1 star48 groundstation0)
 420: (turn_to satellite1 groundstation44 star48)
 421: (turn_to satellite1 groundstation13 groundstation44)
 422: (turn_to satellite1 groundstation29 groundstation13)
 423: (turn_to satellite1 star57 groundstation29)
 424: (turn_to satellite1 star6 star57)
 425: (turn_to satellite1 groundstation37 star6)
 426: (turn_to satellite1 groundstation55 groundstation37)
 427: (turn_to satellite1 star19 groundstation55)
 428: (turn_to satellite4 groundstation8 groundstation47)
 429: (turn_to satellite1 star6 star19)
 430: (turn_to satellite4 star16 groundstation8)
 431: (turn_to satellite4 planet87 star16)
 432: (turn_to satellite1 star48 star6)
 433: (turn_to satellite4 groundstation39 planet87)
 434: (turn_to satellite1 groundstation0 star48)
 435: (turn_to satellite1 star25 groundstation0)
 436: (turn_to satellite1 groundstation13 star25)
 437: (turn_to satellite1 groundstation44 groundstation13)
 438: (turn_to satellite1 groundstation37 groundstation44)
 439: (turn_to satellite1 groundstation55 groundstation37)
 440: (turn_to satellite1 groundstation29 groundstation55)
 441: (turn_to satellite1 star57 groundstation29)
 442: (turn_to satellite1 star6 star57)
 443: (turn_to satellite4 star21 groundstation39)
 444: (turn_to satellite1 star25 star6)
 445: (turn_to satellite1 groundstation0 star25)
 446: (turn_to satellite1 groundstation13 groundstation0)
 447: (turn_to satellite1 star48 groundstation13)
 448: (turn_to satellite1 groundstation37 star48)
 449: (turn_to satellite1 star19 groundstation37)
 450: (turn_to satellite1 groundstation44 star19)
 451: (turn_to satellite1 groundstation29 groundstation44)
 452: (turn_to satellite1 star57 groundstation29)
 453: (turn_to satellite1 groundstation55 star57)
 454: (turn_to satellite1 groundstation20 groundstation55)
 455: (turn_to satellite1 star14 groundstation20)
 456: (turn_to satellite1 star3 star14)
 457: (turn_to satellite4 star33 star21)
 458: (turn_to satellite1 groundstation44 star3)
 459: (turn_to satellite1 groundstation0 groundstation44)
 460: (turn_to satellite1 star48 groundstation0)
 461: (turn_to satellite1 groundstation13 star48)
 462: (turn_to satellite1 star25 groundstation13)
 463: (turn_to satellite1 star19 star25)
 464: (turn_to satellite1 groundstation37 star19)
 465: (turn_to satellite1 groundstation55 groundstation37)
 466: (turn_to satellite1 star6 groundstation55)
 467: (turn_to satellite1 groundstation20 star6)
 468: (turn_to satellite1 star57 groundstation20)
 469: (turn_to satellite1 groundstation29 star57)
 470: (turn_to satellite1 star14 groundstation29)
 471: (turn_to satellite1 star41 star14)
 472: (turn_to satellite4 star60 star33)
 473: (turn_to satellite4 groundstation8 star60)
 474: (turn_to satellite1 star57 star41)
 475: (turn_to satellite4 star16 groundstation8)
 476: (turn_to satellite4 planet87 star16)
 477: (switch_on instrument17 satellite4)
 478: (turn_to satellite1 star41 star57)
 479: (turn_to satellite1 star6 star41)
 480: (turn_to satellite4 planet62 planet87)
 481: (turn_to satellite4 star6 planet62)
 482: (turn_to satellite1 star21 star6)
 483: (switch_off instrument17 satellite4)
 484: (turn_to satellite4 star19 star6)
 485: (turn_to satellite4 star25 star19)
 486: (switch_on instrument17 satellite4)
 487: (turn_to satellite4 star64 star25)
 488: (turn_to satellite4 star60 star64)
 489: (turn_to satellite4 star21 star60)
 490: (turn_to satellite1 planet61 star21)
 491: (turn_to satellite1 star60 planet61)
 492: (turn_to satellite4 star57 star21)
 493: (switch_off instrument17 satellite4)
 494: (turn_to satellite1 groundstation47 star60)
 495: (turn_to satellite4 groundstation55 star57)
 496: (turn_to satellite4 planet87 groundstation55)
 497: (turn_to satellite1 star21 groundstation47)
 498: (turn_to satellite1 star19 star21)
 499: (turn_to satellite4 star16 planet87)
 500: (turn_to satellite1 groundstation44 star19)
 501: (turn_to satellite4 planet87 star16)
 502: (switch_on instrument17 satellite4)
 503: (turn_to satellite1 groundstation29 groundstation44)
 504: (turn_to satellite1 groundstation28 groundstation29)
 505: (turn_to satellite1 star21 groundstation28)
 506: (turn_to satellite1 planet61 star21)
 507: (turn_to satellite1 groundstation8 planet61)
 508: (turn_to satellite1 star33 groundstation8)
 509: (turn_to satellite1 star60 star33)
 510: (turn_to satellite1 groundstation13 star60)
 511: (turn_to satellite4 planet62 planet87)
 512: (turn_to satellite4 star60 planet62)
 513: (turn_to satellite4 planet61 star60)
 514: (turn_to satellite4 groundstation39 planet61)
 515: (turn_to satellite1 groundstation0 groundstation13)
 516: (turn_to satellite1 star48 groundstation0)
 517: (turn_to satellite1 star3 star48)
 518: (turn_to satellite4 star3 groundstation39)
 519: (turn_to satellite1 groundstation28 star3)
 520: (turn_to satellite4 star60 star3)
 521: (turn_to satellite4 phenomenon63 star60)
 522: (turn_to satellite4 star6 phenomenon63)
 523: (turn_to satellite4 star64 star6)
 524: (turn_to satellite4 groundstation0 star64)
 525: (switch_off instrument17 satellite4)
 526: (switch_off instrument8 satellite1)
 527: (turn_to satellite4 planet69 groundstation0)
 528: (turn_to satellite4 planet61 planet69)
 529: (turn_to satellite1 star21 groundstation28)
 530: (turn_to satellite4 planet87 planet61)
 531: (turn_to satellite1 groundstation13 star21)
 532: (switch_on instrument8 satellite1)
 533: (turn_to satellite4 star32 planet87)
 534: (turn_to satellite1 groundstation0 groundstation13)
 535: (turn_to satellite1 star25 groundstation0)
 536: (turn_to satellite1 star48 star25)
 537: (turn_to satellite1 groundstation44 star48)
 538: (turn_to satellite1 star6 groundstation44)
 539: (turn_to satellite1 star57 star6)
 540: (turn_to satellite1 groundstation29 star57)
 541: (turn_to satellite1 star19 groundstation29)
 542: (turn_to satellite1 groundstation55 star19)
 543: (turn_to satellite1 groundstation20 groundstation55)
 544: (turn_to satellite1 groundstation37 groundstation20)
 545: (turn_to satellite1 star41 groundstation37)
 546: (turn_to satellite1 star14 star41)
 547: (turn_to satellite1 star3 star14)
 548: (turn_to satellite4 planet62 star32)
 549: (turn_to satellite4 planet65 planet62)
 550: (turn_to satellite4 star60 planet65)
 551: (turn_to satellite4 star64 star60)
 552: (turn_to satellite4 groundstation39 star64)
 553: (turn_to satellite4 phenomenon68 groundstation39)
 554: (turn_to satellite1 star48 star3)
 555: (turn_to satellite4 star16 phenomenon68)
 556: (turn_to satellite1 groundstation0 star48)
 557: (turn_to satellite4 planet95 star16)
 558: (turn_to satellite4 star59 planet95)
 559: (turn_to satellite1 groundstation13 groundstation0)
 560: (turn_to satellite1 groundstation44 groundstation13)
 561: (turn_to satellite1 star25 groundstation44)
 562: (turn_to satellite1 star48 star25)
 563: (turn_to satellite1 groundstation37 star48)
 564: (turn_to satellite1 star6 groundstation37)
 565: (turn_to satellite1 groundstation55 star6)
 566: (turn_to satellite1 star57 groundstation55)
 567: (turn_to satellite1 groundstation29 star57)
 568: (turn_to satellite1 star19 groundstation29)
 569: (turn_to satellite4 star64 star59)
 570: (turn_to satellite4 star60 star64)
 571: (turn_to satellite4 star19 star60)
 572: (turn_to satellite1 groundstation28 star19)
 573: (turn_to satellite1 star33 groundstation28)
 574: (turn_to satellite4 star57 star19)
 575: (turn_to satellite4 groundstation55 star57)
 576: (turn_to satellite4 groundstation44 groundstation55)
 577: (turn_to satellite4 star6 groundstation44)
 578: (turn_to satellite1 star6 star33)
 579: (turn_to satellite1 groundstation47 star6)
 580: (switch_on instrument17 satellite4)
 581: (turn_to satellite4 star57 star6)
 582: (switch_off instrument8 satellite1)
 583: (switch_off instrument17 satellite4)
 584: (turn_to satellite4 planet87 star57)
 585: (turn_to satellite1 star6 groundstation47)
 586: (turn_to satellite1 groundstation0 star6)
 587: (switch_on instrument17 satellite4)
 588: (turn_to satellite1 star48 groundstation0)
 589: (turn_to satellite1 star25 star48)
 590: (turn_to satellite4 star21 planet87)
 591: (turn_to satellite1 groundstation13 star25)
 592: (turn_to satellite4 planet65 star21)
 593: (turn_to satellite4 planet62 planet65)
 594: (turn_to satellite4 groundstation13 planet62)
 595: (turn_to satellite1 star16 groundstation13)
 596: (switch_on instrument8 satellite1)
 597: (turn_to satellite4 star57 groundstation13)
 598: (turn_to satellite4 planet61 star57)
 599: (turn_to satellite4 star25 planet61)
 600: (turn_to satellite4 star60 star25)
 601: (turn_to satellite4 star64 star60)
 602: (turn_to satellite4 star6 star64)
 603: (turn_to satellite4 groundstation55 star6)
 604: (switch_off instrument17 satellite4)
 605: (turn_to satellite4 planet69 groundstation55)
 606: (turn_to satellite4 groundstation0 planet69)
 607: (turn_to satellite4 groundstation44 groundstation0)
 608: (turn_to satellite1 star21 star16)
 609: (turn_to satellite4 groundstation0 groundstation44)
 610: (turn_to satellite4 planet69 groundstation0)
 611: (turn_to satellite4 planet61 planet69)
 612: (turn_to satellite4 star57 planet61)
 613: (switch_off instrument8 satellite1)
 614: (turn_to satellite4 planet69 star57)
 615: (turn_to satellite4 star21 planet69)
 616: (turn_to satellite4 groundstation0 star21)
 617: (turn_to satellite4 star67 groundstation0)
 618: (turn_to satellite4 star48 star67)
 619: (switch_on instrument8 satellite1)
 620: (switch_on instrument17 satellite4)
 621: (switch_off instrument8 satellite1)
 622: (turn_to satellite4 star60 star48)
 623: (turn_to satellite4 phenomenon63 star60)
 624: (turn_to satellite4 star6 phenomenon63)
 625: (turn_to satellite4 star64 star6)
 626: (turn_to satellite4 groundstation0 star64)
 627: (switch_on instrument8 satellite1)
 628: (turn_to satellite1 groundstation8 star21)
 629: (turn_to satellite4 star3 groundstation0)
 630: (turn_to satellite1 star33 groundstation8)
 631: (switch_off instrument17 satellite4)
 632: (switch_off instrument8 satellite1)
 633: (turn_to satellite1 groundstation8 star33)
 634: (switch_on instrument8 satellite1)
 635: (turn_to satellite4 star67 star3)
 636: (turn_to satellite1 star3 groundstation8)
 637: (turn_to satellite4 star3 star67)
 638: (turn_to satellite1 star21 star3)
 639: (turn_to satellite4 star67 star3)
 640: (turn_to satellite4 groundstation55 star67)
 641: (turn_to satellite4 groundstation13 groundstation55)
 642: (switch_on instrument17 satellite4)
 643: (switch_off instrument8 satellite1)
 644: (turn_to satellite4 star57 groundstation13)
 645: (switch_on instrument8 satellite1)
 646: (turn_to satellite4 phenomenon63 star57)
 647: (turn_to satellite4 star3 phenomenon63)
 648: (switch_off instrument8 satellite1)
 649: (switch_off instrument17 satellite4)
 650: (turn_to satellite4 star19 star3)
 651: (turn_to satellite4 groundstation20 star19)
 652: (switch_on instrument8 satellite1)
 653: (turn_to satellite1 star33 star21)
 654: (turn_to satellite4 star25 groundstation20)
 655: (turn_to satellite4 groundstation0 star25)
 656: (switch_on instrument17 satellite4)
 657: (turn_to satellite4 groundstation55 groundstation0)
 658: (turn_to satellite4 star57 groundstation55)
 659: (switch_off instrument8 satellite1)
 660: (turn_to satellite4 star48 star57)
 661: (switch_off instrument17 satellite4)
 662: (switch_on instrument8 satellite1)
 663: (turn_to satellite4 planet87 star48)
 664: (turn_to satellite1 star3 star33)
 665: (turn_to satellite1 groundstation29 star3)
 666: (turn_to satellite1 groundstation55 groundstation29)
 667: (switch_on instrument17 satellite4)
 668: (turn_to satellite4 planet62 planet87)
 669: (turn_to satellite4 star33 planet62)
 670: (turn_to satellite1 star3 groundstation55)
 671: (turn_to satellite1 groundstation0 star3)
 672: (turn_to satellite4 groundstation8 star33)
 673: (turn_to satellite1 groundstation13 groundstation0)
 674: (turn_to satellite1 star48 groundstation13)
 675: (turn_to satellite1 star6 star48)
 676: (turn_to satellite1 star25 star6)
 677: (turn_to satellite1 groundstation44 star25)
 678: (turn_to satellite1 star3 groundstation44)
 679: (turn_to satellite1 star57 star3)
 680: (turn_to satellite1 groundstation29 star57)
 681: (turn_to satellite1 groundstation55 groundstation29)
 682: (turn_to satellite1 star41 groundstation55)
 683: (turn_to satellite1 groundstation20 star41)
 684: (turn_to satellite1 star14 groundstation20)
 685: (turn_to satellite1 groundstation37 star14)
 686: (switch_off instrument17 satellite4)
 687: (turn_to satellite1 groundstation29 groundstation37)
 688: (turn_to satellite1 groundstation55 groundstation29)
 689: (turn_to satellite4 star16 groundstation8)
 690: (turn_to satellite1 planet87 groundstation55)
 691: (turn_to satellite4 groundstation13 star16)
 692: (switch_on instrument17 satellite4)
 693: (turn_to satellite1 star60 planet87)
 694: (turn_to satellite1 planet62 star60)
 695: (turn_to satellite1 star64 planet62)
 696: (turn_to satellite1 groundstation39 star64)
 697: (switch_off instrument8 satellite1)
 698: (turn_to satellite1 groundstation8 groundstation39)
 699: (switch_on instrument8 satellite1)
 700: (turn_to satellite1 planet61 groundstation8)
 701: (turn_to satellite1 groundstation47 planet61)
 702: (switch_off instrument8 satellite1)
 703: (turn_to satellite1 star60 groundstation47)
 704: (turn_to satellite1 planet62 star60)
 705: (turn_to satellite1 star64 planet62)
 706: (turn_to satellite1 star32 star64)
 707: (switch_on instrument8 satellite1)
 708: (turn_to satellite4 star57 groundstation13)
 709: (switch_off instrument17 satellite4)
 710: (turn_to satellite4 planet87 star57)
 711: (turn_to satellite1 groundstation20 star32)
 712: (turn_to satellite1 star41 groundstation20)
 713: (switch_off instrument8 satellite1)
 714: (turn_to satellite1 star48 star41)
 715: (switch_on instrument7 satellite1)
 716: (turn_to satellite1 groundstation0 star48)
 717: (switch_on instrument17 satellite4)
 718: (turn_to satellite1 star48 groundstation0)
 719: (turn_to satellite1 star25 star48)
 720: (turn_to satellite1 star6 star25)
 721: (turn_to satellite1 star57 star6)
 722: (turn_to satellite1 groundstation29 star57)
 723: (turn_to satellite1 groundstation13 groundstation29)
 724: (turn_to satellite4 groundstation13 planet87)
 725: (turn_to satellite1 star16 groundstation13)
 726: (turn_to satellite4 star57 groundstation13)
 727: (switch_off instrument17 satellite4)
 728: (turn_to satellite4 star3 star57)
 729: (turn_to satellite4 star48 star3)
 730: (switch_on instrument17 satellite4)
 731: (turn_to satellite4 planet61 star48)
 732: (turn_to satellite1 star21 star16)
 733: (turn_to satellite1 planet61 star21)
 734: (turn_to satellite1 planet87 planet61)
 735: (turn_to satellite1 groundstation8 planet87)
 736: (turn_to satellite1 star33 groundstation8)
 737: (turn_to satellite1 star64 star33)
 738: (turn_to satellite4 star57 planet61)
 739: (switch_off instrument17 satellite4)
 740: (turn_to satellite4 planet87 star57)
 741: (turn_to satellite1 star21 star64)
 742: (turn_to satellite1 star6 star21)
 743: (turn_to satellite1 groundstation13 star6)
 744: (turn_to satellite1 star25 groundstation13)
 745: (turn_to satellite1 star57 star25)
 746: (turn_to satellite1 groundstation29 star57)
 747: (turn_to satellite1 star3 groundstation29)
 748: (turn_to satellite4 star33 planet87)
 749: (turn_to satellite1 groundstation0 star3)
 750: (turn_to satellite1 star48 groundstation0)
 751: (turn_to satellite1 groundstation44 star48)
 752: (turn_to satellite1 star25 groundstation44)
 753: (turn_to satellite1 groundstation37 star25)
 754: (turn_to satellite1 groundstation13 groundstation37)
 755: (turn_to satellite1 groundstation29 groundstation13)
 756: (turn_to satellite1 star57 groundstation29)
 757: (turn_to satellite1 star6 star57)
 758: (turn_to satellite1 star19 star6)
 759: (turn_to satellite4 star60 star33)
 760: (turn_to satellite4 star64 star60)
 761: (turn_to satellite1 groundstation0 star19)
 762: (turn_to satellite4 groundstation8 star64)
 763: (turn_to satellite1 groundstation13 groundstation0)
 764: (turn_to satellite1 star48 groundstation13)
 765: (turn_to satellite1 groundstation44 star48)
 766: (turn_to satellite1 star25 groundstation44)
 767: (turn_to satellite4 star16 groundstation8)
 768: (turn_to satellite1 star57 star25)
 769: (turn_to satellite1 groundstation0 star57)
 770: (turn_to satellite4 star21 star16)
 771: (turn_to satellite1 star25 groundstation0)
 772: (turn_to satellite1 star48 star25)
 773: (turn_to satellite1 star6 star48)
 774: (turn_to satellite1 groundstation13 star6)
 775: (turn_to satellite1 star57 groundstation13)
 776: (turn_to satellite1 groundstation29 star57)
 777: (turn_to satellite1 groundstation37 groundstation29)
 778: (turn_to satellite1 star19 groundstation37)
 779: (turn_to satellite1 groundstation20 star19)
 780: (turn_to satellite1 groundstation44 groundstation20)
 781: (turn_to satellite1 star14 groundstation44)
 782: (turn_to satellite1 star3 star14)
 783: (turn_to satellite4 star64 star21)
 784: (turn_to satellite4 star60 star64)
 785: (turn_to satellite4 groundstation8 star60)
 786: (turn_to satellite4 planet65 groundstation8)
 787: (turn_to satellite1 groundstation0 star3)
 788: (turn_to satellite4 star32 planet65)
 789: (turn_to satellite1 star25 groundstation0)
 790: (turn_to satellite1 star48 star25)
 791: (turn_to satellite1 groundstation13 star48)
 792: (turn_to satellite1 star6 groundstation13)
 793: (turn_to satellite1 star57 star6)
 794: (turn_to satellite1 groundstation44 star57)
 795: (turn_to satellite1 groundstation29 groundstation44)
 796: (turn_to satellite1 star19 groundstation29)
 797: (turn_to satellite1 groundstation20 star19)
 798: (turn_to satellite1 groundstation37 groundstation20)
 799: (turn_to satellite1 star14 groundstation37)
 800: (turn_to satellite1 star3 star14)
 801: (turn_to satellite4 planet62 star32)
 802: (turn_to satellite1 groundstation0 star3)
 803: (turn_to satellite4 star59 planet62)
 804: (turn_to satellite1 groundstation13 groundstation0)
 805: (turn_to satellite1 star48 groundstation13)
 806: (turn_to satellite1 groundstation37 star48)
 807: (turn_to satellite1 star25 groundstation37)
 808: (turn_to satellite1 groundstation44 star25)
 809: (turn_to satellite1 star57 groundstation44)
 810: (turn_to satellite1 groundstation29 star57)
 811: (turn_to satellite1 star14 groundstation29)
 812: (turn_to satellite1 star6 star14)
 813: (turn_to satellite1 star19 star6)
 814: (turn_to satellite4 phenomenon68 star59)
 815: (turn_to satellite1 groundstation0 star19)
 816: (turn_to satellite1 star48 groundstation0)
 817: (turn_to satellite4 star16 phenomenon68)
 818: (turn_to satellite4 planet95 star16)
 819: (turn_to satellite1 groundstation0 star48)
 820: (turn_to satellite1 groundstation13 groundstation0)
 821: (turn_to satellite1 star25 groundstation13)
 822: (turn_to satellite1 groundstation44 star25)
 823: (turn_to satellite4 star16 planet95)
 824: (turn_to satellite4 planet87 star16)
 825: (switch_on instrument17 satellite4)
 826: (turn_to satellite1 star3 groundstation44)
 827: (turn_to satellite4 groundstation8 planet87)
 828: (turn_to satellite1 groundstation0 star3)
 829: (turn_to satellite1 groundstation13 groundstation0)
 830: (turn_to satellite1 star48 groundstation13)
 831: (turn_to satellite1 star25 star48)
 832: (turn_to satellite4 star16 groundstation8)
 833: (turn_to satellite1 star57 star25)
 834: (turn_to satellite4 star21 star16)
 835: (turn_to satellite1 groundstation0 star57)
 836: (turn_to satellite1 star6 groundstation0)
 837: (turn_to satellite1 star48 star6)
 838: (turn_to satellite1 groundstation13 star48)
 839: (turn_to satellite1 star25 groundstation13)
 840: (turn_to satellite1 star3 star25)
 841: (turn_to satellite1 groundstation29 star3)
 842: (turn_to satellite1 star14 groundstation29)
 843: (turn_to satellite1 groundstation44 star14)
 844: (turn_to satellite1 groundstation37 groundstation44)
 845: (turn_to satellite1 groundstation20 groundstation37)
 846: (turn_to satellite4 groundstation8 star21)
 847: (turn_to satellite1 star6 groundstation20)
 848: (turn_to satellite1 groundstation44 star6)
 849: (turn_to satellite1 star57 groundstation44)
 850: (turn_to satellite1 groundstation29 star57)
 851: (turn_to satellite1 star14 groundstation29)
 852: (turn_to satellite4 star33 groundstation8)
 853: (turn_to satellite1 star3 star14)
 854: (turn_to satellite1 groundstation0 star3)
 855: (turn_to satellite4 star16 star33)
 856: (turn_to satellite4 phenomenon80 star16)
 857: (switch_off instrument7 satellite1)
 858: (switch_on instrument8 satellite1)
 859: (turn_to satellite4 star16 phenomenon80)
 860: (turn_to satellite4 groundstation47 star16)
 861: (turn_to satellite1 groundstation13 groundstation0)
 862: (turn_to satellite1 star48 groundstation13)
 863: (turn_to satellite1 star3 star48)
 864: (turn_to satellite1 groundstation29 star3)
 865: (turn_to satellite1 star57 groundstation29)
 866: (turn_to satellite1 groundstation37 star57)
 867: (turn_to satellite1 groundstation44 groundstation37)
 868: (turn_to satellite1 star6 groundstation44)
 869: (turn_to satellite4 planet65 groundstation47)
 870: (turn_to satellite4 star60 planet65)
 871: (turn_to satellite4 star16 star60)
 872: (turn_to satellite1 star57 star6)
 873: (turn_to satellite4 star33 star16)
 874: (turn_to satellite1 groundstation44 star57)
 875: (turn_to satellite1 star48 groundstation44)
 876: (turn_to satellite4 star16 star33)
 877: (turn_to satellite4 planet95 star16)
 878: (turn_to satellite2 planet87 planet95)
 879: (take_image satellite2 planet87 instrument10 thermograph1)
 880: (turn_to satellite1 groundstation13 star48)
 881: (switch_off instrument8 satellite1)
 882: (turn_to satellite2 planet69 planet87)
 883: (turn_to satellite3 planet95 planet69)
 884: (take_image satellite2 planet69 instrument10 infrared4)
 885: (turn_to satellite4 star59 planet95)
 886: (turn_to satellite2 planet95 planet69)
 887: (switch_off instrument4 satellite0)
 888: (turn_to satellite4 star16 star59)
 889: (turn_to satellite1 star57 groundstation13)
 890: (turn_to satellite1 star16 star57)
 891: (switch_off instrument17 satellite4)
 892: (turn_to satellite1 star57 star16)
 893: (switch_on instrument4 satellite0)
 894: (turn_to satellite1 groundstation0 star57)
 895: (turn_to satellite1 groundstation55 groundstation0)
 896: (turn_to satellite1 groundstation29 groundstation55)
 897: (turn_to satellite1 star48 groundstation29)
 898: (switch_on instrument8 satellite1)
 899: (turn_to satellite1 star57 star48)
 900: (turn_to satellite1 groundstation0 star57)
 901: (turn_to satellite1 groundstation55 groundstation0)
 902: (turn_to satellite1 star14 groundstation55)
 903: (turn_to satellite1 groundstation29 star14)
 904: (turn_to satellite1 planet87 groundstation29)
 905: (take_image satellite3 planet95 instrument12 image3)
 906: (turn_to satellite3 groundstation38 planet95)
