/u/ibrahim.eisawy/Neural-Guided-Search/venv/lib/python3.10/site-packages/pymimir_rgnn/model.py:151: UserWarning: index_reduce() is in beta and the API may change at any time. (Triggered internally at /pytorch/aten/src/ATen/native/cuda/Indexing.cu:1541.)
  max_msg.index_reduce_(0, output_indices, output_messages, reduce='amax', include_self=True)
Torch: 2.12.0+cu130
Using GPU:  NVIDIA L40S
88.021: (switch_on instrument6 satellite1)
75.405: (calibrate satellite1 instrument6 star23)
72.101: (switch_on instrument17 satellite5)
70.006: (turn_to satellite5 groundstation42 star2)
63.647: (calibrate satellite5 instrument17 groundstation42)
62.601: (turn_to satellite1 planet64 star23)
61.872: (take_image satellite1 planet64 instrument6 infrared2)
61.137: (turn_to satellite1 star80 planet64)
59.790: (take_image satellite1 star80 instrument6 thermograph1)
59.074: (turn_to satellite1 planet92 star80)
58.487: (turn_to satellite0 star34 star59)
57.868: (turn_to satellite4 planet61 planet63)
57.567: (turn_to satellite5 phenomenon60 groundstation42)
57.253: (turn_to satellite2 star21 groundstation44)
57.117: (turn_to satellite3 groundstation8 groundstation53)
57.006: (take_image satellite5 phenomenon60 instrument17 spectrograph0)
56.944: (turn_to satellite5 star96 phenomenon60)
56.990: (turn_to satellite5 phenomenon67 star96)
56.990: (turn_to satellite5 phenomenon68 phenomenon67)
57.003: (turn_to satellite5 star69 phenomenon68)
57.007: (turn_to satellite5 star75 star69)
57.007: (turn_to satellite5 star85 star75)
57.007: (turn_to satellite5 planet86 star85)
57.007: (turn_to satellite5 planet100 planet86)
57.036: (take_image satellite1 planet92 instrument6 infrared3)
56.999: (turn_to satellite5 phenomenon67 planet100)
56.999: (turn_to satellite5 phenomenon68 phenomenon67)
57.010: (turn_to satellite5 star69 phenomenon68)
57.010: (turn_to satellite5 star75 star69)
57.010: (turn_to satellite5 star85 star75)
57.010: (turn_to satellite5 planet86 star85)
57.010: (turn_to satellite5 star96 planet86)
57.011: (turn_to satellite1 planet63 planet92)
56.981: (turn_to satellite2 groundstation39 star21)
56.975: (take_image satellite5 star96 instrument17 infrared3)
56.938: (turn_to satellite5 phenomenon60 star96)
56.963: (turn_to satellite5 star76 phenomenon60)
56.934: (take_image satellite1 planet63 instrument6 infrared3)
56.911: (turn_to satellite1 planet100 planet63)
56.331: (take_image satellite1 planet100 instrument6 infrared2)
55.706: (turn_to satellite1 phenomenon104 planet100)
54.936: (take_image satellite1 phenomenon104 instrument6 infrared3)
54.287: (turn_to satellite1 planet65 phenomenon104)
54.059: (turn_to satellite2 star48 groundstation39)
54.027: (turn_to satellite5 star85 star76)
54.027: (turn_to satellite5 planet86 star85)
54.035: (turn_to satellite5 phenomenon67 planet86)
54.035: (turn_to satellite5 phenomenon68 phenomenon67)
54.035: (turn_to satellite5 star69 phenomenon68)
54.035: (turn_to satellite5 star75 star69)
54.040: (turn_to satellite5 star81 star75)
53.921: (turn_to satellite5 phenomenon62 star81)
53.336: (take_image satellite5 phenomenon62 instrument17 infrared3)
52.629: (turn_to satellite5 planet102 phenomenon62)
51.633: (take_image satellite5 planet102 instrument17 image4)
50.970: (turn_to satellite5 planet70 planet102)
49.925: (take_image satellite5 planet70 instrument17 spectrograph0)
49.144: (turn_to satellite5 star99 planet70)
48.529: (take_image satellite5 star99 instrument17 spectrograph0)
47.842: (turn_to satellite5 phenomenon71 star99)
47.231: (take_image satellite5 phenomenon71 instrument17 spectrograph0)
46.529: (turn_to satellite5 phenomenon72 phenomenon71)
45.914: (take_image satellite5 phenomenon72 instrument17 spectrograph0)
45.208: (turn_to satellite5 star79 phenomenon72)
44.613: (take_image satellite5 star79 instrument17 spectrograph0)
43.887: (turn_to satellite5 star97 star79)
43.311: (take_image satellite5 star97 instrument17 spectrograph0)
42.529: (turn_to satellite5 planet93 star97)
41.990: (take_image satellite5 planet93 instrument17 infrared3)
41.215: (turn_to satellite5 phenomenon87 planet93)
40.676: (take_image satellite5 phenomenon87 instrument17 infrared3)
39.896: (turn_to satellite5 phenomenon95 phenomenon87)
39.387: (take_image satellite5 phenomenon95 instrument17 spectrograph0)
38.562: (turn_to satellite5 planet88 phenomenon95)
38.072: (take_image satellite5 planet88 instrument17 spectrograph0)
37.238: (turn_to satellite5 planet66 planet88)
36.749: (take_image satellite5 planet66 instrument17 infrared3)
35.852: (turn_to satellite5 star73 planet66)
35.319: (take_image satellite5 star73 instrument17 infrared3)
34.581: (turn_to satellite5 star101 star73)
34.600: (turn_to satellite5 planet103 star101)
34.613: (turn_to satellite5 planet63 planet103)
34.158: (take_image satellite5 planet63 instrument17 spectrograph0)
33.182: (turn_to satellite5 star101 planet63)
33.202: (turn_to satellite5 planet103 star101)
33.211: (turn_to satellite5 phenomenon98 planet103)
32.732: (take_image satellite5 phenomenon98 instrument17 image4)
31.885: (turn_to satellite5 planet94 phenomenon98)
31.897: (turn_to satellite5 star101 planet94)
31.978: (turn_to satellite5 star96 star101)
32.021: (turn_to satellite5 star85 star96)
32.021: (turn_to satellite5 star75 star85)
32.021: (turn_to satellite5 planet86 star75)
32.022: (turn_to satellite5 phenomenon67 planet86)
32.022: (turn_to satellite5 phenomenon68 phenomenon67)
32.023: (turn_to satellite5 star69 phenomenon68)
32.031: (turn_to satellite5 star78 star69)
31.437: (take_image satellite5 star78 instrument17 image4)
30.587: (turn_to satellite5 phenomenon89 star78)
30.587: (turn_to satellite5 phenomenon90 phenomenon89)
30.587: (turn_to satellite5 star91 phenomenon90)
30.587: (turn_to satellite5 planet94 star91)
30.608: (turn_to satellite5 star101 planet94)
30.638: (turn_to satellite5 planet92 star101)
30.115: (take_image satellite5 planet92 instrument17 image4)
29.247: (turn_to satellite5 planet86 planet92)
29.382: (turn_to satellite5 star74 planet86)
28.828: (take_image satellite5 star74 instrument17 image4)
27.813: (turn_to satellite5 phenomenon84 star74)
27.248: (take_image satellite5 phenomenon84 instrument17 image4)
26.284: (turn_to satellite5 star85 phenomenon84)
26.406: (turn_to satellite1 phenomenon68 planet65)
25.793: (take_image satellite1 phenomenon68 instrument6 infrared2)
25.058: (turn_to satellite1 planet86 phenomenon68)
24.500: (take_image satellite1 planet86 instrument6 infrared2)
23.754: (turn_to satellite1 star75 planet86)
23.207: (take_image satellite1 star75 instrument6 infrared2)
22.469: (turn_to satellite1 planet65 star75)
22.467: (turn_to satellite1 phenomenon67 planet65)
21.913: (take_image satellite1 phenomenon67 instrument6 infrared2)
21.153: (turn_to satellite1 star69 phenomenon67)
20.613: (take_image satellite1 star69 instrument6 infrared2)
19.779: (turn_to satellite1 planet65 star69)
19.838: (turn_to satellite2 star12 star48)
19.839: (turn_to satellite2 star43 star12)
19.839: (turn_to satellite2 groundstation51 star43)
19.845: (turn_to satellite2 groundstation40 groundstation51)
19.871: (turn_to satellite2 groundstation8 groundstation40)
19.795: (turn_to satellite3 planet61 groundstation8)
19.451: (switch_on instrument13 satellite3)
19.362: (turn_to satellite4 groundstation40 planet61)
19.231: (turn_to satellite4 star43 groundstation40)
19.231: (turn_to satellite4 groundstation51 star43)
19.270: (turn_to satellite4 groundstation8 groundstation51)
19.269: (turn_to satellite4 star12 groundstation8)
19.269: (turn_to satellite4 star58 star12)
19.270: (turn_to satellite4 star48 star58)
19.282: (turn_to satellite4 groundstation15 star48)
19.283: (turn_to satellite4 star49 groundstation15)
19.284: (turn_to satellite4 groundstation52 star49)
19.293: (turn_to satellite4 star16 groundstation52)
19.317: (turn_to satellite4 star41 star16)
19.324: (turn_to satellite4 star26 star41)
19.331: (turn_to satellite4 phenomenon87 star26)
19.284: (turn_to satellite4 groundstation33 phenomenon87)
19.333: (turn_to satellite4 planet66 groundstation33)
19.331: (turn_to satellite4 star73 planet66)
19.338: (turn_to satellite4 star34 star73)
19.343: (turn_to satellite4 groundstation42 star34)
19.342: (turn_to satellite4 planet88 groundstation42)
19.343: (turn_to satellite4 star79 planet88)
19.344: (turn_to satellite4 phenomenon72 star79)
19.344: (turn_to satellite4 phenomenon71 phenomenon72)
19.344: (turn_to satellite4 planet70 phenomenon71)
19.346: (turn_to satellite4 groundstation29 planet70)
19.351: (turn_to satellite4 groundstation50 groundstation29)
19.358: (turn_to satellite4 groundstation10 groundstation50)
19.360: (turn_to satellite4 star4 groundstation10)
19.361: (turn_to satellite4 groundstation38 star4)
19.344: (turn_to satellite4 planet63 groundstation38)
19.500: (turn_to satellite4 star11 planet63)
19.363: (turn_to satellite4 groundstation47 star11)
19.363: (turn_to satellite4 groundstation53 groundstation47)
19.365: (turn_to satellite4 star18 groundstation53)
19.363: (turn_to satellite4 groundstation22 star18)
19.366: (turn_to satellite4 groundstation55 groundstation22)
19.367: (turn_to satellite4 star85 groundstation55)
19.355: (turn_to satellite4 phenomenon67 star85)
19.366: (turn_to satellite4 star75 phenomenon67)
19.367: (turn_to satellite4 phenomenon68 star75)
19.367: (turn_to satellite4 planet86 phenomenon68)
19.367: (turn_to satellite4 star69 planet86)
19.368: (turn_to satellite4 star20 star69)
19.367: (turn_to satellite4 planet64 star20)
19.373: (turn_to satellite4 groundstation14 planet64)
19.371: (turn_to satellite4 groundstation17 groundstation14)
19.381: (turn_to satellite4 star9 groundstation17)
19.381: (turn_to satellite4 phenomenon62 star9)
19.382: (turn_to satellite4 star7 phenomenon62)
19.381: (turn_to satellite4 groundstation32 star7)
19.377: (turn_to satellite4 star24 groundstation32)
19.385: (turn_to satellite4 star74 star24)
19.383: (turn_to satellite4 phenomenon84 star74)
19.385: (turn_to satellite4 star78 phenomenon84)
19.394: (turn_to satellite4 star30 star78)
19.397: (turn_to satellite4 groundstation25 star30)
19.403: (turn_to satellite4 star23 groundstation25)
19.403: (turn_to satellite4 star28 star23)
19.403: (turn_to satellite4 star0 star28)
19.404: (turn_to satellite4 phenomenon89 star0)
19.344: (turn_to satellite4 groundstation3 phenomenon89)
19.406: (turn_to satellite4 star76 groundstation3)
19.399: (turn_to satellite4 planet77 star76)
19.403: (turn_to satellite4 star81 planet77)
19.405: (turn_to satellite4 star80 star81)
19.406: (turn_to satellite4 planet82 star80)
19.407: (turn_to satellite4 planet83 planet82)
19.407: (turn_to satellite4 groundstation37 planet83)
19.413: (turn_to satellite4 groundstation45 groundstation37)
19.413: (turn_to satellite4 star31 groundstation45)
19.414: (turn_to satellite4 groundstation39 star31)
19.417: (turn_to satellite4 planet65 groundstation39)
19.419: (turn_to satellite4 phenomenon60 planet65)
19.442: (turn_to satellite4 groundstation56 phenomenon60)
19.437: (turn_to satellite4 star54 groundstation56)
19.444: (turn_to satellite4 star91 star54)
19.452: (turn_to satellite4 star2 star91)
19.453: (turn_to satellite4 groundstation19 star2)
19.461: (turn_to satellite4 groundstation44 groundstation19)
19.444: (turn_to satellite4 phenomenon90 groundstation44)
19.462: (turn_to satellite4 groundstation27 phenomenon90)
19.474: (turn_to satellite4 groundstation13 groundstation27)
19.504: (turn_to satellite4 groundstation46 groundstation13)
19.502: (turn_to satellite4 groundstation57 groundstation46)
19.506: (turn_to satellite4 star35 groundstation57)
19.516: (turn_to satellite4 planet93 star35)
19.523: (turn_to satellite4 phenomenon104 planet93)
19.526: (turn_to satellite4 phenomenon95 phenomenon104)
19.510: (turn_to satellite5 planet103 star85)
19.317: (turn_to satellite4 star43 phenomenon95)
19.317: (turn_to satellite4 groundstation51 star43)
19.329: (turn_to satellite4 groundstation52 groundstation51)
19.342: (turn_to satellite4 groundstation8 groundstation52)
19.345: (turn_to satellite4 star12 groundstation8)
19.345: (turn_to satellite4 star48 star12)
19.346: (turn_to satellite4 groundstation40 star48)
19.346: (turn_to satellite4 phenomenon87 groundstation40)
19.328: (turn_to satellite4 groundstation33 phenomenon87)
19.346: (turn_to satellite4 planet66 groundstation33)
19.346: (turn_to satellite4 star73 planet66)
19.353: (turn_to satellite4 star79 star73)
19.353: (turn_to satellite4 planet70 star79)
19.353: (turn_to satellite4 phenomenon71 planet70)
19.354: (turn_to satellite4 phenomenon72 phenomenon71)
19.354: (turn_to satellite4 planet88 phenomenon72)
19.356: (turn_to satellite4 groundstation15 planet88)
19.368: (turn_to satellite4 star49 groundstation15)
19.370: (turn_to satellite4 planet61 star49)
19.454: (switch_on instrument0 satellite0)
19.376: (turn_to satellite4 groundstation51 planet61)
19.242: (turn_to satellite4 star43 groundstation51)
19.275: (turn_to satellite4 star73 star43)
19.275: (turn_to satellite4 phenomenon87 star73)
19.300: (turn_to satellite4 star12 phenomenon87)
19.295: (turn_to satellite4 planet93 star12)
19.300: (turn_to satellite4 star48 planet93)
19.317: (turn_to satellite4 planet92 star48)
19.313: (turn_to satellite4 star75 planet92)
19.319: (turn_to satellite4 planet86 star75)
19.319: (turn_to satellite4 groundstation40 planet86)
19.319: (turn_to satellite4 star69 groundstation40)
19.320: (turn_to satellite4 planet70 star69)
19.320: (turn_to satellite4 phenomenon71 planet70)
19.320: (turn_to satellite4 phenomenon72 phenomenon71)
19.321: (turn_to satellite4 groundstation8 phenomenon72)
19.327: (turn_to satellite4 star74 groundstation8)
19.326: (turn_to satellite4 star78 star74)
19.326: (turn_to satellite4 phenomenon84 star78)
19.328: (turn_to satellite4 star79 phenomenon84)
19.331: (turn_to satellite4 star49 star79)
19.328: (turn_to satellite4 planet88 star49)
19.332: (turn_to satellite4 star16 planet88)
19.343: (turn_to satellite4 groundstation52 star16)
19.338: (turn_to satellite4 phenomenon68 groundstation52)
19.348: (turn_to satellite4 groundstation15 phenomenon68)
19.348: (turn_to satellite4 phenomenon95 groundstation15)
19.350: (turn_to satellite4 phenomenon62 phenomenon95)
19.350: (turn_to satellite4 planet66 phenomenon62)
19.355: (turn_to satellite4 star58 planet66)
19.370: (turn_to satellite4 groundstation25 star58)
19.377: (turn_to satellite4 groundstation14 groundstation25)
19.394: (turn_to satellite4 planet63 groundstation14)
19.474: (turn_to satellite4 star18 planet63)
19.394: (turn_to satellite4 star4 star18)
19.397: (turn_to satellite4 planet64 star4)
19.386: (turn_to satellite4 groundstation29 planet64)
19.397: (turn_to satellite4 phenomenon67 groundstation29)
19.398: (turn_to satellite4 groundstation42 phenomenon67)
19.401: (turn_to satellite4 groundstation50 groundstation42)
19.402: (turn_to satellite4 star85 groundstation50)
19.395: (turn_to satellite4 groundstation33 star85)
19.399: (turn_to satellite4 groundstation47 groundstation33)
19.406: (turn_to satellite4 star76 groundstation47)
19.399: (turn_to satellite4 planet77 star76)
19.399: (turn_to satellite4 star81 planet77)
19.399: (turn_to satellite4 planet82 star81)
19.399: (turn_to satellite4 planet83 planet82)
19.401: (turn_to satellite4 phenomenon89 planet83)
19.401: (turn_to satellite4 phenomenon90 phenomenon89)
19.403: (turn_to satellite4 star26 phenomenon90)
19.408: (turn_to satellite4 star91 star26)
19.409: (turn_to satellite4 star7 star91)
19.411: (turn_to satellite4 star34 star7)
19.412: (turn_to satellite4 star0 star34)
19.419: (turn_to satellite4 star24 star0)
19.422: (turn_to satellite4 phenomenon60 star24)
19.416: (turn_to satellite4 groundstation10 phenomenon60)
19.426: (turn_to satellite4 planet65 groundstation10)
19.435: (turn_to satellite4 groundstation55 planet65)
19.437: (turn_to satellite4 groundstation17 groundstation55)
19.440: (turn_to satellite4 groundstation53 groundstation17)
19.460: (turn_to satellite4 groundstation22 groundstation53)
19.462: (turn_to satellite4 star20 groundstation22)
19.451: (turn_to satellite4 planet94 star20)
19.383: (turn_to satellite4 star54 planet94)
19.470: (turn_to satellite4 star23 star54)
19.470: (turn_to satellite4 star28 star23)
19.474: (turn_to satellite4 star9 star28)
19.475: (turn_to satellite4 star31 star9)
19.476: (turn_to satellite4 groundstation45 star31)
19.480: (turn_to satellite4 star80 groundstation45)
19.407: (turn_to satellite4 groundstation32 star80)
19.493: (turn_to satellite4 groundstation3 groundstation32)
19.496: (turn_to satellite4 groundstation56 groundstation3)
19.498: (turn_to satellite4 star41 groundstation56)
19.474: (switch_off instrument0 satellite0)
19.360: (turn_to satellite4 planet63 star41)
19.507: (turn_to satellite4 star16 planet63)
19.396: (turn_to satellite4 star26 star16)
19.359: (turn_to satellite4 star58 star26)
19.397: (turn_to satellite4 planet64 star58)
19.396: (turn_to satellite4 star75 planet64)
19.397: (turn_to satellite4 phenomenon67 star75)
19.397: (turn_to satellite4 phenomenon68 phenomenon67)
19.397: (turn_to satellite4 star69 phenomenon68)
19.398: (turn_to satellite4 planet86 star69)
19.400: (turn_to satellite4 groundstation29 planet86)
19.403: (turn_to satellite4 groundstation42 groundstation29)
19.405: (turn_to satellite4 star76 groundstation42)
19.403: (turn_to satellite4 groundstation3 star76)
19.406: (turn_to satellite4 planet77 groundstation3)
19.406: (turn_to satellite4 star85 planet77)
19.408: (turn_to satellite4 star81 star85)
19.407: (turn_to satellite4 planet82 star81)
19.408: (turn_to satellite4 groundstation10 planet82)
19.406: (turn_to satellite4 planet83 groundstation10)
19.409: (turn_to satellite4 star74 planet83)
19.409: (turn_to satellite4 phenomenon84 star74)
19.410: (turn_to satellite4 star78 phenomenon84)
19.411: (turn_to satellite4 groundstation47 star78)
19.406: (turn_to satellite4 phenomenon89 groundstation47)
19.422: (turn_to satellite4 star34 phenomenon89)
19.427: (turn_to satellite4 planet65 star34)
19.428: (turn_to satellite4 phenomenon62 planet65)
19.431: (turn_to satellite4 groundstation50 phenomenon62)
19.437: (turn_to satellite4 groundstation53 groundstation50)
19.440: (turn_to satellite4 star4 groundstation53)
19.440: (turn_to satellite4 groundstation22 star4)
19.442: (turn_to satellite4 groundstation14 groundstation22)
19.441: (turn_to satellite4 groundstation55 groundstation14)
19.442: (turn_to satellite4 star0 groundstation55)
19.445: (turn_to satellite4 star11 star0)
19.445: (turn_to satellite4 star20 star11)
19.447: (turn_to satellite4 groundstation17 star20)
19.447: (turn_to satellite4 star18 groundstation17)
19.448: (turn_to satellite4 star91 star18)
19.447: (turn_to satellite4 groundstation38 star91)
19.448: (turn_to satellite4 phenomenon90 groundstation38)
19.454: (turn_to satellite4 star7 phenomenon90)
19.451: (turn_to satellite4 phenomenon60 star7)
19.454: (turn_to satellite4 groundstation32 phenomenon60)
19.452: (turn_to satellite4 star24 groundstation32)
19.458: (turn_to satellite4 star9 star24)
19.487: (turn_to satellite4 star31 star9)
19.488: (turn_to satellite4 star23 star31)
19.488: (turn_to satellite4 star28 star23)
19.493: (turn_to satellite4 groundstation45 star28)
19.485: (turn_to satellite4 groundstation25 groundstation45)
19.498: (turn_to satellite4 groundstation39 groundstation25)
19.503: (turn_to satellite4 groundstation37 groundstation39)
19.520: (turn_to satellite4 star54 groundstation37)
19.520: (turn_to satellite4 groundstation57 star54)
19.526: (turn_to satellite4 groundstation56 groundstation57)
19.529: (turn_to satellite4 planet93 groundstation56)
19.453: (turn_to satellite4 star30 planet93)
19.531: (turn_to satellite4 phenomenon104 star30)
19.534: (turn_to satellite4 star99 phenomenon104)
19.532: (turn_to satellite5 star96 planet103)
19.265: (turn_to satellite4 star43 star99)
19.265: (turn_to satellite4 groundstation51 star43)
19.295: (turn_to satellite4 groundstation40 groundstation51)
19.300: (turn_to satellite4 groundstation8 groundstation40)
19.305: (turn_to satellite4 star12 groundstation8)
19.302: (turn_to satellite4 star48 star12)
19.317: (turn_to satellite4 groundstation15 star48)
19.328: (turn_to satellite4 star49 groundstation15)
19.328: (turn_to satellite4 star16 star49)
19.332: (turn_to satellite4 groundstation52 star16)
19.347: (turn_to satellite4 planet61 groundstation52)
19.429: (turn_to satellite5 phenomenon60 star96)
19.419: (turn_to satellite4 groundstation40 planet61)
19.366: (turn_to satellite5 star76 phenomenon60)
19.317: (turn_to satellite4 star43 groundstation40)
19.317: (turn_to satellite4 groundstation51 star43)
19.329: (turn_to satellite4 groundstation52 groundstation51)
19.342: (turn_to satellite4 groundstation8 groundstation52)
19.345: (turn_to satellite4 star12 groundstation8)
19.345: (turn_to satellite4 star48 star12)
19.346: (turn_to satellite4 phenomenon87 star48)
19.328: (turn_to satellite4 groundstation33 phenomenon87)
19.346: (turn_to satellite4 planet66 groundstation33)
19.346: (turn_to satellite4 star73 planet66)
19.353: (turn_to satellite4 star79 star73)
19.353: (turn_to satellite4 planet70 star79)
19.353: (turn_to satellite4 phenomenon71 planet70)
19.354: (turn_to satellite4 phenomenon72 phenomenon71)
19.354: (turn_to satellite4 planet88 phenomenon72)
19.356: (turn_to satellite4 groundstation15 planet88)
19.368: (turn_to satellite4 star49 groundstation15)
19.370: (turn_to satellite4 planet61 star49)
19.440: (turn_to satellite5 star101 star76)
19.376: (turn_to satellite4 groundstation40 planet61)
19.317: (turn_to satellite4 star43 groundstation40)
19.317: (turn_to satellite4 groundstation51 star43)
19.329: (turn_to satellite4 groundstation52 groundstation51)
19.342: (turn_to satellite4 groundstation8 groundstation52)
19.345: (turn_to satellite4 star12 groundstation8)
19.345: (turn_to satellite4 star48 star12)
19.346: (turn_to satellite4 phenomenon87 star48)
19.328: (turn_to satellite4 groundstation33 phenomenon87)
19.346: (turn_to satellite4 planet66 groundstation33)
19.346: (turn_to satellite4 star73 planet66)
19.353: (turn_to satellite4 star79 star73)
19.353: (turn_to satellite4 planet70 star79)
19.353: (turn_to satellite4 phenomenon71 planet70)
19.354: (turn_to satellite4 phenomenon72 phenomenon71)
19.354: (turn_to satellite4 planet88 phenomenon72)
19.356: (turn_to satellite4 groundstation15 planet88)
19.368: (turn_to satellite4 star49 groundstation15)
19.376: (turn_to satellite4 star16 star49)
19.386: (turn_to satellite4 planet63 star16)
19.499: (turn_to satellite4 star41 planet63)
19.397: (turn_to satellite4 planet64 star41)
19.361: (turn_to satellite4 star58 planet64)
19.396: (turn_to satellite4 star26 star58)
19.397: (turn_to satellite4 phenomenon67 star26)
19.396: (turn_to satellite4 star75 phenomenon67)
19.397: (turn_to satellite4 phenomenon68 star75)
19.397: (turn_to satellite4 star69 phenomenon68)
19.398: (turn_to satellite4 planet86 star69)
19.400: (turn_to satellite4 groundstation29 planet86)
19.403: (turn_to satellite4 groundstation42 groundstation29)
19.405: (turn_to satellite4 star76 groundstation42)
19.403: (turn_to satellite4 groundstation3 star76)
19.406: (turn_to satellite4 planet77 groundstation3)
19.406: (turn_to satellite4 star85 planet77)
19.408: (turn_to satellite4 star81 star85)
19.407: (turn_to satellite4 planet82 star81)
19.408: (turn_to satellite4 groundstation10 planet82)
19.406: (turn_to satellite4 planet83 groundstation10)
19.409: (turn_to satellite4 star74 planet83)
19.409: (turn_to satellite4 phenomenon84 star74)
19.410: (turn_to satellite4 star78 phenomenon84)
19.411: (turn_to satellite4 groundstation47 star78)
19.406: (turn_to satellite4 phenomenon89 groundstation47)
19.422: (turn_to satellite4 star34 phenomenon89)
19.427: (turn_to satellite4 planet65 star34)
19.428: (turn_to satellite4 phenomenon62 planet65)
19.431: (turn_to satellite4 groundstation50 phenomenon62)
19.437: (turn_to satellite4 groundstation53 groundstation50)
19.440: (turn_to satellite4 star4 groundstation53)
19.440: (turn_to satellite4 groundstation22 star4)
19.442: (turn_to satellite4 groundstation14 groundstation22)
19.441: (turn_to satellite4 groundstation55 groundstation14)
19.442: (turn_to satellite4 star0 groundstation55)
19.445: (turn_to satellite4 star11 star0)
19.445: (turn_to satellite4 star20 star11)
19.447: (turn_to satellite4 groundstation17 star20)
19.447: (turn_to satellite4 star18 groundstation17)
19.448: (turn_to satellite4 star91 star18)
19.447: (turn_to satellite4 groundstation38 star91)
19.448: (turn_to satellite4 phenomenon90 groundstation38)
19.454: (turn_to satellite4 star7 phenomenon90)
19.451: (turn_to satellite4 phenomenon60 star7)
19.454: (turn_to satellite4 groundstation32 phenomenon60)
19.452: (turn_to satellite4 star24 groundstation32)
19.458: (turn_to satellite4 star9 star24)
19.487: (turn_to satellite4 star31 star9)
19.488: (turn_to satellite4 star23 star31)
19.488: (turn_to satellite4 star28 star23)
19.493: (turn_to satellite4 groundstation45 star28)
19.485: (turn_to satellite4 groundstation25 groundstation45)
19.498: (turn_to satellite4 groundstation39 groundstation25)
19.503: (turn_to satellite4 groundstation37 groundstation39)
19.520: (turn_to satellite4 star54 groundstation37)
19.514: (turn_to satellite4 groundstation57 star54)
19.526: (turn_to satellite4 groundstation56 groundstation57)
19.529: (turn_to satellite4 planet93 groundstation56)
19.453: (turn_to satellite4 star30 planet93)
19.531: (turn_to satellite4 phenomenon104 star30)
19.534: (turn_to satellite4 star99 phenomenon104)
19.535: (turn_to satellite4 phenomenon95 star99)
19.532: (turn_to satellite5 star96 star101)
19.332: (turn_to satellite4 groundstation33 phenomenon95)
19.352: (turn_to satellite4 star41 groundstation33)
19.356: (turn_to satellite4 star26 star41)
19.352: (turn_to satellite4 star58 star26)
19.358: (turn_to satellite4 star85 star58)
19.370: (turn_to satellite4 star34 star85)
19.380: (turn_to satellite4 phenomenon67 star34)
19.378: (turn_to satellite4 star75 phenomenon67)
19.380: (turn_to satellite4 phenomenon68 star75)
19.380: (turn_to satellite4 star69 phenomenon68)
19.381: (turn_to satellite4 planet86 star69)
19.384: (turn_to satellite4 phenomenon87 planet86)
19.387: (turn_to satellite4 star73 phenomenon87)
19.388: (turn_to satellite4 planet66 star73)
19.392: (turn_to satellite4 groundstation50 planet66)
19.393: (turn_to satellite4 groundstation38 groundstation50)
19.380: (turn_to satellite4 planet64 groundstation38)
19.394: (turn_to satellite4 planet88 planet64)
19.396: (turn_to satellite4 star79 planet88)
19.396: (turn_to satellite4 groundstation29 star79)
19.395: (turn_to satellite4 groundstation10 groundstation29)
19.384: (turn_to satellite4 groundstation42 groundstation10)
19.396: (turn_to satellite4 planet70 groundstation42)
19.396: (turn_to satellite4 phenomenon72 planet70)
19.396: (turn_to satellite4 phenomenon71 phenomenon72)
19.399: (turn_to satellite4 groundstation53 phenomenon71)
19.400: (turn_to satellite4 star20 groundstation53)
19.398: (turn_to satellite4 star18 star20)
19.401: (turn_to satellite4 groundstation55 star18)
19.405: (turn_to satellite4 star11 groundstation55)
19.397: (turn_to satellite4 planet63 star11)
19.541: (turn_to satellite5 star81 star96)
19.440: (turn_to satellite4 groundstation51 planet63)
19.317: (turn_to satellite4 star43 groundstation51)
19.329: (turn_to satellite4 groundstation52 star43)
19.342: (turn_to satellite4 groundstation8 groundstation52)
19.345: (turn_to satellite4 star12 groundstation8)
19.345: (turn_to satellite4 star48 star12)
19.346: (turn_to satellite4 phenomenon87 star48)
19.328: (turn_to satellite4 groundstation33 phenomenon87)
19.346: (turn_to satellite4 groundstation40 groundstation33)
19.346: (turn_to satellite4 planet66 groundstation40)
19.346: (turn_to satellite4 star73 planet66)
19.353: (turn_to satellite4 star79 star73)
19.353: (turn_to satellite4 planet70 star79)
19.353: (turn_to satellite4 phenomenon71 planet70)
19.354: (turn_to satellite4 phenomenon72 phenomenon71)
19.354: (turn_to satellite4 planet88 phenomenon72)
19.356: (turn_to satellite4 groundstation15 planet88)
19.368: (turn_to satellite4 star49 groundstation15)
19.370: (turn_to satellite4 planet61 star49)
19.454: (switch_on instrument0 satellite0)
19.376: (turn_to satellite4 groundstation51 planet61)
19.242: (turn_to satellite4 star43 groundstation51)
19.275: (turn_to satellite4 star73 star43)
19.274: (turn_to satellite4 phenomenon87 star73)
19.300: (turn_to satellite4 star12 phenomenon87)
19.295: (turn_to satellite4 planet93 star12)
19.300: (turn_to satellite4 star48 planet93)
19.317: (turn_to satellite4 planet92 star48)
19.313: (turn_to satellite4 star75 planet92)
19.319: (turn_to satellite4 planet86 star75)
19.319: (turn_to satellite4 groundstation40 planet86)
19.319: (turn_to satellite4 star69 groundstation40)
19.320: (turn_to satellite4 planet70 star69)
19.320: (turn_to satellite4 phenomenon71 planet70)
19.320: (turn_to satellite4 phenomenon72 phenomenon71)
19.321: (turn_to satellite4 groundstation8 phenomenon72)
19.327: (turn_to satellite4 star74 groundstation8)
19.326: (turn_to satellite4 star78 star74)
19.326: (turn_to satellite4 phenomenon84 star78)
19.328: (turn_to satellite4 star79 phenomenon84)
19.331: (turn_to satellite4 star49 star79)
19.328: (turn_to satellite4 planet88 star49)
19.332: (turn_to satellite4 star16 planet88)
19.343: (turn_to satellite4 groundstation52 star16)
19.334: (turn_to satellite4 phenomenon68 groundstation52)
19.348: (turn_to satellite4 groundstation15 phenomenon68)
19.348: (turn_to satellite4 phenomenon95 groundstation15)
19.350: (turn_to satellite4 phenomenon62 phenomenon95)
19.350: (turn_to satellite4 planet66 phenomenon62)
19.355: (turn_to satellite4 star58 planet66)
19.370: (turn_to satellite4 star81 star58)
19.370: (turn_to satellite4 groundstation25 star81)
19.377: (turn_to satellite4 groundstation14 groundstation25)
19.394: (turn_to satellite4 planet63 groundstation14)
19.474: (turn_to satellite4 star18 planet63)
19.394: (turn_to satellite4 star4 star18)
19.397: (turn_to satellite4 planet64 star4)
19.386: (turn_to satellite4 groundstation29 planet64)
19.397: (turn_to satellite4 phenomenon67 groundstation29)
19.398: (turn_to satellite4 groundstation42 phenomenon67)
19.401: (turn_to satellite4 groundstation50 groundstation42)
19.402: (turn_to satellite4 star85 groundstation50)
19.395: (turn_to satellite4 groundstation33 star85)
19.393: (turn_to satellite4 groundstation47 groundstation33)
19.406: (turn_to satellite4 star76 groundstation47)
19.399: (turn_to satellite4 planet77 star76)
19.399: (turn_to satellite4 planet82 planet77)
19.399: (turn_to satellite4 planet83 planet82)
19.401: (turn_to satellite4 phenomenon89 planet83)
19.401: (turn_to satellite4 phenomenon90 phenomenon89)
19.403: (turn_to satellite4 star26 phenomenon90)
19.408: (turn_to satellite4 star91 star26)
19.409: (turn_to satellite4 star7 star91)
19.411: (turn_to satellite4 star34 star7)
19.412: (turn_to satellite4 star0 star34)
19.419: (turn_to satellite4 star24 star0)
19.422: (turn_to satellite4 phenomenon60 star24)
19.416: (turn_to satellite4 groundstation10 phenomenon60)
19.426: (turn_to satellite4 planet65 groundstation10)
19.435: (turn_to satellite4 groundstation55 planet65)
19.437: (turn_to satellite4 groundstation17 groundstation55)
19.440: (turn_to satellite4 groundstation53 groundstation17)
19.460: (turn_to satellite4 groundstation22 groundstation53)
19.462: (turn_to satellite4 star20 groundstation22)
19.451: (turn_to satellite4 planet94 star20)
19.383: (turn_to satellite4 star54 planet94)
19.470: (turn_to satellite4 star23 star54)
19.470: (turn_to satellite4 star28 star23)
19.474: (turn_to satellite4 star9 star28)
19.475: (turn_to satellite4 star31 star9)
19.476: (turn_to satellite4 groundstation45 star31)
19.480: (turn_to satellite4 star80 groundstation45)
19.407: (turn_to satellite4 groundstation32 star80)
19.493: (turn_to satellite4 groundstation3 groundstation32)
19.496: (turn_to satellite4 groundstation56 groundstation3)
19.498: (turn_to satellite4 star41 groundstation56)
19.474: (switch_off instrument0 satellite0)
19.376: (turn_to satellite4 star16 star41)
19.395: (turn_to satellite4 star81 star16)
19.361: (turn_to satellite4 star58 star81)
19.396: (turn_to satellite4 star26 star58)
19.397: (turn_to satellite4 phenomenon67 star26)
19.396: (turn_to satellite4 star75 phenomenon67)
19.397: (turn_to satellite4 phenomenon68 star75)
19.397: (turn_to satellite4 star69 phenomenon68)
19.398: (turn_to satellite4 planet86 star69)
19.400: (turn_to satellite4 groundstation29 planet86)
19.397: (turn_to satellite4 planet64 groundstation29)
19.405: (turn_to satellite4 star76 planet64)
19.403: (turn_to satellite4 groundstation3 star76)
19.403: (turn_to satellite4 groundstation42 groundstation3)
19.406: (turn_to satellite4 planet77 groundstation42)
19.406: (turn_to satellite4 star85 planet77)
19.408: (turn_to satellite4 planet82 star85)
19.408: (turn_to satellite4 groundstation10 planet82)
19.406: (turn_to satellite4 planet83 groundstation10)
19.409: (turn_to satellite4 star74 planet83)
19.409: (turn_to satellite4 phenomenon84 star74)
19.410: (turn_to satellite4 star78 phenomenon84)
19.411: (turn_to satellite4 groundstation47 star78)
19.406: (turn_to satellite4 phenomenon89 groundstation47)
19.422: (turn_to satellite4 star34 phenomenon89)
19.427: (turn_to satellite4 planet65 star34)
19.428: (turn_to satellite4 phenomenon62 planet65)
19.431: (turn_to satellite4 groundstation50 phenomenon62)
19.437: (turn_to satellite4 groundstation53 groundstation50)
19.440: (turn_to satellite4 star4 groundstation53)
19.440: (turn_to satellite4 groundstation22 star4)
19.442: (turn_to satellite4 groundstation14 groundstation22)
19.441: (turn_to satellite4 groundstation55 groundstation14)
19.442: (turn_to satellite4 star0 groundstation55)
19.445: (turn_to satellite4 star20 star0)
19.445: (turn_to satellite4 star11 star20)
19.447: (turn_to satellite4 groundstation17 star11)
19.447: (turn_to satellite4 star18 groundstation17)
19.448: (turn_to satellite4 star91 star18)
19.447: (turn_to satellite4 groundstation38 star91)
19.448: (turn_to satellite4 phenomenon90 groundstation38)
19.454: (turn_to satellite4 star7 phenomenon90)
19.450: (turn_to satellite4 phenomenon60 star7)
19.454: (turn_to satellite4 groundstation32 phenomenon60)
19.452: (turn_to satellite4 star24 groundstation32)
19.458: (turn_to satellite4 star9 star24)
19.487: (turn_to satellite4 star31 star9)
19.488: (turn_to satellite4 star23 star31)
19.488: (turn_to satellite4 star28 star23)
19.493: (turn_to satellite4 groundstation45 star28)
19.485: (turn_to satellite4 groundstation25 groundstation45)
19.498: (turn_to satellite4 groundstation39 groundstation25)
19.503: (turn_to satellite4 groundstation37 groundstation39)
19.520: (turn_to satellite4 star54 groundstation37)
19.514: (turn_to satellite4 groundstation57 star54)
19.526: (turn_to satellite4 groundstation56 groundstation57)
19.529: (turn_to satellite4 planet93 groundstation56)
19.453: (turn_to satellite4 star30 planet93)
19.531: (turn_to satellite4 phenomenon104 star30)
19.534: (turn_to satellite4 star99 phenomenon104)
19.535: (turn_to satellite4 phenomenon95 star99)
19.535: (turn_to satellite4 star97 phenomenon95)
19.532: (turn_to satellite5 star96 star81)
19.407: (turn_to satellite4 star4 star97)
19.405: (turn_to satellite4 groundstation22 star4)
19.405: (turn_to satellite4 groundstation47 groundstation22)
19.401: (turn_to satellite4 groundstation14 groundstation47)
19.411: (turn_to satellite4 groundstation17 groundstation14)
19.419: (turn_to satellite4 star9 groundstation17)
19.421: (turn_to satellite4 phenomenon62 star9)
19.422: (turn_to satellite4 star7 phenomenon62)
19.425: (turn_to satellite4 star0 star7)
19.419: (turn_to satellite4 star24 star0)
19.428: (turn_to satellite4 star74 star24)
19.426: (turn_to satellite4 phenomenon84 star74)
19.427: (turn_to satellite4 star78 phenomenon84)
19.434: (turn_to satellite4 groundstation37 star78)
19.431: (turn_to satellite4 groundstation32 groundstation37)
19.441: (turn_to satellite4 star23 groundstation32)
19.445: (turn_to satellite4 star28 star23)
19.451: (turn_to satellite4 groundstation25 star28)
19.445: (turn_to satellite4 groundstation3 groundstation25)
19.453: (turn_to satellite4 star80 groundstation3)
19.454: (turn_to satellite4 star31 star80)
19.454: (turn_to satellite4 star76 star31)
19.450: (turn_to satellite4 planet77 star76)
19.454: (turn_to satellite4 planet82 planet77)
19.454: (turn_to satellite4 planet83 planet82)
19.455: (turn_to satellite4 star81 planet83)
19.455: (turn_to satellite4 groundstation39 star81)
19.452: (turn_to satellite4 phenomenon89 groundstation39)
19.465: (turn_to satellite4 groundstation45 phenomenon89)
19.455: (turn_to satellite4 planet65 groundstation45)
19.469: (turn_to satellite4 phenomenon60 planet65)
19.481: (turn_to satellite4 groundstation56 phenomenon60)
19.480: (turn_to satellite4 star54 groundstation56)
19.490: (turn_to satellite4 star2 star54)
19.488: (turn_to satellite4 star30 star2)
19.490: (turn_to satellite4 groundstation19 star30)
19.507: (turn_to satellite5 planet103 star96)
19.534: (turn_to satellite4 star97 groundstation19)
19.537: (turn_to satellite4 star2 star97)
19.548: (turn_to satellite4 groundstation44 star2)
19.546: (turn_to satellite4 groundstation27 groundstation44)
19.553: (turn_to satellite4 star80 groundstation27)
19.554: (turn_to satellite4 groundstation13 star80)
19.549: (turn_to satellite4 planet92 groundstation13)
19.567: (turn_to satellite4 phenomenon98 planet92)
19.569: (turn_to satellite4 planet100 phenomenon98)
19.573: (turn_to satellite4 groundstation46 planet100)
19.570: (turn_to satellite4 planet102 groundstation46)
19.570: (turn_to satellite5 star96 planet103)
19.511: (turn_to satellite4 groundstation27 planet102)
19.501: (turn_to satellite4 phenomenon90 groundstation27)
19.508: (turn_to satellite5 phenomenon90 star96)
19.256: (turn_to satellite4 groundstation40 phenomenon90)
19.317: (turn_to satellite4 star43 groundstation40)
19.317: (turn_to satellite4 groundstation51 star43)
19.329: (turn_to satellite4 groundstation52 groundstation51)
19.342: (turn_to satellite4 groundstation8 groundstation52)
19.345: (turn_to satellite4 star12 groundstation8)
19.345: (turn_to satellite4 star48 star12)
19.346: (turn_to satellite4 phenomenon87 star48)
19.328: (turn_to satellite4 groundstation33 phenomenon87)
19.346: (turn_to satellite4 planet66 groundstation33)
19.346: (turn_to satellite4 star73 planet66)
19.353: (turn_to satellite4 star79 star73)
19.353: (turn_to satellite4 planet70 star79)
19.353: (turn_to satellite4 phenomenon71 planet70)
19.354: (turn_to satellite4 phenomenon72 phenomenon71)
19.354: (turn_to satellite4 planet88 phenomenon72)
19.356: (turn_to satellite4 groundstation15 planet88)
19.368: (turn_to satellite4 star49 groundstation15)
19.370: (turn_to satellite4 planet61 star49)
19.454: (switch_on instrument0 satellite0)
19.376: (turn_to satellite4 groundstation51 planet61)
19.242: (turn_to satellite4 star43 groundstation51)
19.275: (turn_to satellite4 star73 star43)
19.275: (turn_to satellite4 phenomenon87 star73)
19.300: (turn_to satellite4 star12 phenomenon87)
19.295: (turn_to satellite4 planet93 star12)
19.300: (turn_to satellite4 star48 planet93)
19.317: (turn_to satellite4 planet92 star48)
19.313: (turn_to satellite4 star75 planet92)
19.319: (turn_to satellite4 planet86 star75)
19.319: (turn_to satellite4 groundstation40 planet86)
19.319: (turn_to satellite4 star69 groundstation40)
19.320: (turn_to satellite4 planet70 star69)
19.320: (turn_to satellite4 phenomenon71 planet70)
19.320: (turn_to satellite4 phenomenon72 phenomenon71)
19.321: (turn_to satellite4 groundstation8 phenomenon72)
19.327: (turn_to satellite4 star74 groundstation8)
19.326: (turn_to satellite4 star78 star74)
19.326: (turn_to satellite4 phenomenon84 star78)
19.328: (turn_to satellite4 star79 phenomenon84)
19.331: (turn_to satellite4 star49 star79)
19.328: (turn_to satellite4 planet88 star49)
19.332: (turn_to satellite4 star16 planet88)
19.343: (turn_to satellite4 groundstation52 star16)
19.334: (turn_to satellite4 phenomenon68 groundstation52)
19.348: (turn_to satellite4 groundstation15 phenomenon68)
19.348: (turn_to satellite4 phenomenon95 groundstation15)
19.350: (turn_to satellite4 phenomenon62 phenomenon95)
19.350: (turn_to satellite4 planet66 phenomenon62)
19.355: (turn_to satellite4 star58 planet66)
19.370: (turn_to satellite4 groundstation25 star58)
19.372: (turn_to satellite4 phenomenon90 groundstation25)
19.377: (turn_to satellite4 groundstation14 phenomenon90)
19.394: (turn_to satellite4 planet63 groundstation14)
19.474: (turn_to satellite4 star18 planet63)
19.394: (turn_to satellite4 star4 star18)
19.397: (turn_to satellite4 planet64 star4)
19.386: (turn_to satellite4 groundstation29 planet64)
19.397: (turn_to satellite4 phenomenon67 groundstation29)
19.398: (turn_to satellite4 groundstation42 phenomenon67)
19.401: (turn_to satellite4 groundstation50 groundstation42)
19.402: (turn_to satellite4 star85 groundstation50)
19.395: (turn_to satellite4 groundstation33 star85)
19.399: (turn_to satellite4 groundstation47 groundstation33)
19.406: (turn_to satellite4 star76 groundstation47)
19.399: (turn_to satellite4 planet77 star76)
19.399: (turn_to satellite4 star81 planet77)
19.399: (turn_to satellite4 planet82 star81)
19.399: (turn_to satellite4 planet83 planet82)
19.401: (turn_to satellite4 phenomenon89 planet83)
19.403: (turn_to satellite4 star26 phenomenon89)
19.408: (turn_to satellite4 star91 star26)
19.409: (turn_to satellite4 star7 star91)
19.411: (turn_to satellite4 star34 star7)
19.412: (turn_to satellite4 star0 star34)
19.419: (turn_to satellite4 star24 star0)
19.422: (turn_to satellite4 phenomenon60 star24)
19.416: (turn_to satellite4 groundstation10 phenomenon60)
19.426: (turn_to satellite4 planet65 groundstation10)
19.435: (turn_to satellite4 groundstation55 planet65)
19.437: (turn_to satellite4 groundstation17 groundstation55)
19.440: (turn_to satellite4 groundstation53 groundstation17)
19.460: (turn_to satellite4 groundstation22 groundstation53)
19.462: (turn_to satellite4 star20 groundstation22)
19.451: (turn_to satellite4 planet94 star20)
19.383: (turn_to satellite4 star54 planet94)
19.470: (turn_to satellite4 star23 star54)
19.470: (turn_to satellite4 star28 star23)
19.474: (turn_to satellite4 star9 star28)
19.475: (turn_to satellite4 star31 star9)
19.476: (turn_to satellite4 groundstation45 star31)
19.480: (turn_to satellite4 star80 groundstation45)
19.407: (turn_to satellite4 groundstation32 star80)
19.493: (turn_to satellite4 groundstation3 groundstation32)
19.496: (turn_to satellite4 groundstation56 groundstation3)
19.498: (turn_to satellite4 star41 groundstation56)
19.474: (switch_off instrument0 satellite0)
19.364: (turn_to satellite4 planet63 star41)
19.507: (turn_to satellite4 star16 planet63)
19.396: (turn_to satellite4 star26 star16)
19.359: (turn_to satellite4 star58 star26)
19.397: (turn_to satellite4 planet64 star58)
19.396: (turn_to satellite4 star75 planet64)
19.397: (turn_to satellite4 phenomenon67 star75)
19.397: (turn_to satellite4 phenomenon68 phenomenon67)
19.397: (turn_to satellite4 star69 phenomenon68)
19.398: (turn_to satellite4 planet86 star69)
19.400: (turn_to satellite4 groundstation29 planet86)
19.403: (turn_to satellite4 groundstation42 groundstation29)
19.405: (turn_to satellite4 star76 groundstation42)
19.403: (turn_to satellite4 groundstation3 star76)
19.406: (turn_to satellite4 planet77 groundstation3)
19.406: (turn_to satellite4 star85 planet77)
19.408: (turn_to satellite4 star81 star85)
19.407: (turn_to satellite4 planet82 star81)
19.408: (turn_to satellite4 groundstation10 planet82)
19.406: (turn_to satellite4 planet83 groundstation10)
19.409: (turn_to satellite4 star74 planet83)
19.409: (turn_to satellite4 phenomenon84 star74)
19.410: (turn_to satellite4 star78 phenomenon84)
19.411: (turn_to satellite4 groundstation47 star78)
19.406: (turn_to satellite4 phenomenon89 groundstation47)
19.422: (turn_to satellite4 star34 phenomenon89)
19.427: (turn_to satellite4 planet65 star34)
19.428: (turn_to satellite4 phenomenon62 planet65)
19.431: (turn_to satellite4 groundstation50 phenomenon62)
19.437: (turn_to satellite4 groundstation53 groundstation50)
19.440: (turn_to satellite4 star4 groundstation53)
19.440: (turn_to satellite4 groundstation22 star4)
19.442: (turn_to satellite4 groundstation14 groundstation22)
19.441: (turn_to satellite4 groundstation55 groundstation14)
19.442: (turn_to satellite4 star0 groundstation55)
19.445: (turn_to satellite4 star20 star0)
19.445: (turn_to satellite4 star11 star20)
19.447: (turn_to satellite4 groundstation17 star11)
19.447: (turn_to satellite4 star18 groundstation17)
19.448: (turn_to satellite4 star91 star18)
19.447: (turn_to satellite4 groundstation38 star91)
19.450: (turn_to satellite4 phenomenon60 groundstation38)
19.454: (turn_to satellite4 star7 phenomenon60)
19.458: (turn_to satellite4 star9 star7)
19.461: (turn_to satellite4 star24 star9)
19.464: (turn_to satellite4 groundstation32 star24)
19.484: (turn_to satellite4 groundstation45 groundstation32)
19.484: (turn_to satellite4 star31 groundstation45)
19.488: (turn_to satellite4 star23 star31)
19.488: (turn_to satellite4 star28 star23)
19.496: (turn_to satellite4 groundstation25 star28)
19.498: (turn_to satellite4 groundstation39 groundstation25)
19.503: (turn_to satellite4 groundstation37 groundstation39)
19.520: (turn_to satellite4 star54 groundstation37)
19.514: (turn_to satellite4 groundstation57 star54)
19.526: (turn_to satellite4 groundstation56 groundstation57)
19.529: (turn_to satellite4 planet93 groundstation56)
19.453: (turn_to satellite4 star30 planet93)
19.531: (turn_to satellite4 phenomenon104 star30)
19.534: (turn_to satellite4 star99 phenomenon104)
19.535: (turn_to satellite4 phenomenon95 star99)
19.535: (turn_to satellite4 star97 phenomenon95)
19.537: (turn_to satellite4 star2 star97)
19.537: (turn_to satellite4 groundstation19 star2)
19.548: (turn_to satellite4 groundstation44 groundstation19)
19.546: (turn_to satellite4 groundstation27 groundstation44)
19.553: (turn_to satellite4 star80 groundstation27)
19.554: (turn_to satellite4 groundstation13 star80)
19.549: (turn_to satellite4 planet92 groundstation13)
19.567: (turn_to satellite4 phenomenon98 planet92)
19.569: (turn_to satellite4 planet100 phenomenon98)
19.573: (turn_to satellite4 groundstation46 planet100)
19.570: (turn_to satellite4 planet102 groundstation46)
19.588: (turn_to satellite5 phenomenon60 phenomenon90)
19.381: (turn_to satellite4 star43 planet102)
19.362: (turn_to satellite5 planet77 phenomenon60)
19.173: (turn_to satellite5 planet82 planet77)
19.173: (turn_to satellite5 planet83 planet82)
19.173: (turn_to satellite5 phenomenon89 planet83)
19.317: (turn_to satellite4 groundstation51 star43)
19.329: (turn_to satellite4 groundstation52 groundstation51)
19.342: (turn_to satellite4 groundstation8 groundstation52)
19.345: (turn_to satellite4 star12 groundstation8)
19.345: (turn_to satellite4 star48 star12)
19.346: (turn_to satellite4 phenomenon87 star48)
19.328: (turn_to satellite4 groundstation33 phenomenon87)
19.346: (turn_to satellite4 groundstation40 groundstation33)
19.346: (turn_to satellite4 planet66 groundstation40)
19.346: (turn_to satellite4 star73 planet66)
19.353: (turn_to satellite4 star79 star73)
19.353: (turn_to satellite4 planet70 star79)
19.353: (turn_to satellite4 phenomenon71 planet70)
19.354: (turn_to satellite4 phenomenon72 phenomenon71)
19.354: (turn_to satellite4 planet88 phenomenon72)
19.356: (turn_to satellite4 groundstation15 planet88)
19.368: (turn_to satellite4 star49 groundstation15)
19.370: (turn_to satellite4 planet61 star49)
19.454: (switch_on instrument0 satellite0)
19.376: (turn_to satellite4 groundstation51 planet61)
19.242: (turn_to satellite4 star43 groundstation51)
19.275: (turn_to satellite4 star73 star43)
19.275: (turn_to satellite4 phenomenon87 star73)
19.300: (turn_to satellite4 star12 phenomenon87)
19.295: (turn_to satellite4 planet93 star12)
19.300: (turn_to satellite4 star48 planet93)
19.317: (turn_to satellite4 planet92 star48)
19.313: (turn_to satellite4 star75 planet92)
19.319: (turn_to satellite4 planet86 star75)
19.319: (turn_to satellite4 groundstation40 planet86)
19.319: (turn_to satellite4 star69 groundstation40)
19.320: (turn_to satellite4 planet70 star69)
19.320: (turn_to satellite4 phenomenon71 planet70)
19.320: (turn_to satellite4 phenomenon72 phenomenon71)
19.321: (turn_to satellite4 groundstation8 phenomenon72)
19.327: (turn_to satellite4 star74 groundstation8)
19.326: (turn_to satellite4 star78 star74)
19.326: (turn_to satellite4 phenomenon84 star78)
19.328: (turn_to satellite4 star79 phenomenon84)
19.331: (turn_to satellite4 star49 star79)
19.328: (turn_to satellite4 planet88 star49)
19.332: (turn_to satellite4 star16 planet88)
19.343: (turn_to satellite4 groundstation52 star16)
19.334: (turn_to satellite4 phenomenon68 groundstation52)
19.348: (turn_to satellite4 groundstation15 phenomenon68)
19.348: (turn_to satellite4 phenomenon95 groundstation15)
19.350: (turn_to satellite4 phenomenon62 phenomenon95)
19.350: (turn_to satellite4 planet66 phenomenon62)
19.355: (turn_to satellite4 star58 planet66)
19.370: (turn_to satellite4 phenomenon89 star58)
19.370: (turn_to satellite4 groundstation25 phenomenon89)
19.377: (turn_to satellite4 groundstation14 groundstation25)
19.394: (turn_to satellite4 planet63 groundstation14)
19.474: (turn_to satellite4 star18 planet63)
19.394: (turn_to satellite4 star4 star18)
19.397: (turn_to satellite4 planet64 star4)
19.386: (turn_to satellite4 groundstation29 planet64)
19.397: (turn_to satellite4 phenomenon67 groundstation29)
19.398: (turn_to satellite4 groundstation42 phenomenon67)
19.401: (turn_to satellite4 groundstation50 groundstation42)
19.402: (turn_to satellite4 star85 groundstation50)
19.395: (turn_to satellite4 groundstation33 star85)
19.399: (turn_to satellite4 groundstation47 groundstation33)
19.406: (turn_to satellite4 star76 groundstation47)
19.399: (turn_to satellite4 planet77 star76)
19.399: (turn_to satellite4 star81 planet77)
19.399: (turn_to satellite4 planet82 star81)
19.399: (turn_to satellite4 planet83 planet82)
19.401: (turn_to satellite4 phenomenon90 planet83)
19.403: (turn_to satellite4 star26 phenomenon90)
19.408: (turn_to satellite4 star91 star26)
19.409: (turn_to satellite4 star7 star91)
19.411: (turn_to satellite4 star34 star7)
19.412: (turn_to satellite4 star0 star34)
19.419: (turn_to satellite4 star24 star0)
19.422: (turn_to satellite4 phenomenon60 star24)
19.416: (turn_to satellite4 groundstation10 phenomenon60)
19.426: (turn_to satellite4 planet65 groundstation10)
19.435: (turn_to satellite4 groundstation55 planet65)
19.437: (turn_to satellite4 groundstation17 groundstation55)
19.440: (turn_to satellite4 groundstation53 groundstation17)
19.460: (turn_to satellite4 groundstation22 groundstation53)
19.462: (turn_to satellite4 star20 groundstation22)
19.451: (turn_to satellite4 planet94 star20)
19.383: (turn_to satellite4 star54 planet94)
19.470: (turn_to satellite4 star23 star54)
19.470: (turn_to satellite4 star28 star23)
[Final] Expanded: 1000, Generated: 646499
Failed to find a solution!
