/u/ibrahim.eisawy/Neural-Guided-Search/venv/lib/python3.10/site-packages/pymimir_rgnn/model.py:151: UserWarning: index_reduce() is in beta and the API may change at any time. (Triggered internally at /pytorch/aten/src/ATen/native/cuda/Indexing.cu:1541.)
  max_msg.index_reduce_(0, output_indices, output_messages, reduce='amax', include_self=True)
Torch: 2.12.0+cu130
Loading model... (models/satellite_supervised.pth)
Using GPU:  NVIDIA L40S
[f=76.906] Expanded: 0, Generated: 0
[Final] Expanded: 13, Generated: 242
Found a solution of length 13!
   1: (switch_on instrument2 satellite0)
   2: (turn_to satellite0 star8 groundstation1)
   3: (calibrate satellite0 instrument2 star8)
   4: (turn_to satellite0 star11 star8)
   5: (take_image satellite0 star11 instrument2 spectrograph2)
   6: (turn_to satellite0 planet12 star11)
   7: (take_image satellite0 planet12 instrument2 spectrograph2)
   8: (turn_to satellite0 planet14 planet12)
   9: (take_image satellite0 planet14 instrument2 spectrograph0)
  10: (turn_to satellite0 phenomenon10 planet14)
  11: (take_image satellite0 phenomenon10 instrument2 spectrograph0)
  12: (turn_to satellite0 planet13 phenomenon10)
  13: (take_image satellite0 planet13 instrument2 spectrograph0)
