/u/ibrahim.eisawy/Neural-Guided-Search/venv/lib/python3.10/site-packages/pymimir_rgnn/model.py:151: UserWarning: index_reduce() is in beta and the API may change at any time. (Triggered internally at /pytorch/aten/src/ATen/native/cuda/Indexing.cu:1541.)
  max_msg.index_reduce_(0, output_indices, output_messages, reduce='amax', include_self=True)
Torch: 2.12.0+cu130
Loading model... (models/satellite_supervised.pth)
Using GPU:  NVIDIA L40S
[f=181.192] Expanded: 0, Generated: 0
[Final] Expanded: 33, Generated: 2360
Found a solution of length 33!
   1: (switch_on instrument1 satellite0)
   2: (turn_to satellite0 star9 groundstation17)
   3: (calibrate satellite0 instrument1 star9)
   4: (switch_on instrument2 satellite1)
   5: (turn_to satellite1 star4 star8)
   6: (calibrate satellite1 instrument2 star4)
   7: (turn_to satellite1 planet25 star4)
   8: (take_image satellite1 planet25 instrument2 spectrograph2)
   9: (turn_to satellite1 phenomenon24 planet25)
  10: (turn_to satellite0 phenomenon29 star9)
  11: (take_image satellite0 phenomenon29 instrument1 spectrograph1)
  12: (turn_to satellite0 phenomenon23 phenomenon29)
  13: (take_image satellite0 phenomenon23 instrument1 spectrograph0)
  14: (turn_to satellite0 star30 phenomenon23)
  15: (take_image satellite0 star30 instrument1 infrared3)
  16: (turn_to satellite0 star31 star30)
  17: (take_image satellite0 star31 instrument1 infrared3)
  18: (turn_to satellite0 phenomenon20 star31)
  19: (take_image satellite0 phenomenon20 instrument1 spectrograph1)
  20: (turn_to satellite0 phenomenon27 phenomenon20)
  21: (take_image satellite0 phenomenon27 instrument1 spectrograph1)
  22: (turn_to satellite0 planet21 phenomenon27)
  23: (take_image satellite0 planet21 instrument1 spectrograph0)
  24: (turn_to satellite0 phenomenon22 planet21)
  25: (take_image satellite0 phenomenon22 instrument1 spectrograph0)
  26: (turn_to satellite0 star26 phenomenon22)
  27: (take_image satellite0 star26 instrument1 spectrograph0)
  28: (turn_to satellite0 star28 star26)
  29: (take_image satellite0 star28 instrument1 spectrograph0)
  30: (turn_to satellite0 phenomenon24 star28)
  31: (take_image satellite0 phenomenon24 instrument1 infrared3)
  32: (turn_to satellite0 groundstation0 phenomenon24)
  33: (turn_to satellite1 groundstation6 phenomenon24)
