/u/ibrahim.eisawy/Neural-Guided-Search/venv/lib/python3.10/site-packages/pymimir_rgnn/model.py:151: UserWarning: index_reduce() is in beta and the API may change at any time. (Triggered internally at /pytorch/aten/src/ATen/native/cuda/Indexing.cu:1541.)
  max_msg.index_reduce_(0, output_indices, output_messages, reduce='amax', include_self=True)
Torch: 2.12.0+cu130
Loading model... (models/satellite_supervised.pth)
Using GPU:  NVIDIA L40S
[f=233.039] Expanded: 0, Generated: 0
[Final] Expanded: 91, Generated: 14116
Found a solution of length 57!
   1: (switch_on instrument7 satellite2)
   2: (switch_on instrument6 satellite1)
   3: (turn_to satellite2 groundstation27 star23)
   4: (turn_to satellite0 groundstation5 star12)
   5: (switch_on instrument0 satellite0)
   6: (calibrate satellite0 instrument0 groundstation5)
   7: (turn_to satellite0 phenomenon30 groundstation5)
   8: (take_image satellite0 phenomenon30 instrument0 image3)
   9: (turn_to satellite0 phenomenon42 phenomenon30)
  10: (take_image satellite0 phenomenon42 instrument0 image3)
  11: (turn_to satellite0 star37 phenomenon42)
  12: (take_image satellite0 star37 instrument0 image3)
  13: (turn_to satellite0 phenomenon33 star37)
  14: (take_image satellite0 phenomenon33 instrument0 image3)
  15: (turn_to satellite0 star43 phenomenon33)
  16: (take_image satellite0 star43 instrument0 image3)
  17: (turn_to satellite0 phenomenon44 star43)
  18: (take_image satellite0 phenomenon44 instrument0 image3)
  19: (turn_to satellite0 groundstation5 phenomenon44)
  20: (switch_off instrument0 satellite0)
  21: (switch_on instrument3 satellite0)
  22: (turn_to satellite1 star4 star14)
  23: (switch_off instrument7 satellite2)
  24: (turn_to satellite2 star4 groundstation27)
  25: (turn_to satellite1 groundstation27 star4)
  26: (calibrate satellite1 instrument6 groundstation27)
  27: (turn_to satellite1 planet40 groundstation27)
  28: (take_image satellite1 planet40 instrument6 infrared1)
  29: (turn_to satellite1 planet41 planet40)
  30: (take_image satellite1 planet41 instrument6 infrared1)
  31: (turn_to satellite1 planet46 planet41)
  32: (take_image satellite1 planet46 instrument6 infrared2)
  33: (turn_to satellite1 phenomenon49 planet46)
  34: (take_image satellite1 phenomenon49 instrument6 infrared2)
  35: (turn_to satellite1 planet34 phenomenon49)
  36: (take_image satellite1 planet34 instrument6 infrared2)
  37: (turn_to satellite1 star31 planet34)
  38: (take_image satellite1 star31 instrument6 infrared2)
  39: (turn_to satellite1 star39 star31)
  40: (take_image satellite1 star39 instrument6 infrared2)
  41: (turn_to satellite1 planet45 star39)
  42: (turn_to satellite0 star4 groundstation5)
  43: (calibrate satellite0 instrument3 star4)
  44: (turn_to satellite0 planet47 star4)
  45: (take_image satellite0 planet47 instrument3 thermograph0)
  46: (turn_to satellite0 star32 planet47)
  47: (take_image satellite0 star32 instrument3 thermograph0)
  48: (turn_to satellite0 star48 star32)
  49: (take_image satellite0 star48 instrument3 thermograph0)
  50: (turn_to satellite0 planet36 star48)
  51: (take_image satellite0 planet36 instrument3 thermograph0)
  52: (turn_to satellite0 phenomenon35 planet36)
  53: (take_image satellite0 phenomenon35 instrument3 thermograph0)
  54: (turn_to satellite0 planet38 phenomenon35)
  55: (take_image satellite0 planet38 instrument3 thermograph0)
  56: (turn_to satellite0 planet45 planet38)
  57: (take_image satellite0 planet45 instrument3 thermograph0)
