/u/ibrahim.eisawy/Neural-Guided-Search/venv/lib/python3.10/site-packages/pymimir_rgnn/model.py:151: UserWarning: index_reduce() is in beta and the API may change at any time. (Triggered internally at /pytorch/aten/src/ATen/native/cuda/Indexing.cu:1541.)
  max_msg.index_reduce_(0, output_indices, output_messages, reduce='amax', include_self=True)
Torch: 2.12.0+cu130
Loading model... (models/satellite_supervised.pth)
Using GPU:  NVIDIA L40S
[f=250.464] Expanded: 0, Generated: 0
[Final] Expanded: 139, Generated: 21950
Found a solution of length 50!
   1: (switch_on instrument0 satellite0)
   2: (turn_to satellite0 groundstation25 groundstation0)
   3: (calibrate satellite0 instrument0 groundstation25)
   4: (turn_to satellite2 groundstation11 star24)
   5: (switch_on instrument2 satellite1)
   6: (turn_to satellite0 phenomenon43 groundstation25)
   7: (take_image satellite0 phenomenon43 instrument0 infrared0)
   8: (turn_to satellite1 star27 star6)
   9: (calibrate satellite1 instrument2 star27)
  10: (turn_to satellite1 star30 star27)
  11: (turn_to satellite0 planet31 phenomenon43)
  12: (take_image satellite1 star30 instrument2 spectrograph1)
  13: (turn_to satellite1 planet42 star30)
  14: (take_image satellite1 planet42 instrument2 image3)
  15: (turn_to satellite1 phenomenon41 planet42)
  16: (take_image satellite1 phenomenon41 instrument2 image3)
  17: (turn_to satellite1 star44 phenomenon41)
  18: (turn_to satellite0 planet33 planet31)
  19: (take_image satellite0 planet33 instrument0 infrared2)
  20: (turn_to satellite0 phenomenon36 planet33)
  21: (take_image satellite0 phenomenon36 instrument0 infrared2)
  22: (turn_to satellite0 phenomenon34 phenomenon36)
  23: (take_image satellite0 phenomenon34 instrument0 infrared2)
  24: (turn_to satellite0 planet48 phenomenon34)
  25: (take_image satellite0 planet48 instrument0 infrared2)
  26: (turn_to satellite0 planet47 planet48)
  27: (take_image satellite0 planet47 instrument0 infrared2)
  28: (turn_to satellite0 phenomenon37 planet47)
  29: (take_image satellite0 phenomenon37 instrument0 infrared2)
  30: (turn_to satellite0 phenomenon39 phenomenon37)
  31: (take_image satellite0 phenomenon39 instrument0 infrared2)
  32: (turn_to satellite0 planet35 phenomenon39)
  33: (take_image satellite0 planet35 instrument0 infrared2)
  34: (turn_to satellite0 phenomenon40 planet35)
  35: (take_image satellite0 phenomenon40 instrument0 infrared2)
  36: (turn_to satellite0 phenomenon49 phenomenon40)
  37: (take_image satellite0 phenomenon49 instrument0 infrared0)
  38: (turn_to satellite0 phenomenon46 phenomenon49)
  39: (take_image satellite0 phenomenon46 instrument0 infrared0)
  40: (turn_to satellite0 planet38 phenomenon46)
  41: (take_image satellite0 planet38 instrument0 infrared0)
  42: (turn_to satellite0 star32 planet38)
  43: (take_image satellite0 star32 instrument0 infrared0)
  44: (turn_to satellite0 phenomenon45 star32)
  45: (take_image satellite0 phenomenon45 instrument0 infrared0)
  46: (turn_to satellite0 star44 phenomenon45)
  47: (turn_to satellite1 planet31 star44)
  48: (take_image satellite1 planet31 instrument2 spectrograph1)
  49: (take_image satellite0 star44 instrument0 infrared2)
  50: (turn_to satellite0 star28 star44)
