Torch: 2.12.0+cu130
/u/ibrahim.eisawy/Neural-Guided-Search/venv/lib/python3.10/site-packages/pymimir_rgnn/model.py:162: UserWarning: index_reduce() is in beta and the API may change at any time. (Triggered internally at /pytorch/aten/src/ATen/native/cuda/Indexing.cu:1541.)
  exps_max.index_reduce_(0, output_indices, output_messages, reduce="amax", include_self=False)
Using GPU:  NVIDIA L40S
    [timing] select=0.0000s expand=0.9053s depth=1
    [timing] select=0.0000s expand=0.1027s depth=2
    [timing] select=0.0000s expand=0.1024s depth=2
    [timing] select=0.0000s expand=0.1000s depth=3
    [timing] select=0.0000s expand=0.0999s depth=4
    [timing] select=0.0000s expand=0.1200s depth=5
    [timing] select=0.0000s expand=0.1043s depth=3
    [timing] select=0.0000s expand=0.1006s depth=6
    [timing] select=0.0000s expand=0.0910s depth=3
    [timing] select=0.0000s expand=0.0879s depth=7
    [timing] select=0.0000s expand=0.0874s depth=8
  [sim 11] found goal path of length 8
[Final] Expanded: 11, Generated: 23
[search done] simulations=11, states generated=23
Found a solution of length 8!
   1: (move f1-2f f0-2f)
   2: (move f0-2f f0-1f)
   3: (move f0-1f f0-0f)
   4: (pickup f0-0f key1-1)
   5: (move f0-0f f0-1f)
   6: (move f0-1f f0-2f)
   7: (move f0-2f f1-2f)
   8: (putdown f1-2f key1-1)
