Torch: 2.12.0+cu130
/u/ibrahim.eisawy/Neural-Guided-Search/venv/lib/python3.10/site-packages/pymimir_rgnn/model.py:162: UserWarning: index_reduce() is in beta and the API may change at any time. (Triggered internally at /pytorch/aten/src/ATen/native/cuda/Indexing.cu:1541.)
  exps_max.index_reduce_(0, output_indices, output_messages, reduce="amax", include_self=False)
Using GPU:  NVIDIA L40S
    [timing] select=0.0000s expand=0.9054s depth=1
    [timing] select=0.0000s expand=0.1045s depth=2
    [timing] select=0.0000s expand=0.1028s depth=2
    [timing] select=0.0000s expand=0.1050s depth=3
    [timing] select=0.0000s expand=0.1041s depth=4
    [timing] select=0.0000s expand=0.1150s depth=5
    [timing] select=0.0000s expand=0.1040s depth=6
    [timing] select=0.0000s expand=0.1015s depth=7
  [sim 8] found goal path of length 7
[search done] simulations=8, states generated=19
Found a solution of length 7!
   1: (move f0-0f f0-1f)
   2: (move f0-1f f1-1f)
   3: (move f1-1f f2-1f)
   4: (pickup f2-1f key0-1)
   5: (unlock f2-1f f2-0f key0-1 shape0)
   6: (move f2-1f f2-0f)
   7: (putdown f2-0f key0-1)
