Torch: 2.12.0+cu130
/u/ibrahim.eisawy/Neural-Guided-Search/venv/lib/python3.10/site-packages/pymimir_rgnn/model.py:162: UserWarning: index_reduce() is in beta and the API may change at any time. (Triggered internally at /pytorch/aten/src/ATen/native/cuda/Indexing.cu:1541.)
  exps_max.index_reduce_(0, output_indices, output_messages, reduce="amax", include_self=False)
Using GPU:  NVIDIA L40S
    [timing] select=0.0000s expand=1.1000s depth=1
    [timing] select=0.0000s expand=0.1022s depth=2
    [timing] select=0.0000s expand=0.1083s depth=2
    [timing] select=0.0000s expand=0.1101s depth=3
    [timing] select=0.0000s expand=0.1136s depth=4
    [timing] select=0.0000s expand=0.1137s depth=5
    [timing] select=0.0000s expand=0.1133s depth=6
    [timing] select=0.0000s expand=0.1133s depth=3
    [timing] select=0.0000s expand=0.1448s depth=7
    [timing] select=0.0000s expand=0.0972s depth=8
    [timing] select=0.0000s expand=0.0984s depth=4
    [timing] select=0.0000s expand=0.0754s depth=9
  [sim 12] found goal path of length 9
[Final] Expanded: 12, Generated: 37
[search done] simulations=12, states generated=37
Found a solution of length 9!
   1: (move f1-1f f1-0f)
   2: (pickup f1-0f key0-1)
   3: (move f1-0f f1-1f)
   4: (putdown f1-1f key0-1)
   5: (move f1-1f f1-2f)
   6: (pickup f1-2f key0-0)
   7: (unlock f1-2f f0-2f key0-0 shape0)
   8: (move f1-2f f0-2f)
   9: (putdown f0-2f key0-0)
