Torch: 2.12.0+cu130
/u/ibrahim.eisawy/Neural-Guided-Search/venv/lib/python3.10/site-packages/pymimir_rgnn/model.py:162: UserWarning: index_reduce() is in beta and the API may change at any time. (Triggered internally at /pytorch/aten/src/ATen/native/cuda/Indexing.cu:1541.)
  exps_max.index_reduce_(0, output_indices, output_messages, reduce="amax", include_self=False)
Using GPU:  NVIDIA L40S
    [timing] select=0.0000s expand=0.4852s depth=1
    [timing] select=0.0000s expand=0.0991s depth=2
    [timing] select=0.0000s expand=0.1041s depth=2
    [timing] select=0.0000s expand=0.1431s depth=3
    [timing] select=0.0000s expand=0.1163s depth=4
    [timing] select=0.0000s expand=0.1103s depth=5
    [timing] select=0.0000s expand=0.0866s depth=6
    [timing] select=0.0000s expand=0.0876s depth=3
    [timing] select=0.0001s expand=0.0857s depth=7
    [timing] select=0.0000s expand=0.0762s depth=8
    [timing] select=0.0001s expand=0.0883s depth=9
    [timing] select=0.0001s expand=0.0744s depth=10
    [timing] select=0.0001s expand=0.0641s depth=11
  [sim 13] found goal path of length 11
[search done] simulations=13, states generated=37
Found a solution of length 11!
   1: (pickup f1-2f key0-1)
   2: (move f1-2f f2-2f)
   3: (move f2-2f f2-1f)
   4: (unlock f2-1f f2-0f key0-1 shape0)
   5: (move f2-1f f2-0f)
   6: (putdown f2-0f key0-1)
   7: (move f2-0f f2-1f)
   8: (pickup f2-1f key0-0)
   9: (move f2-1f f2-2f)
  10: (move f2-2f f1-2f)
  11: (putdown f1-2f key0-0)
