Torch: 2.12.0+cu130
/u/ibrahim.eisawy/Neural-Guided-Search/venv/lib/python3.10/site-packages/pymimir_rgnn/model.py:162: UserWarning: index_reduce() is in beta and the API may change at any time. (Triggered internally at /pytorch/aten/src/ATen/native/cuda/Indexing.cu:1541.)
  exps_max.index_reduce_(0, output_indices, output_messages, reduce="amax", include_self=False)
Using GPU:  NVIDIA L40S
    [timing] select=0.0000s expand=0.3903s depth=1
    [timing] select=0.0000s expand=0.0922s depth=2
    [timing] select=0.0000s expand=0.0909s depth=2
    [timing] select=0.0000s expand=0.1272s depth=3
    [timing] select=0.0000s expand=0.1009s depth=4
    [timing] select=0.0000s expand=0.0995s depth=5
    [timing] select=0.0000s expand=0.0965s depth=6
    [timing] select=0.0000s expand=0.1011s depth=3
    [timing] select=0.0000s expand=0.1004s depth=7
    [timing] select=0.0000s expand=0.0930s depth=8
    [timing] select=0.0000s expand=0.0920s depth=9
    [timing] select=0.0000s expand=0.0708s depth=10
    [timing] select=0.0000s expand=0.0914s depth=11
    [timing] select=0.0001s expand=0.0691s depth=12
    [timing] select=0.0001s expand=0.0627s depth=13
    [timing] select=0.0001s expand=0.0656s depth=14
    [timing] select=0.0001s expand=0.0681s depth=15
  [sim 17] found goal path of length 15
[search done] simulations=17, states generated=48
Found a solution of length 15!
   1: (pickup f1-0f key0-0)
   2: (move f1-0f f2-0f)
   3: (move f2-0f f2-1f)
   4: (unlock f2-1f f2-2f key0-0 shape0)
   5: (move f2-1f f2-0f)
   6: (move f2-0f f1-0f)
   7: (putdown f1-0f key0-0)
   8: (move f1-0f f2-0f)
   9: (pickup f2-0f key1-0)
  10: (move f2-0f f1-0f)
  11: (unlock f1-0f f1-1f key1-0 shape1)
  12: (putdown f1-0f key1-0)
  13: (pickup f1-0f key0-0)
  14: (move f1-0f f1-1f)
  15: (putdown f1-1f key0-0)
