Torch: 2.12.0+cu130
/u/ibrahim.eisawy/Neural-Guided-Search/venv/lib/python3.10/site-packages/pymimir_rgnn/model.py:162: UserWarning: index_reduce() is in beta and the API may change at any time. (Triggered internally at /pytorch/aten/src/ATen/native/cuda/Indexing.cu:1541.)
  exps_max.index_reduce_(0, output_indices, output_messages, reduce="amax", include_self=False)
Using GPU:  NVIDIA L40S
    [timing] select=0.0000s expand=0.4678s depth=1
    [timing] select=0.0000s expand=0.0767s depth=2
    [timing] select=0.0000s expand=0.1129s depth=2
    [timing] select=0.0000s expand=0.1147s depth=3
    [timing] select=0.0000s expand=0.1310s depth=4
    [timing] select=0.0000s expand=0.1087s depth=5
    [timing] select=0.0000s expand=0.1076s depth=6
  [sim 7] found goal path of length 6
[search done] simulations=7, states generated=12
Found a solution of length 6!
   1: (move f0-3f f0-2f)
   2: (move f0-2f f0-1f)
   3: (pickup f0-1f key0-1)
   4: (move f0-1f f0-2f)
   5: (move f0-2f f0-3f)
   6: (putdown f0-3f key0-1)
