Torch: 2.12.0+cu130
/u/ibrahim.eisawy/Neural-Guided-Search/venv/lib/python3.10/site-packages/pymimir_rgnn/model.py:162: UserWarning: index_reduce() is in beta and the API may change at any time. (Triggered internally at /pytorch/aten/src/ATen/native/cuda/Indexing.cu:1541.)
  exps_max.index_reduce_(0, output_indices, output_messages, reduce="amax", include_self=False)
Using GPU:  NVIDIA L40S
    [timing] select=0.0000s expand=0.4870s depth=1
    [timing] select=0.0000s expand=0.0962s depth=2
    [timing] select=0.0000s expand=0.1094s depth=2
    [timing] select=0.0000s expand=0.1271s depth=3
    [timing] select=0.0000s expand=0.0883s depth=4
    [timing] select=0.0000s expand=0.1236s depth=5
    [timing] select=0.0000s expand=0.1055s depth=6
    [timing] select=0.0000s expand=0.1087s depth=7
    [timing] select=0.0000s expand=0.1026s depth=8
    [timing] select=0.0001s expand=0.1075s depth=9
  [sim 10] found goal path of length 9
[search done] simulations=10, states generated=27
Found a solution of length 9!
   1: (move f0-1f f0-2f)
   2: (move f0-2f f0-3f)
   3: (move f0-3f f0-4f)
   4: (move f0-4f f0-5f)
   5: (pickup f0-5f key0-0)
   6: (move f0-5f f0-4f)
   7: (move f0-4f f0-3f)
   8: (move f0-3f f1-3f)
   9: (putdown f1-3f key0-0)
