Torch: 2.12.0+cu130
/u/ibrahim.eisawy/Neural-Guided-Search/venv/lib/python3.10/site-packages/pymimir_rgnn/model.py:162: UserWarning: index_reduce() is in beta and the API may change at any time. (Triggered internally at /pytorch/aten/src/ATen/native/cuda/Indexing.cu:1541.)
  exps_max.index_reduce_(0, output_indices, output_messages, reduce="amax", include_self=False)
Using GPU:  NVIDIA L40S
    [timing] select=0.0000s expand=0.4824s depth=1
    [timing] select=0.0000s expand=0.0784s depth=2
    [timing] select=0.0000s expand=0.0771s depth=2
    [timing] select=0.0000s expand=0.0760s depth=3
    [timing] select=0.0000s expand=0.0667s depth=4
    [timing] select=0.0000s expand=0.0821s depth=5
    [timing] select=0.0000s expand=0.1000s depth=3
    [timing] select=0.0000s expand=0.1101s depth=6
    [timing] select=0.0000s expand=0.1325s depth=7
    [timing] select=0.0001s expand=0.1377s depth=8
    [timing] select=0.0001s expand=0.1159s depth=9
    [timing] select=0.0001s expand=0.1174s depth=10
    [timing] select=0.0001s expand=0.1552s depth=11
    [timing] select=0.0000s expand=0.1148s depth=4
    [timing] select=0.0001s expand=0.1305s depth=12
    [timing] select=0.0001s expand=0.1206s depth=10
    [timing] select=0.0001s expand=0.1192s depth=11
    [timing] select=0.0001s expand=0.1175s depth=12
    [timing] select=0.0000s expand=0.1114s depth=5
    [timing] select=0.0001s expand=0.1221s depth=13
    [timing] select=0.0001s expand=0.1180s depth=13
    [timing] select=0.0001s expand=0.0902s depth=14
    [timing] select=0.0001s expand=0.0974s depth=15
    [timing] select=0.0001s expand=0.0982s depth=14
    [timing] select=0.0001s expand=0.0866s depth=16
    [timing] select=0.0001s expand=0.0902s depth=15
    [timing] select=0.0001s expand=0.0971s depth=17
    [timing] select=0.0001s expand=0.0995s depth=16
    [timing] select=0.0001s expand=0.0983s depth=18
    [timing] select=0.0001s expand=0.0862s depth=6
    [timing] select=0.0001s expand=0.0946s depth=19
    [timing] select=0.0001s expand=0.1033s depth=20
    [timing] select=0.0001s expand=0.0903s depth=6
    [timing] select=0.0001s expand=0.0885s depth=17
    [timing] select=0.0001s expand=0.0978s depth=21
    [timing] select=0.0001s expand=0.0901s depth=19
    [timing] select=0.0001s expand=0.1054s depth=20
    [timing] select=0.0001s expand=0.0888s depth=21
    [timing] select=0.0001s expand=0.1041s depth=22
    [timing] select=0.0001s expand=0.0929s depth=13
    [timing] select=0.0001s expand=0.0994s depth=7
    [timing] select=0.0001s expand=0.0939s depth=14
    [timing] select=0.0001s expand=0.0949s depth=15
    [timing] select=0.0001s expand=0.1026s depth=14
    [timing] select=0.0001s expand=0.1035s depth=22
    [timing] select=0.0001s expand=0.0991s depth=16
    [timing] select=0.0001s expand=0.0861s depth=23
    [timing] select=0.0001s expand=0.0941s depth=7
    [timing] select=0.0001s expand=0.0975s depth=23
    [timing] select=0.0001s expand=0.0802s depth=24
    [timing] select=0.0001s expand=0.0856s depth=24
    [timing] select=0.0001s expand=0.0799s depth=25
    [timing] select=0.0001s expand=0.0946s depth=18
    [timing] select=0.0001s expand=0.0786s depth=25
    [timing] select=0.0001s expand=0.0820s depth=23
    [timing] select=0.0001s expand=0.0850s depth=23
    [timing] select=0.0001s expand=0.0859s depth=24
    [timing] select=0.0001s expand=0.0905s depth=17
    [timing] select=0.0001s expand=0.0860s depth=24
    [timing] select=0.0001s expand=0.0764s depth=25
    [timing] select=0.0001s expand=0.0780s depth=25
    [timing] select=0.0002s expand=0.0820s depth=26
    [timing] select=0.0002s expand=0.0758s depth=26
    [timing] select=0.0001s expand=0.0829s depth=15
    [timing] select=0.0001s expand=0.0961s depth=8
    [timing] select=0.0002s expand=0.0761s depth=26
    [timing] select=0.0002s expand=0.0751s depth=26
    [timing] select=0.0002s expand=0.0812s depth=27
    [timing] select=0.0002s expand=0.0776s depth=27
    [timing] select=0.0002s expand=0.0799s depth=27
    [timing] select=0.0001s expand=0.0929s depth=19
    [timing] select=0.0002s expand=0.0807s depth=27
    [timing] select=0.0001s expand=0.0901s depth=8
    [timing] select=0.0001s expand=0.0850s depth=18
    [timing] select=0.0002s expand=0.0877s depth=28
    [timing] select=0.0001s expand=0.0830s depth=28
    [timing] select=0.0002s expand=0.0873s depth=28
    [timing] select=0.0002s expand=0.0780s depth=28
    [timing] select=0.0001s expand=0.0755s depth=20
    [timing] select=0.0001s expand=0.0801s depth=29
    [timing] select=0.0001s expand=0.0766s depth=29
    [timing] select=0.0001s expand=0.0742s depth=29
    [timing] select=0.0001s expand=0.0764s depth=29
    [timing] select=0.0002s expand=0.0756s depth=30
    [timing] select=0.0001s expand=0.0866s depth=16
    [timing] select=0.0001s expand=0.0894s depth=9
    [timing] select=0.0002s expand=0.0735s depth=30
    [timing] select=0.0001s expand=0.0950s depth=19
    [timing] select=0.0001s expand=0.0852s depth=30
    [timing] select=0.0001s expand=0.0871s depth=30
    [timing] select=0.0001s expand=0.0819s depth=31
    [timing] select=0.0001s expand=0.0713s depth=31
    [timing] select=0.0001s expand=0.0820s depth=21
    [timing] select=0.0001s expand=0.0833s depth=9
    [timing] select=0.0001s expand=0.0762s depth=31
    [timing] select=0.0001s expand=0.0785s depth=31
    [timing] select=0.0001s expand=0.0846s depth=32
    [timing] select=0.0001s expand=0.0731s depth=32
    [timing] select=0.0001s expand=0.0740s depth=32
    [timing] select=0.0001s expand=0.0683s depth=32
    [timing] select=0.0001s expand=0.0857s depth=33
    [timing] select=0.0001s expand=0.0955s depth=20
    [timing] select=0.0001s expand=0.0896s depth=22
    [timing] select=0.0001s expand=0.0926s depth=33
    [timing] select=0.0001s expand=0.0876s depth=33
    [timing] select=0.0001s expand=0.0933s depth=33
    [timing] select=0.0001s expand=0.1070s depth=23
    [timing] select=0.0001s expand=0.0962s depth=34
    [timing] select=0.0001s expand=0.0977s depth=34
    [timing] select=0.0001s expand=0.0957s depth=34
    [timing] select=0.0001s expand=0.1073s depth=35
    [timing] select=0.0001s expand=0.1055s depth=34
    [timing] select=0.0001s expand=0.0982s depth=35
    [timing] select=0.0002s expand=0.1078s depth=35
    [timing] select=0.0001s expand=0.0946s depth=24
    [timing] select=0.0001s expand=0.1174s depth=10
    [timing] select=0.0002s expand=0.1049s depth=35
    [timing] select=0.0001s expand=0.1121s depth=36
    [timing] select=0.0001s expand=0.1197s depth=36
    [timing] select=0.0001s expand=0.1123s depth=36
    [timing] select=0.0001s expand=0.1154s depth=37
    [timing] select=0.0001s expand=0.1113s depth=11
    [timing] select=0.0001s expand=0.1182s depth=17
    [timing] select=0.0001s expand=0.1128s depth=21
    [timing] select=0.0001s expand=0.0981s depth=25
    [timing] select=0.0002s expand=0.1046s depth=38
    [timing] select=0.0001s expand=0.1034s depth=10
    [timing] select=0.0002s expand=0.1036s depth=36
    [timing] select=0.0002s expand=0.1164s depth=37
    [timing] select=0.0001s expand=0.1025s depth=38
    [timing] select=0.0002s expand=0.1214s depth=37
    [timing] select=0.0001s expand=0.1048s depth=38
    [timing] select=0.0002s expand=0.1135s depth=39
    [timing] select=0.0001s expand=0.1042s depth=26
    [timing] select=0.0002s expand=0.1101s depth=37
    [timing] select=0.0002s expand=0.1149s depth=38
    [timing] select=0.0001s expand=0.1123s depth=27
    [timing] select=0.0001s expand=0.0900s depth=25
    [timing] select=0.0002s expand=0.0984s depth=39
    [timing] select=0.0002s expand=0.0984s depth=39
    [timing] select=0.0001s expand=0.0965s depth=26
    [timing] select=0.0001s expand=0.1146s depth=28
    [timing] select=0.0001s expand=0.1028s depth=27
    [timing] select=0.0001s expand=0.0966s depth=29
    [timing] select=0.0001s expand=0.1067s depth=28
    [timing] select=0.0001s expand=0.1125s depth=30
    [timing] select=0.0001s expand=0.1041s depth=29
    [timing] select=0.0002s expand=0.0956s depth=31
    [timing] select=0.0001s expand=0.1216s depth=30
    [timing] select=0.0001s expand=0.1138s depth=32
    [timing] select=0.0001s expand=0.1183s depth=33
    [timing] select=0.0001s expand=0.1375s depth=31
    [timing] select=0.0001s expand=0.1321s depth=34
    [timing] select=0.0001s expand=0.1459s depth=32
    [timing] select=0.0002s expand=0.1333s depth=35
    [timing] select=0.0001s expand=0.1230s depth=14
    [timing] select=0.0000s expand=0.1060s depth=5
    [timing] select=0.0002s expand=0.1191s depth=33
    [timing] select=0.0002s expand=0.1152s depth=36
    [timing] select=0.0002s expand=0.1162s depth=34
    [timing] select=0.0001s expand=0.1208s depth=12
    [timing] select=0.0002s expand=0.1125s depth=37
    [timing] select=0.0001s expand=0.1322s depth=35
    [timing] select=0.0002s expand=0.1063s depth=38
    [timing] select=0.0001s expand=0.1015s depth=36
    [timing] select=0.0002s expand=0.0908s depth=39
    [timing] select=0.0001s expand=0.0804s depth=40
    [timing] select=0.0001s expand=0.0976s depth=15
    [timing] select=0.0002s expand=0.0831s depth=37
    [timing] select=0.0002s expand=0.0818s depth=41
    [timing] select=0.0001s expand=0.0818s depth=38
    [timing] select=0.0002s expand=0.0813s depth=42
    [timing] select=0.0001s expand=0.0854s depth=39
    [timing] select=0.0002s expand=0.0893s depth=43
    [timing] select=0.0001s expand=0.0761s depth=40
    [timing] select=0.0002s expand=0.0660s depth=44
    [timing] select=0.0001s expand=0.0726s depth=41
    [timing] select=0.0000s expand=0.0751s depth=9
    [timing] select=0.0001s expand=0.0678s depth=16
    [timing] select=0.0002s expand=0.0638s depth=39
    [timing] select=0.0001s expand=0.0688s depth=22
    [timing] select=0.0002s expand=0.0637s depth=40
    [timing] select=0.0002s expand=0.0740s depth=45
    [timing] select=0.0002s expand=0.0667s depth=40
    [timing] select=0.0002s expand=0.0644s depth=42
    [timing] select=0.0002s expand=0.0724s depth=40
    [timing] select=0.0002s expand=0.0703s depth=43
    [timing] select=0.0002s expand=0.0661s depth=46
    [timing] select=0.0002s expand=0.0679s depth=40
    [timing] select=0.0002s expand=0.0732s depth=41
    [timing] select=0.0002s expand=0.0630s depth=41
    [timing] select=0.0002s expand=0.0626s depth=41
    [timing] select=0.0002s expand=0.0574s depth=44
    [timing] select=0.0002s expand=0.0603s depth=41
    [timing] select=0.0002s expand=0.0576s depth=42
    [timing] select=0.0001s expand=0.0604s depth=13
    [timing] select=0.0002s expand=0.0578s depth=47
    [timing] select=0.0001s expand=0.0638s depth=21
    [timing] select=0.0002s expand=0.0564s depth=42
    [timing] select=0.0002s expand=0.0609s depth=42
    [timing] select=0.0002s expand=0.0555s depth=45
    [timing] select=0.0002s expand=0.0617s depth=42
    [timing] select=0.0002s expand=0.0607s depth=43
    [timing] select=0.0002s expand=0.0553s depth=43
    [timing] select=0.0001s expand=0.0556s depth=18
    [timing] select=0.0002s expand=0.0580s depth=43
    [timing] select=0.0002s expand=0.0589s depth=43
    [timing] select=0.0001s expand=0.0630s depth=22
    [timing] select=0.0002s expand=0.0522s depth=48
    [timing] select=0.0001s expand=0.0616s depth=14
    [timing] select=0.0002s expand=0.0554s depth=44
    [timing] select=0.0002s expand=0.0600s depth=44
    [timing] select=0.0002s expand=0.0558s depth=44
    [timing] select=0.0002s expand=0.0574s depth=44
    [timing] select=0.0002s expand=0.0618s depth=46
    [timing] select=0.0002s expand=0.0601s depth=45
    [timing] select=0.0002s expand=0.0546s depth=45
    [timing] select=0.0001s expand=0.0594s depth=46
    [timing] select=0.0001s expand=0.0621s depth=33
    [timing] select=0.0002s expand=0.0624s depth=45
    [timing] select=0.0002s expand=0.0537s depth=45
    [timing] select=0.0001s expand=0.0566s depth=46
    [timing] select=0.0001s expand=0.0596s depth=33
    [timing] select=0.0001s expand=0.0631s depth=46
    [timing] select=0.0001s expand=0.0536s depth=33
    [timing] select=0.0001s expand=0.0500s depth=34
    [timing] select=0.0001s expand=0.0651s depth=46
    [timing] select=0.0001s expand=0.0595s depth=33
    [timing] select=0.0001s expand=0.0711s depth=34
    [timing] select=0.0001s expand=0.0806s depth=35
    [timing] select=0.0001s expand=0.0747s depth=34
    [timing] select=0.0001s expand=0.0733s depth=34
    [timing] select=0.0001s expand=0.0804s depth=35
    [timing] select=0.0001s expand=0.0763s depth=23
    [timing] select=0.0001s expand=0.0817s depth=35
    [timing] select=0.0001s expand=0.0773s depth=36
    [timing] select=0.0001s expand=0.0865s depth=35
    [timing] select=0.0001s expand=0.0882s depth=36
    [timing] select=0.0002s expand=0.0815s depth=44
    [timing] select=0.0001s expand=0.0892s depth=36
    [timing] select=0.0001s expand=0.0783s depth=36
    [timing] select=0.0001s expand=0.0746s depth=11
    [timing] select=0.0002s expand=0.0738s depth=44
    [timing] select=0.0002s expand=0.0721s depth=44
    [timing] select=0.0002s expand=0.0749s depth=44
    [timing] select=0.0002s expand=0.0782s depth=45
    [timing] select=0.0002s expand=0.0768s depth=46
    [timing] select=0.0002s expand=0.0825s depth=45
    [timing] select=0.0002s expand=0.0761s depth=47
    [timing] select=0.0002s expand=0.0645s depth=46
    [timing] select=0.0002s expand=0.0673s depth=37
    [timing] select=0.0002s expand=0.0656s depth=47
    [timing] select=0.0001s expand=0.0854s depth=23
    [timing] select=0.0002s expand=0.0976s depth=47
    [timing] select=0.0002s expand=0.1069s depth=45
    [timing] select=0.0001s expand=0.1242s depth=37
    [timing] select=0.0001s expand=0.1027s depth=38
    [timing] select=0.0002s expand=0.1053s depth=46
    [timing] select=0.0002s expand=0.1109s depth=45
    [timing] select=0.0002s expand=0.1043s depth=47
    [timing] select=0.0002s expand=0.0912s depth=47
    [timing] select=0.0002s expand=0.0878s depth=46
    [timing] select=0.0001s expand=0.1006s depth=37
    [timing] select=0.0002s expand=0.1022s depth=47
    [timing] select=0.0002s expand=0.0935s depth=47
    [timing] select=0.0001s expand=0.0988s depth=38
    [timing] select=0.0001s expand=0.1023s depth=37
    [timing] select=0.0001s expand=0.0863s depth=38
    [timing] select=0.0002s expand=0.0639s depth=38
    [timing] select=0.0002s expand=0.0645s depth=47
    [timing] select=0.0001s expand=0.0624s depth=38
    [timing] select=0.0002s expand=0.0723s depth=39
    [timing] select=0.0001s expand=0.0673s depth=38
    [timing] select=0.0001s expand=0.0574s depth=38
    [timing] select=0.0001s expand=0.0553s depth=39
    [timing] select=0.0001s expand=0.0579s depth=39
    [timing] select=0.0001s expand=0.0646s depth=24
    [timing] select=0.0001s expand=0.0583s depth=40
    [timing] select=0.0001s expand=0.0612s depth=38
    [timing] select=0.0001s expand=0.0622s depth=39
    [timing] select=0.0001s expand=0.0519s depth=40
    [timing] select=0.0001s expand=0.0561s depth=40
    [timing] select=0.0001s expand=0.0663s depth=15
    [timing] select=0.0002s expand=0.0521s depth=49
    [timing] select=0.0001s expand=0.0576s depth=41
    [timing] select=0.0001s expand=0.0585s depth=40
    [timing] select=0.0001s expand=0.0590s depth=41
    [timing] select=0.0001s expand=0.0587s depth=41
    [timing] select=0.0001s expand=0.0571s depth=39
    [timing] select=0.0001s expand=0.0651s depth=41
    [timing] select=0.0001s expand=0.0498s depth=39
    [timing] select=0.0001s expand=0.0596s depth=39
    [timing] select=0.0001s expand=0.0505s depth=39
    [timing] select=0.0002s expand=0.0643s depth=48
    [timing] select=0.0001s expand=0.0577s depth=42
    [timing] select=0.0001s expand=0.0673s depth=48
    [timing] select=0.0002s expand=0.0599s depth=48
    [timing] select=0.0001s expand=0.0625s depth=43
    [timing] select=0.0002s expand=0.0677s depth=48
    [timing] select=0.0001s expand=0.0659s depth=42
    [timing] select=0.0002s expand=0.0646s depth=48
    [timing] select=0.0002s expand=0.0656s depth=49
    [timing] select=0.0002s expand=0.0595s depth=42
    [timing] select=0.0002s expand=0.0655s depth=48
    [timing] select=0.0001s expand=0.0662s depth=10
    [timing] select=0.0002s expand=0.0635s depth=48
    [timing] select=0.0002s expand=0.0622s depth=43
    [timing] select=0.0001s expand=0.0721s depth=24
    [timing] select=0.0002s expand=0.0667s depth=47
    [timing] select=0.0002s expand=0.0657s depth=43
    [timing] select=0.0001s expand=0.0633s depth=13
    [timing] select=0.0001s expand=0.0741s depth=14
    [timing] select=0.0001s expand=0.0632s depth=15
    [timing] select=0.0001s expand=0.0677s depth=16
    [timing] select=0.0001s expand=0.0670s depth=17
    [timing] select=0.0001s expand=0.0549s depth=18
    [timing] select=0.0001s expand=0.0698s depth=19
    [timing] select=0.0001s expand=0.0668s depth=17
    [timing] select=0.0001s expand=0.0694s depth=18
    [timing] select=0.0001s expand=0.0726s depth=19
    [timing] select=0.0002s expand=0.0726s depth=50
    [timing] select=0.0001s expand=0.0660s depth=20
    [timing] select=0.0002s expand=0.0758s depth=49
    [timing] select=0.0002s expand=0.0732s depth=42
    [timing] select=0.0002s expand=0.0808s depth=48
    [timing] select=0.0002s expand=0.0700s depth=49
    [timing] select=0.0002s expand=0.0791s depth=49
    [timing] select=0.0002s expand=0.0580s depth=43
    [timing] select=0.0002s expand=0.0522s depth=40
    [timing] select=0.0002s expand=0.0605s depth=49
    [timing] select=0.0002s expand=0.0650s depth=49
    [timing] select=0.0002s expand=0.0522s depth=40
    [timing] select=0.0002s expand=0.0620s depth=49
    [timing] select=0.0001s expand=0.0631s depth=40
    [timing] select=0.0001s expand=0.0527s depth=20
    [timing] select=0.0002s expand=0.0584s depth=49
    [timing] select=0.0001s expand=0.0597s depth=40
    [timing] select=0.0001s expand=0.0631s depth=15
    [timing] select=0.0002s expand=0.0605s depth=50
    [timing] select=0.0002s expand=0.0658s depth=50
    [timing] select=0.0002s expand=0.0584s depth=50
    [timing] select=0.0002s expand=0.0631s depth=50
    [timing] select=0.0002s expand=0.0542s depth=41
    [timing] select=0.0001s expand=0.0631s depth=17
    [timing] select=0.0002s expand=0.0627s depth=50
    [timing] select=0.0002s expand=0.0582s depth=50
    [timing] select=0.0002s expand=0.0530s depth=50
    [timing] select=0.0002s expand=0.0586s depth=51
    [timing] select=0.0001s expand=0.0635s depth=25
    [timing] select=0.0002s expand=0.0569s depth=41
    [timing] select=0.0002s expand=0.0623s depth=41
    [timing] select=0.0002s expand=0.0623s depth=50
    [timing] select=0.0002s expand=0.0555s depth=52
    [timing] select=0.0002s expand=0.0558s depth=51
    [timing] select=0.0002s expand=0.0612s depth=51
    [timing] select=0.0002s expand=0.0610s depth=51
    [timing] select=0.0002s expand=0.0601s depth=41
    [timing] select=0.0002s expand=0.0615s depth=42
    [timing] select=0.0002s expand=0.0621s depth=53
    [timing] select=0.0002s expand=0.0591s depth=52
    [timing] select=0.0002s expand=0.0764s depth=51
    [timing] select=0.0002s expand=0.0749s depth=52
    [timing] select=0.0002s expand=0.0721s depth=51
    [timing] select=0.0002s expand=0.0745s depth=52
    [timing] select=0.0001s expand=0.0696s depth=43
    [timing] select=0.0002s expand=0.0755s depth=51
    [timing] select=0.0001s expand=0.0771s depth=16
    [timing] select=0.0002s expand=0.0761s depth=42
    [timing] select=0.0002s expand=0.0749s depth=53
    [timing] select=0.0001s expand=0.0762s depth=41
    [timing] select=0.0001s expand=0.0697s depth=42
    [timing] select=0.0002s expand=0.0713s depth=53
    [timing] select=0.0002s expand=0.0735s depth=52
    [timing] select=0.0001s expand=0.0903s depth=51
    [timing] select=0.0002s expand=0.0843s depth=52
    [timing] select=0.0001s expand=0.0809s depth=43
    [timing] select=0.0001s expand=0.0877s depth=42
    [timing] select=0.0000s expand=0.0853s depth=6
    [timing] select=0.0002s expand=0.0671s depth=53
    [timing] select=0.0001s expand=0.0712s depth=25
    [timing] select=0.0002s expand=0.0622s depth=48
    [timing] select=0.0002s expand=0.0743s depth=41
    [timing] select=0.0002s expand=0.0918s depth=52
    [timing] select=0.0001s expand=0.1054s depth=16
    [timing] select=0.0002s expand=0.1048s depth=43
    [timing] select=0.0001s expand=0.1244s depth=41
    [timing] select=0.0002s expand=0.1080s depth=52
    [timing] select=0.0001s expand=0.0958s depth=43
    [timing] select=0.0002s expand=0.0905s depth=54
    [timing] select=0.0001s expand=0.0961s depth=41
    [timing] select=0.0002s expand=0.0794s depth=54
    [timing] select=0.0002s expand=0.0648s depth=54
    [timing] select=0.0003s expand=0.0602s depth=53
    [timing] select=0.0002s expand=0.0582s depth=54
    [timing] select=0.0002s expand=0.0587s depth=49
    [timing] select=0.0001s expand=0.0711s depth=21
    [timing] select=0.0002s expand=0.0782s depth=55
    [timing] select=0.0002s expand=0.0699s depth=53
    [timing] select=0.0002s expand=0.0827s depth=55
    [timing] select=0.0001s expand=0.0838s depth=12
    [timing] select=0.0002s expand=0.0626s depth=53
    [timing] select=0.0002s expand=0.0600s depth=55
    [timing] select=0.0002s expand=0.0608s depth=53
    [timing] select=0.0001s expand=0.0610s depth=55
    [timing] select=0.0001s expand=0.0600s depth=44
    [timing] select=0.0002s expand=0.0604s depth=51
    [timing] select=0.0002s expand=0.0557s depth=44
    [timing] select=0.0002s expand=0.0614s depth=44
    [timing] select=0.0001s expand=0.0605s depth=26
    [timing] select=0.0002s expand=0.0592s depth=44
    [timing] select=0.0002s expand=0.0609s depth=54
    [timing] select=0.0002s expand=0.0590s depth=54
    [timing] select=0.0002s expand=0.0569s depth=54
    [timing] select=0.0001s expand=0.0660s depth=42
    [timing] select=0.0002s expand=0.0697s depth=54
    [timing] select=0.0001s expand=0.0685s depth=42
    [timing] select=0.0001s expand=0.0720s depth=19
    [timing] select=0.0001s expand=0.0684s depth=42
    [timing] select=0.0002s expand=0.0686s depth=55
    [timing] select=0.0001s expand=0.0705s depth=42
    [timing] select=0.0002s expand=0.0696s depth=55
    [timing] select=0.0001s expand=0.0674s depth=17
    [timing] select=0.0001s expand=0.0665s depth=55
    [timing] select=0.0001s expand=0.0632s depth=55
    [timing] select=0.0001s expand=0.0659s depth=44
    [timing] select=0.0001s expand=0.0638s depth=21
    [timing] select=0.0002s expand=0.0622s depth=52
    [timing] select=0.0001s expand=0.0576s depth=44
    [timing] select=0.0001s expand=0.0599s depth=44
    [timing] select=0.0001s expand=0.0564s depth=56
    [timing] select=0.0001s expand=0.0605s depth=26
    [timing] select=0.0001s expand=0.0588s depth=44
    [timing] select=0.0001s expand=0.0594s depth=56
    [timing] select=0.0001s expand=0.0597s depth=17
    [timing] select=0.0001s expand=0.0613s depth=56
    [timing] select=0.0001s expand=0.0205s depth=57
    [timing] select=0.0000s expand=0.0670s depth=13
    [timing] select=0.0000s expand=0.0529s depth=11
    [timing] select=0.0001s expand=0.0615s depth=14
    [timing] select=0.0001s expand=0.0564s depth=12
    [timing] select=0.0001s expand=0.0582s depth=15
    [timing] select=0.0001s expand=0.0537s depth=16
    [timing] select=0.0000s expand=0.0656s depth=13
    [timing] select=0.0001s expand=0.0606s depth=18
    [timing] select=0.0001s expand=0.0610s depth=17
    [timing] select=0.0001s expand=0.0620s depth=18
    [timing] select=0.0001s expand=0.0487s depth=18
    [timing] select=0.0001s expand=0.0530s depth=19
    [timing] select=0.0000s expand=0.0579s depth=14
    [timing] select=0.0001s expand=0.0598s depth=19
    [timing] select=0.0001s expand=0.0607s depth=19
    [timing] select=0.0001s expand=0.0610s depth=20
    [timing] select=0.0001s expand=0.0590s depth=20
    [timing] select=0.0001s expand=0.0603s depth=20
    [timing] select=0.0000s expand=0.0488s depth=15
    [timing] select=0.0001s expand=0.0577s depth=21
    [timing] select=0.0001s expand=0.0614s depth=21
    [timing] select=0.0001s expand=0.0511s depth=21
    [timing] select=0.0000s expand=0.0479s depth=16
    [timing] select=0.0001s expand=0.0521s depth=22
    [timing] select=0.0001s expand=0.0630s depth=19
    [timing] select=0.0001s expand=0.0546s depth=23
    [timing] select=0.0001s expand=0.0601s depth=19
    [timing] select=0.0000s expand=0.0603s depth=17
    [timing] select=0.0001s expand=0.0593s depth=20
    [timing] select=0.0001s expand=0.0560s depth=24
    [timing] select=0.0001s expand=0.0569s depth=20
    [timing] select=0.0001s expand=0.0529s depth=25
    [timing] select=0.0001s expand=0.0498s depth=21
    [timing] select=0.0000s expand=0.0569s depth=18
    [timing] select=0.0001s expand=0.0572s depth=21
    [timing] select=0.0000s expand=0.0629s depth=8
    [timing] select=0.0001s expand=0.0515s depth=22
    [timing] select=0.0000s expand=0.0615s depth=9
    [timing] select=0.0001s expand=0.0577s depth=22
    [timing] select=0.0000s expand=0.0609s depth=10
    [timing] select=0.0001s expand=0.0520s depth=22
    [timing] select=0.0000s expand=0.0545s depth=11
    [timing] select=0.0001s expand=0.0496s depth=22
    [timing] select=0.0000s expand=0.0543s depth=12
    [timing] select=0.0001s expand=0.0495s depth=23
    [timing] select=0.0001s expand=0.0523s depth=26
    [timing] select=0.0001s expand=0.1032s depth=23
    [timing] select=0.0001s expand=0.0624s depth=27
    [timing] select=0.0001s expand=0.0529s depth=23
    [timing] select=0.0000s expand=0.0581s depth=19
    [timing] select=0.0001s expand=0.0532s depth=23
    [timing] select=0.0001s expand=0.0494s depth=24
    [timing] select=0.0001s expand=0.0577s depth=24
    [timing] select=0.0001s expand=0.0546s depth=20
    [timing] select=0.0001s expand=0.0519s depth=24
    [timing] select=0.0000s expand=0.0557s depth=13
    [timing] select=0.0001s expand=0.0477s depth=24
    [timing] select=0.0000s expand=0.0592s depth=18
    [timing] select=0.0001s expand=0.0495s depth=24
    [timing] select=0.0000s expand=0.0560s depth=19
    [timing] select=0.0001s expand=0.0533s depth=25
    [timing] select=0.0001s expand=0.0628s depth=21
    [timing] select=0.0001s expand=0.0544s depth=25
    [timing] select=0.0001s expand=0.0575s depth=20
  [sim 500] root visits=500, generated=1465
    [timing] select=0.0001s expand=0.0481s depth=25
    [timing] select=0.0001s expand=0.0595s depth=21
    [timing] select=0.0001s expand=0.0497s depth=25
    [timing] select=0.0000s expand=0.0578s depth=14
    [timing] select=0.0001s expand=0.0513s depth=26
    [timing] select=0.0001s expand=0.0607s depth=22
    [timing] select=0.0001s expand=0.0483s depth=26
    [timing] select=0.0001s expand=0.0598s depth=22
    [timing] select=0.0001s expand=0.0555s depth=26
    [timing] select=0.0001s expand=0.0577s depth=25
    [timing] select=0.0001s expand=0.0496s depth=26
    [timing] select=0.0001s expand=0.0607s depth=23
    [timing] select=0.0001s expand=0.0545s depth=27
    [timing] select=0.0001s expand=0.0609s depth=26
    [timing] select=0.0001s expand=0.0605s depth=24
    [timing] select=0.0001s expand=0.0478s depth=27
    [timing] select=0.0000s expand=0.0549s depth=15
    [timing] select=0.0001s expand=0.0490s depth=27
    [timing] select=0.0001s expand=0.0557s depth=23
    [timing] select=0.0001s expand=0.0590s depth=27
    [timing] select=0.0001s expand=0.0557s depth=27
    [timing] select=0.0001s expand=0.0529s depth=28
    [timing] select=0.0001s expand=0.0497s depth=25
    [timing] select=0.0001s expand=0.0515s depth=28
    [timing] select=0.0001s expand=0.0542s depth=28
    [timing] select=0.0001s expand=0.0482s depth=28
    [timing] select=0.0001s expand=0.0548s depth=28
    [timing] select=0.0001s expand=0.0492s depth=28
    [timing] select=0.0000s expand=0.0499s depth=16
    [timing] select=0.0001s expand=0.0500s depth=29
    [timing] select=0.0001s expand=0.0518s depth=26
    [timing] select=0.0001s expand=0.0477s depth=29
    [timing] select=0.0001s expand=0.0587s depth=24
    [timing] select=0.0001s expand=0.0580s depth=29
    [timing] select=0.0001s expand=0.0574s depth=29
    [timing] select=0.0001s expand=0.0579s depth=29
    [timing] select=0.0001s expand=0.0592s depth=27
    [timing] select=0.0001s expand=0.0559s depth=30
    [timing] select=0.0001s expand=0.0618s depth=30
    [timing] select=0.0001s expand=0.0556s depth=30
    [timing] select=0.0001s expand=0.0650s depth=28
    [timing] select=0.0001s expand=0.0517s depth=30
    [timing] select=0.0000s expand=0.0586s depth=17
    [timing] select=0.0001s expand=0.0592s depth=30
    [timing] select=0.0001s expand=0.0608s depth=25
    [timing] select=0.0001s expand=0.0564s depth=31
    [timing] select=0.0001s expand=0.0606s depth=29
    [timing] select=0.0001s expand=0.0611s depth=31
    [timing] select=0.0001s expand=0.0573s depth=29
    [timing] select=0.0001s expand=0.0606s depth=31
    [timing] select=0.0001s expand=0.0600s depth=31
    [timing] select=0.0001s expand=0.0610s depth=31
    [timing] select=0.0001s expand=0.0546s depth=26
    [timing] select=0.0001s expand=0.0639s depth=32
    [timing] select=0.0001s expand=0.0572s depth=30
    [timing] select=0.0001s expand=0.0615s depth=32
    [timing] select=0.0000s expand=0.0581s depth=18
    [timing] select=0.0001s expand=0.0579s depth=32
    [timing] select=0.0001s expand=0.0573s depth=30
    [timing] select=0.0001s expand=0.0598s depth=32
    [timing] select=0.0001s expand=0.0605s depth=32
    [timing] select=0.0001s expand=0.0577s depth=33
    [timing] select=0.0000s expand=0.0575s depth=18
    [timing] select=0.0001s expand=0.0596s depth=33
    [timing] select=0.0001s expand=0.0571s depth=31
    [timing] select=0.0001s expand=0.0618s depth=33
    [timing] select=0.0000s expand=0.0586s depth=19
    [timing] select=0.0001s expand=0.0594s depth=33
    [timing] select=0.0001s expand=0.0576s depth=19
    [timing] select=0.0001s expand=0.0592s depth=34
    [timing] select=0.0001s expand=0.0616s depth=27
    [timing] select=0.0001s expand=0.0527s depth=34
    [timing] select=0.0001s expand=0.0550s depth=33
    [timing] select=0.0001s expand=0.0522s depth=34
    [timing] select=0.0001s expand=0.0627s depth=20
    [timing] select=0.0001s expand=0.0507s depth=34
    [timing] select=0.0001s expand=0.0612s depth=32
    [timing] select=0.0001s expand=0.0570s depth=35
    [timing] select=0.0001s expand=0.0608s depth=28
    [timing] select=0.0001s expand=0.0585s depth=35
    [timing] select=0.0001s expand=0.0598s depth=21
    [timing] select=0.0001s expand=0.0505s depth=35
    [timing] select=0.0001s expand=0.0505s depth=20
    [timing] select=0.0001s expand=0.0507s depth=35
    [timing] select=0.0001s expand=0.0519s depth=34
    [timing] select=0.0001s expand=0.0516s depth=36
    [timing] select=0.0001s expand=0.0625s depth=33
    [timing] select=0.0001s expand=0.0582s depth=36
    [timing] select=0.0001s expand=0.0599s depth=22
    [timing] select=0.0001s expand=0.0599s depth=36
    [timing] select=0.0001s expand=0.0598s depth=35
    [timing] select=0.0001s expand=0.0537s depth=36
    [timing] select=0.0001s expand=0.0647s depth=23
    [timing] select=0.0001s expand=0.0611s depth=37
    [timing] select=0.0001s expand=0.0593s depth=29
    [timing] select=0.0001s expand=0.0634s depth=37
    [timing] select=0.0001s expand=0.0471s depth=21
    [timing] select=0.0001s expand=0.0618s depth=37
    [timing] select=0.0001s expand=0.0582s depth=34
    [timing] select=0.0001s expand=0.0642s depth=37
    [timing] select=0.0001s expand=0.0569s depth=24
    [timing] select=0.0001s expand=0.0562s depth=38
    [timing] select=0.0001s expand=0.0616s depth=36
    [timing] select=0.0001s expand=0.0539s depth=38
    [timing] select=0.0001s expand=0.0605s depth=30
    [timing] select=0.0001s expand=0.0536s depth=38
    [timing] select=0.0001s expand=0.0595s depth=25
    [timing] select=0.0001s expand=0.0596s depth=38
    [timing] select=0.0001s expand=0.0594s depth=22
    [timing] select=0.0001s expand=0.0602s depth=33
    [timing] select=0.0001s expand=0.0599s depth=37
    [timing] select=0.0001s expand=0.0636s depth=33
    [timing] select=0.0001s expand=0.0615s depth=26
    [timing] select=0.0001s expand=0.0634s depth=33
    [timing] select=0.0001s expand=0.0609s depth=35
    [timing] select=0.0001s expand=0.0634s depth=33
    [timing] select=0.0001s expand=0.0530s depth=31
    [timing] select=0.0001s expand=0.0612s depth=34
    [timing] select=0.0001s expand=0.0522s depth=27
    [timing] select=0.0001s expand=0.0494s depth=34
    [timing] select=0.0001s expand=0.0635s depth=38
    [timing] select=0.0001s expand=0.0540s depth=34
    [timing] select=0.0001s expand=0.0527s depth=23
    [timing] select=0.0001s expand=0.0532s depth=34
    [timing] select=0.0001s expand=0.0531s depth=36
    [timing] select=0.0001s expand=0.0602s depth=35
    [timing] select=0.0001s expand=0.0602s depth=28
    [timing] select=0.0001s expand=0.0598s depth=35
    [timing] select=0.0001s expand=0.0577s depth=39
    [timing] select=0.0001s expand=0.0584s depth=35
    [timing] select=0.0001s expand=0.0623s depth=32
    [timing] select=0.0001s expand=0.0569s depth=35
    [timing] select=0.0001s expand=0.0648s depth=31
    [timing] select=0.0001s expand=0.0533s depth=36
    [timing] select=0.0001s expand=0.0522s depth=24
    [timing] select=0.0001s expand=0.0540s depth=36
    [timing] select=0.0001s expand=0.0604s depth=37
    [timing] select=0.0001s expand=0.0613s depth=36
    [timing] select=0.0001s expand=0.0606s depth=29
    [timing] select=0.0001s expand=0.0584s depth=36
    [timing] select=0.0001s expand=0.0625s depth=32
    [timing] select=0.0001s expand=0.0616s depth=39
    [timing] select=0.0001s expand=0.0547s depth=33
    [timing] select=0.0001s expand=0.0649s depth=39
    [timing] select=0.0001s expand=0.0527s depth=32
    [timing] select=0.0001s expand=0.0640s depth=39
    [timing] select=0.0001s expand=0.0567s depth=38
    [timing] select=0.0001s expand=0.0637s depth=39
    [timing] select=0.0001s expand=0.0492s depth=21
    [timing] select=0.0001s expand=0.0542s depth=40
    [timing] select=0.0001s expand=0.0661s depth=33
    [timing] select=0.0001s expand=0.0538s depth=40
    [timing] select=0.0001s expand=0.0572s depth=30
    [timing] select=0.0001s expand=0.0602s depth=40
    [timing] select=0.0001s expand=0.0496s depth=34
    [timing] select=0.0001s expand=0.0624s depth=40
    [timing] select=0.0001s expand=0.0563s depth=39
    [timing] select=0.0001s expand=0.0537s depth=37
    [timing] select=0.0001s expand=0.0543s depth=25
    [timing] select=0.0001s expand=0.0565s depth=37
    [timing] select=0.0001s expand=0.0626s depth=22
    [timing] select=0.0001s expand=0.0490s depth=37
    [timing] select=0.0001s expand=0.0441s depth=34
    [timing] select=0.0001s expand=0.0481s depth=37
    [timing] select=0.0001s expand=0.0463s depth=23
    [timing] select=0.0001s expand=0.0482s depth=41
    [timing] select=0.0001s expand=0.0443s depth=35
    [timing] select=0.0001s expand=0.0489s depth=41
    [timing] select=0.0001s expand=0.0457s depth=32
    [timing] select=0.0001s expand=0.0479s depth=41
    [timing] select=0.0001s expand=0.0504s depth=26
    [timing] select=0.0001s expand=0.0478s depth=41
    [timing] select=0.0001s expand=0.0502s depth=35
    [timing] select=0.0001s expand=0.0438s depth=42
    [timing] select=0.0000s expand=0.0460s depth=9
    [timing] select=0.0001s expand=0.0435s depth=42
    [timing] select=0.0001s expand=0.0480s depth=40
    [timing] select=0.0001s expand=0.0438s depth=42
    [timing] select=0.0001s expand=0.0438s depth=27
    [timing] select=0.0001s expand=0.0438s depth=42
    [timing] select=0.0001s expand=0.0460s depth=36
    [timing] select=0.0001s expand=0.0437s depth=38
    [timing] select=0.0001s expand=0.0502s depth=33
    [timing] select=0.0001s expand=0.0438s depth=38
    [timing] select=0.0001s expand=0.0502s depth=24
    [timing] select=0.0001s expand=0.0437s depth=38
    [timing] select=0.0000s expand=0.0506s depth=10
    [timing] select=0.0001s expand=0.0435s depth=38
    [timing] select=0.0001s expand=0.0469s depth=41
    [timing] select=0.0002s expand=0.0422s depth=43
    [timing] select=0.0001s expand=0.0463s depth=37
    [timing] select=0.0001s expand=0.0422s depth=43
    [timing] select=0.0001s expand=0.0515s depth=28
    [timing] select=0.0001s expand=0.0424s depth=43
    [timing] select=0.0001s expand=0.0442s depth=34
    [timing] select=0.0001s expand=0.0420s depth=43
    [timing] select=0.0001s expand=0.0442s depth=25
    [timing] select=0.0001s expand=0.0421s depth=39
    [timing] select=0.0001s expand=0.0486s depth=36
    [timing] select=0.0001s expand=0.0421s depth=39
    [timing] select=0.0000s expand=0.0442s depth=11
    [timing] select=0.0001s expand=0.0422s depth=39
    [timing] select=0.0001s expand=0.0420s depth=39
    [timing] select=0.0001s expand=0.0484s depth=25
    [timing] select=0.0001s expand=0.0442s depth=44
    [timing] select=0.0001s expand=0.0494s depth=33
    [timing] select=0.0001s expand=0.0442s depth=44
    [timing] select=0.0001s expand=0.0506s depth=35
    [timing] select=0.0001s expand=0.0441s depth=44
    [timing] select=0.0001s expand=0.0463s depth=42
    [timing] select=0.0001s expand=0.0510s depth=26
    [timing] select=0.0001s expand=0.0442s depth=44
    [timing] select=0.0001s expand=0.0464s depth=26
    [timing] select=0.0001s expand=0.0482s depth=45
    [timing] select=0.0000s expand=0.0512s depth=12
    [timing] select=0.0001s expand=0.0487s depth=45
    [timing] select=0.0001s expand=0.0483s depth=45
    [timing] select=0.0001s expand=0.0484s depth=40
    [timing] select=0.0001s expand=0.0481s depth=45
    [timing] select=0.0001s expand=0.0462s depth=34
    [timing] select=0.0001s expand=0.0440s depth=40
    [timing] select=0.0001s expand=0.0440s depth=43
    [timing] select=0.0001s expand=0.0442s depth=40
    [timing] select=0.0001s expand=0.0484s depth=31
    [timing] select=0.0001s expand=0.0442s depth=40
    [timing] select=0.0001s expand=0.0462s depth=41
    [timing] select=0.0001s expand=0.0438s depth=40
    [timing] select=0.0001s expand=0.0461s depth=27
    [timing] select=0.0001s expand=0.0463s depth=46
    [timing] select=0.0000s expand=0.0485s depth=13
    [timing] select=0.0001s expand=0.0461s depth=46
    [timing] select=0.0001s expand=0.0484s depth=29
    [timing] select=0.0001s expand=0.0470s depth=46
    [timing] select=0.0001s expand=0.0441s depth=37
    [timing] select=0.0001s expand=0.0461s depth=46
    [timing] select=0.0001s expand=0.0486s depth=36
    [timing] select=0.0001s expand=0.0444s depth=29
    [timing] select=0.0001s expand=0.0461s depth=35
    [timing] select=0.0001s expand=0.0441s depth=29
    [timing] select=0.0001s expand=0.0481s depth=28
    [timing] select=0.0001s expand=0.0441s depth=29
    [timing] select=0.0000s expand=0.0446s depth=14
    [timing] select=0.0001s expand=0.0443s depth=29
    [timing] select=0.0001s expand=0.0420s depth=44
    [timing] select=0.0001s expand=0.0442s depth=30
    [timing] select=0.0001s expand=0.0461s depth=32
    [timing] select=0.0001s expand=0.0441s depth=30
    [timing] select=0.0001s expand=0.0443s depth=45
    [timing] select=0.0001s expand=0.0442s depth=30
    [timing] select=0.0001s expand=0.0439s depth=36
    [timing] select=0.0001s expand=0.0440s depth=30
    [timing] select=0.0001s expand=0.0461s depth=42
    [timing] select=0.0001s expand=0.0481s depth=31
    [timing] select=0.0001s expand=0.0442s depth=29
    [timing] select=0.0001s expand=0.0482s depth=31
    [timing] select=0.0000s expand=0.0485s depth=15
    [timing] select=0.0001s expand=0.0482s depth=31
    [timing] select=0.0001s expand=0.0486s depth=27
    [timing] select=0.0001s expand=0.0479s depth=31
    [timing] select=0.0001s expand=0.0462s depth=46
    [timing] select=0.0001s expand=0.0492s depth=32
    [timing] select=0.0001s expand=0.0446s depth=43
    [timing] select=0.0001s expand=0.0485s depth=32
    [timing] select=0.0001s expand=0.0443s depth=30
    [timing] select=0.0001s expand=0.0493s depth=32
    [timing] select=0.0001s expand=0.0430s depth=34
    [timing] select=0.0001s expand=0.0500s depth=32
    [timing] select=0.0001s expand=0.0483s depth=38
    [timing] select=0.0001s expand=0.0494s depth=33
    [timing] select=0.0000s expand=0.0467s depth=16
    [timing] select=0.0001s expand=0.0481s depth=33
    [timing] select=0.0001s expand=0.0461s depth=33
    [timing] select=0.0001s expand=0.0483s depth=33
    [timing] select=0.0001s expand=0.0442s depth=37
    [timing] select=0.0001s expand=0.0483s depth=33
    [timing] select=0.0001s expand=0.0421s depth=37
    [timing] select=0.0001s expand=0.0442s depth=47
    [timing] select=0.0001s expand=0.0421s depth=30
    [timing] select=0.0001s expand=0.0441s depth=47
    [timing] select=0.0001s expand=0.0460s depth=47
    [timing] select=0.0001s expand=0.0439s depth=47
    [timing] select=0.0001s expand=0.0441s depth=34
    [timing] select=0.0001s expand=0.0440s depth=47
    [timing] select=0.0000s expand=0.0462s depth=17
    [timing] select=0.0001s expand=0.0482s depth=41
    [timing] select=0.0001s expand=0.0422s depth=44
    [timing] select=0.0001s expand=0.0489s depth=41
    [timing] select=0.0001s expand=0.0427s depth=44
    [timing] select=0.0001s expand=0.0485s depth=41
    [timing] select=0.0001s expand=0.0444s depth=38
    [timing] select=0.0001s expand=0.0494s depth=41
    [timing] select=0.0001s expand=0.0449s depth=35
    [timing] select=0.0001s expand=0.0420s depth=48
    [timing] select=0.0001s expand=0.0444s depth=45
    [timing] select=0.0002s expand=0.0423s depth=48
    [timing] select=0.0001s expand=0.0443s depth=28
    [timing] select=0.0002s expand=0.0425s depth=48
    [timing] select=0.0001s expand=0.0471s depth=23
    [timing] select=0.0002s expand=0.0424s depth=48
    [timing] select=0.0002s expand=0.0470s depth=39
    [timing] select=0.0002s expand=0.0469s depth=42
    [timing] select=0.0002s expand=0.0466s depth=39
    [timing] select=0.0002s expand=0.0461s depth=42
    [timing] select=0.0001s expand=0.0463s depth=36
    [timing] select=0.0001s expand=0.0457s depth=42
    [timing] select=0.0002s expand=0.0439s depth=45
    [timing] select=0.0001s expand=0.0458s depth=42
    [timing] select=0.0001s expand=0.0485s depth=31
    [timing] select=0.0002s expand=0.0438s depth=49
    [timing] select=0.0001s expand=0.0458s depth=25
    [timing] select=0.0002s expand=0.0438s depth=49
    [timing] select=0.0002s expand=0.0460s depth=46
    [timing] select=0.0002s expand=0.0441s depth=49
    [timing] select=0.0001s expand=0.0440s depth=31
    [timing] select=0.0000s expand=0.0489s depth=7
    [timing] select=0.0002s expand=0.0445s depth=49
    [timing] select=0.0000s expand=0.0484s depth=8
    [timing] select=0.0001s expand=0.0419s depth=35
    [timing] select=0.0000s expand=0.0479s depth=9
    [timing] select=0.0001s expand=0.0437s depth=34
    [timing] select=0.0001s expand=0.0465s depth=46
    [timing] select=0.0000s expand=0.0444s depth=10
    [timing] select=0.0001s expand=0.0440s depth=34
    [timing] select=0.0000s expand=0.0440s depth=11
    [timing] select=0.0001s expand=0.0482s depth=38
    [timing] select=0.0000s expand=0.0459s depth=12
    [timing] select=0.0001s expand=0.0440s depth=34
    [timing] select=0.0000s expand=0.0512s depth=13
    [timing] select=0.0001s expand=0.0461s depth=40
    [timing] select=0.0000s expand=0.0438s depth=14
    [timing] select=0.0001s expand=0.0437s depth=34
    [timing] select=0.0000s expand=0.0500s depth=15
    [timing] select=0.0001s expand=0.0441s depth=18
    [timing] select=0.0000s expand=0.0495s depth=16
    [timing] select=0.0001s expand=0.0462s depth=50
    [timing] select=0.0000s expand=0.0307s depth=17
    [timing] select=0.0001s expand=0.0418s depth=40
    [timing] select=0.0000s expand=0.0485s depth=18
    [timing] select=0.0001s expand=0.0460s depth=50
    [timing] select=0.0001s expand=0.0439s depth=36
    [timing] select=0.0000s expand=0.0462s depth=19
    [timing] select=0.0001s expand=0.0460s depth=50
    [timing] select=0.0001s expand=0.0483s depth=20
    [timing] select=0.0001s expand=0.0461s depth=38
    [timing] select=0.0000s expand=0.0465s depth=21
    [timing] select=0.0001s expand=0.0460s depth=50
    [timing] select=0.0001s expand=0.0490s depth=22
    [timing] select=0.0001s expand=0.0476s depth=47
    [timing] select=0.0001s expand=0.0466s depth=23
    [timing] select=0.0001s expand=0.0485s depth=43
    [timing] select=0.0001s expand=0.0474s depth=20
    [timing] select=0.0001s expand=0.0422s depth=37
    [timing] select=0.0001s expand=0.0464s depth=21
    [timing] select=0.0001s expand=0.0492s depth=43
    [timing] select=0.0001s expand=0.0472s depth=48
    [timing] select=0.0001s expand=0.0455s depth=22
    [timing] select=0.0001s expand=0.0496s depth=43
    [timing] select=0.0001s expand=0.0472s depth=18
    [timing] select=0.0001s expand=0.0458s depth=24
    [timing] select=0.0001s expand=0.0421s depth=23
    [timing] select=0.0001s expand=0.0481s depth=43
    [timing] select=0.0001s expand=0.0441s depth=24
    [timing] select=0.0001s expand=0.0463s depth=37
    [timing] select=0.0001s expand=0.0444s depth=24
    [timing] select=0.0001s expand=0.0419s depth=48
    [timing] select=0.0001s expand=0.0509s depth=19
    [timing] select=0.0001s expand=0.0472s depth=37
    [timing] select=0.0001s expand=0.0464s depth=25
    [timing] select=0.0001s expand=0.0419s depth=48
    [timing] select=0.0001s expand=0.0464s depth=26
    [timing] select=0.0001s expand=0.0421s depth=44
    [timing] select=0.0001s expand=0.0443s depth=20
    [timing] select=0.0001s expand=0.0419s depth=48
    [timing] select=0.0001s expand=0.0421s depth=23
    [timing] select=0.0001s expand=0.0467s depth=47
    [timing] select=0.0001s expand=0.0447s depth=24
    [timing] select=0.0001s expand=0.0421s depth=48
    [timing] select=0.0001s expand=0.0517s depth=21
    [timing] select=0.0001s expand=0.0467s depth=32
    [timing] select=0.0001s expand=0.0460s depth=25
    [timing] select=0.0001s expand=0.0441s depth=49
    [timing] select=0.0001s expand=0.0460s depth=27
    [timing] select=0.0001s expand=0.0485s depth=39
    [timing] select=0.0001s expand=0.0486s depth=22
    [timing] select=0.0001s expand=0.0441s depth=49
    [timing] select=0.0001s expand=0.0462s depth=26
    [timing] select=0.0001s expand=0.0504s depth=26
    [timing] select=0.0001s expand=0.0460s depth=28
    [timing] select=0.0001s expand=0.0444s depth=49
    [timing] select=0.0001s expand=0.0472s depth=27
    [timing] select=0.0001s expand=0.0494s depth=29
    [timing] select=0.0002s expand=0.0423s depth=53
    [timing] select=0.0001s expand=0.0442s depth=49
    [timing] select=0.0001s expand=0.0420s depth=54
    [timing] select=0.0001s expand=0.0462s depth=39
    [timing] select=0.0001s expand=0.0442s depth=23
    [timing] select=0.0001s expand=0.0463s depth=44
    [timing] select=0.0001s expand=0.0444s depth=55
    [timing] select=0.0001s expand=0.0442s depth=41
    [timing] select=0.0001s expand=0.0481s depth=56
    [timing] select=0.0001s expand=0.0459s depth=44
    [timing] select=0.0001s expand=0.0485s depth=29
    [timing] select=0.0001s expand=0.0442s depth=38
    [timing] select=0.0001s expand=0.0440s depth=50
    [timing] select=0.0001s expand=0.0441s depth=35
    [timing] select=0.0001s expand=0.0487s depth=57
    [timing] select=0.0001s expand=0.0442s depth=45
    [timing] select=0.0001s expand=0.0440s depth=25
    [timing] select=0.0001s expand=0.0440s depth=35
    [timing] select=0.0001s expand=0.0513s depth=28
    [timing] select=0.0000s expand=0.0488s depth=10
    [timing] select=0.0001s expand=0.0419s depth=51
    [timing] select=0.0001s expand=0.0462s depth=44
    [timing] select=0.0001s expand=0.0463s depth=58
    [timing] select=0.0001s expand=0.0482s depth=32
    [timing] select=0.0001s expand=0.0493s depth=24
    [timing] select=0.0002s expand=0.0464s depth=44
    [timing] select=0.0001s expand=0.0463s depth=59
    [timing] select=0.0001s expand=0.0464s depth=39
    [timing] select=0.0001s expand=0.0420s depth=52
    [timing] select=0.0002s expand=0.0462s depth=50
    [timing] select=0.0001s expand=0.0443s depth=60
    [timing] select=0.0001s expand=0.0514s depth=49
    [timing] select=0.0001s expand=0.0465s depth=30
    [timing] select=0.0001s expand=0.0462s depth=50
    [timing] select=0.0001s expand=0.0419s depth=53
    [timing] select=0.0001s expand=0.0463s depth=48
    [timing] select=0.0001s expand=0.0441s depth=35
    [timing] select=0.0001s expand=0.0421s depth=61
    [timing] select=0.0001s expand=0.0460s depth=38
    [timing] select=0.0001s expand=0.0485s depth=29
    [timing] select=0.0001s expand=0.0442s depth=35
    [timing] select=0.0001s expand=0.0421s depth=54
    [timing] select=0.0001s expand=0.0462s depth=38
    [timing] select=0.0001s expand=0.0422s depth=62
    [timing] select=0.0001s expand=0.0518s depth=45
    [timing] select=0.0001s expand=0.0468s depth=25
    [timing] select=0.0001s expand=0.0451s depth=25
    [timing] select=0.0001s expand=0.0446s depth=55
    [timing] select=0.0001s expand=0.0510s depth=45
    [timing] select=0.0001s expand=0.0421s depth=63
    [timing] select=0.0001s expand=0.0464s depth=33
    [timing] select=0.0001s expand=0.0463s depth=31
    [timing] select=0.0001s expand=0.0440s depth=64
    [timing] select=0.0001s expand=0.0463s depth=50
    [timing] select=0.0001s expand=0.0484s depth=56
    [timing] select=0.0001s expand=0.0463s depth=46
    [timing] select=0.0001s expand=0.0462s depth=32
    [timing] select=0.0001s expand=0.0459s depth=51
    [timing] select=0.0001s expand=0.0461s depth=65
    [timing] select=0.0001s expand=0.0482s depth=33
    [timing] select=0.0001s expand=0.0481s depth=26
    [timing] select=0.0001s expand=0.0461s depth=50
    [timing] select=0.0001s expand=0.0484s depth=57
    [timing] select=0.0001s expand=0.0418s depth=35
    [timing] select=0.0001s expand=0.0461s depth=26
    [timing] select=0.0001s expand=0.0507s depth=45
    [timing] select=0.0001s expand=0.0421s depth=51
    [timing] select=0.0001s expand=0.0461s depth=40
    [timing] select=0.0001s expand=0.0459s depth=51
    [timing] select=0.0001s expand=0.0462s depth=58
    [timing] select=0.0001s expand=0.0462s depth=40
    [timing] select=0.0001s expand=0.0461s depth=30
    [timing] select=0.0001s expand=0.0420s depth=52
    [timing] select=0.0001s expand=0.0460s depth=51
    [timing] select=0.0001s expand=0.0485s depth=27
    [timing] select=0.0001s expand=0.0460s depth=59
    [timing] select=0.0001s expand=0.0419s depth=53
    [timing] select=0.0001s expand=0.0519s depth=45
    [timing] select=0.0001s expand=0.0471s depth=41
    [timing] select=0.0001s expand=0.0496s depth=33
    [timing] select=0.0001s expand=0.0469s depth=51
    [timing] select=0.0001s expand=0.0422s depth=54
    [timing] select=0.0001s expand=0.0494s depth=50
    [timing] select=0.0001s expand=0.0444s depth=60
    [timing] select=0.0001s expand=0.0460s depth=51
    [timing] select=0.0001s expand=0.0442s depth=27
    [timing] select=0.0001s expand=0.0463s depth=48
    [timing] select=0.0001s expand=0.0464s depth=66
    [timing] select=0.0001s expand=0.0461s depth=46
    [timing] select=0.0001s expand=0.0420s depth=61
    [timing] select=0.0001s expand=0.0461s depth=30
    [timing] select=0.0001s expand=0.0460s depth=31
    [timing] select=0.0001s expand=0.0466s depth=51
    [timing] select=0.0002s expand=0.0462s depth=67
    [timing] select=0.0001s expand=0.0464s depth=33
    [timing] select=0.0001s expand=0.0419s depth=62
    [timing] select=0.0001s expand=0.0462s depth=34
    [timing] select=0.0001s expand=0.0461s depth=51
    [timing] select=0.0001s expand=0.0460s depth=40
    [timing] select=0.0001s expand=0.0440s depth=55
    [timing] select=0.0001s expand=0.0461s depth=46
    [timing] select=0.0001s expand=0.0421s depth=63
    [timing] select=0.0000s expand=0.0517s depth=11
    [timing] select=0.0001s expand=0.0420s depth=28
    [timing] select=0.0001s expand=0.0487s depth=27
    [timing] select=0.0001s expand=0.0465s depth=36
    [timing] select=0.0001s expand=0.0465s depth=68
    [timing] select=0.0001s expand=0.0503s depth=49
    [timing] select=0.0001s expand=0.0461s depth=66
  [sim 1000] root visits=1000, generated=3139
    [timing] select=0.0001s expand=0.0462s depth=51
    [timing] select=0.0001s expand=0.0441s depth=64
    [timing] select=0.0001s expand=0.0464s depth=47
    [timing] select=0.0001s expand=0.0463s depth=32
    [timing] select=0.0001s expand=0.0463s depth=46
    [timing] select=0.0001s expand=0.0465s depth=67
    [timing] select=0.0001s expand=0.0442s depth=36
    [timing] select=0.0001s expand=0.0459s depth=65
    [timing] select=0.0001s expand=0.0462s depth=36
    [timing] select=0.0001s expand=0.0465s depth=35
    [timing] select=0.0001s expand=0.0485s depth=39
    [timing] select=0.0001s expand=0.0462s depth=68
    [timing] select=0.0001s expand=0.0492s depth=52
    [timing] select=0.0001s expand=0.0419s depth=51
    [timing] select=0.0001s expand=0.0461s depth=51
    [timing] select=0.0001s expand=0.0442s depth=29
    [timing] select=0.0001s expand=0.0462s depth=46
    [timing] select=0.0001s expand=0.0485s depth=56
    [timing] select=0.0001s expand=0.0441s depth=34
    [timing] select=0.0002s expand=0.0485s depth=69
    [timing] select=0.0001s expand=0.0463s depth=36
    [timing] select=0.0001s expand=0.0483s depth=33
    [timing] select=0.0001s expand=0.0507s depth=26
    [timing] select=0.0001s expand=0.0421s depth=52
    [timing] select=0.0001s expand=0.0495s depth=52
    [timing] select=0.0001s expand=0.0497s depth=69
    [timing] select=0.0001s expand=0.0452s depth=41
    [timing] select=0.0001s expand=0.0461s depth=36
    [timing] select=0.0001s expand=0.0484s depth=52
    [timing] select=0.0001s expand=0.0419s depth=53
    [timing] select=0.0001s expand=0.0503s depth=34
    [timing] select=0.0001s expand=0.0463s depth=70
    [timing] select=0.0001s expand=0.0462s depth=36
    [timing] select=0.0001s expand=0.0419s depth=54
    [timing] select=0.0001s expand=0.0461s depth=37
    [timing] select=0.0001s expand=0.0461s depth=30
    [timing] select=0.0001s expand=0.0485s depth=52
    [timing] select=0.0001s expand=0.0462s depth=28
    [timing] select=0.0001s expand=0.0461s depth=41
    [timing] select=0.0002s expand=0.0462s depth=70
    [timing] select=0.0001s expand=0.0486s depth=52
    [timing] select=0.0001s expand=0.0489s depth=57
    [timing] select=0.0001s expand=0.0511s depth=42
    [timing] select=0.0001s expand=0.0464s depth=37
    [timing] select=0.0001s expand=0.0483s depth=47
    [timing] select=0.0001s expand=0.0461s depth=66
    [timing] select=0.0002s expand=0.0487s depth=71
    [timing] select=0.0001s expand=0.0481s depth=28
    [timing] select=0.0001s expand=0.0461s depth=34
    [timing] select=0.0001s expand=0.0482s depth=52
    [timing] select=0.0001s expand=0.0463s depth=67
    [timing] select=0.0001s expand=0.0510s depth=49
    [timing] select=0.0001s expand=0.0459s depth=67
    [timing] select=0.0001s expand=0.0498s depth=52
    [timing] select=0.0001s expand=0.0465s depth=31
    [timing] select=0.0001s expand=0.0486s depth=50
    [timing] select=0.0001s expand=0.0441s depth=55
    [timing] select=0.0001s expand=0.0481s depth=47
    [timing] select=0.0002s expand=0.0482s depth=72
    [timing] select=0.0001s expand=0.0462s depth=41
    [timing] select=0.0001s expand=0.0460s depth=38
    [timing] select=0.0001s expand=0.0462s depth=53
    [timing] select=0.0002s expand=0.0461s depth=68
    [timing] select=0.0001s expand=0.0462s depth=40
    [timing] select=0.0001s expand=0.0464s depth=58
    [timing] select=0.0001s expand=0.0486s depth=52
    [timing] select=0.0001s expand=0.0463s depth=68
    [timing] select=0.0001s expand=0.0461s depth=52
    [timing] select=0.0001s expand=0.0459s depth=35
    [timing] select=0.0001s expand=0.0484s depth=47
    [timing] select=0.0001s expand=0.0467s depth=66
    [timing] select=0.0001s expand=0.0464s depth=31
    [timing] select=0.0002s expand=0.0463s depth=73
    [timing] select=0.0001s expand=0.0483s depth=19
    [timing] select=0.0001s expand=0.0461s depth=53
    [timing] select=0.0000s expand=0.0484s depth=12
    [timing] select=0.0001s expand=0.0463s depth=67
    [timing] select=0.0001s expand=0.0485s depth=69
    [timing] select=0.0001s expand=0.0483s depth=48
    [timing] select=0.0001s expand=0.0512s depth=29
    [timing] select=0.0001s expand=0.0468s depth=48
    [timing] select=0.0001s expand=0.0460s depth=39
    [timing] select=0.0001s expand=0.0480s depth=47
    [timing] select=0.0002s expand=0.0462s depth=68
    [timing] select=0.0001s expand=0.0461s depth=29
    [timing] select=0.0002s expand=0.0482s depth=74
  [sim 1086] found goal path of length 74
[Final] Expanded: 0, Generated: 3430
[search done] simulations=1086, states generated=3430
Found a solution of length 74!
   1: (pickup f1-7f key1-2)
   2: (move f1-7f f0-7f)
   3: (putdown f0-7f key1-2)
   4: (move f0-7f f1-7f)
   5: (pickup f1-7f key1-1)
   6: (move f1-7f f1-6f)
   7: (move f1-6f f1-5f)
   8: (putdown f1-5f key1-1)
   9: (move f1-5f f1-6f)
  10: (pickup f1-6f key1-4)
  11: (move f1-6f f1-5f)
  12: (move f1-5f f2-5f)
  13: (move f2-5f f2-4f)
  14: (move f2-4f f1-4f)
  15: (move f1-4f f1-3f)
  16: (putdown f1-3f key1-4)
  17: (pickup f1-3f key1-0)
  18: (unlock f1-3f f2-3f key1-0 shape1)
  19: (putdown f1-3f key1-0)
  20: (pickup f1-3f key1-4)
  21: (move f1-3f f0-3f)
  22: (move f0-3f f0-2f)
  23: (putdown f0-2f key1-4)
  24: (move f0-2f f1-2f)
  25: (move f1-2f f1-3f)
  26: (pickup f1-3f key1-0)
  27: (move f1-3f f2-3f)
  28: (move f2-3f f2-4f)
  29: (move f2-4f f2-5f)
  30: (move f2-5f f1-5f)
  31: (move f1-5f f1-4f)
  32: (move f1-4f f0-4f)
  33: (move f0-4f f0-3f)
  34: (move f0-3f f0-2f)
  35: (move f0-2f f1-2f)
  36: (move f1-2f f2-2f)
  37: (move f2-2f f2-1f)
  38: (move f2-1f f1-1f)
  39: (move f1-1f f0-1f)
  40: (move f0-1f f0-0f)
  41: (move f0-0f f1-0f)
  42: (move f1-0f f2-0f)
  43: (putdown f2-0f key1-0)
  44: (move f2-0f f2-1f)
  45: (move f2-1f f1-1f)
  46: (move f1-1f f1-0f)
  47: (move f1-0f f0-0f)
  48: (move f0-0f f0-1f)
  49: (move f0-1f f0-2f)
  50: (move f0-2f f1-2f)
  51: (move f1-2f f1-3f)
  52: (move f1-3f f2-3f)
  53: (move f2-3f f2-4f)
  54: (move f2-4f f2-5f)
  55: (pickup f2-5f key1-3)
  56: (move f2-5f f1-5f)
  57: (move f1-5f f1-4f)
  58: (move f1-4f f1-3f)
  59: (putdown f1-3f key1-3)
  60: (move f1-3f f2-3f)
  61: (move f2-3f f2-2f)
  62: (move f2-2f f2-1f)
  63: (move f2-1f f2-0f)
  64: (pickup f2-0f key1-0)
  65: (move f2-0f f2-1f)
  66: (move f2-1f f2-2f)
  67: (move f2-2f f2-3f)
  68: (move f2-3f f1-3f)
  69: (move f1-3f f1-4f)
  70: (move f1-4f f1-5f)
  71: (move f1-5f f1-6f)
  72: (move f1-6f f1-7f)
  73: (move f1-7f f1-8f)
  74: (putdown f1-8f key1-0)
