/u/ibrahim.eisawy/Neural-Guided-Search/venv/lib/python3.10/site-packages/pymimir_rgnn/model.py:151: UserWarning: index_reduce() is in beta and the API may change at any time. (Triggered internally at /pytorch/aten/src/ATen/native/cuda/Indexing.cu:1541.)
  max_msg.index_reduce_(0, output_indices, output_messages, reduce='amax', include_self=True)
Torch: 2.12.0+cu130
Using GPU:  NVIDIA L40S
15.963: (switch_on instrument1 satellite0)
16.313: (turn_to satellite0 groundstation9 star4)
17.658: (switch_on instrument0 satellite0)
17.821: (turn_to satellite0 groundstation7 star4)
17.821: (turn_to satellite0 star0 star4)
12.888: (turn_to satellite0 groundstation9 star4)
12.888: (switch_on instrument1 satellite0)
15.561: (switch_on instrument1 satellite0)
15.561: (turn_to satellite0 star0 star4)
15.561: (switch_on instrument1 satellite0)
9.160: (calibrate satellite0 instrument1 groundstation9)
15.963: (turn_to satellite0 star5 star0)
15.963: (turn_to satellite0 groundstation1 star0)
15.963: (turn_to satellite0 groundstation3 star0)
15.963: (turn_to satellite0 groundstation2 star0)
8.126: (turn_to satellite0 phenomenon11 groundstation9)
8.126: (turn_to satellite0 star12 groundstation9)
8.203: (turn_to satellite0 star13 groundstation9)
8.203: (turn_to satellite0 planet10 groundstation9)
8.203: (turn_to satellite0 planet14 groundstation9)
7.156: (take_image satellite0 star12 instrument1 thermograph1)
7.156: (take_image satellite0 phenomenon11 instrument1 thermograph2)
7.660: (take_image satellite0 planet14 instrument1 infrared0)
7.661: (take_image satellite0 planet10 instrument1 infrared0)
7.661: (take_image satellite0 star13 instrument1 infrared0)
6.406: (turn_to satellite0 star12 phenomenon11)
6.407: (turn_to satellite0 phenomenon11 star12)
6.492: (turn_to satellite0 planet10 phenomenon11)
6.492: (turn_to satellite0 planet14 phenomenon11)
6.492: (turn_to satellite0 star13 phenomenon11)
5.115: (take_image satellite0 phenomenon11 instrument1 thermograph2)
5.115: (take_image satellite0 star12 instrument1 thermograph1)
5.690: (take_image satellite0 star13 instrument1 infrared0)
5.692: (take_image satellite0 planet14 instrument1 infrared0)
5.692: (take_image satellite0 planet10 instrument1 infrared0)
4.413: (turn_to satellite0 planet14 star12)
4.413: (turn_to satellite0 planet10 star12)
4.413: (turn_to satellite0 star13 star12)
4.414: (turn_to satellite0 planet10 phenomenon11)
4.414: (turn_to satellite0 star13 phenomenon11)
3.662: (take_image satellite0 planet10 instrument1 infrared0)
3.662: (take_image satellite0 star13 instrument1 infrared0)
3.663: (take_image satellite0 planet14 instrument1 infrared0)
4.483: (take_image satellite0 planet10 instrument1 thermograph1)
4.483: (take_image satellite0 planet10 instrument1 thermograph2)
3.037: (turn_to satellite0 planet14 star13)
3.038: (turn_to satellite0 planet10 planet14)
3.038: (turn_to satellite0 star13 planet14)
3.038: (turn_to satellite0 planet10 star13)
3.038: (turn_to satellite0 star13 planet10)
2.516: (take_image satellite0 star13 instrument1 infrared0)
2.516: (take_image satellite0 planet10 instrument1 infrared0)
2.517: (take_image satellite0 star13 instrument1 infrared0)
2.517: (take_image satellite0 planet14 instrument1 infrared0)
2.518: (take_image satellite0 planet10 instrument1 infrared0)
1.823: (turn_to satellite0 planet14 planet10)
1.823: (turn_to satellite0 star13 planet10)
1.823: (turn_to satellite0 planet10 star13)
1.824: (turn_to satellite0 planet14 star13)
1.824: (turn_to satellite0 planet10 planet14)
1.078: (take_image satellite0 star13 instrument1 infrared0)
1.079: (take_image satellite0 planet14 instrument1 infrared0)
1.079: (take_image satellite0 planet10 instrument1 infrared0)
1.892: (take_image satellite0 star13 instrument1 thermograph1)
1.892: (take_image satellite0 planet14 instrument1 thermograph1)
0.328: (turn_to satellite0 star6 planet14)
[Final] Expanded: 60, Generated: 1107
Found a solution of length 14!
   1: (switch_on instrument1 satellite0)
   2: (turn_to satellite0 groundstation9 star4)
   3: (calibrate satellite0 instrument1 groundstation9)
   4: (turn_to satellite0 phenomenon11 groundstation9)
   5: (take_image satellite0 phenomenon11 instrument1 thermograph2)
   6: (turn_to satellite0 star12 phenomenon11)
   7: (take_image satellite0 star12 instrument1 thermograph1)
   8: (turn_to satellite0 star13 star12)
   9: (take_image satellite0 star13 instrument1 infrared0)
  10: (turn_to satellite0 planet10 star13)
  11: (take_image satellite0 planet10 instrument1 infrared0)
  12: (turn_to satellite0 planet14 planet10)
  13: (take_image satellite0 planet14 instrument1 infrared0)
  14: (turn_to satellite0 star6 planet14)
