/u/ibrahim.eisawy/Neural-Guided-Search/venv/lib/python3.10/site-packages/pymimir_rgnn/model.py:151: UserWarning: index_reduce() is in beta and the API may change at any time. (Triggered internally at /pytorch/aten/src/ATen/native/cuda/Indexing.cu:1541.)
  max_msg.index_reduce_(0, output_indices, output_messages, reduce='amax', include_self=True)
Torch: 2.12.0+cu130
Using GPU:  NVIDIA L40S
20.937: (switch_on instrument2 satellite1)
21.295: (switch_on instrument1 satellite0)
21.691: (turn_to satellite0 groundstation5 planet15)
21.759: (turn_to satellite0 star1 planet15)
21.787: (turn_to satellite0 star14 planet15)
19.259: (turn_to satellite0 groundstation5 planet15)
19.263: (switch_on instrument2 satellite1)
19.360: (turn_to satellite0 groundstation3 planet15)
19.360: (turn_to satellite0 star14 planet15)
19.363: (switch_on instrument2 satellite1)
17.604: (switch_on instrument1 satellite0)
17.612: (switch_on instrument1 satellite0)
17.612: (switch_on instrument1 satellite0)
17.771: (switch_on instrument0 satellite0)
18.444: (switch_on instrument0 satellite0)
14.567: (calibrate satellite0 instrument1 groundstation5)
15.874: (calibrate satellite0 instrument0 groundstation5)
17.605: (turn_to satellite1 groundstation6 star12)
17.609: (turn_to satellite1 star1 star12)
17.611: (turn_to satellite1 groundstation5 star12)
14.093: (calibrate satellite1 instrument2 groundstation5)
14.134: (turn_to satellite0 star20 groundstation5)
14.134: (turn_to satellite0 planet15 groundstation5)
14.137: (turn_to satellite0 planet18 groundstation5)
14.137: (turn_to satellite0 star19 groundstation5)
13.421: (take_image satellite0 planet15 instrument1 thermograph0)
13.423: (take_image satellite0 star20 instrument1 thermograph0)
13.429: (turn_to satellite1 groundstation3 star12)
13.429: (turn_to satellite1 star14 star12)
13.429: (turn_to satellite1 groundstation3 star12)
11.016: (calibrate satellite1 instrument2 groundstation3)
11.023: (calibrate satellite1 instrument2 star14)
11.025: (calibrate satellite1 instrument2 groundstation3)
12.583: (turn_to satellite0 planet15 star20)
12.585: (turn_to satellite0 star20 planet15)
10.146: (turn_to satellite1 star20 star14)
10.146: (turn_to satellite1 star20 groundstation3)
10.150: (turn_to satellite1 planet15 groundstation3)
10.223: (turn_to satellite1 planet18 groundstation3)
10.224: (turn_to satellite1 star19 groundstation3)
9.589: (take_image satellite1 star20 instrument2 thermograph0)
9.593: (take_image satellite1 planet15 instrument2 thermograph0)
9.594: (take_image satellite0 planet15 instrument1 thermograph0)
9.595: (take_image satellite0 star20 instrument1 thermograph0)
9.660: (take_image satellite0 star20 instrument1 thermograph0)
8.586: (take_image satellite1 star20 instrument2 thermograph0)
8.590: (take_image satellite0 planet15 instrument1 thermograph0)
8.591: (take_image satellite0 star20 instrument1 thermograph0)
8.596: (take_image satellite1 planet15 instrument2 thermograph0)
8.866: (turn_to satellite0 planet18 star20)
7.819: (turn_to satellite0 phenomenon22 planet15)
7.819: (turn_to satellite0 phenomenon21 planet15)
7.820: (turn_to satellite0 planet17 planet15)
7.820: (turn_to satellite0 planet16 planet15)
7.820: (turn_to satellite0 planet16 star20)
7.067: (turn_to satellite1 star19 star20)
7.067: (turn_to satellite1 star19 star20)
7.067: (turn_to satellite1 planet18 star20)
7.067: (turn_to satellite1 planet18 star20)
7.069: (turn_to satellite1 star19 star20)
6.991: (turn_to satellite0 planet18 phenomenon21)
6.994: (turn_to satellite0 planet18 phenomenon22)
6.994: (turn_to satellite0 star19 phenomenon21)
6.998: (turn_to satellite0 star19 phenomenon22)
6.998: (turn_to satellite0 planet18 planet16)
6.192: (take_image satellite0 planet18 instrument1 infrared1)
6.193: (take_image satellite0 star19 instrument1 infrared1)
7.015: (take_image satellite1 planet18 instrument2 infrared2)
7.019: (take_image satellite1 star19 instrument2 infrared2)
7.039: (take_image satellite0 star19 instrument1 thermograph0)
5.506: (turn_to satellite0 phenomenon21 star19)
5.506: (turn_to satellite0 phenomenon22 star19)
5.506: (turn_to satellite0 planet16 star19)
5.506: (turn_to satellite0 planet17 star19)
5.506: (turn_to satellite0 planet16 planet18)
5.509: (turn_to satellite0 planet17 planet16)
5.511: (turn_to satellite0 phenomenon21 planet16)
5.511: (turn_to satellite0 phenomenon22 planet16)
5.530: (take_image satellite1 planet18 instrument2 infrared2)
5.532: (take_image satellite1 planet18 instrument2 infrared2)
5.532: (take_image satellite1 star19 instrument2 infrared2)
5.532: (take_image satellite1 star19 instrument2 infrared2)
5.533: (take_image satellite1 star19 instrument2 infrared2)
5.536: (turn_to satellite0 phenomenon21 planet17)
5.536: (turn_to satellite0 phenomenon22 planet17)
5.531: (turn_to satellite0 planet16 phenomenon21)
5.532: (turn_to satellite0 planet16 planet17)
5.533: (turn_to satellite0 planet16 phenomenon22)
5.576: (turn_to satellite1 phenomenon22 planet18)
5.576: (turn_to satellite1 phenomenon21 star19)
4.886: (take_image satellite1 phenomenon21 instrument2 infrared2)
4.888: (take_image satellite1 phenomenon22 instrument2 infrared2)
5.534: (turn_to satellite0 star19 phenomenon22)
5.534: (turn_to satellite0 planet18 phenomenon21)
5.575: (turn_to satellite1 planet16 phenomenon22)
4.170: (turn_to satellite1 planet18 phenomenon22)
4.172: (turn_to satellite1 star19 phenomenon21)
4.204: (turn_to satellite1 planet16 phenomenon22)
4.204: (turn_to satellite1 planet17 phenomenon22)
4.204: (turn_to satellite1 planet16 phenomenon21)
3.739: (take_image satellite1 planet16 instrument2 infrared2)
3.741: (take_image satellite1 planet17 instrument2 infrared2)
3.748: (take_image satellite1 planet16 instrument2 infrared2)
4.170: (turn_to satellite0 planet17 phenomenon22)
4.170: (turn_to satellite0 planet16 phenomenon22)
2.968: (turn_to satellite1 planet17 planet16)
2.968: (turn_to satellite1 planet17 planet16)
2.968: (turn_to satellite1 planet16 planet17)
3.021: (turn_to satellite1 planet18 planet17)
3.023: (turn_to satellite1 planet18 planet16)
2.508: (take_image satellite1 planet16 instrument2 infrared2)
2.508: (take_image satellite1 planet17 instrument2 infrared2)
2.512: (take_image satellite1 planet17 instrument2 infrared2)
3.020: (take_image satellite1 planet17 instrument2 thermograph0)
3.020: (take_image satellite1 planet16 instrument2 thermograph0)
1.803: (turn_to satellite1 planet18 planet17)
1.803: (turn_to satellite1 star19 planet17)
1.804: (turn_to satellite1 planet18 planet16)
2.229: (turn_to satellite1 phenomenon22 planet17)
2.229: (turn_to satellite1 phenomenon21 planet16)
1.804: (turn_to satellite0 planet18 phenomenon21)
1.806: (turn_to satellite0 star19 phenomenon22)
1.834: (take_image satellite1 phenomenon21 instrument2 infrared2)
1.835: (take_image satellite1 phenomenon22 instrument2 infrared2)
1.847: (take_image satellite1 planet18 instrument2 thermograph0)
0.930: (take_image satellite0 planet18 instrument1 infrared1)
0.932: (take_image satellite0 star19 instrument1 infrared1)
1.069: (turn_to satellite0 star19 phenomenon22)
1.069: (take_image satellite1 phenomenon22 instrument2 infrared2)
1.071: (turn_to satellite0 planet18 phenomenon21)
0.212: (take_image satellite0 planet18 instrument1 infrared1)
[Final] Expanded: 119, Generated: 6118
Found a solution of length 27!
   1: (switch_on instrument2 satellite1)
   2: (turn_to satellite0 groundstation5 planet15)
   3: (switch_on instrument1 satellite0)
   4: (calibrate satellite0 instrument1 groundstation5)
   5: (turn_to satellite0 planet15 groundstation5)
   6: (turn_to satellite1 star14 star12)
   7: (calibrate satellite1 instrument2 star14)
   8: (turn_to satellite1 star20 star14)
   9: (take_image satellite0 planet15 instrument1 thermograph0)
  10: (take_image satellite1 star20 instrument2 thermograph0)
  11: (turn_to satellite0 phenomenon21 planet15)
  12: (turn_to satellite1 planet18 star20)
  13: (turn_to satellite0 star19 phenomenon21)
  14: (take_image satellite0 star19 instrument1 infrared1)
  15: (turn_to satellite0 planet17 star19)
  16: (take_image satellite1 planet18 instrument2 infrared2)
  17: (turn_to satellite0 phenomenon21 planet17)
  18: (turn_to satellite1 phenomenon22 planet18)
  19: (take_image satellite1 phenomenon22 instrument2 infrared2)
  20: (turn_to satellite1 planet17 phenomenon22)
  21: (take_image satellite1 planet17 instrument2 infrared2)
  22: (turn_to satellite1 planet16 planet17)
  23: (take_image satellite1 planet16 instrument2 infrared2)
  24: (turn_to satellite1 phenomenon21 planet16)
  25: (take_image satellite1 phenomenon21 instrument2 infrared2)
  26: (turn_to satellite0 planet18 phenomenon21)
  27: (take_image satellite0 planet18 instrument1 infrared1)
