/u/ibrahim.eisawy/Neural-Guided-Search/venv/lib/python3.10/site-packages/pymimir_rgnn/model.py:151: UserWarning: index_reduce() is in beta and the API may change at any time. (Triggered internally at /pytorch/aten/src/ATen/native/cuda/Indexing.cu:1541.)
  max_msg.index_reduce_(0, output_indices, output_messages, reduce='amax', include_self=True)
Torch: 2.12.0+cu130
Using GPU:  NVIDIA L40S
20.320: (switch_on instrument1 satellite0)
21.237: (switch_on instrument4 satellite1)
21.545: (turn_to satellite0 groundstation1 phenomenon17)
21.760: (turn_to satellite0 star10 phenomenon17)
21.793: (turn_to satellite1 groundstation4 phenomenon19)
17.074: (turn_to satellite0 groundstation1 phenomenon17)
17.076: (switch_on instrument1 satellite0)
17.177: (turn_to satellite0 star10 phenomenon17)
17.179: (switch_on instrument1 satellite0)
18.357: (turn_to satellite1 groundstation4 phenomenon19)
11.720: (calibrate satellite0 instrument1 groundstation1)
11.764: (calibrate satellite0 instrument1 star10)
12.308: (calibrate satellite1 instrument4 groundstation4)
16.087: (turn_to satellite1 groundstation1 phenomenon19)
16.131: (turn_to satellite1 star10 phenomenon19)
11.138: (turn_to satellite0 star22 star10)
11.138: (turn_to satellite0 star21 star10)
11.139: (turn_to satellite0 star21 groundstation1)
11.139: (turn_to satellite0 star22 groundstation1)
11.144: (turn_to satellite0 planet15 star10)
10.232: (take_image satellite0 planet15 instrument1 infrared1)
10.347: (take_image satellite0 star22 instrument1 image2)
10.347: (take_image satellite0 star21 instrument1 image2)
10.905: (switch_on instrument3 satellite1)
10.905: (switch_on instrument3 satellite1)
9.677: (turn_to satellite0 phenomenon17 planet15)
9.732: (turn_to satellite0 star21 planet15)
9.732: (turn_to satellite0 star22 planet15)
9.740: (turn_to satellite0 phenomenon19 planet15)
9.755: (turn_to satellite0 planet16 planet15)
8.653: (take_image satellite0 star22 instrument1 image2)
8.656: (take_image satellite0 star21 instrument1 image2)
8.685: (take_image satellite0 planet16 instrument1 spectrograph0)
8.850: (take_image satellite0 phenomenon17 instrument1 infrared1)
8.996: (take_image satellite0 phenomenon19 instrument1 infrared1)
8.086: (turn_to satellite0 star22 star21)
8.088: (turn_to satellite0 star21 star22)
8.090: (turn_to satellite0 phenomenon17 star22)
8.090: (turn_to satellite0 phenomenon17 planet16)
8.091: (turn_to satellite0 phenomenon17 star21)
7.093: (take_image satellite0 star22 instrument1 image2)
7.094: (take_image satellite0 star21 instrument1 image2)
7.457: (take_image satellite0 phenomenon17 instrument1 infrared1)
7.468: (take_image satellite0 phenomenon17 instrument1 infrared1)
7.478: (take_image satellite0 phenomenon17 instrument1 infrared1)
6.455: (turn_to satellite0 phenomenon17 star22)
6.457: (turn_to satellite0 phenomenon17 star21)
6.537: (turn_to satellite0 phenomenon19 star21)
6.537: (turn_to satellite0 phenomenon19 star22)
6.551: (turn_to satellite0 star18 star21)
5.731: (take_image satellite0 star18 instrument1 spectrograph0)
5.824: (take_image satellite0 phenomenon17 instrument1 infrared1)
5.931: (take_image satellite0 phenomenon19 instrument1 infrared1)
6.166: (switch_on instrument3 satellite1)
6.210: (switch_on instrument4 satellite1)
5.160: (turn_to satellite0 phenomenon17 star18)
5.219: (turn_to satellite0 planet16 star18)
5.244: (turn_to satellite0 phenomenon19 star18)
5.315: (turn_to satellite0 phenomenon19 phenomenon17)
5.351: (turn_to satellite0 phenomenon17 phenomenon19)
4.255: (take_image satellite0 phenomenon17 instrument1 infrared1)
4.275: (take_image satellite0 phenomenon19 instrument1 infrared1)
4.515: (take_image satellite0 phenomenon17 instrument1 infrared1)
4.539: (take_image satellite0 planet16 instrument1 spectrograph0)
4.628: (take_image satellite0 phenomenon19 instrument1 infrared1)
3.676: (turn_to satellite0 planet16 phenomenon17)
3.676: (turn_to satellite0 star18 phenomenon17)
3.677: (turn_to satellite0 star18 phenomenon19)
3.677: (turn_to satellite0 planet16 phenomenon19)
3.977: (turn_to satellite0 phenomenon17 planet16)
2.947: (take_image satellite0 star18 instrument1 spectrograph0)
2.948: (take_image satellite0 planet16 instrument1 spectrograph0)
3.329: (take_image satellite0 phenomenon17 instrument1 infrared1)
3.596: (turn_to satellite1 groundstation1 phenomenon19)
3.598: (turn_to satellite1 groundstation1 phenomenon19)
2.392: (turn_to satellite0 star18 planet16)
2.392: (turn_to satellite0 planet16 star18)
2.838: (turn_to satellite0 phenomenon19 phenomenon17)
2.880: (turn_to satellite0 planet20 planet16)
2.884: (turn_to satellite0 planet20 star18)
1.761: (take_image satellite0 star18 instrument1 spectrograph0)
1.764: (take_image satellite0 planet16 instrument1 spectrograph0)
1.830: (take_image satellite0 phenomenon19 instrument1 infrared1)
2.298: (turn_to satellite1 planet20 phenomenon19)
2.299: (turn_to satellite1 planet20 phenomenon19)
1.604: (turn_to satellite0 planet20 phenomenon19)
1.605: (turn_to satellite0 planet20 planet16)
1.606: (turn_to satellite0 planet20 star18)
1.680: (turn_to satellite1 planet20 phenomenon19)
1.681: (turn_to satellite1 planet20 phenomenon19)
0.477: (take_image satellite0 planet20 instrument1 spectrograph0)
[Final] Expanded: 81, Generated: 4194
Found a solution of length 19!
   1: (switch_on instrument1 satellite0)
   2: (turn_to satellite0 star10 phenomenon17)
   3: (calibrate satellite0 instrument1 star10)
   4: (turn_to satellite0 planet15 star10)
   5: (take_image satellite0 planet15 instrument1 infrared1)
   6: (turn_to satellite0 star22 planet15)
   7: (take_image satellite0 star22 instrument1 image2)
   8: (turn_to satellite0 star21 star22)
   9: (take_image satellite0 star21 instrument1 image2)
  10: (turn_to satellite0 star18 star21)
  11: (take_image satellite0 star18 instrument1 spectrograph0)
  12: (turn_to satellite0 planet16 star18)
  13: (take_image satellite0 planet16 instrument1 spectrograph0)
  14: (turn_to satellite0 phenomenon17 planet16)
  15: (take_image satellite0 phenomenon17 instrument1 infrared1)
  16: (turn_to satellite0 phenomenon19 phenomenon17)
  17: (take_image satellite0 phenomenon19 instrument1 infrared1)
  18: (turn_to satellite0 planet20 phenomenon19)
  19: (take_image satellite0 planet20 instrument1 spectrograph0)
