/u/ibrahim.eisawy/Neural-Guided-Search/venv/lib/python3.10/site-packages/pymimir_rgnn/model.py:151: UserWarning: index_reduce() is in beta and the API may change at any time. (Triggered internally at /pytorch/aten/src/ATen/native/cuda/Indexing.cu:1541.)
  max_msg.index_reduce_(0, output_indices, output_messages, reduce='amax', include_self=True)
Torch: 2.12.0+cu130
Using GPU:  NVIDIA L40S
22.382: (switch_on instrument2 satellite1)
22.497: (switch_on instrument0 satellite0)
23.789: (turn_to satellite1 star11 planet15)
23.789: (turn_to satellite1 star4 planet15)
23.909: (turn_to satellite0 groundstation7 planet18)
19.350: (turn_to satellite1 star11 planet15)
19.350: (turn_to satellite1 star4 planet15)
19.350: (switch_on instrument2 satellite1)
19.356: (switch_on instrument2 satellite1)
19.619: (turn_to satellite0 star1 planet18)
13.629: (calibrate satellite0 instrument0 star1)
13.689: (calibrate satellite1 instrument2 star11)
13.693: (calibrate satellite1 instrument2 star4)
18.391: (turn_to satellite0 star11 planet18)
18.391: (turn_to satellite0 star4 planet18)
12.826: (turn_to satellite0 star3 planet18)
12.826: (turn_to satellite0 star3 planet18)
12.906: (turn_to satellite0 phenomenon22 star1)
12.972: (turn_to satellite0 planet16 star1)
12.972: (turn_to satellite0 planet17 star1)
12.188: (turn_to satellite1 phenomenon22 star4)
12.189: (turn_to satellite1 planet20 star4)
12.189: (turn_to satellite1 phenomenon19 star4)
12.189: (turn_to satellite1 planet15 star4)
12.189: (turn_to satellite1 planet21 star4)
11.460: (take_image satellite1 phenomenon19 instrument2 infrared1)
11.461: (take_image satellite1 planet20 instrument2 infrared1)
11.465: (take_image satellite1 planet21 instrument2 image0)
11.545: (take_image satellite1 planet15 instrument2 thermograph2)
11.549: (take_image satellite1 phenomenon22 instrument2 thermograph2)
10.836: (turn_to satellite1 phenomenon22 planet21)
10.837: (turn_to satellite1 planet15 planet21)
10.840: (turn_to satellite1 planet15 planet20)
10.840: (turn_to satellite1 phenomenon22 planet20)
10.841: (turn_to satellite1 planet20 planet21)
9.847: (take_image satellite1 planet20 instrument2 infrared1)
9.908: (take_image satellite1 phenomenon22 instrument2 thermograph2)
9.908: (take_image satellite1 planet15 instrument2 thermograph2)
9.908: (take_image satellite1 planet15 instrument2 thermograph2)
9.910: (take_image satellite1 phenomenon22 instrument2 thermograph2)
9.224: (turn_to satellite1 phenomenon22 planet20)
9.224: (turn_to satellite1 planet15 planet20)
9.242: (turn_to satellite1 phenomenon22 planet15)
9.243: (turn_to satellite1 planet15 phenomenon22)
9.244: (turn_to satellite1 planet15 phenomenon22)
8.308: (take_image satellite1 phenomenon22 instrument2 thermograph2)
8.308: (take_image satellite1 planet15 instrument2 thermograph2)
8.314: (take_image satellite1 planet15 instrument2 thermograph2)
8.438: (take_image satellite1 planet15 instrument2 thermograph2)
8.440: (take_image satellite1 phenomenon22 instrument2 thermograph2)
7.660: (turn_to satellite1 planet17 phenomenon22)
7.660: (turn_to satellite1 planet20 phenomenon22)
7.660: (turn_to satellite1 phenomenon19 phenomenon22)
7.660: (turn_to satellite1 planet16 planet15)
7.660: (turn_to satellite1 planet18 planet15)
6.804: (take_image satellite1 planet17 instrument2 infrared1)
6.806: (take_image satellite1 planet20 instrument2 infrared1)
6.807: (take_image satellite1 phenomenon19 instrument2 infrared1)
6.807: (take_image satellite1 planet16 instrument2 image0)
6.814: (take_image satellite1 planet18 instrument2 image0)
6.236: (turn_to satellite1 planet16 phenomenon19)
6.236: (turn_to satellite1 planet17 phenomenon19)
6.236: (turn_to satellite1 planet18 phenomenon19)
6.236: (turn_to satellite1 planet20 phenomenon19)
6.237: (turn_to satellite1 planet16 planet17)
5.655: (take_image satellite1 planet18 instrument2 image0)
5.656: (take_image satellite1 planet17 instrument2 infrared1)
5.656: (take_image satellite1 planet16 instrument2 image0)
5.657: (take_image satellite1 planet20 instrument2 infrared1)
5.663: (take_image satellite1 planet16 instrument2 image0)
5.011: (turn_to satellite1 planet18 planet16)
5.011: (turn_to satellite1 planet20 planet17)
5.012: (turn_to satellite1 planet16 planet18)
5.023: (turn_to satellite1 planet17 planet20)
5.025: (turn_to satellite1 planet18 planet16)
3.999: (take_image satellite1 planet18 instrument2 image0)
4.000: (take_image satellite1 planet17 instrument2 infrared1)
4.001: (take_image satellite1 planet16 instrument2 image0)
4.001: (take_image satellite1 planet20 instrument2 infrared1)
4.006: (take_image satellite1 planet18 instrument2 image0)
3.331: (turn_to satellite1 planet18 planet17)
3.331: (turn_to satellite1 planet17 planet16)
3.331: (turn_to satellite1 planet20 planet16)
3.331: (turn_to satellite1 planet16 planet17)
3.331: (turn_to satellite1 planet17 planet18)
2.797: (take_image satellite1 planet20 instrument2 infrared1)
2.798: (take_image satellite1 planet17 instrument2 infrared1)
2.798: (take_image satellite1 planet18 instrument2 image0)
2.799: (take_image satellite1 planet16 instrument2 image0)
3.313: (switch_on instrument0 satellite0)
2.113: (turn_to satellite1 planet20 planet17)
2.113: (turn_to satellite1 planet16 planet18)
2.114: (turn_to satellite1 planet17 planet20)
2.121: (turn_to satellite1 planet18 planet16)
2.782: (switch_on instrument0 satellite0)
1.357: (take_image satellite1 planet17 instrument2 infrared1)
1.359: (take_image satellite1 planet16 instrument2 image0)
1.361: (take_image satellite1 planet18 instrument2 image0)
1.363: (take_image satellite1 planet20 instrument2 infrared1)
2.100: (switch_on instrument1 satellite0)
0.687: (turn_to satellite1 star6 planet20)
[Final] Expanded: 98, Generated: 5076
Found a solution of length 21!
   1: (switch_on instrument2 satellite1)
   2: (turn_to satellite1 star4 planet15)
   3: (calibrate satellite1 instrument2 star4)
   4: (turn_to satellite0 star3 planet18)
   5: (turn_to satellite1 planet21 star4)
   6: (take_image satellite1 planet21 instrument2 image0)
   7: (turn_to satellite1 planet15 planet21)
   8: (take_image satellite1 planet15 instrument2 thermograph2)
   9: (turn_to satellite1 phenomenon22 planet15)
  10: (take_image satellite1 phenomenon22 instrument2 thermograph2)
  11: (turn_to satellite1 phenomenon19 phenomenon22)
  12: (take_image satellite1 phenomenon19 instrument2 infrared1)
  13: (turn_to satellite1 planet18 phenomenon19)
  14: (take_image satellite1 planet18 instrument2 image0)
  15: (turn_to satellite1 planet16 planet18)
  16: (take_image satellite1 planet16 instrument2 image0)
  17: (turn_to satellite1 planet17 planet16)
  18: (take_image satellite1 planet17 instrument2 infrared1)
  19: (turn_to satellite1 planet20 planet17)
  20: (take_image satellite1 planet20 instrument2 infrared1)
  21: (turn_to satellite1 star6 planet20)
