/u/ibrahim.eisawy/Neural-Guided-Search/venv/lib/python3.10/site-packages/pymimir_rgnn/model.py:151: UserWarning: index_reduce() is in beta and the API may change at any time. (Triggered internally at /pytorch/aten/src/ATen/native/cuda/Indexing.cu:1541.)
  max_msg.index_reduce_(0, output_indices, output_messages, reduce='amax', include_self=True)
Torch: 2.12.0+cu130
Using GPU:  NVIDIA L40S
36.631: (switch_on instrument2 satellite1)
36.766: (switch_on instrument1 satellite0)
37.583: (turn_to satellite1 star22 planet35)
37.583: (turn_to satellite1 star5 planet35)
37.605: (turn_to satellite1 star14 planet35)
32.964: (switch_on instrument2 satellite1)
32.972: (turn_to satellite1 star14 planet35)
33.253: (turn_to satellite0 star21 star39)
33.294: (turn_to satellite0 star13 star39)
33.361: (switch_on instrument2 satellite1)
26.303: (calibrate satellite1 instrument2 star14)
26.370: (calibrate satellite0 instrument1 star21)
26.405: (calibrate satellite0 instrument1 star13)
26.644: (calibrate satellite1 instrument2 star5)
31.591: (switch_on instrument4 satellite2)
24.888: (switch_on instrument4 satellite2)
24.907: (calibrate satellite1 instrument2 star14)
25.053: (switch_on instrument2 satellite1)
25.072: (switch_on instrument3 satellite1)
25.226: (switch_on instrument3 satellite1)
23.949: (turn_to satellite2 star28 groundstation24)
23.956: (turn_to satellite2 star28 groundstation24)
24.108: (turn_to satellite2 star28 groundstation24)
24.457: (turn_to satellite0 star28 star13)
24.481: (turn_to satellite0 star28 star21)
23.395: (turn_to satellite0 planet27 star21)
23.414: (turn_to satellite0 planet27 star13)
23.422: (turn_to satellite0 planet27 star21)
23.474: (turn_to satellite0 star37 star21)
23.474: (turn_to satellite0 phenomenon31 star21)
22.457: (take_image satellite0 planet27 instrument1 infrared1)
22.536: (take_image satellite0 planet27 instrument1 infrared1)
22.876: (turn_to satellite1 star5 planet35)
22.877: (turn_to satellite1 star22 planet35)
22.880: (turn_to satellite1 star5 planet35)
20.630: (calibrate satellite1 instrument2 star5)
20.633: (calibrate satellite1 instrument2 star22)
20.682: (calibrate satellite1 instrument3 star5)
21.799: (turn_to satellite0 phenomenon31 planet27)
21.799: (turn_to satellite0 star37 planet27)
19.681: (take_image satellite0 planet27 instrument1 infrared1)
19.753: (take_image satellite0 planet27 instrument1 infrared1)
19.765: (take_image satellite0 planet27 instrument1 infrared1)
20.003: (turn_to satellite1 star37 star5)
20.005: (turn_to satellite1 planet36 star5)
18.944: (turn_to satellite0 star37 planet27)
18.944: (turn_to satellite0 phenomenon31 planet27)
18.945: (turn_to satellite0 planet30 planet27)
18.946: (turn_to satellite0 phenomenon32 planet27)
18.946: (turn_to satellite0 planet36 planet27)
18.116: (turn_to satellite1 phenomenon32 star5)
18.143: (turn_to satellite1 planet36 star5)
18.144: (take_image satellite0 phenomenon31 instrument1 thermograph2)
18.144: (take_image satellite0 star37 instrument1 thermograph2)
18.147: (take_image satellite0 planet30 instrument1 thermograph2)
17.448: (turn_to satellite0 planet36 phenomenon31)
17.448: (turn_to satellite0 phenomenon32 phenomenon31)
17.460: (turn_to satellite0 planet36 planet30)
17.460: (turn_to satellite0 phenomenon32 planet30)
17.462: (turn_to satellite0 phenomenon25 star37)
16.240: (take_image satellite0 phenomenon25 instrument1 infrared3)
16.809: (turn_to satellite1 phenomenon32 star5)
16.820: (turn_to satellite1 planet36 star5)
16.826: (turn_to satellite1 planet36 star5)
16.836: (turn_to satellite1 phenomenon32 star5)
15.535: (turn_to satellite0 phenomenon32 phenomenon25)
15.536: (turn_to satellite0 planet36 phenomenon25)
15.546: (turn_to satellite0 phenomenon31 phenomenon25)
15.546: (turn_to satellite0 planet30 phenomenon25)
15.559: (turn_to satellite0 planet35 phenomenon25)
14.883: (turn_to satellite1 planet36 star5)
14.890: (turn_to satellite1 phenomenon32 star5)
14.890: (take_image satellite0 planet30 instrument1 thermograph2)
14.891: (take_image satellite0 planet35 instrument1 infrared3)
14.912: (take_image satellite0 phenomenon31 instrument1 thermograph2)
13.942: (take_image satellite1 planet36 instrument3 image0)
13.949: (take_image satellite1 phenomenon32 instrument3 image0)
14.165: (turn_to satellite0 phenomenon31 planet30)
14.166: (turn_to satellite0 planet30 phenomenon31)
14.224: (turn_to satellite0 phenomenon32 planet30)
13.178: (take_image satellite0 planet30 instrument1 thermograph2)
13.213: (take_image satellite0 phenomenon31 instrument1 thermograph2)
13.275: (turn_to satellite1 planet30 planet36)
13.275: (turn_to satellite1 phenomenon31 planet36)
13.281: (turn_to satellite1 phenomenon29 planet36)
12.482: (turn_to satellite0 phenomenon32 planet30)
12.483: (turn_to satellite0 planet36 planet30)
12.490: (turn_to satellite0 phenomenon32 phenomenon31)
12.490: (turn_to satellite0 planet36 phenomenon31)
12.503: (turn_to satellite0 planet33 planet30)
11.784: (turn_to satellite1 planet36 star5)
11.793: (turn_to satellite1 phenomenon32 star5)
11.823: (take_image satellite0 planet33 instrument1 infrared3)
11.874: (turn_to satellite1 planet33 star5)
11.874: (turn_to satellite1 planet35 star5)
10.895: (take_image satellite1 planet36 instrument3 image0)
10.895: (take_image satellite1 phenomenon32 instrument3 image0)
11.161: (turn_to satellite0 planet36 planet33)
11.161: (turn_to satellite0 phenomenon32 planet33)
11.177: (turn_to satellite0 planet35 planet33)
10.229: (turn_to satellite1 phenomenon34 phenomenon32)
10.229: (turn_to satellite1 phenomenon29 phenomenon32)
10.230: (turn_to satellite1 star26 phenomenon32)
10.230: (turn_to satellite1 planet33 phenomenon32)
10.230: (turn_to satellite1 planet35 phenomenon32)
10.181: (turn_to satellite1 star39 planet35)
10.181: (turn_to satellite1 phenomenon38 planet35)
10.205: (turn_to satellite1 star39 planet33)
10.205: (turn_to satellite1 phenomenon38 planet33)
10.208: (switch_on instrument4 satellite2)
10.227: (switch_on instrument4 satellite2)
10.232: (switch_on instrument4 satellite2)
10.242: (take_image satellite0 planet36 instrument1 infrared1)
10.246: (turn_to satellite1 star39 planet35)
10.246: (turn_to satellite1 phenomenon38 planet35)
10.231: (turn_to satellite1 star26 star39)
10.231: (turn_to satellite1 phenomenon29 star39)
10.232: (turn_to satellite1 phenomenon34 star39)
10.232: (turn_to satellite1 planet33 star39)
10.236: (turn_to satellite1 planet33 phenomenon38)
10.240: (take_image satellite0 planet36 instrument1 infrared1)
10.250: (take_image satellite0 planet36 instrument1 infrared1)
10.251: (take_image satellite0 planet36 instrument1 thermograph2)
10.261: (take_image satellite0 planet36 instrument1 infrared3)
10.262: (take_image satellite0 planet36 instrument1 thermograph2)
10.253: (turn_to satellite1 phenomenon29 phenomenon34)
10.253: (turn_to satellite1 planet33 phenomenon34)
10.253: (turn_to satellite1 planet35 phenomenon34)
10.253: (turn_to satellite1 phenomenon38 phenomenon34)
10.253: (turn_to satellite1 star39 phenomenon34)
10.261: (switch_off instrument4 satellite2)
10.270: (switch_off instrument4 satellite2)
10.273: (switch_off instrument4 satellite2)
10.273: (switch_off instrument4 satellite2)
10.273: (take_image satellite1 planet33 instrument3 thermograph2)
10.264: (turn_to satellite1 phenomenon34 phenomenon29)
10.264: (turn_to satellite1 star26 phenomenon29)
10.264: (turn_to satellite1 planet33 phenomenon29)
10.270: (turn_to satellite1 star26 planet35)
10.271: (turn_to satellite1 planet33 phenomenon38)
10.274: (take_image satellite1 planet33 instrument3 thermograph2)
10.278: (take_image satellite1 star26 instrument3 thermograph2)
10.282: (turn_to satellite1 star28 planet33)
10.284: (turn_to satellite1 star28 star26)
10.293: (take_image satellite1 phenomenon34 instrument3 thermograph2)
10.257: (turn_to satellite1 phenomenon38 phenomenon34)
10.257: (turn_to satellite1 star39 phenomenon34)
10.258: (turn_to satellite1 star26 phenomenon34)
10.258: (turn_to satellite1 planet35 phenomenon34)
10.258: (turn_to satellite1 planet33 phenomenon34)
10.250: (turn_to satellite1 phenomenon29 star26)
10.258: (turn_to satellite1 phenomenon29 planet35)
10.267: (switch_on instrument4 satellite2)
10.267: (switch_on instrument4 satellite2)
10.267: (switch_on instrument4 satellite2)
10.249: (turn_to satellite1 phenomenon29 phenomenon38)
10.249: (turn_to satellite1 planet33 phenomenon38)
10.249: (turn_to satellite1 planet35 phenomenon38)
10.263: (turn_to satellite1 phenomenon34 phenomenon38)
10.265: (take_image satellite1 phenomenon38 instrument3 thermograph2)
10.265: (take_image satellite1 planet35 instrument3 thermograph2)
10.269: (take_image satellite1 planet33 instrument3 thermograph2)
10.280: (switch_off instrument4 satellite2)
10.283: (take_image satellite1 phenomenon29 instrument3 thermograph2)
10.286: (take_image satellite0 planet36 instrument1 infrared1)
10.254: (turn_to satellite1 planet35 phenomenon38)
10.254: (turn_to satellite1 planet33 phenomenon38)
10.254: (turn_to satellite1 star39 phenomenon38)
10.254: (turn_to satellite1 phenomenon29 phenomenon38)
10.254: (turn_to satellite1 star26 phenomenon38)
10.262: (turn_to satellite1 phenomenon34 star39)
10.268: (switch_on instrument4 satellite2)
10.268: (switch_on instrument4 satellite2)
10.270: (switch_on instrument4 satellite2)
10.271: (switch_on instrument4 satellite2)
10.264: (take_image satellite1 planet35 instrument3 thermograph2)
10.269: (turn_to satellite1 phenomenon34 star39)
10.272: (turn_to satellite1 star26 star39)
10.272: (take_image satellite1 star39 instrument3 thermograph2)
10.278: (switch_on instrument4 satellite2)
10.265: (take_image satellite1 star26 instrument3 thermograph2)
10.270: (turn_to satellite1 planet33 planet35)
10.271: (turn_to satellite1 star39 planet35)
10.271: (turn_to satellite1 phenomenon29 planet35)
10.272: (turn_to satellite1 star26 planet35)
10.262: (turn_to satellite1 phenomenon34 star39)
10.262: (turn_to satellite1 phenomenon38 star39)
10.265: (take_image satellite1 star39 instrument3 thermograph2)
10.266: (switch_off instrument4 satellite2)
10.268: (switch_off instrument4 satellite2)
10.256: (turn_to satellite1 star26 star39)
10.256: (turn_to satellite1 phenomenon29 star39)
10.256: (turn_to satellite1 planet33 star39)
10.265: (turn_to satellite1 phenomenon38 star39)
10.266: (turn_to satellite1 planet35 star39)
10.266: (turn_to satellite1 phenomenon34 planet33)
10.270: (take_image satellite1 planet33 instrument3 thermograph2)
10.275: (switch_off instrument4 satellite2)
10.276: (turn_to satellite1 phenomenon34 phenomenon29)
10.278: (take_image satellite1 phenomenon29 instrument3 thermograph2)
10.277: (turn_to satellite1 phenomenon29 planet33)
10.277: (turn_to satellite1 star26 planet33)
10.278: (turn_to satellite1 phenomenon38 planet33)
10.278: (turn_to satellite1 star39 planet33)
10.279: (turn_to satellite1 planet35 planet33)
10.269: (turn_to satellite1 phenomenon34 phenomenon38)
10.279: (turn_to satellite1 phenomenon34 star26)
10.281: (switch_off instrument4 satellite2)
10.281: (take_image satellite1 star26 instrument3 thermograph2)
10.285: (switch_off instrument4 satellite2)
10.266: (turn_to satellite1 phenomenon29 star26)
10.272: (turn_to satellite1 star39 star26)
10.272: (turn_to satellite1 phenomenon38 star26)
10.272: (turn_to satellite1 planet35 star26)
10.272: (turn_to satellite1 phenomenon34 star26)
10.272: (turn_to satellite1 planet33 phenomenon38)
10.282: (turn_to satellite1 planet33 star39)
10.282: (switch_off instrument4 satellite2)
10.284: (take_image satellite1 phenomenon29 instrument3 thermograph2)
10.293: (switch_off instrument4 satellite2)
10.279: (turn_to satellite1 star26 phenomenon29)
10.279: (turn_to satellite1 planet35 phenomenon29)
10.279: (turn_to satellite1 phenomenon34 phenomenon29)
10.279: (turn_to satellite1 phenomenon38 phenomenon29)
10.279: (turn_to satellite1 star39 phenomenon29)
10.279: (switch_off instrument4 satellite2)
10.279: (turn_to satellite1 planet33 phenomenon34)
10.283: (turn_to satellite1 planet33 planet35)
10.285: (turn_to satellite1 planet33 star26)
10.293: (switch_off instrument4 satellite2)
10.282: (turn_to satellite1 star28 star26)
10.285: (turn_to satellite1 phenomenon29 star26)
10.285: (turn_to satellite1 phenomenon38 star26)
10.285: (turn_to satellite1 planet35 star26)
10.285: (turn_to satellite1 planet33 star26)
10.285: (turn_to satellite1 phenomenon34 phenomenon38)
10.294: (turn_to satellite1 phenomenon34 star28)
10.296: (take_image satellite1 star28 instrument3 thermograph2)
10.300: (turn_to satellite1 phenomenon34 phenomenon29)
10.305: (take_image satellite0 planet36 instrument1 infrared1)
10.271: (turn_to satellite1 phenomenon34 star28)
10.271: (turn_to satellite1 planet33 star28)
10.271: (turn_to satellite1 phenomenon29 star28)
10.272: (turn_to satellite1 planet35 star28)
10.273: (turn_to satellite1 star39 star28)
10.262: (turn_to satellite1 phenomenon38 phenomenon29)
10.262: (turn_to satellite1 star26 phenomenon29)
10.271: (switch_on instrument4 satellite2)
10.272: (turn_to satellite1 phenomenon38 phenomenon34)
10.273: (turn_to satellite1 phenomenon38 planet33)
10.274: (switch_on instrument4 satellite2)
10.276: (switch_on instrument4 satellite2)
10.283: (turn_to satellite1 star26 phenomenon29)
10.283: (turn_to satellite1 planet33 phenomenon29)
10.283: (turn_to satellite1 star39 phenomenon29)
10.272: (turn_to satellite1 planet35 phenomenon38)
10.273: (turn_to satellite1 phenomenon34 phenomenon38)
10.275: (turn_to satellite1 phenomenon34 star26)
10.275: (turn_to satellite1 planet35 star26)
10.283: (turn_to satellite1 phenomenon34 planet33)
10.301: (take_image satellite0 planet36 instrument1 infrared1)
10.307: (take_image satellite0 planet36 instrument1 infrared1)
10.330: (take_image satellite1 phenomenon34 instrument3 image0)
10.330: (take_image satellite0 planet36 instrument1 infrared3)
10.334: (take_image satellite0 planet36 instrument1 infrared3)
10.299: (switch_off instrument4 satellite2)
10.299: (switch_off instrument4 satellite2)
10.307: (turn_to satellite1 phenomenon38 phenomenon34)
10.307: (turn_to satellite1 planet33 phenomenon34)
10.308: (turn_to satellite1 star39 phenomenon34)
10.281: (switch_off instrument4 satellite2)
10.297: (switch_off instrument4 satellite2)
10.299: (turn_to satellite1 star39 planet35)
10.299: (turn_to satellite1 phenomenon29 planet35)
10.299: (turn_to satellite1 phenomenon38 planet35)
10.292: (turn_to satellite1 planet33 phenomenon29)
10.292: (turn_to satellite1 star26 phenomenon29)
10.296: (turn_to satellite1 planet33 phenomenon38)
10.298: (turn_to satellite1 star26 phenomenon38)
10.299: (switch_on instrument4 satellite2)
10.308: (switch_on instrument4 satellite2)
10.313: (turn_to satellite1 star26 phenomenon29)
10.327: (turn_to satellite1 star28 star26)
10.328: (turn_to satellite1 star28 planet33)
10.352: (turn_to satellite0 phenomenon38 planet36)
9.662: (take_image satellite0 phenomenon38 instrument1 infrared3)
10.296: (turn_to satellite1 planet36 star26)
10.361: (turn_to satellite0 planet33 phenomenon38)
10.361: (turn_to satellite0 phenomenon34 phenomenon38)
10.361: (turn_to satellite0 planet35 phenomenon38)
8.989: (turn_to satellite0 planet36 phenomenon38)
9.048: (turn_to satellite0 star39 phenomenon38)
9.048: (turn_to satellite0 planet35 phenomenon38)
9.048: (turn_to satellite0 phenomenon34 phenomenon38)
9.048: (turn_to satellite0 planet33 phenomenon38)
8.339: (take_image satellite0 phenomenon34 instrument1 infrared3)
8.341: (take_image satellite0 planet33 instrument1 infrared3)
8.346: (take_image satellite0 planet35 instrument1 infrared3)
8.353: (take_image satellite0 star39 instrument1 infrared3)
8.968: (turn_to satellite1 planet36 star26)
7.648: (turn_to satellite0 planet36 planet35)
7.650: (turn_to satellite0 planet36 planet33)
7.667: (turn_to satellite0 planet36 phenomenon34)
7.678: (turn_to satellite0 planet36 star39)
7.717: (turn_to satellite0 planet35 planet33)
7.181: (take_image satellite0 planet35 instrument1 infrared3)
7.647: (turn_to satellite1 phenomenon34 star26)
7.647: (turn_to satellite1 planet35 star26)
7.647: (turn_to satellite1 planet33 star26)
7.647: (turn_to satellite1 phenomenon29 star26)
6.494: (turn_to satellite0 planet36 planet35)
6.550: (turn_to satellite0 phenomenon29 planet35)
6.550: (turn_to satellite0 phenomenon34 planet35)
6.552: (turn_to satellite0 star39 planet35)
6.602: (turn_to satellite0 star28 planet35)
6.016: (take_image satellite0 star28 instrument1 infrared3)
6.036: (take_image satellite0 star39 instrument1 infrared3)
6.038: (take_image satellite0 phenomenon34 instrument1 infrared3)
6.056: (take_image satellite0 phenomenon29 instrument1 infrared3)
6.352: (switch_on instrument4 satellite2)
5.330: (turn_to satellite0 planet36 phenomenon34)
5.331: (turn_to satellite0 planet36 phenomenon29)
5.354: (turn_to satellite0 planet36 star39)
5.365: (turn_to satellite0 planet36 star28)
5.389: (turn_to satellite0 phenomenon34 phenomenon29)
4.911: (take_image satellite0 phenomenon34 instrument1 infrared3)
5.179: (switch_on instrument4 satellite2)
5.191: (switch_on instrument4 satellite2)
5.192: (switch_on instrument4 satellite2)
5.273: (switch_on instrument4 satellite2)
4.213: (turn_to satellite0 star39 phenomenon34)
4.215: (turn_to satellite0 planet36 phenomenon34)
4.321: (turn_to satellite0 star28 phenomenon34)
4.666: (turn_to satellite0 star26 phenomenon34)
4.754: (switch_on instrument4 satellite2)
3.698: (take_image satellite0 star28 instrument1 infrared3)
3.715: (take_image satellite0 star39 instrument1 infrared3)
4.037: (switch_on instrument4 satellite2)
4.049: (switch_on instrument4 satellite2)
4.078: (turn_to satellite0 star39 phenomenon34)
3.018: (turn_to satellite0 planet36 star39)
3.069: (turn_to satellite0 star39 star28)
3.086: (turn_to satellite0 planet36 star28)
3.113: (turn_to satellite0 star28 star39)
3.483: (turn_to satellite0 star26 star39)
2.553: (take_image satellite0 star28 instrument1 infrared3)
2.595: (take_image satellite0 star39 instrument1 infrared3)
2.852: (switch_on instrument4 satellite2)
3.019: (turn_to satellite1 planet36 star26)
3.056: (turn_to satellite1 star39 star26)
1.890: (turn_to satellite0 planet36 star39)
1.891: (turn_to satellite0 planet36 star28)
2.084: (take_image satellite1 planet36 instrument3 image0)
2.340: (turn_to satellite0 star26 star28)
2.343: (turn_to satellite0 star26 star39)
1.505: (turn_to satellite1 star28 planet36)
1.646: (take_image satellite0 star26 instrument1 infrared3)
1.863: (turn_to satellite1 star26 planet36)
1.876: (turn_to satellite1 planet36 star26)
1.933: (switch_on instrument4 satellite2)
0.989: (take_image satellite1 planet36 instrument3 image0)
1.007: (turn_to satellite1 star28 planet36)
1.009: (take_image satellite0 star26 instrument1 infrared3)
1.015: (turn_to satellite0 star28 star26)
1.330: (take_image satellite0 star26 instrument1 infrared3)
0.385: (take_image satellite0 star28 instrument1 infrared3)
[Final] Expanded: 327, Generated: 41840
Found a solution of length 74!
   1: (switch_on instrument1 satellite0)
   2: (turn_to satellite0 star13 star39)
   3: (calibrate satellite0 instrument1 star13)
   4: (switch_on instrument3 satellite1)
   5: (turn_to satellite2 star28 groundstation24)
   6: (turn_to satellite0 planet27 star13)
   7: (turn_to satellite1 star5 planet35)
   8: (calibrate satellite1 instrument3 star5)
   9: (take_image satellite0 planet27 instrument1 infrared1)
  10: (turn_to satellite0 star37 planet27)
  11: (take_image satellite0 star37 instrument1 thermograph2)
  12: (turn_to satellite0 phenomenon25 star37)
  13: (take_image satellite0 phenomenon25 instrument1 infrared3)
  14: (turn_to satellite0 phenomenon31 phenomenon25)
  15: (take_image satellite0 phenomenon31 instrument1 thermograph2)
  16: (turn_to satellite0 planet30 phenomenon31)
  17: (take_image satellite0 planet30 instrument1 thermograph2)
  18: (turn_to satellite0 planet36 planet30)
  19: (turn_to satellite1 phenomenon32 star5)
  20: (take_image satellite1 phenomenon32 instrument3 image0)
  21: (turn_to satellite1 planet35 phenomenon32)
  22: (turn_to satellite1 star39 planet35)
  23: (switch_on instrument4 satellite2)
  24: (turn_to satellite1 phenomenon34 star39)
  25: (take_image satellite0 planet36 instrument1 thermograph2)
  26: (turn_to satellite1 phenomenon29 phenomenon34)
  27: (switch_off instrument4 satellite2)
  28: (turn_to satellite1 phenomenon34 phenomenon29)
  29: (take_image satellite1 phenomenon34 instrument3 thermograph2)
  30: (turn_to satellite1 phenomenon38 phenomenon34)
  31: (switch_on instrument4 satellite2)
  32: (take_image satellite1 phenomenon38 instrument3 thermograph2)
  33: (switch_off instrument4 satellite2)
  34: (turn_to satellite1 planet35 phenomenon38)
  35: (switch_on instrument4 satellite2)
  36: (take_image satellite1 planet35 instrument3 thermograph2)
  37: (turn_to satellite1 star39 planet35)
  38: (take_image satellite1 star39 instrument3 thermograph2)
  39: (turn_to satellite1 planet33 star39)
  40: (take_image satellite1 planet33 instrument3 thermograph2)
  41: (turn_to satellite1 star26 planet33)
  42: (take_image satellite1 star26 instrument3 thermograph2)
  43: (turn_to satellite1 phenomenon29 star26)
  44: (take_image satellite1 phenomenon29 instrument3 thermograph2)
  45: (turn_to satellite1 star26 phenomenon29)
  46: (switch_off instrument4 satellite2)
  47: (turn_to satellite1 star28 star26)
  48: (take_image satellite1 star28 instrument3 thermograph2)
  49: (turn_to satellite1 phenomenon29 star28)
  50: (turn_to satellite1 phenomenon38 phenomenon29)
  51: (switch_on instrument4 satellite2)
  52: (turn_to satellite1 planet35 phenomenon38)
  53: (take_image satellite0 planet36 instrument1 infrared1)
  54: (switch_off instrument4 satellite2)
  55: (turn_to satellite1 phenomenon29 planet35)
  56: (turn_to satellite1 star26 phenomenon29)
  57: (turn_to satellite0 phenomenon38 planet36)
  58: (take_image satellite0 phenomenon38 instrument1 infrared3)
  59: (turn_to satellite0 planet33 phenomenon38)
  60: (take_image satellite0 planet33 instrument1 infrared3)
  61: (turn_to satellite0 planet35 planet33)
  62: (take_image satellite0 planet35 instrument1 infrared3)
  63: (turn_to satellite0 phenomenon29 planet35)
  64: (take_image satellite0 phenomenon29 instrument1 infrared3)
  65: (turn_to satellite0 phenomenon34 phenomenon29)
  66: (take_image satellite0 phenomenon34 instrument1 infrared3)
  67: (turn_to satellite0 star39 phenomenon34)
  68: (take_image satellite0 star39 instrument1 infrared3)
  69: (turn_to satellite0 star26 star39)
  70: (turn_to satellite1 planet36 star26)
  71: (take_image satellite1 planet36 instrument3 image0)
  72: (take_image satellite0 star26 instrument1 infrared3)
  73: (turn_to satellite0 star28 star26)
  74: (take_image satellite0 star28 instrument1 infrared3)
