/u/ibrahim.eisawy/Neural-Guided-Search/venv/lib/python3.10/site-packages/pymimir_rgnn/model.py:151: UserWarning: index_reduce() is in beta and the API may change at any time. (Triggered internally at /pytorch/aten/src/ATen/native/cuda/Indexing.cu:1541.)
  max_msg.index_reduce_(0, output_indices, output_messages, reduce='amax', include_self=True)
Torch: 2.12.0+cu130
Using GPU:  NVIDIA L40S
28.885: (switch_on instrument2 satellite1)
30.038: (switch_on instrument0 satellite0)
30.300: (turn_to satellite0 star13 star20)
30.479: (turn_to satellite1 star13 groundstation1)
31.562: (turn_to satellite0 star2 star20)
25.064: (turn_to satellite1 star13 groundstation1)
25.091: (switch_on instrument2 satellite1)
25.587: (turn_to satellite0 star13 star20)
25.596: (switch_on instrument2 satellite1)
26.586: (turn_to satellite0 star6 star20)
18.880: (calibrate satellite1 instrument2 star13)
20.486: (calibrate satellite0 instrument0 star6)
24.416: (turn_to satellite0 phenomenon29 star20)
24.734: (switch_on instrument1 satellite0)
24.753: (switch_on instrument0 satellite0)
17.821: (turn_to satellite1 star23 star13)
17.903: (turn_to satellite1 planet22 star13)
17.904: (turn_to satellite1 phenomenon21 star13)
17.904: (turn_to satellite1 star24 star13)
17.905: (turn_to satellite1 star28 star13)
17.006: (take_image satellite1 star23 instrument2 spectrograph0)
17.209: (switch_on instrument1 satellite0)
17.254: (switch_on instrument0 satellite0)
17.291: (switch_on instrument1 satellite0)
17.300: (switch_on instrument1 satellite0)
16.268: (turn_to satellite0 phenomenon29 star20)
16.381: (turn_to satellite1 phenomenon21 star23)
16.381: (turn_to satellite1 planet22 star23)
16.382: (turn_to satellite1 star24 star23)
16.382: (turn_to satellite1 star28 star23)
15.292: (take_image satellite1 phenomenon21 instrument2 infrared1)
15.296: (take_image satellite1 star24 instrument2 infrared1)
15.296: (take_image satellite1 star28 instrument2 infrared1)
15.301: (take_image satellite1 planet22 instrument2 infrared1)
15.556: (turn_to satellite1 star20 star23)
14.549: (turn_to satellite0 phenomenon29 star20)
14.553: (turn_to satellite0 phenomenon29 star20)
14.559: (turn_to satellite0 phenomenon29 star20)
14.560: (turn_to satellite0 phenomenon29 star20)
14.638: (take_image satellite1 star20 instrument2 image2)
13.895: (turn_to satellite1 star20 star24)
13.897: (turn_to satellite1 star20 phenomenon21)
13.904: (turn_to satellite1 star20 planet22)
13.911: (turn_to satellite1 star20 star28)
13.974: (turn_to satellite1 planet25 star24)
12.782: (take_image satellite1 planet25 instrument2 image3)
12.872: (take_image satellite1 star20 instrument2 image2)
12.874: (take_image satellite1 star20 instrument2 image2)
12.889: (take_image satellite1 star20 instrument2 image2)
12.889: (take_image satellite1 star20 instrument2 image2)
12.119: (turn_to satellite1 star20 planet25)
12.205: (turn_to satellite1 phenomenon21 planet25)
12.205: (turn_to satellite1 planet22 planet25)
12.206: (turn_to satellite1 star28 planet25)
12.210: (turn_to satellite1 planet31 planet25)
11.120: (take_image satellite1 star20 instrument2 image2)
11.447: (take_image satellite1 planet31 instrument2 image3)
11.449: (take_image satellite1 phenomenon21 instrument2 infrared1)
11.464: (take_image satellite1 star28 instrument2 infrared1)
11.466: (take_image satellite1 planet22 instrument2 infrared1)
10.516: (turn_to satellite1 phenomenon29 star20)
10.563: (turn_to satellite1 phenomenon21 star20)
10.563: (turn_to satellite1 star28 star20)
10.564: (turn_to satellite1 planet22 star20)
10.566: (turn_to satellite1 star30 star20)
9.277: (take_image satellite1 phenomenon29 instrument2 image2)
9.886: (take_image satellite1 phenomenon21 instrument2 infrared1)
9.892: (take_image satellite1 star30 instrument2 image3)
9.905: (take_image satellite1 planet22 instrument2 infrared1)
9.909: (take_image satellite1 star28 instrument2 infrared1)
8.764: (turn_to satellite1 phenomenon21 phenomenon29)
8.764: (turn_to satellite1 planet22 phenomenon29)
8.765: (turn_to satellite1 star28 phenomenon29)
8.768: (turn_to satellite1 phenomenon27 phenomenon29)
8.768: (turn_to satellite1 phenomenon26 phenomenon29)
8.126: (take_image satellite1 phenomenon26 instrument2 image3)
8.127: (take_image satellite1 planet22 instrument2 infrared1)
8.131: (take_image satellite1 phenomenon27 instrument2 image3)
8.132: (take_image satellite1 phenomenon21 instrument2 infrared1)
8.144: (take_image satellite1 star28 instrument2 infrared1)
7.516: (turn_to satellite1 phenomenon21 star28)
7.516: (turn_to satellite1 planet22 star28)
7.516: (turn_to satellite1 star28 phenomenon21)
7.517: (turn_to satellite1 star28 planet22)
7.517: (turn_to satellite1 phenomenon21 planet22)
6.985: (take_image satellite1 phenomenon21 instrument2 infrared1)
6.985: (take_image satellite1 planet22 instrument2 infrared1)
6.989: (take_image satellite1 star28 instrument2 infrared1)
6.990: (take_image satellite1 phenomenon21 instrument2 infrared1)
7.002: (take_image satellite1 star28 instrument2 infrared1)
6.289: (turn_to satellite1 planet22 phenomenon21)
6.292: (turn_to satellite1 planet22 star28)
6.294: (turn_to satellite1 phenomenon21 planet22)
6.296: (turn_to satellite1 star28 phenomenon21)
6.311: (turn_to satellite1 phenomenon21 star28)
5.308: (take_image satellite1 phenomenon21 instrument2 infrared1)
5.309: (take_image satellite1 planet22 instrument2 infrared1)
5.326: (take_image satellite1 star28 instrument2 infrared1)
6.247: (switch_on instrument0 satellite0)
6.248: (switch_on instrument0 satellite0)
4.610: (turn_to satellite1 planet31 phenomenon21)
4.611: (turn_to satellite1 star30 planet22)
4.611: (turn_to satellite1 planet31 planet22)
4.611: (turn_to satellite1 star30 phenomenon21)
4.611: (turn_to satellite1 phenomenon26 planet22)
4.120: (take_image satellite1 star30 instrument2 image3)
4.124: (take_image satellite1 planet31 instrument2 image3)
4.139: (take_image satellite1 phenomenon26 instrument2 image3)
4.564: (switch_on instrument0 satellite0)
4.565: (switch_on instrument0 satellite0)
3.460: (turn_to satellite1 planet31 star30)
3.460: (turn_to satellite1 phenomenon26 star30)
3.461: (turn_to satellite1 phenomenon27 star30)
3.462: (turn_to satellite1 phenomenon26 planet31)
3.462: (turn_to satellite1 phenomenon27 planet31)
2.979: (take_image satellite1 phenomenon26 instrument2 image3)
2.982: (take_image satellite1 planet31 instrument2 image3)
2.989: (take_image satellite1 phenomenon26 instrument2 image3)
2.992: (take_image satellite1 phenomenon27 instrument2 image3)
2.997: (take_image satellite1 phenomenon27 instrument2 image3)
2.306: (turn_to satellite1 planet31 phenomenon27)
2.306: (turn_to satellite1 phenomenon26 phenomenon27)
2.307: (turn_to satellite1 star30 phenomenon27)
2.307: (turn_to satellite1 phenomenon26 phenomenon27)
2.309: (turn_to satellite1 planet31 phenomenon26)
1.838: (take_image satellite1 phenomenon26 instrument2 image3)
1.840: (take_image satellite1 planet31 instrument2 image3)
1.848: (take_image satellite1 phenomenon26 instrument2 image3)
1.852: (take_image satellite1 planet31 instrument2 image3)
1.855: (take_image satellite1 star30 instrument2 image3)
1.088: (turn_to satellite1 phenomenon26 star30)
1.094: (turn_to satellite1 phenomenon27 planet31)
1.099: (turn_to satellite1 planet31 phenomenon26)
1.101: (turn_to satellite1 phenomenon26 planet31)
1.114: (turn_to satellite1 star30 phenomenon26)
0.405: (take_image satellite1 phenomenon26 instrument2 image3)
[Final] Expanded: 129, Generated: 9104
Found a solution of length 28!
   1: (switch_on instrument2 satellite1)
   2: (turn_to satellite1 star13 groundstation1)
   3: (calibrate satellite1 instrument2 star13)
   4: (turn_to satellite1 star23 star13)
   5: (take_image satellite1 star23 instrument2 spectrograph0)
   6: (turn_to satellite1 star24 star23)
   7: (take_image satellite1 star24 instrument2 infrared1)
   8: (turn_to satellite0 phenomenon29 star20)
   9: (turn_to satellite1 planet25 star24)
  10: (take_image satellite1 planet25 instrument2 image3)
  11: (turn_to satellite1 star20 planet25)
  12: (take_image satellite1 star20 instrument2 image2)
  13: (turn_to satellite1 phenomenon29 star20)
  14: (take_image satellite1 phenomenon29 instrument2 image2)
  15: (turn_to satellite1 star28 phenomenon29)
  16: (take_image satellite1 star28 instrument2 infrared1)
  17: (turn_to satellite1 planet22 star28)
  18: (take_image satellite1 planet22 instrument2 infrared1)
  19: (turn_to satellite1 phenomenon21 planet22)
  20: (take_image satellite1 phenomenon21 instrument2 infrared1)
  21: (turn_to satellite1 planet31 phenomenon21)
  22: (take_image satellite1 planet31 instrument2 image3)
  23: (turn_to satellite1 phenomenon27 planet31)
  24: (take_image satellite1 phenomenon27 instrument2 image3)
  25: (turn_to satellite1 star30 phenomenon27)
  26: (take_image satellite1 star30 instrument2 image3)
  27: (turn_to satellite1 phenomenon26 star30)
  28: (take_image satellite1 phenomenon26 instrument2 image3)
