/u/ibrahim.eisawy/Neural-Guided-Search/venv/lib/python3.10/site-packages/pymimir_rgnn/model.py:151: UserWarning: index_reduce() is in beta and the API may change at any time. (Triggered internally at /pytorch/aten/src/ATen/native/cuda/Indexing.cu:1541.)
  max_msg.index_reduce_(0, output_indices, output_messages, reduce='amax', include_self=True)
Torch: 2.12.0+cu130
Using GPU:  NVIDIA L40S
55.514: (switch_on instrument5 satellite2)
55.520: (switch_on instrument2 satellite0)
56.236: (switch_on instrument3 satellite1)
56.630: (switch_on instrument4 satellite1)
57.289: (turn_to satellite0 star19 groundstation36)
51.873: (switch_on instrument2 satellite0)
51.924: (turn_to satellite0 star19 groundstation36)
51.962: (turn_to satellite0 star8 groundstation36)
52.174: (turn_to satellite0 groundstation5 groundstation36)
52.623: (turn_to satellite1 groundstation33 phenomenon49)
44.727: (calibrate satellite0 instrument2 star19)
44.888: (calibrate satellite0 instrument2 star8)
44.895: (calibrate satellite0 instrument2 groundstation5)
46.419: (calibrate satellite1 instrument3 groundstation33)
49.284: (switch_on instrument2 satellite0)
41.839: (switch_on instrument3 satellite1)
41.851: (switch_on instrument3 satellite1)
41.872: (switch_on instrument3 satellite1)
43.135: (switch_on instrument2 satellite0)
43.165: (calibrate satellite1 instrument3 groundstation33)
39.924: (turn_to satellite1 star9 phenomenon49)
39.929: (turn_to satellite1 groundstation33 phenomenon49)
39.965: (turn_to satellite1 star0 phenomenon49)
40.019: (turn_to satellite1 star0 phenomenon49)
40.020: (turn_to satellite1 star20 phenomenon49)
35.029: (calibrate satellite1 instrument3 star0)
35.055: (calibrate satellite1 instrument3 star9)
35.077: (calibrate satellite1 instrument3 star20)
35.078: (calibrate satellite1 instrument3 star0)
35.138: (calibrate satellite1 instrument3 groundstation33)
34.438: (turn_to satellite0 phenomenon59 groundstation5)
34.438: (turn_to satellite0 star60 groundstation5)
34.440: (turn_to satellite0 planet55 groundstation5)
34.444: (turn_to satellite0 star41 groundstation5)
34.444: (turn_to satellite0 phenomenon45 groundstation5)
34.063: (turn_to satellite1 phenomenon52 groundstation33)
34.063: (turn_to satellite1 phenomenon40 groundstation33)
34.064: (turn_to satellite1 star60 groundstation33)
34.064: (turn_to satellite1 planet55 groundstation33)
34.064: (turn_to satellite1 phenomenon46 groundstation33)
32.981: (take_image satellite1 star60 instrument3 thermograph2)
33.003: (take_image satellite1 phenomenon46 instrument3 thermograph2)
33.013: (take_image satellite1 planet55 instrument3 thermograph2)
33.214: (take_image satellite1 phenomenon52 instrument3 image0)
33.265: (take_image satellite1 phenomenon40 instrument3 image0)
32.458: (turn_to satellite1 phenomenon52 planet55)
32.458: (turn_to satellite1 phenomenon40 planet55)
32.476: (turn_to satellite1 star61 planet55)
32.476: (turn_to satellite1 phenomenon54 planet55)
32.476: (turn_to satellite1 phenomenon63 planet55)
31.398: (take_image satellite1 phenomenon52 instrument3 image0)
31.488: (take_image satellite1 phenomenon40 instrument3 image0)
32.187: (turn_to satellite2 star8 groundstation17)
32.220: (turn_to satellite2 groundstation5 groundstation17)
32.235: (turn_to satellite2 groundstation29 groundstation17)
30.806: (turn_to satellite1 phenomenon52 phenomenon40)
30.832: (turn_to satellite1 phenomenon40 phenomenon52)
30.856: (turn_to satellite1 phenomenon49 phenomenon40)
30.858: (turn_to satellite1 planet48 phenomenon40)
30.860: (turn_to satellite1 planet51 phenomenon40)
29.718: (take_image satellite1 phenomenon52 instrument3 image0)
29.750: (take_image satellite1 phenomenon40 instrument3 image0)
30.502: (turn_to satellite2 star30 groundstation17)
30.502: (turn_to satellite2 groundstation18 groundstation17)
30.502: (turn_to satellite2 groundstation29 groundstation17)
29.110: (turn_to satellite1 planet51 phenomenon40)
29.113: (turn_to satellite1 star42 phenomenon40)
29.113: (turn_to satellite1 planet48 phenomenon40)
29.113: (turn_to satellite1 phenomenon49 phenomenon40)
29.130: (turn_to satellite1 planet47 phenomenon40)
28.243: (take_image satellite1 planet47 instrument3 infrared3)
28.872: (turn_to satellite2 star8 groundstation17)
28.882: (turn_to satellite2 groundstation29 groundstation17)
28.882: (turn_to satellite2 star30 groundstation17)
28.882: (turn_to satellite2 groundstation18 groundstation17)
27.942: (turn_to satellite1 planet43 planet47)
27.963: (turn_to satellite1 star61 planet47)
27.965: (turn_to satellite1 phenomenon63 planet47)
27.966: (turn_to satellite1 phenomenon53 planet47)
27.967: (turn_to satellite1 star42 planet47)
27.063: (take_image satellite1 planet43 instrument3 infrared3)
27.677: (turn_to satellite3 groundstation33 groundstation28)
27.686: (turn_to satellite2 groundstation5 groundstation17)
27.692: (turn_to satellite2 groundstation5 groundstation17)
27.692: (turn_to satellite3 groundstation5 groundstation28)
26.602: (turn_to satellite1 phenomenon63 planet43)
26.602: (turn_to satellite1 star61 planet43)
26.606: (turn_to satellite1 phenomenon45 planet43)
26.606: (turn_to satellite1 phenomenon46 planet43)
26.608: (turn_to satellite1 phenomenon54 planet43)
25.738: (take_image satellite1 phenomenon45 instrument3 thermograph2)
25.746: (take_image satellite1 phenomenon46 instrument3 thermograph2)
26.317: (turn_to satellite2 groundstation5 groundstation17)
26.319: (turn_to satellite3 groundstation5 groundstation28)
26.325: (turn_to satellite2 groundstation18 groundstation17)
25.253: (turn_to satellite1 planet48 phenomenon46)
25.263: (turn_to satellite1 phenomenon45 phenomenon46)
25.267: (turn_to satellite1 star42 phenomenon46)
25.278: (turn_to satellite1 phenomenon59 phenomenon46)
25.278: (turn_to satellite1 star60 phenomenon46)
24.438: (take_image satellite1 phenomenon45 instrument3 thermograph2)
24.439: (take_image satellite1 star60 instrument3 thermograph2)
24.448: (take_image satellite1 phenomenon59 instrument3 thermograph2)
25.004: (turn_to satellite2 groundstation5 groundstation17)
25.006: (turn_to satellite2 star9 groundstation17)
23.911: (turn_to satellite1 phenomenon45 phenomenon59)
23.914: (turn_to satellite1 star60 phenomenon59)
23.929: (turn_to satellite1 phenomenon54 phenomenon59)
23.929: (turn_to satellite1 planet51 phenomenon59)
23.933: (turn_to satellite1 phenomenon63 phenomenon59)
23.127: (take_image satellite1 phenomenon45 instrument3 thermograph2)
23.130: (take_image satellite1 star60 instrument3 thermograph2)
23.674: (turn_to satellite2 groundstation5 groundstation17)
23.690: (turn_to satellite2 groundstation5 groundstation17)
23.702: (turn_to satellite2 star9 groundstation17)
22.562: (turn_to satellite1 phenomenon45 star60)
22.579: (turn_to satellite1 star60 phenomenon45)
22.635: (turn_to satellite1 star42 star60)
22.658: (turn_to satellite1 star61 phenomenon45)
22.658: (turn_to satellite1 phenomenon63 phenomenon45)
21.742: (take_image satellite1 phenomenon45 instrument3 thermograph2)
21.743: (take_image satellite1 star60 instrument3 thermograph2)
22.313: (turn_to satellite3 groundstation5 groundstation28)
22.323: (turn_to satellite2 groundstation5 groundstation17)
22.331: (turn_to satellite2 groundstation5 groundstation17)
21.274: (turn_to satellite1 phenomenon63 phenomenon45)
21.274: (turn_to satellite1 star61 phenomenon45)
21.284: (turn_to satellite1 star42 star60)
21.289: (turn_to satellite1 phenomenon56 phenomenon45)
21.290: (turn_to satellite1 planet51 phenomenon45)
20.981: (turn_to satellite2 groundstation5 groundstation17)
21.000: (turn_to satellite2 star8 groundstation17)
21.020: (turn_to satellite2 groundstation5 groundstation17)
21.021: (turn_to satellite3 groundstation5 groundstation28)
21.025: (turn_to satellite2 groundstation5 groundstation17)
20.848: (turn_to satellite3 star0 groundstation28)
20.875: (turn_to satellite3 star9 groundstation28)
20.898: (turn_to satellite3 groundstation5 groundstation28)
20.900: (turn_to satellite3 star20 groundstation28)
20.922: (turn_to satellite3 star25 groundstation28)
20.912: (turn_to satellite3 star24 star20)
20.921: (turn_to satellite1 planet51 star61)
20.921: (turn_to satellite1 phenomenon54 star61)
20.921: (turn_to satellite1 phenomenon63 star61)
20.927: (turn_to satellite3 star31 star20)
20.839: (turn_to satellite3 star0 star25)
20.889: (turn_to satellite3 groundstation5 star25)
20.891: (turn_to satellite3 star20 star25)
20.912: (turn_to satellite3 star24 star25)
20.922: (turn_to satellite2 star8 groundstation5)
20.814: (turn_to satellite3 star9 star31)
20.893: (turn_to satellite3 star8 star31)
20.916: (turn_to satellite1 planet51 star61)
20.916: (turn_to satellite1 phenomenon54 star61)
20.917: (turn_to satellite1 phenomenon63 star61)
20.814: (turn_to satellite3 star9 star31)
20.863: (turn_to satellite3 star8 star31)
20.891: (turn_to satellite3 groundstation11 star31)
20.891: (turn_to satellite3 star10 star31)
20.893: (turn_to satellite3 star8 star31)
20.820: (turn_to satellite2 star9 star8)
20.865: (turn_to satellite2 groundstation27 star8)
20.865: (turn_to satellite2 star31 star8)
20.869: (turn_to satellite1 planet51 phenomenon63)
20.894: (turn_to satellite2 star37 star8)
20.891: (turn_to satellite3 groundstation5 star8)
20.891: (turn_to satellite3 star10 star8)
20.891: (turn_to satellite3 groundstation11 star8)
20.894: (turn_to satellite1 star61 phenomenon63)
20.894: (turn_to satellite1 phenomenon54 phenomenon63)
20.841: (turn_to satellite2 star9 star37)
20.878: (turn_to satellite2 groundstation27 star37)
20.878: (turn_to satellite2 star31 star37)
20.881: (turn_to satellite2 star44 star37)
20.891: (turn_to satellite3 groundstation5 star8)
20.860: (turn_to satellite2 star0 star37)
20.863: (turn_to satellite2 groundstation27 star44)
20.868: (take_image satellite0 star41 instrument2 infrared4)
20.878: (turn_to satellite1 planet51 phenomenon54)
20.878: (turn_to satellite1 star61 phenomenon54)
20.838: (turn_to satellite2 star0 star37)
20.860: (turn_to satellite2 star0 star37)
20.867: (take_image satellite0 star41 instrument2 infrared4)
20.888: (turn_to satellite2 star9 star37)
20.888: (turn_to satellite2 groundstation5 star37)
20.863: (turn_to satellite3 star0 groundstation5)
20.873: (turn_to satellite2 star9 groundstation5)
20.874: (turn_to satellite2 star23 groundstation5)
20.890: (turn_to satellite3 star9 groundstation5)
20.890: (turn_to satellite2 star20 star9)
20.891: (turn_to satellite2 star23 star20)
20.891: (turn_to satellite3 star20 star9)
20.898: (turn_to satellite1 phenomenon63 star61)
20.898: (turn_to satellite1 planet51 star61)
20.898: (turn_to satellite1 phenomenon54 star61)
20.888: (turn_to satellite2 star9 star20)
20.891: (turn_to satellite2 star23 star20)
20.891: (turn_to satellite2 star31 star20)
20.898: (turn_to satellite2 groundstation27 star20)
20.906: (turn_to satellite2 groundstation27 star20)
20.901: (turn_to satellite1 phenomenon63 phenomenon54)
20.901: (turn_to satellite1 star61 phenomenon54)
20.906: (turn_to satellite2 star31 groundstation27)
20.912: (take_image satellite0 star41 instrument2 infrared4)
20.921: (turn_to satellite2 groundstation5 groundstation27)
20.863: (turn_to satellite3 star0 groundstation5)
20.882: (turn_to satellite2 star0 groundstation27)
20.890: (turn_to satellite3 star9 groundstation5)
20.904: (turn_to satellite2 groundstation5 groundstation27)
20.909: (turn_to satellite2 star20 groundstation27)
20.883: (turn_to satellite3 star0 groundstation5)
20.894: (turn_to satellite2 star23 star20)
20.910: (turn_to satellite3 star20 groundstation5)
20.920: (turn_to satellite3 star9 groundstation5)
20.922: (take_image satellite0 star41 instrument2 infrared1)
20.876: (turn_to satellite2 star0 star20)
20.877: (turn_to satellite2 star23 star20)
20.877: (turn_to satellite2 star37 star20)
20.901: (turn_to satellite2 star9 star20)
20.912: (turn_to satellite3 star37 groundstation5)
20.911: (turn_to satellite1 planet51 phenomenon54)
20.911: (turn_to satellite1 phenomenon63 phenomenon54)
20.911: (turn_to satellite1 star61 phenomenon54)
20.920: (turn_to satellite2 groundstation5 star20)
20.920: (turn_to satellite2 star9 star20)
20.875: (turn_to satellite3 star8 star37)
20.897: (turn_to satellite3 star0 star37)
20.912: (turn_to satellite3 star31 star37)
20.912: (turn_to satellite3 groundstation27 star37)
20.915: (turn_to satellite3 star23 star37)
20.920: (turn_to satellite1 phenomenon63 phenomenon54)
20.920: (turn_to satellite1 star61 phenomenon54)
20.920: (turn_to satellite1 planet51 phenomenon54)
20.921: (turn_to satellite2 groundstation5 star9)
20.927: (turn_to satellite2 star37 star9)
20.873: (turn_to satellite3 star0 star23)
20.883: (turn_to satellite3 star20 star23)
20.899: (turn_to satellite3 groundstation33 star23)
20.920: (turn_to satellite3 star9 star23)
20.920: (turn_to satellite3 star8 star23)
20.897: (turn_to satellite2 star8 star37)
20.904: (turn_to satellite2 star31 star37)
20.904: (turn_to satellite2 groundstation27 star37)
20.917: (turn_to satellite2 groundstation33 star37)
20.920: (turn_to satellite2 star23 star37)
20.873: (turn_to satellite3 star0 star8)
20.883: (turn_to satellite3 star20 star8)
20.899: (turn_to satellite3 groundstation33 star8)
20.923: (turn_to satellite2 star8 star23)
20.927: (turn_to satellite3 star37 star8)
20.912: (turn_to satellite3 groundstation33 star8)
20.920: (turn_to satellite3 star9 star37)
20.927: (turn_to satellite1 planet51 phenomenon54)
20.927: (turn_to satellite1 star61 phenomenon54)
20.927: (turn_to satellite1 phenomenon63 phenomenon54)
20.872: (turn_to satellite3 star0 star37)
20.873: (turn_to satellite3 star0 star37)
20.877: (turn_to satellite3 groundstation5 star37)
20.882: (turn_to satellite3 star20 star37)
20.882: (turn_to satellite3 groundstation33 star37)
20.812: (turn_to satellite2 star26 star23)
20.862: (turn_to satellite1 phenomenon63 star61)
20.862: (turn_to satellite1 planet51 star61)
20.872: (take_image satellite1 star61 instrument3 image0)
20.891: (turn_to satellite2 groundstation33 star23)
20.846: (take_image satellite1 star61 instrument3 image0)
20.858: (turn_to satellite1 phenomenon63 star61)
20.858: (turn_to satellite1 phenomenon54 star61)
20.858: (turn_to satellite1 planet51 star61)
20.859: (turn_to satellite2 groundstation33 star23)
20.820: (turn_to satellite2 star26 groundstation33)
20.882: (turn_to satellite2 star37 groundstation33)
20.912: (turn_to satellite2 star8 groundstation33)
20.919: (turn_to satellite2 star25 groundstation33)
20.919: (turn_to satellite2 star24 groundstation33)
20.885: (take_image satellite1 planet51 instrument3 image0)
20.896: (turn_to satellite1 phenomenon54 planet51)
20.896: (turn_to satellite1 phenomenon63 planet51)
20.896: (turn_to satellite1 star61 planet51)
20.899: (turn_to satellite3 star20 groundstation33)
20.883: (turn_to satellite2 star23 star24)
20.883: (turn_to satellite2 star37 star24)
20.899: (turn_to satellite1 phenomenon63 planet51)
20.899: (turn_to satellite1 phenomenon54 planet51)
20.899: (turn_to satellite1 star61 planet51)
20.883: (turn_to satellite2 star37 star24)
20.901: (turn_to satellite2 star25 star24)
20.902: (take_image satellite1 star61 instrument3 image0)
20.919: (turn_to satellite3 star0 star20)
20.922: (turn_to satellite2 groundstation5 star24)
20.880: (turn_to satellite3 star0 star20)
20.894: (turn_to satellite2 star0 star24)
20.896: (turn_to satellite2 groundstation5 star24)
20.899: (turn_to satellite2 star25 groundstation5)
20.902: (turn_to satellite2 star25 star24)
20.888: (turn_to satellite2 groundstation27 star25)
20.888: (turn_to satellite2 star31 star25)
20.930: (turn_to satellite2 groundstation11 star25)
20.930: (turn_to satellite2 star10 star25)
20.953: (turn_to satellite2 groundstation28 star25)
20.873: (turn_to satellite2 star37 groundstation28)
20.898: (take_image satellite1 star61 instrument3 image0)
20.918: (turn_to satellite2 star26 groundstation28)
20.925: (turn_to satellite1 phenomenon63 star61)
20.925: (turn_to satellite1 phenomenon54 star61)
20.869: (turn_to satellite2 star31 groundstation28)
20.869: (turn_to satellite2 groundstation27 groundstation28)
20.894: (turn_to satellite2 star0 groundstation28)
20.897: (turn_to satellite2 groundstation5 groundstation28)
20.898: (take_image satellite1 phenomenon54 instrument3 image0)
20.844: (turn_to satellite2 groundstation5 groundstation28)
20.852: (turn_to satellite2 groundstation27 groundstation28)
20.852: (turn_to satellite2 star31 groundstation28)
20.870: (turn_to satellite2 star23 groundstation28)
20.870: (turn_to satellite2 star37 groundstation28)
20.874: (turn_to satellite3 star20 star0)
20.880: (turn_to satellite2 star0 star37)
20.883: (turn_to satellite2 star0 star23)
20.893: (turn_to satellite3 groundstation33 star0)
20.893: (turn_to satellite2 star24 star23)
20.893: (turn_to satellite2 star25 star24)
20.915: (turn_to satellite2 groundstation11 star24)
20.915: (turn_to satellite2 star10 star24)
20.925: (turn_to satellite2 groundstation29 star24)
20.925: (turn_to satellite2 groundstation18 star24)
20.898: (turn_to satellite2 star30 groundstation18)
20.912: (turn_to satellite2 star26 groundstation18)
20.932: (turn_to satellite2 star8 groundstation18)
20.933: (turn_to satellite3 groundstation33 star0)
20.937: (turn_to satellite3 groundstation33 star0)
20.804: (turn_to satellite2 star26 groundstation29)
20.867: (turn_to satellite2 groundstation33 groundstation29)
20.872: (turn_to satellite2 star23 groundstation29)
20.876: (turn_to satellite2 star8 groundstation29)
20.882: (turn_to satellite2 groundstation27 groundstation29)
20.890: (turn_to satellite2 star24 groundstation27)
20.890: (turn_to satellite2 star25 groundstation27)
20.908: (turn_to satellite2 star31 groundstation27)
20.912: (turn_to satellite3 star20 groundstation33)
20.915: (turn_to satellite2 groundstation11 groundstation27)
20.904: (turn_to satellite2 star24 groundstation27)
20.904: (turn_to satellite2 star25 groundstation27)
20.920: (turn_to satellite2 groundstation5 groundstation27)
20.921: (turn_to satellite2 star10 groundstation11)
20.929: (turn_to satellite2 star30 groundstation11)
20.916: (turn_to satellite2 groundstation28 star30)
20.933: (turn_to satellite2 groundstation7 star30)
20.937: (turn_to satellite2 groundstation28 star10)
20.947: (turn_to satellite2 star13 star30)
20.951: (turn_to satellite2 groundstation17 star30)
20.951: (turn_to satellite3 star0 groundstation33)
20.965: (turn_to satellite3 star20 groundstation33)
21.084: (turn_to satellite3 star24 groundstation33)
21.084: (turn_to satellite3 star25 groundstation33)
21.092: (turn_to satellite3 groundstation7 groundstation33)
20.970: (turn_to satellite2 groundstation33 groundstation17)
20.972: (turn_to satellite2 star0 groundstation17)
20.982: (turn_to satellite2 star20 groundstation17)
21.029: (turn_to satellite3 star26 groundstation7)
21.045: (turn_to satellite3 star9 groundstation7)
20.892: (turn_to satellite2 star8 groundstation17)
20.918: (turn_to satellite2 star9 groundstation17)
20.927: (turn_to satellite2 star26 groundstation17)
20.939: (turn_to satellite2 groundstation11 groundstation17)
20.939: (turn_to satellite2 star10 groundstation17)
20.907: (turn_to satellite2 groundstation5 star10)
20.940: (turn_to satellite2 star37 star10)
20.940: (turn_to satellite2 star23 star10)
20.944: (turn_to satellite2 groundstation27 groundstation11)
20.944: (turn_to satellite2 star31 groundstation11)
20.930: (turn_to satellite3 star20 star9)
20.931: (turn_to satellite3 groundstation27 star9)
20.932: (turn_to satellite3 star8 star9)
20.934: (turn_to satellite3 groundstation5 star9)
20.966: (turn_to satellite1 planet51 phenomenon54)
20.862: (turn_to satellite2 star8 star31)
20.874: (turn_to satellite2 star0 star31)
20.906: (turn_to satellite3 star8 star9)
20.908: (turn_to satellite3 star0 star9)
20.915: (turn_to satellite2 groundstation5 star31)
20.871: (turn_to satellite3 star0 star9)
20.896: (turn_to satellite2 groundstation5 star31)
20.915: (turn_to satellite1 star61 planet51)
20.915: (turn_to satellite1 phenomenon63 planet51)
20.924: (take_image satellite1 planet51 instrument3 image0)
20.916: (turn_to satellite3 star0 star9)
20.977: (turn_to satellite3 star20 star9)
20.988: (turn_to satellite3 star24 star0)
20.988: (turn_to satellite3 star25 star0)
21.015: (turn_to satellite3 groundstation5 star0)
20.890: (turn_to satellite2 star0 groundstation5)
20.934: (turn_to satellite1 phenomenon63 planet51)
20.934: (turn_to satellite1 star61 planet51)
20.941: (turn_to satellite1 phenomenon54 planet51)
20.943: (turn_to satellite3 groundstation27 groundstation5)
20.941: (turn_to satellite2 star0 groundstation5)
20.942: (turn_to satellite2 star31 groundstation5)
20.942: (turn_to satellite1 phenomenon54 planet51)
20.943: (turn_to satellite3 star31 groundstation27)
20.945: (turn_to satellite1 star61 planet51)
20.871: (turn_to satellite3 star0 groundstation27)
20.940: (turn_to satellite2 star0 groundstation5)
20.942: (turn_to satellite2 star31 groundstation5)
20.943: (turn_to satellite3 star31 groundstation27)
20.948: (turn_to satellite2 star8 groundstation5)
20.862: (turn_to satellite3 star9 groundstation27)
20.911: (turn_to satellite3 groundstation33 groundstation27)
20.934: (turn_to satellite3 star0 groundstation27)
20.940: (turn_to satellite3 star8 groundstation27)
20.942: (turn_to satellite3 star10 groundstation27)
20.942: (turn_to satellite3 groundstation11 star10)
20.948: (turn_to satellite3 star31 star10)
20.950: (turn_to satellite2 groundstation33 star8)
20.963: (turn_to satellite1 phenomenon63 star61)
20.963: (turn_to satellite1 planet51 star61)
20.911: (turn_to satellite3 groundstation33 star10)
20.923: (turn_to satellite3 groundstation33 star10)
20.934: (turn_to satellite3 star0 star10)
20.937: (turn_to satellite2 groundstation33 star8)
20.940: (turn_to satellite3 star8 star10)
20.898: (turn_to satellite2 star9 star8)
20.907: (turn_to satellite2 groundstation33 star8)
20.928: (turn_to satellite2 groundstation27 star8)
20.940: (turn_to satellite1 phenomenon63 planet51)
20.942: (turn_to satellite2 star0 star8)
20.908: (turn_to satellite3 star9 star8)
20.932: (turn_to satellite1 phenomenon54 planet51)
20.940: (turn_to satellite3 star31 star8)
20.942: (turn_to satellite1 phenomenon63 planet51)
20.942: (turn_to satellite1 star61 planet51)
20.869: (turn_to satellite3 groundstation5 star8)
20.884: (turn_to satellite2 star9 star0)
20.906: (turn_to satellite2 star31 star0)
20.906: (turn_to satellite2 groundstation27 star0)
20.912: (turn_to satellite2 groundstation33 star0)
20.878: (turn_to satellite1 phenomenon54 star61)
20.907: (turn_to satellite1 phenomenon63 star61)
20.909: (turn_to satellite3 star26 star8)
20.909: (turn_to satellite3 groundstation33 star8)
20.912: (take_image satellite1 star61 instrument3 image0)
20.871: (turn_to satellite3 star24 star8)
20.884: (turn_to satellite3 groundstation33 star8)
20.884: (turn_to satellite3 star25 star8)
20.899: (turn_to satellite3 star26 star8)
20.908: (turn_to satellite2 star9 groundstation33)
20.903: (turn_to satellite1 planet51 star61)
20.903: (turn_to satellite1 phenomenon63 star61)
20.913: (turn_to satellite3 star10 star26)
20.913: (turn_to satellite3 groundstation11 star26)
20.930: (turn_to satellite3 star26 star8)
20.928: (turn_to satellite1 phenomenon54 star61)
20.934: (turn_to satellite3 groundstation5 star26)
20.934: (turn_to satellite3 groundstation27 star26)
20.934: (turn_to satellite3 star31 star26)
20.937: (turn_to satellite3 star9 star26)
20.889: (turn_to satellite2 star8 star9)
20.924: (turn_to satellite2 star26 star9)
20.925: (turn_to satellite2 groundstation5 star9)
20.926: (turn_to satellite1 phenomenon54 star61)
20.929: (turn_to satellite2 star31 star9)
20.865: (turn_to satellite3 star0 star9)
20.919: (turn_to satellite3 groundstation27 star9)
20.921: (turn_to satellite3 groundstation33 star9)
20.929: (turn_to satellite1 phenomenon54 star61)
20.935: (turn_to satellite3 star8 star9)
20.929: (turn_to satellite1 phenomenon63 star61)
20.929: (turn_to satellite1 planet51 star61)
20.934: (turn_to satellite2 groundstation27 star31)
20.935: (turn_to satellite2 star0 star31)
20.941: (turn_to satellite2 star8 star31)
20.892: (turn_to satellite1 planet51 phenomenon54)
20.892: (turn_to satellite1 phenomenon63 phenomenon54)
20.900: (turn_to satellite3 groundstation33 star9)
20.924: (turn_to satellite2 groundstation5 star8)
20.925: (turn_to satellite2 star26 star8)
20.827: (turn_to satellite3 groundstation33 star9)
20.916: (turn_to satellite3 star0 star9)
20.922: (turn_to satellite3 star0 star9)
20.937: (turn_to satellite2 groundstation27 star26)
20.960: (turn_to satellite2 star23 star26)
20.899: (turn_to satellite3 star0 star9)
20.911: (turn_to satellite3 star20 star9)
20.930: (turn_to satellite3 groundstation33 star9)
20.960: (turn_to satellite2 star37 star23)
20.965: (turn_to satellite1 star61 phenomenon54)
20.899: (turn_to satellite3 star0 star9)
20.911: (turn_to satellite3 star20 star9)
20.930: (turn_to satellite3 groundstation33 star9)
20.937: (turn_to satellite2 groundstation27 star23)
20.960: (turn_to satellite2 star37 star23)
20.899: (turn_to satellite3 star0 star9)
20.911: (turn_to satellite3 star20 star9)
20.930: (turn_to satellite3 groundstation33 star9)
20.968: (turn_to satellite3 star23 star9)
20.968: (turn_to satellite3 groundstation5 star9)
20.872: (turn_to satellite2 star0 star37)
20.949: (turn_to satellite2 star20 star37)
20.950: (turn_to satellite1 phenomenon63 star61)
20.950: (turn_to satellite1 planet51 star61)
20.964: (turn_to satellite2 star31 star37)
20.902: (turn_to satellite2 star0 star37)
20.961: (turn_to satellite3 star20 groundstation5)
20.964: (turn_to satellite2 groundstation27 star31)
20.966: (turn_to satellite2 groundstation5 star37)
20.968: (turn_to satellite2 star23 star31)
20.901: (turn_to satellite3 star0 groundstation5)
20.950: (turn_to satellite1 phenomenon63 star61)
20.950: (turn_to satellite1 planet51 star61)
20.967: (turn_to satellite3 star20 groundstation5)
20.968: (turn_to satellite3 star37 groundstation5)
20.956: (turn_to satellite2 star9 star23)
20.968: (turn_to satellite1 phenomenon54 star61)
20.969: (turn_to satellite2 star20 star23)
20.971: (turn_to satellite2 star0 star23)
20.987: (turn_to satellite2 groundstation33 star23)
20.909: (turn_to satellite3 star0 star37)
20.910: (turn_to satellite3 star24 star37)
20.913: (turn_to satellite3 star25 star37)
20.947: (turn_to satellite3 star10 star37)
20.947: (turn_to satellite3 groundstation11 star37)
20.906: (turn_to satellite3 star31 groundstation11)
20.906: (turn_to satellite3 groundstation27 groundstation11)
20.914: (turn_to satellite1 phenomenon54 star61)
20.948: (turn_to satellite3 groundstation29 groundstation11)
20.948: (turn_to satellite3 groundstation18 groundstation11)
20.948: (turn_to satellite1 phenomenon54 star61)
20.950: (turn_to satellite3 groundstation28 groundstation18)
20.950: (turn_to satellite3 star30 groundstation18)
20.951: (turn_to satellite2 star9 star0)
20.971: (turn_to satellite3 star23 groundstation18)
20.954: (turn_to satellite2 star20 star0)
20.956: (turn_to satellite1 phenomenon54 star61)
20.956: (turn_to satellite2 star9 star0)
20.958: (turn_to satellite3 star10 groundstation18)
20.958: (turn_to satellite3 groundstation11 groundstation18)
20.932: (turn_to satellite1 phenomenon54 star61)
20.967: (turn_to satellite3 groundstation28 groundstation11)
20.967: (turn_to satellite3 groundstation29 groundstation11)
20.967: (turn_to satellite3 star30 groundstation11)
20.973: (turn_to satellite3 star30 star10)
21.011: (turn_to satellite3 groundstation33 star30)
21.014: (turn_to satellite3 star24 star30)
21.014: (turn_to satellite3 star25 star30)
21.026: (turn_to satellite3 star13 star30)
21.034: (turn_to satellite3 phenomenon54 star30)
21.015: (turn_to satellite3 star38 phenomenon54)
21.033: (turn_to satellite2 star0 star9)
21.035: (turn_to satellite3 star38 star13)
21.048: (turn_to satellite3 star14 phenomenon54)
21.048: (turn_to satellite3 groundstation17 phenomenon54)
21.053: (turn_to satellite3 phenomenon40 groundstation17)
21.056: (turn_to satellite3 phenomenon52 groundstation17)
21.062: (turn_to satellite3 star41 groundstation17)
21.069: (turn_to satellite3 star61 groundstation17)
21.073: (turn_to satellite3 star0 groundstation17)
20.865: (turn_to satellite2 groundstation27 star9)
20.875: (turn_to satellite2 groundstation5 star9)
20.920: (turn_to satellite2 star26 star9)
20.921: (turn_to satellite2 star30 star9)
20.921: (turn_to satellite2 groundstation18 star9)
20.919: (turn_to satellite1 phenomenon54 star61)
20.919: (turn_to satellite2 groundstation28 groundstation18)
20.919: (turn_to satellite2 groundstation29 groundstation18)
20.920: (turn_to satellite2 star25 groundstation18)
20.920: (turn_to satellite2 star24 groundstation18)
20.901: (turn_to satellite3 groundstation33 star0)
20.920: (turn_to satellite1 phenomenon54 star61)
20.920: (turn_to satellite2 groundstation11 star24)
20.920: (turn_to satellite2 star10 star24)
20.937: (turn_to satellite2 star8 star24)
20.902: (turn_to satellite3 groundstation33 star0)
20.946: (turn_to satellite1 planet51 star61)
20.946: (turn_to satellite1 phenomenon63 star61)
20.959: (turn_to satellite1 phenomenon54 star61)
20.960: (turn_to satellite2 star14 star8)
20.959: (turn_to satellite3 groundstation33 star0)
20.960: (turn_to satellite1 phenomenon54 star61)
20.963: (turn_to satellite2 groundstation7 star14)
20.963: (turn_to satellite2 groundstation17 star14)
20.984: (turn_to satellite2 star38 star14)
20.988: (turn_to satellite3 star9 star0)
20.989: (turn_to satellite1 phenomenon54 star61)
20.996: (turn_to satellite3 groundstation33 star0)
21.000: (turn_to satellite3 groundstation33 star0)
21.009: (turn_to satellite2 star13 star38)
20.921: (turn_to satellite2 groundstation27 star38)
20.925: (turn_to satellite2 star25 star38)
20.933: (turn_to satellite2 star10 star38)
20.933: (turn_to satellite2 groundstation11 star38)
20.956: (turn_to satellite2 star30 star38)
20.817: (turn_to satellite2 star26 star30)
20.926: (turn_to satellite1 phenomenon54 star61)
20.926: (turn_to satellite2 groundstation28 star30)
20.926: (turn_to satellite2 groundstation29 star30)
20.926: (turn_to satellite2 groundstation18 star30)
20.926: (turn_to satellite1 phenomenon54 star61)
20.961: (turn_to satellite2 groundstation7 groundstation18)
20.980: (turn_to satellite2 star13 groundstation18)
20.985: (turn_to satellite1 phenomenon63 star61)
20.985: (turn_to satellite1 planet51 star61)
20.865: (turn_to satellite2 star26 groundstation18)
20.910: (turn_to satellite2 star8 groundstation18)
20.941: (turn_to satellite2 groundstation33 groundstation18)
20.955: (turn_to satellite2 star23 groundstation18)
20.955: (turn_to satellite2 star37 groundstation18)
20.907: (turn_to satellite1 phenomenon54 planet51)
20.929: (take_image satellite1 planet51 instrument3 image0)
20.955: (turn_to satellite1 phenomenon63 planet51)
20.967: (turn_to satellite2 star25 star37)
20.967: (turn_to satellite2 star24 star37)
20.894: (turn_to satellite1 phenomenon54 planet51)
20.915: (take_image satellite1 planet51 instrument3 image0)
20.967: (turn_to satellite1 phenomenon63 planet51)
20.997: (turn_to satellite2 star31 star24)
20.997: (turn_to satellite2 groundstation27 star24)
20.891: (turn_to satellite1 phenomenon54 planet51)
20.906: (turn_to satellite3 star8 groundstation33)
20.912: (take_image satellite1 planet51 instrument3 image0)
20.939: (turn_to satellite3 star0 groundstation33)
20.965: (turn_to satellite3 star31 groundstation33)
20.918: (turn_to satellite1 star61 planet51)
20.918: (turn_to satellite1 phenomenon54 planet51)
20.938: (take_image satellite1 planet51 instrument3 image0)
20.942: (turn_to satellite2 groundstation5 groundstation27)
20.948: (turn_to satellite2 star8 groundstation27)
20.940: (turn_to satellite3 star8 star31)
20.942: (turn_to satellite3 groundstation11 star31)
20.942: (turn_to satellite3 star10 star31)
20.948: (turn_to satellite3 groundstation27 star31)
20.948: (turn_to satellite1 phenomenon63 planet51)
20.915: (turn_to satellite3 groundstation33 star31)
20.940: (turn_to satellite3 star8 star31)
20.942: (turn_to satellite3 groundstation11 star31)
20.942: (turn_to satellite3 star10 star31)
20.942: (turn_to satellite2 groundstation5 star8)
20.875: (turn_to satellite3 star0 star31)
20.920: (turn_to satellite3 star9 star31)
20.933: (turn_to satellite3 groundstation5 star31)
20.942: (turn_to satellite3 groundstation27 star31)
20.959: (turn_to satellite3 star20 star31)
20.960: (turn_to satellite3 star37 star20)
20.960: (turn_to satellite3 star23 star20)
20.969: (turn_to satellite2 star23 groundstation5)
20.969: (turn_to satellite2 star37 groundstation5)
20.972: (turn_to satellite3 star25 star20)
20.951: (turn_to satellite2 groundstation33 groundstation5)
20.972: (turn_to satellite3 star24 star25)
20.974: (turn_to satellite3 groundstation11 star25)
20.977: (turn_to satellite3 star10 star25)
20.980: (turn_to satellite1 planet51 phenomenon63)
20.920: (turn_to satellite3 star9 star25)
20.942: (turn_to satellite3 groundstation27 star25)
20.951: (turn_to satellite2 groundstation33 groundstation5)
20.960: (turn_to satellite2 star0 groundstation5)
20.960: (turn_to satellite3 star37 star25)
20.960: (turn_to satellite3 star23 star37)
20.972: (turn_to satellite3 star24 star37)
20.975: (turn_to satellite3 star10 star37)
20.975: (turn_to satellite3 groundstation11 star37)
20.993: (turn_to satellite0 phenomenon63 star41)
19.884: (take_image satellite0 phenomenon63 instrument2 infrared4)
20.973: (turn_to satellite3 groundstation27 star37)
20.973: (turn_to satellite3 star31 star37)
20.987: (turn_to satellite3 star0 star37)
20.989: (turn_to satellite3 groundstation5 star37)
19.390: (turn_to satellite0 star41 phenomenon63)
19.437: (turn_to satellite0 star42 phenomenon63)
19.446: (turn_to satellite0 phenomenon49 phenomenon63)
19.446: (turn_to satellite0 planet48 phenomenon63)
19.458: (turn_to satellite0 phenomenon53 phenomenon63)
17.987: (take_image satellite0 phenomenon49 instrument2 infrared1)
17.989: (take_image satellite0 star42 instrument2 infrared1)
18.048: (take_image satellite0 planet48 instrument2 infrared1)
18.104: (take_image satellite0 phenomenon53 instrument2 infrared1)
19.333: (turn_to satellite1 star42 planet51)
17.483: (turn_to satellite0 star41 phenomenon49)
17.518: (turn_to satellite0 planet64 phenomenon49)
17.518: (turn_to satellite0 star62 phenomenon49)
17.519: (turn_to satellite0 phenomenon58 phenomenon49)
17.519: (turn_to satellite0 phenomenon57 phenomenon49)
16.632: (take_image satellite0 star62 instrument2 infrared1)
16.645: (take_image satellite0 planet64 instrument2 infrared1)
16.792: (take_image satellite0 phenomenon58 instrument2 infrared1)
16.825: (take_image satellite0 phenomenon57 instrument2 infrared1)
17.439: (turn_to satellite3 star24 star37)
16.184: (turn_to satellite0 star41 star62)
16.195: (turn_to satellite0 star41 phenomenon57)
16.198: (turn_to satellite0 star42 planet64)
16.201: (turn_to satellite0 phenomenon56 star62)
16.201: (turn_to satellite0 phenomenon57 star62)
15.328: (take_image satellite0 star42 instrument2 infrared1)
15.486: (take_image satellite0 phenomenon56 instrument2 infrared1)
15.543: (take_image satellite0 phenomenon57 instrument2 infrared1)
16.122: (turn_to satellite3 star24 star37)
16.122: (turn_to satellite3 star25 star37)
14.870: (turn_to satellite0 star41 star42)
14.878: (turn_to satellite0 star62 star42)
14.878: (turn_to satellite0 phenomenon58 star42)
14.878: (turn_to satellite0 phenomenon57 star42)
14.878: (turn_to satellite0 phenomenon56 star42)
14.171: (take_image satellite0 phenomenon58 instrument2 infrared1)
14.211: (take_image satellite0 star62 instrument2 infrared1)
14.326: (take_image satellite0 phenomenon57 instrument2 infrared1)
14.394: (take_image satellite0 phenomenon56 instrument2 infrared1)
14.800: (turn_to satellite3 star24 star37)
13.679: (turn_to satellite0 star41 phenomenon56)
13.705: (turn_to satellite0 phenomenon53 phenomenon57)
13.705: (turn_to satellite0 phenomenon56 phenomenon57)
13.705: (turn_to satellite0 phenomenon58 phenomenon57)
13.705: (turn_to satellite0 star62 phenomenon57)
13.024: (take_image satellite0 phenomenon56 instrument2 infrared1)
13.064: (take_image satellite0 phenomenon53 instrument2 infrared1)
13.166: (take_image satellite0 phenomenon58 instrument2 infrared1)
13.231: (take_image satellite0 star62 instrument2 infrared1)
13.457: (turn_to satellite3 star0 star37)
12.507: (turn_to satellite0 star41 star62)
12.542: (turn_to satellite0 star62 phenomenon58)
12.542: (turn_to satellite0 phenomenon56 phenomenon58)
12.542: (turn_to satellite0 planet48 phenomenon58)
12.542: (turn_to satellite0 phenomenon53 phenomenon58)
11.876: (take_image satellite0 phenomenon56 instrument2 infrared1)
11.912: (take_image satellite0 star62 instrument2 infrared1)
12.012: (take_image satellite0 planet48 instrument2 infrared1)
12.066: (take_image satellite0 phenomenon53 instrument2 infrared1)
12.172: (turn_to satellite3 star44 star37)
11.331: (turn_to satellite0 star41 phenomenon53)
11.379: (turn_to satellite0 star62 planet48)
11.379: (turn_to satellite0 phenomenon53 planet48)
11.379: (turn_to satellite0 phenomenon56 planet48)
11.391: (turn_to satellite0 star61 phenomenon53)
10.732: (take_image satellite0 phenomenon53 instrument2 infrared1)
10.767: (take_image satellite0 star62 instrument2 infrared1)
10.849: (take_image satellite0 phenomenon56 instrument2 infrared1)
10.924: (take_image satellite0 star61 instrument2 infrared4)
10.969: (turn_to satellite3 star44 star37)
10.151: (turn_to satellite0 phenomenon54 star61)
10.190: (turn_to satellite0 star41 star61)
10.217: (turn_to satellite0 phenomenon53 phenomenon56)
10.217: (turn_to satellite0 star62 phenomenon56)
10.235: (turn_to satellite0 star41 phenomenon56)
9.584: (take_image satellite0 phenomenon53 instrument2 infrared1)
9.614: (take_image satellite0 phenomenon54 instrument2 infrared4)
9.687: (take_image satellite0 star62 instrument2 infrared1)
9.792: (turn_to satellite3 star44 star37)
9.860: (turn_to satellite3 star44 star37)
9.068: (turn_to satellite0 phenomenon53 star62)
9.073: (turn_to satellite0 star41 star62)
9.083: (turn_to satellite0 star61 star62)
9.083: (turn_to satellite0 phenomenon54 star62)
9.100: (turn_to satellite0 star62 phenomenon53)
8.487: (take_image satellite0 phenomenon53 instrument2 infrared1)
8.534: (take_image satellite0 star61 instrument2 infrared4)
8.586: (take_image satellite0 phenomenon54 instrument2 infrared4)
8.655: (take_image satellite0 star62 instrument2 infrared1)
8.680: (turn_to satellite3 star44 star37)
7.851: (turn_to satellite0 star61 phenomenon54)
7.936: (turn_to satellite0 phenomenon53 phenomenon54)
7.938: (turn_to satellite0 star41 phenomenon54)
7.950: (turn_to satellite0 phenomenon53 star61)
7.962: (turn_to satellite0 star41 phenomenon53)
7.314: (take_image satellite0 star61 instrument2 infrared4)
7.333: (take_image satellite0 phenomenon53 instrument2 infrared1)
7.463: (take_image satellite0 phenomenon53 instrument2 infrared1)
7.553: (turn_to satellite3 star44 star37)
7.584: (turn_to satellite3 phenomenon54 star37)
6.685: (turn_to satellite0 phenomenon54 phenomenon53)
6.740: (turn_to satellite0 star61 phenomenon53)
6.744: (turn_to satellite0 phenomenon53 star61)
6.764: (turn_to satellite0 star41 star61)
6.820: (turn_to satellite0 star41 phenomenon53)
6.084: (take_image satellite0 phenomenon53 instrument2 infrared1)
6.126: (take_image satellite0 phenomenon54 instrument2 infrared4)
6.129: (take_image satellite0 star61 instrument2 infrared4)
6.296: (turn_to satellite3 star44 star37)
6.359: (turn_to satellite3 star9 star37)
5.585: (turn_to satellite0 star41 star61)
5.606: (turn_to satellite0 star41 phenomenon53)
5.630: (turn_to satellite0 star41 phenomenon54)
5.825: (turn_to satellite3 star44 star37)
5.838: (turn_to satellite3 planet50 star37)
5.333: (turn_to satellite3 star44 star37)
5.334: (turn_to satellite3 planet50 star37)
5.336: (turn_to satellite0 star41 star61)
5.353: (turn_to satellite3 star41 star37)
5.355: (turn_to satellite3 planet51 star37)
5.077: (turn_to satellite2 star41 groundstation5)
5.080: (turn_to satellite2 planet51 groundstation5)
5.132: (turn_to satellite2 star44 groundstation5)
5.148: (turn_to satellite2 planet50 groundstation5)
5.188: (turn_to satellite2 star41 groundstation5)
4.994: (turn_to satellite3 star44 star41)
5.001: (turn_to satellite2 star44 star41)
5.041: (turn_to satellite3 planet50 star41)
5.067: (switch_on instrument5 satellite2)
5.069: (turn_to satellite3 planet50 planet51)
4.995: (turn_to satellite3 star44 planet51)
4.997: (turn_to satellite3 planet50 planet51)
5.000: (switch_on instrument5 satellite2)
5.005: (turn_to satellite3 star44 planet50)
5.011: (turn_to satellite3 star41 planet51)
5.016: (take_image satellite1 planet51 instrument3 thermograph2)
5.018: (turn_to satellite2 star44 planet50)
5.038: (take_image satellite1 planet51 instrument3 infrared3)
5.041: (take_image satellite1 planet51 instrument3 image0)
5.044: (take_image satellite0 star41 instrument2 infrared3)
5.005: (turn_to satellite3 star44 star41)
5.022: (turn_to satellite2 star44 planet50)
5.022: (turn_to satellite3 planet50 star41)
5.062: (turn_to satellite2 star44 planet50)
5.066: (turn_to satellite3 planet50 star41)
5.024: (take_image satellite1 planet51 instrument3 thermograph2)
5.065: (take_image satellite0 star41 instrument2 infrared3)
5.066: (turn_to satellite3 star44 planet50)
5.077: (turn_to satellite3 star44 star41)
5.080: (take_image satellite0 star41 instrument2 infrared3)
5.049: (take_image satellite1 planet51 instrument3 thermograph2)
5.059: (turn_to satellite2 planet50 star44)
5.068: (take_image satellite0 star41 instrument2 infrared3)
5.078: (turn_to satellite2 star44 planet50)
5.079: (turn_to satellite3 star44 planet50)
5.018: (switch_on instrument7 satellite3)
5.062: (turn_to satellite3 planet51 star44)
5.080: (turn_to satellite3 star41 star44)
5.094: (take_image satellite0 star41 instrument2 infrared3)
5.103: (turn_to satellite2 planet50 star44)
4.975: (switch_on instrument7 satellite3)
5.052: (take_image satellite1 planet51 instrument3 thermograph2)
5.080: (turn_to satellite3 planet50 star44)
5.083: (turn_to satellite2 star44 planet50)
5.083: (turn_to satellite3 star41 star44)
5.088: (take_image satellite1 planet51 instrument3 thermograph2)
5.103: (turn_to satellite3 planet51 star41)
5.107: (take_image satellite1 planet51 instrument3 infrared3)
5.107: (take_image satellite1 planet51 instrument3 image0)
5.111: (turn_to satellite3 planet50 star41)
5.027: (switch_on instrument7 satellite3)
5.092: (take_image satellite1 planet51 instrument3 thermograph2)
5.097: (turn_to satellite3 planet50 star41)
5.116: (take_image satellite1 planet51 instrument3 infrared3)
5.118: (turn_to satellite3 star44 star41)
5.025: (switch_on instrument7 satellite3)
5.081: (switch_on instrument7 satellite3)
5.120: (take_image satellite1 planet51 instrument3 thermograph2)
5.121: (turn_to satellite2 star44 planet50)
5.133: (take_image satellite1 planet51 instrument3 thermograph2)
5.036: (switch_on instrument7 satellite3)
5.129: (turn_to satellite3 planet50 star44)
5.135: (take_image satellite1 planet51 instrument3 thermograph2)
5.149: (turn_to satellite2 star44 planet50)
5.153: (turn_to satellite3 star41 planet50)
5.194: (turn_to satellite3 planet51 star44)
5.207: (turn_to satellite3 planet51 star41)
5.209: (turn_to satellite3 star9 star44)
5.227: (turn_to satellite3 star61 star44)
5.228: (turn_to satellite3 phenomenon54 star44)
5.237: (turn_to satellite3 star8 star9)
5.238: (turn_to satellite3 groundstation5 star61)
5.245: (turn_to satellite3 groundstation36 star61)
5.245: (turn_to satellite3 groundstation32 star61)
5.245: (turn_to satellite3 groundstation15 star61)
5.246: (turn_to satellite3 star12 groundstation36)
5.246: (turn_to satellite3 groundstation6 groundstation36)
5.246: (turn_to satellite3 star1 groundstation36)
5.247: (turn_to satellite3 phenomenon63 groundstation36)
5.249: (turn_to satellite3 phenomenon52 groundstation36)
5.249: (turn_to satellite3 phenomenon40 star1)
5.254: (turn_to satellite3 phenomenon53 star1)
5.254: (turn_to satellite3 phenomenon49 star1)
5.254: (turn_to satellite3 planet48 star1)
5.254: (turn_to satellite3 star42 star1)
5.257: (switch_on instrument7 satellite3)
5.270: (turn_to satellite3 star62 phenomenon49)
5.271: (turn_to satellite3 planet64 phenomenon49)
5.271: (turn_to satellite3 phenomenon58 phenomenon49)
5.271: (turn_to satellite3 phenomenon56 phenomenon49)
5.199: (turn_to satellite3 planet50 star42)
5.254: (switch_on instrument7 satellite3)
5.271: (turn_to satellite3 phenomenon57 planet64)
5.272: (turn_to satellite3 phenomenon45 planet64)
5.272: (turn_to satellite3 phenomenon46 planet64)
5.275: (turn_to satellite3 planet47 phenomenon57)
5.275: (turn_to satellite3 planet43 phenomenon57)
5.297: (switch_on instrument7 satellite3)
5.302: (turn_to satellite3 star44 phenomenon56)
5.303: (turn_to satellite3 star60 phenomenon57)
5.242: (turn_to satellite3 planet64 star44)
5.253: (turn_to satellite3 phenomenon58 star44)
5.253: (turn_to satellite3 phenomenon57 star44)
5.253: (turn_to satellite3 phenomenon53 star44)
5.254: (turn_to satellite3 planet48 star44)
5.221: (turn_to satellite3 star62 planet48)
5.233: (turn_to satellite3 phenomenon49 planet48)
5.241: (turn_to satellite3 star62 phenomenon53)
5.252: (turn_to satellite3 phenomenon49 phenomenon53)
5.276: (turn_to satellite3 planet43 planet48)
5.302: (turn_to satellite3 star41 planet43)
5.304: (turn_to satellite3 star9 planet43)
5.305: (turn_to satellite3 star9 phenomenon49)
5.305: (turn_to satellite3 planet51 planet43)
5.309: (turn_to satellite3 planet47 planet43)
5.241: (turn_to satellite2 planet50 star44)
5.295: (turn_to satellite3 planet55 planet47)
5.299: (turn_to satellite3 star60 planet47)
5.299: (turn_to satellite3 phenomenon59 planet47)
5.306: (turn_to satellite3 phenomenon63 planet47)
5.224: (turn_to satellite2 planet50 star44)
5.267: (turn_to satellite2 planet50 star44)
5.303: (turn_to satellite3 phenomenon52 phenomenon63)
5.303: (turn_to satellite3 phenomenon40 phenomenon63)
5.305: (turn_to satellite3 phenomenon45 phenomenon63)
5.240: (turn_to satellite2 planet50 star44)
5.268: (turn_to satellite2 planet50 star44)
5.315: (turn_to satellite3 phenomenon54 phenomenon45)
5.315: (turn_to satellite3 star61 phenomenon45)
5.317: (turn_to satellite3 star61 phenomenon40)
5.239: (turn_to satellite2 planet50 star44)
5.334: (turn_to satellite2 planet50 star44)
5.348: (turn_to satellite3 groundstation36 star61)
5.348: (turn_to satellite3 groundstation32 star61)
5.348: (turn_to satellite3 groundstation15 star61)
5.275: (turn_to satellite2 planet50 star44)
5.301: (turn_to satellite2 planet50 star44)
5.333: (turn_to satellite3 star12 groundstation15)
5.333: (turn_to satellite3 groundstation6 groundstation15)
5.333: (turn_to satellite3 star1 groundstation15)
5.275: (turn_to satellite2 planet50 star44)
5.301: (turn_to satellite2 planet50 star44)
5.379: (turn_to satellite3 groundstation5 star12)
5.383: (turn_to satellite2 planet50 star44)
5.406: (turn_to satellite3 planet50 groundstation15)
5.195: (switch_off instrument5 satellite2)
5.219: (turn_to satellite3 star60 star12)
5.224: (turn_to satellite3 planet55 star12)
5.224: (turn_to satellite3 phenomenon46 star12)
5.240: (turn_to satellite3 star60 planet50)
5.241: (turn_to satellite3 planet43 phenomenon46)
5.264: (turn_to satellite3 phenomenon52 phenomenon46)
5.267: (turn_to satellite3 star41 phenomenon46)
5.273: (turn_to satellite3 planet51 phenomenon46)
5.275: (turn_to satellite3 groundstation36 phenomenon46)
5.154: (switch_off instrument7 satellite3)
5.271: (turn_to satellite3 star9 planet51)
5.301: (turn_to satellite3 planet64 groundstation36)
5.301: (turn_to satellite3 star42 groundstation36)
5.301: (turn_to satellite3 planet48 groundstation36)
5.291: (turn_to satellite3 phenomenon58 star42)
5.298: (turn_to satellite3 star62 star42)
5.301: (turn_to satellite3 phenomenon57 star42)
5.301: (turn_to satellite3 phenomenon58 planet48)
5.301: (turn_to satellite3 phenomenon57 planet48)
5.332: (switch_off instrument7 satellite3)
5.394: (turn_to satellite3 groundstation5 phenomenon57)
5.409: (turn_to satellite3 phenomenon53 phenomenon57)
5.409: (turn_to satellite3 phenomenon56 phenomenon57)
5.444: (turn_to satellite3 phenomenon49 phenomenon57)
5.332: (switch_off instrument7 satellite3)
5.334: (turn_to satellite3 groundstation5 phenomenon57)
5.336: (switch_off instrument7 satellite3)
5.354: (turn_to satellite3 star9 phenomenon57)
5.373: (turn_to satellite3 star8 phenomenon57)
5.198: (turn_to satellite3 groundstation36 star8)
5.198: (turn_to satellite3 groundstation32 star8)
5.198: (turn_to satellite3 groundstation6 star8)
5.198: (turn_to satellite3 star1 star8)
5.198: (turn_to satellite3 star12 star8)
5.254: (turn_to satellite3 star60 groundstation6)
5.254: (turn_to satellite3 phenomenon59 groundstation6)
5.254: (turn_to satellite3 planet55 groundstation6)
5.259: (turn_to satellite3 phenomenon63 groundstation6)
5.261: (turn_to satellite3 star61 groundstation6)
5.274: (turn_to satellite2 star44 planet50)
5.282: (turn_to satellite3 groundstation15 planet55)
5.282: (turn_to satellite3 groundstation33 star61)
5.285: (turn_to satellite3 groundstation33 phenomenon63)
5.286: (turn_to satellite3 phenomenon52 planet55)
5.274: (turn_to satellite3 phenomenon40 groundstation33)
5.275: (turn_to satellite3 phenomenon46 groundstation33)
5.275: (turn_to satellite3 phenomenon45 groundstation33)
5.276: (turn_to satellite3 star0 phenomenon52)
5.282: (turn_to satellite3 phenomenon54 groundstation33)
5.283: (turn_to satellite3 star19 star0)
5.284: (turn_to satellite3 star20 star0)
5.299: (turn_to satellite3 planet64 phenomenon45)
5.301: (turn_to satellite3 phenomenon58 phenomenon45)
5.301: (turn_to satellite3 star62 phenomenon45)
5.319: (turn_to satellite3 planet47 planet64)
5.319: (turn_to satellite3 planet43 planet64)
5.332: (turn_to satellite3 planet48 planet64)
5.332: (turn_to satellite3 star42 planet64)
5.332: (turn_to satellite3 phenomenon49 planet64)
5.308: (turn_to satellite3 phenomenon56 planet48)
5.371: (switch_off instrument5 satellite2)
5.386: (turn_to satellite3 phenomenon56 phenomenon49)
5.398: (turn_to satellite2 star41 planet50)
5.399: (turn_to satellite2 planet51 planet50)
5.313: (turn_to satellite3 planet51 planet48)
5.314: (turn_to satellite3 star41 planet48)
5.322: (switch_off instrument5 satellite2)
5.329: (turn_to satellite3 planet50 planet48)
5.339: (turn_to satellite3 star44 planet48)
5.178: (turn_to satellite3 planet51 planet48)
5.182: (turn_to satellite3 star41 planet48)
5.185: (switch_off instrument5 satellite2)
5.226: (turn_to satellite3 star44 planet48)
5.242: (switch_off instrument5 satellite2)
5.120: (turn_to satellite3 star41 star44)
5.175: (turn_to satellite2 planet50 planet51)
5.178: (turn_to satellite3 planet51 star44)
5.184: (turn_to satellite2 star41 planet51)
5.189: (turn_to satellite2 star44 planet51)
5.133: (turn_to satellite2 planet50 star44)
5.181: (turn_to satellite3 star41 star44)
5.182: (turn_to satellite3 planet51 star44)
5.193: (turn_to satellite2 star44 star41)
5.211: (turn_to satellite3 planet50 star44)
5.263: (turn_to satellite3 star9 planet50)
5.267: (switch_on instrument6 satellite2)
5.268: (switch_on instrument7 satellite3)
5.277: (turn_to satellite2 planet50 star44)
5.306: (switch_on instrument6 satellite2)
5.188: (turn_to satellite3 star41 planet51)
5.199: (turn_to satellite2 planet50 star44)
5.225: (turn_to satellite3 star44 planet51)
5.228: (switch_on instrument6 satellite2)
5.265: (turn_to satellite3 star41 planet51)
5.226: (turn_to satellite2 planet50 star44)
5.286: (turn_to satellite2 planet50 star44)
5.299: (turn_to satellite3 star9 star41)
5.322: (turn_to satellite3 phenomenon54 star44)
5.335: (turn_to satellite3 star9 star44)
5.327: (turn_to satellite3 phenomenon40 star9)
5.327: (turn_to satellite3 star42 star9)
5.328: (turn_to satellite3 star61 star9)
5.330: (turn_to satellite2 planet50 star44)
5.339: (switch_on instrument7 satellite3)
5.119: (turn_to satellite3 planet50 star9)
5.244: (switch_off instrument6 satellite2)
5.280: (turn_to satellite3 groundstation32 star9)
5.280: (turn_to satellite3 groundstation15 star9)
5.280: (turn_to satellite3 groundstation36 star9)
5.300: (turn_to satellite2 star41 planet50)
5.309: (turn_to satellite2 planet51 planet50)
5.323: (turn_to satellite3 star61 groundstation32)
5.328: (turn_to satellite2 star44 planet50)
5.330: (turn_to satellite3 phenomenon63 groundstation32)
5.319: (turn_to satellite2 groundstation5 star44)
5.323: (turn_to satellite3 star8 phenomenon63)
5.327: (turn_to satellite2 star9 star44)
5.339: (switch_on instrument5 satellite2)
5.341: (turn_to satellite3 phenomenon52 star61)
5.236: (turn_to satellite3 planet50 star44)
5.257: (turn_to satellite2 phenomenon58 planet51)
5.259: (turn_to satellite2 star62 planet51)
5.261: (turn_to satellite2 planet64 planet51)
5.263: (turn_to satellite2 phenomenon53 planet51)
5.244: (turn_to satellite2 phenomenon56 phenomenon53)
5.244: (turn_to satellite2 phenomenon49 phenomenon53)
5.244: (turn_to satellite2 planet48 phenomenon53)
5.244: (turn_to satellite2 phenomenon57 phenomenon53)
5.244: (turn_to satellite2 star42 phenomenon53)
5.264: (turn_to satellite2 star41 phenomenon57)
5.285: (turn_to satellite2 star41 planet48)
5.295: (turn_to satellite2 star41 star42)
5.303: (switch_off instrument7 satellite3)
5.305: (turn_to satellite2 planet43 star42)
5.327: (turn_to satellite2 star9 planet43)
5.352: (turn_to satellite2 star9 star41)
5.365: (turn_to satellite2 phenomenon46 planet43)
5.365: (turn_to satellite2 phenomenon45 planet43)
5.367: (turn_to satellite2 planet51 star42)
5.324: (turn_to satellite2 phenomenon58 planet51)
5.327: (turn_to satellite2 planet48 planet51)
5.327: (turn_to satellite2 phenomenon49 planet51)
5.327: (turn_to satellite2 phenomenon53 planet51)
5.329: (turn_to satellite2 phenomenon56 planet51)
5.294: (turn_to satellite3 planet50 star44)
5.310: (turn_to satellite3 planet50 star44)
5.321: (turn_to satellite3 star41 star44)
5.324: (turn_to satellite2 planet64 phenomenon56)
5.324: (turn_to satellite2 star62 phenomenon56)
5.294: (turn_to satellite3 planet50 star44)
5.310: (turn_to satellite3 planet50 star44)
5.311: (turn_to satellite2 planet51 phenomenon56)
5.321: (turn_to satellite3 star41 star44)
5.324: (turn_to satellite2 phenomenon57 star62)
5.294: (turn_to satellite3 planet50 star44)
5.299: (turn_to satellite3 planet51 star41)
5.321: (turn_to satellite3 star41 star44)
5.337: (turn_to satellite2 planet43 phenomenon57)
5.337: (turn_to satellite2 planet47 phenomenon57)
5.264: (turn_to satellite3 planet50 star44)
5.312: (turn_to satellite3 planet50 star44)
5.332: (switch_on instrument7 satellite3)
5.342: (turn_to satellite3 star41 star44)
5.366: (turn_to satellite2 phenomenon45 planet47)
5.288: (turn_to satellite3 planet50 star44)
5.348: (turn_to satellite2 planet48 planet47)
5.348: (turn_to satellite2 phenomenon49 planet47)
5.348: (turn_to satellite2 phenomenon53 planet47)
5.348: (turn_to satellite2 phenomenon58 planet47)
5.294: (turn_to satellite3 planet50 star41)
5.343: (turn_to satellite2 planet43 phenomenon58)
5.349: (turn_to satellite2 planet64 phenomenon58)
5.349: (turn_to satellite3 planet51 star41)
5.350: (turn_to satellite2 star42 phenomenon58)
5.294: (turn_to satellite3 planet50 star41)
5.349: (turn_to satellite3 planet51 star41)
5.352: (turn_to satellite2 star9 star42)
5.369: (turn_to satellite2 star60 star42)
5.369: (turn_to satellite2 phenomenon59 star42)
5.296: (turn_to satellite3 planet50 star41)
5.351: (turn_to satellite3 star44 star41)
5.358: (turn_to satellite3 planet50 star41)
5.363: (turn_to satellite3 star44 star41)
5.369: (turn_to satellite2 planet55 phenomenon59)
5.296: (turn_to satellite3 planet50 star41)
5.343: (turn_to satellite3 planet50 star44)
5.351: (turn_to satellite3 star44 star41)
5.370: (turn_to satellite2 phenomenon46 planet55)
5.370: (turn_to satellite2 phenomenon45 planet55)
5.360: (turn_to satellite3 planet50 star41)
5.382: (turn_to satellite3 star44 star41)
5.386: (turn_to satellite3 planet51 star44)
5.387: (turn_to satellite3 planet51 star41)
5.399: (turn_to satellite2 phenomenon54 planet55)
5.358: (turn_to satellite3 planet50 star44)
5.366: (turn_to satellite2 star60 phenomenon54)
5.374: (switch_on instrument7 satellite3)
5.376: (turn_to satellite2 planet48 phenomenon45)
5.376: (turn_to satellite2 star62 phenomenon45)
5.310: (turn_to satellite3 planet50 planet51)
5.354: (turn_to satellite2 planet47 star62)
5.354: (turn_to satellite2 planet43 star62)
5.362: (turn_to satellite3 planet50 star44)
5.368: (turn_to satellite2 planet64 star62)
5.227: (turn_to satellite2 star41 phenomenon54)
5.289: (turn_to satellite2 phenomenon45 phenomenon54)
5.289: (turn_to satellite2 phenomenon46 phenomenon54)
5.289: (turn_to satellite2 phenomenon59 phenomenon54)
5.289: (turn_to satellite2 planet55 phenomenon54)
5.290: (turn_to satellite2 star60 phenomenon59)
5.294: (turn_to satellite2 star60 planet55)
5.304: (turn_to satellite2 phenomenon63 phenomenon59)
5.312: (turn_to satellite3 star44 planet50)
5.314: (turn_to satellite2 star61 phenomenon59)
5.315: (turn_to satellite2 star9 star61)
5.323: (turn_to satellite2 planet47 star61)
5.323: (turn_to satellite2 planet43 star61)
5.351: (turn_to satellite2 star1 star61)
5.351: (turn_to satellite2 groundstation6 star61)
5.316: (turn_to satellite2 star62 groundstation6)
5.338: (switch_off instrument7 satellite3)
5.341: (turn_to satellite2 phenomenon58 groundstation6)
5.341: (turn_to satellite2 phenomenon57 groundstation6)
5.341: (turn_to satellite2 phenomenon56 groundstation6)
5.341: (turn_to satellite2 phenomenon53 phenomenon56)
5.341: (turn_to satellite2 phenomenon49 phenomenon56)
5.341: (turn_to satellite2 planet48 phenomenon56)
5.341: (turn_to satellite2 star42 phenomenon56)
5.349: (turn_to satellite2 planet64 phenomenon56)
5.351: (turn_to satellite2 groundstation36 star42)
5.351: (turn_to satellite2 groundstation32 star42)
5.351: (turn_to satellite2 groundstation15 star42)
5.351: (turn_to satellite2 star12 star42)
5.351: (turn_to satellite2 phenomenon40 star42)
5.328: (turn_to satellite3 star44 planet50)
5.343: (switch_off instrument7 satellite3)
5.351: (turn_to satellite2 phenomenon52 star12)
5.355: (turn_to satellite2 phenomenon52 phenomenon40)
5.360: (turn_to satellite3 star44 planet50)
5.320: (turn_to satellite2 phenomenon59 star12)
5.323: (turn_to satellite2 star60 star12)
5.343: (turn_to satellite2 phenomenon63 star12)
5.354: (turn_to satellite2 phenomenon52 star12)
5.360: (turn_to satellite2 star1 star12)
5.346: (turn_to satellite2 groundstation6 star1)
5.346: (turn_to satellite2 groundstation32 star1)
5.346: (turn_to satellite2 groundstation15 star1)
5.348: (turn_to satellite2 groundstation36 star1)
5.360: (turn_to satellite2 groundstation36 phenomenon52)
5.370: (turn_to satellite2 star61 groundstation36)
5.370: (turn_to satellite2 star61 groundstation15)
5.381: (turn_to satellite2 groundstation5 groundstation32)
5.389: (turn_to satellite2 star61 groundstation6)
5.391: (turn_to satellite2 groundstation5 groundstation15)
5.477: (turn_to satellite2 star0 groundstation5)
5.485: (turn_to satellite3 planet50 star44)
5.488: (switch_off instrument7 satellite3)
5.490: (switch_off instrument7 satellite3)
5.528: (switch_off instrument5 satellite2)
5.385: (turn_to satellite3 star41 star44)
5.404: (turn_to satellite3 planet51 star44)
5.411: (switch_off instrument5 satellite2)
5.421: (turn_to satellite2 star8 star61)
5.427: (switch_off instrument5 satellite2)
5.387: (turn_to satellite2 star9 star61)
5.414: (turn_to satellite3 planet50 star44)
5.416: (switch_off instrument5 satellite2)
5.423: (turn_to satellite3 planet51 star44)
5.423: (turn_to satellite2 star9 star61)
5.350: (turn_to satellite2 phenomenon49 star9)
5.350: (turn_to satellite2 phenomenon53 star9)
5.350: (turn_to satellite2 phenomenon56 star9)
5.350: (turn_to satellite2 phenomenon57 star9)
5.385: (turn_to satellite2 phenomenon40 groundstation5)
5.377: (turn_to satellite2 phenomenon46 phenomenon56)
5.408: (turn_to satellite2 star9 phenomenon40)
5.418: (turn_to satellite2 phenomenon46 phenomenon57)
5.418: (turn_to satellite2 phenomenon59 phenomenon57)
5.418: (turn_to satellite2 star60 phenomenon57)
5.400: (turn_to satellite2 phenomenon54 phenomenon59)
5.425: (turn_to satellite2 groundstation36 phenomenon59)
5.425: (turn_to satellite2 groundstation32 phenomenon59)
5.425: (turn_to satellite2 groundstation15 phenomenon59)
5.425: (turn_to satellite2 star12 phenomenon59)
5.337: (turn_to satellite3 planet50 planet51)
5.391: (turn_to satellite3 planet50 planet51)
5.400: (turn_to satellite3 star41 planet51)
5.402: (turn_to satellite3 star44 planet51)
5.404: (turn_to satellite3 star41 planet51)
5.399: (turn_to satellite2 phenomenon63 star12)
5.404: (turn_to satellite2 groundstation36 star12)
5.404: (turn_to satellite2 groundstation15 star12)
5.404: (turn_to satellite2 groundstation6 star12)
5.404: (turn_to satellite2 star1 star12)
5.337: (turn_to satellite3 planet50 star41)
5.402: (turn_to satellite3 star44 star41)
5.405: (turn_to satellite2 phenomenon52 star1)
5.405: (turn_to satellite2 phenomenon40 star1)
5.413: (switch_off instrument5 satellite2)
5.382: (turn_to satellite2 star9 groundstation6)
5.395: (switch_off instrument5 satellite2)
5.421: (turn_to satellite3 star44 star41)
5.431: (turn_to satellite2 phenomenon54 phenomenon52)
5.446: (turn_to satellite3 planet51 star41)
5.340: (turn_to satellite3 planet50 planet51)
5.381: (turn_to satellite3 star44 planet51)
5.404: (turn_to satellite2 phenomenon40 phenomenon52)
5.413: (switch_off instrument5 satellite2)
5.426: (switch_off instrument5 satellite2)
5.426: (turn_to satellite2 groundstation6 phenomenon40)
5.426: (turn_to satellite2 star1 phenomenon40)
5.459: (turn_to satellite2 phenomenon63 phenomenon40)
5.459: (turn_to satellite3 groundstation5 star41)
5.473: (turn_to satellite2 star41 phenomenon52)
5.300: (turn_to satellite2 phenomenon49 star41)
5.338: (turn_to satellite2 groundstation36 star41)
5.338: (turn_to satellite2 groundstation32 star41)
5.369: (turn_to satellite2 phenomenon63 star41)
5.389: (turn_to satellite2 planet50 phenomenon54)
5.304: (turn_to satellite3 star9 groundstation5)
5.305: (turn_to satellite3 star8 groundstation5)
5.379: (turn_to satellite3 phenomenon40 groundstation5)
5.379: (turn_to satellite3 phenomenon52 groundstation5)
5.379: (turn_to satellite3 planet43 groundstation5)
5.299: (turn_to satellite2 planet51 planet50)
5.301: (turn_to satellite2 star41 planet50)
5.357: (turn_to satellite3 groundstation36 phenomenon52)
5.361: (turn_to satellite3 star1 phenomenon52)
5.361: (turn_to satellite3 groundstation6 phenomenon52)
5.270: (turn_to satellite2 star41 planet50)
5.305: (turn_to satellite2 planet51 planet50)
5.309: (switch_on instrument6 satellite2)
5.336: (turn_to satellite2 star44 planet50)
5.371: (turn_to satellite3 planet64 groundstation36)
5.318: (turn_to satellite3 star8 groundstation36)
5.320: (turn_to satellite2 star44 planet50)
5.338: (turn_to satellite3 star60 star1)
5.338: (turn_to satellite3 phenomenon59 star1)
5.342: (turn_to satellite3 groundstation6 star1)
5.332: (turn_to satellite2 star44 planet50)
5.341: (turn_to satellite3 star12 star60)
5.345: (turn_to satellite3 phenomenon40 star60)
5.355: (turn_to satellite3 phenomenon54 star60)
5.367: (turn_to satellite3 planet47 star60)
5.348: (turn_to satellite3 groundstation33 phenomenon54)
5.358: (turn_to satellite3 planet43 phenomenon40)
5.362: (switch_on instrument7 satellite3)
5.364: (turn_to satellite3 phenomenon45 phenomenon40)
5.364: (turn_to satellite3 phenomenon46 phenomenon40)
5.406: (turn_to satellite2 star44 planet50)
5.430: (turn_to satellite3 planet50 planet47)
5.436: (turn_to satellite3 groundstation5 phenomenon45)
5.441: (switch_on instrument7 satellite3)
5.442: (turn_to satellite3 groundstation5 phenomenon46)
5.357: (turn_to satellite2 star44 planet50)
5.357: (turn_to satellite3 planet43 phenomenon46)
5.364: (turn_to satellite3 planet55 groundstation5)
5.389: (turn_to satellite3 star42 groundstation5)
5.389: (turn_to satellite3 planet48 groundstation5)
5.380: (turn_to satellite3 phenomenon56 planet55)
5.380: (turn_to satellite3 planet64 planet55)
5.380: (turn_to satellite3 star62 planet55)
5.380: (turn_to satellite3 phenomenon58 planet55)
5.380: (turn_to satellite3 phenomenon57 planet55)
5.351: (turn_to satellite2 star44 planet50)
5.371: (switch_off instrument6 satellite2)
5.397: (turn_to satellite3 phenomenon49 star62)
5.397: (turn_to satellite3 phenomenon53 star62)
5.415: (turn_to satellite2 star44 planet50)
5.328: (turn_to satellite2 star44 planet50)
5.371: (switch_off instrument6 satellite2)
5.381: (turn_to satellite3 groundstation33 planet64)
5.403: (turn_to satellite3 star8 planet64)
5.421: (switch_on instrument7 satellite3)
5.340: (turn_to satellite3 phenomenon52 groundstation33)
5.344: (turn_to satellite3 phenomenon63 groundstation33)
5.358: (turn_to satellite3 phenomenon53 groundstation33)
5.358: (turn_to satellite3 phenomenon56 groundstation33)
5.358: (turn_to satellite3 phenomenon57 groundstation33)
5.343: (turn_to satellite3 groundstation36 phenomenon53)
5.343: (turn_to satellite3 groundstation32 phenomenon53)
5.343: (turn_to satellite3 groundstation6 phenomenon53)
5.343: (turn_to satellite3 star12 phenomenon53)
5.343: (turn_to satellite3 groundstation15 phenomenon53)
5.353: (turn_to satellite3 planet48 groundstation6)
5.376: (switch_off instrument6 satellite2)
5.385: (turn_to satellite3 phenomenon58 groundstation6)
5.390: (turn_to satellite3 planet47 groundstation6)
5.393: (turn_to satellite3 phenomenon45 groundstation6)
5.372: (switch_off instrument6 satellite2)
5.393: (turn_to satellite3 phenomenon46 phenomenon58)
5.393: (turn_to satellite3 planet55 phenomenon58)
5.393: (turn_to satellite3 groundstation5 groundstation6)
5.413: (turn_to satellite3 star1 groundstation6)
5.369: (turn_to satellite3 star12 groundstation5)
5.369: (turn_to satellite3 groundstation15 groundstation5)
5.369: (turn_to satellite3 groundstation32 groundstation5)
5.384: (turn_to satellite3 star19 groundstation5)
5.388: (turn_to satellite3 groundstation33 star1)
5.270: (turn_to satellite2 star41 star44)
5.305: (turn_to satellite2 planet51 star44)
5.338: (turn_to satellite3 phenomenon54 groundstation32)
5.341: (turn_to satellite2 planet51 star44)
5.353: (turn_to satellite3 phenomenon63 groundstation32)
5.269: (turn_to satellite3 star8 groundstation33)
5.281: (turn_to satellite2 star41 star44)
5.285: (turn_to satellite3 star9 groundstation33)
5.319: (turn_to satellite2 planet51 star44)
5.327: (turn_to satellite3 groundstation15 groundstation33)
5.281: (turn_to satellite2 star41 planet51)
5.296: (turn_to satellite3 planet64 star9)
5.299: (turn_to satellite3 star42 star9)
5.299: (turn_to satellite3 star62 star9)
5.299: (turn_to satellite3 phenomenon58 star9)
5.291: (turn_to satellite2 star41 planet51)
5.294: (turn_to satellite3 phenomenon56 star42)
5.294: (turn_to satellite3 phenomenon53 star42)
5.295: (turn_to satellite3 phenomenon49 star42)
5.300: (turn_to satellite3 phenomenon52 star42)
5.291: (turn_to satellite2 star41 planet51)
5.298: (turn_to satellite3 phenomenon57 phenomenon53)
5.301: (turn_to satellite3 star12 phenomenon53)
5.305: (turn_to satellite3 star1 phenomenon53)
5.305: (turn_to satellite3 groundstation6 phenomenon53)
5.270: (turn_to satellite2 star41 planet51)
5.329: (turn_to satellite3 planet43 star12)
5.329: (turn_to satellite3 planet47 star12)
5.334: (turn_to satellite3 phenomenon63 star12)
5.340: (turn_to satellite3 planet55 star12)
5.316: (turn_to satellite2 star41 planet51)
5.331: (turn_to satellite2 star44 planet51)
5.341: (turn_to satellite3 phenomenon45 planet47)
5.341: (turn_to satellite3 phenomenon46 planet47)
5.351: (turn_to satellite3 groundstation5 planet47)
5.263: (turn_to satellite2 star41 planet51)
5.345: (turn_to satellite2 star44 planet51)
5.351: (turn_to satellite3 star61 phenomenon45)
5.375: (turn_to satellite3 star60 phenomenon45)
5.375: (turn_to satellite3 phenomenon59 phenomenon45)
5.305: (turn_to satellite2 star41 planet51)
5.340: (turn_to satellite2 star44 planet51)
5.407: (turn_to satellite2 planet50 planet51)
5.411: (turn_to satellite2 planet50 planet51)
5.423: (turn_to satellite3 star61 phenomenon45)
5.263: (turn_to satellite2 star41 planet50)
5.345: (turn_to satellite2 star44 planet50)
5.356: (turn_to satellite3 star12 star61)
5.356: (turn_to satellite3 groundstation15 star61)
5.356: (turn_to satellite3 groundstation32 star61)
5.337: (switch_on instrument5 satellite2)
5.371: (turn_to satellite3 phenomenon58 star12)
5.392: (turn_to satellite3 planet48 star12)
5.392: (turn_to satellite3 phenomenon53 star12)
5.392: (turn_to satellite3 phenomenon56 star12)
5.287: (turn_to satellite2 star41 planet50)
5.344: (turn_to satellite2 star44 planet50)
5.376: (turn_to satellite3 groundstation33 phenomenon59)
5.382: (turn_to satellite3 phenomenon57 planet48)
5.394: (turn_to satellite3 phenomenon63 planet48)
5.353: (turn_to satellite3 star0 groundstation33)
5.360: (turn_to satellite3 star10 groundstation33)
5.360: (turn_to satellite3 groundstation11 groundstation33)
5.396: (turn_to satellite3 groundstation27 groundstation33)
5.398: (turn_to satellite3 star31 groundstation33)
5.357: (turn_to satellite3 star19 star10)
5.386: (turn_to satellite3 star20 groundstation27)
5.391: (turn_to satellite3 star20 star31)
5.404: (turn_to satellite3 star19 star0)
5.418: (turn_to satellite3 star20 groundstation11)
5.510: (turn_to satellite3 star23 star20)
5.510: (turn_to satellite3 star37 star20)
5.516: (turn_to satellite3 star26 star20)
5.529: (turn_to satellite3 star37 star19)
5.529: (turn_to satellite3 star23 star19)
5.461: (turn_to satellite3 star38 star26)
5.479: (turn_to satellite3 star24 star26)
5.479: (turn_to satellite3 star25 star26)
5.502: (turn_to satellite3 star2 star26)
5.502: (turn_to satellite3 groundstation22 star26)
5.517: (turn_to satellite3 groundstation17 star25)
5.517: (turn_to satellite3 groundstation7 star25)
5.517: (turn_to satellite3 star14 star25)
5.549: (turn_to satellite2 planet50 star44)
5.551: (turn_to satellite3 groundstation4 star25)
5.360: (turn_to satellite3 groundstation11 star25)
5.360: (turn_to satellite3 star10 star25)
5.404: (turn_to satellite3 star26 star25)
5.408: (turn_to satellite3 star37 star25)
5.408: (turn_to satellite3 star23 star25)
5.434: (turn_to satellite3 star31 star37)
5.434: (turn_to satellite3 groundstation27 star37)
5.455: (turn_to satellite3 star24 star37)
5.463: (turn_to satellite3 star38 star37)
5.496: (turn_to satellite3 groundstation7 star37)
5.496: (turn_to satellite3 groundstation17 star38)
5.496: (turn_to satellite3 star14 star38)
5.505: (turn_to satellite3 groundstation22 star38)
5.505: (turn_to satellite3 star2 star38)
5.537: (turn_to satellite3 groundstation4 star38)
5.643: (turn_to satellite3 star30 groundstation22)
5.643: (turn_to satellite3 groundstation18 groundstation22)
5.643: (turn_to satellite3 groundstation29 groundstation22)
5.643: (turn_to satellite3 groundstation28 groundstation22)
5.698: (switch_off instrument5 satellite2)
5.427: (turn_to satellite3 planet47 star2)
5.438: (turn_to satellite3 groundstation33 star2)
5.445: (turn_to satellite3 star60 star2)
5.447: (turn_to satellite3 planet55 star2)
5.449: (turn_to satellite3 star19 star2)
5.263: (turn_to satellite2 star41 planet50)
5.345: (turn_to satellite2 star44 planet50)
5.411: (turn_to satellite3 phenomenon54 star60)
5.430: (turn_to satellite3 phenomenon45 star60)
5.430: (turn_to satellite3 phenomenon46 star60)
5.435: (turn_to satellite3 phenomenon40 star60)
5.435: (turn_to satellite3 phenomenon52 star60)
5.435: (turn_to satellite3 groundstation5 star60)
5.441: (turn_to satellite3 planet43 star60)
5.455: (turn_to satellite3 phenomenon53 star60)
5.263: (turn_to satellite3 phenomenon46 groundstation5)
5.289: (turn_to satellite3 planet55 groundstation5)
5.303: (turn_to satellite3 phenomenon52 groundstation5)
5.307: (turn_to satellite3 planet64 groundstation5)
5.307: (turn_to satellite3 star62 groundstation5)
5.291: (turn_to satellite3 phenomenon49 phenomenon52)
5.307: (turn_to satellite3 phenomenon57 phenomenon52)
5.307: (turn_to satellite3 phenomenon58 phenomenon52)
5.307: (turn_to satellite3 phenomenon56 phenomenon52)
5.316: (turn_to satellite3 planet43 phenomenon52)
5.296: (turn_to satellite3 groundstation15 phenomenon58)
5.297: (turn_to satellite3 groundstation6 phenomenon58)
5.297: (turn_to satellite3 star1 phenomenon58)
5.336: (turn_to satellite3 phenomenon63 phenomenon58)
5.340: (turn_to satellite3 star8 planet43)
5.357: (turn_to satellite3 groundstation33 star8)
5.371: (turn_to satellite3 groundstation33 phenomenon63)
5.417: (turn_to satellite3 groundstation33 star1)
5.432: (turn_to satellite3 star0 star1)
5.432: (switch_on instrument5 satellite2)
5.392: (turn_to satellite3 phenomenon56 phenomenon63)
5.392: (turn_to satellite3 phenomenon57 phenomenon63)
5.394: (turn_to satellite3 phenomenon49 phenomenon63)
5.394: (turn_to satellite3 phenomenon53 phenomenon63)
5.394: (turn_to satellite3 star42 phenomenon63)
5.396: (turn_to satellite3 phenomenon52 phenomenon49)
5.396: (turn_to satellite3 phenomenon58 phenomenon49)
5.396: (turn_to satellite3 star62 phenomenon49)
5.396: (turn_to satellite3 planet64 phenomenon49)
5.397: (turn_to satellite3 phenomenon40 phenomenon49)
5.397: (turn_to satellite3 star9 star62)
5.401: (turn_to satellite3 star9 planet64)
5.402: (turn_to satellite3 star1 star62)
5.402: (turn_to satellite3 groundstation6 star62)
5.402: (turn_to satellite3 star12 star62)
5.403: (turn_to satellite3 groundstation15 groundstation6)
5.403: (turn_to satellite3 groundstation32 groundstation6)
5.403: (turn_to satellite3 groundstation36 groundstation6)
5.406: (turn_to satellite2 planet51 star41)
5.410: (turn_to satellite3 groundstation5 groundstation6)
5.397: (turn_to satellite3 star9 groundstation6)
5.406: (turn_to satellite2 planet51 star41)
5.413: (turn_to satellite3 phenomenon46 groundstation36)
5.413: (turn_to satellite3 phenomenon45 groundstation36)
5.417: (turn_to satellite3 planet55 groundstation36)
5.389: (turn_to satellite1 star44 planet51)
5.417: (turn_to satellite3 phenomenon59 phenomenon46)
5.417: (turn_to satellite3 star60 phenomenon46)
5.418: (turn_to satellite3 phenomenon54 phenomenon46)
5.418: (turn_to satellite3 star61 phenomenon46)
5.350: (take_image satellite1 star44 instrument3 infrared3)
5.387: (take_image satellite1 star44 instrument3 image0)
5.391: (take_image satellite1 star44 instrument3 thermograph2)
5.406: (turn_to satellite3 star8 phenomenon54)
5.425: (turn_to satellite3 planet43 star60)
4.622: (turn_to satellite1 planet51 star44)
4.810: (turn_to satellite1 star41 star44)
4.933: (turn_to satellite1 phenomenon59 star44)
4.933: (turn_to satellite1 star60 star44)
4.937: (turn_to satellite1 star61 star44)
4.257: (take_image satellite1 star41 instrument3 thermograph2)
4.520: (turn_to satellite2 planet50 planet51)
4.601: (turn_to satellite0 planet51 star41)
4.632: (switch_off instrument5 satellite2)
4.636: (turn_to satellite2 star60 planet51)
3.655: (take_image satellite0 planet51 instrument2 infrared4)
3.662: (turn_to satellite1 star44 star41)
3.897: (turn_to satellite1 planet51 star41)
4.015: (take_image satellite1 star41 instrument3 thermograph2)
4.026: (turn_to satellite0 planet51 star41)
3.032: (take_image satellite0 planet51 instrument2 infrared4)
3.072: (take_image satellite1 star41 instrument3 thermograph2)
3.331: (turn_to satellite0 planet51 star41)
3.437: (turn_to satellite0 planet50 planet51)
3.447: (turn_to satellite1 star44 star41)
2.311: (take_image satellite0 planet51 instrument2 infrared4)
2.399: (turn_to satellite1 star44 star41)
2.572: (take_image satellite0 planet50 instrument2 infrared1)
2.816: (take_image satellite1 star41 instrument3 thermograph2)
2.891: (turn_to satellite0 planet50 planet51)
2.073: (take_image satellite1 star41 instrument3 thermograph2)
2.099: (take_image satellite0 planet50 instrument2 infrared1)
2.224: (turn_to satellite1 star44 star41)
2.269: (turn_to satellite2 planet50 planet51)
2.318: (turn_to satellite0 planet50 planet51)
1.490: (turn_to satellite1 star44 star41)
[Final] Expanded: 1481, Generated: 400770
Found a solution of length 308!
   1: (switch_on instrument2 satellite0)
   2: (turn_to satellite0 groundstation5 groundstation36)
   3: (calibrate satellite0 instrument2 groundstation5)
   4: (switch_on instrument3 satellite1)
   5: (turn_to satellite1 groundstation33 phenomenon49)
   6: (calibrate satellite1 instrument3 groundstation33)
   7: (turn_to satellite0 star41 groundstation5)
   8: (turn_to satellite1 planet55 groundstation33)
   9: (take_image satellite1 planet55 instrument3 thermograph2)
  10: (turn_to satellite1 phenomenon52 planet55)
  11: (take_image satellite1 phenomenon52 instrument3 image0)
  12: (turn_to satellite1 phenomenon40 phenomenon52)
  13: (take_image satellite1 phenomenon40 instrument3 image0)
  14: (turn_to satellite1 planet47 phenomenon40)
  15: (take_image satellite1 planet47 instrument3 infrared3)
  16: (turn_to satellite1 planet43 planet47)
  17: (take_image satellite1 planet43 instrument3 infrared3)
  18: (turn_to satellite1 phenomenon46 planet43)
  19: (take_image satellite1 phenomenon46 instrument3 thermograph2)
  20: (turn_to satellite1 phenomenon59 phenomenon46)
  21: (take_image satellite1 phenomenon59 instrument3 thermograph2)
  22: (turn_to satellite1 star60 phenomenon59)
  23: (take_image satellite1 star60 instrument3 thermograph2)
  24: (turn_to satellite1 phenomenon45 star60)
  25: (take_image satellite1 phenomenon45 instrument3 thermograph2)
  26: (turn_to satellite1 star61 phenomenon45)
  27: (turn_to satellite2 groundstation5 groundstation17)
  28: (turn_to satellite3 star20 groundstation28)
  29: (turn_to satellite3 star31 star20)
  30: (turn_to satellite2 star8 groundstation5)
  31: (turn_to satellite1 phenomenon63 star61)
  32: (turn_to satellite3 star8 star31)
  33: (turn_to satellite2 star37 star8)
  34: (turn_to satellite1 phenomenon54 phenomenon63)
  35: (turn_to satellite3 groundstation5 star8)
  36: (turn_to satellite1 star61 phenomenon54)
  37: (turn_to satellite2 star9 star37)
  38: (turn_to satellite2 star20 star9)
  39: (turn_to satellite1 phenomenon54 star61)
  40: (turn_to satellite2 groundstation27 star20)
  41: (take_image satellite0 star41 instrument2 infrared4)
  42: (turn_to satellite2 star20 groundstation27)
  43: (take_image satellite0 star41 instrument2 infrared1)
  44: (turn_to satellite3 star37 groundstation5)
  45: (turn_to satellite2 star9 star20)
  46: (turn_to satellite3 star23 star37)
  47: (turn_to satellite2 star37 star9)
  48: (turn_to satellite3 star8 star23)
  49: (turn_to satellite2 star23 star37)
  50: (turn_to satellite3 star37 star8)
  51: (turn_to satellite1 star61 phenomenon54)
  52: (turn_to satellite3 groundstation33 star37)
  53: (turn_to satellite2 groundstation33 star23)
  54: (turn_to satellite1 planet51 star61)
  55: (turn_to satellite2 star24 groundstation33)
  56: (turn_to satellite3 star20 groundstation33)
  57: (turn_to satellite1 star61 planet51)
  58: (turn_to satellite3 star0 star20)
  59: (turn_to satellite2 star25 star24)
  60: (turn_to satellite2 groundstation28 star25)
  61: (turn_to satellite1 phenomenon54 star61)
  62: (take_image satellite1 phenomenon54 instrument3 image0)
  63: (turn_to satellite2 star23 groundstation28)
  64: (turn_to satellite2 star24 star23)
  65: (turn_to satellite2 groundstation29 star24)
  66: (turn_to satellite3 groundstation33 star0)
  67: (turn_to satellite2 groundstation27 groundstation29)
  68: (turn_to satellite2 groundstation11 groundstation27)
  69: (turn_to satellite2 star30 groundstation11)
  70: (turn_to satellite2 groundstation17 star30)
  71: (turn_to satellite3 groundstation7 groundstation33)
  72: (turn_to satellite3 star9 groundstation7)
  73: (turn_to satellite2 groundstation11 groundstation17)
  74: (turn_to satellite2 star31 groundstation11)
  75: (turn_to satellite1 planet51 phenomenon54)
  76: (turn_to satellite2 groundstation5 star31)
  77: (turn_to satellite3 star0 star9)
  78: (turn_to satellite3 groundstation5 star0)
  79: (turn_to satellite3 groundstation27 groundstation5)
  80: (turn_to satellite1 star61 planet51)
  81: (turn_to satellite2 star8 groundstation5)
  82: (turn_to satellite3 star10 groundstation27)
  83: (turn_to satellite1 planet51 star61)
  84: (turn_to satellite3 star8 star10)
  85: (turn_to satellite2 star0 star8)
  86: (turn_to satellite1 star61 planet51)
  87: (turn_to satellite2 groundstation33 star0)
  88: (take_image satellite1 star61 instrument3 image0)
  89: (turn_to satellite2 star9 groundstation33)
  90: (turn_to satellite3 star26 star8)
  91: (turn_to satellite3 star9 star26)
  92: (turn_to satellite2 star31 star9)
  93: (turn_to satellite1 phenomenon54 star61)
  94: (turn_to satellite2 star8 star31)
  95: (turn_to satellite2 star26 star8)
  96: (turn_to satellite2 star23 star26)
  97: (turn_to satellite1 star61 phenomenon54)
  98: (turn_to satellite2 star37 star23)
  99: (turn_to satellite3 groundstation5 star9)
 100: (turn_to satellite2 star31 star37)
 101: (turn_to satellite2 star23 star31)
 102: (turn_to satellite3 star37 groundstation5)
 103: (turn_to satellite2 star0 star23)
 104: (turn_to satellite3 groundstation11 star37)
 105: (turn_to satellite3 groundstation18 groundstation11)
 106: (turn_to satellite2 star9 star0)
 107: (turn_to satellite3 groundstation11 groundstation18)
 108: (turn_to satellite3 star30 groundstation11)
 109: (turn_to satellite3 phenomenon54 star30)
 110: (turn_to satellite3 groundstation17 phenomenon54)
 111: (turn_to satellite3 star0 groundstation17)
 112: (turn_to satellite2 groundstation18 star9)
 113: (turn_to satellite2 star24 groundstation18)
 114: (turn_to satellite2 star8 star24)
 115: (turn_to satellite2 star14 star8)
 116: (turn_to satellite2 star38 star14)
 117: (turn_to satellite3 groundstation33 star0)
 118: (turn_to satellite2 star30 star38)
 119: (turn_to satellite2 groundstation18 star30)
 120: (turn_to satellite1 planet51 star61)
 121: (turn_to satellite2 star37 groundstation18)
 122: (turn_to satellite2 star24 star37)
 123: (turn_to satellite2 groundstation27 star24)
 124: (turn_to satellite3 star31 groundstation33)
 125: (turn_to satellite2 star8 groundstation27)
 126: (turn_to satellite1 phenomenon63 planet51)
 127: (turn_to satellite2 groundstation5 star8)
 128: (turn_to satellite3 star20 star31)
 129: (turn_to satellite3 star25 star20)
 130: (turn_to satellite1 planet51 phenomenon63)
 131: (turn_to satellite3 star37 star25)
 132: (turn_to satellite0 phenomenon63 star41)
 133: (take_image satellite0 phenomenon63 instrument2 infrared4)
 134: (turn_to satellite0 phenomenon49 phenomenon63)
 135: (take_image satellite0 phenomenon49 instrument2 infrared1)
 136: (turn_to satellite0 planet64 phenomenon49)
 137: (take_image satellite0 planet64 instrument2 infrared1)
 138: (turn_to satellite0 star42 planet64)
 139: (take_image satellite0 star42 instrument2 infrared1)
 140: (turn_to satellite0 phenomenon57 star42)
 141: (take_image satellite0 phenomenon57 instrument2 infrared1)
 142: (turn_to satellite0 phenomenon58 phenomenon57)
 143: (take_image satellite0 phenomenon58 instrument2 infrared1)
 144: (turn_to satellite0 planet48 phenomenon58)
 145: (take_image satellite0 planet48 instrument2 infrared1)
 146: (turn_to satellite0 phenomenon56 planet48)
 147: (take_image satellite0 phenomenon56 instrument2 infrared1)
 148: (turn_to satellite0 star62 phenomenon56)
 149: (take_image satellite0 star62 instrument2 infrared1)
 150: (turn_to satellite0 phenomenon54 star62)
 151: (take_image satellite0 phenomenon54 instrument2 infrared4)
 152: (turn_to satellite0 phenomenon53 phenomenon54)
 153: (take_image satellite0 phenomenon53 instrument2 infrared1)
 154: (turn_to satellite0 star61 phenomenon53)
 155: (take_image satellite0 star61 instrument2 infrared4)
 156: (turn_to satellite0 star41 star61)
 157: (turn_to satellite3 planet51 star37)
 158: (turn_to satellite2 planet50 groundstation5)
 159: (switch_on instrument5 satellite2)
 160: (turn_to satellite3 star41 planet51)
 161: (take_image satellite1 planet51 instrument3 infrared3)
 162: (turn_to satellite2 star44 planet50)
 163: (turn_to satellite3 star44 star41)
 164: (take_image satellite0 star41 instrument2 infrared3)
 165: (turn_to satellite2 planet50 star44)
 166: (turn_to satellite3 star41 star44)
 167: (take_image satellite1 planet51 instrument3 image0)
 168: (turn_to satellite3 star44 star41)
 169: (turn_to satellite2 star44 planet50)
 170: (take_image satellite1 planet51 instrument3 thermograph2)
 171: (turn_to satellite3 star61 star44)
 172: (turn_to satellite3 groundstation36 star61)
 173: (turn_to satellite3 star1 groundstation36)
 174: (turn_to satellite3 phenomenon49 star1)
 175: (turn_to satellite3 phenomenon56 phenomenon49)
 176: (switch_on instrument7 satellite3)
 177: (turn_to satellite3 star44 phenomenon56)
 178: (turn_to satellite3 planet48 star44)
 179: (turn_to satellite3 planet43 planet48)
 180: (turn_to satellite3 planet47 planet43)
 181: (turn_to satellite3 phenomenon63 planet47)
 182: (turn_to satellite3 phenomenon45 phenomenon63)
 183: (turn_to satellite3 star61 phenomenon45)
 184: (turn_to satellite3 groundstation15 star61)
 185: (turn_to satellite3 star12 groundstation15)
 186: (turn_to satellite2 planet50 star44)
 187: (turn_to satellite3 phenomenon46 star12)
 188: (turn_to satellite3 groundstation36 phenomenon46)
 189: (turn_to satellite3 star42 groundstation36)
 190: (turn_to satellite3 phenomenon57 star42)
 191: (switch_off instrument7 satellite3)
 192: (turn_to satellite3 star8 phenomenon57)
 193: (turn_to satellite3 groundstation6 star8)
 194: (turn_to satellite3 star61 groundstation6)
 195: (turn_to satellite3 groundstation33 star61)
 196: (turn_to satellite3 phenomenon45 groundstation33)
 197: (turn_to satellite3 planet64 phenomenon45)
 198: (turn_to satellite3 planet48 planet64)
 199: (turn_to satellite2 planet51 planet50)
 200: (switch_off instrument5 satellite2)
 201: (turn_to satellite3 star44 planet48)
 202: (turn_to satellite2 star44 planet51)
 203: (turn_to satellite3 planet51 star44)
 204: (switch_on instrument6 satellite2)
 205: (turn_to satellite3 star44 planet51)
 206: (turn_to satellite2 planet50 star44)
 207: (switch_on instrument7 satellite3)
 208: (switch_off instrument6 satellite2)
 209: (turn_to satellite2 planet51 planet50)
 210: (switch_on instrument5 satellite2)
 211: (turn_to satellite2 phenomenon53 planet51)
 212: (turn_to satellite2 star42 phenomenon53)
 213: (switch_off instrument7 satellite3)
 214: (turn_to satellite2 planet51 star42)
 215: (turn_to satellite2 phenomenon56 planet51)
 216: (turn_to satellite2 star62 phenomenon56)
 217: (turn_to satellite2 phenomenon57 star62)
 218: (turn_to satellite2 planet47 phenomenon57)
 219: (turn_to satellite3 star41 star44)
 220: (turn_to satellite2 phenomenon58 planet47)
 221: (turn_to satellite2 star42 phenomenon58)
 222: (turn_to satellite2 phenomenon59 star42)
 223: (turn_to satellite2 planet55 phenomenon59)
 224: (turn_to satellite3 star44 star41)
 225: (turn_to satellite2 phenomenon54 planet55)
 226: (switch_on instrument7 satellite3)
 227: (turn_to satellite3 planet50 star44)
 228: (turn_to satellite2 phenomenon59 phenomenon54)
 229: (turn_to satellite2 star61 phenomenon59)
 230: (turn_to satellite2 groundstation6 star61)
 231: (turn_to satellite2 phenomenon56 groundstation6)
 232: (turn_to satellite2 star42 phenomenon56)
 233: (turn_to satellite2 star12 star42)
 234: (turn_to satellite3 star44 planet50)
 235: (turn_to satellite2 star1 star12)
 236: (turn_to satellite2 groundstation36 star1)
 237: (turn_to satellite2 star61 groundstation36)
 238: (switch_off instrument7 satellite3)
 239: (turn_to satellite3 planet51 star44)
 240: (turn_to satellite2 star9 star61)
 241: (turn_to satellite2 phenomenon57 star9)
 242: (turn_to satellite2 phenomenon59 phenomenon57)
 243: (turn_to satellite2 star12 phenomenon59)
 244: (turn_to satellite3 star41 planet51)
 245: (turn_to satellite2 star1 star12)
 246: (turn_to satellite2 phenomenon52 star1)
 247: (turn_to satellite2 phenomenon54 phenomenon52)
 248: (switch_off instrument5 satellite2)
 249: (turn_to satellite3 groundstation5 star41)
 250: (turn_to satellite2 planet50 phenomenon54)
 251: (turn_to satellite3 phenomenon52 groundstation5)
 252: (turn_to satellite3 star1 phenomenon52)
 253: (switch_on instrument6 satellite2)
 254: (turn_to satellite3 star60 star1)
 255: (turn_to satellite3 phenomenon40 star60)
 256: (turn_to satellite3 phenomenon45 phenomenon40)
 257: (turn_to satellite3 groundstation5 phenomenon45)
 258: (turn_to satellite3 planet55 groundstation5)
 259: (turn_to satellite3 planet64 planet55)
 260: (turn_to satellite2 star44 planet50)
 261: (turn_to satellite3 groundstation33 planet64)
 262: (turn_to satellite3 phenomenon53 groundstation33)
 263: (turn_to satellite3 groundstation6 phenomenon53)
 264: (switch_off instrument6 satellite2)
 265: (turn_to satellite3 star1 groundstation6)
 266: (turn_to satellite3 groundstation33 star1)
 267: (turn_to satellite2 planet51 star44)
 268: (turn_to satellite3 star9 groundstation33)
 269: (turn_to satellite3 star42 star9)
 270: (turn_to satellite3 phenomenon53 star42)
 271: (turn_to satellite3 star12 phenomenon53)
 272: (turn_to satellite3 planet47 star12)
 273: (turn_to satellite3 phenomenon45 planet47)
 274: (turn_to satellite3 phenomenon59 phenomenon45)
 275: (turn_to satellite2 planet50 planet51)
 276: (turn_to satellite2 star44 planet50)
 277: (switch_on instrument5 satellite2)
 278: (turn_to satellite3 groundstation33 phenomenon59)
 279: (turn_to satellite3 groundstation27 groundstation33)
 280: (turn_to satellite3 star20 groundstation27)
 281: (turn_to satellite3 star26 star20)
 282: (turn_to satellite3 star25 star26)
 283: (turn_to satellite2 planet50 star44)
 284: (turn_to satellite3 star37 star25)
 285: (turn_to satellite3 star38 star37)
 286: (turn_to satellite3 star2 star38)
 287: (switch_off instrument5 satellite2)
 288: (turn_to satellite3 star60 star2)
 289: (turn_to satellite2 star41 planet50)
 290: (turn_to satellite3 groundstation5 star60)
 291: (turn_to satellite3 phenomenon52 groundstation5)
 292: (turn_to satellite3 phenomenon58 phenomenon52)
 293: (turn_to satellite3 phenomenon63 phenomenon58)
 294: (switch_on instrument5 satellite2)
 295: (turn_to satellite3 phenomenon49 phenomenon63)
 296: (turn_to satellite3 star62 phenomenon49)
 297: (turn_to satellite3 groundstation6 star62)
 298: (turn_to satellite2 planet51 star41)
 299: (turn_to satellite3 star9 groundstation6)
 300: (turn_to satellite1 star44 planet51)
 301: (take_image satellite1 star44 instrument3 infrared3)
 302: (turn_to satellite1 star41 star44)
 303: (turn_to satellite0 planet51 star41)
 304: (take_image satellite0 planet51 instrument2 infrared4)
 305: (turn_to satellite0 planet50 planet51)
 306: (take_image satellite0 planet50 instrument2 infrared1)
 307: (take_image satellite1 star41 instrument3 thermograph2)
 308: (turn_to satellite1 star44 star41)
