/u/ibrahim.eisawy/Neural-Guided-Search/venv/lib/python3.10/site-packages/pymimir_rgnn/model.py:151: UserWarning: index_reduce() is in beta and the API may change at any time. (Triggered internally at /pytorch/aten/src/ATen/native/cuda/Indexing.cu:1541.)
  max_msg.index_reduce_(0, output_indices, output_messages, reduce='amax', include_self=True)
Torch: 2.12.0+cu130
Using GPU:  NVIDIA L40S
34.602: (switch_on instrument5 satellite2)
34.640: (switch_on instrument1 satellite0)
35.255: (switch_on instrument2 satellite0)
35.648: (switch_on instrument3 satellite1)
35.710: (switch_on instrument0 satellite0)
30.903: (calibrate satellite1 instrument3 groundstation11)
32.294: (turn_to satellite2 star22 star3)
32.305: (turn_to satellite2 star4 star3)
32.330: (turn_to satellite0 star18 star19)
32.337: (turn_to satellite0 groundstation8 star19)
25.158: (calibrate satellite2 instrument5 star4)
25.162: (calibrate satellite2 instrument5 star22)
25.258: (calibrate satellite0 instrument1 star18)
25.288: (calibrate satellite0 instrument1 groundstation8)
28.373: (switch_on instrument5 satellite2)
24.401: (switch_on instrument3 satellite1)
24.421: (switch_on instrument3 satellite1)
24.464: (switch_on instrument3 satellite1)
24.476: (switch_on instrument3 satellite1)
24.529: (turn_to satellite2 phenomenon32 star22)
22.122: (calibrate satellite1 instrument3 groundstation11)
22.124: (calibrate satellite1 instrument3 groundstation11)
22.134: (calibrate satellite1 instrument3 groundstation11)
22.199: (calibrate satellite1 instrument3 groundstation11)
23.704: (turn_to satellite2 star0 star3)
21.159: (turn_to satellite1 planet39 groundstation11)
21.159: (turn_to satellite1 phenomenon38 groundstation11)
21.161: (turn_to satellite1 phenomenon33 groundstation11)
21.161: (turn_to satellite1 planet35 groundstation11)
21.161: (turn_to satellite1 star30 groundstation11)
20.429: (take_image satellite1 star30 instrument3 thermograph1)
20.467: (turn_to satellite2 planet25 star22)
20.536: (turn_to satellite2 phenomenon33 star22)
20.536: (turn_to satellite2 phenomenon32 star22)
20.537: (turn_to satellite2 planet28 star22)
19.575: (turn_to satellite1 planet25 star30)
19.639: (turn_to satellite1 planet35 star30)
19.639: (turn_to satellite1 phenomenon32 star30)
19.640: (turn_to satellite1 planet28 star30)
19.640: (turn_to satellite1 star29 star30)
18.629: (take_image satellite1 planet25 instrument3 thermograph1)
18.978: (turn_to satellite2 planet28 star22)
18.978: (turn_to satellite2 star29 star22)
18.980: (turn_to satellite2 phenomenon32 star22)
18.980: (turn_to satellite2 phenomenon33 star22)
17.784: (turn_to satellite1 star37 planet25)
17.784: (turn_to satellite1 planet35 planet25)
17.785: (turn_to satellite1 phenomenon33 planet25)
17.785: (turn_to satellite1 planet28 planet25)
17.785: (turn_to satellite1 star29 planet25)
17.172: (turn_to satellite2 star37 star22)
17.172: (turn_to satellite2 planet39 star22)
17.172: (turn_to satellite2 phenomenon38 star22)
17.172: (turn_to satellite2 planet35 star22)
17.175: (turn_to satellite2 phenomenon31 star22)
16.451: (take_image satellite2 phenomenon38 instrument5 infrared2)
16.451: (take_image satellite2 planet35 instrument5 infrared2)
16.462: (take_image satellite2 star37 instrument5 infrared2)
16.478: (take_image satellite2 planet39 instrument5 infrared2)
16.498: (take_image satellite2 phenomenon31 instrument5 spectrograph0)
15.840: (turn_to satellite2 star36 planet39)
15.849: (turn_to satellite2 phenomenon33 star37)
15.849: (turn_to satellite2 phenomenon32 star37)
15.849: (turn_to satellite2 planet28 star37)
15.849: (turn_to satellite2 phenomenon33 planet39)
14.723: (take_image satellite2 star36 instrument5 spectrograph0)
14.771: (take_image satellite2 phenomenon32 instrument5 infrared3)
14.773: (take_image satellite2 planet28 instrument5 infrared3)
14.787: (take_image satellite2 phenomenon33 instrument5 infrared3)
14.788: (take_image satellite2 phenomenon33 instrument5 infrared3)
14.119: (turn_to satellite2 planet28 star36)
14.122: (turn_to satellite2 phenomenon33 star36)
14.122: (turn_to satellite2 phenomenon32 star36)
14.148: (turn_to satellite2 phenomenon38 star36)
14.148: (turn_to satellite2 star37 star36)
13.088: (take_image satellite2 phenomenon32 instrument5 infrared3)
13.094: (take_image satellite2 planet28 instrument5 infrared3)
13.099: (take_image satellite2 phenomenon33 instrument5 infrared3)
13.355: (take_image satellite2 phenomenon38 instrument5 infrared2)
13.391: (take_image satellite2 star37 instrument5 infrared2)
12.517: (turn_to satellite2 planet28 phenomenon33)
12.518: (turn_to satellite2 phenomenon32 phenomenon33)
12.519: (turn_to satellite2 phenomenon33 phenomenon32)
12.520: (turn_to satellite2 planet28 phenomenon32)
12.523: (turn_to satellite2 star37 phenomenon32)
11.766: (take_image satellite2 phenomenon33 instrument5 infrared3)
11.770: (take_image satellite2 planet28 instrument5 infrared3)
11.788: (take_image satellite2 phenomenon32 instrument5 infrared3)
11.796: (take_image satellite2 planet28 instrument5 infrared3)
11.838: (take_image satellite2 star37 instrument5 infrared2)
11.102: (turn_to satellite2 planet28 phenomenon32)
11.109: (turn_to satellite2 phenomenon33 planet28)
11.116: (turn_to satellite2 planet28 phenomenon33)
11.125: (turn_to satellite2 phenomenon32 planet28)
11.211: (turn_to satellite2 phenomenon38 phenomenon33)
10.409: (take_image satellite2 phenomenon32 instrument5 infrared3)
10.417: (take_image satellite2 planet28 instrument5 infrared3)
10.417: (take_image satellite2 phenomenon33 instrument5 infrared3)
10.531: (take_image satellite2 phenomenon38 instrument5 infrared2)
10.858: (turn_to satellite0 star4 star19)
9.826: (turn_to satellite2 planet28 phenomenon38)
9.842: (turn_to satellite2 phenomenon38 phenomenon33)
9.842: (turn_to satellite2 planet35 phenomenon33)
9.842: (turn_to satellite2 star37 phenomenon33)
9.852: (turn_to satellite2 planet34 phenomenon33)
9.277: (take_image satellite2 planet35 instrument5 infrared2)
9.281: (take_image satellite2 planet28 instrument5 infrared3)
9.289: (take_image satellite2 phenomenon38 instrument5 infrared2)
9.294: (take_image satellite2 star37 instrument5 infrared2)
9.349: (take_image satellite2 planet34 instrument5 spectrograph0)
8.698: (turn_to satellite2 phenomenon27 star37)
8.698: (turn_to satellite2 star26 star37)
8.701: (turn_to satellite2 planet34 star37)
8.701: (turn_to satellite2 phenomenon31 star37)
8.701: (turn_to satellite2 star37 phenomenon38)
8.139: (take_image satellite2 planet34 instrument5 spectrograph0)
8.153: (take_image satellite2 phenomenon27 instrument5 spectrograph0)
8.156: (take_image satellite2 phenomenon31 instrument5 spectrograph0)
8.156: (take_image satellite2 star26 instrument5 spectrograph0)
8.195: (take_image satellite2 star37 instrument5 infrared2)
7.514: (turn_to satellite2 planet35 star37)
7.562: (turn_to satellite2 phenomenon27 star26)
7.562: (turn_to satellite2 planet34 star26)
7.562: (turn_to satellite2 phenomenon31 star26)
7.562: (turn_to satellite2 planet35 phenomenon31)
6.590: (take_image satellite2 planet35 instrument5 infrared2)
7.001: (take_image satellite2 planet34 instrument5 spectrograph0)
7.020: (take_image satellite2 phenomenon27 instrument5 spectrograph0)
7.020: (take_image satellite2 phenomenon31 instrument5 spectrograph0)
7.056: (take_image satellite2 planet35 instrument5 infrared2)
5.947: (turn_to satellite2 planet34 planet35)
5.947: (turn_to satellite2 phenomenon31 planet35)
5.948: (turn_to satellite2 phenomenon27 planet35)
5.948: (turn_to satellite2 star26 planet35)
6.332: (turn_to satellite2 star29 planet35)
5.370: (take_image satellite2 phenomenon27 instrument5 spectrograph0)
5.376: (take_image satellite2 star26 instrument5 spectrograph0)
5.380: (take_image satellite2 planet34 instrument5 spectrograph0)
5.385: (take_image satellite2 phenomenon31 instrument5 spectrograph0)
5.764: (take_image satellite2 star29 instrument5 infrared3)
4.793: (turn_to satellite2 planet34 star26)
4.793: (turn_to satellite2 phenomenon31 star26)
4.793: (turn_to satellite2 phenomenon27 star26)
4.797: (turn_to satellite2 phenomenon27 planet34)
4.797: (turn_to satellite2 star26 planet34)
4.233: (take_image satellite2 phenomenon27 instrument5 spectrograph0)
4.239: (take_image satellite2 phenomenon27 instrument5 spectrograph0)
4.242: (take_image satellite2 planet34 instrument5 spectrograph0)
4.245: (take_image satellite2 phenomenon31 instrument5 spectrograph0)
4.269: (take_image satellite2 star26 instrument5 spectrograph0)
3.648: (turn_to satellite2 phenomenon31 phenomenon27)
3.648: (turn_to satellite2 star26 phenomenon27)
3.655: (turn_to satellite2 planet34 phenomenon31)
3.655: (turn_to satellite2 phenomenon27 phenomenon31)
3.657: (turn_to satellite2 phenomenon27 planet34)
3.092: (take_image satellite2 planet34 instrument5 spectrograph0)
3.103: (take_image satellite2 phenomenon27 instrument5 spectrograph0)
3.105: (take_image satellite2 star26 instrument5 spectrograph0)
3.106: (take_image satellite2 phenomenon31 instrument5 spectrograph0)
3.136: (take_image satellite2 phenomenon27 instrument5 spectrograph0)
2.432: (turn_to satellite2 star26 phenomenon31)
2.434: (turn_to satellite2 phenomenon31 star26)
2.437: (turn_to satellite2 planet34 phenomenon27)
2.441: (turn_to satellite2 phenomenon31 phenomenon27)
2.455: (turn_to satellite2 phenomenon27 planet34)
1.746: (take_image satellite2 phenomenon27 instrument5 spectrograph0)
1.752: (take_image satellite2 star26 instrument5 spectrograph0)
1.759: (take_image satellite2 planet34 instrument5 spectrograph0)
1.763: (take_image satellite2 phenomenon31 instrument5 spectrograph0)
2.294: (switch_on instrument1 satellite0)
1.456: (turn_to satellite2 star29 star26)
1.459: (turn_to satellite2 star29 phenomenon31)
1.468: (turn_to satellite2 star29 planet34)
1.475: (turn_to satellite2 star29 phenomenon27)
1.631: (switch_on instrument1 satellite0)
1.057: (take_image satellite2 star29 instrument5 infrared3)
1.374: (turn_to satellite2 star29 phenomenon31)
1.378: (switch_on instrument1 satellite0)
1.380: (switch_on instrument0 satellite0)
1.410: (turn_to satellite0 groundstation17 star19)
0.405: (turn_to satellite2 star0 star29)
[Final] Expanded: 175, Generated: 22718
Found a solution of length 37!
   1: (switch_on instrument5 satellite2)
   2: (turn_to satellite2 star22 star3)
   3: (calibrate satellite2 instrument5 star22)
   4: (switch_on instrument3 satellite1)
   5: (calibrate satellite1 instrument3 groundstation11)
   6: (turn_to satellite1 star30 groundstation11)
   7: (take_image satellite1 star30 instrument3 thermograph1)
   8: (turn_to satellite1 planet25 star30)
   9: (take_image satellite1 planet25 instrument3 thermograph1)
  10: (turn_to satellite1 star29 planet25)
  11: (turn_to satellite2 planet39 star22)
  12: (take_image satellite2 planet39 instrument5 infrared2)
  13: (turn_to satellite2 star36 planet39)
  14: (take_image satellite2 star36 instrument5 spectrograph0)
  15: (turn_to satellite2 phenomenon32 star36)
  16: (take_image satellite2 phenomenon32 instrument5 infrared3)
  17: (turn_to satellite2 planet28 phenomenon32)
  18: (take_image satellite2 planet28 instrument5 infrared3)
  19: (turn_to satellite2 phenomenon33 planet28)
  20: (take_image satellite2 phenomenon33 instrument5 infrared3)
  21: (turn_to satellite2 phenomenon38 phenomenon33)
  22: (take_image satellite2 phenomenon38 instrument5 infrared2)
  23: (turn_to satellite2 star37 phenomenon38)
  24: (take_image satellite2 star37 instrument5 infrared2)
  25: (turn_to satellite2 planet35 star37)
  26: (take_image satellite2 planet35 instrument5 infrared2)
  27: (turn_to satellite2 planet34 planet35)
  28: (take_image satellite2 planet34 instrument5 spectrograph0)
  29: (turn_to satellite2 phenomenon27 planet34)
  30: (take_image satellite2 phenomenon27 instrument5 spectrograph0)
  31: (turn_to satellite2 phenomenon31 phenomenon27)
  32: (take_image satellite2 phenomenon31 instrument5 spectrograph0)
  33: (turn_to satellite2 star26 phenomenon31)
  34: (take_image satellite2 star26 instrument5 spectrograph0)
  35: (turn_to satellite2 star29 star26)
  36: (take_image satellite2 star29 instrument5 infrared3)
  37: (turn_to satellite2 star0 star29)
