/u/ibrahim.eisawy/Neural-Guided-Search/venv/lib/python3.10/site-packages/pymimir_rgnn/model.py:151: UserWarning: index_reduce() is in beta and the API may change at any time. (Triggered internally at /pytorch/aten/src/ATen/native/cuda/Indexing.cu:1541.)
  max_msg.index_reduce_(0, output_indices, output_messages, reduce='amax', include_self=True)
Torch: 2.12.0+cu130
Using GPU:  NVIDIA L40S
42.167: (switch_on instrument1 satellite1)
42.359: (switch_on instrument3 satellite1)
42.860: (switch_on instrument0 satellite0)
44.134: (turn_to satellite2 star18 groundstation15)
44.315: (turn_to satellite1 star18 star4)
36.473: (calibrate satellite0 instrument0 groundstation26)
38.723: (turn_to satellite2 star18 groundstation15)
38.793: (switch_on instrument3 satellite1)
38.838: (turn_to satellite1 star18 star4)
38.864: (switch_on instrument3 satellite1)
33.853: (calibrate satellite1 instrument3 star18)
34.413: (switch_on instrument1 satellite1)
34.719: (switch_on instrument2 satellite1)
35.203: (switch_on instrument5 satellite2)
35.656: (turn_to satellite2 star18 groundstation15)
30.940: (calibrate satellite1 instrument2 star4)
32.274: (switch_on instrument5 satellite2)
32.846: (turn_to satellite1 star18 star4)
32.874: (turn_to satellite0 star18 groundstation26)
32.909: (turn_to satellite0 star6 groundstation26)
27.611: (calibrate satellite1 instrument1 star18)
30.239: (turn_to satellite0 phenomenon33 groundstation26)
30.240: (turn_to satellite0 phenomenon31 groundstation26)
30.241: (turn_to satellite0 planet38 groundstation26)
30.242: (turn_to satellite0 star42 groundstation26)
26.733: (turn_to satellite0 star35 groundstation26)
26.798: (turn_to satellite0 planet41 groundstation26)
26.799: (turn_to satellite0 star34 groundstation26)
26.799: (turn_to satellite0 phenomenon39 groundstation26)
26.799: (turn_to satellite0 phenomenon46 groundstation26)
25.970: (take_image satellite0 phenomenon39 instrument0 image2)
25.971: (take_image satellite0 phenomenon46 instrument0 image2)
25.995: (take_image satellite0 star34 instrument0 image2)
26.020: (take_image satellite0 planet41 instrument0 image2)
26.281: (turn_to satellite1 star35 star18)
25.121: (take_image satellite1 star35 instrument1 image3)
25.151: (turn_to satellite0 star35 planet41)
25.183: (turn_to satellite0 star35 star34)
25.187: (turn_to satellite0 star35 phenomenon46)
25.196: (turn_to satellite0 star35 phenomenon39)
24.247: (take_image satellite0 phenomenon46 instrument0 image2)
24.593: (turn_to satellite1 star34 star35)
24.593: (turn_to satellite1 star32 star35)
24.593: (turn_to satellite1 phenomenon30 star35)
24.593: (turn_to satellite1 phenomenon33 star35)
23.304: (take_image satellite1 phenomenon33 instrument1 spectrograph0)
23.417: (take_image satellite1 star34 instrument1 image2)
23.422: (take_image satellite1 star32 instrument1 image2)
23.439: (take_image satellite1 phenomenon30 instrument1 image2)
23.498: (turn_to satellite0 phenomenon31 phenomenon46)
22.396: (take_image satellite0 phenomenon46 instrument0 image2)
22.850: (turn_to satellite1 star34 phenomenon33)
22.850: (turn_to satellite1 star32 phenomenon33)
22.850: (turn_to satellite1 phenomenon30 phenomenon33)
22.852: (turn_to satellite1 phenomenon39 phenomenon33)
21.609: (take_image satellite1 phenomenon39 instrument1 image2)
21.619: (take_image satellite1 star32 instrument1 image2)
21.637: (take_image satellite1 phenomenon30 instrument1 image2)
21.646: (take_image satellite1 star34 instrument1 image2)
21.654: (turn_to satellite0 star42 phenomenon46)
21.075: (take_image satellite0 phenomenon46 instrument0 image2)
21.076: (take_image satellite0 phenomenon46 instrument0 image2)
21.092: (take_image satellite0 phenomenon46 instrument0 image2)
21.098: (take_image satellite0 phenomenon46 instrument0 image2)
21.221: (turn_to satellite2 star8 groundstation15)
20.307: (turn_to satellite0 phenomenon31 phenomenon46)
20.307: (turn_to satellite0 planet38 phenomenon46)
20.307: (turn_to satellite0 planet40 phenomenon46)
20.307: (turn_to satellite0 star42 phenomenon46)
20.307: (turn_to satellite0 phenomenon44 phenomenon46)
19.906: (turn_to satellite2 groundstation29 groundstation15)
19.906: (turn_to satellite2 star17 groundstation15)
19.914: (turn_to satellite1 star43 phenomenon39)
19.914: (turn_to satellite1 planet37 phenomenon39)
19.916: (turn_to satellite1 planet47 phenomenon39)
19.504: (turn_to satellite2 star8 groundstation15)
19.505: (turn_to satellite1 phenomenon44 phenomenon39)
19.519: (turn_to satellite2 star8 groundstation15)
19.521: (turn_to satellite2 groundstation29 groundstation15)
19.521: (turn_to satellite2 star17 groundstation15)
18.616: (take_image satellite1 phenomenon44 instrument1 spectrograph0)
19.439: (turn_to satellite1 phenomenon30 planet37)
19.439: (turn_to satellite1 star32 planet37)
19.440: (turn_to satellite1 planet49 planet37)
19.440: (turn_to satellite1 star48 planet37)
18.217: (turn_to satellite1 phenomenon31 phenomenon44)
18.221: (turn_to satellite1 planet38 phenomenon44)
18.221: (turn_to satellite1 planet40 phenomenon44)
18.233: (turn_to satellite1 star32 phenomenon44)
18.233: (turn_to satellite1 star34 phenomenon44)
17.286: (take_image satellite1 planet40 instrument1 spectrograph0)
17.310: (take_image satellite1 planet38 instrument1 spectrograph0)
17.355: (take_image satellite1 phenomenon31 instrument1 spectrograph0)
17.357: (take_image satellite1 star34 instrument1 image2)
17.368: (take_image satellite1 star32 instrument1 image2)
16.834: (turn_to satellite1 star48 star32)
16.834: (turn_to satellite1 planet49 star32)
16.834: (turn_to satellite1 planet41 star32)
16.841: (turn_to satellite1 phenomenon30 star32)
16.841: (turn_to satellite1 star34 star32)
15.987: (take_image satellite1 planet41 instrument1 image2)
16.025: (take_image satellite1 planet49 instrument1 image2)
16.059: (take_image satellite1 star34 instrument1 image2)
16.063: (take_image satellite1 star48 instrument1 image2)
16.066: (take_image satellite1 phenomenon30 instrument1 image2)
15.525: (turn_to satellite1 planet41 phenomenon30)
15.525: (turn_to satellite1 star34 phenomenon30)
15.525: (turn_to satellite1 star48 phenomenon30)
15.525: (turn_to satellite1 planet49 phenomenon30)
15.562: (turn_to satellite1 phenomenon31 star34)
14.684: (take_image satellite1 star48 instrument1 image2)
14.718: (take_image satellite1 star34 instrument1 image2)
14.740: (take_image satellite1 planet49 instrument1 image2)
14.759: (take_image satellite1 planet41 instrument1 image2)
14.786: (take_image satellite1 phenomenon31 instrument1 spectrograph0)
14.221: (turn_to satellite1 star48 phenomenon31)
14.221: (turn_to satellite1 planet49 phenomenon31)
14.222: (turn_to satellite1 planet41 phenomenon31)
14.222: (turn_to satellite1 phenomenon30 phenomenon31)
14.257: (turn_to satellite1 star34 planet49)
13.380: (take_image satellite1 planet41 instrument1 image2)
13.417: (take_image satellite1 planet49 instrument1 image2)
13.454: (take_image satellite1 star48 instrument1 image2)
13.459: (take_image satellite1 star34 instrument1 image2)
13.464: (take_image satellite1 phenomenon30 instrument1 image2)
12.917: (turn_to satellite1 planet49 phenomenon30)
12.917: (turn_to satellite1 star48 phenomenon30)
12.918: (turn_to satellite1 planet41 phenomenon30)
12.949: (turn_to satellite1 phenomenon30 star48)
12.953: (turn_to satellite1 planet41 star48)
12.080: (take_image satellite1 planet41 instrument1 image2)
12.117: (take_image satellite1 star48 instrument1 image2)
12.151: (take_image satellite1 planet49 instrument1 image2)
12.153: (take_image satellite1 planet41 instrument1 image2)
12.163: (take_image satellite1 phenomenon30 instrument1 image2)
11.615: (turn_to satellite1 planet41 phenomenon30)
11.615: (turn_to satellite1 planet49 phenomenon30)
11.641: (turn_to satellite1 planet41 planet49)
11.642: (turn_to satellite1 star48 planet49)
11.653: (turn_to satellite1 planet38 planet49)
10.779: (take_image satellite1 planet41 instrument1 image2)
10.817: (take_image satellite1 planet49 instrument1 image2)
10.845: (take_image satellite1 star48 instrument1 image2)
10.850: (take_image satellite1 planet41 instrument1 image2)
10.873: (take_image satellite1 planet38 instrument1 spectrograph0)
10.306: (turn_to satellite1 planet41 star48)
10.314: (turn_to satellite1 star48 planet38)
10.314: (turn_to satellite1 planet41 planet38)
10.319: (turn_to satellite1 planet40 planet38)
10.320: (turn_to satellite1 planet41 planet49)
9.456: (take_image satellite1 planet41 instrument1 image2)
9.475: (take_image satellite1 planet41 instrument1 image2)
9.483: (take_image satellite1 planet40 instrument1 spectrograph0)
9.508: (take_image satellite1 star48 instrument1 image2)
10.283: (turn_to satellite2 star8 star17)
8.861: (turn_to satellite1 planet40 planet41)
8.862: (turn_to satellite1 planet38 planet41)
8.885: (turn_to satellite1 planet37 planet41)
8.885: (turn_to satellite1 planet47 planet41)
8.885: (turn_to satellite1 phenomenon45 planet41)
8.033: (take_image satellite1 planet38 instrument1 spectrograph0)
8.074: (take_image satellite1 planet40 instrument1 spectrograph0)
8.825: (turn_to satellite2 star8 star17)
8.826: (turn_to satellite0 planet40 star42)
8.826: (turn_to satellite0 planet38 star42)
7.456: (turn_to satellite1 planet40 planet38)
7.474: (turn_to satellite1 planet38 planet40)
7.572: (turn_to satellite1 star43 planet38)
7.572: (turn_to satellite1 phenomenon45 planet38)
7.572: (turn_to satellite1 planet47 planet38)
6.850: (take_image satellite1 planet38 instrument1 spectrograph0)
6.863: (take_image satellite1 planet40 instrument1 spectrograph0)
7.446: (turn_to satellite2 groundstation29 star17)
7.462: (turn_to satellite2 star8 star17)
7.479: (take_image satellite0 star42 instrument0 infrared1)
6.341: (turn_to satellite1 planet47 planet38)
6.341: (turn_to satellite1 phenomenon45 planet38)
6.341: (turn_to satellite1 planet37 planet38)
6.341: (turn_to satellite1 star43 planet38)
6.342: (turn_to satellite1 planet47 planet40)
6.310: (turn_to satellite2 groundstation29 star17)
6.312: (switch_on instrument5 satellite2)
6.318: (turn_to satellite2 groundstation29 star17)
6.319: (switch_on instrument4 satellite2)
6.329: (take_image satellite0 star42 instrument0 infrared1)
6.290: (turn_to satellite1 phenomenon45 planet47)
6.290: (turn_to satellite1 planet37 planet47)
6.314: (turn_to satellite2 groundstation29 star17)
6.336: (turn_to satellite1 planet37 star43)
6.337: (turn_to satellite1 phenomenon45 star43)
6.314: (turn_to satellite2 groundstation29 star17)
6.321: (turn_to satellite1 planet47 star43)
6.321: (turn_to satellite1 planet37 star43)
6.321: (turn_to satellite1 phenomenon45 star43)
6.335: (turn_to satellite2 planet37 groundstation29)
6.335: (turn_to satellite2 planet47 groundstation29)
6.335: (turn_to satellite2 star43 groundstation29)
6.335: (turn_to satellite2 planet37 groundstation29)
6.338: (turn_to satellite2 star8 planet37)
6.369: (turn_to satellite2 planet37 groundstation29)
6.348: (turn_to satellite2 star17 planet37)
6.359: (switch_off instrument4 satellite2)
6.361: (turn_to satellite1 phenomenon45 star43)
6.361: (turn_to satellite1 planet47 star43)
6.361: (turn_to satellite1 planet37 star43)
6.353: (switch_off instrument4 satellite2)
6.355: (switch_off instrument4 satellite2)
6.359: (switch_off instrument4 satellite2)
6.368: (take_image satellite0 star42 instrument0 infrared1)
6.375: (turn_to satellite2 phenomenon45 star17)
6.365: (turn_to satellite1 planet37 planet47)
6.371: (turn_to satellite2 star17 star8)
6.371: (turn_to satellite2 groundstation29 star8)
6.371: (switch_off instrument4 satellite2)
6.390: (turn_to satellite1 phenomenon45 planet47)
6.296: (switch_off instrument4 satellite2)
6.326: (turn_to satellite2 groundstation29 star8)
6.326: (turn_to satellite2 star17 star8)
6.366: (turn_to satellite1 phenomenon45 planet47)
6.366: (turn_to satellite1 star43 planet47)
6.322: (switch_off instrument4 satellite2)
6.330: (switch_off instrument4 satellite2)
6.352: (turn_to satellite1 star43 planet47)
6.352: (turn_to satellite1 phenomenon45 planet47)
6.353: (turn_to satellite1 planet37 planet47)
6.350: (turn_to satellite2 star17 groundstation29)
6.360: (turn_to satellite2 star17 groundstation29)
6.365: (take_image satellite1 planet37 instrument1 image3)
6.376: (take_image satellite1 planet37 instrument1 spectrograph0)
6.400: (take_image satellite0 star42 instrument0 image2)
6.354: (turn_to satellite1 star43 planet37)
6.355: (turn_to satellite1 phenomenon45 planet37)
6.356: (turn_to satellite1 planet47 planet37)
6.367: (turn_to satellite1 star43 planet37)
6.367: (turn_to satellite1 phenomenon45 planet37)
6.369: (turn_to satellite2 star17 groundstation29)
6.373: (turn_to satellite1 planet47 star43)
6.380: (turn_to satellite2 star17 groundstation29)
6.383: (turn_to satellite2 star17 groundstation29)
6.383: (turn_to satellite2 star17 groundstation29)
6.355: (turn_to satellite1 phenomenon45 planet47)
6.367: (turn_to satellite1 planet47 star43)
6.370: (take_image satellite1 star43 instrument1 image3)
6.376: (turn_to satellite1 phenomenon45 star43)
6.389: (turn_to satellite1 planet37 star43)
6.375: (turn_to satellite1 planet47 star43)
6.375: (turn_to satellite1 phenomenon45 star43)
6.390: (turn_to satellite1 planet37 star43)
6.412: (turn_to satellite1 planet37 phenomenon45)
6.414: (switch_on instrument5 satellite2)
6.374: (turn_to satellite1 planet47 planet37)
6.374: (turn_to satellite1 phenomenon45 planet37)
6.374: (turn_to satellite1 star43 planet37)
6.393: (turn_to satellite2 groundstation29 star17)
6.401: (turn_to satellite2 groundstation29 star17)
6.374: (turn_to satellite1 planet47 planet37)
6.374: (turn_to satellite1 phenomenon45 planet37)
6.374: (turn_to satellite1 star43 planet37)
6.379: (turn_to satellite1 phenomenon45 planet47)
6.408: (switch_on instrument5 satellite2)
6.371: (turn_to satellite2 star17 groundstation29)
6.375: (turn_to satellite1 phenomenon45 planet47)
6.408: (switch_on instrument5 satellite2)
6.410: (turn_to satellite1 planet37 planet47)
6.411: (switch_on instrument4 satellite2)
6.404: (turn_to satellite2 star8 groundstation29)
6.420: (turn_to satellite2 star17 groundstation29)
6.429: (turn_to satellite1 star43 planet37)
6.432: (switch_off instrument5 satellite2)
6.438: (turn_to satellite1 planet47 phenomenon45)
6.411: (turn_to satellite2 star17 groundstation29)
6.412: (turn_to satellite1 star43 planet37)
6.415: (turn_to satellite2 star8 groundstation29)
6.423: (turn_to satellite1 planet37 planet47)
6.424: (switch_on instrument4 satellite2)
6.416: (turn_to satellite2 planet37 star8)
6.416: (turn_to satellite2 star43 star8)
6.425: (turn_to satellite2 phenomenon45 star8)
6.430: (turn_to satellite2 star17 groundstation29)
6.432: (switch_off instrument4 satellite2)
6.411: (turn_to satellite1 phenomenon45 planet47)
6.428: (turn_to satellite1 phenomenon45 planet47)
6.435: (turn_to satellite1 planet37 planet47)
6.441: (turn_to satellite1 phenomenon45 planet47)
6.443: (turn_to satellite1 planet37 planet47)
6.416: (turn_to satellite2 planet47 star43)
6.445: (take_image satellite1 phenomenon45 instrument1 image3)
6.449: (turn_to satellite1 star43 planet37)
6.450: (take_image satellite1 phenomenon45 instrument1 image2)
6.454: (turn_to satellite2 phenomenon45 star43)
6.437: (turn_to satellite1 planet47 phenomenon45)
6.442: (turn_to satellite2 planet37 star43)
6.445: (turn_to satellite1 planet37 phenomenon45)
6.448: (take_image satellite1 phenomenon45 instrument1 image2)
6.452: (turn_to satellite2 star8 phenomenon45)
6.437: (turn_to satellite1 planet47 phenomenon45)
6.437: (turn_to satellite2 groundstation29 star43)
6.437: (turn_to satellite2 star17 star43)
6.444: (turn_to satellite2 phenomenon45 star43)
6.445: (turn_to satellite1 star43 phenomenon45)
6.377: (switch_off instrument4 satellite2)
6.406: (turn_to satellite1 planet47 planet37)
6.425: (turn_to satellite2 star17 planet37)
6.425: (turn_to satellite2 groundstation29 planet37)
6.436: (turn_to satellite1 star43 planet37)
6.407: (switch_off instrument4 satellite2)
6.407: (turn_to satellite1 planet47 planet37)
6.418: (switch_off instrument4 satellite2)
6.419: (switch_off instrument4 satellite2)
6.425: (turn_to satellite1 planet47 star43)
6.378: (turn_to satellite1 planet47 star43)
6.387: (switch_off instrument4 satellite2)
6.399: (turn_to satellite1 phenomenon45 star43)
6.399: (turn_to satellite1 planet37 star43)
6.422: (turn_to satellite2 star8 groundstation29)
6.436: (switch_off instrument4 satellite2)
6.452: (turn_to satellite2 star8 groundstation29)
6.454: (take_image satellite0 star42 instrument0 image2)
6.457: (switch_on instrument5 satellite2)
6.457: (turn_to satellite1 planet37 planet47)
6.430: (take_image satellite1 planet47 instrument1 image3)
6.440: (turn_to satellite1 planet37 planet47)
6.440: (turn_to satellite1 star43 planet47)
6.440: (turn_to satellite1 phenomenon45 planet47)
6.443: (turn_to satellite2 planet37 groundstation29)
6.371: (turn_to satellite2 star17 planet37)
6.429: (turn_to satellite2 star17 groundstation29)
6.439: (switch_off instrument5 satellite2)
6.475: (take_image satellite1 star43 instrument1 spectrograph0)
6.476: (turn_to satellite2 star17 groundstation29)
6.408: (turn_to satellite1 planet37 planet47)
6.408: (turn_to satellite1 star43 planet47)
6.408: (turn_to satellite1 phenomenon45 planet47)
6.419: (turn_to satellite1 planet37 star43)
6.436: (turn_to satellite1 planet47 star43)
6.405: (switch_off instrument5 satellite2)
6.418: (turn_to satellite2 star17 groundstation29)
6.438: (turn_to satellite2 star17 groundstation29)
6.452: (turn_to satellite2 star17 groundstation29)
6.453: (take_image satellite1 planet47 instrument1 image3)
6.408: (turn_to satellite1 star43 planet37)
6.408: (turn_to satellite1 planet47 planet37)
6.411: (turn_to satellite2 star17 groundstation29)
6.427: (turn_to satellite1 planet47 phenomenon45)
6.427: (turn_to satellite1 star43 phenomenon45)
6.411: (turn_to satellite1 phenomenon45 planet47)
6.411: (turn_to satellite1 planet37 planet47)
6.431: (take_image satellite1 planet47 instrument1 image3)
6.447: (turn_to satellite1 star43 planet47)
6.449: (take_image satellite1 planet47 instrument1 spectrograph0)
6.420: (turn_to satellite1 phenomenon45 planet47)
6.420: (turn_to satellite1 planet37 planet47)
6.448: (turn_to satellite2 groundstation29 star17)
6.452: (turn_to satellite1 star43 planet47)
6.461: (turn_to satellite2 groundstation29 star17)
6.411: (turn_to satellite1 planet37 phenomenon45)
6.445: (turn_to satellite1 phenomenon45 planet47)
6.445: (turn_to satellite1 planet37 planet47)
6.447: (turn_to satellite1 star43 phenomenon45)
6.451: (turn_to satellite2 groundstation29 star17)
6.452: (turn_to satellite1 star43 planet37)
6.476: (take_image satellite1 planet37 instrument1 spectrograph0)
6.487: (switch_on instrument4 satellite2)
6.494: (take_image satellite1 phenomenon45 instrument1 spectrograph0)
6.502: (turn_to satellite1 star43 phenomenon45)
6.438: (turn_to satellite1 planet47 star43)
6.451: (turn_to satellite1 planet37 phenomenon45)
6.452: (turn_to satellite1 planet47 phenomenon45)
6.456: (turn_to satellite1 phenomenon45 star43)
6.456: (turn_to satellite1 planet37 star43)
6.459: (turn_to satellite2 star17 groundstation29)
6.460: (turn_to satellite2 star17 groundstation29)
6.461: (turn_to satellite1 star43 planet47)
6.471: (turn_to satellite2 star17 groundstation29)
6.475: (turn_to satellite2 planet37 groundstation29)
6.435: (turn_to satellite2 star17 planet37)
6.449: (turn_to satellite2 star8 planet37)
6.451: (turn_to satellite1 planet37 planet47)
6.469: (turn_to satellite2 phenomenon45 star17)
6.483: (turn_to satellite2 star43 star17)
6.458: (turn_to satellite2 phenomenon45 star8)
6.461: (turn_to satellite1 star43 planet37)
6.461: (turn_to satellite1 phenomenon45 planet37)
6.469: (turn_to satellite2 star43 star8)
6.475: (turn_to satellite2 phenomenon45 star17)
6.499: (take_image satellite1 planet47 instrument1 image3)
6.511: (take_image satellite0 star42 instrument0 image2)
6.512: (turn_to satellite1 star43 planet47)
6.534: (take_image satellite1 planet47 instrument1 spectrograph0)
6.541: (take_image satellite1 planet47 instrument1 image2)
6.486: (turn_to satellite2 star17 phenomenon45)
6.486: (turn_to satellite2 groundstation29 phenomenon45)
6.487: (turn_to satellite2 star17 phenomenon45)
6.496: (turn_to satellite1 planet37 planet47)
6.500: (turn_to satellite2 groundstation29 phenomenon45)
6.456: (turn_to satellite2 groundstation29 phenomenon45)
6.456: (turn_to satellite2 star17 phenomenon45)
6.473: (switch_off instrument4 satellite2)
6.486: (turn_to satellite2 star8 phenomenon45)
6.488: (switch_off instrument4 satellite2)
6.433: (turn_to satellite1 phenomenon45 planet47)
6.433: (turn_to satellite1 planet37 planet47)
6.461: (take_image satellite1 planet47 instrument1 image3)
6.463: (turn_to satellite1 star43 planet47)
6.484: (turn_to satellite2 planet47 star17)
6.430: (turn_to satellite1 planet37 planet47)
6.430: (turn_to satellite1 phenomenon45 planet47)
6.461: (turn_to satellite1 star43 planet47)
6.464: (turn_to satellite2 star17 groundstation29)
6.489: (turn_to satellite2 star17 groundstation29)
6.449: (turn_to satellite1 planet37 phenomenon45)
6.462: (turn_to satellite1 phenomenon45 planet47)
6.463: (turn_to satellite1 planet37 planet47)
6.463: (turn_to satellite2 star17 groundstation29)
6.484: (turn_to satellite1 star43 planet47)
6.485: (take_image satellite1 planet37 instrument1 spectrograph0)
6.497: (turn_to satellite1 star43 planet37)
6.503: (take_image satellite1 phenomenon45 instrument1 spectrograph0)
6.516: (switch_on instrument4 satellite2)
6.517: (switch_on instrument5 satellite2)
6.440: (turn_to satellite1 planet37 phenomenon45)
6.470: (turn_to satellite1 planet47 phenomenon45)
6.470: (turn_to satellite1 star43 phenomenon45)
6.480: (turn_to satellite1 phenomenon45 star43)
6.480: (turn_to satellite1 planet37 star43)
6.474: (turn_to satellite2 groundstation29 star17)
6.478: (turn_to satellite2 groundstation29 star17)
6.492: (turn_to satellite1 planet47 planet37)
6.493: (turn_to satellite2 groundstation29 star17)
6.497: (turn_to satellite2 groundstation29 star17)
6.501: (turn_to satellite1 planet47 star43)
6.501: (turn_to satellite1 phenomenon45 star43)
6.507: (turn_to satellite1 phenomenon45 planet37)
6.507: (turn_to satellite1 planet47 planet37)
6.523: (turn_to satellite1 star43 phenomenon45)
6.515: (turn_to satellite1 planet47 star43)
6.546: (turn_to satellite2 planet47 groundstation29)
6.556: (turn_to satellite2 phenomenon45 groundstation29)
6.556: (turn_to satellite2 planet37 groundstation29)
6.557: (take_image satellite0 star42 instrument0 image2)
6.537: (turn_to satellite1 planet37 star43)
6.542: (turn_to satellite1 phenomenon45 star43)
6.542: (turn_to satellite1 planet37 star43)
6.552: (turn_to satellite2 star43 groundstation29)
6.556: (turn_to satellite1 planet47 star43)
6.535: (turn_to satellite2 star43 planet47)
6.535: (turn_to satellite2 planet37 planet47)
6.538: (turn_to satellite2 star43 planet47)
6.547: (take_image satellite1 phenomenon45 instrument1 image2)
6.555: (turn_to satellite2 star43 phenomenon45)
6.548: (take_image satellite1 phenomenon45 instrument1 image2)
6.563: (turn_to satellite2 groundstation29 planet47)
6.563: (turn_to satellite2 star17 planet47)
6.566: (turn_to satellite1 planet47 phenomenon45)
6.567: (take_image satellite1 planet37 instrument1 spectrograph0)
6.512: (turn_to satellite2 groundstation29 star43)
6.512: (turn_to satellite2 star17 star43)
6.518: (turn_to satellite1 planet37 phenomenon45)
6.529: (switch_off instrument5 satellite2)
6.532: (switch_off instrument5 satellite2)
6.488: (switch_off instrument5 satellite2)
6.501: (turn_to satellite1 planet37 phenomenon45)
6.503: (switch_off instrument5 satellite2)
6.504: (turn_to satellite1 planet37 phenomenon45)
6.521: (take_image satellite1 planet37 instrument1 image2)
6.485: (turn_to satellite1 phenomenon45 planet37)
6.491: (turn_to satellite1 star43 planet37)
6.491: (turn_to satellite1 planet47 planet37)
6.503: (turn_to satellite1 planet47 planet37)
6.516: (switch_off instrument5 satellite2)
6.473: (turn_to satellite2 star17 groundstation29)
6.497: (turn_to satellite1 star43 planet47)
6.499: (turn_to satellite2 star17 groundstation29)
6.507: (turn_to satellite2 star17 groundstation29)
6.507: (turn_to satellite1 star43 phenomenon45)
6.470: (turn_to satellite1 star43 planet47)
6.507: (turn_to satellite1 star43 phenomenon45)
6.532: (turn_to satellite2 star8 star17)
6.532: (turn_to satellite1 star43 planet47)
6.532: (take_image satellite0 star42 instrument0 image2)
6.545: (take_image satellite0 star42 instrument0 image2)
6.549: (take_image satellite1 star43 instrument1 image2)
6.554: (take_image satellite1 phenomenon45 instrument1 image2)
6.557: (take_image satellite0 star42 instrument0 image2)
6.557: (turn_to satellite2 star8 star17)
6.490: (turn_to satellite1 planet37 star43)
6.493: (turn_to satellite1 phenomenon45 star43)
6.507: (turn_to satellite1 planet47 star43)
6.529: (turn_to satellite1 phenomenon45 star43)
6.529: (turn_to satellite1 planet37 star43)
6.489: (turn_to satellite2 groundstation29 star17)
6.507: (turn_to satellite2 groundstation29 star17)
6.522: (take_image satellite0 star42 instrument0 image2)
6.525: (turn_to satellite2 groundstation29 star17)
6.526: (take_image satellite1 phenomenon45 instrument1 spectrograph0)
6.490: (turn_to satellite1 phenomenon45 planet47)
6.506: (turn_to satellite1 phenomenon45 planet37)
6.517: (take_image satellite1 planet47 instrument1 image2)
6.520: (turn_to satellite2 groundstation29 star17)
6.521: (turn_to satellite1 phenomenon45 planet37)
6.469: (turn_to satellite1 planet37 planet47)
6.485: (turn_to satellite1 phenomenon45 planet47)
6.513: (turn_to satellite1 star43 planet47)
6.521: (turn_to satellite2 star17 groundstation29)
6.523: (take_image satellite0 star42 instrument0 image2)
6.489: (turn_to satellite2 star17 groundstation29)
6.521: (turn_to satellite2 star17 groundstation29)
6.522: (take_image satellite0 star42 instrument0 image2)
6.526: (turn_to satellite1 planet37 planet47)
6.526: (turn_to satellite1 phenomenon45 planet47)
6.508: (turn_to satellite1 phenomenon45 planet37)
6.522: (turn_to satellite2 star17 groundstation29)
6.522: (take_image satellite0 star42 instrument0 image2)
6.532: (take_image satellite1 planet37 instrument1 image2)
6.532: (turn_to satellite1 planet47 planet37)
6.486: (turn_to satellite1 phenomenon45 planet37)
6.501: (turn_to satellite2 groundstation29 star17)
6.513: (turn_to satellite1 planet47 planet37)
6.513: (turn_to satellite1 star43 planet37)
6.514: (turn_to satellite1 phenomenon45 planet37)
6.490: (turn_to satellite1 phenomenon45 planet37)
6.501: (turn_to satellite2 groundstation29 star17)
6.517: (turn_to satellite1 planet47 planet37)
6.521: (turn_to satellite2 groundstation29 star17)
6.522: (turn_to satellite1 star43 planet37)
6.524: (take_image satellite0 star42 instrument0 image2)
6.543: (take_image satellite0 star42 instrument0 image2)
6.556: (turn_to satellite2 star8 groundstation29)
6.565: (switch_on instrument5 satellite2)
6.569: (take_image satellite0 star42 instrument0 image2)
6.517: (turn_to satellite1 planet37 star43)
6.520: (turn_to satellite2 star17 groundstation29)
6.526: (turn_to satellite1 planet37 phenomenon45)
6.528: (turn_to satellite2 star17 groundstation29)
6.533: (turn_to satellite1 planet37 phenomenon45)
6.517: (turn_to satellite1 planet37 phenomenon45)
6.520: (turn_to satellite2 star17 groundstation29)
6.534: (turn_to satellite1 star43 phenomenon45)
6.542: (take_image satellite1 phenomenon45 instrument1 spectrograph0)
6.548: (switch_on instrument4 satellite2)
6.516: (turn_to satellite1 planet37 phenomenon45)
6.541: (turn_to satellite1 planet47 phenomenon45)
6.541: (turn_to satellite1 star43 phenomenon45)
6.552: (turn_to satellite2 groundstation29 star17)
6.564: (turn_to satellite2 star17 star8)
6.531: (turn_to satellite2 groundstation29 star17)
6.552: (turn_to satellite2 groundstation29 star17)
6.553: (turn_to satellite2 groundstation29 star17)
6.558: (turn_to satellite1 phenomenon45 planet37)
6.564: (turn_to satellite1 planet47 planet37)
6.519: (turn_to satellite1 phenomenon45 planet37)
6.537: (turn_to satellite2 planet47 groundstation29)
6.538: (turn_to satellite2 star43 groundstation29)
6.542: (turn_to satellite2 phenomenon45 groundstation29)
6.542: (turn_to satellite1 planet47 star43)
6.532: (turn_to satellite1 phenomenon45 planet37)
6.538: (turn_to satellite1 star43 planet37)
6.538: (turn_to satellite1 phenomenon45 planet37)
6.540: (take_image satellite0 star42 instrument0 image2)
6.542: (turn_to satellite1 planet47 planet37)
6.532: (turn_to satellite2 planet37 star43)
6.538: (turn_to satellite2 phenomenon45 planet47)
6.541: (take_image satellite0 star42 instrument0 image2)
6.545: (turn_to satellite2 planet37 planet47)
6.546: (turn_to satellite2 star8 star43)
6.535: (turn_to satellite2 planet47 star43)
6.542: (turn_to satellite2 planet37 star43)
6.546: (turn_to satellite2 star17 star43)
6.546: (turn_to satellite2 groundstation29 star43)
6.549: (turn_to satellite1 planet47 star43)
6.545: (turn_to satellite1 planet37 phenomenon45)
6.554: (turn_to satellite2 star8 planet37)
6.556: (turn_to satellite2 groundstation29 phenomenon45)
6.567: (turn_to satellite1 planet47 phenomenon45)
6.567: (turn_to satellite1 star43 phenomenon45)
6.551: (turn_to satellite1 star43 planet47)
6.554: (turn_to satellite1 planet37 phenomenon45)
6.560: (turn_to satellite2 planet37 groundstation29)
6.562: (switch_off instrument4 satellite2)
6.570: (turn_to satellite2 phenomenon45 star17)
6.545: (turn_to satellite2 planet47 star8)
6.562: (switch_off instrument4 satellite2)
6.566: (take_image satellite0 star42 instrument0 image2)
6.578: (turn_to satellite2 star8 planet37)
6.578: (turn_to satellite2 groundstation29 phenomenon45)
6.541: (turn_to satellite2 star43 planet37)
6.556: (turn_to satellite2 phenomenon45 planet37)
6.567: (turn_to satellite2 groundstation29 planet37)
6.572: (turn_to satellite1 star43 planet47)
6.577: (turn_to satellite1 star43 planet37)
6.567: (turn_to satellite1 star43 planet47)
6.569: (turn_to satellite1 star43 planet47)
6.578: (turn_to satellite2 star8 phenomenon45)
6.580: (turn_to satellite2 groundstation29 planet47)
6.599: (turn_to satellite0 phenomenon45 star42)
5.807: (take_image satellite0 phenomenon45 instrument0 infrared1)
6.578: (turn_to satellite2 star8 phenomenon45)
6.597: (turn_to satellite1 star43 planet47)
6.599: (switch_off instrument4 satellite2)
6.606: (turn_to satellite1 star42 star43)
5.109: (turn_to satellite0 star42 phenomenon45)
5.116: (turn_to satellite0 planet37 phenomenon45)
5.416: (turn_to satellite0 planet47 phenomenon45)
5.547: (turn_to satellite0 star43 phenomenon45)
5.650: (turn_to satellite0 groundstation29 phenomenon45)
4.624: (take_image satellite0 planet37 instrument0 infrared1)
4.898: (take_image satellite0 planet47 instrument0 infrared1)
5.050: (take_image satellite0 star43 instrument0 infrared1)
5.063: (turn_to satellite2 star42 planet47)
5.069: (turn_to satellite1 planet37 star43)
3.919: (turn_to satellite0 star42 planet37)
4.175: (turn_to satellite0 star42 planet47)
4.181: (turn_to satellite0 planet37 planet47)
4.236: (turn_to satellite0 planet47 planet37)
4.350: (turn_to satellite0 star42 star43)
3.706: (take_image satellite0 planet47 instrument0 infrared1)
3.768: (take_image satellite0 planet37 instrument0 infrared1)
3.848: (turn_to satellite1 planet37 star43)
3.893: (turn_to satellite2 star42 planet47)
3.910: (turn_to satellite2 planet37 planet47)
3.009: (turn_to satellite0 star42 planet47)
3.028: (turn_to satellite0 star42 planet37)
3.378: (turn_to satellite2 star42 planet47)
3.389: (turn_to satellite2 star42 planet47)
3.430: (take_image satellite0 planet37 instrument0 infrared1)
2.777: (turn_to satellite2 groundstation29 planet47)
2.777: (turn_to satellite2 star17 planet47)
2.827: (turn_to satellite2 planet36 planet47)
2.877: (turn_to satellite2 star8 planet47)
2.940: (turn_to satellite2 groundstation19 planet47)
2.894: (switch_off instrument4 satellite2)
2.898: (turn_to satellite2 groundstation22 planet36)
2.898: (turn_to satellite2 groundstation26 planet36)
2.898: (turn_to satellite2 groundstation11 planet36)
2.924: (switch_off instrument4 satellite2)
2.827: (switch_on instrument5 satellite2)
2.839: (switch_on instrument5 satellite2)
2.896: (turn_to satellite2 star8 star17)
2.933: (turn_to satellite2 star27 groundstation26)
2.933: (turn_to satellite2 groundstation16 groundstation26)
2.874: (turn_to satellite2 planet36 star17)
2.874: (turn_to satellite2 planet36 groundstation29)
2.949: (turn_to satellite2 star20 star27)
2.955: (turn_to satellite2 phenomenon44 groundstation16)
2.955: (turn_to satellite2 planet40 groundstation16)
2.953: (turn_to satellite2 groundstation12 phenomenon44)
2.975: (turn_to satellite2 groundstation12 star20)
2.975: (turn_to satellite2 star18 phenomenon44)
2.976: (turn_to satellite2 star32 phenomenon44)
2.976: (turn_to satellite2 phenomenon30 phenomenon44)
2.689: (calibrate satellite2 instrument4 groundstation12)
2.976: (turn_to satellite2 star34 star32)
2.978: (turn_to satellite2 star23 star32)
2.981: (turn_to satellite2 planet49 star32)
2.981: (turn_to satellite2 star48 star32)
2.426: (turn_to satellite2 star42 groundstation12)
2.429: (turn_to satellite2 star43 groundstation12)
2.634: (turn_to satellite2 planet36 groundstation12)
2.644: (turn_to satellite2 star17 groundstation12)
2.644: (turn_to satellite2 groundstation29 groundstation12)
2.058: (take_image satellite2 star43 instrument4 infrared1)
2.278: (take_image satellite2 planet36 instrument4 infrared1)
2.412: (turn_to satellite0 star43 star42)
2.424: (turn_to satellite1 star42 star43)
2.440: (turn_to satellite1 groundstation12 star43)
1.698: (turn_to satellite2 star42 star43)
1.917: (turn_to satellite1 star42 star43)
1.928: (turn_to satellite2 planet36 star43)
1.936: (turn_to satellite2 star43 planet36)
1.944: (turn_to satellite2 star42 planet36)
1.568: (take_image satellite1 star42 instrument1 spectrograph0)
1.590: (turn_to satellite2 star42 star43)
1.599: (turn_to satellite1 groundstation12 star43)
1.606: (turn_to satellite1 star42 star43)
1.618: (turn_to satellite1 groundstation29 star43)
0.936: (turn_to satellite1 planet36 star42)
1.403: (turn_to satellite0 planet36 star42)
1.446: (turn_to satellite2 planet36 star43)
1.535: (turn_to satellite1 groundstation12 star42)
1.538: (turn_to satellite1 phenomenon45 star42)
0.625: (turn_to satellite0 planet36 star42)
0.633: (turn_to satellite1 planet36 star42)
0.691: (turn_to satellite2 planet36 star43)
0.698: (turn_to satellite1 planet36 star42)
0.770: (turn_to satellite0 star17 star42)
0.341: (turn_to satellite0 planet36 star42)
0.347: (turn_to satellite2 planet36 star43)
0.467: (turn_to satellite2 planet36 star43)
0.468: (turn_to satellite0 groundstation29 star42)
0.468: (turn_to satellite0 star17 star42)
0.429: (take_image satellite2 planet36 instrument4 infrared1)
[Final] Expanded: 646, Generated: 102447
Found a solution of length 139!
   1: (switch_on instrument0 satellite0)
   2: (calibrate satellite0 instrument0 groundstation26)
   3: (switch_on instrument1 satellite1)
   4: (turn_to satellite1 star18 star4)
   5: (calibrate satellite1 instrument1 star18)
   6: (turn_to satellite0 phenomenon46 groundstation26)
   7: (turn_to satellite1 star35 star18)
   8: (take_image satellite1 star35 instrument1 image3)
   9: (turn_to satellite1 phenomenon33 star35)
  10: (take_image satellite1 phenomenon33 instrument1 spectrograph0)
  11: (turn_to satellite1 phenomenon39 phenomenon33)
  12: (take_image satellite1 phenomenon39 instrument1 image2)
  13: (take_image satellite0 phenomenon46 instrument0 image2)
  14: (turn_to satellite0 star42 phenomenon46)
  15: (turn_to satellite2 star17 groundstation15)
  16: (turn_to satellite1 phenomenon44 phenomenon39)
  17: (take_image satellite1 phenomenon44 instrument1 spectrograph0)
  18: (turn_to satellite1 star32 phenomenon44)
  19: (take_image satellite1 star32 instrument1 image2)
  20: (turn_to satellite1 star34 star32)
  21: (take_image satellite1 star34 instrument1 image2)
  22: (turn_to satellite1 phenomenon31 star34)
  23: (take_image satellite1 phenomenon31 instrument1 spectrograph0)
  24: (turn_to satellite1 phenomenon30 phenomenon31)
  25: (take_image satellite1 phenomenon30 instrument1 image2)
  26: (turn_to satellite1 planet49 phenomenon30)
  27: (take_image satellite1 planet49 instrument1 image2)
  28: (turn_to satellite1 star48 planet49)
  29: (take_image satellite1 star48 instrument1 image2)
  30: (turn_to satellite1 planet41 star48)
  31: (take_image satellite1 planet41 instrument1 image2)
  32: (turn_to satellite1 planet40 planet41)
  33: (take_image satellite1 planet40 instrument1 spectrograph0)
  34: (turn_to satellite1 planet38 planet40)
  35: (take_image satellite1 planet38 instrument1 spectrograph0)
  36: (turn_to satellite1 star43 planet38)
  37: (switch_on instrument4 satellite2)
  38: (turn_to satellite2 groundstation29 star17)
  39: (turn_to satellite2 planet37 groundstation29)
  40: (turn_to satellite2 star8 planet37)
  41: (turn_to satellite1 planet47 star43)
  42: (take_image satellite0 star42 instrument0 infrared1)
  43: (turn_to satellite2 groundstation29 star8)
  44: (switch_off instrument4 satellite2)
  45: (turn_to satellite1 planet37 planet47)
  46: (take_image satellite1 planet37 instrument1 image3)
  47: (turn_to satellite1 star43 planet37)
  48: (turn_to satellite2 star17 groundstation29)
  49: (take_image satellite1 star43 instrument1 image3)
  50: (turn_to satellite1 planet47 star43)
  51: (turn_to satellite2 groundstation29 star17)
  52: (turn_to satellite1 phenomenon45 planet47)
  53: (switch_on instrument4 satellite2)
  54: (turn_to satellite1 planet47 phenomenon45)
  55: (turn_to satellite2 star8 groundstation29)
  56: (turn_to satellite2 star43 star8)
  57: (turn_to satellite1 phenomenon45 planet47)
  58: (take_image satellite1 phenomenon45 instrument1 image3)
  59: (turn_to satellite2 planet37 star43)
  60: (turn_to satellite1 star43 phenomenon45)
  61: (turn_to satellite2 groundstation29 planet37)
  62: (switch_off instrument4 satellite2)
  63: (turn_to satellite1 planet47 star43)
  64: (switch_on instrument5 satellite2)
  65: (turn_to satellite1 star43 planet47)
  66: (take_image satellite1 star43 instrument1 spectrograph0)
  67: (turn_to satellite1 planet47 star43)
  68: (switch_off instrument5 satellite2)
  69: (turn_to satellite2 star17 groundstation29)
  70: (turn_to satellite1 phenomenon45 planet47)
  71: (turn_to satellite2 groundstation29 star17)
  72: (turn_to satellite1 star43 phenomenon45)
  73: (switch_on instrument4 satellite2)
  74: (turn_to satellite1 planet47 star43)
  75: (turn_to satellite2 planet37 groundstation29)
  76: (turn_to satellite2 star8 planet37)
  77: (turn_to satellite2 phenomenon45 star8)
  78: (take_image satellite1 planet47 instrument1 spectrograph0)
  79: (turn_to satellite2 groundstation29 phenomenon45)
  80: (switch_off instrument4 satellite2)
  81: (take_image satellite1 planet47 instrument1 image3)
  82: (turn_to satellite2 star17 groundstation29)
  83: (turn_to satellite1 star43 planet47)
  84: (switch_on instrument5 satellite2)
  85: (turn_to satellite1 phenomenon45 star43)
  86: (turn_to satellite2 groundstation29 star17)
  87: (turn_to satellite1 star43 phenomenon45)
  88: (turn_to satellite2 planet47 groundstation29)
  89: (turn_to satellite1 phenomenon45 star43)
  90: (take_image satellite1 phenomenon45 instrument1 image2)
  91: (turn_to satellite2 groundstation29 planet47)
  92: (switch_off instrument5 satellite2)
  93: (turn_to satellite1 planet37 phenomenon45)
  94: (turn_to satellite1 planet47 planet37)
  95: (turn_to satellite2 star17 groundstation29)
  96: (turn_to satellite1 star43 planet47)
  97: (take_image satellite1 star43 instrument1 image2)
  98: (turn_to satellite1 planet47 star43)
  99: (turn_to satellite2 groundstation29 star17)
 100: (take_image satellite1 planet47 instrument1 image2)
 101: (turn_to satellite1 planet37 planet47)
 102: (turn_to satellite2 star17 groundstation29)
 103: (take_image satellite1 planet37 instrument1 image2)
 104: (turn_to satellite2 groundstation29 star17)
 105: (turn_to satellite1 phenomenon45 planet37)
 106: (turn_to satellite2 star8 groundstation29)
 107: (turn_to satellite1 planet37 phenomenon45)
 108: (switch_on instrument4 satellite2)
 109: (turn_to satellite2 star17 star8)
 110: (turn_to satellite2 groundstation29 star17)
 111: (turn_to satellite2 star43 groundstation29)
 112: (turn_to satellite1 phenomenon45 planet37)
 113: (take_image satellite0 star42 instrument0 image2)
 114: (turn_to satellite2 planet37 star43)
 115: (turn_to satellite2 star8 planet37)
 116: (turn_to satellite1 planet37 phenomenon45)
 117: (turn_to satellite2 planet47 star8)
 118: (turn_to satellite1 star43 planet37)
 119: (turn_to satellite0 phenomenon45 star42)
 120: (take_image satellite0 phenomenon45 instrument0 infrared1)
 121: (turn_to satellite0 planet37 phenomenon45)
 122: (take_image satellite0 planet37 instrument0 infrared1)
 123: (turn_to satellite0 planet47 planet37)
 124: (take_image satellite0 planet47 instrument0 infrared1)
 125: (turn_to satellite0 star42 planet47)
 126: (turn_to satellite2 planet36 planet47)
 127: (turn_to satellite2 groundstation26 planet36)
 128: (turn_to satellite2 groundstation16 groundstation26)
 129: (turn_to satellite2 phenomenon44 groundstation16)
 130: (turn_to satellite2 groundstation12 phenomenon44)
 131: (calibrate satellite2 instrument4 groundstation12)
 132: (turn_to satellite2 star43 groundstation12)
 133: (take_image satellite2 star43 instrument4 infrared1)
 134: (turn_to satellite1 star42 star43)
 135: (take_image satellite1 star42 instrument1 spectrograph0)
 136: (turn_to satellite1 planet36 star42)
 137: (turn_to satellite2 planet36 star43)
 138: (turn_to satellite0 groundstation29 star42)
 139: (take_image satellite2 planet36 instrument4 infrared1)
