/u/ibrahim.eisawy/Neural-Guided-Search/venv/lib/python3.10/site-packages/pymimir_rgnn/model.py:151: UserWarning: index_reduce() is in beta and the API may change at any time. (Triggered internally at /pytorch/aten/src/ATen/native/cuda/Indexing.cu:1541.)
  max_msg.index_reduce_(0, output_indices, output_messages, reduce='amax', include_self=True)
Torch: 2.12.0+cu130
Using GPU:  NVIDIA L40S
45.961: (switch_on instrument0 satellite0)
46.637: (switch_on instrument1 satellite0)
46.931: (switch_on instrument2 satellite1)
47.113: (switch_on instrument3 satellite1)
47.631: (switch_on instrument6 satellite2)
40.497: (calibrate satellite0 instrument0 groundstation29)
43.986: (turn_to satellite1 star14 planet37)
44.433: (switch_on instrument0 satellite0)
44.442: (switch_on instrument6 satellite2)
44.474: (turn_to satellite1 groundstation24 planet37)
39.121: (calibrate satellite0 instrument0 groundstation29)
39.144: (switch_on instrument2 satellite1)
39.147: (switch_on instrument6 satellite2)
39.150: (switch_on instrument3 satellite1)
39.197: (calibrate satellite1 instrument2 star14)
37.712: (switch_on instrument1 satellite0)
37.813: (turn_to satellite1 star14 planet37)
37.940: (turn_to satellite1 groundstation25 planet37)
37.957: (turn_to satellite1 groundstation10 planet37)
37.987: (turn_to satellite1 groundstation24 planet37)
35.252: (calibrate satellite1 instrument2 star14)
35.301: (calibrate satellite1 instrument3 groundstation25)
35.400: (calibrate satellite1 instrument3 groundstation10)
35.545: (calibrate satellite1 instrument2 groundstation24)
36.581: (switch_on instrument5 satellite2)
34.498: (turn_to satellite1 planet46 groundstation10)
34.498: (turn_to satellite1 star49 groundstation10)
34.498: (turn_to satellite1 planet42 groundstation10)
34.498: (turn_to satellite1 phenomenon34 groundstation10)
34.498: (turn_to satellite1 planet33 groundstation10)
33.688: (take_image satellite1 planet42 instrument3 infrared3)
33.689: (take_image satellite1 phenomenon34 instrument3 infrared3)
33.714: (take_image satellite1 star49 instrument3 infrared3)
33.725: (take_image satellite1 planet46 instrument3 infrared3)
33.729: (take_image satellite1 planet33 instrument3 infrared3)
32.899: (turn_to satellite1 star36 star49)
32.899: (turn_to satellite1 planet32 star49)
32.899: (turn_to satellite1 star44 star49)
32.899: (turn_to satellite1 star41 star49)
32.918: (turn_to satellite1 star35 star49)
32.147: (take_image satellite1 star44 instrument3 infrared1)
32.152: (take_image satellite1 star41 instrument3 infrared1)
32.157: (turn_to satellite2 star26 groundstation28)
32.162: (take_image satellite1 planet32 instrument3 infrared1)
32.170: (take_image satellite1 star36 instrument3 infrared1)
31.346: (turn_to satellite2 star26 groundstation28)
31.367: (turn_to satellite0 star35 groundstation29)
31.367: (turn_to satellite0 phenomenon39 groundstation29)
31.367: (turn_to satellite0 phenomenon43 groundstation29)
31.374: (turn_to satellite0 planet31 groundstation29)
30.510: (take_image satellite0 phenomenon39 instrument0 image0)
30.533: (take_image satellite0 star35 instrument0 image0)
30.560: (take_image satellite0 phenomenon43 instrument0 image0)
30.561: (take_image satellite0 planet31 instrument0 image0)
30.637: (turn_to satellite1 planet31 star36)
29.554: (take_image satellite1 star41 instrument3 infrared1)
29.583: (take_image satellite1 star41 instrument3 infrared1)
29.586: (take_image satellite1 star41 instrument3 infrared1)
29.586: (take_image satellite1 star41 instrument3 infrared1)
29.907: (turn_to satellite0 phenomenon43 groundstation29)
28.786: (turn_to satellite1 star44 star41)
28.787: (turn_to satellite1 star36 star41)
28.787: (turn_to satellite1 planet32 star41)
28.804: (turn_to satellite1 phenomenon43 star41)
28.809: (turn_to satellite1 planet31 star41)
28.134: (turn_to satellite0 planet32 star35)
28.141: (turn_to satellite0 star36 star35)
28.147: (turn_to satellite0 star44 star35)
28.155: (turn_to satellite0 phenomenon30 star35)
28.157: (turn_to satellite0 phenomenon39 star35)
27.500: (take_image satellite0 star44 instrument0 infrared1)
27.517: (take_image satellite0 phenomenon39 instrument0 image0)
27.517: (take_image satellite0 planet32 instrument0 infrared1)
27.521: (take_image satellite0 phenomenon30 instrument0 image0)
27.522: (take_image satellite0 star36 instrument0 infrared1)
26.840: (turn_to satellite0 star44 star36)
26.840: (turn_to satellite0 planet32 star36)
26.854: (turn_to satellite0 phenomenon30 star36)
26.855: (turn_to satellite0 phenomenon39 star36)
26.855: (turn_to satellite0 phenomenon43 star36)
26.167: (take_image satellite0 phenomenon30 instrument0 image0)
26.211: (take_image satellite0 phenomenon43 instrument0 image0)
26.216: (take_image satellite0 star44 instrument0 infrared1)
26.223: (take_image satellite0 planet32 instrument0 infrared1)
26.226: (take_image satellite0 phenomenon39 instrument0 image0)
25.537: (turn_to satellite0 star44 phenomenon39)
25.538: (turn_to satellite0 planet32 phenomenon39)
25.544: (turn_to satellite0 star44 planet32)
25.551: (turn_to satellite0 planet32 star44)
25.553: (turn_to satellite0 phenomenon43 phenomenon39)
24.740: (take_image satellite0 star44 instrument0 infrared1)
24.764: (take_image satellite0 planet32 instrument0 infrared1)
24.906: (take_image satellite0 phenomenon43 instrument0 image0)
24.910: (take_image satellite0 star44 instrument0 infrared1)
24.911: (take_image satellite0 planet32 instrument0 infrared1)
24.052: (turn_to satellite0 phenomenon43 planet32)
24.052: (turn_to satellite0 phenomenon30 planet32)
24.052: (turn_to satellite0 phenomenon39 planet32)
24.072: (turn_to satellite0 planet46 planet32)
24.072: (turn_to satellite0 planet33 planet32)
23.332: (take_image satellite0 phenomenon30 instrument0 image0)
23.354: (take_image satellite0 phenomenon39 instrument0 image0)
23.365: (take_image satellite0 phenomenon43 instrument0 image0)
24.054: (turn_to satellite1 phenomenon43 planet31)
24.055: (turn_to satellite1 phenomenon39 planet31)
22.745: (turn_to satellite0 phenomenon30 phenomenon39)
22.745: (turn_to satellite0 phenomenon43 phenomenon39)
22.748: (turn_to satellite0 phenomenon30 phenomenon43)
22.754: (turn_to satellite0 phenomenon39 phenomenon43)
22.764: (turn_to satellite0 planet46 phenomenon39)
22.025: (take_image satellite0 phenomenon43 instrument0 image0)
22.043: (take_image satellite0 phenomenon30 instrument0 image0)
22.043: (take_image satellite0 phenomenon30 instrument0 image0)
22.060: (take_image satellite0 phenomenon39 instrument0 image0)
22.741: (turn_to satellite1 phenomenon30 planet31)
21.332: (turn_to satellite0 phenomenon43 phenomenon30)
21.338: (turn_to satellite0 phenomenon39 phenomenon30)
21.363: (turn_to satellite0 phenomenon30 phenomenon43)
21.406: (turn_to satellite0 phenomenon30 phenomenon39)
21.450: (turn_to satellite0 planet33 phenomenon30)
20.633: (take_image satellite0 phenomenon39 instrument0 image0)
20.638: (take_image satellite0 phenomenon30 instrument0 image0)
20.670: (take_image satellite0 phenomenon43 instrument0 image0)
21.390: (take_image satellite1 planet31 instrument3 infrared1)
21.396: (take_image satellite0 phenomenon30 instrument0 infrared1)
20.049: (turn_to satellite0 planet42 phenomenon43)
20.049: (turn_to satellite0 planet46 phenomenon43)
20.053: (turn_to satellite0 phenomenon34 phenomenon43)
20.053: (turn_to satellite0 planet33 phenomenon43)
20.062: (turn_to satellite0 planet46 phenomenon30)
20.106: (take_image satellite1 planet31 instrument3 infrared1)
20.111: (take_image satellite0 phenomenon34 instrument0 infrared1)
20.114: (take_image satellite1 planet31 instrument3 infrared1)
20.123: (take_image satellite0 planet42 instrument0 infrared1)
20.124: (take_image satellite1 planet31 instrument3 infrared3)
20.075: (turn_to satellite0 planet46 phenomenon34)
20.075: (turn_to satellite0 planet42 phenomenon34)
20.075: (turn_to satellite0 planet33 phenomenon34)
20.104: (turn_to satellite0 planet42 planet46)
20.108: (turn_to satellite0 planet33 planet46)
20.096: (take_image satellite0 planet33 instrument0 infrared1)
20.096: (take_image satellite1 planet31 instrument3 infrared1)
20.097: (take_image satellite0 planet33 instrument0 infrared1)
20.101: (take_image satellite1 planet31 instrument3 infrared1)
20.118: (take_image satellite0 planet42 instrument0 infrared1)
20.077: (turn_to satellite0 planet46 planet33)
20.078: (turn_to satellite0 planet46 planet42)
20.079: (turn_to satellite0 planet42 planet33)
20.080: (turn_to satellite0 planet33 planet42)
20.099: (turn_to satellite0 planet46 planet33)
20.099: (turn_to satellite0 phenomenon34 planet46)
20.099: (take_image satellite1 planet31 instrument3 infrared1)
20.101: (take_image satellite0 planet42 instrument0 infrared1)
20.103: (take_image satellite1 planet31 instrument3 infrared1)
20.108: (turn_to satellite0 phenomenon34 planet42)
20.074: (turn_to satellite0 planet46 planet42)
20.101: (turn_to satellite0 planet46 planet42)
20.110: (turn_to satellite0 planet33 planet42)
20.110: (turn_to satellite0 phenomenon34 planet42)
20.116: (take_image satellite1 planet31 instrument3 infrared1)
20.116: (turn_to satellite0 planet33 phenomenon34)
20.118: (take_image satellite1 planet31 instrument3 infrared1)
20.129: (turn_to satellite0 planet33 planet46)
20.131: (take_image satellite0 planet46 instrument0 infrared1)
20.134: (take_image satellite0 planet46 instrument0 infrared1)
20.099: (turn_to satellite0 planet42 planet46)
20.104: (turn_to satellite0 planet46 planet33)
20.120: (turn_to satellite0 planet33 planet46)
20.120: (turn_to satellite0 phenomenon34 planet46)
20.131: (turn_to satellite0 phenomenon34 planet33)
20.123: (turn_to satellite0 planet42 phenomenon34)
20.127: (take_image satellite0 planet46 instrument0 infrared1)
20.131: (turn_to satellite0 planet42 planet46)
20.150: (take_image satellite0 planet42 instrument0 infrared1)
20.157: (turn_to satellite1 planet46 planet31)
19.620: (take_image satellite1 planet46 instrument3 infrared3)
20.112: (turn_to satellite0 planet33 planet42)
20.112: (turn_to satellite0 phenomenon34 planet42)
20.127: (turn_to satellite0 planet33 planet46)
20.127: (turn_to satellite0 phenomenon34 planet46)
18.821: (turn_to satellite1 planet31 planet46)
18.895: (turn_to satellite1 planet33 planet46)
18.896: (turn_to satellite1 planet42 planet46)
19.267: (turn_to satellite1 star4 planet46)
19.267: (turn_to satellite1 star21 planet46)
18.256: (take_image satellite1 planet42 instrument3 infrared3)
18.289: (take_image satellite1 planet33 instrument3 infrared3)
18.787: (turn_to satellite0 planet31 phenomenon34)
18.801: (turn_to satellite0 planet31 phenomenon34)
18.828: (turn_to satellite0 planet33 phenomenon34)
17.489: (turn_to satellite1 planet33 planet42)
17.491: (turn_to satellite1 planet31 planet33)
17.493: (turn_to satellite1 planet42 planet33)
17.502: (turn_to satellite1 planet31 planet42)
17.953: (turn_to satellite1 star4 planet42)
16.859: (take_image satellite1 planet42 instrument3 infrared3)
16.883: (take_image satellite1 planet33 instrument3 infrared3)
17.472: (turn_to satellite0 planet31 phenomenon34)
17.483: (turn_to satellite0 planet42 phenomenon34)
17.502: (turn_to satellite0 planet31 phenomenon34)
16.105: (turn_to satellite1 planet31 planet33)
16.116: (turn_to satellite1 planet31 planet42)
16.563: (turn_to satellite1 star21 planet42)
16.563: (turn_to satellite1 star4 planet42)
16.569: (turn_to satellite1 star21 planet33)
16.170: (take_image satellite1 planet31 instrument3 infrared3)
16.170: (take_image satellite0 phenomenon34 instrument0 image0)
16.290: (switch_on instrument5 satellite2)
16.329: (switch_on instrument6 satellite2)
16.371: (turn_to satellite0 star21 phenomenon34)
16.212: (take_image satellite1 planet31 instrument3 infrared3)
16.224: (take_image satellite0 phenomenon34 instrument0 image0)
16.255: (calibrate satellite2 instrument5 star26)
16.300: (take_image satellite0 star21 instrument0 infrared1)
16.308: (turn_to satellite0 star4 star21)
16.105: (turn_to satellite0 phenomenon34 star21)
16.134: (switch_off instrument5 satellite2)
16.250: (take_image satellite2 star26 instrument5 infrared1)
16.286: (take_image satellite0 phenomenon34 instrument0 image0)
16.305: (take_image satellite1 planet31 instrument3 infrared3)
16.122: (switch_off instrument5 satellite2)
16.156: (take_image satellite1 planet31 instrument3 infrared3)
16.157: (take_image satellite0 phenomenon34 instrument0 image0)
16.181: (take_image satellite0 phenomenon34 instrument0 image0)
16.195: (take_image satellite1 planet31 instrument3 infrared3)
16.167: (take_image satellite1 planet31 instrument3 infrared3)
16.185: (take_image satellite0 phenomenon34 instrument0 image0)
16.188: (take_image satellite0 phenomenon34 instrument0 image0)
16.204: (take_image satellite0 phenomenon34 instrument0 image0)
16.209: (take_image satellite1 planet31 instrument3 infrared3)
16.218: (take_image satellite1 planet31 instrument3 infrared3)
16.236: (take_image satellite0 phenomenon34 instrument0 image0)
16.344: (switch_on instrument5 satellite2)
16.353: (switch_on instrument5 satellite2)
16.384: (switch_on instrument6 satellite2)
16.154: (switch_off instrument5 satellite2)
16.178: (switch_off instrument5 satellite2)
16.271: (calibrate satellite2 instrument5 star26)
16.307: (calibrate satellite2 instrument5 star26)
16.388: (calibrate satellite2 instrument6 star26)
16.212: (take_image satellite0 phenomenon34 instrument0 image0)
16.225: (take_image satellite1 planet31 instrument3 infrared3)
16.255: (switch_off instrument6 satellite2)
16.321: (take_image satellite0 phenomenon34 instrument0 image0)
16.345: (take_image satellite1 planet31 instrument3 infrared3)
16.251: (take_image satellite1 planet31 instrument3 infrared3)
16.358: (switch_on instrument5 satellite2)
16.401: (switch_on instrument5 satellite2)
16.440: (switch_on instrument6 satellite2)
16.444: (turn_to satellite0 star21 phenomenon34)
16.190: (switch_off instrument5 satellite2)
16.280: (take_image satellite0 star21 instrument0 infrared1)
16.307: (calibrate satellite2 instrument5 star26)
16.326: (turn_to satellite0 star4 star21)
16.342: (take_image satellite0 star21 instrument0 image0)
16.110: (turn_to satellite0 phenomenon34 star21)
16.181: (turn_to satellite0 phenomenon34 star21)
16.228: (take_image satellite1 planet31 instrument3 infrared3)
16.311: (turn_to satellite0 star4 star21)
16.313: (take_image satellite0 star21 instrument0 infrared1)
16.104: (turn_to satellite0 phenomenon34 star21)
16.236: (take_image satellite1 planet31 instrument3 infrared3)
16.252: (take_image satellite1 planet31 instrument3 infrared3)
16.308: (turn_to satellite0 star4 star21)
16.337: (switch_on instrument5 satellite2)
16.166: (switch_off instrument5 satellite2)
16.252: (take_image satellite1 planet31 instrument3 infrared3)
16.307: (calibrate satellite2 instrument5 star26)
16.336: (switch_on instrument5 satellite2)
16.361: (take_image satellite0 star4 instrument0 infrared1)
16.096: (turn_to satellite0 phenomenon34 star4)
16.176: (switch_off instrument5 satellite2)
16.218: (take_image satellite1 planet31 instrument3 infrared3)
16.290: (turn_to satellite0 star21 star4)
16.294: (take_image satellite0 star4 instrument0 image0)
16.086: (turn_to satellite0 phenomenon34 star4)
16.209: (take_image satellite1 planet31 instrument3 infrared3)
16.240: (take_image satellite1 planet31 instrument3 infrared3)
16.299: (turn_to satellite0 star21 star4)
16.323: (turn_to satellite1 phenomenon34 planet31)
15.627: (take_image satellite1 phenomenon34 instrument3 infrared3)
16.079: (turn_to satellite0 planet31 star4)
16.238: (take_image satellite1 planet31 instrument3 infrared3)
16.323: (turn_to satellite0 star21 star4)
16.324: (switch_on instrument5 satellite2)
14.878: (turn_to satellite1 planet31 phenomenon34)
15.355: (take_image satellite0 planet31 instrument0 image0)
15.361: (take_image satellite1 phenomenon34 instrument3 infrared3)
15.383: (turn_to satellite0 planet31 star4)
15.418: (turn_to satellite1 star21 phenomenon34)
14.587: (take_image satellite1 phenomenon34 instrument3 infrared3)
14.604: (take_image satellite0 planet31 instrument0 image0)
14.886: (turn_to satellite0 star21 star4)
14.898: (turn_to satellite0 star21 planet31)
14.898: (turn_to satellite0 star4 planet31)
14.128: (take_image satellite1 phenomenon34 instrument3 infrared3)
14.175: (turn_to satellite0 star4 planet31)
14.176: (turn_to satellite0 star21 planet31)
14.178: (turn_to satellite1 star4 phenomenon34)
14.178: (turn_to satellite1 star21 phenomenon34)
13.889: (turn_to satellite1 star4 phenomenon34)
13.896: (turn_to satellite1 star21 phenomenon34)
13.902: (turn_to satellite0 star21 planet31)
13.948: (switch_off instrument0 satellite0)
13.949: (turn_to satellite1 groundstation24 phenomenon34)
12.342: (switch_on instrument1 satellite0)
13.749: (turn_to satellite1 planet38 phenomenon34)
13.750: (turn_to satellite1 star40 phenomenon34)
13.751: (turn_to satellite1 star45 phenomenon34)
13.751: (turn_to satellite1 phenomenon47 phenomenon34)
9.098: (calibrate satellite0 instrument1 star21)
12.023: (switch_on instrument1 satellite0)
12.039: (switch_on instrument1 satellite0)
12.052: (switch_on instrument1 satellite0)
12.054: (switch_on instrument1 satellite0)
8.322: (calibrate satellite0 instrument1 star21)
8.345: (calibrate satellite0 instrument1 star21)
8.374: (calibrate satellite0 instrument1 star21)
8.385: (turn_to satellite1 planet37 phenomenon34)
8.386: (turn_to satellite1 star40 phenomenon34)
7.636: (turn_to satellite0 star45 star21)
7.636: (turn_to satellite0 phenomenon47 star21)
7.636: (turn_to satellite0 planet38 star21)
7.636: (turn_to satellite0 planet37 star21)
7.636: (turn_to satellite0 star48 star21)
6.717: (take_image satellite0 planet38 instrument1 thermograph2)
6.768: (take_image satellite0 phenomenon47 instrument1 thermograph2)
6.773: (take_image satellite0 planet37 instrument1 thermograph2)
6.775: (take_image satellite0 star45 instrument1 thermograph2)
6.835: (take_image satellite0 star48 instrument1 thermograph2)
6.100: (turn_to satellite0 phenomenon47 planet37)
6.100: (turn_to satellite0 star48 planet37)
6.100: (turn_to satellite0 star45 planet37)
6.125: (turn_to satellite0 star45 phenomenon47)
6.125: (turn_to satellite0 star48 phenomenon47)
5.565: (take_image satellite0 star45 instrument1 thermograph2)
5.606: (take_image satellite0 star48 instrument1 thermograph2)
5.630: (take_image satellite0 phenomenon47 instrument1 thermograph2)
5.639: (take_image satellite0 star45 instrument1 thermograph2)
5.695: (take_image satellite0 star48 instrument1 thermograph2)
4.956: (turn_to satellite0 star45 phenomenon47)
4.956: (turn_to satellite0 star48 phenomenon47)
4.987: (turn_to satellite0 phenomenon47 star48)
4.987: (turn_to satellite0 star45 star48)
4.989: (turn_to satellite0 planet38 phenomenon47)
4.430: (take_image satellite0 phenomenon47 instrument1 thermograph2)
4.467: (take_image satellite0 star48 instrument1 thermograph2)
4.492: (take_image satellite0 star45 instrument1 thermograph2)
4.498: (take_image satellite0 star45 instrument1 thermograph2)
4.556: (take_image satellite0 planet38 instrument1 thermograph2)
3.814: (turn_to satellite0 star48 star45)
3.847: (turn_to satellite0 planet38 star45)
3.848: (turn_to satellite0 star45 star48)
3.862: (turn_to satellite0 planet38 star45)
3.862: (turn_to satellite0 phenomenon47 star45)
3.291: (take_image satellite0 star45 instrument1 thermograph2)
3.328: (take_image satellite0 planet38 instrument1 thermograph2)
3.355: (take_image satellite0 star48 instrument1 thermograph2)
3.360: (take_image satellite0 planet38 instrument1 thermograph2)
3.416: (take_image satellite0 phenomenon47 instrument1 thermograph2)
2.631: (turn_to satellite0 star48 planet38)
2.638: (turn_to satellite0 planet38 star48)
2.663: (turn_to satellite0 planet38 star45)
2.689: (turn_to satellite0 phenomenon47 planet38)
2.714: (turn_to satellite0 planet38 phenomenon47)
2.085: (take_image satellite0 phenomenon47 instrument1 thermograph2)
2.131: (take_image satellite0 planet38 instrument1 thermograph2)
2.148: (take_image satellite0 star48 instrument1 thermograph2)
2.678: (take_image satellite1 star40 instrument3 infrared3)
2.681: (take_image satellite0 phenomenon47 instrument1 infrared3)
1.897: (turn_to satellite0 star40 star48)
1.918: (turn_to satellite0 star40 planet38)
1.932: (turn_to satellite0 star40 phenomenon47)
2.086: (turn_to satellite0 star45 star48)
2.107: (take_image satellite0 star48 instrument1 infrared3)
1.611: (take_image satellite0 star40 instrument1 thermograph2)
1.895: (turn_to satellite0 star40 star48)
2.000: (take_image satellite1 star40 instrument3 infrared1)
2.008: (take_image satellite0 star40 instrument1 infrared3)
2.010: (take_image satellite1 star40 instrument3 infrared3)
1.011: (turn_to satellite0 star8 star40)
[Final] Expanded: 356, Generated: 56261
Found a solution of length 77!
   1: (switch_on instrument0 satellite0)
   2: (calibrate satellite0 instrument0 groundstation29)
   3: (switch_on instrument3 satellite1)
   4: (turn_to satellite1 groundstation10 planet37)
   5: (calibrate satellite1 instrument3 groundstation10)
   6: (turn_to satellite1 star49 groundstation10)
   7: (take_image satellite1 star49 instrument3 infrared3)
   8: (turn_to satellite1 star41 star49)
   9: (turn_to satellite2 star26 groundstation28)
  10: (turn_to satellite0 star35 groundstation29)
  11: (take_image satellite0 star35 instrument0 image0)
  12: (take_image satellite1 star41 instrument3 infrared1)
  13: (turn_to satellite1 planet31 star41)
  14: (turn_to satellite0 star36 star35)
  15: (take_image satellite0 star36 instrument0 infrared1)
  16: (turn_to satellite0 star44 star36)
  17: (take_image satellite0 star44 instrument0 infrared1)
  18: (turn_to satellite0 planet32 star44)
  19: (take_image satellite0 planet32 instrument0 infrared1)
  20: (turn_to satellite0 phenomenon39 planet32)
  21: (take_image satellite0 phenomenon39 instrument0 image0)
  22: (turn_to satellite0 phenomenon30 phenomenon39)
  23: (take_image satellite0 phenomenon30 instrument0 image0)
  24: (turn_to satellite0 phenomenon43 phenomenon30)
  25: (take_image satellite0 phenomenon43 instrument0 image0)
  26: (turn_to satellite0 phenomenon34 phenomenon43)
  27: (take_image satellite0 phenomenon34 instrument0 infrared1)
  28: (turn_to satellite0 planet33 phenomenon34)
  29: (take_image satellite0 planet33 instrument0 infrared1)
  30: (turn_to satellite0 planet42 planet33)
  31: (take_image satellite0 planet42 instrument0 infrared1)
  32: (turn_to satellite0 planet33 planet42)
  33: (take_image satellite1 planet31 instrument3 infrared1)
  34: (turn_to satellite0 phenomenon34 planet33)
  35: (turn_to satellite1 planet46 planet31)
  36: (take_image satellite1 planet46 instrument3 infrared3)
  37: (turn_to satellite1 planet42 planet46)
  38: (take_image satellite1 planet42 instrument3 infrared3)
  39: (turn_to satellite1 planet33 planet42)
  40: (take_image satellite1 planet33 instrument3 infrared3)
  41: (turn_to satellite1 planet31 planet33)
  42: (switch_on instrument5 satellite2)
  43: (calibrate satellite2 instrument5 star26)
  44: (take_image satellite2 star26 instrument5 infrared1)
  45: (switch_off instrument5 satellite2)
  46: (take_image satellite0 phenomenon34 instrument0 image0)
  47: (switch_on instrument6 satellite2)
  48: (calibrate satellite2 instrument6 star26)
  49: (switch_off instrument6 satellite2)
  50: (turn_to satellite0 star21 phenomenon34)
  51: (take_image satellite0 star21 instrument0 image0)
  52: (take_image satellite0 star21 instrument0 infrared1)
  53: (turn_to satellite0 star4 star21)
  54: (take_image satellite0 star4 instrument0 infrared1)
  55: (take_image satellite0 star4 instrument0 image0)
  56: (turn_to satellite1 phenomenon34 planet31)
  57: (turn_to satellite0 planet31 star4)
  58: (take_image satellite0 planet31 instrument0 image0)
  59: (turn_to satellite0 star21 planet31)
  60: (take_image satellite1 phenomenon34 instrument3 infrared3)
  61: (switch_off instrument0 satellite0)
  62: (turn_to satellite1 star40 phenomenon34)
  63: (switch_on instrument1 satellite0)
  64: (calibrate satellite0 instrument1 star21)
  65: (turn_to satellite0 planet37 star21)
  66: (take_image satellite0 planet37 instrument1 thermograph2)
  67: (turn_to satellite0 phenomenon47 planet37)
  68: (take_image satellite0 phenomenon47 instrument1 thermograph2)
  69: (turn_to satellite0 star45 phenomenon47)
  70: (take_image satellite0 star45 instrument1 thermograph2)
  71: (turn_to satellite0 planet38 star45)
  72: (take_image satellite0 planet38 instrument1 thermograph2)
  73: (turn_to satellite0 star48 planet38)
  74: (take_image satellite0 star48 instrument1 thermograph2)
  75: (turn_to satellite0 star40 star48)
  76: (take_image satellite0 star40 instrument1 thermograph2)
  77: (turn_to satellite0 star8 star40)
