/u/ibrahim.eisawy/Neural-Guided-Search/venv/lib/python3.10/site-packages/pymimir_rgnn/model.py:151: UserWarning: index_reduce() is in beta and the API may change at any time. (Triggered internally at /pytorch/aten/src/ATen/native/cuda/Indexing.cu:1541.)
  max_msg.index_reduce_(0, output_indices, output_messages, reduce='amax', include_self=True)
Torch: 2.12.0+cu130
Using GPU:  NVIDIA L40S
73.801: (switch_on instrument0 satellite0)
73.969: (switch_on instrument6 satellite1)
75.531: (switch_on instrument14 satellite4)
75.802: (switch_on instrument11 satellite3)
75.920: (switch_on instrument15 satellite4)
69.804: (turn_to satellite4 groundstation49 phenomenon63)
69.853: (turn_to satellite4 groundstation7 phenomenon63)
70.027: (turn_to satellite4 groundstation17 phenomenon63)
70.056: (turn_to satellite4 star13 phenomenon63)
70.116: (turn_to satellite3 groundstation16 phenomenon69)
62.007: (calibrate satellite4 instrument14 groundstation49)
62.196: (calibrate satellite4 instrument14 groundstation7)
62.267: (calibrate satellite4 instrument14 groundstation17)
62.302: (calibrate satellite4 instrument14 star13)
62.839: (calibrate satellite3 instrument11 groundstation16)
56.966: (switch_on instrument0 satellite0)
57.842: (switch_on instrument0 satellite0)
58.240: (switch_on instrument0 satellite0)
58.448: (switch_on instrument0 satellite0)
59.083: (switch_on instrument6 satellite1)
56.086: (turn_to satellite2 star5 star51)
56.270: (turn_to satellite0 star30 groundstation25)
56.351: (turn_to satellite0 star26 groundstation25)
56.379: (turn_to satellite0 star12 groundstation25)
56.407: (turn_to satellite4 star30 star13)
49.432: (calibrate satellite0 instrument0 star12)
49.758: (calibrate satellite0 instrument0 star30)
49.813: (calibrate satellite0 instrument0 star26)
55.402: (turn_to satellite4 phenomenon83 groundstation7)
55.402: (turn_to satellite4 planet76 groundstation7)
48.433: (calibrate satellite0 instrument0 star12)
48.743: (calibrate satellite0 instrument0 star12)
48.955: (turn_to satellite0 phenomenon83 star12)
48.956: (turn_to satellite0 planet76 star12)
48.961: (turn_to satellite0 phenomenon84 star12)
47.753: (turn_to satellite2 star5 star51)
47.942: (turn_to satellite4 planet58 groundstation7)
47.950: (turn_to satellite4 planet70 groundstation7)
47.950: (turn_to satellite4 star68 groundstation7)
47.950: (turn_to satellite4 phenomenon84 groundstation7)
47.205: (turn_to satellite2 star5 star51)
47.407: (take_image satellite4 phenomenon84 instrument14 infrared3)
47.632: (take_image satellite0 planet76 instrument0 image0)
47.682: (turn_to satellite4 phenomenon54 groundstation7)
47.683: (turn_to satellite4 planet67 groundstation7)
46.615: (turn_to satellite0 star52 phenomenon84)
46.615: (turn_to satellite0 phenomenon53 phenomenon84)
46.615: (turn_to satellite0 star51 phenomenon84)
46.639: (turn_to satellite4 planet77 planet67)
46.639: (turn_to satellite4 planet78 planet67)
46.048: (take_image satellite4 planet78 instrument14 thermograph4)
46.534: (take_image satellite4 planet77 instrument14 thermograph4)
46.639: (turn_to satellite4 phenomenon59 planet78)
46.639: (turn_to satellite4 planet80 planet78)
46.639: (turn_to satellite4 planet82 planet78)
46.048: (take_image satellite4 planet82 instrument14 thermograph4)
46.241: (turn_to satellite4 phenomenon54 planet78)
46.248: (turn_to satellite4 star52 planet78)
46.248: (turn_to satellite4 phenomenon53 planet78)
46.253: (turn_to satellite4 star71 planet78)
45.205: (turn_to satellite1 star5 groundstation1)
45.234: (turn_to satellite3 star5 phenomenon69)
45.264: (turn_to satellite4 star68 star71)
45.264: (turn_to satellite4 planet70 star71)
45.284: (turn_to satellite1 groundstation49 groundstation1)
44.624: (take_image satellite4 planet70 instrument14 infrared3)
44.794: (take_image satellite4 star71 instrument14 image0)
44.931: (switch_on instrument11 satellite3)
44.969: (turn_to satellite3 star28 phenomenon69)
45.019: (turn_to satellite3 star5 phenomenon69)
44.471: (take_image satellite4 star71 instrument14 image0)
44.572: (turn_to satellite4 phenomenon53 star71)
44.572: (turn_to satellite4 star57 star71)
44.572: (turn_to satellite4 star52 star71)
44.572: (turn_to satellite4 star51 star71)
44.053: (switch_on instrument11 satellite3)
44.055: (turn_to satellite3 star35 phenomenon69)
44.059: (turn_to satellite3 groundstation34 phenomenon69)
44.059: (turn_to satellite3 groundstation3 phenomenon69)
44.059: (turn_to satellite3 star0 phenomenon69)
43.872: (turn_to satellite4 planet55 star52)
43.872: (turn_to satellite4 star56 star52)
43.872: (turn_to satellite4 phenomenon83 star52)
43.872: (turn_to satellite4 phenomenon65 star52)
43.872: (turn_to satellite4 planet66 star52)
43.316: (take_image satellite4 planet66 instrument14 image0)
43.381: (take_image satellite4 phenomenon65 instrument14 image0)
43.664: (take_image satellite4 planet55 instrument14 image0)
43.779: (take_image satellite4 phenomenon83 instrument14 image0)
43.817: (take_image satellite4 star56 instrument14 image0)
42.620: (turn_to satellite4 star56 planet55)
42.621: (turn_to satellite4 phenomenon83 planet55)
42.622: (turn_to satellite4 phenomenon65 planet55)
42.622: (turn_to satellite4 phenomenon73 planet55)
42.622: (turn_to satellite4 planet66 planet55)
41.866: (take_image satellite4 phenomenon65 instrument14 image0)
41.967: (take_image satellite4 planet66 instrument14 image0)
42.068: (take_image satellite4 phenomenon73 instrument14 image0)
42.374: (take_image satellite4 star56 instrument14 image0)
42.552: (take_image satellite4 phenomenon83 instrument14 image0)
41.332: (turn_to satellite4 planet50 phenomenon73)
41.332: (turn_to satellite4 planet77 phenomenon73)
41.332: (turn_to satellite4 planet80 phenomenon73)
41.332: (turn_to satellite4 planet82 phenomenon73)
41.332: (turn_to satellite4 phenomenon59 phenomenon73)
40.699: (take_image satellite4 planet82 instrument14 thermograph4)
40.813: (take_image satellite4 planet80 instrument14 thermograph4)
40.886: (take_image satellite4 phenomenon59 instrument14 thermograph4)
41.091: (take_image satellite4 planet50 instrument14 thermograph4)
41.210: (take_image satellite4 planet77 instrument14 thermograph4)
40.071: (turn_to satellite4 planet82 phenomenon59)
40.086: (turn_to satellite4 phenomenon83 phenomenon59)
40.116: (turn_to satellite4 planet81 phenomenon59)
40.230: (turn_to satellite4 planet76 phenomenon59)
40.262: (turn_to satellite4 planet77 phenomenon59)
39.299: (take_image satellite4 planet76 instrument14 image0)
39.582: (take_image satellite4 planet77 instrument14 thermograph4)
39.707: (take_image satellite4 planet82 instrument14 thermograph4)
39.915: (take_image satellite4 phenomenon83 instrument14 image0)
39.962: (turn_to satellite0 planet80 phenomenon84)
38.756: (turn_to satellite4 planet77 planet82)
38.758: (turn_to satellite4 planet80 planet82)
38.765: (turn_to satellite4 phenomenon83 planet82)
38.779: (turn_to satellite4 planet76 planet82)
38.792: (turn_to satellite4 planet79 planet82)
38.017: (take_image satellite4 planet76 instrument14 image0)
38.392: (take_image satellite4 planet77 instrument14 thermograph4)
38.534: (take_image satellite4 phenomenon83 instrument14 image0)
38.559: (take_image satellite4 planet80 instrument14 thermograph4)
38.692: (turn_to satellite0 phenomenon64 phenomenon84)
37.375: (turn_to satellite4 planet74 planet80)
37.391: (turn_to satellite4 star56 planet80)
37.393: (turn_to satellite4 planet50 planet80)
37.419: (turn_to satellite4 phenomenon64 planet80)
37.419: (turn_to satellite4 star68 planet80)
36.527: (take_image satellite4 phenomenon64 instrument14 infrared3)
36.536: (take_image satellite4 star68 instrument14 infrared3)
36.753: (take_image satellite4 planet50 instrument14 thermograph4)
37.215: (take_image satellite4 star56 instrument14 image0)
37.411: (turn_to satellite3 phenomenon73 groundstation3)
36.162: (turn_to satellite4 planet77 planet50)
36.167: (turn_to satellite4 planet76 planet50)
36.167: (turn_to satellite4 planet66 planet50)
36.167: (turn_to satellite4 phenomenon65 planet50)
36.167: (turn_to satellite4 star56 planet50)
35.432: (take_image satellite4 planet66 instrument14 image0)
35.445: (take_image satellite4 star56 instrument14 image0)
35.606: (take_image satellite4 phenomenon65 instrument14 image0)
35.720: (take_image satellite4 planet77 instrument14 thermograph4)
35.928: (take_image satellite4 planet76 instrument14 image0)
34.701: (turn_to satellite4 planet67 planet77)
34.762: (turn_to satellite4 phenomenon64 planet77)
34.795: (turn_to satellite4 phenomenon54 planet77)
34.795: (turn_to satellite4 phenomenon61 planet77)
34.795: (turn_to satellite4 phenomenon63 planet77)
34.208: (take_image satellite4 phenomenon64 instrument14 infrared3)
34.802: (turn_to satellite1 star12 groundstation49)
34.822: (turn_to satellite1 star5 groundstation49)
34.824: (turn_to satellite3 planet55 groundstation3)
34.824: (turn_to satellite3 star71 groundstation3)
33.644: (turn_to satellite4 planet74 phenomenon64)
33.644: (turn_to satellite4 planet79 phenomenon64)
33.646: (turn_to satellite4 planet72 phenomenon64)
33.646: (turn_to satellite4 planet81 phenomenon64)
33.646: (turn_to satellite4 star75 phenomenon64)
33.115: (turn_to satellite4 phenomenon69 planet72)
33.115: (turn_to satellite4 star56 planet72)
33.115: (turn_to satellite4 planet66 planet72)
33.115: (turn_to satellite4 phenomenon65 planet72)
33.118: (turn_to satellite3 star35 groundstation3)
32.350: (take_image satellite4 planet66 instrument14 image0)
32.739: (take_image satellite4 phenomenon65 instrument14 image0)
32.847: (take_image satellite4 phenomenon69 instrument14 image0)
32.889: (take_image satellite4 star56 instrument14 image0)
33.101: (turn_to satellite3 star35 groundstation3)
31.825: (turn_to satellite4 star75 phenomenon69)
31.826: (turn_to satellite4 star57 phenomenon69)
31.826: (turn_to satellite4 planet58 phenomenon69)
31.826: (turn_to satellite4 planet60 phenomenon69)
31.826: (turn_to satellite4 planet72 phenomenon69)
31.813: (turn_to satellite1 groundstation7 groundstation49)
31.834: (turn_to satellite3 star35 groundstation3)
31.837: (turn_to satellite4 planet81 planet58)
31.849: (turn_to satellite4 planet70 planet58)
31.850: (turn_to satellite4 star68 planet58)
31.435: (take_image satellite4 star68 instrument14 infrared3)
31.444: (take_image satellite4 planet70 instrument14 infrared3)
31.705: (turn_to satellite4 phenomenon53 planet70)
31.705: (turn_to satellite4 star52 planet70)
31.705: (turn_to satellite4 star51 planet70)
30.878: (turn_to satellite4 planet70 star68)
30.988: (turn_to satellite4 planet81 planet70)
30.988: (turn_to satellite4 star75 planet70)
30.988: (turn_to satellite4 planet60 planet70)
30.988: (turn_to satellite4 planet72 planet70)
30.042: (take_image satellite4 planet70 instrument14 infrared3)
30.472: (turn_to satellite4 star68 star75)
30.527: (turn_to satellite1 groundstation7 groundstation49)
30.532: (turn_to satellite3 star35 groundstation3)
30.550: (turn_to satellite4 star51 star75)
29.602: (turn_to satellite4 phenomenon54 planet70)
29.602: (turn_to satellite4 phenomenon63 planet70)
29.602: (turn_to satellite4 planet67 planet70)
29.602: (turn_to satellite4 phenomenon61 planet70)
29.604: (turn_to satellite4 planet79 planet70)
29.090: (turn_to satellite1 groundstation7 groundstation49)
29.167: (turn_to satellite1 star5 groundstation49)
29.169: (turn_to satellite4 planet66 planet67)
29.169: (turn_to satellite4 phenomenon83 planet67)
29.169: (turn_to satellite4 planet76 planet67)
28.353: (take_image satellite4 planet66 instrument14 image0)
28.359: (take_image satellite4 phenomenon83 instrument14 image0)
28.800: (take_image satellite4 planet76 instrument14 image0)
29.132: (turn_to satellite4 phenomenon65 planet66)
29.132: (turn_to satellite4 star56 planet66)
28.243: (turn_to satellite4 planet81 planet76)
28.243: (turn_to satellite4 planet58 planet76)
28.243: (turn_to satellite4 star57 planet76)
28.243: (turn_to satellite4 planet60 planet76)
28.243: (turn_to satellite4 phenomenon53 planet76)
27.842: (turn_to satellite3 phenomenon62 groundstation3)
27.859: (turn_to satellite4 phenomenon83 star57)
27.859: (turn_to satellite4 planet66 star57)
27.859: (turn_to satellite4 phenomenon65 star57)
27.859: (turn_to satellite4 star56 star57)
27.063: (take_image satellite4 planet66 instrument14 image0)
27.483: (take_image satellite4 phenomenon65 instrument14 image0)
27.716: (take_image satellite4 phenomenon83 instrument14 image0)
27.728: (take_image satellite0 phenomenon84 instrument0 thermograph2)
27.795: (take_image satellite0 phenomenon84 instrument0 image0)
26.937: (turn_to satellite4 planet81 phenomenon65)
26.937: (turn_to satellite4 star75 phenomenon65)
26.937: (turn_to satellite4 planet72 phenomenon65)
26.944: (turn_to satellite4 star51 phenomenon65)
26.944: (turn_to satellite4 star52 phenomenon65)
26.524: (turn_to satellite3 phenomenon62 groundstation3)
26.541: (turn_to satellite3 star52 groundstation3)
26.547: (turn_to satellite3 planet55 groundstation3)
26.547: (turn_to satellite3 phenomenon65 groundstation3)
26.553: (turn_to satellite3 star71 groundstation3)
26.547: (turn_to satellite3 phenomenon69 star71)
26.602: (turn_to satellite3 planet72 star71)
26.613: (turn_to satellite3 groundstation34 planet55)
26.613: (turn_to satellite3 star0 planet55)
26.621: (turn_to satellite3 star35 planet55)
26.415: (take_image satellite0 phenomenon84 instrument0 thermograph2)
26.428: (turn_to satellite0 planet81 phenomenon84)
26.439: (turn_to satellite0 planet79 phenomenon84)
26.454: (take_image satellite0 phenomenon84 instrument0 image0)
26.454: (take_image satellite0 phenomenon84 instrument0 thermograph1)
25.755: (take_image satellite0 planet79 instrument0 thermograph1)
25.932: (take_image satellite0 planet81 instrument0 thermograph2)
26.570: (turn_to satellite4 star28 star52)
26.595: (turn_to satellite3 phenomenon62 star0)
26.615: (turn_to satellite3 star35 star0)
25.055: (turn_to satellite0 phenomenon84 planet81)
25.116: (turn_to satellite0 phenomenon54 planet81)
25.137: (turn_to satellite0 planet79 planet81)
25.137: (turn_to satellite0 planet67 planet81)
25.137: (turn_to satellite0 phenomenon63 planet81)
23.310: (take_image satellite0 planet67 instrument0 thermograph1)
23.824: (take_image satellite0 planet79 instrument0 thermograph1)
24.194: (take_image satellite0 phenomenon54 instrument0 thermograph1)
24.225: (turn_to satellite3 star5 star0)
24.247: (turn_to satellite3 star5 star0)
23.022: (turn_to satellite0 planet58 phenomenon54)
23.028: (turn_to satellite0 planet72 phenomenon54)
23.028: (turn_to satellite0 planet60 phenomenon54)
23.034: (turn_to satellite0 star57 phenomenon54)
23.034: (turn_to satellite0 phenomenon53 phenomenon54)
22.078: (take_image satellite0 phenomenon53 instrument0 thermograph2)
22.085: (take_image satellite0 star57 instrument0 thermograph2)
22.442: (turn_to satellite3 groundstation49 star0)
22.486: (turn_to satellite3 star5 star0)
22.491: (turn_to satellite3 groundstation49 star0)
21.882: (take_image satellite0 star57 instrument0 thermograph2)
22.031: (turn_to satellite0 phenomenon84 star57)
22.109: (turn_to satellite0 phenomenon84 phenomenon53)
22.161: (turn_to satellite0 star56 star57)
22.161: (turn_to satellite0 planet66 star57)
20.751: (take_image satellite0 star56 instrument0 image0)
21.213: (turn_to satellite3 groundstation49 star0)
21.230: (turn_to satellite3 groundstation49 star0)
21.295: (turn_to satellite0 planet79 star56)
21.295: (turn_to satellite0 planet74 star56)
20.759: (take_image satellite0 planet79 instrument0 thermograph1)
20.776: (turn_to satellite0 phenomenon84 star56)
20.856: (turn_to satellite0 phenomenon83 star56)
20.857: (turn_to satellite0 planet66 star56)
20.861: (turn_to satellite0 planet74 star56)
19.446: (take_image satellite0 planet66 instrument0 image0)
19.814: (turn_to satellite3 groundstation49 star0)
19.852: (turn_to satellite3 star5 star0)
19.882: (turn_to satellite3 groundstation7 star0)
19.896: (turn_to satellite3 groundstation49 star0)
19.326: (take_image satellite0 planet74 instrument0 thermograph1)
19.475: (turn_to satellite0 phenomenon84 planet66)
19.517: (turn_to satellite0 phenomenon83 planet66)
19.558: (turn_to satellite0 planet74 planet66)
19.558: (turn_to satellite0 planet79 planet66)
18.108: (take_image satellite0 planet74 instrument0 thermograph1)
18.512: (turn_to satellite3 groundstation49 star0)
18.544: (turn_to satellite3 star5 star0)
18.576: (turn_to satellite3 groundstation7 star0)
18.596: (turn_to satellite3 groundstation49 star0)
18.028: (take_image satellite0 planet79 instrument0 thermograph1)
18.177: (turn_to satellite0 phenomenon84 planet74)
18.206: (turn_to satellite0 phenomenon83 planet74)
18.253: (turn_to satellite0 planet79 planet74)
18.254: (turn_to satellite0 planet67 planet74)
16.772: (take_image satellite0 planet79 instrument0 thermograph1)
17.199: (turn_to satellite3 groundstation49 star0)
17.233: (turn_to satellite3 star5 star0)
17.264: (turn_to satellite3 groundstation7 star0)
17.283: (turn_to satellite3 groundstation49 star0)
16.536: (take_image satellite0 planet79 instrument0 thermograph1)
16.698: (take_image satellite0 planet67 instrument0 thermograph1)
16.853: (turn_to satellite0 phenomenon84 planet79)
16.895: (turn_to satellite0 phenomenon83 planet79)
16.943: (turn_to satellite0 planet67 planet79)
15.877: (turn_to satellite3 groundstation49 star0)
15.898: (turn_to satellite3 groundstation49 star0)
15.913: (turn_to satellite3 star5 star0)
15.934: (turn_to satellite3 groundstation7 star0)
15.980: (turn_to satellite3 star52 star0)
15.364: (take_image satellite0 planet67 instrument0 thermograph1)
15.696: (take_image satellite0 planet67 instrument0 thermograph1)
15.997: (turn_to satellite1 groundstation7 groundstation49)
16.010: (turn_to satellite3 planet76 star52)
16.010: (turn_to satellite3 phenomenon73 star52)
15.417: (take_image satellite0 planet67 instrument0 thermograph1)
15.599: (turn_to satellite0 phenomenon83 planet67)
15.663: (turn_to satellite0 phenomenon84 planet67)
15.674: (turn_to satellite0 phenomenon84 planet67)
15.688: (turn_to satellite0 phenomenon83 planet67)
14.569: (take_image satellite0 phenomenon83 instrument0 image0)
14.619: (turn_to satellite0 phenomenon61 phenomenon83)
14.619: (turn_to satellite0 phenomenon63 phenomenon83)
14.625: (turn_to satellite0 phenomenon53 phenomenon83)
14.625: (turn_to satellite0 star51 phenomenon83)
14.300: (take_image satellite0 star51 instrument0 thermograph2)
14.494: (turn_to satellite0 phenomenon84 phenomenon83)
14.564: (turn_to satellite0 planet72 phenomenon83)
14.565: (turn_to satellite0 star75 phenomenon83)
14.575: (switch_on instrument6 satellite1)
13.458: (take_image satellite0 star75 instrument0 thermograph2)
13.670: (turn_to satellite3 phenomenon84 groundstation7)
13.698: (turn_to satellite3 star52 groundstation7)
13.710: (turn_to satellite3 star75 groundstation7)
13.748: (turn_to satellite3 planet79 groundstation7)
13.204: (take_image satellite0 star75 instrument0 thermograph2)
13.289: (turn_to satellite0 phenomenon84 star75)
13.370: (turn_to satellite0 phenomenon63 star75)
13.370: (turn_to satellite0 phenomenon61 star75)
13.392: (turn_to satellite0 planet60 star75)
12.281: (turn_to satellite3 phenomenon84 groundstation7)
12.290: (take_image satellite0 phenomenon61 instrument0 thermograph1)
12.419: (turn_to satellite3 planet72 groundstation7)
12.430: (turn_to satellite3 phenomenon84 groundstation7)
12.454: (turn_to satellite3 phenomenon63 groundstation7)
11.881: (take_image satellite0 phenomenon61 instrument0 thermograph1)
12.082: (switch_on instrument11 satellite3)
12.252: (take_image satellite0 phenomenon61 instrument0 thermograph1)
12.297: (turn_to satellite4 phenomenon84 star52)
12.344: (switch_on instrument9 satellite3)
11.700: (take_image satellite0 phenomenon61 instrument0 thermograph1)
11.838: (take_image satellite4 phenomenon84 instrument14 infrared3)
11.941: (turn_to satellite0 phenomenon63 phenomenon61)
11.990: (turn_to satellite0 phenomenon84 phenomenon61)
12.012: (take_image satellite0 phenomenon61 instrument0 thermograph1)
11.069: (turn_to satellite0 phenomenon84 phenomenon61)
11.082: (turn_to satellite0 phenomenon53 phenomenon61)
11.094: (turn_to satellite0 star51 phenomenon61)
11.153: (turn_to satellite4 phenomenon63 star52)
11.186: (turn_to satellite0 planet60 phenomenon61)
10.858: (take_image satellite0 planet60 instrument0 thermograph2)
10.961: (turn_to satellite3 phenomenon84 phenomenon63)
10.994: (switch_on instrument6 satellite1)
11.025: (turn_to satellite4 phenomenon84 star52)
11.093: (turn_to satellite0 planet58 planet60)
10.476: (take_image satellite0 planet60 instrument0 thermograph2)
10.480: (take_image satellite4 phenomenon84 instrument14 infrared3)
10.527: (turn_to satellite0 phenomenon84 planet60)
10.613: (turn_to satellite0 star51 planet60)
10.614: (turn_to satellite0 phenomenon53 planet60)
9.480: (take_image satellite0 phenomenon53 instrument0 thermograph2)
9.825: (switch_on instrument6 satellite1)
9.837: (turn_to satellite3 phenomenon84 phenomenon63)
9.889: (turn_to satellite4 phenomenon84 star52)
9.893: (turn_to satellite4 phenomenon84 star52)
8.863: (take_image satellite4 phenomenon84 instrument14 infrared3)
9.328: (take_image satellite0 phenomenon53 instrument0 thermograph2)
9.331: (take_image satellite4 phenomenon84 instrument14 infrared3)
9.350: (take_image satellite0 star51 instrument0 thermograph2)
9.499: (turn_to satellite0 phenomenon84 phenomenon53)
8.616: (switch_on instrument6 satellite1)
8.743: (turn_to satellite0 phenomenon53 star51)
8.747: (turn_to satellite0 planet58 star51)
8.747: (turn_to satellite0 planet72 star51)
8.761: (switch_off instrument9 satellite3)
8.170: (take_image satellite0 planet72 instrument0 thermograph2)
8.202: (take_image satellite4 phenomenon84 instrument14 infrared3)
8.646: (take_image satellite4 phenomenon84 instrument14 infrared3)
8.648: (switch_on instrument11 satellite3)
8.729: (turn_to satellite0 star52 planet72)
7.744: (take_image satellite4 phenomenon84 instrument14 infrared3)
7.968: (turn_to satellite4 planet58 phenomenon84)
7.968: (turn_to satellite4 phenomenon53 phenomenon84)
7.980: (turn_to satellite4 star52 phenomenon84)
7.981: (turn_to satellite4 phenomenon62 phenomenon84)
6.418: (take_image satellite0 planet72 instrument0 thermograph2)
6.611: (take_image satellite0 planet72 instrument0 thermograph2)
6.805: (switch_on instrument6 satellite1)
6.924: (turn_to satellite0 star52 planet72)
6.924: (turn_to satellite0 phenomenon53 planet72)
6.396: (take_image satellite0 phenomenon53 instrument0 thermograph2)
6.699: (take_image satellite4 phenomenon62 instrument14 thermograph4)
6.776: (take_image satellite4 phenomenon62 instrument14 thermograph4)
6.814: (switch_on instrument6 satellite1)
6.916: (turn_to satellite0 phenomenon53 planet72)
5.242: (take_image satellite0 phenomenon53 instrument0 thermograph2)
5.676: (switch_on instrument6 satellite1)
5.813: (turn_to satellite0 star52 phenomenon53)
5.813: (turn_to satellite0 planet58 phenomenon53)
5.832: (switch_on instrument5 satellite1)
5.284: (take_image satellite0 planet58 instrument0 thermograph2)
5.289: (take_image satellite0 phenomenon53 instrument0 thermograph2)
5.456: (take_image satellite4 phenomenon62 instrument14 thermograph4)
5.562: (take_image satellite4 phenomenon62 instrument14 thermograph4)
5.637: (take_image satellite4 phenomenon62 instrument14 thermograph4)
4.539: (turn_to satellite1 phenomenon84 groundstation49)
4.539: (turn_to satellite1 planet70 groundstation49)
4.539: (turn_to satellite1 star68 groundstation49)
4.539: (turn_to satellite1 phenomenon64 groundstation49)
4.546: (turn_to satellite1 phenomenon53 groundstation49)
4.043: (turn_to satellite0 star52 phenomenon53)
4.043: (turn_to satellite0 planet58 phenomenon53)
4.275: (turn_to satellite0 phenomenon63 phenomenon53)
4.488: (take_image satellite0 phenomenon53 instrument0 thermograph1)
4.537: (turn_to satellite0 planet67 phenomenon53)
4.531: (take_image satellite0 planet67 instrument0 thermograph2)
4.537: (turn_to satellite0 phenomenon54 planet67)
4.537: (turn_to satellite0 phenomenon61 planet67)
4.537: (turn_to satellite0 planet74 planet67)
4.537: (turn_to satellite0 planet79 planet67)
4.531: (take_image satellite0 planet79 instrument0 thermograph2)
4.552: (turn_to satellite1 phenomenon84 phenomenon53)
4.552: (turn_to satellite1 phenomenon64 phenomenon53)
4.552: (turn_to satellite1 star68 phenomenon53)
4.552: (turn_to satellite1 planet70 phenomenon53)
3.980: (turn_to satellite0 planet58 planet74)
3.980: (turn_to satellite0 star52 planet74)
4.228: (turn_to satellite0 phenomenon63 planet74)
4.448: (take_image satellite0 planet74 instrument0 thermograph2)
4.473: (turn_to satellite0 planet67 planet74)
4.458: (take_image satellite0 planet67 instrument0 thermograph2)
4.473: (turn_to satellite0 phenomenon54 planet67)
4.473: (turn_to satellite0 phenomenon61 planet67)
4.473: (turn_to satellite0 planet79 planet67)
4.502: (turn_to satellite0 planet81 planet67)
4.488: (take_image satellite0 planet81 instrument0 thermograph1)
4.502: (turn_to satellite0 star51 planet81)
4.502: (turn_to satellite0 star57 planet81)
4.502: (turn_to satellite0 planet60 planet81)
4.502: (turn_to satellite0 planet72 planet81)
4.488: (take_image satellite0 planet72 instrument0 thermograph1)
4.502: (turn_to satellite0 star75 planet72)
4.503: (take_image satellite0 planet72 instrument0 image0)
4.527: (turn_to satellite3 planet58 phenomenon63)
4.527: (turn_to satellite3 star52 phenomenon63)
4.011: (turn_to satellite0 phenomenon63 planet72)
4.064: (turn_to satellite0 planet58 planet72)
4.182: (turn_to satellite0 star52 planet72)
4.519: (take_image satellite0 planet72 instrument0 image0)
4.527: (turn_to satellite0 star57 planet72)
4.091: (turn_to satellite0 phenomenon63 planet72)
4.143: (turn_to satellite0 planet58 planet72)
4.287: (take_image satellite0 phenomenon63 instrument0 thermograph1)
4.371: (turn_to satellite0 star52 planet72)
4.519: (take_image satellite0 star57 instrument0 image0)
3.812: (turn_to satellite0 planet58 phenomenon63)
4.021: (turn_to satellite0 phenomenon63 star57)
4.052: (turn_to satellite3 phenomenon63 star52)
4.063: (turn_to satellite0 planet58 star57)
4.143: (turn_to satellite3 planet58 star52)
3.009: (take_image satellite0 planet58 instrument0 thermograph2)
3.355: (take_image satellite0 star52 instrument0 thermograph2)
3.393: (take_image satellite0 planet58 instrument0 thermograph2)
3.454: (turn_to satellite1 groundstation49 planet70)
3.458: (switch_off instrument14 satellite4)
2.444: (take_image satellite0 planet58 instrument0 thermograph2)
2.470: (take_image satellite0 planet58 instrument0 thermograph2)
2.625: (switch_on instrument14 satellite4)
2.688: (turn_to satellite0 star52 planet58)
2.817: (turn_to satellite3 phenomenon59 star52)
1.532: (switch_off instrument9 satellite3)
1.584: (turn_to satellite3 phenomenon62 star52)
1.606: (turn_to satellite3 planet70 star52)
1.630: (turn_to satellite3 planet67 star52)
1.630: (turn_to satellite3 phenomenon54 star52)
1.180: (take_image satellite0 star52 instrument0 thermograph2)
1.373: (take_image satellite0 star52 instrument0 thermograph2)
1.397: (switch_off instrument9 satellite3)
1.551: (switch_off instrument9 satellite3)
1.594: (take_image satellite4 phenomenon62 instrument14 image0)
1.121: (take_image satellite0 star52 instrument0 thermograph2)
1.177: (take_image satellite0 star52 instrument0 thermograph2)
1.347: (switch_off instrument9 satellite3)
1.413: (turn_to satellite3 planet70 planet67)
1.415: (take_image satellite4 phenomenon62 instrument14 image0)
1.002: (take_image satellite0 star52 instrument0 thermograph2)
1.373: (take_image satellite4 phenomenon62 instrument14 image0)
1.407: (take_image satellite4 phenomenon62 instrument14 infrared3)
1.431: (turn_to satellite1 planet82 planet70)
1.431: (turn_to satellite1 planet77 planet70)
0.949: (take_image satellite0 star52 instrument0 thermograph2)
1.020: (take_image satellite0 star52 instrument0 thermograph2)
1.402: (take_image satellite4 phenomenon62 instrument14 image0)
1.427: (take_image satellite4 phenomenon62 instrument14 infrared3)
1.430: (turn_to satellite3 phenomenon64 planet70)
0.995: (take_image satellite0 star52 instrument0 thermograph2)
1.020: (take_image satellite0 star52 instrument0 thermograph2)
1.399: (take_image satellite4 phenomenon62 instrument14 image0)
1.420: (switch_on instrument8 satellite2)
1.427: (turn_to satellite1 planet80 planet82)
0.950: (take_image satellite0 star52 instrument0 thermograph2)
1.214: (take_image satellite0 star52 instrument0 thermograph2)
1.407: (switch_on instrument8 satellite2)
1.446: (take_image satellite4 phenomenon62 instrument14 image0)
1.455: (turn_to satellite1 phenomenon64 planet82)
1.125: (take_image satellite0 star52 instrument0 thermograph2)
1.199: (take_image satellite0 star52 instrument0 thermograph2)
1.406: (switch_off instrument8 satellite2)
1.428: (turn_to satellite1 phenomenon64 planet82)
1.441: (take_image satellite4 phenomenon62 instrument14 infrared3)
1.136: (take_image satellite0 star52 instrument0 thermograph2)
1.188: (take_image satellite0 star52 instrument0 thermograph2)
1.377: (switch_off instrument8 satellite2)
1.423: (take_image satellite4 phenomenon62 instrument14 infrared3)
1.438: (take_image satellite0 star52 instrument0 thermograph1)
1.098: (take_image satellite0 star52 instrument0 thermograph2)
1.185: (take_image satellite0 star52 instrument0 thermograph2)
1.383: (switch_off instrument8 satellite2)
1.441: (turn_to satellite1 phenomenon59 phenomenon64)
1.441: (turn_to satellite1 planet50 phenomenon64)
1.136: (take_image satellite0 star52 instrument0 thermograph2)
1.195: (take_image satellite0 star52 instrument0 thermograph2)
1.397: (switch_off instrument8 satellite2)
1.438: (take_image satellite0 star52 instrument0 thermograph1)
1.441: (turn_to satellite3 phenomenon84 phenomenon64)
1.136: (take_image satellite0 star52 instrument0 thermograph2)
1.154: (take_image satellite0 star52 instrument0 thermograph2)
1.425: (turn_to satellite1 star51 planet50)
1.425: (turn_to satellite1 planet81 planet50)
1.425: (turn_to satellite1 star75 planet50)
1.118: (take_image satellite0 star52 instrument0 thermograph2)
1.189: (take_image satellite0 star52 instrument0 thermograph2)
1.422: (turn_to satellite3 star68 phenomenon64)
1.422: (turn_to satellite3 planet70 phenomenon64)
1.422: (turn_to satellite3 phenomenon84 phenomenon64)
1.118: (take_image satellite0 star52 instrument0 thermograph2)
1.189: (take_image satellite0 star52 instrument0 thermograph2)
1.425: (turn_to satellite1 star51 planet81)
1.425: (turn_to satellite1 planet60 planet81)
1.425: (turn_to satellite1 planet58 planet81)
1.118: (take_image satellite0 star52 instrument0 thermograph2)
1.189: (take_image satellite0 star52 instrument0 thermograph2)
1.422: (turn_to satellite3 phenomenon64 planet70)
1.422: (turn_to satellite3 star68 planet70)
1.422: (turn_to satellite3 phenomenon84 planet70)
1.118: (take_image satellite0 star52 instrument0 thermograph2)
1.189: (take_image satellite0 star52 instrument0 thermograph2)
1.425: (turn_to satellite1 star57 planet60)
1.425: (turn_to satellite1 planet72 planet60)
1.425: (turn_to satellite1 planet58 planet60)
1.118: (take_image satellite0 star52 instrument0 thermograph2)
1.189: (take_image satellite0 star52 instrument0 thermograph2)
1.422: (turn_to satellite3 phenomenon84 star68)
1.422: (turn_to satellite3 planet70 star68)
1.422: (turn_to satellite3 phenomenon64 star68)
1.118: (take_image satellite0 star52 instrument0 thermograph2)
1.189: (take_image satellite0 star52 instrument0 thermograph2)
1.425: (turn_to satellite1 star57 planet72)
1.425: (turn_to satellite1 phenomenon53 planet72)
1.425: (turn_to satellite1 star75 planet72)
1.118: (take_image satellite0 star52 instrument0 thermograph2)
1.189: (take_image satellite0 star52 instrument0 thermograph2)
1.425: (turn_to satellite3 phenomenon64 planet70)
1.425: (turn_to satellite3 star68 planet70)
1.425: (turn_to satellite3 phenomenon84 planet70)
1.118: (take_image satellite0 star52 instrument0 thermograph2)
1.189: (take_image satellite0 star52 instrument0 thermograph2)
1.422: (turn_to satellite1 star75 phenomenon53)
1.422: (turn_to satellite1 star51 phenomenon53)
1.446: (switch_off instrument8 satellite2)
0.956: (take_image satellite0 star52 instrument0 thermograph2)
1.189: (take_image satellite0 star52 instrument0 thermograph2)
1.425: (turn_to satellite3 phenomenon84 star68)
1.446: (switch_off instrument8 satellite2)
1.464: (turn_to satellite1 star68 star51)
1.026: (take_image satellite0 star52 instrument0 thermograph2)
1.077: (take_image satellite0 star52 instrument0 thermograph2)
1.433: (turn_to satellite1 star68 star51)
1.445: (turn_to satellite1 planet72 star51)
1.445: (turn_to satellite1 planet81 star51)
1.001: (take_image satellite0 star52 instrument0 thermograph2)
1.026: (take_image satellite0 star52 instrument0 thermograph2)
1.445: (turn_to satellite3 planet70 star68)
1.445: (turn_to satellite3 phenomenon64 star68)
1.445: (turn_to satellite3 phenomenon84 star68)
1.002: (take_image satellite0 star52 instrument0 thermograph2)
1.026: (take_image satellite0 star52 instrument0 thermograph2)
1.436: (turn_to satellite1 phenomenon64 planet72)
1.448: (turn_to satellite1 phenomenon53 planet72)
1.448: (turn_to satellite1 star57 planet72)
1.002: (take_image satellite0 star52 instrument0 thermograph2)
1.026: (take_image satellite0 star52 instrument0 thermograph2)
1.381: (switch_on instrument8 satellite2)
1.444: (turn_to satellite3 phenomenon84 phenomenon64)
1.445: (turn_to satellite1 star75 phenomenon53)
0.952: (take_image satellite0 star52 instrument0 thermograph2)
1.027: (take_image satellite0 star52 instrument0 thermograph2)
1.436: (turn_to satellite1 phenomenon84 phenomenon53)
1.445: (turn_to satellite3 planet70 phenomenon84)
1.448: (turn_to satellite1 star75 phenomenon53)
1.002: (take_image satellite0 star52 instrument0 thermograph2)
1.026: (take_image satellite0 star52 instrument0 thermograph2)
1.381: (switch_on instrument8 satellite2)
1.433: (turn_to satellite1 planet70 phenomenon53)
1.445: (turn_to satellite1 star75 phenomenon53)
0.969: (take_image satellite0 star52 instrument0 thermograph2)
1.002: (take_image satellite0 star52 instrument0 thermograph2)
1.445: (turn_to satellite1 planet81 planet70)
1.445: (turn_to satellite1 star57 planet70)
1.445: (turn_to satellite1 planet58 planet70)
1.002: (take_image satellite0 star52 instrument0 thermograph2)
1.026: (take_image satellite0 star52 instrument0 thermograph2)
1.445: (turn_to satellite3 phenomenon84 planet70)
1.445: (turn_to satellite3 star68 planet70)
1.448: (turn_to satellite1 star51 star57)
1.002: (take_image satellite0 star52 instrument0 thermograph2)
1.026: (take_image satellite0 star52 instrument0 thermograph2)
1.448: (turn_to satellite1 star75 star57)
1.448: (turn_to satellite1 planet58 star57)
1.448: (turn_to satellite1 planet60 star57)
1.002: (take_image satellite0 star52 instrument0 thermograph2)
1.026: (take_image satellite0 star52 instrument0 thermograph2)
1.445: (turn_to satellite3 phenomenon84 star68)
1.445: (turn_to satellite3 phenomenon64 star68)
1.463: (turn_to satellite1 planet50 planet58)
0.976: (take_image satellite0 star52 instrument0 thermograph2)
1.026: (take_image satellite0 star52 instrument0 thermograph2)
1.443: (switch_on instrument8 satellite2)
1.448: (turn_to satellite1 planet60 planet58)
1.448: (turn_to satellite1 planet81 planet58)
0.960: (take_image satellite0 star52 instrument0 thermograph2)
1.026: (take_image satellite0 star52 instrument0 thermograph2)
1.445: (turn_to satellite3 phenomenon84 phenomenon64)
1.445: (turn_to satellite3 planet70 phenomenon64)
1.448: (turn_to satellite1 star51 planet60)
1.002: (take_image satellite0 star52 instrument0 thermograph2)
1.026: (take_image satellite0 star52 instrument0 thermograph2)
1.463: (turn_to satellite1 planet50 planet60)
1.465: (turn_to satellite1 phenomenon62 planet60)
1.466: (turn_to satellite1 planet82 planet60)
0.911: (take_image satellite0 star52 instrument0 thermograph2)
0.976: (take_image satellite0 star52 instrument0 thermograph2)
1.443: (switch_on instrument8 satellite2)
1.448: (turn_to satellite1 phenomenon84 phenomenon62)
1.465: (turn_to satellite3 star68 planet70)
0.879: (take_image satellite0 star52 instrument0 thermograph2)
1.012: (take_image satellite0 star52 instrument0 thermograph2)
1.396: (switch_on instrument6 satellite1)
1.451: (turn_to satellite3 phenomenon62 planet70)
1.463: (turn_to satellite1 phenomenon59 phenomenon84)
0.927: (take_image satellite0 star52 instrument0 thermograph2)
0.948: (take_image satellite0 star52 instrument0 thermograph2)
1.443: (switch_on instrument8 satellite2)
1.451: (turn_to satellite1 planet70 phenomenon84)
1.451: (turn_to satellite1 star68 phenomenon84)
0.900: (take_image satellite0 star52 instrument0 thermograph2)
0.948: (take_image satellite0 star52 instrument0 thermograph2)
1.447: (switch_on instrument8 satellite2)
1.451: (turn_to satellite1 phenomenon64 planet70)
1.463: (turn_to satellite3 planet82 phenomenon62)
0.948: (take_image satellite0 star52 instrument0 thermograph2)
0.974: (take_image satellite0 star52 instrument0 thermograph2)
1.443: (switch_on instrument8 satellite2)
1.463: (turn_to satellite3 planet78 phenomenon62)
1.463: (turn_to satellite3 planet82 phenomenon62)
0.976: (take_image satellite0 star52 instrument0 thermograph2)
0.989: (take_image satellite0 star52 instrument0 thermograph2)
1.443: (switch_on instrument8 satellite2)
1.463: (turn_to satellite1 planet70 phenomenon64)
1.463: (turn_to satellite1 phenomenon84 phenomenon64)
0.943: (take_image satellite0 star52 instrument0 thermograph2)
0.989: (take_image satellite0 star52 instrument0 thermograph2)
1.443: (switch_on instrument8 satellite2)
1.463: (turn_to satellite1 star68 planet70)
1.466: (turn_to satellite3 planet77 planet78)
0.943: (take_image satellite0 star52 instrument0 thermograph2)
0.989: (take_image satellite0 star52 instrument0 thermograph2)
1.443: (switch_on instrument8 satellite2)
1.466: (turn_to satellite3 phenomenon59 planet78)
1.466: (turn_to satellite3 planet77 planet78)
0.943: (take_image satellite0 star52 instrument0 thermograph2)
0.989: (take_image satellite0 star52 instrument0 thermograph2)
1.443: (switch_on instrument8 satellite2)
1.463: (turn_to satellite1 phenomenon84 star68)
1.463: (turn_to satellite1 planet70 star68)
0.943: (take_image satellite0 star52 instrument0 thermograph2)
0.989: (take_image satellite0 star52 instrument0 thermograph2)
1.443: (switch_on instrument8 satellite2)
1.463: (turn_to satellite1 phenomenon64 phenomenon84)
1.466: (turn_to satellite3 planet77 phenomenon59)
0.940: (take_image satellite0 star52 instrument0 thermograph2)
0.989: (take_image satellite0 star52 instrument0 thermograph2)
1.443: (switch_on instrument8 satellite2)
1.466: (turn_to satellite3 planet80 phenomenon59)
1.466: (turn_to satellite3 planet77 phenomenon59)
0.943: (take_image satellite0 star52 instrument0 thermograph2)
0.989: (take_image satellite0 star52 instrument0 thermograph2)
1.443: (switch_on instrument8 satellite2)
1.463: (turn_to satellite1 phenomenon84 phenomenon64)
1.463: (turn_to satellite1 planet70 phenomenon64)
0.943: (take_image satellite0 star52 instrument0 thermograph2)
0.989: (take_image satellite0 star52 instrument0 thermograph2)
1.443: (switch_on instrument8 satellite2)
1.463: (turn_to satellite1 star68 phenomenon84)
1.466: (turn_to satellite3 planet50 planet80)
0.943: (take_image satellite0 star52 instrument0 thermograph2)
0.989: (take_image satellite0 star52 instrument0 thermograph2)
1.443: (switch_on instrument8 satellite2)
1.466: (turn_to satellite3 planet50 planet80)
1.466: (turn_to satellite3 planet82 planet80)
0.943: (take_image satellite0 star52 instrument0 thermograph2)
0.989: (take_image satellite0 star52 instrument0 thermograph2)
1.443: (switch_on instrument8 satellite2)
1.463: (turn_to satellite1 planet70 star68)
1.463: (turn_to satellite1 phenomenon64 star68)
0.943: (take_image satellite0 star52 instrument0 thermograph2)
0.989: (take_image satellite0 star52 instrument0 thermograph2)
1.443: (switch_on instrument8 satellite2)
1.472: (turn_to satellite3 phenomenon64 planet50)
1.472: (turn_to satellite3 phenomenon84 planet50)
0.954: (take_image satellite0 star52 instrument0 thermograph2)
1.012: (take_image satellite0 star52 instrument0 thermograph2)
1.462: (switch_on instrument8 satellite2)
1.463: (turn_to satellite1 phenomenon59 planet70)
1.463: (turn_to satellite1 planet50 planet70)
0.940: (take_image satellite0 star52 instrument0 thermograph2)
0.989: (take_image satellite0 star52 instrument0 thermograph2)
1.463: (turn_to satellite3 phenomenon84 phenomenon64)
1.463: (turn_to satellite3 star68 phenomenon64)
1.465: (turn_to satellite1 phenomenon62 phenomenon59)
0.883: (take_image satellite0 star52 instrument0 thermograph2)
0.989: (take_image satellite0 star52 instrument0 thermograph2)
1.396: (switch_on instrument6 satellite1)
1.463: (turn_to satellite1 planet82 phenomenon59)
1.463: (turn_to satellite1 planet77 phenomenon59)
0.927: (take_image satellite0 star52 instrument0 thermograph2)
0.989: (take_image satellite0 star52 instrument0 thermograph2)
1.443: (switch_on instrument8 satellite2)
1.463: (turn_to satellite1 planet80 planet82)
1.463: (turn_to satellite1 planet78 planet82)
0.947: (take_image satellite0 star52 instrument0 thermograph2)
0.989: (take_image satellite0 star52 instrument0 thermograph2)
1.443: (switch_on instrument8 satellite2)
1.466: (turn_to satellite3 planet70 star68)
1.466: (turn_to satellite3 phenomenon84 star68)
0.947: (take_image satellite0 star52 instrument0 thermograph2)
0.989: (take_image satellite0 star52 instrument0 thermograph2)
1.443: (switch_on instrument8 satellite2)
1.463: (turn_to satellite3 phenomenon64 planet70)
1.466: (turn_to satellite1 planet78 planet80)
0.947: (take_image satellite0 star52 instrument0 thermograph2)
0.989: (take_image satellite0 star52 instrument0 thermograph2)
1.443: (switch_on instrument8 satellite2)
1.466: (turn_to satellite1 planet77 planet80)
1.466: (turn_to satellite1 planet78 planet80)
0.947: (take_image satellite0 star52 instrument0 thermograph2)
0.989: (take_image satellite0 star52 instrument0 thermograph2)
1.443: (switch_on instrument8 satellite2)
1.463: (turn_to satellite1 planet82 planet77)
1.466: (turn_to satellite3 planet70 phenomenon64)
0.947: (take_image satellite0 star52 instrument0 thermograph2)
0.989: (take_image satellite0 star52 instrument0 thermograph2)
1.443: (switch_on instrument8 satellite2)
1.466: (turn_to satellite3 phenomenon84 phenomenon64)
1.469: (turn_to satellite1 phenomenon84 planet82)
0.950: (take_image satellite0 star52 instrument0 thermograph2)
0.989: (take_image satellite0 star52 instrument0 thermograph2)
1.448: (turn_to satellite1 planet81 planet82)
1.448: (turn_to satellite1 star51 planet82)
1.462: (switch_on instrument8 satellite2)
1.026: (take_image satellite0 star52 instrument0 thermograph2)
1.116: (take_image satellite0 star52 instrument0 thermograph2)
1.463: (turn_to satellite1 planet50 star51)
1.465: (turn_to satellite1 phenomenon62 star51)
1.466: (turn_to satellite1 planet77 star51)
0.911: (take_image satellite0 star52 instrument0 thermograph2)
0.976: (take_image satellite0 star52 instrument0 thermograph2)
1.443: (switch_on instrument8 satellite2)
1.466: (turn_to satellite1 planet78 phenomenon62)
1.471: (switch_on instrument6 satellite1)
0.989: (take_image satellite0 star52 instrument0 thermograph2)
1.024: (take_image satellite0 star52 instrument0 thermograph2)
1.472: (turn_to satellite1 phenomenon64 planet78)
1.472: (turn_to satellite1 star68 planet78)
1.483: (turn_to satellite1 planet67 planet78)
0.988: (take_image satellite0 star52 instrument0 thermograph2)
1.012: (take_image satellite0 star52 instrument0 thermograph2)
1.460: (switch_on instrument8 satellite2)
1.469: (turn_to satellite3 phenomenon64 phenomenon84)
1.469: (turn_to satellite3 planet70 phenomenon84)
0.954: (take_image satellite0 star52 instrument0 thermograph2)
1.012: (take_image satellite0 star52 instrument0 thermograph2)
1.462: (switch_on instrument8 satellite2)
1.480: (turn_to satellite1 planet67 star68)
1.480: (turn_to satellite1 planet79 star68)
0.992: (take_image satellite0 star52 instrument0 thermograph2)
1.079: (take_image satellite0 star52 instrument0 thermograph2)
1.460: (switch_on instrument8 satellite2)
1.480: (turn_to satellite3 star68 phenomenon64)
1.480: (turn_to satellite3 planet70 phenomenon64)
0.999: (take_image satellite0 star52 instrument0 thermograph2)
1.079: (take_image satellite0 star52 instrument0 thermograph2)
1.460: (switch_on instrument8 satellite2)
1.472: (turn_to satellite1 phenomenon84 planet67)
1.472: (turn_to satellite1 planet70 planet67)
0.950: (take_image satellite0 star52 instrument0 thermograph2)
1.012: (take_image satellite0 star52 instrument0 thermograph2)
1.462: (switch_on instrument8 satellite2)
1.466: (turn_to satellite3 planet82 star68)
1.469: (turn_to satellite1 phenomenon64 phenomenon84)
0.950: (take_image satellite0 star52 instrument0 thermograph2)
0.989: (take_image satellite0 star52 instrument0 thermograph2)
1.462: (switch_on instrument8 satellite2)
1.481: (turn_to satellite3 phenomenon54 planet82)
1.481: (turn_to satellite3 phenomenon61 planet82)
0.992: (take_image satellite0 star52 instrument0 thermograph2)
1.079: (take_image satellite0 star52 instrument0 thermograph2)
1.460: (switch_on instrument8 satellite2)
1.478: (turn_to satellite1 planet70 phenomenon84)
1.478: (turn_to satellite1 star68 phenomenon84)
0.999: (take_image satellite0 star52 instrument0 thermograph2)
1.079: (take_image satellite0 star52 instrument0 thermograph2)
1.460: (switch_on instrument8 satellite2)
1.478: (turn_to satellite1 phenomenon64 planet70)
1.481: (turn_to satellite3 planet74 phenomenon54)
0.999: (take_image satellite0 star52 instrument0 thermograph2)
1.079: (take_image satellite0 star52 instrument0 thermograph2)
1.460: (switch_on instrument8 satellite2)
1.472: (turn_to satellite3 planet70 phenomenon54)
1.481: (turn_to satellite3 planet74 phenomenon54)
0.996: (take_image satellite0 star52 instrument0 thermograph2)
1.012: (take_image satellite0 star52 instrument0 thermograph2)
1.460: (switch_on instrument8 satellite2)
1.480: (turn_to satellite1 phenomenon61 phenomenon64)
1.480: (turn_to satellite1 phenomenon63 phenomenon64)
0.999: (take_image satellite0 star52 instrument0 thermograph2)
1.079: (take_image satellite0 star52 instrument0 thermograph2)
1.460: (switch_on instrument8 satellite2)
1.480: (turn_to satellite3 star68 planet70)
1.480: (turn_to satellite3 phenomenon84 planet70)
0.996: (take_image satellite0 star52 instrument0 thermograph2)
1.079: (take_image satellite0 star52 instrument0 thermograph2)
1.460: (switch_on instrument8 satellite2)
1.480: (turn_to satellite3 phenomenon64 star68)
1.483: (turn_to satellite1 phenomenon54 phenomenon61)
0.996: (take_image satellite0 star52 instrument0 thermograph2)
1.079: (take_image satellite0 star52 instrument0 thermograph2)
1.460: (switch_on instrument8 satellite2)
1.483: (turn_to satellite1 planet74 phenomenon61)
1.483: (turn_to satellite1 phenomenon63 phenomenon61)
0.996: (take_image satellite0 star52 instrument0 thermograph2)
1.079: (take_image satellite0 star52 instrument0 thermograph2)
1.460: (switch_on instrument8 satellite2)
1.480: (turn_to satellite3 phenomenon84 phenomenon64)
1.480: (turn_to satellite3 star68 phenomenon64)
0.996: (take_image satellite0 star52 instrument0 thermograph2)
1.079: (take_image satellite0 star52 instrument0 thermograph2)
1.460: (switch_on instrument8 satellite2)
1.480: (turn_to satellite3 planet70 phenomenon84)
1.483: (turn_to satellite1 phenomenon54 planet74)
0.999: (take_image satellite0 star52 instrument0 thermograph2)
1.079: (take_image satellite0 star52 instrument0 thermograph2)
1.460: (switch_on instrument8 satellite2)
1.483: (turn_to satellite1 phenomenon54 planet74)
1.483: (turn_to satellite1 planet79 planet74)
0.996: (take_image satellite0 star52 instrument0 thermograph2)
1.079: (take_image satellite0 star52 instrument0 thermograph2)
1.460: (switch_on instrument8 satellite2)
1.480: (turn_to satellite3 phenomenon64 planet70)
1.503: (turn_to satellite3 phenomenon54 planet70)
1.033: (take_image satellite0 star52 instrument0 thermograph2)
1.079: (take_image satellite0 star52 instrument0 thermograph2)
1.450: (switch_on instrument6 satellite1)
1.485: (switch_on instrument8 satellite2)
1.515: (switch_on instrument11 satellite3)
0.968: (take_image satellite0 star52 instrument0 thermograph2)
1.292: (take_image satellite0 star52 instrument0 thermograph2)
1.502: (turn_to satellite3 planet70 phenomenon54)
1.502: (turn_to satellite3 phenomenon64 phenomenon54)
1.504: (turn_to satellite1 planet70 phenomenon54)
1.161: (take_image satellite0 star52 instrument0 thermograph2)
1.251: (take_image satellite0 star52 instrument0 thermograph2)
1.425: (turn_to satellite1 planet58 phenomenon54)
1.467: (turn_to satellite1 phenomenon64 phenomenon54)
1.483: (turn_to satellite1 planet80 phenomenon54)
1.097: (take_image satellite0 star52 instrument0 thermograph2)
1.143: (take_image satellite0 star52 instrument0 thermograph2)
1.465: (turn_to satellite3 planet58 phenomenon64)
1.465: (turn_to satellite3 planet81 phenomenon64)
1.465: (turn_to satellite3 star75 phenomenon64)
1.118: (take_image satellite0 star52 instrument0 thermograph2)
1.190: (take_image satellite0 star52 instrument0 thermograph2)
1.462: (turn_to satellite1 planet70 phenomenon64)
1.462: (turn_to satellite1 star68 phenomenon64)
1.462: (turn_to satellite1 phenomenon84 phenomenon64)
1.118: (take_image satellite0 star52 instrument0 thermograph2)
1.190: (take_image satellite0 star52 instrument0 thermograph2)
1.465: (turn_to satellite3 planet60 planet81)
1.465: (turn_to satellite3 star75 planet81)
1.465: (turn_to satellite3 star51 planet81)
1.118: (take_image satellite0 star52 instrument0 thermograph2)
1.190: (take_image satellite0 star52 instrument0 thermograph2)
1.462: (turn_to satellite3 planet72 star75)
1.465: (turn_to satellite1 phenomenon84 star68)
1.465: (turn_to satellite1 planet70 star68)
1.118: (take_image satellite0 star52 instrument0 thermograph2)
1.190: (take_image satellite0 star52 instrument0 thermograph2)
1.462: (turn_to satellite3 planet72 star75)
1.464: (turn_to satellite3 phenomenon84 star75)
1.472: (turn_to satellite1 star75 phenomenon84)
1.096: (take_image satellite0 star52 instrument0 thermograph2)
1.143: (take_image satellite0 star52 instrument0 thermograph2)
1.425: (turn_to satellite1 planet58 phenomenon84)
1.425: (turn_to satellite1 star57 phenomenon84)
1.479: (turn_to satellite3 star57 phenomenon84)
1.116: (take_image satellite0 star52 instrument0 thermograph2)
1.189: (take_image satellite0 star52 instrument0 thermograph2)
1.460: (turn_to satellite3 phenomenon62 phenomenon84)
1.478: (turn_to satellite3 planet82 phenomenon84)
1.478: (turn_to satellite3 planet80 phenomenon84)
1.127: (take_image satellite0 star52 instrument0 thermograph2)
1.186: (take_image satellite0 star52 instrument0 thermograph2)
1.472: (turn_to satellite3 star57 planet82)
1.478: (turn_to satellite1 planet60 star57)
1.478: (turn_to satellite1 planet58 star57)
1.127: (take_image satellite0 star52 instrument0 thermograph2)
1.186: (take_image satellite0 star52 instrument0 thermograph2)
1.471: (turn_to satellite3 phenomenon62 planet82)
1.472: (turn_to satellite3 planet60 planet82)
1.478: (turn_to satellite1 phenomenon53 planet60)
1.127: (take_image satellite0 star52 instrument0 thermograph2)
1.174: (take_image satellite0 star52 instrument0 thermograph2)
1.462: (turn_to satellite1 phenomenon84 planet60)
1.462: (turn_to satellite1 phenomenon64 planet60)
1.462: (turn_to satellite1 planet70 planet60)
1.118: (take_image satellite0 star52 instrument0 thermograph2)
1.190: (take_image satellite0 star52 instrument0 thermograph2)
1.465: (turn_to satellite3 star51 planet60)
1.465: (turn_to satellite3 phenomenon53 planet60)
1.465: (turn_to satellite3 star57 planet60)
1.118: (take_image satellite0 star52 instrument0 thermograph2)
1.190: (take_image satellite0 star52 instrument0 thermograph2)
1.462: (turn_to satellite1 star68 phenomenon64)
1.462: (turn_to satellite1 planet70 phenomenon64)
1.462: (turn_to satellite1 phenomenon84 phenomenon64)
1.118: (take_image satellite0 star52 instrument0 thermograph2)
1.190: (take_image satellite0 star52 instrument0 thermograph2)
1.465: (turn_to satellite3 star51 phenomenon53)
1.465: (turn_to satellite3 planet72 phenomenon53)
1.465: (turn_to satellite3 planet58 phenomenon53)
1.118: (take_image satellite0 star52 instrument0 thermograph2)
1.190: (take_image satellite0 star52 instrument0 thermograph2)
1.464: (turn_to satellite3 planet70 planet72)
1.465: (turn_to satellite1 phenomenon64 planet70)
1.472: (turn_to satellite1 planet72 planet70)
1.096: (take_image satellite0 star52 instrument0 thermograph2)
1.190: (take_image satellite0 star52 instrument0 thermograph2)
1.481: (turn_to satellite3 planet78 planet72)
1.481: (turn_to satellite3 planet80 planet72)
1.485: (turn_to satellite3 phenomenon62 planet72)
1.023: (take_image satellite0 star52 instrument0 thermograph2)
1.154: (take_image satellite0 star52 instrument0 thermograph2)
1.478: (turn_to satellite1 planet60 phenomenon64)
1.478: (turn_to satellite1 planet58 phenomenon64)
1.478: (turn_to satellite1 phenomenon53 phenomenon64)
1.127: (take_image satellite0 star52 instrument0 thermograph2)
1.186: (take_image satellite0 star52 instrument0 thermograph2)
1.471: (turn_to satellite3 phenomenon62 planet80)
1.472: (turn_to satellite3 planet58 planet80)
1.478: (turn_to satellite1 star51 planet58)
1.127: (take_image satellite0 star52 instrument0 thermograph2)
1.174: (take_image satellite0 star52 instrument0 thermograph2)
1.465: (turn_to satellite1 star68 planet58)
1.465: (turn_to satellite1 phenomenon84 planet58)
1.478: (turn_to satellite3 phenomenon59 planet58)
1.127: (take_image satellite0 star52 instrument0 thermograph2)
1.190: (take_image satellite0 star52 instrument0 thermograph2)
1.465: (turn_to satellite3 star51 planet58)
1.480: (turn_to satellite3 phenomenon62 planet58)
1.483: (turn_to satellite3 planet80 planet58)
1.097: (take_image satellite0 star52 instrument0 thermograph2)
1.102: (take_image satellite0 star52 instrument0 thermograph2)
1.471: (turn_to satellite1 star51 phenomenon84)
1.471: (turn_to satellite1 star75 phenomenon84)
1.471: (turn_to satellite1 planet72 phenomenon84)
1.106: (take_image satellite0 star52 instrument0 thermograph2)
1.182: (take_image satellite0 star52 instrument0 thermograph2)
1.471: (turn_to satellite1 planet81 star75)
1.471: (turn_to satellite1 phenomenon53 star75)
1.478: (turn_to satellite3 planet82 phenomenon62)
1.129: (take_image satellite0 star52 instrument0 thermograph2)
1.182: (take_image satellite0 star52 instrument0 thermograph2)
1.478: (turn_to satellite3 planet77 phenomenon62)
1.478: (turn_to satellite3 planet78 phenomenon62)
1.480: (turn_to satellite1 planet70 phenomenon53)
1.023: (take_image satellite0 star52 instrument0 thermograph2)
1.186: (take_image satellite0 star52 instrument0 thermograph2)
1.472: (turn_to satellite3 phenomenon53 planet78)
1.478: (turn_to satellite1 star57 phenomenon53)
1.478: (turn_to satellite1 star51 phenomenon53)
1.127: (take_image satellite0 star52 instrument0 thermograph2)
1.186: (take_image satellite0 star52 instrument0 thermograph2)
1.478: (turn_to satellite1 planet58 star57)
1.478: (turn_to satellite1 planet60 star57)
1.478: (turn_to satellite1 star75 star57)
1.127: (take_image satellite0 star52 instrument0 thermograph2)
1.186: (take_image satellite0 star52 instrument0 thermograph2)
1.478: (turn_to satellite1 planet72 planet60)
1.478: (turn_to satellite1 planet81 planet60)
1.480: (turn_to satellite3 planet50 planet78)
1.127: (take_image satellite0 star52 instrument0 thermograph2)
1.186: (take_image satellite0 star52 instrument0 thermograph2)
1.472: (turn_to satellite3 planet81 planet78)
1.480: (turn_to satellite3 phenomenon59 planet78)
1.480: (turn_to satellite3 planet50 planet78)
1.127: (take_image satellite0 star52 instrument0 thermograph2)
1.186: (take_image satellite0 star52 instrument0 thermograph2)
1.478: (turn_to satellite3 planet82 phenomenon59)
1.478: (turn_to satellite3 planet80 phenomenon59)
1.478: (turn_to satellite3 planet77 phenomenon59)
1.127: (take_image satellite0 star52 instrument0 thermograph2)
1.186: (take_image satellite0 star52 instrument0 thermograph2)
1.478: (turn_to satellite1 star75 planet81)
1.478: (turn_to satellite1 planet72 planet81)
1.481: (turn_to satellite1 star68 planet81)
1.097: (take_image satellite0 star52 instrument0 thermograph2)
1.186: (take_image satellite0 star52 instrument0 thermograph2)
1.480: (turn_to satellite3 planet82 planet80)
1.480: (turn_to satellite3 planet50 planet80)
1.480: (turn_to satellite3 planet77 planet80)
1.127: (take_image satellite0 star52 instrument0 thermograph2)
1.186: (take_image satellite0 star52 instrument0 thermograph2)
1.478: (turn_to satellite1 star51 planet72)
1.478: (turn_to satellite1 phenomenon53 planet72)
1.478: (turn_to satellite1 star57 planet72)
1.127: (take_image satellite0 star52 instrument0 thermograph2)
1.186: (take_image satellite0 star52 instrument0 thermograph2)
1.478: (turn_to satellite1 planet58 phenomenon53)
1.478: (turn_to satellite1 star75 phenomenon53)
1.480: (turn_to satellite3 phenomenon59 planet50)
1.127: (take_image satellite0 star52 instrument0 thermograph2)
1.186: (take_image satellite0 star52 instrument0 thermograph2)
1.480: (turn_to satellite3 planet77 planet50)
1.480: (turn_to satellite3 phenomenon59 planet50)
1.481: (turn_to satellite1 star68 star75)
1.097: (take_image satellite0 star52 instrument0 thermograph2)
1.186: (take_image satellite0 star52 instrument0 thermograph2)
1.480: (turn_to satellite1 planet72 star75)
1.480: (turn_to satellite1 star57 star75)
1.480: (turn_to satellite1 star51 star75)
1.127: (take_image satellite0 star52 instrument0 thermograph2)
1.186: (take_image satellite0 star52 instrument0 thermograph2)
1.478: (turn_to satellite3 planet77 phenomenon59)
1.480: (turn_to satellite1 planet60 star57)
1.483: (turn_to satellite1 star68 star57)
1.097: (take_image satellite0 star52 instrument0 thermograph2)
1.186: (take_image satellite0 star52 instrument0 thermograph2)
1.478: (turn_to satellite3 planet77 phenomenon59)
1.483: (turn_to satellite1 phenomenon84 planet60)
1.483: (turn_to satellite1 phenomenon64 planet60)
1.097: (take_image satellite0 star52 instrument0 thermograph2)
1.154: (take_image satellite0 star52 instrument0 thermograph2)
1.483: (turn_to satellite3 planet82 phenomenon59)
1.502: (turn_to satellite3 star68 phenomenon59)
1.502: (turn_to satellite3 planet70 phenomenon59)
1.116: (take_image satellite0 star52 instrument0 thermograph2)
1.186: (take_image satellite0 star52 instrument0 thermograph2)
1.481: (turn_to satellite1 phenomenon59 phenomenon84)
1.481: (turn_to satellite1 planet80 phenomenon84)
1.481: (turn_to satellite1 planet82 phenomenon84)
1.097: (take_image satellite0 star52 instrument0 thermograph2)
1.154: (take_image satellite0 star52 instrument0 thermograph2)
1.483: (turn_to satellite3 planet70 star68)
1.501: (turn_to satellite1 phenomenon61 planet80)
1.501: (turn_to satellite1 phenomenon63 planet80)
1.159: (take_image satellite0 star52 instrument0 thermograph2)
1.251: (take_image satellite0 star52 instrument0 thermograph2)
1.501: (turn_to satellite3 planet70 star68)
1.501: (turn_to satellite3 phenomenon64 star68)
1.504: (turn_to satellite1 planet67 phenomenon61)
1.159: (take_image satellite0 star52 instrument0 thermograph2)
1.251: (take_image satellite0 star52 instrument0 thermograph2)
1.483: (turn_to satellite1 phenomenon59 phenomenon61)
1.483: (turn_to satellite1 planet77 phenomenon61)
1.502: (turn_to satellite1 star68 phenomenon61)
1.116: (take_image satellite0 star52 instrument0 thermograph2)
1.154: (take_image satellite0 star52 instrument0 thermograph2)
1.500: (turn_to satellite1 planet70 planet77)
1.501: (turn_to satellite1 planet74 planet77)
1.501: (turn_to satellite1 planet67 planet77)
1.159: (take_image satellite0 star52 instrument0 thermograph2)
1.251: (take_image satellite0 star52 instrument0 thermograph2)
1.501: (turn_to satellite3 planet70 phenomenon64)
1.501: (turn_to satellite3 phenomenon84 phenomenon64)
1.528: (turn_to satellite3 planet58 phenomenon64)
1.191: (take_image satellite0 star52 instrument0 thermograph2)
1.251: (take_image satellite0 star52 instrument0 thermograph2)
1.483: (turn_to satellite1 planet50 planet74)
1.483: (turn_to satellite1 phenomenon59 planet74)
1.483: (turn_to satellite1 planet78 planet74)
1.097: (take_image satellite0 star52 instrument0 thermograph2)
1.154: (take_image satellite0 star52 instrument0 thermograph2)
1.483: (turn_to satellite1 planet82 phenomenon59)
1.500: (turn_to satellite3 planet81 phenomenon84)
1.500: (turn_to satellite3 star75 phenomenon84)
1.127: (take_image satellite0 star52 instrument0 thermograph2)
1.185: (take_image satellite0 star52 instrument0 thermograph2)
1.500: (turn_to satellite1 planet50 phenomenon59)
1.500: (turn_to satellite1 planet82 phenomenon59)
1.500: (turn_to satellite1 planet80 phenomenon59)
1.127: (take_image satellite0 star52 instrument0 thermograph2)
1.185: (take_image satellite0 star52 instrument0 thermograph2)
1.500: (turn_to satellite1 planet77 planet82)
1.500: (turn_to satellite1 planet78 planet82)
1.503: (turn_to satellite3 planet72 planet81)
1.127: (take_image satellite0 star52 instrument0 thermograph2)
1.185: (take_image satellite0 star52 instrument0 thermograph2)
1.503: (turn_to satellite3 star75 planet81)
1.503: (turn_to satellite3 planet72 planet81)
1.503: (turn_to satellite3 planet60 planet81)
1.127: (take_image satellite0 star52 instrument0 thermograph2)
1.185: (take_image satellite0 star52 instrument0 thermograph2)
1.503: (turn_to satellite1 planet80 planet78)
1.503: (turn_to satellite1 planet77 planet78)
1.503: (turn_to satellite1 planet50 planet78)
1.127: (take_image satellite0 star52 instrument0 thermograph2)
1.185: (take_image satellite0 star52 instrument0 thermograph2)
1.500: (turn_to satellite3 star75 planet72)
1.503: (turn_to satellite1 phenomenon59 planet77)
1.503: (turn_to satellite3 star51 planet72)
1.127: (take_image satellite0 star52 instrument0 thermograph2)
1.185: (take_image satellite0 star52 instrument0 thermograph2)
1.503: (turn_to satellite3 planet60 planet72)
1.503: (turn_to satellite3 star57 planet72)
1.503: (turn_to satellite3 planet58 planet72)
1.127: (take_image satellite0 star52 instrument0 thermograph2)
1.185: (take_image satellite0 star52 instrument0 thermograph2)
1.462: (turn_to satellite1 star68 phenomenon59)
1.462: (turn_to satellite1 planet70 phenomenon59)
1.500: (turn_to satellite1 planet50 phenomenon59)
1.127: (take_image satellite0 star52 instrument0 thermograph2)
1.190: (take_image satellite0 star52 instrument0 thermograph2)
1.483: (turn_to satellite3 planet78 star57)
1.483: (turn_to satellite3 planet50 star57)
1.500: (turn_to satellite1 planet77 planet70)
1.127: (take_image satellite0 star52 instrument0 thermograph2)
1.154: (take_image satellite0 star52 instrument0 thermograph2)
1.504: (turn_to satellite3 planet79 planet50)
1.504: (turn_to satellite3 planet67 planet50)
1.504: (turn_to satellite3 phenomenon63 planet50)
1.160: (take_image satellite0 star52 instrument0 thermograph2)
1.252: (take_image satellite0 star52 instrument0 thermograph2)
1.481: (switch_off instrument8 satellite2)
1.500: (turn_to satellite1 phenomenon64 planet70)
1.500: (turn_to satellite1 phenomenon84 planet70)
1.160: (take_image satellite0 star52 instrument0 thermograph2)
1.252: (take_image satellite0 star52 instrument0 thermograph2)
1.481: (switch_off instrument8 satellite2)
1.501: (turn_to satellite1 star68 phenomenon64)
1.502: (turn_to satellite1 planet60 phenomenon64)
1.191: (take_image satellite0 star52 instrument0 thermograph2)
1.252: (take_image satellite0 star52 instrument0 thermograph2)
1.481: (switch_off instrument8 satellite2)
1.483: (turn_to satellite3 planet78 planet67)
1.502: (turn_to satellite1 star57 star68)
1.154: (take_image satellite0 star52 instrument0 thermograph2)
1.191: (take_image satellite0 star52 instrument0 thermograph2)
1.502: (turn_to satellite3 phenomenon84 planet78)
1.504: (turn_to satellite3 planet79 planet78)
1.504: (turn_to satellite3 planet74 planet78)
1.160: (take_image satellite0 star52 instrument0 thermograph2)
1.252: (take_image satellite0 star52 instrument0 thermograph2)
1.481: (switch_off instrument8 satellite2)
1.504: (turn_to satellite1 phenomenon64 star68)
1.504: (turn_to satellite1 phenomenon84 star68)
1.160: (take_image satellite0 star52 instrument0 thermograph2)
1.252: (take_image satellite0 star52 instrument0 thermograph2)
1.481: (switch_off instrument8 satellite2)
1.500: (turn_to satellite3 planet70 planet79)
1.500: (turn_to satellite3 phenomenon84 planet79)
1.116: (take_image satellite0 star52 instrument0 thermograph2)
1.186: (take_image satellite0 star52 instrument0 thermograph2)
1.481: (turn_to satellite1 planet50 phenomenon64)
1.504: (turn_to satellite3 phenomenon54 planet70)
1.504: (turn_to satellite3 phenomenon61 planet70)
1.160: (take_image satellite0 star52 instrument0 thermograph2)
1.252: (take_image satellite0 star52 instrument0 thermograph2)
1.500: (turn_to satellite1 phenomenon84 phenomenon64)
1.502: (turn_to satellite1 planet81 phenomenon64)
1.502: (turn_to satellite1 star75 phenomenon64)
1.191: (take_image satellite0 star52 instrument0 thermograph2)
1.284: (take_image satellite0 star52 instrument0 thermograph2)
1.502: (turn_to satellite3 planet74 phenomenon54)
1.502: (turn_to satellite3 planet79 phenomenon54)
1.502: (turn_to satellite3 planet67 phenomenon54)
1.191: (take_image satellite0 star52 instrument0 thermograph2)
1.284: (take_image satellite0 star52 instrument0 thermograph2)
1.505: (turn_to satellite1 planet60 planet81)
1.505: (turn_to satellite1 star51 planet81)
1.505: (turn_to satellite1 phenomenon53 planet81)
1.191: (take_image satellite0 star52 instrument0 thermograph2)
1.284: (take_image satellite0 star52 instrument0 thermograph2)
1.478: (turn_to satellite3 planet82 planet79)
1.478: (turn_to satellite3 planet77 planet79)
1.484: (turn_to satellite3 star51 planet79)
1.096: (take_image satellite0 star52 instrument0 thermograph2)
1.186: (take_image satellite0 star52 instrument0 thermograph2)
1.478: (turn_to satellite1 planet58 star51)
1.489: (switch_on instrument11 satellite3)
1.499: (switch_off instrument8 satellite2)
1.016: (take_image satellite0 star52 instrument0 thermograph2)
1.258: (take_image satellite0 star52 instrument0 thermograph2)
1.532: (switch_on instrument11 satellite3)
1.585: (switch_off instrument14 satellite4)
1.591: (take_image satellite0 star52 instrument0 image0)
1.019: (take_image satellite0 star52 instrument0 thermograph2)
1.206: (take_image satellite0 star52 instrument0 thermograph2)
1.462: (turn_to satellite3 phenomenon62 planet77)
1.564: (turn_to satellite1 phenomenon62 star51)
1.587: (switch_on instrument8 satellite2)
1.008: (take_image satellite0 star52 instrument0 thermograph2)
1.180: (take_image satellite0 star52 instrument0 thermograph2)
1.496: (turn_to satellite3 phenomenon62 planet77)
1.527: (turn_to satellite3 planet81 planet77)
1.527: (turn_to satellite3 star57 planet77)
1.049: (take_image satellite0 star52 instrument0 thermograph2)
1.105: (take_image satellite0 star52 instrument0 thermograph2)
1.280: (switch_on instrument14 satellite4)
1.473: (switch_on instrument11 satellite3)
1.527: (turn_to satellite3 planet72 planet81)
1.049: (take_image satellite0 star52 instrument0 thermograph2)
1.102: (take_image satellite0 star52 instrument0 thermograph2)
1.280: (switch_on instrument14 satellite4)
1.436: (turn_to satellite3 phenomenon59 star57)
1.436: (turn_to satellite3 planet77 star57)
0.919: (take_image satellite0 star52 instrument0 thermograph2)
1.007: (take_image satellite0 star52 instrument0 thermograph2)
1.151: (switch_on instrument14 satellite4)
1.438: (turn_to satellite3 planet82 phenomenon59)
1.438: (turn_to satellite3 planet78 phenomenon59)
0.919: (take_image satellite0 star52 instrument0 thermograph2)
1.007: (take_image satellite0 star52 instrument0 thermograph2)
1.151: (switch_on instrument14 satellite4)
1.436: (turn_to satellite3 planet80 planet82)
1.438: (turn_to satellite3 planet50 planet82)
0.919: (take_image satellite0 star52 instrument0 thermograph2)
1.007: (take_image satellite0 star52 instrument0 thermograph2)
1.151: (switch_on instrument14 satellite4)
1.466: (turn_to satellite3 star68 planet80)
1.466: (turn_to satellite3 phenomenon84 planet80)
0.933: (take_image satellite0 star52 instrument0 thermograph2)
1.101: (take_image satellite0 star52 instrument0 thermograph2)
1.190: (switch_on instrument14 satellite4)
1.458: (turn_to satellite3 star30 phenomenon84)
1.469: (turn_to satellite3 phenomenon64 star68)
0.933: (take_image satellite0 star52 instrument0 thermograph2)
1.190: (switch_on instrument14 satellite4)
1.466: (turn_to satellite3 planet70 star30)
1.473: (turn_to satellite3 planet60 star30)
1.473: (turn_to satellite3 planet72 star30)
0.977: (take_image satellite0 star52 instrument0 thermograph2)
1.074: (take_image satellite0 star52 instrument0 thermograph2)
1.271: (switch_on instrument14 satellite4)
1.428: (turn_to satellite3 phenomenon53 planet72)
1.428: (turn_to satellite3 star51 planet72)
0.977: (take_image satellite0 star52 instrument0 thermograph2)
1.074: (take_image satellite0 star52 instrument0 thermograph2)
1.268: (switch_on instrument14 satellite4)
1.473: (turn_to satellite3 star75 phenomenon53)
1.473: (turn_to satellite3 planet81 phenomenon53)
0.977: (take_image satellite0 star52 instrument0 thermograph2)
1.074: (take_image satellite0 star52 instrument0 thermograph2)
1.268: (switch_on instrument14 satellite4)
1.446: (turn_to satellite3 planet58 star75)
1.460: (turn_to satellite3 phenomenon54 star75)
0.974: (take_image satellite0 star52 instrument0 thermograph2)
1.074: (take_image satellite0 star52 instrument0 thermograph2)
1.241: (switch_on instrument14 satellite4)
1.487: (turn_to satellite3 planet67 planet58)
1.487: (turn_to satellite3 phenomenon63 planet58)
0.974: (take_image satellite0 star52 instrument0 thermograph2)
1.082: (take_image satellite0 star52 instrument0 thermograph2)
1.242: (switch_on instrument14 satellite4)
1.487: (turn_to satellite3 planet79 planet67)
1.487: (turn_to satellite3 planet74 planet67)
0.974: (take_image satellite0 star52 instrument0 thermograph2)
1.082: (take_image satellite0 star52 instrument0 thermograph2)
1.242: (switch_on instrument14 satellite4)
1.460: (turn_to satellite3 phenomenon61 planet79)
1.510: (turn_to satellite3 phenomenon62 planet79)
0.922: (take_image satellite0 star52 instrument0 thermograph2)
1.082: (take_image satellite0 star52 instrument0 thermograph2)
1.300: (switch_on instrument14 satellite4)
1.499: (turn_to satellite3 groundstation44 phenomenon62)
1.499: (turn_to satellite3 star19 phenomenon62)
0.971: (take_image satellite0 star52 instrument0 thermograph2)
1.071: (take_image satellite0 star52 instrument0 thermograph2)
1.284: (switch_on instrument14 satellite4)
1.538: (turn_to satellite3 star9 groundstation44)
1.545: (turn_to satellite3 phenomenon65 groundstation44)
0.950: (take_image satellite0 star52 instrument0 thermograph2)
1.286: (switch_on instrument14 satellite4)
1.532: (turn_to satellite3 groundstation49 phenomenon65)
1.536: (turn_to satellite3 star5 phenomenon65)
1.548: (turn_to satellite3 star71 star9)
0.950: (take_image satellite0 star52 instrument0 thermograph2)
1.287: (switch_on instrument14 satellite4)
1.357: (take_image satellite0 star52 instrument0 thermograph2)
1.524: (turn_to satellite3 star56 star5)
1.524: (turn_to satellite3 planet55 star5)
0.950: (take_image satellite0 star52 instrument0 thermograph2)
1.089: (take_image satellite0 star52 instrument0 thermograph2)
1.286: (switch_on instrument14 satellite4)
1.449: (turn_to satellite0 groundstation32 star52)
[Final] Expanded: 1335, Generated: 590514
Found a solution of length 268!
   1: (switch_on instrument14 satellite4)
   2: (turn_to satellite4 groundstation7 phenomenon63)
   3: (calibrate satellite4 instrument14 groundstation7)
   4: (switch_on instrument0 satellite0)
   5: (turn_to satellite0 star12 groundstation25)
   6: (calibrate satellite0 instrument0 star12)
   7: (turn_to satellite0 phenomenon84 star12)
   8: (turn_to satellite2 star5 star51)
   9: (turn_to satellite4 planet67 groundstation7)
  10: (turn_to satellite4 planet78 planet67)
  11: (take_image satellite4 planet78 instrument14 thermograph4)
  12: (turn_to satellite4 star71 planet78)
  13: (turn_to satellite1 groundstation49 groundstation1)
  14: (take_image satellite4 star71 instrument14 image0)
  15: (turn_to satellite4 star52 star71)
  16: (turn_to satellite3 groundstation3 phenomenon69)
  17: (turn_to satellite4 planet55 star52)
  18: (take_image satellite4 planet55 instrument14 image0)
  19: (turn_to satellite4 phenomenon73 planet55)
  20: (take_image satellite4 phenomenon73 instrument14 image0)
  21: (turn_to satellite4 phenomenon59 phenomenon73)
  22: (take_image satellite4 phenomenon59 instrument14 thermograph4)
  23: (turn_to satellite4 planet82 phenomenon59)
  24: (take_image satellite4 planet82 instrument14 thermograph4)
  25: (turn_to satellite4 planet80 planet82)
  26: (take_image satellite4 planet80 instrument14 thermograph4)
  27: (turn_to satellite4 planet50 planet80)
  28: (take_image satellite4 planet50 instrument14 thermograph4)
  29: (turn_to satellite4 planet77 planet50)
  30: (take_image satellite4 planet77 instrument14 thermograph4)
  31: (turn_to satellite4 phenomenon64 planet77)
  32: (take_image satellite4 phenomenon64 instrument14 infrared3)
  33: (turn_to satellite4 planet72 phenomenon64)
  34: (turn_to satellite4 phenomenon69 planet72)
  35: (take_image satellite4 phenomenon69 instrument14 image0)
  36: (turn_to satellite4 planet58 phenomenon69)
  37: (turn_to satellite4 star68 planet58)
  38: (take_image satellite4 star68 instrument14 infrared3)
  39: (turn_to satellite4 planet70 star68)
  40: (take_image satellite4 planet70 instrument14 infrared3)
  41: (turn_to satellite4 planet67 planet70)
  42: (turn_to satellite4 planet76 planet67)
  43: (take_image satellite4 planet76 instrument14 image0)
  44: (turn_to satellite4 star57 planet76)
  45: (turn_to satellite4 phenomenon65 star57)
  46: (take_image satellite4 phenomenon65 instrument14 image0)
  47: (turn_to satellite4 star52 phenomenon65)
  48: (turn_to satellite3 planet55 groundstation3)
  49: (turn_to satellite3 star0 planet55)
  50: (turn_to satellite0 planet81 phenomenon84)
  51: (take_image satellite0 planet81 instrument0 thermograph2)
  52: (turn_to satellite0 phenomenon54 planet81)
  53: (take_image satellite0 phenomenon54 instrument0 thermograph1)
  54: (turn_to satellite0 star57 phenomenon54)
  55: (take_image satellite0 star57 instrument0 thermograph2)
  56: (turn_to satellite0 star56 star57)
  57: (take_image satellite0 star56 instrument0 image0)
  58: (turn_to satellite0 planet66 star56)
  59: (take_image satellite0 planet66 instrument0 image0)
  60: (turn_to satellite0 planet74 planet66)
  61: (take_image satellite0 planet74 instrument0 thermograph1)
  62: (turn_to satellite0 planet79 planet74)
  63: (take_image satellite0 planet79 instrument0 thermograph1)
  64: (turn_to satellite0 planet67 planet79)
  65: (turn_to satellite3 groundstation7 star0)
  66: (take_image satellite0 planet67 instrument0 thermograph1)
  67: (turn_to satellite0 phenomenon83 planet67)
  68: (take_image satellite0 phenomenon83 instrument0 image0)
  69: (turn_to satellite0 star75 phenomenon83)
  70: (take_image satellite0 star75 instrument0 thermograph2)
  71: (turn_to satellite0 phenomenon61 star75)
  72: (turn_to satellite3 phenomenon63 groundstation7)
  73: (switch_on instrument9 satellite3)
  74: (take_image satellite0 phenomenon61 instrument0 thermograph1)
  75: (turn_to satellite0 planet60 phenomenon61)
  76: (take_image satellite0 planet60 instrument0 thermograph2)
  77: (turn_to satellite0 star51 planet60)
  78: (turn_to satellite4 phenomenon84 star52)
  79: (take_image satellite0 star51 instrument0 thermograph2)
  80: (turn_to satellite0 planet72 star51)
  81: (take_image satellite4 phenomenon84 instrument14 infrared3)
  82: (turn_to satellite4 phenomenon62 phenomenon84)
  83: (take_image satellite0 planet72 instrument0 thermograph2)
  84: (turn_to satellite0 phenomenon53 planet72)
  85: (take_image satellite0 phenomenon53 instrument0 thermograph2)
  86: (take_image satellite4 phenomenon62 instrument14 thermograph4)
  87: (turn_to satellite1 phenomenon53 groundstation49)
  88: (turn_to satellite0 planet67 phenomenon53)
  89: (turn_to satellite0 planet74 planet67)
  90: (turn_to satellite1 planet70 phenomenon53)
  91: (turn_to satellite0 planet67 planet74)
  92: (turn_to satellite0 planet81 planet67)
  93: (turn_to satellite0 planet72 planet81)
  94: (turn_to satellite3 star52 phenomenon63)
  95: (turn_to satellite0 phenomenon63 planet72)
  96: (take_image satellite0 phenomenon63 instrument0 thermograph1)
  97: (turn_to satellite0 planet58 phenomenon63)
  98: (take_image satellite0 planet58 instrument0 thermograph2)
  99: (turn_to satellite0 star52 planet58)
 100: (turn_to satellite3 planet67 star52)
 101: (switch_off instrument9 satellite3)
 102: (turn_to satellite3 planet70 planet67)
 103: (turn_to satellite1 planet82 planet70)
 104: (turn_to satellite3 phenomenon64 planet70)
 105: (switch_on instrument8 satellite2)
 106: (take_image satellite4 phenomenon62 instrument14 image0)
 107: (turn_to satellite1 phenomenon64 planet82)
 108: (take_image satellite4 phenomenon62 instrument14 infrared3)
 109: (turn_to satellite1 planet50 phenomenon64)
 110: (take_image satellite0 star52 instrument0 thermograph1)
 111: (turn_to satellite1 planet81 planet50)
 112: (turn_to satellite3 planet70 phenomenon64)
 113: (turn_to satellite1 planet60 planet81)
 114: (turn_to satellite3 star68 planet70)
 115: (turn_to satellite1 planet72 planet60)
 116: (turn_to satellite3 planet70 star68)
 117: (turn_to satellite1 phenomenon53 planet72)
 118: (turn_to satellite3 star68 planet70)
 119: (turn_to satellite1 star51 phenomenon53)
 120: (switch_off instrument8 satellite2)
 121: (turn_to satellite1 planet72 star51)
 122: (turn_to satellite3 phenomenon64 star68)
 123: (turn_to satellite1 phenomenon53 planet72)
 124: (turn_to satellite3 phenomenon84 phenomenon64)
 125: (turn_to satellite3 planet70 phenomenon84)
 126: (turn_to satellite1 planet70 phenomenon53)
 127: (turn_to satellite1 star57 planet70)
 128: (turn_to satellite3 star68 planet70)
 129: (turn_to satellite1 planet58 star57)
 130: (turn_to satellite3 phenomenon64 star68)
 131: (turn_to satellite1 planet60 planet58)
 132: (turn_to satellite3 planet70 phenomenon64)
 133: (turn_to satellite1 phenomenon62 planet60)
 134: (turn_to satellite1 phenomenon84 phenomenon62)
 135: (turn_to satellite3 phenomenon62 planet70)
 136: (turn_to satellite1 planet70 phenomenon84)
 137: (turn_to satellite1 phenomenon64 planet70)
 138: (turn_to satellite3 planet78 phenomenon62)
 139: (turn_to satellite1 planet70 phenomenon64)
 140: (turn_to satellite1 star68 planet70)
 141: (turn_to satellite3 phenomenon59 planet78)
 142: (turn_to satellite1 phenomenon84 star68)
 143: (turn_to satellite1 phenomenon64 phenomenon84)
 144: (turn_to satellite3 planet80 phenomenon59)
 145: (turn_to satellite1 phenomenon84 phenomenon64)
 146: (turn_to satellite1 star68 phenomenon84)
 147: (turn_to satellite3 planet50 planet80)
 148: (turn_to satellite1 planet70 star68)
 149: (turn_to satellite3 phenomenon64 planet50)
 150: (turn_to satellite1 phenomenon59 planet70)
 151: (turn_to satellite3 star68 phenomenon64)
 152: (turn_to satellite1 planet82 phenomenon59)
 153: (turn_to satellite1 planet80 planet82)
 154: (turn_to satellite3 planet70 star68)
 155: (turn_to satellite3 phenomenon64 planet70)
 156: (turn_to satellite1 planet77 planet80)
 157: (turn_to satellite1 planet82 planet77)
 158: (turn_to satellite3 phenomenon84 phenomenon64)
 159: (turn_to satellite1 star51 planet82)
 160: (turn_to satellite1 phenomenon62 star51)
 161: (turn_to satellite1 planet78 phenomenon62)
 162: (turn_to satellite1 star68 planet78)
 163: (turn_to satellite3 phenomenon64 phenomenon84)
 164: (turn_to satellite1 planet67 star68)
 165: (turn_to satellite3 star68 phenomenon64)
 166: (turn_to satellite1 phenomenon84 planet67)
 167: (turn_to satellite3 planet82 star68)
 168: (turn_to satellite3 phenomenon54 planet82)
 169: (turn_to satellite1 planet70 phenomenon84)
 170: (turn_to satellite1 phenomenon64 planet70)
 171: (turn_to satellite3 planet70 phenomenon54)
 172: (turn_to satellite1 phenomenon61 phenomenon64)
 173: (turn_to satellite3 star68 planet70)
 174: (turn_to satellite3 phenomenon64 star68)
 175: (turn_to satellite1 planet74 phenomenon61)
 176: (turn_to satellite3 phenomenon84 phenomenon64)
 177: (turn_to satellite3 planet70 phenomenon84)
 178: (turn_to satellite1 phenomenon54 planet74)
 179: (turn_to satellite3 phenomenon54 planet70)
 180: (switch_on instrument8 satellite2)
 181: (turn_to satellite3 phenomenon64 phenomenon54)
 182: (turn_to satellite1 phenomenon64 phenomenon54)
 183: (turn_to satellite3 planet81 phenomenon64)
 184: (turn_to satellite1 star68 phenomenon64)
 185: (turn_to satellite3 star75 planet81)
 186: (turn_to satellite1 phenomenon84 star68)
 187: (turn_to satellite3 phenomenon84 star75)
 188: (turn_to satellite1 star57 phenomenon84)
 189: (turn_to satellite3 planet82 phenomenon84)
 190: (turn_to satellite1 planet60 star57)
 191: (turn_to satellite3 planet60 planet82)
 192: (turn_to satellite1 phenomenon64 planet60)
 193: (turn_to satellite3 phenomenon53 planet60)
 194: (turn_to satellite1 planet70 phenomenon64)
 195: (turn_to satellite3 planet72 phenomenon53)
 196: (turn_to satellite1 phenomenon64 planet70)
 197: (turn_to satellite3 planet80 planet72)
 198: (turn_to satellite1 planet58 phenomenon64)
 199: (turn_to satellite3 planet58 planet80)
 200: (turn_to satellite1 phenomenon84 planet58)
 201: (turn_to satellite3 phenomenon62 planet58)
 202: (turn_to satellite1 star75 phenomenon84)
 203: (turn_to satellite1 phenomenon53 star75)
 204: (turn_to satellite3 planet78 phenomenon62)
 205: (turn_to satellite1 star57 phenomenon53)
 206: (turn_to satellite1 planet60 star57)
 207: (turn_to satellite1 planet81 planet60)
 208: (turn_to satellite3 phenomenon59 planet78)
 209: (turn_to satellite3 planet80 phenomenon59)
 210: (turn_to satellite1 planet72 planet81)
 211: (turn_to satellite3 planet50 planet80)
 212: (turn_to satellite1 phenomenon53 planet72)
 213: (turn_to satellite1 star75 phenomenon53)
 214: (turn_to satellite3 phenomenon59 planet50)
 215: (turn_to satellite1 star57 star75)
 216: (turn_to satellite1 planet60 star57)
 217: (turn_to satellite1 phenomenon84 planet60)
 218: (turn_to satellite3 star68 phenomenon59)
 219: (turn_to satellite1 planet80 phenomenon84)
 220: (turn_to satellite1 phenomenon61 planet80)
 221: (turn_to satellite3 phenomenon64 star68)
 222: (turn_to satellite1 planet77 phenomenon61)
 223: (turn_to satellite1 planet74 planet77)
 224: (turn_to satellite3 phenomenon84 phenomenon64)
 225: (turn_to satellite1 phenomenon59 planet74)
 226: (turn_to satellite3 planet81 phenomenon84)
 227: (turn_to satellite1 planet82 phenomenon59)
 228: (turn_to satellite1 planet78 planet82)
 229: (turn_to satellite3 planet72 planet81)
 230: (turn_to satellite1 planet77 planet78)
 231: (turn_to satellite1 phenomenon59 planet77)
 232: (turn_to satellite3 star57 planet72)
 233: (turn_to satellite1 planet70 phenomenon59)
 234: (turn_to satellite3 planet50 star57)
 235: (turn_to satellite3 planet67 planet50)
 236: (turn_to satellite1 phenomenon64 planet70)
 237: (turn_to satellite1 star68 phenomenon64)
 238: (turn_to satellite3 planet78 planet67)
 239: (turn_to satellite3 planet79 planet78)
 240: (turn_to satellite1 phenomenon64 star68)
 241: (turn_to satellite3 planet70 planet79)
 242: (turn_to satellite3 phenomenon54 planet70)
 243: (turn_to satellite1 planet81 phenomenon64)
 244: (turn_to satellite3 planet79 phenomenon54)
 245: (turn_to satellite1 star51 planet81)
 246: (turn_to satellite3 planet77 planet79)
 247: (switch_off instrument8 satellite2)
 248: (switch_off instrument14 satellite4)
 249: (turn_to satellite1 phenomenon62 star51)
 250: (turn_to satellite3 star57 planet77)
 251: (switch_on instrument11 satellite3)
 252: (turn_to satellite3 phenomenon59 star57)
 253: (turn_to satellite3 planet82 phenomenon59)
 254: (turn_to satellite3 planet80 planet82)
 255: (turn_to satellite3 phenomenon84 planet80)
 256: (turn_to satellite3 star30 phenomenon84)
 257: (turn_to satellite3 planet72 star30)
 258: (turn_to satellite3 phenomenon53 planet72)
 259: (turn_to satellite3 star75 phenomenon53)
 260: (turn_to satellite3 planet58 star75)
 261: (turn_to satellite3 planet67 planet58)
 262: (turn_to satellite3 planet79 planet67)
 263: (turn_to satellite3 phenomenon62 planet79)
 264: (turn_to satellite3 groundstation44 phenomenon62)
 265: (turn_to satellite3 phenomenon65 groundstation44)
 266: (turn_to satellite3 star5 phenomenon65)
 267: (take_image satellite0 star52 instrument0 thermograph2)
 268: (turn_to satellite0 groundstation32 star52)
