/u/ibrahim.eisawy/Neural-Guided-Search/venv/lib/python3.10/site-packages/pymimir_rgnn/model.py:151: UserWarning: index_reduce() is in beta and the API may change at any time. (Triggered internally at /pytorch/aten/src/ATen/native/cuda/Indexing.cu:1541.)
  max_msg.index_reduce_(0, output_indices, output_messages, reduce='amax', include_self=True)
Torch: 2.12.0+cu130
Loading model... (models/satellite_supervised.pth)
Using GPU:  NVIDIA L40S
[f=19.362] Expanded: 0, Generated: 0
[Final] Expanded: 517, Generated: 9855
Found a solution of length 14!
   1: (switch_on instrument0 satellite0)
   2: (turn_to satellite0 star3 star6)
   3: (calibrate satellite0 instrument0 star3)
   4: (turn_to satellite0 phenomenon12 star3)
   5: (take_image satellite0 phenomenon12 instrument0 thermograph2)
   6: (turn_to satellite0 planet10 phenomenon12)
   7: (take_image satellite0 planet10 instrument0 thermograph2)
   8: (turn_to satellite0 star14 planet10)
   9: (take_image satellite0 star14 instrument0 image1)
  10: (turn_to satellite0 star13 star14)
  11: (take_image satellite0 star13 instrument0 image1)
  12: (turn_to satellite0 planet11 star13)
  13: (take_image satellite0 planet11 instrument0 thermograph0)
  14: (turn_to satellite0 star7 planet11)
